[2026-03-28T20:35:13.393+0000] {local_task_job_runner.py:123} INFO - ::group::Pre task execution logs
[2026-03-28T20:35:13.400+0000] {taskinstance.py:2612} INFO - Dependencies all met for dep_context=non-requeueable deps ti=<TaskInstance: ml_training_pipeline_v2.promote_model manual__2026-03-28T20:29:54.372333+00:00 [queued]>
[2026-03-28T20:35:13.406+0000] {taskinstance.py:2612} INFO - Dependencies all met for dep_context=requeueable deps ti=<TaskInstance: ml_training_pipeline_v2.promote_model manual__2026-03-28T20:29:54.372333+00:00 [queued]>
[2026-03-28T20:35:13.406+0000] {taskinstance.py:2865} INFO - Starting attempt 1 of 2
[2026-03-28T20:35:13.417+0000] {taskinstance.py:2888} INFO - Executing <Task(PythonOperator): promote_model> on 2026-03-28 20:29:54.372333+00:00
[2026-03-28T20:35:13.423+0000] {standard_task_runner.py:72} INFO - Started process 16140 to run task
[2026-03-28T20:35:13.425+0000] {standard_task_runner.py:104} INFO - Running: ['airflow', 'tasks', 'run', 'ml_training_pipeline_v2', 'promote_model', 'manual__2026-03-28T20:29:54.372333+00:00', '--job-id', '22', '--raw', '--subdir', 'DAGS_FOLDER/ml_pipeline_dag.py', '--cfg-path', '/tmp/tmprorltnov']
[2026-03-28T20:35:13.426+0000] {standard_task_runner.py:105} INFO - Job 22: Subtask promote_model
[2026-03-28T20:35:13.455+0000] {task_command.py:467} INFO - Running <TaskInstance: ml_training_pipeline_v2.promote_model manual__2026-03-28T20:29:54.372333+00:00 [running]> on host ip-172-31-28-134.ec2.internal
[2026-03-28T20:35:13.502+0000] {taskinstance.py:3131} INFO - Exporting env vars: AIRFLOW_CTX_DAG_OWNER='airflow' AIRFLOW_CTX_DAG_ID='ml_training_pipeline_v2' AIRFLOW_CTX_TASK_ID='promote_model' AIRFLOW_CTX_EXECUTION_DATE='2026-03-28T20:29:54.372333+00:00' AIRFLOW_CTX_TRY_NUMBER='1' AIRFLOW_CTX_DAG_RUN_ID='manual__2026-03-28T20:29:54.372333+00:00'
[2026-03-28T20:35:13.502+0000] {logging_mixin.py:190} INFO - Task instance is in running state
[2026-03-28T20:35:13.503+0000] {logging_mixin.py:190} INFO -  Previous state of the Task instance: queued
[2026-03-28T20:35:13.503+0000] {logging_mixin.py:190} INFO - Current task name:promote_model state:running start_date:2026-03-28 20:35:13.400322+00:00
[2026-03-28T20:35:13.503+0000] {logging_mixin.py:190} INFO - Dag name:ml_training_pipeline_v2 and current dag run status:running
[2026-03-28T20:35:13.503+0000] {taskinstance.py:731} INFO - ::endgroup::
[2026-03-28T20:35:13.503+0000] {logging_mixin.py:190} INFO - [ml_pipeline.model] Promoting models/cancer_model.pkl to models/production/cancer_model.pkl...
[2026-03-28T20:35:13.504+0000] {logging_mixin.py:190} INFO - [ml_pipeline.model] Successfully promoted model.
[2026-03-28T20:35:13.504+0000] {python.py:240} INFO - Done. Returned value was: True
[2026-03-28T20:35:13.518+0000] {taskinstance.py:340} INFO - ::group::Post task execution logs
[2026-03-28T20:35:13.518+0000] {taskinstance.py:352} INFO - Marking task as SUCCESS. dag_id=ml_training_pipeline_v2, task_id=promote_model, run_id=manual__2026-03-28T20:29:54.372333+00:00, execution_date=20260328T202954, start_date=20260328T203513, end_date=20260328T203513
[2026-03-28T20:35:13.527+0000] {logging_mixin.py:190} INFO - Task instance in success state
[2026-03-28T20:35:13.527+0000] {logging_mixin.py:190} INFO -  Previous state of the Task instance: running
[2026-03-28T20:35:13.527+0000] {logging_mixin.py:190} INFO - Dag name:ml_training_pipeline_v2 queued_at:2026-03-28 20:29:54.389704+00:00
[2026-03-28T20:35:13.527+0000] {logging_mixin.py:190} INFO - Task hostname:ip-172-31-28-134.ec2.internal operator:PythonOperator
[2026-03-28T20:35:13.533+0000] {local_task_job_runner.py:266} INFO - Task exited with return code 0
[2026-03-28T20:35:13.542+0000] {taskinstance.py:3900} INFO - 0 downstream tasks scheduled from follow-on schedule check
[2026-03-28T20:35:13.542+0000] {local_task_job_runner.py:245} INFO - ::endgroup::
