[2026-05-09T18:55:14.888+0000] {processor.py:186} INFO - Started process (PID=19055) to work on /home/ec2-user/environment/lab4_model_training/venv/lib64/python3.12/site-packages/airflow/example_dags/plugins/event_listener.py
[2026-05-09T18:55:14.888+0000] {processor.py:914} INFO - Processing file /home/ec2-user/environment/lab4_model_training/venv/lib64/python3.12/site-packages/airflow/example_dags/plugins/event_listener.py for tasks to queue
[2026-05-09T18:55:14.890+0000] {logging_mixin.py:190} INFO - [2026-05-09T18:55:14.890+0000] {dagbag.py:588} INFO - Filling up the DagBag from /home/ec2-user/environment/lab4_model_training/venv/lib64/python3.12/site-packages/airflow/example_dags/plugins/event_listener.py
[2026-05-09T18:55:14.892+0000] {processor.py:927} WARNING - No viable dags retrieved from /home/ec2-user/environment/lab4_model_training/venv/lib64/python3.12/site-packages/airflow/example_dags/plugins/event_listener.py
[2026-05-09T18:55:14.902+0000] {processor.py:208} INFO - Processing /home/ec2-user/environment/lab4_model_training/venv/lib64/python3.12/site-packages/airflow/example_dags/plugins/event_listener.py took 0.020 seconds
[2026-05-09T18:56:19.329+0000] {processor.py:186} INFO - Started process (PID=19474) to work on /home/ec2-user/environment/lab4_model_training/venv/lib64/python3.12/site-packages/airflow/example_dags/plugins/event_listener.py
[2026-05-09T18:56:19.330+0000] {processor.py:914} INFO - Processing file /home/ec2-user/environment/lab4_model_training/venv/lib64/python3.12/site-packages/airflow/example_dags/plugins/event_listener.py for tasks to queue
[2026-05-09T18:56:19.332+0000] {logging_mixin.py:190} INFO - [2026-05-09T18:56:19.331+0000] {dagbag.py:588} INFO - Filling up the DagBag from /home/ec2-user/environment/lab4_model_training/venv/lib64/python3.12/site-packages/airflow/example_dags/plugins/event_listener.py
[2026-05-09T18:56:19.334+0000] {processor.py:927} WARNING - No viable dags retrieved from /home/ec2-user/environment/lab4_model_training/venv/lib64/python3.12/site-packages/airflow/example_dags/plugins/event_listener.py
[2026-05-09T18:56:19.342+0000] {processor.py:208} INFO - Processing /home/ec2-user/environment/lab4_model_training/venv/lib64/python3.12/site-packages/airflow/example_dags/plugins/event_listener.py took 0.017 seconds
[2026-05-09T18:57:27.215+0000] {processor.py:186} INFO - Started process (PID=19857) to work on /home/ec2-user/environment/lab4_model_training/venv/lib64/python3.12/site-packages/airflow/example_dags/plugins/event_listener.py
[2026-05-09T18:57:27.217+0000] {processor.py:914} INFO - Processing file /home/ec2-user/environment/lab4_model_training/venv/lib64/python3.12/site-packages/airflow/example_dags/plugins/event_listener.py for tasks to queue
[2026-05-09T18:57:27.219+0000] {logging_mixin.py:190} INFO - [2026-05-09T18:57:27.218+0000] {dagbag.py:588} INFO - Filling up the DagBag from /home/ec2-user/environment/lab4_model_training/venv/lib64/python3.12/site-packages/airflow/example_dags/plugins/event_listener.py
[2026-05-09T18:57:27.221+0000] {processor.py:927} WARNING - No viable dags retrieved from /home/ec2-user/environment/lab4_model_training/venv/lib64/python3.12/site-packages/airflow/example_dags/plugins/event_listener.py
[2026-05-09T18:57:27.228+0000] {processor.py:208} INFO - Processing /home/ec2-user/environment/lab4_model_training/venv/lib64/python3.12/site-packages/airflow/example_dags/plugins/event_listener.py took 0.017 seconds
[2026-05-09T18:58:34.827+0000] {processor.py:186} INFO - Started process (PID=20204) to work on /home/ec2-user/environment/lab4_model_training/venv/lib64/python3.12/site-packages/airflow/example_dags/plugins/event_listener.py
[2026-05-09T18:58:34.828+0000] {processor.py:914} INFO - Processing file /home/ec2-user/environment/lab4_model_training/venv/lib64/python3.12/site-packages/airflow/example_dags/plugins/event_listener.py for tasks to queue
[2026-05-09T18:58:34.829+0000] {logging_mixin.py:190} INFO - [2026-05-09T18:58:34.829+0000] {dagbag.py:588} INFO - Filling up the DagBag from /home/ec2-user/environment/lab4_model_training/venv/lib64/python3.12/site-packages/airflow/example_dags/plugins/event_listener.py
[2026-05-09T18:58:34.831+0000] {processor.py:927} WARNING - No viable dags retrieved from /home/ec2-user/environment/lab4_model_training/venv/lib64/python3.12/site-packages/airflow/example_dags/plugins/event_listener.py
[2026-05-09T18:58:34.839+0000] {processor.py:208} INFO - Processing /home/ec2-user/environment/lab4_model_training/venv/lib64/python3.12/site-packages/airflow/example_dags/plugins/event_listener.py took 0.017 seconds
[2026-05-09T18:59:39.056+0000] {processor.py:186} INFO - Started process (PID=20521) to work on /home/ec2-user/environment/lab4_model_training/venv/lib64/python3.12/site-packages/airflow/example_dags/plugins/event_listener.py
[2026-05-09T18:59:39.057+0000] {processor.py:914} INFO - Processing file /home/ec2-user/environment/lab4_model_training/venv/lib64/python3.12/site-packages/airflow/example_dags/plugins/event_listener.py for tasks to queue
[2026-05-09T18:59:39.059+0000] {logging_mixin.py:190} INFO - [2026-05-09T18:59:39.058+0000] {dagbag.py:588} INFO - Filling up the DagBag from /home/ec2-user/environment/lab4_model_training/venv/lib64/python3.12/site-packages/airflow/example_dags/plugins/event_listener.py
[2026-05-09T18:59:39.061+0000] {processor.py:927} WARNING - No viable dags retrieved from /home/ec2-user/environment/lab4_model_training/venv/lib64/python3.12/site-packages/airflow/example_dags/plugins/event_listener.py
[2026-05-09T18:59:39.069+0000] {processor.py:208} INFO - Processing /home/ec2-user/environment/lab4_model_training/venv/lib64/python3.12/site-packages/airflow/example_dags/plugins/event_listener.py took 0.017 seconds
[2026-05-09T19:00:42.944+0000] {processor.py:186} INFO - Started process (PID=20807) to work on /home/ec2-user/environment/lab4_model_training/venv/lib64/python3.12/site-packages/airflow/example_dags/plugins/event_listener.py
[2026-05-09T19:00:42.945+0000] {processor.py:914} INFO - Processing file /home/ec2-user/environment/lab4_model_training/venv/lib64/python3.12/site-packages/airflow/example_dags/plugins/event_listener.py for tasks to queue
[2026-05-09T19:00:42.947+0000] {logging_mixin.py:190} INFO - [2026-05-09T19:00:42.947+0000] {dagbag.py:588} INFO - Filling up the DagBag from /home/ec2-user/environment/lab4_model_training/venv/lib64/python3.12/site-packages/airflow/example_dags/plugins/event_listener.py
[2026-05-09T19:00:42.949+0000] {processor.py:927} WARNING - No viable dags retrieved from /home/ec2-user/environment/lab4_model_training/venv/lib64/python3.12/site-packages/airflow/example_dags/plugins/event_listener.py
[2026-05-09T19:00:42.956+0000] {processor.py:208} INFO - Processing /home/ec2-user/environment/lab4_model_training/venv/lib64/python3.12/site-packages/airflow/example_dags/plugins/event_listener.py took 0.017 seconds
[2026-05-09T19:01:49.050+0000] {processor.py:186} INFO - Started process (PID=21157) to work on /home/ec2-user/environment/lab4_model_training/venv/lib64/python3.12/site-packages/airflow/example_dags/plugins/event_listener.py
[2026-05-09T19:01:49.051+0000] {processor.py:914} INFO - Processing file /home/ec2-user/environment/lab4_model_training/venv/lib64/python3.12/site-packages/airflow/example_dags/plugins/event_listener.py for tasks to queue
[2026-05-09T19:01:49.052+0000] {logging_mixin.py:190} INFO - [2026-05-09T19:01:49.052+0000] {dagbag.py:588} INFO - Filling up the DagBag from /home/ec2-user/environment/lab4_model_training/venv/lib64/python3.12/site-packages/airflow/example_dags/plugins/event_listener.py
[2026-05-09T19:01:49.055+0000] {processor.py:927} WARNING - No viable dags retrieved from /home/ec2-user/environment/lab4_model_training/venv/lib64/python3.12/site-packages/airflow/example_dags/plugins/event_listener.py
[2026-05-09T19:01:49.062+0000] {processor.py:208} INFO - Processing /home/ec2-user/environment/lab4_model_training/venv/lib64/python3.12/site-packages/airflow/example_dags/plugins/event_listener.py took 0.017 seconds
[2026-05-09T19:02:49.956+0000] {processor.py:186} INFO - Started process (PID=21520) to work on /home/ec2-user/environment/lab4_model_training/venv/lib64/python3.12/site-packages/airflow/example_dags/plugins/event_listener.py
[2026-05-09T19:02:49.960+0000] {processor.py:914} INFO - Processing file /home/ec2-user/environment/lab4_model_training/venv/lib64/python3.12/site-packages/airflow/example_dags/plugins/event_listener.py for tasks to queue
[2026-05-09T19:02:49.962+0000] {logging_mixin.py:190} INFO - [2026-05-09T19:02:49.962+0000] {dagbag.py:588} INFO - Filling up the DagBag from /home/ec2-user/environment/lab4_model_training/venv/lib64/python3.12/site-packages/airflow/example_dags/plugins/event_listener.py
[2026-05-09T19:02:49.965+0000] {processor.py:927} WARNING - No viable dags retrieved from /home/ec2-user/environment/lab4_model_training/venv/lib64/python3.12/site-packages/airflow/example_dags/plugins/event_listener.py
[2026-05-09T19:02:49.973+0000] {processor.py:208} INFO - Processing /home/ec2-user/environment/lab4_model_training/venv/lib64/python3.12/site-packages/airflow/example_dags/plugins/event_listener.py took 0.022 seconds
[2026-05-09T19:03:56.316+0000] {processor.py:186} INFO - Started process (PID=21832) to work on /home/ec2-user/environment/lab4_model_training/venv/lib64/python3.12/site-packages/airflow/example_dags/plugins/event_listener.py
[2026-05-09T19:03:56.317+0000] {processor.py:914} INFO - Processing file /home/ec2-user/environment/lab4_model_training/venv/lib64/python3.12/site-packages/airflow/example_dags/plugins/event_listener.py for tasks to queue
[2026-05-09T19:03:56.319+0000] {logging_mixin.py:190} INFO - [2026-05-09T19:03:56.319+0000] {dagbag.py:588} INFO - Filling up the DagBag from /home/ec2-user/environment/lab4_model_training/venv/lib64/python3.12/site-packages/airflow/example_dags/plugins/event_listener.py
[2026-05-09T19:03:56.321+0000] {processor.py:927} WARNING - No viable dags retrieved from /home/ec2-user/environment/lab4_model_training/venv/lib64/python3.12/site-packages/airflow/example_dags/plugins/event_listener.py
[2026-05-09T19:03:56.329+0000] {processor.py:208} INFO - Processing /home/ec2-user/environment/lab4_model_training/venv/lib64/python3.12/site-packages/airflow/example_dags/plugins/event_listener.py took 0.017 seconds
[2026-05-09T19:04:59.314+0000] {processor.py:186} INFO - Started process (PID=22260) to work on /home/ec2-user/environment/lab4_model_training/venv/lib64/python3.12/site-packages/airflow/example_dags/plugins/event_listener.py
[2026-05-09T19:04:59.315+0000] {processor.py:914} INFO - Processing file /home/ec2-user/environment/lab4_model_training/venv/lib64/python3.12/site-packages/airflow/example_dags/plugins/event_listener.py for tasks to queue
[2026-05-09T19:04:59.316+0000] {logging_mixin.py:190} INFO - [2026-05-09T19:04:59.316+0000] {dagbag.py:588} INFO - Filling up the DagBag from /home/ec2-user/environment/lab4_model_training/venv/lib64/python3.12/site-packages/airflow/example_dags/plugins/event_listener.py
[2026-05-09T19:04:59.318+0000] {processor.py:927} WARNING - No viable dags retrieved from /home/ec2-user/environment/lab4_model_training/venv/lib64/python3.12/site-packages/airflow/example_dags/plugins/event_listener.py
[2026-05-09T19:04:59.326+0000] {processor.py:208} INFO - Processing /home/ec2-user/environment/lab4_model_training/venv/lib64/python3.12/site-packages/airflow/example_dags/plugins/event_listener.py took 0.017 seconds
[2026-05-09T19:06:01.425+0000] {processor.py:186} INFO - Started process (PID=22601) to work on /home/ec2-user/environment/lab4_model_training/venv/lib64/python3.12/site-packages/airflow/example_dags/plugins/event_listener.py
[2026-05-09T19:06:01.426+0000] {processor.py:914} INFO - Processing file /home/ec2-user/environment/lab4_model_training/venv/lib64/python3.12/site-packages/airflow/example_dags/plugins/event_listener.py for tasks to queue
[2026-05-09T19:06:01.428+0000] {logging_mixin.py:190} INFO - [2026-05-09T19:06:01.428+0000] {dagbag.py:588} INFO - Filling up the DagBag from /home/ec2-user/environment/lab4_model_training/venv/lib64/python3.12/site-packages/airflow/example_dags/plugins/event_listener.py
[2026-05-09T19:06:01.431+0000] {processor.py:927} WARNING - No viable dags retrieved from /home/ec2-user/environment/lab4_model_training/venv/lib64/python3.12/site-packages/airflow/example_dags/plugins/event_listener.py
[2026-05-09T19:06:01.439+0000] {processor.py:208} INFO - Processing /home/ec2-user/environment/lab4_model_training/venv/lib64/python3.12/site-packages/airflow/example_dags/plugins/event_listener.py took 0.019 seconds
[2026-05-09T19:07:06.120+0000] {processor.py:186} INFO - Started process (PID=22956) to work on /home/ec2-user/environment/lab4_model_training/venv/lib64/python3.12/site-packages/airflow/example_dags/plugins/event_listener.py
[2026-05-09T19:07:06.121+0000] {processor.py:914} INFO - Processing file /home/ec2-user/environment/lab4_model_training/venv/lib64/python3.12/site-packages/airflow/example_dags/plugins/event_listener.py for tasks to queue
[2026-05-09T19:07:06.123+0000] {logging_mixin.py:190} INFO - [2026-05-09T19:07:06.122+0000] {dagbag.py:588} INFO - Filling up the DagBag from /home/ec2-user/environment/lab4_model_training/venv/lib64/python3.12/site-packages/airflow/example_dags/plugins/event_listener.py
[2026-05-09T19:07:06.125+0000] {processor.py:927} WARNING - No viable dags retrieved from /home/ec2-user/environment/lab4_model_training/venv/lib64/python3.12/site-packages/airflow/example_dags/plugins/event_listener.py
[2026-05-09T19:07:06.133+0000] {processor.py:208} INFO - Processing /home/ec2-user/environment/lab4_model_training/venv/lib64/python3.12/site-packages/airflow/example_dags/plugins/event_listener.py took 0.018 seconds
[2026-05-09T19:08:11.088+0000] {processor.py:186} INFO - Started process (PID=23253) to work on /home/ec2-user/environment/lab4_model_training/venv/lib64/python3.12/site-packages/airflow/example_dags/plugins/event_listener.py
[2026-05-09T19:08:11.090+0000] {processor.py:914} INFO - Processing file /home/ec2-user/environment/lab4_model_training/venv/lib64/python3.12/site-packages/airflow/example_dags/plugins/event_listener.py for tasks to queue
[2026-05-09T19:08:11.091+0000] {logging_mixin.py:190} INFO - [2026-05-09T19:08:11.091+0000] {dagbag.py:588} INFO - Filling up the DagBag from /home/ec2-user/environment/lab4_model_training/venv/lib64/python3.12/site-packages/airflow/example_dags/plugins/event_listener.py
[2026-05-09T19:08:11.093+0000] {processor.py:927} WARNING - No viable dags retrieved from /home/ec2-user/environment/lab4_model_training/venv/lib64/python3.12/site-packages/airflow/example_dags/plugins/event_listener.py
[2026-05-09T19:08:11.101+0000] {processor.py:208} INFO - Processing /home/ec2-user/environment/lab4_model_training/venv/lib64/python3.12/site-packages/airflow/example_dags/plugins/event_listener.py took 0.017 seconds
[2026-05-09T19:09:13.548+0000] {processor.py:186} INFO - Started process (PID=23568) to work on /home/ec2-user/environment/lab4_model_training/venv/lib64/python3.12/site-packages/airflow/example_dags/plugins/event_listener.py
[2026-05-09T19:09:13.550+0000] {processor.py:914} INFO - Processing file /home/ec2-user/environment/lab4_model_training/venv/lib64/python3.12/site-packages/airflow/example_dags/plugins/event_listener.py for tasks to queue
[2026-05-09T19:09:13.551+0000] {logging_mixin.py:190} INFO - [2026-05-09T19:09:13.551+0000] {dagbag.py:588} INFO - Filling up the DagBag from /home/ec2-user/environment/lab4_model_training/venv/lib64/python3.12/site-packages/airflow/example_dags/plugins/event_listener.py
[2026-05-09T19:09:13.553+0000] {processor.py:927} WARNING - No viable dags retrieved from /home/ec2-user/environment/lab4_model_training/venv/lib64/python3.12/site-packages/airflow/example_dags/plugins/event_listener.py
[2026-05-09T19:09:13.561+0000] {processor.py:208} INFO - Processing /home/ec2-user/environment/lab4_model_training/venv/lib64/python3.12/site-packages/airflow/example_dags/plugins/event_listener.py took 0.017 seconds
[2026-05-09T19:10:19.208+0000] {processor.py:186} INFO - Started process (PID=23920) to work on /home/ec2-user/environment/lab4_model_training/venv/lib64/python3.12/site-packages/airflow/example_dags/plugins/event_listener.py
[2026-05-09T19:10:19.210+0000] {processor.py:914} INFO - Processing file /home/ec2-user/environment/lab4_model_training/venv/lib64/python3.12/site-packages/airflow/example_dags/plugins/event_listener.py for tasks to queue
[2026-05-09T19:10:19.212+0000] {logging_mixin.py:190} INFO - [2026-05-09T19:10:19.211+0000] {dagbag.py:588} INFO - Filling up the DagBag from /home/ec2-user/environment/lab4_model_training/venv/lib64/python3.12/site-packages/airflow/example_dags/plugins/event_listener.py
[2026-05-09T19:10:19.214+0000] {processor.py:927} WARNING - No viable dags retrieved from /home/ec2-user/environment/lab4_model_training/venv/lib64/python3.12/site-packages/airflow/example_dags/plugins/event_listener.py
[2026-05-09T19:10:19.221+0000] {processor.py:208} INFO - Processing /home/ec2-user/environment/lab4_model_training/venv/lib64/python3.12/site-packages/airflow/example_dags/plugins/event_listener.py took 0.018 seconds
[2026-05-09T19:11:27.241+0000] {processor.py:186} INFO - Started process (PID=24361) to work on /home/ec2-user/environment/lab4_model_training/venv/lib64/python3.12/site-packages/airflow/example_dags/plugins/event_listener.py
[2026-05-09T19:11:27.243+0000] {processor.py:914} INFO - Processing file /home/ec2-user/environment/lab4_model_training/venv/lib64/python3.12/site-packages/airflow/example_dags/plugins/event_listener.py for tasks to queue
[2026-05-09T19:11:27.244+0000] {logging_mixin.py:190} INFO - [2026-05-09T19:11:27.244+0000] {dagbag.py:588} INFO - Filling up the DagBag from /home/ec2-user/environment/lab4_model_training/venv/lib64/python3.12/site-packages/airflow/example_dags/plugins/event_listener.py
[2026-05-09T19:11:27.246+0000] {processor.py:927} WARNING - No viable dags retrieved from /home/ec2-user/environment/lab4_model_training/venv/lib64/python3.12/site-packages/airflow/example_dags/plugins/event_listener.py
[2026-05-09T19:11:27.254+0000] {processor.py:208} INFO - Processing /home/ec2-user/environment/lab4_model_training/venv/lib64/python3.12/site-packages/airflow/example_dags/plugins/event_listener.py took 0.017 seconds
[2026-05-09T19:12:35.470+0000] {processor.py:186} INFO - Started process (PID=24706) to work on /home/ec2-user/environment/lab4_model_training/venv/lib64/python3.12/site-packages/airflow/example_dags/plugins/event_listener.py
[2026-05-09T19:12:35.471+0000] {processor.py:914} INFO - Processing file /home/ec2-user/environment/lab4_model_training/venv/lib64/python3.12/site-packages/airflow/example_dags/plugins/event_listener.py for tasks to queue
[2026-05-09T19:12:35.473+0000] {logging_mixin.py:190} INFO - [2026-05-09T19:12:35.472+0000] {dagbag.py:588} INFO - Filling up the DagBag from /home/ec2-user/environment/lab4_model_training/venv/lib64/python3.12/site-packages/airflow/example_dags/plugins/event_listener.py
[2026-05-09T19:12:35.474+0000] {processor.py:927} WARNING - No viable dags retrieved from /home/ec2-user/environment/lab4_model_training/venv/lib64/python3.12/site-packages/airflow/example_dags/plugins/event_listener.py
[2026-05-09T19:12:35.482+0000] {processor.py:208} INFO - Processing /home/ec2-user/environment/lab4_model_training/venv/lib64/python3.12/site-packages/airflow/example_dags/plugins/event_listener.py took 0.016 seconds
[2026-05-09T19:13:41.143+0000] {processor.py:186} INFO - Started process (PID=25055) to work on /home/ec2-user/environment/lab4_model_training/venv/lib64/python3.12/site-packages/airflow/example_dags/plugins/event_listener.py
[2026-05-09T19:13:41.144+0000] {processor.py:914} INFO - Processing file /home/ec2-user/environment/lab4_model_training/venv/lib64/python3.12/site-packages/airflow/example_dags/plugins/event_listener.py for tasks to queue
[2026-05-09T19:13:41.146+0000] {logging_mixin.py:190} INFO - [2026-05-09T19:13:41.146+0000] {dagbag.py:588} INFO - Filling up the DagBag from /home/ec2-user/environment/lab4_model_training/venv/lib64/python3.12/site-packages/airflow/example_dags/plugins/event_listener.py
[2026-05-09T19:13:41.148+0000] {processor.py:927} WARNING - No viable dags retrieved from /home/ec2-user/environment/lab4_model_training/venv/lib64/python3.12/site-packages/airflow/example_dags/plugins/event_listener.py
[2026-05-09T19:13:41.156+0000] {processor.py:208} INFO - Processing /home/ec2-user/environment/lab4_model_training/venv/lib64/python3.12/site-packages/airflow/example_dags/plugins/event_listener.py took 0.017 seconds
[2026-05-09T19:14:45.981+0000] {processor.py:186} INFO - Started process (PID=25415) to work on /home/ec2-user/environment/lab4_model_training/venv/lib64/python3.12/site-packages/airflow/example_dags/plugins/event_listener.py
[2026-05-09T19:14:45.982+0000] {processor.py:914} INFO - Processing file /home/ec2-user/environment/lab4_model_training/venv/lib64/python3.12/site-packages/airflow/example_dags/plugins/event_listener.py for tasks to queue
[2026-05-09T19:14:45.984+0000] {logging_mixin.py:190} INFO - [2026-05-09T19:14:45.983+0000] {dagbag.py:588} INFO - Filling up the DagBag from /home/ec2-user/environment/lab4_model_training/venv/lib64/python3.12/site-packages/airflow/example_dags/plugins/event_listener.py
[2026-05-09T19:14:45.985+0000] {processor.py:927} WARNING - No viable dags retrieved from /home/ec2-user/environment/lab4_model_training/venv/lib64/python3.12/site-packages/airflow/example_dags/plugins/event_listener.py
[2026-05-09T19:14:45.993+0000] {processor.py:208} INFO - Processing /home/ec2-user/environment/lab4_model_training/venv/lib64/python3.12/site-packages/airflow/example_dags/plugins/event_listener.py took 0.017 seconds
[2026-05-09T19:15:52.698+0000] {processor.py:186} INFO - Started process (PID=25730) to work on /home/ec2-user/environment/lab4_model_training/venv/lib64/python3.12/site-packages/airflow/example_dags/plugins/event_listener.py
[2026-05-09T19:15:52.700+0000] {processor.py:914} INFO - Processing file /home/ec2-user/environment/lab4_model_training/venv/lib64/python3.12/site-packages/airflow/example_dags/plugins/event_listener.py for tasks to queue
[2026-05-09T19:15:52.702+0000] {logging_mixin.py:190} INFO - [2026-05-09T19:15:52.701+0000] {dagbag.py:588} INFO - Filling up the DagBag from /home/ec2-user/environment/lab4_model_training/venv/lib64/python3.12/site-packages/airflow/example_dags/plugins/event_listener.py
[2026-05-09T19:15:52.704+0000] {processor.py:927} WARNING - No viable dags retrieved from /home/ec2-user/environment/lab4_model_training/venv/lib64/python3.12/site-packages/airflow/example_dags/plugins/event_listener.py
[2026-05-09T19:15:52.713+0000] {processor.py:208} INFO - Processing /home/ec2-user/environment/lab4_model_training/venv/lib64/python3.12/site-packages/airflow/example_dags/plugins/event_listener.py took 0.019 seconds
[2026-05-09T19:16:59.812+0000] {processor.py:186} INFO - Started process (PID=26003) to work on /home/ec2-user/environment/lab4_model_training/venv/lib64/python3.12/site-packages/airflow/example_dags/plugins/event_listener.py
[2026-05-09T19:16:59.813+0000] {processor.py:914} INFO - Processing file /home/ec2-user/environment/lab4_model_training/venv/lib64/python3.12/site-packages/airflow/example_dags/plugins/event_listener.py for tasks to queue
[2026-05-09T19:16:59.815+0000] {logging_mixin.py:190} INFO - [2026-05-09T19:16:59.815+0000] {dagbag.py:588} INFO - Filling up the DagBag from /home/ec2-user/environment/lab4_model_training/venv/lib64/python3.12/site-packages/airflow/example_dags/plugins/event_listener.py
[2026-05-09T19:16:59.817+0000] {processor.py:927} WARNING - No viable dags retrieved from /home/ec2-user/environment/lab4_model_training/venv/lib64/python3.12/site-packages/airflow/example_dags/plugins/event_listener.py
[2026-05-09T19:16:59.825+0000] {processor.py:208} INFO - Processing /home/ec2-user/environment/lab4_model_training/venv/lib64/python3.12/site-packages/airflow/example_dags/plugins/event_listener.py took 0.017 seconds
[2026-05-09T19:18:04.627+0000] {processor.py:186} INFO - Started process (PID=26491) to work on /home/ec2-user/environment/lab4_model_training/venv/lib64/python3.12/site-packages/airflow/example_dags/plugins/event_listener.py
[2026-05-09T19:18:04.629+0000] {processor.py:914} INFO - Processing file /home/ec2-user/environment/lab4_model_training/venv/lib64/python3.12/site-packages/airflow/example_dags/plugins/event_listener.py for tasks to queue
[2026-05-09T19:18:04.631+0000] {logging_mixin.py:190} INFO - [2026-05-09T19:18:04.630+0000] {dagbag.py:588} INFO - Filling up the DagBag from /home/ec2-user/environment/lab4_model_training/venv/lib64/python3.12/site-packages/airflow/example_dags/plugins/event_listener.py
[2026-05-09T19:18:04.632+0000] {processor.py:927} WARNING - No viable dags retrieved from /home/ec2-user/environment/lab4_model_training/venv/lib64/python3.12/site-packages/airflow/example_dags/plugins/event_listener.py
[2026-05-09T19:18:04.640+0000] {processor.py:208} INFO - Processing /home/ec2-user/environment/lab4_model_training/venv/lib64/python3.12/site-packages/airflow/example_dags/plugins/event_listener.py took 0.017 seconds
[2026-05-09T19:19:08.488+0000] {processor.py:186} INFO - Started process (PID=26864) to work on /home/ec2-user/environment/lab4_model_training/venv/lib64/python3.12/site-packages/airflow/example_dags/plugins/event_listener.py
[2026-05-09T19:19:08.490+0000] {processor.py:914} INFO - Processing file /home/ec2-user/environment/lab4_model_training/venv/lib64/python3.12/site-packages/airflow/example_dags/plugins/event_listener.py for tasks to queue
[2026-05-09T19:19:08.491+0000] {logging_mixin.py:190} INFO - [2026-05-09T19:19:08.491+0000] {dagbag.py:588} INFO - Filling up the DagBag from /home/ec2-user/environment/lab4_model_training/venv/lib64/python3.12/site-packages/airflow/example_dags/plugins/event_listener.py
[2026-05-09T19:19:08.493+0000] {processor.py:927} WARNING - No viable dags retrieved from /home/ec2-user/environment/lab4_model_training/venv/lib64/python3.12/site-packages/airflow/example_dags/plugins/event_listener.py
[2026-05-09T19:19:08.501+0000] {processor.py:208} INFO - Processing /home/ec2-user/environment/lab4_model_training/venv/lib64/python3.12/site-packages/airflow/example_dags/plugins/event_listener.py took 0.017 seconds
[2026-05-09T19:20:14.231+0000] {processor.py:186} INFO - Started process (PID=27323) to work on /home/ec2-user/environment/lab4_model_training/venv/lib64/python3.12/site-packages/airflow/example_dags/plugins/event_listener.py
[2026-05-09T19:20:14.232+0000] {processor.py:914} INFO - Processing file /home/ec2-user/environment/lab4_model_training/venv/lib64/python3.12/site-packages/airflow/example_dags/plugins/event_listener.py for tasks to queue
[2026-05-09T19:20:14.234+0000] {logging_mixin.py:190} INFO - [2026-05-09T19:20:14.234+0000] {dagbag.py:588} INFO - Filling up the DagBag from /home/ec2-user/environment/lab4_model_training/venv/lib64/python3.12/site-packages/airflow/example_dags/plugins/event_listener.py
[2026-05-09T19:20:14.236+0000] {processor.py:927} WARNING - No viable dags retrieved from /home/ec2-user/environment/lab4_model_training/venv/lib64/python3.12/site-packages/airflow/example_dags/plugins/event_listener.py
[2026-05-09T19:20:14.244+0000] {processor.py:208} INFO - Processing /home/ec2-user/environment/lab4_model_training/venv/lib64/python3.12/site-packages/airflow/example_dags/plugins/event_listener.py took 0.018 seconds
[2026-05-09T19:21:19.181+0000] {processor.py:186} INFO - Started process (PID=27495) to work on /home/ec2-user/environment/lab4_model_training/venv/lib64/python3.12/site-packages/airflow/example_dags/plugins/event_listener.py
[2026-05-09T19:21:19.182+0000] {processor.py:914} INFO - Processing file /home/ec2-user/environment/lab4_model_training/venv/lib64/python3.12/site-packages/airflow/example_dags/plugins/event_listener.py for tasks to queue
[2026-05-09T19:21:19.184+0000] {logging_mixin.py:190} INFO - [2026-05-09T19:21:19.184+0000] {dagbag.py:588} INFO - Filling up the DagBag from /home/ec2-user/environment/lab4_model_training/venv/lib64/python3.12/site-packages/airflow/example_dags/plugins/event_listener.py
[2026-05-09T19:21:19.186+0000] {processor.py:927} WARNING - No viable dags retrieved from /home/ec2-user/environment/lab4_model_training/venv/lib64/python3.12/site-packages/airflow/example_dags/plugins/event_listener.py
[2026-05-09T19:21:19.193+0000] {processor.py:208} INFO - Processing /home/ec2-user/environment/lab4_model_training/venv/lib64/python3.12/site-packages/airflow/example_dags/plugins/event_listener.py took 0.017 seconds
[2026-05-09T19:22:24.584+0000] {processor.py:186} INFO - Started process (PID=27676) to work on /home/ec2-user/environment/lab4_model_training/venv/lib64/python3.12/site-packages/airflow/example_dags/plugins/event_listener.py
[2026-05-09T19:22:24.585+0000] {processor.py:914} INFO - Processing file /home/ec2-user/environment/lab4_model_training/venv/lib64/python3.12/site-packages/airflow/example_dags/plugins/event_listener.py for tasks to queue
[2026-05-09T19:22:24.587+0000] {logging_mixin.py:190} INFO - [2026-05-09T19:22:24.586+0000] {dagbag.py:588} INFO - Filling up the DagBag from /home/ec2-user/environment/lab4_model_training/venv/lib64/python3.12/site-packages/airflow/example_dags/plugins/event_listener.py
[2026-05-09T19:22:24.589+0000] {processor.py:927} WARNING - No viable dags retrieved from /home/ec2-user/environment/lab4_model_training/venv/lib64/python3.12/site-packages/airflow/example_dags/plugins/event_listener.py
[2026-05-09T19:22:24.596+0000] {processor.py:208} INFO - Processing /home/ec2-user/environment/lab4_model_training/venv/lib64/python3.12/site-packages/airflow/example_dags/plugins/event_listener.py took 0.017 seconds
[2026-05-09T19:23:34.977+0000] {processor.py:186} INFO - Started process (PID=27824) to work on /home/ec2-user/environment/lab4_model_training/venv/lib64/python3.12/site-packages/airflow/example_dags/plugins/event_listener.py
[2026-05-09T19:23:34.978+0000] {processor.py:914} INFO - Processing file /home/ec2-user/environment/lab4_model_training/venv/lib64/python3.12/site-packages/airflow/example_dags/plugins/event_listener.py for tasks to queue
[2026-05-09T19:23:34.979+0000] {logging_mixin.py:190} INFO - [2026-05-09T19:23:34.979+0000] {dagbag.py:588} INFO - Filling up the DagBag from /home/ec2-user/environment/lab4_model_training/venv/lib64/python3.12/site-packages/airflow/example_dags/plugins/event_listener.py
[2026-05-09T19:23:34.981+0000] {processor.py:927} WARNING - No viable dags retrieved from /home/ec2-user/environment/lab4_model_training/venv/lib64/python3.12/site-packages/airflow/example_dags/plugins/event_listener.py
[2026-05-09T19:23:34.989+0000] {processor.py:208} INFO - Processing /home/ec2-user/environment/lab4_model_training/venv/lib64/python3.12/site-packages/airflow/example_dags/plugins/event_listener.py took 0.017 seconds
[2026-05-09T19:24:39.405+0000] {processor.py:186} INFO - Started process (PID=27912) to work on /home/ec2-user/environment/lab4_model_training/venv/lib64/python3.12/site-packages/airflow/example_dags/plugins/event_listener.py
[2026-05-09T19:24:39.406+0000] {processor.py:914} INFO - Processing file /home/ec2-user/environment/lab4_model_training/venv/lib64/python3.12/site-packages/airflow/example_dags/plugins/event_listener.py for tasks to queue
[2026-05-09T19:24:39.408+0000] {logging_mixin.py:190} INFO - [2026-05-09T19:24:39.408+0000] {dagbag.py:588} INFO - Filling up the DagBag from /home/ec2-user/environment/lab4_model_training/venv/lib64/python3.12/site-packages/airflow/example_dags/plugins/event_listener.py
[2026-05-09T19:24:39.410+0000] {processor.py:927} WARNING - No viable dags retrieved from /home/ec2-user/environment/lab4_model_training/venv/lib64/python3.12/site-packages/airflow/example_dags/plugins/event_listener.py
[2026-05-09T19:24:39.418+0000] {processor.py:208} INFO - Processing /home/ec2-user/environment/lab4_model_training/venv/lib64/python3.12/site-packages/airflow/example_dags/plugins/event_listener.py took 0.017 seconds
[2026-05-09T19:25:39.930+0000] {processor.py:186} INFO - Started process (PID=28043) to work on /home/ec2-user/environment/lab4_model_training/venv/lib64/python3.12/site-packages/airflow/example_dags/plugins/event_listener.py
[2026-05-09T19:25:39.931+0000] {processor.py:914} INFO - Processing file /home/ec2-user/environment/lab4_model_training/venv/lib64/python3.12/site-packages/airflow/example_dags/plugins/event_listener.py for tasks to queue
[2026-05-09T19:25:39.933+0000] {logging_mixin.py:190} INFO - [2026-05-09T19:25:39.932+0000] {dagbag.py:588} INFO - Filling up the DagBag from /home/ec2-user/environment/lab4_model_training/venv/lib64/python3.12/site-packages/airflow/example_dags/plugins/event_listener.py
[2026-05-09T19:25:39.934+0000] {processor.py:927} WARNING - No viable dags retrieved from /home/ec2-user/environment/lab4_model_training/venv/lib64/python3.12/site-packages/airflow/example_dags/plugins/event_listener.py
[2026-05-09T19:25:39.942+0000] {processor.py:208} INFO - Processing /home/ec2-user/environment/lab4_model_training/venv/lib64/python3.12/site-packages/airflow/example_dags/plugins/event_listener.py took 0.017 seconds
[2026-05-09T19:26:41.384+0000] {processor.py:186} INFO - Started process (PID=28127) to work on /home/ec2-user/environment/lab4_model_training/venv/lib64/python3.12/site-packages/airflow/example_dags/plugins/event_listener.py
[2026-05-09T19:26:41.385+0000] {processor.py:914} INFO - Processing file /home/ec2-user/environment/lab4_model_training/venv/lib64/python3.12/site-packages/airflow/example_dags/plugins/event_listener.py for tasks to queue
[2026-05-09T19:26:41.386+0000] {logging_mixin.py:190} INFO - [2026-05-09T19:26:41.386+0000] {dagbag.py:588} INFO - Filling up the DagBag from /home/ec2-user/environment/lab4_model_training/venv/lib64/python3.12/site-packages/airflow/example_dags/plugins/event_listener.py
[2026-05-09T19:26:41.388+0000] {processor.py:927} WARNING - No viable dags retrieved from /home/ec2-user/environment/lab4_model_training/venv/lib64/python3.12/site-packages/airflow/example_dags/plugins/event_listener.py
[2026-05-09T19:26:41.396+0000] {processor.py:208} INFO - Processing /home/ec2-user/environment/lab4_model_training/venv/lib64/python3.12/site-packages/airflow/example_dags/plugins/event_listener.py took 0.017 seconds
[2026-05-09T19:27:43.311+0000] {processor.py:186} INFO - Started process (PID=28259) to work on /home/ec2-user/environment/lab4_model_training/venv/lib64/python3.12/site-packages/airflow/example_dags/plugins/event_listener.py
[2026-05-09T19:27:43.312+0000] {processor.py:914} INFO - Processing file /home/ec2-user/environment/lab4_model_training/venv/lib64/python3.12/site-packages/airflow/example_dags/plugins/event_listener.py for tasks to queue
[2026-05-09T19:27:43.313+0000] {logging_mixin.py:190} INFO - [2026-05-09T19:27:43.313+0000] {dagbag.py:588} INFO - Filling up the DagBag from /home/ec2-user/environment/lab4_model_training/venv/lib64/python3.12/site-packages/airflow/example_dags/plugins/event_listener.py
[2026-05-09T19:27:43.315+0000] {processor.py:927} WARNING - No viable dags retrieved from /home/ec2-user/environment/lab4_model_training/venv/lib64/python3.12/site-packages/airflow/example_dags/plugins/event_listener.py
[2026-05-09T19:27:43.323+0000] {processor.py:208} INFO - Processing /home/ec2-user/environment/lab4_model_training/venv/lib64/python3.12/site-packages/airflow/example_dags/plugins/event_listener.py took 0.017 seconds
[2026-05-09T19:28:44.773+0000] {processor.py:186} INFO - Started process (PID=28349) to work on /home/ec2-user/environment/lab4_model_training/venv/lib64/python3.12/site-packages/airflow/example_dags/plugins/event_listener.py
[2026-05-09T19:28:44.774+0000] {processor.py:914} INFO - Processing file /home/ec2-user/environment/lab4_model_training/venv/lib64/python3.12/site-packages/airflow/example_dags/plugins/event_listener.py for tasks to queue
[2026-05-09T19:28:44.776+0000] {logging_mixin.py:190} INFO - [2026-05-09T19:28:44.776+0000] {dagbag.py:588} INFO - Filling up the DagBag from /home/ec2-user/environment/lab4_model_training/venv/lib64/python3.12/site-packages/airflow/example_dags/plugins/event_listener.py
[2026-05-09T19:28:44.778+0000] {processor.py:927} WARNING - No viable dags retrieved from /home/ec2-user/environment/lab4_model_training/venv/lib64/python3.12/site-packages/airflow/example_dags/plugins/event_listener.py
[2026-05-09T19:28:44.786+0000] {processor.py:208} INFO - Processing /home/ec2-user/environment/lab4_model_training/venv/lib64/python3.12/site-packages/airflow/example_dags/plugins/event_listener.py took 0.017 seconds
[2026-05-09T19:29:44.364+0000] {processor.py:186} INFO - Started process (PID=28715) to work on /home/ec2-user/environment/lab4_model_training/venv/lib64/python3.12/site-packages/airflow/example_dags/plugins/event_listener.py
[2026-05-09T19:29:44.365+0000] {processor.py:914} INFO - Processing file /home/ec2-user/environment/lab4_model_training/venv/lib64/python3.12/site-packages/airflow/example_dags/plugins/event_listener.py for tasks to queue
[2026-05-09T19:29:44.367+0000] {logging_mixin.py:190} INFO - [2026-05-09T19:29:44.367+0000] {dagbag.py:588} INFO - Filling up the DagBag from /home/ec2-user/environment/lab4_model_training/venv/lib64/python3.12/site-packages/airflow/example_dags/plugins/event_listener.py
[2026-05-09T19:29:44.369+0000] {processor.py:927} WARNING - No viable dags retrieved from /home/ec2-user/environment/lab4_model_training/venv/lib64/python3.12/site-packages/airflow/example_dags/plugins/event_listener.py
[2026-05-09T19:29:44.377+0000] {processor.py:208} INFO - Processing /home/ec2-user/environment/lab4_model_training/venv/lib64/python3.12/site-packages/airflow/example_dags/plugins/event_listener.py took 0.017 seconds
[2026-05-09T19:30:50.273+0000] {processor.py:186} INFO - Started process (PID=29175) to work on /home/ec2-user/environment/lab4_model_training/venv/lib64/python3.12/site-packages/airflow/example_dags/plugins/event_listener.py
[2026-05-09T19:30:50.274+0000] {processor.py:914} INFO - Processing file /home/ec2-user/environment/lab4_model_training/venv/lib64/python3.12/site-packages/airflow/example_dags/plugins/event_listener.py for tasks to queue
[2026-05-09T19:30:50.275+0000] {logging_mixin.py:190} INFO - [2026-05-09T19:30:50.275+0000] {dagbag.py:588} INFO - Filling up the DagBag from /home/ec2-user/environment/lab4_model_training/venv/lib64/python3.12/site-packages/airflow/example_dags/plugins/event_listener.py
[2026-05-09T19:30:50.278+0000] {processor.py:927} WARNING - No viable dags retrieved from /home/ec2-user/environment/lab4_model_training/venv/lib64/python3.12/site-packages/airflow/example_dags/plugins/event_listener.py
[2026-05-09T19:30:50.285+0000] {processor.py:208} INFO - Processing /home/ec2-user/environment/lab4_model_training/venv/lib64/python3.12/site-packages/airflow/example_dags/plugins/event_listener.py took 0.017 seconds
[2026-05-09T19:31:54.314+0000] {processor.py:186} INFO - Started process (PID=29694) to work on /home/ec2-user/environment/lab4_model_training/venv/lib64/python3.12/site-packages/airflow/example_dags/plugins/event_listener.py
[2026-05-09T19:31:54.315+0000] {processor.py:914} INFO - Processing file /home/ec2-user/environment/lab4_model_training/venv/lib64/python3.12/site-packages/airflow/example_dags/plugins/event_listener.py for tasks to queue
[2026-05-09T19:31:54.316+0000] {logging_mixin.py:190} INFO - [2026-05-09T19:31:54.316+0000] {dagbag.py:588} INFO - Filling up the DagBag from /home/ec2-user/environment/lab4_model_training/venv/lib64/python3.12/site-packages/airflow/example_dags/plugins/event_listener.py
[2026-05-09T19:31:54.318+0000] {processor.py:927} WARNING - No viable dags retrieved from /home/ec2-user/environment/lab4_model_training/venv/lib64/python3.12/site-packages/airflow/example_dags/plugins/event_listener.py
[2026-05-09T19:31:54.326+0000] {processor.py:208} INFO - Processing /home/ec2-user/environment/lab4_model_training/venv/lib64/python3.12/site-packages/airflow/example_dags/plugins/event_listener.py took 0.016 seconds
[2026-05-09T19:32:55.612+0000] {processor.py:186} INFO - Started process (PID=30112) to work on /home/ec2-user/environment/lab4_model_training/venv/lib64/python3.12/site-packages/airflow/example_dags/plugins/event_listener.py
[2026-05-09T19:32:55.616+0000] {processor.py:914} INFO - Processing file /home/ec2-user/environment/lab4_model_training/venv/lib64/python3.12/site-packages/airflow/example_dags/plugins/event_listener.py for tasks to queue
[2026-05-09T19:32:55.618+0000] {logging_mixin.py:190} INFO - [2026-05-09T19:32:55.617+0000] {dagbag.py:588} INFO - Filling up the DagBag from /home/ec2-user/environment/lab4_model_training/venv/lib64/python3.12/site-packages/airflow/example_dags/plugins/event_listener.py
[2026-05-09T19:32:55.620+0000] {processor.py:927} WARNING - No viable dags retrieved from /home/ec2-user/environment/lab4_model_training/venv/lib64/python3.12/site-packages/airflow/example_dags/plugins/event_listener.py
[2026-05-09T19:32:55.631+0000] {processor.py:208} INFO - Processing /home/ec2-user/environment/lab4_model_training/venv/lib64/python3.12/site-packages/airflow/example_dags/plugins/event_listener.py took 0.024 seconds
[2026-05-09T19:34:00.429+0000] {processor.py:186} INFO - Started process (PID=30555) to work on /home/ec2-user/environment/lab4_model_training/venv/lib64/python3.12/site-packages/airflow/example_dags/plugins/event_listener.py
[2026-05-09T19:34:00.430+0000] {processor.py:914} INFO - Processing file /home/ec2-user/environment/lab4_model_training/venv/lib64/python3.12/site-packages/airflow/example_dags/plugins/event_listener.py for tasks to queue
[2026-05-09T19:34:00.432+0000] {logging_mixin.py:190} INFO - [2026-05-09T19:34:00.431+0000] {dagbag.py:588} INFO - Filling up the DagBag from /home/ec2-user/environment/lab4_model_training/venv/lib64/python3.12/site-packages/airflow/example_dags/plugins/event_listener.py
[2026-05-09T19:34:00.433+0000] {processor.py:927} WARNING - No viable dags retrieved from /home/ec2-user/environment/lab4_model_training/venv/lib64/python3.12/site-packages/airflow/example_dags/plugins/event_listener.py
[2026-05-09T19:34:00.441+0000] {processor.py:208} INFO - Processing /home/ec2-user/environment/lab4_model_training/venv/lib64/python3.12/site-packages/airflow/example_dags/plugins/event_listener.py took 0.017 seconds
[2026-05-09T19:35:08.760+0000] {processor.py:186} INFO - Started process (PID=30946) to work on /home/ec2-user/environment/lab4_model_training/venv/lib64/python3.12/site-packages/airflow/example_dags/plugins/event_listener.py
[2026-05-09T19:35:08.761+0000] {processor.py:914} INFO - Processing file /home/ec2-user/environment/lab4_model_training/venv/lib64/python3.12/site-packages/airflow/example_dags/plugins/event_listener.py for tasks to queue
[2026-05-09T19:35:08.762+0000] {logging_mixin.py:190} INFO - [2026-05-09T19:35:08.762+0000] {dagbag.py:588} INFO - Filling up the DagBag from /home/ec2-user/environment/lab4_model_training/venv/lib64/python3.12/site-packages/airflow/example_dags/plugins/event_listener.py
[2026-05-09T19:35:08.764+0000] {processor.py:927} WARNING - No viable dags retrieved from /home/ec2-user/environment/lab4_model_training/venv/lib64/python3.12/site-packages/airflow/example_dags/plugins/event_listener.py
[2026-05-09T19:35:08.772+0000] {processor.py:208} INFO - Processing /home/ec2-user/environment/lab4_model_training/venv/lib64/python3.12/site-packages/airflow/example_dags/plugins/event_listener.py took 0.016 seconds
[2026-05-09T19:36:14.617+0000] {processor.py:186} INFO - Started process (PID=31466) to work on /home/ec2-user/environment/lab4_model_training/venv/lib64/python3.12/site-packages/airflow/example_dags/plugins/event_listener.py
[2026-05-09T19:36:14.618+0000] {processor.py:914} INFO - Processing file /home/ec2-user/environment/lab4_model_training/venv/lib64/python3.12/site-packages/airflow/example_dags/plugins/event_listener.py for tasks to queue
[2026-05-09T19:36:14.620+0000] {logging_mixin.py:190} INFO - [2026-05-09T19:36:14.620+0000] {dagbag.py:588} INFO - Filling up the DagBag from /home/ec2-user/environment/lab4_model_training/venv/lib64/python3.12/site-packages/airflow/example_dags/plugins/event_listener.py
[2026-05-09T19:36:14.622+0000] {processor.py:927} WARNING - No viable dags retrieved from /home/ec2-user/environment/lab4_model_training/venv/lib64/python3.12/site-packages/airflow/example_dags/plugins/event_listener.py
[2026-05-09T19:36:14.630+0000] {processor.py:208} INFO - Processing /home/ec2-user/environment/lab4_model_training/venv/lib64/python3.12/site-packages/airflow/example_dags/plugins/event_listener.py took 0.017 seconds
[2026-05-09T19:37:17.429+0000] {processor.py:186} INFO - Started process (PID=31925) to work on /home/ec2-user/environment/lab4_model_training/venv/lib64/python3.12/site-packages/airflow/example_dags/plugins/event_listener.py
[2026-05-09T19:37:17.430+0000] {processor.py:914} INFO - Processing file /home/ec2-user/environment/lab4_model_training/venv/lib64/python3.12/site-packages/airflow/example_dags/plugins/event_listener.py for tasks to queue
[2026-05-09T19:37:17.432+0000] {logging_mixin.py:190} INFO - [2026-05-09T19:37:17.432+0000] {dagbag.py:588} INFO - Filling up the DagBag from /home/ec2-user/environment/lab4_model_training/venv/lib64/python3.12/site-packages/airflow/example_dags/plugins/event_listener.py
[2026-05-09T19:37:17.434+0000] {processor.py:927} WARNING - No viable dags retrieved from /home/ec2-user/environment/lab4_model_training/venv/lib64/python3.12/site-packages/airflow/example_dags/plugins/event_listener.py
[2026-05-09T19:37:17.441+0000] {processor.py:208} INFO - Processing /home/ec2-user/environment/lab4_model_training/venv/lib64/python3.12/site-packages/airflow/example_dags/plugins/event_listener.py took 0.016 seconds
[2026-05-09T19:38:24.113+0000] {processor.py:186} INFO - Started process (PID=32089) to work on /home/ec2-user/environment/lab4_model_training/venv/lib64/python3.12/site-packages/airflow/example_dags/plugins/event_listener.py
[2026-05-09T19:38:24.114+0000] {processor.py:914} INFO - Processing file /home/ec2-user/environment/lab4_model_training/venv/lib64/python3.12/site-packages/airflow/example_dags/plugins/event_listener.py for tasks to queue
[2026-05-09T19:38:24.116+0000] {logging_mixin.py:190} INFO - [2026-05-09T19:38:24.116+0000] {dagbag.py:588} INFO - Filling up the DagBag from /home/ec2-user/environment/lab4_model_training/venv/lib64/python3.12/site-packages/airflow/example_dags/plugins/event_listener.py
[2026-05-09T19:38:24.118+0000] {processor.py:927} WARNING - No viable dags retrieved from /home/ec2-user/environment/lab4_model_training/venv/lib64/python3.12/site-packages/airflow/example_dags/plugins/event_listener.py
[2026-05-09T19:38:24.125+0000] {processor.py:208} INFO - Processing /home/ec2-user/environment/lab4_model_training/venv/lib64/python3.12/site-packages/airflow/example_dags/plugins/event_listener.py took 0.017 seconds
[2026-05-09T19:39:32.130+0000] {processor.py:186} INFO - Started process (PID=32221) to work on /home/ec2-user/environment/lab4_model_training/venv/lib64/python3.12/site-packages/airflow/example_dags/plugins/event_listener.py
[2026-05-09T19:39:32.131+0000] {processor.py:914} INFO - Processing file /home/ec2-user/environment/lab4_model_training/venv/lib64/python3.12/site-packages/airflow/example_dags/plugins/event_listener.py for tasks to queue
[2026-05-09T19:39:32.133+0000] {logging_mixin.py:190} INFO - [2026-05-09T19:39:32.132+0000] {dagbag.py:588} INFO - Filling up the DagBag from /home/ec2-user/environment/lab4_model_training/venv/lib64/python3.12/site-packages/airflow/example_dags/plugins/event_listener.py
[2026-05-09T19:39:32.134+0000] {processor.py:927} WARNING - No viable dags retrieved from /home/ec2-user/environment/lab4_model_training/venv/lib64/python3.12/site-packages/airflow/example_dags/plugins/event_listener.py
[2026-05-09T19:39:32.142+0000] {processor.py:208} INFO - Processing /home/ec2-user/environment/lab4_model_training/venv/lib64/python3.12/site-packages/airflow/example_dags/plugins/event_listener.py took 0.017 seconds
[2026-05-09T19:40:41.864+0000] {processor.py:186} INFO - Started process (PID=32364) to work on /home/ec2-user/environment/lab4_model_training/venv/lib64/python3.12/site-packages/airflow/example_dags/plugins/event_listener.py
[2026-05-09T19:40:41.865+0000] {processor.py:914} INFO - Processing file /home/ec2-user/environment/lab4_model_training/venv/lib64/python3.12/site-packages/airflow/example_dags/plugins/event_listener.py for tasks to queue
[2026-05-09T19:40:41.866+0000] {logging_mixin.py:190} INFO - [2026-05-09T19:40:41.866+0000] {dagbag.py:588} INFO - Filling up the DagBag from /home/ec2-user/environment/lab4_model_training/venv/lib64/python3.12/site-packages/airflow/example_dags/plugins/event_listener.py
[2026-05-09T19:40:41.868+0000] {processor.py:927} WARNING - No viable dags retrieved from /home/ec2-user/environment/lab4_model_training/venv/lib64/python3.12/site-packages/airflow/example_dags/plugins/event_listener.py
[2026-05-09T19:40:41.876+0000] {processor.py:208} INFO - Processing /home/ec2-user/environment/lab4_model_training/venv/lib64/python3.12/site-packages/airflow/example_dags/plugins/event_listener.py took 0.017 seconds
[2026-05-09T19:41:48.098+0000] {processor.py:186} INFO - Started process (PID=32457) to work on /home/ec2-user/environment/lab4_model_training/venv/lib64/python3.12/site-packages/airflow/example_dags/plugins/event_listener.py
[2026-05-09T19:41:48.099+0000] {processor.py:914} INFO - Processing file /home/ec2-user/environment/lab4_model_training/venv/lib64/python3.12/site-packages/airflow/example_dags/plugins/event_listener.py for tasks to queue
[2026-05-09T19:41:48.100+0000] {logging_mixin.py:190} INFO - [2026-05-09T19:41:48.100+0000] {dagbag.py:588} INFO - Filling up the DagBag from /home/ec2-user/environment/lab4_model_training/venv/lib64/python3.12/site-packages/airflow/example_dags/plugins/event_listener.py
[2026-05-09T19:41:48.102+0000] {processor.py:927} WARNING - No viable dags retrieved from /home/ec2-user/environment/lab4_model_training/venv/lib64/python3.12/site-packages/airflow/example_dags/plugins/event_listener.py
[2026-05-09T19:41:48.110+0000] {processor.py:208} INFO - Processing /home/ec2-user/environment/lab4_model_training/venv/lib64/python3.12/site-packages/airflow/example_dags/plugins/event_listener.py took 0.017 seconds
[2026-05-09T19:42:56.831+0000] {processor.py:186} INFO - Started process (PID=32598) to work on /home/ec2-user/environment/lab4_model_training/venv/lib64/python3.12/site-packages/airflow/example_dags/plugins/event_listener.py
[2026-05-09T19:42:56.832+0000] {processor.py:914} INFO - Processing file /home/ec2-user/environment/lab4_model_training/venv/lib64/python3.12/site-packages/airflow/example_dags/plugins/event_listener.py for tasks to queue
[2026-05-09T19:42:56.834+0000] {logging_mixin.py:190} INFO - [2026-05-09T19:42:56.834+0000] {dagbag.py:588} INFO - Filling up the DagBag from /home/ec2-user/environment/lab4_model_training/venv/lib64/python3.12/site-packages/airflow/example_dags/plugins/event_listener.py
[2026-05-09T19:42:56.836+0000] {processor.py:927} WARNING - No viable dags retrieved from /home/ec2-user/environment/lab4_model_training/venv/lib64/python3.12/site-packages/airflow/example_dags/plugins/event_listener.py
[2026-05-09T19:42:56.843+0000] {processor.py:208} INFO - Processing /home/ec2-user/environment/lab4_model_training/venv/lib64/python3.12/site-packages/airflow/example_dags/plugins/event_listener.py took 0.017 seconds
[2026-05-09T19:44:01.301+0000] {processor.py:186} INFO - Started process (PID=33004) to work on /home/ec2-user/environment/lab4_model_training/venv/lib64/python3.12/site-packages/airflow/example_dags/plugins/event_listener.py
[2026-05-09T19:44:01.302+0000] {processor.py:914} INFO - Processing file /home/ec2-user/environment/lab4_model_training/venv/lib64/python3.12/site-packages/airflow/example_dags/plugins/event_listener.py for tasks to queue
[2026-05-09T19:44:01.304+0000] {logging_mixin.py:190} INFO - [2026-05-09T19:44:01.304+0000] {dagbag.py:588} INFO - Filling up the DagBag from /home/ec2-user/environment/lab4_model_training/venv/lib64/python3.12/site-packages/airflow/example_dags/plugins/event_listener.py
[2026-05-09T19:44:01.306+0000] {processor.py:927} WARNING - No viable dags retrieved from /home/ec2-user/environment/lab4_model_training/venv/lib64/python3.12/site-packages/airflow/example_dags/plugins/event_listener.py
[2026-05-09T19:44:01.313+0000] {processor.py:208} INFO - Processing /home/ec2-user/environment/lab4_model_training/venv/lib64/python3.12/site-packages/airflow/example_dags/plugins/event_listener.py took 0.017 seconds
[2026-05-09T19:45:07.033+0000] {processor.py:186} INFO - Started process (PID=33176) to work on /home/ec2-user/environment/lab4_model_training/venv/lib64/python3.12/site-packages/airflow/example_dags/plugins/event_listener.py
[2026-05-09T19:45:07.034+0000] {processor.py:914} INFO - Processing file /home/ec2-user/environment/lab4_model_training/venv/lib64/python3.12/site-packages/airflow/example_dags/plugins/event_listener.py for tasks to queue
[2026-05-09T19:45:07.035+0000] {logging_mixin.py:190} INFO - [2026-05-09T19:45:07.035+0000] {dagbag.py:588} INFO - Filling up the DagBag from /home/ec2-user/environment/lab4_model_training/venv/lib64/python3.12/site-packages/airflow/example_dags/plugins/event_listener.py
[2026-05-09T19:45:07.037+0000] {processor.py:927} WARNING - No viable dags retrieved from /home/ec2-user/environment/lab4_model_training/venv/lib64/python3.12/site-packages/airflow/example_dags/plugins/event_listener.py
[2026-05-09T19:45:07.045+0000] {processor.py:208} INFO - Processing /home/ec2-user/environment/lab4_model_training/venv/lib64/python3.12/site-packages/airflow/example_dags/plugins/event_listener.py took 0.017 seconds
[2026-05-09T19:46:14.109+0000] {processor.py:186} INFO - Started process (PID=33344) to work on /home/ec2-user/environment/lab4_model_training/venv/lib64/python3.12/site-packages/airflow/example_dags/plugins/event_listener.py
[2026-05-09T19:46:14.110+0000] {processor.py:914} INFO - Processing file /home/ec2-user/environment/lab4_model_training/venv/lib64/python3.12/site-packages/airflow/example_dags/plugins/event_listener.py for tasks to queue
[2026-05-09T19:46:14.111+0000] {logging_mixin.py:190} INFO - [2026-05-09T19:46:14.111+0000] {dagbag.py:588} INFO - Filling up the DagBag from /home/ec2-user/environment/lab4_model_training/venv/lib64/python3.12/site-packages/airflow/example_dags/plugins/event_listener.py
[2026-05-09T19:46:14.113+0000] {processor.py:927} WARNING - No viable dags retrieved from /home/ec2-user/environment/lab4_model_training/venv/lib64/python3.12/site-packages/airflow/example_dags/plugins/event_listener.py
[2026-05-09T19:46:14.121+0000] {processor.py:208} INFO - Processing /home/ec2-user/environment/lab4_model_training/venv/lib64/python3.12/site-packages/airflow/example_dags/plugins/event_listener.py took 0.017 seconds
[2026-05-09T19:47:23.987+0000] {processor.py:186} INFO - Started process (PID=33518) to work on /home/ec2-user/environment/lab4_model_training/venv/lib64/python3.12/site-packages/airflow/example_dags/plugins/event_listener.py
[2026-05-09T19:47:23.988+0000] {processor.py:914} INFO - Processing file /home/ec2-user/environment/lab4_model_training/venv/lib64/python3.12/site-packages/airflow/example_dags/plugins/event_listener.py for tasks to queue
[2026-05-09T19:47:23.990+0000] {logging_mixin.py:190} INFO - [2026-05-09T19:47:23.990+0000] {dagbag.py:588} INFO - Filling up the DagBag from /home/ec2-user/environment/lab4_model_training/venv/lib64/python3.12/site-packages/airflow/example_dags/plugins/event_listener.py
[2026-05-09T19:47:23.992+0000] {processor.py:927} WARNING - No viable dags retrieved from /home/ec2-user/environment/lab4_model_training/venv/lib64/python3.12/site-packages/airflow/example_dags/plugins/event_listener.py
[2026-05-09T19:47:24.000+0000] {processor.py:208} INFO - Processing /home/ec2-user/environment/lab4_model_training/venv/lib64/python3.12/site-packages/airflow/example_dags/plugins/event_listener.py took 0.017 seconds
[2026-05-09T19:48:31.951+0000] {processor.py:186} INFO - Started process (PID=33646) to work on /home/ec2-user/environment/lab4_model_training/venv/lib64/python3.12/site-packages/airflow/example_dags/plugins/event_listener.py
[2026-05-09T19:48:31.952+0000] {processor.py:914} INFO - Processing file /home/ec2-user/environment/lab4_model_training/venv/lib64/python3.12/site-packages/airflow/example_dags/plugins/event_listener.py for tasks to queue
[2026-05-09T19:48:31.953+0000] {logging_mixin.py:190} INFO - [2026-05-09T19:48:31.953+0000] {dagbag.py:588} INFO - Filling up the DagBag from /home/ec2-user/environment/lab4_model_training/venv/lib64/python3.12/site-packages/airflow/example_dags/plugins/event_listener.py
[2026-05-09T19:48:31.955+0000] {processor.py:927} WARNING - No viable dags retrieved from /home/ec2-user/environment/lab4_model_training/venv/lib64/python3.12/site-packages/airflow/example_dags/plugins/event_listener.py
[2026-05-09T19:48:31.963+0000] {processor.py:208} INFO - Processing /home/ec2-user/environment/lab4_model_training/venv/lib64/python3.12/site-packages/airflow/example_dags/plugins/event_listener.py took 0.016 seconds
[2026-05-09T19:50:30.980+0000] {processor.py:186} INFO - Started process (PID=33994) to work on /home/ec2-user/environment/lab4_model_training/venv/lib64/python3.12/site-packages/airflow/example_dags/plugins/event_listener.py
[2026-05-09T19:50:30.981+0000] {processor.py:914} INFO - Processing file /home/ec2-user/environment/lab4_model_training/venv/lib64/python3.12/site-packages/airflow/example_dags/plugins/event_listener.py for tasks to queue
[2026-05-09T19:50:30.983+0000] {logging_mixin.py:190} INFO - [2026-05-09T19:50:30.982+0000] {dagbag.py:588} INFO - Filling up the DagBag from /home/ec2-user/environment/lab4_model_training/venv/lib64/python3.12/site-packages/airflow/example_dags/plugins/event_listener.py
[2026-05-09T19:50:30.984+0000] {processor.py:927} WARNING - No viable dags retrieved from /home/ec2-user/environment/lab4_model_training/venv/lib64/python3.12/site-packages/airflow/example_dags/plugins/event_listener.py
[2026-05-09T19:50:30.992+0000] {processor.py:208} INFO - Processing /home/ec2-user/environment/lab4_model_training/venv/lib64/python3.12/site-packages/airflow/example_dags/plugins/event_listener.py took 0.017 seconds
[2026-05-09T19:51:31.949+0000] {processor.py:186} INFO - Started process (PID=34185) to work on /home/ec2-user/environment/lab4_model_training/venv/lib64/python3.12/site-packages/airflow/example_dags/plugins/event_listener.py
[2026-05-09T19:51:31.950+0000] {processor.py:914} INFO - Processing file /home/ec2-user/environment/lab4_model_training/venv/lib64/python3.12/site-packages/airflow/example_dags/plugins/event_listener.py for tasks to queue
[2026-05-09T19:51:31.952+0000] {logging_mixin.py:190} INFO - [2026-05-09T19:51:31.951+0000] {dagbag.py:588} INFO - Filling up the DagBag from /home/ec2-user/environment/lab4_model_training/venv/lib64/python3.12/site-packages/airflow/example_dags/plugins/event_listener.py
[2026-05-09T19:51:31.953+0000] {processor.py:927} WARNING - No viable dags retrieved from /home/ec2-user/environment/lab4_model_training/venv/lib64/python3.12/site-packages/airflow/example_dags/plugins/event_listener.py
[2026-05-09T19:51:31.961+0000] {processor.py:208} INFO - Processing /home/ec2-user/environment/lab4_model_training/venv/lib64/python3.12/site-packages/airflow/example_dags/plugins/event_listener.py took 0.017 seconds
[2026-05-09T19:52:33.050+0000] {processor.py:186} INFO - Started process (PID=34484) to work on /home/ec2-user/environment/lab4_model_training/venv/lib64/python3.12/site-packages/airflow/example_dags/plugins/event_listener.py
[2026-05-09T19:52:33.052+0000] {processor.py:914} INFO - Processing file /home/ec2-user/environment/lab4_model_training/venv/lib64/python3.12/site-packages/airflow/example_dags/plugins/event_listener.py for tasks to queue
[2026-05-09T19:52:33.053+0000] {logging_mixin.py:190} INFO - [2026-05-09T19:52:33.053+0000] {dagbag.py:588} INFO - Filling up the DagBag from /home/ec2-user/environment/lab4_model_training/venv/lib64/python3.12/site-packages/airflow/example_dags/plugins/event_listener.py
[2026-05-09T19:52:33.055+0000] {processor.py:927} WARNING - No viable dags retrieved from /home/ec2-user/environment/lab4_model_training/venv/lib64/python3.12/site-packages/airflow/example_dags/plugins/event_listener.py
[2026-05-09T19:52:33.063+0000] {processor.py:208} INFO - Processing /home/ec2-user/environment/lab4_model_training/venv/lib64/python3.12/site-packages/airflow/example_dags/plugins/event_listener.py took 0.017 seconds
[2026-05-09T19:53:37.932+0000] {processor.py:186} INFO - Started process (PID=34682) to work on /home/ec2-user/environment/lab4_model_training/venv/lib64/python3.12/site-packages/airflow/example_dags/plugins/event_listener.py
[2026-05-09T19:53:37.934+0000] {processor.py:914} INFO - Processing file /home/ec2-user/environment/lab4_model_training/venv/lib64/python3.12/site-packages/airflow/example_dags/plugins/event_listener.py for tasks to queue
[2026-05-09T19:53:37.935+0000] {logging_mixin.py:190} INFO - [2026-05-09T19:53:37.935+0000] {dagbag.py:588} INFO - Filling up the DagBag from /home/ec2-user/environment/lab4_model_training/venv/lib64/python3.12/site-packages/airflow/example_dags/plugins/event_listener.py
[2026-05-09T19:53:37.937+0000] {processor.py:927} WARNING - No viable dags retrieved from /home/ec2-user/environment/lab4_model_training/venv/lib64/python3.12/site-packages/airflow/example_dags/plugins/event_listener.py
[2026-05-09T19:53:37.945+0000] {processor.py:208} INFO - Processing /home/ec2-user/environment/lab4_model_training/venv/lib64/python3.12/site-packages/airflow/example_dags/plugins/event_listener.py took 0.017 seconds
[2026-05-09T19:54:40.671+0000] {processor.py:186} INFO - Started process (PID=34812) to work on /home/ec2-user/environment/lab4_model_training/venv/lib64/python3.12/site-packages/airflow/example_dags/plugins/event_listener.py
[2026-05-09T19:54:40.672+0000] {processor.py:914} INFO - Processing file /home/ec2-user/environment/lab4_model_training/venv/lib64/python3.12/site-packages/airflow/example_dags/plugins/event_listener.py for tasks to queue
[2026-05-09T19:54:40.673+0000] {logging_mixin.py:190} INFO - [2026-05-09T19:54:40.673+0000] {dagbag.py:588} INFO - Filling up the DagBag from /home/ec2-user/environment/lab4_model_training/venv/lib64/python3.12/site-packages/airflow/example_dags/plugins/event_listener.py
[2026-05-09T19:54:40.676+0000] {processor.py:927} WARNING - No viable dags retrieved from /home/ec2-user/environment/lab4_model_training/venv/lib64/python3.12/site-packages/airflow/example_dags/plugins/event_listener.py
[2026-05-09T19:54:40.683+0000] {processor.py:208} INFO - Processing /home/ec2-user/environment/lab4_model_training/venv/lib64/python3.12/site-packages/airflow/example_dags/plugins/event_listener.py took 0.016 seconds
[2026-05-09T19:55:49.609+0000] {processor.py:186} INFO - Started process (PID=34980) to work on /home/ec2-user/environment/lab4_model_training/venv/lib64/python3.12/site-packages/airflow/example_dags/plugins/event_listener.py
[2026-05-09T19:55:49.611+0000] {processor.py:914} INFO - Processing file /home/ec2-user/environment/lab4_model_training/venv/lib64/python3.12/site-packages/airflow/example_dags/plugins/event_listener.py for tasks to queue
[2026-05-09T19:55:49.612+0000] {logging_mixin.py:190} INFO - [2026-05-09T19:55:49.612+0000] {dagbag.py:588} INFO - Filling up the DagBag from /home/ec2-user/environment/lab4_model_training/venv/lib64/python3.12/site-packages/airflow/example_dags/plugins/event_listener.py
[2026-05-09T19:55:49.614+0000] {processor.py:927} WARNING - No viable dags retrieved from /home/ec2-user/environment/lab4_model_training/venv/lib64/python3.12/site-packages/airflow/example_dags/plugins/event_listener.py
[2026-05-09T19:55:49.622+0000] {processor.py:208} INFO - Processing /home/ec2-user/environment/lab4_model_training/venv/lib64/python3.12/site-packages/airflow/example_dags/plugins/event_listener.py took 0.017 seconds
[2026-05-09T19:56:55.516+0000] {processor.py:186} INFO - Started process (PID=35105) to work on /home/ec2-user/environment/lab4_model_training/venv/lib64/python3.12/site-packages/airflow/example_dags/plugins/event_listener.py
[2026-05-09T19:56:55.517+0000] {processor.py:914} INFO - Processing file /home/ec2-user/environment/lab4_model_training/venv/lib64/python3.12/site-packages/airflow/example_dags/plugins/event_listener.py for tasks to queue
[2026-05-09T19:56:55.519+0000] {logging_mixin.py:190} INFO - [2026-05-09T19:56:55.518+0000] {dagbag.py:588} INFO - Filling up the DagBag from /home/ec2-user/environment/lab4_model_training/venv/lib64/python3.12/site-packages/airflow/example_dags/plugins/event_listener.py
[2026-05-09T19:56:55.521+0000] {processor.py:927} WARNING - No viable dags retrieved from /home/ec2-user/environment/lab4_model_training/venv/lib64/python3.12/site-packages/airflow/example_dags/plugins/event_listener.py
[2026-05-09T19:56:55.528+0000] {processor.py:208} INFO - Processing /home/ec2-user/environment/lab4_model_training/venv/lib64/python3.12/site-packages/airflow/example_dags/plugins/event_listener.py took 0.016 seconds
[2026-05-09T19:57:59.327+0000] {processor.py:186} INFO - Started process (PID=35272) to work on /home/ec2-user/environment/lab4_model_training/venv/lib64/python3.12/site-packages/airflow/example_dags/plugins/event_listener.py
[2026-05-09T19:57:59.328+0000] {processor.py:914} INFO - Processing file /home/ec2-user/environment/lab4_model_training/venv/lib64/python3.12/site-packages/airflow/example_dags/plugins/event_listener.py for tasks to queue
[2026-05-09T19:57:59.329+0000] {logging_mixin.py:190} INFO - [2026-05-09T19:57:59.329+0000] {dagbag.py:588} INFO - Filling up the DagBag from /home/ec2-user/environment/lab4_model_training/venv/lib64/python3.12/site-packages/airflow/example_dags/plugins/event_listener.py
[2026-05-09T19:57:59.331+0000] {processor.py:927} WARNING - No viable dags retrieved from /home/ec2-user/environment/lab4_model_training/venv/lib64/python3.12/site-packages/airflow/example_dags/plugins/event_listener.py
[2026-05-09T19:57:59.339+0000] {processor.py:208} INFO - Processing /home/ec2-user/environment/lab4_model_training/venv/lib64/python3.12/site-packages/airflow/example_dags/plugins/event_listener.py took 0.017 seconds
[2026-05-09T19:59:03.548+0000] {processor.py:186} INFO - Started process (PID=35429) to work on /home/ec2-user/environment/lab4_model_training/venv/lib64/python3.12/site-packages/airflow/example_dags/plugins/event_listener.py
[2026-05-09T19:59:03.549+0000] {processor.py:914} INFO - Processing file /home/ec2-user/environment/lab4_model_training/venv/lib64/python3.12/site-packages/airflow/example_dags/plugins/event_listener.py for tasks to queue
[2026-05-09T19:59:03.551+0000] {logging_mixin.py:190} INFO - [2026-05-09T19:59:03.551+0000] {dagbag.py:588} INFO - Filling up the DagBag from /home/ec2-user/environment/lab4_model_training/venv/lib64/python3.12/site-packages/airflow/example_dags/plugins/event_listener.py
[2026-05-09T19:59:03.553+0000] {processor.py:927} WARNING - No viable dags retrieved from /home/ec2-user/environment/lab4_model_training/venv/lib64/python3.12/site-packages/airflow/example_dags/plugins/event_listener.py
[2026-05-09T19:59:03.561+0000] {processor.py:208} INFO - Processing /home/ec2-user/environment/lab4_model_training/venv/lib64/python3.12/site-packages/airflow/example_dags/plugins/event_listener.py took 0.017 seconds
