[2026-05-09T18:55:16.295+0000] {processor.py:186} INFO - Started process (PID=19075) to work on /home/ec2-user/environment/lab4_model_training/venv/lib64/python3.12/site-packages/airflow/example_dags/plugins/workday.py
[2026-05-09T18:55:16.296+0000] {processor.py:914} INFO - Processing file /home/ec2-user/environment/lab4_model_training/venv/lib64/python3.12/site-packages/airflow/example_dags/plugins/workday.py for tasks to queue
[2026-05-09T18:55:16.297+0000] {logging_mixin.py:190} INFO - [2026-05-09T18:55:16.297+0000] {dagbag.py:588} INFO - Filling up the DagBag from /home/ec2-user/environment/lab4_model_training/venv/lib64/python3.12/site-packages/airflow/example_dags/plugins/workday.py
[2026-05-09T18:55:16.299+0000] {processor.py:927} WARNING - No viable dags retrieved from /home/ec2-user/environment/lab4_model_training/venv/lib64/python3.12/site-packages/airflow/example_dags/plugins/workday.py
[2026-05-09T18:55:16.307+0000] {processor.py:208} INFO - Processing /home/ec2-user/environment/lab4_model_training/venv/lib64/python3.12/site-packages/airflow/example_dags/plugins/workday.py took 0.016 seconds
[2026-05-09T18:56:21.314+0000] {processor.py:186} INFO - Started process (PID=19505) to work on /home/ec2-user/environment/lab4_model_training/venv/lib64/python3.12/site-packages/airflow/example_dags/plugins/workday.py
[2026-05-09T18:56:21.315+0000] {processor.py:914} INFO - Processing file /home/ec2-user/environment/lab4_model_training/venv/lib64/python3.12/site-packages/airflow/example_dags/plugins/workday.py for tasks to queue
[2026-05-09T18:56:21.317+0000] {logging_mixin.py:190} INFO - [2026-05-09T18:56:21.317+0000] {dagbag.py:588} INFO - Filling up the DagBag from /home/ec2-user/environment/lab4_model_training/venv/lib64/python3.12/site-packages/airflow/example_dags/plugins/workday.py
[2026-05-09T18:56:21.319+0000] {processor.py:927} WARNING - No viable dags retrieved from /home/ec2-user/environment/lab4_model_training/venv/lib64/python3.12/site-packages/airflow/example_dags/plugins/workday.py
[2026-05-09T18:56:21.327+0000] {processor.py:208} INFO - Processing /home/ec2-user/environment/lab4_model_training/venv/lib64/python3.12/site-packages/airflow/example_dags/plugins/workday.py took 0.017 seconds
[2026-05-09T18:57:29.006+0000] {processor.py:186} INFO - Started process (PID=19859) to work on /home/ec2-user/environment/lab4_model_training/venv/lib64/python3.12/site-packages/airflow/example_dags/plugins/workday.py
[2026-05-09T18:57:29.008+0000] {processor.py:914} INFO - Processing file /home/ec2-user/environment/lab4_model_training/venv/lib64/python3.12/site-packages/airflow/example_dags/plugins/workday.py for tasks to queue
[2026-05-09T18:57:29.009+0000] {logging_mixin.py:190} INFO - [2026-05-09T18:57:29.009+0000] {dagbag.py:588} INFO - Filling up the DagBag from /home/ec2-user/environment/lab4_model_training/venv/lib64/python3.12/site-packages/airflow/example_dags/plugins/workday.py
[2026-05-09T18:57:29.012+0000] {processor.py:927} WARNING - No viable dags retrieved from /home/ec2-user/environment/lab4_model_training/venv/lib64/python3.12/site-packages/airflow/example_dags/plugins/workday.py
[2026-05-09T18:57:29.020+0000] {processor.py:208} INFO - Processing /home/ec2-user/environment/lab4_model_training/venv/lib64/python3.12/site-packages/airflow/example_dags/plugins/workday.py took 0.018 seconds
[2026-05-09T18:58:37.092+0000] {processor.py:186} INFO - Started process (PID=20206) to work on /home/ec2-user/environment/lab4_model_training/venv/lib64/python3.12/site-packages/airflow/example_dags/plugins/workday.py
[2026-05-09T18:58:37.093+0000] {processor.py:914} INFO - Processing file /home/ec2-user/environment/lab4_model_training/venv/lib64/python3.12/site-packages/airflow/example_dags/plugins/workday.py for tasks to queue
[2026-05-09T18:58:37.095+0000] {logging_mixin.py:190} INFO - [2026-05-09T18:58:37.094+0000] {dagbag.py:588} INFO - Filling up the DagBag from /home/ec2-user/environment/lab4_model_training/venv/lib64/python3.12/site-packages/airflow/example_dags/plugins/workday.py
[2026-05-09T18:58:37.097+0000] {processor.py:927} WARNING - No viable dags retrieved from /home/ec2-user/environment/lab4_model_training/venv/lib64/python3.12/site-packages/airflow/example_dags/plugins/workday.py
[2026-05-09T18:58:37.105+0000] {processor.py:208} INFO - Processing /home/ec2-user/environment/lab4_model_training/venv/lib64/python3.12/site-packages/airflow/example_dags/plugins/workday.py took 0.018 seconds
[2026-05-09T18:59:41.322+0000] {processor.py:186} INFO - Started process (PID=20552) to work on /home/ec2-user/environment/lab4_model_training/venv/lib64/python3.12/site-packages/airflow/example_dags/plugins/workday.py
[2026-05-09T18:59:41.324+0000] {processor.py:914} INFO - Processing file /home/ec2-user/environment/lab4_model_training/venv/lib64/python3.12/site-packages/airflow/example_dags/plugins/workday.py for tasks to queue
[2026-05-09T18:59:41.325+0000] {logging_mixin.py:190} INFO - [2026-05-09T18:59:41.325+0000] {dagbag.py:588} INFO - Filling up the DagBag from /home/ec2-user/environment/lab4_model_training/venv/lib64/python3.12/site-packages/airflow/example_dags/plugins/workday.py
[2026-05-09T18:59:41.327+0000] {processor.py:927} WARNING - No viable dags retrieved from /home/ec2-user/environment/lab4_model_training/venv/lib64/python3.12/site-packages/airflow/example_dags/plugins/workday.py
[2026-05-09T18:59:41.336+0000] {processor.py:208} INFO - Processing /home/ec2-user/environment/lab4_model_training/venv/lib64/python3.12/site-packages/airflow/example_dags/plugins/workday.py took 0.018 seconds
[2026-05-09T19:00:45.029+0000] {processor.py:186} INFO - Started process (PID=20838) to work on /home/ec2-user/environment/lab4_model_training/venv/lib64/python3.12/site-packages/airflow/example_dags/plugins/workday.py
[2026-05-09T19:00:45.031+0000] {processor.py:914} INFO - Processing file /home/ec2-user/environment/lab4_model_training/venv/lib64/python3.12/site-packages/airflow/example_dags/plugins/workday.py for tasks to queue
[2026-05-09T19:00:45.032+0000] {logging_mixin.py:190} INFO - [2026-05-09T19:00:45.032+0000] {dagbag.py:588} INFO - Filling up the DagBag from /home/ec2-user/environment/lab4_model_training/venv/lib64/python3.12/site-packages/airflow/example_dags/plugins/workday.py
[2026-05-09T19:00:45.034+0000] {processor.py:927} WARNING - No viable dags retrieved from /home/ec2-user/environment/lab4_model_training/venv/lib64/python3.12/site-packages/airflow/example_dags/plugins/workday.py
[2026-05-09T19:00:45.042+0000] {processor.py:208} INFO - Processing /home/ec2-user/environment/lab4_model_training/venv/lib64/python3.12/site-packages/airflow/example_dags/plugins/workday.py took 0.017 seconds
[2026-05-09T19:01:51.316+0000] {processor.py:186} INFO - Started process (PID=21162) to work on /home/ec2-user/environment/lab4_model_training/venv/lib64/python3.12/site-packages/airflow/example_dags/plugins/workday.py
[2026-05-09T19:01:51.317+0000] {processor.py:914} INFO - Processing file /home/ec2-user/environment/lab4_model_training/venv/lib64/python3.12/site-packages/airflow/example_dags/plugins/workday.py for tasks to queue
[2026-05-09T19:01:51.319+0000] {logging_mixin.py:190} INFO - [2026-05-09T19:01:51.319+0000] {dagbag.py:588} INFO - Filling up the DagBag from /home/ec2-user/environment/lab4_model_training/venv/lib64/python3.12/site-packages/airflow/example_dags/plugins/workday.py
[2026-05-09T19:01:51.321+0000] {processor.py:927} WARNING - No viable dags retrieved from /home/ec2-user/environment/lab4_model_training/venv/lib64/python3.12/site-packages/airflow/example_dags/plugins/workday.py
[2026-05-09T19:01:51.329+0000] {processor.py:208} INFO - Processing /home/ec2-user/environment/lab4_model_training/venv/lib64/python3.12/site-packages/airflow/example_dags/plugins/workday.py took 0.018 seconds
[2026-05-09T19:02:52.221+0000] {processor.py:186} INFO - Started process (PID=21530) to work on /home/ec2-user/environment/lab4_model_training/venv/lib64/python3.12/site-packages/airflow/example_dags/plugins/workday.py
[2026-05-09T19:02:52.222+0000] {processor.py:914} INFO - Processing file /home/ec2-user/environment/lab4_model_training/venv/lib64/python3.12/site-packages/airflow/example_dags/plugins/workday.py for tasks to queue
[2026-05-09T19:02:52.224+0000] {logging_mixin.py:190} INFO - [2026-05-09T19:02:52.224+0000] {dagbag.py:588} INFO - Filling up the DagBag from /home/ec2-user/environment/lab4_model_training/venv/lib64/python3.12/site-packages/airflow/example_dags/plugins/workday.py
[2026-05-09T19:02:52.226+0000] {processor.py:927} WARNING - No viable dags retrieved from /home/ec2-user/environment/lab4_model_training/venv/lib64/python3.12/site-packages/airflow/example_dags/plugins/workday.py
[2026-05-09T19:02:52.235+0000] {processor.py:208} INFO - Processing /home/ec2-user/environment/lab4_model_training/venv/lib64/python3.12/site-packages/airflow/example_dags/plugins/workday.py took 0.018 seconds
[2026-05-09T19:03:57.234+0000] {processor.py:186} INFO - Started process (PID=21834) to work on /home/ec2-user/environment/lab4_model_training/venv/lib64/python3.12/site-packages/airflow/example_dags/plugins/workday.py
[2026-05-09T19:03:57.235+0000] {processor.py:914} INFO - Processing file /home/ec2-user/environment/lab4_model_training/venv/lib64/python3.12/site-packages/airflow/example_dags/plugins/workday.py for tasks to queue
[2026-05-09T19:03:57.237+0000] {logging_mixin.py:190} INFO - [2026-05-09T19:03:57.237+0000] {dagbag.py:588} INFO - Filling up the DagBag from /home/ec2-user/environment/lab4_model_training/venv/lib64/python3.12/site-packages/airflow/example_dags/plugins/workday.py
[2026-05-09T19:03:57.239+0000] {processor.py:927} WARNING - No viable dags retrieved from /home/ec2-user/environment/lab4_model_training/venv/lib64/python3.12/site-packages/airflow/example_dags/plugins/workday.py
[2026-05-09T19:03:57.247+0000] {processor.py:208} INFO - Processing /home/ec2-user/environment/lab4_model_training/venv/lib64/python3.12/site-packages/airflow/example_dags/plugins/workday.py took 0.017 seconds
[2026-05-09T19:05:00.753+0000] {processor.py:186} INFO - Started process (PID=22262) to work on /home/ec2-user/environment/lab4_model_training/venv/lib64/python3.12/site-packages/airflow/example_dags/plugins/workday.py
[2026-05-09T19:05:00.754+0000] {processor.py:914} INFO - Processing file /home/ec2-user/environment/lab4_model_training/venv/lib64/python3.12/site-packages/airflow/example_dags/plugins/workday.py for tasks to queue
[2026-05-09T19:05:00.756+0000] {logging_mixin.py:190} INFO - [2026-05-09T19:05:00.755+0000] {dagbag.py:588} INFO - Filling up the DagBag from /home/ec2-user/environment/lab4_model_training/venv/lib64/python3.12/site-packages/airflow/example_dags/plugins/workday.py
[2026-05-09T19:05:00.758+0000] {processor.py:927} WARNING - No viable dags retrieved from /home/ec2-user/environment/lab4_model_training/venv/lib64/python3.12/site-packages/airflow/example_dags/plugins/workday.py
[2026-05-09T19:05:00.765+0000] {processor.py:208} INFO - Processing /home/ec2-user/environment/lab4_model_training/venv/lib64/python3.12/site-packages/airflow/example_dags/plugins/workday.py took 0.017 seconds
[2026-05-09T19:06:02.312+0000] {processor.py:186} INFO - Started process (PID=22613) to work on /home/ec2-user/environment/lab4_model_training/venv/lib64/python3.12/site-packages/airflow/example_dags/plugins/workday.py
[2026-05-09T19:06:02.314+0000] {processor.py:914} INFO - Processing file /home/ec2-user/environment/lab4_model_training/venv/lib64/python3.12/site-packages/airflow/example_dags/plugins/workday.py for tasks to queue
[2026-05-09T19:06:02.315+0000] {logging_mixin.py:190} INFO - [2026-05-09T19:06:02.315+0000] {dagbag.py:588} INFO - Filling up the DagBag from /home/ec2-user/environment/lab4_model_training/venv/lib64/python3.12/site-packages/airflow/example_dags/plugins/workday.py
[2026-05-09T19:06:02.317+0000] {processor.py:927} WARNING - No viable dags retrieved from /home/ec2-user/environment/lab4_model_training/venv/lib64/python3.12/site-packages/airflow/example_dags/plugins/workday.py
[2026-05-09T19:06:02.325+0000] {processor.py:208} INFO - Processing /home/ec2-user/environment/lab4_model_training/venv/lib64/python3.12/site-packages/airflow/example_dags/plugins/workday.py took 0.017 seconds
[2026-05-09T19:07:08.387+0000] {processor.py:186} INFO - Started process (PID=22958) to work on /home/ec2-user/environment/lab4_model_training/venv/lib64/python3.12/site-packages/airflow/example_dags/plugins/workday.py
[2026-05-09T19:07:08.388+0000] {processor.py:914} INFO - Processing file /home/ec2-user/environment/lab4_model_training/venv/lib64/python3.12/site-packages/airflow/example_dags/plugins/workday.py for tasks to queue
[2026-05-09T19:07:08.390+0000] {logging_mixin.py:190} INFO - [2026-05-09T19:07:08.390+0000] {dagbag.py:588} INFO - Filling up the DagBag from /home/ec2-user/environment/lab4_model_training/venv/lib64/python3.12/site-packages/airflow/example_dags/plugins/workday.py
[2026-05-09T19:07:08.392+0000] {processor.py:927} WARNING - No viable dags retrieved from /home/ec2-user/environment/lab4_model_training/venv/lib64/python3.12/site-packages/airflow/example_dags/plugins/workday.py
[2026-05-09T19:07:08.400+0000] {processor.py:208} INFO - Processing /home/ec2-user/environment/lab4_model_training/venv/lib64/python3.12/site-packages/airflow/example_dags/plugins/workday.py took 0.018 seconds
[2026-05-09T19:08:12.820+0000] {processor.py:186} INFO - Started process (PID=23258) to work on /home/ec2-user/environment/lab4_model_training/venv/lib64/python3.12/site-packages/airflow/example_dags/plugins/workday.py
[2026-05-09T19:08:12.822+0000] {processor.py:914} INFO - Processing file /home/ec2-user/environment/lab4_model_training/venv/lib64/python3.12/site-packages/airflow/example_dags/plugins/workday.py for tasks to queue
[2026-05-09T19:08:12.823+0000] {logging_mixin.py:190} INFO - [2026-05-09T19:08:12.823+0000] {dagbag.py:588} INFO - Filling up the DagBag from /home/ec2-user/environment/lab4_model_training/venv/lib64/python3.12/site-packages/airflow/example_dags/plugins/workday.py
[2026-05-09T19:08:12.825+0000] {processor.py:927} WARNING - No viable dags retrieved from /home/ec2-user/environment/lab4_model_training/venv/lib64/python3.12/site-packages/airflow/example_dags/plugins/workday.py
[2026-05-09T19:08:12.833+0000] {processor.py:208} INFO - Processing /home/ec2-user/environment/lab4_model_training/venv/lib64/python3.12/site-packages/airflow/example_dags/plugins/workday.py took 0.018 seconds
[2026-05-09T19:09:15.817+0000] {processor.py:186} INFO - Started process (PID=23599) to work on /home/ec2-user/environment/lab4_model_training/venv/lib64/python3.12/site-packages/airflow/example_dags/plugins/workday.py
[2026-05-09T19:09:15.818+0000] {processor.py:914} INFO - Processing file /home/ec2-user/environment/lab4_model_training/venv/lib64/python3.12/site-packages/airflow/example_dags/plugins/workday.py for tasks to queue
[2026-05-09T19:09:15.820+0000] {logging_mixin.py:190} INFO - [2026-05-09T19:09:15.819+0000] {dagbag.py:588} INFO - Filling up the DagBag from /home/ec2-user/environment/lab4_model_training/venv/lib64/python3.12/site-packages/airflow/example_dags/plugins/workday.py
[2026-05-09T19:09:15.822+0000] {processor.py:927} WARNING - No viable dags retrieved from /home/ec2-user/environment/lab4_model_training/venv/lib64/python3.12/site-packages/airflow/example_dags/plugins/workday.py
[2026-05-09T19:09:15.830+0000] {processor.py:208} INFO - Processing /home/ec2-user/environment/lab4_model_training/venv/lib64/python3.12/site-packages/airflow/example_dags/plugins/workday.py took 0.017 seconds
[2026-05-09T19:10:21.482+0000] {processor.py:186} INFO - Started process (PID=23923) to work on /home/ec2-user/environment/lab4_model_training/venv/lib64/python3.12/site-packages/airflow/example_dags/plugins/workday.py
[2026-05-09T19:10:21.484+0000] {processor.py:914} INFO - Processing file /home/ec2-user/environment/lab4_model_training/venv/lib64/python3.12/site-packages/airflow/example_dags/plugins/workday.py for tasks to queue
[2026-05-09T19:10:21.486+0000] {logging_mixin.py:190} INFO - [2026-05-09T19:10:21.486+0000] {dagbag.py:588} INFO - Filling up the DagBag from /home/ec2-user/environment/lab4_model_training/venv/lib64/python3.12/site-packages/airflow/example_dags/plugins/workday.py
[2026-05-09T19:10:21.488+0000] {processor.py:927} WARNING - No viable dags retrieved from /home/ec2-user/environment/lab4_model_training/venv/lib64/python3.12/site-packages/airflow/example_dags/plugins/workday.py
[2026-05-09T19:10:21.496+0000] {processor.py:208} INFO - Processing /home/ec2-user/environment/lab4_model_training/venv/lib64/python3.12/site-packages/airflow/example_dags/plugins/workday.py took 0.018 seconds
[2026-05-09T19:11:29.510+0000] {processor.py:186} INFO - Started process (PID=24363) to work on /home/ec2-user/environment/lab4_model_training/venv/lib64/python3.12/site-packages/airflow/example_dags/plugins/workday.py
[2026-05-09T19:11:29.511+0000] {processor.py:914} INFO - Processing file /home/ec2-user/environment/lab4_model_training/venv/lib64/python3.12/site-packages/airflow/example_dags/plugins/workday.py for tasks to queue
[2026-05-09T19:11:29.513+0000] {logging_mixin.py:190} INFO - [2026-05-09T19:11:29.512+0000] {dagbag.py:588} INFO - Filling up the DagBag from /home/ec2-user/environment/lab4_model_training/venv/lib64/python3.12/site-packages/airflow/example_dags/plugins/workday.py
[2026-05-09T19:11:29.515+0000] {processor.py:927} WARNING - No viable dags retrieved from /home/ec2-user/environment/lab4_model_training/venv/lib64/python3.12/site-packages/airflow/example_dags/plugins/workday.py
[2026-05-09T19:11:29.523+0000] {processor.py:208} INFO - Processing /home/ec2-user/environment/lab4_model_training/venv/lib64/python3.12/site-packages/airflow/example_dags/plugins/workday.py took 0.017 seconds
[2026-05-09T19:12:37.742+0000] {processor.py:186} INFO - Started process (PID=24761) to work on /home/ec2-user/environment/lab4_model_training/venv/lib64/python3.12/site-packages/airflow/example_dags/plugins/workday.py
[2026-05-09T19:12:37.743+0000] {processor.py:914} INFO - Processing file /home/ec2-user/environment/lab4_model_training/venv/lib64/python3.12/site-packages/airflow/example_dags/plugins/workday.py for tasks to queue
[2026-05-09T19:12:37.744+0000] {logging_mixin.py:190} INFO - [2026-05-09T19:12:37.744+0000] {dagbag.py:588} INFO - Filling up the DagBag from /home/ec2-user/environment/lab4_model_training/venv/lib64/python3.12/site-packages/airflow/example_dags/plugins/workday.py
[2026-05-09T19:12:37.746+0000] {processor.py:927} WARNING - No viable dags retrieved from /home/ec2-user/environment/lab4_model_training/venv/lib64/python3.12/site-packages/airflow/example_dags/plugins/workday.py
[2026-05-09T19:12:37.754+0000] {processor.py:208} INFO - Processing /home/ec2-user/environment/lab4_model_training/venv/lib64/python3.12/site-packages/airflow/example_dags/plugins/workday.py took 0.017 seconds
[2026-05-09T19:13:43.421+0000] {processor.py:186} INFO - Started process (PID=25060) to work on /home/ec2-user/environment/lab4_model_training/venv/lib64/python3.12/site-packages/airflow/example_dags/plugins/workday.py
[2026-05-09T19:13:43.422+0000] {processor.py:914} INFO - Processing file /home/ec2-user/environment/lab4_model_training/venv/lib64/python3.12/site-packages/airflow/example_dags/plugins/workday.py for tasks to queue
[2026-05-09T19:13:43.425+0000] {logging_mixin.py:190} INFO - [2026-05-09T19:13:43.425+0000] {dagbag.py:588} INFO - Filling up the DagBag from /home/ec2-user/environment/lab4_model_training/venv/lib64/python3.12/site-packages/airflow/example_dags/plugins/workday.py
[2026-05-09T19:13:43.427+0000] {processor.py:927} WARNING - No viable dags retrieved from /home/ec2-user/environment/lab4_model_training/venv/lib64/python3.12/site-packages/airflow/example_dags/plugins/workday.py
[2026-05-09T19:13:43.434+0000] {processor.py:208} INFO - Processing /home/ec2-user/environment/lab4_model_training/venv/lib64/python3.12/site-packages/airflow/example_dags/plugins/workday.py took 0.017 seconds
[2026-05-09T19:14:48.247+0000] {processor.py:186} INFO - Started process (PID=25417) to work on /home/ec2-user/environment/lab4_model_training/venv/lib64/python3.12/site-packages/airflow/example_dags/plugins/workday.py
[2026-05-09T19:14:48.248+0000] {processor.py:914} INFO - Processing file /home/ec2-user/environment/lab4_model_training/venv/lib64/python3.12/site-packages/airflow/example_dags/plugins/workday.py for tasks to queue
[2026-05-09T19:14:48.250+0000] {logging_mixin.py:190} INFO - [2026-05-09T19:14:48.249+0000] {dagbag.py:588} INFO - Filling up the DagBag from /home/ec2-user/environment/lab4_model_training/venv/lib64/python3.12/site-packages/airflow/example_dags/plugins/workday.py
[2026-05-09T19:14:48.252+0000] {processor.py:927} WARNING - No viable dags retrieved from /home/ec2-user/environment/lab4_model_training/venv/lib64/python3.12/site-packages/airflow/example_dags/plugins/workday.py
[2026-05-09T19:14:48.259+0000] {processor.py:208} INFO - Processing /home/ec2-user/environment/lab4_model_training/venv/lib64/python3.12/site-packages/airflow/example_dags/plugins/workday.py took 0.017 seconds
[2026-05-09T19:15:54.975+0000] {processor.py:186} INFO - Started process (PID=25740) to work on /home/ec2-user/environment/lab4_model_training/venv/lib64/python3.12/site-packages/airflow/example_dags/plugins/workday.py
[2026-05-09T19:15:54.976+0000] {processor.py:914} INFO - Processing file /home/ec2-user/environment/lab4_model_training/venv/lib64/python3.12/site-packages/airflow/example_dags/plugins/workday.py for tasks to queue
[2026-05-09T19:15:54.978+0000] {logging_mixin.py:190} INFO - [2026-05-09T19:15:54.978+0000] {dagbag.py:588} INFO - Filling up the DagBag from /home/ec2-user/environment/lab4_model_training/venv/lib64/python3.12/site-packages/airflow/example_dags/plugins/workday.py
[2026-05-09T19:15:54.980+0000] {processor.py:927} WARNING - No viable dags retrieved from /home/ec2-user/environment/lab4_model_training/venv/lib64/python3.12/site-packages/airflow/example_dags/plugins/workday.py
[2026-05-09T19:15:54.988+0000] {processor.py:208} INFO - Processing /home/ec2-user/environment/lab4_model_training/venv/lib64/python3.12/site-packages/airflow/example_dags/plugins/workday.py took 0.017 seconds
[2026-05-09T19:17:01.554+0000] {processor.py:186} INFO - Started process (PID=26005) to work on /home/ec2-user/environment/lab4_model_training/venv/lib64/python3.12/site-packages/airflow/example_dags/plugins/workday.py
[2026-05-09T19:17:01.555+0000] {processor.py:914} INFO - Processing file /home/ec2-user/environment/lab4_model_training/venv/lib64/python3.12/site-packages/airflow/example_dags/plugins/workday.py for tasks to queue
[2026-05-09T19:17:01.557+0000] {logging_mixin.py:190} INFO - [2026-05-09T19:17:01.556+0000] {dagbag.py:588} INFO - Filling up the DagBag from /home/ec2-user/environment/lab4_model_training/venv/lib64/python3.12/site-packages/airflow/example_dags/plugins/workday.py
[2026-05-09T19:17:01.559+0000] {processor.py:927} WARNING - No viable dags retrieved from /home/ec2-user/environment/lab4_model_training/venv/lib64/python3.12/site-packages/airflow/example_dags/plugins/workday.py
[2026-05-09T19:17:01.567+0000] {processor.py:208} INFO - Processing /home/ec2-user/environment/lab4_model_training/venv/lib64/python3.12/site-packages/airflow/example_dags/plugins/workday.py took 0.018 seconds
[2026-05-09T19:18:06.896+0000] {processor.py:186} INFO - Started process (PID=26522) to work on /home/ec2-user/environment/lab4_model_training/venv/lib64/python3.12/site-packages/airflow/example_dags/plugins/workday.py
[2026-05-09T19:18:06.897+0000] {processor.py:914} INFO - Processing file /home/ec2-user/environment/lab4_model_training/venv/lib64/python3.12/site-packages/airflow/example_dags/plugins/workday.py for tasks to queue
[2026-05-09T19:18:06.899+0000] {logging_mixin.py:190} INFO - [2026-05-09T19:18:06.899+0000] {dagbag.py:588} INFO - Filling up the DagBag from /home/ec2-user/environment/lab4_model_training/venv/lib64/python3.12/site-packages/airflow/example_dags/plugins/workday.py
[2026-05-09T19:18:06.901+0000] {processor.py:927} WARNING - No viable dags retrieved from /home/ec2-user/environment/lab4_model_training/venv/lib64/python3.12/site-packages/airflow/example_dags/plugins/workday.py
[2026-05-09T19:18:06.909+0000] {processor.py:208} INFO - Processing /home/ec2-user/environment/lab4_model_training/venv/lib64/python3.12/site-packages/airflow/example_dags/plugins/workday.py took 0.018 seconds
[2026-05-09T19:19:10.084+0000] {processor.py:186} INFO - Started process (PID=26866) to work on /home/ec2-user/environment/lab4_model_training/venv/lib64/python3.12/site-packages/airflow/example_dags/plugins/workday.py
[2026-05-09T19:19:10.085+0000] {processor.py:914} INFO - Processing file /home/ec2-user/environment/lab4_model_training/venv/lib64/python3.12/site-packages/airflow/example_dags/plugins/workday.py for tasks to queue
[2026-05-09T19:19:10.087+0000] {logging_mixin.py:190} INFO - [2026-05-09T19:19:10.086+0000] {dagbag.py:588} INFO - Filling up the DagBag from /home/ec2-user/environment/lab4_model_training/venv/lib64/python3.12/site-packages/airflow/example_dags/plugins/workday.py
[2026-05-09T19:19:10.089+0000] {processor.py:927} WARNING - No viable dags retrieved from /home/ec2-user/environment/lab4_model_training/venv/lib64/python3.12/site-packages/airflow/example_dags/plugins/workday.py
[2026-05-09T19:19:10.096+0000] {processor.py:208} INFO - Processing /home/ec2-user/environment/lab4_model_training/venv/lib64/python3.12/site-packages/airflow/example_dags/plugins/workday.py took 0.017 seconds
[2026-05-09T19:20:16.498+0000] {processor.py:186} INFO - Started process (PID=27325) to work on /home/ec2-user/environment/lab4_model_training/venv/lib64/python3.12/site-packages/airflow/example_dags/plugins/workday.py
[2026-05-09T19:20:16.499+0000] {processor.py:914} INFO - Processing file /home/ec2-user/environment/lab4_model_training/venv/lib64/python3.12/site-packages/airflow/example_dags/plugins/workday.py for tasks to queue
[2026-05-09T19:20:16.501+0000] {logging_mixin.py:190} INFO - [2026-05-09T19:20:16.500+0000] {dagbag.py:588} INFO - Filling up the DagBag from /home/ec2-user/environment/lab4_model_training/venv/lib64/python3.12/site-packages/airflow/example_dags/plugins/workday.py
[2026-05-09T19:20:16.503+0000] {processor.py:927} WARNING - No viable dags retrieved from /home/ec2-user/environment/lab4_model_training/venv/lib64/python3.12/site-packages/airflow/example_dags/plugins/workday.py
[2026-05-09T19:20:16.510+0000] {processor.py:208} INFO - Processing /home/ec2-user/environment/lab4_model_training/venv/lib64/python3.12/site-packages/airflow/example_dags/plugins/workday.py took 0.018 seconds
[2026-05-09T19:21:21.451+0000] {processor.py:186} INFO - Started process (PID=27497) to work on /home/ec2-user/environment/lab4_model_training/venv/lib64/python3.12/site-packages/airflow/example_dags/plugins/workday.py
[2026-05-09T19:21:21.452+0000] {processor.py:914} INFO - Processing file /home/ec2-user/environment/lab4_model_training/venv/lib64/python3.12/site-packages/airflow/example_dags/plugins/workday.py for tasks to queue
[2026-05-09T19:21:21.454+0000] {logging_mixin.py:190} INFO - [2026-05-09T19:21:21.453+0000] {dagbag.py:588} INFO - Filling up the DagBag from /home/ec2-user/environment/lab4_model_training/venv/lib64/python3.12/site-packages/airflow/example_dags/plugins/workday.py
[2026-05-09T19:21:21.456+0000] {processor.py:927} WARNING - No viable dags retrieved from /home/ec2-user/environment/lab4_model_training/venv/lib64/python3.12/site-packages/airflow/example_dags/plugins/workday.py
[2026-05-09T19:21:21.464+0000] {processor.py:208} INFO - Processing /home/ec2-user/environment/lab4_model_training/venv/lib64/python3.12/site-packages/airflow/example_dags/plugins/workday.py took 0.018 seconds
[2026-05-09T19:22:26.318+0000] {processor.py:186} INFO - Started process (PID=27678) to work on /home/ec2-user/environment/lab4_model_training/venv/lib64/python3.12/site-packages/airflow/example_dags/plugins/workday.py
[2026-05-09T19:22:26.319+0000] {processor.py:914} INFO - Processing file /home/ec2-user/environment/lab4_model_training/venv/lib64/python3.12/site-packages/airflow/example_dags/plugins/workday.py for tasks to queue
[2026-05-09T19:22:26.321+0000] {logging_mixin.py:190} INFO - [2026-05-09T19:22:26.321+0000] {dagbag.py:588} INFO - Filling up the DagBag from /home/ec2-user/environment/lab4_model_training/venv/lib64/python3.12/site-packages/airflow/example_dags/plugins/workday.py
[2026-05-09T19:22:26.323+0000] {processor.py:927} WARNING - No viable dags retrieved from /home/ec2-user/environment/lab4_model_training/venv/lib64/python3.12/site-packages/airflow/example_dags/plugins/workday.py
[2026-05-09T19:22:26.331+0000] {processor.py:208} INFO - Processing /home/ec2-user/environment/lab4_model_training/venv/lib64/python3.12/site-packages/airflow/example_dags/plugins/workday.py took 0.017 seconds
[2026-05-09T19:23:37.243+0000] {processor.py:186} INFO - Started process (PID=27826) to work on /home/ec2-user/environment/lab4_model_training/venv/lib64/python3.12/site-packages/airflow/example_dags/plugins/workday.py
[2026-05-09T19:23:37.244+0000] {processor.py:914} INFO - Processing file /home/ec2-user/environment/lab4_model_training/venv/lib64/python3.12/site-packages/airflow/example_dags/plugins/workday.py for tasks to queue
[2026-05-09T19:23:37.246+0000] {logging_mixin.py:190} INFO - [2026-05-09T19:23:37.245+0000] {dagbag.py:588} INFO - Filling up the DagBag from /home/ec2-user/environment/lab4_model_training/venv/lib64/python3.12/site-packages/airflow/example_dags/plugins/workday.py
[2026-05-09T19:23:37.248+0000] {processor.py:927} WARNING - No viable dags retrieved from /home/ec2-user/environment/lab4_model_training/venv/lib64/python3.12/site-packages/airflow/example_dags/plugins/workday.py
[2026-05-09T19:23:37.256+0000] {processor.py:208} INFO - Processing /home/ec2-user/environment/lab4_model_training/venv/lib64/python3.12/site-packages/airflow/example_dags/plugins/workday.py took 0.017 seconds
[2026-05-09T19:24:41.671+0000] {processor.py:186} INFO - Started process (PID=27914) to work on /home/ec2-user/environment/lab4_model_training/venv/lib64/python3.12/site-packages/airflow/example_dags/plugins/workday.py
[2026-05-09T19:24:41.672+0000] {processor.py:914} INFO - Processing file /home/ec2-user/environment/lab4_model_training/venv/lib64/python3.12/site-packages/airflow/example_dags/plugins/workday.py for tasks to queue
[2026-05-09T19:24:41.673+0000] {logging_mixin.py:190} INFO - [2026-05-09T19:24:41.673+0000] {dagbag.py:588} INFO - Filling up the DagBag from /home/ec2-user/environment/lab4_model_training/venv/lib64/python3.12/site-packages/airflow/example_dags/plugins/workday.py
[2026-05-09T19:24:41.675+0000] {processor.py:927} WARNING - No viable dags retrieved from /home/ec2-user/environment/lab4_model_training/venv/lib64/python3.12/site-packages/airflow/example_dags/plugins/workday.py
[2026-05-09T19:24:41.683+0000] {processor.py:208} INFO - Processing /home/ec2-user/environment/lab4_model_training/venv/lib64/python3.12/site-packages/airflow/example_dags/plugins/workday.py took 0.017 seconds
[2026-05-09T19:25:42.196+0000] {processor.py:186} INFO - Started process (PID=28045) to work on /home/ec2-user/environment/lab4_model_training/venv/lib64/python3.12/site-packages/airflow/example_dags/plugins/workday.py
[2026-05-09T19:25:42.197+0000] {processor.py:914} INFO - Processing file /home/ec2-user/environment/lab4_model_training/venv/lib64/python3.12/site-packages/airflow/example_dags/plugins/workday.py for tasks to queue
[2026-05-09T19:25:42.199+0000] {logging_mixin.py:190} INFO - [2026-05-09T19:25:42.198+0000] {dagbag.py:588} INFO - Filling up the DagBag from /home/ec2-user/environment/lab4_model_training/venv/lib64/python3.12/site-packages/airflow/example_dags/plugins/workday.py
[2026-05-09T19:25:42.201+0000] {processor.py:927} WARNING - No viable dags retrieved from /home/ec2-user/environment/lab4_model_training/venv/lib64/python3.12/site-packages/airflow/example_dags/plugins/workday.py
[2026-05-09T19:25:42.209+0000] {processor.py:208} INFO - Processing /home/ec2-user/environment/lab4_model_training/venv/lib64/python3.12/site-packages/airflow/example_dags/plugins/workday.py took 0.017 seconds
[2026-05-09T19:26:43.659+0000] {processor.py:186} INFO - Started process (PID=28129) to work on /home/ec2-user/environment/lab4_model_training/venv/lib64/python3.12/site-packages/airflow/example_dags/plugins/workday.py
[2026-05-09T19:26:43.661+0000] {processor.py:914} INFO - Processing file /home/ec2-user/environment/lab4_model_training/venv/lib64/python3.12/site-packages/airflow/example_dags/plugins/workday.py for tasks to queue
[2026-05-09T19:26:43.662+0000] {logging_mixin.py:190} INFO - [2026-05-09T19:26:43.662+0000] {dagbag.py:588} INFO - Filling up the DagBag from /home/ec2-user/environment/lab4_model_training/venv/lib64/python3.12/site-packages/airflow/example_dags/plugins/workday.py
[2026-05-09T19:26:43.664+0000] {processor.py:927} WARNING - No viable dags retrieved from /home/ec2-user/environment/lab4_model_training/venv/lib64/python3.12/site-packages/airflow/example_dags/plugins/workday.py
[2026-05-09T19:26:43.671+0000] {processor.py:208} INFO - Processing /home/ec2-user/environment/lab4_model_training/venv/lib64/python3.12/site-packages/airflow/example_dags/plugins/workday.py took 0.017 seconds
[2026-05-09T19:27:45.044+0000] {processor.py:186} INFO - Started process (PID=28261) to work on /home/ec2-user/environment/lab4_model_training/venv/lib64/python3.12/site-packages/airflow/example_dags/plugins/workday.py
[2026-05-09T19:27:45.046+0000] {processor.py:914} INFO - Processing file /home/ec2-user/environment/lab4_model_training/venv/lib64/python3.12/site-packages/airflow/example_dags/plugins/workday.py for tasks to queue
[2026-05-09T19:27:45.047+0000] {logging_mixin.py:190} INFO - [2026-05-09T19:27:45.047+0000] {dagbag.py:588} INFO - Filling up the DagBag from /home/ec2-user/environment/lab4_model_training/venv/lib64/python3.12/site-packages/airflow/example_dags/plugins/workday.py
[2026-05-09T19:27:45.050+0000] {processor.py:927} WARNING - No viable dags retrieved from /home/ec2-user/environment/lab4_model_training/venv/lib64/python3.12/site-packages/airflow/example_dags/plugins/workday.py
[2026-05-09T19:27:45.057+0000] {processor.py:208} INFO - Processing /home/ec2-user/environment/lab4_model_training/venv/lib64/python3.12/site-packages/airflow/example_dags/plugins/workday.py took 0.017 seconds
[2026-05-09T19:28:47.039+0000] {processor.py:186} INFO - Started process (PID=28351) to work on /home/ec2-user/environment/lab4_model_training/venv/lib64/python3.12/site-packages/airflow/example_dags/plugins/workday.py
[2026-05-09T19:28:47.040+0000] {processor.py:914} INFO - Processing file /home/ec2-user/environment/lab4_model_training/venv/lib64/python3.12/site-packages/airflow/example_dags/plugins/workday.py for tasks to queue
[2026-05-09T19:28:47.042+0000] {logging_mixin.py:190} INFO - [2026-05-09T19:28:47.042+0000] {dagbag.py:588} INFO - Filling up the DagBag from /home/ec2-user/environment/lab4_model_training/venv/lib64/python3.12/site-packages/airflow/example_dags/plugins/workday.py
[2026-05-09T19:28:47.044+0000] {processor.py:927} WARNING - No viable dags retrieved from /home/ec2-user/environment/lab4_model_training/venv/lib64/python3.12/site-packages/airflow/example_dags/plugins/workday.py
[2026-05-09T19:28:47.052+0000] {processor.py:208} INFO - Processing /home/ec2-user/environment/lab4_model_training/venv/lib64/python3.12/site-packages/airflow/example_dags/plugins/workday.py took 0.017 seconds
[2026-05-09T19:29:46.659+0000] {processor.py:186} INFO - Started process (PID=28767) to work on /home/ec2-user/environment/lab4_model_training/venv/lib64/python3.12/site-packages/airflow/example_dags/plugins/workday.py
[2026-05-09T19:29:46.661+0000] {processor.py:914} INFO - Processing file /home/ec2-user/environment/lab4_model_training/venv/lib64/python3.12/site-packages/airflow/example_dags/plugins/workday.py for tasks to queue
[2026-05-09T19:29:46.662+0000] {logging_mixin.py:190} INFO - [2026-05-09T19:29:46.662+0000] {dagbag.py:588} INFO - Filling up the DagBag from /home/ec2-user/environment/lab4_model_training/venv/lib64/python3.12/site-packages/airflow/example_dags/plugins/workday.py
[2026-05-09T19:29:46.665+0000] {processor.py:927} WARNING - No viable dags retrieved from /home/ec2-user/environment/lab4_model_training/venv/lib64/python3.12/site-packages/airflow/example_dags/plugins/workday.py
[2026-05-09T19:29:46.673+0000] {processor.py:208} INFO - Processing /home/ec2-user/environment/lab4_model_training/venv/lib64/python3.12/site-packages/airflow/example_dags/plugins/workday.py took 0.018 seconds
[2026-05-09T19:30:52.541+0000] {processor.py:186} INFO - Started process (PID=29204) to work on /home/ec2-user/environment/lab4_model_training/venv/lib64/python3.12/site-packages/airflow/example_dags/plugins/workday.py
[2026-05-09T19:30:52.542+0000] {processor.py:914} INFO - Processing file /home/ec2-user/environment/lab4_model_training/venv/lib64/python3.12/site-packages/airflow/example_dags/plugins/workday.py for tasks to queue
[2026-05-09T19:30:52.544+0000] {logging_mixin.py:190} INFO - [2026-05-09T19:30:52.544+0000] {dagbag.py:588} INFO - Filling up the DagBag from /home/ec2-user/environment/lab4_model_training/venv/lib64/python3.12/site-packages/airflow/example_dags/plugins/workday.py
[2026-05-09T19:30:52.546+0000] {processor.py:927} WARNING - No viable dags retrieved from /home/ec2-user/environment/lab4_model_training/venv/lib64/python3.12/site-packages/airflow/example_dags/plugins/workday.py
[2026-05-09T19:30:52.554+0000] {processor.py:208} INFO - Processing /home/ec2-user/environment/lab4_model_training/venv/lib64/python3.12/site-packages/airflow/example_dags/plugins/workday.py took 0.017 seconds
[2026-05-09T19:31:55.589+0000] {processor.py:186} INFO - Started process (PID=29696) to work on /home/ec2-user/environment/lab4_model_training/venv/lib64/python3.12/site-packages/airflow/example_dags/plugins/workday.py
[2026-05-09T19:31:55.591+0000] {processor.py:914} INFO - Processing file /home/ec2-user/environment/lab4_model_training/venv/lib64/python3.12/site-packages/airflow/example_dags/plugins/workday.py for tasks to queue
[2026-05-09T19:31:55.592+0000] {logging_mixin.py:190} INFO - [2026-05-09T19:31:55.592+0000] {dagbag.py:588} INFO - Filling up the DagBag from /home/ec2-user/environment/lab4_model_training/venv/lib64/python3.12/site-packages/airflow/example_dags/plugins/workday.py
[2026-05-09T19:31:55.594+0000] {processor.py:927} WARNING - No viable dags retrieved from /home/ec2-user/environment/lab4_model_training/venv/lib64/python3.12/site-packages/airflow/example_dags/plugins/workday.py
[2026-05-09T19:31:55.601+0000] {processor.py:208} INFO - Processing /home/ec2-user/environment/lab4_model_training/venv/lib64/python3.12/site-packages/airflow/example_dags/plugins/workday.py took 0.017 seconds
[2026-05-09T19:32:57.345+0000] {processor.py:186} INFO - Started process (PID=30140) to work on /home/ec2-user/environment/lab4_model_training/venv/lib64/python3.12/site-packages/airflow/example_dags/plugins/workday.py
[2026-05-09T19:32:57.346+0000] {processor.py:914} INFO - Processing file /home/ec2-user/environment/lab4_model_training/venv/lib64/python3.12/site-packages/airflow/example_dags/plugins/workday.py for tasks to queue
[2026-05-09T19:32:57.347+0000] {logging_mixin.py:190} INFO - [2026-05-09T19:32:57.347+0000] {dagbag.py:588} INFO - Filling up the DagBag from /home/ec2-user/environment/lab4_model_training/venv/lib64/python3.12/site-packages/airflow/example_dags/plugins/workday.py
[2026-05-09T19:32:57.349+0000] {processor.py:927} WARNING - No viable dags retrieved from /home/ec2-user/environment/lab4_model_training/venv/lib64/python3.12/site-packages/airflow/example_dags/plugins/workday.py
[2026-05-09T19:32:57.357+0000] {processor.py:208} INFO - Processing /home/ec2-user/environment/lab4_model_training/venv/lib64/python3.12/site-packages/airflow/example_dags/plugins/workday.py took 0.017 seconds
[2026-05-09T19:34:02.464+0000] {processor.py:186} INFO - Started process (PID=30569) to work on /home/ec2-user/environment/lab4_model_training/venv/lib64/python3.12/site-packages/airflow/example_dags/plugins/workday.py
[2026-05-09T19:34:02.466+0000] {processor.py:914} INFO - Processing file /home/ec2-user/environment/lab4_model_training/venv/lib64/python3.12/site-packages/airflow/example_dags/plugins/workday.py for tasks to queue
[2026-05-09T19:34:02.468+0000] {logging_mixin.py:190} INFO - [2026-05-09T19:34:02.467+0000] {dagbag.py:588} INFO - Filling up the DagBag from /home/ec2-user/environment/lab4_model_training/venv/lib64/python3.12/site-packages/airflow/example_dags/plugins/workday.py
[2026-05-09T19:34:02.470+0000] {processor.py:927} WARNING - No viable dags retrieved from /home/ec2-user/environment/lab4_model_training/venv/lib64/python3.12/site-packages/airflow/example_dags/plugins/workday.py
[2026-05-09T19:34:02.478+0000] {processor.py:208} INFO - Processing /home/ec2-user/environment/lab4_model_training/venv/lib64/python3.12/site-packages/airflow/example_dags/plugins/workday.py took 0.018 seconds
[2026-05-09T19:35:09.944+0000] {processor.py:186} INFO - Started process (PID=30948) to work on /home/ec2-user/environment/lab4_model_training/venv/lib64/python3.12/site-packages/airflow/example_dags/plugins/workday.py
[2026-05-09T19:35:09.945+0000] {processor.py:914} INFO - Processing file /home/ec2-user/environment/lab4_model_training/venv/lib64/python3.12/site-packages/airflow/example_dags/plugins/workday.py for tasks to queue
[2026-05-09T19:35:09.946+0000] {logging_mixin.py:190} INFO - [2026-05-09T19:35:09.946+0000] {dagbag.py:588} INFO - Filling up the DagBag from /home/ec2-user/environment/lab4_model_training/venv/lib64/python3.12/site-packages/airflow/example_dags/plugins/workday.py
[2026-05-09T19:35:09.948+0000] {processor.py:927} WARNING - No viable dags retrieved from /home/ec2-user/environment/lab4_model_training/venv/lib64/python3.12/site-packages/airflow/example_dags/plugins/workday.py
[2026-05-09T19:35:09.956+0000] {processor.py:208} INFO - Processing /home/ec2-user/environment/lab4_model_training/venv/lib64/python3.12/site-packages/airflow/example_dags/plugins/workday.py took 0.017 seconds
[2026-05-09T19:36:16.892+0000] {processor.py:186} INFO - Started process (PID=31501) to work on /home/ec2-user/environment/lab4_model_training/venv/lib64/python3.12/site-packages/airflow/example_dags/plugins/workday.py
[2026-05-09T19:36:16.894+0000] {processor.py:914} INFO - Processing file /home/ec2-user/environment/lab4_model_training/venv/lib64/python3.12/site-packages/airflow/example_dags/plugins/workday.py for tasks to queue
[2026-05-09T19:36:16.895+0000] {logging_mixin.py:190} INFO - [2026-05-09T19:36:16.895+0000] {dagbag.py:588} INFO - Filling up the DagBag from /home/ec2-user/environment/lab4_model_training/venv/lib64/python3.12/site-packages/airflow/example_dags/plugins/workday.py
[2026-05-09T19:36:16.897+0000] {processor.py:927} WARNING - No viable dags retrieved from /home/ec2-user/environment/lab4_model_training/venv/lib64/python3.12/site-packages/airflow/example_dags/plugins/workday.py
[2026-05-09T19:36:16.905+0000] {processor.py:208} INFO - Processing /home/ec2-user/environment/lab4_model_training/venv/lib64/python3.12/site-packages/airflow/example_dags/plugins/workday.py took 0.017 seconds
[2026-05-09T19:37:19.704+0000] {processor.py:186} INFO - Started process (PID=31927) to work on /home/ec2-user/environment/lab4_model_training/venv/lib64/python3.12/site-packages/airflow/example_dags/plugins/workday.py
[2026-05-09T19:37:19.705+0000] {processor.py:914} INFO - Processing file /home/ec2-user/environment/lab4_model_training/venv/lib64/python3.12/site-packages/airflow/example_dags/plugins/workday.py for tasks to queue
[2026-05-09T19:37:19.707+0000] {logging_mixin.py:190} INFO - [2026-05-09T19:37:19.707+0000] {dagbag.py:588} INFO - Filling up the DagBag from /home/ec2-user/environment/lab4_model_training/venv/lib64/python3.12/site-packages/airflow/example_dags/plugins/workday.py
[2026-05-09T19:37:19.710+0000] {processor.py:927} WARNING - No viable dags retrieved from /home/ec2-user/environment/lab4_model_training/venv/lib64/python3.12/site-packages/airflow/example_dags/plugins/workday.py
[2026-05-09T19:37:19.717+0000] {processor.py:208} INFO - Processing /home/ec2-user/environment/lab4_model_training/venv/lib64/python3.12/site-packages/airflow/example_dags/plugins/workday.py took 0.017 seconds
[2026-05-09T19:38:25.396+0000] {processor.py:186} INFO - Started process (PID=32092) to work on /home/ec2-user/environment/lab4_model_training/venv/lib64/python3.12/site-packages/airflow/example_dags/plugins/workday.py
[2026-05-09T19:38:25.398+0000] {processor.py:914} INFO - Processing file /home/ec2-user/environment/lab4_model_training/venv/lib64/python3.12/site-packages/airflow/example_dags/plugins/workday.py for tasks to queue
[2026-05-09T19:38:25.399+0000] {logging_mixin.py:190} INFO - [2026-05-09T19:38:25.399+0000] {dagbag.py:588} INFO - Filling up the DagBag from /home/ec2-user/environment/lab4_model_training/venv/lib64/python3.12/site-packages/airflow/example_dags/plugins/workday.py
[2026-05-09T19:38:25.401+0000] {processor.py:927} WARNING - No viable dags retrieved from /home/ec2-user/environment/lab4_model_training/venv/lib64/python3.12/site-packages/airflow/example_dags/plugins/workday.py
[2026-05-09T19:38:25.408+0000] {processor.py:208} INFO - Processing /home/ec2-user/environment/lab4_model_training/venv/lib64/python3.12/site-packages/airflow/example_dags/plugins/workday.py took 0.017 seconds
[2026-05-09T19:39:33.862+0000] {processor.py:186} INFO - Started process (PID=32223) to work on /home/ec2-user/environment/lab4_model_training/venv/lib64/python3.12/site-packages/airflow/example_dags/plugins/workday.py
[2026-05-09T19:39:33.863+0000] {processor.py:914} INFO - Processing file /home/ec2-user/environment/lab4_model_training/venv/lib64/python3.12/site-packages/airflow/example_dags/plugins/workday.py for tasks to queue
[2026-05-09T19:39:33.864+0000] {logging_mixin.py:190} INFO - [2026-05-09T19:39:33.864+0000] {dagbag.py:588} INFO - Filling up the DagBag from /home/ec2-user/environment/lab4_model_training/venv/lib64/python3.12/site-packages/airflow/example_dags/plugins/workday.py
[2026-05-09T19:39:33.867+0000] {processor.py:927} WARNING - No viable dags retrieved from /home/ec2-user/environment/lab4_model_training/venv/lib64/python3.12/site-packages/airflow/example_dags/plugins/workday.py
[2026-05-09T19:39:33.874+0000] {processor.py:208} INFO - Processing /home/ec2-user/environment/lab4_model_training/venv/lib64/python3.12/site-packages/airflow/example_dags/plugins/workday.py took 0.017 seconds
[2026-05-09T19:40:43.432+0000] {processor.py:186} INFO - Started process (PID=32366) to work on /home/ec2-user/environment/lab4_model_training/venv/lib64/python3.12/site-packages/airflow/example_dags/plugins/workday.py
[2026-05-09T19:40:43.433+0000] {processor.py:914} INFO - Processing file /home/ec2-user/environment/lab4_model_training/venv/lib64/python3.12/site-packages/airflow/example_dags/plugins/workday.py for tasks to queue
[2026-05-09T19:40:43.435+0000] {logging_mixin.py:190} INFO - [2026-05-09T19:40:43.435+0000] {dagbag.py:588} INFO - Filling up the DagBag from /home/ec2-user/environment/lab4_model_training/venv/lib64/python3.12/site-packages/airflow/example_dags/plugins/workday.py
[2026-05-09T19:40:43.438+0000] {processor.py:927} WARNING - No viable dags retrieved from /home/ec2-user/environment/lab4_model_training/venv/lib64/python3.12/site-packages/airflow/example_dags/plugins/workday.py
[2026-05-09T19:40:43.446+0000] {processor.py:208} INFO - Processing /home/ec2-user/environment/lab4_model_training/venv/lib64/python3.12/site-packages/airflow/example_dags/plugins/workday.py took 0.018 seconds
[2026-05-09T19:41:50.363+0000] {processor.py:186} INFO - Started process (PID=32459) to work on /home/ec2-user/environment/lab4_model_training/venv/lib64/python3.12/site-packages/airflow/example_dags/plugins/workday.py
[2026-05-09T19:41:50.364+0000] {processor.py:914} INFO - Processing file /home/ec2-user/environment/lab4_model_training/venv/lib64/python3.12/site-packages/airflow/example_dags/plugins/workday.py for tasks to queue
[2026-05-09T19:41:50.366+0000] {logging_mixin.py:190} INFO - [2026-05-09T19:41:50.366+0000] {dagbag.py:588} INFO - Filling up the DagBag from /home/ec2-user/environment/lab4_model_training/venv/lib64/python3.12/site-packages/airflow/example_dags/plugins/workday.py
[2026-05-09T19:41:50.368+0000] {processor.py:927} WARNING - No viable dags retrieved from /home/ec2-user/environment/lab4_model_training/venv/lib64/python3.12/site-packages/airflow/example_dags/plugins/workday.py
[2026-05-09T19:41:50.376+0000] {processor.py:208} INFO - Processing /home/ec2-user/environment/lab4_model_training/venv/lib64/python3.12/site-packages/airflow/example_dags/plugins/workday.py took 0.017 seconds
[2026-05-09T19:42:59.099+0000] {processor.py:186} INFO - Started process (PID=32600) to work on /home/ec2-user/environment/lab4_model_training/venv/lib64/python3.12/site-packages/airflow/example_dags/plugins/workday.py
[2026-05-09T19:42:59.100+0000] {processor.py:914} INFO - Processing file /home/ec2-user/environment/lab4_model_training/venv/lib64/python3.12/site-packages/airflow/example_dags/plugins/workday.py for tasks to queue
[2026-05-09T19:42:59.102+0000] {logging_mixin.py:190} INFO - [2026-05-09T19:42:59.101+0000] {dagbag.py:588} INFO - Filling up the DagBag from /home/ec2-user/environment/lab4_model_training/venv/lib64/python3.12/site-packages/airflow/example_dags/plugins/workday.py
[2026-05-09T19:42:59.104+0000] {processor.py:927} WARNING - No viable dags retrieved from /home/ec2-user/environment/lab4_model_training/venv/lib64/python3.12/site-packages/airflow/example_dags/plugins/workday.py
[2026-05-09T19:42:59.111+0000] {processor.py:208} INFO - Processing /home/ec2-user/environment/lab4_model_training/venv/lib64/python3.12/site-packages/airflow/example_dags/plugins/workday.py took 0.017 seconds
[2026-05-09T19:44:02.717+0000] {processor.py:186} INFO - Started process (PID=33019) to work on /home/ec2-user/environment/lab4_model_training/venv/lib64/python3.12/site-packages/airflow/example_dags/plugins/workday.py
[2026-05-09T19:44:02.718+0000] {processor.py:914} INFO - Processing file /home/ec2-user/environment/lab4_model_training/venv/lib64/python3.12/site-packages/airflow/example_dags/plugins/workday.py for tasks to queue
[2026-05-09T19:44:02.720+0000] {logging_mixin.py:190} INFO - [2026-05-09T19:44:02.720+0000] {dagbag.py:588} INFO - Filling up the DagBag from /home/ec2-user/environment/lab4_model_training/venv/lib64/python3.12/site-packages/airflow/example_dags/plugins/workday.py
[2026-05-09T19:44:02.722+0000] {processor.py:927} WARNING - No viable dags retrieved from /home/ec2-user/environment/lab4_model_training/venv/lib64/python3.12/site-packages/airflow/example_dags/plugins/workday.py
[2026-05-09T19:44:02.730+0000] {processor.py:208} INFO - Processing /home/ec2-user/environment/lab4_model_training/venv/lib64/python3.12/site-packages/airflow/example_dags/plugins/workday.py took 0.017 seconds
[2026-05-09T19:45:09.299+0000] {processor.py:186} INFO - Started process (PID=33178) to work on /home/ec2-user/environment/lab4_model_training/venv/lib64/python3.12/site-packages/airflow/example_dags/plugins/workday.py
[2026-05-09T19:45:09.300+0000] {processor.py:914} INFO - Processing file /home/ec2-user/environment/lab4_model_training/venv/lib64/python3.12/site-packages/airflow/example_dags/plugins/workday.py for tasks to queue
[2026-05-09T19:45:09.301+0000] {logging_mixin.py:190} INFO - [2026-05-09T19:45:09.301+0000] {dagbag.py:588} INFO - Filling up the DagBag from /home/ec2-user/environment/lab4_model_training/venv/lib64/python3.12/site-packages/airflow/example_dags/plugins/workday.py
[2026-05-09T19:45:09.303+0000] {processor.py:927} WARNING - No viable dags retrieved from /home/ec2-user/environment/lab4_model_training/venv/lib64/python3.12/site-packages/airflow/example_dags/plugins/workday.py
[2026-05-09T19:45:09.312+0000] {processor.py:208} INFO - Processing /home/ec2-user/environment/lab4_model_training/venv/lib64/python3.12/site-packages/airflow/example_dags/plugins/workday.py took 0.017 seconds
[2026-05-09T19:46:16.375+0000] {processor.py:186} INFO - Started process (PID=33346) to work on /home/ec2-user/environment/lab4_model_training/venv/lib64/python3.12/site-packages/airflow/example_dags/plugins/workday.py
[2026-05-09T19:46:16.376+0000] {processor.py:914} INFO - Processing file /home/ec2-user/environment/lab4_model_training/venv/lib64/python3.12/site-packages/airflow/example_dags/plugins/workday.py for tasks to queue
[2026-05-09T19:46:16.377+0000] {logging_mixin.py:190} INFO - [2026-05-09T19:46:16.377+0000] {dagbag.py:588} INFO - Filling up the DagBag from /home/ec2-user/environment/lab4_model_training/venv/lib64/python3.12/site-packages/airflow/example_dags/plugins/workday.py
[2026-05-09T19:46:16.379+0000] {processor.py:927} WARNING - No viable dags retrieved from /home/ec2-user/environment/lab4_model_training/venv/lib64/python3.12/site-packages/airflow/example_dags/plugins/workday.py
[2026-05-09T19:46:16.387+0000] {processor.py:208} INFO - Processing /home/ec2-user/environment/lab4_model_training/venv/lib64/python3.12/site-packages/airflow/example_dags/plugins/workday.py took 0.017 seconds
[2026-05-09T19:47:26.254+0000] {processor.py:186} INFO - Started process (PID=33520) to work on /home/ec2-user/environment/lab4_model_training/venv/lib64/python3.12/site-packages/airflow/example_dags/plugins/workday.py
[2026-05-09T19:47:26.256+0000] {processor.py:914} INFO - Processing file /home/ec2-user/environment/lab4_model_training/venv/lib64/python3.12/site-packages/airflow/example_dags/plugins/workday.py for tasks to queue
[2026-05-09T19:47:26.257+0000] {logging_mixin.py:190} INFO - [2026-05-09T19:47:26.257+0000] {dagbag.py:588} INFO - Filling up the DagBag from /home/ec2-user/environment/lab4_model_training/venv/lib64/python3.12/site-packages/airflow/example_dags/plugins/workday.py
[2026-05-09T19:47:26.259+0000] {processor.py:927} WARNING - No viable dags retrieved from /home/ec2-user/environment/lab4_model_training/venv/lib64/python3.12/site-packages/airflow/example_dags/plugins/workday.py
[2026-05-09T19:47:26.267+0000] {processor.py:208} INFO - Processing /home/ec2-user/environment/lab4_model_training/venv/lib64/python3.12/site-packages/airflow/example_dags/plugins/workday.py took 0.017 seconds
[2026-05-09T19:48:33.848+0000] {processor.py:186} INFO - Started process (PID=33652) to work on /home/ec2-user/environment/lab4_model_training/venv/lib64/python3.12/site-packages/airflow/example_dags/plugins/workday.py
[2026-05-09T19:48:33.849+0000] {processor.py:914} INFO - Processing file /home/ec2-user/environment/lab4_model_training/venv/lib64/python3.12/site-packages/airflow/example_dags/plugins/workday.py for tasks to queue
[2026-05-09T19:48:33.851+0000] {logging_mixin.py:190} INFO - [2026-05-09T19:48:33.850+0000] {dagbag.py:588} INFO - Filling up the DagBag from /home/ec2-user/environment/lab4_model_training/venv/lib64/python3.12/site-packages/airflow/example_dags/plugins/workday.py
[2026-05-09T19:48:33.853+0000] {processor.py:927} WARNING - No viable dags retrieved from /home/ec2-user/environment/lab4_model_training/venv/lib64/python3.12/site-packages/airflow/example_dags/plugins/workday.py
[2026-05-09T19:48:33.860+0000] {processor.py:208} INFO - Processing /home/ec2-user/environment/lab4_model_training/venv/lib64/python3.12/site-packages/airflow/example_dags/plugins/workday.py took 0.017 seconds
[2026-05-09T19:50:32.432+0000] {processor.py:186} INFO - Started process (PID=33996) to work on /home/ec2-user/environment/lab4_model_training/venv/lib64/python3.12/site-packages/airflow/example_dags/plugins/workday.py
[2026-05-09T19:50:32.433+0000] {processor.py:914} INFO - Processing file /home/ec2-user/environment/lab4_model_training/venv/lib64/python3.12/site-packages/airflow/example_dags/plugins/workday.py for tasks to queue
[2026-05-09T19:50:32.435+0000] {logging_mixin.py:190} INFO - [2026-05-09T19:50:32.434+0000] {dagbag.py:588} INFO - Filling up the DagBag from /home/ec2-user/environment/lab4_model_training/venv/lib64/python3.12/site-packages/airflow/example_dags/plugins/workday.py
[2026-05-09T19:50:32.437+0000] {processor.py:927} WARNING - No viable dags retrieved from /home/ec2-user/environment/lab4_model_training/venv/lib64/python3.12/site-packages/airflow/example_dags/plugins/workday.py
[2026-05-09T19:50:32.444+0000] {processor.py:208} INFO - Processing /home/ec2-user/environment/lab4_model_training/venv/lib64/python3.12/site-packages/airflow/example_dags/plugins/workday.py took 0.017 seconds
[2026-05-09T19:51:33.245+0000] {processor.py:186} INFO - Started process (PID=34187) to work on /home/ec2-user/environment/lab4_model_training/venv/lib64/python3.12/site-packages/airflow/example_dags/plugins/workday.py
[2026-05-09T19:51:33.246+0000] {processor.py:914} INFO - Processing file /home/ec2-user/environment/lab4_model_training/venv/lib64/python3.12/site-packages/airflow/example_dags/plugins/workday.py for tasks to queue
[2026-05-09T19:51:33.248+0000] {logging_mixin.py:190} INFO - [2026-05-09T19:51:33.247+0000] {dagbag.py:588} INFO - Filling up the DagBag from /home/ec2-user/environment/lab4_model_training/venv/lib64/python3.12/site-packages/airflow/example_dags/plugins/workday.py
[2026-05-09T19:51:33.249+0000] {processor.py:927} WARNING - No viable dags retrieved from /home/ec2-user/environment/lab4_model_training/venv/lib64/python3.12/site-packages/airflow/example_dags/plugins/workday.py
[2026-05-09T19:51:33.258+0000] {processor.py:208} INFO - Processing /home/ec2-user/environment/lab4_model_training/venv/lib64/python3.12/site-packages/airflow/example_dags/plugins/workday.py took 0.017 seconds
[2026-05-09T19:52:35.077+0000] {processor.py:186} INFO - Started process (PID=34492) to work on /home/ec2-user/environment/lab4_model_training/venv/lib64/python3.12/site-packages/airflow/example_dags/plugins/workday.py
[2026-05-09T19:52:35.078+0000] {processor.py:914} INFO - Processing file /home/ec2-user/environment/lab4_model_training/venv/lib64/python3.12/site-packages/airflow/example_dags/plugins/workday.py for tasks to queue
[2026-05-09T19:52:35.080+0000] {logging_mixin.py:190} INFO - [2026-05-09T19:52:35.079+0000] {dagbag.py:588} INFO - Filling up the DagBag from /home/ec2-user/environment/lab4_model_training/venv/lib64/python3.12/site-packages/airflow/example_dags/plugins/workday.py
[2026-05-09T19:52:35.082+0000] {processor.py:927} WARNING - No viable dags retrieved from /home/ec2-user/environment/lab4_model_training/venv/lib64/python3.12/site-packages/airflow/example_dags/plugins/workday.py
[2026-05-09T19:52:35.090+0000] {processor.py:208} INFO - Processing /home/ec2-user/environment/lab4_model_training/venv/lib64/python3.12/site-packages/airflow/example_dags/plugins/workday.py took 0.017 seconds
[2026-05-09T19:53:40.208+0000] {processor.py:186} INFO - Started process (PID=34684) to work on /home/ec2-user/environment/lab4_model_training/venv/lib64/python3.12/site-packages/airflow/example_dags/plugins/workday.py
[2026-05-09T19:53:40.210+0000] {processor.py:914} INFO - Processing file /home/ec2-user/environment/lab4_model_training/venv/lib64/python3.12/site-packages/airflow/example_dags/plugins/workday.py for tasks to queue
[2026-05-09T19:53:40.211+0000] {logging_mixin.py:190} INFO - [2026-05-09T19:53:40.211+0000] {dagbag.py:588} INFO - Filling up the DagBag from /home/ec2-user/environment/lab4_model_training/venv/lib64/python3.12/site-packages/airflow/example_dags/plugins/workday.py
[2026-05-09T19:53:40.213+0000] {processor.py:927} WARNING - No viable dags retrieved from /home/ec2-user/environment/lab4_model_training/venv/lib64/python3.12/site-packages/airflow/example_dags/plugins/workday.py
[2026-05-09T19:53:40.221+0000] {processor.py:208} INFO - Processing /home/ec2-user/environment/lab4_model_training/venv/lib64/python3.12/site-packages/airflow/example_dags/plugins/workday.py took 0.017 seconds
[2026-05-09T19:54:42.947+0000] {processor.py:186} INFO - Started process (PID=34814) to work on /home/ec2-user/environment/lab4_model_training/venv/lib64/python3.12/site-packages/airflow/example_dags/plugins/workday.py
[2026-05-09T19:54:42.948+0000] {processor.py:914} INFO - Processing file /home/ec2-user/environment/lab4_model_training/venv/lib64/python3.12/site-packages/airflow/example_dags/plugins/workday.py for tasks to queue
[2026-05-09T19:54:42.949+0000] {logging_mixin.py:190} INFO - [2026-05-09T19:54:42.949+0000] {dagbag.py:588} INFO - Filling up the DagBag from /home/ec2-user/environment/lab4_model_training/venv/lib64/python3.12/site-packages/airflow/example_dags/plugins/workday.py
[2026-05-09T19:54:42.951+0000] {processor.py:927} WARNING - No viable dags retrieved from /home/ec2-user/environment/lab4_model_training/venv/lib64/python3.12/site-packages/airflow/example_dags/plugins/workday.py
[2026-05-09T19:54:42.959+0000] {processor.py:208} INFO - Processing /home/ec2-user/environment/lab4_model_training/venv/lib64/python3.12/site-packages/airflow/example_dags/plugins/workday.py took 0.017 seconds
[2026-05-09T19:55:50.879+0000] {processor.py:186} INFO - Started process (PID=34982) to work on /home/ec2-user/environment/lab4_model_training/venv/lib64/python3.12/site-packages/airflow/example_dags/plugins/workday.py
[2026-05-09T19:55:50.880+0000] {processor.py:914} INFO - Processing file /home/ec2-user/environment/lab4_model_training/venv/lib64/python3.12/site-packages/airflow/example_dags/plugins/workday.py for tasks to queue
[2026-05-09T19:55:50.881+0000] {logging_mixin.py:190} INFO - [2026-05-09T19:55:50.881+0000] {dagbag.py:588} INFO - Filling up the DagBag from /home/ec2-user/environment/lab4_model_training/venv/lib64/python3.12/site-packages/airflow/example_dags/plugins/workday.py
[2026-05-09T19:55:50.883+0000] {processor.py:927} WARNING - No viable dags retrieved from /home/ec2-user/environment/lab4_model_training/venv/lib64/python3.12/site-packages/airflow/example_dags/plugins/workday.py
[2026-05-09T19:55:50.892+0000] {processor.py:208} INFO - Processing /home/ec2-user/environment/lab4_model_training/venv/lib64/python3.12/site-packages/airflow/example_dags/plugins/workday.py took 0.017 seconds
[2026-05-09T19:56:57.793+0000] {processor.py:186} INFO - Started process (PID=35107) to work on /home/ec2-user/environment/lab4_model_training/venv/lib64/python3.12/site-packages/airflow/example_dags/plugins/workday.py
[2026-05-09T19:56:57.794+0000] {processor.py:914} INFO - Processing file /home/ec2-user/environment/lab4_model_training/venv/lib64/python3.12/site-packages/airflow/example_dags/plugins/workday.py for tasks to queue
[2026-05-09T19:56:57.795+0000] {logging_mixin.py:190} INFO - [2026-05-09T19:56:57.795+0000] {dagbag.py:588} INFO - Filling up the DagBag from /home/ec2-user/environment/lab4_model_training/venv/lib64/python3.12/site-packages/airflow/example_dags/plugins/workday.py
[2026-05-09T19:56:57.797+0000] {processor.py:927} WARNING - No viable dags retrieved from /home/ec2-user/environment/lab4_model_training/venv/lib64/python3.12/site-packages/airflow/example_dags/plugins/workday.py
[2026-05-09T19:56:57.805+0000] {processor.py:208} INFO - Processing /home/ec2-user/environment/lab4_model_training/venv/lib64/python3.12/site-packages/airflow/example_dags/plugins/workday.py took 0.017 seconds
[2026-05-09T19:58:01.589+0000] {processor.py:186} INFO - Started process (PID=35274) to work on /home/ec2-user/environment/lab4_model_training/venv/lib64/python3.12/site-packages/airflow/example_dags/plugins/workday.py
[2026-05-09T19:58:01.590+0000] {processor.py:914} INFO - Processing file /home/ec2-user/environment/lab4_model_training/venv/lib64/python3.12/site-packages/airflow/example_dags/plugins/workday.py for tasks to queue
[2026-05-09T19:58:01.592+0000] {logging_mixin.py:190} INFO - [2026-05-09T19:58:01.592+0000] {dagbag.py:588} INFO - Filling up the DagBag from /home/ec2-user/environment/lab4_model_training/venv/lib64/python3.12/site-packages/airflow/example_dags/plugins/workday.py
[2026-05-09T19:58:01.594+0000] {processor.py:927} WARNING - No viable dags retrieved from /home/ec2-user/environment/lab4_model_training/venv/lib64/python3.12/site-packages/airflow/example_dags/plugins/workday.py
[2026-05-09T19:58:01.602+0000] {processor.py:208} INFO - Processing /home/ec2-user/environment/lab4_model_training/venv/lib64/python3.12/site-packages/airflow/example_dags/plugins/workday.py took 0.017 seconds
[2026-05-09T19:59:05.814+0000] {processor.py:186} INFO - Started process (PID=35431) to work on /home/ec2-user/environment/lab4_model_training/venv/lib64/python3.12/site-packages/airflow/example_dags/plugins/workday.py
[2026-05-09T19:59:05.815+0000] {processor.py:914} INFO - Processing file /home/ec2-user/environment/lab4_model_training/venv/lib64/python3.12/site-packages/airflow/example_dags/plugins/workday.py for tasks to queue
[2026-05-09T19:59:05.817+0000] {logging_mixin.py:190} INFO - [2026-05-09T19:59:05.817+0000] {dagbag.py:588} INFO - Filling up the DagBag from /home/ec2-user/environment/lab4_model_training/venv/lib64/python3.12/site-packages/airflow/example_dags/plugins/workday.py
[2026-05-09T19:59:05.819+0000] {processor.py:927} WARNING - No viable dags retrieved from /home/ec2-user/environment/lab4_model_training/venv/lib64/python3.12/site-packages/airflow/example_dags/plugins/workday.py
[2026-05-09T19:59:05.827+0000] {processor.py:208} INFO - Processing /home/ec2-user/environment/lab4_model_training/venv/lib64/python3.12/site-packages/airflow/example_dags/plugins/workday.py took 0.017 seconds
