[2026-05-03T23:16:26.492+0000] {local_task_job_runner.py:123} INFO - ::group::Pre task execution logs
[2026-05-03T23:16:26.499+0000] {taskinstance.py:2614} INFO - Dependencies all met for dep_context=non-requeueable deps ti=<TaskInstance: ml_training_pipeline_v2.generate_data manual__2026-05-03T23:16:22.044786+00:00 [queued]>
[2026-05-03T23:16:26.503+0000] {taskinstance.py:2614} INFO - Dependencies all met for dep_context=requeueable deps ti=<TaskInstance: ml_training_pipeline_v2.generate_data manual__2026-05-03T23:16:22.044786+00:00 [queued]>
[2026-05-03T23:16:26.503+0000] {taskinstance.py:2867} INFO - Starting attempt 1 of 2
[2026-05-03T23:16:26.514+0000] {taskinstance.py:2890} INFO - Executing <Task(PythonOperator): generate_data> on 2026-05-03 23:16:22.044786+00:00
[2026-05-03T23:16:26.519+0000] {standard_task_runner.py:72} INFO - Started process 63481 to run task
[2026-05-03T23:16:26.521+0000] {standard_task_runner.py:104} INFO - Running: ['airflow', 'tasks', 'run', 'ml_training_pipeline_v2', 'generate_data', 'manual__2026-05-03T23:16:22.044786+00:00', '--job-id', '30', '--raw', '--subdir', 'DAGS_FOLDER/ml_pipeline_dag.py', '--cfg-path', '/tmp/tmpa61jelrd']
[2026-05-03T23:16:26.522+0000] {standard_task_runner.py:105} INFO - Job 30: Subtask generate_data
[2026-05-03T23:16:26.549+0000] {task_command.py:467} INFO - Running <TaskInstance: ml_training_pipeline_v2.generate_data manual__2026-05-03T23:16:22.044786+00:00 [running]> on host ip-172-31-33-18.ec2.internal
[2026-05-03T23:16:26.596+0000] {taskinstance.py:3134} INFO - Exporting env vars: AIRFLOW_CTX_DAG_OWNER='airflow' AIRFLOW_CTX_DAG_ID='ml_training_pipeline_v2' AIRFLOW_CTX_TASK_ID='generate_data' AIRFLOW_CTX_EXECUTION_DATE='2026-05-03T23:16:22.044786+00:00' AIRFLOW_CTX_TRY_NUMBER='1' AIRFLOW_CTX_DAG_RUN_ID='manual__2026-05-03T23:16:22.044786+00:00'
[2026-05-03T23:16:26.597+0000] {logging_mixin.py:190} INFO - Task instance is in running state
[2026-05-03T23:16:26.597+0000] {logging_mixin.py:190} INFO -  Previous state of the Task instance: queued
[2026-05-03T23:16:26.598+0000] {logging_mixin.py:190} INFO - Current task name:generate_data state:running start_date:2026-05-03 23:16:26.499413+00:00
[2026-05-03T23:16:26.598+0000] {logging_mixin.py:190} INFO - Dag name:ml_training_pipeline_v2 and current dag run status:running
[2026-05-03T23:16:26.598+0000] {taskinstance.py:732} INFO - ::endgroup::
[2026-05-03T23:16:26.624+0000] {logging_mixin.py:190} INFO - [ml_pipeline.data] Dataset saved to /home/ec2-user/environment/lab4_model_training/data/breast_cancer.csv
[2026-05-03T23:16:26.625+0000] {python.py:240} INFO - Done. Returned value was: /home/ec2-user/environment/lab4_model_training/data/breast_cancer.csv
[2026-05-03T23:16:26.636+0000] {taskinstance.py:341} INFO - ::group::Post task execution logs
[2026-05-03T23:16:26.636+0000] {taskinstance.py:353} INFO - Marking task as SUCCESS. dag_id=ml_training_pipeline_v2, task_id=generate_data, run_id=manual__2026-05-03T23:16:22.044786+00:00, execution_date=20260503T231622, start_date=20260503T231626, end_date=20260503T231626
[2026-05-03T23:16:26.653+0000] {logging_mixin.py:190} INFO - Task instance in success state
[2026-05-03T23:16:26.653+0000] {logging_mixin.py:190} INFO -  Previous state of the Task instance: running
[2026-05-03T23:16:26.653+0000] {logging_mixin.py:190} INFO - Dag name:ml_training_pipeline_v2 queued_at:2026-05-03 23:16:22.053400+00:00
[2026-05-03T23:16:26.653+0000] {logging_mixin.py:190} INFO - Task hostname:ip-172-31-33-18.ec2.internal operator:PythonOperator
[2026-05-03T23:16:26.693+0000] {local_task_job_runner.py:266} INFO - Task exited with return code 0
[2026-05-03T23:16:26.711+0000] {taskinstance.py:3901} INFO - 1 downstream tasks scheduled from follow-on schedule check
[2026-05-03T23:16:26.715+0000] {local_task_job_runner.py:245} INFO - ::endgroup::
