[2026-03-12T00:40:37.506+0000] {processor.py:186} INFO - Started process (PID=4624) to work on /home/ec2-user/environment/lab4_model_training/venv/lib64/python3.12/site-packages/airflow/example_dags/example_xcom.py
[2026-03-12T00:40:37.507+0000] {processor.py:914} INFO - Processing file /home/ec2-user/environment/lab4_model_training/venv/lib64/python3.12/site-packages/airflow/example_dags/example_xcom.py for tasks to queue
[2026-03-12T00:40:37.509+0000] {logging_mixin.py:190} INFO - [2026-03-12T00:40:37.508+0000] {dagbag.py:588} INFO - Filling up the DagBag from /home/ec2-user/environment/lab4_model_training/venv/lib64/python3.12/site-packages/airflow/example_dags/example_xcom.py
[2026-03-12T00:40:37.516+0000] {processor.py:925} INFO - DAG(s) 'example_xcom' retrieved from /home/ec2-user/environment/lab4_model_training/venv/lib64/python3.12/site-packages/airflow/example_dags/example_xcom.py
[2026-03-12T00:40:37.601+0000] {logging_mixin.py:190} INFO - [2026-03-12T00:40:37.600+0000] {override.py:1930} INFO - Created Permission View: can read on DAG:example_xcom
[2026-03-12T00:40:37.614+0000] {logging_mixin.py:190} INFO - [2026-03-12T00:40:37.614+0000] {override.py:1930} INFO - Created Permission View: can edit on DAG:example_xcom
[2026-03-12T00:40:37.623+0000] {logging_mixin.py:190} INFO - [2026-03-12T00:40:37.623+0000] {override.py:1930} INFO - Created Permission View: can delete on DAG:example_xcom
[2026-03-12T00:40:37.636+0000] {logging_mixin.py:190} INFO - [2026-03-12T00:40:37.636+0000] {override.py:1930} INFO - Created Permission View: menu access on DAG Run:example_xcom
[2026-03-12T00:40:37.644+0000] {logging_mixin.py:190} INFO - [2026-03-12T00:40:37.643+0000] {override.py:1930} INFO - Created Permission View: can read on DAG Run:example_xcom
[2026-03-12T00:40:37.651+0000] {logging_mixin.py:190} INFO - [2026-03-12T00:40:37.651+0000] {override.py:1930} INFO - Created Permission View: can create on DAG Run:example_xcom
[2026-03-12T00:40:37.659+0000] {logging_mixin.py:190} INFO - [2026-03-12T00:40:37.659+0000] {override.py:1930} INFO - Created Permission View: can delete on DAG Run:example_xcom
[2026-03-12T00:40:37.659+0000] {logging_mixin.py:190} INFO - [2026-03-12T00:40:37.659+0000] {dag.py:3239} INFO - Sync 1 DAGs
[2026-03-12T00:40:37.669+0000] {logging_mixin.py:190} INFO - [2026-03-12T00:40:37.669+0000] {dag.py:3262} INFO - Creating ORM DAG for example_xcom
[2026-03-12T00:40:37.676+0000] {logging_mixin.py:190} INFO - [2026-03-12T00:40:37.676+0000] {dag.py:4180} INFO - Setting next_dagrun for example_xcom to 2021-01-01 00:00:00+00:00, run_after=2021-01-01 00:00:00+00:00
[2026-03-12T00:40:37.693+0000] {processor.py:208} INFO - Processing /home/ec2-user/environment/lab4_model_training/venv/lib64/python3.12/site-packages/airflow/example_dags/example_xcom.py took 0.191 seconds
[2026-03-12T00:41:42.392+0000] {processor.py:186} INFO - Started process (PID=4736) to work on /home/ec2-user/environment/lab4_model_training/venv/lib64/python3.12/site-packages/airflow/example_dags/example_xcom.py
[2026-03-12T00:41:42.393+0000] {processor.py:914} INFO - Processing file /home/ec2-user/environment/lab4_model_training/venv/lib64/python3.12/site-packages/airflow/example_dags/example_xcom.py for tasks to queue
[2026-03-12T00:41:42.395+0000] {logging_mixin.py:190} INFO - [2026-03-12T00:41:42.395+0000] {dagbag.py:588} INFO - Filling up the DagBag from /home/ec2-user/environment/lab4_model_training/venv/lib64/python3.12/site-packages/airflow/example_dags/example_xcom.py
[2026-03-12T00:41:42.404+0000] {processor.py:925} INFO - DAG(s) 'example_xcom' retrieved from /home/ec2-user/environment/lab4_model_training/venv/lib64/python3.12/site-packages/airflow/example_dags/example_xcom.py
[2026-03-12T00:41:42.423+0000] {logging_mixin.py:190} INFO - [2026-03-12T00:41:42.423+0000] {dag.py:3239} INFO - Sync 1 DAGs
[2026-03-12T00:41:42.441+0000] {logging_mixin.py:190} INFO - [2026-03-12T00:41:42.440+0000] {dag.py:4180} INFO - Setting next_dagrun for example_xcom to 2021-01-01 00:00:00+00:00, run_after=2021-01-01 00:00:00+00:00
[2026-03-12T00:41:42.461+0000] {processor.py:208} INFO - Processing /home/ec2-user/environment/lab4_model_training/venv/lib64/python3.12/site-packages/airflow/example_dags/example_xcom.py took 0.074 seconds
[2026-03-12T00:42:42.716+0000] {processor.py:186} INFO - Started process (PID=4891) to work on /home/ec2-user/environment/lab4_model_training/venv/lib64/python3.12/site-packages/airflow/example_dags/example_xcom.py
[2026-03-12T00:42:42.718+0000] {processor.py:914} INFO - Processing file /home/ec2-user/environment/lab4_model_training/venv/lib64/python3.12/site-packages/airflow/example_dags/example_xcom.py for tasks to queue
[2026-03-12T00:42:42.720+0000] {logging_mixin.py:190} INFO - [2026-03-12T00:42:42.719+0000] {dagbag.py:588} INFO - Filling up the DagBag from /home/ec2-user/environment/lab4_model_training/venv/lib64/python3.12/site-packages/airflow/example_dags/example_xcom.py
[2026-03-12T00:42:42.727+0000] {processor.py:925} INFO - DAG(s) 'example_xcom' retrieved from /home/ec2-user/environment/lab4_model_training/venv/lib64/python3.12/site-packages/airflow/example_dags/example_xcom.py
[2026-03-12T00:42:42.741+0000] {logging_mixin.py:190} INFO - [2026-03-12T00:42:42.741+0000] {dag.py:3239} INFO - Sync 1 DAGs
[2026-03-12T00:42:42.756+0000] {logging_mixin.py:190} INFO - [2026-03-12T00:42:42.756+0000] {dag.py:4180} INFO - Setting next_dagrun for example_xcom to 2021-01-01 00:00:00+00:00, run_after=2021-01-01 00:00:00+00:00
[2026-03-12T00:42:42.774+0000] {processor.py:208} INFO - Processing /home/ec2-user/environment/lab4_model_training/venv/lib64/python3.12/site-packages/airflow/example_dags/example_xcom.py took 0.062 seconds
[2026-03-12T00:43:39.237+0000] {processor.py:186} INFO - Started process (PID=4971) to work on /home/ec2-user/environment/lab4_model_training/venv/lib64/python3.12/site-packages/airflow/example_dags/example_xcom.py
[2026-03-12T00:43:39.239+0000] {processor.py:914} INFO - Processing file /home/ec2-user/environment/lab4_model_training/venv/lib64/python3.12/site-packages/airflow/example_dags/example_xcom.py for tasks to queue
[2026-03-12T00:43:39.241+0000] {logging_mixin.py:190} INFO - [2026-03-12T00:43:39.241+0000] {dagbag.py:588} INFO - Filling up the DagBag from /home/ec2-user/environment/lab4_model_training/venv/lib64/python3.12/site-packages/airflow/example_dags/example_xcom.py
[2026-03-12T00:43:39.248+0000] {processor.py:925} INFO - DAG(s) 'example_xcom' retrieved from /home/ec2-user/environment/lab4_model_training/venv/lib64/python3.12/site-packages/airflow/example_dags/example_xcom.py
[2026-03-12T00:43:39.262+0000] {logging_mixin.py:190} INFO - [2026-03-12T00:43:39.262+0000] {dag.py:3239} INFO - Sync 1 DAGs
[2026-03-12T00:43:39.278+0000] {logging_mixin.py:190} INFO - [2026-03-12T00:43:39.278+0000] {dag.py:4180} INFO - Setting next_dagrun for example_xcom to 2021-01-01 00:00:00+00:00, run_after=2021-01-01 00:00:00+00:00
[2026-03-12T00:43:39.295+0000] {processor.py:208} INFO - Processing /home/ec2-user/environment/lab4_model_training/venv/lib64/python3.12/site-packages/airflow/example_dags/example_xcom.py took 0.062 seconds
[2026-03-12T00:44:39.514+0000] {processor.py:186} INFO - Started process (PID=5133) to work on /home/ec2-user/environment/lab4_model_training/venv/lib64/python3.12/site-packages/airflow/example_dags/example_xcom.py
[2026-03-12T00:44:39.516+0000] {processor.py:914} INFO - Processing file /home/ec2-user/environment/lab4_model_training/venv/lib64/python3.12/site-packages/airflow/example_dags/example_xcom.py for tasks to queue
[2026-03-12T00:44:39.517+0000] {logging_mixin.py:190} INFO - [2026-03-12T00:44:39.517+0000] {dagbag.py:588} INFO - Filling up the DagBag from /home/ec2-user/environment/lab4_model_training/venv/lib64/python3.12/site-packages/airflow/example_dags/example_xcom.py
[2026-03-12T00:44:39.525+0000] {processor.py:925} INFO - DAG(s) 'example_xcom' retrieved from /home/ec2-user/environment/lab4_model_training/venv/lib64/python3.12/site-packages/airflow/example_dags/example_xcom.py
[2026-03-12T00:44:39.539+0000] {logging_mixin.py:190} INFO - [2026-03-12T00:44:39.539+0000] {dag.py:3239} INFO - Sync 1 DAGs
[2026-03-12T00:44:39.554+0000] {logging_mixin.py:190} INFO - [2026-03-12T00:44:39.554+0000] {dag.py:4180} INFO - Setting next_dagrun for example_xcom to 2021-01-01 00:00:00+00:00, run_after=2021-01-01 00:00:00+00:00
[2026-03-12T00:44:39.572+0000] {processor.py:208} INFO - Processing /home/ec2-user/environment/lab4_model_training/venv/lib64/python3.12/site-packages/airflow/example_dags/example_xcom.py took 0.061 seconds
[2026-03-12T00:45:43.299+0000] {processor.py:186} INFO - Started process (PID=5265) to work on /home/ec2-user/environment/lab4_model_training/venv/lib64/python3.12/site-packages/airflow/example_dags/example_xcom.py
[2026-03-12T00:45:43.301+0000] {processor.py:914} INFO - Processing file /home/ec2-user/environment/lab4_model_training/venv/lib64/python3.12/site-packages/airflow/example_dags/example_xcom.py for tasks to queue
[2026-03-12T00:45:43.303+0000] {logging_mixin.py:190} INFO - [2026-03-12T00:45:43.302+0000] {dagbag.py:588} INFO - Filling up the DagBag from /home/ec2-user/environment/lab4_model_training/venv/lib64/python3.12/site-packages/airflow/example_dags/example_xcom.py
[2026-03-12T00:45:43.312+0000] {processor.py:925} INFO - DAG(s) 'example_xcom' retrieved from /home/ec2-user/environment/lab4_model_training/venv/lib64/python3.12/site-packages/airflow/example_dags/example_xcom.py
[2026-03-12T00:45:43.331+0000] {logging_mixin.py:190} INFO - [2026-03-12T00:45:43.331+0000] {dag.py:3239} INFO - Sync 1 DAGs
[2026-03-12T00:45:43.349+0000] {logging_mixin.py:190} INFO - [2026-03-12T00:45:43.349+0000] {dag.py:4180} INFO - Setting next_dagrun for example_xcom to 2021-01-01 00:00:00+00:00, run_after=2021-01-01 00:00:00+00:00
[2026-03-12T00:45:43.368+0000] {processor.py:208} INFO - Processing /home/ec2-user/environment/lab4_model_training/venv/lib64/python3.12/site-packages/airflow/example_dags/example_xcom.py took 0.074 seconds
[2026-03-12T00:46:41.455+0000] {processor.py:186} INFO - Started process (PID=5349) to work on /home/ec2-user/environment/lab4_model_training/venv/lib64/python3.12/site-packages/airflow/example_dags/example_xcom.py
[2026-03-12T00:46:41.456+0000] {processor.py:914} INFO - Processing file /home/ec2-user/environment/lab4_model_training/venv/lib64/python3.12/site-packages/airflow/example_dags/example_xcom.py for tasks to queue
[2026-03-12T00:46:41.458+0000] {logging_mixin.py:190} INFO - [2026-03-12T00:46:41.458+0000] {dagbag.py:588} INFO - Filling up the DagBag from /home/ec2-user/environment/lab4_model_training/venv/lib64/python3.12/site-packages/airflow/example_dags/example_xcom.py
[2026-03-12T00:46:41.466+0000] {processor.py:925} INFO - DAG(s) 'example_xcom' retrieved from /home/ec2-user/environment/lab4_model_training/venv/lib64/python3.12/site-packages/airflow/example_dags/example_xcom.py
[2026-03-12T00:46:41.480+0000] {logging_mixin.py:190} INFO - [2026-03-12T00:46:41.480+0000] {dag.py:3239} INFO - Sync 1 DAGs
[2026-03-12T00:46:41.495+0000] {logging_mixin.py:190} INFO - [2026-03-12T00:46:41.495+0000] {dag.py:4180} INFO - Setting next_dagrun for example_xcom to 2021-01-01 00:00:00+00:00, run_after=2021-01-01 00:00:00+00:00
[2026-03-12T00:46:41.513+0000] {processor.py:208} INFO - Processing /home/ec2-user/environment/lab4_model_training/venv/lib64/python3.12/site-packages/airflow/example_dags/example_xcom.py took 0.062 seconds
[2026-03-12T00:47:40.068+0000] {processor.py:186} INFO - Started process (PID=5481) to work on /home/ec2-user/environment/lab4_model_training/venv/lib64/python3.12/site-packages/airflow/example_dags/example_xcom.py
[2026-03-12T00:47:40.069+0000] {processor.py:914} INFO - Processing file /home/ec2-user/environment/lab4_model_training/venv/lib64/python3.12/site-packages/airflow/example_dags/example_xcom.py for tasks to queue
[2026-03-12T00:47:40.071+0000] {logging_mixin.py:190} INFO - [2026-03-12T00:47:40.070+0000] {dagbag.py:588} INFO - Filling up the DagBag from /home/ec2-user/environment/lab4_model_training/venv/lib64/python3.12/site-packages/airflow/example_dags/example_xcom.py
[2026-03-12T00:47:40.078+0000] {processor.py:925} INFO - DAG(s) 'example_xcom' retrieved from /home/ec2-user/environment/lab4_model_training/venv/lib64/python3.12/site-packages/airflow/example_dags/example_xcom.py
[2026-03-12T00:47:40.093+0000] {logging_mixin.py:190} INFO - [2026-03-12T00:47:40.093+0000] {dag.py:3239} INFO - Sync 1 DAGs
[2026-03-12T00:47:40.112+0000] {logging_mixin.py:190} INFO - [2026-03-12T00:47:40.112+0000] {dag.py:4180} INFO - Setting next_dagrun for example_xcom to 2021-01-01 00:00:00+00:00, run_after=2021-01-01 00:00:00+00:00
[2026-03-12T00:47:40.131+0000] {processor.py:208} INFO - Processing /home/ec2-user/environment/lab4_model_training/venv/lib64/python3.12/site-packages/airflow/example_dags/example_xcom.py took 0.067 seconds
[2026-03-12T00:48:57.097+0000] {processor.py:186} INFO - Started process (PID=5614) to work on /home/ec2-user/environment/lab4_model_training/venv/lib64/python3.12/site-packages/airflow/example_dags/example_xcom.py
[2026-03-12T00:48:57.098+0000] {processor.py:914} INFO - Processing file /home/ec2-user/environment/lab4_model_training/venv/lib64/python3.12/site-packages/airflow/example_dags/example_xcom.py for tasks to queue
[2026-03-12T00:48:57.100+0000] {logging_mixin.py:190} INFO - [2026-03-12T00:48:57.099+0000] {dagbag.py:588} INFO - Filling up the DagBag from /home/ec2-user/environment/lab4_model_training/venv/lib64/python3.12/site-packages/airflow/example_dags/example_xcom.py
[2026-03-12T00:48:57.107+0000] {processor.py:925} INFO - DAG(s) 'example_xcom' retrieved from /home/ec2-user/environment/lab4_model_training/venv/lib64/python3.12/site-packages/airflow/example_dags/example_xcom.py
[2026-03-12T00:48:57.121+0000] {logging_mixin.py:190} INFO - [2026-03-12T00:48:57.121+0000] {dag.py:3239} INFO - Sync 1 DAGs
[2026-03-12T00:48:57.136+0000] {logging_mixin.py:190} INFO - [2026-03-12T00:48:57.136+0000] {dag.py:4180} INFO - Setting next_dagrun for example_xcom to 2021-01-01 00:00:00+00:00, run_after=2021-01-01 00:00:00+00:00
[2026-03-12T00:48:57.154+0000] {processor.py:208} INFO - Processing /home/ec2-user/environment/lab4_model_training/venv/lib64/python3.12/site-packages/airflow/example_dags/example_xcom.py took 0.061 seconds
[2026-03-12T00:49:55.474+0000] {processor.py:186} INFO - Started process (PID=5743) to work on /home/ec2-user/environment/lab4_model_training/venv/lib64/python3.12/site-packages/airflow/example_dags/example_xcom.py
[2026-03-12T00:49:55.475+0000] {processor.py:914} INFO - Processing file /home/ec2-user/environment/lab4_model_training/venv/lib64/python3.12/site-packages/airflow/example_dags/example_xcom.py for tasks to queue
[2026-03-12T00:49:55.477+0000] {logging_mixin.py:190} INFO - [2026-03-12T00:49:55.476+0000] {dagbag.py:588} INFO - Filling up the DagBag from /home/ec2-user/environment/lab4_model_training/venv/lib64/python3.12/site-packages/airflow/example_dags/example_xcom.py
[2026-03-12T00:49:55.484+0000] {processor.py:925} INFO - DAG(s) 'example_xcom' retrieved from /home/ec2-user/environment/lab4_model_training/venv/lib64/python3.12/site-packages/airflow/example_dags/example_xcom.py
[2026-03-12T00:49:55.498+0000] {logging_mixin.py:190} INFO - [2026-03-12T00:49:55.497+0000] {dag.py:3239} INFO - Sync 1 DAGs
[2026-03-12T00:49:55.513+0000] {logging_mixin.py:190} INFO - [2026-03-12T00:49:55.512+0000] {dag.py:4180} INFO - Setting next_dagrun for example_xcom to 2021-01-01 00:00:00+00:00, run_after=2021-01-01 00:00:00+00:00
[2026-03-12T00:49:55.531+0000] {processor.py:208} INFO - Processing /home/ec2-user/environment/lab4_model_training/venv/lib64/python3.12/site-packages/airflow/example_dags/example_xcom.py took 0.062 seconds
[2026-03-12T00:50:51.520+0000] {processor.py:186} INFO - Started process (PID=5944) to work on /home/ec2-user/environment/lab4_model_training/venv/lib64/python3.12/site-packages/airflow/example_dags/example_xcom.py
[2026-03-12T00:50:51.521+0000] {processor.py:914} INFO - Processing file /home/ec2-user/environment/lab4_model_training/venv/lib64/python3.12/site-packages/airflow/example_dags/example_xcom.py for tasks to queue
[2026-03-12T00:50:51.522+0000] {logging_mixin.py:190} INFO - [2026-03-12T00:50:51.522+0000] {dagbag.py:588} INFO - Filling up the DagBag from /home/ec2-user/environment/lab4_model_training/venv/lib64/python3.12/site-packages/airflow/example_dags/example_xcom.py
[2026-03-12T00:50:51.530+0000] {processor.py:925} INFO - DAG(s) 'example_xcom' retrieved from /home/ec2-user/environment/lab4_model_training/venv/lib64/python3.12/site-packages/airflow/example_dags/example_xcom.py
[2026-03-12T00:50:51.544+0000] {logging_mixin.py:190} INFO - [2026-03-12T00:50:51.544+0000] {dag.py:3239} INFO - Sync 1 DAGs
[2026-03-12T00:50:51.559+0000] {logging_mixin.py:190} INFO - [2026-03-12T00:50:51.559+0000] {dag.py:4180} INFO - Setting next_dagrun for example_xcom to 2021-01-01 00:00:00+00:00, run_after=2021-01-01 00:00:00+00:00
[2026-03-12T00:50:51.586+0000] {processor.py:208} INFO - Processing /home/ec2-user/environment/lab4_model_training/venv/lib64/python3.12/site-packages/airflow/example_dags/example_xcom.py took 0.071 seconds
[2026-03-12T00:51:51.809+0000] {processor.py:186} INFO - Started process (PID=6194) to work on /home/ec2-user/environment/lab4_model_training/venv/lib64/python3.12/site-packages/airflow/example_dags/example_xcom.py
[2026-03-12T00:51:51.811+0000] {processor.py:914} INFO - Processing file /home/ec2-user/environment/lab4_model_training/venv/lib64/python3.12/site-packages/airflow/example_dags/example_xcom.py for tasks to queue
[2026-03-12T00:51:51.813+0000] {logging_mixin.py:190} INFO - [2026-03-12T00:51:51.812+0000] {dagbag.py:588} INFO - Filling up the DagBag from /home/ec2-user/environment/lab4_model_training/venv/lib64/python3.12/site-packages/airflow/example_dags/example_xcom.py
[2026-03-12T00:51:51.823+0000] {processor.py:925} INFO - DAG(s) 'example_xcom' retrieved from /home/ec2-user/environment/lab4_model_training/venv/lib64/python3.12/site-packages/airflow/example_dags/example_xcom.py
[2026-03-12T00:51:51.841+0000] {logging_mixin.py:190} INFO - [2026-03-12T00:51:51.841+0000] {dag.py:3239} INFO - Sync 1 DAGs
[2026-03-12T00:51:51.860+0000] {logging_mixin.py:190} INFO - [2026-03-12T00:51:51.860+0000] {dag.py:4180} INFO - Setting next_dagrun for example_xcom to 2021-01-01 00:00:00+00:00, run_after=2021-01-01 00:00:00+00:00
[2026-03-12T00:51:51.879+0000] {processor.py:208} INFO - Processing /home/ec2-user/environment/lab4_model_training/venv/lib64/python3.12/site-packages/airflow/example_dags/example_xcom.py took 0.074 seconds
[2026-03-12T00:52:51.497+0000] {processor.py:186} INFO - Started process (PID=6361) to work on /home/ec2-user/environment/lab4_model_training/venv/lib64/python3.12/site-packages/airflow/example_dags/example_xcom.py
[2026-03-12T00:52:51.499+0000] {processor.py:914} INFO - Processing file /home/ec2-user/environment/lab4_model_training/venv/lib64/python3.12/site-packages/airflow/example_dags/example_xcom.py for tasks to queue
[2026-03-12T00:52:51.501+0000] {logging_mixin.py:190} INFO - [2026-03-12T00:52:51.500+0000] {dagbag.py:588} INFO - Filling up the DagBag from /home/ec2-user/environment/lab4_model_training/venv/lib64/python3.12/site-packages/airflow/example_dags/example_xcom.py
[2026-03-12T00:52:51.511+0000] {processor.py:925} INFO - DAG(s) 'example_xcom' retrieved from /home/ec2-user/environment/lab4_model_training/venv/lib64/python3.12/site-packages/airflow/example_dags/example_xcom.py
[2026-03-12T00:52:51.529+0000] {logging_mixin.py:190} INFO - [2026-03-12T00:52:51.529+0000] {dag.py:3239} INFO - Sync 1 DAGs
[2026-03-12T00:52:51.549+0000] {logging_mixin.py:190} INFO - [2026-03-12T00:52:51.549+0000] {dag.py:4180} INFO - Setting next_dagrun for example_xcom to 2021-01-01 00:00:00+00:00, run_after=2021-01-01 00:00:00+00:00
[2026-03-12T00:52:51.570+0000] {processor.py:208} INFO - Processing /home/ec2-user/environment/lab4_model_training/venv/lib64/python3.12/site-packages/airflow/example_dags/example_xcom.py took 0.077 seconds
[2026-03-12T00:53:54.304+0000] {processor.py:186} INFO - Started process (PID=6575) to work on /home/ec2-user/environment/lab4_model_training/venv/lib64/python3.12/site-packages/airflow/example_dags/example_xcom.py
[2026-03-12T00:53:54.305+0000] {processor.py:914} INFO - Processing file /home/ec2-user/environment/lab4_model_training/venv/lib64/python3.12/site-packages/airflow/example_dags/example_xcom.py for tasks to queue
[2026-03-12T00:53:54.307+0000] {logging_mixin.py:190} INFO - [2026-03-12T00:53:54.307+0000] {dagbag.py:588} INFO - Filling up the DagBag from /home/ec2-user/environment/lab4_model_training/venv/lib64/python3.12/site-packages/airflow/example_dags/example_xcom.py
[2026-03-12T00:53:54.315+0000] {processor.py:925} INFO - DAG(s) 'example_xcom' retrieved from /home/ec2-user/environment/lab4_model_training/venv/lib64/python3.12/site-packages/airflow/example_dags/example_xcom.py
[2026-03-12T00:53:54.328+0000] {logging_mixin.py:190} INFO - [2026-03-12T00:53:54.328+0000] {dag.py:3239} INFO - Sync 1 DAGs
[2026-03-12T00:53:54.344+0000] {logging_mixin.py:190} INFO - [2026-03-12T00:53:54.343+0000] {dag.py:4180} INFO - Setting next_dagrun for example_xcom to 2021-01-01 00:00:00+00:00, run_after=2021-01-01 00:00:00+00:00
[2026-03-12T00:53:54.361+0000] {processor.py:208} INFO - Processing /home/ec2-user/environment/lab4_model_training/venv/lib64/python3.12/site-packages/airflow/example_dags/example_xcom.py took 0.061 seconds
[2026-03-12T00:54:55.693+0000] {processor.py:186} INFO - Started process (PID=6790) to work on /home/ec2-user/environment/lab4_model_training/venv/lib64/python3.12/site-packages/airflow/example_dags/example_xcom.py
[2026-03-12T00:54:55.694+0000] {processor.py:914} INFO - Processing file /home/ec2-user/environment/lab4_model_training/venv/lib64/python3.12/site-packages/airflow/example_dags/example_xcom.py for tasks to queue
[2026-03-12T00:54:55.697+0000] {logging_mixin.py:190} INFO - [2026-03-12T00:54:55.696+0000] {dagbag.py:588} INFO - Filling up the DagBag from /home/ec2-user/environment/lab4_model_training/venv/lib64/python3.12/site-packages/airflow/example_dags/example_xcom.py
[2026-03-12T00:54:55.707+0000] {processor.py:925} INFO - DAG(s) 'example_xcom' retrieved from /home/ec2-user/environment/lab4_model_training/venv/lib64/python3.12/site-packages/airflow/example_dags/example_xcom.py
[2026-03-12T00:54:55.725+0000] {logging_mixin.py:190} INFO - [2026-03-12T00:54:55.725+0000] {dag.py:3239} INFO - Sync 1 DAGs
[2026-03-12T00:54:55.744+0000] {logging_mixin.py:190} INFO - [2026-03-12T00:54:55.744+0000] {dag.py:4180} INFO - Setting next_dagrun for example_xcom to 2021-01-01 00:00:00+00:00, run_after=2021-01-01 00:00:00+00:00
[2026-03-12T00:54:55.765+0000] {processor.py:208} INFO - Processing /home/ec2-user/environment/lab4_model_training/venv/lib64/python3.12/site-packages/airflow/example_dags/example_xcom.py took 0.076 seconds
[2026-03-12T00:55:54.876+0000] {processor.py:186} INFO - Started process (PID=6908) to work on /home/ec2-user/environment/lab4_model_training/venv/lib64/python3.12/site-packages/airflow/example_dags/example_xcom.py
[2026-03-12T00:55:54.877+0000] {processor.py:914} INFO - Processing file /home/ec2-user/environment/lab4_model_training/venv/lib64/python3.12/site-packages/airflow/example_dags/example_xcom.py for tasks to queue
[2026-03-12T00:55:54.880+0000] {logging_mixin.py:190} INFO - [2026-03-12T00:55:54.879+0000] {dagbag.py:588} INFO - Filling up the DagBag from /home/ec2-user/environment/lab4_model_training/venv/lib64/python3.12/site-packages/airflow/example_dags/example_xcom.py
[2026-03-12T00:55:54.889+0000] {processor.py:925} INFO - DAG(s) 'example_xcom' retrieved from /home/ec2-user/environment/lab4_model_training/venv/lib64/python3.12/site-packages/airflow/example_dags/example_xcom.py
[2026-03-12T00:55:54.907+0000] {logging_mixin.py:190} INFO - [2026-03-12T00:55:54.907+0000] {dag.py:3239} INFO - Sync 1 DAGs
[2026-03-12T00:55:54.930+0000] {logging_mixin.py:190} INFO - [2026-03-12T00:55:54.930+0000] {dag.py:4180} INFO - Setting next_dagrun for example_xcom to 2021-01-01 00:00:00+00:00, run_after=2021-01-01 00:00:00+00:00
[2026-03-12T00:55:54.950+0000] {processor.py:208} INFO - Processing /home/ec2-user/environment/lab4_model_training/venv/lib64/python3.12/site-packages/airflow/example_dags/example_xcom.py took 0.078 seconds
[2026-03-12T00:56:52.070+0000] {processor.py:186} INFO - Started process (PID=7085) to work on /home/ec2-user/environment/lab4_model_training/venv/lib64/python3.12/site-packages/airflow/example_dags/example_xcom.py
[2026-03-12T00:56:52.071+0000] {processor.py:914} INFO - Processing file /home/ec2-user/environment/lab4_model_training/venv/lib64/python3.12/site-packages/airflow/example_dags/example_xcom.py for tasks to queue
[2026-03-12T00:56:52.073+0000] {logging_mixin.py:190} INFO - [2026-03-12T00:56:52.072+0000] {dagbag.py:588} INFO - Filling up the DagBag from /home/ec2-user/environment/lab4_model_training/venv/lib64/python3.12/site-packages/airflow/example_dags/example_xcom.py
[2026-03-12T00:56:52.081+0000] {processor.py:925} INFO - DAG(s) 'example_xcom' retrieved from /home/ec2-user/environment/lab4_model_training/venv/lib64/python3.12/site-packages/airflow/example_dags/example_xcom.py
[2026-03-12T00:56:52.095+0000] {logging_mixin.py:190} INFO - [2026-03-12T00:56:52.094+0000] {dag.py:3239} INFO - Sync 1 DAGs
[2026-03-12T00:56:52.110+0000] {logging_mixin.py:190} INFO - [2026-03-12T00:56:52.110+0000] {dag.py:4180} INFO - Setting next_dagrun for example_xcom to 2021-01-01 00:00:00+00:00, run_after=2021-01-01 00:00:00+00:00
[2026-03-12T00:56:52.127+0000] {processor.py:208} INFO - Processing /home/ec2-user/environment/lab4_model_training/venv/lib64/python3.12/site-packages/airflow/example_dags/example_xcom.py took 0.061 seconds
[2026-03-12T00:57:50.056+0000] {processor.py:186} INFO - Started process (PID=7205) to work on /home/ec2-user/environment/lab4_model_training/venv/lib64/python3.12/site-packages/airflow/example_dags/example_xcom.py
[2026-03-12T00:57:50.057+0000] {processor.py:914} INFO - Processing file /home/ec2-user/environment/lab4_model_training/venv/lib64/python3.12/site-packages/airflow/example_dags/example_xcom.py for tasks to queue
[2026-03-12T00:57:50.059+0000] {logging_mixin.py:190} INFO - [2026-03-12T00:57:50.059+0000] {dagbag.py:588} INFO - Filling up the DagBag from /home/ec2-user/environment/lab4_model_training/venv/lib64/python3.12/site-packages/airflow/example_dags/example_xcom.py
[2026-03-12T00:57:50.069+0000] {processor.py:925} INFO - DAG(s) 'example_xcom' retrieved from /home/ec2-user/environment/lab4_model_training/venv/lib64/python3.12/site-packages/airflow/example_dags/example_xcom.py
[2026-03-12T00:57:50.088+0000] {logging_mixin.py:190} INFO - [2026-03-12T00:57:50.088+0000] {dag.py:3239} INFO - Sync 1 DAGs
[2026-03-12T00:57:50.108+0000] {logging_mixin.py:190} INFO - [2026-03-12T00:57:50.107+0000] {dag.py:4180} INFO - Setting next_dagrun for example_xcom to 2021-01-01 00:00:00+00:00, run_after=2021-01-01 00:00:00+00:00
[2026-03-12T00:57:50.127+0000] {processor.py:208} INFO - Processing /home/ec2-user/environment/lab4_model_training/venv/lib64/python3.12/site-packages/airflow/example_dags/example_xcom.py took 0.076 seconds
[2026-03-12T00:58:47.890+0000] {processor.py:186} INFO - Started process (PID=7386) to work on /home/ec2-user/environment/lab4_model_training/venv/lib64/python3.12/site-packages/airflow/example_dags/example_xcom.py
[2026-03-12T00:58:47.891+0000] {processor.py:914} INFO - Processing file /home/ec2-user/environment/lab4_model_training/venv/lib64/python3.12/site-packages/airflow/example_dags/example_xcom.py for tasks to queue
[2026-03-12T00:58:47.892+0000] {logging_mixin.py:190} INFO - [2026-03-12T00:58:47.892+0000] {dagbag.py:588} INFO - Filling up the DagBag from /home/ec2-user/environment/lab4_model_training/venv/lib64/python3.12/site-packages/airflow/example_dags/example_xcom.py
[2026-03-12T00:58:47.900+0000] {processor.py:925} INFO - DAG(s) 'example_xcom' retrieved from /home/ec2-user/environment/lab4_model_training/venv/lib64/python3.12/site-packages/airflow/example_dags/example_xcom.py
[2026-03-12T00:58:47.914+0000] {logging_mixin.py:190} INFO - [2026-03-12T00:58:47.914+0000] {dag.py:3239} INFO - Sync 1 DAGs
[2026-03-12T00:58:47.930+0000] {logging_mixin.py:190} INFO - [2026-03-12T00:58:47.930+0000] {dag.py:4180} INFO - Setting next_dagrun for example_xcom to 2021-01-01 00:00:00+00:00, run_after=2021-01-01 00:00:00+00:00
[2026-03-12T00:58:47.947+0000] {processor.py:208} INFO - Processing /home/ec2-user/environment/lab4_model_training/venv/lib64/python3.12/site-packages/airflow/example_dags/example_xcom.py took 0.062 seconds
