[2026-03-12T00:40:32.514+0000] {processor.py:186} INFO - Started process (PID=4620) to work on /home/ec2-user/environment/lab4_model_training/venv/lib64/python3.12/site-packages/airflow/example_dags/example_time_delta_sensor_async.py
[2026-03-12T00:40:32.515+0000] {processor.py:914} INFO - Processing file /home/ec2-user/environment/lab4_model_training/venv/lib64/python3.12/site-packages/airflow/example_dags/example_time_delta_sensor_async.py for tasks to queue
[2026-03-12T00:40:32.517+0000] {logging_mixin.py:190} INFO - [2026-03-12T00:40:32.516+0000] {dagbag.py:588} INFO - Filling up the DagBag from /home/ec2-user/environment/lab4_model_training/venv/lib64/python3.12/site-packages/airflow/example_dags/example_time_delta_sensor_async.py
[2026-03-12T00:40:32.522+0000] {processor.py:925} INFO - DAG(s) 'example_time_delta_sensor_async' retrieved from /home/ec2-user/environment/lab4_model_training/venv/lib64/python3.12/site-packages/airflow/example_dags/example_time_delta_sensor_async.py
[2026-03-12T00:40:32.613+0000] {logging_mixin.py:190} INFO - [2026-03-12T00:40:32.612+0000] {override.py:1930} INFO - Created Permission View: can read on DAG:example_time_delta_sensor_async
[2026-03-12T00:40:32.628+0000] {logging_mixin.py:190} INFO - [2026-03-12T00:40:32.628+0000] {override.py:1930} INFO - Created Permission View: can edit on DAG:example_time_delta_sensor_async
[2026-03-12T00:40:32.639+0000] {logging_mixin.py:190} INFO - [2026-03-12T00:40:32.639+0000] {override.py:1930} INFO - Created Permission View: can delete on DAG:example_time_delta_sensor_async
[2026-03-12T00:40:32.655+0000] {logging_mixin.py:190} INFO - [2026-03-12T00:40:32.654+0000] {override.py:1930} INFO - Created Permission View: menu access on DAG Run:example_time_delta_sensor_async
[2026-03-12T00:40:32.663+0000] {logging_mixin.py:190} INFO - [2026-03-12T00:40:32.663+0000] {override.py:1930} INFO - Created Permission View: can read on DAG Run:example_time_delta_sensor_async
[2026-03-12T00:40:32.671+0000] {logging_mixin.py:190} INFO - [2026-03-12T00:40:32.671+0000] {override.py:1930} INFO - Created Permission View: can create on DAG Run:example_time_delta_sensor_async
[2026-03-12T00:40:32.679+0000] {logging_mixin.py:190} INFO - [2026-03-12T00:40:32.679+0000] {override.py:1930} INFO - Created Permission View: can delete on DAG Run:example_time_delta_sensor_async
[2026-03-12T00:40:32.679+0000] {logging_mixin.py:190} INFO - [2026-03-12T00:40:32.679+0000] {dag.py:3239} INFO - Sync 1 DAGs
[2026-03-12T00:40:32.690+0000] {logging_mixin.py:190} INFO - [2026-03-12T00:40:32.689+0000] {dag.py:3262} INFO - Creating ORM DAG for example_time_delta_sensor_async
[2026-03-12T00:40:32.690+0000] {logging_mixin.py:190} INFO - [2026-03-12T00:40:32.690+0000] {dag.py:4180} INFO - Setting next_dagrun for example_time_delta_sensor_async to None, run_after=None
[2026-03-12T00:40:32.707+0000] {processor.py:208} INFO - Processing /home/ec2-user/environment/lab4_model_training/venv/lib64/python3.12/site-packages/airflow/example_dags/example_time_delta_sensor_async.py took 0.198 seconds
[2026-03-12T00:41:38.282+0000] {processor.py:186} INFO - Started process (PID=4732) to work on /home/ec2-user/environment/lab4_model_training/venv/lib64/python3.12/site-packages/airflow/example_dags/example_time_delta_sensor_async.py
[2026-03-12T00:41:38.283+0000] {processor.py:914} INFO - Processing file /home/ec2-user/environment/lab4_model_training/venv/lib64/python3.12/site-packages/airflow/example_dags/example_time_delta_sensor_async.py for tasks to queue
[2026-03-12T00:41:38.285+0000] {logging_mixin.py:190} INFO - [2026-03-12T00:41:38.285+0000] {dagbag.py:588} INFO - Filling up the DagBag from /home/ec2-user/environment/lab4_model_training/venv/lib64/python3.12/site-packages/airflow/example_dags/example_time_delta_sensor_async.py
[2026-03-12T00:41:38.291+0000] {processor.py:925} INFO - DAG(s) 'example_time_delta_sensor_async' retrieved from /home/ec2-user/environment/lab4_model_training/venv/lib64/python3.12/site-packages/airflow/example_dags/example_time_delta_sensor_async.py
[2026-03-12T00:41:38.303+0000] {logging_mixin.py:190} INFO - [2026-03-12T00:41:38.303+0000] {dag.py:3239} INFO - Sync 1 DAGs
[2026-03-12T00:41:38.312+0000] {logging_mixin.py:190} INFO - [2026-03-12T00:41:38.312+0000] {dag.py:4180} INFO - Setting next_dagrun for example_time_delta_sensor_async to None, run_after=None
[2026-03-12T00:41:38.330+0000] {processor.py:208} INFO - Processing /home/ec2-user/environment/lab4_model_training/venv/lib64/python3.12/site-packages/airflow/example_dags/example_time_delta_sensor_async.py took 0.053 seconds
[2026-03-12T00:42:38.717+0000] {processor.py:186} INFO - Started process (PID=4887) to work on /home/ec2-user/environment/lab4_model_training/venv/lib64/python3.12/site-packages/airflow/example_dags/example_time_delta_sensor_async.py
[2026-03-12T00:42:38.718+0000] {processor.py:914} INFO - Processing file /home/ec2-user/environment/lab4_model_training/venv/lib64/python3.12/site-packages/airflow/example_dags/example_time_delta_sensor_async.py for tasks to queue
[2026-03-12T00:42:38.720+0000] {logging_mixin.py:190} INFO - [2026-03-12T00:42:38.719+0000] {dagbag.py:588} INFO - Filling up the DagBag from /home/ec2-user/environment/lab4_model_training/venv/lib64/python3.12/site-packages/airflow/example_dags/example_time_delta_sensor_async.py
[2026-03-12T00:42:38.727+0000] {processor.py:925} INFO - DAG(s) 'example_time_delta_sensor_async' retrieved from /home/ec2-user/environment/lab4_model_training/venv/lib64/python3.12/site-packages/airflow/example_dags/example_time_delta_sensor_async.py
[2026-03-12T00:42:38.743+0000] {logging_mixin.py:190} INFO - [2026-03-12T00:42:38.743+0000] {dag.py:3239} INFO - Sync 1 DAGs
[2026-03-12T00:42:38.756+0000] {logging_mixin.py:190} INFO - [2026-03-12T00:42:38.756+0000] {dag.py:4180} INFO - Setting next_dagrun for example_time_delta_sensor_async to None, run_after=None
[2026-03-12T00:42:38.776+0000] {processor.py:208} INFO - Processing /home/ec2-user/environment/lab4_model_training/venv/lib64/python3.12/site-packages/airflow/example_dags/example_time_delta_sensor_async.py took 0.064 seconds
[2026-03-12T00:43:36.370+0000] {processor.py:186} INFO - Started process (PID=4967) to work on /home/ec2-user/environment/lab4_model_training/venv/lib64/python3.12/site-packages/airflow/example_dags/example_time_delta_sensor_async.py
[2026-03-12T00:43:36.371+0000] {processor.py:914} INFO - Processing file /home/ec2-user/environment/lab4_model_training/venv/lib64/python3.12/site-packages/airflow/example_dags/example_time_delta_sensor_async.py for tasks to queue
[2026-03-12T00:43:36.373+0000] {logging_mixin.py:190} INFO - [2026-03-12T00:43:36.373+0000] {dagbag.py:588} INFO - Filling up the DagBag from /home/ec2-user/environment/lab4_model_training/venv/lib64/python3.12/site-packages/airflow/example_dags/example_time_delta_sensor_async.py
[2026-03-12T00:43:36.381+0000] {processor.py:925} INFO - DAG(s) 'example_time_delta_sensor_async' retrieved from /home/ec2-user/environment/lab4_model_training/venv/lib64/python3.12/site-packages/airflow/example_dags/example_time_delta_sensor_async.py
[2026-03-12T00:43:36.397+0000] {logging_mixin.py:190} INFO - [2026-03-12T00:43:36.396+0000] {dag.py:3239} INFO - Sync 1 DAGs
[2026-03-12T00:43:36.411+0000] {logging_mixin.py:190} INFO - [2026-03-12T00:43:36.411+0000] {dag.py:4180} INFO - Setting next_dagrun for example_time_delta_sensor_async to None, run_after=None
[2026-03-12T00:43:36.431+0000] {processor.py:208} INFO - Processing /home/ec2-user/environment/lab4_model_training/venv/lib64/python3.12/site-packages/airflow/example_dags/example_time_delta_sensor_async.py took 0.065 seconds
[2026-03-12T00:44:36.102+0000] {processor.py:186} INFO - Started process (PID=5129) to work on /home/ec2-user/environment/lab4_model_training/venv/lib64/python3.12/site-packages/airflow/example_dags/example_time_delta_sensor_async.py
[2026-03-12T00:44:36.103+0000] {processor.py:914} INFO - Processing file /home/ec2-user/environment/lab4_model_training/venv/lib64/python3.12/site-packages/airflow/example_dags/example_time_delta_sensor_async.py for tasks to queue
[2026-03-12T00:44:36.105+0000] {logging_mixin.py:190} INFO - [2026-03-12T00:44:36.104+0000] {dagbag.py:588} INFO - Filling up the DagBag from /home/ec2-user/environment/lab4_model_training/venv/lib64/python3.12/site-packages/airflow/example_dags/example_time_delta_sensor_async.py
[2026-03-12T00:44:36.112+0000] {processor.py:925} INFO - DAG(s) 'example_time_delta_sensor_async' retrieved from /home/ec2-user/environment/lab4_model_training/venv/lib64/python3.12/site-packages/airflow/example_dags/example_time_delta_sensor_async.py
[2026-03-12T00:44:36.128+0000] {logging_mixin.py:190} INFO - [2026-03-12T00:44:36.128+0000] {dag.py:3239} INFO - Sync 1 DAGs
[2026-03-12T00:44:36.142+0000] {logging_mixin.py:190} INFO - [2026-03-12T00:44:36.142+0000] {dag.py:4180} INFO - Setting next_dagrun for example_time_delta_sensor_async to None, run_after=None
[2026-03-12T00:44:36.163+0000] {processor.py:208} INFO - Processing /home/ec2-user/environment/lab4_model_training/venv/lib64/python3.12/site-packages/airflow/example_dags/example_time_delta_sensor_async.py took 0.066 seconds
[2026-03-12T00:45:40.129+0000] {processor.py:186} INFO - Started process (PID=5261) to work on /home/ec2-user/environment/lab4_model_training/venv/lib64/python3.12/site-packages/airflow/example_dags/example_time_delta_sensor_async.py
[2026-03-12T00:45:40.130+0000] {processor.py:914} INFO - Processing file /home/ec2-user/environment/lab4_model_training/venv/lib64/python3.12/site-packages/airflow/example_dags/example_time_delta_sensor_async.py for tasks to queue
[2026-03-12T00:45:40.132+0000] {logging_mixin.py:190} INFO - [2026-03-12T00:45:40.132+0000] {dagbag.py:588} INFO - Filling up the DagBag from /home/ec2-user/environment/lab4_model_training/venv/lib64/python3.12/site-packages/airflow/example_dags/example_time_delta_sensor_async.py
[2026-03-12T00:45:40.137+0000] {processor.py:925} INFO - DAG(s) 'example_time_delta_sensor_async' retrieved from /home/ec2-user/environment/lab4_model_training/venv/lib64/python3.12/site-packages/airflow/example_dags/example_time_delta_sensor_async.py
[2026-03-12T00:45:40.150+0000] {logging_mixin.py:190} INFO - [2026-03-12T00:45:40.150+0000] {dag.py:3239} INFO - Sync 1 DAGs
[2026-03-12T00:45:40.160+0000] {logging_mixin.py:190} INFO - [2026-03-12T00:45:40.160+0000] {dag.py:4180} INFO - Setting next_dagrun for example_time_delta_sensor_async to None, run_after=None
[2026-03-12T00:45:40.178+0000] {processor.py:208} INFO - Processing /home/ec2-user/environment/lab4_model_training/venv/lib64/python3.12/site-packages/airflow/example_dags/example_time_delta_sensor_async.py took 0.054 seconds
[2026-03-12T00:46:38.589+0000] {processor.py:186} INFO - Started process (PID=5345) to work on /home/ec2-user/environment/lab4_model_training/venv/lib64/python3.12/site-packages/airflow/example_dags/example_time_delta_sensor_async.py
[2026-03-12T00:46:38.590+0000] {processor.py:914} INFO - Processing file /home/ec2-user/environment/lab4_model_training/venv/lib64/python3.12/site-packages/airflow/example_dags/example_time_delta_sensor_async.py for tasks to queue
[2026-03-12T00:46:38.592+0000] {logging_mixin.py:190} INFO - [2026-03-12T00:46:38.592+0000] {dagbag.py:588} INFO - Filling up the DagBag from /home/ec2-user/environment/lab4_model_training/venv/lib64/python3.12/site-packages/airflow/example_dags/example_time_delta_sensor_async.py
[2026-03-12T00:46:38.599+0000] {processor.py:925} INFO - DAG(s) 'example_time_delta_sensor_async' retrieved from /home/ec2-user/environment/lab4_model_training/venv/lib64/python3.12/site-packages/airflow/example_dags/example_time_delta_sensor_async.py
[2026-03-12T00:46:38.616+0000] {logging_mixin.py:190} INFO - [2026-03-12T00:46:38.616+0000] {dag.py:3239} INFO - Sync 1 DAGs
[2026-03-12T00:46:38.630+0000] {logging_mixin.py:190} INFO - [2026-03-12T00:46:38.630+0000] {dag.py:4180} INFO - Setting next_dagrun for example_time_delta_sensor_async to None, run_after=None
[2026-03-12T00:46:38.650+0000] {processor.py:208} INFO - Processing /home/ec2-user/environment/lab4_model_training/venv/lib64/python3.12/site-packages/airflow/example_dags/example_time_delta_sensor_async.py took 0.066 seconds
[2026-03-12T00:47:36.059+0000] {processor.py:186} INFO - Started process (PID=5477) to work on /home/ec2-user/environment/lab4_model_training/venv/lib64/python3.12/site-packages/airflow/example_dags/example_time_delta_sensor_async.py
[2026-03-12T00:47:36.060+0000] {processor.py:914} INFO - Processing file /home/ec2-user/environment/lab4_model_training/venv/lib64/python3.12/site-packages/airflow/example_dags/example_time_delta_sensor_async.py for tasks to queue
[2026-03-12T00:47:36.062+0000] {logging_mixin.py:190} INFO - [2026-03-12T00:47:36.061+0000] {dagbag.py:588} INFO - Filling up the DagBag from /home/ec2-user/environment/lab4_model_training/venv/lib64/python3.12/site-packages/airflow/example_dags/example_time_delta_sensor_async.py
[2026-03-12T00:47:36.067+0000] {processor.py:925} INFO - DAG(s) 'example_time_delta_sensor_async' retrieved from /home/ec2-user/environment/lab4_model_training/venv/lib64/python3.12/site-packages/airflow/example_dags/example_time_delta_sensor_async.py
[2026-03-12T00:47:36.080+0000] {logging_mixin.py:190} INFO - [2026-03-12T00:47:36.080+0000] {dag.py:3239} INFO - Sync 1 DAGs
[2026-03-12T00:47:36.091+0000] {logging_mixin.py:190} INFO - [2026-03-12T00:47:36.090+0000] {dag.py:4180} INFO - Setting next_dagrun for example_time_delta_sensor_async to None, run_after=None
[2026-03-12T00:47:36.109+0000] {processor.py:208} INFO - Processing /home/ec2-user/environment/lab4_model_training/venv/lib64/python3.12/site-packages/airflow/example_dags/example_time_delta_sensor_async.py took 0.055 seconds
[2026-03-12T00:48:52.993+0000] {processor.py:186} INFO - Started process (PID=5610) to work on /home/ec2-user/environment/lab4_model_training/venv/lib64/python3.12/site-packages/airflow/example_dags/example_time_delta_sensor_async.py
[2026-03-12T00:48:52.995+0000] {processor.py:914} INFO - Processing file /home/ec2-user/environment/lab4_model_training/venv/lib64/python3.12/site-packages/airflow/example_dags/example_time_delta_sensor_async.py for tasks to queue
[2026-03-12T00:48:52.996+0000] {logging_mixin.py:190} INFO - [2026-03-12T00:48:52.996+0000] {dagbag.py:588} INFO - Filling up the DagBag from /home/ec2-user/environment/lab4_model_training/venv/lib64/python3.12/site-packages/airflow/example_dags/example_time_delta_sensor_async.py
[2026-03-12T00:48:53.004+0000] {processor.py:925} INFO - DAG(s) 'example_time_delta_sensor_async' retrieved from /home/ec2-user/environment/lab4_model_training/venv/lib64/python3.12/site-packages/airflow/example_dags/example_time_delta_sensor_async.py
[2026-03-12T00:48:53.020+0000] {logging_mixin.py:190} INFO - [2026-03-12T00:48:53.020+0000] {dag.py:3239} INFO - Sync 1 DAGs
[2026-03-12T00:48:53.034+0000] {logging_mixin.py:190} INFO - [2026-03-12T00:48:53.034+0000] {dag.py:4180} INFO - Setting next_dagrun for example_time_delta_sensor_async to None, run_after=None
[2026-03-12T00:48:53.054+0000] {processor.py:208} INFO - Processing /home/ec2-user/environment/lab4_model_training/venv/lib64/python3.12/site-packages/airflow/example_dags/example_time_delta_sensor_async.py took 0.065 seconds
[2026-03-12T00:49:50.934+0000] {processor.py:186} INFO - Started process (PID=5739) to work on /home/ec2-user/environment/lab4_model_training/venv/lib64/python3.12/site-packages/airflow/example_dags/example_time_delta_sensor_async.py
[2026-03-12T00:49:50.935+0000] {processor.py:914} INFO - Processing file /home/ec2-user/environment/lab4_model_training/venv/lib64/python3.12/site-packages/airflow/example_dags/example_time_delta_sensor_async.py for tasks to queue
[2026-03-12T00:49:50.937+0000] {logging_mixin.py:190} INFO - [2026-03-12T00:49:50.937+0000] {dagbag.py:588} INFO - Filling up the DagBag from /home/ec2-user/environment/lab4_model_training/venv/lib64/python3.12/site-packages/airflow/example_dags/example_time_delta_sensor_async.py
[2026-03-12T00:49:50.943+0000] {processor.py:925} INFO - DAG(s) 'example_time_delta_sensor_async' retrieved from /home/ec2-user/environment/lab4_model_training/venv/lib64/python3.12/site-packages/airflow/example_dags/example_time_delta_sensor_async.py
[2026-03-12T00:49:50.956+0000] {logging_mixin.py:190} INFO - [2026-03-12T00:49:50.956+0000] {dag.py:3239} INFO - Sync 1 DAGs
[2026-03-12T00:49:50.965+0000] {logging_mixin.py:190} INFO - [2026-03-12T00:49:50.965+0000] {dag.py:4180} INFO - Setting next_dagrun for example_time_delta_sensor_async to None, run_after=None
[2026-03-12T00:49:50.983+0000] {processor.py:208} INFO - Processing /home/ec2-user/environment/lab4_model_training/venv/lib64/python3.12/site-packages/airflow/example_dags/example_time_delta_sensor_async.py took 0.053 seconds
[2026-03-12T00:50:48.639+0000] {processor.py:186} INFO - Started process (PID=5843) to work on /home/ec2-user/environment/lab4_model_training/venv/lib64/python3.12/site-packages/airflow/example_dags/example_time_delta_sensor_async.py
[2026-03-12T00:50:48.640+0000] {processor.py:914} INFO - Processing file /home/ec2-user/environment/lab4_model_training/venv/lib64/python3.12/site-packages/airflow/example_dags/example_time_delta_sensor_async.py for tasks to queue
[2026-03-12T00:50:48.642+0000] {logging_mixin.py:190} INFO - [2026-03-12T00:50:48.642+0000] {dagbag.py:588} INFO - Filling up the DagBag from /home/ec2-user/environment/lab4_model_training/venv/lib64/python3.12/site-packages/airflow/example_dags/example_time_delta_sensor_async.py
[2026-03-12T00:50:48.647+0000] {processor.py:925} INFO - DAG(s) 'example_time_delta_sensor_async' retrieved from /home/ec2-user/environment/lab4_model_training/venv/lib64/python3.12/site-packages/airflow/example_dags/example_time_delta_sensor_async.py
[2026-03-12T00:50:48.660+0000] {logging_mixin.py:190} INFO - [2026-03-12T00:50:48.660+0000] {dag.py:3239} INFO - Sync 1 DAGs
[2026-03-12T00:50:48.670+0000] {logging_mixin.py:190} INFO - [2026-03-12T00:50:48.670+0000] {dag.py:4180} INFO - Setting next_dagrun for example_time_delta_sensor_async to None, run_after=None
[2026-03-12T00:50:48.688+0000] {processor.py:208} INFO - Processing /home/ec2-user/environment/lab4_model_training/venv/lib64/python3.12/site-packages/airflow/example_dags/example_time_delta_sensor_async.py took 0.054 seconds
[2026-03-12T00:51:48.041+0000] {processor.py:186} INFO - Started process (PID=6190) to work on /home/ec2-user/environment/lab4_model_training/venv/lib64/python3.12/site-packages/airflow/example_dags/example_time_delta_sensor_async.py
[2026-03-12T00:51:48.043+0000] {processor.py:914} INFO - Processing file /home/ec2-user/environment/lab4_model_training/venv/lib64/python3.12/site-packages/airflow/example_dags/example_time_delta_sensor_async.py for tasks to queue
[2026-03-12T00:51:48.044+0000] {logging_mixin.py:190} INFO - [2026-03-12T00:51:48.044+0000] {dagbag.py:588} INFO - Filling up the DagBag from /home/ec2-user/environment/lab4_model_training/venv/lib64/python3.12/site-packages/airflow/example_dags/example_time_delta_sensor_async.py
[2026-03-12T00:51:48.050+0000] {processor.py:925} INFO - DAG(s) 'example_time_delta_sensor_async' retrieved from /home/ec2-user/environment/lab4_model_training/venv/lib64/python3.12/site-packages/airflow/example_dags/example_time_delta_sensor_async.py
[2026-03-12T00:51:48.062+0000] {logging_mixin.py:190} INFO - [2026-03-12T00:51:48.062+0000] {dag.py:3239} INFO - Sync 1 DAGs
[2026-03-12T00:51:48.073+0000] {logging_mixin.py:190} INFO - [2026-03-12T00:51:48.073+0000] {dag.py:4180} INFO - Setting next_dagrun for example_time_delta_sensor_async to None, run_after=None
[2026-03-12T00:51:48.090+0000] {processor.py:208} INFO - Processing /home/ec2-user/environment/lab4_model_training/venv/lib64/python3.12/site-packages/airflow/example_dags/example_time_delta_sensor_async.py took 0.053 seconds
[2026-03-12T00:52:47.497+0000] {processor.py:186} INFO - Started process (PID=6357) to work on /home/ec2-user/environment/lab4_model_training/venv/lib64/python3.12/site-packages/airflow/example_dags/example_time_delta_sensor_async.py
[2026-03-12T00:52:47.498+0000] {processor.py:914} INFO - Processing file /home/ec2-user/environment/lab4_model_training/venv/lib64/python3.12/site-packages/airflow/example_dags/example_time_delta_sensor_async.py for tasks to queue
[2026-03-12T00:52:47.500+0000] {logging_mixin.py:190} INFO - [2026-03-12T00:52:47.500+0000] {dagbag.py:588} INFO - Filling up the DagBag from /home/ec2-user/environment/lab4_model_training/venv/lib64/python3.12/site-packages/airflow/example_dags/example_time_delta_sensor_async.py
[2026-03-12T00:52:47.507+0000] {processor.py:925} INFO - DAG(s) 'example_time_delta_sensor_async' retrieved from /home/ec2-user/environment/lab4_model_training/venv/lib64/python3.12/site-packages/airflow/example_dags/example_time_delta_sensor_async.py
[2026-03-12T00:52:47.524+0000] {logging_mixin.py:190} INFO - [2026-03-12T00:52:47.523+0000] {dag.py:3239} INFO - Sync 1 DAGs
[2026-03-12T00:52:47.538+0000] {logging_mixin.py:190} INFO - [2026-03-12T00:52:47.538+0000] {dag.py:4180} INFO - Setting next_dagrun for example_time_delta_sensor_async to None, run_after=None
[2026-03-12T00:52:47.559+0000] {processor.py:208} INFO - Processing /home/ec2-user/environment/lab4_model_training/venv/lib64/python3.12/site-packages/airflow/example_dags/example_time_delta_sensor_async.py took 0.066 seconds
[2026-03-12T00:53:50.297+0000] {processor.py:186} INFO - Started process (PID=6571) to work on /home/ec2-user/environment/lab4_model_training/venv/lib64/python3.12/site-packages/airflow/example_dags/example_time_delta_sensor_async.py
[2026-03-12T00:53:50.298+0000] {processor.py:914} INFO - Processing file /home/ec2-user/environment/lab4_model_training/venv/lib64/python3.12/site-packages/airflow/example_dags/example_time_delta_sensor_async.py for tasks to queue
[2026-03-12T00:53:50.300+0000] {logging_mixin.py:190} INFO - [2026-03-12T00:53:50.299+0000] {dagbag.py:588} INFO - Filling up the DagBag from /home/ec2-user/environment/lab4_model_training/venv/lib64/python3.12/site-packages/airflow/example_dags/example_time_delta_sensor_async.py
[2026-03-12T00:53:50.306+0000] {processor.py:925} INFO - DAG(s) 'example_time_delta_sensor_async' retrieved from /home/ec2-user/environment/lab4_model_training/venv/lib64/python3.12/site-packages/airflow/example_dags/example_time_delta_sensor_async.py
[2026-03-12T00:53:50.318+0000] {logging_mixin.py:190} INFO - [2026-03-12T00:53:50.318+0000] {dag.py:3239} INFO - Sync 1 DAGs
[2026-03-12T00:53:50.328+0000] {logging_mixin.py:190} INFO - [2026-03-12T00:53:50.328+0000] {dag.py:4180} INFO - Setting next_dagrun for example_time_delta_sensor_async to None, run_after=None
[2026-03-12T00:53:50.346+0000] {processor.py:208} INFO - Processing /home/ec2-user/environment/lab4_model_training/venv/lib64/python3.12/site-packages/airflow/example_dags/example_time_delta_sensor_async.py took 0.054 seconds
[2026-03-12T00:54:51.950+0000] {processor.py:186} INFO - Started process (PID=6786) to work on /home/ec2-user/environment/lab4_model_training/venv/lib64/python3.12/site-packages/airflow/example_dags/example_time_delta_sensor_async.py
[2026-03-12T00:54:51.951+0000] {processor.py:914} INFO - Processing file /home/ec2-user/environment/lab4_model_training/venv/lib64/python3.12/site-packages/airflow/example_dags/example_time_delta_sensor_async.py for tasks to queue
[2026-03-12T00:54:51.953+0000] {logging_mixin.py:190} INFO - [2026-03-12T00:54:51.953+0000] {dagbag.py:588} INFO - Filling up the DagBag from /home/ec2-user/environment/lab4_model_training/venv/lib64/python3.12/site-packages/airflow/example_dags/example_time_delta_sensor_async.py
[2026-03-12T00:54:51.961+0000] {processor.py:925} INFO - DAG(s) 'example_time_delta_sensor_async' retrieved from /home/ec2-user/environment/lab4_model_training/venv/lib64/python3.12/site-packages/airflow/example_dags/example_time_delta_sensor_async.py
[2026-03-12T00:54:51.976+0000] {logging_mixin.py:190} INFO - [2026-03-12T00:54:51.976+0000] {dag.py:3239} INFO - Sync 1 DAGs
[2026-03-12T00:54:51.991+0000] {logging_mixin.py:190} INFO - [2026-03-12T00:54:51.991+0000] {dag.py:4180} INFO - Setting next_dagrun for example_time_delta_sensor_async to None, run_after=None
[2026-03-12T00:54:52.011+0000] {processor.py:208} INFO - Processing /home/ec2-user/environment/lab4_model_training/venv/lib64/python3.12/site-packages/airflow/example_dags/example_time_delta_sensor_async.py took 0.066 seconds
[2026-03-12T00:55:50.825+0000] {processor.py:186} INFO - Started process (PID=6904) to work on /home/ec2-user/environment/lab4_model_training/venv/lib64/python3.12/site-packages/airflow/example_dags/example_time_delta_sensor_async.py
[2026-03-12T00:55:50.826+0000] {processor.py:914} INFO - Processing file /home/ec2-user/environment/lab4_model_training/venv/lib64/python3.12/site-packages/airflow/example_dags/example_time_delta_sensor_async.py for tasks to queue
[2026-03-12T00:55:50.828+0000] {logging_mixin.py:190} INFO - [2026-03-12T00:55:50.827+0000] {dagbag.py:588} INFO - Filling up the DagBag from /home/ec2-user/environment/lab4_model_training/venv/lib64/python3.12/site-packages/airflow/example_dags/example_time_delta_sensor_async.py
[2026-03-12T00:55:50.833+0000] {processor.py:925} INFO - DAG(s) 'example_time_delta_sensor_async' retrieved from /home/ec2-user/environment/lab4_model_training/venv/lib64/python3.12/site-packages/airflow/example_dags/example_time_delta_sensor_async.py
[2026-03-12T00:55:50.846+0000] {logging_mixin.py:190} INFO - [2026-03-12T00:55:50.846+0000] {dag.py:3239} INFO - Sync 1 DAGs
[2026-03-12T00:55:50.856+0000] {logging_mixin.py:190} INFO - [2026-03-12T00:55:50.856+0000] {dag.py:4180} INFO - Setting next_dagrun for example_time_delta_sensor_async to None, run_after=None
[2026-03-12T00:55:50.873+0000] {processor.py:208} INFO - Processing /home/ec2-user/environment/lab4_model_training/venv/lib64/python3.12/site-packages/airflow/example_dags/example_time_delta_sensor_async.py took 0.053 seconds
[2026-03-12T00:56:48.749+0000] {processor.py:186} INFO - Started process (PID=7081) to work on /home/ec2-user/environment/lab4_model_training/venv/lib64/python3.12/site-packages/airflow/example_dags/example_time_delta_sensor_async.py
[2026-03-12T00:56:48.751+0000] {processor.py:914} INFO - Processing file /home/ec2-user/environment/lab4_model_training/venv/lib64/python3.12/site-packages/airflow/example_dags/example_time_delta_sensor_async.py for tasks to queue
[2026-03-12T00:56:48.753+0000] {logging_mixin.py:190} INFO - [2026-03-12T00:56:48.752+0000] {dagbag.py:588} INFO - Filling up the DagBag from /home/ec2-user/environment/lab4_model_training/venv/lib64/python3.12/site-packages/airflow/example_dags/example_time_delta_sensor_async.py
[2026-03-12T00:56:48.760+0000] {processor.py:925} INFO - DAG(s) 'example_time_delta_sensor_async' retrieved from /home/ec2-user/environment/lab4_model_training/venv/lib64/python3.12/site-packages/airflow/example_dags/example_time_delta_sensor_async.py
[2026-03-12T00:56:48.776+0000] {logging_mixin.py:190} INFO - [2026-03-12T00:56:48.775+0000] {dag.py:3239} INFO - Sync 1 DAGs
[2026-03-12T00:56:48.789+0000] {logging_mixin.py:190} INFO - [2026-03-12T00:56:48.789+0000] {dag.py:4180} INFO - Setting next_dagrun for example_time_delta_sensor_async to None, run_after=None
[2026-03-12T00:56:48.810+0000] {processor.py:208} INFO - Processing /home/ec2-user/environment/lab4_model_training/venv/lib64/python3.12/site-packages/airflow/example_dags/example_time_delta_sensor_async.py took 0.065 seconds
[2026-03-12T00:57:46.618+0000] {processor.py:186} INFO - Started process (PID=7188) to work on /home/ec2-user/environment/lab4_model_training/venv/lib64/python3.12/site-packages/airflow/example_dags/example_time_delta_sensor_async.py
[2026-03-12T00:57:46.619+0000] {processor.py:914} INFO - Processing file /home/ec2-user/environment/lab4_model_training/venv/lib64/python3.12/site-packages/airflow/example_dags/example_time_delta_sensor_async.py for tasks to queue
[2026-03-12T00:57:46.621+0000] {logging_mixin.py:190} INFO - [2026-03-12T00:57:46.621+0000] {dagbag.py:588} INFO - Filling up the DagBag from /home/ec2-user/environment/lab4_model_training/venv/lib64/python3.12/site-packages/airflow/example_dags/example_time_delta_sensor_async.py
[2026-03-12T00:57:46.627+0000] {processor.py:925} INFO - DAG(s) 'example_time_delta_sensor_async' retrieved from /home/ec2-user/environment/lab4_model_training/venv/lib64/python3.12/site-packages/airflow/example_dags/example_time_delta_sensor_async.py
[2026-03-12T00:57:46.640+0000] {logging_mixin.py:190} INFO - [2026-03-12T00:57:46.640+0000] {dag.py:3239} INFO - Sync 1 DAGs
[2026-03-12T00:57:46.650+0000] {logging_mixin.py:190} INFO - [2026-03-12T00:57:46.650+0000] {dag.py:4180} INFO - Setting next_dagrun for example_time_delta_sensor_async to None, run_after=None
[2026-03-12T00:57:46.666+0000] {processor.py:208} INFO - Processing /home/ec2-user/environment/lab4_model_training/venv/lib64/python3.12/site-packages/airflow/example_dags/example_time_delta_sensor_async.py took 0.052 seconds
[2026-03-12T00:58:44.129+0000] {processor.py:186} INFO - Started process (PID=7376) to work on /home/ec2-user/environment/lab4_model_training/venv/lib64/python3.12/site-packages/airflow/example_dags/example_time_delta_sensor_async.py
[2026-03-12T00:58:44.130+0000] {processor.py:914} INFO - Processing file /home/ec2-user/environment/lab4_model_training/venv/lib64/python3.12/site-packages/airflow/example_dags/example_time_delta_sensor_async.py for tasks to queue
[2026-03-12T00:58:44.131+0000] {logging_mixin.py:190} INFO - [2026-03-12T00:58:44.131+0000] {dagbag.py:588} INFO - Filling up the DagBag from /home/ec2-user/environment/lab4_model_training/venv/lib64/python3.12/site-packages/airflow/example_dags/example_time_delta_sensor_async.py
[2026-03-12T00:58:44.137+0000] {processor.py:925} INFO - DAG(s) 'example_time_delta_sensor_async' retrieved from /home/ec2-user/environment/lab4_model_training/venv/lib64/python3.12/site-packages/airflow/example_dags/example_time_delta_sensor_async.py
[2026-03-12T00:58:44.150+0000] {logging_mixin.py:190} INFO - [2026-03-12T00:58:44.150+0000] {dag.py:3239} INFO - Sync 1 DAGs
[2026-03-12T00:58:44.160+0000] {logging_mixin.py:190} INFO - [2026-03-12T00:58:44.160+0000] {dag.py:4180} INFO - Setting next_dagrun for example_time_delta_sensor_async to None, run_after=None
[2026-03-12T00:58:44.177+0000] {processor.py:208} INFO - Processing /home/ec2-user/environment/lab4_model_training/venv/lib64/python3.12/site-packages/airflow/example_dags/example_time_delta_sensor_async.py took 0.053 seconds
