[2026-03-12T00:40:08.105+0000] {processor.py:186} INFO - Started process (PID=4535) to work on /home/ec2-user/environment/lab4_model_training/venv/lib64/python3.12/site-packages/airflow/example_dags/example_latest_only_with_trigger.py
[2026-03-12T00:40:08.105+0000] {processor.py:914} INFO - Processing file /home/ec2-user/environment/lab4_model_training/venv/lib64/python3.12/site-packages/airflow/example_dags/example_latest_only_with_trigger.py for tasks to queue
[2026-03-12T00:40:08.107+0000] {logging_mixin.py:190} INFO - [2026-03-12T00:40:08.107+0000] {dagbag.py:588} INFO - Filling up the DagBag from /home/ec2-user/environment/lab4_model_training/venv/lib64/python3.12/site-packages/airflow/example_dags/example_latest_only_with_trigger.py
[2026-03-12T00:40:08.115+0000] {processor.py:925} INFO - DAG(s) 'latest_only_with_trigger' retrieved from /home/ec2-user/environment/lab4_model_training/venv/lib64/python3.12/site-packages/airflow/example_dags/example_latest_only_with_trigger.py
[2026-03-12T00:40:08.199+0000] {logging_mixin.py:190} INFO - [2026-03-12T00:40:08.198+0000] {override.py:1930} INFO - Created Permission View: can read on DAG:latest_only_with_trigger
[2026-03-12T00:40:08.209+0000] {logging_mixin.py:190} INFO - [2026-03-12T00:40:08.209+0000] {override.py:1930} INFO - Created Permission View: can edit on DAG:latest_only_with_trigger
[2026-03-12T00:40:08.217+0000] {logging_mixin.py:190} INFO - [2026-03-12T00:40:08.217+0000] {override.py:1930} INFO - Created Permission View: can delete on DAG:latest_only_with_trigger
[2026-03-12T00:40:08.232+0000] {logging_mixin.py:190} INFO - [2026-03-12T00:40:08.232+0000] {override.py:1930} INFO - Created Permission View: menu access on DAG Run:latest_only_with_trigger
[2026-03-12T00:40:08.240+0000] {logging_mixin.py:190} INFO - [2026-03-12T00:40:08.239+0000] {override.py:1930} INFO - Created Permission View: can read on DAG Run:latest_only_with_trigger
[2026-03-12T00:40:08.248+0000] {logging_mixin.py:190} INFO - [2026-03-12T00:40:08.247+0000] {override.py:1930} INFO - Created Permission View: can create on DAG Run:latest_only_with_trigger
[2026-03-12T00:40:08.255+0000] {logging_mixin.py:190} INFO - [2026-03-12T00:40:08.255+0000] {override.py:1930} INFO - Created Permission View: can delete on DAG Run:latest_only_with_trigger
[2026-03-12T00:40:08.256+0000] {logging_mixin.py:190} INFO - [2026-03-12T00:40:08.255+0000] {dag.py:3239} INFO - Sync 1 DAGs
[2026-03-12T00:40:08.265+0000] {logging_mixin.py:190} INFO - [2026-03-12T00:40:08.265+0000] {dag.py:3262} INFO - Creating ORM DAG for latest_only_with_trigger
[2026-03-12T00:40:08.271+0000] {logging_mixin.py:190} INFO - [2026-03-12T00:40:08.271+0000] {dag.py:4180} INFO - Setting next_dagrun for latest_only_with_trigger to 2026-03-11 20:00:00+00:00, run_after=2026-03-12 00:00:00+00:00
[2026-03-12T00:40:08.289+0000] {processor.py:208} INFO - Processing /home/ec2-user/environment/lab4_model_training/venv/lib64/python3.12/site-packages/airflow/example_dags/example_latest_only_with_trigger.py took 0.188 seconds
[2026-03-12T00:41:15.261+0000] {processor.py:186} INFO - Started process (PID=4694) to work on /home/ec2-user/environment/lab4_model_training/venv/lib64/python3.12/site-packages/airflow/example_dags/example_latest_only_with_trigger.py
[2026-03-12T00:41:15.262+0000] {processor.py:914} INFO - Processing file /home/ec2-user/environment/lab4_model_training/venv/lib64/python3.12/site-packages/airflow/example_dags/example_latest_only_with_trigger.py for tasks to queue
[2026-03-12T00:41:15.263+0000] {logging_mixin.py:190} INFO - [2026-03-12T00:41:15.263+0000] {dagbag.py:588} INFO - Filling up the DagBag from /home/ec2-user/environment/lab4_model_training/venv/lib64/python3.12/site-packages/airflow/example_dags/example_latest_only_with_trigger.py
[2026-03-12T00:41:15.270+0000] {processor.py:925} INFO - DAG(s) 'latest_only_with_trigger' retrieved from /home/ec2-user/environment/lab4_model_training/venv/lib64/python3.12/site-packages/airflow/example_dags/example_latest_only_with_trigger.py
[2026-03-12T00:41:15.283+0000] {logging_mixin.py:190} INFO - [2026-03-12T00:41:15.283+0000] {dag.py:3239} INFO - Sync 1 DAGs
[2026-03-12T00:41:15.299+0000] {logging_mixin.py:190} INFO - [2026-03-12T00:41:15.299+0000] {dag.py:4180} INFO - Setting next_dagrun for latest_only_with_trigger to 2026-03-11 20:00:00+00:00, run_after=2026-03-12 00:00:00+00:00
[2026-03-12T00:41:15.317+0000] {processor.py:208} INFO - Processing /home/ec2-user/environment/lab4_model_training/venv/lib64/python3.12/site-packages/airflow/example_dags/example_latest_only_with_trigger.py took 0.061 seconds
[2026-03-12T00:42:15.683+0000] {processor.py:186} INFO - Started process (PID=4804) to work on /home/ec2-user/environment/lab4_model_training/venv/lib64/python3.12/site-packages/airflow/example_dags/example_latest_only_with_trigger.py
[2026-03-12T00:42:15.684+0000] {processor.py:914} INFO - Processing file /home/ec2-user/environment/lab4_model_training/venv/lib64/python3.12/site-packages/airflow/example_dags/example_latest_only_with_trigger.py for tasks to queue
[2026-03-12T00:42:15.686+0000] {logging_mixin.py:190} INFO - [2026-03-12T00:42:15.686+0000] {dagbag.py:588} INFO - Filling up the DagBag from /home/ec2-user/environment/lab4_model_training/venv/lib64/python3.12/site-packages/airflow/example_dags/example_latest_only_with_trigger.py
[2026-03-12T00:42:15.693+0000] {processor.py:925} INFO - DAG(s) 'latest_only_with_trigger' retrieved from /home/ec2-user/environment/lab4_model_training/venv/lib64/python3.12/site-packages/airflow/example_dags/example_latest_only_with_trigger.py
[2026-03-12T00:42:15.706+0000] {logging_mixin.py:190} INFO - [2026-03-12T00:42:15.706+0000] {dag.py:3239} INFO - Sync 1 DAGs
[2026-03-12T00:42:15.723+0000] {logging_mixin.py:190} INFO - [2026-03-12T00:42:15.723+0000] {dag.py:4180} INFO - Setting next_dagrun for latest_only_with_trigger to 2026-03-11 20:00:00+00:00, run_after=2026-03-12 00:00:00+00:00
[2026-03-12T00:42:15.741+0000] {processor.py:208} INFO - Processing /home/ec2-user/environment/lab4_model_training/venv/lib64/python3.12/site-packages/airflow/example_dags/example_latest_only_with_trigger.py took 0.062 seconds
[2026-03-12T00:43:14.673+0000] {processor.py:186} INFO - Started process (PID=4943) to work on /home/ec2-user/environment/lab4_model_training/venv/lib64/python3.12/site-packages/airflow/example_dags/example_latest_only_with_trigger.py
[2026-03-12T00:43:14.674+0000] {processor.py:914} INFO - Processing file /home/ec2-user/environment/lab4_model_training/venv/lib64/python3.12/site-packages/airflow/example_dags/example_latest_only_with_trigger.py for tasks to queue
[2026-03-12T00:43:14.675+0000] {logging_mixin.py:190} INFO - [2026-03-12T00:43:14.675+0000] {dagbag.py:588} INFO - Filling up the DagBag from /home/ec2-user/environment/lab4_model_training/venv/lib64/python3.12/site-packages/airflow/example_dags/example_latest_only_with_trigger.py
[2026-03-12T00:43:14.682+0000] {processor.py:925} INFO - DAG(s) 'latest_only_with_trigger' retrieved from /home/ec2-user/environment/lab4_model_training/venv/lib64/python3.12/site-packages/airflow/example_dags/example_latest_only_with_trigger.py
[2026-03-12T00:43:14.695+0000] {logging_mixin.py:190} INFO - [2026-03-12T00:43:14.695+0000] {dag.py:3239} INFO - Sync 1 DAGs
[2026-03-12T00:43:14.711+0000] {logging_mixin.py:190} INFO - [2026-03-12T00:43:14.711+0000] {dag.py:4180} INFO - Setting next_dagrun for latest_only_with_trigger to 2026-03-11 20:00:00+00:00, run_after=2026-03-12 00:00:00+00:00
[2026-03-12T00:43:14.729+0000] {processor.py:208} INFO - Processing /home/ec2-user/environment/lab4_model_training/venv/lib64/python3.12/site-packages/airflow/example_dags/example_latest_only_with_trigger.py took 0.061 seconds
[2026-03-12T00:44:10.990+0000] {processor.py:186} INFO - Started process (PID=5023) to work on /home/ec2-user/environment/lab4_model_training/venv/lib64/python3.12/site-packages/airflow/example_dags/example_latest_only_with_trigger.py
[2026-03-12T00:44:10.991+0000] {processor.py:914} INFO - Processing file /home/ec2-user/environment/lab4_model_training/venv/lib64/python3.12/site-packages/airflow/example_dags/example_latest_only_with_trigger.py for tasks to queue
[2026-03-12T00:44:10.992+0000] {logging_mixin.py:190} INFO - [2026-03-12T00:44:10.992+0000] {dagbag.py:588} INFO - Filling up the DagBag from /home/ec2-user/environment/lab4_model_training/venv/lib64/python3.12/site-packages/airflow/example_dags/example_latest_only_with_trigger.py
[2026-03-12T00:44:10.998+0000] {processor.py:925} INFO - DAG(s) 'latest_only_with_trigger' retrieved from /home/ec2-user/environment/lab4_model_training/venv/lib64/python3.12/site-packages/airflow/example_dags/example_latest_only_with_trigger.py
[2026-03-12T00:44:11.012+0000] {logging_mixin.py:190} INFO - [2026-03-12T00:44:11.012+0000] {dag.py:3239} INFO - Sync 1 DAGs
[2026-03-12T00:44:11.028+0000] {logging_mixin.py:190} INFO - [2026-03-12T00:44:11.028+0000] {dag.py:4180} INFO - Setting next_dagrun for latest_only_with_trigger to 2026-03-11 20:00:00+00:00, run_after=2026-03-12 00:00:00+00:00
[2026-03-12T00:44:11.045+0000] {processor.py:208} INFO - Processing /home/ec2-user/environment/lab4_model_training/venv/lib64/python3.12/site-packages/airflow/example_dags/example_latest_only_with_trigger.py took 0.061 seconds
[2026-03-12T00:45:18.201+0000] {processor.py:186} INFO - Started process (PID=5190) to work on /home/ec2-user/environment/lab4_model_training/venv/lib64/python3.12/site-packages/airflow/example_dags/example_latest_only_with_trigger.py
[2026-03-12T00:45:18.203+0000] {processor.py:914} INFO - Processing file /home/ec2-user/environment/lab4_model_training/venv/lib64/python3.12/site-packages/airflow/example_dags/example_latest_only_with_trigger.py for tasks to queue
[2026-03-12T00:45:18.204+0000] {logging_mixin.py:190} INFO - [2026-03-12T00:45:18.204+0000] {dagbag.py:588} INFO - Filling up the DagBag from /home/ec2-user/environment/lab4_model_training/venv/lib64/python3.12/site-packages/airflow/example_dags/example_latest_only_with_trigger.py
[2026-03-12T00:45:18.211+0000] {processor.py:925} INFO - DAG(s) 'latest_only_with_trigger' retrieved from /home/ec2-user/environment/lab4_model_training/venv/lib64/python3.12/site-packages/airflow/example_dags/example_latest_only_with_trigger.py
[2026-03-12T00:45:18.224+0000] {logging_mixin.py:190} INFO - [2026-03-12T00:45:18.224+0000] {dag.py:3239} INFO - Sync 1 DAGs
[2026-03-12T00:45:18.243+0000] {logging_mixin.py:190} INFO - [2026-03-12T00:45:18.243+0000] {dag.py:4180} INFO - Setting next_dagrun for latest_only_with_trigger to 2026-03-11 20:00:00+00:00, run_after=2026-03-12 00:00:00+00:00
[2026-03-12T00:45:18.264+0000] {processor.py:208} INFO - Processing /home/ec2-user/environment/lab4_model_training/venv/lib64/python3.12/site-packages/airflow/example_dags/example_latest_only_with_trigger.py took 0.067 seconds
[2026-03-12T00:46:15.883+0000] {processor.py:186} INFO - Started process (PID=5321) to work on /home/ec2-user/environment/lab4_model_training/venv/lib64/python3.12/site-packages/airflow/example_dags/example_latest_only_with_trigger.py
[2026-03-12T00:46:15.884+0000] {processor.py:914} INFO - Processing file /home/ec2-user/environment/lab4_model_training/venv/lib64/python3.12/site-packages/airflow/example_dags/example_latest_only_with_trigger.py for tasks to queue
[2026-03-12T00:46:15.886+0000] {logging_mixin.py:190} INFO - [2026-03-12T00:46:15.886+0000] {dagbag.py:588} INFO - Filling up the DagBag from /home/ec2-user/environment/lab4_model_training/venv/lib64/python3.12/site-packages/airflow/example_dags/example_latest_only_with_trigger.py
[2026-03-12T00:46:15.894+0000] {processor.py:925} INFO - DAG(s) 'latest_only_with_trigger' retrieved from /home/ec2-user/environment/lab4_model_training/venv/lib64/python3.12/site-packages/airflow/example_dags/example_latest_only_with_trigger.py
[2026-03-12T00:46:15.912+0000] {logging_mixin.py:190} INFO - [2026-03-12T00:46:15.912+0000] {dag.py:3239} INFO - Sync 1 DAGs
[2026-03-12T00:46:15.932+0000] {logging_mixin.py:190} INFO - [2026-03-12T00:46:15.931+0000] {dag.py:4180} INFO - Setting next_dagrun for latest_only_with_trigger to 2026-03-11 20:00:00+00:00, run_after=2026-03-12 00:00:00+00:00
[2026-03-12T00:46:15.953+0000] {processor.py:208} INFO - Processing /home/ec2-user/environment/lab4_model_training/venv/lib64/python3.12/site-packages/airflow/example_dags/example_latest_only_with_trigger.py took 0.074 seconds
[2026-03-12T00:47:13.215+0000] {processor.py:186} INFO - Started process (PID=5403) to work on /home/ec2-user/environment/lab4_model_training/venv/lib64/python3.12/site-packages/airflow/example_dags/example_latest_only_with_trigger.py
[2026-03-12T00:47:13.216+0000] {processor.py:914} INFO - Processing file /home/ec2-user/environment/lab4_model_training/venv/lib64/python3.12/site-packages/airflow/example_dags/example_latest_only_with_trigger.py for tasks to queue
[2026-03-12T00:47:13.218+0000] {logging_mixin.py:190} INFO - [2026-03-12T00:47:13.218+0000] {dagbag.py:588} INFO - Filling up the DagBag from /home/ec2-user/environment/lab4_model_training/venv/lib64/python3.12/site-packages/airflow/example_dags/example_latest_only_with_trigger.py
[2026-03-12T00:47:13.225+0000] {processor.py:925} INFO - DAG(s) 'latest_only_with_trigger' retrieved from /home/ec2-user/environment/lab4_model_training/venv/lib64/python3.12/site-packages/airflow/example_dags/example_latest_only_with_trigger.py
[2026-03-12T00:47:13.238+0000] {logging_mixin.py:190} INFO - [2026-03-12T00:47:13.238+0000] {dag.py:3239} INFO - Sync 1 DAGs
[2026-03-12T00:47:13.254+0000] {logging_mixin.py:190} INFO - [2026-03-12T00:47:13.254+0000] {dag.py:4180} INFO - Setting next_dagrun for latest_only_with_trigger to 2026-03-11 20:00:00+00:00, run_after=2026-03-12 00:00:00+00:00
[2026-03-12T00:47:13.272+0000] {processor.py:208} INFO - Processing /home/ec2-user/environment/lab4_model_training/venv/lib64/python3.12/site-packages/airflow/example_dags/example_latest_only_with_trigger.py took 0.062 seconds
[2026-03-12T00:48:11.512+0000] {processor.py:186} INFO - Started process (PID=5537) to work on /home/ec2-user/environment/lab4_model_training/venv/lib64/python3.12/site-packages/airflow/example_dags/example_latest_only_with_trigger.py
[2026-03-12T00:48:11.513+0000] {processor.py:914} INFO - Processing file /home/ec2-user/environment/lab4_model_training/venv/lib64/python3.12/site-packages/airflow/example_dags/example_latest_only_with_trigger.py for tasks to queue
[2026-03-12T00:48:11.515+0000] {logging_mixin.py:190} INFO - [2026-03-12T00:48:11.515+0000] {dagbag.py:588} INFO - Filling up the DagBag from /home/ec2-user/environment/lab4_model_training/venv/lib64/python3.12/site-packages/airflow/example_dags/example_latest_only_with_trigger.py
[2026-03-12T00:48:11.521+0000] {processor.py:925} INFO - DAG(s) 'latest_only_with_trigger' retrieved from /home/ec2-user/environment/lab4_model_training/venv/lib64/python3.12/site-packages/airflow/example_dags/example_latest_only_with_trigger.py
[2026-03-12T00:48:11.534+0000] {logging_mixin.py:190} INFO - [2026-03-12T00:48:11.534+0000] {dag.py:3239} INFO - Sync 1 DAGs
[2026-03-12T00:48:11.550+0000] {logging_mixin.py:190} INFO - [2026-03-12T00:48:11.550+0000] {dag.py:4180} INFO - Setting next_dagrun for latest_only_with_trigger to 2026-03-11 20:00:00+00:00, run_after=2026-03-12 00:00:00+00:00
[2026-03-12T00:48:11.567+0000] {processor.py:208} INFO - Processing /home/ec2-user/environment/lab4_model_training/venv/lib64/python3.12/site-packages/airflow/example_dags/example_latest_only_with_trigger.py took 0.059 seconds
[2026-03-12T00:49:26.193+0000] {processor.py:186} INFO - Started process (PID=5707) to work on /home/ec2-user/environment/lab4_model_training/venv/lib64/python3.12/site-packages/airflow/example_dags/example_latest_only_with_trigger.py
[2026-03-12T00:49:26.195+0000] {processor.py:914} INFO - Processing file /home/ec2-user/environment/lab4_model_training/venv/lib64/python3.12/site-packages/airflow/example_dags/example_latest_only_with_trigger.py for tasks to queue
[2026-03-12T00:49:26.196+0000] {logging_mixin.py:190} INFO - [2026-03-12T00:49:26.196+0000] {dagbag.py:588} INFO - Filling up the DagBag from /home/ec2-user/environment/lab4_model_training/venv/lib64/python3.12/site-packages/airflow/example_dags/example_latest_only_with_trigger.py
[2026-03-12T00:49:26.203+0000] {processor.py:925} INFO - DAG(s) 'latest_only_with_trigger' retrieved from /home/ec2-user/environment/lab4_model_training/venv/lib64/python3.12/site-packages/airflow/example_dags/example_latest_only_with_trigger.py
[2026-03-12T00:49:26.216+0000] {logging_mixin.py:190} INFO - [2026-03-12T00:49:26.216+0000] {dag.py:3239} INFO - Sync 1 DAGs
[2026-03-12T00:49:26.232+0000] {logging_mixin.py:190} INFO - [2026-03-12T00:49:26.232+0000] {dag.py:4180} INFO - Setting next_dagrun for latest_only_with_trigger to 2026-03-11 20:00:00+00:00, run_after=2026-03-12 00:00:00+00:00
[2026-03-12T00:49:26.250+0000] {processor.py:208} INFO - Processing /home/ec2-user/environment/lab4_model_training/venv/lib64/python3.12/site-packages/airflow/example_dags/example_latest_only_with_trigger.py took 0.061 seconds
[2026-03-12T00:50:22.929+0000] {processor.py:186} INFO - Started process (PID=5801) to work on /home/ec2-user/environment/lab4_model_training/venv/lib64/python3.12/site-packages/airflow/example_dags/example_latest_only_with_trigger.py
[2026-03-12T00:50:22.930+0000] {processor.py:914} INFO - Processing file /home/ec2-user/environment/lab4_model_training/venv/lib64/python3.12/site-packages/airflow/example_dags/example_latest_only_with_trigger.py for tasks to queue
[2026-03-12T00:50:22.932+0000] {logging_mixin.py:190} INFO - [2026-03-12T00:50:22.932+0000] {dagbag.py:588} INFO - Filling up the DagBag from /home/ec2-user/environment/lab4_model_training/venv/lib64/python3.12/site-packages/airflow/example_dags/example_latest_only_with_trigger.py
[2026-03-12T00:50:22.938+0000] {processor.py:925} INFO - DAG(s) 'latest_only_with_trigger' retrieved from /home/ec2-user/environment/lab4_model_training/venv/lib64/python3.12/site-packages/airflow/example_dags/example_latest_only_with_trigger.py
[2026-03-12T00:50:22.952+0000] {logging_mixin.py:190} INFO - [2026-03-12T00:50:22.951+0000] {dag.py:3239} INFO - Sync 1 DAGs
[2026-03-12T00:50:22.967+0000] {logging_mixin.py:190} INFO - [2026-03-12T00:50:22.967+0000] {dag.py:4180} INFO - Setting next_dagrun for latest_only_with_trigger to 2026-03-11 20:00:00+00:00, run_after=2026-03-12 00:00:00+00:00
[2026-03-12T00:50:22.985+0000] {processor.py:208} INFO - Processing /home/ec2-user/environment/lab4_model_training/venv/lib64/python3.12/site-packages/airflow/example_dags/example_latest_only_with_trigger.py took 0.060 seconds
[2026-03-12T00:51:21.927+0000] {processor.py:186} INFO - Started process (PID=6048) to work on /home/ec2-user/environment/lab4_model_training/venv/lib64/python3.12/site-packages/airflow/example_dags/example_latest_only_with_trigger.py
[2026-03-12T00:51:21.928+0000] {processor.py:914} INFO - Processing file /home/ec2-user/environment/lab4_model_training/venv/lib64/python3.12/site-packages/airflow/example_dags/example_latest_only_with_trigger.py for tasks to queue
[2026-03-12T00:51:21.930+0000] {logging_mixin.py:190} INFO - [2026-03-12T00:51:21.929+0000] {dagbag.py:588} INFO - Filling up the DagBag from /home/ec2-user/environment/lab4_model_training/venv/lib64/python3.12/site-packages/airflow/example_dags/example_latest_only_with_trigger.py
[2026-03-12T00:51:21.936+0000] {processor.py:925} INFO - DAG(s) 'latest_only_with_trigger' retrieved from /home/ec2-user/environment/lab4_model_training/venv/lib64/python3.12/site-packages/airflow/example_dags/example_latest_only_with_trigger.py
[2026-03-12T00:51:21.949+0000] {logging_mixin.py:190} INFO - [2026-03-12T00:51:21.949+0000] {dag.py:3239} INFO - Sync 1 DAGs
[2026-03-12T00:51:21.965+0000] {logging_mixin.py:190} INFO - [2026-03-12T00:51:21.965+0000] {dag.py:4180} INFO - Setting next_dagrun for latest_only_with_trigger to 2026-03-11 20:00:00+00:00, run_after=2026-03-12 00:00:00+00:00
[2026-03-12T00:51:21.983+0000] {processor.py:208} INFO - Processing /home/ec2-user/environment/lab4_model_training/venv/lib64/python3.12/site-packages/airflow/example_dags/example_latest_only_with_trigger.py took 0.061 seconds
[2026-03-12T00:52:20.645+0000] {processor.py:186} INFO - Started process (PID=6305) to work on /home/ec2-user/environment/lab4_model_training/venv/lib64/python3.12/site-packages/airflow/example_dags/example_latest_only_with_trigger.py
[2026-03-12T00:52:20.646+0000] {processor.py:914} INFO - Processing file /home/ec2-user/environment/lab4_model_training/venv/lib64/python3.12/site-packages/airflow/example_dags/example_latest_only_with_trigger.py for tasks to queue
[2026-03-12T00:52:20.648+0000] {logging_mixin.py:190} INFO - [2026-03-12T00:52:20.647+0000] {dagbag.py:588} INFO - Filling up the DagBag from /home/ec2-user/environment/lab4_model_training/venv/lib64/python3.12/site-packages/airflow/example_dags/example_latest_only_with_trigger.py
[2026-03-12T00:52:20.656+0000] {processor.py:925} INFO - DAG(s) 'latest_only_with_trigger' retrieved from /home/ec2-user/environment/lab4_model_training/venv/lib64/python3.12/site-packages/airflow/example_dags/example_latest_only_with_trigger.py
[2026-03-12T00:52:20.674+0000] {logging_mixin.py:190} INFO - [2026-03-12T00:52:20.674+0000] {dag.py:3239} INFO - Sync 1 DAGs
[2026-03-12T00:52:20.696+0000] {logging_mixin.py:190} INFO - [2026-03-12T00:52:20.696+0000] {dag.py:4180} INFO - Setting next_dagrun for latest_only_with_trigger to 2026-03-11 20:00:00+00:00, run_after=2026-03-12 00:00:00+00:00
[2026-03-12T00:52:20.715+0000] {processor.py:208} INFO - Processing /home/ec2-user/environment/lab4_model_training/venv/lib64/python3.12/site-packages/airflow/example_dags/example_latest_only_with_trigger.py took 0.075 seconds
[2026-03-12T00:53:21.171+0000] {processor.py:186} INFO - Started process (PID=6465) to work on /home/ec2-user/environment/lab4_model_training/venv/lib64/python3.12/site-packages/airflow/example_dags/example_latest_only_with_trigger.py
[2026-03-12T00:53:21.172+0000] {processor.py:914} INFO - Processing file /home/ec2-user/environment/lab4_model_training/venv/lib64/python3.12/site-packages/airflow/example_dags/example_latest_only_with_trigger.py for tasks to queue
[2026-03-12T00:53:21.174+0000] {logging_mixin.py:190} INFO - [2026-03-12T00:53:21.174+0000] {dagbag.py:588} INFO - Filling up the DagBag from /home/ec2-user/environment/lab4_model_training/venv/lib64/python3.12/site-packages/airflow/example_dags/example_latest_only_with_trigger.py
[2026-03-12T00:53:21.182+0000] {processor.py:925} INFO - DAG(s) 'latest_only_with_trigger' retrieved from /home/ec2-user/environment/lab4_model_training/venv/lib64/python3.12/site-packages/airflow/example_dags/example_latest_only_with_trigger.py
[2026-03-12T00:53:21.200+0000] {logging_mixin.py:190} INFO - [2026-03-12T00:53:21.200+0000] {dag.py:3239} INFO - Sync 1 DAGs
[2026-03-12T00:53:21.219+0000] {logging_mixin.py:190} INFO - [2026-03-12T00:53:21.219+0000] {dag.py:4180} INFO - Setting next_dagrun for latest_only_with_trigger to 2026-03-11 20:00:00+00:00, run_after=2026-03-12 00:00:00+00:00
[2026-03-12T00:53:21.239+0000] {processor.py:208} INFO - Processing /home/ec2-user/environment/lab4_model_training/venv/lib64/python3.12/site-packages/airflow/example_dags/example_latest_only_with_trigger.py took 0.073 seconds
[2026-03-12T00:54:26.225+0000] {processor.py:186} INFO - Started process (PID=6640) to work on /home/ec2-user/environment/lab4_model_training/venv/lib64/python3.12/site-packages/airflow/example_dags/example_latest_only_with_trigger.py
[2026-03-12T00:54:26.226+0000] {processor.py:914} INFO - Processing file /home/ec2-user/environment/lab4_model_training/venv/lib64/python3.12/site-packages/airflow/example_dags/example_latest_only_with_trigger.py for tasks to queue
[2026-03-12T00:54:26.228+0000] {logging_mixin.py:190} INFO - [2026-03-12T00:54:26.227+0000] {dagbag.py:588} INFO - Filling up the DagBag from /home/ec2-user/environment/lab4_model_training/venv/lib64/python3.12/site-packages/airflow/example_dags/example_latest_only_with_trigger.py
[2026-03-12T00:54:26.234+0000] {processor.py:925} INFO - DAG(s) 'latest_only_with_trigger' retrieved from /home/ec2-user/environment/lab4_model_training/venv/lib64/python3.12/site-packages/airflow/example_dags/example_latest_only_with_trigger.py
[2026-03-12T00:54:26.247+0000] {logging_mixin.py:190} INFO - [2026-03-12T00:54:26.247+0000] {dag.py:3239} INFO - Sync 1 DAGs
[2026-03-12T00:54:26.263+0000] {logging_mixin.py:190} INFO - [2026-03-12T00:54:26.263+0000] {dag.py:4180} INFO - Setting next_dagrun for latest_only_with_trigger to 2026-03-11 20:00:00+00:00, run_after=2026-03-12 00:00:00+00:00
[2026-03-12T00:54:26.280+0000] {processor.py:208} INFO - Processing /home/ec2-user/environment/lab4_model_training/venv/lib64/python3.12/site-packages/airflow/example_dags/example_latest_only_with_trigger.py took 0.059 seconds
[2026-03-12T00:55:23.359+0000] {processor.py:186} INFO - Started process (PID=6855) to work on /home/ec2-user/environment/lab4_model_training/venv/lib64/python3.12/site-packages/airflow/example_dags/example_latest_only_with_trigger.py
[2026-03-12T00:55:23.360+0000] {processor.py:914} INFO - Processing file /home/ec2-user/environment/lab4_model_training/venv/lib64/python3.12/site-packages/airflow/example_dags/example_latest_only_with_trigger.py for tasks to queue
[2026-03-12T00:55:23.361+0000] {logging_mixin.py:190} INFO - [2026-03-12T00:55:23.361+0000] {dagbag.py:588} INFO - Filling up the DagBag from /home/ec2-user/environment/lab4_model_training/venv/lib64/python3.12/site-packages/airflow/example_dags/example_latest_only_with_trigger.py
[2026-03-12T00:55:23.368+0000] {processor.py:925} INFO - DAG(s) 'latest_only_with_trigger' retrieved from /home/ec2-user/environment/lab4_model_training/venv/lib64/python3.12/site-packages/airflow/example_dags/example_latest_only_with_trigger.py
[2026-03-12T00:55:23.381+0000] {logging_mixin.py:190} INFO - [2026-03-12T00:55:23.381+0000] {dag.py:3239} INFO - Sync 1 DAGs
[2026-03-12T00:55:23.396+0000] {logging_mixin.py:190} INFO - [2026-03-12T00:55:23.396+0000] {dag.py:4180} INFO - Setting next_dagrun for latest_only_with_trigger to 2026-03-11 20:00:00+00:00, run_after=2026-03-12 00:00:00+00:00
[2026-03-12T00:55:23.413+0000] {processor.py:208} INFO - Processing /home/ec2-user/environment/lab4_model_training/venv/lib64/python3.12/site-packages/airflow/example_dags/example_latest_only_with_trigger.py took 0.059 seconds
[2026-03-12T00:56:23.969+0000] {processor.py:186} INFO - Started process (PID=6984) to work on /home/ec2-user/environment/lab4_model_training/venv/lib64/python3.12/site-packages/airflow/example_dags/example_latest_only_with_trigger.py
[2026-03-12T00:56:23.970+0000] {processor.py:914} INFO - Processing file /home/ec2-user/environment/lab4_model_training/venv/lib64/python3.12/site-packages/airflow/example_dags/example_latest_only_with_trigger.py for tasks to queue
[2026-03-12T00:56:23.972+0000] {logging_mixin.py:190} INFO - [2026-03-12T00:56:23.972+0000] {dagbag.py:588} INFO - Filling up the DagBag from /home/ec2-user/environment/lab4_model_training/venv/lib64/python3.12/site-packages/airflow/example_dags/example_latest_only_with_trigger.py
[2026-03-12T00:56:23.978+0000] {processor.py:925} INFO - DAG(s) 'latest_only_with_trigger' retrieved from /home/ec2-user/environment/lab4_model_training/venv/lib64/python3.12/site-packages/airflow/example_dags/example_latest_only_with_trigger.py
[2026-03-12T00:56:23.996+0000] {logging_mixin.py:190} INFO - [2026-03-12T00:56:23.995+0000] {dag.py:3239} INFO - Sync 1 DAGs
[2026-03-12T00:56:24.019+0000] {logging_mixin.py:190} INFO - [2026-03-12T00:56:24.019+0000] {dag.py:4180} INFO - Setting next_dagrun for latest_only_with_trigger to 2026-03-11 20:00:00+00:00, run_after=2026-03-12 00:00:00+00:00
[2026-03-12T00:56:24.043+0000] {processor.py:208} INFO - Processing /home/ec2-user/environment/lab4_model_training/venv/lib64/python3.12/site-packages/airflow/example_dags/example_latest_only_with_trigger.py took 0.078 seconds
[2026-03-12T00:57:22.683+0000] {processor.py:186} INFO - Started process (PID=7145) to work on /home/ec2-user/environment/lab4_model_training/venv/lib64/python3.12/site-packages/airflow/example_dags/example_latest_only_with_trigger.py
[2026-03-12T00:57:22.685+0000] {processor.py:914} INFO - Processing file /home/ec2-user/environment/lab4_model_training/venv/lib64/python3.12/site-packages/airflow/example_dags/example_latest_only_with_trigger.py for tasks to queue
[2026-03-12T00:57:22.687+0000] {logging_mixin.py:190} INFO - [2026-03-12T00:57:22.686+0000] {dagbag.py:588} INFO - Filling up the DagBag from /home/ec2-user/environment/lab4_model_training/venv/lib64/python3.12/site-packages/airflow/example_dags/example_latest_only_with_trigger.py
[2026-03-12T00:57:22.694+0000] {processor.py:925} INFO - DAG(s) 'latest_only_with_trigger' retrieved from /home/ec2-user/environment/lab4_model_training/venv/lib64/python3.12/site-packages/airflow/example_dags/example_latest_only_with_trigger.py
[2026-03-12T00:57:22.713+0000] {logging_mixin.py:190} INFO - [2026-03-12T00:57:22.712+0000] {dag.py:3239} INFO - Sync 1 DAGs
[2026-03-12T00:57:22.732+0000] {logging_mixin.py:190} INFO - [2026-03-12T00:57:22.732+0000] {dag.py:4180} INFO - Setting next_dagrun for latest_only_with_trigger to 2026-03-11 20:00:00+00:00, run_after=2026-03-12 00:00:00+00:00
[2026-03-12T00:57:22.751+0000] {processor.py:208} INFO - Processing /home/ec2-user/environment/lab4_model_training/venv/lib64/python3.12/site-packages/airflow/example_dags/example_latest_only_with_trigger.py took 0.072 seconds
[2026-03-12T00:58:20.460+0000] {processor.py:186} INFO - Started process (PID=7294) to work on /home/ec2-user/environment/lab4_model_training/venv/lib64/python3.12/site-packages/airflow/example_dags/example_latest_only_with_trigger.py
[2026-03-12T00:58:20.461+0000] {processor.py:914} INFO - Processing file /home/ec2-user/environment/lab4_model_training/venv/lib64/python3.12/site-packages/airflow/example_dags/example_latest_only_with_trigger.py for tasks to queue
[2026-03-12T00:58:20.463+0000] {logging_mixin.py:190} INFO - [2026-03-12T00:58:20.463+0000] {dagbag.py:588} INFO - Filling up the DagBag from /home/ec2-user/environment/lab4_model_training/venv/lib64/python3.12/site-packages/airflow/example_dags/example_latest_only_with_trigger.py
[2026-03-12T00:58:20.470+0000] {processor.py:925} INFO - DAG(s) 'latest_only_with_trigger' retrieved from /home/ec2-user/environment/lab4_model_training/venv/lib64/python3.12/site-packages/airflow/example_dags/example_latest_only_with_trigger.py
[2026-03-12T00:58:20.483+0000] {logging_mixin.py:190} INFO - [2026-03-12T00:58:20.482+0000] {dag.py:3239} INFO - Sync 1 DAGs
[2026-03-12T00:58:20.499+0000] {logging_mixin.py:190} INFO - [2026-03-12T00:58:20.498+0000] {dag.py:4180} INFO - Setting next_dagrun for latest_only_with_trigger to 2026-03-11 20:00:00+00:00, run_after=2026-03-12 00:00:00+00:00
[2026-03-12T00:58:20.514+0000] {processor.py:208} INFO - Processing /home/ec2-user/environment/lab4_model_training/venv/lib64/python3.12/site-packages/airflow/example_dags/example_latest_only_with_trigger.py took 0.058 seconds
