[2026-03-12T00:39:44.442+0000] {processor.py:186} INFO - Started process (PID=4500) to work on /home/ec2-user/environment/lab4_model_training/venv/lib64/python3.12/site-packages/airflow/example_dags/example_branch_datetime_operator.py
[2026-03-12T00:39:44.442+0000] {processor.py:914} INFO - Processing file /home/ec2-user/environment/lab4_model_training/venv/lib64/python3.12/site-packages/airflow/example_dags/example_branch_datetime_operator.py for tasks to queue
[2026-03-12T00:39:44.444+0000] {logging_mixin.py:190} INFO - [2026-03-12T00:39:44.444+0000] {dagbag.py:588} INFO - Filling up the DagBag from /home/ec2-user/environment/lab4_model_training/venv/lib64/python3.12/site-packages/airflow/example_dags/example_branch_datetime_operator.py
[2026-03-12T00:39:44.457+0000] {processor.py:925} INFO - DAG(s) 'example_branch_datetime_operator', 'example_branch_datetime_operator_2', 'example_branch_datetime_operator_3' retrieved from /home/ec2-user/environment/lab4_model_training/venv/lib64/python3.12/site-packages/airflow/example_dags/example_branch_datetime_operator.py
[2026-03-12T00:39:44.546+0000] {logging_mixin.py:190} INFO - [2026-03-12T00:39:44.545+0000] {override.py:1930} INFO - Created Permission View: can read on DAG:example_branch_datetime_operator
[2026-03-12T00:39:44.557+0000] {logging_mixin.py:190} INFO - [2026-03-12T00:39:44.557+0000] {override.py:1930} INFO - Created Permission View: can edit on DAG:example_branch_datetime_operator
[2026-03-12T00:39:44.566+0000] {logging_mixin.py:190} INFO - [2026-03-12T00:39:44.566+0000] {override.py:1930} INFO - Created Permission View: can delete on DAG:example_branch_datetime_operator
[2026-03-12T00:39:44.579+0000] {logging_mixin.py:190} INFO - [2026-03-12T00:39:44.579+0000] {override.py:1930} INFO - Created Permission View: menu access on DAG Run:example_branch_datetime_operator
[2026-03-12T00:39:44.587+0000] {logging_mixin.py:190} INFO - [2026-03-12T00:39:44.587+0000] {override.py:1930} INFO - Created Permission View: can read on DAG Run:example_branch_datetime_operator
[2026-03-12T00:39:44.595+0000] {logging_mixin.py:190} INFO - [2026-03-12T00:39:44.595+0000] {override.py:1930} INFO - Created Permission View: can create on DAG Run:example_branch_datetime_operator
[2026-03-12T00:39:44.603+0000] {logging_mixin.py:190} INFO - [2026-03-12T00:39:44.603+0000] {override.py:1930} INFO - Created Permission View: can delete on DAG Run:example_branch_datetime_operator
[2026-03-12T00:39:44.620+0000] {logging_mixin.py:190} INFO - [2026-03-12T00:39:44.619+0000] {override.py:1930} INFO - Created Permission View: can read on DAG:example_branch_datetime_operator_2
[2026-03-12T00:39:44.629+0000] {logging_mixin.py:190} INFO - [2026-03-12T00:39:44.628+0000] {override.py:1930} INFO - Created Permission View: can edit on DAG:example_branch_datetime_operator_2
[2026-03-12T00:39:44.636+0000] {logging_mixin.py:190} INFO - [2026-03-12T00:39:44.636+0000] {override.py:1930} INFO - Created Permission View: can delete on DAG:example_branch_datetime_operator_2
[2026-03-12T00:39:44.648+0000] {logging_mixin.py:190} INFO - [2026-03-12T00:39:44.648+0000] {override.py:1930} INFO - Created Permission View: menu access on DAG Run:example_branch_datetime_operator_2
[2026-03-12T00:39:44.656+0000] {logging_mixin.py:190} INFO - [2026-03-12T00:39:44.656+0000] {override.py:1930} INFO - Created Permission View: can read on DAG Run:example_branch_datetime_operator_2
[2026-03-12T00:39:44.664+0000] {logging_mixin.py:190} INFO - [2026-03-12T00:39:44.664+0000] {override.py:1930} INFO - Created Permission View: can create on DAG Run:example_branch_datetime_operator_2
[2026-03-12T00:39:44.672+0000] {logging_mixin.py:190} INFO - [2026-03-12T00:39:44.671+0000] {override.py:1930} INFO - Created Permission View: can delete on DAG Run:example_branch_datetime_operator_2
[2026-03-12T00:39:44.689+0000] {logging_mixin.py:190} INFO - [2026-03-12T00:39:44.689+0000] {override.py:1930} INFO - Created Permission View: can read on DAG:example_branch_datetime_operator_3
[2026-03-12T00:39:44.699+0000] {logging_mixin.py:190} INFO - [2026-03-12T00:39:44.698+0000] {override.py:1930} INFO - Created Permission View: can edit on DAG:example_branch_datetime_operator_3
[2026-03-12T00:39:44.706+0000] {logging_mixin.py:190} INFO - [2026-03-12T00:39:44.706+0000] {override.py:1930} INFO - Created Permission View: can delete on DAG:example_branch_datetime_operator_3
[2026-03-12T00:39:44.718+0000] {logging_mixin.py:190} INFO - [2026-03-12T00:39:44.718+0000] {override.py:1930} INFO - Created Permission View: menu access on DAG Run:example_branch_datetime_operator_3
[2026-03-12T00:39:44.726+0000] {logging_mixin.py:190} INFO - [2026-03-12T00:39:44.726+0000] {override.py:1930} INFO - Created Permission View: can read on DAG Run:example_branch_datetime_operator_3
[2026-03-12T00:39:44.734+0000] {logging_mixin.py:190} INFO - [2026-03-12T00:39:44.734+0000] {override.py:1930} INFO - Created Permission View: can create on DAG Run:example_branch_datetime_operator_3
[2026-03-12T00:39:44.741+0000] {logging_mixin.py:190} INFO - [2026-03-12T00:39:44.741+0000] {override.py:1930} INFO - Created Permission View: can delete on DAG Run:example_branch_datetime_operator_3
[2026-03-12T00:39:44.742+0000] {logging_mixin.py:190} INFO - [2026-03-12T00:39:44.742+0000] {dag.py:3239} INFO - Sync 3 DAGs
[2026-03-12T00:39:44.751+0000] {logging_mixin.py:190} INFO - [2026-03-12T00:39:44.751+0000] {dag.py:3262} INFO - Creating ORM DAG for example_branch_datetime_operator
[2026-03-12T00:39:44.752+0000] {logging_mixin.py:190} INFO - [2026-03-12T00:39:44.752+0000] {dag.py:3262} INFO - Creating ORM DAG for example_branch_datetime_operator_3
[2026-03-12T00:39:44.752+0000] {logging_mixin.py:190} INFO - [2026-03-12T00:39:44.752+0000] {dag.py:3262} INFO - Creating ORM DAG for example_branch_datetime_operator_2
[2026-03-12T00:39:44.760+0000] {logging_mixin.py:190} INFO - [2026-03-12T00:39:44.759+0000] {dag.py:4180} INFO - Setting next_dagrun for example_branch_datetime_operator to 2026-03-11 00:00:00+00:00, run_after=2026-03-12 00:00:00+00:00
[2026-03-12T00:39:44.761+0000] {logging_mixin.py:190} INFO - [2026-03-12T00:39:44.761+0000] {dag.py:4180} INFO - Setting next_dagrun for example_branch_datetime_operator_2 to 2026-03-11 00:00:00+00:00, run_after=2026-03-12 00:00:00+00:00
[2026-03-12T00:39:44.762+0000] {logging_mixin.py:190} INFO - [2026-03-12T00:39:44.762+0000] {dag.py:4180} INFO - Setting next_dagrun for example_branch_datetime_operator_3 to 2026-03-11 00:00:00+00:00, run_after=2026-03-12 00:00:00+00:00
[2026-03-12T00:39:44.778+0000] {processor.py:208} INFO - Processing /home/ec2-user/environment/lab4_model_training/venv/lib64/python3.12/site-packages/airflow/example_dags/example_branch_datetime_operator.py took 0.341 seconds
[2026-03-12T00:40:57.282+0000] {processor.py:186} INFO - Started process (PID=4660) to work on /home/ec2-user/environment/lab4_model_training/venv/lib64/python3.12/site-packages/airflow/example_dags/example_branch_datetime_operator.py
[2026-03-12T00:40:57.283+0000] {processor.py:914} INFO - Processing file /home/ec2-user/environment/lab4_model_training/venv/lib64/python3.12/site-packages/airflow/example_dags/example_branch_datetime_operator.py for tasks to queue
[2026-03-12T00:40:57.285+0000] {logging_mixin.py:190} INFO - [2026-03-12T00:40:57.285+0000] {dagbag.py:588} INFO - Filling up the DagBag from /home/ec2-user/environment/lab4_model_training/venv/lib64/python3.12/site-packages/airflow/example_dags/example_branch_datetime_operator.py
[2026-03-12T00:40:57.300+0000] {processor.py:925} INFO - DAG(s) 'example_branch_datetime_operator', 'example_branch_datetime_operator_3', 'example_branch_datetime_operator_2' retrieved from /home/ec2-user/environment/lab4_model_training/venv/lib64/python3.12/site-packages/airflow/example_dags/example_branch_datetime_operator.py
[2026-03-12T00:40:57.319+0000] {logging_mixin.py:190} INFO - [2026-03-12T00:40:57.319+0000] {dag.py:3239} INFO - Sync 3 DAGs
[2026-03-12T00:40:57.337+0000] {logging_mixin.py:190} INFO - [2026-03-12T00:40:57.337+0000] {dag.py:4180} INFO - Setting next_dagrun for example_branch_datetime_operator to 2026-03-11 00:00:00+00:00, run_after=2026-03-12 00:00:00+00:00
[2026-03-12T00:40:57.341+0000] {logging_mixin.py:190} INFO - [2026-03-12T00:40:57.340+0000] {dag.py:4180} INFO - Setting next_dagrun for example_branch_datetime_operator_2 to 2026-03-11 00:00:00+00:00, run_after=2026-03-12 00:00:00+00:00
[2026-03-12T00:40:57.342+0000] {logging_mixin.py:190} INFO - [2026-03-12T00:40:57.342+0000] {dag.py:4180} INFO - Setting next_dagrun for example_branch_datetime_operator_3 to 2026-03-11 00:00:00+00:00, run_after=2026-03-12 00:00:00+00:00
[2026-03-12T00:40:57.358+0000] {processor.py:208} INFO - Processing /home/ec2-user/environment/lab4_model_training/venv/lib64/python3.12/site-packages/airflow/example_dags/example_branch_datetime_operator.py took 0.080 seconds
[2026-03-12T00:41:30.268+0000] {processor.py:186} INFO - Started process (PID=4720) to work on /home/ec2-user/environment/lab4_model_training/venv/lib64/python3.12/site-packages/airflow/example_dags/example_branch_datetime_operator.py
[2026-03-12T00:41:30.269+0000] {processor.py:914} INFO - Processing file /home/ec2-user/environment/lab4_model_training/venv/lib64/python3.12/site-packages/airflow/example_dags/example_branch_datetime_operator.py for tasks to queue
[2026-03-12T00:41:30.271+0000] {logging_mixin.py:190} INFO - [2026-03-12T00:41:30.271+0000] {dagbag.py:588} INFO - Filling up the DagBag from /home/ec2-user/environment/lab4_model_training/venv/lib64/python3.12/site-packages/airflow/example_dags/example_branch_datetime_operator.py
[2026-03-12T00:41:30.282+0000] {processor.py:925} INFO - DAG(s) 'example_branch_datetime_operator_2', 'example_branch_datetime_operator', 'example_branch_datetime_operator_3' retrieved from /home/ec2-user/environment/lab4_model_training/venv/lib64/python3.12/site-packages/airflow/example_dags/example_branch_datetime_operator.py
[2026-03-12T00:41:30.300+0000] {logging_mixin.py:190} INFO - [2026-03-12T00:41:30.299+0000] {dag.py:3239} INFO - Sync 3 DAGs
[2026-03-12T00:41:30.317+0000] {logging_mixin.py:190} INFO - [2026-03-12T00:41:30.317+0000] {dag.py:4180} INFO - Setting next_dagrun for example_branch_datetime_operator to 2026-03-11 00:00:00+00:00, run_after=2026-03-12 00:00:00+00:00
[2026-03-12T00:41:30.320+0000] {logging_mixin.py:190} INFO - [2026-03-12T00:41:30.320+0000] {dag.py:4180} INFO - Setting next_dagrun for example_branch_datetime_operator_2 to 2026-03-11 00:00:00+00:00, run_after=2026-03-12 00:00:00+00:00
[2026-03-12T00:41:30.322+0000] {logging_mixin.py:190} INFO - [2026-03-12T00:41:30.322+0000] {dag.py:4180} INFO - Setting next_dagrun for example_branch_datetime_operator_3 to 2026-03-11 00:00:00+00:00, run_after=2026-03-12 00:00:00+00:00
[2026-03-12T00:41:30.339+0000] {processor.py:208} INFO - Processing /home/ec2-user/environment/lab4_model_training/venv/lib64/python3.12/site-packages/airflow/example_dags/example_branch_datetime_operator.py took 0.074 seconds
[2026-03-12T00:42:30.701+0000] {processor.py:186} INFO - Started process (PID=4877) to work on /home/ec2-user/environment/lab4_model_training/venv/lib64/python3.12/site-packages/airflow/example_dags/example_branch_datetime_operator.py
[2026-03-12T00:42:30.702+0000] {processor.py:914} INFO - Processing file /home/ec2-user/environment/lab4_model_training/venv/lib64/python3.12/site-packages/airflow/example_dags/example_branch_datetime_operator.py for tasks to queue
[2026-03-12T00:42:30.704+0000] {logging_mixin.py:190} INFO - [2026-03-12T00:42:30.704+0000] {dagbag.py:588} INFO - Filling up the DagBag from /home/ec2-user/environment/lab4_model_training/venv/lib64/python3.12/site-packages/airflow/example_dags/example_branch_datetime_operator.py
[2026-03-12T00:42:30.715+0000] {processor.py:925} INFO - DAG(s) 'example_branch_datetime_operator_2', 'example_branch_datetime_operator', 'example_branch_datetime_operator_3' retrieved from /home/ec2-user/environment/lab4_model_training/venv/lib64/python3.12/site-packages/airflow/example_dags/example_branch_datetime_operator.py
[2026-03-12T00:42:30.732+0000] {logging_mixin.py:190} INFO - [2026-03-12T00:42:30.732+0000] {dag.py:3239} INFO - Sync 3 DAGs
[2026-03-12T00:42:30.748+0000] {logging_mixin.py:190} INFO - [2026-03-12T00:42:30.748+0000] {dag.py:4180} INFO - Setting next_dagrun for example_branch_datetime_operator to 2026-03-11 00:00:00+00:00, run_after=2026-03-12 00:00:00+00:00
[2026-03-12T00:42:30.752+0000] {logging_mixin.py:190} INFO - [2026-03-12T00:42:30.752+0000] {dag.py:4180} INFO - Setting next_dagrun for example_branch_datetime_operator_2 to 2026-03-11 00:00:00+00:00, run_after=2026-03-12 00:00:00+00:00
[2026-03-12T00:42:30.754+0000] {logging_mixin.py:190} INFO - [2026-03-12T00:42:30.754+0000] {dag.py:4180} INFO - Setting next_dagrun for example_branch_datetime_operator_3 to 2026-03-11 00:00:00+00:00, run_after=2026-03-12 00:00:00+00:00
[2026-03-12T00:42:30.770+0000] {processor.py:208} INFO - Processing /home/ec2-user/environment/lab4_model_training/venv/lib64/python3.12/site-packages/airflow/example_dags/example_branch_datetime_operator.py took 0.073 seconds
[2026-03-12T00:43:28.665+0000] {processor.py:186} INFO - Started process (PID=4959) to work on /home/ec2-user/environment/lab4_model_training/venv/lib64/python3.12/site-packages/airflow/example_dags/example_branch_datetime_operator.py
[2026-03-12T00:43:28.666+0000] {processor.py:914} INFO - Processing file /home/ec2-user/environment/lab4_model_training/venv/lib64/python3.12/site-packages/airflow/example_dags/example_branch_datetime_operator.py for tasks to queue
[2026-03-12T00:43:28.668+0000] {logging_mixin.py:190} INFO - [2026-03-12T00:43:28.667+0000] {dagbag.py:588} INFO - Filling up the DagBag from /home/ec2-user/environment/lab4_model_training/venv/lib64/python3.12/site-packages/airflow/example_dags/example_branch_datetime_operator.py
[2026-03-12T00:43:28.679+0000] {processor.py:925} INFO - DAG(s) 'example_branch_datetime_operator_2', 'example_branch_datetime_operator', 'example_branch_datetime_operator_3' retrieved from /home/ec2-user/environment/lab4_model_training/venv/lib64/python3.12/site-packages/airflow/example_dags/example_branch_datetime_operator.py
[2026-03-12T00:43:28.696+0000] {logging_mixin.py:190} INFO - [2026-03-12T00:43:28.696+0000] {dag.py:3239} INFO - Sync 3 DAGs
[2026-03-12T00:43:28.713+0000] {logging_mixin.py:190} INFO - [2026-03-12T00:43:28.713+0000] {dag.py:4180} INFO - Setting next_dagrun for example_branch_datetime_operator to 2026-03-11 00:00:00+00:00, run_after=2026-03-12 00:00:00+00:00
[2026-03-12T00:43:28.717+0000] {logging_mixin.py:190} INFO - [2026-03-12T00:43:28.717+0000] {dag.py:4180} INFO - Setting next_dagrun for example_branch_datetime_operator_2 to 2026-03-11 00:00:00+00:00, run_after=2026-03-12 00:00:00+00:00
[2026-03-12T00:43:28.719+0000] {logging_mixin.py:190} INFO - [2026-03-12T00:43:28.719+0000] {dag.py:4180} INFO - Setting next_dagrun for example_branch_datetime_operator_3 to 2026-03-11 00:00:00+00:00, run_after=2026-03-12 00:00:00+00:00
[2026-03-12T00:43:28.735+0000] {processor.py:208} INFO - Processing /home/ec2-user/environment/lab4_model_training/venv/lib64/python3.12/site-packages/airflow/example_dags/example_branch_datetime_operator.py took 0.074 seconds
[2026-03-12T00:44:26.416+0000] {processor.py:186} INFO - Started process (PID=5120) to work on /home/ec2-user/environment/lab4_model_training/venv/lib64/python3.12/site-packages/airflow/example_dags/example_branch_datetime_operator.py
[2026-03-12T00:44:26.417+0000] {processor.py:914} INFO - Processing file /home/ec2-user/environment/lab4_model_training/venv/lib64/python3.12/site-packages/airflow/example_dags/example_branch_datetime_operator.py for tasks to queue
[2026-03-12T00:44:26.419+0000] {logging_mixin.py:190} INFO - [2026-03-12T00:44:26.419+0000] {dagbag.py:588} INFO - Filling up the DagBag from /home/ec2-user/environment/lab4_model_training/venv/lib64/python3.12/site-packages/airflow/example_dags/example_branch_datetime_operator.py
[2026-03-12T00:44:26.434+0000] {processor.py:925} INFO - DAG(s) 'example_branch_datetime_operator_3', 'example_branch_datetime_operator_2', 'example_branch_datetime_operator' retrieved from /home/ec2-user/environment/lab4_model_training/venv/lib64/python3.12/site-packages/airflow/example_dags/example_branch_datetime_operator.py
[2026-03-12T00:44:26.457+0000] {logging_mixin.py:190} INFO - [2026-03-12T00:44:26.457+0000] {dag.py:3239} INFO - Sync 3 DAGs
[2026-03-12T00:44:26.476+0000] {logging_mixin.py:190} INFO - [2026-03-12T00:44:26.476+0000] {dag.py:4180} INFO - Setting next_dagrun for example_branch_datetime_operator to 2026-03-11 00:00:00+00:00, run_after=2026-03-12 00:00:00+00:00
[2026-03-12T00:44:26.481+0000] {logging_mixin.py:190} INFO - [2026-03-12T00:44:26.481+0000] {dag.py:4180} INFO - Setting next_dagrun for example_branch_datetime_operator_2 to 2026-03-11 00:00:00+00:00, run_after=2026-03-12 00:00:00+00:00
[2026-03-12T00:44:26.484+0000] {logging_mixin.py:190} INFO - [2026-03-12T00:44:26.484+0000] {dag.py:4180} INFO - Setting next_dagrun for example_branch_datetime_operator_3 to 2026-03-11 00:00:00+00:00, run_after=2026-03-12 00:00:00+00:00
[2026-03-12T00:44:26.503+0000] {processor.py:208} INFO - Processing /home/ec2-user/environment/lab4_model_training/venv/lib64/python3.12/site-packages/airflow/example_dags/example_branch_datetime_operator.py took 0.092 seconds
[2026-03-12T00:44:59.786+0000] {processor.py:186} INFO - Started process (PID=5160) to work on /home/ec2-user/environment/lab4_model_training/venv/lib64/python3.12/site-packages/airflow/example_dags/example_branch_datetime_operator.py
[2026-03-12T00:44:59.787+0000] {processor.py:914} INFO - Processing file /home/ec2-user/environment/lab4_model_training/venv/lib64/python3.12/site-packages/airflow/example_dags/example_branch_datetime_operator.py for tasks to queue
[2026-03-12T00:44:59.788+0000] {logging_mixin.py:190} INFO - [2026-03-12T00:44:59.788+0000] {dagbag.py:588} INFO - Filling up the DagBag from /home/ec2-user/environment/lab4_model_training/venv/lib64/python3.12/site-packages/airflow/example_dags/example_branch_datetime_operator.py
[2026-03-12T00:44:59.800+0000] {processor.py:925} INFO - DAG(s) 'example_branch_datetime_operator_2', 'example_branch_datetime_operator', 'example_branch_datetime_operator_3' retrieved from /home/ec2-user/environment/lab4_model_training/venv/lib64/python3.12/site-packages/airflow/example_dags/example_branch_datetime_operator.py
[2026-03-12T00:44:59.817+0000] {logging_mixin.py:190} INFO - [2026-03-12T00:44:59.817+0000] {dag.py:3239} INFO - Sync 3 DAGs
[2026-03-12T00:44:59.835+0000] {logging_mixin.py:190} INFO - [2026-03-12T00:44:59.834+0000] {dag.py:4180} INFO - Setting next_dagrun for example_branch_datetime_operator to 2026-03-11 00:00:00+00:00, run_after=2026-03-12 00:00:00+00:00
[2026-03-12T00:44:59.839+0000] {logging_mixin.py:190} INFO - [2026-03-12T00:44:59.839+0000] {dag.py:4180} INFO - Setting next_dagrun for example_branch_datetime_operator_2 to 2026-03-11 00:00:00+00:00, run_after=2026-03-12 00:00:00+00:00
[2026-03-12T00:44:59.840+0000] {logging_mixin.py:190} INFO - [2026-03-12T00:44:59.840+0000] {dag.py:4180} INFO - Setting next_dagrun for example_branch_datetime_operator_3 to 2026-03-11 00:00:00+00:00, run_after=2026-03-12 00:00:00+00:00
[2026-03-12T00:44:59.857+0000] {processor.py:208} INFO - Processing /home/ec2-user/environment/lab4_model_training/venv/lib64/python3.12/site-packages/airflow/example_dags/example_branch_datetime_operator.py took 0.075 seconds
[2026-03-12T00:45:32.204+0000] {processor.py:186} INFO - Started process (PID=5253) to work on /home/ec2-user/environment/lab4_model_training/venv/lib64/python3.12/site-packages/airflow/example_dags/example_branch_datetime_operator.py
[2026-03-12T00:45:32.205+0000] {processor.py:914} INFO - Processing file /home/ec2-user/environment/lab4_model_training/venv/lib64/python3.12/site-packages/airflow/example_dags/example_branch_datetime_operator.py for tasks to queue
[2026-03-12T00:45:32.207+0000] {logging_mixin.py:190} INFO - [2026-03-12T00:45:32.207+0000] {dagbag.py:588} INFO - Filling up the DagBag from /home/ec2-user/environment/lab4_model_training/venv/lib64/python3.12/site-packages/airflow/example_dags/example_branch_datetime_operator.py
[2026-03-12T00:45:32.222+0000] {processor.py:925} INFO - DAG(s) 'example_branch_datetime_operator', 'example_branch_datetime_operator_3', 'example_branch_datetime_operator_2' retrieved from /home/ec2-user/environment/lab4_model_training/venv/lib64/python3.12/site-packages/airflow/example_dags/example_branch_datetime_operator.py
[2026-03-12T00:45:32.244+0000] {logging_mixin.py:190} INFO - [2026-03-12T00:45:32.244+0000] {dag.py:3239} INFO - Sync 3 DAGs
[2026-03-12T00:45:32.263+0000] {logging_mixin.py:190} INFO - [2026-03-12T00:45:32.263+0000] {dag.py:4180} INFO - Setting next_dagrun for example_branch_datetime_operator to 2026-03-11 00:00:00+00:00, run_after=2026-03-12 00:00:00+00:00
[2026-03-12T00:45:32.267+0000] {logging_mixin.py:190} INFO - [2026-03-12T00:45:32.267+0000] {dag.py:4180} INFO - Setting next_dagrun for example_branch_datetime_operator_2 to 2026-03-11 00:00:00+00:00, run_after=2026-03-12 00:00:00+00:00
[2026-03-12T00:45:32.269+0000] {logging_mixin.py:190} INFO - [2026-03-12T00:45:32.269+0000] {dag.py:4180} INFO - Setting next_dagrun for example_branch_datetime_operator_3 to 2026-03-11 00:00:00+00:00, run_after=2026-03-12 00:00:00+00:00
[2026-03-12T00:45:32.287+0000] {processor.py:208} INFO - Processing /home/ec2-user/environment/lab4_model_training/venv/lib64/python3.12/site-packages/airflow/example_dags/example_branch_datetime_operator.py took 0.087 seconds
[2026-03-12T00:46:31.029+0000] {processor.py:186} INFO - Started process (PID=5336) to work on /home/ec2-user/environment/lab4_model_training/venv/lib64/python3.12/site-packages/airflow/example_dags/example_branch_datetime_operator.py
[2026-03-12T00:46:31.030+0000] {processor.py:914} INFO - Processing file /home/ec2-user/environment/lab4_model_training/venv/lib64/python3.12/site-packages/airflow/example_dags/example_branch_datetime_operator.py for tasks to queue
[2026-03-12T00:46:31.032+0000] {logging_mixin.py:190} INFO - [2026-03-12T00:46:31.032+0000] {dagbag.py:588} INFO - Filling up the DagBag from /home/ec2-user/environment/lab4_model_training/venv/lib64/python3.12/site-packages/airflow/example_dags/example_branch_datetime_operator.py
[2026-03-12T00:46:31.042+0000] {processor.py:925} INFO - DAG(s) 'example_branch_datetime_operator_3', 'example_branch_datetime_operator_2', 'example_branch_datetime_operator' retrieved from /home/ec2-user/environment/lab4_model_training/venv/lib64/python3.12/site-packages/airflow/example_dags/example_branch_datetime_operator.py
[2026-03-12T00:46:31.059+0000] {logging_mixin.py:190} INFO - [2026-03-12T00:46:31.059+0000] {dag.py:3239} INFO - Sync 3 DAGs
[2026-03-12T00:46:31.077+0000] {logging_mixin.py:190} INFO - [2026-03-12T00:46:31.077+0000] {dag.py:4180} INFO - Setting next_dagrun for example_branch_datetime_operator to 2026-03-11 00:00:00+00:00, run_after=2026-03-12 00:00:00+00:00
[2026-03-12T00:46:31.080+0000] {logging_mixin.py:190} INFO - [2026-03-12T00:46:31.080+0000] {dag.py:4180} INFO - Setting next_dagrun for example_branch_datetime_operator_2 to 2026-03-11 00:00:00+00:00, run_after=2026-03-12 00:00:00+00:00
[2026-03-12T00:46:31.082+0000] {logging_mixin.py:190} INFO - [2026-03-12T00:46:31.082+0000] {dag.py:4180} INFO - Setting next_dagrun for example_branch_datetime_operator_3 to 2026-03-11 00:00:00+00:00, run_after=2026-03-12 00:00:00+00:00
[2026-03-12T00:46:31.098+0000] {processor.py:208} INFO - Processing /home/ec2-user/environment/lab4_model_training/venv/lib64/python3.12/site-packages/airflow/example_dags/example_branch_datetime_operator.py took 0.074 seconds
[2026-03-12T00:47:26.908+0000] {processor.py:186} INFO - Started process (PID=5466) to work on /home/ec2-user/environment/lab4_model_training/venv/lib64/python3.12/site-packages/airflow/example_dags/example_branch_datetime_operator.py
[2026-03-12T00:47:26.909+0000] {processor.py:914} INFO - Processing file /home/ec2-user/environment/lab4_model_training/venv/lib64/python3.12/site-packages/airflow/example_dags/example_branch_datetime_operator.py for tasks to queue
[2026-03-12T00:47:26.911+0000] {logging_mixin.py:190} INFO - [2026-03-12T00:47:26.911+0000] {dagbag.py:588} INFO - Filling up the DagBag from /home/ec2-user/environment/lab4_model_training/venv/lib64/python3.12/site-packages/airflow/example_dags/example_branch_datetime_operator.py
[2026-03-12T00:47:26.927+0000] {processor.py:925} INFO - DAG(s) 'example_branch_datetime_operator_2', 'example_branch_datetime_operator_3', 'example_branch_datetime_operator' retrieved from /home/ec2-user/environment/lab4_model_training/venv/lib64/python3.12/site-packages/airflow/example_dags/example_branch_datetime_operator.py
[2026-03-12T00:47:26.948+0000] {logging_mixin.py:190} INFO - [2026-03-12T00:47:26.948+0000] {dag.py:3239} INFO - Sync 3 DAGs
[2026-03-12T00:47:26.969+0000] {logging_mixin.py:190} INFO - [2026-03-12T00:47:26.968+0000] {dag.py:4180} INFO - Setting next_dagrun for example_branch_datetime_operator to 2026-03-11 00:00:00+00:00, run_after=2026-03-12 00:00:00+00:00
[2026-03-12T00:47:26.974+0000] {logging_mixin.py:190} INFO - [2026-03-12T00:47:26.974+0000] {dag.py:4180} INFO - Setting next_dagrun for example_branch_datetime_operator_2 to 2026-03-11 00:00:00+00:00, run_after=2026-03-12 00:00:00+00:00
[2026-03-12T00:47:26.976+0000] {logging_mixin.py:190} INFO - [2026-03-12T00:47:26.976+0000] {dag.py:4180} INFO - Setting next_dagrun for example_branch_datetime_operator_3 to 2026-03-11 00:00:00+00:00, run_after=2026-03-12 00:00:00+00:00
[2026-03-12T00:47:26.992+0000] {processor.py:208} INFO - Processing /home/ec2-user/environment/lab4_model_training/venv/lib64/python3.12/site-packages/airflow/example_dags/example_branch_datetime_operator.py took 0.089 seconds
[2026-03-12T00:48:32.222+0000] {processor.py:186} INFO - Started process (PID=5571) to work on /home/ec2-user/environment/lab4_model_training/venv/lib64/python3.12/site-packages/airflow/example_dags/example_branch_datetime_operator.py
[2026-03-12T00:48:32.223+0000] {processor.py:914} INFO - Processing file /home/ec2-user/environment/lab4_model_training/venv/lib64/python3.12/site-packages/airflow/example_dags/example_branch_datetime_operator.py for tasks to queue
[2026-03-12T00:48:32.225+0000] {logging_mixin.py:190} INFO - [2026-03-12T00:48:32.225+0000] {dagbag.py:588} INFO - Filling up the DagBag from /home/ec2-user/environment/lab4_model_training/venv/lib64/python3.12/site-packages/airflow/example_dags/example_branch_datetime_operator.py
[2026-03-12T00:48:32.238+0000] {processor.py:925} INFO - DAG(s) 'example_branch_datetime_operator_3', 'example_branch_datetime_operator_2', 'example_branch_datetime_operator' retrieved from /home/ec2-user/environment/lab4_model_training/venv/lib64/python3.12/site-packages/airflow/example_dags/example_branch_datetime_operator.py
[2026-03-12T00:48:32.255+0000] {logging_mixin.py:190} INFO - [2026-03-12T00:48:32.255+0000] {dag.py:3239} INFO - Sync 3 DAGs
[2026-03-12T00:48:32.272+0000] {logging_mixin.py:190} INFO - [2026-03-12T00:48:32.272+0000] {dag.py:4180} INFO - Setting next_dagrun for example_branch_datetime_operator to 2026-03-11 00:00:00+00:00, run_after=2026-03-12 00:00:00+00:00
[2026-03-12T00:48:32.276+0000] {logging_mixin.py:190} INFO - [2026-03-12T00:48:32.275+0000] {dag.py:4180} INFO - Setting next_dagrun for example_branch_datetime_operator_2 to 2026-03-11 00:00:00+00:00, run_after=2026-03-12 00:00:00+00:00
[2026-03-12T00:48:32.277+0000] {logging_mixin.py:190} INFO - [2026-03-12T00:48:32.277+0000] {dag.py:4180} INFO - Setting next_dagrun for example_branch_datetime_operator_3 to 2026-03-11 00:00:00+00:00, run_after=2026-03-12 00:00:00+00:00
[2026-03-12T00:48:32.293+0000] {processor.py:208} INFO - Processing /home/ec2-user/environment/lab4_model_training/venv/lib64/python3.12/site-packages/airflow/example_dags/example_branch_datetime_operator.py took 0.076 seconds
[2026-03-12T00:49:11.904+0000] {processor.py:186} INFO - Started process (PID=5644) to work on /home/ec2-user/environment/lab4_model_training/venv/lib64/python3.12/site-packages/airflow/example_dags/example_branch_datetime_operator.py
[2026-03-12T00:49:11.905+0000] {processor.py:914} INFO - Processing file /home/ec2-user/environment/lab4_model_training/venv/lib64/python3.12/site-packages/airflow/example_dags/example_branch_datetime_operator.py for tasks to queue
[2026-03-12T00:49:11.907+0000] {logging_mixin.py:190} INFO - [2026-03-12T00:49:11.906+0000] {dagbag.py:588} INFO - Filling up the DagBag from /home/ec2-user/environment/lab4_model_training/venv/lib64/python3.12/site-packages/airflow/example_dags/example_branch_datetime_operator.py
[2026-03-12T00:49:11.921+0000] {processor.py:925} INFO - DAG(s) 'example_branch_datetime_operator_2', 'example_branch_datetime_operator_3', 'example_branch_datetime_operator' retrieved from /home/ec2-user/environment/lab4_model_training/venv/lib64/python3.12/site-packages/airflow/example_dags/example_branch_datetime_operator.py
[2026-03-12T00:49:11.945+0000] {logging_mixin.py:190} INFO - [2026-03-12T00:49:11.945+0000] {dag.py:3239} INFO - Sync 3 DAGs
[2026-03-12T00:49:11.964+0000] {logging_mixin.py:190} INFO - [2026-03-12T00:49:11.964+0000] {dag.py:4180} INFO - Setting next_dagrun for example_branch_datetime_operator to 2026-03-11 00:00:00+00:00, run_after=2026-03-12 00:00:00+00:00
[2026-03-12T00:49:11.969+0000] {logging_mixin.py:190} INFO - [2026-03-12T00:49:11.969+0000] {dag.py:4180} INFO - Setting next_dagrun for example_branch_datetime_operator_2 to 2026-03-11 00:00:00+00:00, run_after=2026-03-12 00:00:00+00:00
[2026-03-12T00:49:11.971+0000] {logging_mixin.py:190} INFO - [2026-03-12T00:49:11.971+0000] {dag.py:4180} INFO - Setting next_dagrun for example_branch_datetime_operator_3 to 2026-03-11 00:00:00+00:00, run_after=2026-03-12 00:00:00+00:00
[2026-03-12T00:49:11.991+0000] {processor.py:208} INFO - Processing /home/ec2-user/environment/lab4_model_training/venv/lib64/python3.12/site-packages/airflow/example_dags/example_branch_datetime_operator.py took 0.092 seconds
[2026-03-12T00:50:09.537+0000] {processor.py:186} INFO - Started process (PID=5776) to work on /home/ec2-user/environment/lab4_model_training/venv/lib64/python3.12/site-packages/airflow/example_dags/example_branch_datetime_operator.py
[2026-03-12T00:50:09.538+0000] {processor.py:914} INFO - Processing file /home/ec2-user/environment/lab4_model_training/venv/lib64/python3.12/site-packages/airflow/example_dags/example_branch_datetime_operator.py for tasks to queue
[2026-03-12T00:50:09.540+0000] {logging_mixin.py:190} INFO - [2026-03-12T00:50:09.540+0000] {dagbag.py:588} INFO - Filling up the DagBag from /home/ec2-user/environment/lab4_model_training/venv/lib64/python3.12/site-packages/airflow/example_dags/example_branch_datetime_operator.py
[2026-03-12T00:50:09.551+0000] {processor.py:925} INFO - DAG(s) 'example_branch_datetime_operator', 'example_branch_datetime_operator_3', 'example_branch_datetime_operator_2' retrieved from /home/ec2-user/environment/lab4_model_training/venv/lib64/python3.12/site-packages/airflow/example_dags/example_branch_datetime_operator.py
[2026-03-12T00:50:09.568+0000] {logging_mixin.py:190} INFO - [2026-03-12T00:50:09.568+0000] {dag.py:3239} INFO - Sync 3 DAGs
[2026-03-12T00:50:09.585+0000] {logging_mixin.py:190} INFO - [2026-03-12T00:50:09.585+0000] {dag.py:4180} INFO - Setting next_dagrun for example_branch_datetime_operator to 2026-03-11 00:00:00+00:00, run_after=2026-03-12 00:00:00+00:00
[2026-03-12T00:50:09.589+0000] {logging_mixin.py:190} INFO - [2026-03-12T00:50:09.589+0000] {dag.py:4180} INFO - Setting next_dagrun for example_branch_datetime_operator_2 to 2026-03-11 00:00:00+00:00, run_after=2026-03-12 00:00:00+00:00
[2026-03-12T00:50:09.590+0000] {logging_mixin.py:190} INFO - [2026-03-12T00:50:09.590+0000] {dag.py:4180} INFO - Setting next_dagrun for example_branch_datetime_operator_3 to 2026-03-11 00:00:00+00:00, run_after=2026-03-12 00:00:00+00:00
[2026-03-12T00:50:09.606+0000] {processor.py:208} INFO - Processing /home/ec2-user/environment/lab4_model_training/venv/lib64/python3.12/site-packages/airflow/example_dags/example_branch_datetime_operator.py took 0.073 seconds
[2026-03-12T00:51:07.937+0000] {processor.py:186} INFO - Started process (PID=6023) to work on /home/ec2-user/environment/lab4_model_training/venv/lib64/python3.12/site-packages/airflow/example_dags/example_branch_datetime_operator.py
[2026-03-12T00:51:07.938+0000] {processor.py:914} INFO - Processing file /home/ec2-user/environment/lab4_model_training/venv/lib64/python3.12/site-packages/airflow/example_dags/example_branch_datetime_operator.py for tasks to queue
[2026-03-12T00:51:07.940+0000] {logging_mixin.py:190} INFO - [2026-03-12T00:51:07.939+0000] {dagbag.py:588} INFO - Filling up the DagBag from /home/ec2-user/environment/lab4_model_training/venv/lib64/python3.12/site-packages/airflow/example_dags/example_branch_datetime_operator.py
[2026-03-12T00:51:07.951+0000] {processor.py:925} INFO - DAG(s) 'example_branch_datetime_operator', 'example_branch_datetime_operator_3', 'example_branch_datetime_operator_2' retrieved from /home/ec2-user/environment/lab4_model_training/venv/lib64/python3.12/site-packages/airflow/example_dags/example_branch_datetime_operator.py
[2026-03-12T00:51:07.968+0000] {logging_mixin.py:190} INFO - [2026-03-12T00:51:07.968+0000] {dag.py:3239} INFO - Sync 3 DAGs
[2026-03-12T00:51:07.985+0000] {logging_mixin.py:190} INFO - [2026-03-12T00:51:07.985+0000] {dag.py:4180} INFO - Setting next_dagrun for example_branch_datetime_operator to 2026-03-11 00:00:00+00:00, run_after=2026-03-12 00:00:00+00:00
[2026-03-12T00:51:07.989+0000] {logging_mixin.py:190} INFO - [2026-03-12T00:51:07.989+0000] {dag.py:4180} INFO - Setting next_dagrun for example_branch_datetime_operator_2 to 2026-03-11 00:00:00+00:00, run_after=2026-03-12 00:00:00+00:00
[2026-03-12T00:51:07.990+0000] {logging_mixin.py:190} INFO - [2026-03-12T00:51:07.990+0000] {dag.py:4180} INFO - Setting next_dagrun for example_branch_datetime_operator_3 to 2026-03-11 00:00:00+00:00, run_after=2026-03-12 00:00:00+00:00
[2026-03-12T00:51:08.006+0000] {processor.py:208} INFO - Processing /home/ec2-user/environment/lab4_model_training/venv/lib64/python3.12/site-packages/airflow/example_dags/example_branch_datetime_operator.py took 0.074 seconds
[2026-03-12T00:52:06.360+0000] {processor.py:186} INFO - Started process (PID=6229) to work on /home/ec2-user/environment/lab4_model_training/venv/lib64/python3.12/site-packages/airflow/example_dags/example_branch_datetime_operator.py
[2026-03-12T00:52:06.361+0000] {processor.py:914} INFO - Processing file /home/ec2-user/environment/lab4_model_training/venv/lib64/python3.12/site-packages/airflow/example_dags/example_branch_datetime_operator.py for tasks to queue
[2026-03-12T00:52:06.363+0000] {logging_mixin.py:190} INFO - [2026-03-12T00:52:06.362+0000] {dagbag.py:588} INFO - Filling up the DagBag from /home/ec2-user/environment/lab4_model_training/venv/lib64/python3.12/site-packages/airflow/example_dags/example_branch_datetime_operator.py
[2026-03-12T00:52:06.373+0000] {processor.py:925} INFO - DAG(s) 'example_branch_datetime_operator', 'example_branch_datetime_operator_3', 'example_branch_datetime_operator_2' retrieved from /home/ec2-user/environment/lab4_model_training/venv/lib64/python3.12/site-packages/airflow/example_dags/example_branch_datetime_operator.py
[2026-03-12T00:52:06.391+0000] {logging_mixin.py:190} INFO - [2026-03-12T00:52:06.391+0000] {dag.py:3239} INFO - Sync 3 DAGs
[2026-03-12T00:52:06.408+0000] {logging_mixin.py:190} INFO - [2026-03-12T00:52:06.408+0000] {dag.py:4180} INFO - Setting next_dagrun for example_branch_datetime_operator to 2026-03-11 00:00:00+00:00, run_after=2026-03-12 00:00:00+00:00
[2026-03-12T00:52:06.411+0000] {logging_mixin.py:190} INFO - [2026-03-12T00:52:06.411+0000] {dag.py:4180} INFO - Setting next_dagrun for example_branch_datetime_operator_2 to 2026-03-11 00:00:00+00:00, run_after=2026-03-12 00:00:00+00:00
[2026-03-12T00:52:06.413+0000] {logging_mixin.py:190} INFO - [2026-03-12T00:52:06.413+0000] {dag.py:4180} INFO - Setting next_dagrun for example_branch_datetime_operator_3 to 2026-03-11 00:00:00+00:00, run_after=2026-03-12 00:00:00+00:00
[2026-03-12T00:52:06.429+0000] {processor.py:208} INFO - Processing /home/ec2-user/environment/lab4_model_training/venv/lib64/python3.12/site-packages/airflow/example_dags/example_branch_datetime_operator.py took 0.073 seconds
[2026-03-12T00:53:06.037+0000] {processor.py:186} INFO - Started process (PID=6398) to work on /home/ec2-user/environment/lab4_model_training/venv/lib64/python3.12/site-packages/airflow/example_dags/example_branch_datetime_operator.py
[2026-03-12T00:53:06.038+0000] {processor.py:914} INFO - Processing file /home/ec2-user/environment/lab4_model_training/venv/lib64/python3.12/site-packages/airflow/example_dags/example_branch_datetime_operator.py for tasks to queue
[2026-03-12T00:53:06.040+0000] {logging_mixin.py:190} INFO - [2026-03-12T00:53:06.039+0000] {dagbag.py:588} INFO - Filling up the DagBag from /home/ec2-user/environment/lab4_model_training/venv/lib64/python3.12/site-packages/airflow/example_dags/example_branch_datetime_operator.py
[2026-03-12T00:53:06.054+0000] {processor.py:925} INFO - DAG(s) 'example_branch_datetime_operator_2', 'example_branch_datetime_operator_3', 'example_branch_datetime_operator' retrieved from /home/ec2-user/environment/lab4_model_training/venv/lib64/python3.12/site-packages/airflow/example_dags/example_branch_datetime_operator.py
[2026-03-12T00:53:06.076+0000] {logging_mixin.py:190} INFO - [2026-03-12T00:53:06.076+0000] {dag.py:3239} INFO - Sync 3 DAGs
[2026-03-12T00:53:06.093+0000] {logging_mixin.py:190} INFO - [2026-03-12T00:53:06.092+0000] {dag.py:4180} INFO - Setting next_dagrun for example_branch_datetime_operator to 2026-03-11 00:00:00+00:00, run_after=2026-03-12 00:00:00+00:00
[2026-03-12T00:53:06.096+0000] {logging_mixin.py:190} INFO - [2026-03-12T00:53:06.096+0000] {dag.py:4180} INFO - Setting next_dagrun for example_branch_datetime_operator_2 to 2026-03-11 00:00:00+00:00, run_after=2026-03-12 00:00:00+00:00
[2026-03-12T00:53:06.098+0000] {logging_mixin.py:190} INFO - [2026-03-12T00:53:06.097+0000] {dag.py:4180} INFO - Setting next_dagrun for example_branch_datetime_operator_3 to 2026-03-11 00:00:00+00:00, run_after=2026-03-12 00:00:00+00:00
[2026-03-12T00:53:06.114+0000] {processor.py:208} INFO - Processing /home/ec2-user/environment/lab4_model_training/venv/lib64/python3.12/site-packages/airflow/example_dags/example_branch_datetime_operator.py took 0.081 seconds
[2026-03-12T00:53:37.736+0000] {processor.py:186} INFO - Started process (PID=6545) to work on /home/ec2-user/environment/lab4_model_training/venv/lib64/python3.12/site-packages/airflow/example_dags/example_branch_datetime_operator.py
[2026-03-12T00:53:37.736+0000] {processor.py:914} INFO - Processing file /home/ec2-user/environment/lab4_model_training/venv/lib64/python3.12/site-packages/airflow/example_dags/example_branch_datetime_operator.py for tasks to queue
[2026-03-12T00:53:37.738+0000] {logging_mixin.py:190} INFO - [2026-03-12T00:53:37.738+0000] {dagbag.py:588} INFO - Filling up the DagBag from /home/ec2-user/environment/lab4_model_training/venv/lib64/python3.12/site-packages/airflow/example_dags/example_branch_datetime_operator.py
[2026-03-12T00:53:37.749+0000] {processor.py:925} INFO - DAG(s) 'example_branch_datetime_operator', 'example_branch_datetime_operator_2', 'example_branch_datetime_operator_3' retrieved from /home/ec2-user/environment/lab4_model_training/venv/lib64/python3.12/site-packages/airflow/example_dags/example_branch_datetime_operator.py
[2026-03-12T00:53:37.766+0000] {logging_mixin.py:190} INFO - [2026-03-12T00:53:37.766+0000] {dag.py:3239} INFO - Sync 3 DAGs
[2026-03-12T00:53:37.783+0000] {logging_mixin.py:190} INFO - [2026-03-12T00:53:37.783+0000] {dag.py:4180} INFO - Setting next_dagrun for example_branch_datetime_operator to 2026-03-11 00:00:00+00:00, run_after=2026-03-12 00:00:00+00:00
[2026-03-12T00:53:37.787+0000] {logging_mixin.py:190} INFO - [2026-03-12T00:53:37.787+0000] {dag.py:4180} INFO - Setting next_dagrun for example_branch_datetime_operator_2 to 2026-03-11 00:00:00+00:00, run_after=2026-03-12 00:00:00+00:00
[2026-03-12T00:53:37.788+0000] {logging_mixin.py:190} INFO - [2026-03-12T00:53:37.788+0000] {dag.py:4180} INFO - Setting next_dagrun for example_branch_datetime_operator_3 to 2026-03-11 00:00:00+00:00, run_after=2026-03-12 00:00:00+00:00
[2026-03-12T00:53:37.804+0000] {processor.py:208} INFO - Processing /home/ec2-user/environment/lab4_model_training/venv/lib64/python3.12/site-packages/airflow/example_dags/example_branch_datetime_operator.py took 0.072 seconds
[2026-03-12T00:54:10.855+0000] {processor.py:186} INFO - Started process (PID=6615) to work on /home/ec2-user/environment/lab4_model_training/venv/lib64/python3.12/site-packages/airflow/example_dags/example_branch_datetime_operator.py
[2026-03-12T00:54:10.857+0000] {processor.py:914} INFO - Processing file /home/ec2-user/environment/lab4_model_training/venv/lib64/python3.12/site-packages/airflow/example_dags/example_branch_datetime_operator.py for tasks to queue
[2026-03-12T00:54:10.858+0000] {logging_mixin.py:190} INFO - [2026-03-12T00:54:10.858+0000] {dagbag.py:588} INFO - Filling up the DagBag from /home/ec2-user/environment/lab4_model_training/venv/lib64/python3.12/site-packages/airflow/example_dags/example_branch_datetime_operator.py
[2026-03-12T00:54:10.874+0000] {processor.py:925} INFO - DAG(s) 'example_branch_datetime_operator_2', 'example_branch_datetime_operator_3', 'example_branch_datetime_operator' retrieved from /home/ec2-user/environment/lab4_model_training/venv/lib64/python3.12/site-packages/airflow/example_dags/example_branch_datetime_operator.py
[2026-03-12T00:54:10.897+0000] {logging_mixin.py:190} INFO - [2026-03-12T00:54:10.896+0000] {dag.py:3239} INFO - Sync 3 DAGs
[2026-03-12T00:54:10.916+0000] {logging_mixin.py:190} INFO - [2026-03-12T00:54:10.916+0000] {dag.py:4180} INFO - Setting next_dagrun for example_branch_datetime_operator to 2026-03-11 00:00:00+00:00, run_after=2026-03-12 00:00:00+00:00
[2026-03-12T00:54:10.921+0000] {logging_mixin.py:190} INFO - [2026-03-12T00:54:10.921+0000] {dag.py:4180} INFO - Setting next_dagrun for example_branch_datetime_operator_2 to 2026-03-11 00:00:00+00:00, run_after=2026-03-12 00:00:00+00:00
[2026-03-12T00:54:10.923+0000] {logging_mixin.py:190} INFO - [2026-03-12T00:54:10.923+0000] {dag.py:4180} INFO - Setting next_dagrun for example_branch_datetime_operator_3 to 2026-03-11 00:00:00+00:00, run_after=2026-03-12 00:00:00+00:00
[2026-03-12T00:54:10.942+0000] {processor.py:208} INFO - Processing /home/ec2-user/environment/lab4_model_training/venv/lib64/python3.12/site-packages/airflow/example_dags/example_branch_datetime_operator.py took 0.091 seconds
[2026-03-12T00:54:42.544+0000] {processor.py:186} INFO - Started process (PID=6759) to work on /home/ec2-user/environment/lab4_model_training/venv/lib64/python3.12/site-packages/airflow/example_dags/example_branch_datetime_operator.py
[2026-03-12T00:54:42.545+0000] {processor.py:914} INFO - Processing file /home/ec2-user/environment/lab4_model_training/venv/lib64/python3.12/site-packages/airflow/example_dags/example_branch_datetime_operator.py for tasks to queue
[2026-03-12T00:54:42.547+0000] {logging_mixin.py:190} INFO - [2026-03-12T00:54:42.546+0000] {dagbag.py:588} INFO - Filling up the DagBag from /home/ec2-user/environment/lab4_model_training/venv/lib64/python3.12/site-packages/airflow/example_dags/example_branch_datetime_operator.py
[2026-03-12T00:54:42.562+0000] {processor.py:925} INFO - DAG(s) 'example_branch_datetime_operator', 'example_branch_datetime_operator_2', 'example_branch_datetime_operator_3' retrieved from /home/ec2-user/environment/lab4_model_training/venv/lib64/python3.12/site-packages/airflow/example_dags/example_branch_datetime_operator.py
[2026-03-12T00:54:42.584+0000] {logging_mixin.py:190} INFO - [2026-03-12T00:54:42.583+0000] {dag.py:3239} INFO - Sync 3 DAGs
[2026-03-12T00:54:42.603+0000] {logging_mixin.py:190} INFO - [2026-03-12T00:54:42.603+0000] {dag.py:4180} INFO - Setting next_dagrun for example_branch_datetime_operator to 2026-03-11 00:00:00+00:00, run_after=2026-03-12 00:00:00+00:00
[2026-03-12T00:54:42.608+0000] {logging_mixin.py:190} INFO - [2026-03-12T00:54:42.608+0000] {dag.py:4180} INFO - Setting next_dagrun for example_branch_datetime_operator_2 to 2026-03-11 00:00:00+00:00, run_after=2026-03-12 00:00:00+00:00
[2026-03-12T00:54:42.610+0000] {logging_mixin.py:190} INFO - [2026-03-12T00:54:42.610+0000] {dag.py:4180} INFO - Setting next_dagrun for example_branch_datetime_operator_3 to 2026-03-11 00:00:00+00:00, run_after=2026-03-12 00:00:00+00:00
[2026-03-12T00:54:42.631+0000] {processor.py:208} INFO - Processing /home/ec2-user/environment/lab4_model_training/venv/lib64/python3.12/site-packages/airflow/example_dags/example_branch_datetime_operator.py took 0.091 seconds
[2026-03-12T00:55:38.493+0000] {processor.py:186} INFO - Started process (PID=6876) to work on /home/ec2-user/environment/lab4_model_training/venv/lib64/python3.12/site-packages/airflow/example_dags/example_branch_datetime_operator.py
[2026-03-12T00:55:38.495+0000] {processor.py:914} INFO - Processing file /home/ec2-user/environment/lab4_model_training/venv/lib64/python3.12/site-packages/airflow/example_dags/example_branch_datetime_operator.py for tasks to queue
[2026-03-12T00:55:38.496+0000] {logging_mixin.py:190} INFO - [2026-03-12T00:55:38.496+0000] {dagbag.py:588} INFO - Filling up the DagBag from /home/ec2-user/environment/lab4_model_training/venv/lib64/python3.12/site-packages/airflow/example_dags/example_branch_datetime_operator.py
[2026-03-12T00:55:38.508+0000] {processor.py:925} INFO - DAG(s) 'example_branch_datetime_operator', 'example_branch_datetime_operator_3', 'example_branch_datetime_operator_2' retrieved from /home/ec2-user/environment/lab4_model_training/venv/lib64/python3.12/site-packages/airflow/example_dags/example_branch_datetime_operator.py
[2026-03-12T00:55:38.525+0000] {logging_mixin.py:190} INFO - [2026-03-12T00:55:38.525+0000] {dag.py:3239} INFO - Sync 3 DAGs
[2026-03-12T00:55:38.542+0000] {logging_mixin.py:190} INFO - [2026-03-12T00:55:38.542+0000] {dag.py:4180} INFO - Setting next_dagrun for example_branch_datetime_operator to 2026-03-11 00:00:00+00:00, run_after=2026-03-12 00:00:00+00:00
[2026-03-12T00:55:38.546+0000] {logging_mixin.py:190} INFO - [2026-03-12T00:55:38.545+0000] {dag.py:4180} INFO - Setting next_dagrun for example_branch_datetime_operator_2 to 2026-03-11 00:00:00+00:00, run_after=2026-03-12 00:00:00+00:00
[2026-03-12T00:55:38.547+0000] {logging_mixin.py:190} INFO - [2026-03-12T00:55:38.547+0000] {dag.py:4180} INFO - Setting next_dagrun for example_branch_datetime_operator_3 to 2026-03-11 00:00:00+00:00, run_after=2026-03-12 00:00:00+00:00
[2026-03-12T00:55:38.563+0000] {processor.py:208} INFO - Processing /home/ec2-user/environment/lab4_model_training/venv/lib64/python3.12/site-packages/airflow/example_dags/example_branch_datetime_operator.py took 0.074 seconds
[2026-03-12T00:56:09.961+0000] {processor.py:186} INFO - Started process (PID=6950) to work on /home/ec2-user/environment/lab4_model_training/venv/lib64/python3.12/site-packages/airflow/example_dags/example_branch_datetime_operator.py
[2026-03-12T00:56:09.962+0000] {processor.py:914} INFO - Processing file /home/ec2-user/environment/lab4_model_training/venv/lib64/python3.12/site-packages/airflow/example_dags/example_branch_datetime_operator.py for tasks to queue
[2026-03-12T00:56:09.963+0000] {logging_mixin.py:190} INFO - [2026-03-12T00:56:09.963+0000] {dagbag.py:588} INFO - Filling up the DagBag from /home/ec2-user/environment/lab4_model_training/venv/lib64/python3.12/site-packages/airflow/example_dags/example_branch_datetime_operator.py
[2026-03-12T00:56:09.974+0000] {processor.py:925} INFO - DAG(s) 'example_branch_datetime_operator', 'example_branch_datetime_operator_2', 'example_branch_datetime_operator_3' retrieved from /home/ec2-user/environment/lab4_model_training/venv/lib64/python3.12/site-packages/airflow/example_dags/example_branch_datetime_operator.py
[2026-03-12T00:56:09.992+0000] {logging_mixin.py:190} INFO - [2026-03-12T00:56:09.992+0000] {dag.py:3239} INFO - Sync 3 DAGs
[2026-03-12T00:56:10.008+0000] {logging_mixin.py:190} INFO - [2026-03-12T00:56:10.008+0000] {dag.py:4180} INFO - Setting next_dagrun for example_branch_datetime_operator to 2026-03-11 00:00:00+00:00, run_after=2026-03-12 00:00:00+00:00
[2026-03-12T00:56:10.012+0000] {logging_mixin.py:190} INFO - [2026-03-12T00:56:10.012+0000] {dag.py:4180} INFO - Setting next_dagrun for example_branch_datetime_operator_2 to 2026-03-11 00:00:00+00:00, run_after=2026-03-12 00:00:00+00:00
[2026-03-12T00:56:10.013+0000] {logging_mixin.py:190} INFO - [2026-03-12T00:56:10.013+0000] {dag.py:4180} INFO - Setting next_dagrun for example_branch_datetime_operator_3 to 2026-03-11 00:00:00+00:00, run_after=2026-03-12 00:00:00+00:00
[2026-03-12T00:56:10.029+0000] {processor.py:208} INFO - Processing /home/ec2-user/environment/lab4_model_training/venv/lib64/python3.12/site-packages/airflow/example_dags/example_branch_datetime_operator.py took 0.072 seconds
[2026-03-12T00:57:08.395+0000] {processor.py:186} INFO - Started process (PID=7120) to work on /home/ec2-user/environment/lab4_model_training/venv/lib64/python3.12/site-packages/airflow/example_dags/example_branch_datetime_operator.py
[2026-03-12T00:57:08.396+0000] {processor.py:914} INFO - Processing file /home/ec2-user/environment/lab4_model_training/venv/lib64/python3.12/site-packages/airflow/example_dags/example_branch_datetime_operator.py for tasks to queue
[2026-03-12T00:57:08.398+0000] {logging_mixin.py:190} INFO - [2026-03-12T00:57:08.397+0000] {dagbag.py:588} INFO - Filling up the DagBag from /home/ec2-user/environment/lab4_model_training/venv/lib64/python3.12/site-packages/airflow/example_dags/example_branch_datetime_operator.py
[2026-03-12T00:57:08.413+0000] {processor.py:925} INFO - DAG(s) 'example_branch_datetime_operator', 'example_branch_datetime_operator_2', 'example_branch_datetime_operator_3' retrieved from /home/ec2-user/environment/lab4_model_training/venv/lib64/python3.12/site-packages/airflow/example_dags/example_branch_datetime_operator.py
[2026-03-12T00:57:08.436+0000] {logging_mixin.py:190} INFO - [2026-03-12T00:57:08.435+0000] {dag.py:3239} INFO - Sync 3 DAGs
[2026-03-12T00:57:08.453+0000] {logging_mixin.py:190} INFO - [2026-03-12T00:57:08.453+0000] {dag.py:4180} INFO - Setting next_dagrun for example_branch_datetime_operator to 2026-03-11 00:00:00+00:00, run_after=2026-03-12 00:00:00+00:00
[2026-03-12T00:57:08.457+0000] {logging_mixin.py:190} INFO - [2026-03-12T00:57:08.456+0000] {dag.py:4180} INFO - Setting next_dagrun for example_branch_datetime_operator_2 to 2026-03-11 00:00:00+00:00, run_after=2026-03-12 00:00:00+00:00
[2026-03-12T00:57:08.458+0000] {logging_mixin.py:190} INFO - [2026-03-12T00:57:08.458+0000] {dag.py:4180} INFO - Setting next_dagrun for example_branch_datetime_operator_3 to 2026-03-11 00:00:00+00:00, run_after=2026-03-12 00:00:00+00:00
[2026-03-12T00:57:08.476+0000] {processor.py:208} INFO - Processing /home/ec2-user/environment/lab4_model_training/venv/lib64/python3.12/site-packages/airflow/example_dags/example_branch_datetime_operator.py took 0.086 seconds
[2026-03-12T00:58:05.780+0000] {processor.py:186} INFO - Started process (PID=7254) to work on /home/ec2-user/environment/lab4_model_training/venv/lib64/python3.12/site-packages/airflow/example_dags/example_branch_datetime_operator.py
[2026-03-12T00:58:05.781+0000] {processor.py:914} INFO - Processing file /home/ec2-user/environment/lab4_model_training/venv/lib64/python3.12/site-packages/airflow/example_dags/example_branch_datetime_operator.py for tasks to queue
[2026-03-12T00:58:05.783+0000] {logging_mixin.py:190} INFO - [2026-03-12T00:58:05.782+0000] {dagbag.py:588} INFO - Filling up the DagBag from /home/ec2-user/environment/lab4_model_training/venv/lib64/python3.12/site-packages/airflow/example_dags/example_branch_datetime_operator.py
[2026-03-12T00:58:05.798+0000] {processor.py:925} INFO - DAG(s) 'example_branch_datetime_operator_3', 'example_branch_datetime_operator', 'example_branch_datetime_operator_2' retrieved from /home/ec2-user/environment/lab4_model_training/venv/lib64/python3.12/site-packages/airflow/example_dags/example_branch_datetime_operator.py
[2026-03-12T00:58:05.819+0000] {logging_mixin.py:190} INFO - [2026-03-12T00:58:05.819+0000] {dag.py:3239} INFO - Sync 3 DAGs
[2026-03-12T00:58:05.838+0000] {logging_mixin.py:190} INFO - [2026-03-12T00:58:05.838+0000] {dag.py:4180} INFO - Setting next_dagrun for example_branch_datetime_operator to 2026-03-11 00:00:00+00:00, run_after=2026-03-12 00:00:00+00:00
[2026-03-12T00:58:05.845+0000] {logging_mixin.py:190} INFO - [2026-03-12T00:58:05.845+0000] {dag.py:4180} INFO - Setting next_dagrun for example_branch_datetime_operator_2 to 2026-03-11 00:00:00+00:00, run_after=2026-03-12 00:00:00+00:00
[2026-03-12T00:58:05.847+0000] {logging_mixin.py:190} INFO - [2026-03-12T00:58:05.847+0000] {dag.py:4180} INFO - Setting next_dagrun for example_branch_datetime_operator_3 to 2026-03-11 00:00:00+00:00, run_after=2026-03-12 00:00:00+00:00
[2026-03-12T00:58:05.865+0000] {processor.py:208} INFO - Processing /home/ec2-user/environment/lab4_model_training/venv/lib64/python3.12/site-packages/airflow/example_dags/example_branch_datetime_operator.py took 0.090 seconds
