[2026-03-12T00:40:03.059+0000] {processor.py:186} INFO - Started process (PID=4531) to work on /home/ec2-user/environment/lab4_model_training/venv/lib64/python3.12/site-packages/airflow/example_dags/example_external_task_marker_dag.py
[2026-03-12T00:40:03.060+0000] {processor.py:914} INFO - Processing file /home/ec2-user/environment/lab4_model_training/venv/lib64/python3.12/site-packages/airflow/example_dags/example_external_task_marker_dag.py for tasks to queue
[2026-03-12T00:40:03.061+0000] {logging_mixin.py:190} INFO - [2026-03-12T00:40:03.061+0000] {dagbag.py:588} INFO - Filling up the DagBag from /home/ec2-user/environment/lab4_model_training/venv/lib64/python3.12/site-packages/airflow/example_dags/example_external_task_marker_dag.py
[2026-03-12T00:40:03.068+0000] {processor.py:925} INFO - DAG(s) 'example_external_task_marker_child', 'example_external_task_marker_parent' retrieved from /home/ec2-user/environment/lab4_model_training/venv/lib64/python3.12/site-packages/airflow/example_dags/example_external_task_marker_dag.py
[2026-03-12T00:40:03.153+0000] {logging_mixin.py:190} INFO - [2026-03-12T00:40:03.153+0000] {override.py:1930} INFO - Created Permission View: can read on DAG:example_external_task_marker_child
[2026-03-12T00:40:03.165+0000] {logging_mixin.py:190} INFO - [2026-03-12T00:40:03.165+0000] {override.py:1930} INFO - Created Permission View: can edit on DAG:example_external_task_marker_child
[2026-03-12T00:40:03.175+0000] {logging_mixin.py:190} INFO - [2026-03-12T00:40:03.175+0000] {override.py:1930} INFO - Created Permission View: can delete on DAG:example_external_task_marker_child
[2026-03-12T00:40:03.189+0000] {logging_mixin.py:190} INFO - [2026-03-12T00:40:03.188+0000] {override.py:1930} INFO - Created Permission View: menu access on DAG Run:example_external_task_marker_child
[2026-03-12T00:40:03.196+0000] {logging_mixin.py:190} INFO - [2026-03-12T00:40:03.196+0000] {override.py:1930} INFO - Created Permission View: can read on DAG Run:example_external_task_marker_child
[2026-03-12T00:40:03.204+0000] {logging_mixin.py:190} INFO - [2026-03-12T00:40:03.204+0000] {override.py:1930} INFO - Created Permission View: can create on DAG Run:example_external_task_marker_child
[2026-03-12T00:40:03.212+0000] {logging_mixin.py:190} INFO - [2026-03-12T00:40:03.212+0000] {override.py:1930} INFO - Created Permission View: can delete on DAG Run:example_external_task_marker_child
[2026-03-12T00:40:03.228+0000] {logging_mixin.py:190} INFO - [2026-03-12T00:40:03.228+0000] {override.py:1930} INFO - Created Permission View: can read on DAG:example_external_task_marker_parent
[2026-03-12T00:40:03.237+0000] {logging_mixin.py:190} INFO - [2026-03-12T00:40:03.237+0000] {override.py:1930} INFO - Created Permission View: can edit on DAG:example_external_task_marker_parent
[2026-03-12T00:40:03.245+0000] {logging_mixin.py:190} INFO - [2026-03-12T00:40:03.245+0000] {override.py:1930} INFO - Created Permission View: can delete on DAG:example_external_task_marker_parent
[2026-03-12T00:40:03.257+0000] {logging_mixin.py:190} INFO - [2026-03-12T00:40:03.257+0000] {override.py:1930} INFO - Created Permission View: menu access on DAG Run:example_external_task_marker_parent
[2026-03-12T00:40:03.264+0000] {logging_mixin.py:190} INFO - [2026-03-12T00:40:03.264+0000] {override.py:1930} INFO - Created Permission View: can read on DAG Run:example_external_task_marker_parent
[2026-03-12T00:40:03.272+0000] {logging_mixin.py:190} INFO - [2026-03-12T00:40:03.272+0000] {override.py:1930} INFO - Created Permission View: can create on DAG Run:example_external_task_marker_parent
[2026-03-12T00:40:03.279+0000] {logging_mixin.py:190} INFO - [2026-03-12T00:40:03.279+0000] {override.py:1930} INFO - Created Permission View: can delete on DAG Run:example_external_task_marker_parent
[2026-03-12T00:40:03.280+0000] {logging_mixin.py:190} INFO - [2026-03-12T00:40:03.279+0000] {dag.py:3239} INFO - Sync 2 DAGs
[2026-03-12T00:40:03.289+0000] {logging_mixin.py:190} INFO - [2026-03-12T00:40:03.289+0000] {dag.py:3262} INFO - Creating ORM DAG for example_external_task_marker_child
[2026-03-12T00:40:03.289+0000] {logging_mixin.py:190} INFO - [2026-03-12T00:40:03.289+0000] {dag.py:3262} INFO - Creating ORM DAG for example_external_task_marker_parent
[2026-03-12T00:40:03.290+0000] {logging_mixin.py:190} INFO - [2026-03-12T00:40:03.290+0000] {dag.py:4180} INFO - Setting next_dagrun for example_external_task_marker_child to None, run_after=None
[2026-03-12T00:40:03.290+0000] {logging_mixin.py:190} INFO - [2026-03-12T00:40:03.290+0000] {dag.py:4180} INFO - Setting next_dagrun for example_external_task_marker_parent to None, run_after=None
[2026-03-12T00:40:03.307+0000] {processor.py:208} INFO - Processing /home/ec2-user/environment/lab4_model_training/venv/lib64/python3.12/site-packages/airflow/example_dags/example_external_task_marker_dag.py took 0.252 seconds
[2026-03-12T00:41:11.441+0000] {processor.py:186} INFO - Started process (PID=4690) to work on /home/ec2-user/environment/lab4_model_training/venv/lib64/python3.12/site-packages/airflow/example_dags/example_external_task_marker_dag.py
[2026-03-12T00:41:11.442+0000] {processor.py:914} INFO - Processing file /home/ec2-user/environment/lab4_model_training/venv/lib64/python3.12/site-packages/airflow/example_dags/example_external_task_marker_dag.py for tasks to queue
[2026-03-12T00:41:11.444+0000] {logging_mixin.py:190} INFO - [2026-03-12T00:41:11.444+0000] {dagbag.py:588} INFO - Filling up the DagBag from /home/ec2-user/environment/lab4_model_training/venv/lib64/python3.12/site-packages/airflow/example_dags/example_external_task_marker_dag.py
[2026-03-12T00:41:11.451+0000] {processor.py:925} INFO - DAG(s) 'example_external_task_marker_parent', 'example_external_task_marker_child' retrieved from /home/ec2-user/environment/lab4_model_training/venv/lib64/python3.12/site-packages/airflow/example_dags/example_external_task_marker_dag.py
[2026-03-12T00:41:11.466+0000] {logging_mixin.py:190} INFO - [2026-03-12T00:41:11.465+0000] {dag.py:3239} INFO - Sync 2 DAGs
[2026-03-12T00:41:11.476+0000] {logging_mixin.py:190} INFO - [2026-03-12T00:41:11.476+0000] {dag.py:4180} INFO - Setting next_dagrun for example_external_task_marker_child to None, run_after=None
[2026-03-12T00:41:11.479+0000] {logging_mixin.py:190} INFO - [2026-03-12T00:41:11.479+0000] {dag.py:4180} INFO - Setting next_dagrun for example_external_task_marker_parent to None, run_after=None
[2026-03-12T00:41:11.495+0000] {processor.py:208} INFO - Processing /home/ec2-user/environment/lab4_model_training/venv/lib64/python3.12/site-packages/airflow/example_dags/example_external_task_marker_dag.py took 0.059 seconds
[2026-03-12T00:42:11.864+0000] {processor.py:186} INFO - Started process (PID=4800) to work on /home/ec2-user/environment/lab4_model_training/venv/lib64/python3.12/site-packages/airflow/example_dags/example_external_task_marker_dag.py
[2026-03-12T00:42:11.866+0000] {processor.py:914} INFO - Processing file /home/ec2-user/environment/lab4_model_training/venv/lib64/python3.12/site-packages/airflow/example_dags/example_external_task_marker_dag.py for tasks to queue
[2026-03-12T00:42:11.867+0000] {logging_mixin.py:190} INFO - [2026-03-12T00:42:11.867+0000] {dagbag.py:588} INFO - Filling up the DagBag from /home/ec2-user/environment/lab4_model_training/venv/lib64/python3.12/site-packages/airflow/example_dags/example_external_task_marker_dag.py
[2026-03-12T00:42:11.874+0000] {processor.py:925} INFO - DAG(s) 'example_external_task_marker_child', 'example_external_task_marker_parent' retrieved from /home/ec2-user/environment/lab4_model_training/venv/lib64/python3.12/site-packages/airflow/example_dags/example_external_task_marker_dag.py
[2026-03-12T00:42:11.888+0000] {logging_mixin.py:190} INFO - [2026-03-12T00:42:11.888+0000] {dag.py:3239} INFO - Sync 2 DAGs
[2026-03-12T00:42:11.899+0000] {logging_mixin.py:190} INFO - [2026-03-12T00:42:11.899+0000] {dag.py:4180} INFO - Setting next_dagrun for example_external_task_marker_child to None, run_after=None
[2026-03-12T00:42:11.901+0000] {logging_mixin.py:190} INFO - [2026-03-12T00:42:11.901+0000] {dag.py:4180} INFO - Setting next_dagrun for example_external_task_marker_parent to None, run_after=None
[2026-03-12T00:42:11.918+0000] {processor.py:208} INFO - Processing /home/ec2-user/environment/lab4_model_training/venv/lib64/python3.12/site-packages/airflow/example_dags/example_external_task_marker_dag.py took 0.058 seconds
[2026-03-12T00:43:10.664+0000] {processor.py:186} INFO - Started process (PID=4939) to work on /home/ec2-user/environment/lab4_model_training/venv/lib64/python3.12/site-packages/airflow/example_dags/example_external_task_marker_dag.py
[2026-03-12T00:43:10.665+0000] {processor.py:914} INFO - Processing file /home/ec2-user/environment/lab4_model_training/venv/lib64/python3.12/site-packages/airflow/example_dags/example_external_task_marker_dag.py for tasks to queue
[2026-03-12T00:43:10.666+0000] {logging_mixin.py:190} INFO - [2026-03-12T00:43:10.666+0000] {dagbag.py:588} INFO - Filling up the DagBag from /home/ec2-user/environment/lab4_model_training/venv/lib64/python3.12/site-packages/airflow/example_dags/example_external_task_marker_dag.py
[2026-03-12T00:43:10.673+0000] {processor.py:925} INFO - DAG(s) 'example_external_task_marker_parent', 'example_external_task_marker_child' retrieved from /home/ec2-user/environment/lab4_model_training/venv/lib64/python3.12/site-packages/airflow/example_dags/example_external_task_marker_dag.py
[2026-03-12T00:43:10.687+0000] {logging_mixin.py:190} INFO - [2026-03-12T00:43:10.687+0000] {dag.py:3239} INFO - Sync 2 DAGs
[2026-03-12T00:43:10.698+0000] {logging_mixin.py:190} INFO - [2026-03-12T00:43:10.698+0000] {dag.py:4180} INFO - Setting next_dagrun for example_external_task_marker_child to None, run_after=None
[2026-03-12T00:43:10.701+0000] {logging_mixin.py:190} INFO - [2026-03-12T00:43:10.700+0000] {dag.py:4180} INFO - Setting next_dagrun for example_external_task_marker_parent to None, run_after=None
[2026-03-12T00:43:10.716+0000] {processor.py:208} INFO - Processing /home/ec2-user/environment/lab4_model_training/venv/lib64/python3.12/site-packages/airflow/example_dags/example_external_task_marker_dag.py took 0.057 seconds
[2026-03-12T00:44:06.988+0000] {processor.py:186} INFO - Started process (PID=5019) to work on /home/ec2-user/environment/lab4_model_training/venv/lib64/python3.12/site-packages/airflow/example_dags/example_external_task_marker_dag.py
[2026-03-12T00:44:06.989+0000] {processor.py:914} INFO - Processing file /home/ec2-user/environment/lab4_model_training/venv/lib64/python3.12/site-packages/airflow/example_dags/example_external_task_marker_dag.py for tasks to queue
[2026-03-12T00:44:06.991+0000] {logging_mixin.py:190} INFO - [2026-03-12T00:44:06.991+0000] {dagbag.py:588} INFO - Filling up the DagBag from /home/ec2-user/environment/lab4_model_training/venv/lib64/python3.12/site-packages/airflow/example_dags/example_external_task_marker_dag.py
[2026-03-12T00:44:06.998+0000] {processor.py:925} INFO - DAG(s) 'example_external_task_marker_parent', 'example_external_task_marker_child' retrieved from /home/ec2-user/environment/lab4_model_training/venv/lib64/python3.12/site-packages/airflow/example_dags/example_external_task_marker_dag.py
[2026-03-12T00:44:07.013+0000] {logging_mixin.py:190} INFO - [2026-03-12T00:44:07.013+0000] {dag.py:3239} INFO - Sync 2 DAGs
[2026-03-12T00:44:07.023+0000] {logging_mixin.py:190} INFO - [2026-03-12T00:44:07.023+0000] {dag.py:4180} INFO - Setting next_dagrun for example_external_task_marker_child to None, run_after=None
[2026-03-12T00:44:07.026+0000] {logging_mixin.py:190} INFO - [2026-03-12T00:44:07.026+0000] {dag.py:4180} INFO - Setting next_dagrun for example_external_task_marker_parent to None, run_after=None
[2026-03-12T00:44:07.042+0000] {processor.py:208} INFO - Processing /home/ec2-user/environment/lab4_model_training/venv/lib64/python3.12/site-packages/airflow/example_dags/example_external_task_marker_dag.py took 0.058 seconds
[2026-03-12T00:45:14.490+0000] {processor.py:186} INFO - Started process (PID=5186) to work on /home/ec2-user/environment/lab4_model_training/venv/lib64/python3.12/site-packages/airflow/example_dags/example_external_task_marker_dag.py
[2026-03-12T00:45:14.491+0000] {processor.py:914} INFO - Processing file /home/ec2-user/environment/lab4_model_training/venv/lib64/python3.12/site-packages/airflow/example_dags/example_external_task_marker_dag.py for tasks to queue
[2026-03-12T00:45:14.492+0000] {logging_mixin.py:190} INFO - [2026-03-12T00:45:14.492+0000] {dagbag.py:588} INFO - Filling up the DagBag from /home/ec2-user/environment/lab4_model_training/venv/lib64/python3.12/site-packages/airflow/example_dags/example_external_task_marker_dag.py
[2026-03-12T00:45:14.500+0000] {processor.py:925} INFO - DAG(s) 'example_external_task_marker_child', 'example_external_task_marker_parent' retrieved from /home/ec2-user/environment/lab4_model_training/venv/lib64/python3.12/site-packages/airflow/example_dags/example_external_task_marker_dag.py
[2026-03-12T00:45:14.515+0000] {logging_mixin.py:190} INFO - [2026-03-12T00:45:14.514+0000] {dag.py:3239} INFO - Sync 2 DAGs
[2026-03-12T00:45:14.525+0000] {logging_mixin.py:190} INFO - [2026-03-12T00:45:14.524+0000] {dag.py:4180} INFO - Setting next_dagrun for example_external_task_marker_child to None, run_after=None
[2026-03-12T00:45:14.529+0000] {logging_mixin.py:190} INFO - [2026-03-12T00:45:14.528+0000] {dag.py:4180} INFO - Setting next_dagrun for example_external_task_marker_parent to None, run_after=None
[2026-03-12T00:45:14.546+0000] {processor.py:208} INFO - Processing /home/ec2-user/environment/lab4_model_training/venv/lib64/python3.12/site-packages/airflow/example_dags/example_external_task_marker_dag.py took 0.061 seconds
[2026-03-12T00:46:11.885+0000] {processor.py:186} INFO - Started process (PID=5317) to work on /home/ec2-user/environment/lab4_model_training/venv/lib64/python3.12/site-packages/airflow/example_dags/example_external_task_marker_dag.py
[2026-03-12T00:46:11.887+0000] {processor.py:914} INFO - Processing file /home/ec2-user/environment/lab4_model_training/venv/lib64/python3.12/site-packages/airflow/example_dags/example_external_task_marker_dag.py for tasks to queue
[2026-03-12T00:46:11.889+0000] {logging_mixin.py:190} INFO - [2026-03-12T00:46:11.889+0000] {dagbag.py:588} INFO - Filling up the DagBag from /home/ec2-user/environment/lab4_model_training/venv/lib64/python3.12/site-packages/airflow/example_dags/example_external_task_marker_dag.py
[2026-03-12T00:46:11.896+0000] {processor.py:925} INFO - DAG(s) 'example_external_task_marker_child', 'example_external_task_marker_parent' retrieved from /home/ec2-user/environment/lab4_model_training/venv/lib64/python3.12/site-packages/airflow/example_dags/example_external_task_marker_dag.py
[2026-03-12T00:46:11.911+0000] {logging_mixin.py:190} INFO - [2026-03-12T00:46:11.911+0000] {dag.py:3239} INFO - Sync 2 DAGs
[2026-03-12T00:46:11.921+0000] {logging_mixin.py:190} INFO - [2026-03-12T00:46:11.921+0000] {dag.py:4180} INFO - Setting next_dagrun for example_external_task_marker_child to None, run_after=None
[2026-03-12T00:46:11.924+0000] {logging_mixin.py:190} INFO - [2026-03-12T00:46:11.924+0000] {dag.py:4180} INFO - Setting next_dagrun for example_external_task_marker_parent to None, run_after=None
[2026-03-12T00:46:11.940+0000] {processor.py:208} INFO - Processing /home/ec2-user/environment/lab4_model_training/venv/lib64/python3.12/site-packages/airflow/example_dags/example_external_task_marker_dag.py took 0.058 seconds
[2026-03-12T00:47:09.215+0000] {processor.py:186} INFO - Started process (PID=5399) to work on /home/ec2-user/environment/lab4_model_training/venv/lib64/python3.12/site-packages/airflow/example_dags/example_external_task_marker_dag.py
[2026-03-12T00:47:09.216+0000] {processor.py:914} INFO - Processing file /home/ec2-user/environment/lab4_model_training/venv/lib64/python3.12/site-packages/airflow/example_dags/example_external_task_marker_dag.py for tasks to queue
[2026-03-12T00:47:09.218+0000] {logging_mixin.py:190} INFO - [2026-03-12T00:47:09.217+0000] {dagbag.py:588} INFO - Filling up the DagBag from /home/ec2-user/environment/lab4_model_training/venv/lib64/python3.12/site-packages/airflow/example_dags/example_external_task_marker_dag.py
[2026-03-12T00:47:09.224+0000] {processor.py:925} INFO - DAG(s) 'example_external_task_marker_child', 'example_external_task_marker_parent' retrieved from /home/ec2-user/environment/lab4_model_training/venv/lib64/python3.12/site-packages/airflow/example_dags/example_external_task_marker_dag.py
[2026-03-12T00:47:09.239+0000] {logging_mixin.py:190} INFO - [2026-03-12T00:47:09.239+0000] {dag.py:3239} INFO - Sync 2 DAGs
[2026-03-12T00:47:09.249+0000] {logging_mixin.py:190} INFO - [2026-03-12T00:47:09.249+0000] {dag.py:4180} INFO - Setting next_dagrun for example_external_task_marker_child to None, run_after=None
[2026-03-12T00:47:09.252+0000] {logging_mixin.py:190} INFO - [2026-03-12T00:47:09.252+0000] {dag.py:4180} INFO - Setting next_dagrun for example_external_task_marker_parent to None, run_after=None
[2026-03-12T00:47:09.280+0000] {processor.py:208} INFO - Processing /home/ec2-user/environment/lab4_model_training/venv/lib64/python3.12/site-packages/airflow/example_dags/example_external_task_marker_dag.py took 0.069 seconds
[2026-03-12T00:48:07.513+0000] {processor.py:186} INFO - Started process (PID=5533) to work on /home/ec2-user/environment/lab4_model_training/venv/lib64/python3.12/site-packages/airflow/example_dags/example_external_task_marker_dag.py
[2026-03-12T00:48:07.514+0000] {processor.py:914} INFO - Processing file /home/ec2-user/environment/lab4_model_training/venv/lib64/python3.12/site-packages/airflow/example_dags/example_external_task_marker_dag.py for tasks to queue
[2026-03-12T00:48:07.515+0000] {logging_mixin.py:190} INFO - [2026-03-12T00:48:07.515+0000] {dagbag.py:588} INFO - Filling up the DagBag from /home/ec2-user/environment/lab4_model_training/venv/lib64/python3.12/site-packages/airflow/example_dags/example_external_task_marker_dag.py
[2026-03-12T00:48:07.522+0000] {processor.py:925} INFO - DAG(s) 'example_external_task_marker_parent', 'example_external_task_marker_child' retrieved from /home/ec2-user/environment/lab4_model_training/venv/lib64/python3.12/site-packages/airflow/example_dags/example_external_task_marker_dag.py
[2026-03-12T00:48:07.536+0000] {logging_mixin.py:190} INFO - [2026-03-12T00:48:07.536+0000] {dag.py:3239} INFO - Sync 2 DAGs
[2026-03-12T00:48:07.547+0000] {logging_mixin.py:190} INFO - [2026-03-12T00:48:07.547+0000] {dag.py:4180} INFO - Setting next_dagrun for example_external_task_marker_child to None, run_after=None
[2026-03-12T00:48:07.550+0000] {logging_mixin.py:190} INFO - [2026-03-12T00:48:07.550+0000] {dag.py:4180} INFO - Setting next_dagrun for example_external_task_marker_parent to None, run_after=None
[2026-03-12T00:48:07.566+0000] {processor.py:208} INFO - Processing /home/ec2-user/environment/lab4_model_training/venv/lib64/python3.12/site-packages/airflow/example_dags/example_external_task_marker_dag.py took 0.058 seconds
[2026-03-12T00:49:22.186+0000] {processor.py:186} INFO - Started process (PID=5655) to work on /home/ec2-user/environment/lab4_model_training/venv/lib64/python3.12/site-packages/airflow/example_dags/example_external_task_marker_dag.py
[2026-03-12T00:49:22.188+0000] {processor.py:914} INFO - Processing file /home/ec2-user/environment/lab4_model_training/venv/lib64/python3.12/site-packages/airflow/example_dags/example_external_task_marker_dag.py for tasks to queue
[2026-03-12T00:49:22.190+0000] {logging_mixin.py:190} INFO - [2026-03-12T00:49:22.189+0000] {dagbag.py:588} INFO - Filling up the DagBag from /home/ec2-user/environment/lab4_model_training/venv/lib64/python3.12/site-packages/airflow/example_dags/example_external_task_marker_dag.py
[2026-03-12T00:49:22.198+0000] {processor.py:925} INFO - DAG(s) 'example_external_task_marker_parent', 'example_external_task_marker_child' retrieved from /home/ec2-user/environment/lab4_model_training/venv/lib64/python3.12/site-packages/airflow/example_dags/example_external_task_marker_dag.py
[2026-03-12T00:49:22.218+0000] {logging_mixin.py:190} INFO - [2026-03-12T00:49:22.218+0000] {dag.py:3239} INFO - Sync 2 DAGs
[2026-03-12T00:49:22.231+0000] {logging_mixin.py:190} INFO - [2026-03-12T00:49:22.231+0000] {dag.py:4180} INFO - Setting next_dagrun for example_external_task_marker_child to None, run_after=None
[2026-03-12T00:49:22.235+0000] {logging_mixin.py:190} INFO - [2026-03-12T00:49:22.235+0000] {dag.py:4180} INFO - Setting next_dagrun for example_external_task_marker_parent to None, run_after=None
[2026-03-12T00:49:22.253+0000] {processor.py:208} INFO - Processing /home/ec2-user/environment/lab4_model_training/venv/lib64/python3.12/site-packages/airflow/example_dags/example_external_task_marker_dag.py took 0.071 seconds
[2026-03-12T00:50:19.766+0000] {processor.py:186} INFO - Started process (PID=5797) to work on /home/ec2-user/environment/lab4_model_training/venv/lib64/python3.12/site-packages/airflow/example_dags/example_external_task_marker_dag.py
[2026-03-12T00:50:19.767+0000] {processor.py:914} INFO - Processing file /home/ec2-user/environment/lab4_model_training/venv/lib64/python3.12/site-packages/airflow/example_dags/example_external_task_marker_dag.py for tasks to queue
[2026-03-12T00:50:19.769+0000] {logging_mixin.py:190} INFO - [2026-03-12T00:50:19.769+0000] {dagbag.py:588} INFO - Filling up the DagBag from /home/ec2-user/environment/lab4_model_training/venv/lib64/python3.12/site-packages/airflow/example_dags/example_external_task_marker_dag.py
[2026-03-12T00:50:19.778+0000] {processor.py:925} INFO - DAG(s) 'example_external_task_marker_parent', 'example_external_task_marker_child' retrieved from /home/ec2-user/environment/lab4_model_training/venv/lib64/python3.12/site-packages/airflow/example_dags/example_external_task_marker_dag.py
[2026-03-12T00:50:19.798+0000] {logging_mixin.py:190} INFO - [2026-03-12T00:50:19.798+0000] {dag.py:3239} INFO - Sync 2 DAGs
[2026-03-12T00:50:19.811+0000] {logging_mixin.py:190} INFO - [2026-03-12T00:50:19.811+0000] {dag.py:4180} INFO - Setting next_dagrun for example_external_task_marker_child to None, run_after=None
[2026-03-12T00:50:19.814+0000] {logging_mixin.py:190} INFO - [2026-03-12T00:50:19.814+0000] {dag.py:4180} INFO - Setting next_dagrun for example_external_task_marker_parent to None, run_after=None
[2026-03-12T00:50:19.832+0000] {processor.py:208} INFO - Processing /home/ec2-user/environment/lab4_model_training/venv/lib64/python3.12/site-packages/airflow/example_dags/example_external_task_marker_dag.py took 0.070 seconds
[2026-03-12T00:51:18.220+0000] {processor.py:186} INFO - Started process (PID=6044) to work on /home/ec2-user/environment/lab4_model_training/venv/lib64/python3.12/site-packages/airflow/example_dags/example_external_task_marker_dag.py
[2026-03-12T00:51:18.221+0000] {processor.py:914} INFO - Processing file /home/ec2-user/environment/lab4_model_training/venv/lib64/python3.12/site-packages/airflow/example_dags/example_external_task_marker_dag.py for tasks to queue
[2026-03-12T00:51:18.222+0000] {logging_mixin.py:190} INFO - [2026-03-12T00:51:18.222+0000] {dagbag.py:588} INFO - Filling up the DagBag from /home/ec2-user/environment/lab4_model_training/venv/lib64/python3.12/site-packages/airflow/example_dags/example_external_task_marker_dag.py
[2026-03-12T00:51:18.230+0000] {processor.py:925} INFO - DAG(s) 'example_external_task_marker_parent', 'example_external_task_marker_child' retrieved from /home/ec2-user/environment/lab4_model_training/venv/lib64/python3.12/site-packages/airflow/example_dags/example_external_task_marker_dag.py
[2026-03-12T00:51:18.245+0000] {logging_mixin.py:190} INFO - [2026-03-12T00:51:18.244+0000] {dag.py:3239} INFO - Sync 2 DAGs
[2026-03-12T00:51:18.254+0000] {logging_mixin.py:190} INFO - [2026-03-12T00:51:18.254+0000] {dag.py:4180} INFO - Setting next_dagrun for example_external_task_marker_child to None, run_after=None
[2026-03-12T00:51:18.257+0000] {logging_mixin.py:190} INFO - [2026-03-12T00:51:18.257+0000] {dag.py:4180} INFO - Setting next_dagrun for example_external_task_marker_parent to None, run_after=None
[2026-03-12T00:51:18.273+0000] {processor.py:208} INFO - Processing /home/ec2-user/environment/lab4_model_training/venv/lib64/python3.12/site-packages/airflow/example_dags/example_external_task_marker_dag.py took 0.058 seconds
[2026-03-12T00:52:17.778+0000] {processor.py:186} INFO - Started process (PID=6301) to work on /home/ec2-user/environment/lab4_model_training/venv/lib64/python3.12/site-packages/airflow/example_dags/example_external_task_marker_dag.py
[2026-03-12T00:52:17.779+0000] {processor.py:914} INFO - Processing file /home/ec2-user/environment/lab4_model_training/venv/lib64/python3.12/site-packages/airflow/example_dags/example_external_task_marker_dag.py for tasks to queue
[2026-03-12T00:52:17.781+0000] {logging_mixin.py:190} INFO - [2026-03-12T00:52:17.781+0000] {dagbag.py:588} INFO - Filling up the DagBag from /home/ec2-user/environment/lab4_model_training/venv/lib64/python3.12/site-packages/airflow/example_dags/example_external_task_marker_dag.py
[2026-03-12T00:52:17.787+0000] {processor.py:925} INFO - DAG(s) 'example_external_task_marker_parent', 'example_external_task_marker_child' retrieved from /home/ec2-user/environment/lab4_model_training/venv/lib64/python3.12/site-packages/airflow/example_dags/example_external_task_marker_dag.py
[2026-03-12T00:52:17.802+0000] {logging_mixin.py:190} INFO - [2026-03-12T00:52:17.802+0000] {dag.py:3239} INFO - Sync 2 DAGs
[2026-03-12T00:52:17.812+0000] {logging_mixin.py:190} INFO - [2026-03-12T00:52:17.812+0000] {dag.py:4180} INFO - Setting next_dagrun for example_external_task_marker_child to None, run_after=None
[2026-03-12T00:52:17.816+0000] {logging_mixin.py:190} INFO - [2026-03-12T00:52:17.816+0000] {dag.py:4180} INFO - Setting next_dagrun for example_external_task_marker_parent to None, run_after=None
[2026-03-12T00:52:17.832+0000] {processor.py:208} INFO - Processing /home/ec2-user/environment/lab4_model_training/venv/lib64/python3.12/site-packages/airflow/example_dags/example_external_task_marker_dag.py took 0.058 seconds
[2026-03-12T00:53:17.209+0000] {processor.py:186} INFO - Started process (PID=6461) to work on /home/ec2-user/environment/lab4_model_training/venv/lib64/python3.12/site-packages/airflow/example_dags/example_external_task_marker_dag.py
[2026-03-12T00:53:17.210+0000] {processor.py:914} INFO - Processing file /home/ec2-user/environment/lab4_model_training/venv/lib64/python3.12/site-packages/airflow/example_dags/example_external_task_marker_dag.py for tasks to queue
[2026-03-12T00:53:17.211+0000] {logging_mixin.py:190} INFO - [2026-03-12T00:53:17.211+0000] {dagbag.py:588} INFO - Filling up the DagBag from /home/ec2-user/environment/lab4_model_training/venv/lib64/python3.12/site-packages/airflow/example_dags/example_external_task_marker_dag.py
[2026-03-12T00:53:17.218+0000] {processor.py:925} INFO - DAG(s) 'example_external_task_marker_child', 'example_external_task_marker_parent' retrieved from /home/ec2-user/environment/lab4_model_training/venv/lib64/python3.12/site-packages/airflow/example_dags/example_external_task_marker_dag.py
[2026-03-12T00:53:17.233+0000] {logging_mixin.py:190} INFO - [2026-03-12T00:53:17.233+0000] {dag.py:3239} INFO - Sync 2 DAGs
[2026-03-12T00:53:17.243+0000] {logging_mixin.py:190} INFO - [2026-03-12T00:53:17.243+0000] {dag.py:4180} INFO - Setting next_dagrun for example_external_task_marker_child to None, run_after=None
[2026-03-12T00:53:17.246+0000] {logging_mixin.py:190} INFO - [2026-03-12T00:53:17.246+0000] {dag.py:4180} INFO - Setting next_dagrun for example_external_task_marker_parent to None, run_after=None
[2026-03-12T00:53:17.262+0000] {processor.py:208} INFO - Processing /home/ec2-user/environment/lab4_model_training/venv/lib64/python3.12/site-packages/airflow/example_dags/example_external_task_marker_dag.py took 0.058 seconds
[2026-03-12T00:54:21.676+0000] {processor.py:186} INFO - Started process (PID=6636) to work on /home/ec2-user/environment/lab4_model_training/venv/lib64/python3.12/site-packages/airflow/example_dags/example_external_task_marker_dag.py
[2026-03-12T00:54:21.677+0000] {processor.py:914} INFO - Processing file /home/ec2-user/environment/lab4_model_training/venv/lib64/python3.12/site-packages/airflow/example_dags/example_external_task_marker_dag.py for tasks to queue
[2026-03-12T00:54:21.679+0000] {logging_mixin.py:190} INFO - [2026-03-12T00:54:21.679+0000] {dagbag.py:588} INFO - Filling up the DagBag from /home/ec2-user/environment/lab4_model_training/venv/lib64/python3.12/site-packages/airflow/example_dags/example_external_task_marker_dag.py
[2026-03-12T00:54:21.686+0000] {processor.py:925} INFO - DAG(s) 'example_external_task_marker_child', 'example_external_task_marker_parent' retrieved from /home/ec2-user/environment/lab4_model_training/venv/lib64/python3.12/site-packages/airflow/example_dags/example_external_task_marker_dag.py
[2026-03-12T00:54:21.701+0000] {logging_mixin.py:190} INFO - [2026-03-12T00:54:21.701+0000] {dag.py:3239} INFO - Sync 2 DAGs
[2026-03-12T00:54:21.711+0000] {logging_mixin.py:190} INFO - [2026-03-12T00:54:21.711+0000] {dag.py:4180} INFO - Setting next_dagrun for example_external_task_marker_child to None, run_after=None
[2026-03-12T00:54:21.714+0000] {logging_mixin.py:190} INFO - [2026-03-12T00:54:21.714+0000] {dag.py:4180} INFO - Setting next_dagrun for example_external_task_marker_parent to None, run_after=None
[2026-03-12T00:54:21.730+0000] {processor.py:208} INFO - Processing /home/ec2-user/environment/lab4_model_training/venv/lib64/python3.12/site-packages/airflow/example_dags/example_external_task_marker_dag.py took 0.058 seconds
[2026-03-12T00:55:19.393+0000] {processor.py:186} INFO - Started process (PID=6851) to work on /home/ec2-user/environment/lab4_model_training/venv/lib64/python3.12/site-packages/airflow/example_dags/example_external_task_marker_dag.py
[2026-03-12T00:55:19.395+0000] {processor.py:914} INFO - Processing file /home/ec2-user/environment/lab4_model_training/venv/lib64/python3.12/site-packages/airflow/example_dags/example_external_task_marker_dag.py for tasks to queue
[2026-03-12T00:55:19.396+0000] {logging_mixin.py:190} INFO - [2026-03-12T00:55:19.396+0000] {dagbag.py:588} INFO - Filling up the DagBag from /home/ec2-user/environment/lab4_model_training/venv/lib64/python3.12/site-packages/airflow/example_dags/example_external_task_marker_dag.py
[2026-03-12T00:55:19.404+0000] {processor.py:925} INFO - DAG(s) 'example_external_task_marker_child', 'example_external_task_marker_parent' retrieved from /home/ec2-user/environment/lab4_model_training/venv/lib64/python3.12/site-packages/airflow/example_dags/example_external_task_marker_dag.py
[2026-03-12T00:55:19.418+0000] {logging_mixin.py:190} INFO - [2026-03-12T00:55:19.417+0000] {dag.py:3239} INFO - Sync 2 DAGs
[2026-03-12T00:55:19.428+0000] {logging_mixin.py:190} INFO - [2026-03-12T00:55:19.428+0000] {dag.py:4180} INFO - Setting next_dagrun for example_external_task_marker_child to None, run_after=None
[2026-03-12T00:55:19.431+0000] {logging_mixin.py:190} INFO - [2026-03-12T00:55:19.431+0000] {dag.py:4180} INFO - Setting next_dagrun for example_external_task_marker_parent to None, run_after=None
[2026-03-12T00:55:19.447+0000] {processor.py:208} INFO - Processing /home/ec2-user/environment/lab4_model_training/venv/lib64/python3.12/site-packages/airflow/example_dags/example_external_task_marker_dag.py took 0.058 seconds
[2026-03-12T00:56:21.110+0000] {processor.py:186} INFO - Started process (PID=6975) to work on /home/ec2-user/environment/lab4_model_training/venv/lib64/python3.12/site-packages/airflow/example_dags/example_external_task_marker_dag.py
[2026-03-12T00:56:21.111+0000] {processor.py:914} INFO - Processing file /home/ec2-user/environment/lab4_model_training/venv/lib64/python3.12/site-packages/airflow/example_dags/example_external_task_marker_dag.py for tasks to queue
[2026-03-12T00:56:21.112+0000] {logging_mixin.py:190} INFO - [2026-03-12T00:56:21.112+0000] {dagbag.py:588} INFO - Filling up the DagBag from /home/ec2-user/environment/lab4_model_training/venv/lib64/python3.12/site-packages/airflow/example_dags/example_external_task_marker_dag.py
[2026-03-12T00:56:21.119+0000] {processor.py:925} INFO - DAG(s) 'example_external_task_marker_parent', 'example_external_task_marker_child' retrieved from /home/ec2-user/environment/lab4_model_training/venv/lib64/python3.12/site-packages/airflow/example_dags/example_external_task_marker_dag.py
[2026-03-12T00:56:21.135+0000] {logging_mixin.py:190} INFO - [2026-03-12T00:56:21.135+0000] {dag.py:3239} INFO - Sync 2 DAGs
[2026-03-12T00:56:21.146+0000] {logging_mixin.py:190} INFO - [2026-03-12T00:56:21.145+0000] {dag.py:4180} INFO - Setting next_dagrun for example_external_task_marker_child to None, run_after=None
[2026-03-12T00:56:21.148+0000] {logging_mixin.py:190} INFO - [2026-03-12T00:56:21.148+0000] {dag.py:4180} INFO - Setting next_dagrun for example_external_task_marker_parent to None, run_after=None
[2026-03-12T00:56:21.165+0000] {processor.py:208} INFO - Processing /home/ec2-user/environment/lab4_model_training/venv/lib64/python3.12/site-packages/airflow/example_dags/example_external_task_marker_dag.py took 0.061 seconds
[2026-03-12T00:57:18.676+0000] {processor.py:186} INFO - Started process (PID=7137) to work on /home/ec2-user/environment/lab4_model_training/venv/lib64/python3.12/site-packages/airflow/example_dags/example_external_task_marker_dag.py
[2026-03-12T00:57:18.677+0000] {processor.py:914} INFO - Processing file /home/ec2-user/environment/lab4_model_training/venv/lib64/python3.12/site-packages/airflow/example_dags/example_external_task_marker_dag.py for tasks to queue
[2026-03-12T00:57:18.679+0000] {logging_mixin.py:190} INFO - [2026-03-12T00:57:18.678+0000] {dagbag.py:588} INFO - Filling up the DagBag from /home/ec2-user/environment/lab4_model_training/venv/lib64/python3.12/site-packages/airflow/example_dags/example_external_task_marker_dag.py
[2026-03-12T00:57:18.686+0000] {processor.py:925} INFO - DAG(s) 'example_external_task_marker_child', 'example_external_task_marker_parent' retrieved from /home/ec2-user/environment/lab4_model_training/venv/lib64/python3.12/site-packages/airflow/example_dags/example_external_task_marker_dag.py
[2026-03-12T00:57:18.700+0000] {logging_mixin.py:190} INFO - [2026-03-12T00:57:18.700+0000] {dag.py:3239} INFO - Sync 2 DAGs
[2026-03-12T00:57:18.710+0000] {logging_mixin.py:190} INFO - [2026-03-12T00:57:18.710+0000] {dag.py:4180} INFO - Setting next_dagrun for example_external_task_marker_child to None, run_after=None
[2026-03-12T00:57:18.713+0000] {logging_mixin.py:190} INFO - [2026-03-12T00:57:18.713+0000] {dag.py:4180} INFO - Setting next_dagrun for example_external_task_marker_parent to None, run_after=None
[2026-03-12T00:57:18.727+0000] {processor.py:208} INFO - Processing /home/ec2-user/environment/lab4_model_training/venv/lib64/python3.12/site-packages/airflow/example_dags/example_external_task_marker_dag.py took 0.056 seconds
[2026-03-12T00:58:17.193+0000] {processor.py:186} INFO - Started process (PID=7286) to work on /home/ec2-user/environment/lab4_model_training/venv/lib64/python3.12/site-packages/airflow/example_dags/example_external_task_marker_dag.py
[2026-03-12T00:58:17.194+0000] {processor.py:914} INFO - Processing file /home/ec2-user/environment/lab4_model_training/venv/lib64/python3.12/site-packages/airflow/example_dags/example_external_task_marker_dag.py for tasks to queue
[2026-03-12T00:58:17.196+0000] {logging_mixin.py:190} INFO - [2026-03-12T00:58:17.196+0000] {dagbag.py:588} INFO - Filling up the DagBag from /home/ec2-user/environment/lab4_model_training/venv/lib64/python3.12/site-packages/airflow/example_dags/example_external_task_marker_dag.py
[2026-03-12T00:58:17.205+0000] {processor.py:925} INFO - DAG(s) 'example_external_task_marker_parent', 'example_external_task_marker_child' retrieved from /home/ec2-user/environment/lab4_model_training/venv/lib64/python3.12/site-packages/airflow/example_dags/example_external_task_marker_dag.py
[2026-03-12T00:58:17.225+0000] {logging_mixin.py:190} INFO - [2026-03-12T00:58:17.224+0000] {dag.py:3239} INFO - Sync 2 DAGs
[2026-03-12T00:58:17.239+0000] {logging_mixin.py:190} INFO - [2026-03-12T00:58:17.239+0000] {dag.py:4180} INFO - Setting next_dagrun for example_external_task_marker_child to None, run_after=None
[2026-03-12T00:58:17.243+0000] {logging_mixin.py:190} INFO - [2026-03-12T00:58:17.243+0000] {dag.py:4180} INFO - Setting next_dagrun for example_external_task_marker_parent to None, run_after=None
[2026-03-12T00:58:17.261+0000] {processor.py:208} INFO - Processing /home/ec2-user/environment/lab4_model_training/venv/lib64/python3.12/site-packages/airflow/example_dags/example_external_task_marker_dag.py took 0.072 seconds
