[2026-03-12T00:40:19.650+0000] {processor.py:186} INFO - Started process (PID=4555) to work on /home/ec2-user/environment/lab4_model_training/venv/lib64/python3.12/site-packages/airflow/example_dags/example_sensors.py
[2026-03-12T00:40:19.650+0000] {processor.py:914} INFO - Processing file /home/ec2-user/environment/lab4_model_training/venv/lib64/python3.12/site-packages/airflow/example_dags/example_sensors.py for tasks to queue
[2026-03-12T00:40:19.652+0000] {logging_mixin.py:190} INFO - [2026-03-12T00:40:19.651+0000] {dagbag.py:588} INFO - Filling up the DagBag from /home/ec2-user/environment/lab4_model_training/venv/lib64/python3.12/site-packages/airflow/example_dags/example_sensors.py
[2026-03-12T00:40:19.661+0000] {processor.py:925} INFO - DAG(s) 'example_sensors' retrieved from /home/ec2-user/environment/lab4_model_training/venv/lib64/python3.12/site-packages/airflow/example_dags/example_sensors.py
[2026-03-12T00:40:19.751+0000] {logging_mixin.py:190} INFO - [2026-03-12T00:40:19.750+0000] {override.py:1930} INFO - Created Permission View: can read on DAG:example_sensors
[2026-03-12T00:40:19.765+0000] {logging_mixin.py:190} INFO - [2026-03-12T00:40:19.765+0000] {override.py:1930} INFO - Created Permission View: can edit on DAG:example_sensors
[2026-03-12T00:40:19.773+0000] {logging_mixin.py:190} INFO - [2026-03-12T00:40:19.773+0000] {override.py:1930} INFO - Created Permission View: can delete on DAG:example_sensors
[2026-03-12T00:40:19.786+0000] {logging_mixin.py:190} INFO - [2026-03-12T00:40:19.786+0000] {override.py:1930} INFO - Created Permission View: menu access on DAG Run:example_sensors
[2026-03-12T00:40:19.794+0000] {logging_mixin.py:190} INFO - [2026-03-12T00:40:19.793+0000] {override.py:1930} INFO - Created Permission View: can read on DAG Run:example_sensors
[2026-03-12T00:40:19.801+0000] {logging_mixin.py:190} INFO - [2026-03-12T00:40:19.801+0000] {override.py:1930} INFO - Created Permission View: can create on DAG Run:example_sensors
[2026-03-12T00:40:19.809+0000] {logging_mixin.py:190} INFO - [2026-03-12T00:40:19.809+0000] {override.py:1930} INFO - Created Permission View: can delete on DAG Run:example_sensors
[2026-03-12T00:40:19.809+0000] {logging_mixin.py:190} INFO - [2026-03-12T00:40:19.809+0000] {dag.py:3239} INFO - Sync 1 DAGs
[2026-03-12T00:40:19.818+0000] {logging_mixin.py:190} INFO - [2026-03-12T00:40:19.818+0000] {dag.py:3262} INFO - Creating ORM DAG for example_sensors
[2026-03-12T00:40:19.818+0000] {logging_mixin.py:190} INFO - [2026-03-12T00:40:19.818+0000] {dag.py:4180} INFO - Setting next_dagrun for example_sensors to None, run_after=None
[2026-03-12T00:40:19.836+0000] {processor.py:208} INFO - Processing /home/ec2-user/environment/lab4_model_training/venv/lib64/python3.12/site-packages/airflow/example_dags/example_sensors.py took 0.191 seconds
[2026-03-12T00:41:25.131+0000] {processor.py:186} INFO - Started process (PID=4714) to work on /home/ec2-user/environment/lab4_model_training/venv/lib64/python3.12/site-packages/airflow/example_dags/example_sensors.py
[2026-03-12T00:41:25.133+0000] {processor.py:914} INFO - Processing file /home/ec2-user/environment/lab4_model_training/venv/lib64/python3.12/site-packages/airflow/example_dags/example_sensors.py for tasks to queue
[2026-03-12T00:41:25.134+0000] {logging_mixin.py:190} INFO - [2026-03-12T00:41:25.134+0000] {dagbag.py:588} INFO - Filling up the DagBag from /home/ec2-user/environment/lab4_model_training/venv/lib64/python3.12/site-packages/airflow/example_dags/example_sensors.py
[2026-03-12T00:41:25.144+0000] {processor.py:925} INFO - DAG(s) 'example_sensors' retrieved from /home/ec2-user/environment/lab4_model_training/venv/lib64/python3.12/site-packages/airflow/example_dags/example_sensors.py
[2026-03-12T00:41:25.161+0000] {logging_mixin.py:190} INFO - [2026-03-12T00:41:25.161+0000] {dag.py:3239} INFO - Sync 1 DAGs
[2026-03-12T00:41:25.171+0000] {logging_mixin.py:190} INFO - [2026-03-12T00:41:25.171+0000] {dag.py:4180} INFO - Setting next_dagrun for example_sensors to None, run_after=None
[2026-03-12T00:41:25.189+0000] {processor.py:208} INFO - Processing /home/ec2-user/environment/lab4_model_training/venv/lib64/python3.12/site-packages/airflow/example_dags/example_sensors.py took 0.062 seconds
[2026-03-12T00:42:25.557+0000] {processor.py:186} INFO - Started process (PID=4871) to work on /home/ec2-user/environment/lab4_model_training/venv/lib64/python3.12/site-packages/airflow/example_dags/example_sensors.py
[2026-03-12T00:42:25.559+0000] {processor.py:914} INFO - Processing file /home/ec2-user/environment/lab4_model_training/venv/lib64/python3.12/site-packages/airflow/example_dags/example_sensors.py for tasks to queue
[2026-03-12T00:42:25.560+0000] {logging_mixin.py:190} INFO - [2026-03-12T00:42:25.560+0000] {dagbag.py:588} INFO - Filling up the DagBag from /home/ec2-user/environment/lab4_model_training/venv/lib64/python3.12/site-packages/airflow/example_dags/example_sensors.py
[2026-03-12T00:42:25.570+0000] {processor.py:925} INFO - DAG(s) 'example_sensors' retrieved from /home/ec2-user/environment/lab4_model_training/venv/lib64/python3.12/site-packages/airflow/example_dags/example_sensors.py
[2026-03-12T00:42:25.588+0000] {logging_mixin.py:190} INFO - [2026-03-12T00:42:25.588+0000] {dag.py:3239} INFO - Sync 1 DAGs
[2026-03-12T00:42:25.597+0000] {logging_mixin.py:190} INFO - [2026-03-12T00:42:25.597+0000] {dag.py:4180} INFO - Setting next_dagrun for example_sensors to None, run_after=None
[2026-03-12T00:42:25.615+0000] {processor.py:208} INFO - Processing /home/ec2-user/environment/lab4_model_training/venv/lib64/python3.12/site-packages/airflow/example_dags/example_sensors.py took 0.062 seconds
[2026-03-12T00:43:23.212+0000] {processor.py:186} INFO - Started process (PID=4953) to work on /home/ec2-user/environment/lab4_model_training/venv/lib64/python3.12/site-packages/airflow/example_dags/example_sensors.py
[2026-03-12T00:43:23.213+0000] {processor.py:914} INFO - Processing file /home/ec2-user/environment/lab4_model_training/venv/lib64/python3.12/site-packages/airflow/example_dags/example_sensors.py for tasks to queue
[2026-03-12T00:43:23.215+0000] {logging_mixin.py:190} INFO - [2026-03-12T00:43:23.214+0000] {dagbag.py:588} INFO - Filling up the DagBag from /home/ec2-user/environment/lab4_model_training/venv/lib64/python3.12/site-packages/airflow/example_dags/example_sensors.py
[2026-03-12T00:43:23.224+0000] {processor.py:925} INFO - DAG(s) 'example_sensors' retrieved from /home/ec2-user/environment/lab4_model_training/venv/lib64/python3.12/site-packages/airflow/example_dags/example_sensors.py
[2026-03-12T00:43:23.242+0000] {logging_mixin.py:190} INFO - [2026-03-12T00:43:23.242+0000] {dag.py:3239} INFO - Sync 1 DAGs
[2026-03-12T00:43:23.251+0000] {logging_mixin.py:190} INFO - [2026-03-12T00:43:23.251+0000] {dag.py:4180} INFO - Setting next_dagrun for example_sensors to None, run_after=None
[2026-03-12T00:43:23.270+0000] {processor.py:208} INFO - Processing /home/ec2-user/environment/lab4_model_training/venv/lib64/python3.12/site-packages/airflow/example_dags/example_sensors.py took 0.062 seconds
[2026-03-12T00:44:21.273+0000] {processor.py:186} INFO - Started process (PID=5115) to work on /home/ec2-user/environment/lab4_model_training/venv/lib64/python3.12/site-packages/airflow/example_dags/example_sensors.py
[2026-03-12T00:44:21.274+0000] {processor.py:914} INFO - Processing file /home/ec2-user/environment/lab4_model_training/venv/lib64/python3.12/site-packages/airflow/example_dags/example_sensors.py for tasks to queue
[2026-03-12T00:44:21.276+0000] {logging_mixin.py:190} INFO - [2026-03-12T00:44:21.276+0000] {dagbag.py:588} INFO - Filling up the DagBag from /home/ec2-user/environment/lab4_model_training/venv/lib64/python3.12/site-packages/airflow/example_dags/example_sensors.py
[2026-03-12T00:44:21.286+0000] {processor.py:925} INFO - DAG(s) 'example_sensors' retrieved from /home/ec2-user/environment/lab4_model_training/venv/lib64/python3.12/site-packages/airflow/example_dags/example_sensors.py
[2026-03-12T00:44:21.303+0000] {logging_mixin.py:190} INFO - [2026-03-12T00:44:21.303+0000] {dag.py:3239} INFO - Sync 1 DAGs
[2026-03-12T00:44:21.313+0000] {logging_mixin.py:190} INFO - [2026-03-12T00:44:21.313+0000] {dag.py:4180} INFO - Setting next_dagrun for example_sensors to None, run_after=None
[2026-03-12T00:44:21.331+0000] {processor.py:208} INFO - Processing /home/ec2-user/environment/lab4_model_training/venv/lib64/python3.12/site-packages/airflow/example_dags/example_sensors.py took 0.062 seconds
[2026-03-12T00:45:28.109+0000] {processor.py:186} INFO - Started process (PID=5248) to work on /home/ec2-user/environment/lab4_model_training/venv/lib64/python3.12/site-packages/airflow/example_dags/example_sensors.py
[2026-03-12T00:45:28.111+0000] {processor.py:914} INFO - Processing file /home/ec2-user/environment/lab4_model_training/venv/lib64/python3.12/site-packages/airflow/example_dags/example_sensors.py for tasks to queue
[2026-03-12T00:45:28.113+0000] {logging_mixin.py:190} INFO - [2026-03-12T00:45:28.112+0000] {dagbag.py:588} INFO - Filling up the DagBag from /home/ec2-user/environment/lab4_model_training/venv/lib64/python3.12/site-packages/airflow/example_dags/example_sensors.py
[2026-03-12T00:45:28.125+0000] {processor.py:925} INFO - DAG(s) 'example_sensors' retrieved from /home/ec2-user/environment/lab4_model_training/venv/lib64/python3.12/site-packages/airflow/example_dags/example_sensors.py
[2026-03-12T00:45:28.150+0000] {logging_mixin.py:190} INFO - [2026-03-12T00:45:28.149+0000] {dag.py:3239} INFO - Sync 1 DAGs
[2026-03-12T00:45:28.162+0000] {logging_mixin.py:190} INFO - [2026-03-12T00:45:28.162+0000] {dag.py:4180} INFO - Setting next_dagrun for example_sensors to None, run_after=None
[2026-03-12T00:45:28.182+0000] {processor.py:208} INFO - Processing /home/ec2-user/environment/lab4_model_training/venv/lib64/python3.12/site-packages/airflow/example_dags/example_sensors.py took 0.078 seconds
[2026-03-12T00:46:26.030+0000] {processor.py:186} INFO - Started process (PID=5331) to work on /home/ec2-user/environment/lab4_model_training/venv/lib64/python3.12/site-packages/airflow/example_dags/example_sensors.py
[2026-03-12T00:46:26.031+0000] {processor.py:914} INFO - Processing file /home/ec2-user/environment/lab4_model_training/venv/lib64/python3.12/site-packages/airflow/example_dags/example_sensors.py for tasks to queue
[2026-03-12T00:46:26.032+0000] {logging_mixin.py:190} INFO - [2026-03-12T00:46:26.032+0000] {dagbag.py:588} INFO - Filling up the DagBag from /home/ec2-user/environment/lab4_model_training/venv/lib64/python3.12/site-packages/airflow/example_dags/example_sensors.py
[2026-03-12T00:46:26.042+0000] {processor.py:925} INFO - DAG(s) 'example_sensors' retrieved from /home/ec2-user/environment/lab4_model_training/venv/lib64/python3.12/site-packages/airflow/example_dags/example_sensors.py
[2026-03-12T00:46:26.060+0000] {logging_mixin.py:190} INFO - [2026-03-12T00:46:26.060+0000] {dag.py:3239} INFO - Sync 1 DAGs
[2026-03-12T00:46:26.070+0000] {logging_mixin.py:190} INFO - [2026-03-12T00:46:26.069+0000] {dag.py:4180} INFO - Setting next_dagrun for example_sensors to None, run_after=None
[2026-03-12T00:46:26.088+0000] {processor.py:208} INFO - Processing /home/ec2-user/environment/lab4_model_training/venv/lib64/python3.12/site-packages/airflow/example_dags/example_sensors.py took 0.062 seconds
[2026-03-12T00:47:22.753+0000] {processor.py:186} INFO - Started process (PID=5413) to work on /home/ec2-user/environment/lab4_model_training/venv/lib64/python3.12/site-packages/airflow/example_dags/example_sensors.py
[2026-03-12T00:47:22.754+0000] {processor.py:914} INFO - Processing file /home/ec2-user/environment/lab4_model_training/venv/lib64/python3.12/site-packages/airflow/example_dags/example_sensors.py for tasks to queue
[2026-03-12T00:47:22.756+0000] {logging_mixin.py:190} INFO - [2026-03-12T00:47:22.755+0000] {dagbag.py:588} INFO - Filling up the DagBag from /home/ec2-user/environment/lab4_model_training/venv/lib64/python3.12/site-packages/airflow/example_dags/example_sensors.py
[2026-03-12T00:47:22.765+0000] {processor.py:925} INFO - DAG(s) 'example_sensors' retrieved from /home/ec2-user/environment/lab4_model_training/venv/lib64/python3.12/site-packages/airflow/example_dags/example_sensors.py
[2026-03-12T00:47:22.783+0000] {logging_mixin.py:190} INFO - [2026-03-12T00:47:22.783+0000] {dag.py:3239} INFO - Sync 1 DAGs
[2026-03-12T00:47:22.793+0000] {logging_mixin.py:190} INFO - [2026-03-12T00:47:22.793+0000] {dag.py:4180} INFO - Setting next_dagrun for example_sensors to None, run_after=None
[2026-03-12T00:47:22.811+0000] {processor.py:208} INFO - Processing /home/ec2-user/environment/lab4_model_training/venv/lib64/python3.12/site-packages/airflow/example_dags/example_sensors.py took 0.062 seconds
[2026-03-12T00:48:24.735+0000] {processor.py:186} INFO - Started process (PID=5560) to work on /home/ec2-user/environment/lab4_model_training/venv/lib64/python3.12/site-packages/airflow/example_dags/example_sensors.py
[2026-03-12T00:48:24.736+0000] {processor.py:914} INFO - Processing file /home/ec2-user/environment/lab4_model_training/venv/lib64/python3.12/site-packages/airflow/example_dags/example_sensors.py for tasks to queue
[2026-03-12T00:48:24.738+0000] {logging_mixin.py:190} INFO - [2026-03-12T00:48:24.737+0000] {dagbag.py:588} INFO - Filling up the DagBag from /home/ec2-user/environment/lab4_model_training/venv/lib64/python3.12/site-packages/airflow/example_dags/example_sensors.py
[2026-03-12T00:48:24.747+0000] {processor.py:925} INFO - DAG(s) 'example_sensors' retrieved from /home/ec2-user/environment/lab4_model_training/venv/lib64/python3.12/site-packages/airflow/example_dags/example_sensors.py
[2026-03-12T00:48:24.764+0000] {logging_mixin.py:190} INFO - [2026-03-12T00:48:24.764+0000] {dag.py:3239} INFO - Sync 1 DAGs
[2026-03-12T00:48:24.774+0000] {logging_mixin.py:190} INFO - [2026-03-12T00:48:24.774+0000] {dag.py:4180} INFO - Setting next_dagrun for example_sensors to None, run_after=None
[2026-03-12T00:48:24.792+0000] {processor.py:208} INFO - Processing /home/ec2-user/environment/lab4_model_training/venv/lib64/python3.12/site-packages/airflow/example_dags/example_sensors.py took 0.061 seconds
[2026-03-12T00:49:35.336+0000] {processor.py:186} INFO - Started process (PID=5717) to work on /home/ec2-user/environment/lab4_model_training/venv/lib64/python3.12/site-packages/airflow/example_dags/example_sensors.py
[2026-03-12T00:49:35.338+0000] {processor.py:914} INFO - Processing file /home/ec2-user/environment/lab4_model_training/venv/lib64/python3.12/site-packages/airflow/example_dags/example_sensors.py for tasks to queue
[2026-03-12T00:49:35.339+0000] {logging_mixin.py:190} INFO - [2026-03-12T00:49:35.339+0000] {dagbag.py:588} INFO - Filling up the DagBag from /home/ec2-user/environment/lab4_model_training/venv/lib64/python3.12/site-packages/airflow/example_dags/example_sensors.py
[2026-03-12T00:49:35.348+0000] {processor.py:925} INFO - DAG(s) 'example_sensors' retrieved from /home/ec2-user/environment/lab4_model_training/venv/lib64/python3.12/site-packages/airflow/example_dags/example_sensors.py
[2026-03-12T00:49:35.366+0000] {logging_mixin.py:190} INFO - [2026-03-12T00:49:35.366+0000] {dag.py:3239} INFO - Sync 1 DAGs
[2026-03-12T00:49:35.376+0000] {logging_mixin.py:190} INFO - [2026-03-12T00:49:35.376+0000] {dag.py:4180} INFO - Setting next_dagrun for example_sensors to None, run_after=None
[2026-03-12T00:49:35.395+0000] {processor.py:208} INFO - Processing /home/ec2-user/environment/lab4_model_training/venv/lib64/python3.12/site-packages/airflow/example_dags/example_sensors.py took 0.063 seconds
[2026-03-12T00:50:33.213+0000] {processor.py:186} INFO - Started process (PID=5815) to work on /home/ec2-user/environment/lab4_model_training/venv/lib64/python3.12/site-packages/airflow/example_dags/example_sensors.py
[2026-03-12T00:50:33.214+0000] {processor.py:914} INFO - Processing file /home/ec2-user/environment/lab4_model_training/venv/lib64/python3.12/site-packages/airflow/example_dags/example_sensors.py for tasks to queue
[2026-03-12T00:50:33.216+0000] {logging_mixin.py:190} INFO - [2026-03-12T00:50:33.215+0000] {dagbag.py:588} INFO - Filling up the DagBag from /home/ec2-user/environment/lab4_model_training/venv/lib64/python3.12/site-packages/airflow/example_dags/example_sensors.py
[2026-03-12T00:50:33.225+0000] {processor.py:925} INFO - DAG(s) 'example_sensors' retrieved from /home/ec2-user/environment/lab4_model_training/venv/lib64/python3.12/site-packages/airflow/example_dags/example_sensors.py
[2026-03-12T00:50:33.243+0000] {logging_mixin.py:190} INFO - [2026-03-12T00:50:33.242+0000] {dag.py:3239} INFO - Sync 1 DAGs
[2026-03-12T00:50:33.252+0000] {logging_mixin.py:190} INFO - [2026-03-12T00:50:33.252+0000] {dag.py:4180} INFO - Setting next_dagrun for example_sensors to None, run_after=None
[2026-03-12T00:50:33.270+0000] {processor.py:208} INFO - Processing /home/ec2-user/environment/lab4_model_training/venv/lib64/python3.12/site-packages/airflow/example_dags/example_sensors.py took 0.062 seconds
[2026-03-12T00:51:31.911+0000] {processor.py:186} INFO - Started process (PID=6078) to work on /home/ec2-user/environment/lab4_model_training/venv/lib64/python3.12/site-packages/airflow/example_dags/example_sensors.py
[2026-03-12T00:51:31.912+0000] {processor.py:914} INFO - Processing file /home/ec2-user/environment/lab4_model_training/venv/lib64/python3.12/site-packages/airflow/example_dags/example_sensors.py for tasks to queue
[2026-03-12T00:51:31.914+0000] {logging_mixin.py:190} INFO - [2026-03-12T00:51:31.914+0000] {dagbag.py:588} INFO - Filling up the DagBag from /home/ec2-user/environment/lab4_model_training/venv/lib64/python3.12/site-packages/airflow/example_dags/example_sensors.py
[2026-03-12T00:51:31.923+0000] {processor.py:925} INFO - DAG(s) 'example_sensors' retrieved from /home/ec2-user/environment/lab4_model_training/venv/lib64/python3.12/site-packages/airflow/example_dags/example_sensors.py
[2026-03-12T00:51:31.941+0000] {logging_mixin.py:190} INFO - [2026-03-12T00:51:31.941+0000] {dag.py:3239} INFO - Sync 1 DAGs
[2026-03-12T00:51:31.951+0000] {logging_mixin.py:190} INFO - [2026-03-12T00:51:31.951+0000] {dag.py:4180} INFO - Setting next_dagrun for example_sensors to None, run_after=None
[2026-03-12T00:51:31.969+0000] {processor.py:208} INFO - Processing /home/ec2-user/environment/lab4_model_training/venv/lib64/python3.12/site-packages/airflow/example_dags/example_sensors.py took 0.062 seconds
[2026-03-12T00:52:30.929+0000] {processor.py:186} INFO - Started process (PID=6319) to work on /home/ec2-user/environment/lab4_model_training/venv/lib64/python3.12/site-packages/airflow/example_dags/example_sensors.py
[2026-03-12T00:52:30.930+0000] {processor.py:914} INFO - Processing file /home/ec2-user/environment/lab4_model_training/venv/lib64/python3.12/site-packages/airflow/example_dags/example_sensors.py for tasks to queue
[2026-03-12T00:52:30.932+0000] {logging_mixin.py:190} INFO - [2026-03-12T00:52:30.931+0000] {dagbag.py:588} INFO - Filling up the DagBag from /home/ec2-user/environment/lab4_model_training/venv/lib64/python3.12/site-packages/airflow/example_dags/example_sensors.py
[2026-03-12T00:52:30.941+0000] {processor.py:925} INFO - DAG(s) 'example_sensors' retrieved from /home/ec2-user/environment/lab4_model_training/venv/lib64/python3.12/site-packages/airflow/example_dags/example_sensors.py
[2026-03-12T00:52:30.958+0000] {logging_mixin.py:190} INFO - [2026-03-12T00:52:30.958+0000] {dag.py:3239} INFO - Sync 1 DAGs
[2026-03-12T00:52:30.968+0000] {logging_mixin.py:190} INFO - [2026-03-12T00:52:30.968+0000] {dag.py:4180} INFO - Setting next_dagrun for example_sensors to None, run_after=None
[2026-03-12T00:52:30.986+0000] {processor.py:208} INFO - Processing /home/ec2-user/environment/lab4_model_training/venv/lib64/python3.12/site-packages/airflow/example_dags/example_sensors.py took 0.061 seconds
[2026-03-12T00:53:31.993+0000] {processor.py:186} INFO - Started process (PID=6534) to work on /home/ec2-user/environment/lab4_model_training/venv/lib64/python3.12/site-packages/airflow/example_dags/example_sensors.py
[2026-03-12T00:53:31.994+0000] {processor.py:914} INFO - Processing file /home/ec2-user/environment/lab4_model_training/venv/lib64/python3.12/site-packages/airflow/example_dags/example_sensors.py for tasks to queue
[2026-03-12T00:53:31.995+0000] {logging_mixin.py:190} INFO - [2026-03-12T00:53:31.995+0000] {dagbag.py:588} INFO - Filling up the DagBag from /home/ec2-user/environment/lab4_model_training/venv/lib64/python3.12/site-packages/airflow/example_dags/example_sensors.py
[2026-03-12T00:53:32.005+0000] {processor.py:925} INFO - DAG(s) 'example_sensors' retrieved from /home/ec2-user/environment/lab4_model_training/venv/lib64/python3.12/site-packages/airflow/example_dags/example_sensors.py
[2026-03-12T00:53:32.025+0000] {logging_mixin.py:190} INFO - [2026-03-12T00:53:32.025+0000] {dag.py:3239} INFO - Sync 1 DAGs
[2026-03-12T00:53:32.035+0000] {logging_mixin.py:190} INFO - [2026-03-12T00:53:32.035+0000] {dag.py:4180} INFO - Setting next_dagrun for example_sensors to None, run_after=None
[2026-03-12T00:53:32.054+0000] {processor.py:208} INFO - Processing /home/ec2-user/environment/lab4_model_training/venv/lib64/python3.12/site-packages/airflow/example_dags/example_sensors.py took 0.065 seconds
[2026-03-12T00:54:36.499+0000] {processor.py:186} INFO - Started process (PID=6745) to work on /home/ec2-user/environment/lab4_model_training/venv/lib64/python3.12/site-packages/airflow/example_dags/example_sensors.py
[2026-03-12T00:54:36.500+0000] {processor.py:914} INFO - Processing file /home/ec2-user/environment/lab4_model_training/venv/lib64/python3.12/site-packages/airflow/example_dags/example_sensors.py for tasks to queue
[2026-03-12T00:54:36.502+0000] {logging_mixin.py:190} INFO - [2026-03-12T00:54:36.502+0000] {dagbag.py:588} INFO - Filling up the DagBag from /home/ec2-user/environment/lab4_model_training/venv/lib64/python3.12/site-packages/airflow/example_dags/example_sensors.py
[2026-03-12T00:54:36.515+0000] {processor.py:925} INFO - DAG(s) 'example_sensors' retrieved from /home/ec2-user/environment/lab4_model_training/venv/lib64/python3.12/site-packages/airflow/example_dags/example_sensors.py
[2026-03-12T00:54:36.539+0000] {logging_mixin.py:190} INFO - [2026-03-12T00:54:36.538+0000] {dag.py:3239} INFO - Sync 1 DAGs
[2026-03-12T00:54:36.550+0000] {logging_mixin.py:190} INFO - [2026-03-12T00:54:36.550+0000] {dag.py:4180} INFO - Setting next_dagrun for example_sensors to None, run_after=None
[2026-03-12T00:54:36.571+0000] {processor.py:208} INFO - Processing /home/ec2-user/environment/lab4_model_training/venv/lib64/python3.12/site-packages/airflow/example_dags/example_sensors.py took 0.076 seconds
[2026-03-12T00:55:33.964+0000] {processor.py:186} INFO - Started process (PID=6869) to work on /home/ec2-user/environment/lab4_model_training/venv/lib64/python3.12/site-packages/airflow/example_dags/example_sensors.py
[2026-03-12T00:55:33.966+0000] {processor.py:914} INFO - Processing file /home/ec2-user/environment/lab4_model_training/venv/lib64/python3.12/site-packages/airflow/example_dags/example_sensors.py for tasks to queue
[2026-03-12T00:55:33.967+0000] {logging_mixin.py:190} INFO - [2026-03-12T00:55:33.967+0000] {dagbag.py:588} INFO - Filling up the DagBag from /home/ec2-user/environment/lab4_model_training/venv/lib64/python3.12/site-packages/airflow/example_dags/example_sensors.py
[2026-03-12T00:55:33.976+0000] {processor.py:925} INFO - DAG(s) 'example_sensors' retrieved from /home/ec2-user/environment/lab4_model_training/venv/lib64/python3.12/site-packages/airflow/example_dags/example_sensors.py
[2026-03-12T00:55:33.994+0000] {logging_mixin.py:190} INFO - [2026-03-12T00:55:33.994+0000] {dag.py:3239} INFO - Sync 1 DAGs
[2026-03-12T00:55:34.004+0000] {logging_mixin.py:190} INFO - [2026-03-12T00:55:34.004+0000] {dag.py:4180} INFO - Setting next_dagrun for example_sensors to None, run_after=None
[2026-03-12T00:55:34.028+0000] {processor.py:208} INFO - Processing /home/ec2-user/environment/lab4_model_training/venv/lib64/python3.12/site-packages/airflow/example_dags/example_sensors.py took 0.068 seconds
[2026-03-12T00:56:33.663+0000] {processor.py:186} INFO - Started process (PID=7045) to work on /home/ec2-user/environment/lab4_model_training/venv/lib64/python3.12/site-packages/airflow/example_dags/example_sensors.py
[2026-03-12T00:56:33.664+0000] {processor.py:914} INFO - Processing file /home/ec2-user/environment/lab4_model_training/venv/lib64/python3.12/site-packages/airflow/example_dags/example_sensors.py for tasks to queue
[2026-03-12T00:56:33.666+0000] {logging_mixin.py:190} INFO - [2026-03-12T00:56:33.665+0000] {dagbag.py:588} INFO - Filling up the DagBag from /home/ec2-user/environment/lab4_model_training/venv/lib64/python3.12/site-packages/airflow/example_dags/example_sensors.py
[2026-03-12T00:56:33.675+0000] {processor.py:925} INFO - DAG(s) 'example_sensors' retrieved from /home/ec2-user/environment/lab4_model_training/venv/lib64/python3.12/site-packages/airflow/example_dags/example_sensors.py
[2026-03-12T00:56:33.694+0000] {logging_mixin.py:190} INFO - [2026-03-12T00:56:33.694+0000] {dag.py:3239} INFO - Sync 1 DAGs
[2026-03-12T00:56:33.704+0000] {logging_mixin.py:190} INFO - [2026-03-12T00:56:33.704+0000] {dag.py:4180} INFO - Setting next_dagrun for example_sensors to None, run_after=None
[2026-03-12T00:56:33.729+0000] {processor.py:208} INFO - Processing /home/ec2-user/environment/lab4_model_training/venv/lib64/python3.12/site-packages/airflow/example_dags/example_sensors.py took 0.071 seconds
[2026-03-12T00:57:31.825+0000] {processor.py:186} INFO - Started process (PID=7161) to work on /home/ec2-user/environment/lab4_model_training/venv/lib64/python3.12/site-packages/airflow/example_dags/example_sensors.py
[2026-03-12T00:57:31.826+0000] {processor.py:914} INFO - Processing file /home/ec2-user/environment/lab4_model_training/venv/lib64/python3.12/site-packages/airflow/example_dags/example_sensors.py for tasks to queue
[2026-03-12T00:57:31.828+0000] {logging_mixin.py:190} INFO - [2026-03-12T00:57:31.827+0000] {dagbag.py:588} INFO - Filling up the DagBag from /home/ec2-user/environment/lab4_model_training/venv/lib64/python3.12/site-packages/airflow/example_dags/example_sensors.py
[2026-03-12T00:57:31.841+0000] {processor.py:925} INFO - DAG(s) 'example_sensors' retrieved from /home/ec2-user/environment/lab4_model_training/venv/lib64/python3.12/site-packages/airflow/example_dags/example_sensors.py
[2026-03-12T00:57:31.865+0000] {logging_mixin.py:190} INFO - [2026-03-12T00:57:31.864+0000] {dag.py:3239} INFO - Sync 1 DAGs
[2026-03-12T00:57:31.877+0000] {logging_mixin.py:190} INFO - [2026-03-12T00:57:31.877+0000] {dag.py:4180} INFO - Setting next_dagrun for example_sensors to None, run_after=None
[2026-03-12T00:57:31.897+0000] {processor.py:208} INFO - Processing /home/ec2-user/environment/lab4_model_training/venv/lib64/python3.12/site-packages/airflow/example_dags/example_sensors.py took 0.077 seconds
[2026-03-12T00:58:30.348+0000] {processor.py:186} INFO - Started process (PID=7354) to work on /home/ec2-user/environment/lab4_model_training/venv/lib64/python3.12/site-packages/airflow/example_dags/example_sensors.py
[2026-03-12T00:58:30.349+0000] {processor.py:914} INFO - Processing file /home/ec2-user/environment/lab4_model_training/venv/lib64/python3.12/site-packages/airflow/example_dags/example_sensors.py for tasks to queue
[2026-03-12T00:58:30.351+0000] {logging_mixin.py:190} INFO - [2026-03-12T00:58:30.351+0000] {dagbag.py:588} INFO - Filling up the DagBag from /home/ec2-user/environment/lab4_model_training/venv/lib64/python3.12/site-packages/airflow/example_dags/example_sensors.py
[2026-03-12T00:58:30.361+0000] {processor.py:925} INFO - DAG(s) 'example_sensors' retrieved from /home/ec2-user/environment/lab4_model_training/venv/lib64/python3.12/site-packages/airflow/example_dags/example_sensors.py
[2026-03-12T00:58:30.378+0000] {logging_mixin.py:190} INFO - [2026-03-12T00:58:30.378+0000] {dag.py:3239} INFO - Sync 1 DAGs
[2026-03-12T00:58:30.387+0000] {logging_mixin.py:190} INFO - [2026-03-12T00:58:30.387+0000] {dag.py:4180} INFO - Setting next_dagrun for example_sensors to None, run_after=None
[2026-03-12T00:58:30.404+0000] {processor.py:208} INFO - Processing /home/ec2-user/environment/lab4_model_training/venv/lib64/python3.12/site-packages/airflow/example_dags/example_sensors.py took 0.060 seconds
