[2026-03-12T00:40:10.781+0000] {processor.py:186} INFO - Started process (PID=4538) to work on /home/ec2-user/environment/lab4_model_training/venv/lib64/python3.12/site-packages/airflow/example_dags/example_outlet_event_extra.py
[2026-03-12T00:40:10.781+0000] {processor.py:914} INFO - Processing file /home/ec2-user/environment/lab4_model_training/venv/lib64/python3.12/site-packages/airflow/example_dags/example_outlet_event_extra.py for tasks to queue
[2026-03-12T00:40:10.785+0000] {logging_mixin.py:190} INFO - [2026-03-12T00:40:10.785+0000] {dagbag.py:588} INFO - Filling up the DagBag from /home/ec2-user/environment/lab4_model_training/venv/lib64/python3.12/site-packages/airflow/example_dags/example_outlet_event_extra.py
[2026-03-12T00:40:10.797+0000] {processor.py:925} INFO - DAG(s) 'dataset_with_extra_by_context', 'dataset_with_extra_by_yield', 'dataset_with_extra_from_classic_operator' retrieved from /home/ec2-user/environment/lab4_model_training/venv/lib64/python3.12/site-packages/airflow/example_dags/example_outlet_event_extra.py
[2026-03-12T00:40:10.885+0000] {logging_mixin.py:190} INFO - [2026-03-12T00:40:10.884+0000] {override.py:1930} INFO - Created Permission View: can read on DAG:dataset_with_extra_by_context
[2026-03-12T00:40:10.897+0000] {logging_mixin.py:190} INFO - [2026-03-12T00:40:10.897+0000] {override.py:1930} INFO - Created Permission View: can edit on DAG:dataset_with_extra_by_context
[2026-03-12T00:40:10.907+0000] {logging_mixin.py:190} INFO - [2026-03-12T00:40:10.907+0000] {override.py:1930} INFO - Created Permission View: can delete on DAG:dataset_with_extra_by_context
[2026-03-12T00:40:10.922+0000] {logging_mixin.py:190} INFO - [2026-03-12T00:40:10.922+0000] {override.py:1930} INFO - Created Permission View: menu access on DAG Run:dataset_with_extra_by_context
[2026-03-12T00:40:10.931+0000] {logging_mixin.py:190} INFO - [2026-03-12T00:40:10.931+0000] {override.py:1930} INFO - Created Permission View: can read on DAG Run:dataset_with_extra_by_context
[2026-03-12T00:40:10.941+0000] {logging_mixin.py:190} INFO - [2026-03-12T00:40:10.940+0000] {override.py:1930} INFO - Created Permission View: can create on DAG Run:dataset_with_extra_by_context
[2026-03-12T00:40:10.949+0000] {logging_mixin.py:190} INFO - [2026-03-12T00:40:10.949+0000] {override.py:1930} INFO - Created Permission View: can delete on DAG Run:dataset_with_extra_by_context
[2026-03-12T00:40:10.968+0000] {logging_mixin.py:190} INFO - [2026-03-12T00:40:10.968+0000] {override.py:1930} INFO - Created Permission View: can read on DAG:dataset_with_extra_by_yield
[2026-03-12T00:40:10.979+0000] {logging_mixin.py:190} INFO - [2026-03-12T00:40:10.979+0000] {override.py:1930} INFO - Created Permission View: can edit on DAG:dataset_with_extra_by_yield
[2026-03-12T00:40:10.988+0000] {logging_mixin.py:190} INFO - [2026-03-12T00:40:10.988+0000] {override.py:1930} INFO - Created Permission View: can delete on DAG:dataset_with_extra_by_yield
[2026-03-12T00:40:11.002+0000] {logging_mixin.py:190} INFO - [2026-03-12T00:40:11.002+0000] {override.py:1930} INFO - Created Permission View: menu access on DAG Run:dataset_with_extra_by_yield
[2026-03-12T00:40:11.011+0000] {logging_mixin.py:190} INFO - [2026-03-12T00:40:11.011+0000] {override.py:1930} INFO - Created Permission View: can read on DAG Run:dataset_with_extra_by_yield
[2026-03-12T00:40:11.021+0000] {logging_mixin.py:190} INFO - [2026-03-12T00:40:11.020+0000] {override.py:1930} INFO - Created Permission View: can create on DAG Run:dataset_with_extra_by_yield
[2026-03-12T00:40:11.030+0000] {logging_mixin.py:190} INFO - [2026-03-12T00:40:11.029+0000] {override.py:1930} INFO - Created Permission View: can delete on DAG Run:dataset_with_extra_by_yield
[2026-03-12T00:40:11.049+0000] {logging_mixin.py:190} INFO - [2026-03-12T00:40:11.049+0000] {override.py:1930} INFO - Created Permission View: can read on DAG:dataset_with_extra_from_classic_operator
[2026-03-12T00:40:11.057+0000] {logging_mixin.py:190} INFO - [2026-03-12T00:40:11.056+0000] {override.py:1930} INFO - Created Permission View: can edit on DAG:dataset_with_extra_from_classic_operator
[2026-03-12T00:40:11.064+0000] {logging_mixin.py:190} INFO - [2026-03-12T00:40:11.064+0000] {override.py:1930} INFO - Created Permission View: can delete on DAG:dataset_with_extra_from_classic_operator
[2026-03-12T00:40:11.077+0000] {logging_mixin.py:190} INFO - [2026-03-12T00:40:11.077+0000] {override.py:1930} INFO - Created Permission View: menu access on DAG Run:dataset_with_extra_from_classic_operator
[2026-03-12T00:40:11.085+0000] {logging_mixin.py:190} INFO - [2026-03-12T00:40:11.085+0000] {override.py:1930} INFO - Created Permission View: can read on DAG Run:dataset_with_extra_from_classic_operator
[2026-03-12T00:40:11.092+0000] {logging_mixin.py:190} INFO - [2026-03-12T00:40:11.092+0000] {override.py:1930} INFO - Created Permission View: can create on DAG Run:dataset_with_extra_from_classic_operator
[2026-03-12T00:40:11.100+0000] {logging_mixin.py:190} INFO - [2026-03-12T00:40:11.100+0000] {override.py:1930} INFO - Created Permission View: can delete on DAG Run:dataset_with_extra_from_classic_operator
[2026-03-12T00:40:11.100+0000] {logging_mixin.py:190} INFO - [2026-03-12T00:40:11.100+0000] {dag.py:3239} INFO - Sync 3 DAGs
[2026-03-12T00:40:11.109+0000] {logging_mixin.py:190} INFO - [2026-03-12T00:40:11.109+0000] {dag.py:3262} INFO - Creating ORM DAG for dataset_with_extra_by_yield
[2026-03-12T00:40:11.110+0000] {logging_mixin.py:190} INFO - [2026-03-12T00:40:11.110+0000] {dag.py:3262} INFO - Creating ORM DAG for dataset_with_extra_from_classic_operator
[2026-03-12T00:40:11.110+0000] {logging_mixin.py:190} INFO - [2026-03-12T00:40:11.110+0000] {dag.py:3262} INFO - Creating ORM DAG for dataset_with_extra_by_context
[2026-03-12T00:40:11.117+0000] {logging_mixin.py:190} INFO - [2026-03-12T00:40:11.117+0000] {dag.py:4180} INFO - Setting next_dagrun for dataset_with_extra_by_context to 2026-03-11 00:00:00+00:00, run_after=2026-03-12 00:00:00+00:00
[2026-03-12T00:40:11.119+0000] {logging_mixin.py:190} INFO - [2026-03-12T00:40:11.119+0000] {dag.py:4180} INFO - Setting next_dagrun for dataset_with_extra_by_yield to 2026-03-11 00:00:00+00:00, run_after=2026-03-12 00:00:00+00:00
[2026-03-12T00:40:11.120+0000] {logging_mixin.py:190} INFO - [2026-03-12T00:40:11.120+0000] {dag.py:4180} INFO - Setting next_dagrun for dataset_with_extra_from_classic_operator to 2026-03-11 00:00:00+00:00, run_after=2026-03-12 00:00:00+00:00
[2026-03-12T00:40:11.141+0000] {processor.py:208} INFO - Processing /home/ec2-user/environment/lab4_model_training/venv/lib64/python3.12/site-packages/airflow/example_dags/example_outlet_event_extra.py took 0.365 seconds
[2026-03-12T00:41:17.715+0000] {processor.py:186} INFO - Started process (PID=4703) to work on /home/ec2-user/environment/lab4_model_training/venv/lib64/python3.12/site-packages/airflow/example_dags/example_outlet_event_extra.py
[2026-03-12T00:41:17.716+0000] {processor.py:914} INFO - Processing file /home/ec2-user/environment/lab4_model_training/venv/lib64/python3.12/site-packages/airflow/example_dags/example_outlet_event_extra.py for tasks to queue
[2026-03-12T00:41:17.718+0000] {logging_mixin.py:190} INFO - [2026-03-12T00:41:17.717+0000] {dagbag.py:588} INFO - Filling up the DagBag from /home/ec2-user/environment/lab4_model_training/venv/lib64/python3.12/site-packages/airflow/example_dags/example_outlet_event_extra.py
[2026-03-12T00:41:17.731+0000] {processor.py:925} INFO - DAG(s) 'dataset_with_extra_from_classic_operator', 'dataset_with_extra_by_yield', 'dataset_with_extra_by_context' retrieved from /home/ec2-user/environment/lab4_model_training/venv/lib64/python3.12/site-packages/airflow/example_dags/example_outlet_event_extra.py
[2026-03-12T00:41:17.748+0000] {logging_mixin.py:190} INFO - [2026-03-12T00:41:17.747+0000] {dag.py:3239} INFO - Sync 3 DAGs
[2026-03-12T00:41:17.764+0000] {logging_mixin.py:190} INFO - [2026-03-12T00:41:17.764+0000] {dag.py:4180} INFO - Setting next_dagrun for dataset_with_extra_by_context to 2026-03-11 00:00:00+00:00, run_after=2026-03-12 00:00:00+00:00
[2026-03-12T00:41:17.768+0000] {logging_mixin.py:190} INFO - [2026-03-12T00:41:17.768+0000] {dag.py:4180} INFO - Setting next_dagrun for dataset_with_extra_by_yield to 2026-03-11 00:00:00+00:00, run_after=2026-03-12 00:00:00+00:00
[2026-03-12T00:41:17.770+0000] {logging_mixin.py:190} INFO - [2026-03-12T00:41:17.770+0000] {dag.py:4180} INFO - Setting next_dagrun for dataset_with_extra_from_classic_operator to 2026-03-11 00:00:00+00:00, run_after=2026-03-12 00:00:00+00:00
[2026-03-12T00:41:17.789+0000] {processor.py:208} INFO - Processing /home/ec2-user/environment/lab4_model_training/venv/lib64/python3.12/site-packages/airflow/example_dags/example_outlet_event_extra.py took 0.078 seconds
[2026-03-12T00:42:18.149+0000] {processor.py:186} INFO - Started process (PID=4813) to work on /home/ec2-user/environment/lab4_model_training/venv/lib64/python3.12/site-packages/airflow/example_dags/example_outlet_event_extra.py
[2026-03-12T00:42:18.150+0000] {processor.py:914} INFO - Processing file /home/ec2-user/environment/lab4_model_training/venv/lib64/python3.12/site-packages/airflow/example_dags/example_outlet_event_extra.py for tasks to queue
[2026-03-12T00:42:18.152+0000] {logging_mixin.py:190} INFO - [2026-03-12T00:42:18.152+0000] {dagbag.py:588} INFO - Filling up the DagBag from /home/ec2-user/environment/lab4_model_training/venv/lib64/python3.12/site-packages/airflow/example_dags/example_outlet_event_extra.py
[2026-03-12T00:42:18.164+0000] {processor.py:925} INFO - DAG(s) 'dataset_with_extra_by_context', 'dataset_with_extra_from_classic_operator', 'dataset_with_extra_by_yield' retrieved from /home/ec2-user/environment/lab4_model_training/venv/lib64/python3.12/site-packages/airflow/example_dags/example_outlet_event_extra.py
[2026-03-12T00:42:18.181+0000] {logging_mixin.py:190} INFO - [2026-03-12T00:42:18.181+0000] {dag.py:3239} INFO - Sync 3 DAGs
[2026-03-12T00:42:18.199+0000] {logging_mixin.py:190} INFO - [2026-03-12T00:42:18.199+0000] {dag.py:4180} INFO - Setting next_dagrun for dataset_with_extra_by_context to 2026-03-11 00:00:00+00:00, run_after=2026-03-12 00:00:00+00:00
[2026-03-12T00:42:18.202+0000] {logging_mixin.py:190} INFO - [2026-03-12T00:42:18.202+0000] {dag.py:4180} INFO - Setting next_dagrun for dataset_with_extra_by_yield to 2026-03-11 00:00:00+00:00, run_after=2026-03-12 00:00:00+00:00
[2026-03-12T00:42:18.204+0000] {logging_mixin.py:190} INFO - [2026-03-12T00:42:18.204+0000] {dag.py:4180} INFO - Setting next_dagrun for dataset_with_extra_from_classic_operator to 2026-03-11 00:00:00+00:00, run_after=2026-03-12 00:00:00+00:00
[2026-03-12T00:42:18.223+0000] {processor.py:208} INFO - Processing /home/ec2-user/environment/lab4_model_training/venv/lib64/python3.12/site-packages/airflow/example_dags/example_outlet_event_extra.py took 0.079 seconds
[2026-03-12T00:43:17.246+0000] {processor.py:186} INFO - Started process (PID=4946) to work on /home/ec2-user/environment/lab4_model_training/venv/lib64/python3.12/site-packages/airflow/example_dags/example_outlet_event_extra.py
[2026-03-12T00:43:17.247+0000] {processor.py:914} INFO - Processing file /home/ec2-user/environment/lab4_model_training/venv/lib64/python3.12/site-packages/airflow/example_dags/example_outlet_event_extra.py for tasks to queue
[2026-03-12T00:43:17.249+0000] {logging_mixin.py:190} INFO - [2026-03-12T00:43:17.249+0000] {dagbag.py:588} INFO - Filling up the DagBag from /home/ec2-user/environment/lab4_model_training/venv/lib64/python3.12/site-packages/airflow/example_dags/example_outlet_event_extra.py
[2026-03-12T00:43:17.262+0000] {processor.py:925} INFO - DAG(s) 'dataset_with_extra_from_classic_operator', 'dataset_with_extra_by_yield', 'dataset_with_extra_by_context' retrieved from /home/ec2-user/environment/lab4_model_training/venv/lib64/python3.12/site-packages/airflow/example_dags/example_outlet_event_extra.py
[2026-03-12T00:43:17.278+0000] {logging_mixin.py:190} INFO - [2026-03-12T00:43:17.278+0000] {dag.py:3239} INFO - Sync 3 DAGs
[2026-03-12T00:43:17.294+0000] {logging_mixin.py:190} INFO - [2026-03-12T00:43:17.294+0000] {dag.py:4180} INFO - Setting next_dagrun for dataset_with_extra_by_context to 2026-03-11 00:00:00+00:00, run_after=2026-03-12 00:00:00+00:00
[2026-03-12T00:43:17.298+0000] {logging_mixin.py:190} INFO - [2026-03-12T00:43:17.298+0000] {dag.py:4180} INFO - Setting next_dagrun for dataset_with_extra_by_yield to 2026-03-11 00:00:00+00:00, run_after=2026-03-12 00:00:00+00:00
[2026-03-12T00:43:17.300+0000] {logging_mixin.py:190} INFO - [2026-03-12T00:43:17.299+0000] {dag.py:4180} INFO - Setting next_dagrun for dataset_with_extra_from_classic_operator to 2026-03-11 00:00:00+00:00, run_after=2026-03-12 00:00:00+00:00
[2026-03-12T00:43:17.321+0000] {processor.py:208} INFO - Processing /home/ec2-user/environment/lab4_model_training/venv/lib64/python3.12/site-packages/airflow/example_dags/example_outlet_event_extra.py took 0.080 seconds
[2026-03-12T00:44:14.397+0000] {processor.py:186} INFO - Started process (PID=5097) to work on /home/ec2-user/environment/lab4_model_training/venv/lib64/python3.12/site-packages/airflow/example_dags/example_outlet_event_extra.py
[2026-03-12T00:44:14.398+0000] {processor.py:914} INFO - Processing file /home/ec2-user/environment/lab4_model_training/venv/lib64/python3.12/site-packages/airflow/example_dags/example_outlet_event_extra.py for tasks to queue
[2026-03-12T00:44:14.401+0000] {logging_mixin.py:190} INFO - [2026-03-12T00:44:14.400+0000] {dagbag.py:588} INFO - Filling up the DagBag from /home/ec2-user/environment/lab4_model_training/venv/lib64/python3.12/site-packages/airflow/example_dags/example_outlet_event_extra.py
[2026-03-12T00:44:14.418+0000] {processor.py:925} INFO - DAG(s) 'dataset_with_extra_from_classic_operator', 'dataset_with_extra_by_context', 'dataset_with_extra_by_yield' retrieved from /home/ec2-user/environment/lab4_model_training/venv/lib64/python3.12/site-packages/airflow/example_dags/example_outlet_event_extra.py
[2026-03-12T00:44:14.438+0000] {logging_mixin.py:190} INFO - [2026-03-12T00:44:14.438+0000] {dag.py:3239} INFO - Sync 3 DAGs
[2026-03-12T00:44:14.458+0000] {logging_mixin.py:190} INFO - [2026-03-12T00:44:14.458+0000] {dag.py:4180} INFO - Setting next_dagrun for dataset_with_extra_by_context to 2026-03-11 00:00:00+00:00, run_after=2026-03-12 00:00:00+00:00
[2026-03-12T00:44:14.464+0000] {logging_mixin.py:190} INFO - [2026-03-12T00:44:14.464+0000] {dag.py:4180} INFO - Setting next_dagrun for dataset_with_extra_by_yield to 2026-03-11 00:00:00+00:00, run_after=2026-03-12 00:00:00+00:00
[2026-03-12T00:44:14.466+0000] {logging_mixin.py:190} INFO - [2026-03-12T00:44:14.466+0000] {dag.py:4180} INFO - Setting next_dagrun for dataset_with_extra_from_classic_operator to 2026-03-11 00:00:00+00:00, run_after=2026-03-12 00:00:00+00:00
[2026-03-12T00:44:14.488+0000] {processor.py:208} INFO - Processing /home/ec2-user/environment/lab4_model_training/venv/lib64/python3.12/site-packages/airflow/example_dags/example_outlet_event_extra.py took 0.095 seconds
[2026-03-12T00:45:20.157+0000] {processor.py:186} INFO - Started process (PID=5193) to work on /home/ec2-user/environment/lab4_model_training/venv/lib64/python3.12/site-packages/airflow/example_dags/example_outlet_event_extra.py
[2026-03-12T00:45:20.158+0000] {processor.py:914} INFO - Processing file /home/ec2-user/environment/lab4_model_training/venv/lib64/python3.12/site-packages/airflow/example_dags/example_outlet_event_extra.py for tasks to queue
[2026-03-12T00:45:20.159+0000] {logging_mixin.py:190} INFO - [2026-03-12T00:45:20.159+0000] {dagbag.py:588} INFO - Filling up the DagBag from /home/ec2-user/environment/lab4_model_training/venv/lib64/python3.12/site-packages/airflow/example_dags/example_outlet_event_extra.py
[2026-03-12T00:45:20.173+0000] {processor.py:925} INFO - DAG(s) 'dataset_with_extra_from_classic_operator', 'dataset_with_extra_by_context', 'dataset_with_extra_by_yield' retrieved from /home/ec2-user/environment/lab4_model_training/venv/lib64/python3.12/site-packages/airflow/example_dags/example_outlet_event_extra.py
[2026-03-12T00:45:20.189+0000] {logging_mixin.py:190} INFO - [2026-03-12T00:45:20.189+0000] {dag.py:3239} INFO - Sync 3 DAGs
[2026-03-12T00:45:20.206+0000] {logging_mixin.py:190} INFO - [2026-03-12T00:45:20.206+0000] {dag.py:4180} INFO - Setting next_dagrun for dataset_with_extra_by_context to 2026-03-11 00:00:00+00:00, run_after=2026-03-12 00:00:00+00:00
[2026-03-12T00:45:20.209+0000] {logging_mixin.py:190} INFO - [2026-03-12T00:45:20.209+0000] {dag.py:4180} INFO - Setting next_dagrun for dataset_with_extra_by_yield to 2026-03-11 00:00:00+00:00, run_after=2026-03-12 00:00:00+00:00
[2026-03-12T00:45:20.211+0000] {logging_mixin.py:190} INFO - [2026-03-12T00:45:20.211+0000] {dag.py:4180} INFO - Setting next_dagrun for dataset_with_extra_from_classic_operator to 2026-03-11 00:00:00+00:00, run_after=2026-03-12 00:00:00+00:00
[2026-03-12T00:45:20.231+0000] {processor.py:208} INFO - Processing /home/ec2-user/environment/lab4_model_training/venv/lib64/python3.12/site-packages/airflow/example_dags/example_outlet_event_extra.py took 0.079 seconds
[2026-03-12T00:46:18.754+0000] {processor.py:186} INFO - Started process (PID=5324) to work on /home/ec2-user/environment/lab4_model_training/venv/lib64/python3.12/site-packages/airflow/example_dags/example_outlet_event_extra.py
[2026-03-12T00:46:18.755+0000] {processor.py:914} INFO - Processing file /home/ec2-user/environment/lab4_model_training/venv/lib64/python3.12/site-packages/airflow/example_dags/example_outlet_event_extra.py for tasks to queue
[2026-03-12T00:46:18.757+0000] {logging_mixin.py:190} INFO - [2026-03-12T00:46:18.756+0000] {dagbag.py:588} INFO - Filling up the DagBag from /home/ec2-user/environment/lab4_model_training/venv/lib64/python3.12/site-packages/airflow/example_dags/example_outlet_event_extra.py
[2026-03-12T00:46:18.770+0000] {processor.py:925} INFO - DAG(s) 'dataset_with_extra_by_context', 'dataset_with_extra_by_yield', 'dataset_with_extra_from_classic_operator' retrieved from /home/ec2-user/environment/lab4_model_training/venv/lib64/python3.12/site-packages/airflow/example_dags/example_outlet_event_extra.py
[2026-03-12T00:46:18.786+0000] {logging_mixin.py:190} INFO - [2026-03-12T00:46:18.786+0000] {dag.py:3239} INFO - Sync 3 DAGs
[2026-03-12T00:46:18.804+0000] {logging_mixin.py:190} INFO - [2026-03-12T00:46:18.804+0000] {dag.py:4180} INFO - Setting next_dagrun for dataset_with_extra_by_context to 2026-03-11 00:00:00+00:00, run_after=2026-03-12 00:00:00+00:00
[2026-03-12T00:46:18.808+0000] {logging_mixin.py:190} INFO - [2026-03-12T00:46:18.807+0000] {dag.py:4180} INFO - Setting next_dagrun for dataset_with_extra_by_yield to 2026-03-11 00:00:00+00:00, run_after=2026-03-12 00:00:00+00:00
[2026-03-12T00:46:18.809+0000] {logging_mixin.py:190} INFO - [2026-03-12T00:46:18.809+0000] {dag.py:4180} INFO - Setting next_dagrun for dataset_with_extra_from_classic_operator to 2026-03-11 00:00:00+00:00, run_after=2026-03-12 00:00:00+00:00
[2026-03-12T00:46:18.828+0000] {processor.py:208} INFO - Processing /home/ec2-user/environment/lab4_model_training/venv/lib64/python3.12/site-packages/airflow/example_dags/example_outlet_event_extra.py took 0.079 seconds
[2026-03-12T00:47:16.624+0000] {processor.py:186} INFO - Started process (PID=5406) to work on /home/ec2-user/environment/lab4_model_training/venv/lib64/python3.12/site-packages/airflow/example_dags/example_outlet_event_extra.py
[2026-03-12T00:47:16.625+0000] {processor.py:914} INFO - Processing file /home/ec2-user/environment/lab4_model_training/venv/lib64/python3.12/site-packages/airflow/example_dags/example_outlet_event_extra.py for tasks to queue
[2026-03-12T00:47:16.627+0000] {logging_mixin.py:190} INFO - [2026-03-12T00:47:16.626+0000] {dagbag.py:588} INFO - Filling up the DagBag from /home/ec2-user/environment/lab4_model_training/venv/lib64/python3.12/site-packages/airflow/example_dags/example_outlet_event_extra.py
[2026-03-12T00:47:16.644+0000] {processor.py:925} INFO - DAG(s) 'dataset_with_extra_by_yield', 'dataset_with_extra_by_context', 'dataset_with_extra_from_classic_operator' retrieved from /home/ec2-user/environment/lab4_model_training/venv/lib64/python3.12/site-packages/airflow/example_dags/example_outlet_event_extra.py
[2026-03-12T00:47:16.666+0000] {logging_mixin.py:190} INFO - [2026-03-12T00:47:16.666+0000] {dag.py:3239} INFO - Sync 3 DAGs
[2026-03-12T00:47:16.685+0000] {logging_mixin.py:190} INFO - [2026-03-12T00:47:16.685+0000] {dag.py:4180} INFO - Setting next_dagrun for dataset_with_extra_by_context to 2026-03-11 00:00:00+00:00, run_after=2026-03-12 00:00:00+00:00
[2026-03-12T00:47:16.690+0000] {logging_mixin.py:190} INFO - [2026-03-12T00:47:16.690+0000] {dag.py:4180} INFO - Setting next_dagrun for dataset_with_extra_by_yield to 2026-03-11 00:00:00+00:00, run_after=2026-03-12 00:00:00+00:00
[2026-03-12T00:47:16.693+0000] {logging_mixin.py:190} INFO - [2026-03-12T00:47:16.692+0000] {dag.py:4180} INFO - Setting next_dagrun for dataset_with_extra_from_classic_operator to 2026-03-11 00:00:00+00:00, run_after=2026-03-12 00:00:00+00:00
[2026-03-12T00:47:16.715+0000] {processor.py:208} INFO - Processing /home/ec2-user/environment/lab4_model_training/venv/lib64/python3.12/site-packages/airflow/example_dags/example_outlet_event_extra.py took 0.097 seconds
[2026-03-12T00:48:14.432+0000] {processor.py:186} INFO - Started process (PID=5540) to work on /home/ec2-user/environment/lab4_model_training/venv/lib64/python3.12/site-packages/airflow/example_dags/example_outlet_event_extra.py
[2026-03-12T00:48:14.433+0000] {processor.py:914} INFO - Processing file /home/ec2-user/environment/lab4_model_training/venv/lib64/python3.12/site-packages/airflow/example_dags/example_outlet_event_extra.py for tasks to queue
[2026-03-12T00:48:14.434+0000] {logging_mixin.py:190} INFO - [2026-03-12T00:48:14.434+0000] {dagbag.py:588} INFO - Filling up the DagBag from /home/ec2-user/environment/lab4_model_training/venv/lib64/python3.12/site-packages/airflow/example_dags/example_outlet_event_extra.py
[2026-03-12T00:48:14.448+0000] {processor.py:925} INFO - DAG(s) 'dataset_with_extra_from_classic_operator', 'dataset_with_extra_by_yield', 'dataset_with_extra_by_context' retrieved from /home/ec2-user/environment/lab4_model_training/venv/lib64/python3.12/site-packages/airflow/example_dags/example_outlet_event_extra.py
[2026-03-12T00:48:14.464+0000] {logging_mixin.py:190} INFO - [2026-03-12T00:48:14.464+0000] {dag.py:3239} INFO - Sync 3 DAGs
[2026-03-12T00:48:14.481+0000] {logging_mixin.py:190} INFO - [2026-03-12T00:48:14.481+0000] {dag.py:4180} INFO - Setting next_dagrun for dataset_with_extra_by_context to 2026-03-11 00:00:00+00:00, run_after=2026-03-12 00:00:00+00:00
[2026-03-12T00:48:14.485+0000] {logging_mixin.py:190} INFO - [2026-03-12T00:48:14.484+0000] {dag.py:4180} INFO - Setting next_dagrun for dataset_with_extra_by_yield to 2026-03-11 00:00:00+00:00, run_after=2026-03-12 00:00:00+00:00
[2026-03-12T00:48:14.486+0000] {logging_mixin.py:190} INFO - [2026-03-12T00:48:14.486+0000] {dag.py:4180} INFO - Setting next_dagrun for dataset_with_extra_from_classic_operator to 2026-03-11 00:00:00+00:00, run_after=2026-03-12 00:00:00+00:00
[2026-03-12T00:48:14.504+0000] {processor.py:208} INFO - Processing /home/ec2-user/environment/lab4_model_training/venv/lib64/python3.12/site-packages/airflow/example_dags/example_outlet_event_extra.py took 0.078 seconds
[2026-03-12T00:49:29.592+0000] {processor.py:186} INFO - Started process (PID=5710) to work on /home/ec2-user/environment/lab4_model_training/venv/lib64/python3.12/site-packages/airflow/example_dags/example_outlet_event_extra.py
[2026-03-12T00:49:29.593+0000] {processor.py:914} INFO - Processing file /home/ec2-user/environment/lab4_model_training/venv/lib64/python3.12/site-packages/airflow/example_dags/example_outlet_event_extra.py for tasks to queue
[2026-03-12T00:49:29.595+0000] {logging_mixin.py:190} INFO - [2026-03-12T00:49:29.594+0000] {dagbag.py:588} INFO - Filling up the DagBag from /home/ec2-user/environment/lab4_model_training/venv/lib64/python3.12/site-packages/airflow/example_dags/example_outlet_event_extra.py
[2026-03-12T00:49:29.608+0000] {processor.py:925} INFO - DAG(s) 'dataset_with_extra_by_yield', 'dataset_with_extra_by_context', 'dataset_with_extra_from_classic_operator' retrieved from /home/ec2-user/environment/lab4_model_training/venv/lib64/python3.12/site-packages/airflow/example_dags/example_outlet_event_extra.py
[2026-03-12T00:49:29.624+0000] {logging_mixin.py:190} INFO - [2026-03-12T00:49:29.624+0000] {dag.py:3239} INFO - Sync 3 DAGs
[2026-03-12T00:49:29.642+0000] {logging_mixin.py:190} INFO - [2026-03-12T00:49:29.642+0000] {dag.py:4180} INFO - Setting next_dagrun for dataset_with_extra_by_context to 2026-03-11 00:00:00+00:00, run_after=2026-03-12 00:00:00+00:00
[2026-03-12T00:49:29.645+0000] {logging_mixin.py:190} INFO - [2026-03-12T00:49:29.645+0000] {dag.py:4180} INFO - Setting next_dagrun for dataset_with_extra_by_yield to 2026-03-11 00:00:00+00:00, run_after=2026-03-12 00:00:00+00:00
[2026-03-12T00:49:29.647+0000] {logging_mixin.py:190} INFO - [2026-03-12T00:49:29.647+0000] {dag.py:4180} INFO - Setting next_dagrun for dataset_with_extra_from_classic_operator to 2026-03-11 00:00:00+00:00, run_after=2026-03-12 00:00:00+00:00
[2026-03-12T00:49:29.667+0000] {processor.py:208} INFO - Processing /home/ec2-user/environment/lab4_model_training/venv/lib64/python3.12/site-packages/airflow/example_dags/example_outlet_event_extra.py took 0.080 seconds
[2026-03-12T00:50:26.329+0000] {processor.py:186} INFO - Started process (PID=5804) to work on /home/ec2-user/environment/lab4_model_training/venv/lib64/python3.12/site-packages/airflow/example_dags/example_outlet_event_extra.py
[2026-03-12T00:50:26.330+0000] {processor.py:914} INFO - Processing file /home/ec2-user/environment/lab4_model_training/venv/lib64/python3.12/site-packages/airflow/example_dags/example_outlet_event_extra.py for tasks to queue
[2026-03-12T00:50:26.331+0000] {logging_mixin.py:190} INFO - [2026-03-12T00:50:26.331+0000] {dagbag.py:588} INFO - Filling up the DagBag from /home/ec2-user/environment/lab4_model_training/venv/lib64/python3.12/site-packages/airflow/example_dags/example_outlet_event_extra.py
[2026-03-12T00:50:26.344+0000] {processor.py:925} INFO - DAG(s) 'dataset_with_extra_by_context', 'dataset_with_extra_by_yield', 'dataset_with_extra_from_classic_operator' retrieved from /home/ec2-user/environment/lab4_model_training/venv/lib64/python3.12/site-packages/airflow/example_dags/example_outlet_event_extra.py
[2026-03-12T00:50:26.360+0000] {logging_mixin.py:190} INFO - [2026-03-12T00:50:26.360+0000] {dag.py:3239} INFO - Sync 3 DAGs
[2026-03-12T00:50:26.377+0000] {logging_mixin.py:190} INFO - [2026-03-12T00:50:26.377+0000] {dag.py:4180} INFO - Setting next_dagrun for dataset_with_extra_by_context to 2026-03-11 00:00:00+00:00, run_after=2026-03-12 00:00:00+00:00
[2026-03-12T00:50:26.382+0000] {logging_mixin.py:190} INFO - [2026-03-12T00:50:26.381+0000] {dag.py:4180} INFO - Setting next_dagrun for dataset_with_extra_by_yield to 2026-03-11 00:00:00+00:00, run_after=2026-03-12 00:00:00+00:00
[2026-03-12T00:50:26.384+0000] {logging_mixin.py:190} INFO - [2026-03-12T00:50:26.384+0000] {dag.py:4180} INFO - Setting next_dagrun for dataset_with_extra_from_classic_operator to 2026-03-11 00:00:00+00:00, run_after=2026-03-12 00:00:00+00:00
[2026-03-12T00:50:26.408+0000] {processor.py:208} INFO - Processing /home/ec2-user/environment/lab4_model_training/venv/lib64/python3.12/site-packages/airflow/example_dags/example_outlet_event_extra.py took 0.084 seconds
[2026-03-12T00:51:24.503+0000] {processor.py:186} INFO - Started process (PID=6051) to work on /home/ec2-user/environment/lab4_model_training/venv/lib64/python3.12/site-packages/airflow/example_dags/example_outlet_event_extra.py
[2026-03-12T00:51:24.504+0000] {processor.py:914} INFO - Processing file /home/ec2-user/environment/lab4_model_training/venv/lib64/python3.12/site-packages/airflow/example_dags/example_outlet_event_extra.py for tasks to queue
[2026-03-12T00:51:24.506+0000] {logging_mixin.py:190} INFO - [2026-03-12T00:51:24.506+0000] {dagbag.py:588} INFO - Filling up the DagBag from /home/ec2-user/environment/lab4_model_training/venv/lib64/python3.12/site-packages/airflow/example_dags/example_outlet_event_extra.py
[2026-03-12T00:51:24.522+0000] {processor.py:925} INFO - DAG(s) 'dataset_with_extra_by_yield', 'dataset_with_extra_from_classic_operator', 'dataset_with_extra_by_context' retrieved from /home/ec2-user/environment/lab4_model_training/venv/lib64/python3.12/site-packages/airflow/example_dags/example_outlet_event_extra.py
[2026-03-12T00:51:24.538+0000] {logging_mixin.py:190} INFO - [2026-03-12T00:51:24.538+0000] {dag.py:3239} INFO - Sync 3 DAGs
[2026-03-12T00:51:24.555+0000] {logging_mixin.py:190} INFO - [2026-03-12T00:51:24.555+0000] {dag.py:4180} INFO - Setting next_dagrun for dataset_with_extra_by_context to 2026-03-11 00:00:00+00:00, run_after=2026-03-12 00:00:00+00:00
[2026-03-12T00:51:24.558+0000] {logging_mixin.py:190} INFO - [2026-03-12T00:51:24.558+0000] {dag.py:4180} INFO - Setting next_dagrun for dataset_with_extra_by_yield to 2026-03-11 00:00:00+00:00, run_after=2026-03-12 00:00:00+00:00
[2026-03-12T00:51:24.560+0000] {logging_mixin.py:190} INFO - [2026-03-12T00:51:24.560+0000] {dag.py:4180} INFO - Setting next_dagrun for dataset_with_extra_from_classic_operator to 2026-03-11 00:00:00+00:00, run_after=2026-03-12 00:00:00+00:00
[2026-03-12T00:51:24.579+0000] {processor.py:208} INFO - Processing /home/ec2-user/environment/lab4_model_training/venv/lib64/python3.12/site-packages/airflow/example_dags/example_outlet_event_extra.py took 0.080 seconds
[2026-03-12T00:52:23.872+0000] {processor.py:186} INFO - Started process (PID=6308) to work on /home/ec2-user/environment/lab4_model_training/venv/lib64/python3.12/site-packages/airflow/example_dags/example_outlet_event_extra.py
[2026-03-12T00:52:23.873+0000] {processor.py:914} INFO - Processing file /home/ec2-user/environment/lab4_model_training/venv/lib64/python3.12/site-packages/airflow/example_dags/example_outlet_event_extra.py for tasks to queue
[2026-03-12T00:52:23.874+0000] {logging_mixin.py:190} INFO - [2026-03-12T00:52:23.874+0000] {dagbag.py:588} INFO - Filling up the DagBag from /home/ec2-user/environment/lab4_model_training/venv/lib64/python3.12/site-packages/airflow/example_dags/example_outlet_event_extra.py
[2026-03-12T00:52:23.887+0000] {processor.py:925} INFO - DAG(s) 'dataset_with_extra_from_classic_operator', 'dataset_with_extra_by_yield', 'dataset_with_extra_by_context' retrieved from /home/ec2-user/environment/lab4_model_training/venv/lib64/python3.12/site-packages/airflow/example_dags/example_outlet_event_extra.py
[2026-03-12T00:52:23.903+0000] {logging_mixin.py:190} INFO - [2026-03-12T00:52:23.903+0000] {dag.py:3239} INFO - Sync 3 DAGs
[2026-03-12T00:52:23.921+0000] {logging_mixin.py:190} INFO - [2026-03-12T00:52:23.921+0000] {dag.py:4180} INFO - Setting next_dagrun for dataset_with_extra_by_context to 2026-03-11 00:00:00+00:00, run_after=2026-03-12 00:00:00+00:00
[2026-03-12T00:52:23.924+0000] {logging_mixin.py:190} INFO - [2026-03-12T00:52:23.924+0000] {dag.py:4180} INFO - Setting next_dagrun for dataset_with_extra_by_yield to 2026-03-11 00:00:00+00:00, run_after=2026-03-12 00:00:00+00:00
[2026-03-12T00:52:23.926+0000] {logging_mixin.py:190} INFO - [2026-03-12T00:52:23.926+0000] {dag.py:4180} INFO - Setting next_dagrun for dataset_with_extra_from_classic_operator to 2026-03-11 00:00:00+00:00, run_after=2026-03-12 00:00:00+00:00
[2026-03-12T00:52:23.947+0000] {processor.py:208} INFO - Processing /home/ec2-user/environment/lab4_model_training/venv/lib64/python3.12/site-packages/airflow/example_dags/example_outlet_event_extra.py took 0.079 seconds
[2026-03-12T00:53:24.587+0000] {processor.py:186} INFO - Started process (PID=6517) to work on /home/ec2-user/environment/lab4_model_training/venv/lib64/python3.12/site-packages/airflow/example_dags/example_outlet_event_extra.py
[2026-03-12T00:53:24.588+0000] {processor.py:914} INFO - Processing file /home/ec2-user/environment/lab4_model_training/venv/lib64/python3.12/site-packages/airflow/example_dags/example_outlet_event_extra.py for tasks to queue
[2026-03-12T00:53:24.589+0000] {logging_mixin.py:190} INFO - [2026-03-12T00:53:24.589+0000] {dagbag.py:588} INFO - Filling up the DagBag from /home/ec2-user/environment/lab4_model_training/venv/lib64/python3.12/site-packages/airflow/example_dags/example_outlet_event_extra.py
[2026-03-12T00:53:24.603+0000] {processor.py:925} INFO - DAG(s) 'dataset_with_extra_from_classic_operator', 'dataset_with_extra_by_yield', 'dataset_with_extra_by_context' retrieved from /home/ec2-user/environment/lab4_model_training/venv/lib64/python3.12/site-packages/airflow/example_dags/example_outlet_event_extra.py
[2026-03-12T00:53:24.619+0000] {logging_mixin.py:190} INFO - [2026-03-12T00:53:24.618+0000] {dag.py:3239} INFO - Sync 3 DAGs
[2026-03-12T00:53:24.635+0000] {logging_mixin.py:190} INFO - [2026-03-12T00:53:24.635+0000] {dag.py:4180} INFO - Setting next_dagrun for dataset_with_extra_by_context to 2026-03-11 00:00:00+00:00, run_after=2026-03-12 00:00:00+00:00
[2026-03-12T00:53:24.639+0000] {logging_mixin.py:190} INFO - [2026-03-12T00:53:24.639+0000] {dag.py:4180} INFO - Setting next_dagrun for dataset_with_extra_by_yield to 2026-03-11 00:00:00+00:00, run_after=2026-03-12 00:00:00+00:00
[2026-03-12T00:53:24.640+0000] {logging_mixin.py:190} INFO - [2026-03-12T00:53:24.640+0000] {dag.py:4180} INFO - Setting next_dagrun for dataset_with_extra_from_classic_operator to 2026-03-11 00:00:00+00:00, run_after=2026-03-12 00:00:00+00:00
[2026-03-12T00:53:24.661+0000] {processor.py:208} INFO - Processing /home/ec2-user/environment/lab4_model_training/venv/lib64/python3.12/site-packages/airflow/example_dags/example_outlet_event_extra.py took 0.079 seconds
[2026-03-12T00:54:29.083+0000] {processor.py:186} INFO - Started process (PID=6643) to work on /home/ec2-user/environment/lab4_model_training/venv/lib64/python3.12/site-packages/airflow/example_dags/example_outlet_event_extra.py
[2026-03-12T00:54:29.084+0000] {processor.py:914} INFO - Processing file /home/ec2-user/environment/lab4_model_training/venv/lib64/python3.12/site-packages/airflow/example_dags/example_outlet_event_extra.py for tasks to queue
[2026-03-12T00:54:29.086+0000] {logging_mixin.py:190} INFO - [2026-03-12T00:54:29.085+0000] {dagbag.py:588} INFO - Filling up the DagBag from /home/ec2-user/environment/lab4_model_training/venv/lib64/python3.12/site-packages/airflow/example_dags/example_outlet_event_extra.py
[2026-03-12T00:54:29.099+0000] {processor.py:925} INFO - DAG(s) 'dataset_with_extra_by_yield', 'dataset_with_extra_by_context', 'dataset_with_extra_from_classic_operator' retrieved from /home/ec2-user/environment/lab4_model_training/venv/lib64/python3.12/site-packages/airflow/example_dags/example_outlet_event_extra.py
[2026-03-12T00:54:29.115+0000] {logging_mixin.py:190} INFO - [2026-03-12T00:54:29.114+0000] {dag.py:3239} INFO - Sync 3 DAGs
[2026-03-12T00:54:29.131+0000] {logging_mixin.py:190} INFO - [2026-03-12T00:54:29.131+0000] {dag.py:4180} INFO - Setting next_dagrun for dataset_with_extra_by_context to 2026-03-11 00:00:00+00:00, run_after=2026-03-12 00:00:00+00:00
[2026-03-12T00:54:29.135+0000] {logging_mixin.py:190} INFO - [2026-03-12T00:54:29.135+0000] {dag.py:4180} INFO - Setting next_dagrun for dataset_with_extra_by_yield to 2026-03-11 00:00:00+00:00, run_after=2026-03-12 00:00:00+00:00
[2026-03-12T00:54:29.137+0000] {logging_mixin.py:190} INFO - [2026-03-12T00:54:29.136+0000] {dag.py:4180} INFO - Setting next_dagrun for dataset_with_extra_from_classic_operator to 2026-03-11 00:00:00+00:00, run_after=2026-03-12 00:00:00+00:00
[2026-03-12T00:54:29.156+0000] {processor.py:208} INFO - Processing /home/ec2-user/environment/lab4_model_training/venv/lib64/python3.12/site-packages/airflow/example_dags/example_outlet_event_extra.py took 0.078 seconds
[2026-03-12T00:55:26.547+0000] {processor.py:186} INFO - Started process (PID=6858) to work on /home/ec2-user/environment/lab4_model_training/venv/lib64/python3.12/site-packages/airflow/example_dags/example_outlet_event_extra.py
[2026-03-12T00:55:26.548+0000] {processor.py:914} INFO - Processing file /home/ec2-user/environment/lab4_model_training/venv/lib64/python3.12/site-packages/airflow/example_dags/example_outlet_event_extra.py for tasks to queue
[2026-03-12T00:55:26.550+0000] {logging_mixin.py:190} INFO - [2026-03-12T00:55:26.550+0000] {dagbag.py:588} INFO - Filling up the DagBag from /home/ec2-user/environment/lab4_model_training/venv/lib64/python3.12/site-packages/airflow/example_dags/example_outlet_event_extra.py
[2026-03-12T00:55:26.563+0000] {processor.py:925} INFO - DAG(s) 'dataset_with_extra_by_context', 'dataset_with_extra_from_classic_operator', 'dataset_with_extra_by_yield' retrieved from /home/ec2-user/environment/lab4_model_training/venv/lib64/python3.12/site-packages/airflow/example_dags/example_outlet_event_extra.py
[2026-03-12T00:55:26.579+0000] {logging_mixin.py:190} INFO - [2026-03-12T00:55:26.579+0000] {dag.py:3239} INFO - Sync 3 DAGs
[2026-03-12T00:55:26.596+0000] {logging_mixin.py:190} INFO - [2026-03-12T00:55:26.596+0000] {dag.py:4180} INFO - Setting next_dagrun for dataset_with_extra_by_context to 2026-03-11 00:00:00+00:00, run_after=2026-03-12 00:00:00+00:00
[2026-03-12T00:55:26.599+0000] {logging_mixin.py:190} INFO - [2026-03-12T00:55:26.599+0000] {dag.py:4180} INFO - Setting next_dagrun for dataset_with_extra_by_yield to 2026-03-11 00:00:00+00:00, run_after=2026-03-12 00:00:00+00:00
[2026-03-12T00:55:26.601+0000] {logging_mixin.py:190} INFO - [2026-03-12T00:55:26.601+0000] {dag.py:4180} INFO - Setting next_dagrun for dataset_with_extra_from_classic_operator to 2026-03-11 00:00:00+00:00, run_after=2026-03-12 00:00:00+00:00
[2026-03-12T00:55:26.620+0000] {processor.py:208} INFO - Processing /home/ec2-user/environment/lab4_model_training/venv/lib64/python3.12/site-packages/airflow/example_dags/example_outlet_event_extra.py took 0.078 seconds
[2026-03-12T00:56:27.397+0000] {processor.py:186} INFO - Started process (PID=7034) to work on /home/ec2-user/environment/lab4_model_training/venv/lib64/python3.12/site-packages/airflow/example_dags/example_outlet_event_extra.py
[2026-03-12T00:56:27.398+0000] {processor.py:914} INFO - Processing file /home/ec2-user/environment/lab4_model_training/venv/lib64/python3.12/site-packages/airflow/example_dags/example_outlet_event_extra.py for tasks to queue
[2026-03-12T00:56:27.400+0000] {logging_mixin.py:190} INFO - [2026-03-12T00:56:27.400+0000] {dagbag.py:588} INFO - Filling up the DagBag from /home/ec2-user/environment/lab4_model_training/venv/lib64/python3.12/site-packages/airflow/example_dags/example_outlet_event_extra.py
[2026-03-12T00:56:27.418+0000] {processor.py:925} INFO - DAG(s) 'dataset_with_extra_by_yield', 'dataset_with_extra_from_classic_operator', 'dataset_with_extra_by_context' retrieved from /home/ec2-user/environment/lab4_model_training/venv/lib64/python3.12/site-packages/airflow/example_dags/example_outlet_event_extra.py
[2026-03-12T00:56:27.438+0000] {logging_mixin.py:190} INFO - [2026-03-12T00:56:27.438+0000] {dag.py:3239} INFO - Sync 3 DAGs
[2026-03-12T00:56:27.458+0000] {logging_mixin.py:190} INFO - [2026-03-12T00:56:27.458+0000] {dag.py:4180} INFO - Setting next_dagrun for dataset_with_extra_by_context to 2026-03-11 00:00:00+00:00, run_after=2026-03-12 00:00:00+00:00
[2026-03-12T00:56:27.463+0000] {logging_mixin.py:190} INFO - [2026-03-12T00:56:27.463+0000] {dag.py:4180} INFO - Setting next_dagrun for dataset_with_extra_by_yield to 2026-03-11 00:00:00+00:00, run_after=2026-03-12 00:00:00+00:00
[2026-03-12T00:56:27.467+0000] {logging_mixin.py:190} INFO - [2026-03-12T00:56:27.467+0000] {dag.py:4180} INFO - Setting next_dagrun for dataset_with_extra_from_classic_operator to 2026-03-11 00:00:00+00:00, run_after=2026-03-12 00:00:00+00:00
[2026-03-12T00:56:27.493+0000] {processor.py:208} INFO - Processing /home/ec2-user/environment/lab4_model_training/venv/lib64/python3.12/site-packages/airflow/example_dags/example_outlet_event_extra.py took 0.101 seconds
[2026-03-12T00:57:25.371+0000] {processor.py:186} INFO - Started process (PID=7148) to work on /home/ec2-user/environment/lab4_model_training/venv/lib64/python3.12/site-packages/airflow/example_dags/example_outlet_event_extra.py
[2026-03-12T00:57:25.372+0000] {processor.py:914} INFO - Processing file /home/ec2-user/environment/lab4_model_training/venv/lib64/python3.12/site-packages/airflow/example_dags/example_outlet_event_extra.py for tasks to queue
[2026-03-12T00:57:25.374+0000] {logging_mixin.py:190} INFO - [2026-03-12T00:57:25.374+0000] {dagbag.py:588} INFO - Filling up the DagBag from /home/ec2-user/environment/lab4_model_training/venv/lib64/python3.12/site-packages/airflow/example_dags/example_outlet_event_extra.py
[2026-03-12T00:57:25.387+0000] {processor.py:925} INFO - DAG(s) 'dataset_with_extra_from_classic_operator', 'dataset_with_extra_by_yield', 'dataset_with_extra_by_context' retrieved from /home/ec2-user/environment/lab4_model_training/venv/lib64/python3.12/site-packages/airflow/example_dags/example_outlet_event_extra.py
[2026-03-12T00:57:25.403+0000] {logging_mixin.py:190} INFO - [2026-03-12T00:57:25.403+0000] {dag.py:3239} INFO - Sync 3 DAGs
[2026-03-12T00:57:25.419+0000] {logging_mixin.py:190} INFO - [2026-03-12T00:57:25.419+0000] {dag.py:4180} INFO - Setting next_dagrun for dataset_with_extra_by_context to 2026-03-11 00:00:00+00:00, run_after=2026-03-12 00:00:00+00:00
[2026-03-12T00:57:25.422+0000] {logging_mixin.py:190} INFO - [2026-03-12T00:57:25.422+0000] {dag.py:4180} INFO - Setting next_dagrun for dataset_with_extra_by_yield to 2026-03-11 00:00:00+00:00, run_after=2026-03-12 00:00:00+00:00
[2026-03-12T00:57:25.424+0000] {logging_mixin.py:190} INFO - [2026-03-12T00:57:25.424+0000] {dag.py:4180} INFO - Setting next_dagrun for dataset_with_extra_from_classic_operator to 2026-03-11 00:00:00+00:00, run_after=2026-03-12 00:00:00+00:00
[2026-03-12T00:57:25.441+0000] {processor.py:208} INFO - Processing /home/ec2-user/environment/lab4_model_training/venv/lib64/python3.12/site-packages/airflow/example_dags/example_outlet_event_extra.py took 0.074 seconds
[2026-03-12T00:58:23.863+0000] {processor.py:186} INFO - Started process (PID=7345) to work on /home/ec2-user/environment/lab4_model_training/venv/lib64/python3.12/site-packages/airflow/example_dags/example_outlet_event_extra.py
[2026-03-12T00:58:23.864+0000] {processor.py:914} INFO - Processing file /home/ec2-user/environment/lab4_model_training/venv/lib64/python3.12/site-packages/airflow/example_dags/example_outlet_event_extra.py for tasks to queue
[2026-03-12T00:58:23.866+0000] {logging_mixin.py:190} INFO - [2026-03-12T00:58:23.865+0000] {dagbag.py:588} INFO - Filling up the DagBag from /home/ec2-user/environment/lab4_model_training/venv/lib64/python3.12/site-packages/airflow/example_dags/example_outlet_event_extra.py
[2026-03-12T00:58:23.879+0000] {processor.py:925} INFO - DAG(s) 'dataset_with_extra_from_classic_operator', 'dataset_with_extra_by_yield', 'dataset_with_extra_by_context' retrieved from /home/ec2-user/environment/lab4_model_training/venv/lib64/python3.12/site-packages/airflow/example_dags/example_outlet_event_extra.py
[2026-03-12T00:58:23.895+0000] {logging_mixin.py:190} INFO - [2026-03-12T00:58:23.895+0000] {dag.py:3239} INFO - Sync 3 DAGs
[2026-03-12T00:58:23.912+0000] {logging_mixin.py:190} INFO - [2026-03-12T00:58:23.912+0000] {dag.py:4180} INFO - Setting next_dagrun for dataset_with_extra_by_context to 2026-03-11 00:00:00+00:00, run_after=2026-03-12 00:00:00+00:00
[2026-03-12T00:58:23.916+0000] {logging_mixin.py:190} INFO - [2026-03-12T00:58:23.915+0000] {dag.py:4180} INFO - Setting next_dagrun for dataset_with_extra_by_yield to 2026-03-11 00:00:00+00:00, run_after=2026-03-12 00:00:00+00:00
[2026-03-12T00:58:23.917+0000] {logging_mixin.py:190} INFO - [2026-03-12T00:58:23.917+0000] {dag.py:4180} INFO - Setting next_dagrun for dataset_with_extra_from_classic_operator to 2026-03-11 00:00:00+00:00, run_after=2026-03-12 00:00:00+00:00
[2026-03-12T00:58:23.935+0000] {processor.py:208} INFO - Processing /home/ec2-user/environment/lab4_model_training/venv/lib64/python3.12/site-packages/airflow/example_dags/example_outlet_event_extra.py took 0.076 seconds
