[2026-03-12T00:40:12.217+0000] {processor.py:186} INFO - Started process (PID=4539) to work on /home/ec2-user/environment/lab4_model_training/venv/lib64/python3.12/site-packages/airflow/example_dags/example_params_trigger_ui.py
[2026-03-12T00:40:12.217+0000] {processor.py:914} INFO - Processing file /home/ec2-user/environment/lab4_model_training/venv/lib64/python3.12/site-packages/airflow/example_dags/example_params_trigger_ui.py for tasks to queue
[2026-03-12T00:40:12.219+0000] {logging_mixin.py:190} INFO - [2026-03-12T00:40:12.219+0000] {dagbag.py:588} INFO - Filling up the DagBag from /home/ec2-user/environment/lab4_model_training/venv/lib64/python3.12/site-packages/airflow/example_dags/example_params_trigger_ui.py
[2026-03-12T00:40:12.232+0000] {processor.py:925} INFO - DAG(s) 'example_params_trigger_ui' retrieved from /home/ec2-user/environment/lab4_model_training/venv/lib64/python3.12/site-packages/airflow/example_dags/example_params_trigger_ui.py
[2026-03-12T00:40:12.337+0000] {logging_mixin.py:190} INFO - [2026-03-12T00:40:12.336+0000] {override.py:1930} INFO - Created Permission View: can read on DAG:example_params_trigger_ui
[2026-03-12T00:40:12.347+0000] {logging_mixin.py:190} INFO - [2026-03-12T00:40:12.347+0000] {override.py:1930} INFO - Created Permission View: can edit on DAG:example_params_trigger_ui
[2026-03-12T00:40:12.355+0000] {logging_mixin.py:190} INFO - [2026-03-12T00:40:12.355+0000] {override.py:1930} INFO - Created Permission View: can delete on DAG:example_params_trigger_ui
[2026-03-12T00:40:12.369+0000] {logging_mixin.py:190} INFO - [2026-03-12T00:40:12.368+0000] {override.py:1930} INFO - Created Permission View: menu access on DAG Run:example_params_trigger_ui
[2026-03-12T00:40:12.378+0000] {logging_mixin.py:190} INFO - [2026-03-12T00:40:12.378+0000] {override.py:1930} INFO - Created Permission View: can read on DAG Run:example_params_trigger_ui
[2026-03-12T00:40:12.387+0000] {logging_mixin.py:190} INFO - [2026-03-12T00:40:12.387+0000] {override.py:1930} INFO - Created Permission View: can create on DAG Run:example_params_trigger_ui
[2026-03-12T00:40:12.396+0000] {logging_mixin.py:190} INFO - [2026-03-12T00:40:12.396+0000] {override.py:1930} INFO - Created Permission View: can delete on DAG Run:example_params_trigger_ui
[2026-03-12T00:40:12.396+0000] {logging_mixin.py:190} INFO - [2026-03-12T00:40:12.396+0000] {dag.py:3239} INFO - Sync 1 DAGs
[2026-03-12T00:40:12.406+0000] {logging_mixin.py:190} INFO - [2026-03-12T00:40:12.405+0000] {dag.py:3262} INFO - Creating ORM DAG for example_params_trigger_ui
[2026-03-12T00:40:12.406+0000] {logging_mixin.py:190} INFO - [2026-03-12T00:40:12.406+0000] {dag.py:4180} INFO - Setting next_dagrun for example_params_trigger_ui to None, run_after=None
[2026-03-12T00:40:12.422+0000] {processor.py:208} INFO - Processing /home/ec2-user/environment/lab4_model_training/venv/lib64/python3.12/site-packages/airflow/example_dags/example_params_trigger_ui.py took 0.211 seconds
[2026-03-12T00:41:18.849+0000] {processor.py:186} INFO - Started process (PID=4704) to work on /home/ec2-user/environment/lab4_model_training/venv/lib64/python3.12/site-packages/airflow/example_dags/example_params_trigger_ui.py
[2026-03-12T00:41:18.850+0000] {processor.py:914} INFO - Processing file /home/ec2-user/environment/lab4_model_training/venv/lib64/python3.12/site-packages/airflow/example_dags/example_params_trigger_ui.py for tasks to queue
[2026-03-12T00:41:18.852+0000] {logging_mixin.py:190} INFO - [2026-03-12T00:41:18.851+0000] {dagbag.py:588} INFO - Filling up the DagBag from /home/ec2-user/environment/lab4_model_training/venv/lib64/python3.12/site-packages/airflow/example_dags/example_params_trigger_ui.py
[2026-03-12T00:41:18.864+0000] {processor.py:925} INFO - DAG(s) 'example_params_trigger_ui' retrieved from /home/ec2-user/environment/lab4_model_training/venv/lib64/python3.12/site-packages/airflow/example_dags/example_params_trigger_ui.py
[2026-03-12T00:41:18.902+0000] {logging_mixin.py:190} INFO - [2026-03-12T00:41:18.902+0000] {dag.py:3239} INFO - Sync 1 DAGs
[2026-03-12T00:41:18.914+0000] {logging_mixin.py:190} INFO - [2026-03-12T00:41:18.914+0000] {dag.py:4180} INFO - Setting next_dagrun for example_params_trigger_ui to None, run_after=None
[2026-03-12T00:41:18.935+0000] {processor.py:208} INFO - Processing /home/ec2-user/environment/lab4_model_training/venv/lib64/python3.12/site-packages/airflow/example_dags/example_params_trigger_ui.py took 0.091 seconds
[2026-03-12T00:42:19.282+0000] {processor.py:186} INFO - Started process (PID=4814) to work on /home/ec2-user/environment/lab4_model_training/venv/lib64/python3.12/site-packages/airflow/example_dags/example_params_trigger_ui.py
[2026-03-12T00:42:19.283+0000] {processor.py:914} INFO - Processing file /home/ec2-user/environment/lab4_model_training/venv/lib64/python3.12/site-packages/airflow/example_dags/example_params_trigger_ui.py for tasks to queue
[2026-03-12T00:42:19.285+0000] {logging_mixin.py:190} INFO - [2026-03-12T00:42:19.284+0000] {dagbag.py:588} INFO - Filling up the DagBag from /home/ec2-user/environment/lab4_model_training/venv/lib64/python3.12/site-packages/airflow/example_dags/example_params_trigger_ui.py
[2026-03-12T00:42:19.294+0000] {processor.py:925} INFO - DAG(s) 'example_params_trigger_ui' retrieved from /home/ec2-user/environment/lab4_model_training/venv/lib64/python3.12/site-packages/airflow/example_dags/example_params_trigger_ui.py
[2026-03-12T00:42:19.324+0000] {logging_mixin.py:190} INFO - [2026-03-12T00:42:19.324+0000] {dag.py:3239} INFO - Sync 1 DAGs
[2026-03-12T00:42:19.334+0000] {logging_mixin.py:190} INFO - [2026-03-12T00:42:19.334+0000] {dag.py:4180} INFO - Setting next_dagrun for example_params_trigger_ui to None, run_after=None
[2026-03-12T00:42:19.352+0000] {processor.py:208} INFO - Processing /home/ec2-user/environment/lab4_model_training/venv/lib64/python3.12/site-packages/airflow/example_dags/example_params_trigger_ui.py took 0.074 seconds
[2026-03-12T00:43:18.379+0000] {processor.py:186} INFO - Started process (PID=4947) to work on /home/ec2-user/environment/lab4_model_training/venv/lib64/python3.12/site-packages/airflow/example_dags/example_params_trigger_ui.py
[2026-03-12T00:43:18.380+0000] {processor.py:914} INFO - Processing file /home/ec2-user/environment/lab4_model_training/venv/lib64/python3.12/site-packages/airflow/example_dags/example_params_trigger_ui.py for tasks to queue
[2026-03-12T00:43:18.382+0000] {logging_mixin.py:190} INFO - [2026-03-12T00:43:18.382+0000] {dagbag.py:588} INFO - Filling up the DagBag from /home/ec2-user/environment/lab4_model_training/venv/lib64/python3.12/site-packages/airflow/example_dags/example_params_trigger_ui.py
[2026-03-12T00:43:18.391+0000] {processor.py:925} INFO - DAG(s) 'example_params_trigger_ui' retrieved from /home/ec2-user/environment/lab4_model_training/venv/lib64/python3.12/site-packages/airflow/example_dags/example_params_trigger_ui.py
[2026-03-12T00:43:18.421+0000] {logging_mixin.py:190} INFO - [2026-03-12T00:43:18.421+0000] {dag.py:3239} INFO - Sync 1 DAGs
[2026-03-12T00:43:18.431+0000] {logging_mixin.py:190} INFO - [2026-03-12T00:43:18.431+0000] {dag.py:4180} INFO - Setting next_dagrun for example_params_trigger_ui to None, run_after=None
[2026-03-12T00:43:18.450+0000] {processor.py:208} INFO - Processing /home/ec2-user/environment/lab4_model_training/venv/lib64/python3.12/site-packages/airflow/example_dags/example_params_trigger_ui.py took 0.075 seconds
[2026-03-12T00:44:15.506+0000] {processor.py:186} INFO - Started process (PID=5098) to work on /home/ec2-user/environment/lab4_model_training/venv/lib64/python3.12/site-packages/airflow/example_dags/example_params_trigger_ui.py
[2026-03-12T00:44:15.508+0000] {processor.py:914} INFO - Processing file /home/ec2-user/environment/lab4_model_training/venv/lib64/python3.12/site-packages/airflow/example_dags/example_params_trigger_ui.py for tasks to queue
[2026-03-12T00:44:15.510+0000] {logging_mixin.py:190} INFO - [2026-03-12T00:44:15.509+0000] {dagbag.py:588} INFO - Filling up the DagBag from /home/ec2-user/environment/lab4_model_training/venv/lib64/python3.12/site-packages/airflow/example_dags/example_params_trigger_ui.py
[2026-03-12T00:44:15.522+0000] {processor.py:925} INFO - DAG(s) 'example_params_trigger_ui' retrieved from /home/ec2-user/environment/lab4_model_training/venv/lib64/python3.12/site-packages/airflow/example_dags/example_params_trigger_ui.py
[2026-03-12T00:44:15.561+0000] {logging_mixin.py:190} INFO - [2026-03-12T00:44:15.561+0000] {dag.py:3239} INFO - Sync 1 DAGs
[2026-03-12T00:44:15.574+0000] {logging_mixin.py:190} INFO - [2026-03-12T00:44:15.574+0000] {dag.py:4180} INFO - Setting next_dagrun for example_params_trigger_ui to None, run_after=None
[2026-03-12T00:44:15.594+0000] {processor.py:208} INFO - Processing /home/ec2-user/environment/lab4_model_training/venv/lib64/python3.12/site-packages/airflow/example_dags/example_params_trigger_ui.py took 0.092 seconds
[2026-03-12T00:45:21.292+0000] {processor.py:186} INFO - Started process (PID=5194) to work on /home/ec2-user/environment/lab4_model_training/venv/lib64/python3.12/site-packages/airflow/example_dags/example_params_trigger_ui.py
[2026-03-12T00:45:21.294+0000] {processor.py:914} INFO - Processing file /home/ec2-user/environment/lab4_model_training/venv/lib64/python3.12/site-packages/airflow/example_dags/example_params_trigger_ui.py for tasks to queue
[2026-03-12T00:45:21.296+0000] {logging_mixin.py:190} INFO - [2026-03-12T00:45:21.296+0000] {dagbag.py:588} INFO - Filling up the DagBag from /home/ec2-user/environment/lab4_model_training/venv/lib64/python3.12/site-packages/airflow/example_dags/example_params_trigger_ui.py
[2026-03-12T00:45:21.305+0000] {processor.py:925} INFO - DAG(s) 'example_params_trigger_ui' retrieved from /home/ec2-user/environment/lab4_model_training/venv/lib64/python3.12/site-packages/airflow/example_dags/example_params_trigger_ui.py
[2026-03-12T00:45:21.336+0000] {logging_mixin.py:190} INFO - [2026-03-12T00:45:21.336+0000] {dag.py:3239} INFO - Sync 1 DAGs
[2026-03-12T00:45:21.347+0000] {logging_mixin.py:190} INFO - [2026-03-12T00:45:21.347+0000] {dag.py:4180} INFO - Setting next_dagrun for example_params_trigger_ui to None, run_after=None
[2026-03-12T00:45:21.366+0000] {processor.py:208} INFO - Processing /home/ec2-user/environment/lab4_model_training/venv/lib64/python3.12/site-packages/airflow/example_dags/example_params_trigger_ui.py took 0.077 seconds
[2026-03-12T00:46:19.887+0000] {processor.py:186} INFO - Started process (PID=5325) to work on /home/ec2-user/environment/lab4_model_training/venv/lib64/python3.12/site-packages/airflow/example_dags/example_params_trigger_ui.py
[2026-03-12T00:46:19.888+0000] {processor.py:914} INFO - Processing file /home/ec2-user/environment/lab4_model_training/venv/lib64/python3.12/site-packages/airflow/example_dags/example_params_trigger_ui.py for tasks to queue
[2026-03-12T00:46:19.890+0000] {logging_mixin.py:190} INFO - [2026-03-12T00:46:19.889+0000] {dagbag.py:588} INFO - Filling up the DagBag from /home/ec2-user/environment/lab4_model_training/venv/lib64/python3.12/site-packages/airflow/example_dags/example_params_trigger_ui.py
[2026-03-12T00:46:19.899+0000] {processor.py:925} INFO - DAG(s) 'example_params_trigger_ui' retrieved from /home/ec2-user/environment/lab4_model_training/venv/lib64/python3.12/site-packages/airflow/example_dags/example_params_trigger_ui.py
[2026-03-12T00:46:19.929+0000] {logging_mixin.py:190} INFO - [2026-03-12T00:46:19.929+0000] {dag.py:3239} INFO - Sync 1 DAGs
[2026-03-12T00:46:19.940+0000] {logging_mixin.py:190} INFO - [2026-03-12T00:46:19.940+0000] {dag.py:4180} INFO - Setting next_dagrun for example_params_trigger_ui to None, run_after=None
[2026-03-12T00:46:19.959+0000] {processor.py:208} INFO - Processing /home/ec2-user/environment/lab4_model_training/venv/lib64/python3.12/site-packages/airflow/example_dags/example_params_trigger_ui.py took 0.076 seconds
[2026-03-12T00:47:17.026+0000] {processor.py:186} INFO - Started process (PID=5407) to work on /home/ec2-user/environment/lab4_model_training/venv/lib64/python3.12/site-packages/airflow/example_dags/example_params_trigger_ui.py
[2026-03-12T00:47:17.028+0000] {processor.py:914} INFO - Processing file /home/ec2-user/environment/lab4_model_training/venv/lib64/python3.12/site-packages/airflow/example_dags/example_params_trigger_ui.py for tasks to queue
[2026-03-12T00:47:17.029+0000] {logging_mixin.py:190} INFO - [2026-03-12T00:47:17.029+0000] {dagbag.py:588} INFO - Filling up the DagBag from /home/ec2-user/environment/lab4_model_training/venv/lib64/python3.12/site-packages/airflow/example_dags/example_params_trigger_ui.py
[2026-03-12T00:47:17.039+0000] {processor.py:925} INFO - DAG(s) 'example_params_trigger_ui' retrieved from /home/ec2-user/environment/lab4_model_training/venv/lib64/python3.12/site-packages/airflow/example_dags/example_params_trigger_ui.py
[2026-03-12T00:47:17.070+0000] {logging_mixin.py:190} INFO - [2026-03-12T00:47:17.070+0000] {dag.py:3239} INFO - Sync 1 DAGs
[2026-03-12T00:47:17.080+0000] {logging_mixin.py:190} INFO - [2026-03-12T00:47:17.080+0000] {dag.py:4180} INFO - Setting next_dagrun for example_params_trigger_ui to None, run_after=None
[2026-03-12T00:47:17.098+0000] {processor.py:208} INFO - Processing /home/ec2-user/environment/lab4_model_training/venv/lib64/python3.12/site-packages/airflow/example_dags/example_params_trigger_ui.py took 0.076 seconds
[2026-03-12T00:48:15.565+0000] {processor.py:186} INFO - Started process (PID=5541) to work on /home/ec2-user/environment/lab4_model_training/venv/lib64/python3.12/site-packages/airflow/example_dags/example_params_trigger_ui.py
[2026-03-12T00:48:15.566+0000] {processor.py:914} INFO - Processing file /home/ec2-user/environment/lab4_model_training/venv/lib64/python3.12/site-packages/airflow/example_dags/example_params_trigger_ui.py for tasks to queue
[2026-03-12T00:48:15.568+0000] {logging_mixin.py:190} INFO - [2026-03-12T00:48:15.568+0000] {dagbag.py:588} INFO - Filling up the DagBag from /home/ec2-user/environment/lab4_model_training/venv/lib64/python3.12/site-packages/airflow/example_dags/example_params_trigger_ui.py
[2026-03-12T00:48:15.577+0000] {processor.py:925} INFO - DAG(s) 'example_params_trigger_ui' retrieved from /home/ec2-user/environment/lab4_model_training/venv/lib64/python3.12/site-packages/airflow/example_dags/example_params_trigger_ui.py
[2026-03-12T00:48:15.607+0000] {logging_mixin.py:190} INFO - [2026-03-12T00:48:15.607+0000] {dag.py:3239} INFO - Sync 1 DAGs
[2026-03-12T00:48:15.617+0000] {logging_mixin.py:190} INFO - [2026-03-12T00:48:15.617+0000] {dag.py:4180} INFO - Setting next_dagrun for example_params_trigger_ui to None, run_after=None
[2026-03-12T00:48:15.635+0000] {processor.py:208} INFO - Processing /home/ec2-user/environment/lab4_model_training/venv/lib64/python3.12/site-packages/airflow/example_dags/example_params_trigger_ui.py took 0.075 seconds
[2026-03-12T00:49:29.903+0000] {processor.py:186} INFO - Started process (PID=5711) to work on /home/ec2-user/environment/lab4_model_training/venv/lib64/python3.12/site-packages/airflow/example_dags/example_params_trigger_ui.py
[2026-03-12T00:49:29.904+0000] {processor.py:914} INFO - Processing file /home/ec2-user/environment/lab4_model_training/venv/lib64/python3.12/site-packages/airflow/example_dags/example_params_trigger_ui.py for tasks to queue
[2026-03-12T00:49:29.906+0000] {logging_mixin.py:190} INFO - [2026-03-12T00:49:29.906+0000] {dagbag.py:588} INFO - Filling up the DagBag from /home/ec2-user/environment/lab4_model_training/venv/lib64/python3.12/site-packages/airflow/example_dags/example_params_trigger_ui.py
[2026-03-12T00:49:29.915+0000] {processor.py:925} INFO - DAG(s) 'example_params_trigger_ui' retrieved from /home/ec2-user/environment/lab4_model_training/venv/lib64/python3.12/site-packages/airflow/example_dags/example_params_trigger_ui.py
[2026-03-12T00:49:29.946+0000] {logging_mixin.py:190} INFO - [2026-03-12T00:49:29.946+0000] {dag.py:3239} INFO - Sync 1 DAGs
[2026-03-12T00:49:29.956+0000] {logging_mixin.py:190} INFO - [2026-03-12T00:49:29.956+0000] {dag.py:4180} INFO - Setting next_dagrun for example_params_trigger_ui to None, run_after=None
[2026-03-12T00:49:29.974+0000] {processor.py:208} INFO - Processing /home/ec2-user/environment/lab4_model_training/venv/lib64/python3.12/site-packages/airflow/example_dags/example_params_trigger_ui.py took 0.076 seconds
[2026-03-12T00:50:26.929+0000] {processor.py:186} INFO - Started process (PID=5805) to work on /home/ec2-user/environment/lab4_model_training/venv/lib64/python3.12/site-packages/airflow/example_dags/example_params_trigger_ui.py
[2026-03-12T00:50:26.930+0000] {processor.py:914} INFO - Processing file /home/ec2-user/environment/lab4_model_training/venv/lib64/python3.12/site-packages/airflow/example_dags/example_params_trigger_ui.py for tasks to queue
[2026-03-12T00:50:26.932+0000] {logging_mixin.py:190} INFO - [2026-03-12T00:50:26.932+0000] {dagbag.py:588} INFO - Filling up the DagBag from /home/ec2-user/environment/lab4_model_training/venv/lib64/python3.12/site-packages/airflow/example_dags/example_params_trigger_ui.py
[2026-03-12T00:50:26.941+0000] {processor.py:925} INFO - DAG(s) 'example_params_trigger_ui' retrieved from /home/ec2-user/environment/lab4_model_training/venv/lib64/python3.12/site-packages/airflow/example_dags/example_params_trigger_ui.py
[2026-03-12T00:50:26.972+0000] {logging_mixin.py:190} INFO - [2026-03-12T00:50:26.972+0000] {dag.py:3239} INFO - Sync 1 DAGs
[2026-03-12T00:50:26.982+0000] {logging_mixin.py:190} INFO - [2026-03-12T00:50:26.982+0000] {dag.py:4180} INFO - Setting next_dagrun for example_params_trigger_ui to None, run_after=None
[2026-03-12T00:50:27.001+0000] {processor.py:208} INFO - Processing /home/ec2-user/environment/lab4_model_training/venv/lib64/python3.12/site-packages/airflow/example_dags/example_params_trigger_ui.py took 0.077 seconds
[2026-03-12T00:51:25.636+0000] {processor.py:186} INFO - Started process (PID=6052) to work on /home/ec2-user/environment/lab4_model_training/venv/lib64/python3.12/site-packages/airflow/example_dags/example_params_trigger_ui.py
[2026-03-12T00:51:25.637+0000] {processor.py:914} INFO - Processing file /home/ec2-user/environment/lab4_model_training/venv/lib64/python3.12/site-packages/airflow/example_dags/example_params_trigger_ui.py for tasks to queue
[2026-03-12T00:51:25.639+0000] {logging_mixin.py:190} INFO - [2026-03-12T00:51:25.639+0000] {dagbag.py:588} INFO - Filling up the DagBag from /home/ec2-user/environment/lab4_model_training/venv/lib64/python3.12/site-packages/airflow/example_dags/example_params_trigger_ui.py
[2026-03-12T00:51:25.649+0000] {processor.py:925} INFO - DAG(s) 'example_params_trigger_ui' retrieved from /home/ec2-user/environment/lab4_model_training/venv/lib64/python3.12/site-packages/airflow/example_dags/example_params_trigger_ui.py
[2026-03-12T00:51:25.679+0000] {logging_mixin.py:190} INFO - [2026-03-12T00:51:25.679+0000] {dag.py:3239} INFO - Sync 1 DAGs
[2026-03-12T00:51:25.689+0000] {logging_mixin.py:190} INFO - [2026-03-12T00:51:25.689+0000] {dag.py:4180} INFO - Setting next_dagrun for example_params_trigger_ui to None, run_after=None
[2026-03-12T00:51:25.708+0000] {processor.py:208} INFO - Processing /home/ec2-user/environment/lab4_model_training/venv/lib64/python3.12/site-packages/airflow/example_dags/example_params_trigger_ui.py took 0.076 seconds
[2026-03-12T00:52:25.004+0000] {processor.py:186} INFO - Started process (PID=6309) to work on /home/ec2-user/environment/lab4_model_training/venv/lib64/python3.12/site-packages/airflow/example_dags/example_params_trigger_ui.py
[2026-03-12T00:52:25.005+0000] {processor.py:914} INFO - Processing file /home/ec2-user/environment/lab4_model_training/venv/lib64/python3.12/site-packages/airflow/example_dags/example_params_trigger_ui.py for tasks to queue
[2026-03-12T00:52:25.007+0000] {logging_mixin.py:190} INFO - [2026-03-12T00:52:25.007+0000] {dagbag.py:588} INFO - Filling up the DagBag from /home/ec2-user/environment/lab4_model_training/venv/lib64/python3.12/site-packages/airflow/example_dags/example_params_trigger_ui.py
[2026-03-12T00:52:25.017+0000] {processor.py:925} INFO - DAG(s) 'example_params_trigger_ui' retrieved from /home/ec2-user/environment/lab4_model_training/venv/lib64/python3.12/site-packages/airflow/example_dags/example_params_trigger_ui.py
[2026-03-12T00:52:25.047+0000] {logging_mixin.py:190} INFO - [2026-03-12T00:52:25.047+0000] {dag.py:3239} INFO - Sync 1 DAGs
[2026-03-12T00:52:25.057+0000] {logging_mixin.py:190} INFO - [2026-03-12T00:52:25.057+0000] {dag.py:4180} INFO - Setting next_dagrun for example_params_trigger_ui to None, run_after=None
[2026-03-12T00:52:25.075+0000] {processor.py:208} INFO - Processing /home/ec2-user/environment/lab4_model_training/venv/lib64/python3.12/site-packages/airflow/example_dags/example_params_trigger_ui.py took 0.075 seconds
[2026-03-12T00:53:25.229+0000] {processor.py:186} INFO - Started process (PID=6518) to work on /home/ec2-user/environment/lab4_model_training/venv/lib64/python3.12/site-packages/airflow/example_dags/example_params_trigger_ui.py
[2026-03-12T00:53:25.230+0000] {processor.py:914} INFO - Processing file /home/ec2-user/environment/lab4_model_training/venv/lib64/python3.12/site-packages/airflow/example_dags/example_params_trigger_ui.py for tasks to queue
[2026-03-12T00:53:25.232+0000] {logging_mixin.py:190} INFO - [2026-03-12T00:53:25.232+0000] {dagbag.py:588} INFO - Filling up the DagBag from /home/ec2-user/environment/lab4_model_training/venv/lib64/python3.12/site-packages/airflow/example_dags/example_params_trigger_ui.py
[2026-03-12T00:53:25.244+0000] {processor.py:925} INFO - DAG(s) 'example_params_trigger_ui' retrieved from /home/ec2-user/environment/lab4_model_training/venv/lib64/python3.12/site-packages/airflow/example_dags/example_params_trigger_ui.py
[2026-03-12T00:53:25.281+0000] {logging_mixin.py:190} INFO - [2026-03-12T00:53:25.281+0000] {dag.py:3239} INFO - Sync 1 DAGs
[2026-03-12T00:53:25.294+0000] {logging_mixin.py:190} INFO - [2026-03-12T00:53:25.293+0000] {dag.py:4180} INFO - Setting next_dagrun for example_params_trigger_ui to None, run_after=None
[2026-03-12T00:53:25.314+0000] {processor.py:208} INFO - Processing /home/ec2-user/environment/lab4_model_training/venv/lib64/python3.12/site-packages/airflow/example_dags/example_params_trigger_ui.py took 0.088 seconds
[2026-03-12T00:54:30.225+0000] {processor.py:186} INFO - Started process (PID=6644) to work on /home/ec2-user/environment/lab4_model_training/venv/lib64/python3.12/site-packages/airflow/example_dags/example_params_trigger_ui.py
[2026-03-12T00:54:30.226+0000] {processor.py:914} INFO - Processing file /home/ec2-user/environment/lab4_model_training/venv/lib64/python3.12/site-packages/airflow/example_dags/example_params_trigger_ui.py for tasks to queue
[2026-03-12T00:54:30.228+0000] {logging_mixin.py:190} INFO - [2026-03-12T00:54:30.228+0000] {dagbag.py:588} INFO - Filling up the DagBag from /home/ec2-user/environment/lab4_model_training/venv/lib64/python3.12/site-packages/airflow/example_dags/example_params_trigger_ui.py
[2026-03-12T00:54:30.238+0000] {processor.py:925} INFO - DAG(s) 'example_params_trigger_ui' retrieved from /home/ec2-user/environment/lab4_model_training/venv/lib64/python3.12/site-packages/airflow/example_dags/example_params_trigger_ui.py
[2026-03-12T00:54:30.268+0000] {logging_mixin.py:190} INFO - [2026-03-12T00:54:30.268+0000] {dag.py:3239} INFO - Sync 1 DAGs
[2026-03-12T00:54:30.279+0000] {logging_mixin.py:190} INFO - [2026-03-12T00:54:30.278+0000] {dag.py:4180} INFO - Setting next_dagrun for example_params_trigger_ui to None, run_after=None
[2026-03-12T00:54:30.297+0000] {processor.py:208} INFO - Processing /home/ec2-user/environment/lab4_model_training/venv/lib64/python3.12/site-packages/airflow/example_dags/example_params_trigger_ui.py took 0.076 seconds
[2026-03-12T00:55:27.690+0000] {processor.py:186} INFO - Started process (PID=6859) to work on /home/ec2-user/environment/lab4_model_training/venv/lib64/python3.12/site-packages/airflow/example_dags/example_params_trigger_ui.py
[2026-03-12T00:55:27.691+0000] {processor.py:914} INFO - Processing file /home/ec2-user/environment/lab4_model_training/venv/lib64/python3.12/site-packages/airflow/example_dags/example_params_trigger_ui.py for tasks to queue
[2026-03-12T00:55:27.693+0000] {logging_mixin.py:190} INFO - [2026-03-12T00:55:27.693+0000] {dagbag.py:588} INFO - Filling up the DagBag from /home/ec2-user/environment/lab4_model_training/venv/lib64/python3.12/site-packages/airflow/example_dags/example_params_trigger_ui.py
[2026-03-12T00:55:27.702+0000] {processor.py:925} INFO - DAG(s) 'example_params_trigger_ui' retrieved from /home/ec2-user/environment/lab4_model_training/venv/lib64/python3.12/site-packages/airflow/example_dags/example_params_trigger_ui.py
[2026-03-12T00:55:27.733+0000] {logging_mixin.py:190} INFO - [2026-03-12T00:55:27.733+0000] {dag.py:3239} INFO - Sync 1 DAGs
[2026-03-12T00:55:27.744+0000] {logging_mixin.py:190} INFO - [2026-03-12T00:55:27.743+0000] {dag.py:4180} INFO - Setting next_dagrun for example_params_trigger_ui to None, run_after=None
[2026-03-12T00:55:27.762+0000] {processor.py:208} INFO - Processing /home/ec2-user/environment/lab4_model_training/venv/lib64/python3.12/site-packages/airflow/example_dags/example_params_trigger_ui.py took 0.077 seconds
[2026-03-12T00:56:28.636+0000] {processor.py:186} INFO - Started process (PID=7035) to work on /home/ec2-user/environment/lab4_model_training/venv/lib64/python3.12/site-packages/airflow/example_dags/example_params_trigger_ui.py
[2026-03-12T00:56:28.637+0000] {processor.py:914} INFO - Processing file /home/ec2-user/environment/lab4_model_training/venv/lib64/python3.12/site-packages/airflow/example_dags/example_params_trigger_ui.py for tasks to queue
[2026-03-12T00:56:28.639+0000] {logging_mixin.py:190} INFO - [2026-03-12T00:56:28.638+0000] {dagbag.py:588} INFO - Filling up the DagBag from /home/ec2-user/environment/lab4_model_training/venv/lib64/python3.12/site-packages/airflow/example_dags/example_params_trigger_ui.py
[2026-03-12T00:56:28.649+0000] {processor.py:925} INFO - DAG(s) 'example_params_trigger_ui' retrieved from /home/ec2-user/environment/lab4_model_training/venv/lib64/python3.12/site-packages/airflow/example_dags/example_params_trigger_ui.py
[2026-03-12T00:56:28.681+0000] {logging_mixin.py:190} INFO - [2026-03-12T00:56:28.681+0000] {dag.py:3239} INFO - Sync 1 DAGs
[2026-03-12T00:56:28.691+0000] {logging_mixin.py:190} INFO - [2026-03-12T00:56:28.691+0000] {dag.py:4180} INFO - Setting next_dagrun for example_params_trigger_ui to None, run_after=None
[2026-03-12T00:56:28.717+0000] {processor.py:208} INFO - Processing /home/ec2-user/environment/lab4_model_training/venv/lib64/python3.12/site-packages/airflow/example_dags/example_params_trigger_ui.py took 0.085 seconds
[2026-03-12T00:57:26.504+0000] {processor.py:186} INFO - Started process (PID=7155) to work on /home/ec2-user/environment/lab4_model_training/venv/lib64/python3.12/site-packages/airflow/example_dags/example_params_trigger_ui.py
[2026-03-12T00:57:26.506+0000] {processor.py:914} INFO - Processing file /home/ec2-user/environment/lab4_model_training/venv/lib64/python3.12/site-packages/airflow/example_dags/example_params_trigger_ui.py for tasks to queue
[2026-03-12T00:57:26.507+0000] {logging_mixin.py:190} INFO - [2026-03-12T00:57:26.507+0000] {dagbag.py:588} INFO - Filling up the DagBag from /home/ec2-user/environment/lab4_model_training/venv/lib64/python3.12/site-packages/airflow/example_dags/example_params_trigger_ui.py
[2026-03-12T00:57:26.517+0000] {processor.py:925} INFO - DAG(s) 'example_params_trigger_ui' retrieved from /home/ec2-user/environment/lab4_model_training/venv/lib64/python3.12/site-packages/airflow/example_dags/example_params_trigger_ui.py
[2026-03-12T00:57:26.547+0000] {logging_mixin.py:190} INFO - [2026-03-12T00:57:26.547+0000] {dag.py:3239} INFO - Sync 1 DAGs
[2026-03-12T00:57:26.557+0000] {logging_mixin.py:190} INFO - [2026-03-12T00:57:26.557+0000] {dag.py:4180} INFO - Setting next_dagrun for example_params_trigger_ui to None, run_after=None
[2026-03-12T00:57:26.574+0000] {processor.py:208} INFO - Processing /home/ec2-user/environment/lab4_model_training/venv/lib64/python3.12/site-packages/airflow/example_dags/example_params_trigger_ui.py took 0.074 seconds
[2026-03-12T00:58:24.070+0000] {processor.py:186} INFO - Started process (PID=7347) to work on /home/ec2-user/environment/lab4_model_training/venv/lib64/python3.12/site-packages/airflow/example_dags/example_params_trigger_ui.py
[2026-03-12T00:58:24.071+0000] {processor.py:914} INFO - Processing file /home/ec2-user/environment/lab4_model_training/venv/lib64/python3.12/site-packages/airflow/example_dags/example_params_trigger_ui.py for tasks to queue
[2026-03-12T00:58:24.073+0000] {logging_mixin.py:190} INFO - [2026-03-12T00:58:24.073+0000] {dagbag.py:588} INFO - Filling up the DagBag from /home/ec2-user/environment/lab4_model_training/venv/lib64/python3.12/site-packages/airflow/example_dags/example_params_trigger_ui.py
[2026-03-12T00:58:24.082+0000] {processor.py:925} INFO - DAG(s) 'example_params_trigger_ui' retrieved from /home/ec2-user/environment/lab4_model_training/venv/lib64/python3.12/site-packages/airflow/example_dags/example_params_trigger_ui.py
[2026-03-12T00:58:24.113+0000] {logging_mixin.py:190} INFO - [2026-03-12T00:58:24.113+0000] {dag.py:3239} INFO - Sync 1 DAGs
[2026-03-12T00:58:24.123+0000] {logging_mixin.py:190} INFO - [2026-03-12T00:58:24.123+0000] {dag.py:4180} INFO - Setting next_dagrun for example_params_trigger_ui to None, run_after=None
[2026-03-12T00:58:24.140+0000] {processor.py:208} INFO - Processing /home/ec2-user/environment/lab4_model_training/venv/lib64/python3.12/site-packages/airflow/example_dags/example_params_trigger_ui.py took 0.075 seconds
