[2026-03-12T00:39:57.308+0000] {processor.py:186} INFO - Started process (PID=4511) to work on /home/ec2-user/environment/lab4_model_training/venv/lib64/python3.12/site-packages/airflow/example_dags/example_datasets.py
[2026-03-12T00:39:57.309+0000] {processor.py:914} INFO - Processing file /home/ec2-user/environment/lab4_model_training/venv/lib64/python3.12/site-packages/airflow/example_dags/example_datasets.py for tasks to queue
[2026-03-12T00:39:57.310+0000] {logging_mixin.py:190} INFO - [2026-03-12T00:39:57.310+0000] {dagbag.py:588} INFO - Filling up the DagBag from /home/ec2-user/environment/lab4_model_training/venv/lib64/python3.12/site-packages/airflow/example_dags/example_datasets.py
[2026-03-12T00:39:57.324+0000] {processor.py:925} INFO - DAG(s) 'dataset_consumes_1_and_2', 'consume_1_and_2_with_dataset_expressions', 'dataset_produces_2', 'dataset_produces_1', 'consume_1_or_2_with_dataset_expressions', 'consume_1_or_both_2_and_3_with_dataset_expressions', 'dataset_consumes_1_never_scheduled', 'conditional_dataset_and_time_based_timetable', 'dataset_consumes_1', 'dataset_consumes_unknown_never_scheduled' retrieved from /home/ec2-user/environment/lab4_model_training/venv/lib64/python3.12/site-packages/airflow/example_dags/example_datasets.py
[2026-03-12T00:39:57.410+0000] {logging_mixin.py:190} INFO - [2026-03-12T00:39:57.410+0000] {override.py:1930} INFO - Created Permission View: can read on DAG:dataset_consumes_1_and_2
[2026-03-12T00:39:57.422+0000] {logging_mixin.py:190} INFO - [2026-03-12T00:39:57.422+0000] {override.py:1930} INFO - Created Permission View: can edit on DAG:dataset_consumes_1_and_2
[2026-03-12T00:39:57.430+0000] {logging_mixin.py:190} INFO - [2026-03-12T00:39:57.430+0000] {override.py:1930} INFO - Created Permission View: can delete on DAG:dataset_consumes_1_and_2
[2026-03-12T00:39:57.443+0000] {logging_mixin.py:190} INFO - [2026-03-12T00:39:57.443+0000] {override.py:1930} INFO - Created Permission View: menu access on DAG Run:dataset_consumes_1_and_2
[2026-03-12T00:39:57.451+0000] {logging_mixin.py:190} INFO - [2026-03-12T00:39:57.451+0000] {override.py:1930} INFO - Created Permission View: can read on DAG Run:dataset_consumes_1_and_2
[2026-03-12T00:39:57.459+0000] {logging_mixin.py:190} INFO - [2026-03-12T00:39:57.459+0000] {override.py:1930} INFO - Created Permission View: can create on DAG Run:dataset_consumes_1_and_2
[2026-03-12T00:39:57.467+0000] {logging_mixin.py:190} INFO - [2026-03-12T00:39:57.467+0000] {override.py:1930} INFO - Created Permission View: can delete on DAG Run:dataset_consumes_1_and_2
[2026-03-12T00:39:57.485+0000] {logging_mixin.py:190} INFO - [2026-03-12T00:39:57.485+0000] {override.py:1930} INFO - Created Permission View: can read on DAG:consume_1_and_2_with_dataset_expressions
[2026-03-12T00:39:57.494+0000] {logging_mixin.py:190} INFO - [2026-03-12T00:39:57.493+0000] {override.py:1930} INFO - Created Permission View: can edit on DAG:consume_1_and_2_with_dataset_expressions
[2026-03-12T00:39:57.501+0000] {logging_mixin.py:190} INFO - [2026-03-12T00:39:57.501+0000] {override.py:1930} INFO - Created Permission View: can delete on DAG:consume_1_and_2_with_dataset_expressions
[2026-03-12T00:39:57.514+0000] {logging_mixin.py:190} INFO - [2026-03-12T00:39:57.514+0000] {override.py:1930} INFO - Created Permission View: menu access on DAG Run:consume_1_and_2_with_dataset_expressions
[2026-03-12T00:39:57.522+0000] {logging_mixin.py:190} INFO - [2026-03-12T00:39:57.522+0000] {override.py:1930} INFO - Created Permission View: can read on DAG Run:consume_1_and_2_with_dataset_expressions
[2026-03-12T00:39:57.530+0000] {logging_mixin.py:190} INFO - [2026-03-12T00:39:57.530+0000] {override.py:1930} INFO - Created Permission View: can create on DAG Run:consume_1_and_2_with_dataset_expressions
[2026-03-12T00:39:57.539+0000] {logging_mixin.py:190} INFO - [2026-03-12T00:39:57.539+0000] {override.py:1930} INFO - Created Permission View: can delete on DAG Run:consume_1_and_2_with_dataset_expressions
[2026-03-12T00:39:57.556+0000] {logging_mixin.py:190} INFO - [2026-03-12T00:39:57.556+0000] {override.py:1930} INFO - Created Permission View: can read on DAG:dataset_produces_2
[2026-03-12T00:39:57.563+0000] {logging_mixin.py:190} INFO - [2026-03-12T00:39:57.563+0000] {override.py:1930} INFO - Created Permission View: can edit on DAG:dataset_produces_2
[2026-03-12T00:39:57.571+0000] {logging_mixin.py:190} INFO - [2026-03-12T00:39:57.571+0000] {override.py:1930} INFO - Created Permission View: can delete on DAG:dataset_produces_2
[2026-03-12T00:39:57.583+0000] {logging_mixin.py:190} INFO - [2026-03-12T00:39:57.583+0000] {override.py:1930} INFO - Created Permission View: menu access on DAG Run:dataset_produces_2
[2026-03-12T00:39:57.591+0000] {logging_mixin.py:190} INFO - [2026-03-12T00:39:57.591+0000] {override.py:1930} INFO - Created Permission View: can read on DAG Run:dataset_produces_2
[2026-03-12T00:39:57.599+0000] {logging_mixin.py:190} INFO - [2026-03-12T00:39:57.598+0000] {override.py:1930} INFO - Created Permission View: can create on DAG Run:dataset_produces_2
[2026-03-12T00:39:57.607+0000] {logging_mixin.py:190} INFO - [2026-03-12T00:39:57.607+0000] {override.py:1930} INFO - Created Permission View: can delete on DAG Run:dataset_produces_2
[2026-03-12T00:39:57.622+0000] {logging_mixin.py:190} INFO - [2026-03-12T00:39:57.622+0000] {override.py:1930} INFO - Created Permission View: can read on DAG:dataset_produces_1
[2026-03-12T00:39:57.630+0000] {logging_mixin.py:190} INFO - [2026-03-12T00:39:57.630+0000] {override.py:1930} INFO - Created Permission View: can edit on DAG:dataset_produces_1
[2026-03-12T00:39:57.638+0000] {logging_mixin.py:190} INFO - [2026-03-12T00:39:57.638+0000] {override.py:1930} INFO - Created Permission View: can delete on DAG:dataset_produces_1
[2026-03-12T00:39:57.651+0000] {logging_mixin.py:190} INFO - [2026-03-12T00:39:57.650+0000] {override.py:1930} INFO - Created Permission View: menu access on DAG Run:dataset_produces_1
[2026-03-12T00:39:57.659+0000] {logging_mixin.py:190} INFO - [2026-03-12T00:39:57.659+0000] {override.py:1930} INFO - Created Permission View: can read on DAG Run:dataset_produces_1
[2026-03-12T00:39:57.666+0000] {logging_mixin.py:190} INFO - [2026-03-12T00:39:57.666+0000] {override.py:1930} INFO - Created Permission View: can create on DAG Run:dataset_produces_1
[2026-03-12T00:39:57.674+0000] {logging_mixin.py:190} INFO - [2026-03-12T00:39:57.674+0000] {override.py:1930} INFO - Created Permission View: can delete on DAG Run:dataset_produces_1
[2026-03-12T00:39:57.692+0000] {logging_mixin.py:190} INFO - [2026-03-12T00:39:57.692+0000] {override.py:1930} INFO - Created Permission View: can read on DAG:consume_1_or_2_with_dataset_expressions
[2026-03-12T00:39:57.700+0000] {logging_mixin.py:190} INFO - [2026-03-12T00:39:57.700+0000] {override.py:1930} INFO - Created Permission View: can edit on DAG:consume_1_or_2_with_dataset_expressions
[2026-03-12T00:39:57.708+0000] {logging_mixin.py:190} INFO - [2026-03-12T00:39:57.708+0000] {override.py:1930} INFO - Created Permission View: can delete on DAG:consume_1_or_2_with_dataset_expressions
[2026-03-12T00:39:57.720+0000] {logging_mixin.py:190} INFO - [2026-03-12T00:39:57.720+0000] {override.py:1930} INFO - Created Permission View: menu access on DAG Run:consume_1_or_2_with_dataset_expressions
[2026-03-12T00:39:57.729+0000] {logging_mixin.py:190} INFO - [2026-03-12T00:39:57.728+0000] {override.py:1930} INFO - Created Permission View: can read on DAG Run:consume_1_or_2_with_dataset_expressions
[2026-03-12T00:39:57.736+0000] {logging_mixin.py:190} INFO - [2026-03-12T00:39:57.736+0000] {override.py:1930} INFO - Created Permission View: can create on DAG Run:consume_1_or_2_with_dataset_expressions
[2026-03-12T00:39:57.744+0000] {logging_mixin.py:190} INFO - [2026-03-12T00:39:57.744+0000] {override.py:1930} INFO - Created Permission View: can delete on DAG Run:consume_1_or_2_with_dataset_expressions
[2026-03-12T00:39:57.762+0000] {logging_mixin.py:190} INFO - [2026-03-12T00:39:57.762+0000] {override.py:1930} INFO - Created Permission View: can read on DAG:consume_1_or_both_2_and_3_with_dataset_expressions
[2026-03-12T00:39:57.770+0000] {logging_mixin.py:190} INFO - [2026-03-12T00:39:57.770+0000] {override.py:1930} INFO - Created Permission View: can edit on DAG:consume_1_or_both_2_and_3_with_dataset_expressions
[2026-03-12T00:39:57.779+0000] {logging_mixin.py:190} INFO - [2026-03-12T00:39:57.779+0000] {override.py:1930} INFO - Created Permission View: can delete on DAG:consume_1_or_both_2_and_3_with_dataset_expressions
[2026-03-12T00:39:57.794+0000] {logging_mixin.py:190} INFO - [2026-03-12T00:39:57.793+0000] {override.py:1930} INFO - Created Permission View: menu access on DAG Run:consume_1_or_both_2_and_3_with_dataset_expressions
[2026-03-12T00:39:57.801+0000] {logging_mixin.py:190} INFO - [2026-03-12T00:39:57.801+0000] {override.py:1930} INFO - Created Permission View: can read on DAG Run:consume_1_or_both_2_and_3_with_dataset_expressions
[2026-03-12T00:39:57.809+0000] {logging_mixin.py:190} INFO - [2026-03-12T00:39:57.809+0000] {override.py:1930} INFO - Created Permission View: can create on DAG Run:consume_1_or_both_2_and_3_with_dataset_expressions
[2026-03-12T00:39:57.817+0000] {logging_mixin.py:190} INFO - [2026-03-12T00:39:57.817+0000] {override.py:1930} INFO - Created Permission View: can delete on DAG Run:consume_1_or_both_2_and_3_with_dataset_expressions
[2026-03-12T00:39:57.834+0000] {logging_mixin.py:190} INFO - [2026-03-12T00:39:57.834+0000] {override.py:1930} INFO - Created Permission View: can read on DAG:dataset_consumes_1_never_scheduled
[2026-03-12T00:39:57.842+0000] {logging_mixin.py:190} INFO - [2026-03-12T00:39:57.841+0000] {override.py:1930} INFO - Created Permission View: can edit on DAG:dataset_consumes_1_never_scheduled
[2026-03-12T00:39:57.849+0000] {logging_mixin.py:190} INFO - [2026-03-12T00:39:57.849+0000] {override.py:1930} INFO - Created Permission View: can delete on DAG:dataset_consumes_1_never_scheduled
[2026-03-12T00:39:57.861+0000] {logging_mixin.py:190} INFO - [2026-03-12T00:39:57.861+0000] {override.py:1930} INFO - Created Permission View: menu access on DAG Run:dataset_consumes_1_never_scheduled
[2026-03-12T00:39:57.869+0000] {logging_mixin.py:190} INFO - [2026-03-12T00:39:57.869+0000] {override.py:1930} INFO - Created Permission View: can read on DAG Run:dataset_consumes_1_never_scheduled
[2026-03-12T00:39:57.878+0000] {logging_mixin.py:190} INFO - [2026-03-12T00:39:57.878+0000] {override.py:1930} INFO - Created Permission View: can create on DAG Run:dataset_consumes_1_never_scheduled
[2026-03-12T00:39:57.886+0000] {logging_mixin.py:190} INFO - [2026-03-12T00:39:57.886+0000] {override.py:1930} INFO - Created Permission View: can delete on DAG Run:dataset_consumes_1_never_scheduled
[2026-03-12T00:39:57.903+0000] {logging_mixin.py:190} INFO - [2026-03-12T00:39:57.903+0000] {override.py:1930} INFO - Created Permission View: can read on DAG:conditional_dataset_and_time_based_timetable
[2026-03-12T00:39:57.910+0000] {logging_mixin.py:190} INFO - [2026-03-12T00:39:57.910+0000] {override.py:1930} INFO - Created Permission View: can edit on DAG:conditional_dataset_and_time_based_timetable
[2026-03-12T00:39:57.918+0000] {logging_mixin.py:190} INFO - [2026-03-12T00:39:57.917+0000] {override.py:1930} INFO - Created Permission View: can delete on DAG:conditional_dataset_and_time_based_timetable
[2026-03-12T00:39:57.930+0000] {logging_mixin.py:190} INFO - [2026-03-12T00:39:57.930+0000] {override.py:1930} INFO - Created Permission View: menu access on DAG Run:conditional_dataset_and_time_based_timetable
[2026-03-12T00:39:57.937+0000] {logging_mixin.py:190} INFO - [2026-03-12T00:39:57.937+0000] {override.py:1930} INFO - Created Permission View: can read on DAG Run:conditional_dataset_and_time_based_timetable
[2026-03-12T00:39:57.945+0000] {logging_mixin.py:190} INFO - [2026-03-12T00:39:57.945+0000] {override.py:1930} INFO - Created Permission View: can create on DAG Run:conditional_dataset_and_time_based_timetable
[2026-03-12T00:39:57.953+0000] {logging_mixin.py:190} INFO - [2026-03-12T00:39:57.952+0000] {override.py:1930} INFO - Created Permission View: can delete on DAG Run:conditional_dataset_and_time_based_timetable
[2026-03-12T00:39:57.970+0000] {logging_mixin.py:190} INFO - [2026-03-12T00:39:57.970+0000] {override.py:1930} INFO - Created Permission View: can read on DAG:dataset_consumes_1
[2026-03-12T00:39:57.979+0000] {logging_mixin.py:190} INFO - [2026-03-12T00:39:57.979+0000] {override.py:1930} INFO - Created Permission View: can edit on DAG:dataset_consumes_1
[2026-03-12T00:39:57.988+0000] {logging_mixin.py:190} INFO - [2026-03-12T00:39:57.988+0000] {override.py:1930} INFO - Created Permission View: can delete on DAG:dataset_consumes_1
[2026-03-12T00:39:58.001+0000] {logging_mixin.py:190} INFO - [2026-03-12T00:39:58.001+0000] {override.py:1930} INFO - Created Permission View: menu access on DAG Run:dataset_consumes_1
[2026-03-12T00:39:58.010+0000] {logging_mixin.py:190} INFO - [2026-03-12T00:39:58.010+0000] {override.py:1930} INFO - Created Permission View: can read on DAG Run:dataset_consumes_1
[2026-03-12T00:39:58.019+0000] {logging_mixin.py:190} INFO - [2026-03-12T00:39:58.019+0000] {override.py:1930} INFO - Created Permission View: can create on DAG Run:dataset_consumes_1
[2026-03-12T00:39:58.027+0000] {logging_mixin.py:190} INFO - [2026-03-12T00:39:58.027+0000] {override.py:1930} INFO - Created Permission View: can delete on DAG Run:dataset_consumes_1
[2026-03-12T00:39:58.045+0000] {logging_mixin.py:190} INFO - [2026-03-12T00:39:58.045+0000] {override.py:1930} INFO - Created Permission View: can read on DAG:dataset_consumes_unknown_never_scheduled
[2026-03-12T00:39:58.053+0000] {logging_mixin.py:190} INFO - [2026-03-12T00:39:58.053+0000] {override.py:1930} INFO - Created Permission View: can edit on DAG:dataset_consumes_unknown_never_scheduled
[2026-03-12T00:39:58.062+0000] {logging_mixin.py:190} INFO - [2026-03-12T00:39:58.061+0000] {override.py:1930} INFO - Created Permission View: can delete on DAG:dataset_consumes_unknown_never_scheduled
[2026-03-12T00:39:58.074+0000] {logging_mixin.py:190} INFO - [2026-03-12T00:39:58.074+0000] {override.py:1930} INFO - Created Permission View: menu access on DAG Run:dataset_consumes_unknown_never_scheduled
[2026-03-12T00:39:58.081+0000] {logging_mixin.py:190} INFO - [2026-03-12T00:39:58.081+0000] {override.py:1930} INFO - Created Permission View: can read on DAG Run:dataset_consumes_unknown_never_scheduled
[2026-03-12T00:39:58.089+0000] {logging_mixin.py:190} INFO - [2026-03-12T00:39:58.089+0000] {override.py:1930} INFO - Created Permission View: can create on DAG Run:dataset_consumes_unknown_never_scheduled
[2026-03-12T00:39:58.096+0000] {logging_mixin.py:190} INFO - [2026-03-12T00:39:58.096+0000] {override.py:1930} INFO - Created Permission View: can delete on DAG Run:dataset_consumes_unknown_never_scheduled
[2026-03-12T00:39:58.097+0000] {logging_mixin.py:190} INFO - [2026-03-12T00:39:58.096+0000] {dag.py:3239} INFO - Sync 10 DAGs
[2026-03-12T00:39:58.105+0000] {logging_mixin.py:190} INFO - [2026-03-12T00:39:58.105+0000] {dag.py:3262} INFO - Creating ORM DAG for consume_1_or_both_2_and_3_with_dataset_expressions
[2026-03-12T00:39:58.106+0000] {logging_mixin.py:190} INFO - [2026-03-12T00:39:58.106+0000] {dag.py:3262} INFO - Creating ORM DAG for conditional_dataset_and_time_based_timetable
[2026-03-12T00:39:58.106+0000] {logging_mixin.py:190} INFO - [2026-03-12T00:39:58.106+0000] {dag.py:3262} INFO - Creating ORM DAG for dataset_produces_1
[2026-03-12T00:39:58.106+0000] {logging_mixin.py:190} INFO - [2026-03-12T00:39:58.106+0000] {dag.py:3262} INFO - Creating ORM DAG for dataset_consumes_1_and_2
[2026-03-12T00:39:58.107+0000] {logging_mixin.py:190} INFO - [2026-03-12T00:39:58.107+0000] {dag.py:3262} INFO - Creating ORM DAG for dataset_consumes_unknown_never_scheduled
[2026-03-12T00:39:58.107+0000] {logging_mixin.py:190} INFO - [2026-03-12T00:39:58.107+0000] {dag.py:3262} INFO - Creating ORM DAG for consume_1_or_2_with_dataset_expressions
[2026-03-12T00:39:58.107+0000] {logging_mixin.py:190} INFO - [2026-03-12T00:39:58.107+0000] {dag.py:3262} INFO - Creating ORM DAG for consume_1_and_2_with_dataset_expressions
[2026-03-12T00:39:58.108+0000] {logging_mixin.py:190} INFO - [2026-03-12T00:39:58.108+0000] {dag.py:3262} INFO - Creating ORM DAG for dataset_consumes_1_never_scheduled
[2026-03-12T00:39:58.108+0000] {logging_mixin.py:190} INFO - [2026-03-12T00:39:58.108+0000] {dag.py:3262} INFO - Creating ORM DAG for dataset_produces_2
[2026-03-12T00:39:58.108+0000] {logging_mixin.py:190} INFO - [2026-03-12T00:39:58.108+0000] {dag.py:3262} INFO - Creating ORM DAG for dataset_consumes_1
[2026-03-12T00:39:58.115+0000] {logging_mixin.py:190} INFO - [2026-03-12T00:39:58.115+0000] {dag.py:4180} INFO - Setting next_dagrun for conditional_dataset_and_time_based_timetable to 2026-03-11 01:00:00+00:00, run_after=2026-03-11 01:00:00+00:00
[2026-03-12T00:39:58.116+0000] {logging_mixin.py:190} INFO - [2026-03-12T00:39:58.116+0000] {dag.py:4180} INFO - Setting next_dagrun for consume_1_and_2_with_dataset_expressions to None, run_after=None
[2026-03-12T00:39:58.116+0000] {logging_mixin.py:190} INFO - [2026-03-12T00:39:58.116+0000] {dag.py:4180} INFO - Setting next_dagrun for consume_1_or_2_with_dataset_expressions to None, run_after=None
[2026-03-12T00:39:58.116+0000] {logging_mixin.py:190} INFO - [2026-03-12T00:39:58.116+0000] {dag.py:4180} INFO - Setting next_dagrun for consume_1_or_both_2_and_3_with_dataset_expressions to None, run_after=None
[2026-03-12T00:39:58.117+0000] {logging_mixin.py:190} INFO - [2026-03-12T00:39:58.117+0000] {dag.py:4180} INFO - Setting next_dagrun for dataset_consumes_1 to None, run_after=None
[2026-03-12T00:39:58.117+0000] {logging_mixin.py:190} INFO - [2026-03-12T00:39:58.117+0000] {dag.py:4180} INFO - Setting next_dagrun for dataset_consumes_1_and_2 to None, run_after=None
[2026-03-12T00:39:58.118+0000] {logging_mixin.py:190} INFO - [2026-03-12T00:39:58.118+0000] {dag.py:4180} INFO - Setting next_dagrun for dataset_consumes_1_never_scheduled to None, run_after=None
[2026-03-12T00:39:58.118+0000] {logging_mixin.py:190} INFO - [2026-03-12T00:39:58.118+0000] {dag.py:4180} INFO - Setting next_dagrun for dataset_consumes_unknown_never_scheduled to None, run_after=None
[2026-03-12T00:39:58.120+0000] {logging_mixin.py:190} INFO - [2026-03-12T00:39:58.120+0000] {dag.py:4180} INFO - Setting next_dagrun for dataset_produces_1 to 2026-03-11 00:00:00+00:00, run_after=2026-03-12 00:00:00+00:00
[2026-03-12T00:39:58.120+0000] {logging_mixin.py:190} INFO - [2026-03-12T00:39:58.120+0000] {dag.py:4180} INFO - Setting next_dagrun for dataset_produces_2 to None, run_after=None
[2026-03-12T00:39:58.155+0000] {processor.py:208} INFO - Processing /home/ec2-user/environment/lab4_model_training/venv/lib64/python3.12/site-packages/airflow/example_dags/example_datasets.py took 0.851 seconds
[2026-03-12T00:41:07.439+0000] {processor.py:186} INFO - Started process (PID=4686) to work on /home/ec2-user/environment/lab4_model_training/venv/lib64/python3.12/site-packages/airflow/example_dags/example_datasets.py
[2026-03-12T00:41:07.440+0000] {processor.py:914} INFO - Processing file /home/ec2-user/environment/lab4_model_training/venv/lib64/python3.12/site-packages/airflow/example_dags/example_datasets.py for tasks to queue
[2026-03-12T00:41:07.442+0000] {logging_mixin.py:190} INFO - [2026-03-12T00:41:07.441+0000] {dagbag.py:588} INFO - Filling up the DagBag from /home/ec2-user/environment/lab4_model_training/venv/lib64/python3.12/site-packages/airflow/example_dags/example_datasets.py
[2026-03-12T00:41:07.460+0000] {processor.py:925} INFO - DAG(s) 'consume_1_or_2_with_dataset_expressions', 'dataset_consumes_1', 'dataset_produces_2', 'consume_1_or_both_2_and_3_with_dataset_expressions', 'dataset_consumes_1_never_scheduled', 'dataset_consumes_unknown_never_scheduled', 'conditional_dataset_and_time_based_timetable', 'dataset_produces_1', 'dataset_consumes_1_and_2', 'consume_1_and_2_with_dataset_expressions' retrieved from /home/ec2-user/environment/lab4_model_training/venv/lib64/python3.12/site-packages/airflow/example_dags/example_datasets.py
[2026-03-12T00:41:07.491+0000] {logging_mixin.py:190} INFO - [2026-03-12T00:41:07.491+0000] {dag.py:3239} INFO - Sync 10 DAGs
[2026-03-12T00:41:07.511+0000] {logging_mixin.py:190} INFO - [2026-03-12T00:41:07.511+0000] {dag.py:4180} INFO - Setting next_dagrun for conditional_dataset_and_time_based_timetable to 2026-03-11 01:00:00+00:00, run_after=2026-03-11 01:00:00+00:00
[2026-03-12T00:41:07.515+0000] {logging_mixin.py:190} INFO - [2026-03-12T00:41:07.515+0000] {dag.py:4180} INFO - Setting next_dagrun for consume_1_and_2_with_dataset_expressions to None, run_after=None
[2026-03-12T00:41:07.516+0000] {logging_mixin.py:190} INFO - [2026-03-12T00:41:07.515+0000] {dag.py:4180} INFO - Setting next_dagrun for consume_1_or_2_with_dataset_expressions to None, run_after=None
[2026-03-12T00:41:07.516+0000] {logging_mixin.py:190} INFO - [2026-03-12T00:41:07.516+0000] {dag.py:4180} INFO - Setting next_dagrun for consume_1_or_both_2_and_3_with_dataset_expressions to None, run_after=None
[2026-03-12T00:41:07.517+0000] {logging_mixin.py:190} INFO - [2026-03-12T00:41:07.517+0000] {dag.py:4180} INFO - Setting next_dagrun for dataset_consumes_1 to None, run_after=None
[2026-03-12T00:41:07.518+0000] {logging_mixin.py:190} INFO - [2026-03-12T00:41:07.518+0000] {dag.py:4180} INFO - Setting next_dagrun for dataset_consumes_1_and_2 to None, run_after=None
[2026-03-12T00:41:07.519+0000] {logging_mixin.py:190} INFO - [2026-03-12T00:41:07.519+0000] {dag.py:4180} INFO - Setting next_dagrun for dataset_consumes_1_never_scheduled to None, run_after=None
[2026-03-12T00:41:07.520+0000] {logging_mixin.py:190} INFO - [2026-03-12T00:41:07.520+0000] {dag.py:4180} INFO - Setting next_dagrun for dataset_consumes_unknown_never_scheduled to None, run_after=None
[2026-03-12T00:41:07.522+0000] {logging_mixin.py:190} INFO - [2026-03-12T00:41:07.522+0000] {dag.py:4180} INFO - Setting next_dagrun for dataset_produces_1 to 2026-03-11 00:00:00+00:00, run_after=2026-03-12 00:00:00+00:00
[2026-03-12T00:41:07.523+0000] {logging_mixin.py:190} INFO - [2026-03-12T00:41:07.523+0000] {dag.py:4180} INFO - Setting next_dagrun for dataset_produces_2 to None, run_after=None
[2026-03-12T00:41:07.554+0000] {processor.py:208} INFO - Processing /home/ec2-user/environment/lab4_model_training/venv/lib64/python3.12/site-packages/airflow/example_dags/example_datasets.py took 0.119 seconds
[2026-03-12T00:42:07.865+0000] {processor.py:186} INFO - Started process (PID=4796) to work on /home/ec2-user/environment/lab4_model_training/venv/lib64/python3.12/site-packages/airflow/example_dags/example_datasets.py
[2026-03-12T00:42:07.866+0000] {processor.py:914} INFO - Processing file /home/ec2-user/environment/lab4_model_training/venv/lib64/python3.12/site-packages/airflow/example_dags/example_datasets.py for tasks to queue
[2026-03-12T00:42:07.868+0000] {logging_mixin.py:190} INFO - [2026-03-12T00:42:07.868+0000] {dagbag.py:588} INFO - Filling up the DagBag from /home/ec2-user/environment/lab4_model_training/venv/lib64/python3.12/site-packages/airflow/example_dags/example_datasets.py
[2026-03-12T00:42:07.881+0000] {processor.py:925} INFO - DAG(s) 'dataset_produces_1', 'consume_1_or_2_with_dataset_expressions', 'dataset_consumes_1_and_2', 'consume_1_and_2_with_dataset_expressions', 'consume_1_or_both_2_and_3_with_dataset_expressions', 'dataset_consumes_1', 'dataset_produces_2', 'dataset_consumes_unknown_never_scheduled', 'conditional_dataset_and_time_based_timetable', 'dataset_consumes_1_never_scheduled' retrieved from /home/ec2-user/environment/lab4_model_training/venv/lib64/python3.12/site-packages/airflow/example_dags/example_datasets.py
[2026-03-12T00:42:07.908+0000] {logging_mixin.py:190} INFO - [2026-03-12T00:42:07.908+0000] {dag.py:3239} INFO - Sync 10 DAGs
[2026-03-12T00:42:07.926+0000] {logging_mixin.py:190} INFO - [2026-03-12T00:42:07.926+0000] {dag.py:4180} INFO - Setting next_dagrun for conditional_dataset_and_time_based_timetable to 2026-03-11 01:00:00+00:00, run_after=2026-03-11 01:00:00+00:00
[2026-03-12T00:42:07.929+0000] {logging_mixin.py:190} INFO - [2026-03-12T00:42:07.929+0000] {dag.py:4180} INFO - Setting next_dagrun for consume_1_and_2_with_dataset_expressions to None, run_after=None
[2026-03-12T00:42:07.930+0000] {logging_mixin.py:190} INFO - [2026-03-12T00:42:07.930+0000] {dag.py:4180} INFO - Setting next_dagrun for consume_1_or_2_with_dataset_expressions to None, run_after=None
[2026-03-12T00:42:07.930+0000] {logging_mixin.py:190} INFO - [2026-03-12T00:42:07.930+0000] {dag.py:4180} INFO - Setting next_dagrun for consume_1_or_both_2_and_3_with_dataset_expressions to None, run_after=None
[2026-03-12T00:42:07.931+0000] {logging_mixin.py:190} INFO - [2026-03-12T00:42:07.931+0000] {dag.py:4180} INFO - Setting next_dagrun for dataset_consumes_1 to None, run_after=None
[2026-03-12T00:42:07.932+0000] {logging_mixin.py:190} INFO - [2026-03-12T00:42:07.932+0000] {dag.py:4180} INFO - Setting next_dagrun for dataset_consumes_1_and_2 to None, run_after=None
[2026-03-12T00:42:07.932+0000] {logging_mixin.py:190} INFO - [2026-03-12T00:42:07.932+0000] {dag.py:4180} INFO - Setting next_dagrun for dataset_consumes_1_never_scheduled to None, run_after=None
[2026-03-12T00:42:07.933+0000] {logging_mixin.py:190} INFO - [2026-03-12T00:42:07.933+0000] {dag.py:4180} INFO - Setting next_dagrun for dataset_consumes_unknown_never_scheduled to None, run_after=None
[2026-03-12T00:42:07.935+0000] {logging_mixin.py:190} INFO - [2026-03-12T00:42:07.935+0000] {dag.py:4180} INFO - Setting next_dagrun for dataset_produces_1 to 2026-03-11 00:00:00+00:00, run_after=2026-03-12 00:00:00+00:00
[2026-03-12T00:42:07.936+0000] {logging_mixin.py:190} INFO - [2026-03-12T00:42:07.936+0000] {dag.py:4180} INFO - Setting next_dagrun for dataset_produces_2 to None, run_after=None
[2026-03-12T00:42:07.959+0000] {processor.py:208} INFO - Processing /home/ec2-user/environment/lab4_model_training/venv/lib64/python3.12/site-packages/airflow/example_dags/example_datasets.py took 0.098 seconds
[2026-03-12T00:43:06.749+0000] {processor.py:186} INFO - Started process (PID=4935) to work on /home/ec2-user/environment/lab4_model_training/venv/lib64/python3.12/site-packages/airflow/example_dags/example_datasets.py
[2026-03-12T00:43:06.750+0000] {processor.py:914} INFO - Processing file /home/ec2-user/environment/lab4_model_training/venv/lib64/python3.12/site-packages/airflow/example_dags/example_datasets.py for tasks to queue
[2026-03-12T00:43:06.752+0000] {logging_mixin.py:190} INFO - [2026-03-12T00:43:06.752+0000] {dagbag.py:588} INFO - Filling up the DagBag from /home/ec2-user/environment/lab4_model_training/venv/lib64/python3.12/site-packages/airflow/example_dags/example_datasets.py
[2026-03-12T00:43:06.765+0000] {processor.py:925} INFO - DAG(s) 'dataset_consumes_1_never_scheduled', 'dataset_produces_2', 'dataset_consumes_1_and_2', 'consume_1_and_2_with_dataset_expressions', 'conditional_dataset_and_time_based_timetable', 'dataset_consumes_unknown_never_scheduled', 'consume_1_or_both_2_and_3_with_dataset_expressions', 'dataset_produces_1', 'dataset_consumes_1', 'consume_1_or_2_with_dataset_expressions' retrieved from /home/ec2-user/environment/lab4_model_training/venv/lib64/python3.12/site-packages/airflow/example_dags/example_datasets.py
[2026-03-12T00:43:06.792+0000] {logging_mixin.py:190} INFO - [2026-03-12T00:43:06.791+0000] {dag.py:3239} INFO - Sync 10 DAGs
[2026-03-12T00:43:06.809+0000] {logging_mixin.py:190} INFO - [2026-03-12T00:43:06.809+0000] {dag.py:4180} INFO - Setting next_dagrun for conditional_dataset_and_time_based_timetable to 2026-03-11 01:00:00+00:00, run_after=2026-03-11 01:00:00+00:00
[2026-03-12T00:43:06.812+0000] {logging_mixin.py:190} INFO - [2026-03-12T00:43:06.812+0000] {dag.py:4180} INFO - Setting next_dagrun for consume_1_and_2_with_dataset_expressions to None, run_after=None
[2026-03-12T00:43:06.813+0000] {logging_mixin.py:190} INFO - [2026-03-12T00:43:06.813+0000] {dag.py:4180} INFO - Setting next_dagrun for consume_1_or_2_with_dataset_expressions to None, run_after=None
[2026-03-12T00:43:06.814+0000] {logging_mixin.py:190} INFO - [2026-03-12T00:43:06.814+0000] {dag.py:4180} INFO - Setting next_dagrun for consume_1_or_both_2_and_3_with_dataset_expressions to None, run_after=None
[2026-03-12T00:43:06.814+0000] {logging_mixin.py:190} INFO - [2026-03-12T00:43:06.814+0000] {dag.py:4180} INFO - Setting next_dagrun for dataset_consumes_1 to None, run_after=None
[2026-03-12T00:43:06.815+0000] {logging_mixin.py:190} INFO - [2026-03-12T00:43:06.815+0000] {dag.py:4180} INFO - Setting next_dagrun for dataset_consumes_1_and_2 to None, run_after=None
[2026-03-12T00:43:06.815+0000] {logging_mixin.py:190} INFO - [2026-03-12T00:43:06.815+0000] {dag.py:4180} INFO - Setting next_dagrun for dataset_consumes_1_never_scheduled to None, run_after=None
[2026-03-12T00:43:06.816+0000] {logging_mixin.py:190} INFO - [2026-03-12T00:43:06.816+0000] {dag.py:4180} INFO - Setting next_dagrun for dataset_consumes_unknown_never_scheduled to None, run_after=None
[2026-03-12T00:43:06.817+0000] {logging_mixin.py:190} INFO - [2026-03-12T00:43:06.817+0000] {dag.py:4180} INFO - Setting next_dagrun for dataset_produces_1 to 2026-03-11 00:00:00+00:00, run_after=2026-03-12 00:00:00+00:00
[2026-03-12T00:43:06.818+0000] {logging_mixin.py:190} INFO - [2026-03-12T00:43:06.818+0000] {dag.py:4180} INFO - Setting next_dagrun for dataset_produces_2 to None, run_after=None
[2026-03-12T00:43:06.843+0000] {processor.py:208} INFO - Processing /home/ec2-user/environment/lab4_model_training/venv/lib64/python3.12/site-packages/airflow/example_dags/example_datasets.py took 0.098 seconds
[2026-03-12T00:44:02.982+0000] {processor.py:186} INFO - Started process (PID=5015) to work on /home/ec2-user/environment/lab4_model_training/venv/lib64/python3.12/site-packages/airflow/example_dags/example_datasets.py
[2026-03-12T00:44:02.983+0000] {processor.py:914} INFO - Processing file /home/ec2-user/environment/lab4_model_training/venv/lib64/python3.12/site-packages/airflow/example_dags/example_datasets.py for tasks to queue
[2026-03-12T00:44:02.986+0000] {logging_mixin.py:190} INFO - [2026-03-12T00:44:02.985+0000] {dagbag.py:588} INFO - Filling up the DagBag from /home/ec2-user/environment/lab4_model_training/venv/lib64/python3.12/site-packages/airflow/example_dags/example_datasets.py
[2026-03-12T00:44:02.998+0000] {processor.py:925} INFO - DAG(s) 'dataset_consumes_1_and_2', 'consume_1_or_2_with_dataset_expressions', 'dataset_consumes_1_never_scheduled', 'dataset_produces_2', 'conditional_dataset_and_time_based_timetable', 'dataset_consumes_1', 'dataset_produces_1', 'consume_1_or_both_2_and_3_with_dataset_expressions', 'consume_1_and_2_with_dataset_expressions', 'dataset_consumes_unknown_never_scheduled' retrieved from /home/ec2-user/environment/lab4_model_training/venv/lib64/python3.12/site-packages/airflow/example_dags/example_datasets.py
[2026-03-12T00:44:03.025+0000] {logging_mixin.py:190} INFO - [2026-03-12T00:44:03.025+0000] {dag.py:3239} INFO - Sync 10 DAGs
[2026-03-12T00:44:03.043+0000] {logging_mixin.py:190} INFO - [2026-03-12T00:44:03.043+0000] {dag.py:4180} INFO - Setting next_dagrun for conditional_dataset_and_time_based_timetable to 2026-03-11 01:00:00+00:00, run_after=2026-03-11 01:00:00+00:00
[2026-03-12T00:44:03.046+0000] {logging_mixin.py:190} INFO - [2026-03-12T00:44:03.046+0000] {dag.py:4180} INFO - Setting next_dagrun for consume_1_and_2_with_dataset_expressions to None, run_after=None
[2026-03-12T00:44:03.046+0000] {logging_mixin.py:190} INFO - [2026-03-12T00:44:03.046+0000] {dag.py:4180} INFO - Setting next_dagrun for consume_1_or_2_with_dataset_expressions to None, run_after=None
[2026-03-12T00:44:03.047+0000] {logging_mixin.py:190} INFO - [2026-03-12T00:44:03.047+0000] {dag.py:4180} INFO - Setting next_dagrun for consume_1_or_both_2_and_3_with_dataset_expressions to None, run_after=None
[2026-03-12T00:44:03.047+0000] {logging_mixin.py:190} INFO - [2026-03-12T00:44:03.047+0000] {dag.py:4180} INFO - Setting next_dagrun for dataset_consumes_1 to None, run_after=None
[2026-03-12T00:44:03.048+0000] {logging_mixin.py:190} INFO - [2026-03-12T00:44:03.048+0000] {dag.py:4180} INFO - Setting next_dagrun for dataset_consumes_1_and_2 to None, run_after=None
[2026-03-12T00:44:03.049+0000] {logging_mixin.py:190} INFO - [2026-03-12T00:44:03.049+0000] {dag.py:4180} INFO - Setting next_dagrun for dataset_consumes_1_never_scheduled to None, run_after=None
[2026-03-12T00:44:03.049+0000] {logging_mixin.py:190} INFO - [2026-03-12T00:44:03.049+0000] {dag.py:4180} INFO - Setting next_dagrun for dataset_consumes_unknown_never_scheduled to None, run_after=None
[2026-03-12T00:44:03.051+0000] {logging_mixin.py:190} INFO - [2026-03-12T00:44:03.051+0000] {dag.py:4180} INFO - Setting next_dagrun for dataset_produces_1 to 2026-03-11 00:00:00+00:00, run_after=2026-03-12 00:00:00+00:00
[2026-03-12T00:44:03.052+0000] {logging_mixin.py:190} INFO - [2026-03-12T00:44:03.052+0000] {dag.py:4180} INFO - Setting next_dagrun for dataset_produces_2 to None, run_after=None
[2026-03-12T00:44:03.085+0000] {processor.py:208} INFO - Processing /home/ec2-user/environment/lab4_model_training/venv/lib64/python3.12/site-packages/airflow/example_dags/example_datasets.py took 0.107 seconds
[2026-03-12T00:45:09.921+0000] {processor.py:186} INFO - Started process (PID=5182) to work on /home/ec2-user/environment/lab4_model_training/venv/lib64/python3.12/site-packages/airflow/example_dags/example_datasets.py
[2026-03-12T00:45:09.922+0000] {processor.py:914} INFO - Processing file /home/ec2-user/environment/lab4_model_training/venv/lib64/python3.12/site-packages/airflow/example_dags/example_datasets.py for tasks to queue
[2026-03-12T00:45:09.925+0000] {logging_mixin.py:190} INFO - [2026-03-12T00:45:09.924+0000] {dagbag.py:588} INFO - Filling up the DagBag from /home/ec2-user/environment/lab4_model_training/venv/lib64/python3.12/site-packages/airflow/example_dags/example_datasets.py
[2026-03-12T00:45:09.940+0000] {processor.py:925} INFO - DAG(s) 'conditional_dataset_and_time_based_timetable', 'consume_1_or_both_2_and_3_with_dataset_expressions', 'dataset_produces_2', 'dataset_consumes_1_never_scheduled', 'dataset_consumes_unknown_never_scheduled', 'dataset_consumes_1', 'dataset_consumes_1_and_2', 'consume_1_or_2_with_dataset_expressions', 'dataset_produces_1', 'consume_1_and_2_with_dataset_expressions' retrieved from /home/ec2-user/environment/lab4_model_training/venv/lib64/python3.12/site-packages/airflow/example_dags/example_datasets.py
[2026-03-12T00:45:09.967+0000] {logging_mixin.py:190} INFO - [2026-03-12T00:45:09.967+0000] {dag.py:3239} INFO - Sync 10 DAGs
[2026-03-12T00:45:09.986+0000] {logging_mixin.py:190} INFO - [2026-03-12T00:45:09.986+0000] {dag.py:4180} INFO - Setting next_dagrun for conditional_dataset_and_time_based_timetable to 2026-03-11 01:00:00+00:00, run_after=2026-03-11 01:00:00+00:00
[2026-03-12T00:45:09.989+0000] {logging_mixin.py:190} INFO - [2026-03-12T00:45:09.989+0000] {dag.py:4180} INFO - Setting next_dagrun for consume_1_and_2_with_dataset_expressions to None, run_after=None
[2026-03-12T00:45:09.990+0000] {logging_mixin.py:190} INFO - [2026-03-12T00:45:09.990+0000] {dag.py:4180} INFO - Setting next_dagrun for consume_1_or_2_with_dataset_expressions to None, run_after=None
[2026-03-12T00:45:09.990+0000] {logging_mixin.py:190} INFO - [2026-03-12T00:45:09.990+0000] {dag.py:4180} INFO - Setting next_dagrun for consume_1_or_both_2_and_3_with_dataset_expressions to None, run_after=None
[2026-03-12T00:45:09.991+0000] {logging_mixin.py:190} INFO - [2026-03-12T00:45:09.991+0000] {dag.py:4180} INFO - Setting next_dagrun for dataset_consumes_1 to None, run_after=None
[2026-03-12T00:45:09.992+0000] {logging_mixin.py:190} INFO - [2026-03-12T00:45:09.992+0000] {dag.py:4180} INFO - Setting next_dagrun for dataset_consumes_1_and_2 to None, run_after=None
[2026-03-12T00:45:09.992+0000] {logging_mixin.py:190} INFO - [2026-03-12T00:45:09.992+0000] {dag.py:4180} INFO - Setting next_dagrun for dataset_consumes_1_never_scheduled to None, run_after=None
[2026-03-12T00:45:09.993+0000] {logging_mixin.py:190} INFO - [2026-03-12T00:45:09.993+0000] {dag.py:4180} INFO - Setting next_dagrun for dataset_consumes_unknown_never_scheduled to None, run_after=None
[2026-03-12T00:45:09.995+0000] {logging_mixin.py:190} INFO - [2026-03-12T00:45:09.994+0000] {dag.py:4180} INFO - Setting next_dagrun for dataset_produces_1 to 2026-03-11 00:00:00+00:00, run_after=2026-03-12 00:00:00+00:00
[2026-03-12T00:45:09.995+0000] {logging_mixin.py:190} INFO - [2026-03-12T00:45:09.995+0000] {dag.py:4180} INFO - Setting next_dagrun for dataset_produces_2 to None, run_after=None
[2026-03-12T00:45:10.021+0000] {processor.py:208} INFO - Processing /home/ec2-user/environment/lab4_model_training/venv/lib64/python3.12/site-packages/airflow/example_dags/example_datasets.py took 0.104 seconds
[2026-03-12T00:46:07.875+0000] {processor.py:186} INFO - Started process (PID=5310) to work on /home/ec2-user/environment/lab4_model_training/venv/lib64/python3.12/site-packages/airflow/example_dags/example_datasets.py
[2026-03-12T00:46:07.876+0000] {processor.py:914} INFO - Processing file /home/ec2-user/environment/lab4_model_training/venv/lib64/python3.12/site-packages/airflow/example_dags/example_datasets.py for tasks to queue
[2026-03-12T00:46:07.878+0000] {logging_mixin.py:190} INFO - [2026-03-12T00:46:07.877+0000] {dagbag.py:588} INFO - Filling up the DagBag from /home/ec2-user/environment/lab4_model_training/venv/lib64/python3.12/site-packages/airflow/example_dags/example_datasets.py
[2026-03-12T00:46:07.896+0000] {processor.py:925} INFO - DAG(s) 'consume_1_or_both_2_and_3_with_dataset_expressions', 'conditional_dataset_and_time_based_timetable', 'dataset_consumes_unknown_never_scheduled', 'consume_1_and_2_with_dataset_expressions', 'dataset_produces_2', 'dataset_consumes_1', 'consume_1_or_2_with_dataset_expressions', 'dataset_consumes_1_and_2', 'dataset_produces_1', 'dataset_consumes_1_never_scheduled' retrieved from /home/ec2-user/environment/lab4_model_training/venv/lib64/python3.12/site-packages/airflow/example_dags/example_datasets.py
[2026-03-12T00:46:07.928+0000] {logging_mixin.py:190} INFO - [2026-03-12T00:46:07.927+0000] {dag.py:3239} INFO - Sync 10 DAGs
[2026-03-12T00:46:07.950+0000] {logging_mixin.py:190} INFO - [2026-03-12T00:46:07.949+0000] {dag.py:4180} INFO - Setting next_dagrun for conditional_dataset_and_time_based_timetable to 2026-03-11 01:00:00+00:00, run_after=2026-03-11 01:00:00+00:00
[2026-03-12T00:46:07.953+0000] {logging_mixin.py:190} INFO - [2026-03-12T00:46:07.953+0000] {dag.py:4180} INFO - Setting next_dagrun for consume_1_and_2_with_dataset_expressions to None, run_after=None
[2026-03-12T00:46:07.954+0000] {logging_mixin.py:190} INFO - [2026-03-12T00:46:07.954+0000] {dag.py:4180} INFO - Setting next_dagrun for consume_1_or_2_with_dataset_expressions to None, run_after=None
[2026-03-12T00:46:07.955+0000] {logging_mixin.py:190} INFO - [2026-03-12T00:46:07.955+0000] {dag.py:4180} INFO - Setting next_dagrun for consume_1_or_both_2_and_3_with_dataset_expressions to None, run_after=None
[2026-03-12T00:46:07.956+0000] {logging_mixin.py:190} INFO - [2026-03-12T00:46:07.956+0000] {dag.py:4180} INFO - Setting next_dagrun for dataset_consumes_1 to None, run_after=None
[2026-03-12T00:46:07.957+0000] {logging_mixin.py:190} INFO - [2026-03-12T00:46:07.956+0000] {dag.py:4180} INFO - Setting next_dagrun for dataset_consumes_1_and_2 to None, run_after=None
[2026-03-12T00:46:07.957+0000] {logging_mixin.py:190} INFO - [2026-03-12T00:46:07.957+0000] {dag.py:4180} INFO - Setting next_dagrun for dataset_consumes_1_never_scheduled to None, run_after=None
[2026-03-12T00:46:07.959+0000] {logging_mixin.py:190} INFO - [2026-03-12T00:46:07.959+0000] {dag.py:4180} INFO - Setting next_dagrun for dataset_consumes_unknown_never_scheduled to None, run_after=None
[2026-03-12T00:46:07.961+0000] {logging_mixin.py:190} INFO - [2026-03-12T00:46:07.961+0000] {dag.py:4180} INFO - Setting next_dagrun for dataset_produces_1 to 2026-03-11 00:00:00+00:00, run_after=2026-03-12 00:00:00+00:00
[2026-03-12T00:46:07.962+0000] {logging_mixin.py:190} INFO - [2026-03-12T00:46:07.962+0000] {dag.py:4180} INFO - Setting next_dagrun for dataset_produces_2 to None, run_after=None
[2026-03-12T00:46:07.994+0000] {processor.py:208} INFO - Processing /home/ec2-user/environment/lab4_model_training/venv/lib64/python3.12/site-packages/airflow/example_dags/example_datasets.py took 0.124 seconds
[2026-03-12T00:47:05.207+0000] {processor.py:186} INFO - Started process (PID=5395) to work on /home/ec2-user/environment/lab4_model_training/venv/lib64/python3.12/site-packages/airflow/example_dags/example_datasets.py
[2026-03-12T00:47:05.208+0000] {processor.py:914} INFO - Processing file /home/ec2-user/environment/lab4_model_training/venv/lib64/python3.12/site-packages/airflow/example_dags/example_datasets.py for tasks to queue
[2026-03-12T00:47:05.209+0000] {logging_mixin.py:190} INFO - [2026-03-12T00:47:05.209+0000] {dagbag.py:588} INFO - Filling up the DagBag from /home/ec2-user/environment/lab4_model_training/venv/lib64/python3.12/site-packages/airflow/example_dags/example_datasets.py
[2026-03-12T00:47:05.223+0000] {processor.py:925} INFO - DAG(s) 'dataset_consumes_unknown_never_scheduled', 'dataset_produces_2', 'dataset_consumes_1_and_2', 'dataset_consumes_1_never_scheduled', 'conditional_dataset_and_time_based_timetable', 'dataset_consumes_1', 'consume_1_and_2_with_dataset_expressions', 'consume_1_or_2_with_dataset_expressions', 'consume_1_or_both_2_and_3_with_dataset_expressions', 'dataset_produces_1' retrieved from /home/ec2-user/environment/lab4_model_training/venv/lib64/python3.12/site-packages/airflow/example_dags/example_datasets.py
[2026-03-12T00:47:05.249+0000] {logging_mixin.py:190} INFO - [2026-03-12T00:47:05.249+0000] {dag.py:3239} INFO - Sync 10 DAGs
[2026-03-12T00:47:05.267+0000] {logging_mixin.py:190} INFO - [2026-03-12T00:47:05.267+0000] {dag.py:4180} INFO - Setting next_dagrun for conditional_dataset_and_time_based_timetable to 2026-03-11 01:00:00+00:00, run_after=2026-03-11 01:00:00+00:00
[2026-03-12T00:47:05.270+0000] {logging_mixin.py:190} INFO - [2026-03-12T00:47:05.270+0000] {dag.py:4180} INFO - Setting next_dagrun for consume_1_and_2_with_dataset_expressions to None, run_after=None
[2026-03-12T00:47:05.271+0000] {logging_mixin.py:190} INFO - [2026-03-12T00:47:05.271+0000] {dag.py:4180} INFO - Setting next_dagrun for consume_1_or_2_with_dataset_expressions to None, run_after=None
[2026-03-12T00:47:05.271+0000] {logging_mixin.py:190} INFO - [2026-03-12T00:47:05.271+0000] {dag.py:4180} INFO - Setting next_dagrun for consume_1_or_both_2_and_3_with_dataset_expressions to None, run_after=None
[2026-03-12T00:47:05.272+0000] {logging_mixin.py:190} INFO - [2026-03-12T00:47:05.272+0000] {dag.py:4180} INFO - Setting next_dagrun for dataset_consumes_1 to None, run_after=None
[2026-03-12T00:47:05.273+0000] {logging_mixin.py:190} INFO - [2026-03-12T00:47:05.272+0000] {dag.py:4180} INFO - Setting next_dagrun for dataset_consumes_1_and_2 to None, run_after=None
[2026-03-12T00:47:05.273+0000] {logging_mixin.py:190} INFO - [2026-03-12T00:47:05.273+0000] {dag.py:4180} INFO - Setting next_dagrun for dataset_consumes_1_never_scheduled to None, run_after=None
[2026-03-12T00:47:05.274+0000] {logging_mixin.py:190} INFO - [2026-03-12T00:47:05.274+0000] {dag.py:4180} INFO - Setting next_dagrun for dataset_consumes_unknown_never_scheduled to None, run_after=None
[2026-03-12T00:47:05.275+0000] {logging_mixin.py:190} INFO - [2026-03-12T00:47:05.275+0000] {dag.py:4180} INFO - Setting next_dagrun for dataset_produces_1 to 2026-03-11 00:00:00+00:00, run_after=2026-03-12 00:00:00+00:00
[2026-03-12T00:47:05.276+0000] {logging_mixin.py:190} INFO - [2026-03-12T00:47:05.276+0000] {dag.py:4180} INFO - Setting next_dagrun for dataset_produces_2 to None, run_after=None
[2026-03-12T00:47:05.301+0000] {processor.py:208} INFO - Processing /home/ec2-user/environment/lab4_model_training/venv/lib64/python3.12/site-packages/airflow/example_dags/example_datasets.py took 0.099 seconds
[2026-03-12T00:48:03.061+0000] {processor.py:186} INFO - Started process (PID=5529) to work on /home/ec2-user/environment/lab4_model_training/venv/lib64/python3.12/site-packages/airflow/example_dags/example_datasets.py
[2026-03-12T00:48:03.062+0000] {processor.py:914} INFO - Processing file /home/ec2-user/environment/lab4_model_training/venv/lib64/python3.12/site-packages/airflow/example_dags/example_datasets.py for tasks to queue
[2026-03-12T00:48:03.064+0000] {logging_mixin.py:190} INFO - [2026-03-12T00:48:03.063+0000] {dagbag.py:588} INFO - Filling up the DagBag from /home/ec2-user/environment/lab4_model_training/venv/lib64/python3.12/site-packages/airflow/example_dags/example_datasets.py
[2026-03-12T00:48:03.076+0000] {processor.py:925} INFO - DAG(s) 'consume_1_or_both_2_and_3_with_dataset_expressions', 'dataset_consumes_1', 'consume_1_and_2_with_dataset_expressions', 'dataset_consumes_unknown_never_scheduled', 'dataset_consumes_1_and_2', 'conditional_dataset_and_time_based_timetable', 'dataset_consumes_1_never_scheduled', 'consume_1_or_2_with_dataset_expressions', 'dataset_produces_1', 'dataset_produces_2' retrieved from /home/ec2-user/environment/lab4_model_training/venv/lib64/python3.12/site-packages/airflow/example_dags/example_datasets.py
[2026-03-12T00:48:03.102+0000] {logging_mixin.py:190} INFO - [2026-03-12T00:48:03.102+0000] {dag.py:3239} INFO - Sync 10 DAGs
[2026-03-12T00:48:03.121+0000] {logging_mixin.py:190} INFO - [2026-03-12T00:48:03.121+0000] {dag.py:4180} INFO - Setting next_dagrun for conditional_dataset_and_time_based_timetable to 2026-03-11 01:00:00+00:00, run_after=2026-03-11 01:00:00+00:00
[2026-03-12T00:48:03.124+0000] {logging_mixin.py:190} INFO - [2026-03-12T00:48:03.124+0000] {dag.py:4180} INFO - Setting next_dagrun for consume_1_and_2_with_dataset_expressions to None, run_after=None
[2026-03-12T00:48:03.125+0000] {logging_mixin.py:190} INFO - [2026-03-12T00:48:03.125+0000] {dag.py:4180} INFO - Setting next_dagrun for consume_1_or_2_with_dataset_expressions to None, run_after=None
[2026-03-12T00:48:03.125+0000] {logging_mixin.py:190} INFO - [2026-03-12T00:48:03.125+0000] {dag.py:4180} INFO - Setting next_dagrun for consume_1_or_both_2_and_3_with_dataset_expressions to None, run_after=None
[2026-03-12T00:48:03.126+0000] {logging_mixin.py:190} INFO - [2026-03-12T00:48:03.126+0000] {dag.py:4180} INFO - Setting next_dagrun for dataset_consumes_1 to None, run_after=None
[2026-03-12T00:48:03.127+0000] {logging_mixin.py:190} INFO - [2026-03-12T00:48:03.127+0000] {dag.py:4180} INFO - Setting next_dagrun for dataset_consumes_1_and_2 to None, run_after=None
[2026-03-12T00:48:03.128+0000] {logging_mixin.py:190} INFO - [2026-03-12T00:48:03.128+0000] {dag.py:4180} INFO - Setting next_dagrun for dataset_consumes_1_never_scheduled to None, run_after=None
[2026-03-12T00:48:03.129+0000] {logging_mixin.py:190} INFO - [2026-03-12T00:48:03.129+0000] {dag.py:4180} INFO - Setting next_dagrun for dataset_consumes_unknown_never_scheduled to None, run_after=None
[2026-03-12T00:48:03.131+0000] {logging_mixin.py:190} INFO - [2026-03-12T00:48:03.131+0000] {dag.py:4180} INFO - Setting next_dagrun for dataset_produces_1 to 2026-03-11 00:00:00+00:00, run_after=2026-03-12 00:00:00+00:00
[2026-03-12T00:48:03.132+0000] {logging_mixin.py:190} INFO - [2026-03-12T00:48:03.132+0000] {dag.py:4180} INFO - Setting next_dagrun for dataset_produces_2 to None, run_after=None
[2026-03-12T00:48:03.159+0000] {processor.py:208} INFO - Processing /home/ec2-user/environment/lab4_model_training/venv/lib64/python3.12/site-packages/airflow/example_dags/example_datasets.py took 0.103 seconds
[2026-03-12T00:49:19.293+0000] {processor.py:186} INFO - Started process (PID=5651) to work on /home/ec2-user/environment/lab4_model_training/venv/lib64/python3.12/site-packages/airflow/example_dags/example_datasets.py
[2026-03-12T00:49:19.294+0000] {processor.py:914} INFO - Processing file /home/ec2-user/environment/lab4_model_training/venv/lib64/python3.12/site-packages/airflow/example_dags/example_datasets.py for tasks to queue
[2026-03-12T00:49:19.296+0000] {logging_mixin.py:190} INFO - [2026-03-12T00:49:19.295+0000] {dagbag.py:588} INFO - Filling up the DagBag from /home/ec2-user/environment/lab4_model_training/venv/lib64/python3.12/site-packages/airflow/example_dags/example_datasets.py
[2026-03-12T00:49:19.309+0000] {processor.py:925} INFO - DAG(s) 'consume_1_or_both_2_and_3_with_dataset_expressions', 'conditional_dataset_and_time_based_timetable', 'dataset_produces_1', 'dataset_consumes_1_never_scheduled', 'dataset_consumes_1_and_2', 'consume_1_or_2_with_dataset_expressions', 'dataset_consumes_unknown_never_scheduled', 'consume_1_and_2_with_dataset_expressions', 'dataset_consumes_1', 'dataset_produces_2' retrieved from /home/ec2-user/environment/lab4_model_training/venv/lib64/python3.12/site-packages/airflow/example_dags/example_datasets.py
[2026-03-12T00:49:19.335+0000] {logging_mixin.py:190} INFO - [2026-03-12T00:49:19.335+0000] {dag.py:3239} INFO - Sync 10 DAGs
[2026-03-12T00:49:19.353+0000] {logging_mixin.py:190} INFO - [2026-03-12T00:49:19.353+0000] {dag.py:4180} INFO - Setting next_dagrun for conditional_dataset_and_time_based_timetable to 2026-03-11 01:00:00+00:00, run_after=2026-03-11 01:00:00+00:00
[2026-03-12T00:49:19.356+0000] {logging_mixin.py:190} INFO - [2026-03-12T00:49:19.356+0000] {dag.py:4180} INFO - Setting next_dagrun for consume_1_and_2_with_dataset_expressions to None, run_after=None
[2026-03-12T00:49:19.357+0000] {logging_mixin.py:190} INFO - [2026-03-12T00:49:19.357+0000] {dag.py:4180} INFO - Setting next_dagrun for consume_1_or_2_with_dataset_expressions to None, run_after=None
[2026-03-12T00:49:19.358+0000] {logging_mixin.py:190} INFO - [2026-03-12T00:49:19.358+0000] {dag.py:4180} INFO - Setting next_dagrun for consume_1_or_both_2_and_3_with_dataset_expressions to None, run_after=None
[2026-03-12T00:49:19.359+0000] {logging_mixin.py:190} INFO - [2026-03-12T00:49:19.359+0000] {dag.py:4180} INFO - Setting next_dagrun for dataset_consumes_1 to None, run_after=None
[2026-03-12T00:49:19.359+0000] {logging_mixin.py:190} INFO - [2026-03-12T00:49:19.359+0000] {dag.py:4180} INFO - Setting next_dagrun for dataset_consumes_1_and_2 to None, run_after=None
[2026-03-12T00:49:19.360+0000] {logging_mixin.py:190} INFO - [2026-03-12T00:49:19.360+0000] {dag.py:4180} INFO - Setting next_dagrun for dataset_consumes_1_never_scheduled to None, run_after=None
[2026-03-12T00:49:19.361+0000] {logging_mixin.py:190} INFO - [2026-03-12T00:49:19.361+0000] {dag.py:4180} INFO - Setting next_dagrun for dataset_consumes_unknown_never_scheduled to None, run_after=None
[2026-03-12T00:49:19.362+0000] {logging_mixin.py:190} INFO - [2026-03-12T00:49:19.362+0000] {dag.py:4180} INFO - Setting next_dagrun for dataset_produces_1 to 2026-03-11 00:00:00+00:00, run_after=2026-03-12 00:00:00+00:00
[2026-03-12T00:49:19.363+0000] {logging_mixin.py:190} INFO - [2026-03-12T00:49:19.363+0000] {dag.py:4180} INFO - Setting next_dagrun for dataset_produces_2 to None, run_after=None
[2026-03-12T00:49:19.388+0000] {processor.py:208} INFO - Processing /home/ec2-user/environment/lab4_model_training/venv/lib64/python3.12/site-packages/airflow/example_dags/example_datasets.py took 0.100 seconds
[2026-03-12T00:50:16.048+0000] {processor.py:186} INFO - Started process (PID=5793) to work on /home/ec2-user/environment/lab4_model_training/venv/lib64/python3.12/site-packages/airflow/example_dags/example_datasets.py
[2026-03-12T00:50:16.049+0000] {processor.py:914} INFO - Processing file /home/ec2-user/environment/lab4_model_training/venv/lib64/python3.12/site-packages/airflow/example_dags/example_datasets.py for tasks to queue
[2026-03-12T00:50:16.052+0000] {logging_mixin.py:190} INFO - [2026-03-12T00:50:16.051+0000] {dagbag.py:588} INFO - Filling up the DagBag from /home/ec2-user/environment/lab4_model_training/venv/lib64/python3.12/site-packages/airflow/example_dags/example_datasets.py
[2026-03-12T00:50:16.069+0000] {processor.py:925} INFO - DAG(s) 'conditional_dataset_and_time_based_timetable', 'consume_1_or_both_2_and_3_with_dataset_expressions', 'dataset_consumes_unknown_never_scheduled', 'dataset_produces_1', 'consume_1_and_2_with_dataset_expressions', 'dataset_consumes_1', 'dataset_produces_2', 'consume_1_or_2_with_dataset_expressions', 'dataset_consumes_1_and_2', 'dataset_consumes_1_never_scheduled' retrieved from /home/ec2-user/environment/lab4_model_training/venv/lib64/python3.12/site-packages/airflow/example_dags/example_datasets.py
[2026-03-12T00:50:16.099+0000] {logging_mixin.py:190} INFO - [2026-03-12T00:50:16.099+0000] {dag.py:3239} INFO - Sync 10 DAGs
[2026-03-12T00:50:16.120+0000] {logging_mixin.py:190} INFO - [2026-03-12T00:50:16.120+0000] {dag.py:4180} INFO - Setting next_dagrun for conditional_dataset_and_time_based_timetable to 2026-03-11 01:00:00+00:00, run_after=2026-03-11 01:00:00+00:00
[2026-03-12T00:50:16.123+0000] {logging_mixin.py:190} INFO - [2026-03-12T00:50:16.123+0000] {dag.py:4180} INFO - Setting next_dagrun for consume_1_and_2_with_dataset_expressions to None, run_after=None
[2026-03-12T00:50:16.124+0000] {logging_mixin.py:190} INFO - [2026-03-12T00:50:16.124+0000] {dag.py:4180} INFO - Setting next_dagrun for consume_1_or_2_with_dataset_expressions to None, run_after=None
[2026-03-12T00:50:16.125+0000] {logging_mixin.py:190} INFO - [2026-03-12T00:50:16.125+0000] {dag.py:4180} INFO - Setting next_dagrun for consume_1_or_both_2_and_3_with_dataset_expressions to None, run_after=None
[2026-03-12T00:50:16.126+0000] {logging_mixin.py:190} INFO - [2026-03-12T00:50:16.126+0000] {dag.py:4180} INFO - Setting next_dagrun for dataset_consumes_1 to None, run_after=None
[2026-03-12T00:50:16.127+0000] {logging_mixin.py:190} INFO - [2026-03-12T00:50:16.127+0000] {dag.py:4180} INFO - Setting next_dagrun for dataset_consumes_1_and_2 to None, run_after=None
[2026-03-12T00:50:16.128+0000] {logging_mixin.py:190} INFO - [2026-03-12T00:50:16.128+0000] {dag.py:4180} INFO - Setting next_dagrun for dataset_consumes_1_never_scheduled to None, run_after=None
[2026-03-12T00:50:16.129+0000] {logging_mixin.py:190} INFO - [2026-03-12T00:50:16.128+0000] {dag.py:4180} INFO - Setting next_dagrun for dataset_consumes_unknown_never_scheduled to None, run_after=None
[2026-03-12T00:50:16.131+0000] {logging_mixin.py:190} INFO - [2026-03-12T00:50:16.131+0000] {dag.py:4180} INFO - Setting next_dagrun for dataset_produces_1 to 2026-03-11 00:00:00+00:00, run_after=2026-03-12 00:00:00+00:00
[2026-03-12T00:50:16.132+0000] {logging_mixin.py:190} INFO - [2026-03-12T00:50:16.132+0000] {dag.py:4180} INFO - Setting next_dagrun for dataset_produces_2 to None, run_after=None
[2026-03-12T00:50:16.164+0000] {processor.py:208} INFO - Processing /home/ec2-user/environment/lab4_model_training/venv/lib64/python3.12/site-packages/airflow/example_dags/example_datasets.py took 0.121 seconds
[2026-03-12T00:51:14.220+0000] {processor.py:186} INFO - Started process (PID=6040) to work on /home/ec2-user/environment/lab4_model_training/venv/lib64/python3.12/site-packages/airflow/example_dags/example_datasets.py
[2026-03-12T00:51:14.222+0000] {processor.py:914} INFO - Processing file /home/ec2-user/environment/lab4_model_training/venv/lib64/python3.12/site-packages/airflow/example_dags/example_datasets.py for tasks to queue
[2026-03-12T00:51:14.223+0000] {logging_mixin.py:190} INFO - [2026-03-12T00:51:14.223+0000] {dagbag.py:588} INFO - Filling up the DagBag from /home/ec2-user/environment/lab4_model_training/venv/lib64/python3.12/site-packages/airflow/example_dags/example_datasets.py
[2026-03-12T00:51:14.237+0000] {processor.py:925} INFO - DAG(s) 'dataset_consumes_1', 'consume_1_and_2_with_dataset_expressions', 'consume_1_or_2_with_dataset_expressions', 'consume_1_or_both_2_and_3_with_dataset_expressions', 'conditional_dataset_and_time_based_timetable', 'dataset_produces_2', 'dataset_consumes_1_and_2', 'dataset_consumes_1_never_scheduled', 'dataset_produces_1', 'dataset_consumes_unknown_never_scheduled' retrieved from /home/ec2-user/environment/lab4_model_training/venv/lib64/python3.12/site-packages/airflow/example_dags/example_datasets.py
[2026-03-12T00:51:14.264+0000] {logging_mixin.py:190} INFO - [2026-03-12T00:51:14.263+0000] {dag.py:3239} INFO - Sync 10 DAGs
[2026-03-12T00:51:14.281+0000] {logging_mixin.py:190} INFO - [2026-03-12T00:51:14.281+0000] {dag.py:4180} INFO - Setting next_dagrun for conditional_dataset_and_time_based_timetable to 2026-03-11 01:00:00+00:00, run_after=2026-03-11 01:00:00+00:00
[2026-03-12T00:51:14.284+0000] {logging_mixin.py:190} INFO - [2026-03-12T00:51:14.284+0000] {dag.py:4180} INFO - Setting next_dagrun for consume_1_and_2_with_dataset_expressions to None, run_after=None
[2026-03-12T00:51:14.285+0000] {logging_mixin.py:190} INFO - [2026-03-12T00:51:14.284+0000] {dag.py:4180} INFO - Setting next_dagrun for consume_1_or_2_with_dataset_expressions to None, run_after=None
[2026-03-12T00:51:14.285+0000] {logging_mixin.py:190} INFO - [2026-03-12T00:51:14.285+0000] {dag.py:4180} INFO - Setting next_dagrun for consume_1_or_both_2_and_3_with_dataset_expressions to None, run_after=None
[2026-03-12T00:51:14.286+0000] {logging_mixin.py:190} INFO - [2026-03-12T00:51:14.286+0000] {dag.py:4180} INFO - Setting next_dagrun for dataset_consumes_1 to None, run_after=None
[2026-03-12T00:51:14.286+0000] {logging_mixin.py:190} INFO - [2026-03-12T00:51:14.286+0000] {dag.py:4180} INFO - Setting next_dagrun for dataset_consumes_1_and_2 to None, run_after=None
[2026-03-12T00:51:14.287+0000] {logging_mixin.py:190} INFO - [2026-03-12T00:51:14.287+0000] {dag.py:4180} INFO - Setting next_dagrun for dataset_consumes_1_never_scheduled to None, run_after=None
[2026-03-12T00:51:14.288+0000] {logging_mixin.py:190} INFO - [2026-03-12T00:51:14.287+0000] {dag.py:4180} INFO - Setting next_dagrun for dataset_consumes_unknown_never_scheduled to None, run_after=None
[2026-03-12T00:51:14.290+0000] {logging_mixin.py:190} INFO - [2026-03-12T00:51:14.290+0000] {dag.py:4180} INFO - Setting next_dagrun for dataset_produces_1 to 2026-03-11 00:00:00+00:00, run_after=2026-03-12 00:00:00+00:00
[2026-03-12T00:51:14.290+0000] {logging_mixin.py:190} INFO - [2026-03-12T00:51:14.290+0000] {dag.py:4180} INFO - Setting next_dagrun for dataset_produces_2 to None, run_after=None
[2026-03-12T00:51:14.314+0000] {processor.py:208} INFO - Processing /home/ec2-user/environment/lab4_model_training/venv/lib64/python3.12/site-packages/airflow/example_dags/example_datasets.py took 0.098 seconds
[2026-03-12T00:52:13.736+0000] {processor.py:186} INFO - Started process (PID=6246) to work on /home/ec2-user/environment/lab4_model_training/venv/lib64/python3.12/site-packages/airflow/example_dags/example_datasets.py
[2026-03-12T00:52:13.738+0000] {processor.py:914} INFO - Processing file /home/ec2-user/environment/lab4_model_training/venv/lib64/python3.12/site-packages/airflow/example_dags/example_datasets.py for tasks to queue
[2026-03-12T00:52:13.739+0000] {logging_mixin.py:190} INFO - [2026-03-12T00:52:13.739+0000] {dagbag.py:588} INFO - Filling up the DagBag from /home/ec2-user/environment/lab4_model_training/venv/lib64/python3.12/site-packages/airflow/example_dags/example_datasets.py
[2026-03-12T00:52:13.752+0000] {processor.py:925} INFO - DAG(s) 'consume_1_or_both_2_and_3_with_dataset_expressions', 'dataset_consumes_1_and_2', 'conditional_dataset_and_time_based_timetable', 'dataset_consumes_1', 'dataset_consumes_unknown_never_scheduled', 'consume_1_and_2_with_dataset_expressions', 'consume_1_or_2_with_dataset_expressions', 'dataset_produces_2', 'dataset_consumes_1_never_scheduled', 'dataset_produces_1' retrieved from /home/ec2-user/environment/lab4_model_training/venv/lib64/python3.12/site-packages/airflow/example_dags/example_datasets.py
[2026-03-12T00:52:13.779+0000] {logging_mixin.py:190} INFO - [2026-03-12T00:52:13.779+0000] {dag.py:3239} INFO - Sync 10 DAGs
[2026-03-12T00:52:13.798+0000] {logging_mixin.py:190} INFO - [2026-03-12T00:52:13.797+0000] {dag.py:4180} INFO - Setting next_dagrun for conditional_dataset_and_time_based_timetable to 2026-03-11 01:00:00+00:00, run_after=2026-03-11 01:00:00+00:00
[2026-03-12T00:52:13.800+0000] {logging_mixin.py:190} INFO - [2026-03-12T00:52:13.800+0000] {dag.py:4180} INFO - Setting next_dagrun for consume_1_and_2_with_dataset_expressions to None, run_after=None
[2026-03-12T00:52:13.801+0000] {logging_mixin.py:190} INFO - [2026-03-12T00:52:13.801+0000] {dag.py:4180} INFO - Setting next_dagrun for consume_1_or_2_with_dataset_expressions to None, run_after=None
[2026-03-12T00:52:13.802+0000] {logging_mixin.py:190} INFO - [2026-03-12T00:52:13.802+0000] {dag.py:4180} INFO - Setting next_dagrun for consume_1_or_both_2_and_3_with_dataset_expressions to None, run_after=None
[2026-03-12T00:52:13.802+0000] {logging_mixin.py:190} INFO - [2026-03-12T00:52:13.802+0000] {dag.py:4180} INFO - Setting next_dagrun for dataset_consumes_1 to None, run_after=None
[2026-03-12T00:52:13.803+0000] {logging_mixin.py:190} INFO - [2026-03-12T00:52:13.803+0000] {dag.py:4180} INFO - Setting next_dagrun for dataset_consumes_1_and_2 to None, run_after=None
[2026-03-12T00:52:13.803+0000] {logging_mixin.py:190} INFO - [2026-03-12T00:52:13.803+0000] {dag.py:4180} INFO - Setting next_dagrun for dataset_consumes_1_never_scheduled to None, run_after=None
[2026-03-12T00:52:13.804+0000] {logging_mixin.py:190} INFO - [2026-03-12T00:52:13.804+0000] {dag.py:4180} INFO - Setting next_dagrun for dataset_consumes_unknown_never_scheduled to None, run_after=None
[2026-03-12T00:52:13.806+0000] {logging_mixin.py:190} INFO - [2026-03-12T00:52:13.805+0000] {dag.py:4180} INFO - Setting next_dagrun for dataset_produces_1 to 2026-03-11 00:00:00+00:00, run_after=2026-03-12 00:00:00+00:00
[2026-03-12T00:52:13.806+0000] {logging_mixin.py:190} INFO - [2026-03-12T00:52:13.806+0000] {dag.py:4180} INFO - Setting next_dagrun for dataset_produces_2 to None, run_after=None
[2026-03-12T00:52:13.831+0000] {processor.py:208} INFO - Processing /home/ec2-user/environment/lab4_model_training/venv/lib64/python3.12/site-packages/airflow/example_dags/example_datasets.py took 0.099 seconds
[2026-03-12T00:53:13.210+0000] {processor.py:186} INFO - Started process (PID=6453) to work on /home/ec2-user/environment/lab4_model_training/venv/lib64/python3.12/site-packages/airflow/example_dags/example_datasets.py
[2026-03-12T00:53:13.212+0000] {processor.py:914} INFO - Processing file /home/ec2-user/environment/lab4_model_training/venv/lib64/python3.12/site-packages/airflow/example_dags/example_datasets.py for tasks to queue
[2026-03-12T00:53:13.213+0000] {logging_mixin.py:190} INFO - [2026-03-12T00:53:13.213+0000] {dagbag.py:588} INFO - Filling up the DagBag from /home/ec2-user/environment/lab4_model_training/venv/lib64/python3.12/site-packages/airflow/example_dags/example_datasets.py
[2026-03-12T00:53:13.227+0000] {processor.py:925} INFO - DAG(s) 'dataset_consumes_unknown_never_scheduled', 'conditional_dataset_and_time_based_timetable', 'consume_1_or_both_2_and_3_with_dataset_expressions', 'dataset_produces_1', 'consume_1_or_2_with_dataset_expressions', 'dataset_produces_2', 'dataset_consumes_1_and_2', 'dataset_consumes_1', 'dataset_consumes_1_never_scheduled', 'consume_1_and_2_with_dataset_expressions' retrieved from /home/ec2-user/environment/lab4_model_training/venv/lib64/python3.12/site-packages/airflow/example_dags/example_datasets.py
[2026-03-12T00:53:13.254+0000] {logging_mixin.py:190} INFO - [2026-03-12T00:53:13.254+0000] {dag.py:3239} INFO - Sync 10 DAGs
[2026-03-12T00:53:13.272+0000] {logging_mixin.py:190} INFO - [2026-03-12T00:53:13.271+0000] {dag.py:4180} INFO - Setting next_dagrun for conditional_dataset_and_time_based_timetable to 2026-03-11 01:00:00+00:00, run_after=2026-03-11 01:00:00+00:00
[2026-03-12T00:53:13.274+0000] {logging_mixin.py:190} INFO - [2026-03-12T00:53:13.274+0000] {dag.py:4180} INFO - Setting next_dagrun for consume_1_and_2_with_dataset_expressions to None, run_after=None
[2026-03-12T00:53:13.275+0000] {logging_mixin.py:190} INFO - [2026-03-12T00:53:13.275+0000] {dag.py:4180} INFO - Setting next_dagrun for consume_1_or_2_with_dataset_expressions to None, run_after=None
[2026-03-12T00:53:13.276+0000] {logging_mixin.py:190} INFO - [2026-03-12T00:53:13.275+0000] {dag.py:4180} INFO - Setting next_dagrun for consume_1_or_both_2_and_3_with_dataset_expressions to None, run_after=None
[2026-03-12T00:53:13.276+0000] {logging_mixin.py:190} INFO - [2026-03-12T00:53:13.276+0000] {dag.py:4180} INFO - Setting next_dagrun for dataset_consumes_1 to None, run_after=None
[2026-03-12T00:53:13.277+0000] {logging_mixin.py:190} INFO - [2026-03-12T00:53:13.277+0000] {dag.py:4180} INFO - Setting next_dagrun for dataset_consumes_1_and_2 to None, run_after=None
[2026-03-12T00:53:13.277+0000] {logging_mixin.py:190} INFO - [2026-03-12T00:53:13.277+0000] {dag.py:4180} INFO - Setting next_dagrun for dataset_consumes_1_never_scheduled to None, run_after=None
[2026-03-12T00:53:13.278+0000] {logging_mixin.py:190} INFO - [2026-03-12T00:53:13.278+0000] {dag.py:4180} INFO - Setting next_dagrun for dataset_consumes_unknown_never_scheduled to None, run_after=None
[2026-03-12T00:53:13.279+0000] {logging_mixin.py:190} INFO - [2026-03-12T00:53:13.279+0000] {dag.py:4180} INFO - Setting next_dagrun for dataset_produces_1 to 2026-03-11 00:00:00+00:00, run_after=2026-03-12 00:00:00+00:00
[2026-03-12T00:53:13.280+0000] {logging_mixin.py:190} INFO - [2026-03-12T00:53:13.280+0000] {dag.py:4180} INFO - Setting next_dagrun for dataset_produces_2 to None, run_after=None
[2026-03-12T00:53:13.306+0000] {processor.py:208} INFO - Processing /home/ec2-user/environment/lab4_model_training/venv/lib64/python3.12/site-packages/airflow/example_dags/example_datasets.py took 0.100 seconds
[2026-03-12T00:54:17.816+0000] {processor.py:186} INFO - Started process (PID=6632) to work on /home/ec2-user/environment/lab4_model_training/venv/lib64/python3.12/site-packages/airflow/example_dags/example_datasets.py
[2026-03-12T00:54:17.817+0000] {processor.py:914} INFO - Processing file /home/ec2-user/environment/lab4_model_training/venv/lib64/python3.12/site-packages/airflow/example_dags/example_datasets.py for tasks to queue
[2026-03-12T00:54:17.819+0000] {logging_mixin.py:190} INFO - [2026-03-12T00:54:17.818+0000] {dagbag.py:588} INFO - Filling up the DagBag from /home/ec2-user/environment/lab4_model_training/venv/lib64/python3.12/site-packages/airflow/example_dags/example_datasets.py
[2026-03-12T00:54:17.832+0000] {processor.py:925} INFO - DAG(s) 'dataset_consumes_1_and_2', 'dataset_consumes_1_never_scheduled', 'consume_1_or_both_2_and_3_with_dataset_expressions', 'dataset_produces_2', 'consume_1_and_2_with_dataset_expressions', 'dataset_produces_1', 'conditional_dataset_and_time_based_timetable', 'consume_1_or_2_with_dataset_expressions', 'dataset_consumes_1', 'dataset_consumes_unknown_never_scheduled' retrieved from /home/ec2-user/environment/lab4_model_training/venv/lib64/python3.12/site-packages/airflow/example_dags/example_datasets.py
[2026-03-12T00:54:17.859+0000] {logging_mixin.py:190} INFO - [2026-03-12T00:54:17.859+0000] {dag.py:3239} INFO - Sync 10 DAGs
[2026-03-12T00:54:17.877+0000] {logging_mixin.py:190} INFO - [2026-03-12T00:54:17.877+0000] {dag.py:4180} INFO - Setting next_dagrun for conditional_dataset_and_time_based_timetable to 2026-03-11 01:00:00+00:00, run_after=2026-03-11 01:00:00+00:00
[2026-03-12T00:54:17.880+0000] {logging_mixin.py:190} INFO - [2026-03-12T00:54:17.880+0000] {dag.py:4180} INFO - Setting next_dagrun for consume_1_and_2_with_dataset_expressions to None, run_after=None
[2026-03-12T00:54:17.881+0000] {logging_mixin.py:190} INFO - [2026-03-12T00:54:17.880+0000] {dag.py:4180} INFO - Setting next_dagrun for consume_1_or_2_with_dataset_expressions to None, run_after=None
[2026-03-12T00:54:17.881+0000] {logging_mixin.py:190} INFO - [2026-03-12T00:54:17.881+0000] {dag.py:4180} INFO - Setting next_dagrun for consume_1_or_both_2_and_3_with_dataset_expressions to None, run_after=None
[2026-03-12T00:54:17.882+0000] {logging_mixin.py:190} INFO - [2026-03-12T00:54:17.882+0000] {dag.py:4180} INFO - Setting next_dagrun for dataset_consumes_1 to None, run_after=None
[2026-03-12T00:54:17.882+0000] {logging_mixin.py:190} INFO - [2026-03-12T00:54:17.882+0000] {dag.py:4180} INFO - Setting next_dagrun for dataset_consumes_1_and_2 to None, run_after=None
[2026-03-12T00:54:17.883+0000] {logging_mixin.py:190} INFO - [2026-03-12T00:54:17.883+0000] {dag.py:4180} INFO - Setting next_dagrun for dataset_consumes_1_never_scheduled to None, run_after=None
[2026-03-12T00:54:17.884+0000] {logging_mixin.py:190} INFO - [2026-03-12T00:54:17.883+0000] {dag.py:4180} INFO - Setting next_dagrun for dataset_consumes_unknown_never_scheduled to None, run_after=None
[2026-03-12T00:54:17.885+0000] {logging_mixin.py:190} INFO - [2026-03-12T00:54:17.885+0000] {dag.py:4180} INFO - Setting next_dagrun for dataset_produces_1 to 2026-03-11 00:00:00+00:00, run_after=2026-03-12 00:00:00+00:00
[2026-03-12T00:54:17.886+0000] {logging_mixin.py:190} INFO - [2026-03-12T00:54:17.885+0000] {dag.py:4180} INFO - Setting next_dagrun for dataset_produces_2 to None, run_after=None
[2026-03-12T00:54:17.911+0000] {processor.py:208} INFO - Processing /home/ec2-user/environment/lab4_model_training/venv/lib64/python3.12/site-packages/airflow/example_dags/example_datasets.py took 0.100 seconds
[2026-03-12T00:55:15.664+0000] {processor.py:186} INFO - Started process (PID=6837) to work on /home/ec2-user/environment/lab4_model_training/venv/lib64/python3.12/site-packages/airflow/example_dags/example_datasets.py
[2026-03-12T00:55:15.665+0000] {processor.py:914} INFO - Processing file /home/ec2-user/environment/lab4_model_training/venv/lib64/python3.12/site-packages/airflow/example_dags/example_datasets.py for tasks to queue
[2026-03-12T00:55:15.667+0000] {logging_mixin.py:190} INFO - [2026-03-12T00:55:15.667+0000] {dagbag.py:588} INFO - Filling up the DagBag from /home/ec2-user/environment/lab4_model_training/venv/lib64/python3.12/site-packages/airflow/example_dags/example_datasets.py
[2026-03-12T00:55:15.680+0000] {processor.py:925} INFO - DAG(s) 'dataset_produces_2', 'dataset_consumes_1_never_scheduled', 'conditional_dataset_and_time_based_timetable', 'dataset_consumes_unknown_never_scheduled', 'consume_1_or_both_2_and_3_with_dataset_expressions', 'dataset_consumes_1', 'consume_1_and_2_with_dataset_expressions', 'consume_1_or_2_with_dataset_expressions', 'dataset_consumes_1_and_2', 'dataset_produces_1' retrieved from /home/ec2-user/environment/lab4_model_training/venv/lib64/python3.12/site-packages/airflow/example_dags/example_datasets.py
[2026-03-12T00:55:15.708+0000] {logging_mixin.py:190} INFO - [2026-03-12T00:55:15.707+0000] {dag.py:3239} INFO - Sync 10 DAGs
[2026-03-12T00:55:15.726+0000] {logging_mixin.py:190} INFO - [2026-03-12T00:55:15.726+0000] {dag.py:4180} INFO - Setting next_dagrun for conditional_dataset_and_time_based_timetable to 2026-03-11 01:00:00+00:00, run_after=2026-03-11 01:00:00+00:00
[2026-03-12T00:55:15.729+0000] {logging_mixin.py:190} INFO - [2026-03-12T00:55:15.728+0000] {dag.py:4180} INFO - Setting next_dagrun for consume_1_and_2_with_dataset_expressions to None, run_after=None
[2026-03-12T00:55:15.729+0000] {logging_mixin.py:190} INFO - [2026-03-12T00:55:15.729+0000] {dag.py:4180} INFO - Setting next_dagrun for consume_1_or_2_with_dataset_expressions to None, run_after=None
[2026-03-12T00:55:15.730+0000] {logging_mixin.py:190} INFO - [2026-03-12T00:55:15.730+0000] {dag.py:4180} INFO - Setting next_dagrun for consume_1_or_both_2_and_3_with_dataset_expressions to None, run_after=None
[2026-03-12T00:55:15.731+0000] {logging_mixin.py:190} INFO - [2026-03-12T00:55:15.731+0000] {dag.py:4180} INFO - Setting next_dagrun for dataset_consumes_1 to None, run_after=None
[2026-03-12T00:55:15.731+0000] {logging_mixin.py:190} INFO - [2026-03-12T00:55:15.731+0000] {dag.py:4180} INFO - Setting next_dagrun for dataset_consumes_1_and_2 to None, run_after=None
[2026-03-12T00:55:15.732+0000] {logging_mixin.py:190} INFO - [2026-03-12T00:55:15.732+0000] {dag.py:4180} INFO - Setting next_dagrun for dataset_consumes_1_never_scheduled to None, run_after=None
[2026-03-12T00:55:15.732+0000] {logging_mixin.py:190} INFO - [2026-03-12T00:55:15.732+0000] {dag.py:4180} INFO - Setting next_dagrun for dataset_consumes_unknown_never_scheduled to None, run_after=None
[2026-03-12T00:55:15.734+0000] {logging_mixin.py:190} INFO - [2026-03-12T00:55:15.734+0000] {dag.py:4180} INFO - Setting next_dagrun for dataset_produces_1 to 2026-03-11 00:00:00+00:00, run_after=2026-03-12 00:00:00+00:00
[2026-03-12T00:55:15.735+0000] {logging_mixin.py:190} INFO - [2026-03-12T00:55:15.735+0000] {dag.py:4180} INFO - Setting next_dagrun for dataset_produces_2 to None, run_after=None
[2026-03-12T00:55:15.759+0000] {processor.py:208} INFO - Processing /home/ec2-user/environment/lab4_model_training/venv/lib64/python3.12/site-packages/airflow/example_dags/example_datasets.py took 0.100 seconds
[2026-03-12T00:56:17.100+0000] {processor.py:186} INFO - Started process (PID=6963) to work on /home/ec2-user/environment/lab4_model_training/venv/lib64/python3.12/site-packages/airflow/example_dags/example_datasets.py
[2026-03-12T00:56:17.101+0000] {processor.py:914} INFO - Processing file /home/ec2-user/environment/lab4_model_training/venv/lib64/python3.12/site-packages/airflow/example_dags/example_datasets.py for tasks to queue
[2026-03-12T00:56:17.103+0000] {logging_mixin.py:190} INFO - [2026-03-12T00:56:17.103+0000] {dagbag.py:588} INFO - Filling up the DagBag from /home/ec2-user/environment/lab4_model_training/venv/lib64/python3.12/site-packages/airflow/example_dags/example_datasets.py
[2026-03-12T00:56:17.121+0000] {processor.py:925} INFO - DAG(s) 'consume_1_or_2_with_dataset_expressions', 'dataset_consumes_1_and_2', 'conditional_dataset_and_time_based_timetable', 'dataset_consumes_unknown_never_scheduled', 'dataset_produces_2', 'dataset_consumes_1_never_scheduled', 'consume_1_or_both_2_and_3_with_dataset_expressions', 'consume_1_and_2_with_dataset_expressions', 'dataset_produces_1', 'dataset_consumes_1' retrieved from /home/ec2-user/environment/lab4_model_training/venv/lib64/python3.12/site-packages/airflow/example_dags/example_datasets.py
[2026-03-12T00:56:17.152+0000] {logging_mixin.py:190} INFO - [2026-03-12T00:56:17.152+0000] {dag.py:3239} INFO - Sync 10 DAGs
[2026-03-12T00:56:17.173+0000] {logging_mixin.py:190} INFO - [2026-03-12T00:56:17.172+0000] {dag.py:4180} INFO - Setting next_dagrun for conditional_dataset_and_time_based_timetable to 2026-03-11 01:00:00+00:00, run_after=2026-03-11 01:00:00+00:00
[2026-03-12T00:56:17.176+0000] {logging_mixin.py:190} INFO - [2026-03-12T00:56:17.176+0000] {dag.py:4180} INFO - Setting next_dagrun for consume_1_and_2_with_dataset_expressions to None, run_after=None
[2026-03-12T00:56:17.178+0000] {logging_mixin.py:190} INFO - [2026-03-12T00:56:17.178+0000] {dag.py:4180} INFO - Setting next_dagrun for consume_1_or_2_with_dataset_expressions to None, run_after=None
[2026-03-12T00:56:17.179+0000] {logging_mixin.py:190} INFO - [2026-03-12T00:56:17.179+0000] {dag.py:4180} INFO - Setting next_dagrun for consume_1_or_both_2_and_3_with_dataset_expressions to None, run_after=None
[2026-03-12T00:56:17.180+0000] {logging_mixin.py:190} INFO - [2026-03-12T00:56:17.180+0000] {dag.py:4180} INFO - Setting next_dagrun for dataset_consumes_1 to None, run_after=None
[2026-03-12T00:56:17.180+0000] {logging_mixin.py:190} INFO - [2026-03-12T00:56:17.180+0000] {dag.py:4180} INFO - Setting next_dagrun for dataset_consumes_1_and_2 to None, run_after=None
[2026-03-12T00:56:17.181+0000] {logging_mixin.py:190} INFO - [2026-03-12T00:56:17.181+0000] {dag.py:4180} INFO - Setting next_dagrun for dataset_consumes_1_never_scheduled to None, run_after=None
[2026-03-12T00:56:17.182+0000] {logging_mixin.py:190} INFO - [2026-03-12T00:56:17.182+0000] {dag.py:4180} INFO - Setting next_dagrun for dataset_consumes_unknown_never_scheduled to None, run_after=None
[2026-03-12T00:56:17.185+0000] {logging_mixin.py:190} INFO - [2026-03-12T00:56:17.185+0000] {dag.py:4180} INFO - Setting next_dagrun for dataset_produces_1 to 2026-03-11 00:00:00+00:00, run_after=2026-03-12 00:00:00+00:00
[2026-03-12T00:56:17.186+0000] {logging_mixin.py:190} INFO - [2026-03-12T00:56:17.186+0000] {dag.py:4180} INFO - Setting next_dagrun for dataset_produces_2 to None, run_after=None
[2026-03-12T00:56:17.219+0000] {processor.py:208} INFO - Processing /home/ec2-user/environment/lab4_model_training/venv/lib64/python3.12/site-packages/airflow/example_dags/example_datasets.py took 0.123 seconds
[2026-03-12T00:57:14.675+0000] {processor.py:186} INFO - Started process (PID=7127) to work on /home/ec2-user/environment/lab4_model_training/venv/lib64/python3.12/site-packages/airflow/example_dags/example_datasets.py
[2026-03-12T00:57:14.677+0000] {processor.py:914} INFO - Processing file /home/ec2-user/environment/lab4_model_training/venv/lib64/python3.12/site-packages/airflow/example_dags/example_datasets.py for tasks to queue
[2026-03-12T00:57:14.678+0000] {logging_mixin.py:190} INFO - [2026-03-12T00:57:14.678+0000] {dagbag.py:588} INFO - Filling up the DagBag from /home/ec2-user/environment/lab4_model_training/venv/lib64/python3.12/site-packages/airflow/example_dags/example_datasets.py
[2026-03-12T00:57:14.692+0000] {processor.py:925} INFO - DAG(s) 'dataset_produces_1', 'dataset_consumes_unknown_never_scheduled', 'consume_1_or_2_with_dataset_expressions', 'dataset_consumes_1_and_2', 'consume_1_and_2_with_dataset_expressions', 'conditional_dataset_and_time_based_timetable', 'dataset_consumes_1', 'dataset_consumes_1_never_scheduled', 'consume_1_or_both_2_and_3_with_dataset_expressions', 'dataset_produces_2' retrieved from /home/ec2-user/environment/lab4_model_training/venv/lib64/python3.12/site-packages/airflow/example_dags/example_datasets.py
[2026-03-12T00:57:14.718+0000] {logging_mixin.py:190} INFO - [2026-03-12T00:57:14.718+0000] {dag.py:3239} INFO - Sync 10 DAGs
[2026-03-12T00:57:14.736+0000] {logging_mixin.py:190} INFO - [2026-03-12T00:57:14.735+0000] {dag.py:4180} INFO - Setting next_dagrun for conditional_dataset_and_time_based_timetable to 2026-03-11 01:00:00+00:00, run_after=2026-03-11 01:00:00+00:00
[2026-03-12T00:57:14.738+0000] {logging_mixin.py:190} INFO - [2026-03-12T00:57:14.738+0000] {dag.py:4180} INFO - Setting next_dagrun for consume_1_and_2_with_dataset_expressions to None, run_after=None
[2026-03-12T00:57:14.739+0000] {logging_mixin.py:190} INFO - [2026-03-12T00:57:14.739+0000] {dag.py:4180} INFO - Setting next_dagrun for consume_1_or_2_with_dataset_expressions to None, run_after=None
[2026-03-12T00:57:14.740+0000] {logging_mixin.py:190} INFO - [2026-03-12T00:57:14.740+0000] {dag.py:4180} INFO - Setting next_dagrun for consume_1_or_both_2_and_3_with_dataset_expressions to None, run_after=None
[2026-03-12T00:57:14.740+0000] {logging_mixin.py:190} INFO - [2026-03-12T00:57:14.740+0000] {dag.py:4180} INFO - Setting next_dagrun for dataset_consumes_1 to None, run_after=None
[2026-03-12T00:57:14.741+0000] {logging_mixin.py:190} INFO - [2026-03-12T00:57:14.741+0000] {dag.py:4180} INFO - Setting next_dagrun for dataset_consumes_1_and_2 to None, run_after=None
[2026-03-12T00:57:14.742+0000] {logging_mixin.py:190} INFO - [2026-03-12T00:57:14.741+0000] {dag.py:4180} INFO - Setting next_dagrun for dataset_consumes_1_never_scheduled to None, run_after=None
[2026-03-12T00:57:14.742+0000] {logging_mixin.py:190} INFO - [2026-03-12T00:57:14.742+0000] {dag.py:4180} INFO - Setting next_dagrun for dataset_consumes_unknown_never_scheduled to None, run_after=None
[2026-03-12T00:57:14.744+0000] {logging_mixin.py:190} INFO - [2026-03-12T00:57:14.743+0000] {dag.py:4180} INFO - Setting next_dagrun for dataset_produces_1 to 2026-03-11 00:00:00+00:00, run_after=2026-03-12 00:00:00+00:00
[2026-03-12T00:57:14.744+0000] {logging_mixin.py:190} INFO - [2026-03-12T00:57:14.744+0000] {dag.py:4180} INFO - Setting next_dagrun for dataset_produces_2 to None, run_after=None
[2026-03-12T00:57:14.768+0000] {processor.py:208} INFO - Processing /home/ec2-user/environment/lab4_model_training/venv/lib64/python3.12/site-packages/airflow/example_dags/example_datasets.py took 0.097 seconds
[2026-03-12T00:58:12.595+0000] {processor.py:186} INFO - Started process (PID=7269) to work on /home/ec2-user/environment/lab4_model_training/venv/lib64/python3.12/site-packages/airflow/example_dags/example_datasets.py
[2026-03-12T00:58:12.596+0000] {processor.py:914} INFO - Processing file /home/ec2-user/environment/lab4_model_training/venv/lib64/python3.12/site-packages/airflow/example_dags/example_datasets.py for tasks to queue
[2026-03-12T00:58:12.598+0000] {logging_mixin.py:190} INFO - [2026-03-12T00:58:12.597+0000] {dagbag.py:588} INFO - Filling up the DagBag from /home/ec2-user/environment/lab4_model_training/venv/lib64/python3.12/site-packages/airflow/example_dags/example_datasets.py
[2026-03-12T00:58:12.611+0000] {processor.py:925} INFO - DAG(s) 'dataset_consumes_1_and_2', 'dataset_consumes_unknown_never_scheduled', 'dataset_produces_2', 'dataset_consumes_1', 'consume_1_or_2_with_dataset_expressions', 'consume_1_or_both_2_and_3_with_dataset_expressions', 'conditional_dataset_and_time_based_timetable', 'consume_1_and_2_with_dataset_expressions', 'dataset_consumes_1_never_scheduled', 'dataset_produces_1' retrieved from /home/ec2-user/environment/lab4_model_training/venv/lib64/python3.12/site-packages/airflow/example_dags/example_datasets.py
[2026-03-12T00:58:12.638+0000] {logging_mixin.py:190} INFO - [2026-03-12T00:58:12.637+0000] {dag.py:3239} INFO - Sync 10 DAGs
[2026-03-12T00:58:12.656+0000] {logging_mixin.py:190} INFO - [2026-03-12T00:58:12.656+0000] {dag.py:4180} INFO - Setting next_dagrun for conditional_dataset_and_time_based_timetable to 2026-03-11 01:00:00+00:00, run_after=2026-03-11 01:00:00+00:00
[2026-03-12T00:58:12.659+0000] {logging_mixin.py:190} INFO - [2026-03-12T00:58:12.659+0000] {dag.py:4180} INFO - Setting next_dagrun for consume_1_and_2_with_dataset_expressions to None, run_after=None
[2026-03-12T00:58:12.660+0000] {logging_mixin.py:190} INFO - [2026-03-12T00:58:12.660+0000] {dag.py:4180} INFO - Setting next_dagrun for consume_1_or_2_with_dataset_expressions to None, run_after=None
[2026-03-12T00:58:12.661+0000] {logging_mixin.py:190} INFO - [2026-03-12T00:58:12.661+0000] {dag.py:4180} INFO - Setting next_dagrun for consume_1_or_both_2_and_3_with_dataset_expressions to None, run_after=None
[2026-03-12T00:58:12.661+0000] {logging_mixin.py:190} INFO - [2026-03-12T00:58:12.661+0000] {dag.py:4180} INFO - Setting next_dagrun for dataset_consumes_1 to None, run_after=None
[2026-03-12T00:58:12.662+0000] {logging_mixin.py:190} INFO - [2026-03-12T00:58:12.662+0000] {dag.py:4180} INFO - Setting next_dagrun for dataset_consumes_1_and_2 to None, run_after=None
[2026-03-12T00:58:12.662+0000] {logging_mixin.py:190} INFO - [2026-03-12T00:58:12.662+0000] {dag.py:4180} INFO - Setting next_dagrun for dataset_consumes_1_never_scheduled to None, run_after=None
[2026-03-12T00:58:12.663+0000] {logging_mixin.py:190} INFO - [2026-03-12T00:58:12.663+0000] {dag.py:4180} INFO - Setting next_dagrun for dataset_consumes_unknown_never_scheduled to None, run_after=None
[2026-03-12T00:58:12.665+0000] {logging_mixin.py:190} INFO - [2026-03-12T00:58:12.665+0000] {dag.py:4180} INFO - Setting next_dagrun for dataset_produces_1 to 2026-03-11 00:00:00+00:00, run_after=2026-03-12 00:00:00+00:00
[2026-03-12T00:58:12.665+0000] {logging_mixin.py:190} INFO - [2026-03-12T00:58:12.665+0000] {dag.py:4180} INFO - Setting next_dagrun for dataset_produces_2 to None, run_after=None
[2026-03-12T00:58:12.688+0000] {processor.py:208} INFO - Processing /home/ec2-user/environment/lab4_model_training/venv/lib64/python3.12/site-packages/airflow/example_dags/example_datasets.py took 0.098 seconds
