[2026-03-12T00:40:23.450+0000] {processor.py:186} INFO - Started process (PID=4558) to work on /home/ec2-user/environment/lab4_model_training/venv/lib64/python3.12/site-packages/airflow/example_dags/example_short_circuit_decorator.py
[2026-03-12T00:40:23.450+0000] {processor.py:914} INFO - Processing file /home/ec2-user/environment/lab4_model_training/venv/lib64/python3.12/site-packages/airflow/example_dags/example_short_circuit_decorator.py for tasks to queue
[2026-03-12T00:40:23.452+0000] {logging_mixin.py:190} INFO - [2026-03-12T00:40:23.451+0000] {dagbag.py:588} INFO - Filling up the DagBag from /home/ec2-user/environment/lab4_model_training/venv/lib64/python3.12/site-packages/airflow/example_dags/example_short_circuit_decorator.py
[2026-03-12T00:40:23.460+0000] {processor.py:925} INFO - DAG(s) 'example_short_circuit_decorator' retrieved from /home/ec2-user/environment/lab4_model_training/venv/lib64/python3.12/site-packages/airflow/example_dags/example_short_circuit_decorator.py
[2026-03-12T00:40:23.547+0000] {logging_mixin.py:190} INFO - [2026-03-12T00:40:23.547+0000] {override.py:1930} INFO - Created Permission View: can read on DAG:example_short_circuit_decorator
[2026-03-12T00:40:23.557+0000] {logging_mixin.py:190} INFO - [2026-03-12T00:40:23.557+0000] {override.py:1930} INFO - Created Permission View: can edit on DAG:example_short_circuit_decorator
[2026-03-12T00:40:23.566+0000] {logging_mixin.py:190} INFO - [2026-03-12T00:40:23.566+0000] {override.py:1930} INFO - Created Permission View: can delete on DAG:example_short_circuit_decorator
[2026-03-12T00:40:23.579+0000] {logging_mixin.py:190} INFO - [2026-03-12T00:40:23.579+0000] {override.py:1930} INFO - Created Permission View: menu access on DAG Run:example_short_circuit_decorator
[2026-03-12T00:40:23.587+0000] {logging_mixin.py:190} INFO - [2026-03-12T00:40:23.586+0000] {override.py:1930} INFO - Created Permission View: can read on DAG Run:example_short_circuit_decorator
[2026-03-12T00:40:23.595+0000] {logging_mixin.py:190} INFO - [2026-03-12T00:40:23.594+0000] {override.py:1930} INFO - Created Permission View: can create on DAG Run:example_short_circuit_decorator
[2026-03-12T00:40:23.603+0000] {logging_mixin.py:190} INFO - [2026-03-12T00:40:23.602+0000] {override.py:1930} INFO - Created Permission View: can delete on DAG Run:example_short_circuit_decorator
[2026-03-12T00:40:23.603+0000] {logging_mixin.py:190} INFO - [2026-03-12T00:40:23.603+0000] {dag.py:3239} INFO - Sync 1 DAGs
[2026-03-12T00:40:23.613+0000] {logging_mixin.py:190} INFO - [2026-03-12T00:40:23.613+0000] {dag.py:3262} INFO - Creating ORM DAG for example_short_circuit_decorator
[2026-03-12T00:40:23.614+0000] {logging_mixin.py:190} INFO - [2026-03-12T00:40:23.614+0000] {dag.py:4180} INFO - Setting next_dagrun for example_short_circuit_decorator to None, run_after=None
[2026-03-12T00:40:23.630+0000] {processor.py:208} INFO - Processing /home/ec2-user/environment/lab4_model_training/venv/lib64/python3.12/site-packages/airflow/example_dags/example_short_circuit_decorator.py took 0.185 seconds
[2026-03-12T00:41:26.866+0000] {processor.py:186} INFO - Started process (PID=4717) to work on /home/ec2-user/environment/lab4_model_training/venv/lib64/python3.12/site-packages/airflow/example_dags/example_short_circuit_decorator.py
[2026-03-12T00:41:26.867+0000] {processor.py:914} INFO - Processing file /home/ec2-user/environment/lab4_model_training/venv/lib64/python3.12/site-packages/airflow/example_dags/example_short_circuit_decorator.py for tasks to queue
[2026-03-12T00:41:26.869+0000] {logging_mixin.py:190} INFO - [2026-03-12T00:41:26.869+0000] {dagbag.py:588} INFO - Filling up the DagBag from /home/ec2-user/environment/lab4_model_training/venv/lib64/python3.12/site-packages/airflow/example_dags/example_short_circuit_decorator.py
[2026-03-12T00:41:26.878+0000] {processor.py:925} INFO - DAG(s) 'example_short_circuit_decorator' retrieved from /home/ec2-user/environment/lab4_model_training/venv/lib64/python3.12/site-packages/airflow/example_dags/example_short_circuit_decorator.py
[2026-03-12T00:41:26.893+0000] {logging_mixin.py:190} INFO - [2026-03-12T00:41:26.893+0000] {dag.py:3239} INFO - Sync 1 DAGs
[2026-03-12T00:41:26.903+0000] {logging_mixin.py:190} INFO - [2026-03-12T00:41:26.902+0000] {dag.py:4180} INFO - Setting next_dagrun for example_short_circuit_decorator to None, run_after=None
[2026-03-12T00:41:26.922+0000] {processor.py:208} INFO - Processing /home/ec2-user/environment/lab4_model_training/venv/lib64/python3.12/site-packages/airflow/example_dags/example_short_circuit_decorator.py took 0.060 seconds
[2026-03-12T00:42:27.292+0000] {processor.py:186} INFO - Started process (PID=4874) to work on /home/ec2-user/environment/lab4_model_training/venv/lib64/python3.12/site-packages/airflow/example_dags/example_short_circuit_decorator.py
[2026-03-12T00:42:27.293+0000] {processor.py:914} INFO - Processing file /home/ec2-user/environment/lab4_model_training/venv/lib64/python3.12/site-packages/airflow/example_dags/example_short_circuit_decorator.py for tasks to queue
[2026-03-12T00:42:27.295+0000] {logging_mixin.py:190} INFO - [2026-03-12T00:42:27.294+0000] {dagbag.py:588} INFO - Filling up the DagBag from /home/ec2-user/environment/lab4_model_training/venv/lib64/python3.12/site-packages/airflow/example_dags/example_short_circuit_decorator.py
[2026-03-12T00:42:27.303+0000] {processor.py:925} INFO - DAG(s) 'example_short_circuit_decorator' retrieved from /home/ec2-user/environment/lab4_model_training/venv/lib64/python3.12/site-packages/airflow/example_dags/example_short_circuit_decorator.py
[2026-03-12T00:42:27.318+0000] {logging_mixin.py:190} INFO - [2026-03-12T00:42:27.318+0000] {dag.py:3239} INFO - Sync 1 DAGs
[2026-03-12T00:42:27.329+0000] {logging_mixin.py:190} INFO - [2026-03-12T00:42:27.328+0000] {dag.py:4180} INFO - Setting next_dagrun for example_short_circuit_decorator to None, run_after=None
[2026-03-12T00:42:27.347+0000] {processor.py:208} INFO - Processing /home/ec2-user/environment/lab4_model_training/venv/lib64/python3.12/site-packages/airflow/example_dags/example_short_circuit_decorator.py took 0.059 seconds
[2026-03-12T00:43:26.087+0000] {processor.py:186} INFO - Started process (PID=4956) to work on /home/ec2-user/environment/lab4_model_training/venv/lib64/python3.12/site-packages/airflow/example_dags/example_short_circuit_decorator.py
[2026-03-12T00:43:26.088+0000] {processor.py:914} INFO - Processing file /home/ec2-user/environment/lab4_model_training/venv/lib64/python3.12/site-packages/airflow/example_dags/example_short_circuit_decorator.py for tasks to queue
[2026-03-12T00:43:26.090+0000] {logging_mixin.py:190} INFO - [2026-03-12T00:43:26.090+0000] {dagbag.py:588} INFO - Filling up the DagBag from /home/ec2-user/environment/lab4_model_training/venv/lib64/python3.12/site-packages/airflow/example_dags/example_short_circuit_decorator.py
[2026-03-12T00:43:26.098+0000] {processor.py:925} INFO - DAG(s) 'example_short_circuit_decorator' retrieved from /home/ec2-user/environment/lab4_model_training/venv/lib64/python3.12/site-packages/airflow/example_dags/example_short_circuit_decorator.py
[2026-03-12T00:43:26.114+0000] {logging_mixin.py:190} INFO - [2026-03-12T00:43:26.114+0000] {dag.py:3239} INFO - Sync 1 DAGs
[2026-03-12T00:43:26.124+0000] {logging_mixin.py:190} INFO - [2026-03-12T00:43:26.124+0000] {dag.py:4180} INFO - Setting next_dagrun for example_short_circuit_decorator to None, run_after=None
[2026-03-12T00:43:26.143+0000] {processor.py:208} INFO - Processing /home/ec2-user/environment/lab4_model_training/venv/lib64/python3.12/site-packages/airflow/example_dags/example_short_circuit_decorator.py took 0.061 seconds
[2026-03-12T00:44:24.681+0000] {processor.py:186} INFO - Started process (PID=5118) to work on /home/ec2-user/environment/lab4_model_training/venv/lib64/python3.12/site-packages/airflow/example_dags/example_short_circuit_decorator.py
[2026-03-12T00:44:24.682+0000] {processor.py:914} INFO - Processing file /home/ec2-user/environment/lab4_model_training/venv/lib64/python3.12/site-packages/airflow/example_dags/example_short_circuit_decorator.py for tasks to queue
[2026-03-12T00:44:24.684+0000] {logging_mixin.py:190} INFO - [2026-03-12T00:44:24.684+0000] {dagbag.py:588} INFO - Filling up the DagBag from /home/ec2-user/environment/lab4_model_training/venv/lib64/python3.12/site-packages/airflow/example_dags/example_short_circuit_decorator.py
[2026-03-12T00:44:24.693+0000] {processor.py:925} INFO - DAG(s) 'example_short_circuit_decorator' retrieved from /home/ec2-user/environment/lab4_model_training/venv/lib64/python3.12/site-packages/airflow/example_dags/example_short_circuit_decorator.py
[2026-03-12T00:44:24.708+0000] {logging_mixin.py:190} INFO - [2026-03-12T00:44:24.708+0000] {dag.py:3239} INFO - Sync 1 DAGs
[2026-03-12T00:44:24.718+0000] {logging_mixin.py:190} INFO - [2026-03-12T00:44:24.718+0000] {dag.py:4180} INFO - Setting next_dagrun for example_short_circuit_decorator to None, run_after=None
[2026-03-12T00:44:24.735+0000] {processor.py:208} INFO - Processing /home/ec2-user/environment/lab4_model_training/venv/lib64/python3.12/site-packages/airflow/example_dags/example_short_circuit_decorator.py took 0.059 seconds
[2026-03-12T00:45:30.291+0000] {processor.py:186} INFO - Started process (PID=5251) to work on /home/ec2-user/environment/lab4_model_training/venv/lib64/python3.12/site-packages/airflow/example_dags/example_short_circuit_decorator.py
[2026-03-12T00:45:30.293+0000] {processor.py:914} INFO - Processing file /home/ec2-user/environment/lab4_model_training/venv/lib64/python3.12/site-packages/airflow/example_dags/example_short_circuit_decorator.py for tasks to queue
[2026-03-12T00:45:30.294+0000] {logging_mixin.py:190} INFO - [2026-03-12T00:45:30.294+0000] {dagbag.py:588} INFO - Filling up the DagBag from /home/ec2-user/environment/lab4_model_training/venv/lib64/python3.12/site-packages/airflow/example_dags/example_short_circuit_decorator.py
[2026-03-12T00:45:30.306+0000] {processor.py:925} INFO - DAG(s) 'example_short_circuit_decorator' retrieved from /home/ec2-user/environment/lab4_model_training/venv/lib64/python3.12/site-packages/airflow/example_dags/example_short_circuit_decorator.py
[2026-03-12T00:45:30.326+0000] {logging_mixin.py:190} INFO - [2026-03-12T00:45:30.326+0000] {dag.py:3239} INFO - Sync 1 DAGs
[2026-03-12T00:45:30.339+0000] {logging_mixin.py:190} INFO - [2026-03-12T00:45:30.338+0000] {dag.py:4180} INFO - Setting next_dagrun for example_short_circuit_decorator to None, run_after=None
[2026-03-12T00:45:30.362+0000] {processor.py:208} INFO - Processing /home/ec2-user/environment/lab4_model_training/venv/lib64/python3.12/site-packages/airflow/example_dags/example_short_circuit_decorator.py took 0.075 seconds
[2026-03-12T00:46:29.439+0000] {processor.py:186} INFO - Started process (PID=5334) to work on /home/ec2-user/environment/lab4_model_training/venv/lib64/python3.12/site-packages/airflow/example_dags/example_short_circuit_decorator.py
[2026-03-12T00:46:29.440+0000] {processor.py:914} INFO - Processing file /home/ec2-user/environment/lab4_model_training/venv/lib64/python3.12/site-packages/airflow/example_dags/example_short_circuit_decorator.py for tasks to queue
[2026-03-12T00:46:29.442+0000] {logging_mixin.py:190} INFO - [2026-03-12T00:46:29.441+0000] {dagbag.py:588} INFO - Filling up the DagBag from /home/ec2-user/environment/lab4_model_training/venv/lib64/python3.12/site-packages/airflow/example_dags/example_short_circuit_decorator.py
[2026-03-12T00:46:29.450+0000] {processor.py:925} INFO - DAG(s) 'example_short_circuit_decorator' retrieved from /home/ec2-user/environment/lab4_model_training/venv/lib64/python3.12/site-packages/airflow/example_dags/example_short_circuit_decorator.py
[2026-03-12T00:46:29.465+0000] {logging_mixin.py:190} INFO - [2026-03-12T00:46:29.465+0000] {dag.py:3239} INFO - Sync 1 DAGs
[2026-03-12T00:46:29.476+0000] {logging_mixin.py:190} INFO - [2026-03-12T00:46:29.476+0000] {dag.py:4180} INFO - Setting next_dagrun for example_short_circuit_decorator to None, run_after=None
[2026-03-12T00:46:29.493+0000] {processor.py:208} INFO - Processing /home/ec2-user/environment/lab4_model_training/venv/lib64/python3.12/site-packages/airflow/example_dags/example_short_circuit_decorator.py took 0.059 seconds
[2026-03-12T00:47:29.783+0000] {processor.py:186} INFO - Started process (PID=5469) to work on /home/ec2-user/environment/lab4_model_training/venv/lib64/python3.12/site-packages/airflow/example_dags/example_short_circuit_decorator.py
[2026-03-12T00:47:29.785+0000] {processor.py:914} INFO - Processing file /home/ec2-user/environment/lab4_model_training/venv/lib64/python3.12/site-packages/airflow/example_dags/example_short_circuit_decorator.py for tasks to queue
[2026-03-12T00:47:29.787+0000] {logging_mixin.py:190} INFO - [2026-03-12T00:47:29.787+0000] {dagbag.py:588} INFO - Filling up the DagBag from /home/ec2-user/environment/lab4_model_training/venv/lib64/python3.12/site-packages/airflow/example_dags/example_short_circuit_decorator.py
[2026-03-12T00:47:29.798+0000] {processor.py:925} INFO - DAG(s) 'example_short_circuit_decorator' retrieved from /home/ec2-user/environment/lab4_model_training/venv/lib64/python3.12/site-packages/airflow/example_dags/example_short_circuit_decorator.py
[2026-03-12T00:47:29.819+0000] {logging_mixin.py:190} INFO - [2026-03-12T00:47:29.819+0000] {dag.py:3239} INFO - Sync 1 DAGs
[2026-03-12T00:47:29.832+0000] {logging_mixin.py:190} INFO - [2026-03-12T00:47:29.832+0000] {dag.py:4180} INFO - Setting next_dagrun for example_short_circuit_decorator to None, run_after=None
[2026-03-12T00:47:29.852+0000] {processor.py:208} INFO - Processing /home/ec2-user/environment/lab4_model_training/venv/lib64/python3.12/site-packages/airflow/example_dags/example_short_circuit_decorator.py took 0.073 seconds
[2026-03-12T00:48:46.482+0000] {processor.py:186} INFO - Started process (PID=5603) to work on /home/ec2-user/environment/lab4_model_training/venv/lib64/python3.12/site-packages/airflow/example_dags/example_short_circuit_decorator.py
[2026-03-12T00:48:46.483+0000] {processor.py:914} INFO - Processing file /home/ec2-user/environment/lab4_model_training/venv/lib64/python3.12/site-packages/airflow/example_dags/example_short_circuit_decorator.py for tasks to queue
[2026-03-12T00:48:46.485+0000] {logging_mixin.py:190} INFO - [2026-03-12T00:48:46.485+0000] {dagbag.py:588} INFO - Filling up the DagBag from /home/ec2-user/environment/lab4_model_training/venv/lib64/python3.12/site-packages/airflow/example_dags/example_short_circuit_decorator.py
[2026-03-12T00:48:46.494+0000] {processor.py:925} INFO - DAG(s) 'example_short_circuit_decorator' retrieved from /home/ec2-user/environment/lab4_model_training/venv/lib64/python3.12/site-packages/airflow/example_dags/example_short_circuit_decorator.py
[2026-03-12T00:48:46.509+0000] {logging_mixin.py:190} INFO - [2026-03-12T00:48:46.509+0000] {dag.py:3239} INFO - Sync 1 DAGs
[2026-03-12T00:48:46.519+0000] {logging_mixin.py:190} INFO - [2026-03-12T00:48:46.519+0000] {dag.py:4180} INFO - Setting next_dagrun for example_short_circuit_decorator to None, run_after=None
[2026-03-12T00:48:46.538+0000] {processor.py:208} INFO - Processing /home/ec2-user/environment/lab4_model_training/venv/lib64/python3.12/site-packages/airflow/example_dags/example_short_circuit_decorator.py took 0.060 seconds
[2026-03-12T00:49:45.505+0000] {processor.py:186} INFO - Started process (PID=5732) to work on /home/ec2-user/environment/lab4_model_training/venv/lib64/python3.12/site-packages/airflow/example_dags/example_short_circuit_decorator.py
[2026-03-12T00:49:45.506+0000] {processor.py:914} INFO - Processing file /home/ec2-user/environment/lab4_model_training/venv/lib64/python3.12/site-packages/airflow/example_dags/example_short_circuit_decorator.py for tasks to queue
[2026-03-12T00:49:45.508+0000] {logging_mixin.py:190} INFO - [2026-03-12T00:49:45.508+0000] {dagbag.py:588} INFO - Filling up the DagBag from /home/ec2-user/environment/lab4_model_training/venv/lib64/python3.12/site-packages/airflow/example_dags/example_short_circuit_decorator.py
[2026-03-12T00:49:45.516+0000] {processor.py:925} INFO - DAG(s) 'example_short_circuit_decorator' retrieved from /home/ec2-user/environment/lab4_model_training/venv/lib64/python3.12/site-packages/airflow/example_dags/example_short_circuit_decorator.py
[2026-03-12T00:49:45.535+0000] {logging_mixin.py:190} INFO - [2026-03-12T00:49:45.535+0000] {dag.py:3239} INFO - Sync 1 DAGs
[2026-03-12T00:49:45.545+0000] {logging_mixin.py:190} INFO - [2026-03-12T00:49:45.545+0000] {dag.py:4180} INFO - Setting next_dagrun for example_short_circuit_decorator to None, run_after=None
[2026-03-12T00:49:45.563+0000] {processor.py:208} INFO - Processing /home/ec2-user/environment/lab4_model_training/venv/lib64/python3.12/site-packages/airflow/example_dags/example_short_circuit_decorator.py took 0.063 seconds
[2026-03-12T00:50:41.384+0000] {processor.py:186} INFO - Started process (PID=5832) to work on /home/ec2-user/environment/lab4_model_training/venv/lib64/python3.12/site-packages/airflow/example_dags/example_short_circuit_decorator.py
[2026-03-12T00:50:41.385+0000] {processor.py:914} INFO - Processing file /home/ec2-user/environment/lab4_model_training/venv/lib64/python3.12/site-packages/airflow/example_dags/example_short_circuit_decorator.py for tasks to queue
[2026-03-12T00:50:41.387+0000] {logging_mixin.py:190} INFO - [2026-03-12T00:50:41.387+0000] {dagbag.py:588} INFO - Filling up the DagBag from /home/ec2-user/environment/lab4_model_training/venv/lib64/python3.12/site-packages/airflow/example_dags/example_short_circuit_decorator.py
[2026-03-12T00:50:41.395+0000] {processor.py:925} INFO - DAG(s) 'example_short_circuit_decorator' retrieved from /home/ec2-user/environment/lab4_model_training/venv/lib64/python3.12/site-packages/airflow/example_dags/example_short_circuit_decorator.py
[2026-03-12T00:50:41.411+0000] {logging_mixin.py:190} INFO - [2026-03-12T00:50:41.411+0000] {dag.py:3239} INFO - Sync 1 DAGs
[2026-03-12T00:50:41.421+0000] {logging_mixin.py:190} INFO - [2026-03-12T00:50:41.421+0000] {dag.py:4180} INFO - Setting next_dagrun for example_short_circuit_decorator to None, run_after=None
[2026-03-12T00:50:41.439+0000] {processor.py:208} INFO - Processing /home/ec2-user/environment/lab4_model_training/venv/lib64/python3.12/site-packages/airflow/example_dags/example_short_circuit_decorator.py took 0.059 seconds
[2026-03-12T00:51:42.196+0000] {processor.py:186} INFO - Started process (PID=6135) to work on /home/ec2-user/environment/lab4_model_training/venv/lib64/python3.12/site-packages/airflow/example_dags/example_short_circuit_decorator.py
[2026-03-12T00:51:42.197+0000] {processor.py:914} INFO - Processing file /home/ec2-user/environment/lab4_model_training/venv/lib64/python3.12/site-packages/airflow/example_dags/example_short_circuit_decorator.py for tasks to queue
[2026-03-12T00:51:42.199+0000] {logging_mixin.py:190} INFO - [2026-03-12T00:51:42.199+0000] {dagbag.py:588} INFO - Filling up the DagBag from /home/ec2-user/environment/lab4_model_training/venv/lib64/python3.12/site-packages/airflow/example_dags/example_short_circuit_decorator.py
[2026-03-12T00:51:42.207+0000] {processor.py:925} INFO - DAG(s) 'example_short_circuit_decorator' retrieved from /home/ec2-user/environment/lab4_model_training/venv/lib64/python3.12/site-packages/airflow/example_dags/example_short_circuit_decorator.py
[2026-03-12T00:51:42.222+0000] {logging_mixin.py:190} INFO - [2026-03-12T00:51:42.221+0000] {dag.py:3239} INFO - Sync 1 DAGs
[2026-03-12T00:51:42.232+0000] {logging_mixin.py:190} INFO - [2026-03-12T00:51:42.231+0000] {dag.py:4180} INFO - Setting next_dagrun for example_short_circuit_decorator to None, run_after=None
[2026-03-12T00:51:42.249+0000] {processor.py:208} INFO - Processing /home/ec2-user/environment/lab4_model_training/venv/lib64/python3.12/site-packages/airflow/example_dags/example_short_circuit_decorator.py took 0.057 seconds
[2026-03-12T00:52:41.212+0000] {processor.py:186} INFO - Started process (PID=6340) to work on /home/ec2-user/environment/lab4_model_training/venv/lib64/python3.12/site-packages/airflow/example_dags/example_short_circuit_decorator.py
[2026-03-12T00:52:41.213+0000] {processor.py:914} INFO - Processing file /home/ec2-user/environment/lab4_model_training/venv/lib64/python3.12/site-packages/airflow/example_dags/example_short_circuit_decorator.py for tasks to queue
[2026-03-12T00:52:41.215+0000] {logging_mixin.py:190} INFO - [2026-03-12T00:52:41.215+0000] {dagbag.py:588} INFO - Filling up the DagBag from /home/ec2-user/environment/lab4_model_training/venv/lib64/python3.12/site-packages/airflow/example_dags/example_short_circuit_decorator.py
[2026-03-12T00:52:41.226+0000] {processor.py:925} INFO - DAG(s) 'example_short_circuit_decorator' retrieved from /home/ec2-user/environment/lab4_model_training/venv/lib64/python3.12/site-packages/airflow/example_dags/example_short_circuit_decorator.py
[2026-03-12T00:52:41.248+0000] {logging_mixin.py:190} INFO - [2026-03-12T00:52:41.248+0000] {dag.py:3239} INFO - Sync 1 DAGs
[2026-03-12T00:52:41.262+0000] {logging_mixin.py:190} INFO - [2026-03-12T00:52:41.262+0000] {dag.py:4180} INFO - Setting next_dagrun for example_short_circuit_decorator to None, run_after=None
[2026-03-12T00:52:41.281+0000] {processor.py:208} INFO - Processing /home/ec2-user/environment/lab4_model_training/venv/lib64/python3.12/site-packages/airflow/example_dags/example_short_circuit_decorator.py took 0.074 seconds
[2026-03-12T00:53:43.940+0000] {processor.py:186} INFO - Started process (PID=6560) to work on /home/ec2-user/environment/lab4_model_training/venv/lib64/python3.12/site-packages/airflow/example_dags/example_short_circuit_decorator.py
[2026-03-12T00:53:43.941+0000] {processor.py:914} INFO - Processing file /home/ec2-user/environment/lab4_model_training/venv/lib64/python3.12/site-packages/airflow/example_dags/example_short_circuit_decorator.py for tasks to queue
[2026-03-12T00:53:43.943+0000] {logging_mixin.py:190} INFO - [2026-03-12T00:53:43.942+0000] {dagbag.py:588} INFO - Filling up the DagBag from /home/ec2-user/environment/lab4_model_training/venv/lib64/python3.12/site-packages/airflow/example_dags/example_short_circuit_decorator.py
[2026-03-12T00:53:43.951+0000] {processor.py:925} INFO - DAG(s) 'example_short_circuit_decorator' retrieved from /home/ec2-user/environment/lab4_model_training/venv/lib64/python3.12/site-packages/airflow/example_dags/example_short_circuit_decorator.py
[2026-03-12T00:53:43.966+0000] {logging_mixin.py:190} INFO - [2026-03-12T00:53:43.966+0000] {dag.py:3239} INFO - Sync 1 DAGs
[2026-03-12T00:53:43.976+0000] {logging_mixin.py:190} INFO - [2026-03-12T00:53:43.976+0000] {dag.py:4180} INFO - Setting next_dagrun for example_short_circuit_decorator to None, run_after=None
[2026-03-12T00:53:43.995+0000] {processor.py:208} INFO - Processing /home/ec2-user/environment/lab4_model_training/venv/lib64/python3.12/site-packages/airflow/example_dags/example_short_circuit_decorator.py took 0.059 seconds
[2026-03-12T00:54:46.552+0000] {processor.py:186} INFO - Started process (PID=6775) to work on /home/ec2-user/environment/lab4_model_training/venv/lib64/python3.12/site-packages/airflow/example_dags/example_short_circuit_decorator.py
[2026-03-12T00:54:46.553+0000] {processor.py:914} INFO - Processing file /home/ec2-user/environment/lab4_model_training/venv/lib64/python3.12/site-packages/airflow/example_dags/example_short_circuit_decorator.py for tasks to queue
[2026-03-12T00:54:46.555+0000] {logging_mixin.py:190} INFO - [2026-03-12T00:54:46.555+0000] {dagbag.py:588} INFO - Filling up the DagBag from /home/ec2-user/environment/lab4_model_training/venv/lib64/python3.12/site-packages/airflow/example_dags/example_short_circuit_decorator.py
[2026-03-12T00:54:46.563+0000] {processor.py:925} INFO - DAG(s) 'example_short_circuit_decorator' retrieved from /home/ec2-user/environment/lab4_model_training/venv/lib64/python3.12/site-packages/airflow/example_dags/example_short_circuit_decorator.py
[2026-03-12T00:54:46.578+0000] {logging_mixin.py:190} INFO - [2026-03-12T00:54:46.578+0000] {dag.py:3239} INFO - Sync 1 DAGs
[2026-03-12T00:54:46.588+0000] {logging_mixin.py:190} INFO - [2026-03-12T00:54:46.588+0000] {dag.py:4180} INFO - Setting next_dagrun for example_short_circuit_decorator to None, run_after=None
[2026-03-12T00:54:46.606+0000] {processor.py:208} INFO - Processing /home/ec2-user/environment/lab4_model_training/venv/lib64/python3.12/site-packages/airflow/example_dags/example_short_circuit_decorator.py took 0.058 seconds
[2026-03-12T00:55:43.414+0000] {processor.py:186} INFO - Started process (PID=6881) to work on /home/ec2-user/environment/lab4_model_training/venv/lib64/python3.12/site-packages/airflow/example_dags/example_short_circuit_decorator.py
[2026-03-12T00:55:43.415+0000] {processor.py:914} INFO - Processing file /home/ec2-user/environment/lab4_model_training/venv/lib64/python3.12/site-packages/airflow/example_dags/example_short_circuit_decorator.py for tasks to queue
[2026-03-12T00:55:43.417+0000] {logging_mixin.py:190} INFO - [2026-03-12T00:55:43.417+0000] {dagbag.py:588} INFO - Filling up the DagBag from /home/ec2-user/environment/lab4_model_training/venv/lib64/python3.12/site-packages/airflow/example_dags/example_short_circuit_decorator.py
[2026-03-12T00:55:43.426+0000] {processor.py:925} INFO - DAG(s) 'example_short_circuit_decorator' retrieved from /home/ec2-user/environment/lab4_model_training/venv/lib64/python3.12/site-packages/airflow/example_dags/example_short_circuit_decorator.py
[2026-03-12T00:55:43.441+0000] {logging_mixin.py:190} INFO - [2026-03-12T00:55:43.441+0000] {dag.py:3239} INFO - Sync 1 DAGs
[2026-03-12T00:55:43.451+0000] {logging_mixin.py:190} INFO - [2026-03-12T00:55:43.451+0000] {dag.py:4180} INFO - Setting next_dagrun for example_short_circuit_decorator to None, run_after=None
[2026-03-12T00:55:43.469+0000] {processor.py:208} INFO - Processing /home/ec2-user/environment/lab4_model_training/venv/lib64/python3.12/site-packages/airflow/example_dags/example_short_circuit_decorator.py took 0.059 seconds
[2026-03-12T00:56:41.783+0000] {processor.py:186} INFO - Started process (PID=7064) to work on /home/ec2-user/environment/lab4_model_training/venv/lib64/python3.12/site-packages/airflow/example_dags/example_short_circuit_decorator.py
[2026-03-12T00:56:41.784+0000] {processor.py:914} INFO - Processing file /home/ec2-user/environment/lab4_model_training/venv/lib64/python3.12/site-packages/airflow/example_dags/example_short_circuit_decorator.py for tasks to queue
[2026-03-12T00:56:41.786+0000] {logging_mixin.py:190} INFO - [2026-03-12T00:56:41.785+0000] {dagbag.py:588} INFO - Filling up the DagBag from /home/ec2-user/environment/lab4_model_training/venv/lib64/python3.12/site-packages/airflow/example_dags/example_short_circuit_decorator.py
[2026-03-12T00:56:41.797+0000] {processor.py:925} INFO - DAG(s) 'example_short_circuit_decorator' retrieved from /home/ec2-user/environment/lab4_model_training/venv/lib64/python3.12/site-packages/airflow/example_dags/example_short_circuit_decorator.py
[2026-03-12T00:56:41.819+0000] {logging_mixin.py:190} INFO - [2026-03-12T00:56:41.819+0000] {dag.py:3239} INFO - Sync 1 DAGs
[2026-03-12T00:56:41.833+0000] {logging_mixin.py:190} INFO - [2026-03-12T00:56:41.833+0000] {dag.py:4180} INFO - Setting next_dagrun for example_short_circuit_decorator to None, run_after=None
[2026-03-12T00:56:41.854+0000] {processor.py:208} INFO - Processing /home/ec2-user/environment/lab4_model_training/venv/lib64/python3.12/site-packages/airflow/example_dags/example_short_circuit_decorator.py took 0.075 seconds
[2026-03-12T00:57:39.917+0000] {processor.py:186} INFO - Started process (PID=7175) to work on /home/ec2-user/environment/lab4_model_training/venv/lib64/python3.12/site-packages/airflow/example_dags/example_short_circuit_decorator.py
[2026-03-12T00:57:39.919+0000] {processor.py:914} INFO - Processing file /home/ec2-user/environment/lab4_model_training/venv/lib64/python3.12/site-packages/airflow/example_dags/example_short_circuit_decorator.py for tasks to queue
[2026-03-12T00:57:39.921+0000] {logging_mixin.py:190} INFO - [2026-03-12T00:57:39.920+0000] {dagbag.py:588} INFO - Filling up the DagBag from /home/ec2-user/environment/lab4_model_training/venv/lib64/python3.12/site-packages/airflow/example_dags/example_short_circuit_decorator.py
[2026-03-12T00:57:39.932+0000] {processor.py:925} INFO - DAG(s) 'example_short_circuit_decorator' retrieved from /home/ec2-user/environment/lab4_model_training/venv/lib64/python3.12/site-packages/airflow/example_dags/example_short_circuit_decorator.py
[2026-03-12T00:57:39.953+0000] {logging_mixin.py:190} INFO - [2026-03-12T00:57:39.953+0000] {dag.py:3239} INFO - Sync 1 DAGs
[2026-03-12T00:57:39.966+0000] {logging_mixin.py:190} INFO - [2026-03-12T00:57:39.965+0000] {dag.py:4180} INFO - Setting next_dagrun for example_short_circuit_decorator to None, run_after=None
[2026-03-12T00:57:39.984+0000] {processor.py:208} INFO - Processing /home/ec2-user/environment/lab4_model_training/venv/lib64/python3.12/site-packages/airflow/example_dags/example_short_circuit_decorator.py took 0.071 seconds
[2026-03-12T00:58:37.858+0000] {processor.py:186} INFO - Started process (PID=7368) to work on /home/ec2-user/environment/lab4_model_training/venv/lib64/python3.12/site-packages/airflow/example_dags/example_short_circuit_decorator.py
[2026-03-12T00:58:37.859+0000] {processor.py:914} INFO - Processing file /home/ec2-user/environment/lab4_model_training/venv/lib64/python3.12/site-packages/airflow/example_dags/example_short_circuit_decorator.py for tasks to queue
[2026-03-12T00:58:37.861+0000] {logging_mixin.py:190} INFO - [2026-03-12T00:58:37.860+0000] {dagbag.py:588} INFO - Filling up the DagBag from /home/ec2-user/environment/lab4_model_training/venv/lib64/python3.12/site-packages/airflow/example_dags/example_short_circuit_decorator.py
[2026-03-12T00:58:37.872+0000] {processor.py:925} INFO - DAG(s) 'example_short_circuit_decorator' retrieved from /home/ec2-user/environment/lab4_model_training/venv/lib64/python3.12/site-packages/airflow/example_dags/example_short_circuit_decorator.py
[2026-03-12T00:58:37.893+0000] {logging_mixin.py:190} INFO - [2026-03-12T00:58:37.893+0000] {dag.py:3239} INFO - Sync 1 DAGs
[2026-03-12T00:58:37.907+0000] {logging_mixin.py:190} INFO - [2026-03-12T00:58:37.907+0000] {dag.py:4180} INFO - Setting next_dagrun for example_short_circuit_decorator to None, run_after=None
[2026-03-12T00:58:37.927+0000] {processor.py:208} INFO - Processing /home/ec2-user/environment/lab4_model_training/venv/lib64/python3.12/site-packages/airflow/example_dags/example_short_circuit_decorator.py took 0.073 seconds
