[2026-03-12T00:39:51.654+0000] {processor.py:186} INFO - Started process (PID=4507) to work on /home/ec2-user/environment/lab4_model_training/venv/lib64/python3.12/site-packages/airflow/example_dags/example_complex.py
[2026-03-12T00:39:51.654+0000] {processor.py:914} INFO - Processing file /home/ec2-user/environment/lab4_model_training/venv/lib64/python3.12/site-packages/airflow/example_dags/example_complex.py for tasks to queue
[2026-03-12T00:39:51.656+0000] {logging_mixin.py:190} INFO - [2026-03-12T00:39:51.656+0000] {dagbag.py:588} INFO - Filling up the DagBag from /home/ec2-user/environment/lab4_model_training/venv/lib64/python3.12/site-packages/airflow/example_dags/example_complex.py
[2026-03-12T00:39:51.666+0000] {processor.py:925} INFO - DAG(s) 'example_complex' retrieved from /home/ec2-user/environment/lab4_model_training/venv/lib64/python3.12/site-packages/airflow/example_dags/example_complex.py
[2026-03-12T00:39:51.769+0000] {logging_mixin.py:190} INFO - [2026-03-12T00:39:51.769+0000] {override.py:1930} INFO - Created Permission View: can read on DAG:example_complex
[2026-03-12T00:39:51.779+0000] {logging_mixin.py:190} INFO - [2026-03-12T00:39:51.779+0000] {override.py:1930} INFO - Created Permission View: can edit on DAG:example_complex
[2026-03-12T00:39:51.788+0000] {logging_mixin.py:190} INFO - [2026-03-12T00:39:51.788+0000] {override.py:1930} INFO - Created Permission View: can delete on DAG:example_complex
[2026-03-12T00:39:51.802+0000] {logging_mixin.py:190} INFO - [2026-03-12T00:39:51.801+0000] {override.py:1930} INFO - Created Permission View: menu access on DAG Run:example_complex
[2026-03-12T00:39:51.811+0000] {logging_mixin.py:190} INFO - [2026-03-12T00:39:51.811+0000] {override.py:1930} INFO - Created Permission View: can read on DAG Run:example_complex
[2026-03-12T00:39:51.819+0000] {logging_mixin.py:190} INFO - [2026-03-12T00:39:51.819+0000] {override.py:1930} INFO - Created Permission View: can create on DAG Run:example_complex
[2026-03-12T00:39:51.828+0000] {logging_mixin.py:190} INFO - [2026-03-12T00:39:51.828+0000] {override.py:1930} INFO - Created Permission View: can delete on DAG Run:example_complex
[2026-03-12T00:39:51.828+0000] {logging_mixin.py:190} INFO - [2026-03-12T00:39:51.828+0000] {dag.py:3239} INFO - Sync 1 DAGs
[2026-03-12T00:39:51.839+0000] {logging_mixin.py:190} INFO - [2026-03-12T00:39:51.839+0000] {dag.py:3262} INFO - Creating ORM DAG for example_complex
[2026-03-12T00:39:51.840+0000] {logging_mixin.py:190} INFO - [2026-03-12T00:39:51.839+0000] {dag.py:4180} INFO - Setting next_dagrun for example_complex to None, run_after=None
[2026-03-12T00:39:51.858+0000] {processor.py:208} INFO - Processing /home/ec2-user/environment/lab4_model_training/venv/lib64/python3.12/site-packages/airflow/example_dags/example_complex.py took 0.209 seconds
[2026-03-12T00:41:03.531+0000] {processor.py:186} INFO - Started process (PID=4682) to work on /home/ec2-user/environment/lab4_model_training/venv/lib64/python3.12/site-packages/airflow/example_dags/example_complex.py
[2026-03-12T00:41:03.532+0000] {processor.py:914} INFO - Processing file /home/ec2-user/environment/lab4_model_training/venv/lib64/python3.12/site-packages/airflow/example_dags/example_complex.py for tasks to queue
[2026-03-12T00:41:03.533+0000] {logging_mixin.py:190} INFO - [2026-03-12T00:41:03.533+0000] {dagbag.py:588} INFO - Filling up the DagBag from /home/ec2-user/environment/lab4_model_training/venv/lib64/python3.12/site-packages/airflow/example_dags/example_complex.py
[2026-03-12T00:41:03.545+0000] {processor.py:925} INFO - DAG(s) 'example_complex' retrieved from /home/ec2-user/environment/lab4_model_training/venv/lib64/python3.12/site-packages/airflow/example_dags/example_complex.py
[2026-03-12T00:41:03.576+0000] {logging_mixin.py:190} INFO - [2026-03-12T00:41:03.576+0000] {dag.py:3239} INFO - Sync 1 DAGs
[2026-03-12T00:41:03.589+0000] {logging_mixin.py:190} INFO - [2026-03-12T00:41:03.589+0000] {dag.py:4180} INFO - Setting next_dagrun for example_complex to None, run_after=None
[2026-03-12T00:41:03.609+0000] {processor.py:208} INFO - Processing /home/ec2-user/environment/lab4_model_training/venv/lib64/python3.12/site-packages/airflow/example_dags/example_complex.py took 0.083 seconds
[2026-03-12T00:42:03.953+0000] {processor.py:186} INFO - Started process (PID=4788) to work on /home/ec2-user/environment/lab4_model_training/venv/lib64/python3.12/site-packages/airflow/example_dags/example_complex.py
[2026-03-12T00:42:03.955+0000] {processor.py:914} INFO - Processing file /home/ec2-user/environment/lab4_model_training/venv/lib64/python3.12/site-packages/airflow/example_dags/example_complex.py for tasks to queue
[2026-03-12T00:42:03.956+0000] {logging_mixin.py:190} INFO - [2026-03-12T00:42:03.956+0000] {dagbag.py:588} INFO - Filling up the DagBag from /home/ec2-user/environment/lab4_model_training/venv/lib64/python3.12/site-packages/airflow/example_dags/example_complex.py
[2026-03-12T00:42:03.970+0000] {processor.py:925} INFO - DAG(s) 'example_complex' retrieved from /home/ec2-user/environment/lab4_model_training/venv/lib64/python3.12/site-packages/airflow/example_dags/example_complex.py
[2026-03-12T00:42:03.998+0000] {logging_mixin.py:190} INFO - [2026-03-12T00:42:03.998+0000] {dag.py:3239} INFO - Sync 1 DAGs
[2026-03-12T00:42:04.011+0000] {logging_mixin.py:190} INFO - [2026-03-12T00:42:04.011+0000] {dag.py:4180} INFO - Setting next_dagrun for example_complex to None, run_after=None
[2026-03-12T00:42:04.032+0000] {processor.py:208} INFO - Processing /home/ec2-user/environment/lab4_model_training/venv/lib64/python3.12/site-packages/airflow/example_dags/example_complex.py took 0.083 seconds
[2026-03-12T00:43:02.110+0000] {processor.py:186} INFO - Started process (PID=4931) to work on /home/ec2-user/environment/lab4_model_training/venv/lib64/python3.12/site-packages/airflow/example_dags/example_complex.py
[2026-03-12T00:43:02.111+0000] {processor.py:914} INFO - Processing file /home/ec2-user/environment/lab4_model_training/venv/lib64/python3.12/site-packages/airflow/example_dags/example_complex.py for tasks to queue
[2026-03-12T00:43:02.113+0000] {logging_mixin.py:190} INFO - [2026-03-12T00:43:02.112+0000] {dagbag.py:588} INFO - Filling up the DagBag from /home/ec2-user/environment/lab4_model_training/venv/lib64/python3.12/site-packages/airflow/example_dags/example_complex.py
[2026-03-12T00:43:02.122+0000] {processor.py:925} INFO - DAG(s) 'example_complex' retrieved from /home/ec2-user/environment/lab4_model_training/venv/lib64/python3.12/site-packages/airflow/example_dags/example_complex.py
[2026-03-12T00:43:02.145+0000] {logging_mixin.py:190} INFO - [2026-03-12T00:43:02.145+0000] {dag.py:3239} INFO - Sync 1 DAGs
[2026-03-12T00:43:02.155+0000] {logging_mixin.py:190} INFO - [2026-03-12T00:43:02.155+0000] {dag.py:4180} INFO - Setting next_dagrun for example_complex to None, run_after=None
[2026-03-12T00:43:02.173+0000] {processor.py:208} INFO - Processing /home/ec2-user/environment/lab4_model_training/venv/lib64/python3.12/site-packages/airflow/example_dags/example_complex.py took 0.069 seconds
[2026-03-12T00:44:00.110+0000] {processor.py:186} INFO - Started process (PID=4999) to work on /home/ec2-user/environment/lab4_model_training/venv/lib64/python3.12/site-packages/airflow/example_dags/example_complex.py
[2026-03-12T00:44:00.111+0000] {processor.py:914} INFO - Processing file /home/ec2-user/environment/lab4_model_training/venv/lib64/python3.12/site-packages/airflow/example_dags/example_complex.py for tasks to queue
[2026-03-12T00:44:00.113+0000] {logging_mixin.py:190} INFO - [2026-03-12T00:44:00.112+0000] {dagbag.py:588} INFO - Filling up the DagBag from /home/ec2-user/environment/lab4_model_training/venv/lib64/python3.12/site-packages/airflow/example_dags/example_complex.py
[2026-03-12T00:44:00.123+0000] {processor.py:925} INFO - DAG(s) 'example_complex' retrieved from /home/ec2-user/environment/lab4_model_training/venv/lib64/python3.12/site-packages/airflow/example_dags/example_complex.py
[2026-03-12T00:44:00.145+0000] {logging_mixin.py:190} INFO - [2026-03-12T00:44:00.145+0000] {dag.py:3239} INFO - Sync 1 DAGs
[2026-03-12T00:44:00.155+0000] {logging_mixin.py:190} INFO - [2026-03-12T00:44:00.155+0000] {dag.py:4180} INFO - Setting next_dagrun for example_complex to None, run_after=None
[2026-03-12T00:44:00.174+0000] {processor.py:208} INFO - Processing /home/ec2-user/environment/lab4_model_training/venv/lib64/python3.12/site-packages/airflow/example_dags/example_complex.py took 0.069 seconds
[2026-03-12T00:45:06.472+0000] {processor.py:186} INFO - Started process (PID=5178) to work on /home/ec2-user/environment/lab4_model_training/venv/lib64/python3.12/site-packages/airflow/example_dags/example_complex.py
[2026-03-12T00:45:06.473+0000] {processor.py:914} INFO - Processing file /home/ec2-user/environment/lab4_model_training/venv/lib64/python3.12/site-packages/airflow/example_dags/example_complex.py for tasks to queue
[2026-03-12T00:45:06.475+0000] {logging_mixin.py:190} INFO - [2026-03-12T00:45:06.474+0000] {dagbag.py:588} INFO - Filling up the DagBag from /home/ec2-user/environment/lab4_model_training/venv/lib64/python3.12/site-packages/airflow/example_dags/example_complex.py
[2026-03-12T00:45:06.485+0000] {processor.py:925} INFO - DAG(s) 'example_complex' retrieved from /home/ec2-user/environment/lab4_model_training/venv/lib64/python3.12/site-packages/airflow/example_dags/example_complex.py
[2026-03-12T00:45:06.508+0000] {logging_mixin.py:190} INFO - [2026-03-12T00:45:06.508+0000] {dag.py:3239} INFO - Sync 1 DAGs
[2026-03-12T00:45:06.519+0000] {logging_mixin.py:190} INFO - [2026-03-12T00:45:06.518+0000] {dag.py:4180} INFO - Setting next_dagrun for example_complex to None, run_after=None
[2026-03-12T00:45:06.536+0000] {processor.py:208} INFO - Processing /home/ec2-user/environment/lab4_model_training/venv/lib64/python3.12/site-packages/airflow/example_dags/example_complex.py took 0.069 seconds
[2026-03-12T00:46:03.615+0000] {processor.py:186} INFO - Started process (PID=5306) to work on /home/ec2-user/environment/lab4_model_training/venv/lib64/python3.12/site-packages/airflow/example_dags/example_complex.py
[2026-03-12T00:46:03.616+0000] {processor.py:914} INFO - Processing file /home/ec2-user/environment/lab4_model_training/venv/lib64/python3.12/site-packages/airflow/example_dags/example_complex.py for tasks to queue
[2026-03-12T00:46:03.618+0000] {logging_mixin.py:190} INFO - [2026-03-12T00:46:03.618+0000] {dagbag.py:588} INFO - Filling up the DagBag from /home/ec2-user/environment/lab4_model_training/venv/lib64/python3.12/site-packages/airflow/example_dags/example_complex.py
[2026-03-12T00:46:03.628+0000] {processor.py:925} INFO - DAG(s) 'example_complex' retrieved from /home/ec2-user/environment/lab4_model_training/venv/lib64/python3.12/site-packages/airflow/example_dags/example_complex.py
[2026-03-12T00:46:03.650+0000] {logging_mixin.py:190} INFO - [2026-03-12T00:46:03.650+0000] {dag.py:3239} INFO - Sync 1 DAGs
[2026-03-12T00:46:03.660+0000] {logging_mixin.py:190} INFO - [2026-03-12T00:46:03.660+0000] {dag.py:4180} INFO - Setting next_dagrun for example_complex to None, run_after=None
[2026-03-12T00:46:03.678+0000] {processor.py:208} INFO - Processing /home/ec2-user/environment/lab4_model_training/venv/lib64/python3.12/site-packages/airflow/example_dags/example_complex.py took 0.067 seconds
[2026-03-12T00:47:01.432+0000] {processor.py:186} INFO - Started process (PID=5377) to work on /home/ec2-user/environment/lab4_model_training/venv/lib64/python3.12/site-packages/airflow/example_dags/example_complex.py
[2026-03-12T00:47:01.433+0000] {processor.py:914} INFO - Processing file /home/ec2-user/environment/lab4_model_training/venv/lib64/python3.12/site-packages/airflow/example_dags/example_complex.py for tasks to queue
[2026-03-12T00:47:01.435+0000] {logging_mixin.py:190} INFO - [2026-03-12T00:47:01.435+0000] {dagbag.py:588} INFO - Filling up the DagBag from /home/ec2-user/environment/lab4_model_training/venv/lib64/python3.12/site-packages/airflow/example_dags/example_complex.py
[2026-03-12T00:47:01.445+0000] {processor.py:925} INFO - DAG(s) 'example_complex' retrieved from /home/ec2-user/environment/lab4_model_training/venv/lib64/python3.12/site-packages/airflow/example_dags/example_complex.py
[2026-03-12T00:47:01.469+0000] {logging_mixin.py:190} INFO - [2026-03-12T00:47:01.469+0000] {dag.py:3239} INFO - Sync 1 DAGs
[2026-03-12T00:47:01.480+0000] {logging_mixin.py:190} INFO - [2026-03-12T00:47:01.480+0000] {dag.py:4180} INFO - Setting next_dagrun for example_complex to None, run_after=None
[2026-03-12T00:47:01.498+0000] {processor.py:208} INFO - Processing /home/ec2-user/environment/lab4_model_training/venv/lib64/python3.12/site-packages/airflow/example_dags/example_complex.py took 0.070 seconds
[2026-03-12T00:47:56.629+0000] {processor.py:186} INFO - Started process (PID=5501) to work on /home/ec2-user/environment/lab4_model_training/venv/lib64/python3.12/site-packages/airflow/example_dags/example_complex.py
[2026-03-12T00:47:56.630+0000] {processor.py:914} INFO - Processing file /home/ec2-user/environment/lab4_model_training/venv/lib64/python3.12/site-packages/airflow/example_dags/example_complex.py for tasks to queue
[2026-03-12T00:47:56.632+0000] {logging_mixin.py:190} INFO - [2026-03-12T00:47:56.631+0000] {dagbag.py:588} INFO - Filling up the DagBag from /home/ec2-user/environment/lab4_model_training/venv/lib64/python3.12/site-packages/airflow/example_dags/example_complex.py
[2026-03-12T00:47:56.645+0000] {processor.py:925} INFO - DAG(s) 'example_complex' retrieved from /home/ec2-user/environment/lab4_model_training/venv/lib64/python3.12/site-packages/airflow/example_dags/example_complex.py
[2026-03-12T00:47:56.681+0000] {logging_mixin.py:190} INFO - [2026-03-12T00:47:56.681+0000] {dag.py:3239} INFO - Sync 1 DAGs
[2026-03-12T00:47:56.691+0000] {logging_mixin.py:190} INFO - [2026-03-12T00:47:56.691+0000] {dag.py:4180} INFO - Setting next_dagrun for example_complex to None, run_after=None
[2026-03-12T00:47:56.719+0000] {processor.py:208} INFO - Processing /home/ec2-user/environment/lab4_model_training/venv/lib64/python3.12/site-packages/airflow/example_dags/example_complex.py took 0.094 seconds
[2026-03-12T00:48:43.345+0000] {processor.py:186} INFO - Started process (PID=5600) to work on /home/ec2-user/environment/lab4_model_training/venv/lib64/python3.12/site-packages/airflow/example_dags/example_complex.py
[2026-03-12T00:48:43.346+0000] {processor.py:914} INFO - Processing file /home/ec2-user/environment/lab4_model_training/venv/lib64/python3.12/site-packages/airflow/example_dags/example_complex.py for tasks to queue
[2026-03-12T00:48:43.348+0000] {logging_mixin.py:190} INFO - [2026-03-12T00:48:43.348+0000] {dagbag.py:588} INFO - Filling up the DagBag from /home/ec2-user/environment/lab4_model_training/venv/lib64/python3.12/site-packages/airflow/example_dags/example_complex.py
[2026-03-12T00:48:43.358+0000] {processor.py:925} INFO - DAG(s) 'example_complex' retrieved from /home/ec2-user/environment/lab4_model_training/venv/lib64/python3.12/site-packages/airflow/example_dags/example_complex.py
[2026-03-12T00:48:43.380+0000] {logging_mixin.py:190} INFO - [2026-03-12T00:48:43.380+0000] {dag.py:3239} INFO - Sync 1 DAGs
[2026-03-12T00:48:43.390+0000] {logging_mixin.py:190} INFO - [2026-03-12T00:48:43.390+0000] {dag.py:4180} INFO - Setting next_dagrun for example_complex to None, run_after=None
[2026-03-12T00:48:43.408+0000] {processor.py:208} INFO - Processing /home/ec2-user/environment/lab4_model_training/venv/lib64/python3.12/site-packages/airflow/example_dags/example_complex.py took 0.067 seconds
[2026-03-12T00:49:43.060+0000] {processor.py:186} INFO - Started process (PID=5729) to work on /home/ec2-user/environment/lab4_model_training/venv/lib64/python3.12/site-packages/airflow/example_dags/example_complex.py
[2026-03-12T00:49:43.062+0000] {processor.py:914} INFO - Processing file /home/ec2-user/environment/lab4_model_training/venv/lib64/python3.12/site-packages/airflow/example_dags/example_complex.py for tasks to queue
[2026-03-12T00:49:43.063+0000] {logging_mixin.py:190} INFO - [2026-03-12T00:49:43.063+0000] {dagbag.py:588} INFO - Filling up the DagBag from /home/ec2-user/environment/lab4_model_training/venv/lib64/python3.12/site-packages/airflow/example_dags/example_complex.py
[2026-03-12T00:49:43.073+0000] {processor.py:925} INFO - DAG(s) 'example_complex' retrieved from /home/ec2-user/environment/lab4_model_training/venv/lib64/python3.12/site-packages/airflow/example_dags/example_complex.py
[2026-03-12T00:49:43.096+0000] {logging_mixin.py:190} INFO - [2026-03-12T00:49:43.096+0000] {dag.py:3239} INFO - Sync 1 DAGs
[2026-03-12T00:49:43.107+0000] {logging_mixin.py:190} INFO - [2026-03-12T00:49:43.106+0000] {dag.py:4180} INFO - Setting next_dagrun for example_complex to None, run_after=None
[2026-03-12T00:49:43.125+0000] {processor.py:208} INFO - Processing /home/ec2-user/environment/lab4_model_training/venv/lib64/python3.12/site-packages/airflow/example_dags/example_complex.py took 0.069 seconds
[2026-03-12T00:50:38.354+0000] {processor.py:186} INFO - Started process (PID=5823) to work on /home/ec2-user/environment/lab4_model_training/venv/lib64/python3.12/site-packages/airflow/example_dags/example_complex.py
[2026-03-12T00:50:38.355+0000] {processor.py:914} INFO - Processing file /home/ec2-user/environment/lab4_model_training/venv/lib64/python3.12/site-packages/airflow/example_dags/example_complex.py for tasks to queue
[2026-03-12T00:50:38.357+0000] {logging_mixin.py:190} INFO - [2026-03-12T00:50:38.357+0000] {dagbag.py:588} INFO - Filling up the DagBag from /home/ec2-user/environment/lab4_model_training/venv/lib64/python3.12/site-packages/airflow/example_dags/example_complex.py
[2026-03-12T00:50:38.367+0000] {processor.py:925} INFO - DAG(s) 'example_complex' retrieved from /home/ec2-user/environment/lab4_model_training/venv/lib64/python3.12/site-packages/airflow/example_dags/example_complex.py
[2026-03-12T00:50:38.389+0000] {logging_mixin.py:190} INFO - [2026-03-12T00:50:38.389+0000] {dag.py:3239} INFO - Sync 1 DAGs
[2026-03-12T00:50:38.400+0000] {logging_mixin.py:190} INFO - [2026-03-12T00:50:38.400+0000] {dag.py:4180} INFO - Setting next_dagrun for example_complex to None, run_after=None
[2026-03-12T00:50:38.418+0000] {processor.py:208} INFO - Processing /home/ec2-user/environment/lab4_model_training/venv/lib64/python3.12/site-packages/airflow/example_dags/example_complex.py took 0.068 seconds
[2026-03-12T00:51:39.241+0000] {processor.py:186} INFO - Started process (PID=6101) to work on /home/ec2-user/environment/lab4_model_training/venv/lib64/python3.12/site-packages/airflow/example_dags/example_complex.py
[2026-03-12T00:51:39.242+0000] {processor.py:914} INFO - Processing file /home/ec2-user/environment/lab4_model_training/venv/lib64/python3.12/site-packages/airflow/example_dags/example_complex.py for tasks to queue
[2026-03-12T00:51:39.244+0000] {logging_mixin.py:190} INFO - [2026-03-12T00:51:39.243+0000] {dagbag.py:588} INFO - Filling up the DagBag from /home/ec2-user/environment/lab4_model_training/venv/lib64/python3.12/site-packages/airflow/example_dags/example_complex.py
[2026-03-12T00:51:39.254+0000] {processor.py:925} INFO - DAG(s) 'example_complex' retrieved from /home/ec2-user/environment/lab4_model_training/venv/lib64/python3.12/site-packages/airflow/example_dags/example_complex.py
[2026-03-12T00:51:39.276+0000] {logging_mixin.py:190} INFO - [2026-03-12T00:51:39.276+0000] {dag.py:3239} INFO - Sync 1 DAGs
[2026-03-12T00:51:39.286+0000] {logging_mixin.py:190} INFO - [2026-03-12T00:51:39.286+0000] {dag.py:4180} INFO - Setting next_dagrun for example_complex to None, run_after=None
[2026-03-12T00:51:39.303+0000] {processor.py:208} INFO - Processing /home/ec2-user/environment/lab4_model_training/venv/lib64/python3.12/site-packages/airflow/example_dags/example_complex.py took 0.066 seconds
[2026-03-12T00:52:38.344+0000] {processor.py:186} INFO - Started process (PID=6337) to work on /home/ec2-user/environment/lab4_model_training/venv/lib64/python3.12/site-packages/airflow/example_dags/example_complex.py
[2026-03-12T00:52:38.346+0000] {processor.py:914} INFO - Processing file /home/ec2-user/environment/lab4_model_training/venv/lib64/python3.12/site-packages/airflow/example_dags/example_complex.py for tasks to queue
[2026-03-12T00:52:38.347+0000] {logging_mixin.py:190} INFO - [2026-03-12T00:52:38.347+0000] {dagbag.py:588} INFO - Filling up the DagBag from /home/ec2-user/environment/lab4_model_training/venv/lib64/python3.12/site-packages/airflow/example_dags/example_complex.py
[2026-03-12T00:52:38.358+0000] {processor.py:925} INFO - DAG(s) 'example_complex' retrieved from /home/ec2-user/environment/lab4_model_training/venv/lib64/python3.12/site-packages/airflow/example_dags/example_complex.py
[2026-03-12T00:52:38.380+0000] {logging_mixin.py:190} INFO - [2026-03-12T00:52:38.380+0000] {dag.py:3239} INFO - Sync 1 DAGs
[2026-03-12T00:52:38.390+0000] {logging_mixin.py:190} INFO - [2026-03-12T00:52:38.390+0000] {dag.py:4180} INFO - Setting next_dagrun for example_complex to None, run_after=None
[2026-03-12T00:52:38.407+0000] {processor.py:208} INFO - Processing /home/ec2-user/environment/lab4_model_training/venv/lib64/python3.12/site-packages/airflow/example_dags/example_complex.py took 0.067 seconds
[2026-03-12T00:53:41.144+0000] {processor.py:186} INFO - Started process (PID=6548) to work on /home/ec2-user/environment/lab4_model_training/venv/lib64/python3.12/site-packages/airflow/example_dags/example_complex.py
[2026-03-12T00:53:41.146+0000] {processor.py:914} INFO - Processing file /home/ec2-user/environment/lab4_model_training/venv/lib64/python3.12/site-packages/airflow/example_dags/example_complex.py for tasks to queue
[2026-03-12T00:53:41.147+0000] {logging_mixin.py:190} INFO - [2026-03-12T00:53:41.147+0000] {dagbag.py:588} INFO - Filling up the DagBag from /home/ec2-user/environment/lab4_model_training/venv/lib64/python3.12/site-packages/airflow/example_dags/example_complex.py
[2026-03-12T00:53:41.157+0000] {processor.py:925} INFO - DAG(s) 'example_complex' retrieved from /home/ec2-user/environment/lab4_model_training/venv/lib64/python3.12/site-packages/airflow/example_dags/example_complex.py
[2026-03-12T00:53:41.180+0000] {logging_mixin.py:190} INFO - [2026-03-12T00:53:41.179+0000] {dag.py:3239} INFO - Sync 1 DAGs
[2026-03-12T00:53:41.190+0000] {logging_mixin.py:190} INFO - [2026-03-12T00:53:41.190+0000] {dag.py:4180} INFO - Setting next_dagrun for example_complex to None, run_after=None
[2026-03-12T00:53:41.207+0000] {processor.py:208} INFO - Processing /home/ec2-user/environment/lab4_model_training/venv/lib64/python3.12/site-packages/airflow/example_dags/example_complex.py took 0.067 seconds
[2026-03-12T00:54:44.334+0000] {processor.py:186} INFO - Started process (PID=6761) to work on /home/ec2-user/environment/lab4_model_training/venv/lib64/python3.12/site-packages/airflow/example_dags/example_complex.py
[2026-03-12T00:54:44.335+0000] {processor.py:914} INFO - Processing file /home/ec2-user/environment/lab4_model_training/venv/lib64/python3.12/site-packages/airflow/example_dags/example_complex.py for tasks to queue
[2026-03-12T00:54:44.337+0000] {logging_mixin.py:190} INFO - [2026-03-12T00:54:44.337+0000] {dagbag.py:588} INFO - Filling up the DagBag from /home/ec2-user/environment/lab4_model_training/venv/lib64/python3.12/site-packages/airflow/example_dags/example_complex.py
[2026-03-12T00:54:44.347+0000] {processor.py:925} INFO - DAG(s) 'example_complex' retrieved from /home/ec2-user/environment/lab4_model_training/venv/lib64/python3.12/site-packages/airflow/example_dags/example_complex.py
[2026-03-12T00:54:44.369+0000] {logging_mixin.py:190} INFO - [2026-03-12T00:54:44.369+0000] {dag.py:3239} INFO - Sync 1 DAGs
[2026-03-12T00:54:44.379+0000] {logging_mixin.py:190} INFO - [2026-03-12T00:54:44.379+0000] {dag.py:4180} INFO - Setting next_dagrun for example_complex to None, run_after=None
[2026-03-12T00:54:44.397+0000] {processor.py:208} INFO - Processing /home/ec2-user/environment/lab4_model_training/venv/lib64/python3.12/site-packages/airflow/example_dags/example_complex.py took 0.068 seconds
[2026-03-12T00:55:40.764+0000] {processor.py:186} INFO - Started process (PID=6878) to work on /home/ec2-user/environment/lab4_model_training/venv/lib64/python3.12/site-packages/airflow/example_dags/example_complex.py
[2026-03-12T00:55:40.765+0000] {processor.py:914} INFO - Processing file /home/ec2-user/environment/lab4_model_training/venv/lib64/python3.12/site-packages/airflow/example_dags/example_complex.py for tasks to queue
[2026-03-12T00:55:40.767+0000] {logging_mixin.py:190} INFO - [2026-03-12T00:55:40.767+0000] {dagbag.py:588} INFO - Filling up the DagBag from /home/ec2-user/environment/lab4_model_training/venv/lib64/python3.12/site-packages/airflow/example_dags/example_complex.py
[2026-03-12T00:55:40.777+0000] {processor.py:925} INFO - DAG(s) 'example_complex' retrieved from /home/ec2-user/environment/lab4_model_training/venv/lib64/python3.12/site-packages/airflow/example_dags/example_complex.py
[2026-03-12T00:55:40.799+0000] {logging_mixin.py:190} INFO - [2026-03-12T00:55:40.798+0000] {dag.py:3239} INFO - Sync 1 DAGs
[2026-03-12T00:55:40.809+0000] {logging_mixin.py:190} INFO - [2026-03-12T00:55:40.809+0000] {dag.py:4180} INFO - Setting next_dagrun for example_complex to None, run_after=None
[2026-03-12T00:55:40.826+0000] {processor.py:208} INFO - Processing /home/ec2-user/environment/lab4_model_training/venv/lib64/python3.12/site-packages/airflow/example_dags/example_complex.py took 0.067 seconds
[2026-03-12T00:56:39.109+0000] {processor.py:186} INFO - Started process (PID=7061) to work on /home/ec2-user/environment/lab4_model_training/venv/lib64/python3.12/site-packages/airflow/example_dags/example_complex.py
[2026-03-12T00:56:39.110+0000] {processor.py:914} INFO - Processing file /home/ec2-user/environment/lab4_model_training/venv/lib64/python3.12/site-packages/airflow/example_dags/example_complex.py for tasks to queue
[2026-03-12T00:56:39.111+0000] {logging_mixin.py:190} INFO - [2026-03-12T00:56:39.111+0000] {dagbag.py:588} INFO - Filling up the DagBag from /home/ec2-user/environment/lab4_model_training/venv/lib64/python3.12/site-packages/airflow/example_dags/example_complex.py
[2026-03-12T00:56:39.122+0000] {processor.py:925} INFO - DAG(s) 'example_complex' retrieved from /home/ec2-user/environment/lab4_model_training/venv/lib64/python3.12/site-packages/airflow/example_dags/example_complex.py
[2026-03-12T00:56:39.143+0000] {logging_mixin.py:190} INFO - [2026-03-12T00:56:39.143+0000] {dag.py:3239} INFO - Sync 1 DAGs
[2026-03-12T00:56:39.154+0000] {logging_mixin.py:190} INFO - [2026-03-12T00:56:39.154+0000] {dag.py:4180} INFO - Setting next_dagrun for example_complex to None, run_after=None
[2026-03-12T00:56:39.172+0000] {processor.py:208} INFO - Processing /home/ec2-user/environment/lab4_model_training/venv/lib64/python3.12/site-packages/airflow/example_dags/example_complex.py took 0.068 seconds
[2026-03-12T00:57:36.967+0000] {processor.py:186} INFO - Started process (PID=7172) to work on /home/ec2-user/environment/lab4_model_training/venv/lib64/python3.12/site-packages/airflow/example_dags/example_complex.py
[2026-03-12T00:57:36.968+0000] {processor.py:914} INFO - Processing file /home/ec2-user/environment/lab4_model_training/venv/lib64/python3.12/site-packages/airflow/example_dags/example_complex.py for tasks to queue
[2026-03-12T00:57:36.970+0000] {logging_mixin.py:190} INFO - [2026-03-12T00:57:36.969+0000] {dagbag.py:588} INFO - Filling up the DagBag from /home/ec2-user/environment/lab4_model_training/venv/lib64/python3.12/site-packages/airflow/example_dags/example_complex.py
[2026-03-12T00:57:36.980+0000] {processor.py:925} INFO - DAG(s) 'example_complex' retrieved from /home/ec2-user/environment/lab4_model_training/venv/lib64/python3.12/site-packages/airflow/example_dags/example_complex.py
[2026-03-12T00:57:37.002+0000] {logging_mixin.py:190} INFO - [2026-03-12T00:57:37.002+0000] {dag.py:3239} INFO - Sync 1 DAGs
[2026-03-12T00:57:37.012+0000] {logging_mixin.py:190} INFO - [2026-03-12T00:57:37.012+0000] {dag.py:4180} INFO - Setting next_dagrun for example_complex to None, run_after=None
[2026-03-12T00:57:37.028+0000] {processor.py:208} INFO - Processing /home/ec2-user/environment/lab4_model_training/venv/lib64/python3.12/site-packages/airflow/example_dags/example_complex.py took 0.066 seconds
[2026-03-12T00:58:34.350+0000] {processor.py:186} INFO - Started process (PID=7361) to work on /home/ec2-user/environment/lab4_model_training/venv/lib64/python3.12/site-packages/airflow/example_dags/example_complex.py
[2026-03-12T00:58:34.351+0000] {processor.py:914} INFO - Processing file /home/ec2-user/environment/lab4_model_training/venv/lib64/python3.12/site-packages/airflow/example_dags/example_complex.py for tasks to queue
[2026-03-12T00:58:34.353+0000] {logging_mixin.py:190} INFO - [2026-03-12T00:58:34.352+0000] {dagbag.py:588} INFO - Filling up the DagBag from /home/ec2-user/environment/lab4_model_training/venv/lib64/python3.12/site-packages/airflow/example_dags/example_complex.py
[2026-03-12T00:58:34.363+0000] {processor.py:925} INFO - DAG(s) 'example_complex' retrieved from /home/ec2-user/environment/lab4_model_training/venv/lib64/python3.12/site-packages/airflow/example_dags/example_complex.py
[2026-03-12T00:58:34.385+0000] {logging_mixin.py:190} INFO - [2026-03-12T00:58:34.384+0000] {dag.py:3239} INFO - Sync 1 DAGs
[2026-03-12T00:58:34.395+0000] {logging_mixin.py:190} INFO - [2026-03-12T00:58:34.395+0000] {dag.py:4180} INFO - Setting next_dagrun for example_complex to None, run_after=None
[2026-03-12T00:58:34.411+0000] {processor.py:208} INFO - Processing /home/ec2-user/environment/lab4_model_training/venv/lib64/python3.12/site-packages/airflow/example_dags/example_complex.py took 0.066 seconds
