[2026-03-12T00:40:09.546+0000] {processor.py:186} INFO - Started process (PID=4537) to work on /home/ec2-user/environment/lab4_model_training/venv/lib64/python3.12/site-packages/airflow/example_dags/example_nested_branch_dag.py
[2026-03-12T00:40:09.547+0000] {processor.py:914} INFO - Processing file /home/ec2-user/environment/lab4_model_training/venv/lib64/python3.12/site-packages/airflow/example_dags/example_nested_branch_dag.py for tasks to queue
[2026-03-12T00:40:09.548+0000] {logging_mixin.py:190} INFO - [2026-03-12T00:40:09.548+0000] {dagbag.py:588} INFO - Filling up the DagBag from /home/ec2-user/environment/lab4_model_training/venv/lib64/python3.12/site-packages/airflow/example_dags/example_nested_branch_dag.py
[2026-03-12T00:40:09.560+0000] {processor.py:925} INFO - DAG(s) 'example_nested_branch_dag' retrieved from /home/ec2-user/environment/lab4_model_training/venv/lib64/python3.12/site-packages/airflow/example_dags/example_nested_branch_dag.py
[2026-03-12T00:40:09.645+0000] {logging_mixin.py:190} INFO - [2026-03-12T00:40:09.644+0000] {override.py:1930} INFO - Created Permission View: can read on DAG:example_nested_branch_dag
[2026-03-12T00:40:09.655+0000] {logging_mixin.py:190} INFO - [2026-03-12T00:40:09.655+0000] {override.py:1930} INFO - Created Permission View: can edit on DAG:example_nested_branch_dag
[2026-03-12T00:40:09.663+0000] {logging_mixin.py:190} INFO - [2026-03-12T00:40:09.663+0000] {override.py:1930} INFO - Created Permission View: can delete on DAG:example_nested_branch_dag
[2026-03-12T00:40:09.676+0000] {logging_mixin.py:190} INFO - [2026-03-12T00:40:09.676+0000] {override.py:1930} INFO - Created Permission View: menu access on DAG Run:example_nested_branch_dag
[2026-03-12T00:40:09.684+0000] {logging_mixin.py:190} INFO - [2026-03-12T00:40:09.684+0000] {override.py:1930} INFO - Created Permission View: can read on DAG Run:example_nested_branch_dag
[2026-03-12T00:40:09.692+0000] {logging_mixin.py:190} INFO - [2026-03-12T00:40:09.692+0000] {override.py:1930} INFO - Created Permission View: can create on DAG Run:example_nested_branch_dag
[2026-03-12T00:40:09.700+0000] {logging_mixin.py:190} INFO - [2026-03-12T00:40:09.699+0000] {override.py:1930} INFO - Created Permission View: can delete on DAG Run:example_nested_branch_dag
[2026-03-12T00:40:09.700+0000] {logging_mixin.py:190} INFO - [2026-03-12T00:40:09.700+0000] {dag.py:3239} INFO - Sync 1 DAGs
[2026-03-12T00:40:09.709+0000] {logging_mixin.py:190} INFO - [2026-03-12T00:40:09.709+0000] {dag.py:3262} INFO - Creating ORM DAG for example_nested_branch_dag
[2026-03-12T00:40:09.716+0000] {logging_mixin.py:190} INFO - [2026-03-12T00:40:09.716+0000] {dag.py:4180} INFO - Setting next_dagrun for example_nested_branch_dag to 2026-03-11 00:00:00+00:00, run_after=2026-03-12 00:00:00+00:00
[2026-03-12T00:40:09.733+0000] {processor.py:208} INFO - Processing /home/ec2-user/environment/lab4_model_training/venv/lib64/python3.12/site-packages/airflow/example_dags/example_nested_branch_dag.py took 0.190 seconds
[2026-03-12T00:41:16.582+0000] {processor.py:186} INFO - Started process (PID=4702) to work on /home/ec2-user/environment/lab4_model_training/venv/lib64/python3.12/site-packages/airflow/example_dags/example_nested_branch_dag.py
[2026-03-12T00:41:16.583+0000] {processor.py:914} INFO - Processing file /home/ec2-user/environment/lab4_model_training/venv/lib64/python3.12/site-packages/airflow/example_dags/example_nested_branch_dag.py for tasks to queue
[2026-03-12T00:41:16.585+0000] {logging_mixin.py:190} INFO - [2026-03-12T00:41:16.584+0000] {dagbag.py:588} INFO - Filling up the DagBag from /home/ec2-user/environment/lab4_model_training/venv/lib64/python3.12/site-packages/airflow/example_dags/example_nested_branch_dag.py
[2026-03-12T00:41:16.594+0000] {processor.py:925} INFO - DAG(s) 'example_nested_branch_dag' retrieved from /home/ec2-user/environment/lab4_model_training/venv/lib64/python3.12/site-packages/airflow/example_dags/example_nested_branch_dag.py
[2026-03-12T00:41:16.609+0000] {logging_mixin.py:190} INFO - [2026-03-12T00:41:16.609+0000] {dag.py:3239} INFO - Sync 1 DAGs
[2026-03-12T00:41:16.625+0000] {logging_mixin.py:190} INFO - [2026-03-12T00:41:16.625+0000] {dag.py:4180} INFO - Setting next_dagrun for example_nested_branch_dag to 2026-03-11 00:00:00+00:00, run_after=2026-03-12 00:00:00+00:00
[2026-03-12T00:41:16.643+0000] {processor.py:208} INFO - Processing /home/ec2-user/environment/lab4_model_training/venv/lib64/python3.12/site-packages/airflow/example_dags/example_nested_branch_dag.py took 0.065 seconds
[2026-03-12T00:42:17.006+0000] {processor.py:186} INFO - Started process (PID=4806) to work on /home/ec2-user/environment/lab4_model_training/venv/lib64/python3.12/site-packages/airflow/example_dags/example_nested_branch_dag.py
[2026-03-12T00:42:17.008+0000] {processor.py:914} INFO - Processing file /home/ec2-user/environment/lab4_model_training/venv/lib64/python3.12/site-packages/airflow/example_dags/example_nested_branch_dag.py for tasks to queue
[2026-03-12T00:42:17.009+0000] {logging_mixin.py:190} INFO - [2026-03-12T00:42:17.009+0000] {dagbag.py:588} INFO - Filling up the DagBag from /home/ec2-user/environment/lab4_model_training/venv/lib64/python3.12/site-packages/airflow/example_dags/example_nested_branch_dag.py
[2026-03-12T00:42:17.019+0000] {processor.py:925} INFO - DAG(s) 'example_nested_branch_dag' retrieved from /home/ec2-user/environment/lab4_model_training/venv/lib64/python3.12/site-packages/airflow/example_dags/example_nested_branch_dag.py
[2026-03-12T00:42:17.033+0000] {logging_mixin.py:190} INFO - [2026-03-12T00:42:17.033+0000] {dag.py:3239} INFO - Sync 1 DAGs
[2026-03-12T00:42:17.051+0000] {logging_mixin.py:190} INFO - [2026-03-12T00:42:17.051+0000] {dag.py:4180} INFO - Setting next_dagrun for example_nested_branch_dag to 2026-03-11 00:00:00+00:00, run_after=2026-03-12 00:00:00+00:00
[2026-03-12T00:42:17.068+0000] {processor.py:208} INFO - Processing /home/ec2-user/environment/lab4_model_training/venv/lib64/python3.12/site-packages/airflow/example_dags/example_nested_branch_dag.py took 0.066 seconds
[2026-03-12T00:43:16.113+0000] {processor.py:186} INFO - Started process (PID=4945) to work on /home/ec2-user/environment/lab4_model_training/venv/lib64/python3.12/site-packages/airflow/example_dags/example_nested_branch_dag.py
[2026-03-12T00:43:16.115+0000] {processor.py:914} INFO - Processing file /home/ec2-user/environment/lab4_model_training/venv/lib64/python3.12/site-packages/airflow/example_dags/example_nested_branch_dag.py for tasks to queue
[2026-03-12T00:43:16.117+0000] {logging_mixin.py:190} INFO - [2026-03-12T00:43:16.116+0000] {dagbag.py:588} INFO - Filling up the DagBag from /home/ec2-user/environment/lab4_model_training/venv/lib64/python3.12/site-packages/airflow/example_dags/example_nested_branch_dag.py
[2026-03-12T00:43:16.130+0000] {processor.py:925} INFO - DAG(s) 'example_nested_branch_dag' retrieved from /home/ec2-user/environment/lab4_model_training/venv/lib64/python3.12/site-packages/airflow/example_dags/example_nested_branch_dag.py
[2026-03-12T00:43:16.149+0000] {logging_mixin.py:190} INFO - [2026-03-12T00:43:16.148+0000] {dag.py:3239} INFO - Sync 1 DAGs
[2026-03-12T00:43:16.169+0000] {logging_mixin.py:190} INFO - [2026-03-12T00:43:16.169+0000] {dag.py:4180} INFO - Setting next_dagrun for example_nested_branch_dag to 2026-03-11 00:00:00+00:00, run_after=2026-03-12 00:00:00+00:00
[2026-03-12T00:43:16.190+0000] {processor.py:208} INFO - Processing /home/ec2-user/environment/lab4_model_training/venv/lib64/python3.12/site-packages/airflow/example_dags/example_nested_branch_dag.py took 0.082 seconds
[2026-03-12T00:44:13.264+0000] {processor.py:186} INFO - Started process (PID=5096) to work on /home/ec2-user/environment/lab4_model_training/venv/lib64/python3.12/site-packages/airflow/example_dags/example_nested_branch_dag.py
[2026-03-12T00:44:13.265+0000] {processor.py:914} INFO - Processing file /home/ec2-user/environment/lab4_model_training/venv/lib64/python3.12/site-packages/airflow/example_dags/example_nested_branch_dag.py for tasks to queue
[2026-03-12T00:44:13.267+0000] {logging_mixin.py:190} INFO - [2026-03-12T00:44:13.267+0000] {dagbag.py:588} INFO - Filling up the DagBag from /home/ec2-user/environment/lab4_model_training/venv/lib64/python3.12/site-packages/airflow/example_dags/example_nested_branch_dag.py
[2026-03-12T00:44:13.281+0000] {processor.py:925} INFO - DAG(s) 'example_nested_branch_dag' retrieved from /home/ec2-user/environment/lab4_model_training/venv/lib64/python3.12/site-packages/airflow/example_dags/example_nested_branch_dag.py
[2026-03-12T00:44:13.300+0000] {logging_mixin.py:190} INFO - [2026-03-12T00:44:13.300+0000] {dag.py:3239} INFO - Sync 1 DAGs
[2026-03-12T00:44:13.319+0000] {logging_mixin.py:190} INFO - [2026-03-12T00:44:13.319+0000] {dag.py:4180} INFO - Setting next_dagrun for example_nested_branch_dag to 2026-03-11 00:00:00+00:00, run_after=2026-03-12 00:00:00+00:00
[2026-03-12T00:44:13.339+0000] {processor.py:208} INFO - Processing /home/ec2-user/environment/lab4_model_training/venv/lib64/python3.12/site-packages/airflow/example_dags/example_nested_branch_dag.py took 0.079 seconds
[2026-03-12T00:45:19.632+0000] {processor.py:186} INFO - Started process (PID=5192) to work on /home/ec2-user/environment/lab4_model_training/venv/lib64/python3.12/site-packages/airflow/example_dags/example_nested_branch_dag.py
[2026-03-12T00:45:19.633+0000] {processor.py:914} INFO - Processing file /home/ec2-user/environment/lab4_model_training/venv/lib64/python3.12/site-packages/airflow/example_dags/example_nested_branch_dag.py for tasks to queue
[2026-03-12T00:45:19.635+0000] {logging_mixin.py:190} INFO - [2026-03-12T00:45:19.634+0000] {dagbag.py:588} INFO - Filling up the DagBag from /home/ec2-user/environment/lab4_model_training/venv/lib64/python3.12/site-packages/airflow/example_dags/example_nested_branch_dag.py
[2026-03-12T00:45:19.646+0000] {processor.py:925} INFO - DAG(s) 'example_nested_branch_dag' retrieved from /home/ec2-user/environment/lab4_model_training/venv/lib64/python3.12/site-packages/airflow/example_dags/example_nested_branch_dag.py
[2026-03-12T00:45:19.660+0000] {logging_mixin.py:190} INFO - [2026-03-12T00:45:19.660+0000] {dag.py:3239} INFO - Sync 1 DAGs
[2026-03-12T00:45:19.677+0000] {logging_mixin.py:190} INFO - [2026-03-12T00:45:19.676+0000] {dag.py:4180} INFO - Setting next_dagrun for example_nested_branch_dag to 2026-03-11 00:00:00+00:00, run_after=2026-03-12 00:00:00+00:00
[2026-03-12T00:45:19.694+0000] {processor.py:208} INFO - Processing /home/ec2-user/environment/lab4_model_training/venv/lib64/python3.12/site-packages/airflow/example_dags/example_nested_branch_dag.py took 0.067 seconds
[2026-03-12T00:46:17.621+0000] {processor.py:186} INFO - Started process (PID=5323) to work on /home/ec2-user/environment/lab4_model_training/venv/lib64/python3.12/site-packages/airflow/example_dags/example_nested_branch_dag.py
[2026-03-12T00:46:17.622+0000] {processor.py:914} INFO - Processing file /home/ec2-user/environment/lab4_model_training/venv/lib64/python3.12/site-packages/airflow/example_dags/example_nested_branch_dag.py for tasks to queue
[2026-03-12T00:46:17.624+0000] {logging_mixin.py:190} INFO - [2026-03-12T00:46:17.623+0000] {dagbag.py:588} INFO - Filling up the DagBag from /home/ec2-user/environment/lab4_model_training/venv/lib64/python3.12/site-packages/airflow/example_dags/example_nested_branch_dag.py
[2026-03-12T00:46:17.634+0000] {processor.py:925} INFO - DAG(s) 'example_nested_branch_dag' retrieved from /home/ec2-user/environment/lab4_model_training/venv/lib64/python3.12/site-packages/airflow/example_dags/example_nested_branch_dag.py
[2026-03-12T00:46:17.648+0000] {logging_mixin.py:190} INFO - [2026-03-12T00:46:17.648+0000] {dag.py:3239} INFO - Sync 1 DAGs
[2026-03-12T00:46:17.664+0000] {logging_mixin.py:190} INFO - [2026-03-12T00:46:17.664+0000] {dag.py:4180} INFO - Setting next_dagrun for example_nested_branch_dag to 2026-03-11 00:00:00+00:00, run_after=2026-03-12 00:00:00+00:00
[2026-03-12T00:46:17.684+0000] {processor.py:208} INFO - Processing /home/ec2-user/environment/lab4_model_training/venv/lib64/python3.12/site-packages/airflow/example_dags/example_nested_branch_dag.py took 0.067 seconds
[2026-03-12T00:47:15.491+0000] {processor.py:186} INFO - Started process (PID=5405) to work on /home/ec2-user/environment/lab4_model_training/venv/lib64/python3.12/site-packages/airflow/example_dags/example_nested_branch_dag.py
[2026-03-12T00:47:15.492+0000] {processor.py:914} INFO - Processing file /home/ec2-user/environment/lab4_model_training/venv/lib64/python3.12/site-packages/airflow/example_dags/example_nested_branch_dag.py for tasks to queue
[2026-03-12T00:47:15.493+0000] {logging_mixin.py:190} INFO - [2026-03-12T00:47:15.493+0000] {dagbag.py:588} INFO - Filling up the DagBag from /home/ec2-user/environment/lab4_model_training/venv/lib64/python3.12/site-packages/airflow/example_dags/example_nested_branch_dag.py
[2026-03-12T00:47:15.504+0000] {processor.py:925} INFO - DAG(s) 'example_nested_branch_dag' retrieved from /home/ec2-user/environment/lab4_model_training/venv/lib64/python3.12/site-packages/airflow/example_dags/example_nested_branch_dag.py
[2026-03-12T00:47:15.518+0000] {logging_mixin.py:190} INFO - [2026-03-12T00:47:15.518+0000] {dag.py:3239} INFO - Sync 1 DAGs
[2026-03-12T00:47:15.534+0000] {logging_mixin.py:190} INFO - [2026-03-12T00:47:15.534+0000] {dag.py:4180} INFO - Setting next_dagrun for example_nested_branch_dag to 2026-03-11 00:00:00+00:00, run_after=2026-03-12 00:00:00+00:00
[2026-03-12T00:47:15.554+0000] {processor.py:208} INFO - Processing /home/ec2-user/environment/lab4_model_training/venv/lib64/python3.12/site-packages/airflow/example_dags/example_nested_branch_dag.py took 0.068 seconds
[2026-03-12T00:48:13.296+0000] {processor.py:186} INFO - Started process (PID=5539) to work on /home/ec2-user/environment/lab4_model_training/venv/lib64/python3.12/site-packages/airflow/example_dags/example_nested_branch_dag.py
[2026-03-12T00:48:13.297+0000] {processor.py:914} INFO - Processing file /home/ec2-user/environment/lab4_model_training/venv/lib64/python3.12/site-packages/airflow/example_dags/example_nested_branch_dag.py for tasks to queue
[2026-03-12T00:48:13.299+0000] {logging_mixin.py:190} INFO - [2026-03-12T00:48:13.299+0000] {dagbag.py:588} INFO - Filling up the DagBag from /home/ec2-user/environment/lab4_model_training/venv/lib64/python3.12/site-packages/airflow/example_dags/example_nested_branch_dag.py
[2026-03-12T00:48:13.309+0000] {processor.py:925} INFO - DAG(s) 'example_nested_branch_dag' retrieved from /home/ec2-user/environment/lab4_model_training/venv/lib64/python3.12/site-packages/airflow/example_dags/example_nested_branch_dag.py
[2026-03-12T00:48:13.324+0000] {logging_mixin.py:190} INFO - [2026-03-12T00:48:13.323+0000] {dag.py:3239} INFO - Sync 1 DAGs
[2026-03-12T00:48:13.340+0000] {logging_mixin.py:190} INFO - [2026-03-12T00:48:13.340+0000] {dag.py:4180} INFO - Setting next_dagrun for example_nested_branch_dag to 2026-03-11 00:00:00+00:00, run_after=2026-03-12 00:00:00+00:00
[2026-03-12T00:48:13.357+0000] {processor.py:208} INFO - Processing /home/ec2-user/environment/lab4_model_training/venv/lib64/python3.12/site-packages/airflow/example_dags/example_nested_branch_dag.py took 0.065 seconds
[2026-03-12T00:49:28.458+0000] {processor.py:186} INFO - Started process (PID=5709) to work on /home/ec2-user/environment/lab4_model_training/venv/lib64/python3.12/site-packages/airflow/example_dags/example_nested_branch_dag.py
[2026-03-12T00:49:28.459+0000] {processor.py:914} INFO - Processing file /home/ec2-user/environment/lab4_model_training/venv/lib64/python3.12/site-packages/airflow/example_dags/example_nested_branch_dag.py for tasks to queue
[2026-03-12T00:49:28.461+0000] {logging_mixin.py:190} INFO - [2026-03-12T00:49:28.461+0000] {dagbag.py:588} INFO - Filling up the DagBag from /home/ec2-user/environment/lab4_model_training/venv/lib64/python3.12/site-packages/airflow/example_dags/example_nested_branch_dag.py
[2026-03-12T00:49:28.471+0000] {processor.py:925} INFO - DAG(s) 'example_nested_branch_dag' retrieved from /home/ec2-user/environment/lab4_model_training/venv/lib64/python3.12/site-packages/airflow/example_dags/example_nested_branch_dag.py
[2026-03-12T00:49:28.485+0000] {logging_mixin.py:190} INFO - [2026-03-12T00:49:28.485+0000] {dag.py:3239} INFO - Sync 1 DAGs
[2026-03-12T00:49:28.502+0000] {logging_mixin.py:190} INFO - [2026-03-12T00:49:28.502+0000] {dag.py:4180} INFO - Setting next_dagrun for example_nested_branch_dag to 2026-03-11 00:00:00+00:00, run_after=2026-03-12 00:00:00+00:00
[2026-03-12T00:49:28.520+0000] {processor.py:208} INFO - Processing /home/ec2-user/environment/lab4_model_training/venv/lib64/python3.12/site-packages/airflow/example_dags/example_nested_branch_dag.py took 0.066 seconds
[2026-03-12T00:50:25.196+0000] {processor.py:186} INFO - Started process (PID=5803) to work on /home/ec2-user/environment/lab4_model_training/venv/lib64/python3.12/site-packages/airflow/example_dags/example_nested_branch_dag.py
[2026-03-12T00:50:25.197+0000] {processor.py:914} INFO - Processing file /home/ec2-user/environment/lab4_model_training/venv/lib64/python3.12/site-packages/airflow/example_dags/example_nested_branch_dag.py for tasks to queue
[2026-03-12T00:50:25.198+0000] {logging_mixin.py:190} INFO - [2026-03-12T00:50:25.198+0000] {dagbag.py:588} INFO - Filling up the DagBag from /home/ec2-user/environment/lab4_model_training/venv/lib64/python3.12/site-packages/airflow/example_dags/example_nested_branch_dag.py
[2026-03-12T00:50:25.209+0000] {processor.py:925} INFO - DAG(s) 'example_nested_branch_dag' retrieved from /home/ec2-user/environment/lab4_model_training/venv/lib64/python3.12/site-packages/airflow/example_dags/example_nested_branch_dag.py
[2026-03-12T00:50:25.222+0000] {logging_mixin.py:190} INFO - [2026-03-12T00:50:25.222+0000] {dag.py:3239} INFO - Sync 1 DAGs
[2026-03-12T00:50:25.239+0000] {logging_mixin.py:190} INFO - [2026-03-12T00:50:25.239+0000] {dag.py:4180} INFO - Setting next_dagrun for example_nested_branch_dag to 2026-03-11 00:00:00+00:00, run_after=2026-03-12 00:00:00+00:00
[2026-03-12T00:50:25.257+0000] {processor.py:208} INFO - Processing /home/ec2-user/environment/lab4_model_training/venv/lib64/python3.12/site-packages/airflow/example_dags/example_nested_branch_dag.py took 0.066 seconds
[2026-03-12T00:51:23.361+0000] {processor.py:186} INFO - Started process (PID=6050) to work on /home/ec2-user/environment/lab4_model_training/venv/lib64/python3.12/site-packages/airflow/example_dags/example_nested_branch_dag.py
[2026-03-12T00:51:23.362+0000] {processor.py:914} INFO - Processing file /home/ec2-user/environment/lab4_model_training/venv/lib64/python3.12/site-packages/airflow/example_dags/example_nested_branch_dag.py for tasks to queue
[2026-03-12T00:51:23.364+0000] {logging_mixin.py:190} INFO - [2026-03-12T00:51:23.364+0000] {dagbag.py:588} INFO - Filling up the DagBag from /home/ec2-user/environment/lab4_model_training/venv/lib64/python3.12/site-packages/airflow/example_dags/example_nested_branch_dag.py
[2026-03-12T00:51:23.374+0000] {processor.py:925} INFO - DAG(s) 'example_nested_branch_dag' retrieved from /home/ec2-user/environment/lab4_model_training/venv/lib64/python3.12/site-packages/airflow/example_dags/example_nested_branch_dag.py
[2026-03-12T00:51:23.388+0000] {logging_mixin.py:190} INFO - [2026-03-12T00:51:23.388+0000] {dag.py:3239} INFO - Sync 1 DAGs
[2026-03-12T00:51:23.404+0000] {logging_mixin.py:190} INFO - [2026-03-12T00:51:23.404+0000] {dag.py:4180} INFO - Setting next_dagrun for example_nested_branch_dag to 2026-03-11 00:00:00+00:00, run_after=2026-03-12 00:00:00+00:00
[2026-03-12T00:51:23.421+0000] {processor.py:208} INFO - Processing /home/ec2-user/environment/lab4_model_training/venv/lib64/python3.12/site-packages/airflow/example_dags/example_nested_branch_dag.py took 0.065 seconds
[2026-03-12T00:52:22.736+0000] {processor.py:186} INFO - Started process (PID=6307) to work on /home/ec2-user/environment/lab4_model_training/venv/lib64/python3.12/site-packages/airflow/example_dags/example_nested_branch_dag.py
[2026-03-12T00:52:22.737+0000] {processor.py:914} INFO - Processing file /home/ec2-user/environment/lab4_model_training/venv/lib64/python3.12/site-packages/airflow/example_dags/example_nested_branch_dag.py for tasks to queue
[2026-03-12T00:52:22.739+0000] {logging_mixin.py:190} INFO - [2026-03-12T00:52:22.739+0000] {dagbag.py:588} INFO - Filling up the DagBag from /home/ec2-user/environment/lab4_model_training/venv/lib64/python3.12/site-packages/airflow/example_dags/example_nested_branch_dag.py
[2026-03-12T00:52:22.749+0000] {processor.py:925} INFO - DAG(s) 'example_nested_branch_dag' retrieved from /home/ec2-user/environment/lab4_model_training/venv/lib64/python3.12/site-packages/airflow/example_dags/example_nested_branch_dag.py
[2026-03-12T00:52:22.763+0000] {logging_mixin.py:190} INFO - [2026-03-12T00:52:22.763+0000] {dag.py:3239} INFO - Sync 1 DAGs
[2026-03-12T00:52:22.780+0000] {logging_mixin.py:190} INFO - [2026-03-12T00:52:22.780+0000] {dag.py:4180} INFO - Setting next_dagrun for example_nested_branch_dag to 2026-03-11 00:00:00+00:00, run_after=2026-03-12 00:00:00+00:00
[2026-03-12T00:52:22.797+0000] {processor.py:208} INFO - Processing /home/ec2-user/environment/lab4_model_training/venv/lib64/python3.12/site-packages/airflow/example_dags/example_nested_branch_dag.py took 0.066 seconds
[2026-03-12T00:53:23.454+0000] {processor.py:186} INFO - Started process (PID=6468) to work on /home/ec2-user/environment/lab4_model_training/venv/lib64/python3.12/site-packages/airflow/example_dags/example_nested_branch_dag.py
[2026-03-12T00:53:23.455+0000] {processor.py:914} INFO - Processing file /home/ec2-user/environment/lab4_model_training/venv/lib64/python3.12/site-packages/airflow/example_dags/example_nested_branch_dag.py for tasks to queue
[2026-03-12T00:53:23.456+0000] {logging_mixin.py:190} INFO - [2026-03-12T00:53:23.456+0000] {dagbag.py:588} INFO - Filling up the DagBag from /home/ec2-user/environment/lab4_model_training/venv/lib64/python3.12/site-packages/airflow/example_dags/example_nested_branch_dag.py
[2026-03-12T00:53:23.466+0000] {processor.py:925} INFO - DAG(s) 'example_nested_branch_dag' retrieved from /home/ec2-user/environment/lab4_model_training/venv/lib64/python3.12/site-packages/airflow/example_dags/example_nested_branch_dag.py
[2026-03-12T00:53:23.480+0000] {logging_mixin.py:190} INFO - [2026-03-12T00:53:23.480+0000] {dag.py:3239} INFO - Sync 1 DAGs
[2026-03-12T00:53:23.496+0000] {logging_mixin.py:190} INFO - [2026-03-12T00:53:23.496+0000] {dag.py:4180} INFO - Setting next_dagrun for example_nested_branch_dag to 2026-03-11 00:00:00+00:00, run_after=2026-03-12 00:00:00+00:00
[2026-03-12T00:53:23.514+0000] {processor.py:208} INFO - Processing /home/ec2-user/environment/lab4_model_training/venv/lib64/python3.12/site-packages/airflow/example_dags/example_nested_branch_dag.py took 0.065 seconds
[2026-03-12T00:54:27.950+0000] {processor.py:186} INFO - Started process (PID=6642) to work on /home/ec2-user/environment/lab4_model_training/venv/lib64/python3.12/site-packages/airflow/example_dags/example_nested_branch_dag.py
[2026-03-12T00:54:27.951+0000] {processor.py:914} INFO - Processing file /home/ec2-user/environment/lab4_model_training/venv/lib64/python3.12/site-packages/airflow/example_dags/example_nested_branch_dag.py for tasks to queue
[2026-03-12T00:54:27.952+0000] {logging_mixin.py:190} INFO - [2026-03-12T00:54:27.952+0000] {dagbag.py:588} INFO - Filling up the DagBag from /home/ec2-user/environment/lab4_model_training/venv/lib64/python3.12/site-packages/airflow/example_dags/example_nested_branch_dag.py
[2026-03-12T00:54:27.962+0000] {processor.py:925} INFO - DAG(s) 'example_nested_branch_dag' retrieved from /home/ec2-user/environment/lab4_model_training/venv/lib64/python3.12/site-packages/airflow/example_dags/example_nested_branch_dag.py
[2026-03-12T00:54:27.976+0000] {logging_mixin.py:190} INFO - [2026-03-12T00:54:27.976+0000] {dag.py:3239} INFO - Sync 1 DAGs
[2026-03-12T00:54:27.992+0000] {logging_mixin.py:190} INFO - [2026-03-12T00:54:27.992+0000] {dag.py:4180} INFO - Setting next_dagrun for example_nested_branch_dag to 2026-03-11 00:00:00+00:00, run_after=2026-03-12 00:00:00+00:00
[2026-03-12T00:54:28.010+0000] {processor.py:208} INFO - Processing /home/ec2-user/environment/lab4_model_training/venv/lib64/python3.12/site-packages/airflow/example_dags/example_nested_branch_dag.py took 0.064 seconds
[2026-03-12T00:55:25.624+0000] {processor.py:186} INFO - Started process (PID=6857) to work on /home/ec2-user/environment/lab4_model_training/venv/lib64/python3.12/site-packages/airflow/example_dags/example_nested_branch_dag.py
[2026-03-12T00:55:25.625+0000] {processor.py:914} INFO - Processing file /home/ec2-user/environment/lab4_model_training/venv/lib64/python3.12/site-packages/airflow/example_dags/example_nested_branch_dag.py for tasks to queue
[2026-03-12T00:55:25.627+0000] {logging_mixin.py:190} INFO - [2026-03-12T00:55:25.626+0000] {dagbag.py:588} INFO - Filling up the DagBag from /home/ec2-user/environment/lab4_model_training/venv/lib64/python3.12/site-packages/airflow/example_dags/example_nested_branch_dag.py
[2026-03-12T00:55:25.637+0000] {processor.py:925} INFO - DAG(s) 'example_nested_branch_dag' retrieved from /home/ec2-user/environment/lab4_model_training/venv/lib64/python3.12/site-packages/airflow/example_dags/example_nested_branch_dag.py
[2026-03-12T00:55:25.651+0000] {logging_mixin.py:190} INFO - [2026-03-12T00:55:25.651+0000] {dag.py:3239} INFO - Sync 1 DAGs
[2026-03-12T00:55:25.667+0000] {logging_mixin.py:190} INFO - [2026-03-12T00:55:25.667+0000] {dag.py:4180} INFO - Setting next_dagrun for example_nested_branch_dag to 2026-03-11 00:00:00+00:00, run_after=2026-03-12 00:00:00+00:00
[2026-03-12T00:55:25.684+0000] {processor.py:208} INFO - Processing /home/ec2-user/environment/lab4_model_training/venv/lib64/python3.12/site-packages/airflow/example_dags/example_nested_branch_dag.py took 0.065 seconds
[2026-03-12T00:56:26.258+0000] {processor.py:186} INFO - Started process (PID=7033) to work on /home/ec2-user/environment/lab4_model_training/venv/lib64/python3.12/site-packages/airflow/example_dags/example_nested_branch_dag.py
[2026-03-12T00:56:26.259+0000] {processor.py:914} INFO - Processing file /home/ec2-user/environment/lab4_model_training/venv/lib64/python3.12/site-packages/airflow/example_dags/example_nested_branch_dag.py for tasks to queue
[2026-03-12T00:56:26.261+0000] {logging_mixin.py:190} INFO - [2026-03-12T00:56:26.260+0000] {dagbag.py:588} INFO - Filling up the DagBag from /home/ec2-user/environment/lab4_model_training/venv/lib64/python3.12/site-packages/airflow/example_dags/example_nested_branch_dag.py
[2026-03-12T00:56:26.271+0000] {processor.py:925} INFO - DAG(s) 'example_nested_branch_dag' retrieved from /home/ec2-user/environment/lab4_model_training/venv/lib64/python3.12/site-packages/airflow/example_dags/example_nested_branch_dag.py
[2026-03-12T00:56:26.286+0000] {logging_mixin.py:190} INFO - [2026-03-12T00:56:26.286+0000] {dag.py:3239} INFO - Sync 1 DAGs
[2026-03-12T00:56:26.302+0000] {logging_mixin.py:190} INFO - [2026-03-12T00:56:26.302+0000] {dag.py:4180} INFO - Setting next_dagrun for example_nested_branch_dag to 2026-03-11 00:00:00+00:00, run_after=2026-03-12 00:00:00+00:00
[2026-03-12T00:56:26.335+0000] {processor.py:208} INFO - Processing /home/ec2-user/environment/lab4_model_training/venv/lib64/python3.12/site-packages/airflow/example_dags/example_nested_branch_dag.py took 0.081 seconds
[2026-03-12T00:57:24.232+0000] {processor.py:186} INFO - Started process (PID=7147) to work on /home/ec2-user/environment/lab4_model_training/venv/lib64/python3.12/site-packages/airflow/example_dags/example_nested_branch_dag.py
[2026-03-12T00:57:24.233+0000] {processor.py:914} INFO - Processing file /home/ec2-user/environment/lab4_model_training/venv/lib64/python3.12/site-packages/airflow/example_dags/example_nested_branch_dag.py for tasks to queue
[2026-03-12T00:57:24.235+0000] {logging_mixin.py:190} INFO - [2026-03-12T00:57:24.235+0000] {dagbag.py:588} INFO - Filling up the DagBag from /home/ec2-user/environment/lab4_model_training/venv/lib64/python3.12/site-packages/airflow/example_dags/example_nested_branch_dag.py
[2026-03-12T00:57:24.246+0000] {processor.py:925} INFO - DAG(s) 'example_nested_branch_dag' retrieved from /home/ec2-user/environment/lab4_model_training/venv/lib64/python3.12/site-packages/airflow/example_dags/example_nested_branch_dag.py
[2026-03-12T00:57:24.265+0000] {logging_mixin.py:190} INFO - [2026-03-12T00:57:24.265+0000] {dag.py:3239} INFO - Sync 1 DAGs
[2026-03-12T00:57:24.285+0000] {logging_mixin.py:190} INFO - [2026-03-12T00:57:24.285+0000] {dag.py:4180} INFO - Setting next_dagrun for example_nested_branch_dag to 2026-03-11 00:00:00+00:00, run_after=2026-03-12 00:00:00+00:00
[2026-03-12T00:57:24.304+0000] {processor.py:208} INFO - Processing /home/ec2-user/environment/lab4_model_training/venv/lib64/python3.12/site-packages/airflow/example_dags/example_nested_branch_dag.py took 0.076 seconds
[2026-03-12T00:58:22.729+0000] {processor.py:186} INFO - Started process (PID=7296) to work on /home/ec2-user/environment/lab4_model_training/venv/lib64/python3.12/site-packages/airflow/example_dags/example_nested_branch_dag.py
[2026-03-12T00:58:22.730+0000] {processor.py:914} INFO - Processing file /home/ec2-user/environment/lab4_model_training/venv/lib64/python3.12/site-packages/airflow/example_dags/example_nested_branch_dag.py for tasks to queue
[2026-03-12T00:58:22.732+0000] {logging_mixin.py:190} INFO - [2026-03-12T00:58:22.732+0000] {dagbag.py:588} INFO - Filling up the DagBag from /home/ec2-user/environment/lab4_model_training/venv/lib64/python3.12/site-packages/airflow/example_dags/example_nested_branch_dag.py
[2026-03-12T00:58:22.745+0000] {processor.py:925} INFO - DAG(s) 'example_nested_branch_dag' retrieved from /home/ec2-user/environment/lab4_model_training/venv/lib64/python3.12/site-packages/airflow/example_dags/example_nested_branch_dag.py
[2026-03-12T00:58:22.764+0000] {logging_mixin.py:190} INFO - [2026-03-12T00:58:22.764+0000] {dag.py:3239} INFO - Sync 1 DAGs
[2026-03-12T00:58:22.785+0000] {logging_mixin.py:190} INFO - [2026-03-12T00:58:22.785+0000] {dag.py:4180} INFO - Setting next_dagrun for example_nested_branch_dag to 2026-03-11 00:00:00+00:00, run_after=2026-03-12 00:00:00+00:00
[2026-03-12T00:58:22.804+0000] {processor.py:208} INFO - Processing /home/ec2-user/environment/lab4_model_training/venv/lib64/python3.12/site-packages/airflow/example_dags/example_nested_branch_dag.py took 0.080 seconds
