[2026-03-12T00:40:15.940+0000] {processor.py:186} INFO - Started process (PID=4552) to work on /home/ec2-user/environment/lab4_model_training/venv/lib64/python3.12/site-packages/airflow/example_dags/example_python_decorator.py
[2026-03-12T00:40:15.941+0000] {processor.py:914} INFO - Processing file /home/ec2-user/environment/lab4_model_training/venv/lib64/python3.12/site-packages/airflow/example_dags/example_python_decorator.py for tasks to queue
[2026-03-12T00:40:15.943+0000] {logging_mixin.py:190} INFO - [2026-03-12T00:40:15.942+0000] {dagbag.py:588} INFO - Filling up the DagBag from /home/ec2-user/environment/lab4_model_training/venv/lib64/python3.12/site-packages/airflow/example_dags/example_python_decorator.py
[2026-03-12T00:40:15.952+0000] {logging_mixin.py:190} INFO - [2026-03-12T00:40:15.952+0000] {example_python_decorator.py:80} WARNING - The virtalenv_python example task requires virtualenv, please install it.
[2026-03-12T00:40:15.955+0000] {processor.py:925} INFO - DAG(s) 'example_python_decorator' retrieved from /home/ec2-user/environment/lab4_model_training/venv/lib64/python3.12/site-packages/airflow/example_dags/example_python_decorator.py
[2026-03-12T00:40:16.044+0000] {logging_mixin.py:190} INFO - [2026-03-12T00:40:16.043+0000] {override.py:1930} INFO - Created Permission View: can read on DAG:example_python_decorator
[2026-03-12T00:40:16.054+0000] {logging_mixin.py:190} INFO - [2026-03-12T00:40:16.054+0000] {override.py:1930} INFO - Created Permission View: can edit on DAG:example_python_decorator
[2026-03-12T00:40:16.062+0000] {logging_mixin.py:190} INFO - [2026-03-12T00:40:16.062+0000] {override.py:1930} INFO - Created Permission View: can delete on DAG:example_python_decorator
[2026-03-12T00:40:16.075+0000] {logging_mixin.py:190} INFO - [2026-03-12T00:40:16.075+0000] {override.py:1930} INFO - Created Permission View: menu access on DAG Run:example_python_decorator
[2026-03-12T00:40:16.083+0000] {logging_mixin.py:190} INFO - [2026-03-12T00:40:16.083+0000] {override.py:1930} INFO - Created Permission View: can read on DAG Run:example_python_decorator
[2026-03-12T00:40:16.091+0000] {logging_mixin.py:190} INFO - [2026-03-12T00:40:16.091+0000] {override.py:1930} INFO - Created Permission View: can create on DAG Run:example_python_decorator
[2026-03-12T00:40:16.099+0000] {logging_mixin.py:190} INFO - [2026-03-12T00:40:16.099+0000] {override.py:1930} INFO - Created Permission View: can delete on DAG Run:example_python_decorator
[2026-03-12T00:40:16.099+0000] {logging_mixin.py:190} INFO - [2026-03-12T00:40:16.099+0000] {dag.py:3239} INFO - Sync 1 DAGs
[2026-03-12T00:40:16.108+0000] {logging_mixin.py:190} INFO - [2026-03-12T00:40:16.108+0000] {dag.py:3262} INFO - Creating ORM DAG for example_python_decorator
[2026-03-12T00:40:16.109+0000] {logging_mixin.py:190} INFO - [2026-03-12T00:40:16.109+0000] {dag.py:4180} INFO - Setting next_dagrun for example_python_decorator to None, run_after=None
[2026-03-12T00:40:16.125+0000] {processor.py:208} INFO - Processing /home/ec2-user/environment/lab4_model_training/venv/lib64/python3.12/site-packages/airflow/example_dags/example_python_decorator.py took 0.191 seconds
[2026-03-12T00:41:21.725+0000] {processor.py:186} INFO - Started process (PID=4711) to work on /home/ec2-user/environment/lab4_model_training/venv/lib64/python3.12/site-packages/airflow/example_dags/example_python_decorator.py
[2026-03-12T00:41:21.726+0000] {processor.py:914} INFO - Processing file /home/ec2-user/environment/lab4_model_training/venv/lib64/python3.12/site-packages/airflow/example_dags/example_python_decorator.py for tasks to queue
[2026-03-12T00:41:21.728+0000] {logging_mixin.py:190} INFO - [2026-03-12T00:41:21.727+0000] {dagbag.py:588} INFO - Filling up the DagBag from /home/ec2-user/environment/lab4_model_training/venv/lib64/python3.12/site-packages/airflow/example_dags/example_python_decorator.py
[2026-03-12T00:41:21.738+0000] {logging_mixin.py:190} INFO - [2026-03-12T00:41:21.738+0000] {example_python_decorator.py:80} WARNING - The virtalenv_python example task requires virtualenv, please install it.
[2026-03-12T00:41:21.740+0000] {processor.py:925} INFO - DAG(s) 'example_python_decorator' retrieved from /home/ec2-user/environment/lab4_model_training/venv/lib64/python3.12/site-packages/airflow/example_dags/example_python_decorator.py
[2026-03-12T00:41:21.759+0000] {logging_mixin.py:190} INFO - [2026-03-12T00:41:21.759+0000] {dag.py:3239} INFO - Sync 1 DAGs
[2026-03-12T00:41:21.773+0000] {logging_mixin.py:190} INFO - [2026-03-12T00:41:21.773+0000] {dag.py:4180} INFO - Setting next_dagrun for example_python_decorator to None, run_after=None
[2026-03-12T00:41:21.795+0000] {processor.py:208} INFO - Processing /home/ec2-user/environment/lab4_model_training/venv/lib64/python3.12/site-packages/airflow/example_dags/example_python_decorator.py took 0.074 seconds
[2026-03-12T00:42:22.149+0000] {processor.py:186} INFO - Started process (PID=4817) to work on /home/ec2-user/environment/lab4_model_training/venv/lib64/python3.12/site-packages/airflow/example_dags/example_python_decorator.py
[2026-03-12T00:42:22.150+0000] {processor.py:914} INFO - Processing file /home/ec2-user/environment/lab4_model_training/venv/lib64/python3.12/site-packages/airflow/example_dags/example_python_decorator.py for tasks to queue
[2026-03-12T00:42:22.152+0000] {logging_mixin.py:190} INFO - [2026-03-12T00:42:22.151+0000] {dagbag.py:588} INFO - Filling up the DagBag from /home/ec2-user/environment/lab4_model_training/venv/lib64/python3.12/site-packages/airflow/example_dags/example_python_decorator.py
[2026-03-12T00:42:22.159+0000] {logging_mixin.py:190} INFO - [2026-03-12T00:42:22.159+0000] {example_python_decorator.py:80} WARNING - The virtalenv_python example task requires virtualenv, please install it.
[2026-03-12T00:42:22.161+0000] {processor.py:925} INFO - DAG(s) 'example_python_decorator' retrieved from /home/ec2-user/environment/lab4_model_training/venv/lib64/python3.12/site-packages/airflow/example_dags/example_python_decorator.py
[2026-03-12T00:42:22.175+0000] {logging_mixin.py:190} INFO - [2026-03-12T00:42:22.174+0000] {dag.py:3239} INFO - Sync 1 DAGs
[2026-03-12T00:42:22.186+0000] {logging_mixin.py:190} INFO - [2026-03-12T00:42:22.185+0000] {dag.py:4180} INFO - Setting next_dagrun for example_python_decorator to None, run_after=None
[2026-03-12T00:42:22.203+0000] {processor.py:208} INFO - Processing /home/ec2-user/environment/lab4_model_training/venv/lib64/python3.12/site-packages/airflow/example_dags/example_python_decorator.py took 0.058 seconds
[2026-03-12T00:43:19.813+0000] {processor.py:186} INFO - Started process (PID=4950) to work on /home/ec2-user/environment/lab4_model_training/venv/lib64/python3.12/site-packages/airflow/example_dags/example_python_decorator.py
[2026-03-12T00:43:19.814+0000] {processor.py:914} INFO - Processing file /home/ec2-user/environment/lab4_model_training/venv/lib64/python3.12/site-packages/airflow/example_dags/example_python_decorator.py for tasks to queue
[2026-03-12T00:43:19.815+0000] {logging_mixin.py:190} INFO - [2026-03-12T00:43:19.815+0000] {dagbag.py:588} INFO - Filling up the DagBag from /home/ec2-user/environment/lab4_model_training/venv/lib64/python3.12/site-packages/airflow/example_dags/example_python_decorator.py
[2026-03-12T00:43:19.822+0000] {logging_mixin.py:190} INFO - [2026-03-12T00:43:19.822+0000] {example_python_decorator.py:80} WARNING - The virtalenv_python example task requires virtualenv, please install it.
[2026-03-12T00:43:19.824+0000] {processor.py:925} INFO - DAG(s) 'example_python_decorator' retrieved from /home/ec2-user/environment/lab4_model_training/venv/lib64/python3.12/site-packages/airflow/example_dags/example_python_decorator.py
[2026-03-12T00:43:19.838+0000] {logging_mixin.py:190} INFO - [2026-03-12T00:43:19.838+0000] {dag.py:3239} INFO - Sync 1 DAGs
[2026-03-12T00:43:19.848+0000] {logging_mixin.py:190} INFO - [2026-03-12T00:43:19.848+0000] {dag.py:4180} INFO - Setting next_dagrun for example_python_decorator to None, run_after=None
[2026-03-12T00:43:19.868+0000] {processor.py:208} INFO - Processing /home/ec2-user/environment/lab4_model_training/venv/lib64/python3.12/site-packages/airflow/example_dags/example_python_decorator.py took 0.059 seconds
[2026-03-12T00:44:18.407+0000] {processor.py:186} INFO - Started process (PID=5101) to work on /home/ec2-user/environment/lab4_model_training/venv/lib64/python3.12/site-packages/airflow/example_dags/example_python_decorator.py
[2026-03-12T00:44:18.408+0000] {processor.py:914} INFO - Processing file /home/ec2-user/environment/lab4_model_training/venv/lib64/python3.12/site-packages/airflow/example_dags/example_python_decorator.py for tasks to queue
[2026-03-12T00:44:18.410+0000] {logging_mixin.py:190} INFO - [2026-03-12T00:44:18.410+0000] {dagbag.py:588} INFO - Filling up the DagBag from /home/ec2-user/environment/lab4_model_training/venv/lib64/python3.12/site-packages/airflow/example_dags/example_python_decorator.py
[2026-03-12T00:44:18.417+0000] {logging_mixin.py:190} INFO - [2026-03-12T00:44:18.417+0000] {example_python_decorator.py:80} WARNING - The virtalenv_python example task requires virtualenv, please install it.
[2026-03-12T00:44:18.419+0000] {processor.py:925} INFO - DAG(s) 'example_python_decorator' retrieved from /home/ec2-user/environment/lab4_model_training/venv/lib64/python3.12/site-packages/airflow/example_dags/example_python_decorator.py
[2026-03-12T00:44:18.433+0000] {logging_mixin.py:190} INFO - [2026-03-12T00:44:18.433+0000] {dag.py:3239} INFO - Sync 1 DAGs
[2026-03-12T00:44:18.443+0000] {logging_mixin.py:190} INFO - [2026-03-12T00:44:18.442+0000] {dag.py:4180} INFO - Setting next_dagrun for example_python_decorator to None, run_after=None
[2026-03-12T00:44:18.468+0000] {processor.py:208} INFO - Processing /home/ec2-user/environment/lab4_model_training/venv/lib64/python3.12/site-packages/airflow/example_dags/example_python_decorator.py took 0.065 seconds
[2026-03-12T00:45:24.709+0000] {processor.py:186} INFO - Started process (PID=5245) to work on /home/ec2-user/environment/lab4_model_training/venv/lib64/python3.12/site-packages/airflow/example_dags/example_python_decorator.py
[2026-03-12T00:45:24.711+0000] {processor.py:914} INFO - Processing file /home/ec2-user/environment/lab4_model_training/venv/lib64/python3.12/site-packages/airflow/example_dags/example_python_decorator.py for tasks to queue
[2026-03-12T00:45:24.712+0000] {logging_mixin.py:190} INFO - [2026-03-12T00:45:24.712+0000] {dagbag.py:588} INFO - Filling up the DagBag from /home/ec2-user/environment/lab4_model_training/venv/lib64/python3.12/site-packages/airflow/example_dags/example_python_decorator.py
[2026-03-12T00:45:24.720+0000] {logging_mixin.py:190} INFO - [2026-03-12T00:45:24.720+0000] {example_python_decorator.py:80} WARNING - The virtalenv_python example task requires virtualenv, please install it.
[2026-03-12T00:45:24.722+0000] {processor.py:925} INFO - DAG(s) 'example_python_decorator' retrieved from /home/ec2-user/environment/lab4_model_training/venv/lib64/python3.12/site-packages/airflow/example_dags/example_python_decorator.py
[2026-03-12T00:45:24.736+0000] {logging_mixin.py:190} INFO - [2026-03-12T00:45:24.736+0000] {dag.py:3239} INFO - Sync 1 DAGs
[2026-03-12T00:45:24.745+0000] {logging_mixin.py:190} INFO - [2026-03-12T00:45:24.745+0000] {dag.py:4180} INFO - Setting next_dagrun for example_python_decorator to None, run_after=None
[2026-03-12T00:45:24.763+0000] {processor.py:208} INFO - Processing /home/ec2-user/environment/lab4_model_training/venv/lib64/python3.12/site-packages/airflow/example_dags/example_python_decorator.py took 0.058 seconds
[2026-03-12T00:46:23.163+0000] {processor.py:186} INFO - Started process (PID=5328) to work on /home/ec2-user/environment/lab4_model_training/venv/lib64/python3.12/site-packages/airflow/example_dags/example_python_decorator.py
[2026-03-12T00:46:23.164+0000] {processor.py:914} INFO - Processing file /home/ec2-user/environment/lab4_model_training/venv/lib64/python3.12/site-packages/airflow/example_dags/example_python_decorator.py for tasks to queue
[2026-03-12T00:46:23.166+0000] {logging_mixin.py:190} INFO - [2026-03-12T00:46:23.165+0000] {dagbag.py:588} INFO - Filling up the DagBag from /home/ec2-user/environment/lab4_model_training/venv/lib64/python3.12/site-packages/airflow/example_dags/example_python_decorator.py
[2026-03-12T00:46:23.175+0000] {logging_mixin.py:190} INFO - [2026-03-12T00:46:23.175+0000] {example_python_decorator.py:80} WARNING - The virtalenv_python example task requires virtualenv, please install it.
[2026-03-12T00:46:23.178+0000] {processor.py:925} INFO - DAG(s) 'example_python_decorator' retrieved from /home/ec2-user/environment/lab4_model_training/venv/lib64/python3.12/site-packages/airflow/example_dags/example_python_decorator.py
[2026-03-12T00:46:23.196+0000] {logging_mixin.py:190} INFO - [2026-03-12T00:46:23.196+0000] {dag.py:3239} INFO - Sync 1 DAGs
[2026-03-12T00:46:23.211+0000] {logging_mixin.py:190} INFO - [2026-03-12T00:46:23.211+0000] {dag.py:4180} INFO - Setting next_dagrun for example_python_decorator to None, run_after=None
[2026-03-12T00:46:23.231+0000] {processor.py:208} INFO - Processing /home/ec2-user/environment/lab4_model_training/venv/lib64/python3.12/site-packages/airflow/example_dags/example_python_decorator.py took 0.073 seconds
[2026-03-12T00:47:19.500+0000] {processor.py:186} INFO - Started process (PID=5410) to work on /home/ec2-user/environment/lab4_model_training/venv/lib64/python3.12/site-packages/airflow/example_dags/example_python_decorator.py
[2026-03-12T00:47:19.501+0000] {processor.py:914} INFO - Processing file /home/ec2-user/environment/lab4_model_training/venv/lib64/python3.12/site-packages/airflow/example_dags/example_python_decorator.py for tasks to queue
[2026-03-12T00:47:19.502+0000] {logging_mixin.py:190} INFO - [2026-03-12T00:47:19.502+0000] {dagbag.py:588} INFO - Filling up the DagBag from /home/ec2-user/environment/lab4_model_training/venv/lib64/python3.12/site-packages/airflow/example_dags/example_python_decorator.py
[2026-03-12T00:47:19.510+0000] {logging_mixin.py:190} INFO - [2026-03-12T00:47:19.510+0000] {example_python_decorator.py:80} WARNING - The virtalenv_python example task requires virtualenv, please install it.
[2026-03-12T00:47:19.512+0000] {processor.py:925} INFO - DAG(s) 'example_python_decorator' retrieved from /home/ec2-user/environment/lab4_model_training/venv/lib64/python3.12/site-packages/airflow/example_dags/example_python_decorator.py
[2026-03-12T00:47:19.526+0000] {logging_mixin.py:190} INFO - [2026-03-12T00:47:19.526+0000] {dag.py:3239} INFO - Sync 1 DAGs
[2026-03-12T00:47:19.536+0000] {logging_mixin.py:190} INFO - [2026-03-12T00:47:19.536+0000] {dag.py:4180} INFO - Setting next_dagrun for example_python_decorator to None, run_after=None
[2026-03-12T00:47:19.554+0000] {processor.py:208} INFO - Processing /home/ec2-user/environment/lab4_model_training/venv/lib64/python3.12/site-packages/airflow/example_dags/example_python_decorator.py took 0.058 seconds
[2026-03-12T00:48:18.748+0000] {processor.py:186} INFO - Started process (PID=5544) to work on /home/ec2-user/environment/lab4_model_training/venv/lib64/python3.12/site-packages/airflow/example_dags/example_python_decorator.py
[2026-03-12T00:48:18.750+0000] {processor.py:914} INFO - Processing file /home/ec2-user/environment/lab4_model_training/venv/lib64/python3.12/site-packages/airflow/example_dags/example_python_decorator.py for tasks to queue
[2026-03-12T00:48:18.752+0000] {logging_mixin.py:190} INFO - [2026-03-12T00:48:18.752+0000] {dagbag.py:588} INFO - Filling up the DagBag from /home/ec2-user/environment/lab4_model_training/venv/lib64/python3.12/site-packages/airflow/example_dags/example_python_decorator.py
[2026-03-12T00:48:18.762+0000] {logging_mixin.py:190} INFO - [2026-03-12T00:48:18.761+0000] {example_python_decorator.py:80} WARNING - The virtalenv_python example task requires virtualenv, please install it.
[2026-03-12T00:48:18.764+0000] {processor.py:925} INFO - DAG(s) 'example_python_decorator' retrieved from /home/ec2-user/environment/lab4_model_training/venv/lib64/python3.12/site-packages/airflow/example_dags/example_python_decorator.py
[2026-03-12T00:48:18.783+0000] {logging_mixin.py:190} INFO - [2026-03-12T00:48:18.783+0000] {dag.py:3239} INFO - Sync 1 DAGs
[2026-03-12T00:48:18.797+0000] {logging_mixin.py:190} INFO - [2026-03-12T00:48:18.796+0000] {dag.py:4180} INFO - Setting next_dagrun for example_python_decorator to None, run_after=None
[2026-03-12T00:48:18.816+0000] {processor.py:208} INFO - Processing /home/ec2-user/environment/lab4_model_training/venv/lib64/python3.12/site-packages/airflow/example_dags/example_python_decorator.py took 0.072 seconds
[2026-03-12T00:49:32.471+0000] {processor.py:186} INFO - Started process (PID=5714) to work on /home/ec2-user/environment/lab4_model_training/venv/lib64/python3.12/site-packages/airflow/example_dags/example_python_decorator.py
[2026-03-12T00:49:32.472+0000] {processor.py:914} INFO - Processing file /home/ec2-user/environment/lab4_model_training/venv/lib64/python3.12/site-packages/airflow/example_dags/example_python_decorator.py for tasks to queue
[2026-03-12T00:49:32.473+0000] {logging_mixin.py:190} INFO - [2026-03-12T00:49:32.473+0000] {dagbag.py:588} INFO - Filling up the DagBag from /home/ec2-user/environment/lab4_model_training/venv/lib64/python3.12/site-packages/airflow/example_dags/example_python_decorator.py
[2026-03-12T00:49:32.481+0000] {logging_mixin.py:190} INFO - [2026-03-12T00:49:32.481+0000] {example_python_decorator.py:80} WARNING - The virtalenv_python example task requires virtualenv, please install it.
[2026-03-12T00:49:32.482+0000] {processor.py:925} INFO - DAG(s) 'example_python_decorator' retrieved from /home/ec2-user/environment/lab4_model_training/venv/lib64/python3.12/site-packages/airflow/example_dags/example_python_decorator.py
[2026-03-12T00:49:32.496+0000] {logging_mixin.py:190} INFO - [2026-03-12T00:49:32.496+0000] {dag.py:3239} INFO - Sync 1 DAGs
[2026-03-12T00:49:32.507+0000] {logging_mixin.py:190} INFO - [2026-03-12T00:49:32.507+0000] {dag.py:4180} INFO - Setting next_dagrun for example_python_decorator to None, run_after=None
[2026-03-12T00:49:32.525+0000] {processor.py:208} INFO - Processing /home/ec2-user/environment/lab4_model_training/venv/lib64/python3.12/site-packages/airflow/example_dags/example_python_decorator.py took 0.060 seconds
[2026-03-12T00:50:30.337+0000] {processor.py:186} INFO - Started process (PID=5812) to work on /home/ec2-user/environment/lab4_model_training/venv/lib64/python3.12/site-packages/airflow/example_dags/example_python_decorator.py
[2026-03-12T00:50:30.338+0000] {processor.py:914} INFO - Processing file /home/ec2-user/environment/lab4_model_training/venv/lib64/python3.12/site-packages/airflow/example_dags/example_python_decorator.py for tasks to queue
[2026-03-12T00:50:30.339+0000] {logging_mixin.py:190} INFO - [2026-03-12T00:50:30.339+0000] {dagbag.py:588} INFO - Filling up the DagBag from /home/ec2-user/environment/lab4_model_training/venv/lib64/python3.12/site-packages/airflow/example_dags/example_python_decorator.py
[2026-03-12T00:50:30.347+0000] {logging_mixin.py:190} INFO - [2026-03-12T00:50:30.347+0000] {example_python_decorator.py:80} WARNING - The virtalenv_python example task requires virtualenv, please install it.
[2026-03-12T00:50:30.349+0000] {processor.py:925} INFO - DAG(s) 'example_python_decorator' retrieved from /home/ec2-user/environment/lab4_model_training/venv/lib64/python3.12/site-packages/airflow/example_dags/example_python_decorator.py
[2026-03-12T00:50:30.362+0000] {logging_mixin.py:190} INFO - [2026-03-12T00:50:30.362+0000] {dag.py:3239} INFO - Sync 1 DAGs
[2026-03-12T00:50:30.372+0000] {logging_mixin.py:190} INFO - [2026-03-12T00:50:30.372+0000] {dag.py:4180} INFO - Setting next_dagrun for example_python_decorator to None, run_after=None
[2026-03-12T00:50:30.391+0000] {processor.py:208} INFO - Processing /home/ec2-user/environment/lab4_model_training/venv/lib64/python3.12/site-packages/airflow/example_dags/example_python_decorator.py took 0.058 seconds
[2026-03-12T00:51:28.502+0000] {processor.py:186} INFO - Started process (PID=6055) to work on /home/ec2-user/environment/lab4_model_training/venv/lib64/python3.12/site-packages/airflow/example_dags/example_python_decorator.py
[2026-03-12T00:51:28.503+0000] {processor.py:914} INFO - Processing file /home/ec2-user/environment/lab4_model_training/venv/lib64/python3.12/site-packages/airflow/example_dags/example_python_decorator.py for tasks to queue
[2026-03-12T00:51:28.505+0000] {logging_mixin.py:190} INFO - [2026-03-12T00:51:28.505+0000] {dagbag.py:588} INFO - Filling up the DagBag from /home/ec2-user/environment/lab4_model_training/venv/lib64/python3.12/site-packages/airflow/example_dags/example_python_decorator.py
[2026-03-12T00:51:28.513+0000] {logging_mixin.py:190} INFO - [2026-03-12T00:51:28.513+0000] {example_python_decorator.py:80} WARNING - The virtalenv_python example task requires virtualenv, please install it.
[2026-03-12T00:51:28.514+0000] {processor.py:925} INFO - DAG(s) 'example_python_decorator' retrieved from /home/ec2-user/environment/lab4_model_training/venv/lib64/python3.12/site-packages/airflow/example_dags/example_python_decorator.py
[2026-03-12T00:51:28.528+0000] {logging_mixin.py:190} INFO - [2026-03-12T00:51:28.528+0000] {dag.py:3239} INFO - Sync 1 DAGs
[2026-03-12T00:51:28.538+0000] {logging_mixin.py:190} INFO - [2026-03-12T00:51:28.538+0000] {dag.py:4180} INFO - Setting next_dagrun for example_python_decorator to None, run_after=None
[2026-03-12T00:51:28.558+0000] {processor.py:208} INFO - Processing /home/ec2-user/environment/lab4_model_training/venv/lib64/python3.12/site-packages/airflow/example_dags/example_python_decorator.py took 0.060 seconds
[2026-03-12T00:52:28.062+0000] {processor.py:186} INFO - Started process (PID=6312) to work on /home/ec2-user/environment/lab4_model_training/venv/lib64/python3.12/site-packages/airflow/example_dags/example_python_decorator.py
[2026-03-12T00:52:28.063+0000] {processor.py:914} INFO - Processing file /home/ec2-user/environment/lab4_model_training/venv/lib64/python3.12/site-packages/airflow/example_dags/example_python_decorator.py for tasks to queue
[2026-03-12T00:52:28.065+0000] {logging_mixin.py:190} INFO - [2026-03-12T00:52:28.064+0000] {dagbag.py:588} INFO - Filling up the DagBag from /home/ec2-user/environment/lab4_model_training/venv/lib64/python3.12/site-packages/airflow/example_dags/example_python_decorator.py
[2026-03-12T00:52:28.072+0000] {logging_mixin.py:190} INFO - [2026-03-12T00:52:28.072+0000] {example_python_decorator.py:80} WARNING - The virtalenv_python example task requires virtualenv, please install it.
[2026-03-12T00:52:28.074+0000] {processor.py:925} INFO - DAG(s) 'example_python_decorator' retrieved from /home/ec2-user/environment/lab4_model_training/venv/lib64/python3.12/site-packages/airflow/example_dags/example_python_decorator.py
[2026-03-12T00:52:28.088+0000] {logging_mixin.py:190} INFO - [2026-03-12T00:52:28.087+0000] {dag.py:3239} INFO - Sync 1 DAGs
[2026-03-12T00:52:28.098+0000] {logging_mixin.py:190} INFO - [2026-03-12T00:52:28.098+0000] {dag.py:4180} INFO - Setting next_dagrun for example_python_decorator to None, run_after=None
[2026-03-12T00:52:28.116+0000] {processor.py:208} INFO - Processing /home/ec2-user/environment/lab4_model_training/venv/lib64/python3.12/site-packages/airflow/example_dags/example_python_decorator.py took 0.059 seconds
[2026-03-12T00:53:28.594+0000] {processor.py:186} INFO - Started process (PID=6527) to work on /home/ec2-user/environment/lab4_model_training/venv/lib64/python3.12/site-packages/airflow/example_dags/example_python_decorator.py
[2026-03-12T00:53:28.596+0000] {processor.py:914} INFO - Processing file /home/ec2-user/environment/lab4_model_training/venv/lib64/python3.12/site-packages/airflow/example_dags/example_python_decorator.py for tasks to queue
[2026-03-12T00:53:28.597+0000] {logging_mixin.py:190} INFO - [2026-03-12T00:53:28.597+0000] {dagbag.py:588} INFO - Filling up the DagBag from /home/ec2-user/environment/lab4_model_training/venv/lib64/python3.12/site-packages/airflow/example_dags/example_python_decorator.py
[2026-03-12T00:53:28.605+0000] {logging_mixin.py:190} INFO - [2026-03-12T00:53:28.605+0000] {example_python_decorator.py:80} WARNING - The virtalenv_python example task requires virtualenv, please install it.
[2026-03-12T00:53:28.606+0000] {processor.py:925} INFO - DAG(s) 'example_python_decorator' retrieved from /home/ec2-user/environment/lab4_model_training/venv/lib64/python3.12/site-packages/airflow/example_dags/example_python_decorator.py
[2026-03-12T00:53:28.620+0000] {logging_mixin.py:190} INFO - [2026-03-12T00:53:28.620+0000] {dag.py:3239} INFO - Sync 1 DAGs
[2026-03-12T00:53:28.631+0000] {logging_mixin.py:190} INFO - [2026-03-12T00:53:28.630+0000] {dag.py:4180} INFO - Setting next_dagrun for example_python_decorator to None, run_after=None
[2026-03-12T00:53:28.649+0000] {processor.py:208} INFO - Processing /home/ec2-user/environment/lab4_model_training/venv/lib64/python3.12/site-packages/airflow/example_dags/example_python_decorator.py took 0.059 seconds
[2026-03-12T00:54:33.627+0000] {processor.py:186} INFO - Started process (PID=6656) to work on /home/ec2-user/environment/lab4_model_training/venv/lib64/python3.12/site-packages/airflow/example_dags/example_python_decorator.py
[2026-03-12T00:54:33.628+0000] {processor.py:914} INFO - Processing file /home/ec2-user/environment/lab4_model_training/venv/lib64/python3.12/site-packages/airflow/example_dags/example_python_decorator.py for tasks to queue
[2026-03-12T00:54:33.630+0000] {logging_mixin.py:190} INFO - [2026-03-12T00:54:33.629+0000] {dagbag.py:588} INFO - Filling up the DagBag from /home/ec2-user/environment/lab4_model_training/venv/lib64/python3.12/site-packages/airflow/example_dags/example_python_decorator.py
[2026-03-12T00:54:33.639+0000] {logging_mixin.py:190} INFO - [2026-03-12T00:54:33.639+0000] {example_python_decorator.py:80} WARNING - The virtalenv_python example task requires virtualenv, please install it.
[2026-03-12T00:54:33.641+0000] {processor.py:925} INFO - DAG(s) 'example_python_decorator' retrieved from /home/ec2-user/environment/lab4_model_training/venv/lib64/python3.12/site-packages/airflow/example_dags/example_python_decorator.py
[2026-03-12T00:54:33.660+0000] {logging_mixin.py:190} INFO - [2026-03-12T00:54:33.660+0000] {dag.py:3239} INFO - Sync 1 DAGs
[2026-03-12T00:54:33.674+0000] {logging_mixin.py:190} INFO - [2026-03-12T00:54:33.673+0000] {dag.py:4180} INFO - Setting next_dagrun for example_python_decorator to None, run_after=None
[2026-03-12T00:54:33.695+0000] {processor.py:208} INFO - Processing /home/ec2-user/environment/lab4_model_training/venv/lib64/python3.12/site-packages/airflow/example_dags/example_python_decorator.py took 0.073 seconds
[2026-03-12T00:55:30.662+0000] {processor.py:186} INFO - Started process (PID=6862) to work on /home/ec2-user/environment/lab4_model_training/venv/lib64/python3.12/site-packages/airflow/example_dags/example_python_decorator.py
[2026-03-12T00:55:30.663+0000] {processor.py:914} INFO - Processing file /home/ec2-user/environment/lab4_model_training/venv/lib64/python3.12/site-packages/airflow/example_dags/example_python_decorator.py for tasks to queue
[2026-03-12T00:55:30.665+0000] {logging_mixin.py:190} INFO - [2026-03-12T00:55:30.665+0000] {dagbag.py:588} INFO - Filling up the DagBag from /home/ec2-user/environment/lab4_model_training/venv/lib64/python3.12/site-packages/airflow/example_dags/example_python_decorator.py
[2026-03-12T00:55:30.672+0000] {logging_mixin.py:190} INFO - [2026-03-12T00:55:30.672+0000] {example_python_decorator.py:80} WARNING - The virtalenv_python example task requires virtualenv, please install it.
[2026-03-12T00:55:30.674+0000] {processor.py:925} INFO - DAG(s) 'example_python_decorator' retrieved from /home/ec2-user/environment/lab4_model_training/venv/lib64/python3.12/site-packages/airflow/example_dags/example_python_decorator.py
[2026-03-12T00:55:30.687+0000] {logging_mixin.py:190} INFO - [2026-03-12T00:55:30.687+0000] {dag.py:3239} INFO - Sync 1 DAGs
[2026-03-12T00:55:30.697+0000] {logging_mixin.py:190} INFO - [2026-03-12T00:55:30.697+0000] {dag.py:4180} INFO - Setting next_dagrun for example_python_decorator to None, run_after=None
[2026-03-12T00:55:30.715+0000] {processor.py:208} INFO - Processing /home/ec2-user/environment/lab4_model_training/venv/lib64/python3.12/site-packages/airflow/example_dags/example_python_decorator.py took 0.057 seconds
[2026-03-12T00:56:30.262+0000] {processor.py:186} INFO - Started process (PID=7038) to work on /home/ec2-user/environment/lab4_model_training/venv/lib64/python3.12/site-packages/airflow/example_dags/example_python_decorator.py
[2026-03-12T00:56:30.263+0000] {processor.py:914} INFO - Processing file /home/ec2-user/environment/lab4_model_training/venv/lib64/python3.12/site-packages/airflow/example_dags/example_python_decorator.py for tasks to queue
[2026-03-12T00:56:30.265+0000] {logging_mixin.py:190} INFO - [2026-03-12T00:56:30.265+0000] {dagbag.py:588} INFO - Filling up the DagBag from /home/ec2-user/environment/lab4_model_training/venv/lib64/python3.12/site-packages/airflow/example_dags/example_python_decorator.py
[2026-03-12T00:56:30.274+0000] {logging_mixin.py:190} INFO - [2026-03-12T00:56:30.274+0000] {example_python_decorator.py:80} WARNING - The virtalenv_python example task requires virtualenv, please install it.
[2026-03-12T00:56:30.277+0000] {processor.py:925} INFO - DAG(s) 'example_python_decorator' retrieved from /home/ec2-user/environment/lab4_model_training/venv/lib64/python3.12/site-packages/airflow/example_dags/example_python_decorator.py
[2026-03-12T00:56:30.296+0000] {logging_mixin.py:190} INFO - [2026-03-12T00:56:30.296+0000] {dag.py:3239} INFO - Sync 1 DAGs
[2026-03-12T00:56:30.309+0000] {logging_mixin.py:190} INFO - [2026-03-12T00:56:30.309+0000] {dag.py:4180} INFO - Setting next_dagrun for example_python_decorator to None, run_after=None
[2026-03-12T00:56:30.344+0000] {processor.py:208} INFO - Processing /home/ec2-user/environment/lab4_model_training/venv/lib64/python3.12/site-packages/airflow/example_dags/example_python_decorator.py took 0.086 seconds
[2026-03-12T00:57:28.956+0000] {processor.py:186} INFO - Started process (PID=7158) to work on /home/ec2-user/environment/lab4_model_training/venv/lib64/python3.12/site-packages/airflow/example_dags/example_python_decorator.py
[2026-03-12T00:57:28.957+0000] {processor.py:914} INFO - Processing file /home/ec2-user/environment/lab4_model_training/venv/lib64/python3.12/site-packages/airflow/example_dags/example_python_decorator.py for tasks to queue
[2026-03-12T00:57:28.960+0000] {logging_mixin.py:190} INFO - [2026-03-12T00:57:28.959+0000] {dagbag.py:588} INFO - Filling up the DagBag from /home/ec2-user/environment/lab4_model_training/venv/lib64/python3.12/site-packages/airflow/example_dags/example_python_decorator.py
[2026-03-12T00:57:28.967+0000] {logging_mixin.py:190} INFO - [2026-03-12T00:57:28.966+0000] {example_python_decorator.py:80} WARNING - The virtalenv_python example task requires virtualenv, please install it.
[2026-03-12T00:57:28.968+0000] {processor.py:925} INFO - DAG(s) 'example_python_decorator' retrieved from /home/ec2-user/environment/lab4_model_training/venv/lib64/python3.12/site-packages/airflow/example_dags/example_python_decorator.py
[2026-03-12T00:57:28.982+0000] {logging_mixin.py:190} INFO - [2026-03-12T00:57:28.982+0000] {dag.py:3239} INFO - Sync 1 DAGs
[2026-03-12T00:57:28.992+0000] {logging_mixin.py:190} INFO - [2026-03-12T00:57:28.992+0000] {dag.py:4180} INFO - Setting next_dagrun for example_python_decorator to None, run_after=None
[2026-03-12T00:57:29.009+0000] {processor.py:208} INFO - Processing /home/ec2-user/environment/lab4_model_training/venv/lib64/python3.12/site-packages/airflow/example_dags/example_python_decorator.py took 0.057 seconds
[2026-03-12T00:58:27.023+0000] {processor.py:186} INFO - Started process (PID=7350) to work on /home/ec2-user/environment/lab4_model_training/venv/lib64/python3.12/site-packages/airflow/example_dags/example_python_decorator.py
[2026-03-12T00:58:27.024+0000] {processor.py:914} INFO - Processing file /home/ec2-user/environment/lab4_model_training/venv/lib64/python3.12/site-packages/airflow/example_dags/example_python_decorator.py for tasks to queue
[2026-03-12T00:58:27.026+0000] {logging_mixin.py:190} INFO - [2026-03-12T00:58:27.026+0000] {dagbag.py:588} INFO - Filling up the DagBag from /home/ec2-user/environment/lab4_model_training/venv/lib64/python3.12/site-packages/airflow/example_dags/example_python_decorator.py
[2026-03-12T00:58:27.036+0000] {logging_mixin.py:190} INFO - [2026-03-12T00:58:27.036+0000] {example_python_decorator.py:80} WARNING - The virtalenv_python example task requires virtualenv, please install it.
[2026-03-12T00:58:27.039+0000] {processor.py:925} INFO - DAG(s) 'example_python_decorator' retrieved from /home/ec2-user/environment/lab4_model_training/venv/lib64/python3.12/site-packages/airflow/example_dags/example_python_decorator.py
[2026-03-12T00:58:27.057+0000] {logging_mixin.py:190} INFO - [2026-03-12T00:58:27.057+0000] {dag.py:3239} INFO - Sync 1 DAGs
[2026-03-12T00:58:27.071+0000] {logging_mixin.py:190} INFO - [2026-03-12T00:58:27.071+0000] {dag.py:4180} INFO - Setting next_dagrun for example_python_decorator to None, run_after=None
[2026-03-12T00:58:27.090+0000] {processor.py:208} INFO - Processing /home/ec2-user/environment/lab4_model_training/venv/lib64/python3.12/site-packages/airflow/example_dags/example_python_decorator.py took 0.071 seconds
