[2026-03-12T00:40:05.739+0000] {processor.py:186} INFO - Started process (PID=4533) to work on /home/ec2-user/environment/lab4_model_training/venv/lib64/python3.12/site-packages/airflow/example_dags/example_kubernetes_executor.py
[2026-03-12T00:40:05.740+0000] {processor.py:914} INFO - Processing file /home/ec2-user/environment/lab4_model_training/venv/lib64/python3.12/site-packages/airflow/example_dags/example_kubernetes_executor.py for tasks to queue
[2026-03-12T00:40:05.741+0000] {logging_mixin.py:190} INFO - [2026-03-12T00:40:05.741+0000] {dagbag.py:588} INFO - Filling up the DagBag from /home/ec2-user/environment/lab4_model_training/venv/lib64/python3.12/site-packages/airflow/example_dags/example_kubernetes_executor.py
[2026-03-12T00:40:05.743+0000] {logging_mixin.py:190} INFO - [2026-03-12T00:40:05.743+0000] {example_kubernetes_executor.py:39} WARNING - The example_kubernetes_executor example DAG requires the kubernetes provider. Please install it with: pip install apache-airflow[cncf.kubernetes]
[2026-03-12T00:40:05.743+0000] {processor.py:927} WARNING - No viable dags retrieved from /home/ec2-user/environment/lab4_model_training/venv/lib64/python3.12/site-packages/airflow/example_dags/example_kubernetes_executor.py
[2026-03-12T00:40:05.753+0000] {processor.py:208} INFO - Processing /home/ec2-user/environment/lab4_model_training/venv/lib64/python3.12/site-packages/airflow/example_dags/example_kubernetes_executor.py took 0.019 seconds
[2026-03-12T00:41:13.708+0000] {processor.py:186} INFO - Started process (PID=4692) to work on /home/ec2-user/environment/lab4_model_training/venv/lib64/python3.12/site-packages/airflow/example_dags/example_kubernetes_executor.py
[2026-03-12T00:41:13.709+0000] {processor.py:914} INFO - Processing file /home/ec2-user/environment/lab4_model_training/venv/lib64/python3.12/site-packages/airflow/example_dags/example_kubernetes_executor.py for tasks to queue
[2026-03-12T00:41:13.711+0000] {logging_mixin.py:190} INFO - [2026-03-12T00:41:13.711+0000] {dagbag.py:588} INFO - Filling up the DagBag from /home/ec2-user/environment/lab4_model_training/venv/lib64/python3.12/site-packages/airflow/example_dags/example_kubernetes_executor.py
[2026-03-12T00:41:13.713+0000] {logging_mixin.py:190} INFO - [2026-03-12T00:41:13.713+0000] {example_kubernetes_executor.py:39} WARNING - The example_kubernetes_executor example DAG requires the kubernetes provider. Please install it with: pip install apache-airflow[cncf.kubernetes]
[2026-03-12T00:41:13.713+0000] {processor.py:927} WARNING - No viable dags retrieved from /home/ec2-user/environment/lab4_model_training/venv/lib64/python3.12/site-packages/airflow/example_dags/example_kubernetes_executor.py
[2026-03-12T00:41:13.722+0000] {processor.py:208} INFO - Processing /home/ec2-user/environment/lab4_model_training/venv/lib64/python3.12/site-packages/airflow/example_dags/example_kubernetes_executor.py took 0.018 seconds
[2026-03-12T00:42:14.140+0000] {processor.py:186} INFO - Started process (PID=4802) to work on /home/ec2-user/environment/lab4_model_training/venv/lib64/python3.12/site-packages/airflow/example_dags/example_kubernetes_executor.py
[2026-03-12T00:42:14.141+0000] {processor.py:914} INFO - Processing file /home/ec2-user/environment/lab4_model_training/venv/lib64/python3.12/site-packages/airflow/example_dags/example_kubernetes_executor.py for tasks to queue
[2026-03-12T00:42:14.143+0000] {logging_mixin.py:190} INFO - [2026-03-12T00:42:14.143+0000] {dagbag.py:588} INFO - Filling up the DagBag from /home/ec2-user/environment/lab4_model_training/venv/lib64/python3.12/site-packages/airflow/example_dags/example_kubernetes_executor.py
[2026-03-12T00:42:14.145+0000] {logging_mixin.py:190} INFO - [2026-03-12T00:42:14.145+0000] {example_kubernetes_executor.py:39} WARNING - The example_kubernetes_executor example DAG requires the kubernetes provider. Please install it with: pip install apache-airflow[cncf.kubernetes]
[2026-03-12T00:42:14.145+0000] {processor.py:927} WARNING - No viable dags retrieved from /home/ec2-user/environment/lab4_model_training/venv/lib64/python3.12/site-packages/airflow/example_dags/example_kubernetes_executor.py
[2026-03-12T00:42:14.154+0000] {processor.py:208} INFO - Processing /home/ec2-user/environment/lab4_model_training/venv/lib64/python3.12/site-packages/airflow/example_dags/example_kubernetes_executor.py took 0.018 seconds
[2026-03-12T00:43:12.930+0000] {processor.py:186} INFO - Started process (PID=4941) to work on /home/ec2-user/environment/lab4_model_training/venv/lib64/python3.12/site-packages/airflow/example_dags/example_kubernetes_executor.py
[2026-03-12T00:43:12.931+0000] {processor.py:914} INFO - Processing file /home/ec2-user/environment/lab4_model_training/venv/lib64/python3.12/site-packages/airflow/example_dags/example_kubernetes_executor.py for tasks to queue
[2026-03-12T00:43:12.933+0000] {logging_mixin.py:190} INFO - [2026-03-12T00:43:12.933+0000] {dagbag.py:588} INFO - Filling up the DagBag from /home/ec2-user/environment/lab4_model_training/venv/lib64/python3.12/site-packages/airflow/example_dags/example_kubernetes_executor.py
[2026-03-12T00:43:12.936+0000] {logging_mixin.py:190} INFO - [2026-03-12T00:43:12.936+0000] {example_kubernetes_executor.py:39} WARNING - The example_kubernetes_executor example DAG requires the kubernetes provider. Please install it with: pip install apache-airflow[cncf.kubernetes]
[2026-03-12T00:43:12.936+0000] {processor.py:927} WARNING - No viable dags retrieved from /home/ec2-user/environment/lab4_model_training/venv/lib64/python3.12/site-packages/airflow/example_dags/example_kubernetes_executor.py
[2026-03-12T00:43:12.947+0000] {processor.py:208} INFO - Processing /home/ec2-user/environment/lab4_model_training/venv/lib64/python3.12/site-packages/airflow/example_dags/example_kubernetes_executor.py took 0.022 seconds
[2026-03-12T00:44:09.110+0000] {processor.py:186} INFO - Started process (PID=5021) to work on /home/ec2-user/environment/lab4_model_training/venv/lib64/python3.12/site-packages/airflow/example_dags/example_kubernetes_executor.py
[2026-03-12T00:44:09.112+0000] {processor.py:914} INFO - Processing file /home/ec2-user/environment/lab4_model_training/venv/lib64/python3.12/site-packages/airflow/example_dags/example_kubernetes_executor.py for tasks to queue
[2026-03-12T00:44:09.113+0000] {logging_mixin.py:190} INFO - [2026-03-12T00:44:09.113+0000] {dagbag.py:588} INFO - Filling up the DagBag from /home/ec2-user/environment/lab4_model_training/venv/lib64/python3.12/site-packages/airflow/example_dags/example_kubernetes_executor.py
[2026-03-12T00:44:09.115+0000] {logging_mixin.py:190} INFO - [2026-03-12T00:44:09.115+0000] {example_kubernetes_executor.py:39} WARNING - The example_kubernetes_executor example DAG requires the kubernetes provider. Please install it with: pip install apache-airflow[cncf.kubernetes]
[2026-03-12T00:44:09.116+0000] {processor.py:927} WARNING - No viable dags retrieved from /home/ec2-user/environment/lab4_model_training/venv/lib64/python3.12/site-packages/airflow/example_dags/example_kubernetes_executor.py
[2026-03-12T00:44:09.124+0000] {processor.py:208} INFO - Processing /home/ec2-user/environment/lab4_model_training/venv/lib64/python3.12/site-packages/airflow/example_dags/example_kubernetes_executor.py took 0.018 seconds
[2026-03-12T00:45:15.929+0000] {processor.py:186} INFO - Started process (PID=5188) to work on /home/ec2-user/environment/lab4_model_training/venv/lib64/python3.12/site-packages/airflow/example_dags/example_kubernetes_executor.py
[2026-03-12T00:45:15.930+0000] {processor.py:914} INFO - Processing file /home/ec2-user/environment/lab4_model_training/venv/lib64/python3.12/site-packages/airflow/example_dags/example_kubernetes_executor.py for tasks to queue
[2026-03-12T00:45:15.932+0000] {logging_mixin.py:190} INFO - [2026-03-12T00:45:15.932+0000] {dagbag.py:588} INFO - Filling up the DagBag from /home/ec2-user/environment/lab4_model_training/venv/lib64/python3.12/site-packages/airflow/example_dags/example_kubernetes_executor.py
[2026-03-12T00:45:15.934+0000] {logging_mixin.py:190} INFO - [2026-03-12T00:45:15.934+0000] {example_kubernetes_executor.py:39} WARNING - The example_kubernetes_executor example DAG requires the kubernetes provider. Please install it with: pip install apache-airflow[cncf.kubernetes]
[2026-03-12T00:45:15.934+0000] {processor.py:927} WARNING - No viable dags retrieved from /home/ec2-user/environment/lab4_model_training/venv/lib64/python3.12/site-packages/airflow/example_dags/example_kubernetes_executor.py
[2026-03-12T00:45:15.943+0000] {processor.py:208} INFO - Processing /home/ec2-user/environment/lab4_model_training/venv/lib64/python3.12/site-packages/airflow/example_dags/example_kubernetes_executor.py took 0.018 seconds
[2026-03-12T00:46:14.152+0000] {processor.py:186} INFO - Started process (PID=5319) to work on /home/ec2-user/environment/lab4_model_training/venv/lib64/python3.12/site-packages/airflow/example_dags/example_kubernetes_executor.py
[2026-03-12T00:46:14.154+0000] {processor.py:914} INFO - Processing file /home/ec2-user/environment/lab4_model_training/venv/lib64/python3.12/site-packages/airflow/example_dags/example_kubernetes_executor.py for tasks to queue
[2026-03-12T00:46:14.156+0000] {logging_mixin.py:190} INFO - [2026-03-12T00:46:14.155+0000] {dagbag.py:588} INFO - Filling up the DagBag from /home/ec2-user/environment/lab4_model_training/venv/lib64/python3.12/site-packages/airflow/example_dags/example_kubernetes_executor.py
[2026-03-12T00:46:14.158+0000] {logging_mixin.py:190} INFO - [2026-03-12T00:46:14.158+0000] {example_kubernetes_executor.py:39} WARNING - The example_kubernetes_executor example DAG requires the kubernetes provider. Please install it with: pip install apache-airflow[cncf.kubernetes]
[2026-03-12T00:46:14.158+0000] {processor.py:927} WARNING - No viable dags retrieved from /home/ec2-user/environment/lab4_model_training/venv/lib64/python3.12/site-packages/airflow/example_dags/example_kubernetes_executor.py
[2026-03-12T00:46:14.167+0000] {processor.py:208} INFO - Processing /home/ec2-user/environment/lab4_model_training/venv/lib64/python3.12/site-packages/airflow/example_dags/example_kubernetes_executor.py took 0.019 seconds
[2026-03-12T00:47:11.483+0000] {processor.py:186} INFO - Started process (PID=5401) to work on /home/ec2-user/environment/lab4_model_training/venv/lib64/python3.12/site-packages/airflow/example_dags/example_kubernetes_executor.py
[2026-03-12T00:47:11.484+0000] {processor.py:914} INFO - Processing file /home/ec2-user/environment/lab4_model_training/venv/lib64/python3.12/site-packages/airflow/example_dags/example_kubernetes_executor.py for tasks to queue
[2026-03-12T00:47:11.485+0000] {logging_mixin.py:190} INFO - [2026-03-12T00:47:11.485+0000] {dagbag.py:588} INFO - Filling up the DagBag from /home/ec2-user/environment/lab4_model_training/venv/lib64/python3.12/site-packages/airflow/example_dags/example_kubernetes_executor.py
[2026-03-12T00:47:11.487+0000] {logging_mixin.py:190} INFO - [2026-03-12T00:47:11.487+0000] {example_kubernetes_executor.py:39} WARNING - The example_kubernetes_executor example DAG requires the kubernetes provider. Please install it with: pip install apache-airflow[cncf.kubernetes]
[2026-03-12T00:47:11.488+0000] {processor.py:927} WARNING - No viable dags retrieved from /home/ec2-user/environment/lab4_model_training/venv/lib64/python3.12/site-packages/airflow/example_dags/example_kubernetes_executor.py
[2026-03-12T00:47:11.496+0000] {processor.py:208} INFO - Processing /home/ec2-user/environment/lab4_model_training/venv/lib64/python3.12/site-packages/airflow/example_dags/example_kubernetes_executor.py took 0.018 seconds
[2026-03-12T00:48:09.780+0000] {processor.py:186} INFO - Started process (PID=5535) to work on /home/ec2-user/environment/lab4_model_training/venv/lib64/python3.12/site-packages/airflow/example_dags/example_kubernetes_executor.py
[2026-03-12T00:48:09.782+0000] {processor.py:914} INFO - Processing file /home/ec2-user/environment/lab4_model_training/venv/lib64/python3.12/site-packages/airflow/example_dags/example_kubernetes_executor.py for tasks to queue
[2026-03-12T00:48:09.783+0000] {logging_mixin.py:190} INFO - [2026-03-12T00:48:09.783+0000] {dagbag.py:588} INFO - Filling up the DagBag from /home/ec2-user/environment/lab4_model_training/venv/lib64/python3.12/site-packages/airflow/example_dags/example_kubernetes_executor.py
[2026-03-12T00:48:09.785+0000] {logging_mixin.py:190} INFO - [2026-03-12T00:48:09.785+0000] {example_kubernetes_executor.py:39} WARNING - The example_kubernetes_executor example DAG requires the kubernetes provider. Please install it with: pip install apache-airflow[cncf.kubernetes]
[2026-03-12T00:48:09.785+0000] {processor.py:927} WARNING - No viable dags retrieved from /home/ec2-user/environment/lab4_model_training/venv/lib64/python3.12/site-packages/airflow/example_dags/example_kubernetes_executor.py
[2026-03-12T00:48:09.794+0000] {processor.py:208} INFO - Processing /home/ec2-user/environment/lab4_model_training/venv/lib64/python3.12/site-packages/airflow/example_dags/example_kubernetes_executor.py took 0.018 seconds
[2026-03-12T00:49:24.481+0000] {processor.py:186} INFO - Started process (PID=5705) to work on /home/ec2-user/environment/lab4_model_training/venv/lib64/python3.12/site-packages/airflow/example_dags/example_kubernetes_executor.py
[2026-03-12T00:49:24.483+0000] {processor.py:914} INFO - Processing file /home/ec2-user/environment/lab4_model_training/venv/lib64/python3.12/site-packages/airflow/example_dags/example_kubernetes_executor.py for tasks to queue
[2026-03-12T00:49:24.484+0000] {logging_mixin.py:190} INFO - [2026-03-12T00:49:24.484+0000] {dagbag.py:588} INFO - Filling up the DagBag from /home/ec2-user/environment/lab4_model_training/venv/lib64/python3.12/site-packages/airflow/example_dags/example_kubernetes_executor.py
[2026-03-12T00:49:24.486+0000] {logging_mixin.py:190} INFO - [2026-03-12T00:49:24.486+0000] {example_kubernetes_executor.py:39} WARNING - The example_kubernetes_executor example DAG requires the kubernetes provider. Please install it with: pip install apache-airflow[cncf.kubernetes]
[2026-03-12T00:49:24.487+0000] {processor.py:927} WARNING - No viable dags retrieved from /home/ec2-user/environment/lab4_model_training/venv/lib64/python3.12/site-packages/airflow/example_dags/example_kubernetes_executor.py
[2026-03-12T00:49:24.495+0000] {processor.py:208} INFO - Processing /home/ec2-user/environment/lab4_model_training/venv/lib64/python3.12/site-packages/airflow/example_dags/example_kubernetes_executor.py took 0.018 seconds
[2026-03-12T00:50:21.114+0000] {processor.py:186} INFO - Started process (PID=5799) to work on /home/ec2-user/environment/lab4_model_training/venv/lib64/python3.12/site-packages/airflow/example_dags/example_kubernetes_executor.py
[2026-03-12T00:50:21.115+0000] {processor.py:914} INFO - Processing file /home/ec2-user/environment/lab4_model_training/venv/lib64/python3.12/site-packages/airflow/example_dags/example_kubernetes_executor.py for tasks to queue
[2026-03-12T00:50:21.117+0000] {logging_mixin.py:190} INFO - [2026-03-12T00:50:21.116+0000] {dagbag.py:588} INFO - Filling up the DagBag from /home/ec2-user/environment/lab4_model_training/venv/lib64/python3.12/site-packages/airflow/example_dags/example_kubernetes_executor.py
[2026-03-12T00:50:21.119+0000] {logging_mixin.py:190} INFO - [2026-03-12T00:50:21.119+0000] {example_kubernetes_executor.py:39} WARNING - The example_kubernetes_executor example DAG requires the kubernetes provider. Please install it with: pip install apache-airflow[cncf.kubernetes]
[2026-03-12T00:50:21.119+0000] {processor.py:927} WARNING - No viable dags retrieved from /home/ec2-user/environment/lab4_model_training/venv/lib64/python3.12/site-packages/airflow/example_dags/example_kubernetes_executor.py
[2026-03-12T00:50:21.130+0000] {processor.py:208} INFO - Processing /home/ec2-user/environment/lab4_model_training/venv/lib64/python3.12/site-packages/airflow/example_dags/example_kubernetes_executor.py took 0.021 seconds
[2026-03-12T00:51:20.212+0000] {processor.py:186} INFO - Started process (PID=6046) to work on /home/ec2-user/environment/lab4_model_training/venv/lib64/python3.12/site-packages/airflow/example_dags/example_kubernetes_executor.py
[2026-03-12T00:51:20.213+0000] {processor.py:914} INFO - Processing file /home/ec2-user/environment/lab4_model_training/venv/lib64/python3.12/site-packages/airflow/example_dags/example_kubernetes_executor.py for tasks to queue
[2026-03-12T00:51:20.214+0000] {logging_mixin.py:190} INFO - [2026-03-12T00:51:20.214+0000] {dagbag.py:588} INFO - Filling up the DagBag from /home/ec2-user/environment/lab4_model_training/venv/lib64/python3.12/site-packages/airflow/example_dags/example_kubernetes_executor.py
[2026-03-12T00:51:20.217+0000] {logging_mixin.py:190} INFO - [2026-03-12T00:51:20.216+0000] {example_kubernetes_executor.py:39} WARNING - The example_kubernetes_executor example DAG requires the kubernetes provider. Please install it with: pip install apache-airflow[cncf.kubernetes]
[2026-03-12T00:51:20.217+0000] {processor.py:927} WARNING - No viable dags retrieved from /home/ec2-user/environment/lab4_model_training/venv/lib64/python3.12/site-packages/airflow/example_dags/example_kubernetes_executor.py
[2026-03-12T00:51:20.225+0000] {processor.py:208} INFO - Processing /home/ec2-user/environment/lab4_model_training/venv/lib64/python3.12/site-packages/airflow/example_dags/example_kubernetes_executor.py took 0.018 seconds
[2026-03-12T00:52:20.047+0000] {processor.py:186} INFO - Started process (PID=6303) to work on /home/ec2-user/environment/lab4_model_training/venv/lib64/python3.12/site-packages/airflow/example_dags/example_kubernetes_executor.py
[2026-03-12T00:52:20.048+0000] {processor.py:914} INFO - Processing file /home/ec2-user/environment/lab4_model_training/venv/lib64/python3.12/site-packages/airflow/example_dags/example_kubernetes_executor.py for tasks to queue
[2026-03-12T00:52:20.049+0000] {logging_mixin.py:190} INFO - [2026-03-12T00:52:20.049+0000] {dagbag.py:588} INFO - Filling up the DagBag from /home/ec2-user/environment/lab4_model_training/venv/lib64/python3.12/site-packages/airflow/example_dags/example_kubernetes_executor.py
[2026-03-12T00:52:20.052+0000] {logging_mixin.py:190} INFO - [2026-03-12T00:52:20.051+0000] {example_kubernetes_executor.py:39} WARNING - The example_kubernetes_executor example DAG requires the kubernetes provider. Please install it with: pip install apache-airflow[cncf.kubernetes]
[2026-03-12T00:52:20.052+0000] {processor.py:927} WARNING - No viable dags retrieved from /home/ec2-user/environment/lab4_model_training/venv/lib64/python3.12/site-packages/airflow/example_dags/example_kubernetes_executor.py
[2026-03-12T00:52:20.060+0000] {processor.py:208} INFO - Processing /home/ec2-user/environment/lab4_model_training/venv/lib64/python3.12/site-packages/airflow/example_dags/example_kubernetes_executor.py took 0.018 seconds
[2026-03-12T00:53:19.484+0000] {processor.py:186} INFO - Started process (PID=6463) to work on /home/ec2-user/environment/lab4_model_training/venv/lib64/python3.12/site-packages/airflow/example_dags/example_kubernetes_executor.py
[2026-03-12T00:53:19.485+0000] {processor.py:914} INFO - Processing file /home/ec2-user/environment/lab4_model_training/venv/lib64/python3.12/site-packages/airflow/example_dags/example_kubernetes_executor.py for tasks to queue
[2026-03-12T00:53:19.487+0000] {logging_mixin.py:190} INFO - [2026-03-12T00:53:19.487+0000] {dagbag.py:588} INFO - Filling up the DagBag from /home/ec2-user/environment/lab4_model_training/venv/lib64/python3.12/site-packages/airflow/example_dags/example_kubernetes_executor.py
[2026-03-12T00:53:19.490+0000] {logging_mixin.py:190} INFO - [2026-03-12T00:53:19.490+0000] {example_kubernetes_executor.py:39} WARNING - The example_kubernetes_executor example DAG requires the kubernetes provider. Please install it with: pip install apache-airflow[cncf.kubernetes]
[2026-03-12T00:53:19.490+0000] {processor.py:927} WARNING - No viable dags retrieved from /home/ec2-user/environment/lab4_model_training/venv/lib64/python3.12/site-packages/airflow/example_dags/example_kubernetes_executor.py
[2026-03-12T00:53:19.501+0000] {processor.py:208} INFO - Processing /home/ec2-user/environment/lab4_model_training/venv/lib64/python3.12/site-packages/airflow/example_dags/example_kubernetes_executor.py took 0.021 seconds
[2026-03-12T00:54:23.950+0000] {processor.py:186} INFO - Started process (PID=6638) to work on /home/ec2-user/environment/lab4_model_training/venv/lib64/python3.12/site-packages/airflow/example_dags/example_kubernetes_executor.py
[2026-03-12T00:54:23.951+0000] {processor.py:914} INFO - Processing file /home/ec2-user/environment/lab4_model_training/venv/lib64/python3.12/site-packages/airflow/example_dags/example_kubernetes_executor.py for tasks to queue
[2026-03-12T00:54:23.952+0000] {logging_mixin.py:190} INFO - [2026-03-12T00:54:23.952+0000] {dagbag.py:588} INFO - Filling up the DagBag from /home/ec2-user/environment/lab4_model_training/venv/lib64/python3.12/site-packages/airflow/example_dags/example_kubernetes_executor.py
[2026-03-12T00:54:23.955+0000] {logging_mixin.py:190} INFO - [2026-03-12T00:54:23.955+0000] {example_kubernetes_executor.py:39} WARNING - The example_kubernetes_executor example DAG requires the kubernetes provider. Please install it with: pip install apache-airflow[cncf.kubernetes]
[2026-03-12T00:54:23.955+0000] {processor.py:927} WARNING - No viable dags retrieved from /home/ec2-user/environment/lab4_model_training/venv/lib64/python3.12/site-packages/airflow/example_dags/example_kubernetes_executor.py
[2026-03-12T00:54:23.964+0000] {processor.py:208} INFO - Processing /home/ec2-user/environment/lab4_model_training/venv/lib64/python3.12/site-packages/airflow/example_dags/example_kubernetes_executor.py took 0.018 seconds
[2026-03-12T00:55:21.405+0000] {processor.py:186} INFO - Started process (PID=6853) to work on /home/ec2-user/environment/lab4_model_training/venv/lib64/python3.12/site-packages/airflow/example_dags/example_kubernetes_executor.py
[2026-03-12T00:55:21.406+0000] {processor.py:914} INFO - Processing file /home/ec2-user/environment/lab4_model_training/venv/lib64/python3.12/site-packages/airflow/example_dags/example_kubernetes_executor.py for tasks to queue
[2026-03-12T00:55:21.408+0000] {logging_mixin.py:190} INFO - [2026-03-12T00:55:21.407+0000] {dagbag.py:588} INFO - Filling up the DagBag from /home/ec2-user/environment/lab4_model_training/venv/lib64/python3.12/site-packages/airflow/example_dags/example_kubernetes_executor.py
[2026-03-12T00:55:21.410+0000] {logging_mixin.py:190} INFO - [2026-03-12T00:55:21.410+0000] {example_kubernetes_executor.py:39} WARNING - The example_kubernetes_executor example DAG requires the kubernetes provider. Please install it with: pip install apache-airflow[cncf.kubernetes]
[2026-03-12T00:55:21.410+0000] {processor.py:927} WARNING - No viable dags retrieved from /home/ec2-user/environment/lab4_model_training/venv/lib64/python3.12/site-packages/airflow/example_dags/example_kubernetes_executor.py
[2026-03-12T00:55:21.418+0000] {processor.py:208} INFO - Processing /home/ec2-user/environment/lab4_model_training/venv/lib64/python3.12/site-packages/airflow/example_dags/example_kubernetes_executor.py took 0.018 seconds
[2026-03-12T00:56:23.389+0000] {processor.py:186} INFO - Started process (PID=6981) to work on /home/ec2-user/environment/lab4_model_training/venv/lib64/python3.12/site-packages/airflow/example_dags/example_kubernetes_executor.py
[2026-03-12T00:56:23.390+0000] {processor.py:914} INFO - Processing file /home/ec2-user/environment/lab4_model_training/venv/lib64/python3.12/site-packages/airflow/example_dags/example_kubernetes_executor.py for tasks to queue
[2026-03-12T00:56:23.392+0000] {logging_mixin.py:190} INFO - [2026-03-12T00:56:23.391+0000] {dagbag.py:588} INFO - Filling up the DagBag from /home/ec2-user/environment/lab4_model_training/venv/lib64/python3.12/site-packages/airflow/example_dags/example_kubernetes_executor.py
[2026-03-12T00:56:23.394+0000] {logging_mixin.py:190} INFO - [2026-03-12T00:56:23.394+0000] {example_kubernetes_executor.py:39} WARNING - The example_kubernetes_executor example DAG requires the kubernetes provider. Please install it with: pip install apache-airflow[cncf.kubernetes]
[2026-03-12T00:56:23.395+0000] {processor.py:927} WARNING - No viable dags retrieved from /home/ec2-user/environment/lab4_model_training/venv/lib64/python3.12/site-packages/airflow/example_dags/example_kubernetes_executor.py
[2026-03-12T00:56:23.405+0000] {processor.py:208} INFO - Processing /home/ec2-user/environment/lab4_model_training/venv/lib64/python3.12/site-packages/airflow/example_dags/example_kubernetes_executor.py took 0.021 seconds
[2026-03-12T00:57:20.783+0000] {processor.py:186} INFO - Started process (PID=7143) to work on /home/ec2-user/environment/lab4_model_training/venv/lib64/python3.12/site-packages/airflow/example_dags/example_kubernetes_executor.py
[2026-03-12T00:57:20.784+0000] {processor.py:914} INFO - Processing file /home/ec2-user/environment/lab4_model_training/venv/lib64/python3.12/site-packages/airflow/example_dags/example_kubernetes_executor.py for tasks to queue
[2026-03-12T00:57:20.786+0000] {logging_mixin.py:190} INFO - [2026-03-12T00:57:20.786+0000] {dagbag.py:588} INFO - Filling up the DagBag from /home/ec2-user/environment/lab4_model_training/venv/lib64/python3.12/site-packages/airflow/example_dags/example_kubernetes_executor.py
[2026-03-12T00:57:20.789+0000] {logging_mixin.py:190} INFO - [2026-03-12T00:57:20.789+0000] {example_kubernetes_executor.py:39} WARNING - The example_kubernetes_executor example DAG requires the kubernetes provider. Please install it with: pip install apache-airflow[cncf.kubernetes]
[2026-03-12T00:57:20.789+0000] {processor.py:927} WARNING - No viable dags retrieved from /home/ec2-user/environment/lab4_model_training/venv/lib64/python3.12/site-packages/airflow/example_dags/example_kubernetes_executor.py
[2026-03-12T00:57:20.800+0000] {processor.py:208} INFO - Processing /home/ec2-user/environment/lab4_model_training/venv/lib64/python3.12/site-packages/airflow/example_dags/example_kubernetes_executor.py took 0.021 seconds
[2026-03-12T00:58:18.927+0000] {processor.py:186} INFO - Started process (PID=7288) to work on /home/ec2-user/environment/lab4_model_training/venv/lib64/python3.12/site-packages/airflow/example_dags/example_kubernetes_executor.py
[2026-03-12T00:58:18.928+0000] {processor.py:914} INFO - Processing file /home/ec2-user/environment/lab4_model_training/venv/lib64/python3.12/site-packages/airflow/example_dags/example_kubernetes_executor.py for tasks to queue
[2026-03-12T00:58:18.930+0000] {logging_mixin.py:190} INFO - [2026-03-12T00:58:18.930+0000] {dagbag.py:588} INFO - Filling up the DagBag from /home/ec2-user/environment/lab4_model_training/venv/lib64/python3.12/site-packages/airflow/example_dags/example_kubernetes_executor.py
[2026-03-12T00:58:18.933+0000] {logging_mixin.py:190} INFO - [2026-03-12T00:58:18.933+0000] {example_kubernetes_executor.py:39} WARNING - The example_kubernetes_executor example DAG requires the kubernetes provider. Please install it with: pip install apache-airflow[cncf.kubernetes]
[2026-03-12T00:58:18.933+0000] {processor.py:927} WARNING - No viable dags retrieved from /home/ec2-user/environment/lab4_model_training/venv/lib64/python3.12/site-packages/airflow/example_dags/example_kubernetes_executor.py
[2026-03-12T00:58:18.942+0000] {processor.py:208} INFO - Processing /home/ec2-user/environment/lab4_model_training/venv/lib64/python3.12/site-packages/airflow/example_dags/example_kubernetes_executor.py took 0.019 seconds
