[2026-03-12T00:39:49.177+0000] {processor.py:186} INFO - Started process (PID=4504) to work on /home/ec2-user/environment/lab4_model_training/venv/lib64/python3.12/site-packages/airflow/example_dags/example_branch_operator_decorator.py
[2026-03-12T00:39:49.178+0000] {processor.py:914} INFO - Processing file /home/ec2-user/environment/lab4_model_training/venv/lib64/python3.12/site-packages/airflow/example_dags/example_branch_operator_decorator.py for tasks to queue
[2026-03-12T00:39:49.179+0000] {logging_mixin.py:190} INFO - [2026-03-12T00:39:49.179+0000] {dagbag.py:588} INFO - Filling up the DagBag from /home/ec2-user/environment/lab4_model_training/venv/lib64/python3.12/site-packages/airflow/example_dags/example_branch_operator_decorator.py
[2026-03-12T00:39:49.181+0000] {processor.py:927} WARNING - No viable dags retrieved from /home/ec2-user/environment/lab4_model_training/venv/lib64/python3.12/site-packages/airflow/example_dags/example_branch_operator_decorator.py
[2026-03-12T00:39:49.189+0000] {processor.py:208} INFO - Processing /home/ec2-user/environment/lab4_model_training/venv/lib64/python3.12/site-packages/airflow/example_dags/example_branch_operator_decorator.py took 0.016 seconds
[2026-03-12T00:41:01.264+0000] {processor.py:186} INFO - Started process (PID=4664) to work on /home/ec2-user/environment/lab4_model_training/venv/lib64/python3.12/site-packages/airflow/example_dags/example_branch_operator_decorator.py
[2026-03-12T00:41:01.265+0000] {processor.py:914} INFO - Processing file /home/ec2-user/environment/lab4_model_training/venv/lib64/python3.12/site-packages/airflow/example_dags/example_branch_operator_decorator.py for tasks to queue
[2026-03-12T00:41:01.267+0000] {logging_mixin.py:190} INFO - [2026-03-12T00:41:01.267+0000] {dagbag.py:588} INFO - Filling up the DagBag from /home/ec2-user/environment/lab4_model_training/venv/lib64/python3.12/site-packages/airflow/example_dags/example_branch_operator_decorator.py
[2026-03-12T00:41:01.269+0000] {processor.py:927} WARNING - No viable dags retrieved from /home/ec2-user/environment/lab4_model_training/venv/lib64/python3.12/site-packages/airflow/example_dags/example_branch_operator_decorator.py
[2026-03-12T00:41:01.278+0000] {processor.py:208} INFO - Processing /home/ec2-user/environment/lab4_model_training/venv/lib64/python3.12/site-packages/airflow/example_dags/example_branch_operator_decorator.py took 0.018 seconds
[2026-03-12T00:42:01.678+0000] {processor.py:186} INFO - Started process (PID=4786) to work on /home/ec2-user/environment/lab4_model_training/venv/lib64/python3.12/site-packages/airflow/example_dags/example_branch_operator_decorator.py
[2026-03-12T00:42:01.679+0000] {processor.py:914} INFO - Processing file /home/ec2-user/environment/lab4_model_training/venv/lib64/python3.12/site-packages/airflow/example_dags/example_branch_operator_decorator.py for tasks to queue
[2026-03-12T00:42:01.680+0000] {logging_mixin.py:190} INFO - [2026-03-12T00:42:01.680+0000] {dagbag.py:588} INFO - Filling up the DagBag from /home/ec2-user/environment/lab4_model_training/venv/lib64/python3.12/site-packages/airflow/example_dags/example_branch_operator_decorator.py
[2026-03-12T00:42:01.683+0000] {processor.py:927} WARNING - No viable dags retrieved from /home/ec2-user/environment/lab4_model_training/venv/lib64/python3.12/site-packages/airflow/example_dags/example_branch_operator_decorator.py
[2026-03-12T00:42:01.692+0000] {processor.py:208} INFO - Processing /home/ec2-user/environment/lab4_model_training/venv/lib64/python3.12/site-packages/airflow/example_dags/example_branch_operator_decorator.py took 0.018 seconds
[2026-03-12T00:42:59.840+0000] {processor.py:186} INFO - Started process (PID=4917) to work on /home/ec2-user/environment/lab4_model_training/venv/lib64/python3.12/site-packages/airflow/example_dags/example_branch_operator_decorator.py
[2026-03-12T00:42:59.842+0000] {processor.py:914} INFO - Processing file /home/ec2-user/environment/lab4_model_training/venv/lib64/python3.12/site-packages/airflow/example_dags/example_branch_operator_decorator.py for tasks to queue
[2026-03-12T00:42:59.844+0000] {logging_mixin.py:190} INFO - [2026-03-12T00:42:59.843+0000] {dagbag.py:588} INFO - Filling up the DagBag from /home/ec2-user/environment/lab4_model_training/venv/lib64/python3.12/site-packages/airflow/example_dags/example_branch_operator_decorator.py
[2026-03-12T00:42:59.846+0000] {processor.py:927} WARNING - No viable dags retrieved from /home/ec2-user/environment/lab4_model_training/venv/lib64/python3.12/site-packages/airflow/example_dags/example_branch_operator_decorator.py
[2026-03-12T00:42:59.854+0000] {processor.py:208} INFO - Processing /home/ec2-user/environment/lab4_model_training/venv/lib64/python3.12/site-packages/airflow/example_dags/example_branch_operator_decorator.py took 0.018 seconds
[2026-03-12T00:43:57.841+0000] {processor.py:186} INFO - Started process (PID=4997) to work on /home/ec2-user/environment/lab4_model_training/venv/lib64/python3.12/site-packages/airflow/example_dags/example_branch_operator_decorator.py
[2026-03-12T00:43:57.842+0000] {processor.py:914} INFO - Processing file /home/ec2-user/environment/lab4_model_training/venv/lib64/python3.12/site-packages/airflow/example_dags/example_branch_operator_decorator.py for tasks to queue
[2026-03-12T00:43:57.844+0000] {logging_mixin.py:190} INFO - [2026-03-12T00:43:57.843+0000] {dagbag.py:588} INFO - Filling up the DagBag from /home/ec2-user/environment/lab4_model_training/venv/lib64/python3.12/site-packages/airflow/example_dags/example_branch_operator_decorator.py
[2026-03-12T00:43:57.846+0000] {processor.py:927} WARNING - No viable dags retrieved from /home/ec2-user/environment/lab4_model_training/venv/lib64/python3.12/site-packages/airflow/example_dags/example_branch_operator_decorator.py
[2026-03-12T00:43:57.855+0000] {processor.py:208} INFO - Processing /home/ec2-user/environment/lab4_model_training/venv/lib64/python3.12/site-packages/airflow/example_dags/example_branch_operator_decorator.py took 0.018 seconds
[2026-03-12T00:45:04.205+0000] {processor.py:186} INFO - Started process (PID=5176) to work on /home/ec2-user/environment/lab4_model_training/venv/lib64/python3.12/site-packages/airflow/example_dags/example_branch_operator_decorator.py
[2026-03-12T00:45:04.206+0000] {processor.py:914} INFO - Processing file /home/ec2-user/environment/lab4_model_training/venv/lib64/python3.12/site-packages/airflow/example_dags/example_branch_operator_decorator.py for tasks to queue
[2026-03-12T00:45:04.208+0000] {logging_mixin.py:190} INFO - [2026-03-12T00:45:04.207+0000] {dagbag.py:588} INFO - Filling up the DagBag from /home/ec2-user/environment/lab4_model_training/venv/lib64/python3.12/site-packages/airflow/example_dags/example_branch_operator_decorator.py
[2026-03-12T00:45:04.210+0000] {processor.py:927} WARNING - No viable dags retrieved from /home/ec2-user/environment/lab4_model_training/venv/lib64/python3.12/site-packages/airflow/example_dags/example_branch_operator_decorator.py
[2026-03-12T00:45:04.219+0000] {processor.py:208} INFO - Processing /home/ec2-user/environment/lab4_model_training/venv/lib64/python3.12/site-packages/airflow/example_dags/example_branch_operator_decorator.py took 0.018 seconds
[2026-03-12T00:46:01.346+0000] {processor.py:186} INFO - Started process (PID=5292) to work on /home/ec2-user/environment/lab4_model_training/venv/lib64/python3.12/site-packages/airflow/example_dags/example_branch_operator_decorator.py
[2026-03-12T00:46:01.348+0000] {processor.py:914} INFO - Processing file /home/ec2-user/environment/lab4_model_training/venv/lib64/python3.12/site-packages/airflow/example_dags/example_branch_operator_decorator.py for tasks to queue
[2026-03-12T00:46:01.349+0000] {logging_mixin.py:190} INFO - [2026-03-12T00:46:01.349+0000] {dagbag.py:588} INFO - Filling up the DagBag from /home/ec2-user/environment/lab4_model_training/venv/lib64/python3.12/site-packages/airflow/example_dags/example_branch_operator_decorator.py
[2026-03-12T00:46:01.352+0000] {processor.py:927} WARNING - No viable dags retrieved from /home/ec2-user/environment/lab4_model_training/venv/lib64/python3.12/site-packages/airflow/example_dags/example_branch_operator_decorator.py
[2026-03-12T00:46:01.361+0000] {processor.py:208} INFO - Processing /home/ec2-user/environment/lab4_model_training/venv/lib64/python3.12/site-packages/airflow/example_dags/example_branch_operator_decorator.py took 0.019 seconds
[2026-03-12T00:47:00.066+0000] {processor.py:186} INFO - Started process (PID=5375) to work on /home/ec2-user/environment/lab4_model_training/venv/lib64/python3.12/site-packages/airflow/example_dags/example_branch_operator_decorator.py
[2026-03-12T00:47:00.067+0000] {processor.py:914} INFO - Processing file /home/ec2-user/environment/lab4_model_training/venv/lib64/python3.12/site-packages/airflow/example_dags/example_branch_operator_decorator.py for tasks to queue
[2026-03-12T00:47:00.069+0000] {logging_mixin.py:190} INFO - [2026-03-12T00:47:00.069+0000] {dagbag.py:588} INFO - Filling up the DagBag from /home/ec2-user/environment/lab4_model_training/venv/lib64/python3.12/site-packages/airflow/example_dags/example_branch_operator_decorator.py
[2026-03-12T00:47:00.071+0000] {processor.py:927} WARNING - No viable dags retrieved from /home/ec2-user/environment/lab4_model_training/venv/lib64/python3.12/site-packages/airflow/example_dags/example_branch_operator_decorator.py
[2026-03-12T00:47:00.080+0000] {processor.py:208} INFO - Processing /home/ec2-user/environment/lab4_model_training/venv/lib64/python3.12/site-packages/airflow/example_dags/example_branch_operator_decorator.py took 0.019 seconds
[2026-03-12T00:47:54.352+0000] {processor.py:186} INFO - Started process (PID=5499) to work on /home/ec2-user/environment/lab4_model_training/venv/lib64/python3.12/site-packages/airflow/example_dags/example_branch_operator_decorator.py
[2026-03-12T00:47:54.353+0000] {processor.py:914} INFO - Processing file /home/ec2-user/environment/lab4_model_training/venv/lib64/python3.12/site-packages/airflow/example_dags/example_branch_operator_decorator.py for tasks to queue
[2026-03-12T00:47:54.355+0000] {logging_mixin.py:190} INFO - [2026-03-12T00:47:54.355+0000] {dagbag.py:588} INFO - Filling up the DagBag from /home/ec2-user/environment/lab4_model_training/venv/lib64/python3.12/site-packages/airflow/example_dags/example_branch_operator_decorator.py
[2026-03-12T00:47:54.357+0000] {processor.py:927} WARNING - No viable dags retrieved from /home/ec2-user/environment/lab4_model_training/venv/lib64/python3.12/site-packages/airflow/example_dags/example_branch_operator_decorator.py
[2026-03-12T00:47:54.365+0000] {processor.py:208} INFO - Processing /home/ec2-user/environment/lab4_model_training/venv/lib64/python3.12/site-packages/airflow/example_dags/example_branch_operator_decorator.py took 0.018 seconds
[2026-03-12T00:48:38.448+0000] {processor.py:186} INFO - Started process (PID=5585) to work on /home/ec2-user/environment/lab4_model_training/venv/lib64/python3.12/site-packages/airflow/example_dags/example_branch_operator_decorator.py
[2026-03-12T00:48:38.449+0000] {processor.py:914} INFO - Processing file /home/ec2-user/environment/lab4_model_training/venv/lib64/python3.12/site-packages/airflow/example_dags/example_branch_operator_decorator.py for tasks to queue
[2026-03-12T00:48:38.451+0000] {logging_mixin.py:190} INFO - [2026-03-12T00:48:38.450+0000] {dagbag.py:588} INFO - Filling up the DagBag from /home/ec2-user/environment/lab4_model_training/venv/lib64/python3.12/site-packages/airflow/example_dags/example_branch_operator_decorator.py
[2026-03-12T00:48:38.454+0000] {processor.py:927} WARNING - No viable dags retrieved from /home/ec2-user/environment/lab4_model_training/venv/lib64/python3.12/site-packages/airflow/example_dags/example_branch_operator_decorator.py
[2026-03-12T00:48:38.464+0000] {processor.py:208} INFO - Processing /home/ec2-user/environment/lab4_model_training/venv/lib64/python3.12/site-packages/airflow/example_dags/example_branch_operator_decorator.py took 0.020 seconds
[2026-03-12T00:49:15.913+0000] {processor.py:186} INFO - Started process (PID=5648) to work on /home/ec2-user/environment/lab4_model_training/venv/lib64/python3.12/site-packages/airflow/example_dags/example_branch_operator_decorator.py
[2026-03-12T00:49:15.914+0000] {processor.py:914} INFO - Processing file /home/ec2-user/environment/lab4_model_training/venv/lib64/python3.12/site-packages/airflow/example_dags/example_branch_operator_decorator.py for tasks to queue
[2026-03-12T00:49:15.916+0000] {logging_mixin.py:190} INFO - [2026-03-12T00:49:15.916+0000] {dagbag.py:588} INFO - Filling up the DagBag from /home/ec2-user/environment/lab4_model_training/venv/lib64/python3.12/site-packages/airflow/example_dags/example_branch_operator_decorator.py
[2026-03-12T00:49:15.919+0000] {processor.py:927} WARNING - No viable dags retrieved from /home/ec2-user/environment/lab4_model_training/venv/lib64/python3.12/site-packages/airflow/example_dags/example_branch_operator_decorator.py
[2026-03-12T00:49:15.930+0000] {processor.py:208} INFO - Processing /home/ec2-user/environment/lab4_model_training/venv/lib64/python3.12/site-packages/airflow/example_dags/example_branch_operator_decorator.py took 0.021 seconds
[2026-03-12T00:50:12.647+0000] {processor.py:186} INFO - Started process (PID=5790) to work on /home/ec2-user/environment/lab4_model_training/venv/lib64/python3.12/site-packages/airflow/example_dags/example_branch_operator_decorator.py
[2026-03-12T00:50:12.648+0000] {processor.py:914} INFO - Processing file /home/ec2-user/environment/lab4_model_training/venv/lib64/python3.12/site-packages/airflow/example_dags/example_branch_operator_decorator.py for tasks to queue
[2026-03-12T00:50:12.650+0000] {logging_mixin.py:190} INFO - [2026-03-12T00:50:12.649+0000] {dagbag.py:588} INFO - Filling up the DagBag from /home/ec2-user/environment/lab4_model_training/venv/lib64/python3.12/site-packages/airflow/example_dags/example_branch_operator_decorator.py
[2026-03-12T00:50:12.652+0000] {processor.py:927} WARNING - No viable dags retrieved from /home/ec2-user/environment/lab4_model_training/venv/lib64/python3.12/site-packages/airflow/example_dags/example_branch_operator_decorator.py
[2026-03-12T00:50:12.660+0000] {processor.py:208} INFO - Processing /home/ec2-user/environment/lab4_model_training/venv/lib64/python3.12/site-packages/airflow/example_dags/example_branch_operator_decorator.py took 0.018 seconds
[2026-03-12T00:51:11.791+0000] {processor.py:186} INFO - Started process (PID=6033) to work on /home/ec2-user/environment/lab4_model_training/venv/lib64/python3.12/site-packages/airflow/example_dags/example_branch_operator_decorator.py
[2026-03-12T00:51:11.793+0000] {processor.py:914} INFO - Processing file /home/ec2-user/environment/lab4_model_training/venv/lib64/python3.12/site-packages/airflow/example_dags/example_branch_operator_decorator.py for tasks to queue
[2026-03-12T00:51:11.794+0000] {logging_mixin.py:190} INFO - [2026-03-12T00:51:11.794+0000] {dagbag.py:588} INFO - Filling up the DagBag from /home/ec2-user/environment/lab4_model_training/venv/lib64/python3.12/site-packages/airflow/example_dags/example_branch_operator_decorator.py
[2026-03-12T00:51:11.796+0000] {processor.py:927} WARNING - No viable dags retrieved from /home/ec2-user/environment/lab4_model_training/venv/lib64/python3.12/site-packages/airflow/example_dags/example_branch_operator_decorator.py
[2026-03-12T00:51:11.804+0000] {processor.py:208} INFO - Processing /home/ec2-user/environment/lab4_model_training/venv/lib64/python3.12/site-packages/airflow/example_dags/example_branch_operator_decorator.py took 0.018 seconds
[2026-03-12T00:52:10.360+0000] {processor.py:186} INFO - Started process (PID=6233) to work on /home/ec2-user/environment/lab4_model_training/venv/lib64/python3.12/site-packages/airflow/example_dags/example_branch_operator_decorator.py
[2026-03-12T00:52:10.361+0000] {processor.py:914} INFO - Processing file /home/ec2-user/environment/lab4_model_training/venv/lib64/python3.12/site-packages/airflow/example_dags/example_branch_operator_decorator.py for tasks to queue
[2026-03-12T00:52:10.363+0000] {logging_mixin.py:190} INFO - [2026-03-12T00:52:10.363+0000] {dagbag.py:588} INFO - Filling up the DagBag from /home/ec2-user/environment/lab4_model_training/venv/lib64/python3.12/site-packages/airflow/example_dags/example_branch_operator_decorator.py
[2026-03-12T00:52:10.366+0000] {processor.py:927} WARNING - No viable dags retrieved from /home/ec2-user/environment/lab4_model_training/venv/lib64/python3.12/site-packages/airflow/example_dags/example_branch_operator_decorator.py
[2026-03-12T00:52:10.376+0000] {processor.py:208} INFO - Processing /home/ec2-user/environment/lab4_model_training/venv/lib64/python3.12/site-packages/airflow/example_dags/example_branch_operator_decorator.py took 0.021 seconds
[2026-03-12T00:53:10.333+0000] {processor.py:186} INFO - Started process (PID=6406) to work on /home/ec2-user/environment/lab4_model_training/venv/lib64/python3.12/site-packages/airflow/example_dags/example_branch_operator_decorator.py
[2026-03-12T00:53:10.334+0000] {processor.py:914} INFO - Processing file /home/ec2-user/environment/lab4_model_training/venv/lib64/python3.12/site-packages/airflow/example_dags/example_branch_operator_decorator.py for tasks to queue
[2026-03-12T00:53:10.337+0000] {logging_mixin.py:190} INFO - [2026-03-12T00:53:10.336+0000] {dagbag.py:588} INFO - Filling up the DagBag from /home/ec2-user/environment/lab4_model_training/venv/lib64/python3.12/site-packages/airflow/example_dags/example_branch_operator_decorator.py
[2026-03-12T00:53:10.339+0000] {processor.py:927} WARNING - No viable dags retrieved from /home/ec2-user/environment/lab4_model_training/venv/lib64/python3.12/site-packages/airflow/example_dags/example_branch_operator_decorator.py
[2026-03-12T00:53:10.349+0000] {processor.py:208} INFO - Processing /home/ec2-user/environment/lab4_model_training/venv/lib64/python3.12/site-packages/airflow/example_dags/example_branch_operator_decorator.py took 0.021 seconds
[2026-03-12T00:54:14.864+0000] {processor.py:186} INFO - Started process (PID=6625) to work on /home/ec2-user/environment/lab4_model_training/venv/lib64/python3.12/site-packages/airflow/example_dags/example_branch_operator_decorator.py
[2026-03-12T00:54:14.866+0000] {processor.py:914} INFO - Processing file /home/ec2-user/environment/lab4_model_training/venv/lib64/python3.12/site-packages/airflow/example_dags/example_branch_operator_decorator.py for tasks to queue
[2026-03-12T00:54:14.867+0000] {logging_mixin.py:190} INFO - [2026-03-12T00:54:14.867+0000] {dagbag.py:588} INFO - Filling up the DagBag from /home/ec2-user/environment/lab4_model_training/venv/lib64/python3.12/site-packages/airflow/example_dags/example_branch_operator_decorator.py
[2026-03-12T00:54:14.870+0000] {processor.py:927} WARNING - No viable dags retrieved from /home/ec2-user/environment/lab4_model_training/venv/lib64/python3.12/site-packages/airflow/example_dags/example_branch_operator_decorator.py
[2026-03-12T00:54:14.881+0000] {processor.py:208} INFO - Processing /home/ec2-user/environment/lab4_model_training/venv/lib64/python3.12/site-packages/airflow/example_dags/example_branch_operator_decorator.py took 0.021 seconds
[2026-03-12T00:55:12.262+0000] {processor.py:186} INFO - Started process (PID=6828) to work on /home/ec2-user/environment/lab4_model_training/venv/lib64/python3.12/site-packages/airflow/example_dags/example_branch_operator_decorator.py
[2026-03-12T00:55:12.264+0000] {processor.py:914} INFO - Processing file /home/ec2-user/environment/lab4_model_training/venv/lib64/python3.12/site-packages/airflow/example_dags/example_branch_operator_decorator.py for tasks to queue
[2026-03-12T00:55:12.265+0000] {logging_mixin.py:190} INFO - [2026-03-12T00:55:12.265+0000] {dagbag.py:588} INFO - Filling up the DagBag from /home/ec2-user/environment/lab4_model_training/venv/lib64/python3.12/site-packages/airflow/example_dags/example_branch_operator_decorator.py
[2026-03-12T00:55:12.267+0000] {processor.py:927} WARNING - No viable dags retrieved from /home/ec2-user/environment/lab4_model_training/venv/lib64/python3.12/site-packages/airflow/example_dags/example_branch_operator_decorator.py
[2026-03-12T00:55:12.276+0000] {processor.py:208} INFO - Processing /home/ec2-user/environment/lab4_model_training/venv/lib64/python3.12/site-packages/airflow/example_dags/example_branch_operator_decorator.py took 0.018 seconds
[2026-03-12T00:56:13.685+0000] {processor.py:186} INFO - Started process (PID=6954) to work on /home/ec2-user/environment/lab4_model_training/venv/lib64/python3.12/site-packages/airflow/example_dags/example_branch_operator_decorator.py
[2026-03-12T00:56:13.686+0000] {processor.py:914} INFO - Processing file /home/ec2-user/environment/lab4_model_training/venv/lib64/python3.12/site-packages/airflow/example_dags/example_branch_operator_decorator.py for tasks to queue
[2026-03-12T00:56:13.687+0000] {logging_mixin.py:190} INFO - [2026-03-12T00:56:13.687+0000] {dagbag.py:588} INFO - Filling up the DagBag from /home/ec2-user/environment/lab4_model_training/venv/lib64/python3.12/site-packages/airflow/example_dags/example_branch_operator_decorator.py
[2026-03-12T00:56:13.690+0000] {processor.py:927} WARNING - No viable dags retrieved from /home/ec2-user/environment/lab4_model_training/venv/lib64/python3.12/site-packages/airflow/example_dags/example_branch_operator_decorator.py
[2026-03-12T00:56:13.699+0000] {processor.py:208} INFO - Processing /home/ec2-user/environment/lab4_model_training/venv/lib64/python3.12/site-packages/airflow/example_dags/example_branch_operator_decorator.py took 0.019 seconds
[2026-03-12T00:57:11.261+0000] {processor.py:186} INFO - Started process (PID=7124) to work on /home/ec2-user/environment/lab4_model_training/venv/lib64/python3.12/site-packages/airflow/example_dags/example_branch_operator_decorator.py
[2026-03-12T00:57:11.262+0000] {processor.py:914} INFO - Processing file /home/ec2-user/environment/lab4_model_training/venv/lib64/python3.12/site-packages/airflow/example_dags/example_branch_operator_decorator.py for tasks to queue
[2026-03-12T00:57:11.264+0000] {logging_mixin.py:190} INFO - [2026-03-12T00:57:11.264+0000] {dagbag.py:588} INFO - Filling up the DagBag from /home/ec2-user/environment/lab4_model_training/venv/lib64/python3.12/site-packages/airflow/example_dags/example_branch_operator_decorator.py
[2026-03-12T00:57:11.266+0000] {processor.py:927} WARNING - No viable dags retrieved from /home/ec2-user/environment/lab4_model_training/venv/lib64/python3.12/site-packages/airflow/example_dags/example_branch_operator_decorator.py
[2026-03-12T00:57:11.274+0000] {processor.py:208} INFO - Processing /home/ec2-user/environment/lab4_model_training/venv/lib64/python3.12/site-packages/airflow/example_dags/example_branch_operator_decorator.py took 0.018 seconds
[2026-03-12T00:58:09.615+0000] {processor.py:186} INFO - Started process (PID=7266) to work on /home/ec2-user/environment/lab4_model_training/venv/lib64/python3.12/site-packages/airflow/example_dags/example_branch_operator_decorator.py
[2026-03-12T00:58:09.616+0000] {processor.py:914} INFO - Processing file /home/ec2-user/environment/lab4_model_training/venv/lib64/python3.12/site-packages/airflow/example_dags/example_branch_operator_decorator.py for tasks to queue
[2026-03-12T00:58:09.617+0000] {logging_mixin.py:190} INFO - [2026-03-12T00:58:09.617+0000] {dagbag.py:588} INFO - Filling up the DagBag from /home/ec2-user/environment/lab4_model_training/venv/lib64/python3.12/site-packages/airflow/example_dags/example_branch_operator_decorator.py
[2026-03-12T00:58:09.619+0000] {processor.py:927} WARNING - No viable dags retrieved from /home/ec2-user/environment/lab4_model_training/venv/lib64/python3.12/site-packages/airflow/example_dags/example_branch_operator_decorator.py
[2026-03-12T00:58:09.627+0000] {processor.py:208} INFO - Processing /home/ec2-user/environment/lab4_model_training/venv/lib64/python3.12/site-packages/airflow/example_dags/example_branch_operator_decorator.py took 0.017 seconds
