[2026-03-12T00:40:31.182+0000] {processor.py:186} INFO - Started process (PID=4614) to work on /home/ec2-user/environment/lab4_model_training/venv/lib64/python3.12/site-packages/airflow/example_dags/example_task_group_decorator.py
[2026-03-12T00:40:31.183+0000] {processor.py:914} INFO - Processing file /home/ec2-user/environment/lab4_model_training/venv/lib64/python3.12/site-packages/airflow/example_dags/example_task_group_decorator.py for tasks to queue
[2026-03-12T00:40:31.185+0000] {logging_mixin.py:190} INFO - [2026-03-12T00:40:31.185+0000] {dagbag.py:588} INFO - Filling up the DagBag from /home/ec2-user/environment/lab4_model_training/venv/lib64/python3.12/site-packages/airflow/example_dags/example_task_group_decorator.py
[2026-03-12T00:40:31.203+0000] {processor.py:925} INFO - DAG(s) 'example_task_group_decorator' retrieved from /home/ec2-user/environment/lab4_model_training/venv/lib64/python3.12/site-packages/airflow/example_dags/example_task_group_decorator.py
[2026-03-12T00:40:31.295+0000] {logging_mixin.py:190} INFO - [2026-03-12T00:40:31.294+0000] {override.py:1930} INFO - Created Permission View: can read on DAG:example_task_group_decorator
[2026-03-12T00:40:31.305+0000] {logging_mixin.py:190} INFO - [2026-03-12T00:40:31.305+0000] {override.py:1930} INFO - Created Permission View: can edit on DAG:example_task_group_decorator
[2026-03-12T00:40:31.314+0000] {logging_mixin.py:190} INFO - [2026-03-12T00:40:31.313+0000] {override.py:1930} INFO - Created Permission View: can delete on DAG:example_task_group_decorator
[2026-03-12T00:40:31.327+0000] {logging_mixin.py:190} INFO - [2026-03-12T00:40:31.327+0000] {override.py:1930} INFO - Created Permission View: menu access on DAG Run:example_task_group_decorator
[2026-03-12T00:40:31.339+0000] {logging_mixin.py:190} INFO - [2026-03-12T00:40:31.339+0000] {override.py:1930} INFO - Created Permission View: can read on DAG Run:example_task_group_decorator
[2026-03-12T00:40:31.349+0000] {logging_mixin.py:190} INFO - [2026-03-12T00:40:31.349+0000] {override.py:1930} INFO - Created Permission View: can create on DAG Run:example_task_group_decorator
[2026-03-12T00:40:31.357+0000] {logging_mixin.py:190} INFO - [2026-03-12T00:40:31.357+0000] {override.py:1930} INFO - Created Permission View: can delete on DAG Run:example_task_group_decorator
[2026-03-12T00:40:31.357+0000] {logging_mixin.py:190} INFO - [2026-03-12T00:40:31.357+0000] {dag.py:3239} INFO - Sync 1 DAGs
[2026-03-12T00:40:31.368+0000] {logging_mixin.py:190} INFO - [2026-03-12T00:40:31.368+0000] {dag.py:3262} INFO - Creating ORM DAG for example_task_group_decorator
[2026-03-12T00:40:31.368+0000] {logging_mixin.py:190} INFO - [2026-03-12T00:40:31.368+0000] {dag.py:4180} INFO - Setting next_dagrun for example_task_group_decorator to None, run_after=None
[2026-03-12T00:40:31.385+0000] {processor.py:208} INFO - Processing /home/ec2-user/environment/lab4_model_training/venv/lib64/python3.12/site-packages/airflow/example_dags/example_task_group_decorator.py took 0.209 seconds
[2026-03-12T00:41:37.149+0000] {processor.py:186} INFO - Started process (PID=4731) to work on /home/ec2-user/environment/lab4_model_training/venv/lib64/python3.12/site-packages/airflow/example_dags/example_task_group_decorator.py
[2026-03-12T00:41:37.150+0000] {processor.py:914} INFO - Processing file /home/ec2-user/environment/lab4_model_training/venv/lib64/python3.12/site-packages/airflow/example_dags/example_task_group_decorator.py for tasks to queue
[2026-03-12T00:41:37.152+0000] {logging_mixin.py:190} INFO - [2026-03-12T00:41:37.152+0000] {dagbag.py:588} INFO - Filling up the DagBag from /home/ec2-user/environment/lab4_model_training/venv/lib64/python3.12/site-packages/airflow/example_dags/example_task_group_decorator.py
[2026-03-12T00:41:37.165+0000] {processor.py:925} INFO - DAG(s) 'example_task_group_decorator' retrieved from /home/ec2-user/environment/lab4_model_training/venv/lib64/python3.12/site-packages/airflow/example_dags/example_task_group_decorator.py
[2026-03-12T00:41:37.182+0000] {logging_mixin.py:190} INFO - [2026-03-12T00:41:37.182+0000] {dag.py:3239} INFO - Sync 1 DAGs
[2026-03-12T00:41:37.192+0000] {logging_mixin.py:190} INFO - [2026-03-12T00:41:37.192+0000] {dag.py:4180} INFO - Setting next_dagrun for example_task_group_decorator to None, run_after=None
[2026-03-12T00:41:37.210+0000] {processor.py:208} INFO - Processing /home/ec2-user/environment/lab4_model_training/venv/lib64/python3.12/site-packages/airflow/example_dags/example_task_group_decorator.py took 0.065 seconds
[2026-03-12T00:42:37.576+0000] {processor.py:186} INFO - Started process (PID=4884) to work on /home/ec2-user/environment/lab4_model_training/venv/lib64/python3.12/site-packages/airflow/example_dags/example_task_group_decorator.py
[2026-03-12T00:42:37.577+0000] {processor.py:914} INFO - Processing file /home/ec2-user/environment/lab4_model_training/venv/lib64/python3.12/site-packages/airflow/example_dags/example_task_group_decorator.py for tasks to queue
[2026-03-12T00:42:37.579+0000] {logging_mixin.py:190} INFO - [2026-03-12T00:42:37.578+0000] {dagbag.py:588} INFO - Filling up the DagBag from /home/ec2-user/environment/lab4_model_training/venv/lib64/python3.12/site-packages/airflow/example_dags/example_task_group_decorator.py
[2026-03-12T00:42:37.597+0000] {processor.py:925} INFO - DAG(s) 'example_task_group_decorator' retrieved from /home/ec2-user/environment/lab4_model_training/venv/lib64/python3.12/site-packages/airflow/example_dags/example_task_group_decorator.py
[2026-03-12T00:42:37.618+0000] {logging_mixin.py:190} INFO - [2026-03-12T00:42:37.618+0000] {dag.py:3239} INFO - Sync 1 DAGs
[2026-03-12T00:42:37.630+0000] {logging_mixin.py:190} INFO - [2026-03-12T00:42:37.630+0000] {dag.py:4180} INFO - Setting next_dagrun for example_task_group_decorator to None, run_after=None
[2026-03-12T00:42:37.650+0000] {processor.py:208} INFO - Processing /home/ec2-user/environment/lab4_model_training/venv/lib64/python3.12/site-packages/airflow/example_dags/example_task_group_decorator.py took 0.079 seconds
[2026-03-12T00:43:35.238+0000] {processor.py:186} INFO - Started process (PID=4966) to work on /home/ec2-user/environment/lab4_model_training/venv/lib64/python3.12/site-packages/airflow/example_dags/example_task_group_decorator.py
[2026-03-12T00:43:35.239+0000] {processor.py:914} INFO - Processing file /home/ec2-user/environment/lab4_model_training/venv/lib64/python3.12/site-packages/airflow/example_dags/example_task_group_decorator.py for tasks to queue
[2026-03-12T00:43:35.241+0000] {logging_mixin.py:190} INFO - [2026-03-12T00:43:35.241+0000] {dagbag.py:588} INFO - Filling up the DagBag from /home/ec2-user/environment/lab4_model_training/venv/lib64/python3.12/site-packages/airflow/example_dags/example_task_group_decorator.py
[2026-03-12T00:43:35.254+0000] {processor.py:925} INFO - DAG(s) 'example_task_group_decorator' retrieved from /home/ec2-user/environment/lab4_model_training/venv/lib64/python3.12/site-packages/airflow/example_dags/example_task_group_decorator.py
[2026-03-12T00:43:35.271+0000] {logging_mixin.py:190} INFO - [2026-03-12T00:43:35.271+0000] {dag.py:3239} INFO - Sync 1 DAGs
[2026-03-12T00:43:35.283+0000] {logging_mixin.py:190} INFO - [2026-03-12T00:43:35.283+0000] {dag.py:4180} INFO - Setting next_dagrun for example_task_group_decorator to None, run_after=None
[2026-03-12T00:43:35.304+0000] {processor.py:208} INFO - Processing /home/ec2-user/environment/lab4_model_training/venv/lib64/python3.12/site-packages/airflow/example_dags/example_task_group_decorator.py took 0.070 seconds
[2026-03-12T00:44:34.969+0000] {processor.py:186} INFO - Started process (PID=5128) to work on /home/ec2-user/environment/lab4_model_training/venv/lib64/python3.12/site-packages/airflow/example_dags/example_task_group_decorator.py
[2026-03-12T00:44:34.970+0000] {processor.py:914} INFO - Processing file /home/ec2-user/environment/lab4_model_training/venv/lib64/python3.12/site-packages/airflow/example_dags/example_task_group_decorator.py for tasks to queue
[2026-03-12T00:44:34.972+0000] {logging_mixin.py:190} INFO - [2026-03-12T00:44:34.972+0000] {dagbag.py:588} INFO - Filling up the DagBag from /home/ec2-user/environment/lab4_model_training/venv/lib64/python3.12/site-packages/airflow/example_dags/example_task_group_decorator.py
[2026-03-12T00:44:34.991+0000] {processor.py:925} INFO - DAG(s) 'example_task_group_decorator' retrieved from /home/ec2-user/environment/lab4_model_training/venv/lib64/python3.12/site-packages/airflow/example_dags/example_task_group_decorator.py
[2026-03-12T00:44:35.013+0000] {logging_mixin.py:190} INFO - [2026-03-12T00:44:35.012+0000] {dag.py:3239} INFO - Sync 1 DAGs
[2026-03-12T00:44:35.026+0000] {logging_mixin.py:190} INFO - [2026-03-12T00:44:35.026+0000] {dag.py:4180} INFO - Setting next_dagrun for example_task_group_decorator to None, run_after=None
[2026-03-12T00:44:35.046+0000] {processor.py:208} INFO - Processing /home/ec2-user/environment/lab4_model_training/venv/lib64/python3.12/site-packages/airflow/example_dags/example_task_group_decorator.py took 0.081 seconds
[2026-03-12T00:45:38.988+0000] {processor.py:186} INFO - Started process (PID=5260) to work on /home/ec2-user/environment/lab4_model_training/venv/lib64/python3.12/site-packages/airflow/example_dags/example_task_group_decorator.py
[2026-03-12T00:45:38.989+0000] {processor.py:914} INFO - Processing file /home/ec2-user/environment/lab4_model_training/venv/lib64/python3.12/site-packages/airflow/example_dags/example_task_group_decorator.py for tasks to queue
[2026-03-12T00:45:38.991+0000] {logging_mixin.py:190} INFO - [2026-03-12T00:45:38.991+0000] {dagbag.py:588} INFO - Filling up the DagBag from /home/ec2-user/environment/lab4_model_training/venv/lib64/python3.12/site-packages/airflow/example_dags/example_task_group_decorator.py
[2026-03-12T00:45:39.005+0000] {processor.py:925} INFO - DAG(s) 'example_task_group_decorator' retrieved from /home/ec2-user/environment/lab4_model_training/venv/lib64/python3.12/site-packages/airflow/example_dags/example_task_group_decorator.py
[2026-03-12T00:45:39.022+0000] {logging_mixin.py:190} INFO - [2026-03-12T00:45:39.022+0000] {dag.py:3239} INFO - Sync 1 DAGs
[2026-03-12T00:45:39.032+0000] {logging_mixin.py:190} INFO - [2026-03-12T00:45:39.032+0000] {dag.py:4180} INFO - Setting next_dagrun for example_task_group_decorator to None, run_after=None
[2026-03-12T00:45:39.051+0000] {processor.py:208} INFO - Processing /home/ec2-user/environment/lab4_model_training/venv/lib64/python3.12/site-packages/airflow/example_dags/example_task_group_decorator.py took 0.068 seconds
[2026-03-12T00:46:37.456+0000] {processor.py:186} INFO - Started process (PID=5344) to work on /home/ec2-user/environment/lab4_model_training/venv/lib64/python3.12/site-packages/airflow/example_dags/example_task_group_decorator.py
[2026-03-12T00:46:37.457+0000] {processor.py:914} INFO - Processing file /home/ec2-user/environment/lab4_model_training/venv/lib64/python3.12/site-packages/airflow/example_dags/example_task_group_decorator.py for tasks to queue
[2026-03-12T00:46:37.459+0000] {logging_mixin.py:190} INFO - [2026-03-12T00:46:37.458+0000] {dagbag.py:588} INFO - Filling up the DagBag from /home/ec2-user/environment/lab4_model_training/venv/lib64/python3.12/site-packages/airflow/example_dags/example_task_group_decorator.py
[2026-03-12T00:46:37.472+0000] {processor.py:925} INFO - DAG(s) 'example_task_group_decorator' retrieved from /home/ec2-user/environment/lab4_model_training/venv/lib64/python3.12/site-packages/airflow/example_dags/example_task_group_decorator.py
[2026-03-12T00:46:37.489+0000] {logging_mixin.py:190} INFO - [2026-03-12T00:46:37.489+0000] {dag.py:3239} INFO - Sync 1 DAGs
[2026-03-12T00:46:37.499+0000] {logging_mixin.py:190} INFO - [2026-03-12T00:46:37.499+0000] {dag.py:4180} INFO - Setting next_dagrun for example_task_group_decorator to None, run_after=None
[2026-03-12T00:46:37.517+0000] {processor.py:208} INFO - Processing /home/ec2-user/environment/lab4_model_training/venv/lib64/python3.12/site-packages/airflow/example_dags/example_task_group_decorator.py took 0.066 seconds
[2026-03-12T00:47:34.926+0000] {processor.py:186} INFO - Started process (PID=5476) to work on /home/ec2-user/environment/lab4_model_training/venv/lib64/python3.12/site-packages/airflow/example_dags/example_task_group_decorator.py
[2026-03-12T00:47:34.927+0000] {processor.py:914} INFO - Processing file /home/ec2-user/environment/lab4_model_training/venv/lib64/python3.12/site-packages/airflow/example_dags/example_task_group_decorator.py for tasks to queue
[2026-03-12T00:47:34.930+0000] {logging_mixin.py:190} INFO - [2026-03-12T00:47:34.929+0000] {dagbag.py:588} INFO - Filling up the DagBag from /home/ec2-user/environment/lab4_model_training/venv/lib64/python3.12/site-packages/airflow/example_dags/example_task_group_decorator.py
[2026-03-12T00:47:34.948+0000] {processor.py:925} INFO - DAG(s) 'example_task_group_decorator' retrieved from /home/ec2-user/environment/lab4_model_training/venv/lib64/python3.12/site-packages/airflow/example_dags/example_task_group_decorator.py
[2026-03-12T00:47:34.971+0000] {logging_mixin.py:190} INFO - [2026-03-12T00:47:34.971+0000] {dag.py:3239} INFO - Sync 1 DAGs
[2026-03-12T00:47:34.984+0000] {logging_mixin.py:190} INFO - [2026-03-12T00:47:34.984+0000] {dag.py:4180} INFO - Setting next_dagrun for example_task_group_decorator to None, run_after=None
[2026-03-12T00:47:35.005+0000] {processor.py:208} INFO - Processing /home/ec2-user/environment/lab4_model_training/venv/lib64/python3.12/site-packages/airflow/example_dags/example_task_group_decorator.py took 0.083 seconds
[2026-03-12T00:48:51.861+0000] {processor.py:186} INFO - Started process (PID=5609) to work on /home/ec2-user/environment/lab4_model_training/venv/lib64/python3.12/site-packages/airflow/example_dags/example_task_group_decorator.py
[2026-03-12T00:48:51.862+0000] {processor.py:914} INFO - Processing file /home/ec2-user/environment/lab4_model_training/venv/lib64/python3.12/site-packages/airflow/example_dags/example_task_group_decorator.py for tasks to queue
[2026-03-12T00:48:51.864+0000] {logging_mixin.py:190} INFO - [2026-03-12T00:48:51.864+0000] {dagbag.py:588} INFO - Filling up the DagBag from /home/ec2-user/environment/lab4_model_training/venv/lib64/python3.12/site-packages/airflow/example_dags/example_task_group_decorator.py
[2026-03-12T00:48:51.883+0000] {processor.py:925} INFO - DAG(s) 'example_task_group_decorator' retrieved from /home/ec2-user/environment/lab4_model_training/venv/lib64/python3.12/site-packages/airflow/example_dags/example_task_group_decorator.py
[2026-03-12T00:48:51.905+0000] {logging_mixin.py:190} INFO - [2026-03-12T00:48:51.905+0000] {dag.py:3239} INFO - Sync 1 DAGs
[2026-03-12T00:48:51.918+0000] {logging_mixin.py:190} INFO - [2026-03-12T00:48:51.918+0000] {dag.py:4180} INFO - Setting next_dagrun for example_task_group_decorator to None, run_after=None
[2026-03-12T00:48:51.938+0000] {processor.py:208} INFO - Processing /home/ec2-user/environment/lab4_model_training/venv/lib64/python3.12/site-packages/airflow/example_dags/example_task_group_decorator.py took 0.081 seconds
[2026-03-12T00:49:50.709+0000] {processor.py:186} INFO - Started process (PID=5738) to work on /home/ec2-user/environment/lab4_model_training/venv/lib64/python3.12/site-packages/airflow/example_dags/example_task_group_decorator.py
[2026-03-12T00:49:50.710+0000] {processor.py:914} INFO - Processing file /home/ec2-user/environment/lab4_model_training/venv/lib64/python3.12/site-packages/airflow/example_dags/example_task_group_decorator.py for tasks to queue
[2026-03-12T00:49:50.711+0000] {logging_mixin.py:190} INFO - [2026-03-12T00:49:50.711+0000] {dagbag.py:588} INFO - Filling up the DagBag from /home/ec2-user/environment/lab4_model_training/venv/lib64/python3.12/site-packages/airflow/example_dags/example_task_group_decorator.py
[2026-03-12T00:49:50.725+0000] {processor.py:925} INFO - DAG(s) 'example_task_group_decorator' retrieved from /home/ec2-user/environment/lab4_model_training/venv/lib64/python3.12/site-packages/airflow/example_dags/example_task_group_decorator.py
[2026-03-12T00:49:50.742+0000] {logging_mixin.py:190} INFO - [2026-03-12T00:49:50.742+0000] {dag.py:3239} INFO - Sync 1 DAGs
[2026-03-12T00:49:50.751+0000] {logging_mixin.py:190} INFO - [2026-03-12T00:49:50.751+0000] {dag.py:4180} INFO - Setting next_dagrun for example_task_group_decorator to None, run_after=None
[2026-03-12T00:49:50.769+0000] {processor.py:208} INFO - Processing /home/ec2-user/environment/lab4_model_training/venv/lib64/python3.12/site-packages/airflow/example_dags/example_task_group_decorator.py took 0.065 seconds
[2026-03-12T00:50:47.497+0000] {processor.py:186} INFO - Started process (PID=5842) to work on /home/ec2-user/environment/lab4_model_training/venv/lib64/python3.12/site-packages/airflow/example_dags/example_task_group_decorator.py
[2026-03-12T00:50:47.498+0000] {processor.py:914} INFO - Processing file /home/ec2-user/environment/lab4_model_training/venv/lib64/python3.12/site-packages/airflow/example_dags/example_task_group_decorator.py for tasks to queue
[2026-03-12T00:50:47.500+0000] {logging_mixin.py:190} INFO - [2026-03-12T00:50:47.499+0000] {dagbag.py:588} INFO - Filling up the DagBag from /home/ec2-user/environment/lab4_model_training/venv/lib64/python3.12/site-packages/airflow/example_dags/example_task_group_decorator.py
[2026-03-12T00:50:47.518+0000] {processor.py:925} INFO - DAG(s) 'example_task_group_decorator' retrieved from /home/ec2-user/environment/lab4_model_training/venv/lib64/python3.12/site-packages/airflow/example_dags/example_task_group_decorator.py
[2026-03-12T00:50:47.541+0000] {logging_mixin.py:190} INFO - [2026-03-12T00:50:47.541+0000] {dag.py:3239} INFO - Sync 1 DAGs
[2026-03-12T00:50:47.554+0000] {logging_mixin.py:190} INFO - [2026-03-12T00:50:47.553+0000] {dag.py:4180} INFO - Setting next_dagrun for example_task_group_decorator to None, run_after=None
[2026-03-12T00:50:47.575+0000] {processor.py:208} INFO - Processing /home/ec2-user/environment/lab4_model_training/venv/lib64/python3.12/site-packages/airflow/example_dags/example_task_group_decorator.py took 0.082 seconds
[2026-03-12T00:51:46.907+0000] {processor.py:186} INFO - Started process (PID=6189) to work on /home/ec2-user/environment/lab4_model_training/venv/lib64/python3.12/site-packages/airflow/example_dags/example_task_group_decorator.py
[2026-03-12T00:51:46.908+0000] {processor.py:914} INFO - Processing file /home/ec2-user/environment/lab4_model_training/venv/lib64/python3.12/site-packages/airflow/example_dags/example_task_group_decorator.py for tasks to queue
[2026-03-12T00:51:46.910+0000] {logging_mixin.py:190} INFO - [2026-03-12T00:51:46.909+0000] {dagbag.py:588} INFO - Filling up the DagBag from /home/ec2-user/environment/lab4_model_training/venv/lib64/python3.12/site-packages/airflow/example_dags/example_task_group_decorator.py
[2026-03-12T00:51:46.923+0000] {processor.py:925} INFO - DAG(s) 'example_task_group_decorator' retrieved from /home/ec2-user/environment/lab4_model_training/venv/lib64/python3.12/site-packages/airflow/example_dags/example_task_group_decorator.py
[2026-03-12T00:51:46.940+0000] {logging_mixin.py:190} INFO - [2026-03-12T00:51:46.940+0000] {dag.py:3239} INFO - Sync 1 DAGs
[2026-03-12T00:51:46.950+0000] {logging_mixin.py:190} INFO - [2026-03-12T00:51:46.950+0000] {dag.py:4180} INFO - Setting next_dagrun for example_task_group_decorator to None, run_after=None
[2026-03-12T00:51:46.967+0000] {processor.py:208} INFO - Processing /home/ec2-user/environment/lab4_model_training/venv/lib64/python3.12/site-packages/airflow/example_dags/example_task_group_decorator.py took 0.065 seconds
[2026-03-12T00:52:46.354+0000] {processor.py:186} INFO - Started process (PID=6356) to work on /home/ec2-user/environment/lab4_model_training/venv/lib64/python3.12/site-packages/airflow/example_dags/example_task_group_decorator.py
[2026-03-12T00:52:46.355+0000] {processor.py:914} INFO - Processing file /home/ec2-user/environment/lab4_model_training/venv/lib64/python3.12/site-packages/airflow/example_dags/example_task_group_decorator.py for tasks to queue
[2026-03-12T00:52:46.357+0000] {logging_mixin.py:190} INFO - [2026-03-12T00:52:46.356+0000] {dagbag.py:588} INFO - Filling up the DagBag from /home/ec2-user/environment/lab4_model_training/venv/lib64/python3.12/site-packages/airflow/example_dags/example_task_group_decorator.py
[2026-03-12T00:52:46.375+0000] {processor.py:925} INFO - DAG(s) 'example_task_group_decorator' retrieved from /home/ec2-user/environment/lab4_model_training/venv/lib64/python3.12/site-packages/airflow/example_dags/example_task_group_decorator.py
[2026-03-12T00:52:46.398+0000] {logging_mixin.py:190} INFO - [2026-03-12T00:52:46.398+0000] {dag.py:3239} INFO - Sync 1 DAGs
[2026-03-12T00:52:46.410+0000] {logging_mixin.py:190} INFO - [2026-03-12T00:52:46.410+0000] {dag.py:4180} INFO - Setting next_dagrun for example_task_group_decorator to None, run_after=None
[2026-03-12T00:52:46.431+0000] {processor.py:208} INFO - Processing /home/ec2-user/environment/lab4_model_training/venv/lib64/python3.12/site-packages/airflow/example_dags/example_task_group_decorator.py took 0.081 seconds
[2026-03-12T00:53:49.164+0000] {processor.py:186} INFO - Started process (PID=6570) to work on /home/ec2-user/environment/lab4_model_training/venv/lib64/python3.12/site-packages/airflow/example_dags/example_task_group_decorator.py
[2026-03-12T00:53:49.165+0000] {processor.py:914} INFO - Processing file /home/ec2-user/environment/lab4_model_training/venv/lib64/python3.12/site-packages/airflow/example_dags/example_task_group_decorator.py for tasks to queue
[2026-03-12T00:53:49.167+0000] {logging_mixin.py:190} INFO - [2026-03-12T00:53:49.167+0000] {dagbag.py:588} INFO - Filling up the DagBag from /home/ec2-user/environment/lab4_model_training/venv/lib64/python3.12/site-packages/airflow/example_dags/example_task_group_decorator.py
[2026-03-12T00:53:49.181+0000] {processor.py:925} INFO - DAG(s) 'example_task_group_decorator' retrieved from /home/ec2-user/environment/lab4_model_training/venv/lib64/python3.12/site-packages/airflow/example_dags/example_task_group_decorator.py
[2026-03-12T00:53:49.197+0000] {logging_mixin.py:190} INFO - [2026-03-12T00:53:49.197+0000] {dag.py:3239} INFO - Sync 1 DAGs
[2026-03-12T00:53:49.208+0000] {logging_mixin.py:190} INFO - [2026-03-12T00:53:49.208+0000] {dag.py:4180} INFO - Setting next_dagrun for example_task_group_decorator to None, run_after=None
[2026-03-12T00:53:49.225+0000] {processor.py:208} INFO - Processing /home/ec2-user/environment/lab4_model_training/venv/lib64/python3.12/site-packages/airflow/example_dags/example_task_group_decorator.py took 0.066 seconds
[2026-03-12T00:54:51.693+0000] {processor.py:186} INFO - Started process (PID=6785) to work on /home/ec2-user/environment/lab4_model_training/venv/lib64/python3.12/site-packages/airflow/example_dags/example_task_group_decorator.py
[2026-03-12T00:54:51.694+0000] {processor.py:914} INFO - Processing file /home/ec2-user/environment/lab4_model_training/venv/lib64/python3.12/site-packages/airflow/example_dags/example_task_group_decorator.py for tasks to queue
[2026-03-12T00:54:51.696+0000] {logging_mixin.py:190} INFO - [2026-03-12T00:54:51.696+0000] {dagbag.py:588} INFO - Filling up the DagBag from /home/ec2-user/environment/lab4_model_training/venv/lib64/python3.12/site-packages/airflow/example_dags/example_task_group_decorator.py
[2026-03-12T00:54:51.710+0000] {processor.py:925} INFO - DAG(s) 'example_task_group_decorator' retrieved from /home/ec2-user/environment/lab4_model_training/venv/lib64/python3.12/site-packages/airflow/example_dags/example_task_group_decorator.py
[2026-03-12T00:54:51.727+0000] {logging_mixin.py:190} INFO - [2026-03-12T00:54:51.726+0000] {dag.py:3239} INFO - Sync 1 DAGs
[2026-03-12T00:54:51.737+0000] {logging_mixin.py:190} INFO - [2026-03-12T00:54:51.737+0000] {dag.py:4180} INFO - Setting next_dagrun for example_task_group_decorator to None, run_after=None
[2026-03-12T00:54:51.755+0000] {processor.py:208} INFO - Processing /home/ec2-user/environment/lab4_model_training/venv/lib64/python3.12/site-packages/airflow/example_dags/example_task_group_decorator.py took 0.066 seconds
[2026-03-12T00:55:49.691+0000] {processor.py:186} INFO - Started process (PID=6897) to work on /home/ec2-user/environment/lab4_model_training/venv/lib64/python3.12/site-packages/airflow/example_dags/example_task_group_decorator.py
[2026-03-12T00:55:49.693+0000] {processor.py:914} INFO - Processing file /home/ec2-user/environment/lab4_model_training/venv/lib64/python3.12/site-packages/airflow/example_dags/example_task_group_decorator.py for tasks to queue
[2026-03-12T00:55:49.694+0000] {logging_mixin.py:190} INFO - [2026-03-12T00:55:49.694+0000] {dagbag.py:588} INFO - Filling up the DagBag from /home/ec2-user/environment/lab4_model_training/venv/lib64/python3.12/site-packages/airflow/example_dags/example_task_group_decorator.py
[2026-03-12T00:55:49.708+0000] {processor.py:925} INFO - DAG(s) 'example_task_group_decorator' retrieved from /home/ec2-user/environment/lab4_model_training/venv/lib64/python3.12/site-packages/airflow/example_dags/example_task_group_decorator.py
[2026-03-12T00:55:49.725+0000] {logging_mixin.py:190} INFO - [2026-03-12T00:55:49.725+0000] {dag.py:3239} INFO - Sync 1 DAGs
[2026-03-12T00:55:49.735+0000] {logging_mixin.py:190} INFO - [2026-03-12T00:55:49.734+0000] {dag.py:4180} INFO - Setting next_dagrun for example_task_group_decorator to None, run_after=None
[2026-03-12T00:55:49.752+0000] {processor.py:208} INFO - Processing /home/ec2-user/environment/lab4_model_training/venv/lib64/python3.12/site-packages/airflow/example_dags/example_task_group_decorator.py took 0.065 seconds
[2026-03-12T00:56:47.616+0000] {processor.py:186} INFO - Started process (PID=7076) to work on /home/ec2-user/environment/lab4_model_training/venv/lib64/python3.12/site-packages/airflow/example_dags/example_task_group_decorator.py
[2026-03-12T00:56:47.617+0000] {processor.py:914} INFO - Processing file /home/ec2-user/environment/lab4_model_training/venv/lib64/python3.12/site-packages/airflow/example_dags/example_task_group_decorator.py for tasks to queue
[2026-03-12T00:56:47.620+0000] {logging_mixin.py:190} INFO - [2026-03-12T00:56:47.619+0000] {dagbag.py:588} INFO - Filling up the DagBag from /home/ec2-user/environment/lab4_model_training/venv/lib64/python3.12/site-packages/airflow/example_dags/example_task_group_decorator.py
[2026-03-12T00:56:47.638+0000] {processor.py:925} INFO - DAG(s) 'example_task_group_decorator' retrieved from /home/ec2-user/environment/lab4_model_training/venv/lib64/python3.12/site-packages/airflow/example_dags/example_task_group_decorator.py
[2026-03-12T00:56:47.661+0000] {logging_mixin.py:190} INFO - [2026-03-12T00:56:47.661+0000] {dag.py:3239} INFO - Sync 1 DAGs
[2026-03-12T00:56:47.673+0000] {logging_mixin.py:190} INFO - [2026-03-12T00:56:47.673+0000] {dag.py:4180} INFO - Setting next_dagrun for example_task_group_decorator to None, run_after=None
[2026-03-12T00:56:47.694+0000] {processor.py:208} INFO - Processing /home/ec2-user/environment/lab4_model_training/venv/lib64/python3.12/site-packages/airflow/example_dags/example_task_group_decorator.py took 0.082 seconds
[2026-03-12T00:57:45.481+0000] {processor.py:186} INFO - Started process (PID=7187) to work on /home/ec2-user/environment/lab4_model_training/venv/lib64/python3.12/site-packages/airflow/example_dags/example_task_group_decorator.py
[2026-03-12T00:57:45.483+0000] {processor.py:914} INFO - Processing file /home/ec2-user/environment/lab4_model_training/venv/lib64/python3.12/site-packages/airflow/example_dags/example_task_group_decorator.py for tasks to queue
[2026-03-12T00:57:45.484+0000] {logging_mixin.py:190} INFO - [2026-03-12T00:57:45.484+0000] {dagbag.py:588} INFO - Filling up the DagBag from /home/ec2-user/environment/lab4_model_training/venv/lib64/python3.12/site-packages/airflow/example_dags/example_task_group_decorator.py
[2026-03-12T00:57:45.498+0000] {processor.py:925} INFO - DAG(s) 'example_task_group_decorator' retrieved from /home/ec2-user/environment/lab4_model_training/venv/lib64/python3.12/site-packages/airflow/example_dags/example_task_group_decorator.py
[2026-03-12T00:57:45.514+0000] {logging_mixin.py:190} INFO - [2026-03-12T00:57:45.514+0000] {dag.py:3239} INFO - Sync 1 DAGs
[2026-03-12T00:57:45.525+0000] {logging_mixin.py:190} INFO - [2026-03-12T00:57:45.524+0000] {dag.py:4180} INFO - Setting next_dagrun for example_task_group_decorator to None, run_after=None
[2026-03-12T00:57:45.540+0000] {processor.py:208} INFO - Processing /home/ec2-user/environment/lab4_model_training/venv/lib64/python3.12/site-packages/airflow/example_dags/example_task_group_decorator.py took 0.063 seconds
[2026-03-12T00:58:42.996+0000] {processor.py:186} INFO - Started process (PID=7374) to work on /home/ec2-user/environment/lab4_model_training/venv/lib64/python3.12/site-packages/airflow/example_dags/example_task_group_decorator.py
[2026-03-12T00:58:42.997+0000] {processor.py:914} INFO - Processing file /home/ec2-user/environment/lab4_model_training/venv/lib64/python3.12/site-packages/airflow/example_dags/example_task_group_decorator.py for tasks to queue
[2026-03-12T00:58:43.000+0000] {logging_mixin.py:190} INFO - [2026-03-12T00:58:42.999+0000] {dagbag.py:588} INFO - Filling up the DagBag from /home/ec2-user/environment/lab4_model_training/venv/lib64/python3.12/site-packages/airflow/example_dags/example_task_group_decorator.py
[2026-03-12T00:58:43.018+0000] {processor.py:925} INFO - DAG(s) 'example_task_group_decorator' retrieved from /home/ec2-user/environment/lab4_model_training/venv/lib64/python3.12/site-packages/airflow/example_dags/example_task_group_decorator.py
[2026-03-12T00:58:43.041+0000] {logging_mixin.py:190} INFO - [2026-03-12T00:58:43.041+0000] {dag.py:3239} INFO - Sync 1 DAGs
[2026-03-12T00:58:43.053+0000] {logging_mixin.py:190} INFO - [2026-03-12T00:58:43.053+0000] {dag.py:4180} INFO - Setting next_dagrun for example_task_group_decorator to None, run_after=None
[2026-03-12T00:58:43.074+0000] {processor.py:208} INFO - Processing /home/ec2-user/environment/lab4_model_training/venv/lib64/python3.12/site-packages/airflow/example_dags/example_task_group_decorator.py took 0.082 seconds
