[2026-03-12T00:40:40.082+0000] {processor.py:186} INFO - Started process (PID=4626) to work on /home/ec2-user/environment/lab4_model_training/venv/lib64/python3.12/site-packages/airflow/example_dags/tutorial.py
[2026-03-12T00:40:40.082+0000] {processor.py:914} INFO - Processing file /home/ec2-user/environment/lab4_model_training/venv/lib64/python3.12/site-packages/airflow/example_dags/tutorial.py for tasks to queue
[2026-03-12T00:40:40.084+0000] {logging_mixin.py:190} INFO - [2026-03-12T00:40:40.084+0000] {dagbag.py:588} INFO - Filling up the DagBag from /home/ec2-user/environment/lab4_model_training/venv/lib64/python3.12/site-packages/airflow/example_dags/tutorial.py
[2026-03-12T00:40:40.090+0000] {processor.py:925} INFO - DAG(s) 'tutorial' retrieved from /home/ec2-user/environment/lab4_model_training/venv/lib64/python3.12/site-packages/airflow/example_dags/tutorial.py
[2026-03-12T00:40:40.174+0000] {logging_mixin.py:190} INFO - [2026-03-12T00:40:40.173+0000] {override.py:1930} INFO - Created Permission View: can read on DAG:tutorial
[2026-03-12T00:40:40.187+0000] {logging_mixin.py:190} INFO - [2026-03-12T00:40:40.187+0000] {override.py:1930} INFO - Created Permission View: can edit on DAG:tutorial
[2026-03-12T00:40:40.195+0000] {logging_mixin.py:190} INFO - [2026-03-12T00:40:40.195+0000] {override.py:1930} INFO - Created Permission View: can delete on DAG:tutorial
[2026-03-12T00:40:40.208+0000] {logging_mixin.py:190} INFO - [2026-03-12T00:40:40.208+0000] {override.py:1930} INFO - Created Permission View: menu access on DAG Run:tutorial
[2026-03-12T00:40:40.216+0000] {logging_mixin.py:190} INFO - [2026-03-12T00:40:40.216+0000] {override.py:1930} INFO - Created Permission View: can read on DAG Run:tutorial
[2026-03-12T00:40:40.224+0000] {logging_mixin.py:190} INFO - [2026-03-12T00:40:40.223+0000] {override.py:1930} INFO - Created Permission View: can create on DAG Run:tutorial
[2026-03-12T00:40:40.231+0000] {logging_mixin.py:190} INFO - [2026-03-12T00:40:40.231+0000] {override.py:1930} INFO - Created Permission View: can delete on DAG Run:tutorial
[2026-03-12T00:40:40.232+0000] {logging_mixin.py:190} INFO - [2026-03-12T00:40:40.232+0000] {dag.py:3239} INFO - Sync 1 DAGs
[2026-03-12T00:40:40.242+0000] {logging_mixin.py:190} INFO - [2026-03-12T00:40:40.242+0000] {dag.py:3262} INFO - Creating ORM DAG for tutorial
[2026-03-12T00:40:40.249+0000] {logging_mixin.py:190} INFO - [2026-03-12T00:40:40.249+0000] {dag.py:4180} INFO - Setting next_dagrun for tutorial to 2026-03-11 00:00:00+00:00, run_after=2026-03-12 00:00:00+00:00
[2026-03-12T00:40:40.266+0000] {processor.py:208} INFO - Processing /home/ec2-user/environment/lab4_model_training/venv/lib64/python3.12/site-packages/airflow/example_dags/tutorial.py took 0.189 seconds
[2026-03-12T00:41:43.267+0000] {processor.py:186} INFO - Started process (PID=4738) to work on /home/ec2-user/environment/lab4_model_training/venv/lib64/python3.12/site-packages/airflow/example_dags/tutorial.py
[2026-03-12T00:41:43.268+0000] {processor.py:914} INFO - Processing file /home/ec2-user/environment/lab4_model_training/venv/lib64/python3.12/site-packages/airflow/example_dags/tutorial.py for tasks to queue
[2026-03-12T00:41:43.270+0000] {logging_mixin.py:190} INFO - [2026-03-12T00:41:43.270+0000] {dagbag.py:588} INFO - Filling up the DagBag from /home/ec2-user/environment/lab4_model_training/venv/lib64/python3.12/site-packages/airflow/example_dags/tutorial.py
[2026-03-12T00:41:43.279+0000] {processor.py:925} INFO - DAG(s) 'tutorial' retrieved from /home/ec2-user/environment/lab4_model_training/venv/lib64/python3.12/site-packages/airflow/example_dags/tutorial.py
[2026-03-12T00:41:43.295+0000] {logging_mixin.py:190} INFO - [2026-03-12T00:41:43.295+0000] {dag.py:3239} INFO - Sync 1 DAGs
[2026-03-12T00:41:43.317+0000] {logging_mixin.py:190} INFO - [2026-03-12T00:41:43.317+0000] {dag.py:4180} INFO - Setting next_dagrun for tutorial to 2026-03-11 00:00:00+00:00, run_after=2026-03-12 00:00:00+00:00
[2026-03-12T00:41:43.337+0000] {processor.py:208} INFO - Processing /home/ec2-user/environment/lab4_model_training/venv/lib64/python3.12/site-packages/airflow/example_dags/tutorial.py took 0.074 seconds
[2026-03-12T00:42:44.541+0000] {processor.py:186} INFO - Started process (PID=4893) to work on /home/ec2-user/environment/lab4_model_training/venv/lib64/python3.12/site-packages/airflow/example_dags/tutorial.py
[2026-03-12T00:42:44.542+0000] {processor.py:914} INFO - Processing file /home/ec2-user/environment/lab4_model_training/venv/lib64/python3.12/site-packages/airflow/example_dags/tutorial.py for tasks to queue
[2026-03-12T00:42:44.544+0000] {logging_mixin.py:190} INFO - [2026-03-12T00:42:44.544+0000] {dagbag.py:588} INFO - Filling up the DagBag from /home/ec2-user/environment/lab4_model_training/venv/lib64/python3.12/site-packages/airflow/example_dags/tutorial.py
[2026-03-12T00:42:44.551+0000] {processor.py:925} INFO - DAG(s) 'tutorial' retrieved from /home/ec2-user/environment/lab4_model_training/venv/lib64/python3.12/site-packages/airflow/example_dags/tutorial.py
[2026-03-12T00:42:44.563+0000] {logging_mixin.py:190} INFO - [2026-03-12T00:42:44.563+0000] {dag.py:3239} INFO - Sync 1 DAGs
[2026-03-12T00:42:44.579+0000] {logging_mixin.py:190} INFO - [2026-03-12T00:42:44.579+0000] {dag.py:4180} INFO - Setting next_dagrun for tutorial to 2026-03-11 00:00:00+00:00, run_after=2026-03-12 00:00:00+00:00
[2026-03-12T00:42:44.596+0000] {processor.py:208} INFO - Processing /home/ec2-user/environment/lab4_model_training/venv/lib64/python3.12/site-packages/airflow/example_dags/tutorial.py took 0.060 seconds
[2026-03-12T00:43:41.513+0000] {processor.py:186} INFO - Started process (PID=4973) to work on /home/ec2-user/environment/lab4_model_training/venv/lib64/python3.12/site-packages/airflow/example_dags/tutorial.py
[2026-03-12T00:43:41.515+0000] {processor.py:914} INFO - Processing file /home/ec2-user/environment/lab4_model_training/venv/lib64/python3.12/site-packages/airflow/example_dags/tutorial.py for tasks to queue
[2026-03-12T00:43:41.517+0000] {logging_mixin.py:190} INFO - [2026-03-12T00:43:41.516+0000] {dagbag.py:588} INFO - Filling up the DagBag from /home/ec2-user/environment/lab4_model_training/venv/lib64/python3.12/site-packages/airflow/example_dags/tutorial.py
[2026-03-12T00:43:41.523+0000] {processor.py:925} INFO - DAG(s) 'tutorial' retrieved from /home/ec2-user/environment/lab4_model_training/venv/lib64/python3.12/site-packages/airflow/example_dags/tutorial.py
[2026-03-12T00:43:41.536+0000] {logging_mixin.py:190} INFO - [2026-03-12T00:43:41.536+0000] {dag.py:3239} INFO - Sync 1 DAGs
[2026-03-12T00:43:41.553+0000] {logging_mixin.py:190} INFO - [2026-03-12T00:43:41.553+0000] {dag.py:4180} INFO - Setting next_dagrun for tutorial to 2026-03-11 00:00:00+00:00, run_after=2026-03-12 00:00:00+00:00
[2026-03-12T00:43:41.571+0000] {processor.py:208} INFO - Processing /home/ec2-user/environment/lab4_model_training/venv/lib64/python3.12/site-packages/airflow/example_dags/tutorial.py took 0.062 seconds
[2026-03-12T00:44:41.782+0000] {processor.py:186} INFO - Started process (PID=5136) to work on /home/ec2-user/environment/lab4_model_training/venv/lib64/python3.12/site-packages/airflow/example_dags/tutorial.py
[2026-03-12T00:44:41.784+0000] {processor.py:914} INFO - Processing file /home/ec2-user/environment/lab4_model_training/venv/lib64/python3.12/site-packages/airflow/example_dags/tutorial.py for tasks to queue
[2026-03-12T00:44:41.785+0000] {logging_mixin.py:190} INFO - [2026-03-12T00:44:41.785+0000] {dagbag.py:588} INFO - Filling up the DagBag from /home/ec2-user/environment/lab4_model_training/venv/lib64/python3.12/site-packages/airflow/example_dags/tutorial.py
[2026-03-12T00:44:41.793+0000] {processor.py:925} INFO - DAG(s) 'tutorial' retrieved from /home/ec2-user/environment/lab4_model_training/venv/lib64/python3.12/site-packages/airflow/example_dags/tutorial.py
[2026-03-12T00:44:41.806+0000] {logging_mixin.py:190} INFO - [2026-03-12T00:44:41.805+0000] {dag.py:3239} INFO - Sync 1 DAGs
[2026-03-12T00:44:41.822+0000] {logging_mixin.py:190} INFO - [2026-03-12T00:44:41.822+0000] {dag.py:4180} INFO - Setting next_dagrun for tutorial to 2026-03-11 00:00:00+00:00, run_after=2026-03-12 00:00:00+00:00
[2026-03-12T00:44:41.841+0000] {processor.py:208} INFO - Processing /home/ec2-user/environment/lab4_model_training/venv/lib64/python3.12/site-packages/airflow/example_dags/tutorial.py took 0.062 seconds
[2026-03-12T00:45:44.128+0000] {processor.py:186} INFO - Started process (PID=5267) to work on /home/ec2-user/environment/lab4_model_training/venv/lib64/python3.12/site-packages/airflow/example_dags/tutorial.py
[2026-03-12T00:45:44.130+0000] {processor.py:914} INFO - Processing file /home/ec2-user/environment/lab4_model_training/venv/lib64/python3.12/site-packages/airflow/example_dags/tutorial.py for tasks to queue
[2026-03-12T00:45:44.132+0000] {logging_mixin.py:190} INFO - [2026-03-12T00:45:44.131+0000] {dagbag.py:588} INFO - Filling up the DagBag from /home/ec2-user/environment/lab4_model_training/venv/lib64/python3.12/site-packages/airflow/example_dags/tutorial.py
[2026-03-12T00:45:44.138+0000] {processor.py:925} INFO - DAG(s) 'tutorial' retrieved from /home/ec2-user/environment/lab4_model_training/venv/lib64/python3.12/site-packages/airflow/example_dags/tutorial.py
[2026-03-12T00:45:44.151+0000] {logging_mixin.py:190} INFO - [2026-03-12T00:45:44.151+0000] {dag.py:3239} INFO - Sync 1 DAGs
[2026-03-12T00:45:44.167+0000] {logging_mixin.py:190} INFO - [2026-03-12T00:45:44.167+0000] {dag.py:4180} INFO - Setting next_dagrun for tutorial to 2026-03-11 00:00:00+00:00, run_after=2026-03-12 00:00:00+00:00
[2026-03-12T00:45:44.186+0000] {processor.py:208} INFO - Processing /home/ec2-user/environment/lab4_model_training/venv/lib64/python3.12/site-packages/airflow/example_dags/tutorial.py took 0.062 seconds
[2026-03-12T00:46:43.731+0000] {processor.py:186} INFO - Started process (PID=5351) to work on /home/ec2-user/environment/lab4_model_training/venv/lib64/python3.12/site-packages/airflow/example_dags/tutorial.py
[2026-03-12T00:46:43.732+0000] {processor.py:914} INFO - Processing file /home/ec2-user/environment/lab4_model_training/venv/lib64/python3.12/site-packages/airflow/example_dags/tutorial.py for tasks to queue
[2026-03-12T00:46:43.734+0000] {logging_mixin.py:190} INFO - [2026-03-12T00:46:43.734+0000] {dagbag.py:588} INFO - Filling up the DagBag from /home/ec2-user/environment/lab4_model_training/venv/lib64/python3.12/site-packages/airflow/example_dags/tutorial.py
[2026-03-12T00:46:43.741+0000] {processor.py:925} INFO - DAG(s) 'tutorial' retrieved from /home/ec2-user/environment/lab4_model_training/venv/lib64/python3.12/site-packages/airflow/example_dags/tutorial.py
[2026-03-12T00:46:43.754+0000] {logging_mixin.py:190} INFO - [2026-03-12T00:46:43.754+0000] {dag.py:3239} INFO - Sync 1 DAGs
[2026-03-12T00:46:43.770+0000] {logging_mixin.py:190} INFO - [2026-03-12T00:46:43.770+0000] {dag.py:4180} INFO - Setting next_dagrun for tutorial to 2026-03-11 00:00:00+00:00, run_after=2026-03-12 00:00:00+00:00
[2026-03-12T00:46:43.787+0000] {processor.py:208} INFO - Processing /home/ec2-user/environment/lab4_model_training/venv/lib64/python3.12/site-packages/airflow/example_dags/tutorial.py took 0.060 seconds
[2026-03-12T00:47:41.888+0000] {processor.py:186} INFO - Started process (PID=5483) to work on /home/ec2-user/environment/lab4_model_training/venv/lib64/python3.12/site-packages/airflow/example_dags/tutorial.py
[2026-03-12T00:47:41.889+0000] {processor.py:914} INFO - Processing file /home/ec2-user/environment/lab4_model_training/venv/lib64/python3.12/site-packages/airflow/example_dags/tutorial.py for tasks to queue
[2026-03-12T00:47:41.891+0000] {logging_mixin.py:190} INFO - [2026-03-12T00:47:41.891+0000] {dagbag.py:588} INFO - Filling up the DagBag from /home/ec2-user/environment/lab4_model_training/venv/lib64/python3.12/site-packages/airflow/example_dags/tutorial.py
[2026-03-12T00:47:41.898+0000] {processor.py:925} INFO - DAG(s) 'tutorial' retrieved from /home/ec2-user/environment/lab4_model_training/venv/lib64/python3.12/site-packages/airflow/example_dags/tutorial.py
[2026-03-12T00:47:41.910+0000] {logging_mixin.py:190} INFO - [2026-03-12T00:47:41.910+0000] {dag.py:3239} INFO - Sync 1 DAGs
[2026-03-12T00:47:41.926+0000] {logging_mixin.py:190} INFO - [2026-03-12T00:47:41.926+0000] {dag.py:4180} INFO - Setting next_dagrun for tutorial to 2026-03-11 00:00:00+00:00, run_after=2026-03-12 00:00:00+00:00
[2026-03-12T00:47:41.945+0000] {processor.py:208} INFO - Processing /home/ec2-user/environment/lab4_model_training/venv/lib64/python3.12/site-packages/airflow/example_dags/tutorial.py took 0.061 seconds
[2026-03-12T00:48:58.588+0000] {processor.py:186} INFO - Started process (PID=5616) to work on /home/ec2-user/environment/lab4_model_training/venv/lib64/python3.12/site-packages/airflow/example_dags/tutorial.py
[2026-03-12T00:48:58.590+0000] {processor.py:914} INFO - Processing file /home/ec2-user/environment/lab4_model_training/venv/lib64/python3.12/site-packages/airflow/example_dags/tutorial.py for tasks to queue
[2026-03-12T00:48:58.592+0000] {logging_mixin.py:190} INFO - [2026-03-12T00:48:58.591+0000] {dagbag.py:588} INFO - Filling up the DagBag from /home/ec2-user/environment/lab4_model_training/venv/lib64/python3.12/site-packages/airflow/example_dags/tutorial.py
[2026-03-12T00:48:58.599+0000] {processor.py:925} INFO - DAG(s) 'tutorial' retrieved from /home/ec2-user/environment/lab4_model_training/venv/lib64/python3.12/site-packages/airflow/example_dags/tutorial.py
[2026-03-12T00:48:58.611+0000] {logging_mixin.py:190} INFO - [2026-03-12T00:48:58.611+0000] {dag.py:3239} INFO - Sync 1 DAGs
[2026-03-12T00:48:58.627+0000] {logging_mixin.py:190} INFO - [2026-03-12T00:48:58.627+0000] {dag.py:4180} INFO - Setting next_dagrun for tutorial to 2026-03-11 00:00:00+00:00, run_after=2026-03-12 00:00:00+00:00
[2026-03-12T00:48:58.644+0000] {processor.py:208} INFO - Processing /home/ec2-user/environment/lab4_model_training/venv/lib64/python3.12/site-packages/airflow/example_dags/tutorial.py took 0.060 seconds
[2026-03-12T00:49:57.217+0000] {processor.py:186} INFO - Started process (PID=5749) to work on /home/ec2-user/environment/lab4_model_training/venv/lib64/python3.12/site-packages/airflow/example_dags/tutorial.py
[2026-03-12T00:49:57.218+0000] {processor.py:914} INFO - Processing file /home/ec2-user/environment/lab4_model_training/venv/lib64/python3.12/site-packages/airflow/example_dags/tutorial.py for tasks to queue
[2026-03-12T00:49:57.220+0000] {logging_mixin.py:190} INFO - [2026-03-12T00:49:57.220+0000] {dagbag.py:588} INFO - Filling up the DagBag from /home/ec2-user/environment/lab4_model_training/venv/lib64/python3.12/site-packages/airflow/example_dags/tutorial.py
[2026-03-12T00:49:57.227+0000] {processor.py:925} INFO - DAG(s) 'tutorial' retrieved from /home/ec2-user/environment/lab4_model_training/venv/lib64/python3.12/site-packages/airflow/example_dags/tutorial.py
[2026-03-12T00:49:57.239+0000] {logging_mixin.py:190} INFO - [2026-03-12T00:49:57.239+0000] {dag.py:3239} INFO - Sync 1 DAGs
[2026-03-12T00:49:57.255+0000] {logging_mixin.py:190} INFO - [2026-03-12T00:49:57.255+0000] {dag.py:4180} INFO - Setting next_dagrun for tutorial to 2026-03-11 00:00:00+00:00, run_after=2026-03-12 00:00:00+00:00
[2026-03-12T00:49:57.272+0000] {processor.py:208} INFO - Processing /home/ec2-user/environment/lab4_model_training/venv/lib64/python3.12/site-packages/airflow/example_dags/tutorial.py took 0.059 seconds
[2026-03-12T00:50:53.786+0000] {processor.py:186} INFO - Started process (PID=5947) to work on /home/ec2-user/environment/lab4_model_training/venv/lib64/python3.12/site-packages/airflow/example_dags/tutorial.py
[2026-03-12T00:50:53.787+0000] {processor.py:914} INFO - Processing file /home/ec2-user/environment/lab4_model_training/venv/lib64/python3.12/site-packages/airflow/example_dags/tutorial.py for tasks to queue
[2026-03-12T00:50:53.789+0000] {logging_mixin.py:190} INFO - [2026-03-12T00:50:53.788+0000] {dagbag.py:588} INFO - Filling up the DagBag from /home/ec2-user/environment/lab4_model_training/venv/lib64/python3.12/site-packages/airflow/example_dags/tutorial.py
[2026-03-12T00:50:53.795+0000] {processor.py:925} INFO - DAG(s) 'tutorial' retrieved from /home/ec2-user/environment/lab4_model_training/venv/lib64/python3.12/site-packages/airflow/example_dags/tutorial.py
[2026-03-12T00:50:53.808+0000] {logging_mixin.py:190} INFO - [2026-03-12T00:50:53.808+0000] {dag.py:3239} INFO - Sync 1 DAGs
[2026-03-12T00:50:53.824+0000] {logging_mixin.py:190} INFO - [2026-03-12T00:50:53.824+0000] {dag.py:4180} INFO - Setting next_dagrun for tutorial to 2026-03-11 00:00:00+00:00, run_after=2026-03-12 00:00:00+00:00
[2026-03-12T00:50:53.841+0000] {processor.py:208} INFO - Processing /home/ec2-user/environment/lab4_model_training/venv/lib64/python3.12/site-packages/airflow/example_dags/tutorial.py took 0.060 seconds
[2026-03-12T00:51:53.466+0000] {processor.py:186} INFO - Started process (PID=6196) to work on /home/ec2-user/environment/lab4_model_training/venv/lib64/python3.12/site-packages/airflow/example_dags/tutorial.py
[2026-03-12T00:51:53.467+0000] {processor.py:914} INFO - Processing file /home/ec2-user/environment/lab4_model_training/venv/lib64/python3.12/site-packages/airflow/example_dags/tutorial.py for tasks to queue
[2026-03-12T00:51:53.470+0000] {logging_mixin.py:190} INFO - [2026-03-12T00:51:53.469+0000] {dagbag.py:588} INFO - Filling up the DagBag from /home/ec2-user/environment/lab4_model_training/venv/lib64/python3.12/site-packages/airflow/example_dags/tutorial.py
[2026-03-12T00:51:53.476+0000] {processor.py:925} INFO - DAG(s) 'tutorial' retrieved from /home/ec2-user/environment/lab4_model_training/venv/lib64/python3.12/site-packages/airflow/example_dags/tutorial.py
[2026-03-12T00:51:53.489+0000] {logging_mixin.py:190} INFO - [2026-03-12T00:51:53.489+0000] {dag.py:3239} INFO - Sync 1 DAGs
[2026-03-12T00:51:53.505+0000] {logging_mixin.py:190} INFO - [2026-03-12T00:51:53.505+0000] {dag.py:4180} INFO - Setting next_dagrun for tutorial to 2026-03-11 00:00:00+00:00, run_after=2026-03-12 00:00:00+00:00
[2026-03-12T00:51:53.523+0000] {processor.py:208} INFO - Processing /home/ec2-user/environment/lab4_model_training/venv/lib64/python3.12/site-packages/airflow/example_dags/tutorial.py took 0.061 seconds
[2026-03-12T00:52:53.773+0000] {processor.py:186} INFO - Started process (PID=6363) to work on /home/ec2-user/environment/lab4_model_training/venv/lib64/python3.12/site-packages/airflow/example_dags/tutorial.py
[2026-03-12T00:52:53.775+0000] {processor.py:914} INFO - Processing file /home/ec2-user/environment/lab4_model_training/venv/lib64/python3.12/site-packages/airflow/example_dags/tutorial.py for tasks to queue
[2026-03-12T00:52:53.776+0000] {logging_mixin.py:190} INFO - [2026-03-12T00:52:53.776+0000] {dagbag.py:588} INFO - Filling up the DagBag from /home/ec2-user/environment/lab4_model_training/venv/lib64/python3.12/site-packages/airflow/example_dags/tutorial.py
[2026-03-12T00:52:53.785+0000] {processor.py:925} INFO - DAG(s) 'tutorial' retrieved from /home/ec2-user/environment/lab4_model_training/venv/lib64/python3.12/site-packages/airflow/example_dags/tutorial.py
[2026-03-12T00:52:53.802+0000] {logging_mixin.py:190} INFO - [2026-03-12T00:52:53.802+0000] {dag.py:3239} INFO - Sync 1 DAGs
[2026-03-12T00:52:53.822+0000] {logging_mixin.py:190} INFO - [2026-03-12T00:52:53.822+0000] {dag.py:4180} INFO - Setting next_dagrun for tutorial to 2026-03-11 00:00:00+00:00, run_after=2026-03-12 00:00:00+00:00
[2026-03-12T00:52:53.842+0000] {processor.py:208} INFO - Processing /home/ec2-user/environment/lab4_model_training/venv/lib64/python3.12/site-packages/airflow/example_dags/tutorial.py took 0.073 seconds
[2026-03-12T00:53:56.535+0000] {processor.py:186} INFO - Started process (PID=6583) to work on /home/ec2-user/environment/lab4_model_training/venv/lib64/python3.12/site-packages/airflow/example_dags/tutorial.py
[2026-03-12T00:53:56.536+0000] {processor.py:914} INFO - Processing file /home/ec2-user/environment/lab4_model_training/venv/lib64/python3.12/site-packages/airflow/example_dags/tutorial.py for tasks to queue
[2026-03-12T00:53:56.538+0000] {logging_mixin.py:190} INFO - [2026-03-12T00:53:56.538+0000] {dagbag.py:588} INFO - Filling up the DagBag from /home/ec2-user/environment/lab4_model_training/venv/lib64/python3.12/site-packages/airflow/example_dags/tutorial.py
[2026-03-12T00:53:56.545+0000] {processor.py:925} INFO - DAG(s) 'tutorial' retrieved from /home/ec2-user/environment/lab4_model_training/venv/lib64/python3.12/site-packages/airflow/example_dags/tutorial.py
[2026-03-12T00:53:56.558+0000] {logging_mixin.py:190} INFO - [2026-03-12T00:53:56.557+0000] {dag.py:3239} INFO - Sync 1 DAGs
[2026-03-12T00:53:56.574+0000] {logging_mixin.py:190} INFO - [2026-03-12T00:53:56.574+0000] {dag.py:4180} INFO - Setting next_dagrun for tutorial to 2026-03-11 00:00:00+00:00, run_after=2026-03-12 00:00:00+00:00
[2026-03-12T00:53:56.591+0000] {processor.py:208} INFO - Processing /home/ec2-user/environment/lab4_model_training/venv/lib64/python3.12/site-packages/airflow/example_dags/tutorial.py took 0.060 seconds
[2026-03-12T00:54:57.088+0000] {processor.py:186} INFO - Started process (PID=6792) to work on /home/ec2-user/environment/lab4_model_training/venv/lib64/python3.12/site-packages/airflow/example_dags/tutorial.py
[2026-03-12T00:54:57.089+0000] {processor.py:914} INFO - Processing file /home/ec2-user/environment/lab4_model_training/venv/lib64/python3.12/site-packages/airflow/example_dags/tutorial.py for tasks to queue
[2026-03-12T00:54:57.091+0000] {logging_mixin.py:190} INFO - [2026-03-12T00:54:57.091+0000] {dagbag.py:588} INFO - Filling up the DagBag from /home/ec2-user/environment/lab4_model_training/venv/lib64/python3.12/site-packages/airflow/example_dags/tutorial.py
[2026-03-12T00:54:57.099+0000] {processor.py:925} INFO - DAG(s) 'tutorial' retrieved from /home/ec2-user/environment/lab4_model_training/venv/lib64/python3.12/site-packages/airflow/example_dags/tutorial.py
[2026-03-12T00:54:57.116+0000] {logging_mixin.py:190} INFO - [2026-03-12T00:54:57.115+0000] {dag.py:3239} INFO - Sync 1 DAGs
[2026-03-12T00:54:57.137+0000] {logging_mixin.py:190} INFO - [2026-03-12T00:54:57.137+0000] {dag.py:4180} INFO - Setting next_dagrun for tutorial to 2026-03-11 00:00:00+00:00, run_after=2026-03-12 00:00:00+00:00
[2026-03-12T00:54:57.158+0000] {processor.py:208} INFO - Processing /home/ec2-user/environment/lab4_model_training/venv/lib64/python3.12/site-packages/airflow/example_dags/tutorial.py took 0.074 seconds
[2026-03-12T00:55:57.141+0000] {processor.py:186} INFO - Started process (PID=6910) to work on /home/ec2-user/environment/lab4_model_training/venv/lib64/python3.12/site-packages/airflow/example_dags/tutorial.py
[2026-03-12T00:55:57.143+0000] {processor.py:914} INFO - Processing file /home/ec2-user/environment/lab4_model_training/venv/lib64/python3.12/site-packages/airflow/example_dags/tutorial.py for tasks to queue
[2026-03-12T00:55:57.145+0000] {logging_mixin.py:190} INFO - [2026-03-12T00:55:57.144+0000] {dagbag.py:588} INFO - Filling up the DagBag from /home/ec2-user/environment/lab4_model_training/venv/lib64/python3.12/site-packages/airflow/example_dags/tutorial.py
[2026-03-12T00:55:57.154+0000] {processor.py:925} INFO - DAG(s) 'tutorial' retrieved from /home/ec2-user/environment/lab4_model_training/venv/lib64/python3.12/site-packages/airflow/example_dags/tutorial.py
[2026-03-12T00:55:57.170+0000] {logging_mixin.py:190} INFO - [2026-03-12T00:55:57.170+0000] {dag.py:3239} INFO - Sync 1 DAGs
[2026-03-12T00:55:57.192+0000] {logging_mixin.py:190} INFO - [2026-03-12T00:55:57.192+0000] {dag.py:4180} INFO - Setting next_dagrun for tutorial to 2026-03-11 00:00:00+00:00, run_after=2026-03-12 00:00:00+00:00
[2026-03-12T00:55:57.212+0000] {processor.py:208} INFO - Processing /home/ec2-user/environment/lab4_model_training/venv/lib64/python3.12/site-packages/airflow/example_dags/tutorial.py took 0.075 seconds
[2026-03-12T00:56:53.958+0000] {processor.py:186} INFO - Started process (PID=7087) to work on /home/ec2-user/environment/lab4_model_training/venv/lib64/python3.12/site-packages/airflow/example_dags/tutorial.py
[2026-03-12T00:56:53.959+0000] {processor.py:914} INFO - Processing file /home/ec2-user/environment/lab4_model_training/venv/lib64/python3.12/site-packages/airflow/example_dags/tutorial.py for tasks to queue
[2026-03-12T00:56:53.961+0000] {logging_mixin.py:190} INFO - [2026-03-12T00:56:53.961+0000] {dagbag.py:588} INFO - Filling up the DagBag from /home/ec2-user/environment/lab4_model_training/venv/lib64/python3.12/site-packages/airflow/example_dags/tutorial.py
[2026-03-12T00:56:53.968+0000] {processor.py:925} INFO - DAG(s) 'tutorial' retrieved from /home/ec2-user/environment/lab4_model_training/venv/lib64/python3.12/site-packages/airflow/example_dags/tutorial.py
[2026-03-12T00:56:53.981+0000] {logging_mixin.py:190} INFO - [2026-03-12T00:56:53.981+0000] {dag.py:3239} INFO - Sync 1 DAGs
[2026-03-12T00:56:53.997+0000] {logging_mixin.py:190} INFO - [2026-03-12T00:56:53.997+0000] {dag.py:4180} INFO - Setting next_dagrun for tutorial to 2026-03-11 00:00:00+00:00, run_after=2026-03-12 00:00:00+00:00
[2026-03-12T00:56:54.024+0000] {processor.py:208} INFO - Processing /home/ec2-user/environment/lab4_model_training/venv/lib64/python3.12/site-packages/airflow/example_dags/tutorial.py took 0.070 seconds
[2026-03-12T00:57:52.323+0000] {processor.py:186} INFO - Started process (PID=7207) to work on /home/ec2-user/environment/lab4_model_training/venv/lib64/python3.12/site-packages/airflow/example_dags/tutorial.py
[2026-03-12T00:57:52.325+0000] {processor.py:914} INFO - Processing file /home/ec2-user/environment/lab4_model_training/venv/lib64/python3.12/site-packages/airflow/example_dags/tutorial.py for tasks to queue
[2026-03-12T00:57:52.327+0000] {logging_mixin.py:190} INFO - [2026-03-12T00:57:52.326+0000] {dagbag.py:588} INFO - Filling up the DagBag from /home/ec2-user/environment/lab4_model_training/venv/lib64/python3.12/site-packages/airflow/example_dags/tutorial.py
[2026-03-12T00:57:52.335+0000] {processor.py:925} INFO - DAG(s) 'tutorial' retrieved from /home/ec2-user/environment/lab4_model_training/venv/lib64/python3.12/site-packages/airflow/example_dags/tutorial.py
[2026-03-12T00:57:52.352+0000] {logging_mixin.py:190} INFO - [2026-03-12T00:57:52.352+0000] {dag.py:3239} INFO - Sync 1 DAGs
[2026-03-12T00:57:52.374+0000] {logging_mixin.py:190} INFO - [2026-03-12T00:57:52.374+0000] {dag.py:4180} INFO - Setting next_dagrun for tutorial to 2026-03-11 00:00:00+00:00, run_after=2026-03-12 00:00:00+00:00
[2026-03-12T00:57:52.393+0000] {processor.py:208} INFO - Processing /home/ec2-user/environment/lab4_model_training/venv/lib64/python3.12/site-packages/airflow/example_dags/tutorial.py took 0.074 seconds
[2026-03-12T00:58:49.773+0000] {processor.py:186} INFO - Started process (PID=7388) to work on /home/ec2-user/environment/lab4_model_training/venv/lib64/python3.12/site-packages/airflow/example_dags/tutorial.py
[2026-03-12T00:58:49.774+0000] {processor.py:914} INFO - Processing file /home/ec2-user/environment/lab4_model_training/venv/lib64/python3.12/site-packages/airflow/example_dags/tutorial.py for tasks to queue
[2026-03-12T00:58:49.776+0000] {logging_mixin.py:190} INFO - [2026-03-12T00:58:49.775+0000] {dagbag.py:588} INFO - Filling up the DagBag from /home/ec2-user/environment/lab4_model_training/venv/lib64/python3.12/site-packages/airflow/example_dags/tutorial.py
[2026-03-12T00:58:49.783+0000] {processor.py:925} INFO - DAG(s) 'tutorial' retrieved from /home/ec2-user/environment/lab4_model_training/venv/lib64/python3.12/site-packages/airflow/example_dags/tutorial.py
[2026-03-12T00:58:49.795+0000] {logging_mixin.py:190} INFO - [2026-03-12T00:58:49.795+0000] {dag.py:3239} INFO - Sync 1 DAGs
[2026-03-12T00:58:49.811+0000] {logging_mixin.py:190} INFO - [2026-03-12T00:58:49.811+0000] {dag.py:4180} INFO - Setting next_dagrun for tutorial to 2026-03-11 00:00:00+00:00, run_after=2026-03-12 00:00:00+00:00
[2026-03-12T00:58:49.828+0000] {processor.py:208} INFO - Processing /home/ec2-user/environment/lab4_model_training/venv/lib64/python3.12/site-packages/airflow/example_dags/tutorial.py took 0.060 seconds
