[2026-05-09T18:54:57.330+0000] {processor.py:186} INFO - Started process (PID=18963) to work on /home/ec2-user/environment/lab4_model_training/venv/lib64/python3.12/site-packages/airflow/example_dags/example_skip_dag.py
[2026-05-09T18:54:57.331+0000] {processor.py:914} INFO - Processing file /home/ec2-user/environment/lab4_model_training/venv/lib64/python3.12/site-packages/airflow/example_dags/example_skip_dag.py for tasks to queue
[2026-05-09T18:54:57.333+0000] {logging_mixin.py:190} INFO - [2026-05-09T18:54:57.333+0000] {dagbag.py:588} INFO - Filling up the DagBag from /home/ec2-user/environment/lab4_model_training/venv/lib64/python3.12/site-packages/airflow/example_dags/example_skip_dag.py
[2026-05-09T18:54:57.341+0000] {processor.py:925} INFO - DAG(s) 'example_skip_dag' retrieved from /home/ec2-user/environment/lab4_model_training/venv/lib64/python3.12/site-packages/airflow/example_dags/example_skip_dag.py
[2026-05-09T18:54:57.356+0000] {logging_mixin.py:190} INFO - [2026-05-09T18:54:57.356+0000] {dag.py:3239} INFO - Sync 1 DAGs
[2026-05-09T18:54:57.373+0000] {logging_mixin.py:190} INFO - [2026-05-09T18:54:57.373+0000] {dag.py:4180} INFO - Setting next_dagrun for example_skip_dag to 2026-05-08 00:00:00+00:00, run_after=2026-05-09 00:00:00+00:00
[2026-05-09T18:54:57.392+0000] {processor.py:208} INFO - Processing /home/ec2-user/environment/lab4_model_training/venv/lib64/python3.12/site-packages/airflow/example_dags/example_skip_dag.py took 0.066 seconds
[2026-05-09T18:56:00.859+0000] {processor.py:186} INFO - Started process (PID=19381) to work on /home/ec2-user/environment/lab4_model_training/venv/lib64/python3.12/site-packages/airflow/example_dags/example_skip_dag.py
[2026-05-09T18:56:00.860+0000] {processor.py:914} INFO - Processing file /home/ec2-user/environment/lab4_model_training/venv/lib64/python3.12/site-packages/airflow/example_dags/example_skip_dag.py for tasks to queue
[2026-05-09T18:56:00.862+0000] {logging_mixin.py:190} INFO - [2026-05-09T18:56:00.862+0000] {dagbag.py:588} INFO - Filling up the DagBag from /home/ec2-user/environment/lab4_model_training/venv/lib64/python3.12/site-packages/airflow/example_dags/example_skip_dag.py
[2026-05-09T18:56:00.869+0000] {processor.py:925} INFO - DAG(s) 'example_skip_dag' retrieved from /home/ec2-user/environment/lab4_model_training/venv/lib64/python3.12/site-packages/airflow/example_dags/example_skip_dag.py
[2026-05-09T18:56:00.881+0000] {logging_mixin.py:190} INFO - [2026-05-09T18:56:00.881+0000] {dag.py:3239} INFO - Sync 1 DAGs
[2026-05-09T18:56:00.897+0000] {logging_mixin.py:190} INFO - [2026-05-09T18:56:00.897+0000] {dag.py:4180} INFO - Setting next_dagrun for example_skip_dag to 2026-05-08 00:00:00+00:00, run_after=2026-05-09 00:00:00+00:00
[2026-05-09T18:56:00.915+0000] {processor.py:208} INFO - Processing /home/ec2-user/environment/lab4_model_training/venv/lib64/python3.12/site-packages/airflow/example_dags/example_skip_dag.py took 0.060 seconds
[2026-05-09T18:57:08.738+0000] {processor.py:186} INFO - Started process (PID=19749) to work on /home/ec2-user/environment/lab4_model_training/venv/lib64/python3.12/site-packages/airflow/example_dags/example_skip_dag.py
[2026-05-09T18:57:08.739+0000] {processor.py:914} INFO - Processing file /home/ec2-user/environment/lab4_model_training/venv/lib64/python3.12/site-packages/airflow/example_dags/example_skip_dag.py for tasks to queue
[2026-05-09T18:57:08.741+0000] {logging_mixin.py:190} INFO - [2026-05-09T18:57:08.740+0000] {dagbag.py:588} INFO - Filling up the DagBag from /home/ec2-user/environment/lab4_model_training/venv/lib64/python3.12/site-packages/airflow/example_dags/example_skip_dag.py
[2026-05-09T18:57:08.749+0000] {processor.py:925} INFO - DAG(s) 'example_skip_dag' retrieved from /home/ec2-user/environment/lab4_model_training/venv/lib64/python3.12/site-packages/airflow/example_dags/example_skip_dag.py
[2026-05-09T18:57:08.766+0000] {logging_mixin.py:190} INFO - [2026-05-09T18:57:08.766+0000] {dag.py:3239} INFO - Sync 1 DAGs
[2026-05-09T18:57:08.782+0000] {logging_mixin.py:190} INFO - [2026-05-09T18:57:08.782+0000] {dag.py:4180} INFO - Setting next_dagrun for example_skip_dag to 2026-05-08 00:00:00+00:00, run_after=2026-05-09 00:00:00+00:00
[2026-05-09T18:57:08.804+0000] {processor.py:208} INFO - Processing /home/ec2-user/environment/lab4_model_training/venv/lib64/python3.12/site-packages/airflow/example_dags/example_skip_dag.py took 0.071 seconds
[2026-05-09T18:58:16.527+0000] {processor.py:186} INFO - Started process (PID=20118) to work on /home/ec2-user/environment/lab4_model_training/venv/lib64/python3.12/site-packages/airflow/example_dags/example_skip_dag.py
[2026-05-09T18:58:16.528+0000] {processor.py:914} INFO - Processing file /home/ec2-user/environment/lab4_model_training/venv/lib64/python3.12/site-packages/airflow/example_dags/example_skip_dag.py for tasks to queue
[2026-05-09T18:58:16.530+0000] {logging_mixin.py:190} INFO - [2026-05-09T18:58:16.530+0000] {dagbag.py:588} INFO - Filling up the DagBag from /home/ec2-user/environment/lab4_model_training/venv/lib64/python3.12/site-packages/airflow/example_dags/example_skip_dag.py
[2026-05-09T18:58:16.538+0000] {processor.py:925} INFO - DAG(s) 'example_skip_dag' retrieved from /home/ec2-user/environment/lab4_model_training/venv/lib64/python3.12/site-packages/airflow/example_dags/example_skip_dag.py
[2026-05-09T18:58:16.554+0000] {logging_mixin.py:190} INFO - [2026-05-09T18:58:16.553+0000] {dag.py:3239} INFO - Sync 1 DAGs
[2026-05-09T18:58:16.570+0000] {logging_mixin.py:190} INFO - [2026-05-09T18:58:16.570+0000] {dag.py:4180} INFO - Setting next_dagrun for example_skip_dag to 2026-05-08 00:00:00+00:00, run_after=2026-05-09 00:00:00+00:00
[2026-05-09T18:58:16.590+0000] {processor.py:208} INFO - Processing /home/ec2-user/environment/lab4_model_training/venv/lib64/python3.12/site-packages/airflow/example_dags/example_skip_dag.py took 0.068 seconds
[2026-05-09T18:59:21.990+0000] {processor.py:186} INFO - Started process (PID=20460) to work on /home/ec2-user/environment/lab4_model_training/venv/lib64/python3.12/site-packages/airflow/example_dags/example_skip_dag.py
[2026-05-09T18:59:21.991+0000] {processor.py:914} INFO - Processing file /home/ec2-user/environment/lab4_model_training/venv/lib64/python3.12/site-packages/airflow/example_dags/example_skip_dag.py for tasks to queue
[2026-05-09T18:59:21.993+0000] {logging_mixin.py:190} INFO - [2026-05-09T18:59:21.992+0000] {dagbag.py:588} INFO - Filling up the DagBag from /home/ec2-user/environment/lab4_model_training/venv/lib64/python3.12/site-packages/airflow/example_dags/example_skip_dag.py
[2026-05-09T18:59:22.001+0000] {processor.py:925} INFO - DAG(s) 'example_skip_dag' retrieved from /home/ec2-user/environment/lab4_model_training/venv/lib64/python3.12/site-packages/airflow/example_dags/example_skip_dag.py
[2026-05-09T18:59:22.018+0000] {logging_mixin.py:190} INFO - [2026-05-09T18:59:22.018+0000] {dag.py:3239} INFO - Sync 1 DAGs
[2026-05-09T18:59:22.035+0000] {logging_mixin.py:190} INFO - [2026-05-09T18:59:22.035+0000] {dag.py:4180} INFO - Setting next_dagrun for example_skip_dag to 2026-05-08 00:00:00+00:00, run_after=2026-05-09 00:00:00+00:00
[2026-05-09T18:59:22.055+0000] {processor.py:208} INFO - Processing /home/ec2-user/environment/lab4_model_training/venv/lib64/python3.12/site-packages/airflow/example_dags/example_skip_dag.py took 0.069 seconds
[2026-05-09T19:00:25.604+0000] {processor.py:186} INFO - Started process (PID=20785) to work on /home/ec2-user/environment/lab4_model_training/venv/lib64/python3.12/site-packages/airflow/example_dags/example_skip_dag.py
[2026-05-09T19:00:25.605+0000] {processor.py:914} INFO - Processing file /home/ec2-user/environment/lab4_model_training/venv/lib64/python3.12/site-packages/airflow/example_dags/example_skip_dag.py for tasks to queue
[2026-05-09T19:00:25.607+0000] {logging_mixin.py:190} INFO - [2026-05-09T19:00:25.606+0000] {dagbag.py:588} INFO - Filling up the DagBag from /home/ec2-user/environment/lab4_model_training/venv/lib64/python3.12/site-packages/airflow/example_dags/example_skip_dag.py
[2026-05-09T19:00:25.613+0000] {processor.py:925} INFO - DAG(s) 'example_skip_dag' retrieved from /home/ec2-user/environment/lab4_model_training/venv/lib64/python3.12/site-packages/airflow/example_dags/example_skip_dag.py
[2026-05-09T19:00:25.628+0000] {logging_mixin.py:190} INFO - [2026-05-09T19:00:25.627+0000] {dag.py:3239} INFO - Sync 1 DAGs
[2026-05-09T19:00:25.658+0000] {logging_mixin.py:190} INFO - [2026-05-09T19:00:25.658+0000] {dag.py:4180} INFO - Setting next_dagrun for example_skip_dag to 2026-05-08 00:00:00+00:00, run_after=2026-05-09 00:00:00+00:00
[2026-05-09T19:00:25.680+0000] {processor.py:208} INFO - Processing /home/ec2-user/environment/lab4_model_training/venv/lib64/python3.12/site-packages/airflow/example_dags/example_skip_dag.py took 0.081 seconds
[2026-05-09T19:01:31.350+0000] {processor.py:186} INFO - Started process (PID=21109) to work on /home/ec2-user/environment/lab4_model_training/venv/lib64/python3.12/site-packages/airflow/example_dags/example_skip_dag.py
[2026-05-09T19:01:31.351+0000] {processor.py:914} INFO - Processing file /home/ec2-user/environment/lab4_model_training/venv/lib64/python3.12/site-packages/airflow/example_dags/example_skip_dag.py for tasks to queue
[2026-05-09T19:01:31.352+0000] {logging_mixin.py:190} INFO - [2026-05-09T19:01:31.352+0000] {dagbag.py:588} INFO - Filling up the DagBag from /home/ec2-user/environment/lab4_model_training/venv/lib64/python3.12/site-packages/airflow/example_dags/example_skip_dag.py
[2026-05-09T19:01:31.359+0000] {processor.py:925} INFO - DAG(s) 'example_skip_dag' retrieved from /home/ec2-user/environment/lab4_model_training/venv/lib64/python3.12/site-packages/airflow/example_dags/example_skip_dag.py
[2026-05-09T19:01:31.372+0000] {logging_mixin.py:190} INFO - [2026-05-09T19:01:31.372+0000] {dag.py:3239} INFO - Sync 1 DAGs
[2026-05-09T19:01:31.388+0000] {logging_mixin.py:190} INFO - [2026-05-09T19:01:31.387+0000] {dag.py:4180} INFO - Setting next_dagrun for example_skip_dag to 2026-05-08 00:00:00+00:00, run_after=2026-05-09 00:00:00+00:00
[2026-05-09T19:01:31.405+0000] {processor.py:208} INFO - Processing /home/ec2-user/environment/lab4_model_training/venv/lib64/python3.12/site-packages/airflow/example_dags/example_skip_dag.py took 0.060 seconds
[2026-05-09T19:02:31.649+0000] {processor.py:186} INFO - Started process (PID=21448) to work on /home/ec2-user/environment/lab4_model_training/venv/lib64/python3.12/site-packages/airflow/example_dags/example_skip_dag.py
[2026-05-09T19:02:31.650+0000] {processor.py:914} INFO - Processing file /home/ec2-user/environment/lab4_model_training/venv/lib64/python3.12/site-packages/airflow/example_dags/example_skip_dag.py for tasks to queue
[2026-05-09T19:02:31.652+0000] {logging_mixin.py:190} INFO - [2026-05-09T19:02:31.652+0000] {dagbag.py:588} INFO - Filling up the DagBag from /home/ec2-user/environment/lab4_model_training/venv/lib64/python3.12/site-packages/airflow/example_dags/example_skip_dag.py
[2026-05-09T19:02:31.658+0000] {processor.py:925} INFO - DAG(s) 'example_skip_dag' retrieved from /home/ec2-user/environment/lab4_model_training/venv/lib64/python3.12/site-packages/airflow/example_dags/example_skip_dag.py
[2026-05-09T19:02:31.671+0000] {logging_mixin.py:190} INFO - [2026-05-09T19:02:31.671+0000] {dag.py:3239} INFO - Sync 1 DAGs
[2026-05-09T19:02:31.687+0000] {logging_mixin.py:190} INFO - [2026-05-09T19:02:31.686+0000] {dag.py:4180} INFO - Setting next_dagrun for example_skip_dag to 2026-05-08 00:00:00+00:00, run_after=2026-05-09 00:00:00+00:00
[2026-05-09T19:02:31.704+0000] {processor.py:208} INFO - Processing /home/ec2-user/environment/lab4_model_training/venv/lib64/python3.12/site-packages/airflow/example_dags/example_skip_dag.py took 0.060 seconds
[2026-05-09T19:03:37.102+0000] {processor.py:186} INFO - Started process (PID=21771) to work on /home/ec2-user/environment/lab4_model_training/venv/lib64/python3.12/site-packages/airflow/example_dags/example_skip_dag.py
[2026-05-09T19:03:37.103+0000] {processor.py:914} INFO - Processing file /home/ec2-user/environment/lab4_model_training/venv/lib64/python3.12/site-packages/airflow/example_dags/example_skip_dag.py for tasks to queue
[2026-05-09T19:03:37.105+0000] {logging_mixin.py:190} INFO - [2026-05-09T19:03:37.105+0000] {dagbag.py:588} INFO - Filling up the DagBag from /home/ec2-user/environment/lab4_model_training/venv/lib64/python3.12/site-packages/airflow/example_dags/example_skip_dag.py
[2026-05-09T19:03:37.111+0000] {processor.py:925} INFO - DAG(s) 'example_skip_dag' retrieved from /home/ec2-user/environment/lab4_model_training/venv/lib64/python3.12/site-packages/airflow/example_dags/example_skip_dag.py
[2026-05-09T19:03:37.125+0000] {logging_mixin.py:190} INFO - [2026-05-09T19:03:37.124+0000] {dag.py:3239} INFO - Sync 1 DAGs
[2026-05-09T19:03:37.140+0000] {logging_mixin.py:190} INFO - [2026-05-09T19:03:37.140+0000] {dag.py:4180} INFO - Setting next_dagrun for example_skip_dag to 2026-05-08 00:00:00+00:00, run_after=2026-05-09 00:00:00+00:00
[2026-05-09T19:03:37.159+0000] {processor.py:208} INFO - Processing /home/ec2-user/environment/lab4_model_training/venv/lib64/python3.12/site-packages/airflow/example_dags/example_skip_dag.py took 0.062 seconds
[2026-05-09T19:04:42.738+0000] {processor.py:186} INFO - Started process (PID=22174) to work on /home/ec2-user/environment/lab4_model_training/venv/lib64/python3.12/site-packages/airflow/example_dags/example_skip_dag.py
[2026-05-09T19:04:42.739+0000] {processor.py:914} INFO - Processing file /home/ec2-user/environment/lab4_model_training/venv/lib64/python3.12/site-packages/airflow/example_dags/example_skip_dag.py for tasks to queue
[2026-05-09T19:04:42.740+0000] {logging_mixin.py:190} INFO - [2026-05-09T19:04:42.740+0000] {dagbag.py:588} INFO - Filling up the DagBag from /home/ec2-user/environment/lab4_model_training/venv/lib64/python3.12/site-packages/airflow/example_dags/example_skip_dag.py
[2026-05-09T19:04:42.747+0000] {processor.py:925} INFO - DAG(s) 'example_skip_dag' retrieved from /home/ec2-user/environment/lab4_model_training/venv/lib64/python3.12/site-packages/airflow/example_dags/example_skip_dag.py
[2026-05-09T19:04:42.760+0000] {logging_mixin.py:190} INFO - [2026-05-09T19:04:42.760+0000] {dag.py:3239} INFO - Sync 1 DAGs
[2026-05-09T19:04:42.775+0000] {logging_mixin.py:190} INFO - [2026-05-09T19:04:42.775+0000] {dag.py:4180} INFO - Setting next_dagrun for example_skip_dag to 2026-05-08 00:00:00+00:00, run_after=2026-05-09 00:00:00+00:00
[2026-05-09T19:04:42.793+0000] {processor.py:208} INFO - Processing /home/ec2-user/environment/lab4_model_training/venv/lib64/python3.12/site-packages/airflow/example_dags/example_skip_dag.py took 0.060 seconds
[2026-05-09T19:05:43.299+0000] {processor.py:186} INFO - Started process (PID=22542) to work on /home/ec2-user/environment/lab4_model_training/venv/lib64/python3.12/site-packages/airflow/example_dags/example_skip_dag.py
[2026-05-09T19:05:43.300+0000] {processor.py:914} INFO - Processing file /home/ec2-user/environment/lab4_model_training/venv/lib64/python3.12/site-packages/airflow/example_dags/example_skip_dag.py for tasks to queue
[2026-05-09T19:05:43.302+0000] {logging_mixin.py:190} INFO - [2026-05-09T19:05:43.302+0000] {dagbag.py:588} INFO - Filling up the DagBag from /home/ec2-user/environment/lab4_model_training/venv/lib64/python3.12/site-packages/airflow/example_dags/example_skip_dag.py
[2026-05-09T19:05:43.309+0000] {processor.py:925} INFO - DAG(s) 'example_skip_dag' retrieved from /home/ec2-user/environment/lab4_model_training/venv/lib64/python3.12/site-packages/airflow/example_dags/example_skip_dag.py
[2026-05-09T19:05:43.321+0000] {logging_mixin.py:190} INFO - [2026-05-09T19:05:43.321+0000] {dag.py:3239} INFO - Sync 1 DAGs
[2026-05-09T19:05:43.337+0000] {logging_mixin.py:190} INFO - [2026-05-09T19:05:43.337+0000] {dag.py:4180} INFO - Setting next_dagrun for example_skip_dag to 2026-05-08 00:00:00+00:00, run_after=2026-05-09 00:00:00+00:00
[2026-05-09T19:05:43.355+0000] {processor.py:208} INFO - Processing /home/ec2-user/environment/lab4_model_training/venv/lib64/python3.12/site-packages/airflow/example_dags/example_skip_dag.py took 0.061 seconds
[2026-05-09T19:06:48.944+0000] {processor.py:186} INFO - Started process (PID=22885) to work on /home/ec2-user/environment/lab4_model_training/venv/lib64/python3.12/site-packages/airflow/example_dags/example_skip_dag.py
[2026-05-09T19:06:48.945+0000] {processor.py:914} INFO - Processing file /home/ec2-user/environment/lab4_model_training/venv/lib64/python3.12/site-packages/airflow/example_dags/example_skip_dag.py for tasks to queue
[2026-05-09T19:06:48.947+0000] {logging_mixin.py:190} INFO - [2026-05-09T19:06:48.946+0000] {dagbag.py:588} INFO - Filling up the DagBag from /home/ec2-user/environment/lab4_model_training/venv/lib64/python3.12/site-packages/airflow/example_dags/example_skip_dag.py
[2026-05-09T19:06:48.955+0000] {processor.py:925} INFO - DAG(s) 'example_skip_dag' retrieved from /home/ec2-user/environment/lab4_model_training/venv/lib64/python3.12/site-packages/airflow/example_dags/example_skip_dag.py
[2026-05-09T19:06:48.968+0000] {logging_mixin.py:190} INFO - [2026-05-09T19:06:48.968+0000] {dag.py:3239} INFO - Sync 1 DAGs
[2026-05-09T19:06:48.984+0000] {logging_mixin.py:190} INFO - [2026-05-09T19:06:48.984+0000] {dag.py:4180} INFO - Setting next_dagrun for example_skip_dag to 2026-05-08 00:00:00+00:00, run_after=2026-05-09 00:00:00+00:00
[2026-05-09T19:06:49.002+0000] {processor.py:208} INFO - Processing /home/ec2-user/environment/lab4_model_training/venv/lib64/python3.12/site-packages/airflow/example_dags/example_skip_dag.py took 0.063 seconds
[2026-05-09T19:07:53.788+0000] {processor.py:186} INFO - Started process (PID=23182) to work on /home/ec2-user/environment/lab4_model_training/venv/lib64/python3.12/site-packages/airflow/example_dags/example_skip_dag.py
[2026-05-09T19:07:53.789+0000] {processor.py:914} INFO - Processing file /home/ec2-user/environment/lab4_model_training/venv/lib64/python3.12/site-packages/airflow/example_dags/example_skip_dag.py for tasks to queue
[2026-05-09T19:07:53.791+0000] {logging_mixin.py:190} INFO - [2026-05-09T19:07:53.791+0000] {dagbag.py:588} INFO - Filling up the DagBag from /home/ec2-user/environment/lab4_model_training/venv/lib64/python3.12/site-packages/airflow/example_dags/example_skip_dag.py
[2026-05-09T19:07:53.798+0000] {processor.py:925} INFO - DAG(s) 'example_skip_dag' retrieved from /home/ec2-user/environment/lab4_model_training/venv/lib64/python3.12/site-packages/airflow/example_dags/example_skip_dag.py
[2026-05-09T19:07:53.810+0000] {logging_mixin.py:190} INFO - [2026-05-09T19:07:53.810+0000] {dag.py:3239} INFO - Sync 1 DAGs
[2026-05-09T19:07:53.825+0000] {logging_mixin.py:190} INFO - [2026-05-09T19:07:53.825+0000] {dag.py:4180} INFO - Setting next_dagrun for example_skip_dag to 2026-05-08 00:00:00+00:00, run_after=2026-05-09 00:00:00+00:00
[2026-05-09T19:07:53.843+0000] {processor.py:208} INFO - Processing /home/ec2-user/environment/lab4_model_training/venv/lib64/python3.12/site-packages/airflow/example_dags/example_skip_dag.py took 0.059 seconds
[2026-05-09T19:08:57.105+0000] {processor.py:186} INFO - Started process (PID=23534) to work on /home/ec2-user/environment/lab4_model_training/venv/lib64/python3.12/site-packages/airflow/example_dags/example_skip_dag.py
[2026-05-09T19:08:57.106+0000] {processor.py:914} INFO - Processing file /home/ec2-user/environment/lab4_model_training/venv/lib64/python3.12/site-packages/airflow/example_dags/example_skip_dag.py for tasks to queue
[2026-05-09T19:08:57.108+0000] {logging_mixin.py:190} INFO - [2026-05-09T19:08:57.108+0000] {dagbag.py:588} INFO - Filling up the DagBag from /home/ec2-user/environment/lab4_model_training/venv/lib64/python3.12/site-packages/airflow/example_dags/example_skip_dag.py
[2026-05-09T19:08:57.116+0000] {processor.py:925} INFO - DAG(s) 'example_skip_dag' retrieved from /home/ec2-user/environment/lab4_model_training/venv/lib64/python3.12/site-packages/airflow/example_dags/example_skip_dag.py
[2026-05-09T19:08:57.132+0000] {logging_mixin.py:190} INFO - [2026-05-09T19:08:57.132+0000] {dag.py:3239} INFO - Sync 1 DAGs
[2026-05-09T19:08:57.148+0000] {logging_mixin.py:190} INFO - [2026-05-09T19:08:57.148+0000] {dag.py:4180} INFO - Setting next_dagrun for example_skip_dag to 2026-05-08 00:00:00+00:00, run_after=2026-05-09 00:00:00+00:00
[2026-05-09T19:08:57.168+0000] {processor.py:208} INFO - Processing /home/ec2-user/environment/lab4_model_training/venv/lib64/python3.12/site-packages/airflow/example_dags/example_skip_dag.py took 0.068 seconds
[2026-05-09T19:10:02.986+0000] {processor.py:186} INFO - Started process (PID=23869) to work on /home/ec2-user/environment/lab4_model_training/venv/lib64/python3.12/site-packages/airflow/example_dags/example_skip_dag.py
[2026-05-09T19:10:02.987+0000] {processor.py:914} INFO - Processing file /home/ec2-user/environment/lab4_model_training/venv/lib64/python3.12/site-packages/airflow/example_dags/example_skip_dag.py for tasks to queue
[2026-05-09T19:10:02.989+0000] {logging_mixin.py:190} INFO - [2026-05-09T19:10:02.989+0000] {dagbag.py:588} INFO - Filling up the DagBag from /home/ec2-user/environment/lab4_model_training/venv/lib64/python3.12/site-packages/airflow/example_dags/example_skip_dag.py
[2026-05-09T19:10:02.996+0000] {processor.py:925} INFO - DAG(s) 'example_skip_dag' retrieved from /home/ec2-user/environment/lab4_model_training/venv/lib64/python3.12/site-packages/airflow/example_dags/example_skip_dag.py
[2026-05-09T19:10:03.009+0000] {logging_mixin.py:190} INFO - [2026-05-09T19:10:03.009+0000] {dag.py:3239} INFO - Sync 1 DAGs
[2026-05-09T19:10:03.025+0000] {logging_mixin.py:190} INFO - [2026-05-09T19:10:03.025+0000] {dag.py:4180} INFO - Setting next_dagrun for example_skip_dag to 2026-05-08 00:00:00+00:00, run_after=2026-05-09 00:00:00+00:00
[2026-05-09T19:10:03.043+0000] {processor.py:208} INFO - Processing /home/ec2-user/environment/lab4_model_training/venv/lib64/python3.12/site-packages/airflow/example_dags/example_skip_dag.py took 0.061 seconds
[2026-05-09T19:11:09.277+0000] {processor.py:186} INFO - Started process (PID=24271) to work on /home/ec2-user/environment/lab4_model_training/venv/lib64/python3.12/site-packages/airflow/example_dags/example_skip_dag.py
[2026-05-09T19:11:09.278+0000] {processor.py:914} INFO - Processing file /home/ec2-user/environment/lab4_model_training/venv/lib64/python3.12/site-packages/airflow/example_dags/example_skip_dag.py for tasks to queue
[2026-05-09T19:11:09.279+0000] {logging_mixin.py:190} INFO - [2026-05-09T19:11:09.279+0000] {dagbag.py:588} INFO - Filling up the DagBag from /home/ec2-user/environment/lab4_model_training/venv/lib64/python3.12/site-packages/airflow/example_dags/example_skip_dag.py
[2026-05-09T19:11:09.286+0000] {processor.py:925} INFO - DAG(s) 'example_skip_dag' retrieved from /home/ec2-user/environment/lab4_model_training/venv/lib64/python3.12/site-packages/airflow/example_dags/example_skip_dag.py
[2026-05-09T19:11:09.299+0000] {logging_mixin.py:190} INFO - [2026-05-09T19:11:09.299+0000] {dag.py:3239} INFO - Sync 1 DAGs
[2026-05-09T19:11:09.314+0000] {logging_mixin.py:190} INFO - [2026-05-09T19:11:09.314+0000] {dag.py:4180} INFO - Setting next_dagrun for example_skip_dag to 2026-05-08 00:00:00+00:00, run_after=2026-05-09 00:00:00+00:00
[2026-05-09T19:11:09.333+0000] {processor.py:208} INFO - Processing /home/ec2-user/environment/lab4_model_training/venv/lib64/python3.12/site-packages/airflow/example_dags/example_skip_dag.py took 0.061 seconds
[2026-05-09T19:12:17.912+0000] {processor.py:186} INFO - Started process (PID=24600) to work on /home/ec2-user/environment/lab4_model_training/venv/lib64/python3.12/site-packages/airflow/example_dags/example_skip_dag.py
[2026-05-09T19:12:17.914+0000] {processor.py:914} INFO - Processing file /home/ec2-user/environment/lab4_model_training/venv/lib64/python3.12/site-packages/airflow/example_dags/example_skip_dag.py for tasks to queue
[2026-05-09T19:12:17.915+0000] {logging_mixin.py:190} INFO - [2026-05-09T19:12:17.915+0000] {dagbag.py:588} INFO - Filling up the DagBag from /home/ec2-user/environment/lab4_model_training/venv/lib64/python3.12/site-packages/airflow/example_dags/example_skip_dag.py
[2026-05-09T19:12:17.922+0000] {processor.py:925} INFO - DAG(s) 'example_skip_dag' retrieved from /home/ec2-user/environment/lab4_model_training/venv/lib64/python3.12/site-packages/airflow/example_dags/example_skip_dag.py
[2026-05-09T19:12:17.934+0000] {logging_mixin.py:190} INFO - [2026-05-09T19:12:17.934+0000] {dag.py:3239} INFO - Sync 1 DAGs
[2026-05-09T19:12:17.950+0000] {logging_mixin.py:190} INFO - [2026-05-09T19:12:17.950+0000] {dag.py:4180} INFO - Setting next_dagrun for example_skip_dag to 2026-05-08 00:00:00+00:00, run_after=2026-05-09 00:00:00+00:00
[2026-05-09T19:12:17.968+0000] {processor.py:208} INFO - Processing /home/ec2-user/environment/lab4_model_training/venv/lib64/python3.12/site-packages/airflow/example_dags/example_skip_dag.py took 0.060 seconds
[2026-05-09T19:13:22.903+0000] {processor.py:186} INFO - Started process (PID=24997) to work on /home/ec2-user/environment/lab4_model_training/venv/lib64/python3.12/site-packages/airflow/example_dags/example_skip_dag.py
[2026-05-09T19:13:22.904+0000] {processor.py:914} INFO - Processing file /home/ec2-user/environment/lab4_model_training/venv/lib64/python3.12/site-packages/airflow/example_dags/example_skip_dag.py for tasks to queue
[2026-05-09T19:13:22.906+0000] {logging_mixin.py:190} INFO - [2026-05-09T19:13:22.906+0000] {dagbag.py:588} INFO - Filling up the DagBag from /home/ec2-user/environment/lab4_model_training/venv/lib64/python3.12/site-packages/airflow/example_dags/example_skip_dag.py
[2026-05-09T19:13:22.914+0000] {processor.py:925} INFO - DAG(s) 'example_skip_dag' retrieved from /home/ec2-user/environment/lab4_model_training/venv/lib64/python3.12/site-packages/airflow/example_dags/example_skip_dag.py
[2026-05-09T19:13:22.931+0000] {logging_mixin.py:190} INFO - [2026-05-09T19:13:22.931+0000] {dag.py:3239} INFO - Sync 1 DAGs
[2026-05-09T19:13:22.948+0000] {logging_mixin.py:190} INFO - [2026-05-09T19:13:22.947+0000] {dag.py:4180} INFO - Setting next_dagrun for example_skip_dag to 2026-05-08 00:00:00+00:00, run_after=2026-05-09 00:00:00+00:00
[2026-05-09T19:13:22.967+0000] {processor.py:208} INFO - Processing /home/ec2-user/environment/lab4_model_training/venv/lib64/python3.12/site-packages/airflow/example_dags/example_skip_dag.py took 0.069 seconds
[2026-05-09T19:14:27.724+0000] {processor.py:186} INFO - Started process (PID=25364) to work on /home/ec2-user/environment/lab4_model_training/venv/lib64/python3.12/site-packages/airflow/example_dags/example_skip_dag.py
[2026-05-09T19:14:27.725+0000] {processor.py:914} INFO - Processing file /home/ec2-user/environment/lab4_model_training/venv/lib64/python3.12/site-packages/airflow/example_dags/example_skip_dag.py for tasks to queue
[2026-05-09T19:14:27.727+0000] {logging_mixin.py:190} INFO - [2026-05-09T19:14:27.726+0000] {dagbag.py:588} INFO - Filling up the DagBag from /home/ec2-user/environment/lab4_model_training/venv/lib64/python3.12/site-packages/airflow/example_dags/example_skip_dag.py
[2026-05-09T19:14:27.733+0000] {processor.py:925} INFO - DAG(s) 'example_skip_dag' retrieved from /home/ec2-user/environment/lab4_model_training/venv/lib64/python3.12/site-packages/airflow/example_dags/example_skip_dag.py
[2026-05-09T19:14:27.747+0000] {logging_mixin.py:190} INFO - [2026-05-09T19:14:27.746+0000] {dag.py:3239} INFO - Sync 1 DAGs
[2026-05-09T19:14:27.762+0000] {logging_mixin.py:190} INFO - [2026-05-09T19:14:27.762+0000] {dag.py:4180} INFO - Setting next_dagrun for example_skip_dag to 2026-05-08 00:00:00+00:00, run_after=2026-05-09 00:00:00+00:00
[2026-05-09T19:14:27.779+0000] {processor.py:208} INFO - Processing /home/ec2-user/environment/lab4_model_training/venv/lib64/python3.12/site-packages/airflow/example_dags/example_skip_dag.py took 0.060 seconds
[2026-05-09T19:15:35.538+0000] {processor.py:186} INFO - Started process (PID=25658) to work on /home/ec2-user/environment/lab4_model_training/venv/lib64/python3.12/site-packages/airflow/example_dags/example_skip_dag.py
[2026-05-09T19:15:35.539+0000] {processor.py:914} INFO - Processing file /home/ec2-user/environment/lab4_model_training/venv/lib64/python3.12/site-packages/airflow/example_dags/example_skip_dag.py for tasks to queue
[2026-05-09T19:15:35.541+0000] {logging_mixin.py:190} INFO - [2026-05-09T19:15:35.540+0000] {dagbag.py:588} INFO - Filling up the DagBag from /home/ec2-user/environment/lab4_model_training/venv/lib64/python3.12/site-packages/airflow/example_dags/example_skip_dag.py
[2026-05-09T19:15:35.549+0000] {processor.py:925} INFO - DAG(s) 'example_skip_dag' retrieved from /home/ec2-user/environment/lab4_model_training/venv/lib64/python3.12/site-packages/airflow/example_dags/example_skip_dag.py
[2026-05-09T19:15:35.564+0000] {logging_mixin.py:190} INFO - [2026-05-09T19:15:35.564+0000] {dag.py:3239} INFO - Sync 1 DAGs
[2026-05-09T19:15:35.581+0000] {logging_mixin.py:190} INFO - [2026-05-09T19:15:35.581+0000] {dag.py:4180} INFO - Setting next_dagrun for example_skip_dag to 2026-05-08 00:00:00+00:00, run_after=2026-05-09 00:00:00+00:00
[2026-05-09T19:15:35.600+0000] {processor.py:208} INFO - Processing /home/ec2-user/environment/lab4_model_training/venv/lib64/python3.12/site-packages/airflow/example_dags/example_skip_dag.py took 0.067 seconds
[2026-05-09T19:16:41.052+0000] {processor.py:186} INFO - Started process (PID=25942) to work on /home/ec2-user/environment/lab4_model_training/venv/lib64/python3.12/site-packages/airflow/example_dags/example_skip_dag.py
[2026-05-09T19:16:41.054+0000] {processor.py:914} INFO - Processing file /home/ec2-user/environment/lab4_model_training/venv/lib64/python3.12/site-packages/airflow/example_dags/example_skip_dag.py for tasks to queue
[2026-05-09T19:16:41.055+0000] {logging_mixin.py:190} INFO - [2026-05-09T19:16:41.055+0000] {dagbag.py:588} INFO - Filling up the DagBag from /home/ec2-user/environment/lab4_model_training/venv/lib64/python3.12/site-packages/airflow/example_dags/example_skip_dag.py
[2026-05-09T19:16:41.062+0000] {processor.py:925} INFO - DAG(s) 'example_skip_dag' retrieved from /home/ec2-user/environment/lab4_model_training/venv/lib64/python3.12/site-packages/airflow/example_dags/example_skip_dag.py
[2026-05-09T19:16:41.075+0000] {logging_mixin.py:190} INFO - [2026-05-09T19:16:41.075+0000] {dag.py:3239} INFO - Sync 1 DAGs
[2026-05-09T19:16:41.090+0000] {logging_mixin.py:190} INFO - [2026-05-09T19:16:41.090+0000] {dag.py:4180} INFO - Setting next_dagrun for example_skip_dag to 2026-05-08 00:00:00+00:00, run_after=2026-05-09 00:00:00+00:00
[2026-05-09T19:16:41.108+0000] {processor.py:208} INFO - Processing /home/ec2-user/environment/lab4_model_training/venv/lib64/python3.12/site-packages/airflow/example_dags/example_skip_dag.py took 0.060 seconds
[2026-05-09T19:17:47.220+0000] {processor.py:186} INFO - Started process (PID=26364) to work on /home/ec2-user/environment/lab4_model_training/venv/lib64/python3.12/site-packages/airflow/example_dags/example_skip_dag.py
[2026-05-09T19:17:47.221+0000] {processor.py:914} INFO - Processing file /home/ec2-user/environment/lab4_model_training/venv/lib64/python3.12/site-packages/airflow/example_dags/example_skip_dag.py for tasks to queue
[2026-05-09T19:17:47.223+0000] {logging_mixin.py:190} INFO - [2026-05-09T19:17:47.222+0000] {dagbag.py:588} INFO - Filling up the DagBag from /home/ec2-user/environment/lab4_model_training/venv/lib64/python3.12/site-packages/airflow/example_dags/example_skip_dag.py
[2026-05-09T19:17:47.230+0000] {processor.py:925} INFO - DAG(s) 'example_skip_dag' retrieved from /home/ec2-user/environment/lab4_model_training/venv/lib64/python3.12/site-packages/airflow/example_dags/example_skip_dag.py
[2026-05-09T19:17:47.242+0000] {logging_mixin.py:190} INFO - [2026-05-09T19:17:47.242+0000] {dag.py:3239} INFO - Sync 1 DAGs
[2026-05-09T19:17:47.258+0000] {logging_mixin.py:190} INFO - [2026-05-09T19:17:47.258+0000] {dag.py:4180} INFO - Setting next_dagrun for example_skip_dag to 2026-05-08 00:00:00+00:00, run_after=2026-05-09 00:00:00+00:00
[2026-05-09T19:17:47.276+0000] {processor.py:208} INFO - Processing /home/ec2-user/environment/lab4_model_training/venv/lib64/python3.12/site-packages/airflow/example_dags/example_skip_dag.py took 0.060 seconds
[2026-05-09T19:18:50.788+0000] {processor.py:186} INFO - Started process (PID=26794) to work on /home/ec2-user/environment/lab4_model_training/venv/lib64/python3.12/site-packages/airflow/example_dags/example_skip_dag.py
[2026-05-09T19:18:50.789+0000] {processor.py:914} INFO - Processing file /home/ec2-user/environment/lab4_model_training/venv/lib64/python3.12/site-packages/airflow/example_dags/example_skip_dag.py for tasks to queue
[2026-05-09T19:18:50.791+0000] {logging_mixin.py:190} INFO - [2026-05-09T19:18:50.791+0000] {dagbag.py:588} INFO - Filling up the DagBag from /home/ec2-user/environment/lab4_model_training/venv/lib64/python3.12/site-packages/airflow/example_dags/example_skip_dag.py
[2026-05-09T19:18:50.800+0000] {processor.py:925} INFO - DAG(s) 'example_skip_dag' retrieved from /home/ec2-user/environment/lab4_model_training/venv/lib64/python3.12/site-packages/airflow/example_dags/example_skip_dag.py
[2026-05-09T19:18:50.816+0000] {logging_mixin.py:190} INFO - [2026-05-09T19:18:50.816+0000] {dag.py:3239} INFO - Sync 1 DAGs
[2026-05-09T19:18:50.833+0000] {logging_mixin.py:190} INFO - [2026-05-09T19:18:50.833+0000] {dag.py:4180} INFO - Setting next_dagrun for example_skip_dag to 2026-05-08 00:00:00+00:00, run_after=2026-05-09 00:00:00+00:00
[2026-05-09T19:18:50.853+0000] {processor.py:208} INFO - Processing /home/ec2-user/environment/lab4_model_training/venv/lib64/python3.12/site-packages/airflow/example_dags/example_skip_dag.py took 0.070 seconds
[2026-05-09T19:19:57.205+0000] {processor.py:186} INFO - Started process (PID=27206) to work on /home/ec2-user/environment/lab4_model_training/venv/lib64/python3.12/site-packages/airflow/example_dags/example_skip_dag.py
[2026-05-09T19:19:57.206+0000] {processor.py:914} INFO - Processing file /home/ec2-user/environment/lab4_model_training/venv/lib64/python3.12/site-packages/airflow/example_dags/example_skip_dag.py for tasks to queue
[2026-05-09T19:19:57.208+0000] {logging_mixin.py:190} INFO - [2026-05-09T19:19:57.208+0000] {dagbag.py:588} INFO - Filling up the DagBag from /home/ec2-user/environment/lab4_model_training/venv/lib64/python3.12/site-packages/airflow/example_dags/example_skip_dag.py
[2026-05-09T19:19:57.215+0000] {processor.py:925} INFO - DAG(s) 'example_skip_dag' retrieved from /home/ec2-user/environment/lab4_model_training/venv/lib64/python3.12/site-packages/airflow/example_dags/example_skip_dag.py
[2026-05-09T19:19:57.231+0000] {logging_mixin.py:190} INFO - [2026-05-09T19:19:57.231+0000] {dag.py:3239} INFO - Sync 1 DAGs
[2026-05-09T19:19:57.251+0000] {logging_mixin.py:190} INFO - [2026-05-09T19:19:57.251+0000] {dag.py:4180} INFO - Setting next_dagrun for example_skip_dag to 2026-05-08 00:00:00+00:00, run_after=2026-05-09 00:00:00+00:00
[2026-05-09T19:19:57.279+0000] {processor.py:208} INFO - Processing /home/ec2-user/environment/lab4_model_training/venv/lib64/python3.12/site-packages/airflow/example_dags/example_skip_dag.py took 0.079 seconds
[2026-05-09T19:21:03.449+0000] {processor.py:186} INFO - Started process (PID=27446) to work on /home/ec2-user/environment/lab4_model_training/venv/lib64/python3.12/site-packages/airflow/example_dags/example_skip_dag.py
[2026-05-09T19:21:03.450+0000] {processor.py:914} INFO - Processing file /home/ec2-user/environment/lab4_model_training/venv/lib64/python3.12/site-packages/airflow/example_dags/example_skip_dag.py for tasks to queue
[2026-05-09T19:21:03.452+0000] {logging_mixin.py:190} INFO - [2026-05-09T19:21:03.451+0000] {dagbag.py:588} INFO - Filling up the DagBag from /home/ec2-user/environment/lab4_model_training/venv/lib64/python3.12/site-packages/airflow/example_dags/example_skip_dag.py
[2026-05-09T19:21:03.459+0000] {processor.py:925} INFO - DAG(s) 'example_skip_dag' retrieved from /home/ec2-user/environment/lab4_model_training/venv/lib64/python3.12/site-packages/airflow/example_dags/example_skip_dag.py
[2026-05-09T19:21:03.472+0000] {logging_mixin.py:190} INFO - [2026-05-09T19:21:03.472+0000] {dag.py:3239} INFO - Sync 1 DAGs
[2026-05-09T19:21:03.488+0000] {logging_mixin.py:190} INFO - [2026-05-09T19:21:03.488+0000] {dag.py:4180} INFO - Setting next_dagrun for example_skip_dag to 2026-05-08 00:00:00+00:00, run_after=2026-05-09 00:00:00+00:00
[2026-05-09T19:21:03.506+0000] {processor.py:208} INFO - Processing /home/ec2-user/environment/lab4_model_training/venv/lib64/python3.12/site-packages/airflow/example_dags/example_skip_dag.py took 0.061 seconds
[2026-05-09T19:22:06.893+0000] {processor.py:186} INFO - Started process (PID=27657) to work on /home/ec2-user/environment/lab4_model_training/venv/lib64/python3.12/site-packages/airflow/example_dags/example_skip_dag.py
[2026-05-09T19:22:06.894+0000] {processor.py:914} INFO - Processing file /home/ec2-user/environment/lab4_model_training/venv/lib64/python3.12/site-packages/airflow/example_dags/example_skip_dag.py for tasks to queue
[2026-05-09T19:22:06.895+0000] {logging_mixin.py:190} INFO - [2026-05-09T19:22:06.895+0000] {dagbag.py:588} INFO - Filling up the DagBag from /home/ec2-user/environment/lab4_model_training/venv/lib64/python3.12/site-packages/airflow/example_dags/example_skip_dag.py
[2026-05-09T19:22:06.902+0000] {processor.py:925} INFO - DAG(s) 'example_skip_dag' retrieved from /home/ec2-user/environment/lab4_model_training/venv/lib64/python3.12/site-packages/airflow/example_dags/example_skip_dag.py
[2026-05-09T19:22:06.914+0000] {logging_mixin.py:190} INFO - [2026-05-09T19:22:06.914+0000] {dag.py:3239} INFO - Sync 1 DAGs
[2026-05-09T19:22:06.929+0000] {logging_mixin.py:190} INFO - [2026-05-09T19:22:06.929+0000] {dag.py:4180} INFO - Setting next_dagrun for example_skip_dag to 2026-05-08 00:00:00+00:00, run_after=2026-05-09 00:00:00+00:00
[2026-05-09T19:22:06.946+0000] {processor.py:208} INFO - Processing /home/ec2-user/environment/lab4_model_training/venv/lib64/python3.12/site-packages/airflow/example_dags/example_skip_dag.py took 0.058 seconds
[2026-05-09T19:23:16.676+0000] {processor.py:186} INFO - Started process (PID=27756) to work on /home/ec2-user/environment/lab4_model_training/venv/lib64/python3.12/site-packages/airflow/example_dags/example_skip_dag.py
[2026-05-09T19:23:16.677+0000] {processor.py:914} INFO - Processing file /home/ec2-user/environment/lab4_model_training/venv/lib64/python3.12/site-packages/airflow/example_dags/example_skip_dag.py for tasks to queue
[2026-05-09T19:23:16.679+0000] {logging_mixin.py:190} INFO - [2026-05-09T19:23:16.678+0000] {dagbag.py:588} INFO - Filling up the DagBag from /home/ec2-user/environment/lab4_model_training/venv/lib64/python3.12/site-packages/airflow/example_dags/example_skip_dag.py
[2026-05-09T19:23:16.685+0000] {processor.py:925} INFO - DAG(s) 'example_skip_dag' retrieved from /home/ec2-user/environment/lab4_model_training/venv/lib64/python3.12/site-packages/airflow/example_dags/example_skip_dag.py
[2026-05-09T19:23:16.698+0000] {logging_mixin.py:190} INFO - [2026-05-09T19:23:16.698+0000] {dag.py:3239} INFO - Sync 1 DAGs
[2026-05-09T19:23:16.713+0000] {logging_mixin.py:190} INFO - [2026-05-09T19:23:16.713+0000] {dag.py:4180} INFO - Setting next_dagrun for example_skip_dag to 2026-05-08 00:00:00+00:00, run_after=2026-05-09 00:00:00+00:00
[2026-05-09T19:23:16.731+0000] {processor.py:208} INFO - Processing /home/ec2-user/environment/lab4_model_training/venv/lib64/python3.12/site-packages/airflow/example_dags/example_skip_dag.py took 0.059 seconds
[2026-05-09T19:24:21.705+0000] {processor.py:186} INFO - Started process (PID=27894) to work on /home/ec2-user/environment/lab4_model_training/venv/lib64/python3.12/site-packages/airflow/example_dags/example_skip_dag.py
[2026-05-09T19:24:21.706+0000] {processor.py:914} INFO - Processing file /home/ec2-user/environment/lab4_model_training/venv/lib64/python3.12/site-packages/airflow/example_dags/example_skip_dag.py for tasks to queue
[2026-05-09T19:24:21.708+0000] {logging_mixin.py:190} INFO - [2026-05-09T19:24:21.708+0000] {dagbag.py:588} INFO - Filling up the DagBag from /home/ec2-user/environment/lab4_model_training/venv/lib64/python3.12/site-packages/airflow/example_dags/example_skip_dag.py
[2026-05-09T19:24:21.714+0000] {processor.py:925} INFO - DAG(s) 'example_skip_dag' retrieved from /home/ec2-user/environment/lab4_model_training/venv/lib64/python3.12/site-packages/airflow/example_dags/example_skip_dag.py
[2026-05-09T19:24:21.727+0000] {logging_mixin.py:190} INFO - [2026-05-09T19:24:21.727+0000] {dag.py:3239} INFO - Sync 1 DAGs
[2026-05-09T19:24:21.742+0000] {logging_mixin.py:190} INFO - [2026-05-09T19:24:21.742+0000] {dag.py:4180} INFO - Setting next_dagrun for example_skip_dag to 2026-05-08 00:00:00+00:00, run_after=2026-05-09 00:00:00+00:00
[2026-05-09T19:24:21.759+0000] {processor.py:208} INFO - Processing /home/ec2-user/environment/lab4_model_training/venv/lib64/python3.12/site-packages/airflow/example_dags/example_skip_dag.py took 0.058 seconds
[2026-05-09T19:25:23.366+0000] {processor.py:186} INFO - Started process (PID=28025) to work on /home/ec2-user/environment/lab4_model_training/venv/lib64/python3.12/site-packages/airflow/example_dags/example_skip_dag.py
[2026-05-09T19:25:23.368+0000] {processor.py:914} INFO - Processing file /home/ec2-user/environment/lab4_model_training/venv/lib64/python3.12/site-packages/airflow/example_dags/example_skip_dag.py for tasks to queue
[2026-05-09T19:25:23.369+0000] {logging_mixin.py:190} INFO - [2026-05-09T19:25:23.369+0000] {dagbag.py:588} INFO - Filling up the DagBag from /home/ec2-user/environment/lab4_model_training/venv/lib64/python3.12/site-packages/airflow/example_dags/example_skip_dag.py
[2026-05-09T19:25:23.375+0000] {processor.py:925} INFO - DAG(s) 'example_skip_dag' retrieved from /home/ec2-user/environment/lab4_model_training/venv/lib64/python3.12/site-packages/airflow/example_dags/example_skip_dag.py
[2026-05-09T19:25:23.388+0000] {logging_mixin.py:190} INFO - [2026-05-09T19:25:23.387+0000] {dag.py:3239} INFO - Sync 1 DAGs
[2026-05-09T19:25:23.402+0000] {logging_mixin.py:190} INFO - [2026-05-09T19:25:23.402+0000] {dag.py:4180} INFO - Setting next_dagrun for example_skip_dag to 2026-05-08 00:00:00+00:00, run_after=2026-05-09 00:00:00+00:00
[2026-05-09T19:25:23.419+0000] {processor.py:208} INFO - Processing /home/ec2-user/environment/lab4_model_training/venv/lib64/python3.12/site-packages/airflow/example_dags/example_skip_dag.py took 0.057 seconds
[2026-05-09T19:26:25.360+0000] {processor.py:186} INFO - Started process (PID=28108) to work on /home/ec2-user/environment/lab4_model_training/venv/lib64/python3.12/site-packages/airflow/example_dags/example_skip_dag.py
[2026-05-09T19:26:25.361+0000] {processor.py:914} INFO - Processing file /home/ec2-user/environment/lab4_model_training/venv/lib64/python3.12/site-packages/airflow/example_dags/example_skip_dag.py for tasks to queue
[2026-05-09T19:26:25.362+0000] {logging_mixin.py:190} INFO - [2026-05-09T19:26:25.362+0000] {dagbag.py:588} INFO - Filling up the DagBag from /home/ec2-user/environment/lab4_model_training/venv/lib64/python3.12/site-packages/airflow/example_dags/example_skip_dag.py
[2026-05-09T19:26:25.369+0000] {processor.py:925} INFO - DAG(s) 'example_skip_dag' retrieved from /home/ec2-user/environment/lab4_model_training/venv/lib64/python3.12/site-packages/airflow/example_dags/example_skip_dag.py
[2026-05-09T19:26:25.382+0000] {logging_mixin.py:190} INFO - [2026-05-09T19:26:25.382+0000] {dag.py:3239} INFO - Sync 1 DAGs
[2026-05-09T19:26:25.397+0000] {logging_mixin.py:190} INFO - [2026-05-09T19:26:25.397+0000] {dag.py:4180} INFO - Setting next_dagrun for example_skip_dag to 2026-05-08 00:00:00+00:00, run_after=2026-05-09 00:00:00+00:00
[2026-05-09T19:26:25.415+0000] {processor.py:208} INFO - Processing /home/ec2-user/environment/lab4_model_training/venv/lib64/python3.12/site-packages/airflow/example_dags/example_skip_dag.py took 0.060 seconds
[2026-05-09T19:27:25.756+0000] {processor.py:186} INFO - Started process (PID=28241) to work on /home/ec2-user/environment/lab4_model_training/venv/lib64/python3.12/site-packages/airflow/example_dags/example_skip_dag.py
[2026-05-09T19:27:25.758+0000] {processor.py:914} INFO - Processing file /home/ec2-user/environment/lab4_model_training/venv/lib64/python3.12/site-packages/airflow/example_dags/example_skip_dag.py for tasks to queue
[2026-05-09T19:27:25.759+0000] {logging_mixin.py:190} INFO - [2026-05-09T19:27:25.759+0000] {dagbag.py:588} INFO - Filling up the DagBag from /home/ec2-user/environment/lab4_model_training/venv/lib64/python3.12/site-packages/airflow/example_dags/example_skip_dag.py
[2026-05-09T19:27:25.765+0000] {processor.py:925} INFO - DAG(s) 'example_skip_dag' retrieved from /home/ec2-user/environment/lab4_model_training/venv/lib64/python3.12/site-packages/airflow/example_dags/example_skip_dag.py
[2026-05-09T19:27:25.778+0000] {logging_mixin.py:190} INFO - [2026-05-09T19:27:25.778+0000] {dag.py:3239} INFO - Sync 1 DAGs
[2026-05-09T19:27:25.793+0000] {logging_mixin.py:190} INFO - [2026-05-09T19:27:25.793+0000] {dag.py:4180} INFO - Setting next_dagrun for example_skip_dag to 2026-05-08 00:00:00+00:00, run_after=2026-05-09 00:00:00+00:00
[2026-05-09T19:27:25.810+0000] {processor.py:208} INFO - Processing /home/ec2-user/environment/lab4_model_training/venv/lib64/python3.12/site-packages/airflow/example_dags/example_skip_dag.py took 0.058 seconds
[2026-05-09T19:28:28.277+0000] {processor.py:186} INFO - Started process (PID=28331) to work on /home/ec2-user/environment/lab4_model_training/venv/lib64/python3.12/site-packages/airflow/example_dags/example_skip_dag.py
[2026-05-09T19:28:28.278+0000] {processor.py:914} INFO - Processing file /home/ec2-user/environment/lab4_model_training/venv/lib64/python3.12/site-packages/airflow/example_dags/example_skip_dag.py for tasks to queue
[2026-05-09T19:28:28.280+0000] {logging_mixin.py:190} INFO - [2026-05-09T19:28:28.280+0000] {dagbag.py:588} INFO - Filling up the DagBag from /home/ec2-user/environment/lab4_model_training/venv/lib64/python3.12/site-packages/airflow/example_dags/example_skip_dag.py
[2026-05-09T19:28:28.286+0000] {processor.py:925} INFO - DAG(s) 'example_skip_dag' retrieved from /home/ec2-user/environment/lab4_model_training/venv/lib64/python3.12/site-packages/airflow/example_dags/example_skip_dag.py
[2026-05-09T19:28:28.299+0000] {logging_mixin.py:190} INFO - [2026-05-09T19:28:28.299+0000] {dag.py:3239} INFO - Sync 1 DAGs
[2026-05-09T19:28:28.314+0000] {logging_mixin.py:190} INFO - [2026-05-09T19:28:28.314+0000] {dag.py:4180} INFO - Setting next_dagrun for example_skip_dag to 2026-05-08 00:00:00+00:00, run_after=2026-05-09 00:00:00+00:00
[2026-05-09T19:28:28.331+0000] {processor.py:208} INFO - Processing /home/ec2-user/environment/lab4_model_training/venv/lib64/python3.12/site-packages/airflow/example_dags/example_skip_dag.py took 0.058 seconds
[2026-05-09T19:29:27.238+0000] {processor.py:186} INFO - Started process (PID=28461) to work on /home/ec2-user/environment/lab4_model_training/venv/lib64/python3.12/site-packages/airflow/example_dags/example_skip_dag.py
[2026-05-09T19:29:27.239+0000] {processor.py:914} INFO - Processing file /home/ec2-user/environment/lab4_model_training/venv/lib64/python3.12/site-packages/airflow/example_dags/example_skip_dag.py for tasks to queue
[2026-05-09T19:29:27.240+0000] {logging_mixin.py:190} INFO - [2026-05-09T19:29:27.240+0000] {dagbag.py:588} INFO - Filling up the DagBag from /home/ec2-user/environment/lab4_model_training/venv/lib64/python3.12/site-packages/airflow/example_dags/example_skip_dag.py
[2026-05-09T19:29:27.247+0000] {processor.py:925} INFO - DAG(s) 'example_skip_dag' retrieved from /home/ec2-user/environment/lab4_model_training/venv/lib64/python3.12/site-packages/airflow/example_dags/example_skip_dag.py
[2026-05-09T19:29:27.260+0000] {logging_mixin.py:190} INFO - [2026-05-09T19:29:27.260+0000] {dag.py:3239} INFO - Sync 1 DAGs
[2026-05-09T19:29:27.275+0000] {logging_mixin.py:190} INFO - [2026-05-09T19:29:27.275+0000] {dag.py:4180} INFO - Setting next_dagrun for example_skip_dag to 2026-05-08 00:00:00+00:00, run_after=2026-05-09 00:00:00+00:00
[2026-05-09T19:29:27.292+0000] {processor.py:208} INFO - Processing /home/ec2-user/environment/lab4_model_training/venv/lib64/python3.12/site-packages/airflow/example_dags/example_skip_dag.py took 0.059 seconds
[2026-05-09T19:30:32.168+0000] {processor.py:186} INFO - Started process (PID=29093) to work on /home/ec2-user/environment/lab4_model_training/venv/lib64/python3.12/site-packages/airflow/example_dags/example_skip_dag.py
[2026-05-09T19:30:32.169+0000] {processor.py:914} INFO - Processing file /home/ec2-user/environment/lab4_model_training/venv/lib64/python3.12/site-packages/airflow/example_dags/example_skip_dag.py for tasks to queue
[2026-05-09T19:30:32.171+0000] {logging_mixin.py:190} INFO - [2026-05-09T19:30:32.171+0000] {dagbag.py:588} INFO - Filling up the DagBag from /home/ec2-user/environment/lab4_model_training/venv/lib64/python3.12/site-packages/airflow/example_dags/example_skip_dag.py
[2026-05-09T19:30:32.178+0000] {processor.py:925} INFO - DAG(s) 'example_skip_dag' retrieved from /home/ec2-user/environment/lab4_model_training/venv/lib64/python3.12/site-packages/airflow/example_dags/example_skip_dag.py
[2026-05-09T19:30:32.192+0000] {logging_mixin.py:190} INFO - [2026-05-09T19:30:32.192+0000] {dag.py:3239} INFO - Sync 1 DAGs
[2026-05-09T19:30:32.211+0000] {logging_mixin.py:190} INFO - [2026-05-09T19:30:32.211+0000] {dag.py:4180} INFO - Setting next_dagrun for example_skip_dag to 2026-05-08 00:00:00+00:00, run_after=2026-05-09 00:00:00+00:00
[2026-05-09T19:30:32.229+0000] {processor.py:208} INFO - Processing /home/ec2-user/environment/lab4_model_training/venv/lib64/python3.12/site-packages/airflow/example_dags/example_skip_dag.py took 0.065 seconds
[2026-05-09T19:31:36.911+0000] {processor.py:186} INFO - Started process (PID=29585) to work on /home/ec2-user/environment/lab4_model_training/venv/lib64/python3.12/site-packages/airflow/example_dags/example_skip_dag.py
[2026-05-09T19:31:36.912+0000] {processor.py:914} INFO - Processing file /home/ec2-user/environment/lab4_model_training/venv/lib64/python3.12/site-packages/airflow/example_dags/example_skip_dag.py for tasks to queue
[2026-05-09T19:31:36.914+0000] {logging_mixin.py:190} INFO - [2026-05-09T19:31:36.914+0000] {dagbag.py:588} INFO - Filling up the DagBag from /home/ec2-user/environment/lab4_model_training/venv/lib64/python3.12/site-packages/airflow/example_dags/example_skip_dag.py
[2026-05-09T19:31:36.923+0000] {processor.py:925} INFO - DAG(s) 'example_skip_dag' retrieved from /home/ec2-user/environment/lab4_model_training/venv/lib64/python3.12/site-packages/airflow/example_dags/example_skip_dag.py
[2026-05-09T19:31:36.941+0000] {logging_mixin.py:190} INFO - [2026-05-09T19:31:36.940+0000] {dag.py:3239} INFO - Sync 1 DAGs
[2026-05-09T19:31:36.960+0000] {logging_mixin.py:190} INFO - [2026-05-09T19:31:36.960+0000] {dag.py:4180} INFO - Setting next_dagrun for example_skip_dag to 2026-05-08 00:00:00+00:00, run_after=2026-05-09 00:00:00+00:00
[2026-05-09T19:31:36.980+0000] {processor.py:208} INFO - Processing /home/ec2-user/environment/lab4_model_training/venv/lib64/python3.12/site-packages/airflow/example_dags/example_skip_dag.py took 0.073 seconds
[2026-05-09T19:32:36.779+0000] {processor.py:186} INFO - Started process (PID=30002) to work on /home/ec2-user/environment/lab4_model_training/venv/lib64/python3.12/site-packages/airflow/example_dags/example_skip_dag.py
[2026-05-09T19:32:36.780+0000] {processor.py:914} INFO - Processing file /home/ec2-user/environment/lab4_model_training/venv/lib64/python3.12/site-packages/airflow/example_dags/example_skip_dag.py for tasks to queue
[2026-05-09T19:32:36.781+0000] {logging_mixin.py:190} INFO - [2026-05-09T19:32:36.781+0000] {dagbag.py:588} INFO - Filling up the DagBag from /home/ec2-user/environment/lab4_model_training/venv/lib64/python3.12/site-packages/airflow/example_dags/example_skip_dag.py
[2026-05-09T19:32:36.788+0000] {processor.py:925} INFO - DAG(s) 'example_skip_dag' retrieved from /home/ec2-user/environment/lab4_model_training/venv/lib64/python3.12/site-packages/airflow/example_dags/example_skip_dag.py
[2026-05-09T19:32:36.801+0000] {logging_mixin.py:190} INFO - [2026-05-09T19:32:36.801+0000] {dag.py:3239} INFO - Sync 1 DAGs
[2026-05-09T19:32:36.816+0000] {logging_mixin.py:190} INFO - [2026-05-09T19:32:36.816+0000] {dag.py:4180} INFO - Setting next_dagrun for example_skip_dag to 2026-05-08 00:00:00+00:00, run_after=2026-05-09 00:00:00+00:00
[2026-05-09T19:32:36.835+0000] {processor.py:208} INFO - Processing /home/ec2-user/environment/lab4_model_training/venv/lib64/python3.12/site-packages/airflow/example_dags/example_skip_dag.py took 0.061 seconds
[2026-05-09T19:33:43.312+0000] {processor.py:186} INFO - Started process (PID=30475) to work on /home/ec2-user/environment/lab4_model_training/venv/lib64/python3.12/site-packages/airflow/example_dags/example_skip_dag.py
[2026-05-09T19:33:43.313+0000] {processor.py:914} INFO - Processing file /home/ec2-user/environment/lab4_model_training/venv/lib64/python3.12/site-packages/airflow/example_dags/example_skip_dag.py for tasks to queue
[2026-05-09T19:33:43.315+0000] {logging_mixin.py:190} INFO - [2026-05-09T19:33:43.314+0000] {dagbag.py:588} INFO - Filling up the DagBag from /home/ec2-user/environment/lab4_model_training/venv/lib64/python3.12/site-packages/airflow/example_dags/example_skip_dag.py
[2026-05-09T19:33:43.322+0000] {processor.py:925} INFO - DAG(s) 'example_skip_dag' retrieved from /home/ec2-user/environment/lab4_model_training/venv/lib64/python3.12/site-packages/airflow/example_dags/example_skip_dag.py
[2026-05-09T19:33:43.335+0000] {logging_mixin.py:190} INFO - [2026-05-09T19:33:43.335+0000] {dag.py:3239} INFO - Sync 1 DAGs
[2026-05-09T19:33:43.351+0000] {logging_mixin.py:190} INFO - [2026-05-09T19:33:43.351+0000] {dag.py:4180} INFO - Setting next_dagrun for example_skip_dag to 2026-05-08 00:00:00+00:00, run_after=2026-05-09 00:00:00+00:00
[2026-05-09T19:33:43.370+0000] {processor.py:208} INFO - Processing /home/ec2-user/environment/lab4_model_training/venv/lib64/python3.12/site-packages/airflow/example_dags/example_skip_dag.py took 0.062 seconds
[2026-05-09T19:34:50.895+0000] {processor.py:186} INFO - Started process (PID=30858) to work on /home/ec2-user/environment/lab4_model_training/venv/lib64/python3.12/site-packages/airflow/example_dags/example_skip_dag.py
[2026-05-09T19:34:50.897+0000] {processor.py:914} INFO - Processing file /home/ec2-user/environment/lab4_model_training/venv/lib64/python3.12/site-packages/airflow/example_dags/example_skip_dag.py for tasks to queue
[2026-05-09T19:34:50.898+0000] {logging_mixin.py:190} INFO - [2026-05-09T19:34:50.898+0000] {dagbag.py:588} INFO - Filling up the DagBag from /home/ec2-user/environment/lab4_model_training/venv/lib64/python3.12/site-packages/airflow/example_dags/example_skip_dag.py
[2026-05-09T19:34:50.905+0000] {processor.py:925} INFO - DAG(s) 'example_skip_dag' retrieved from /home/ec2-user/environment/lab4_model_training/venv/lib64/python3.12/site-packages/airflow/example_dags/example_skip_dag.py
[2026-05-09T19:34:50.918+0000] {logging_mixin.py:190} INFO - [2026-05-09T19:34:50.918+0000] {dag.py:3239} INFO - Sync 1 DAGs
[2026-05-09T19:34:50.934+0000] {logging_mixin.py:190} INFO - [2026-05-09T19:34:50.934+0000] {dag.py:4180} INFO - Setting next_dagrun for example_skip_dag to 2026-05-08 00:00:00+00:00, run_after=2026-05-09 00:00:00+00:00
[2026-05-09T19:34:50.952+0000] {processor.py:208} INFO - Processing /home/ec2-user/environment/lab4_model_training/venv/lib64/python3.12/site-packages/airflow/example_dags/example_skip_dag.py took 0.062 seconds
[2026-05-09T19:35:58.901+0000] {processor.py:186} INFO - Started process (PID=31351) to work on /home/ec2-user/environment/lab4_model_training/venv/lib64/python3.12/site-packages/airflow/example_dags/example_skip_dag.py
[2026-05-09T19:35:58.902+0000] {processor.py:914} INFO - Processing file /home/ec2-user/environment/lab4_model_training/venv/lib64/python3.12/site-packages/airflow/example_dags/example_skip_dag.py for tasks to queue
[2026-05-09T19:35:58.904+0000] {logging_mixin.py:190} INFO - [2026-05-09T19:35:58.903+0000] {dagbag.py:588} INFO - Filling up the DagBag from /home/ec2-user/environment/lab4_model_training/venv/lib64/python3.12/site-packages/airflow/example_dags/example_skip_dag.py
[2026-05-09T19:35:58.911+0000] {processor.py:925} INFO - DAG(s) 'example_skip_dag' retrieved from /home/ec2-user/environment/lab4_model_training/venv/lib64/python3.12/site-packages/airflow/example_dags/example_skip_dag.py
[2026-05-09T19:35:58.924+0000] {logging_mixin.py:190} INFO - [2026-05-09T19:35:58.924+0000] {dag.py:3239} INFO - Sync 1 DAGs
[2026-05-09T19:35:58.940+0000] {logging_mixin.py:190} INFO - [2026-05-09T19:35:58.940+0000] {dag.py:4180} INFO - Setting next_dagrun for example_skip_dag to 2026-05-08 00:00:00+00:00, run_after=2026-05-09 00:00:00+00:00
[2026-05-09T19:35:58.958+0000] {processor.py:208} INFO - Processing /home/ec2-user/environment/lab4_model_training/venv/lib64/python3.12/site-packages/airflow/example_dags/example_skip_dag.py took 0.062 seconds
[2026-05-09T19:37:01.792+0000] {processor.py:186} INFO - Started process (PID=31778) to work on /home/ec2-user/environment/lab4_model_training/venv/lib64/python3.12/site-packages/airflow/example_dags/example_skip_dag.py
[2026-05-09T19:37:01.793+0000] {processor.py:914} INFO - Processing file /home/ec2-user/environment/lab4_model_training/venv/lib64/python3.12/site-packages/airflow/example_dags/example_skip_dag.py for tasks to queue
[2026-05-09T19:37:01.795+0000] {logging_mixin.py:190} INFO - [2026-05-09T19:37:01.795+0000] {dagbag.py:588} INFO - Filling up the DagBag from /home/ec2-user/environment/lab4_model_training/venv/lib64/python3.12/site-packages/airflow/example_dags/example_skip_dag.py
[2026-05-09T19:37:01.802+0000] {processor.py:925} INFO - DAG(s) 'example_skip_dag' retrieved from /home/ec2-user/environment/lab4_model_training/venv/lib64/python3.12/site-packages/airflow/example_dags/example_skip_dag.py
[2026-05-09T19:37:01.816+0000] {logging_mixin.py:190} INFO - [2026-05-09T19:37:01.816+0000] {dag.py:3239} INFO - Sync 1 DAGs
[2026-05-09T19:37:01.832+0000] {logging_mixin.py:190} INFO - [2026-05-09T19:37:01.832+0000] {dag.py:4180} INFO - Setting next_dagrun for example_skip_dag to 2026-05-08 00:00:00+00:00, run_after=2026-05-09 00:00:00+00:00
[2026-05-09T19:37:01.853+0000] {processor.py:208} INFO - Processing /home/ec2-user/environment/lab4_model_training/venv/lib64/python3.12/site-packages/airflow/example_dags/example_skip_dag.py took 0.065 seconds
[2026-05-09T19:38:07.128+0000] {processor.py:186} INFO - Started process (PID=31997) to work on /home/ec2-user/environment/lab4_model_training/venv/lib64/python3.12/site-packages/airflow/example_dags/example_skip_dag.py
[2026-05-09T19:38:07.129+0000] {processor.py:914} INFO - Processing file /home/ec2-user/environment/lab4_model_training/venv/lib64/python3.12/site-packages/airflow/example_dags/example_skip_dag.py for tasks to queue
[2026-05-09T19:38:07.131+0000] {logging_mixin.py:190} INFO - [2026-05-09T19:38:07.130+0000] {dagbag.py:588} INFO - Filling up the DagBag from /home/ec2-user/environment/lab4_model_training/venv/lib64/python3.12/site-packages/airflow/example_dags/example_skip_dag.py
[2026-05-09T19:38:07.137+0000] {processor.py:925} INFO - DAG(s) 'example_skip_dag' retrieved from /home/ec2-user/environment/lab4_model_training/venv/lib64/python3.12/site-packages/airflow/example_dags/example_skip_dag.py
[2026-05-09T19:38:07.150+0000] {logging_mixin.py:190} INFO - [2026-05-09T19:38:07.150+0000] {dag.py:3239} INFO - Sync 1 DAGs
[2026-05-09T19:38:07.166+0000] {logging_mixin.py:190} INFO - [2026-05-09T19:38:07.166+0000] {dag.py:4180} INFO - Setting next_dagrun for example_skip_dag to 2026-05-08 00:00:00+00:00, run_after=2026-05-09 00:00:00+00:00
[2026-05-09T19:38:07.184+0000] {processor.py:208} INFO - Processing /home/ec2-user/environment/lab4_model_training/venv/lib64/python3.12/site-packages/airflow/example_dags/example_skip_dag.py took 0.060 seconds
[2026-05-09T19:39:14.434+0000] {processor.py:186} INFO - Started process (PID=32203) to work on /home/ec2-user/environment/lab4_model_training/venv/lib64/python3.12/site-packages/airflow/example_dags/example_skip_dag.py
[2026-05-09T19:39:14.435+0000] {processor.py:914} INFO - Processing file /home/ec2-user/environment/lab4_model_training/venv/lib64/python3.12/site-packages/airflow/example_dags/example_skip_dag.py for tasks to queue
[2026-05-09T19:39:14.437+0000] {logging_mixin.py:190} INFO - [2026-05-09T19:39:14.437+0000] {dagbag.py:588} INFO - Filling up the DagBag from /home/ec2-user/environment/lab4_model_training/venv/lib64/python3.12/site-packages/airflow/example_dags/example_skip_dag.py
[2026-05-09T19:39:14.444+0000] {processor.py:925} INFO - DAG(s) 'example_skip_dag' retrieved from /home/ec2-user/environment/lab4_model_training/venv/lib64/python3.12/site-packages/airflow/example_dags/example_skip_dag.py
[2026-05-09T19:39:14.457+0000] {logging_mixin.py:190} INFO - [2026-05-09T19:39:14.457+0000] {dag.py:3239} INFO - Sync 1 DAGs
[2026-05-09T19:39:14.472+0000] {logging_mixin.py:190} INFO - [2026-05-09T19:39:14.472+0000] {dag.py:4180} INFO - Setting next_dagrun for example_skip_dag to 2026-05-08 00:00:00+00:00, run_after=2026-05-09 00:00:00+00:00
[2026-05-09T19:39:14.505+0000] {processor.py:208} INFO - Processing /home/ec2-user/environment/lab4_model_training/venv/lib64/python3.12/site-packages/airflow/example_dags/example_skip_dag.py took 0.076 seconds
[2026-05-09T19:40:23.570+0000] {processor.py:186} INFO - Started process (PID=32345) to work on /home/ec2-user/environment/lab4_model_training/venv/lib64/python3.12/site-packages/airflow/example_dags/example_skip_dag.py
[2026-05-09T19:40:23.572+0000] {processor.py:914} INFO - Processing file /home/ec2-user/environment/lab4_model_training/venv/lib64/python3.12/site-packages/airflow/example_dags/example_skip_dag.py for tasks to queue
[2026-05-09T19:40:23.573+0000] {logging_mixin.py:190} INFO - [2026-05-09T19:40:23.573+0000] {dagbag.py:588} INFO - Filling up the DagBag from /home/ec2-user/environment/lab4_model_training/venv/lib64/python3.12/site-packages/airflow/example_dags/example_skip_dag.py
[2026-05-09T19:40:23.580+0000] {processor.py:925} INFO - DAG(s) 'example_skip_dag' retrieved from /home/ec2-user/environment/lab4_model_training/venv/lib64/python3.12/site-packages/airflow/example_dags/example_skip_dag.py
[2026-05-09T19:40:23.594+0000] {logging_mixin.py:190} INFO - [2026-05-09T19:40:23.593+0000] {dag.py:3239} INFO - Sync 1 DAGs
[2026-05-09T19:40:23.609+0000] {logging_mixin.py:190} INFO - [2026-05-09T19:40:23.609+0000] {dag.py:4180} INFO - Setting next_dagrun for example_skip_dag to 2026-05-08 00:00:00+00:00, run_after=2026-05-09 00:00:00+00:00
[2026-05-09T19:40:23.629+0000] {processor.py:208} INFO - Processing /home/ec2-user/environment/lab4_model_training/venv/lib64/python3.12/site-packages/airflow/example_dags/example_skip_dag.py took 0.063 seconds
[2026-05-09T19:41:31.539+0000] {processor.py:186} INFO - Started process (PID=32439) to work on /home/ec2-user/environment/lab4_model_training/venv/lib64/python3.12/site-packages/airflow/example_dags/example_skip_dag.py
[2026-05-09T19:41:31.540+0000] {processor.py:914} INFO - Processing file /home/ec2-user/environment/lab4_model_training/venv/lib64/python3.12/site-packages/airflow/example_dags/example_skip_dag.py for tasks to queue
[2026-05-09T19:41:31.542+0000] {logging_mixin.py:190} INFO - [2026-05-09T19:41:31.542+0000] {dagbag.py:588} INFO - Filling up the DagBag from /home/ec2-user/environment/lab4_model_training/venv/lib64/python3.12/site-packages/airflow/example_dags/example_skip_dag.py
[2026-05-09T19:41:31.549+0000] {processor.py:925} INFO - DAG(s) 'example_skip_dag' retrieved from /home/ec2-user/environment/lab4_model_training/venv/lib64/python3.12/site-packages/airflow/example_dags/example_skip_dag.py
[2026-05-09T19:41:31.562+0000] {logging_mixin.py:190} INFO - [2026-05-09T19:41:31.562+0000] {dag.py:3239} INFO - Sync 1 DAGs
[2026-05-09T19:41:31.578+0000] {logging_mixin.py:190} INFO - [2026-05-09T19:41:31.578+0000] {dag.py:4180} INFO - Setting next_dagrun for example_skip_dag to 2026-05-08 00:00:00+00:00, run_after=2026-05-09 00:00:00+00:00
[2026-05-09T19:41:31.596+0000] {processor.py:208} INFO - Processing /home/ec2-user/environment/lab4_model_training/venv/lib64/python3.12/site-packages/airflow/example_dags/example_skip_dag.py took 0.061 seconds
[2026-05-09T19:42:38.448+0000] {processor.py:186} INFO - Started process (PID=32580) to work on /home/ec2-user/environment/lab4_model_training/venv/lib64/python3.12/site-packages/airflow/example_dags/example_skip_dag.py
[2026-05-09T19:42:38.450+0000] {processor.py:914} INFO - Processing file /home/ec2-user/environment/lab4_model_training/venv/lib64/python3.12/site-packages/airflow/example_dags/example_skip_dag.py for tasks to queue
[2026-05-09T19:42:38.452+0000] {logging_mixin.py:190} INFO - [2026-05-09T19:42:38.451+0000] {dagbag.py:588} INFO - Filling up the DagBag from /home/ec2-user/environment/lab4_model_training/venv/lib64/python3.12/site-packages/airflow/example_dags/example_skip_dag.py
[2026-05-09T19:42:38.458+0000] {processor.py:925} INFO - DAG(s) 'example_skip_dag' retrieved from /home/ec2-user/environment/lab4_model_training/venv/lib64/python3.12/site-packages/airflow/example_dags/example_skip_dag.py
[2026-05-09T19:42:38.471+0000] {logging_mixin.py:190} INFO - [2026-05-09T19:42:38.471+0000] {dag.py:3239} INFO - Sync 1 DAGs
[2026-05-09T19:42:38.487+0000] {logging_mixin.py:190} INFO - [2026-05-09T19:42:38.487+0000] {dag.py:4180} INFO - Setting next_dagrun for example_skip_dag to 2026-05-08 00:00:00+00:00, run_after=2026-05-09 00:00:00+00:00
[2026-05-09T19:42:38.607+0000] {processor.py:208} INFO - Processing /home/ec2-user/environment/lab4_model_training/venv/lib64/python3.12/site-packages/airflow/example_dags/example_skip_dag.py took 0.163 seconds
[2026-05-09T19:43:44.314+0000] {processor.py:186} INFO - Started process (PID=32964) to work on /home/ec2-user/environment/lab4_model_training/venv/lib64/python3.12/site-packages/airflow/example_dags/example_skip_dag.py
[2026-05-09T19:43:44.315+0000] {processor.py:914} INFO - Processing file /home/ec2-user/environment/lab4_model_training/venv/lib64/python3.12/site-packages/airflow/example_dags/example_skip_dag.py for tasks to queue
[2026-05-09T19:43:44.317+0000] {logging_mixin.py:190} INFO - [2026-05-09T19:43:44.316+0000] {dagbag.py:588} INFO - Filling up the DagBag from /home/ec2-user/environment/lab4_model_training/venv/lib64/python3.12/site-packages/airflow/example_dags/example_skip_dag.py
[2026-05-09T19:43:44.323+0000] {processor.py:925} INFO - DAG(s) 'example_skip_dag' retrieved from /home/ec2-user/environment/lab4_model_training/venv/lib64/python3.12/site-packages/airflow/example_dags/example_skip_dag.py
[2026-05-09T19:43:44.335+0000] {logging_mixin.py:190} INFO - [2026-05-09T19:43:44.335+0000] {dag.py:3239} INFO - Sync 1 DAGs
[2026-05-09T19:43:44.350+0000] {logging_mixin.py:190} INFO - [2026-05-09T19:43:44.350+0000] {dag.py:4180} INFO - Setting next_dagrun for example_skip_dag to 2026-05-08 00:00:00+00:00, run_after=2026-05-09 00:00:00+00:00
[2026-05-09T19:43:44.368+0000] {processor.py:208} INFO - Processing /home/ec2-user/environment/lab4_model_training/venv/lib64/python3.12/site-packages/airflow/example_dags/example_skip_dag.py took 0.059 seconds
[2026-05-09T19:44:50.474+0000] {processor.py:186} INFO - Started process (PID=33136) to work on /home/ec2-user/environment/lab4_model_training/venv/lib64/python3.12/site-packages/airflow/example_dags/example_skip_dag.py
[2026-05-09T19:44:50.475+0000] {processor.py:914} INFO - Processing file /home/ec2-user/environment/lab4_model_training/venv/lib64/python3.12/site-packages/airflow/example_dags/example_skip_dag.py for tasks to queue
[2026-05-09T19:44:50.477+0000] {logging_mixin.py:190} INFO - [2026-05-09T19:44:50.476+0000] {dagbag.py:588} INFO - Filling up the DagBag from /home/ec2-user/environment/lab4_model_training/venv/lib64/python3.12/site-packages/airflow/example_dags/example_skip_dag.py
[2026-05-09T19:44:50.483+0000] {processor.py:925} INFO - DAG(s) 'example_skip_dag' retrieved from /home/ec2-user/environment/lab4_model_training/venv/lib64/python3.12/site-packages/airflow/example_dags/example_skip_dag.py
[2026-05-09T19:44:50.495+0000] {logging_mixin.py:190} INFO - [2026-05-09T19:44:50.495+0000] {dag.py:3239} INFO - Sync 1 DAGs
[2026-05-09T19:44:50.510+0000] {logging_mixin.py:190} INFO - [2026-05-09T19:44:50.510+0000] {dag.py:4180} INFO - Setting next_dagrun for example_skip_dag to 2026-05-08 00:00:00+00:00, run_after=2026-05-09 00:00:00+00:00
[2026-05-09T19:44:50.528+0000] {processor.py:208} INFO - Processing /home/ec2-user/environment/lab4_model_training/venv/lib64/python3.12/site-packages/airflow/example_dags/example_skip_dag.py took 0.058 seconds
[2026-05-09T19:45:57.409+0000] {processor.py:186} INFO - Started process (PID=33304) to work on /home/ec2-user/environment/lab4_model_training/venv/lib64/python3.12/site-packages/airflow/example_dags/example_skip_dag.py
[2026-05-09T19:45:57.410+0000] {processor.py:914} INFO - Processing file /home/ec2-user/environment/lab4_model_training/venv/lib64/python3.12/site-packages/airflow/example_dags/example_skip_dag.py for tasks to queue
[2026-05-09T19:45:57.412+0000] {logging_mixin.py:190} INFO - [2026-05-09T19:45:57.412+0000] {dagbag.py:588} INFO - Filling up the DagBag from /home/ec2-user/environment/lab4_model_training/venv/lib64/python3.12/site-packages/airflow/example_dags/example_skip_dag.py
[2026-05-09T19:45:57.418+0000] {processor.py:925} INFO - DAG(s) 'example_skip_dag' retrieved from /home/ec2-user/environment/lab4_model_training/venv/lib64/python3.12/site-packages/airflow/example_dags/example_skip_dag.py
[2026-05-09T19:45:57.431+0000] {logging_mixin.py:190} INFO - [2026-05-09T19:45:57.431+0000] {dag.py:3239} INFO - Sync 1 DAGs
[2026-05-09T19:45:57.446+0000] {logging_mixin.py:190} INFO - [2026-05-09T19:45:57.446+0000] {dag.py:4180} INFO - Setting next_dagrun for example_skip_dag to 2026-05-08 00:00:00+00:00, run_after=2026-05-09 00:00:00+00:00
[2026-05-09T19:45:57.463+0000] {processor.py:208} INFO - Processing /home/ec2-user/environment/lab4_model_training/venv/lib64/python3.12/site-packages/airflow/example_dags/example_skip_dag.py took 0.058 seconds
[2026-05-09T19:47:06.905+0000] {processor.py:186} INFO - Started process (PID=33448) to work on /home/ec2-user/environment/lab4_model_training/venv/lib64/python3.12/site-packages/airflow/example_dags/example_skip_dag.py
[2026-05-09T19:47:06.906+0000] {processor.py:914} INFO - Processing file /home/ec2-user/environment/lab4_model_training/venv/lib64/python3.12/site-packages/airflow/example_dags/example_skip_dag.py for tasks to queue
[2026-05-09T19:47:06.908+0000] {logging_mixin.py:190} INFO - [2026-05-09T19:47:06.908+0000] {dagbag.py:588} INFO - Filling up the DagBag from /home/ec2-user/environment/lab4_model_training/venv/lib64/python3.12/site-packages/airflow/example_dags/example_skip_dag.py
[2026-05-09T19:47:06.914+0000] {processor.py:925} INFO - DAG(s) 'example_skip_dag' retrieved from /home/ec2-user/environment/lab4_model_training/venv/lib64/python3.12/site-packages/airflow/example_dags/example_skip_dag.py
[2026-05-09T19:47:06.931+0000] {logging_mixin.py:190} INFO - [2026-05-09T19:47:06.931+0000] {dag.py:3239} INFO - Sync 1 DAGs
[2026-05-09T19:47:06.946+0000] {logging_mixin.py:190} INFO - [2026-05-09T19:47:06.946+0000] {dag.py:4180} INFO - Setting next_dagrun for example_skip_dag to 2026-05-08 00:00:00+00:00, run_after=2026-05-09 00:00:00+00:00
[2026-05-09T19:47:06.963+0000] {processor.py:208} INFO - Processing /home/ec2-user/environment/lab4_model_training/venv/lib64/python3.12/site-packages/airflow/example_dags/example_skip_dag.py took 0.062 seconds
[2026-05-09T19:48:13.610+0000] {processor.py:186} INFO - Started process (PID=33618) to work on /home/ec2-user/environment/lab4_model_training/venv/lib64/python3.12/site-packages/airflow/example_dags/example_skip_dag.py
[2026-05-09T19:48:13.611+0000] {processor.py:914} INFO - Processing file /home/ec2-user/environment/lab4_model_training/venv/lib64/python3.12/site-packages/airflow/example_dags/example_skip_dag.py for tasks to queue
[2026-05-09T19:48:13.613+0000] {logging_mixin.py:190} INFO - [2026-05-09T19:48:13.613+0000] {dagbag.py:588} INFO - Filling up the DagBag from /home/ec2-user/environment/lab4_model_training/venv/lib64/python3.12/site-packages/airflow/example_dags/example_skip_dag.py
[2026-05-09T19:48:13.619+0000] {processor.py:925} INFO - DAG(s) 'example_skip_dag' retrieved from /home/ec2-user/environment/lab4_model_training/venv/lib64/python3.12/site-packages/airflow/example_dags/example_skip_dag.py
[2026-05-09T19:48:13.632+0000] {logging_mixin.py:190} INFO - [2026-05-09T19:48:13.631+0000] {dag.py:3239} INFO - Sync 1 DAGs
[2026-05-09T19:48:13.747+0000] {logging_mixin.py:190} INFO - [2026-05-09T19:48:13.747+0000] {dag.py:4180} INFO - Setting next_dagrun for example_skip_dag to 2026-05-08 00:00:00+00:00, run_after=2026-05-09 00:00:00+00:00
[2026-05-09T19:48:13.763+0000] {processor.py:208} INFO - Processing /home/ec2-user/environment/lab4_model_training/venv/lib64/python3.12/site-packages/airflow/example_dags/example_skip_dag.py took 0.157 seconds
[2026-05-09T19:50:15.041+0000] {processor.py:186} INFO - Started process (PID=33972) to work on /home/ec2-user/environment/lab4_model_training/venv/lib64/python3.12/site-packages/airflow/example_dags/example_skip_dag.py
[2026-05-09T19:50:15.042+0000] {processor.py:914} INFO - Processing file /home/ec2-user/environment/lab4_model_training/venv/lib64/python3.12/site-packages/airflow/example_dags/example_skip_dag.py for tasks to queue
[2026-05-09T19:50:15.043+0000] {logging_mixin.py:190} INFO - [2026-05-09T19:50:15.043+0000] {dagbag.py:588} INFO - Filling up the DagBag from /home/ec2-user/environment/lab4_model_training/venv/lib64/python3.12/site-packages/airflow/example_dags/example_skip_dag.py
[2026-05-09T19:50:15.050+0000] {processor.py:925} INFO - DAG(s) 'example_skip_dag' retrieved from /home/ec2-user/environment/lab4_model_training/venv/lib64/python3.12/site-packages/airflow/example_dags/example_skip_dag.py
[2026-05-09T19:50:15.063+0000] {logging_mixin.py:190} INFO - [2026-05-09T19:50:15.063+0000] {dag.py:3239} INFO - Sync 1 DAGs
[2026-05-09T19:50:15.078+0000] {logging_mixin.py:190} INFO - [2026-05-09T19:50:15.078+0000] {dag.py:4180} INFO - Setting next_dagrun for example_skip_dag to 2026-05-08 00:00:00+00:00, run_after=2026-05-09 00:00:00+00:00
[2026-05-09T19:50:15.096+0000] {processor.py:208} INFO - Processing /home/ec2-user/environment/lab4_model_training/venv/lib64/python3.12/site-packages/airflow/example_dags/example_skip_dag.py took 0.059 seconds
[2026-05-09T19:51:14.040+0000] {processor.py:186} INFO - Started process (PID=34162) to work on /home/ec2-user/environment/lab4_model_training/venv/lib64/python3.12/site-packages/airflow/example_dags/example_skip_dag.py
[2026-05-09T19:51:14.041+0000] {processor.py:914} INFO - Processing file /home/ec2-user/environment/lab4_model_training/venv/lib64/python3.12/site-packages/airflow/example_dags/example_skip_dag.py for tasks to queue
[2026-05-09T19:51:14.043+0000] {logging_mixin.py:190} INFO - [2026-05-09T19:51:14.042+0000] {dagbag.py:588} INFO - Filling up the DagBag from /home/ec2-user/environment/lab4_model_training/venv/lib64/python3.12/site-packages/airflow/example_dags/example_skip_dag.py
[2026-05-09T19:51:14.049+0000] {processor.py:925} INFO - DAG(s) 'example_skip_dag' retrieved from /home/ec2-user/environment/lab4_model_training/venv/lib64/python3.12/site-packages/airflow/example_dags/example_skip_dag.py
[2026-05-09T19:51:14.062+0000] {logging_mixin.py:190} INFO - [2026-05-09T19:51:14.062+0000] {dag.py:3239} INFO - Sync 1 DAGs
[2026-05-09T19:51:14.077+0000] {logging_mixin.py:190} INFO - [2026-05-09T19:51:14.077+0000] {dag.py:4180} INFO - Setting next_dagrun for example_skip_dag to 2026-05-08 00:00:00+00:00, run_after=2026-05-09 00:00:00+00:00
[2026-05-09T19:51:14.096+0000] {processor.py:208} INFO - Processing /home/ec2-user/environment/lab4_model_training/venv/lib64/python3.12/site-packages/airflow/example_dags/example_skip_dag.py took 0.061 seconds
[2026-05-09T19:52:14.687+0000] {processor.py:186} INFO - Started process (PID=34432) to work on /home/ec2-user/environment/lab4_model_training/venv/lib64/python3.12/site-packages/airflow/example_dags/example_skip_dag.py
[2026-05-09T19:52:14.688+0000] {processor.py:914} INFO - Processing file /home/ec2-user/environment/lab4_model_training/venv/lib64/python3.12/site-packages/airflow/example_dags/example_skip_dag.py for tasks to queue
[2026-05-09T19:52:14.690+0000] {logging_mixin.py:190} INFO - [2026-05-09T19:52:14.689+0000] {dagbag.py:588} INFO - Filling up the DagBag from /home/ec2-user/environment/lab4_model_training/venv/lib64/python3.12/site-packages/airflow/example_dags/example_skip_dag.py
[2026-05-09T19:52:14.696+0000] {processor.py:925} INFO - DAG(s) 'example_skip_dag' retrieved from /home/ec2-user/environment/lab4_model_training/venv/lib64/python3.12/site-packages/airflow/example_dags/example_skip_dag.py
[2026-05-09T19:52:14.709+0000] {logging_mixin.py:190} INFO - [2026-05-09T19:52:14.708+0000] {dag.py:3239} INFO - Sync 1 DAGs
[2026-05-09T19:52:14.723+0000] {logging_mixin.py:190} INFO - [2026-05-09T19:52:14.723+0000] {dag.py:4180} INFO - Setting next_dagrun for example_skip_dag to 2026-05-08 00:00:00+00:00, run_after=2026-05-09 00:00:00+00:00
[2026-05-09T19:52:14.741+0000] {processor.py:208} INFO - Processing /home/ec2-user/environment/lab4_model_training/venv/lib64/python3.12/site-packages/airflow/example_dags/example_skip_dag.py took 0.058 seconds
[2026-05-09T19:53:20.618+0000] {processor.py:186} INFO - Started process (PID=34602) to work on /home/ec2-user/environment/lab4_model_training/venv/lib64/python3.12/site-packages/airflow/example_dags/example_skip_dag.py
[2026-05-09T19:53:20.619+0000] {processor.py:914} INFO - Processing file /home/ec2-user/environment/lab4_model_training/venv/lib64/python3.12/site-packages/airflow/example_dags/example_skip_dag.py for tasks to queue
[2026-05-09T19:53:20.620+0000] {logging_mixin.py:190} INFO - [2026-05-09T19:53:20.620+0000] {dagbag.py:588} INFO - Filling up the DagBag from /home/ec2-user/environment/lab4_model_training/venv/lib64/python3.12/site-packages/airflow/example_dags/example_skip_dag.py
[2026-05-09T19:53:20.627+0000] {processor.py:925} INFO - DAG(s) 'example_skip_dag' retrieved from /home/ec2-user/environment/lab4_model_training/venv/lib64/python3.12/site-packages/airflow/example_dags/example_skip_dag.py
[2026-05-09T19:53:20.640+0000] {logging_mixin.py:190} INFO - [2026-05-09T19:53:20.640+0000] {dag.py:3239} INFO - Sync 1 DAGs
[2026-05-09T19:53:20.655+0000] {logging_mixin.py:190} INFO - [2026-05-09T19:53:20.655+0000] {dag.py:4180} INFO - Setting next_dagrun for example_skip_dag to 2026-05-08 00:00:00+00:00, run_after=2026-05-09 00:00:00+00:00
[2026-05-09T19:53:20.672+0000] {processor.py:208} INFO - Processing /home/ec2-user/environment/lab4_model_training/venv/lib64/python3.12/site-packages/airflow/example_dags/example_skip_dag.py took 0.059 seconds
[2026-05-09T19:54:25.249+0000] {processor.py:186} INFO - Started process (PID=34783) to work on /home/ec2-user/environment/lab4_model_training/venv/lib64/python3.12/site-packages/airflow/example_dags/example_skip_dag.py
[2026-05-09T19:54:25.250+0000] {processor.py:914} INFO - Processing file /home/ec2-user/environment/lab4_model_training/venv/lib64/python3.12/site-packages/airflow/example_dags/example_skip_dag.py for tasks to queue
[2026-05-09T19:54:25.251+0000] {logging_mixin.py:190} INFO - [2026-05-09T19:54:25.251+0000] {dagbag.py:588} INFO - Filling up the DagBag from /home/ec2-user/environment/lab4_model_training/venv/lib64/python3.12/site-packages/airflow/example_dags/example_skip_dag.py
[2026-05-09T19:54:25.258+0000] {processor.py:925} INFO - DAG(s) 'example_skip_dag' retrieved from /home/ec2-user/environment/lab4_model_training/venv/lib64/python3.12/site-packages/airflow/example_dags/example_skip_dag.py
[2026-05-09T19:54:25.270+0000] {logging_mixin.py:190} INFO - [2026-05-09T19:54:25.270+0000] {dag.py:3239} INFO - Sync 1 DAGs
[2026-05-09T19:54:25.286+0000] {logging_mixin.py:190} INFO - [2026-05-09T19:54:25.285+0000] {dag.py:4180} INFO - Setting next_dagrun for example_skip_dag to 2026-05-08 00:00:00+00:00, run_after=2026-05-09 00:00:00+00:00
[2026-05-09T19:54:25.304+0000] {processor.py:208} INFO - Processing /home/ec2-user/environment/lab4_model_training/venv/lib64/python3.12/site-packages/airflow/example_dags/example_skip_dag.py took 0.060 seconds
[2026-05-09T19:55:31.742+0000] {processor.py:186} INFO - Started process (PID=34952) to work on /home/ec2-user/environment/lab4_model_training/venv/lib64/python3.12/site-packages/airflow/example_dags/example_skip_dag.py
[2026-05-09T19:55:31.743+0000] {processor.py:914} INFO - Processing file /home/ec2-user/environment/lab4_model_training/venv/lib64/python3.12/site-packages/airflow/example_dags/example_skip_dag.py for tasks to queue
[2026-05-09T19:55:31.744+0000] {logging_mixin.py:190} INFO - [2026-05-09T19:55:31.744+0000] {dagbag.py:588} INFO - Filling up the DagBag from /home/ec2-user/environment/lab4_model_training/venv/lib64/python3.12/site-packages/airflow/example_dags/example_skip_dag.py
[2026-05-09T19:55:31.751+0000] {processor.py:925} INFO - DAG(s) 'example_skip_dag' retrieved from /home/ec2-user/environment/lab4_model_training/venv/lib64/python3.12/site-packages/airflow/example_dags/example_skip_dag.py
[2026-05-09T19:55:31.764+0000] {logging_mixin.py:190} INFO - [2026-05-09T19:55:31.764+0000] {dag.py:3239} INFO - Sync 1 DAGs
[2026-05-09T19:55:31.779+0000] {logging_mixin.py:190} INFO - [2026-05-09T19:55:31.779+0000] {dag.py:4180} INFO - Setting next_dagrun for example_skip_dag to 2026-05-08 00:00:00+00:00, run_after=2026-05-09 00:00:00+00:00
[2026-05-09T19:55:31.796+0000] {processor.py:208} INFO - Processing /home/ec2-user/environment/lab4_model_training/venv/lib64/python3.12/site-packages/airflow/example_dags/example_skip_dag.py took 0.059 seconds
[2026-05-09T19:56:40.093+0000] {processor.py:186} INFO - Started process (PID=35083) to work on /home/ec2-user/environment/lab4_model_training/venv/lib64/python3.12/site-packages/airflow/example_dags/example_skip_dag.py
[2026-05-09T19:56:40.094+0000] {processor.py:914} INFO - Processing file /home/ec2-user/environment/lab4_model_training/venv/lib64/python3.12/site-packages/airflow/example_dags/example_skip_dag.py for tasks to queue
[2026-05-09T19:56:40.096+0000] {logging_mixin.py:190} INFO - [2026-05-09T19:56:40.095+0000] {dagbag.py:588} INFO - Filling up the DagBag from /home/ec2-user/environment/lab4_model_training/venv/lib64/python3.12/site-packages/airflow/example_dags/example_skip_dag.py
[2026-05-09T19:56:40.103+0000] {processor.py:925} INFO - DAG(s) 'example_skip_dag' retrieved from /home/ec2-user/environment/lab4_model_training/venv/lib64/python3.12/site-packages/airflow/example_dags/example_skip_dag.py
[2026-05-09T19:56:40.115+0000] {logging_mixin.py:190} INFO - [2026-05-09T19:56:40.115+0000] {dag.py:3239} INFO - Sync 1 DAGs
[2026-05-09T19:56:40.130+0000] {logging_mixin.py:190} INFO - [2026-05-09T19:56:40.130+0000] {dag.py:4180} INFO - Setting next_dagrun for example_skip_dag to 2026-05-08 00:00:00+00:00, run_after=2026-05-09 00:00:00+00:00
[2026-05-09T19:56:40.147+0000] {processor.py:208} INFO - Processing /home/ec2-user/environment/lab4_model_training/venv/lib64/python3.12/site-packages/airflow/example_dags/example_skip_dag.py took 0.059 seconds
[2026-05-09T19:57:42.453+0000] {processor.py:186} INFO - Started process (PID=35250) to work on /home/ec2-user/environment/lab4_model_training/venv/lib64/python3.12/site-packages/airflow/example_dags/example_skip_dag.py
[2026-05-09T19:57:42.454+0000] {processor.py:914} INFO - Processing file /home/ec2-user/environment/lab4_model_training/venv/lib64/python3.12/site-packages/airflow/example_dags/example_skip_dag.py for tasks to queue
[2026-05-09T19:57:42.456+0000] {logging_mixin.py:190} INFO - [2026-05-09T19:57:42.456+0000] {dagbag.py:588} INFO - Filling up the DagBag from /home/ec2-user/environment/lab4_model_training/venv/lib64/python3.12/site-packages/airflow/example_dags/example_skip_dag.py
[2026-05-09T19:57:42.463+0000] {processor.py:925} INFO - DAG(s) 'example_skip_dag' retrieved from /home/ec2-user/environment/lab4_model_training/venv/lib64/python3.12/site-packages/airflow/example_dags/example_skip_dag.py
[2026-05-09T19:57:42.476+0000] {logging_mixin.py:190} INFO - [2026-05-09T19:57:42.475+0000] {dag.py:3239} INFO - Sync 1 DAGs
[2026-05-09T19:57:42.491+0000] {logging_mixin.py:190} INFO - [2026-05-09T19:57:42.491+0000] {dag.py:4180} INFO - Setting next_dagrun for example_skip_dag to 2026-05-08 00:00:00+00:00, run_after=2026-05-09 00:00:00+00:00
[2026-05-09T19:57:42.508+0000] {processor.py:208} INFO - Processing /home/ec2-user/environment/lab4_model_training/venv/lib64/python3.12/site-packages/airflow/example_dags/example_skip_dag.py took 0.060 seconds
[2026-05-09T19:58:45.543+0000] {processor.py:186} INFO - Started process (PID=35394) to work on /home/ec2-user/environment/lab4_model_training/venv/lib64/python3.12/site-packages/airflow/example_dags/example_skip_dag.py
[2026-05-09T19:58:45.544+0000] {processor.py:914} INFO - Processing file /home/ec2-user/environment/lab4_model_training/venv/lib64/python3.12/site-packages/airflow/example_dags/example_skip_dag.py for tasks to queue
[2026-05-09T19:58:45.546+0000] {logging_mixin.py:190} INFO - [2026-05-09T19:58:45.546+0000] {dagbag.py:588} INFO - Filling up the DagBag from /home/ec2-user/environment/lab4_model_training/venv/lib64/python3.12/site-packages/airflow/example_dags/example_skip_dag.py
[2026-05-09T19:58:45.553+0000] {processor.py:925} INFO - DAG(s) 'example_skip_dag' retrieved from /home/ec2-user/environment/lab4_model_training/venv/lib64/python3.12/site-packages/airflow/example_dags/example_skip_dag.py
[2026-05-09T19:58:45.566+0000] {logging_mixin.py:190} INFO - [2026-05-09T19:58:45.565+0000] {dag.py:3239} INFO - Sync 1 DAGs
[2026-05-09T19:58:45.581+0000] {logging_mixin.py:190} INFO - [2026-05-09T19:58:45.580+0000] {dag.py:4180} INFO - Setting next_dagrun for example_skip_dag to 2026-05-08 00:00:00+00:00, run_after=2026-05-09 00:00:00+00:00
[2026-05-09T19:58:45.597+0000] {processor.py:208} INFO - Processing /home/ec2-user/environment/lab4_model_training/venv/lib64/python3.12/site-packages/airflow/example_dags/example_skip_dag.py took 0.058 seconds
