[2026-05-09T18:55:06.161+0000] {processor.py:186} INFO - Started process (PID=19011) to work on /home/ec2-user/environment/lab4_model_training/venv/lib64/python3.12/site-packages/airflow/example_dags/example_xcom.py
[2026-05-09T18:55:06.161+0000] {processor.py:914} INFO - Processing file /home/ec2-user/environment/lab4_model_training/venv/lib64/python3.12/site-packages/airflow/example_dags/example_xcom.py for tasks to queue
[2026-05-09T18:55:06.164+0000] {logging_mixin.py:190} INFO - [2026-05-09T18:55:06.163+0000] {dagbag.py:588} INFO - Filling up the DagBag from /home/ec2-user/environment/lab4_model_training/venv/lib64/python3.12/site-packages/airflow/example_dags/example_xcom.py
[2026-05-09T18:55:06.173+0000] {processor.py:925} INFO - DAG(s) 'example_xcom' retrieved from /home/ec2-user/environment/lab4_model_training/venv/lib64/python3.12/site-packages/airflow/example_dags/example_xcom.py
[2026-05-09T18:55:06.186+0000] {logging_mixin.py:190} INFO - [2026-05-09T18:55:06.186+0000] {dag.py:3239} INFO - Sync 1 DAGs
[2026-05-09T18:55:06.202+0000] {logging_mixin.py:190} INFO - [2026-05-09T18:55:06.202+0000] {dag.py:4180} INFO - Setting next_dagrun for example_xcom to 2021-01-01 00:00:00+00:00, run_after=2021-01-01 00:00:00+00:00
[2026-05-09T18:55:06.222+0000] {processor.py:208} INFO - Processing /home/ec2-user/environment/lab4_model_training/venv/lib64/python3.12/site-packages/airflow/example_dags/example_xcom.py took 0.067 seconds
[2026-05-09T18:56:10.188+0000] {processor.py:186} INFO - Started process (PID=19436) to work on /home/ec2-user/environment/lab4_model_training/venv/lib64/python3.12/site-packages/airflow/example_dags/example_xcom.py
[2026-05-09T18:56:10.189+0000] {processor.py:914} INFO - Processing file /home/ec2-user/environment/lab4_model_training/venv/lib64/python3.12/site-packages/airflow/example_dags/example_xcom.py for tasks to queue
[2026-05-09T18:56:10.191+0000] {logging_mixin.py:190} INFO - [2026-05-09T18:56:10.190+0000] {dagbag.py:588} INFO - Filling up the DagBag from /home/ec2-user/environment/lab4_model_training/venv/lib64/python3.12/site-packages/airflow/example_dags/example_xcom.py
[2026-05-09T18:56:10.200+0000] {processor.py:925} INFO - DAG(s) 'example_xcom' retrieved from /home/ec2-user/environment/lab4_model_training/venv/lib64/python3.12/site-packages/airflow/example_dags/example_xcom.py
[2026-05-09T18:56:10.221+0000] {logging_mixin.py:190} INFO - [2026-05-09T18:56:10.221+0000] {dag.py:3239} INFO - Sync 1 DAGs
[2026-05-09T18:56:10.241+0000] {logging_mixin.py:190} INFO - [2026-05-09T18:56:10.241+0000] {dag.py:4180} INFO - Setting next_dagrun for example_xcom to 2021-01-01 00:00:00+00:00, run_after=2021-01-01 00:00:00+00:00
[2026-05-09T18:56:10.261+0000] {processor.py:208} INFO - Processing /home/ec2-user/environment/lab4_model_training/venv/lib64/python3.12/site-packages/airflow/example_dags/example_xcom.py took 0.077 seconds
[2026-05-09T18:57:18.063+0000] {processor.py:186} INFO - Started process (PID=19761) to work on /home/ec2-user/environment/lab4_model_training/venv/lib64/python3.12/site-packages/airflow/example_dags/example_xcom.py
[2026-05-09T18:57:18.064+0000] {processor.py:914} INFO - Processing file /home/ec2-user/environment/lab4_model_training/venv/lib64/python3.12/site-packages/airflow/example_dags/example_xcom.py for tasks to queue
[2026-05-09T18:57:18.066+0000] {logging_mixin.py:190} INFO - [2026-05-09T18:57:18.066+0000] {dagbag.py:588} INFO - Filling up the DagBag from /home/ec2-user/environment/lab4_model_training/venv/lib64/python3.12/site-packages/airflow/example_dags/example_xcom.py
[2026-05-09T18:57:18.074+0000] {processor.py:925} INFO - DAG(s) 'example_xcom' retrieved from /home/ec2-user/environment/lab4_model_training/venv/lib64/python3.12/site-packages/airflow/example_dags/example_xcom.py
[2026-05-09T18:57:18.086+0000] {logging_mixin.py:190} INFO - [2026-05-09T18:57:18.086+0000] {dag.py:3239} INFO - Sync 1 DAGs
[2026-05-09T18:57:18.103+0000] {logging_mixin.py:190} INFO - [2026-05-09T18:57:18.103+0000] {dag.py:4180} INFO - Setting next_dagrun for example_xcom to 2021-01-01 00:00:00+00:00, run_after=2021-01-01 00:00:00+00:00
[2026-05-09T18:57:18.128+0000] {processor.py:208} INFO - Processing /home/ec2-user/environment/lab4_model_training/venv/lib64/python3.12/site-packages/airflow/example_dags/example_xcom.py took 0.069 seconds
[2026-05-09T18:58:25.676+0000] {processor.py:186} INFO - Started process (PID=20166) to work on /home/ec2-user/environment/lab4_model_training/venv/lib64/python3.12/site-packages/airflow/example_dags/example_xcom.py
[2026-05-09T18:58:25.677+0000] {processor.py:914} INFO - Processing file /home/ec2-user/environment/lab4_model_training/venv/lib64/python3.12/site-packages/airflow/example_dags/example_xcom.py for tasks to queue
[2026-05-09T18:58:25.679+0000] {logging_mixin.py:190} INFO - [2026-05-09T18:58:25.679+0000] {dagbag.py:588} INFO - Filling up the DagBag from /home/ec2-user/environment/lab4_model_training/venv/lib64/python3.12/site-packages/airflow/example_dags/example_xcom.py
[2026-05-09T18:58:25.686+0000] {processor.py:925} INFO - DAG(s) 'example_xcom' retrieved from /home/ec2-user/environment/lab4_model_training/venv/lib64/python3.12/site-packages/airflow/example_dags/example_xcom.py
[2026-05-09T18:58:25.699+0000] {logging_mixin.py:190} INFO - [2026-05-09T18:58:25.699+0000] {dag.py:3239} INFO - Sync 1 DAGs
[2026-05-09T18:58:25.713+0000] {logging_mixin.py:190} INFO - [2026-05-09T18:58:25.713+0000] {dag.py:4180} INFO - Setting next_dagrun for example_xcom to 2021-01-01 00:00:00+00:00, run_after=2021-01-01 00:00:00+00:00
[2026-05-09T18:58:25.731+0000] {processor.py:208} INFO - Processing /home/ec2-user/environment/lab4_model_training/venv/lib64/python3.12/site-packages/airflow/example_dags/example_xcom.py took 0.060 seconds
[2026-05-09T18:59:31.378+0000] {processor.py:186} INFO - Started process (PID=20479) to work on /home/ec2-user/environment/lab4_model_training/venv/lib64/python3.12/site-packages/airflow/example_dags/example_xcom.py
[2026-05-09T18:59:31.379+0000] {processor.py:914} INFO - Processing file /home/ec2-user/environment/lab4_model_training/venv/lib64/python3.12/site-packages/airflow/example_dags/example_xcom.py for tasks to queue
[2026-05-09T18:59:31.381+0000] {logging_mixin.py:190} INFO - [2026-05-09T18:59:31.380+0000] {dagbag.py:588} INFO - Filling up the DagBag from /home/ec2-user/environment/lab4_model_training/venv/lib64/python3.12/site-packages/airflow/example_dags/example_xcom.py
[2026-05-09T18:59:31.388+0000] {processor.py:925} INFO - DAG(s) 'example_xcom' retrieved from /home/ec2-user/environment/lab4_model_training/venv/lib64/python3.12/site-packages/airflow/example_dags/example_xcom.py
[2026-05-09T18:59:31.406+0000] {logging_mixin.py:190} INFO - [2026-05-09T18:59:31.405+0000] {dag.py:3239} INFO - Sync 1 DAGs
[2026-05-09T18:59:31.431+0000] {logging_mixin.py:190} INFO - [2026-05-09T18:59:31.431+0000] {dag.py:4180} INFO - Setting next_dagrun for example_xcom to 2021-01-01 00:00:00+00:00, run_after=2021-01-01 00:00:00+00:00
[2026-05-09T18:59:31.451+0000] {processor.py:208} INFO - Processing /home/ec2-user/environment/lab4_model_training/venv/lib64/python3.12/site-packages/airflow/example_dags/example_xcom.py took 0.078 seconds
[2026-05-09T19:00:34.747+0000] {processor.py:186} INFO - Started process (PID=20794) to work on /home/ec2-user/environment/lab4_model_training/venv/lib64/python3.12/site-packages/airflow/example_dags/example_xcom.py
[2026-05-09T19:00:34.748+0000] {processor.py:914} INFO - Processing file /home/ec2-user/environment/lab4_model_training/venv/lib64/python3.12/site-packages/airflow/example_dags/example_xcom.py for tasks to queue
[2026-05-09T19:00:34.750+0000] {logging_mixin.py:190} INFO - [2026-05-09T19:00:34.749+0000] {dagbag.py:588} INFO - Filling up the DagBag from /home/ec2-user/environment/lab4_model_training/venv/lib64/python3.12/site-packages/airflow/example_dags/example_xcom.py
[2026-05-09T19:00:34.757+0000] {processor.py:925} INFO - DAG(s) 'example_xcom' retrieved from /home/ec2-user/environment/lab4_model_training/venv/lib64/python3.12/site-packages/airflow/example_dags/example_xcom.py
[2026-05-09T19:00:34.770+0000] {logging_mixin.py:190} INFO - [2026-05-09T19:00:34.770+0000] {dag.py:3239} INFO - Sync 1 DAGs
[2026-05-09T19:00:34.784+0000] {logging_mixin.py:190} INFO - [2026-05-09T19:00:34.784+0000] {dag.py:4180} INFO - Setting next_dagrun for example_xcom to 2021-01-01 00:00:00+00:00, run_after=2021-01-01 00:00:00+00:00
[2026-05-09T19:00:34.803+0000] {processor.py:208} INFO - Processing /home/ec2-user/environment/lab4_model_training/venv/lib64/python3.12/site-packages/airflow/example_dags/example_xcom.py took 0.061 seconds
[2026-05-09T19:01:39.901+0000] {processor.py:186} INFO - Started process (PID=21122) to work on /home/ec2-user/environment/lab4_model_training/venv/lib64/python3.12/site-packages/airflow/example_dags/example_xcom.py
[2026-05-09T19:01:39.903+0000] {processor.py:914} INFO - Processing file /home/ec2-user/environment/lab4_model_training/venv/lib64/python3.12/site-packages/airflow/example_dags/example_xcom.py for tasks to queue
[2026-05-09T19:01:39.904+0000] {logging_mixin.py:190} INFO - [2026-05-09T19:01:39.904+0000] {dagbag.py:588} INFO - Filling up the DagBag from /home/ec2-user/environment/lab4_model_training/venv/lib64/python3.12/site-packages/airflow/example_dags/example_xcom.py
[2026-05-09T19:01:39.914+0000] {processor.py:925} INFO - DAG(s) 'example_xcom' retrieved from /home/ec2-user/environment/lab4_model_training/venv/lib64/python3.12/site-packages/airflow/example_dags/example_xcom.py
[2026-05-09T19:01:39.931+0000] {logging_mixin.py:190} INFO - [2026-05-09T19:01:39.930+0000] {dag.py:3239} INFO - Sync 1 DAGs
[2026-05-09T19:01:39.947+0000] {logging_mixin.py:190} INFO - [2026-05-09T19:01:39.947+0000] {dag.py:4180} INFO - Setting next_dagrun for example_xcom to 2021-01-01 00:00:00+00:00, run_after=2021-01-01 00:00:00+00:00
[2026-05-09T19:01:39.967+0000] {processor.py:208} INFO - Processing /home/ec2-user/environment/lab4_model_training/venv/lib64/python3.12/site-packages/airflow/example_dags/example_xcom.py took 0.070 seconds
[2026-05-09T19:02:40.452+0000] {processor.py:186} INFO - Started process (PID=21461) to work on /home/ec2-user/environment/lab4_model_training/venv/lib64/python3.12/site-packages/airflow/example_dags/example_xcom.py
[2026-05-09T19:02:40.453+0000] {processor.py:914} INFO - Processing file /home/ec2-user/environment/lab4_model_training/venv/lib64/python3.12/site-packages/airflow/example_dags/example_xcom.py for tasks to queue
[2026-05-09T19:02:40.455+0000] {logging_mixin.py:190} INFO - [2026-05-09T19:02:40.455+0000] {dagbag.py:588} INFO - Filling up the DagBag from /home/ec2-user/environment/lab4_model_training/venv/lib64/python3.12/site-packages/airflow/example_dags/example_xcom.py
[2026-05-09T19:02:40.465+0000] {processor.py:925} INFO - DAG(s) 'example_xcom' retrieved from /home/ec2-user/environment/lab4_model_training/venv/lib64/python3.12/site-packages/airflow/example_dags/example_xcom.py
[2026-05-09T19:02:40.479+0000] {logging_mixin.py:190} INFO - [2026-05-09T19:02:40.479+0000] {dag.py:3239} INFO - Sync 1 DAGs
[2026-05-09T19:02:40.495+0000] {logging_mixin.py:190} INFO - [2026-05-09T19:02:40.495+0000] {dag.py:4180} INFO - Setting next_dagrun for example_xcom to 2021-01-01 00:00:00+00:00, run_after=2021-01-01 00:00:00+00:00
[2026-05-09T19:02:40.515+0000] {processor.py:208} INFO - Processing /home/ec2-user/environment/lab4_model_training/venv/lib64/python3.12/site-packages/airflow/example_dags/example_xcom.py took 0.067 seconds
[2026-05-09T19:03:46.634+0000] {processor.py:186} INFO - Started process (PID=21784) to work on /home/ec2-user/environment/lab4_model_training/venv/lib64/python3.12/site-packages/airflow/example_dags/example_xcom.py
[2026-05-09T19:03:46.635+0000] {processor.py:914} INFO - Processing file /home/ec2-user/environment/lab4_model_training/venv/lib64/python3.12/site-packages/airflow/example_dags/example_xcom.py for tasks to queue
[2026-05-09T19:03:46.636+0000] {logging_mixin.py:190} INFO - [2026-05-09T19:03:46.636+0000] {dagbag.py:588} INFO - Filling up the DagBag from /home/ec2-user/environment/lab4_model_training/venv/lib64/python3.12/site-packages/airflow/example_dags/example_xcom.py
[2026-05-09T19:03:46.644+0000] {processor.py:925} INFO - DAG(s) 'example_xcom' retrieved from /home/ec2-user/environment/lab4_model_training/venv/lib64/python3.12/site-packages/airflow/example_dags/example_xcom.py
[2026-05-09T19:03:46.657+0000] {logging_mixin.py:190} INFO - [2026-05-09T19:03:46.657+0000] {dag.py:3239} INFO - Sync 1 DAGs
[2026-05-09T19:03:46.671+0000] {logging_mixin.py:190} INFO - [2026-05-09T19:03:46.671+0000] {dag.py:4180} INFO - Setting next_dagrun for example_xcom to 2021-01-01 00:00:00+00:00, run_after=2021-01-01 00:00:00+00:00
[2026-05-09T19:03:46.690+0000] {processor.py:208} INFO - Processing /home/ec2-user/environment/lab4_model_training/venv/lib64/python3.12/site-packages/airflow/example_dags/example_xcom.py took 0.060 seconds
[2026-05-09T19:04:50.469+0000] {processor.py:186} INFO - Started process (PID=22183) to work on /home/ec2-user/environment/lab4_model_training/venv/lib64/python3.12/site-packages/airflow/example_dags/example_xcom.py
[2026-05-09T19:04:50.470+0000] {processor.py:914} INFO - Processing file /home/ec2-user/environment/lab4_model_training/venv/lib64/python3.12/site-packages/airflow/example_dags/example_xcom.py for tasks to queue
[2026-05-09T19:04:50.472+0000] {logging_mixin.py:190} INFO - [2026-05-09T19:04:50.472+0000] {dagbag.py:588} INFO - Filling up the DagBag from /home/ec2-user/environment/lab4_model_training/venv/lib64/python3.12/site-packages/airflow/example_dags/example_xcom.py
[2026-05-09T19:04:50.479+0000] {processor.py:925} INFO - DAG(s) 'example_xcom' retrieved from /home/ec2-user/environment/lab4_model_training/venv/lib64/python3.12/site-packages/airflow/example_dags/example_xcom.py
[2026-05-09T19:04:50.502+0000] {logging_mixin.py:190} INFO - [2026-05-09T19:04:50.502+0000] {dag.py:3239} INFO - Sync 1 DAGs
[2026-05-09T19:04:50.523+0000] {logging_mixin.py:190} INFO - [2026-05-09T19:04:50.523+0000] {dag.py:4180} INFO - Setting next_dagrun for example_xcom to 2021-01-01 00:00:00+00:00, run_after=2021-01-01 00:00:00+00:00
[2026-05-09T19:04:50.545+0000] {processor.py:208} INFO - Processing /home/ec2-user/environment/lab4_model_training/venv/lib64/python3.12/site-packages/airflow/example_dags/example_xcom.py took 0.080 seconds
[2026-05-09T19:05:52.028+0000] {processor.py:186} INFO - Started process (PID=22551) to work on /home/ec2-user/environment/lab4_model_training/venv/lib64/python3.12/site-packages/airflow/example_dags/example_xcom.py
[2026-05-09T19:05:52.029+0000] {processor.py:914} INFO - Processing file /home/ec2-user/environment/lab4_model_training/venv/lib64/python3.12/site-packages/airflow/example_dags/example_xcom.py for tasks to queue
[2026-05-09T19:05:52.031+0000] {logging_mixin.py:190} INFO - [2026-05-09T19:05:52.031+0000] {dagbag.py:588} INFO - Filling up the DagBag from /home/ec2-user/environment/lab4_model_training/venv/lib64/python3.12/site-packages/airflow/example_dags/example_xcom.py
[2026-05-09T19:05:52.039+0000] {processor.py:925} INFO - DAG(s) 'example_xcom' retrieved from /home/ec2-user/environment/lab4_model_training/venv/lib64/python3.12/site-packages/airflow/example_dags/example_xcom.py
[2026-05-09T19:05:52.051+0000] {logging_mixin.py:190} INFO - [2026-05-09T19:05:52.051+0000] {dag.py:3239} INFO - Sync 1 DAGs
[2026-05-09T19:05:52.066+0000] {logging_mixin.py:190} INFO - [2026-05-09T19:05:52.066+0000] {dag.py:4180} INFO - Setting next_dagrun for example_xcom to 2021-01-01 00:00:00+00:00, run_after=2021-01-01 00:00:00+00:00
[2026-05-09T19:05:52.085+0000] {processor.py:208} INFO - Processing /home/ec2-user/environment/lab4_model_training/venv/lib64/python3.12/site-packages/airflow/example_dags/example_xcom.py took 0.061 seconds
[2026-05-09T19:06:56.964+0000] {processor.py:186} INFO - Started process (PID=22904) to work on /home/ec2-user/environment/lab4_model_training/venv/lib64/python3.12/site-packages/airflow/example_dags/example_xcom.py
[2026-05-09T19:06:56.965+0000] {processor.py:914} INFO - Processing file /home/ec2-user/environment/lab4_model_training/venv/lib64/python3.12/site-packages/airflow/example_dags/example_xcom.py for tasks to queue
[2026-05-09T19:06:56.967+0000] {logging_mixin.py:190} INFO - [2026-05-09T19:06:56.967+0000] {dagbag.py:588} INFO - Filling up the DagBag from /home/ec2-user/environment/lab4_model_training/venv/lib64/python3.12/site-packages/airflow/example_dags/example_xcom.py
[2026-05-09T19:06:56.975+0000] {processor.py:925} INFO - DAG(s) 'example_xcom' retrieved from /home/ec2-user/environment/lab4_model_training/venv/lib64/python3.12/site-packages/airflow/example_dags/example_xcom.py
[2026-05-09T19:06:56.987+0000] {logging_mixin.py:190} INFO - [2026-05-09T19:06:56.987+0000] {dag.py:3239} INFO - Sync 1 DAGs
[2026-05-09T19:06:57.002+0000] {logging_mixin.py:190} INFO - [2026-05-09T19:06:57.002+0000] {dag.py:4180} INFO - Setting next_dagrun for example_xcom to 2021-01-01 00:00:00+00:00, run_after=2021-01-01 00:00:00+00:00
[2026-05-09T19:06:57.022+0000] {processor.py:208} INFO - Processing /home/ec2-user/environment/lab4_model_training/venv/lib64/python3.12/site-packages/airflow/example_dags/example_xcom.py took 0.062 seconds
[2026-05-09T19:08:02.535+0000] {processor.py:186} INFO - Started process (PID=23213) to work on /home/ec2-user/environment/lab4_model_training/venv/lib64/python3.12/site-packages/airflow/example_dags/example_xcom.py
[2026-05-09T19:08:02.536+0000] {processor.py:914} INFO - Processing file /home/ec2-user/environment/lab4_model_training/venv/lib64/python3.12/site-packages/airflow/example_dags/example_xcom.py for tasks to queue
[2026-05-09T19:08:02.538+0000] {logging_mixin.py:190} INFO - [2026-05-09T19:08:02.537+0000] {dagbag.py:588} INFO - Filling up the DagBag from /home/ec2-user/environment/lab4_model_training/venv/lib64/python3.12/site-packages/airflow/example_dags/example_xcom.py
[2026-05-09T19:08:02.546+0000] {processor.py:925} INFO - DAG(s) 'example_xcom' retrieved from /home/ec2-user/environment/lab4_model_training/venv/lib64/python3.12/site-packages/airflow/example_dags/example_xcom.py
[2026-05-09T19:08:02.559+0000] {logging_mixin.py:190} INFO - [2026-05-09T19:08:02.559+0000] {dag.py:3239} INFO - Sync 1 DAGs
[2026-05-09T19:08:02.574+0000] {logging_mixin.py:190} INFO - [2026-05-09T19:08:02.573+0000] {dag.py:4180} INFO - Setting next_dagrun for example_xcom to 2021-01-01 00:00:00+00:00, run_after=2021-01-01 00:00:00+00:00
[2026-05-09T19:08:02.592+0000] {processor.py:208} INFO - Processing /home/ec2-user/environment/lab4_model_training/venv/lib64/python3.12/site-packages/airflow/example_dags/example_xcom.py took 0.061 seconds
[2026-05-09T19:09:04.548+0000] {processor.py:186} INFO - Started process (PID=23555) to work on /home/ec2-user/environment/lab4_model_training/venv/lib64/python3.12/site-packages/airflow/example_dags/example_xcom.py
[2026-05-09T19:09:04.549+0000] {processor.py:914} INFO - Processing file /home/ec2-user/environment/lab4_model_training/venv/lib64/python3.12/site-packages/airflow/example_dags/example_xcom.py for tasks to queue
[2026-05-09T19:09:04.552+0000] {logging_mixin.py:190} INFO - [2026-05-09T19:09:04.551+0000] {dagbag.py:588} INFO - Filling up the DagBag from /home/ec2-user/environment/lab4_model_training/venv/lib64/python3.12/site-packages/airflow/example_dags/example_xcom.py
[2026-05-09T19:09:04.559+0000] {processor.py:925} INFO - DAG(s) 'example_xcom' retrieved from /home/ec2-user/environment/lab4_model_training/venv/lib64/python3.12/site-packages/airflow/example_dags/example_xcom.py
[2026-05-09T19:09:04.572+0000] {logging_mixin.py:190} INFO - [2026-05-09T19:09:04.572+0000] {dag.py:3239} INFO - Sync 1 DAGs
[2026-05-09T19:09:04.586+0000] {logging_mixin.py:190} INFO - [2026-05-09T19:09:04.586+0000] {dag.py:4180} INFO - Setting next_dagrun for example_xcom to 2021-01-01 00:00:00+00:00, run_after=2021-01-01 00:00:00+00:00
[2026-05-09T19:09:04.604+0000] {processor.py:208} INFO - Processing /home/ec2-user/environment/lab4_model_training/venv/lib64/python3.12/site-packages/airflow/example_dags/example_xcom.py took 0.060 seconds
[2026-05-09T19:10:11.203+0000] {processor.py:186} INFO - Started process (PID=23882) to work on /home/ec2-user/environment/lab4_model_training/venv/lib64/python3.12/site-packages/airflow/example_dags/example_xcom.py
[2026-05-09T19:10:11.204+0000] {processor.py:914} INFO - Processing file /home/ec2-user/environment/lab4_model_training/venv/lib64/python3.12/site-packages/airflow/example_dags/example_xcom.py for tasks to queue
[2026-05-09T19:10:11.206+0000] {logging_mixin.py:190} INFO - [2026-05-09T19:10:11.206+0000] {dagbag.py:588} INFO - Filling up the DagBag from /home/ec2-user/environment/lab4_model_training/venv/lib64/python3.12/site-packages/airflow/example_dags/example_xcom.py
[2026-05-09T19:10:11.216+0000] {processor.py:925} INFO - DAG(s) 'example_xcom' retrieved from /home/ec2-user/environment/lab4_model_training/venv/lib64/python3.12/site-packages/airflow/example_dags/example_xcom.py
[2026-05-09T19:10:11.231+0000] {logging_mixin.py:190} INFO - [2026-05-09T19:10:11.231+0000] {dag.py:3239} INFO - Sync 1 DAGs
[2026-05-09T19:10:11.247+0000] {logging_mixin.py:190} INFO - [2026-05-09T19:10:11.247+0000] {dag.py:4180} INFO - Setting next_dagrun for example_xcom to 2021-01-01 00:00:00+00:00, run_after=2021-01-01 00:00:00+00:00
[2026-05-09T19:10:11.268+0000] {processor.py:208} INFO - Processing /home/ec2-user/environment/lab4_model_training/venv/lib64/python3.12/site-packages/airflow/example_dags/example_xcom.py took 0.069 seconds
[2026-05-09T19:11:18.241+0000] {processor.py:186} INFO - Started process (PID=24313) to work on /home/ec2-user/environment/lab4_model_training/venv/lib64/python3.12/site-packages/airflow/example_dags/example_xcom.py
[2026-05-09T19:11:18.242+0000] {processor.py:914} INFO - Processing file /home/ec2-user/environment/lab4_model_training/venv/lib64/python3.12/site-packages/airflow/example_dags/example_xcom.py for tasks to queue
[2026-05-09T19:11:18.244+0000] {logging_mixin.py:190} INFO - [2026-05-09T19:11:18.243+0000] {dagbag.py:588} INFO - Filling up the DagBag from /home/ec2-user/environment/lab4_model_training/venv/lib64/python3.12/site-packages/airflow/example_dags/example_xcom.py
[2026-05-09T19:11:18.252+0000] {processor.py:925} INFO - DAG(s) 'example_xcom' retrieved from /home/ec2-user/environment/lab4_model_training/venv/lib64/python3.12/site-packages/airflow/example_dags/example_xcom.py
[2026-05-09T19:11:18.264+0000] {logging_mixin.py:190} INFO - [2026-05-09T19:11:18.264+0000] {dag.py:3239} INFO - Sync 1 DAGs
[2026-05-09T19:11:18.278+0000] {logging_mixin.py:190} INFO - [2026-05-09T19:11:18.278+0000] {dag.py:4180} INFO - Setting next_dagrun for example_xcom to 2021-01-01 00:00:00+00:00, run_after=2021-01-01 00:00:00+00:00
[2026-05-09T19:11:18.297+0000] {processor.py:208} INFO - Processing /home/ec2-user/environment/lab4_model_training/venv/lib64/python3.12/site-packages/airflow/example_dags/example_xcom.py took 0.060 seconds
[2026-05-09T19:12:26.376+0000] {processor.py:186} INFO - Started process (PID=24697) to work on /home/ec2-user/environment/lab4_model_training/venv/lib64/python3.12/site-packages/airflow/example_dags/example_xcom.py
[2026-05-09T19:12:26.377+0000] {processor.py:914} INFO - Processing file /home/ec2-user/environment/lab4_model_training/venv/lib64/python3.12/site-packages/airflow/example_dags/example_xcom.py for tasks to queue
[2026-05-09T19:12:26.379+0000] {logging_mixin.py:190} INFO - [2026-05-09T19:12:26.378+0000] {dagbag.py:588} INFO - Filling up the DagBag from /home/ec2-user/environment/lab4_model_training/venv/lib64/python3.12/site-packages/airflow/example_dags/example_xcom.py
[2026-05-09T19:12:26.386+0000] {processor.py:925} INFO - DAG(s) 'example_xcom' retrieved from /home/ec2-user/environment/lab4_model_training/venv/lib64/python3.12/site-packages/airflow/example_dags/example_xcom.py
[2026-05-09T19:12:26.399+0000] {logging_mixin.py:190} INFO - [2026-05-09T19:12:26.399+0000] {dag.py:3239} INFO - Sync 1 DAGs
[2026-05-09T19:12:26.414+0000] {logging_mixin.py:190} INFO - [2026-05-09T19:12:26.414+0000] {dag.py:4180} INFO - Setting next_dagrun for example_xcom to 2021-01-01 00:00:00+00:00, run_after=2021-01-01 00:00:00+00:00
[2026-05-09T19:12:26.433+0000] {processor.py:208} INFO - Processing /home/ec2-user/environment/lab4_model_training/venv/lib64/python3.12/site-packages/airflow/example_dags/example_xcom.py took 0.062 seconds
[2026-05-09T19:13:32.045+0000] {processor.py:186} INFO - Started process (PID=25016) to work on /home/ec2-user/environment/lab4_model_training/venv/lib64/python3.12/site-packages/airflow/example_dags/example_xcom.py
[2026-05-09T19:13:32.046+0000] {processor.py:914} INFO - Processing file /home/ec2-user/environment/lab4_model_training/venv/lib64/python3.12/site-packages/airflow/example_dags/example_xcom.py for tasks to queue
[2026-05-09T19:13:32.048+0000] {logging_mixin.py:190} INFO - [2026-05-09T19:13:32.048+0000] {dagbag.py:588} INFO - Filling up the DagBag from /home/ec2-user/environment/lab4_model_training/venv/lib64/python3.12/site-packages/airflow/example_dags/example_xcom.py
[2026-05-09T19:13:32.058+0000] {processor.py:925} INFO - DAG(s) 'example_xcom' retrieved from /home/ec2-user/environment/lab4_model_training/venv/lib64/python3.12/site-packages/airflow/example_dags/example_xcom.py
[2026-05-09T19:13:32.072+0000] {logging_mixin.py:190} INFO - [2026-05-09T19:13:32.072+0000] {dag.py:3239} INFO - Sync 1 DAGs
[2026-05-09T19:13:32.088+0000] {logging_mixin.py:190} INFO - [2026-05-09T19:13:32.087+0000] {dag.py:4180} INFO - Setting next_dagrun for example_xcom to 2021-01-01 00:00:00+00:00, run_after=2021-01-01 00:00:00+00:00
[2026-05-09T19:13:32.108+0000] {processor.py:208} INFO - Processing /home/ec2-user/environment/lab4_model_training/venv/lib64/python3.12/site-packages/airflow/example_dags/example_xcom.py took 0.068 seconds
[2026-05-09T19:14:36.299+0000] {processor.py:186} INFO - Started process (PID=25373) to work on /home/ec2-user/environment/lab4_model_training/venv/lib64/python3.12/site-packages/airflow/example_dags/example_xcom.py
[2026-05-09T19:14:36.300+0000] {processor.py:914} INFO - Processing file /home/ec2-user/environment/lab4_model_training/venv/lib64/python3.12/site-packages/airflow/example_dags/example_xcom.py for tasks to queue
[2026-05-09T19:14:36.302+0000] {logging_mixin.py:190} INFO - [2026-05-09T19:14:36.301+0000] {dagbag.py:588} INFO - Filling up the DagBag from /home/ec2-user/environment/lab4_model_training/venv/lib64/python3.12/site-packages/airflow/example_dags/example_xcom.py
[2026-05-09T19:14:36.309+0000] {processor.py:925} INFO - DAG(s) 'example_xcom' retrieved from /home/ec2-user/environment/lab4_model_training/venv/lib64/python3.12/site-packages/airflow/example_dags/example_xcom.py
[2026-05-09T19:14:36.322+0000] {logging_mixin.py:190} INFO - [2026-05-09T19:14:36.322+0000] {dag.py:3239} INFO - Sync 1 DAGs
[2026-05-09T19:14:36.337+0000] {logging_mixin.py:190} INFO - [2026-05-09T19:14:36.336+0000] {dag.py:4180} INFO - Setting next_dagrun for example_xcom to 2021-01-01 00:00:00+00:00, run_after=2021-01-01 00:00:00+00:00
[2026-05-09T19:14:36.355+0000] {processor.py:208} INFO - Processing /home/ec2-user/environment/lab4_model_training/venv/lib64/python3.12/site-packages/airflow/example_dags/example_xcom.py took 0.060 seconds
[2026-05-09T19:15:44.687+0000] {processor.py:186} INFO - Started process (PID=25700) to work on /home/ec2-user/environment/lab4_model_training/venv/lib64/python3.12/site-packages/airflow/example_dags/example_xcom.py
[2026-05-09T19:15:44.688+0000] {processor.py:914} INFO - Processing file /home/ec2-user/environment/lab4_model_training/venv/lib64/python3.12/site-packages/airflow/example_dags/example_xcom.py for tasks to queue
[2026-05-09T19:15:44.689+0000] {logging_mixin.py:190} INFO - [2026-05-09T19:15:44.689+0000] {dagbag.py:588} INFO - Filling up the DagBag from /home/ec2-user/environment/lab4_model_training/venv/lib64/python3.12/site-packages/airflow/example_dags/example_xcom.py
[2026-05-09T19:15:44.697+0000] {processor.py:925} INFO - DAG(s) 'example_xcom' retrieved from /home/ec2-user/environment/lab4_model_training/venv/lib64/python3.12/site-packages/airflow/example_dags/example_xcom.py
[2026-05-09T19:15:44.709+0000] {logging_mixin.py:190} INFO - [2026-05-09T19:15:44.709+0000] {dag.py:3239} INFO - Sync 1 DAGs
[2026-05-09T19:15:44.724+0000] {logging_mixin.py:190} INFO - [2026-05-09T19:15:44.724+0000] {dag.py:4180} INFO - Setting next_dagrun for example_xcom to 2021-01-01 00:00:00+00:00, run_after=2021-01-01 00:00:00+00:00
[2026-05-09T19:15:44.742+0000] {processor.py:208} INFO - Processing /home/ec2-user/environment/lab4_model_training/venv/lib64/python3.12/site-packages/airflow/example_dags/example_xcom.py took 0.060 seconds
[2026-05-09T19:16:50.195+0000] {processor.py:186} INFO - Started process (PID=25955) to work on /home/ec2-user/environment/lab4_model_training/venv/lib64/python3.12/site-packages/airflow/example_dags/example_xcom.py
[2026-05-09T19:16:50.196+0000] {processor.py:914} INFO - Processing file /home/ec2-user/environment/lab4_model_training/venv/lib64/python3.12/site-packages/airflow/example_dags/example_xcom.py for tasks to queue
[2026-05-09T19:16:50.198+0000] {logging_mixin.py:190} INFO - [2026-05-09T19:16:50.198+0000] {dagbag.py:588} INFO - Filling up the DagBag from /home/ec2-user/environment/lab4_model_training/venv/lib64/python3.12/site-packages/airflow/example_dags/example_xcom.py
[2026-05-09T19:16:50.205+0000] {processor.py:925} INFO - DAG(s) 'example_xcom' retrieved from /home/ec2-user/environment/lab4_model_training/venv/lib64/python3.12/site-packages/airflow/example_dags/example_xcom.py
[2026-05-09T19:16:50.218+0000] {logging_mixin.py:190} INFO - [2026-05-09T19:16:50.218+0000] {dag.py:3239} INFO - Sync 1 DAGs
[2026-05-09T19:16:50.232+0000] {logging_mixin.py:190} INFO - [2026-05-09T19:16:50.232+0000] {dag.py:4180} INFO - Setting next_dagrun for example_xcom to 2021-01-01 00:00:00+00:00, run_after=2021-01-01 00:00:00+00:00
[2026-05-09T19:16:50.251+0000] {processor.py:208} INFO - Processing /home/ec2-user/environment/lab4_model_training/venv/lib64/python3.12/site-packages/airflow/example_dags/example_xcom.py took 0.060 seconds
[2026-05-09T19:17:56.763+0000] {processor.py:186} INFO - Started process (PID=26437) to work on /home/ec2-user/environment/lab4_model_training/venv/lib64/python3.12/site-packages/airflow/example_dags/example_xcom.py
[2026-05-09T19:17:56.764+0000] {processor.py:914} INFO - Processing file /home/ec2-user/environment/lab4_model_training/venv/lib64/python3.12/site-packages/airflow/example_dags/example_xcom.py for tasks to queue
[2026-05-09T19:17:56.767+0000] {logging_mixin.py:190} INFO - [2026-05-09T19:17:56.766+0000] {dagbag.py:588} INFO - Filling up the DagBag from /home/ec2-user/environment/lab4_model_training/venv/lib64/python3.12/site-packages/airflow/example_dags/example_xcom.py
[2026-05-09T19:17:56.777+0000] {processor.py:925} INFO - DAG(s) 'example_xcom' retrieved from /home/ec2-user/environment/lab4_model_training/venv/lib64/python3.12/site-packages/airflow/example_dags/example_xcom.py
[2026-05-09T19:17:56.794+0000] {logging_mixin.py:190} INFO - [2026-05-09T19:17:56.794+0000] {dag.py:3239} INFO - Sync 1 DAGs
[2026-05-09T19:17:56.818+0000] {logging_mixin.py:190} INFO - [2026-05-09T19:17:56.818+0000] {dag.py:4180} INFO - Setting next_dagrun for example_xcom to 2021-01-01 00:00:00+00:00, run_after=2021-01-01 00:00:00+00:00
[2026-05-09T19:17:56.850+0000] {processor.py:208} INFO - Processing /home/ec2-user/environment/lab4_model_training/venv/lib64/python3.12/site-packages/airflow/example_dags/example_xcom.py took 0.091 seconds
[2026-05-09T19:18:59.817+0000] {processor.py:186} INFO - Started process (PID=26814) to work on /home/ec2-user/environment/lab4_model_training/venv/lib64/python3.12/site-packages/airflow/example_dags/example_xcom.py
[2026-05-09T19:18:59.818+0000] {processor.py:914} INFO - Processing file /home/ec2-user/environment/lab4_model_training/venv/lib64/python3.12/site-packages/airflow/example_dags/example_xcom.py for tasks to queue
[2026-05-09T19:18:59.820+0000] {logging_mixin.py:190} INFO - [2026-05-09T19:18:59.820+0000] {dagbag.py:588} INFO - Filling up the DagBag from /home/ec2-user/environment/lab4_model_training/venv/lib64/python3.12/site-packages/airflow/example_dags/example_xcom.py
[2026-05-09T19:18:59.830+0000] {processor.py:925} INFO - DAG(s) 'example_xcom' retrieved from /home/ec2-user/environment/lab4_model_training/venv/lib64/python3.12/site-packages/airflow/example_dags/example_xcom.py
[2026-05-09T19:18:59.844+0000] {logging_mixin.py:190} INFO - [2026-05-09T19:18:59.844+0000] {dag.py:3239} INFO - Sync 1 DAGs
[2026-05-09T19:18:59.860+0000] {logging_mixin.py:190} INFO - [2026-05-09T19:18:59.859+0000] {dag.py:4180} INFO - Setting next_dagrun for example_xcom to 2021-01-01 00:00:00+00:00, run_after=2021-01-01 00:00:00+00:00
[2026-05-09T19:18:59.880+0000] {processor.py:208} INFO - Processing /home/ec2-user/environment/lab4_model_training/venv/lib64/python3.12/site-packages/airflow/example_dags/example_xcom.py took 0.067 seconds
[2026-05-09T19:20:06.813+0000] {processor.py:186} INFO - Started process (PID=27288) to work on /home/ec2-user/environment/lab4_model_training/venv/lib64/python3.12/site-packages/airflow/example_dags/example_xcom.py
[2026-05-09T19:20:06.814+0000] {processor.py:914} INFO - Processing file /home/ec2-user/environment/lab4_model_training/venv/lib64/python3.12/site-packages/airflow/example_dags/example_xcom.py for tasks to queue
[2026-05-09T19:20:06.815+0000] {logging_mixin.py:190} INFO - [2026-05-09T19:20:06.815+0000] {dagbag.py:588} INFO - Filling up the DagBag from /home/ec2-user/environment/lab4_model_training/venv/lib64/python3.12/site-packages/airflow/example_dags/example_xcom.py
[2026-05-09T19:20:06.823+0000] {processor.py:925} INFO - DAG(s) 'example_xcom' retrieved from /home/ec2-user/environment/lab4_model_training/venv/lib64/python3.12/site-packages/airflow/example_dags/example_xcom.py
[2026-05-09T19:20:06.836+0000] {logging_mixin.py:190} INFO - [2026-05-09T19:20:06.836+0000] {dag.py:3239} INFO - Sync 1 DAGs
[2026-05-09T19:20:06.850+0000] {logging_mixin.py:190} INFO - [2026-05-09T19:20:06.850+0000] {dag.py:4180} INFO - Setting next_dagrun for example_xcom to 2021-01-01 00:00:00+00:00, run_after=2021-01-01 00:00:00+00:00
[2026-05-09T19:20:06.868+0000] {processor.py:208} INFO - Processing /home/ec2-user/environment/lab4_model_training/venv/lib64/python3.12/site-packages/airflow/example_dags/example_xcom.py took 0.060 seconds
[2026-05-09T19:21:10.483+0000] {processor.py:186} INFO - Started process (PID=27459) to work on /home/ec2-user/environment/lab4_model_training/venv/lib64/python3.12/site-packages/airflow/example_dags/example_xcom.py
[2026-05-09T19:21:10.484+0000] {processor.py:914} INFO - Processing file /home/ec2-user/environment/lab4_model_training/venv/lib64/python3.12/site-packages/airflow/example_dags/example_xcom.py for tasks to queue
[2026-05-09T19:21:10.486+0000] {logging_mixin.py:190} INFO - [2026-05-09T19:21:10.485+0000] {dagbag.py:588} INFO - Filling up the DagBag from /home/ec2-user/environment/lab4_model_training/venv/lib64/python3.12/site-packages/airflow/example_dags/example_xcom.py
[2026-05-09T19:21:10.493+0000] {processor.py:925} INFO - DAG(s) 'example_xcom' retrieved from /home/ec2-user/environment/lab4_model_training/venv/lib64/python3.12/site-packages/airflow/example_dags/example_xcom.py
[2026-05-09T19:21:10.506+0000] {logging_mixin.py:190} INFO - [2026-05-09T19:21:10.506+0000] {dag.py:3239} INFO - Sync 1 DAGs
[2026-05-09T19:21:10.521+0000] {logging_mixin.py:190} INFO - [2026-05-09T19:21:10.521+0000] {dag.py:4180} INFO - Setting next_dagrun for example_xcom to 2021-01-01 00:00:00+00:00, run_after=2021-01-01 00:00:00+00:00
[2026-05-09T19:21:10.539+0000] {processor.py:208} INFO - Processing /home/ec2-user/environment/lab4_model_training/venv/lib64/python3.12/site-packages/airflow/example_dags/example_xcom.py took 0.061 seconds
[2026-05-09T19:22:15.434+0000] {processor.py:186} INFO - Started process (PID=27667) to work on /home/ec2-user/environment/lab4_model_training/venv/lib64/python3.12/site-packages/airflow/example_dags/example_xcom.py
[2026-05-09T19:22:15.435+0000] {processor.py:914} INFO - Processing file /home/ec2-user/environment/lab4_model_training/venv/lib64/python3.12/site-packages/airflow/example_dags/example_xcom.py for tasks to queue
[2026-05-09T19:22:15.437+0000] {logging_mixin.py:190} INFO - [2026-05-09T19:22:15.437+0000] {dagbag.py:588} INFO - Filling up the DagBag from /home/ec2-user/environment/lab4_model_training/venv/lib64/python3.12/site-packages/airflow/example_dags/example_xcom.py
[2026-05-09T19:22:15.444+0000] {processor.py:925} INFO - DAG(s) 'example_xcom' retrieved from /home/ec2-user/environment/lab4_model_training/venv/lib64/python3.12/site-packages/airflow/example_dags/example_xcom.py
[2026-05-09T19:22:15.457+0000] {logging_mixin.py:190} INFO - [2026-05-09T19:22:15.457+0000] {dag.py:3239} INFO - Sync 1 DAGs
[2026-05-09T19:22:15.470+0000] {logging_mixin.py:190} INFO - [2026-05-09T19:22:15.470+0000] {dag.py:4180} INFO - Setting next_dagrun for example_xcom to 2021-01-01 00:00:00+00:00, run_after=2021-01-01 00:00:00+00:00
[2026-05-09T19:22:15.489+0000] {processor.py:208} INFO - Processing /home/ec2-user/environment/lab4_model_training/venv/lib64/python3.12/site-packages/airflow/example_dags/example_xcom.py took 0.059 seconds
[2026-05-09T19:23:25.826+0000] {processor.py:186} INFO - Started process (PID=27815) to work on /home/ec2-user/environment/lab4_model_training/venv/lib64/python3.12/site-packages/airflow/example_dags/example_xcom.py
[2026-05-09T19:23:25.827+0000] {processor.py:914} INFO - Processing file /home/ec2-user/environment/lab4_model_training/venv/lib64/python3.12/site-packages/airflow/example_dags/example_xcom.py for tasks to queue
[2026-05-09T19:23:25.828+0000] {logging_mixin.py:190} INFO - [2026-05-09T19:23:25.828+0000] {dagbag.py:588} INFO - Filling up the DagBag from /home/ec2-user/environment/lab4_model_training/venv/lib64/python3.12/site-packages/airflow/example_dags/example_xcom.py
[2026-05-09T19:23:25.835+0000] {processor.py:925} INFO - DAG(s) 'example_xcom' retrieved from /home/ec2-user/environment/lab4_model_training/venv/lib64/python3.12/site-packages/airflow/example_dags/example_xcom.py
[2026-05-09T19:23:25.848+0000] {logging_mixin.py:190} INFO - [2026-05-09T19:23:25.848+0000] {dag.py:3239} INFO - Sync 1 DAGs
[2026-05-09T19:23:25.862+0000] {logging_mixin.py:190} INFO - [2026-05-09T19:23:25.862+0000] {dag.py:4180} INFO - Setting next_dagrun for example_xcom to 2021-01-01 00:00:00+00:00, run_after=2021-01-01 00:00:00+00:00
[2026-05-09T19:23:25.880+0000] {processor.py:208} INFO - Processing /home/ec2-user/environment/lab4_model_training/venv/lib64/python3.12/site-packages/airflow/example_dags/example_xcom.py took 0.059 seconds
[2026-05-09T19:24:30.118+0000] {processor.py:186} INFO - Started process (PID=27903) to work on /home/ec2-user/environment/lab4_model_training/venv/lib64/python3.12/site-packages/airflow/example_dags/example_xcom.py
[2026-05-09T19:24:30.119+0000] {processor.py:914} INFO - Processing file /home/ec2-user/environment/lab4_model_training/venv/lib64/python3.12/site-packages/airflow/example_dags/example_xcom.py for tasks to queue
[2026-05-09T19:24:30.121+0000] {logging_mixin.py:190} INFO - [2026-05-09T19:24:30.120+0000] {dagbag.py:588} INFO - Filling up the DagBag from /home/ec2-user/environment/lab4_model_training/venv/lib64/python3.12/site-packages/airflow/example_dags/example_xcom.py
[2026-05-09T19:24:30.128+0000] {processor.py:925} INFO - DAG(s) 'example_xcom' retrieved from /home/ec2-user/environment/lab4_model_training/venv/lib64/python3.12/site-packages/airflow/example_dags/example_xcom.py
[2026-05-09T19:24:30.140+0000] {logging_mixin.py:190} INFO - [2026-05-09T19:24:30.140+0000] {dag.py:3239} INFO - Sync 1 DAGs
[2026-05-09T19:24:30.155+0000] {logging_mixin.py:190} INFO - [2026-05-09T19:24:30.155+0000] {dag.py:4180} INFO - Setting next_dagrun for example_xcom to 2021-01-01 00:00:00+00:00, run_after=2021-01-01 00:00:00+00:00
[2026-05-09T19:24:30.172+0000] {processor.py:208} INFO - Processing /home/ec2-user/environment/lab4_model_training/venv/lib64/python3.12/site-packages/airflow/example_dags/example_xcom.py took 0.058 seconds
[2026-05-09T19:25:31.896+0000] {processor.py:186} INFO - Started process (PID=28034) to work on /home/ec2-user/environment/lab4_model_training/venv/lib64/python3.12/site-packages/airflow/example_dags/example_xcom.py
[2026-05-09T19:25:31.897+0000] {processor.py:914} INFO - Processing file /home/ec2-user/environment/lab4_model_training/venv/lib64/python3.12/site-packages/airflow/example_dags/example_xcom.py for tasks to queue
[2026-05-09T19:25:31.898+0000] {logging_mixin.py:190} INFO - [2026-05-09T19:25:31.898+0000] {dagbag.py:588} INFO - Filling up the DagBag from /home/ec2-user/environment/lab4_model_training/venv/lib64/python3.12/site-packages/airflow/example_dags/example_xcom.py
[2026-05-09T19:25:31.905+0000] {processor.py:925} INFO - DAG(s) 'example_xcom' retrieved from /home/ec2-user/environment/lab4_model_training/venv/lib64/python3.12/site-packages/airflow/example_dags/example_xcom.py
[2026-05-09T19:25:31.918+0000] {logging_mixin.py:190} INFO - [2026-05-09T19:25:31.918+0000] {dag.py:3239} INFO - Sync 1 DAGs
[2026-05-09T19:25:31.932+0000] {logging_mixin.py:190} INFO - [2026-05-09T19:25:31.932+0000] {dag.py:4180} INFO - Setting next_dagrun for example_xcom to 2021-01-01 00:00:00+00:00, run_after=2021-01-01 00:00:00+00:00
[2026-05-09T19:25:31.950+0000] {processor.py:208} INFO - Processing /home/ec2-user/environment/lab4_model_training/venv/lib64/python3.12/site-packages/airflow/example_dags/example_xcom.py took 0.059 seconds
[2026-05-09T19:26:33.375+0000] {processor.py:186} INFO - Started process (PID=28118) to work on /home/ec2-user/environment/lab4_model_training/venv/lib64/python3.12/site-packages/airflow/example_dags/example_xcom.py
[2026-05-09T19:26:33.377+0000] {processor.py:914} INFO - Processing file /home/ec2-user/environment/lab4_model_training/venv/lib64/python3.12/site-packages/airflow/example_dags/example_xcom.py for tasks to queue
[2026-05-09T19:26:33.378+0000] {logging_mixin.py:190} INFO - [2026-05-09T19:26:33.378+0000] {dagbag.py:588} INFO - Filling up the DagBag from /home/ec2-user/environment/lab4_model_training/venv/lib64/python3.12/site-packages/airflow/example_dags/example_xcom.py
[2026-05-09T19:26:33.385+0000] {processor.py:925} INFO - DAG(s) 'example_xcom' retrieved from /home/ec2-user/environment/lab4_model_training/venv/lib64/python3.12/site-packages/airflow/example_dags/example_xcom.py
[2026-05-09T19:26:33.398+0000] {logging_mixin.py:190} INFO - [2026-05-09T19:26:33.398+0000] {dag.py:3239} INFO - Sync 1 DAGs
[2026-05-09T19:26:33.413+0000] {logging_mixin.py:190} INFO - [2026-05-09T19:26:33.413+0000] {dag.py:4180} INFO - Setting next_dagrun for example_xcom to 2021-01-01 00:00:00+00:00, run_after=2021-01-01 00:00:00+00:00
[2026-05-09T19:26:33.430+0000] {processor.py:208} INFO - Processing /home/ec2-user/environment/lab4_model_training/venv/lib64/python3.12/site-packages/airflow/example_dags/example_xcom.py took 0.059 seconds
[2026-05-09T19:27:34.762+0000] {processor.py:186} INFO - Started process (PID=28250) to work on /home/ec2-user/environment/lab4_model_training/venv/lib64/python3.12/site-packages/airflow/example_dags/example_xcom.py
[2026-05-09T19:27:34.764+0000] {processor.py:914} INFO - Processing file /home/ec2-user/environment/lab4_model_training/venv/lib64/python3.12/site-packages/airflow/example_dags/example_xcom.py for tasks to queue
[2026-05-09T19:27:34.765+0000] {logging_mixin.py:190} INFO - [2026-05-09T19:27:34.765+0000] {dagbag.py:588} INFO - Filling up the DagBag from /home/ec2-user/environment/lab4_model_training/venv/lib64/python3.12/site-packages/airflow/example_dags/example_xcom.py
[2026-05-09T19:27:34.772+0000] {processor.py:925} INFO - DAG(s) 'example_xcom' retrieved from /home/ec2-user/environment/lab4_model_training/venv/lib64/python3.12/site-packages/airflow/example_dags/example_xcom.py
[2026-05-09T19:27:34.784+0000] {logging_mixin.py:190} INFO - [2026-05-09T19:27:34.784+0000] {dag.py:3239} INFO - Sync 1 DAGs
[2026-05-09T19:27:34.799+0000] {logging_mixin.py:190} INFO - [2026-05-09T19:27:34.799+0000] {dag.py:4180} INFO - Setting next_dagrun for example_xcom to 2021-01-01 00:00:00+00:00, run_after=2021-01-01 00:00:00+00:00
[2026-05-09T19:27:34.816+0000] {processor.py:208} INFO - Processing /home/ec2-user/environment/lab4_model_training/venv/lib64/python3.12/site-packages/airflow/example_dags/example_xcom.py took 0.058 seconds
[2026-05-09T19:28:36.226+0000] {processor.py:186} INFO - Started process (PID=28340) to work on /home/ec2-user/environment/lab4_model_training/venv/lib64/python3.12/site-packages/airflow/example_dags/example_xcom.py
[2026-05-09T19:28:36.227+0000] {processor.py:914} INFO - Processing file /home/ec2-user/environment/lab4_model_training/venv/lib64/python3.12/site-packages/airflow/example_dags/example_xcom.py for tasks to queue
[2026-05-09T19:28:36.228+0000] {logging_mixin.py:190} INFO - [2026-05-09T19:28:36.228+0000] {dagbag.py:588} INFO - Filling up the DagBag from /home/ec2-user/environment/lab4_model_training/venv/lib64/python3.12/site-packages/airflow/example_dags/example_xcom.py
[2026-05-09T19:28:36.235+0000] {processor.py:925} INFO - DAG(s) 'example_xcom' retrieved from /home/ec2-user/environment/lab4_model_training/venv/lib64/python3.12/site-packages/airflow/example_dags/example_xcom.py
[2026-05-09T19:28:36.248+0000] {logging_mixin.py:190} INFO - [2026-05-09T19:28:36.248+0000] {dag.py:3239} INFO - Sync 1 DAGs
[2026-05-09T19:28:36.262+0000] {logging_mixin.py:190} INFO - [2026-05-09T19:28:36.262+0000] {dag.py:4180} INFO - Setting next_dagrun for example_xcom to 2021-01-01 00:00:00+00:00, run_after=2021-01-01 00:00:00+00:00
[2026-05-09T19:28:36.279+0000] {processor.py:208} INFO - Processing /home/ec2-user/environment/lab4_model_training/venv/lib64/python3.12/site-packages/airflow/example_dags/example_xcom.py took 0.058 seconds
[2026-05-09T19:29:36.354+0000] {processor.py:186} INFO - Started process (PID=28489) to work on /home/ec2-user/environment/lab4_model_training/venv/lib64/python3.12/site-packages/airflow/example_dags/example_xcom.py
[2026-05-09T19:29:36.355+0000] {processor.py:914} INFO - Processing file /home/ec2-user/environment/lab4_model_training/venv/lib64/python3.12/site-packages/airflow/example_dags/example_xcom.py for tasks to queue
[2026-05-09T19:29:36.357+0000] {logging_mixin.py:190} INFO - [2026-05-09T19:29:36.357+0000] {dagbag.py:588} INFO - Filling up the DagBag from /home/ec2-user/environment/lab4_model_training/venv/lib64/python3.12/site-packages/airflow/example_dags/example_xcom.py
[2026-05-09T19:29:36.365+0000] {processor.py:925} INFO - DAG(s) 'example_xcom' retrieved from /home/ec2-user/environment/lab4_model_training/venv/lib64/python3.12/site-packages/airflow/example_dags/example_xcom.py
[2026-05-09T19:29:36.378+0000] {logging_mixin.py:190} INFO - [2026-05-09T19:29:36.377+0000] {dag.py:3239} INFO - Sync 1 DAGs
[2026-05-09T19:29:36.392+0000] {logging_mixin.py:190} INFO - [2026-05-09T19:29:36.392+0000] {dag.py:4180} INFO - Setting next_dagrun for example_xcom to 2021-01-01 00:00:00+00:00, run_after=2021-01-01 00:00:00+00:00
[2026-05-09T19:29:36.410+0000] {processor.py:208} INFO - Processing /home/ec2-user/environment/lab4_model_training/venv/lib64/python3.12/site-packages/airflow/example_dags/example_xcom.py took 0.061 seconds
[2026-05-09T19:30:41.853+0000] {processor.py:186} INFO - Started process (PID=29139) to work on /home/ec2-user/environment/lab4_model_training/venv/lib64/python3.12/site-packages/airflow/example_dags/example_xcom.py
[2026-05-09T19:30:41.854+0000] {processor.py:914} INFO - Processing file /home/ec2-user/environment/lab4_model_training/venv/lib64/python3.12/site-packages/airflow/example_dags/example_xcom.py for tasks to queue
[2026-05-09T19:30:41.855+0000] {logging_mixin.py:190} INFO - [2026-05-09T19:30:41.855+0000] {dagbag.py:588} INFO - Filling up the DagBag from /home/ec2-user/environment/lab4_model_training/venv/lib64/python3.12/site-packages/airflow/example_dags/example_xcom.py
[2026-05-09T19:30:41.863+0000] {processor.py:925} INFO - DAG(s) 'example_xcom' retrieved from /home/ec2-user/environment/lab4_model_training/venv/lib64/python3.12/site-packages/airflow/example_dags/example_xcom.py
[2026-05-09T19:30:41.876+0000] {logging_mixin.py:190} INFO - [2026-05-09T19:30:41.876+0000] {dag.py:3239} INFO - Sync 1 DAGs
[2026-05-09T19:30:41.891+0000] {logging_mixin.py:190} INFO - [2026-05-09T19:30:41.891+0000] {dag.py:4180} INFO - Setting next_dagrun for example_xcom to 2021-01-01 00:00:00+00:00, run_after=2021-01-01 00:00:00+00:00
[2026-05-09T19:30:41.908+0000] {processor.py:208} INFO - Processing /home/ec2-user/environment/lab4_model_training/venv/lib64/python3.12/site-packages/airflow/example_dags/example_xcom.py took 0.061 seconds
[2026-05-09T19:31:45.455+0000] {processor.py:186} INFO - Started process (PID=29631) to work on /home/ec2-user/environment/lab4_model_training/venv/lib64/python3.12/site-packages/airflow/example_dags/example_xcom.py
[2026-05-09T19:31:45.456+0000] {processor.py:914} INFO - Processing file /home/ec2-user/environment/lab4_model_training/venv/lib64/python3.12/site-packages/airflow/example_dags/example_xcom.py for tasks to queue
[2026-05-09T19:31:45.458+0000] {logging_mixin.py:190} INFO - [2026-05-09T19:31:45.457+0000] {dagbag.py:588} INFO - Filling up the DagBag from /home/ec2-user/environment/lab4_model_training/venv/lib64/python3.12/site-packages/airflow/example_dags/example_xcom.py
[2026-05-09T19:31:45.466+0000] {processor.py:925} INFO - DAG(s) 'example_xcom' retrieved from /home/ec2-user/environment/lab4_model_training/venv/lib64/python3.12/site-packages/airflow/example_dags/example_xcom.py
[2026-05-09T19:31:45.479+0000] {logging_mixin.py:190} INFO - [2026-05-09T19:31:45.479+0000] {dag.py:3239} INFO - Sync 1 DAGs
[2026-05-09T19:31:45.494+0000] {logging_mixin.py:190} INFO - [2026-05-09T19:31:45.493+0000] {dag.py:4180} INFO - Setting next_dagrun for example_xcom to 2021-01-01 00:00:00+00:00, run_after=2021-01-01 00:00:00+00:00
[2026-05-09T19:31:45.513+0000] {processor.py:208} INFO - Processing /home/ec2-user/environment/lab4_model_training/venv/lib64/python3.12/site-packages/airflow/example_dags/example_xcom.py took 0.063 seconds
[2026-05-09T19:32:46.471+0000] {processor.py:186} INFO - Started process (PID=30075) to work on /home/ec2-user/environment/lab4_model_training/venv/lib64/python3.12/site-packages/airflow/example_dags/example_xcom.py
[2026-05-09T19:32:46.472+0000] {processor.py:914} INFO - Processing file /home/ec2-user/environment/lab4_model_training/venv/lib64/python3.12/site-packages/airflow/example_dags/example_xcom.py for tasks to queue
[2026-05-09T19:32:46.474+0000] {logging_mixin.py:190} INFO - [2026-05-09T19:32:46.474+0000] {dagbag.py:588} INFO - Filling up the DagBag from /home/ec2-user/environment/lab4_model_training/venv/lib64/python3.12/site-packages/airflow/example_dags/example_xcom.py
[2026-05-09T19:32:46.484+0000] {processor.py:925} INFO - DAG(s) 'example_xcom' retrieved from /home/ec2-user/environment/lab4_model_training/venv/lib64/python3.12/site-packages/airflow/example_dags/example_xcom.py
[2026-05-09T19:32:46.501+0000] {logging_mixin.py:190} INFO - [2026-05-09T19:32:46.501+0000] {dag.py:3239} INFO - Sync 1 DAGs
[2026-05-09T19:32:46.522+0000] {logging_mixin.py:190} INFO - [2026-05-09T19:32:46.522+0000] {dag.py:4180} INFO - Setting next_dagrun for example_xcom to 2021-01-01 00:00:00+00:00, run_after=2021-01-01 00:00:00+00:00
[2026-05-09T19:32:46.542+0000] {processor.py:208} INFO - Processing /home/ec2-user/environment/lab4_model_training/venv/lib64/python3.12/site-packages/airflow/example_dags/example_xcom.py took 0.076 seconds
[2026-05-09T19:33:51.330+0000] {processor.py:186} INFO - Started process (PID=30488) to work on /home/ec2-user/environment/lab4_model_training/venv/lib64/python3.12/site-packages/airflow/example_dags/example_xcom.py
[2026-05-09T19:33:51.331+0000] {processor.py:914} INFO - Processing file /home/ec2-user/environment/lab4_model_training/venv/lib64/python3.12/site-packages/airflow/example_dags/example_xcom.py for tasks to queue
[2026-05-09T19:33:51.332+0000] {logging_mixin.py:190} INFO - [2026-05-09T19:33:51.332+0000] {dagbag.py:588} INFO - Filling up the DagBag from /home/ec2-user/environment/lab4_model_training/venv/lib64/python3.12/site-packages/airflow/example_dags/example_xcom.py
[2026-05-09T19:33:51.341+0000] {processor.py:925} INFO - DAG(s) 'example_xcom' retrieved from /home/ec2-user/environment/lab4_model_training/venv/lib64/python3.12/site-packages/airflow/example_dags/example_xcom.py
[2026-05-09T19:33:51.354+0000] {logging_mixin.py:190} INFO - [2026-05-09T19:33:51.353+0000] {dag.py:3239} INFO - Sync 1 DAGs
[2026-05-09T19:33:51.368+0000] {logging_mixin.py:190} INFO - [2026-05-09T19:33:51.368+0000] {dag.py:4180} INFO - Setting next_dagrun for example_xcom to 2021-01-01 00:00:00+00:00, run_after=2021-01-01 00:00:00+00:00
[2026-05-09T19:33:51.386+0000] {processor.py:208} INFO - Processing /home/ec2-user/environment/lab4_model_training/venv/lib64/python3.12/site-packages/airflow/example_dags/example_xcom.py took 0.061 seconds
[2026-05-09T19:34:59.996+0000] {processor.py:186} INFO - Started process (PID=30867) to work on /home/ec2-user/environment/lab4_model_training/venv/lib64/python3.12/site-packages/airflow/example_dags/example_xcom.py
[2026-05-09T19:34:59.997+0000] {processor.py:914} INFO - Processing file /home/ec2-user/environment/lab4_model_training/venv/lib64/python3.12/site-packages/airflow/example_dags/example_xcom.py for tasks to queue
[2026-05-09T19:34:59.999+0000] {logging_mixin.py:190} INFO - [2026-05-09T19:34:59.999+0000] {dagbag.py:588} INFO - Filling up the DagBag from /home/ec2-user/environment/lab4_model_training/venv/lib64/python3.12/site-packages/airflow/example_dags/example_xcom.py
[2026-05-09T19:35:00.009+0000] {processor.py:925} INFO - DAG(s) 'example_xcom' retrieved from /home/ec2-user/environment/lab4_model_training/venv/lib64/python3.12/site-packages/airflow/example_dags/example_xcom.py
[2026-05-09T19:35:00.027+0000] {logging_mixin.py:190} INFO - [2026-05-09T19:35:00.027+0000] {dag.py:3239} INFO - Sync 1 DAGs
[2026-05-09T19:35:00.047+0000] {logging_mixin.py:190} INFO - [2026-05-09T19:35:00.047+0000] {dag.py:4180} INFO - Setting next_dagrun for example_xcom to 2021-01-01 00:00:00+00:00, run_after=2021-01-01 00:00:00+00:00
[2026-05-09T19:35:00.069+0000] {processor.py:208} INFO - Processing /home/ec2-user/environment/lab4_model_training/venv/lib64/python3.12/site-packages/airflow/example_dags/example_xcom.py took 0.078 seconds
[2026-05-09T19:36:06.734+0000] {processor.py:186} INFO - Started process (PID=31430) to work on /home/ec2-user/environment/lab4_model_training/venv/lib64/python3.12/site-packages/airflow/example_dags/example_xcom.py
[2026-05-09T19:36:06.736+0000] {processor.py:914} INFO - Processing file /home/ec2-user/environment/lab4_model_training/venv/lib64/python3.12/site-packages/airflow/example_dags/example_xcom.py for tasks to queue
[2026-05-09T19:36:06.738+0000] {logging_mixin.py:190} INFO - [2026-05-09T19:36:06.738+0000] {dagbag.py:588} INFO - Filling up the DagBag from /home/ec2-user/environment/lab4_model_training/venv/lib64/python3.12/site-packages/airflow/example_dags/example_xcom.py
[2026-05-09T19:36:06.747+0000] {processor.py:925} INFO - DAG(s) 'example_xcom' retrieved from /home/ec2-user/environment/lab4_model_training/venv/lib64/python3.12/site-packages/airflow/example_dags/example_xcom.py
[2026-05-09T19:36:06.765+0000] {logging_mixin.py:190} INFO - [2026-05-09T19:36:06.765+0000] {dag.py:3239} INFO - Sync 1 DAGs
[2026-05-09T19:36:06.784+0000] {logging_mixin.py:190} INFO - [2026-05-09T19:36:06.784+0000] {dag.py:4180} INFO - Setting next_dagrun for example_xcom to 2021-01-01 00:00:00+00:00, run_after=2021-01-01 00:00:00+00:00
[2026-05-09T19:36:06.804+0000] {processor.py:208} INFO - Processing /home/ec2-user/environment/lab4_model_training/venv/lib64/python3.12/site-packages/airflow/example_dags/example_xcom.py took 0.075 seconds
[2026-05-09T19:37:10.050+0000] {processor.py:186} INFO - Started process (PID=31885) to work on /home/ec2-user/environment/lab4_model_training/venv/lib64/python3.12/site-packages/airflow/example_dags/example_xcom.py
[2026-05-09T19:37:10.051+0000] {processor.py:914} INFO - Processing file /home/ec2-user/environment/lab4_model_training/venv/lib64/python3.12/site-packages/airflow/example_dags/example_xcom.py for tasks to queue
[2026-05-09T19:37:10.054+0000] {logging_mixin.py:190} INFO - [2026-05-09T19:37:10.053+0000] {dagbag.py:588} INFO - Filling up the DagBag from /home/ec2-user/environment/lab4_model_training/venv/lib64/python3.12/site-packages/airflow/example_dags/example_xcom.py
[2026-05-09T19:37:10.063+0000] {processor.py:925} INFO - DAG(s) 'example_xcom' retrieved from /home/ec2-user/environment/lab4_model_training/venv/lib64/python3.12/site-packages/airflow/example_dags/example_xcom.py
[2026-05-09T19:37:10.080+0000] {logging_mixin.py:190} INFO - [2026-05-09T19:37:10.080+0000] {dag.py:3239} INFO - Sync 1 DAGs
[2026-05-09T19:37:10.101+0000] {logging_mixin.py:190} INFO - [2026-05-09T19:37:10.101+0000] {dag.py:4180} INFO - Setting next_dagrun for example_xcom to 2021-01-01 00:00:00+00:00, run_after=2021-01-01 00:00:00+00:00
[2026-05-09T19:37:10.122+0000] {processor.py:208} INFO - Processing /home/ec2-user/environment/lab4_model_training/venv/lib64/python3.12/site-packages/airflow/example_dags/example_xcom.py took 0.076 seconds
[2026-05-09T19:38:15.112+0000] {processor.py:186} INFO - Started process (PID=32032) to work on /home/ec2-user/environment/lab4_model_training/venv/lib64/python3.12/site-packages/airflow/example_dags/example_xcom.py
[2026-05-09T19:38:15.114+0000] {processor.py:914} INFO - Processing file /home/ec2-user/environment/lab4_model_training/venv/lib64/python3.12/site-packages/airflow/example_dags/example_xcom.py for tasks to queue
[2026-05-09T19:38:15.116+0000] {logging_mixin.py:190} INFO - [2026-05-09T19:38:15.116+0000] {dagbag.py:588} INFO - Filling up the DagBag from /home/ec2-user/environment/lab4_model_training/venv/lib64/python3.12/site-packages/airflow/example_dags/example_xcom.py
[2026-05-09T19:38:15.123+0000] {processor.py:925} INFO - DAG(s) 'example_xcom' retrieved from /home/ec2-user/environment/lab4_model_training/venv/lib64/python3.12/site-packages/airflow/example_dags/example_xcom.py
[2026-05-09T19:38:15.136+0000] {logging_mixin.py:190} INFO - [2026-05-09T19:38:15.136+0000] {dag.py:3239} INFO - Sync 1 DAGs
[2026-05-09T19:38:15.152+0000] {logging_mixin.py:190} INFO - [2026-05-09T19:38:15.152+0000] {dag.py:4180} INFO - Setting next_dagrun for example_xcom to 2021-01-01 00:00:00+00:00, run_after=2021-01-01 00:00:00+00:00
[2026-05-09T19:38:15.172+0000] {processor.py:208} INFO - Processing /home/ec2-user/environment/lab4_model_training/venv/lib64/python3.12/site-packages/airflow/example_dags/example_xcom.py took 0.064 seconds
[2026-05-09T19:39:23.173+0000] {processor.py:186} INFO - Started process (PID=32212) to work on /home/ec2-user/environment/lab4_model_training/venv/lib64/python3.12/site-packages/airflow/example_dags/example_xcom.py
[2026-05-09T19:39:23.175+0000] {processor.py:914} INFO - Processing file /home/ec2-user/environment/lab4_model_training/venv/lib64/python3.12/site-packages/airflow/example_dags/example_xcom.py for tasks to queue
[2026-05-09T19:39:23.177+0000] {logging_mixin.py:190} INFO - [2026-05-09T19:39:23.176+0000] {dagbag.py:588} INFO - Filling up the DagBag from /home/ec2-user/environment/lab4_model_training/venv/lib64/python3.12/site-packages/airflow/example_dags/example_xcom.py
[2026-05-09T19:39:23.186+0000] {processor.py:925} INFO - DAG(s) 'example_xcom' retrieved from /home/ec2-user/environment/lab4_model_training/venv/lib64/python3.12/site-packages/airflow/example_dags/example_xcom.py
[2026-05-09T19:39:23.203+0000] {logging_mixin.py:190} INFO - [2026-05-09T19:39:23.203+0000] {dag.py:3239} INFO - Sync 1 DAGs
[2026-05-09T19:39:23.222+0000] {logging_mixin.py:190} INFO - [2026-05-09T19:39:23.222+0000] {dag.py:4180} INFO - Setting next_dagrun for example_xcom to 2021-01-01 00:00:00+00:00, run_after=2021-01-01 00:00:00+00:00
[2026-05-09T19:39:23.242+0000] {processor.py:208} INFO - Processing /home/ec2-user/environment/lab4_model_training/venv/lib64/python3.12/site-packages/airflow/example_dags/example_xcom.py took 0.073 seconds
[2026-05-09T19:40:32.722+0000] {processor.py:186} INFO - Started process (PID=32355) to work on /home/ec2-user/environment/lab4_model_training/venv/lib64/python3.12/site-packages/airflow/example_dags/example_xcom.py
[2026-05-09T19:40:32.724+0000] {processor.py:914} INFO - Processing file /home/ec2-user/environment/lab4_model_training/venv/lib64/python3.12/site-packages/airflow/example_dags/example_xcom.py for tasks to queue
[2026-05-09T19:40:32.726+0000] {logging_mixin.py:190} INFO - [2026-05-09T19:40:32.726+0000] {dagbag.py:588} INFO - Filling up the DagBag from /home/ec2-user/environment/lab4_model_training/venv/lib64/python3.12/site-packages/airflow/example_dags/example_xcom.py
[2026-05-09T19:40:32.733+0000] {processor.py:925} INFO - DAG(s) 'example_xcom' retrieved from /home/ec2-user/environment/lab4_model_training/venv/lib64/python3.12/site-packages/airflow/example_dags/example_xcom.py
[2026-05-09T19:40:32.747+0000] {logging_mixin.py:190} INFO - [2026-05-09T19:40:32.747+0000] {dag.py:3239} INFO - Sync 1 DAGs
[2026-05-09T19:40:32.762+0000] {logging_mixin.py:190} INFO - [2026-05-09T19:40:32.762+0000] {dag.py:4180} INFO - Setting next_dagrun for example_xcom to 2021-01-01 00:00:00+00:00, run_after=2021-01-01 00:00:00+00:00
[2026-05-09T19:40:32.781+0000] {processor.py:208} INFO - Processing /home/ec2-user/environment/lab4_model_training/venv/lib64/python3.12/site-packages/airflow/example_dags/example_xcom.py took 0.063 seconds
[2026-05-09T19:41:40.079+0000] {processor.py:186} INFO - Started process (PID=32448) to work on /home/ec2-user/environment/lab4_model_training/venv/lib64/python3.12/site-packages/airflow/example_dags/example_xcom.py
[2026-05-09T19:41:40.080+0000] {processor.py:914} INFO - Processing file /home/ec2-user/environment/lab4_model_training/venv/lib64/python3.12/site-packages/airflow/example_dags/example_xcom.py for tasks to queue
[2026-05-09T19:41:40.083+0000] {logging_mixin.py:190} INFO - [2026-05-09T19:41:40.082+0000] {dagbag.py:588} INFO - Filling up the DagBag from /home/ec2-user/environment/lab4_model_training/venv/lib64/python3.12/site-packages/airflow/example_dags/example_xcom.py
[2026-05-09T19:41:40.092+0000] {processor.py:925} INFO - DAG(s) 'example_xcom' retrieved from /home/ec2-user/environment/lab4_model_training/venv/lib64/python3.12/site-packages/airflow/example_dags/example_xcom.py
[2026-05-09T19:41:40.110+0000] {logging_mixin.py:190} INFO - [2026-05-09T19:41:40.110+0000] {dag.py:3239} INFO - Sync 1 DAGs
[2026-05-09T19:41:40.125+0000] {logging_mixin.py:190} INFO - [2026-05-09T19:41:40.125+0000] {dag.py:4180} INFO - Setting next_dagrun for example_xcom to 2021-01-01 00:00:00+00:00, run_after=2021-01-01 00:00:00+00:00
[2026-05-09T19:41:40.143+0000] {processor.py:208} INFO - Processing /home/ec2-user/environment/lab4_model_training/venv/lib64/python3.12/site-packages/airflow/example_dags/example_xcom.py took 0.068 seconds
[2026-05-09T19:42:47.830+0000] {processor.py:186} INFO - Started process (PID=32589) to work on /home/ec2-user/environment/lab4_model_training/venv/lib64/python3.12/site-packages/airflow/example_dags/example_xcom.py
[2026-05-09T19:42:47.831+0000] {processor.py:914} INFO - Processing file /home/ec2-user/environment/lab4_model_training/venv/lib64/python3.12/site-packages/airflow/example_dags/example_xcom.py for tasks to queue
[2026-05-09T19:42:47.833+0000] {logging_mixin.py:190} INFO - [2026-05-09T19:42:47.832+0000] {dagbag.py:588} INFO - Filling up the DagBag from /home/ec2-user/environment/lab4_model_training/venv/lib64/python3.12/site-packages/airflow/example_dags/example_xcom.py
[2026-05-09T19:42:47.840+0000] {processor.py:925} INFO - DAG(s) 'example_xcom' retrieved from /home/ec2-user/environment/lab4_model_training/venv/lib64/python3.12/site-packages/airflow/example_dags/example_xcom.py
[2026-05-09T19:42:47.853+0000] {logging_mixin.py:190} INFO - [2026-05-09T19:42:47.852+0000] {dag.py:3239} INFO - Sync 1 DAGs
[2026-05-09T19:42:47.868+0000] {logging_mixin.py:190} INFO - [2026-05-09T19:42:47.867+0000] {dag.py:4180} INFO - Setting next_dagrun for example_xcom to 2021-01-01 00:00:00+00:00, run_after=2021-01-01 00:00:00+00:00
[2026-05-09T19:42:47.886+0000] {processor.py:208} INFO - Processing /home/ec2-user/environment/lab4_model_training/venv/lib64/python3.12/site-packages/airflow/example_dags/example_xcom.py took 0.060 seconds
[2026-05-09T19:43:52.433+0000] {processor.py:186} INFO - Started process (PID=32981) to work on /home/ec2-user/environment/lab4_model_training/venv/lib64/python3.12/site-packages/airflow/example_dags/example_xcom.py
[2026-05-09T19:43:52.434+0000] {processor.py:914} INFO - Processing file /home/ec2-user/environment/lab4_model_training/venv/lib64/python3.12/site-packages/airflow/example_dags/example_xcom.py for tasks to queue
[2026-05-09T19:43:52.436+0000] {logging_mixin.py:190} INFO - [2026-05-09T19:43:52.435+0000] {dagbag.py:588} INFO - Filling up the DagBag from /home/ec2-user/environment/lab4_model_training/venv/lib64/python3.12/site-packages/airflow/example_dags/example_xcom.py
[2026-05-09T19:43:52.443+0000] {processor.py:925} INFO - DAG(s) 'example_xcom' retrieved from /home/ec2-user/environment/lab4_model_training/venv/lib64/python3.12/site-packages/airflow/example_dags/example_xcom.py
[2026-05-09T19:43:52.455+0000] {logging_mixin.py:190} INFO - [2026-05-09T19:43:52.455+0000] {dag.py:3239} INFO - Sync 1 DAGs
[2026-05-09T19:43:52.469+0000] {logging_mixin.py:190} INFO - [2026-05-09T19:43:52.469+0000] {dag.py:4180} INFO - Setting next_dagrun for example_xcom to 2021-01-01 00:00:00+00:00, run_after=2021-01-01 00:00:00+00:00
[2026-05-09T19:43:52.593+0000] {processor.py:208} INFO - Processing /home/ec2-user/environment/lab4_model_training/venv/lib64/python3.12/site-packages/airflow/example_dags/example_xcom.py took 0.165 seconds
[2026-05-09T19:44:59.308+0000] {processor.py:186} INFO - Started process (PID=33145) to work on /home/ec2-user/environment/lab4_model_training/venv/lib64/python3.12/site-packages/airflow/example_dags/example_xcom.py
[2026-05-09T19:44:59.310+0000] {processor.py:914} INFO - Processing file /home/ec2-user/environment/lab4_model_training/venv/lib64/python3.12/site-packages/airflow/example_dags/example_xcom.py for tasks to queue
[2026-05-09T19:44:59.311+0000] {logging_mixin.py:190} INFO - [2026-05-09T19:44:59.311+0000] {dagbag.py:588} INFO - Filling up the DagBag from /home/ec2-user/environment/lab4_model_training/venv/lib64/python3.12/site-packages/airflow/example_dags/example_xcom.py
[2026-05-09T19:44:59.318+0000] {processor.py:925} INFO - DAG(s) 'example_xcom' retrieved from /home/ec2-user/environment/lab4_model_training/venv/lib64/python3.12/site-packages/airflow/example_dags/example_xcom.py
[2026-05-09T19:44:59.330+0000] {logging_mixin.py:190} INFO - [2026-05-09T19:44:59.330+0000] {dag.py:3239} INFO - Sync 1 DAGs
[2026-05-09T19:44:59.345+0000] {logging_mixin.py:190} INFO - [2026-05-09T19:44:59.345+0000] {dag.py:4180} INFO - Setting next_dagrun for example_xcom to 2021-01-01 00:00:00+00:00, run_after=2021-01-01 00:00:00+00:00
[2026-05-09T19:44:59.362+0000] {processor.py:208} INFO - Processing /home/ec2-user/environment/lab4_model_training/venv/lib64/python3.12/site-packages/airflow/example_dags/example_xcom.py took 0.058 seconds
[2026-05-09T19:46:06.263+0000] {processor.py:186} INFO - Started process (PID=33335) to work on /home/ec2-user/environment/lab4_model_training/venv/lib64/python3.12/site-packages/airflow/example_dags/example_xcom.py
[2026-05-09T19:46:06.264+0000] {processor.py:914} INFO - Processing file /home/ec2-user/environment/lab4_model_training/venv/lib64/python3.12/site-packages/airflow/example_dags/example_xcom.py for tasks to queue
[2026-05-09T19:46:06.266+0000] {logging_mixin.py:190} INFO - [2026-05-09T19:46:06.265+0000] {dagbag.py:588} INFO - Filling up the DagBag from /home/ec2-user/environment/lab4_model_training/venv/lib64/python3.12/site-packages/airflow/example_dags/example_xcom.py
[2026-05-09T19:46:06.273+0000] {processor.py:925} INFO - DAG(s) 'example_xcom' retrieved from /home/ec2-user/environment/lab4_model_training/venv/lib64/python3.12/site-packages/airflow/example_dags/example_xcom.py
[2026-05-09T19:46:06.285+0000] {logging_mixin.py:190} INFO - [2026-05-09T19:46:06.285+0000] {dag.py:3239} INFO - Sync 1 DAGs
[2026-05-09T19:46:06.300+0000] {logging_mixin.py:190} INFO - [2026-05-09T19:46:06.300+0000] {dag.py:4180} INFO - Setting next_dagrun for example_xcom to 2021-01-01 00:00:00+00:00, run_after=2021-01-01 00:00:00+00:00
[2026-05-09T19:46:06.318+0000] {processor.py:208} INFO - Processing /home/ec2-user/environment/lab4_model_training/venv/lib64/python3.12/site-packages/airflow/example_dags/example_xcom.py took 0.060 seconds
[2026-05-09T19:47:15.377+0000] {processor.py:186} INFO - Started process (PID=33457) to work on /home/ec2-user/environment/lab4_model_training/venv/lib64/python3.12/site-packages/airflow/example_dags/example_xcom.py
[2026-05-09T19:47:15.378+0000] {processor.py:914} INFO - Processing file /home/ec2-user/environment/lab4_model_training/venv/lib64/python3.12/site-packages/airflow/example_dags/example_xcom.py for tasks to queue
[2026-05-09T19:47:15.380+0000] {logging_mixin.py:190} INFO - [2026-05-09T19:47:15.379+0000] {dagbag.py:588} INFO - Filling up the DagBag from /home/ec2-user/environment/lab4_model_training/venv/lib64/python3.12/site-packages/airflow/example_dags/example_xcom.py
[2026-05-09T19:47:15.387+0000] {processor.py:925} INFO - DAG(s) 'example_xcom' retrieved from /home/ec2-user/environment/lab4_model_training/venv/lib64/python3.12/site-packages/airflow/example_dags/example_xcom.py
[2026-05-09T19:47:15.399+0000] {logging_mixin.py:190} INFO - [2026-05-09T19:47:15.399+0000] {dag.py:3239} INFO - Sync 1 DAGs
[2026-05-09T19:47:15.413+0000] {logging_mixin.py:190} INFO - [2026-05-09T19:47:15.413+0000] {dag.py:4180} INFO - Setting next_dagrun for example_xcom to 2021-01-01 00:00:00+00:00, run_after=2021-01-01 00:00:00+00:00
[2026-05-09T19:47:15.430+0000] {processor.py:208} INFO - Processing /home/ec2-user/environment/lab4_model_training/venv/lib64/python3.12/site-packages/airflow/example_dags/example_xcom.py took 0.058 seconds
[2026-05-09T19:48:22.801+0000] {processor.py:186} INFO - Started process (PID=33631) to work on /home/ec2-user/environment/lab4_model_training/venv/lib64/python3.12/site-packages/airflow/example_dags/example_xcom.py
[2026-05-09T19:48:22.802+0000] {processor.py:914} INFO - Processing file /home/ec2-user/environment/lab4_model_training/venv/lib64/python3.12/site-packages/airflow/example_dags/example_xcom.py for tasks to queue
[2026-05-09T19:48:22.803+0000] {logging_mixin.py:190} INFO - [2026-05-09T19:48:22.803+0000] {dagbag.py:588} INFO - Filling up the DagBag from /home/ec2-user/environment/lab4_model_training/venv/lib64/python3.12/site-packages/airflow/example_dags/example_xcom.py
[2026-05-09T19:48:22.811+0000] {processor.py:925} INFO - DAG(s) 'example_xcom' retrieved from /home/ec2-user/environment/lab4_model_training/venv/lib64/python3.12/site-packages/airflow/example_dags/example_xcom.py
[2026-05-09T19:48:22.823+0000] {logging_mixin.py:190} INFO - [2026-05-09T19:48:22.823+0000] {dag.py:3239} INFO - Sync 1 DAGs
[2026-05-09T19:48:22.939+0000] {logging_mixin.py:190} INFO - [2026-05-09T19:48:22.938+0000] {dag.py:4180} INFO - Setting next_dagrun for example_xcom to 2021-01-01 00:00:00+00:00, run_after=2021-01-01 00:00:00+00:00
[2026-05-09T19:48:22.955+0000] {processor.py:208} INFO - Processing /home/ec2-user/environment/lab4_model_training/venv/lib64/python3.12/site-packages/airflow/example_dags/example_xcom.py took 0.159 seconds
[2026-05-09T19:50:22.296+0000] {processor.py:186} INFO - Started process (PID=33985) to work on /home/ec2-user/environment/lab4_model_training/venv/lib64/python3.12/site-packages/airflow/example_dags/example_xcom.py
[2026-05-09T19:50:22.298+0000] {processor.py:914} INFO - Processing file /home/ec2-user/environment/lab4_model_training/venv/lib64/python3.12/site-packages/airflow/example_dags/example_xcom.py for tasks to queue
[2026-05-09T19:50:22.299+0000] {logging_mixin.py:190} INFO - [2026-05-09T19:50:22.299+0000] {dagbag.py:588} INFO - Filling up the DagBag from /home/ec2-user/environment/lab4_model_training/venv/lib64/python3.12/site-packages/airflow/example_dags/example_xcom.py
[2026-05-09T19:50:22.307+0000] {processor.py:925} INFO - DAG(s) 'example_xcom' retrieved from /home/ec2-user/environment/lab4_model_training/venv/lib64/python3.12/site-packages/airflow/example_dags/example_xcom.py
[2026-05-09T19:50:22.319+0000] {logging_mixin.py:190} INFO - [2026-05-09T19:50:22.319+0000] {dag.py:3239} INFO - Sync 1 DAGs
[2026-05-09T19:50:22.334+0000] {logging_mixin.py:190} INFO - [2026-05-09T19:50:22.334+0000] {dag.py:4180} INFO - Setting next_dagrun for example_xcom to 2021-01-01 00:00:00+00:00, run_after=2021-01-01 00:00:00+00:00
[2026-05-09T19:50:22.351+0000] {processor.py:208} INFO - Processing /home/ec2-user/environment/lab4_model_training/venv/lib64/python3.12/site-packages/airflow/example_dags/example_xcom.py took 0.059 seconds
[2026-05-09T19:51:23.110+0000] {processor.py:186} INFO - Started process (PID=34175) to work on /home/ec2-user/environment/lab4_model_training/venv/lib64/python3.12/site-packages/airflow/example_dags/example_xcom.py
[2026-05-09T19:51:23.111+0000] {processor.py:914} INFO - Processing file /home/ec2-user/environment/lab4_model_training/venv/lib64/python3.12/site-packages/airflow/example_dags/example_xcom.py for tasks to queue
[2026-05-09T19:51:23.112+0000] {logging_mixin.py:190} INFO - [2026-05-09T19:51:23.112+0000] {dagbag.py:588} INFO - Filling up the DagBag from /home/ec2-user/environment/lab4_model_training/venv/lib64/python3.12/site-packages/airflow/example_dags/example_xcom.py
[2026-05-09T19:51:23.119+0000] {processor.py:925} INFO - DAG(s) 'example_xcom' retrieved from /home/ec2-user/environment/lab4_model_training/venv/lib64/python3.12/site-packages/airflow/example_dags/example_xcom.py
[2026-05-09T19:51:23.132+0000] {logging_mixin.py:190} INFO - [2026-05-09T19:51:23.131+0000] {dag.py:3239} INFO - Sync 1 DAGs
[2026-05-09T19:51:23.146+0000] {logging_mixin.py:190} INFO - [2026-05-09T19:51:23.146+0000] {dag.py:4180} INFO - Setting next_dagrun for example_xcom to 2021-01-01 00:00:00+00:00, run_after=2021-01-01 00:00:00+00:00
[2026-05-09T19:51:23.164+0000] {processor.py:208} INFO - Processing /home/ec2-user/environment/lab4_model_training/venv/lib64/python3.12/site-packages/airflow/example_dags/example_xcom.py took 0.059 seconds
[2026-05-09T19:52:23.803+0000] {processor.py:186} INFO - Started process (PID=34450) to work on /home/ec2-user/environment/lab4_model_training/venv/lib64/python3.12/site-packages/airflow/example_dags/example_xcom.py
[2026-05-09T19:52:23.804+0000] {processor.py:914} INFO - Processing file /home/ec2-user/environment/lab4_model_training/venv/lib64/python3.12/site-packages/airflow/example_dags/example_xcom.py for tasks to queue
[2026-05-09T19:52:23.806+0000] {logging_mixin.py:190} INFO - [2026-05-09T19:52:23.806+0000] {dagbag.py:588} INFO - Filling up the DagBag from /home/ec2-user/environment/lab4_model_training/venv/lib64/python3.12/site-packages/airflow/example_dags/example_xcom.py
[2026-05-09T19:52:23.813+0000] {processor.py:925} INFO - DAG(s) 'example_xcom' retrieved from /home/ec2-user/environment/lab4_model_training/venv/lib64/python3.12/site-packages/airflow/example_dags/example_xcom.py
[2026-05-09T19:52:23.826+0000] {logging_mixin.py:190} INFO - [2026-05-09T19:52:23.825+0000] {dag.py:3239} INFO - Sync 1 DAGs
[2026-05-09T19:52:23.840+0000] {logging_mixin.py:190} INFO - [2026-05-09T19:52:23.840+0000] {dag.py:4180} INFO - Setting next_dagrun for example_xcom to 2021-01-01 00:00:00+00:00, run_after=2021-01-01 00:00:00+00:00
[2026-05-09T19:52:23.857+0000] {processor.py:208} INFO - Processing /home/ec2-user/environment/lab4_model_training/venv/lib64/python3.12/site-packages/airflow/example_dags/example_xcom.py took 0.058 seconds
[2026-05-09T19:53:29.923+0000] {processor.py:186} INFO - Started process (PID=34663) to work on /home/ec2-user/environment/lab4_model_training/venv/lib64/python3.12/site-packages/airflow/example_dags/example_xcom.py
[2026-05-09T19:53:29.925+0000] {processor.py:914} INFO - Processing file /home/ec2-user/environment/lab4_model_training/venv/lib64/python3.12/site-packages/airflow/example_dags/example_xcom.py for tasks to queue
[2026-05-09T19:53:29.926+0000] {logging_mixin.py:190} INFO - [2026-05-09T19:53:29.926+0000] {dagbag.py:588} INFO - Filling up the DagBag from /home/ec2-user/environment/lab4_model_training/venv/lib64/python3.12/site-packages/airflow/example_dags/example_xcom.py
[2026-05-09T19:53:29.933+0000] {processor.py:925} INFO - DAG(s) 'example_xcom' retrieved from /home/ec2-user/environment/lab4_model_training/venv/lib64/python3.12/site-packages/airflow/example_dags/example_xcom.py
[2026-05-09T19:53:29.945+0000] {logging_mixin.py:190} INFO - [2026-05-09T19:53:29.945+0000] {dag.py:3239} INFO - Sync 1 DAGs
[2026-05-09T19:53:29.960+0000] {logging_mixin.py:190} INFO - [2026-05-09T19:53:29.960+0000] {dag.py:4180} INFO - Setting next_dagrun for example_xcom to 2021-01-01 00:00:00+00:00, run_after=2021-01-01 00:00:00+00:00
[2026-05-09T19:53:29.977+0000] {processor.py:208} INFO - Processing /home/ec2-user/environment/lab4_model_training/venv/lib64/python3.12/site-packages/airflow/example_dags/example_xcom.py took 0.059 seconds
[2026-05-09T19:54:33.798+0000] {processor.py:186} INFO - Started process (PID=34793) to work on /home/ec2-user/environment/lab4_model_training/venv/lib64/python3.12/site-packages/airflow/example_dags/example_xcom.py
[2026-05-09T19:54:33.799+0000] {processor.py:914} INFO - Processing file /home/ec2-user/environment/lab4_model_training/venv/lib64/python3.12/site-packages/airflow/example_dags/example_xcom.py for tasks to queue
[2026-05-09T19:54:33.800+0000] {logging_mixin.py:190} INFO - [2026-05-09T19:54:33.800+0000] {dagbag.py:588} INFO - Filling up the DagBag from /home/ec2-user/environment/lab4_model_training/venv/lib64/python3.12/site-packages/airflow/example_dags/example_xcom.py
[2026-05-09T19:54:33.807+0000] {processor.py:925} INFO - DAG(s) 'example_xcom' retrieved from /home/ec2-user/environment/lab4_model_training/venv/lib64/python3.12/site-packages/airflow/example_dags/example_xcom.py
[2026-05-09T19:54:33.820+0000] {logging_mixin.py:190} INFO - [2026-05-09T19:54:33.819+0000] {dag.py:3239} INFO - Sync 1 DAGs
[2026-05-09T19:54:33.834+0000] {logging_mixin.py:190} INFO - [2026-05-09T19:54:33.834+0000] {dag.py:4180} INFO - Setting next_dagrun for example_xcom to 2021-01-01 00:00:00+00:00, run_after=2021-01-01 00:00:00+00:00
[2026-05-09T19:54:33.851+0000] {processor.py:208} INFO - Processing /home/ec2-user/environment/lab4_model_training/venv/lib64/python3.12/site-packages/airflow/example_dags/example_xcom.py took 0.058 seconds
[2026-05-09T19:55:40.745+0000] {processor.py:186} INFO - Started process (PID=34971) to work on /home/ec2-user/environment/lab4_model_training/venv/lib64/python3.12/site-packages/airflow/example_dags/example_xcom.py
[2026-05-09T19:55:40.746+0000] {processor.py:914} INFO - Processing file /home/ec2-user/environment/lab4_model_training/venv/lib64/python3.12/site-packages/airflow/example_dags/example_xcom.py for tasks to queue
[2026-05-09T19:55:40.747+0000] {logging_mixin.py:190} INFO - [2026-05-09T19:55:40.747+0000] {dagbag.py:588} INFO - Filling up the DagBag from /home/ec2-user/environment/lab4_model_training/venv/lib64/python3.12/site-packages/airflow/example_dags/example_xcom.py
[2026-05-09T19:55:40.755+0000] {processor.py:925} INFO - DAG(s) 'example_xcom' retrieved from /home/ec2-user/environment/lab4_model_training/venv/lib64/python3.12/site-packages/airflow/example_dags/example_xcom.py
[2026-05-09T19:55:40.767+0000] {logging_mixin.py:190} INFO - [2026-05-09T19:55:40.767+0000] {dag.py:3239} INFO - Sync 1 DAGs
[2026-05-09T19:55:40.782+0000] {logging_mixin.py:190} INFO - [2026-05-09T19:55:40.782+0000] {dag.py:4180} INFO - Setting next_dagrun for example_xcom to 2021-01-01 00:00:00+00:00, run_after=2021-01-01 00:00:00+00:00
[2026-05-09T19:55:40.800+0000] {processor.py:208} INFO - Processing /home/ec2-user/environment/lab4_model_training/venv/lib64/python3.12/site-packages/airflow/example_dags/example_xcom.py took 0.060 seconds
[2026-05-09T19:56:48.642+0000] {processor.py:186} INFO - Started process (PID=35092) to work on /home/ec2-user/environment/lab4_model_training/venv/lib64/python3.12/site-packages/airflow/example_dags/example_xcom.py
[2026-05-09T19:56:48.643+0000] {processor.py:914} INFO - Processing file /home/ec2-user/environment/lab4_model_training/venv/lib64/python3.12/site-packages/airflow/example_dags/example_xcom.py for tasks to queue
[2026-05-09T19:56:48.644+0000] {logging_mixin.py:190} INFO - [2026-05-09T19:56:48.644+0000] {dagbag.py:588} INFO - Filling up the DagBag from /home/ec2-user/environment/lab4_model_training/venv/lib64/python3.12/site-packages/airflow/example_dags/example_xcom.py
[2026-05-09T19:56:48.652+0000] {processor.py:925} INFO - DAG(s) 'example_xcom' retrieved from /home/ec2-user/environment/lab4_model_training/venv/lib64/python3.12/site-packages/airflow/example_dags/example_xcom.py
[2026-05-09T19:56:48.665+0000] {logging_mixin.py:190} INFO - [2026-05-09T19:56:48.664+0000] {dag.py:3239} INFO - Sync 1 DAGs
[2026-05-09T19:56:48.678+0000] {logging_mixin.py:190} INFO - [2026-05-09T19:56:48.678+0000] {dag.py:4180} INFO - Setting next_dagrun for example_xcom to 2021-01-01 00:00:00+00:00, run_after=2021-01-01 00:00:00+00:00
[2026-05-09T19:56:48.695+0000] {processor.py:208} INFO - Processing /home/ec2-user/environment/lab4_model_training/venv/lib64/python3.12/site-packages/airflow/example_dags/example_xcom.py took 0.059 seconds
[2026-05-09T19:57:50.632+0000] {processor.py:186} INFO - Started process (PID=35259) to work on /home/ec2-user/environment/lab4_model_training/venv/lib64/python3.12/site-packages/airflow/example_dags/example_xcom.py
[2026-05-09T19:57:50.633+0000] {processor.py:914} INFO - Processing file /home/ec2-user/environment/lab4_model_training/venv/lib64/python3.12/site-packages/airflow/example_dags/example_xcom.py for tasks to queue
[2026-05-09T19:57:50.635+0000] {logging_mixin.py:190} INFO - [2026-05-09T19:57:50.634+0000] {dagbag.py:588} INFO - Filling up the DagBag from /home/ec2-user/environment/lab4_model_training/venv/lib64/python3.12/site-packages/airflow/example_dags/example_xcom.py
[2026-05-09T19:57:50.642+0000] {processor.py:925} INFO - DAG(s) 'example_xcom' retrieved from /home/ec2-user/environment/lab4_model_training/venv/lib64/python3.12/site-packages/airflow/example_dags/example_xcom.py
[2026-05-09T19:57:50.655+0000] {logging_mixin.py:190} INFO - [2026-05-09T19:57:50.655+0000] {dag.py:3239} INFO - Sync 1 DAGs
[2026-05-09T19:57:50.669+0000] {logging_mixin.py:190} INFO - [2026-05-09T19:57:50.669+0000] {dag.py:4180} INFO - Setting next_dagrun for example_xcom to 2021-01-01 00:00:00+00:00, run_after=2021-01-01 00:00:00+00:00
[2026-05-09T19:57:50.686+0000] {processor.py:208} INFO - Processing /home/ec2-user/environment/lab4_model_training/venv/lib64/python3.12/site-packages/airflow/example_dags/example_xcom.py took 0.059 seconds
[2026-05-09T19:58:54.544+0000] {processor.py:186} INFO - Started process (PID=35404) to work on /home/ec2-user/environment/lab4_model_training/venv/lib64/python3.12/site-packages/airflow/example_dags/example_xcom.py
[2026-05-09T19:58:54.546+0000] {processor.py:914} INFO - Processing file /home/ec2-user/environment/lab4_model_training/venv/lib64/python3.12/site-packages/airflow/example_dags/example_xcom.py for tasks to queue
[2026-05-09T19:58:54.547+0000] {logging_mixin.py:190} INFO - [2026-05-09T19:58:54.547+0000] {dagbag.py:588} INFO - Filling up the DagBag from /home/ec2-user/environment/lab4_model_training/venv/lib64/python3.12/site-packages/airflow/example_dags/example_xcom.py
[2026-05-09T19:58:54.554+0000] {processor.py:925} INFO - DAG(s) 'example_xcom' retrieved from /home/ec2-user/environment/lab4_model_training/venv/lib64/python3.12/site-packages/airflow/example_dags/example_xcom.py
[2026-05-09T19:58:54.567+0000] {logging_mixin.py:190} INFO - [2026-05-09T19:58:54.567+0000] {dag.py:3239} INFO - Sync 1 DAGs
[2026-05-09T19:58:54.581+0000] {logging_mixin.py:190} INFO - [2026-05-09T19:58:54.581+0000] {dag.py:4180} INFO - Setting next_dagrun for example_xcom to 2021-01-01 00:00:00+00:00, run_after=2021-01-01 00:00:00+00:00
[2026-05-09T19:58:54.599+0000] {processor.py:208} INFO - Processing /home/ec2-user/environment/lab4_model_training/venv/lib64/python3.12/site-packages/airflow/example_dags/example_xcom.py took 0.059 seconds
