[2026-05-09T18:54:49.887+0000] {processor.py:186} INFO - Started process (PID=18914) to work on /home/ec2-user/environment/lab4_model_training/venv/lib64/python3.12/site-packages/airflow/example_dags/example_sensors.py
[2026-05-09T18:54:49.887+0000] {processor.py:914} INFO - Processing file /home/ec2-user/environment/lab4_model_training/venv/lib64/python3.12/site-packages/airflow/example_dags/example_sensors.py for tasks to queue
[2026-05-09T18:54:49.889+0000] {logging_mixin.py:190} INFO - [2026-05-09T18:54:49.888+0000] {dagbag.py:588} INFO - Filling up the DagBag from /home/ec2-user/environment/lab4_model_training/venv/lib64/python3.12/site-packages/airflow/example_dags/example_sensors.py
[2026-05-09T18:54:49.897+0000] {processor.py:925} INFO - DAG(s) 'example_sensors' retrieved from /home/ec2-user/environment/lab4_model_training/venv/lib64/python3.12/site-packages/airflow/example_dags/example_sensors.py
[2026-05-09T18:54:49.915+0000] {logging_mixin.py:190} INFO - [2026-05-09T18:54:49.915+0000] {dag.py:3239} INFO - Sync 1 DAGs
[2026-05-09T18:54:49.925+0000] {logging_mixin.py:190} INFO - [2026-05-09T18:54:49.925+0000] {dag.py:4180} INFO - Setting next_dagrun for example_sensors to None, run_after=None
[2026-05-09T18:54:49.943+0000] {processor.py:208} INFO - Processing /home/ec2-user/environment/lab4_model_training/venv/lib64/python3.12/site-packages/airflow/example_dags/example_sensors.py took 0.061 seconds
[2026-05-09T18:55:53.328+0000] {processor.py:186} INFO - Started process (PID=19341) to work on /home/ec2-user/environment/lab4_model_training/venv/lib64/python3.12/site-packages/airflow/example_dags/example_sensors.py
[2026-05-09T18:55:53.330+0000] {processor.py:914} INFO - Processing file /home/ec2-user/environment/lab4_model_training/venv/lib64/python3.12/site-packages/airflow/example_dags/example_sensors.py for tasks to queue
[2026-05-09T18:55:53.332+0000] {logging_mixin.py:190} INFO - [2026-05-09T18:55:53.331+0000] {dagbag.py:588} INFO - Filling up the DagBag from /home/ec2-user/environment/lab4_model_training/venv/lib64/python3.12/site-packages/airflow/example_dags/example_sensors.py
[2026-05-09T18:55:53.343+0000] {processor.py:925} INFO - DAG(s) 'example_sensors' retrieved from /home/ec2-user/environment/lab4_model_training/venv/lib64/python3.12/site-packages/airflow/example_dags/example_sensors.py
[2026-05-09T18:55:53.362+0000] {logging_mixin.py:190} INFO - [2026-05-09T18:55:53.362+0000] {dag.py:3239} INFO - Sync 1 DAGs
[2026-05-09T18:55:53.373+0000] {logging_mixin.py:190} INFO - [2026-05-09T18:55:53.373+0000] {dag.py:4180} INFO - Setting next_dagrun for example_sensors to None, run_after=None
[2026-05-09T18:55:53.393+0000] {processor.py:208} INFO - Processing /home/ec2-user/environment/lab4_model_training/venv/lib64/python3.12/site-packages/airflow/example_dags/example_sensors.py took 0.069 seconds
[2026-05-09T18:56:59.738+0000] {processor.py:186} INFO - Started process (PID=19666) to work on /home/ec2-user/environment/lab4_model_training/venv/lib64/python3.12/site-packages/airflow/example_dags/example_sensors.py
[2026-05-09T18:56:59.739+0000] {processor.py:914} INFO - Processing file /home/ec2-user/environment/lab4_model_training/venv/lib64/python3.12/site-packages/airflow/example_dags/example_sensors.py for tasks to queue
[2026-05-09T18:56:59.740+0000] {logging_mixin.py:190} INFO - [2026-05-09T18:56:59.740+0000] {dagbag.py:588} INFO - Filling up the DagBag from /home/ec2-user/environment/lab4_model_training/venv/lib64/python3.12/site-packages/airflow/example_dags/example_sensors.py
[2026-05-09T18:56:59.749+0000] {processor.py:925} INFO - DAG(s) 'example_sensors' retrieved from /home/ec2-user/environment/lab4_model_training/venv/lib64/python3.12/site-packages/airflow/example_dags/example_sensors.py
[2026-05-09T18:56:59.765+0000] {logging_mixin.py:190} INFO - [2026-05-09T18:56:59.765+0000] {dag.py:3239} INFO - Sync 1 DAGs
[2026-05-09T18:56:59.775+0000] {logging_mixin.py:190} INFO - [2026-05-09T18:56:59.775+0000] {dag.py:4180} INFO - Setting next_dagrun for example_sensors to None, run_after=None
[2026-05-09T18:56:59.793+0000] {processor.py:208} INFO - Processing /home/ec2-user/environment/lab4_model_training/venv/lib64/python3.12/site-packages/airflow/example_dags/example_sensors.py took 0.060 seconds
[2026-05-09T18:58:07.300+0000] {processor.py:186} INFO - Started process (PID=20077) to work on /home/ec2-user/environment/lab4_model_training/venv/lib64/python3.12/site-packages/airflow/example_dags/example_sensors.py
[2026-05-09T18:58:07.301+0000] {processor.py:914} INFO - Processing file /home/ec2-user/environment/lab4_model_training/venv/lib64/python3.12/site-packages/airflow/example_dags/example_sensors.py for tasks to queue
[2026-05-09T18:58:07.303+0000] {logging_mixin.py:190} INFO - [2026-05-09T18:58:07.303+0000] {dagbag.py:588} INFO - Filling up the DagBag from /home/ec2-user/environment/lab4_model_training/venv/lib64/python3.12/site-packages/airflow/example_dags/example_sensors.py
[2026-05-09T18:58:07.312+0000] {processor.py:925} INFO - DAG(s) 'example_sensors' retrieved from /home/ec2-user/environment/lab4_model_training/venv/lib64/python3.12/site-packages/airflow/example_dags/example_sensors.py
[2026-05-09T18:58:07.328+0000] {logging_mixin.py:190} INFO - [2026-05-09T18:58:07.328+0000] {dag.py:3239} INFO - Sync 1 DAGs
[2026-05-09T18:58:07.338+0000] {logging_mixin.py:190} INFO - [2026-05-09T18:58:07.337+0000] {dag.py:4180} INFO - Setting next_dagrun for example_sensors to None, run_after=None
[2026-05-09T18:58:07.356+0000] {processor.py:208} INFO - Processing /home/ec2-user/environment/lab4_model_training/venv/lib64/python3.12/site-packages/airflow/example_dags/example_sensors.py took 0.060 seconds
[2026-05-09T18:59:14.123+0000] {processor.py:186} INFO - Started process (PID=20419) to work on /home/ec2-user/environment/lab4_model_training/venv/lib64/python3.12/site-packages/airflow/example_dags/example_sensors.py
[2026-05-09T18:59:14.125+0000] {processor.py:914} INFO - Processing file /home/ec2-user/environment/lab4_model_training/venv/lib64/python3.12/site-packages/airflow/example_dags/example_sensors.py for tasks to queue
[2026-05-09T18:59:14.126+0000] {logging_mixin.py:190} INFO - [2026-05-09T18:59:14.126+0000] {dagbag.py:588} INFO - Filling up the DagBag from /home/ec2-user/environment/lab4_model_training/venv/lib64/python3.12/site-packages/airflow/example_dags/example_sensors.py
[2026-05-09T18:59:14.135+0000] {processor.py:925} INFO - DAG(s) 'example_sensors' retrieved from /home/ec2-user/environment/lab4_model_training/venv/lib64/python3.12/site-packages/airflow/example_dags/example_sensors.py
[2026-05-09T18:59:14.151+0000] {logging_mixin.py:190} INFO - [2026-05-09T18:59:14.151+0000] {dag.py:3239} INFO - Sync 1 DAGs
[2026-05-09T18:59:14.160+0000] {logging_mixin.py:190} INFO - [2026-05-09T18:59:14.160+0000] {dag.py:4180} INFO - Setting next_dagrun for example_sensors to None, run_after=None
[2026-05-09T18:59:14.179+0000] {processor.py:208} INFO - Processing /home/ec2-user/environment/lab4_model_training/venv/lib64/python3.12/site-packages/airflow/example_dags/example_sensors.py took 0.060 seconds
[2026-05-09T19:00:16.200+0000] {processor.py:186} INFO - Started process (PID=20684) to work on /home/ec2-user/environment/lab4_model_training/venv/lib64/python3.12/site-packages/airflow/example_dags/example_sensors.py
[2026-05-09T19:00:16.201+0000] {processor.py:914} INFO - Processing file /home/ec2-user/environment/lab4_model_training/venv/lib64/python3.12/site-packages/airflow/example_dags/example_sensors.py for tasks to queue
[2026-05-09T19:00:16.203+0000] {logging_mixin.py:190} INFO - [2026-05-09T19:00:16.203+0000] {dagbag.py:588} INFO - Filling up the DagBag from /home/ec2-user/environment/lab4_model_training/venv/lib64/python3.12/site-packages/airflow/example_dags/example_sensors.py
[2026-05-09T19:00:16.212+0000] {processor.py:925} INFO - DAG(s) 'example_sensors' retrieved from /home/ec2-user/environment/lab4_model_training/venv/lib64/python3.12/site-packages/airflow/example_dags/example_sensors.py
[2026-05-09T19:00:16.228+0000] {logging_mixin.py:190} INFO - [2026-05-09T19:00:16.228+0000] {dag.py:3239} INFO - Sync 1 DAGs
[2026-05-09T19:00:16.238+0000] {logging_mixin.py:190} INFO - [2026-05-09T19:00:16.238+0000] {dag.py:4180} INFO - Setting next_dagrun for example_sensors to None, run_after=None
[2026-05-09T19:00:16.256+0000] {processor.py:208} INFO - Processing /home/ec2-user/environment/lab4_model_training/venv/lib64/python3.12/site-packages/airflow/example_dags/example_sensors.py took 0.060 seconds
[2026-05-09T19:01:23.341+0000] {processor.py:186} INFO - Started process (PID=21095) to work on /home/ec2-user/environment/lab4_model_training/venv/lib64/python3.12/site-packages/airflow/example_dags/example_sensors.py
[2026-05-09T19:01:23.342+0000] {processor.py:914} INFO - Processing file /home/ec2-user/environment/lab4_model_training/venv/lib64/python3.12/site-packages/airflow/example_dags/example_sensors.py for tasks to queue
[2026-05-09T19:01:23.344+0000] {logging_mixin.py:190} INFO - [2026-05-09T19:01:23.344+0000] {dagbag.py:588} INFO - Filling up the DagBag from /home/ec2-user/environment/lab4_model_training/venv/lib64/python3.12/site-packages/airflow/example_dags/example_sensors.py
[2026-05-09T19:01:23.353+0000] {processor.py:925} INFO - DAG(s) 'example_sensors' retrieved from /home/ec2-user/environment/lab4_model_training/venv/lib64/python3.12/site-packages/airflow/example_dags/example_sensors.py
[2026-05-09T19:01:23.369+0000] {logging_mixin.py:190} INFO - [2026-05-09T19:01:23.369+0000] {dag.py:3239} INFO - Sync 1 DAGs
[2026-05-09T19:01:23.378+0000] {logging_mixin.py:190} INFO - [2026-05-09T19:01:23.378+0000] {dag.py:4180} INFO - Setting next_dagrun for example_sensors to None, run_after=None
[2026-05-09T19:01:23.396+0000] {processor.py:208} INFO - Processing /home/ec2-user/environment/lab4_model_training/venv/lib64/python3.12/site-packages/airflow/example_dags/example_sensors.py took 0.060 seconds
[2026-05-09T19:02:25.316+0000] {processor.py:186} INFO - Started process (PID=21441) to work on /home/ec2-user/environment/lab4_model_training/venv/lib64/python3.12/site-packages/airflow/example_dags/example_sensors.py
[2026-05-09T19:02:25.317+0000] {processor.py:914} INFO - Processing file /home/ec2-user/environment/lab4_model_training/venv/lib64/python3.12/site-packages/airflow/example_dags/example_sensors.py for tasks to queue
[2026-05-09T19:02:25.319+0000] {logging_mixin.py:190} INFO - [2026-05-09T19:02:25.319+0000] {dagbag.py:588} INFO - Filling up the DagBag from /home/ec2-user/environment/lab4_model_training/venv/lib64/python3.12/site-packages/airflow/example_dags/example_sensors.py
[2026-05-09T19:02:25.328+0000] {processor.py:925} INFO - DAG(s) 'example_sensors' retrieved from /home/ec2-user/environment/lab4_model_training/venv/lib64/python3.12/site-packages/airflow/example_dags/example_sensors.py
[2026-05-09T19:02:25.344+0000] {logging_mixin.py:190} INFO - [2026-05-09T19:02:25.344+0000] {dag.py:3239} INFO - Sync 1 DAGs
[2026-05-09T19:02:25.354+0000] {logging_mixin.py:190} INFO - [2026-05-09T19:02:25.354+0000] {dag.py:4180} INFO - Setting next_dagrun for example_sensors to None, run_after=None
[2026-05-09T19:02:25.373+0000] {processor.py:208} INFO - Processing /home/ec2-user/environment/lab4_model_training/venv/lib64/python3.12/site-packages/airflow/example_dags/example_sensors.py took 0.061 seconds
[2026-05-09T19:03:28.103+0000] {processor.py:186} INFO - Started process (PID=21730) to work on /home/ec2-user/environment/lab4_model_training/venv/lib64/python3.12/site-packages/airflow/example_dags/example_sensors.py
[2026-05-09T19:03:28.104+0000] {processor.py:914} INFO - Processing file /home/ec2-user/environment/lab4_model_training/venv/lib64/python3.12/site-packages/airflow/example_dags/example_sensors.py for tasks to queue
[2026-05-09T19:03:28.106+0000] {logging_mixin.py:190} INFO - [2026-05-09T19:03:28.105+0000] {dagbag.py:588} INFO - Filling up the DagBag from /home/ec2-user/environment/lab4_model_training/venv/lib64/python3.12/site-packages/airflow/example_dags/example_sensors.py
[2026-05-09T19:03:28.118+0000] {processor.py:925} INFO - DAG(s) 'example_sensors' retrieved from /home/ec2-user/environment/lab4_model_training/venv/lib64/python3.12/site-packages/airflow/example_dags/example_sensors.py
[2026-05-09T19:03:28.135+0000] {logging_mixin.py:190} INFO - [2026-05-09T19:03:28.135+0000] {dag.py:3239} INFO - Sync 1 DAGs
[2026-05-09T19:03:28.145+0000] {logging_mixin.py:190} INFO - [2026-05-09T19:03:28.145+0000] {dag.py:4180} INFO - Setting next_dagrun for example_sensors to None, run_after=None
[2026-05-09T19:03:28.165+0000] {processor.py:208} INFO - Processing /home/ec2-user/environment/lab4_model_training/venv/lib64/python3.12/site-packages/airflow/example_dags/example_sensors.py took 0.066 seconds
[2026-05-09T19:04:33.439+0000] {processor.py:186} INFO - Started process (PID=22128) to work on /home/ec2-user/environment/lab4_model_training/venv/lib64/python3.12/site-packages/airflow/example_dags/example_sensors.py
[2026-05-09T19:04:33.440+0000] {processor.py:914} INFO - Processing file /home/ec2-user/environment/lab4_model_training/venv/lib64/python3.12/site-packages/airflow/example_dags/example_sensors.py for tasks to queue
[2026-05-09T19:04:33.441+0000] {logging_mixin.py:190} INFO - [2026-05-09T19:04:33.441+0000] {dagbag.py:588} INFO - Filling up the DagBag from /home/ec2-user/environment/lab4_model_training/venv/lib64/python3.12/site-packages/airflow/example_dags/example_sensors.py
[2026-05-09T19:04:33.450+0000] {processor.py:925} INFO - DAG(s) 'example_sensors' retrieved from /home/ec2-user/environment/lab4_model_training/venv/lib64/python3.12/site-packages/airflow/example_dags/example_sensors.py
[2026-05-09T19:04:33.466+0000] {logging_mixin.py:190} INFO - [2026-05-09T19:04:33.466+0000] {dag.py:3239} INFO - Sync 1 DAGs
[2026-05-09T19:04:33.476+0000] {logging_mixin.py:190} INFO - [2026-05-09T19:04:33.476+0000] {dag.py:4180} INFO - Setting next_dagrun for example_sensors to None, run_after=None
[2026-05-09T19:04:33.494+0000] {processor.py:208} INFO - Processing /home/ec2-user/environment/lab4_model_training/venv/lib64/python3.12/site-packages/airflow/example_dags/example_sensors.py took 0.060 seconds
[2026-05-09T19:05:36.002+0000] {processor.py:186} INFO - Started process (PID=22530) to work on /home/ec2-user/environment/lab4_model_training/venv/lib64/python3.12/site-packages/airflow/example_dags/example_sensors.py
[2026-05-09T19:05:36.003+0000] {processor.py:914} INFO - Processing file /home/ec2-user/environment/lab4_model_training/venv/lib64/python3.12/site-packages/airflow/example_dags/example_sensors.py for tasks to queue
[2026-05-09T19:05:36.005+0000] {logging_mixin.py:190} INFO - [2026-05-09T19:05:36.004+0000] {dagbag.py:588} INFO - Filling up the DagBag from /home/ec2-user/environment/lab4_model_training/venv/lib64/python3.12/site-packages/airflow/example_dags/example_sensors.py
[2026-05-09T19:05:36.013+0000] {processor.py:925} INFO - DAG(s) 'example_sensors' retrieved from /home/ec2-user/environment/lab4_model_training/venv/lib64/python3.12/site-packages/airflow/example_dags/example_sensors.py
[2026-05-09T19:05:36.029+0000] {logging_mixin.py:190} INFO - [2026-05-09T19:05:36.029+0000] {dag.py:3239} INFO - Sync 1 DAGs
[2026-05-09T19:05:36.039+0000] {logging_mixin.py:190} INFO - [2026-05-09T19:05:36.038+0000] {dag.py:4180} INFO - Setting next_dagrun for example_sensors to None, run_after=None
[2026-05-09T19:05:36.056+0000] {processor.py:208} INFO - Processing /home/ec2-user/environment/lab4_model_training/venv/lib64/python3.12/site-packages/airflow/example_dags/example_sensors.py took 0.059 seconds
[2026-05-09T19:06:38.662+0000] {processor.py:186} INFO - Started process (PID=22838) to work on /home/ec2-user/environment/lab4_model_training/venv/lib64/python3.12/site-packages/airflow/example_dags/example_sensors.py
[2026-05-09T19:06:38.663+0000] {processor.py:914} INFO - Processing file /home/ec2-user/environment/lab4_model_training/venv/lib64/python3.12/site-packages/airflow/example_dags/example_sensors.py for tasks to queue
[2026-05-09T19:06:38.665+0000] {logging_mixin.py:190} INFO - [2026-05-09T19:06:38.665+0000] {dagbag.py:588} INFO - Filling up the DagBag from /home/ec2-user/environment/lab4_model_training/venv/lib64/python3.12/site-packages/airflow/example_dags/example_sensors.py
[2026-05-09T19:06:38.674+0000] {processor.py:925} INFO - DAG(s) 'example_sensors' retrieved from /home/ec2-user/environment/lab4_model_training/venv/lib64/python3.12/site-packages/airflow/example_dags/example_sensors.py
[2026-05-09T19:06:38.695+0000] {logging_mixin.py:190} INFO - [2026-05-09T19:06:38.695+0000] {dag.py:3239} INFO - Sync 1 DAGs
[2026-05-09T19:06:38.707+0000] {logging_mixin.py:190} INFO - [2026-05-09T19:06:38.707+0000] {dag.py:4180} INFO - Setting next_dagrun for example_sensors to None, run_after=None
[2026-05-09T19:06:38.729+0000] {processor.py:208} INFO - Processing /home/ec2-user/environment/lab4_model_training/venv/lib64/python3.12/site-packages/airflow/example_dags/example_sensors.py took 0.071 seconds
[2026-05-09T19:07:43.654+0000] {processor.py:186} INFO - Started process (PID=23168) to work on /home/ec2-user/environment/lab4_model_training/venv/lib64/python3.12/site-packages/airflow/example_dags/example_sensors.py
[2026-05-09T19:07:43.656+0000] {processor.py:914} INFO - Processing file /home/ec2-user/environment/lab4_model_training/venv/lib64/python3.12/site-packages/airflow/example_dags/example_sensors.py for tasks to queue
[2026-05-09T19:07:43.658+0000] {logging_mixin.py:190} INFO - [2026-05-09T19:07:43.657+0000] {dagbag.py:588} INFO - Filling up the DagBag from /home/ec2-user/environment/lab4_model_training/venv/lib64/python3.12/site-packages/airflow/example_dags/example_sensors.py
[2026-05-09T19:07:43.670+0000] {processor.py:925} INFO - DAG(s) 'example_sensors' retrieved from /home/ec2-user/environment/lab4_model_training/venv/lib64/python3.12/site-packages/airflow/example_dags/example_sensors.py
[2026-05-09T19:07:43.687+0000] {logging_mixin.py:190} INFO - [2026-05-09T19:07:43.687+0000] {dag.py:3239} INFO - Sync 1 DAGs
[2026-05-09T19:07:43.698+0000] {logging_mixin.py:190} INFO - [2026-05-09T19:07:43.698+0000] {dag.py:4180} INFO - Setting next_dagrun for example_sensors to None, run_after=None
[2026-05-09T19:07:43.717+0000] {processor.py:208} INFO - Processing /home/ec2-user/environment/lab4_model_training/venv/lib64/python3.12/site-packages/airflow/example_dags/example_sensors.py took 0.067 seconds
[2026-05-09T19:08:47.898+0000] {processor.py:186} INFO - Started process (PID=23511) to work on /home/ec2-user/environment/lab4_model_training/venv/lib64/python3.12/site-packages/airflow/example_dags/example_sensors.py
[2026-05-09T19:08:47.899+0000] {processor.py:914} INFO - Processing file /home/ec2-user/environment/lab4_model_training/venv/lib64/python3.12/site-packages/airflow/example_dags/example_sensors.py for tasks to queue
[2026-05-09T19:08:47.901+0000] {logging_mixin.py:190} INFO - [2026-05-09T19:08:47.901+0000] {dagbag.py:588} INFO - Filling up the DagBag from /home/ec2-user/environment/lab4_model_training/venv/lib64/python3.12/site-packages/airflow/example_dags/example_sensors.py
[2026-05-09T19:08:47.913+0000] {processor.py:925} INFO - DAG(s) 'example_sensors' retrieved from /home/ec2-user/environment/lab4_model_training/venv/lib64/python3.12/site-packages/airflow/example_dags/example_sensors.py
[2026-05-09T19:08:47.932+0000] {logging_mixin.py:190} INFO - [2026-05-09T19:08:47.931+0000] {dag.py:3239} INFO - Sync 1 DAGs
[2026-05-09T19:08:47.942+0000] {logging_mixin.py:190} INFO - [2026-05-09T19:08:47.942+0000] {dag.py:4180} INFO - Setting next_dagrun for example_sensors to None, run_after=None
[2026-05-09T19:08:47.961+0000] {processor.py:208} INFO - Processing /home/ec2-user/environment/lab4_model_training/venv/lib64/python3.12/site-packages/airflow/example_dags/example_sensors.py took 0.068 seconds
[2026-05-09T19:09:52.895+0000] {processor.py:186} INFO - Started process (PID=23804) to work on /home/ec2-user/environment/lab4_model_training/venv/lib64/python3.12/site-packages/airflow/example_dags/example_sensors.py
[2026-05-09T19:09:52.896+0000] {processor.py:914} INFO - Processing file /home/ec2-user/environment/lab4_model_training/venv/lib64/python3.12/site-packages/airflow/example_dags/example_sensors.py for tasks to queue
[2026-05-09T19:09:52.898+0000] {logging_mixin.py:190} INFO - [2026-05-09T19:09:52.898+0000] {dagbag.py:588} INFO - Filling up the DagBag from /home/ec2-user/environment/lab4_model_training/venv/lib64/python3.12/site-packages/airflow/example_dags/example_sensors.py
[2026-05-09T19:09:52.912+0000] {processor.py:925} INFO - DAG(s) 'example_sensors' retrieved from /home/ec2-user/environment/lab4_model_training/venv/lib64/python3.12/site-packages/airflow/example_dags/example_sensors.py
[2026-05-09T19:09:52.929+0000] {logging_mixin.py:190} INFO - [2026-05-09T19:09:52.929+0000] {dag.py:3239} INFO - Sync 1 DAGs
[2026-05-09T19:09:52.938+0000] {logging_mixin.py:190} INFO - [2026-05-09T19:09:52.938+0000] {dag.py:4180} INFO - Setting next_dagrun for example_sensors to None, run_after=None
[2026-05-09T19:09:52.956+0000] {processor.py:208} INFO - Processing /home/ec2-user/environment/lab4_model_training/venv/lib64/python3.12/site-packages/airflow/example_dags/example_sensors.py took 0.066 seconds
[2026-05-09T19:10:58.007+0000] {processor.py:186} INFO - Started process (PID=24187) to work on /home/ec2-user/environment/lab4_model_training/venv/lib64/python3.12/site-packages/airflow/example_dags/example_sensors.py
[2026-05-09T19:10:58.008+0000] {processor.py:914} INFO - Processing file /home/ec2-user/environment/lab4_model_training/venv/lib64/python3.12/site-packages/airflow/example_dags/example_sensors.py for tasks to queue
[2026-05-09T19:10:58.010+0000] {logging_mixin.py:190} INFO - [2026-05-09T19:10:58.009+0000] {dagbag.py:588} INFO - Filling up the DagBag from /home/ec2-user/environment/lab4_model_training/venv/lib64/python3.12/site-packages/airflow/example_dags/example_sensors.py
[2026-05-09T19:10:58.022+0000] {processor.py:925} INFO - DAG(s) 'example_sensors' retrieved from /home/ec2-user/environment/lab4_model_training/venv/lib64/python3.12/site-packages/airflow/example_dags/example_sensors.py
[2026-05-09T19:10:58.039+0000] {logging_mixin.py:190} INFO - [2026-05-09T19:10:58.039+0000] {dag.py:3239} INFO - Sync 1 DAGs
[2026-05-09T19:10:58.049+0000] {logging_mixin.py:190} INFO - [2026-05-09T19:10:58.049+0000] {dag.py:4180} INFO - Setting next_dagrun for example_sensors to None, run_after=None
[2026-05-09T19:10:58.069+0000] {processor.py:208} INFO - Processing /home/ec2-user/environment/lab4_model_training/venv/lib64/python3.12/site-packages/airflow/example_dags/example_sensors.py took 0.067 seconds
[2026-05-09T19:12:07.778+0000] {processor.py:186} INFO - Started process (PID=24554) to work on /home/ec2-user/environment/lab4_model_training/venv/lib64/python3.12/site-packages/airflow/example_dags/example_sensors.py
[2026-05-09T19:12:07.779+0000] {processor.py:914} INFO - Processing file /home/ec2-user/environment/lab4_model_training/venv/lib64/python3.12/site-packages/airflow/example_dags/example_sensors.py for tasks to queue
[2026-05-09T19:12:07.781+0000] {logging_mixin.py:190} INFO - [2026-05-09T19:12:07.781+0000] {dagbag.py:588} INFO - Filling up the DagBag from /home/ec2-user/environment/lab4_model_training/venv/lib64/python3.12/site-packages/airflow/example_dags/example_sensors.py
[2026-05-09T19:12:07.790+0000] {processor.py:925} INFO - DAG(s) 'example_sensors' retrieved from /home/ec2-user/environment/lab4_model_training/venv/lib64/python3.12/site-packages/airflow/example_dags/example_sensors.py
[2026-05-09T19:12:07.806+0000] {logging_mixin.py:190} INFO - [2026-05-09T19:12:07.806+0000] {dag.py:3239} INFO - Sync 1 DAGs
[2026-05-09T19:12:07.816+0000] {logging_mixin.py:190} INFO - [2026-05-09T19:12:07.816+0000] {dag.py:4180} INFO - Setting next_dagrun for example_sensors to None, run_after=None
[2026-05-09T19:12:07.833+0000] {processor.py:208} INFO - Processing /home/ec2-user/environment/lab4_model_training/venv/lib64/python3.12/site-packages/airflow/example_dags/example_sensors.py took 0.059 seconds
[2026-05-09T19:13:13.450+0000] {processor.py:186} INFO - Started process (PID=24985) to work on /home/ec2-user/environment/lab4_model_training/venv/lib64/python3.12/site-packages/airflow/example_dags/example_sensors.py
[2026-05-09T19:13:13.452+0000] {processor.py:914} INFO - Processing file /home/ec2-user/environment/lab4_model_training/venv/lib64/python3.12/site-packages/airflow/example_dags/example_sensors.py for tasks to queue
[2026-05-09T19:13:13.454+0000] {logging_mixin.py:190} INFO - [2026-05-09T19:13:13.454+0000] {dagbag.py:588} INFO - Filling up the DagBag from /home/ec2-user/environment/lab4_model_training/venv/lib64/python3.12/site-packages/airflow/example_dags/example_sensors.py
[2026-05-09T19:13:13.466+0000] {processor.py:925} INFO - DAG(s) 'example_sensors' retrieved from /home/ec2-user/environment/lab4_model_training/venv/lib64/python3.12/site-packages/airflow/example_dags/example_sensors.py
[2026-05-09T19:13:13.483+0000] {logging_mixin.py:190} INFO - [2026-05-09T19:13:13.483+0000] {dag.py:3239} INFO - Sync 1 DAGs
[2026-05-09T19:13:13.494+0000] {logging_mixin.py:190} INFO - [2026-05-09T19:13:13.494+0000] {dag.py:4180} INFO - Setting next_dagrun for example_sensors to None, run_after=None
[2026-05-09T19:13:13.517+0000] {processor.py:208} INFO - Processing /home/ec2-user/environment/lab4_model_training/venv/lib64/python3.12/site-packages/airflow/example_dags/example_sensors.py took 0.071 seconds
[2026-05-09T19:14:20.026+0000] {processor.py:186} INFO - Started process (PID=25295) to work on /home/ec2-user/environment/lab4_model_training/venv/lib64/python3.12/site-packages/airflow/example_dags/example_sensors.py
[2026-05-09T19:14:20.027+0000] {processor.py:914} INFO - Processing file /home/ec2-user/environment/lab4_model_training/venv/lib64/python3.12/site-packages/airflow/example_dags/example_sensors.py for tasks to queue
[2026-05-09T19:14:20.028+0000] {logging_mixin.py:190} INFO - [2026-05-09T19:14:20.028+0000] {dagbag.py:588} INFO - Filling up the DagBag from /home/ec2-user/environment/lab4_model_training/venv/lib64/python3.12/site-packages/airflow/example_dags/example_sensors.py
[2026-05-09T19:14:20.038+0000] {processor.py:925} INFO - DAG(s) 'example_sensors' retrieved from /home/ec2-user/environment/lab4_model_training/venv/lib64/python3.12/site-packages/airflow/example_dags/example_sensors.py
[2026-05-09T19:14:20.054+0000] {logging_mixin.py:190} INFO - [2026-05-09T19:14:20.054+0000] {dag.py:3239} INFO - Sync 1 DAGs
[2026-05-09T19:14:20.064+0000] {logging_mixin.py:190} INFO - [2026-05-09T19:14:20.064+0000] {dag.py:4180} INFO - Setting next_dagrun for example_sensors to None, run_after=None
[2026-05-09T19:14:20.082+0000] {processor.py:208} INFO - Processing /home/ec2-user/environment/lab4_model_training/venv/lib64/python3.12/site-packages/airflow/example_dags/example_sensors.py took 0.061 seconds
[2026-05-09T19:15:26.385+0000] {processor.py:186} INFO - Started process (PID=25642) to work on /home/ec2-user/environment/lab4_model_training/venv/lib64/python3.12/site-packages/airflow/example_dags/example_sensors.py
[2026-05-09T19:15:26.386+0000] {processor.py:914} INFO - Processing file /home/ec2-user/environment/lab4_model_training/venv/lib64/python3.12/site-packages/airflow/example_dags/example_sensors.py for tasks to queue
[2026-05-09T19:15:26.388+0000] {logging_mixin.py:190} INFO - [2026-05-09T19:15:26.388+0000] {dagbag.py:588} INFO - Filling up the DagBag from /home/ec2-user/environment/lab4_model_training/venv/lib64/python3.12/site-packages/airflow/example_dags/example_sensors.py
[2026-05-09T19:15:26.397+0000] {processor.py:925} INFO - DAG(s) 'example_sensors' retrieved from /home/ec2-user/environment/lab4_model_training/venv/lib64/python3.12/site-packages/airflow/example_dags/example_sensors.py
[2026-05-09T19:15:26.414+0000] {logging_mixin.py:190} INFO - [2026-05-09T19:15:26.414+0000] {dag.py:3239} INFO - Sync 1 DAGs
[2026-05-09T19:15:26.424+0000] {logging_mixin.py:190} INFO - [2026-05-09T19:15:26.424+0000] {dag.py:4180} INFO - Setting next_dagrun for example_sensors to None, run_after=None
[2026-05-09T19:15:26.444+0000] {processor.py:208} INFO - Processing /home/ec2-user/environment/lab4_model_training/venv/lib64/python3.12/site-packages/airflow/example_dags/example_sensors.py took 0.063 seconds
[2026-05-09T19:16:32.533+0000] {processor.py:186} INFO - Started process (PID=25930) to work on /home/ec2-user/environment/lab4_model_training/venv/lib64/python3.12/site-packages/airflow/example_dags/example_sensors.py
[2026-05-09T19:16:32.534+0000] {processor.py:914} INFO - Processing file /home/ec2-user/environment/lab4_model_training/venv/lib64/python3.12/site-packages/airflow/example_dags/example_sensors.py for tasks to queue
[2026-05-09T19:16:32.536+0000] {logging_mixin.py:190} INFO - [2026-05-09T19:16:32.536+0000] {dagbag.py:588} INFO - Filling up the DagBag from /home/ec2-user/environment/lab4_model_training/venv/lib64/python3.12/site-packages/airflow/example_dags/example_sensors.py
[2026-05-09T19:16:32.545+0000] {processor.py:925} INFO - DAG(s) 'example_sensors' retrieved from /home/ec2-user/environment/lab4_model_training/venv/lib64/python3.12/site-packages/airflow/example_dags/example_sensors.py
[2026-05-09T19:16:32.561+0000] {logging_mixin.py:190} INFO - [2026-05-09T19:16:32.561+0000] {dag.py:3239} INFO - Sync 1 DAGs
[2026-05-09T19:16:32.570+0000] {logging_mixin.py:190} INFO - [2026-05-09T19:16:32.570+0000] {dag.py:4180} INFO - Setting next_dagrun for example_sensors to None, run_after=None
[2026-05-09T19:16:32.589+0000] {processor.py:208} INFO - Processing /home/ec2-user/environment/lab4_model_training/venv/lib64/python3.12/site-packages/airflow/example_dags/example_sensors.py took 0.061 seconds
[2026-05-09T19:17:37.361+0000] {processor.py:186} INFO - Started process (PID=26289) to work on /home/ec2-user/environment/lab4_model_training/venv/lib64/python3.12/site-packages/airflow/example_dags/example_sensors.py
[2026-05-09T19:17:37.362+0000] {processor.py:914} INFO - Processing file /home/ec2-user/environment/lab4_model_training/venv/lib64/python3.12/site-packages/airflow/example_dags/example_sensors.py for tasks to queue
[2026-05-09T19:17:37.364+0000] {logging_mixin.py:190} INFO - [2026-05-09T19:17:37.363+0000] {dagbag.py:588} INFO - Filling up the DagBag from /home/ec2-user/environment/lab4_model_training/venv/lib64/python3.12/site-packages/airflow/example_dags/example_sensors.py
[2026-05-09T19:17:37.373+0000] {processor.py:925} INFO - DAG(s) 'example_sensors' retrieved from /home/ec2-user/environment/lab4_model_training/venv/lib64/python3.12/site-packages/airflow/example_dags/example_sensors.py
[2026-05-09T19:17:37.389+0000] {logging_mixin.py:190} INFO - [2026-05-09T19:17:37.389+0000] {dag.py:3239} INFO - Sync 1 DAGs
[2026-05-09T19:17:37.398+0000] {logging_mixin.py:190} INFO - [2026-05-09T19:17:37.398+0000] {dag.py:4180} INFO - Setting next_dagrun for example_sensors to None, run_after=None
[2026-05-09T19:17:37.417+0000] {processor.py:208} INFO - Processing /home/ec2-user/environment/lab4_model_training/venv/lib64/python3.12/site-packages/airflow/example_dags/example_sensors.py took 0.060 seconds
[2026-05-09T19:18:40.403+0000] {processor.py:186} INFO - Started process (PID=26777) to work on /home/ec2-user/environment/lab4_model_training/venv/lib64/python3.12/site-packages/airflow/example_dags/example_sensors.py
[2026-05-09T19:18:40.405+0000] {processor.py:914} INFO - Processing file /home/ec2-user/environment/lab4_model_training/venv/lib64/python3.12/site-packages/airflow/example_dags/example_sensors.py for tasks to queue
[2026-05-09T19:18:40.407+0000] {logging_mixin.py:190} INFO - [2026-05-09T19:18:40.406+0000] {dagbag.py:588} INFO - Filling up the DagBag from /home/ec2-user/environment/lab4_model_training/venv/lib64/python3.12/site-packages/airflow/example_dags/example_sensors.py
[2026-05-09T19:18:40.415+0000] {processor.py:925} INFO - DAG(s) 'example_sensors' retrieved from /home/ec2-user/environment/lab4_model_training/venv/lib64/python3.12/site-packages/airflow/example_dags/example_sensors.py
[2026-05-09T19:18:40.432+0000] {logging_mixin.py:190} INFO - [2026-05-09T19:18:40.432+0000] {dag.py:3239} INFO - Sync 1 DAGs
[2026-05-09T19:18:40.441+0000] {logging_mixin.py:190} INFO - [2026-05-09T19:18:40.441+0000] {dag.py:4180} INFO - Setting next_dagrun for example_sensors to None, run_after=None
[2026-05-09T19:18:40.459+0000] {processor.py:208} INFO - Processing /home/ec2-user/environment/lab4_model_training/venv/lib64/python3.12/site-packages/airflow/example_dags/example_sensors.py took 0.060 seconds
[2026-05-09T19:19:47.070+0000] {processor.py:186} INFO - Started process (PID=27131) to work on /home/ec2-user/environment/lab4_model_training/venv/lib64/python3.12/site-packages/airflow/example_dags/example_sensors.py
[2026-05-09T19:19:47.071+0000] {processor.py:914} INFO - Processing file /home/ec2-user/environment/lab4_model_training/venv/lib64/python3.12/site-packages/airflow/example_dags/example_sensors.py for tasks to queue
[2026-05-09T19:19:47.073+0000] {logging_mixin.py:190} INFO - [2026-05-09T19:19:47.073+0000] {dagbag.py:588} INFO - Filling up the DagBag from /home/ec2-user/environment/lab4_model_training/venv/lib64/python3.12/site-packages/airflow/example_dags/example_sensors.py
[2026-05-09T19:19:47.082+0000] {processor.py:925} INFO - DAG(s) 'example_sensors' retrieved from /home/ec2-user/environment/lab4_model_training/venv/lib64/python3.12/site-packages/airflow/example_dags/example_sensors.py
[2026-05-09T19:19:47.098+0000] {logging_mixin.py:190} INFO - [2026-05-09T19:19:47.098+0000] {dag.py:3239} INFO - Sync 1 DAGs
[2026-05-09T19:19:47.107+0000] {logging_mixin.py:190} INFO - [2026-05-09T19:19:47.107+0000] {dag.py:4180} INFO - Setting next_dagrun for example_sensors to None, run_after=None
[2026-05-09T19:19:47.128+0000] {processor.py:208} INFO - Processing /home/ec2-user/environment/lab4_model_training/venv/lib64/python3.12/site-packages/airflow/example_dags/example_sensors.py took 0.063 seconds
[2026-05-09T19:20:52.178+0000] {processor.py:186} INFO - Started process (PID=27420) to work on /home/ec2-user/environment/lab4_model_training/venv/lib64/python3.12/site-packages/airflow/example_dags/example_sensors.py
[2026-05-09T19:20:52.179+0000] {processor.py:914} INFO - Processing file /home/ec2-user/environment/lab4_model_training/venv/lib64/python3.12/site-packages/airflow/example_dags/example_sensors.py for tasks to queue
[2026-05-09T19:20:52.181+0000] {logging_mixin.py:190} INFO - [2026-05-09T19:20:52.181+0000] {dagbag.py:588} INFO - Filling up the DagBag from /home/ec2-user/environment/lab4_model_training/venv/lib64/python3.12/site-packages/airflow/example_dags/example_sensors.py
[2026-05-09T19:20:52.190+0000] {processor.py:925} INFO - DAG(s) 'example_sensors' retrieved from /home/ec2-user/environment/lab4_model_training/venv/lib64/python3.12/site-packages/airflow/example_dags/example_sensors.py
[2026-05-09T19:20:52.206+0000] {logging_mixin.py:190} INFO - [2026-05-09T19:20:52.206+0000] {dag.py:3239} INFO - Sync 1 DAGs
[2026-05-09T19:20:52.216+0000] {logging_mixin.py:190} INFO - [2026-05-09T19:20:52.216+0000] {dag.py:4180} INFO - Setting next_dagrun for example_sensors to None, run_after=None
[2026-05-09T19:20:52.234+0000] {processor.py:208} INFO - Processing /home/ec2-user/environment/lab4_model_training/venv/lib64/python3.12/site-packages/airflow/example_dags/example_sensors.py took 0.060 seconds
[2026-05-09T19:21:56.898+0000] {processor.py:186} INFO - Started process (PID=27568) to work on /home/ec2-user/environment/lab4_model_training/venv/lib64/python3.12/site-packages/airflow/example_dags/example_sensors.py
[2026-05-09T19:21:56.899+0000] {processor.py:914} INFO - Processing file /home/ec2-user/environment/lab4_model_training/venv/lib64/python3.12/site-packages/airflow/example_dags/example_sensors.py for tasks to queue
[2026-05-09T19:21:56.900+0000] {logging_mixin.py:190} INFO - [2026-05-09T19:21:56.900+0000] {dagbag.py:588} INFO - Filling up the DagBag from /home/ec2-user/environment/lab4_model_training/venv/lib64/python3.12/site-packages/airflow/example_dags/example_sensors.py
[2026-05-09T19:21:56.909+0000] {processor.py:925} INFO - DAG(s) 'example_sensors' retrieved from /home/ec2-user/environment/lab4_model_training/venv/lib64/python3.12/site-packages/airflow/example_dags/example_sensors.py
[2026-05-09T19:21:56.925+0000] {logging_mixin.py:190} INFO - [2026-05-09T19:21:56.925+0000] {dag.py:3239} INFO - Sync 1 DAGs
[2026-05-09T19:21:56.934+0000] {logging_mixin.py:190} INFO - [2026-05-09T19:21:56.934+0000] {dag.py:4180} INFO - Setting next_dagrun for example_sensors to None, run_after=None
[2026-05-09T19:21:56.951+0000] {processor.py:208} INFO - Processing /home/ec2-user/environment/lab4_model_training/venv/lib64/python3.12/site-packages/airflow/example_dags/example_sensors.py took 0.058 seconds
[2026-05-09T19:23:07.528+0000] {processor.py:186} INFO - Started process (PID=27743) to work on /home/ec2-user/environment/lab4_model_training/venv/lib64/python3.12/site-packages/airflow/example_dags/example_sensors.py
[2026-05-09T19:23:07.529+0000] {processor.py:914} INFO - Processing file /home/ec2-user/environment/lab4_model_training/venv/lib64/python3.12/site-packages/airflow/example_dags/example_sensors.py for tasks to queue
[2026-05-09T19:23:07.531+0000] {logging_mixin.py:190} INFO - [2026-05-09T19:23:07.530+0000] {dagbag.py:588} INFO - Filling up the DagBag from /home/ec2-user/environment/lab4_model_training/venv/lib64/python3.12/site-packages/airflow/example_dags/example_sensors.py
[2026-05-09T19:23:07.539+0000] {processor.py:925} INFO - DAG(s) 'example_sensors' retrieved from /home/ec2-user/environment/lab4_model_training/venv/lib64/python3.12/site-packages/airflow/example_dags/example_sensors.py
[2026-05-09T19:23:07.555+0000] {logging_mixin.py:190} INFO - [2026-05-09T19:23:07.555+0000] {dag.py:3239} INFO - Sync 1 DAGs
[2026-05-09T19:23:07.565+0000] {logging_mixin.py:190} INFO - [2026-05-09T19:23:07.564+0000] {dag.py:4180} INFO - Setting next_dagrun for example_sensors to None, run_after=None
[2026-05-09T19:23:07.581+0000] {processor.py:208} INFO - Processing /home/ec2-user/environment/lab4_model_training/venv/lib64/python3.12/site-packages/airflow/example_dags/example_sensors.py took 0.058 seconds
[2026-05-09T19:24:13.845+0000] {processor.py:186} INFO - Started process (PID=27882) to work on /home/ec2-user/environment/lab4_model_training/venv/lib64/python3.12/site-packages/airflow/example_dags/example_sensors.py
[2026-05-09T19:24:13.846+0000] {processor.py:914} INFO - Processing file /home/ec2-user/environment/lab4_model_training/venv/lib64/python3.12/site-packages/airflow/example_dags/example_sensors.py for tasks to queue
[2026-05-09T19:24:13.848+0000] {logging_mixin.py:190} INFO - [2026-05-09T19:24:13.847+0000] {dagbag.py:588} INFO - Filling up the DagBag from /home/ec2-user/environment/lab4_model_training/venv/lib64/python3.12/site-packages/airflow/example_dags/example_sensors.py
[2026-05-09T19:24:13.856+0000] {processor.py:925} INFO - DAG(s) 'example_sensors' retrieved from /home/ec2-user/environment/lab4_model_training/venv/lib64/python3.12/site-packages/airflow/example_dags/example_sensors.py
[2026-05-09T19:24:13.873+0000] {logging_mixin.py:190} INFO - [2026-05-09T19:24:13.872+0000] {dag.py:3239} INFO - Sync 1 DAGs
[2026-05-09T19:24:13.882+0000] {logging_mixin.py:190} INFO - [2026-05-09T19:24:13.882+0000] {dag.py:4180} INFO - Setting next_dagrun for example_sensors to None, run_after=None
[2026-05-09T19:24:13.899+0000] {processor.py:208} INFO - Processing /home/ec2-user/environment/lab4_model_training/venv/lib64/python3.12/site-packages/airflow/example_dags/example_sensors.py took 0.059 seconds
[2026-05-09T19:25:14.489+0000] {processor.py:186} INFO - Started process (PID=27964) to work on /home/ec2-user/environment/lab4_model_training/venv/lib64/python3.12/site-packages/airflow/example_dags/example_sensors.py
[2026-05-09T19:25:14.490+0000] {processor.py:914} INFO - Processing file /home/ec2-user/environment/lab4_model_training/venv/lib64/python3.12/site-packages/airflow/example_dags/example_sensors.py for tasks to queue
[2026-05-09T19:25:14.492+0000] {logging_mixin.py:190} INFO - [2026-05-09T19:25:14.492+0000] {dagbag.py:588} INFO - Filling up the DagBag from /home/ec2-user/environment/lab4_model_training/venv/lib64/python3.12/site-packages/airflow/example_dags/example_sensors.py
[2026-05-09T19:25:14.500+0000] {processor.py:925} INFO - DAG(s) 'example_sensors' retrieved from /home/ec2-user/environment/lab4_model_training/venv/lib64/python3.12/site-packages/airflow/example_dags/example_sensors.py
[2026-05-09T19:25:14.517+0000] {logging_mixin.py:190} INFO - [2026-05-09T19:25:14.516+0000] {dag.py:3239} INFO - Sync 1 DAGs
[2026-05-09T19:25:14.526+0000] {logging_mixin.py:190} INFO - [2026-05-09T19:25:14.525+0000] {dag.py:4180} INFO - Setting next_dagrun for example_sensors to None, run_after=None
[2026-05-09T19:25:14.543+0000] {processor.py:208} INFO - Processing /home/ec2-user/environment/lab4_model_training/venv/lib64/python3.12/site-packages/airflow/example_dags/example_sensors.py took 0.058 seconds
[2026-05-09T19:26:15.010+0000] {processor.py:186} INFO - Started process (PID=28095) to work on /home/ec2-user/environment/lab4_model_training/venv/lib64/python3.12/site-packages/airflow/example_dags/example_sensors.py
[2026-05-09T19:26:15.012+0000] {processor.py:914} INFO - Processing file /home/ec2-user/environment/lab4_model_training/venv/lib64/python3.12/site-packages/airflow/example_dags/example_sensors.py for tasks to queue
[2026-05-09T19:26:15.013+0000] {logging_mixin.py:190} INFO - [2026-05-09T19:26:15.013+0000] {dagbag.py:588} INFO - Filling up the DagBag from /home/ec2-user/environment/lab4_model_training/venv/lib64/python3.12/site-packages/airflow/example_dags/example_sensors.py
[2026-05-09T19:26:15.021+0000] {processor.py:925} INFO - DAG(s) 'example_sensors' retrieved from /home/ec2-user/environment/lab4_model_training/venv/lib64/python3.12/site-packages/airflow/example_dags/example_sensors.py
[2026-05-09T19:26:15.038+0000] {logging_mixin.py:190} INFO - [2026-05-09T19:26:15.037+0000] {dag.py:3239} INFO - Sync 1 DAGs
[2026-05-09T19:26:15.047+0000] {logging_mixin.py:190} INFO - [2026-05-09T19:26:15.047+0000] {dag.py:4180} INFO - Setting next_dagrun for example_sensors to None, run_after=None
[2026-05-09T19:26:15.064+0000] {processor.py:208} INFO - Processing /home/ec2-user/environment/lab4_model_training/venv/lib64/python3.12/site-packages/airflow/example_dags/example_sensors.py took 0.059 seconds
[2026-05-09T19:27:15.705+0000] {processor.py:186} INFO - Started process (PID=28179) to work on /home/ec2-user/environment/lab4_model_training/venv/lib64/python3.12/site-packages/airflow/example_dags/example_sensors.py
[2026-05-09T19:27:15.707+0000] {processor.py:914} INFO - Processing file /home/ec2-user/environment/lab4_model_training/venv/lib64/python3.12/site-packages/airflow/example_dags/example_sensors.py for tasks to queue
[2026-05-09T19:27:15.708+0000] {logging_mixin.py:190} INFO - [2026-05-09T19:27:15.708+0000] {dagbag.py:588} INFO - Filling up the DagBag from /home/ec2-user/environment/lab4_model_training/venv/lib64/python3.12/site-packages/airflow/example_dags/example_sensors.py
[2026-05-09T19:27:15.717+0000] {processor.py:925} INFO - DAG(s) 'example_sensors' retrieved from /home/ec2-user/environment/lab4_model_training/venv/lib64/python3.12/site-packages/airflow/example_dags/example_sensors.py
[2026-05-09T19:27:15.733+0000] {logging_mixin.py:190} INFO - [2026-05-09T19:27:15.733+0000] {dag.py:3239} INFO - Sync 1 DAGs
[2026-05-09T19:27:15.742+0000] {logging_mixin.py:190} INFO - [2026-05-09T19:27:15.742+0000] {dag.py:4180} INFO - Setting next_dagrun for example_sensors to None, run_after=None
[2026-05-09T19:27:15.760+0000] {processor.py:208} INFO - Processing /home/ec2-user/environment/lab4_model_training/venv/lib64/python3.12/site-packages/airflow/example_dags/example_sensors.py took 0.059 seconds
[2026-05-09T19:28:17.690+0000] {processor.py:186} INFO - Started process (PID=28316) to work on /home/ec2-user/environment/lab4_model_training/venv/lib64/python3.12/site-packages/airflow/example_dags/example_sensors.py
[2026-05-09T19:28:17.691+0000] {processor.py:914} INFO - Processing file /home/ec2-user/environment/lab4_model_training/venv/lib64/python3.12/site-packages/airflow/example_dags/example_sensors.py for tasks to queue
[2026-05-09T19:28:17.693+0000] {logging_mixin.py:190} INFO - [2026-05-09T19:28:17.692+0000] {dagbag.py:588} INFO - Filling up the DagBag from /home/ec2-user/environment/lab4_model_training/venv/lib64/python3.12/site-packages/airflow/example_dags/example_sensors.py
[2026-05-09T19:28:17.702+0000] {processor.py:925} INFO - DAG(s) 'example_sensors' retrieved from /home/ec2-user/environment/lab4_model_training/venv/lib64/python3.12/site-packages/airflow/example_dags/example_sensors.py
[2026-05-09T19:28:17.717+0000] {logging_mixin.py:190} INFO - [2026-05-09T19:28:17.717+0000] {dag.py:3239} INFO - Sync 1 DAGs
[2026-05-09T19:28:17.727+0000] {logging_mixin.py:190} INFO - [2026-05-09T19:28:17.727+0000] {dag.py:4180} INFO - Setting next_dagrun for example_sensors to None, run_after=None
[2026-05-09T19:28:17.744+0000] {processor.py:208} INFO - Processing /home/ec2-user/environment/lab4_model_training/venv/lib64/python3.12/site-packages/airflow/example_dags/example_sensors.py took 0.059 seconds
[2026-05-09T19:29:18.087+0000] {processor.py:186} INFO - Started process (PID=28400) to work on /home/ec2-user/environment/lab4_model_training/venv/lib64/python3.12/site-packages/airflow/example_dags/example_sensors.py
[2026-05-09T19:29:18.088+0000] {processor.py:914} INFO - Processing file /home/ec2-user/environment/lab4_model_training/venv/lib64/python3.12/site-packages/airflow/example_dags/example_sensors.py for tasks to queue
[2026-05-09T19:29:18.090+0000] {logging_mixin.py:190} INFO - [2026-05-09T19:29:18.090+0000] {dagbag.py:588} INFO - Filling up the DagBag from /home/ec2-user/environment/lab4_model_training/venv/lib64/python3.12/site-packages/airflow/example_dags/example_sensors.py
[2026-05-09T19:29:18.098+0000] {processor.py:925} INFO - DAG(s) 'example_sensors' retrieved from /home/ec2-user/environment/lab4_model_training/venv/lib64/python3.12/site-packages/airflow/example_dags/example_sensors.py
[2026-05-09T19:29:18.115+0000] {logging_mixin.py:190} INFO - [2026-05-09T19:29:18.114+0000] {dag.py:3239} INFO - Sync 1 DAGs
[2026-05-09T19:29:18.124+0000] {logging_mixin.py:190} INFO - [2026-05-09T19:29:18.124+0000] {dag.py:4180} INFO - Setting next_dagrun for example_sensors to None, run_after=None
[2026-05-09T19:29:18.142+0000] {processor.py:208} INFO - Processing /home/ec2-user/environment/lab4_model_training/venv/lib64/python3.12/site-packages/airflow/example_dags/example_sensors.py took 0.059 seconds
[2026-05-09T19:30:18.223+0000] {processor.py:186} INFO - Started process (PID=29004) to work on /home/ec2-user/environment/lab4_model_training/venv/lib64/python3.12/site-packages/airflow/example_dags/example_sensors.py
[2026-05-09T19:30:18.225+0000] {processor.py:914} INFO - Processing file /home/ec2-user/environment/lab4_model_training/venv/lib64/python3.12/site-packages/airflow/example_dags/example_sensors.py for tasks to queue
[2026-05-09T19:30:18.227+0000] {logging_mixin.py:190} INFO - [2026-05-09T19:30:18.226+0000] {dagbag.py:588} INFO - Filling up the DagBag from /home/ec2-user/environment/lab4_model_training/venv/lib64/python3.12/site-packages/airflow/example_dags/example_sensors.py
[2026-05-09T19:30:18.238+0000] {processor.py:925} INFO - DAG(s) 'example_sensors' retrieved from /home/ec2-user/environment/lab4_model_training/venv/lib64/python3.12/site-packages/airflow/example_dags/example_sensors.py
[2026-05-09T19:30:18.260+0000] {logging_mixin.py:190} INFO - [2026-05-09T19:30:18.260+0000] {dag.py:3239} INFO - Sync 1 DAGs
[2026-05-09T19:30:18.270+0000] {logging_mixin.py:190} INFO - [2026-05-09T19:30:18.270+0000] {dag.py:4180} INFO - Setting next_dagrun for example_sensors to None, run_after=None
[2026-05-09T19:30:18.289+0000] {processor.py:208} INFO - Processing /home/ec2-user/environment/lab4_model_training/venv/lib64/python3.12/site-packages/airflow/example_dags/example_sensors.py took 0.071 seconds
[2026-05-09T19:31:24.707+0000] {processor.py:186} INFO - Started process (PID=29480) to work on /home/ec2-user/environment/lab4_model_training/venv/lib64/python3.12/site-packages/airflow/example_dags/example_sensors.py
[2026-05-09T19:31:24.708+0000] {processor.py:914} INFO - Processing file /home/ec2-user/environment/lab4_model_training/venv/lib64/python3.12/site-packages/airflow/example_dags/example_sensors.py for tasks to queue
[2026-05-09T19:31:24.710+0000] {logging_mixin.py:190} INFO - [2026-05-09T19:31:24.709+0000] {dagbag.py:588} INFO - Filling up the DagBag from /home/ec2-user/environment/lab4_model_training/venv/lib64/python3.12/site-packages/airflow/example_dags/example_sensors.py
[2026-05-09T19:31:24.720+0000] {processor.py:925} INFO - DAG(s) 'example_sensors' retrieved from /home/ec2-user/environment/lab4_model_training/venv/lib64/python3.12/site-packages/airflow/example_dags/example_sensors.py
[2026-05-09T19:31:24.736+0000] {logging_mixin.py:190} INFO - [2026-05-09T19:31:24.736+0000] {dag.py:3239} INFO - Sync 1 DAGs
[2026-05-09T19:31:24.746+0000] {logging_mixin.py:190} INFO - [2026-05-09T19:31:24.746+0000] {dag.py:4180} INFO - Setting next_dagrun for example_sensors to None, run_after=None
[2026-05-09T19:31:24.765+0000] {processor.py:208} INFO - Processing /home/ec2-user/environment/lab4_model_training/venv/lib64/python3.12/site-packages/airflow/example_dags/example_sensors.py took 0.063 seconds
[2026-05-09T19:32:26.201+0000] {processor.py:186} INFO - Started process (PID=29929) to work on /home/ec2-user/environment/lab4_model_training/venv/lib64/python3.12/site-packages/airflow/example_dags/example_sensors.py
[2026-05-09T19:32:26.202+0000] {processor.py:914} INFO - Processing file /home/ec2-user/environment/lab4_model_training/venv/lib64/python3.12/site-packages/airflow/example_dags/example_sensors.py for tasks to queue
[2026-05-09T19:32:26.204+0000] {logging_mixin.py:190} INFO - [2026-05-09T19:32:26.203+0000] {dagbag.py:588} INFO - Filling up the DagBag from /home/ec2-user/environment/lab4_model_training/venv/lib64/python3.12/site-packages/airflow/example_dags/example_sensors.py
[2026-05-09T19:32:26.213+0000] {processor.py:925} INFO - DAG(s) 'example_sensors' retrieved from /home/ec2-user/environment/lab4_model_training/venv/lib64/python3.12/site-packages/airflow/example_dags/example_sensors.py
[2026-05-09T19:32:26.230+0000] {logging_mixin.py:190} INFO - [2026-05-09T19:32:26.230+0000] {dag.py:3239} INFO - Sync 1 DAGs
[2026-05-09T19:32:26.239+0000] {logging_mixin.py:190} INFO - [2026-05-09T19:32:26.239+0000] {dag.py:4180} INFO - Setting next_dagrun for example_sensors to None, run_after=None
[2026-05-09T19:32:26.259+0000] {processor.py:208} INFO - Processing /home/ec2-user/environment/lab4_model_training/venv/lib64/python3.12/site-packages/airflow/example_dags/example_sensors.py took 0.062 seconds
[2026-05-09T19:33:29.308+0000] {processor.py:186} INFO - Started process (PID=30395) to work on /home/ec2-user/environment/lab4_model_training/venv/lib64/python3.12/site-packages/airflow/example_dags/example_sensors.py
[2026-05-09T19:33:29.309+0000] {processor.py:914} INFO - Processing file /home/ec2-user/environment/lab4_model_training/venv/lib64/python3.12/site-packages/airflow/example_dags/example_sensors.py for tasks to queue
[2026-05-09T19:33:29.311+0000] {logging_mixin.py:190} INFO - [2026-05-09T19:33:29.311+0000] {dagbag.py:588} INFO - Filling up the DagBag from /home/ec2-user/environment/lab4_model_training/venv/lib64/python3.12/site-packages/airflow/example_dags/example_sensors.py
[2026-05-09T19:33:29.320+0000] {processor.py:925} INFO - DAG(s) 'example_sensors' retrieved from /home/ec2-user/environment/lab4_model_training/venv/lib64/python3.12/site-packages/airflow/example_dags/example_sensors.py
[2026-05-09T19:33:29.338+0000] {logging_mixin.py:190} INFO - [2026-05-09T19:33:29.338+0000] {dag.py:3239} INFO - Sync 1 DAGs
[2026-05-09T19:33:29.351+0000] {logging_mixin.py:190} INFO - [2026-05-09T19:33:29.350+0000] {dag.py:4180} INFO - Setting next_dagrun for example_sensors to None, run_after=None
[2026-05-09T19:33:29.370+0000] {processor.py:208} INFO - Processing /home/ec2-user/environment/lab4_model_training/venv/lib64/python3.12/site-packages/airflow/example_dags/example_sensors.py took 0.067 seconds
[2026-05-09T19:34:35.489+0000] {processor.py:186} INFO - Started process (PID=30772) to work on /home/ec2-user/environment/lab4_model_training/venv/lib64/python3.12/site-packages/airflow/example_dags/example_sensors.py
[2026-05-09T19:34:35.490+0000] {processor.py:914} INFO - Processing file /home/ec2-user/environment/lab4_model_training/venv/lib64/python3.12/site-packages/airflow/example_dags/example_sensors.py for tasks to queue
[2026-05-09T19:34:35.492+0000] {logging_mixin.py:190} INFO - [2026-05-09T19:34:35.492+0000] {dagbag.py:588} INFO - Filling up the DagBag from /home/ec2-user/environment/lab4_model_training/venv/lib64/python3.12/site-packages/airflow/example_dags/example_sensors.py
[2026-05-09T19:34:35.501+0000] {processor.py:925} INFO - DAG(s) 'example_sensors' retrieved from /home/ec2-user/environment/lab4_model_training/venv/lib64/python3.12/site-packages/airflow/example_dags/example_sensors.py
[2026-05-09T19:34:35.518+0000] {logging_mixin.py:190} INFO - [2026-05-09T19:34:35.518+0000] {dag.py:3239} INFO - Sync 1 DAGs
[2026-05-09T19:34:35.528+0000] {logging_mixin.py:190} INFO - [2026-05-09T19:34:35.528+0000] {dag.py:4180} INFO - Setting next_dagrun for example_sensors to None, run_after=None
[2026-05-09T19:34:35.549+0000] {processor.py:208} INFO - Processing /home/ec2-user/environment/lab4_model_training/venv/lib64/python3.12/site-packages/airflow/example_dags/example_sensors.py took 0.064 seconds
[2026-05-09T19:35:42.804+0000] {processor.py:186} INFO - Started process (PID=31238) to work on /home/ec2-user/environment/lab4_model_training/venv/lib64/python3.12/site-packages/airflow/example_dags/example_sensors.py
[2026-05-09T19:35:42.805+0000] {processor.py:914} INFO - Processing file /home/ec2-user/environment/lab4_model_training/venv/lib64/python3.12/site-packages/airflow/example_dags/example_sensors.py for tasks to queue
[2026-05-09T19:35:42.807+0000] {logging_mixin.py:190} INFO - [2026-05-09T19:35:42.807+0000] {dagbag.py:588} INFO - Filling up the DagBag from /home/ec2-user/environment/lab4_model_training/venv/lib64/python3.12/site-packages/airflow/example_dags/example_sensors.py
[2026-05-09T19:35:42.819+0000] {processor.py:925} INFO - DAG(s) 'example_sensors' retrieved from /home/ec2-user/environment/lab4_model_training/venv/lib64/python3.12/site-packages/airflow/example_dags/example_sensors.py
[2026-05-09T19:35:42.842+0000] {logging_mixin.py:190} INFO - [2026-05-09T19:35:42.842+0000] {dag.py:3239} INFO - Sync 1 DAGs
[2026-05-09T19:35:42.855+0000] {logging_mixin.py:190} INFO - [2026-05-09T19:35:42.855+0000] {dag.py:4180} INFO - Setting next_dagrun for example_sensors to None, run_after=None
[2026-05-09T19:35:42.877+0000] {processor.py:208} INFO - Processing /home/ec2-user/environment/lab4_model_training/venv/lib64/python3.12/site-packages/airflow/example_dags/example_sensors.py took 0.077 seconds
[2026-05-09T19:36:49.085+0000] {processor.py:186} INFO - Started process (PID=31688) to work on /home/ec2-user/environment/lab4_model_training/venv/lib64/python3.12/site-packages/airflow/example_dags/example_sensors.py
[2026-05-09T19:36:49.086+0000] {processor.py:914} INFO - Processing file /home/ec2-user/environment/lab4_model_training/venv/lib64/python3.12/site-packages/airflow/example_dags/example_sensors.py for tasks to queue
[2026-05-09T19:36:49.088+0000] {logging_mixin.py:190} INFO - [2026-05-09T19:36:49.087+0000] {dagbag.py:588} INFO - Filling up the DagBag from /home/ec2-user/environment/lab4_model_training/venv/lib64/python3.12/site-packages/airflow/example_dags/example_sensors.py
[2026-05-09T19:36:49.097+0000] {processor.py:925} INFO - DAG(s) 'example_sensors' retrieved from /home/ec2-user/environment/lab4_model_training/venv/lib64/python3.12/site-packages/airflow/example_dags/example_sensors.py
[2026-05-09T19:36:49.114+0000] {logging_mixin.py:190} INFO - [2026-05-09T19:36:49.114+0000] {dag.py:3239} INFO - Sync 1 DAGs
[2026-05-09T19:36:49.123+0000] {logging_mixin.py:190} INFO - [2026-05-09T19:36:49.123+0000] {dag.py:4180} INFO - Setting next_dagrun for example_sensors to None, run_after=None
[2026-05-09T19:36:49.141+0000] {processor.py:208} INFO - Processing /home/ec2-user/environment/lab4_model_training/venv/lib64/python3.12/site-packages/airflow/example_dags/example_sensors.py took 0.061 seconds
[2026-05-09T19:37:50.959+0000] {processor.py:186} INFO - Started process (PID=31960) to work on /home/ec2-user/environment/lab4_model_training/venv/lib64/python3.12/site-packages/airflow/example_dags/example_sensors.py
[2026-05-09T19:37:50.960+0000] {processor.py:914} INFO - Processing file /home/ec2-user/environment/lab4_model_training/venv/lib64/python3.12/site-packages/airflow/example_dags/example_sensors.py for tasks to queue
[2026-05-09T19:37:50.962+0000] {logging_mixin.py:190} INFO - [2026-05-09T19:37:50.962+0000] {dagbag.py:588} INFO - Filling up the DagBag from /home/ec2-user/environment/lab4_model_training/venv/lib64/python3.12/site-packages/airflow/example_dags/example_sensors.py
[2026-05-09T19:37:50.971+0000] {processor.py:925} INFO - DAG(s) 'example_sensors' retrieved from /home/ec2-user/environment/lab4_model_training/venv/lib64/python3.12/site-packages/airflow/example_dags/example_sensors.py
[2026-05-09T19:37:50.988+0000] {logging_mixin.py:190} INFO - [2026-05-09T19:37:50.988+0000] {dag.py:3239} INFO - Sync 1 DAGs
[2026-05-09T19:37:50.998+0000] {logging_mixin.py:190} INFO - [2026-05-09T19:37:50.998+0000] {dag.py:4180} INFO - Setting next_dagrun for example_sensors to None, run_after=None
[2026-05-09T19:37:51.016+0000] {processor.py:208} INFO - Processing /home/ec2-user/environment/lab4_model_training/venv/lib64/python3.12/site-packages/airflow/example_dags/example_sensors.py took 0.062 seconds
[2026-05-09T19:38:59.040+0000] {processor.py:186} INFO - Started process (PID=32132) to work on /home/ec2-user/environment/lab4_model_training/venv/lib64/python3.12/site-packages/airflow/example_dags/example_sensors.py
[2026-05-09T19:38:59.041+0000] {processor.py:914} INFO - Processing file /home/ec2-user/environment/lab4_model_training/venv/lib64/python3.12/site-packages/airflow/example_dags/example_sensors.py for tasks to queue
[2026-05-09T19:38:59.043+0000] {logging_mixin.py:190} INFO - [2026-05-09T19:38:59.042+0000] {dagbag.py:588} INFO - Filling up the DagBag from /home/ec2-user/environment/lab4_model_training/venv/lib64/python3.12/site-packages/airflow/example_dags/example_sensors.py
[2026-05-09T19:38:59.052+0000] {processor.py:925} INFO - DAG(s) 'example_sensors' retrieved from /home/ec2-user/environment/lab4_model_training/venv/lib64/python3.12/site-packages/airflow/example_dags/example_sensors.py
[2026-05-09T19:38:59.069+0000] {logging_mixin.py:190} INFO - [2026-05-09T19:38:59.069+0000] {dag.py:3239} INFO - Sync 1 DAGs
[2026-05-09T19:38:59.078+0000] {logging_mixin.py:190} INFO - [2026-05-09T19:38:59.078+0000] {dag.py:4180} INFO - Setting next_dagrun for example_sensors to None, run_after=None
[2026-05-09T19:38:59.096+0000] {processor.py:208} INFO - Processing /home/ec2-user/environment/lab4_model_training/venv/lib64/python3.12/site-packages/airflow/example_dags/example_sensors.py took 0.061 seconds
[2026-05-09T19:40:07.144+0000] {processor.py:186} INFO - Started process (PID=32273) to work on /home/ec2-user/environment/lab4_model_training/venv/lib64/python3.12/site-packages/airflow/example_dags/example_sensors.py
[2026-05-09T19:40:07.145+0000] {processor.py:914} INFO - Processing file /home/ec2-user/environment/lab4_model_training/venv/lib64/python3.12/site-packages/airflow/example_dags/example_sensors.py for tasks to queue
[2026-05-09T19:40:07.147+0000] {logging_mixin.py:190} INFO - [2026-05-09T19:40:07.147+0000] {dagbag.py:588} INFO - Filling up the DagBag from /home/ec2-user/environment/lab4_model_training/venv/lib64/python3.12/site-packages/airflow/example_dags/example_sensors.py
[2026-05-09T19:40:07.160+0000] {processor.py:925} INFO - DAG(s) 'example_sensors' retrieved from /home/ec2-user/environment/lab4_model_training/venv/lib64/python3.12/site-packages/airflow/example_dags/example_sensors.py
[2026-05-09T19:40:07.183+0000] {logging_mixin.py:190} INFO - [2026-05-09T19:40:07.183+0000] {dag.py:3239} INFO - Sync 1 DAGs
[2026-05-09T19:40:07.195+0000] {logging_mixin.py:190} INFO - [2026-05-09T19:40:07.195+0000] {dag.py:4180} INFO - Setting next_dagrun for example_sensors to None, run_after=None
[2026-05-09T19:40:07.216+0000] {processor.py:208} INFO - Processing /home/ec2-user/environment/lab4_model_training/venv/lib64/python3.12/site-packages/airflow/example_dags/example_sensors.py took 0.076 seconds
[2026-05-09T19:41:16.251+0000] {processor.py:186} INFO - Started process (PID=32418) to work on /home/ec2-user/environment/lab4_model_training/venv/lib64/python3.12/site-packages/airflow/example_dags/example_sensors.py
[2026-05-09T19:41:16.252+0000] {processor.py:914} INFO - Processing file /home/ec2-user/environment/lab4_model_training/venv/lib64/python3.12/site-packages/airflow/example_dags/example_sensors.py for tasks to queue
[2026-05-09T19:41:16.254+0000] {logging_mixin.py:190} INFO - [2026-05-09T19:41:16.253+0000] {dagbag.py:588} INFO - Filling up the DagBag from /home/ec2-user/environment/lab4_model_training/venv/lib64/python3.12/site-packages/airflow/example_dags/example_sensors.py
[2026-05-09T19:41:16.263+0000] {processor.py:925} INFO - DAG(s) 'example_sensors' retrieved from /home/ec2-user/environment/lab4_model_training/venv/lib64/python3.12/site-packages/airflow/example_dags/example_sensors.py
[2026-05-09T19:41:16.280+0000] {logging_mixin.py:190} INFO - [2026-05-09T19:41:16.280+0000] {dag.py:3239} INFO - Sync 1 DAGs
[2026-05-09T19:41:16.289+0000] {logging_mixin.py:190} INFO - [2026-05-09T19:41:16.289+0000] {dag.py:4180} INFO - Setting next_dagrun for example_sensors to None, run_after=None
[2026-05-09T19:41:16.308+0000] {processor.py:208} INFO - Processing /home/ec2-user/environment/lab4_model_training/venv/lib64/python3.12/site-packages/airflow/example_dags/example_sensors.py took 0.062 seconds
[2026-05-09T19:42:22.016+0000] {processor.py:186} INFO - Started process (PID=32558) to work on /home/ec2-user/environment/lab4_model_training/venv/lib64/python3.12/site-packages/airflow/example_dags/example_sensors.py
[2026-05-09T19:42:22.017+0000] {processor.py:914} INFO - Processing file /home/ec2-user/environment/lab4_model_training/venv/lib64/python3.12/site-packages/airflow/example_dags/example_sensors.py for tasks to queue
[2026-05-09T19:42:22.019+0000] {logging_mixin.py:190} INFO - [2026-05-09T19:42:22.018+0000] {dagbag.py:588} INFO - Filling up the DagBag from /home/ec2-user/environment/lab4_model_training/venv/lib64/python3.12/site-packages/airflow/example_dags/example_sensors.py
[2026-05-09T19:42:22.027+0000] {processor.py:925} INFO - DAG(s) 'example_sensors' retrieved from /home/ec2-user/environment/lab4_model_training/venv/lib64/python3.12/site-packages/airflow/example_dags/example_sensors.py
[2026-05-09T19:42:22.044+0000] {logging_mixin.py:190} INFO - [2026-05-09T19:42:22.044+0000] {dag.py:3239} INFO - Sync 1 DAGs
[2026-05-09T19:42:22.054+0000] {logging_mixin.py:190} INFO - [2026-05-09T19:42:22.054+0000] {dag.py:4180} INFO - Setting next_dagrun for example_sensors to None, run_after=None
[2026-05-09T19:42:22.073+0000] {processor.py:208} INFO - Processing /home/ec2-user/environment/lab4_model_training/venv/lib64/python3.12/site-packages/airflow/example_dags/example_sensors.py took 0.062 seconds
[2026-05-09T19:43:29.891+0000] {processor.py:186} INFO - Started process (PID=32737) to work on /home/ec2-user/environment/lab4_model_training/venv/lib64/python3.12/site-packages/airflow/example_dags/example_sensors.py
[2026-05-09T19:43:29.892+0000] {processor.py:914} INFO - Processing file /home/ec2-user/environment/lab4_model_training/venv/lib64/python3.12/site-packages/airflow/example_dags/example_sensors.py for tasks to queue
[2026-05-09T19:43:29.894+0000] {logging_mixin.py:190} INFO - [2026-05-09T19:43:29.894+0000] {dagbag.py:588} INFO - Filling up the DagBag from /home/ec2-user/environment/lab4_model_training/venv/lib64/python3.12/site-packages/airflow/example_dags/example_sensors.py
[2026-05-09T19:43:29.903+0000] {processor.py:925} INFO - DAG(s) 'example_sensors' retrieved from /home/ec2-user/environment/lab4_model_training/venv/lib64/python3.12/site-packages/airflow/example_dags/example_sensors.py
[2026-05-09T19:43:29.920+0000] {logging_mixin.py:190} INFO - [2026-05-09T19:43:29.920+0000] {dag.py:3239} INFO - Sync 1 DAGs
[2026-05-09T19:43:29.930+0000] {logging_mixin.py:190} INFO - [2026-05-09T19:43:29.930+0000] {dag.py:4180} INFO - Setting next_dagrun for example_sensors to None, run_after=None
[2026-05-09T19:43:29.948+0000] {processor.py:208} INFO - Processing /home/ec2-user/environment/lab4_model_training/venv/lib64/python3.12/site-packages/airflow/example_dags/example_sensors.py took 0.062 seconds
[2026-05-09T19:44:35.181+0000] {processor.py:186} INFO - Started process (PID=33071) to work on /home/ec2-user/environment/lab4_model_training/venv/lib64/python3.12/site-packages/airflow/example_dags/example_sensors.py
[2026-05-09T19:44:35.182+0000] {processor.py:914} INFO - Processing file /home/ec2-user/environment/lab4_model_training/venv/lib64/python3.12/site-packages/airflow/example_dags/example_sensors.py for tasks to queue
[2026-05-09T19:44:35.184+0000] {logging_mixin.py:190} INFO - [2026-05-09T19:44:35.184+0000] {dagbag.py:588} INFO - Filling up the DagBag from /home/ec2-user/environment/lab4_model_training/venv/lib64/python3.12/site-packages/airflow/example_dags/example_sensors.py
[2026-05-09T19:44:35.192+0000] {processor.py:925} INFO - DAG(s) 'example_sensors' retrieved from /home/ec2-user/environment/lab4_model_training/venv/lib64/python3.12/site-packages/airflow/example_dags/example_sensors.py
[2026-05-09T19:44:35.208+0000] {logging_mixin.py:190} INFO - [2026-05-09T19:44:35.208+0000] {dag.py:3239} INFO - Sync 1 DAGs
[2026-05-09T19:44:35.218+0000] {logging_mixin.py:190} INFO - [2026-05-09T19:44:35.218+0000] {dag.py:4180} INFO - Setting next_dagrun for example_sensors to None, run_after=None
[2026-05-09T19:44:35.235+0000] {processor.py:208} INFO - Processing /home/ec2-user/environment/lab4_model_training/venv/lib64/python3.12/site-packages/airflow/example_dags/example_sensors.py took 0.058 seconds
[2026-05-09T19:45:39.998+0000] {processor.py:186} INFO - Started process (PID=33277) to work on /home/ec2-user/environment/lab4_model_training/venv/lib64/python3.12/site-packages/airflow/example_dags/example_sensors.py
[2026-05-09T19:45:39.999+0000] {processor.py:914} INFO - Processing file /home/ec2-user/environment/lab4_model_training/venv/lib64/python3.12/site-packages/airflow/example_dags/example_sensors.py for tasks to queue
[2026-05-09T19:45:40.001+0000] {logging_mixin.py:190} INFO - [2026-05-09T19:45:40.001+0000] {dagbag.py:588} INFO - Filling up the DagBag from /home/ec2-user/environment/lab4_model_training/venv/lib64/python3.12/site-packages/airflow/example_dags/example_sensors.py
[2026-05-09T19:45:40.010+0000] {processor.py:925} INFO - DAG(s) 'example_sensors' retrieved from /home/ec2-user/environment/lab4_model_training/venv/lib64/python3.12/site-packages/airflow/example_dags/example_sensors.py
[2026-05-09T19:45:40.026+0000] {logging_mixin.py:190} INFO - [2026-05-09T19:45:40.026+0000] {dag.py:3239} INFO - Sync 1 DAGs
[2026-05-09T19:45:40.035+0000] {logging_mixin.py:190} INFO - [2026-05-09T19:45:40.035+0000] {dag.py:4180} INFO - Setting next_dagrun for example_sensors to None, run_after=None
[2026-05-09T19:45:40.052+0000] {processor.py:208} INFO - Processing /home/ec2-user/environment/lab4_model_training/venv/lib64/python3.12/site-packages/airflow/example_dags/example_sensors.py took 0.059 seconds
[2026-05-09T19:46:49.120+0000] {processor.py:186} INFO - Started process (PID=33403) to work on /home/ec2-user/environment/lab4_model_training/venv/lib64/python3.12/site-packages/airflow/example_dags/example_sensors.py
[2026-05-09T19:46:49.121+0000] {processor.py:914} INFO - Processing file /home/ec2-user/environment/lab4_model_training/venv/lib64/python3.12/site-packages/airflow/example_dags/example_sensors.py for tasks to queue
[2026-05-09T19:46:49.123+0000] {logging_mixin.py:190} INFO - [2026-05-09T19:46:49.122+0000] {dagbag.py:588} INFO - Filling up the DagBag from /home/ec2-user/environment/lab4_model_training/venv/lib64/python3.12/site-packages/airflow/example_dags/example_sensors.py
[2026-05-09T19:46:49.131+0000] {processor.py:925} INFO - DAG(s) 'example_sensors' retrieved from /home/ec2-user/environment/lab4_model_training/venv/lib64/python3.12/site-packages/airflow/example_dags/example_sensors.py
[2026-05-09T19:46:49.148+0000] {logging_mixin.py:190} INFO - [2026-05-09T19:46:49.148+0000] {dag.py:3239} INFO - Sync 1 DAGs
[2026-05-09T19:46:49.257+0000] {logging_mixin.py:190} INFO - [2026-05-09T19:46:49.257+0000] {dag.py:4180} INFO - Setting next_dagrun for example_sensors to None, run_after=None
[2026-05-09T19:46:49.274+0000] {processor.py:208} INFO - Processing /home/ec2-user/environment/lab4_model_training/venv/lib64/python3.12/site-packages/airflow/example_dags/example_sensors.py took 0.158 seconds
[2026-05-09T19:47:57.276+0000] {processor.py:186} INFO - Started process (PID=33572) to work on /home/ec2-user/environment/lab4_model_training/venv/lib64/python3.12/site-packages/airflow/example_dags/example_sensors.py
[2026-05-09T19:47:57.278+0000] {processor.py:914} INFO - Processing file /home/ec2-user/environment/lab4_model_training/venv/lib64/python3.12/site-packages/airflow/example_dags/example_sensors.py for tasks to queue
[2026-05-09T19:47:57.279+0000] {logging_mixin.py:190} INFO - [2026-05-09T19:47:57.279+0000] {dagbag.py:588} INFO - Filling up the DagBag from /home/ec2-user/environment/lab4_model_training/venv/lib64/python3.12/site-packages/airflow/example_dags/example_sensors.py
[2026-05-09T19:47:57.287+0000] {processor.py:925} INFO - DAG(s) 'example_sensors' retrieved from /home/ec2-user/environment/lab4_model_training/venv/lib64/python3.12/site-packages/airflow/example_dags/example_sensors.py
[2026-05-09T19:47:57.304+0000] {logging_mixin.py:190} INFO - [2026-05-09T19:47:57.304+0000] {dag.py:3239} INFO - Sync 1 DAGs
[2026-05-09T19:47:57.312+0000] {logging_mixin.py:190} INFO - [2026-05-09T19:47:57.312+0000] {dag.py:4180} INFO - Setting next_dagrun for example_sensors to None, run_after=None
[2026-05-09T19:47:57.432+0000] {processor.py:208} INFO - Processing /home/ec2-user/environment/lab4_model_training/venv/lib64/python3.12/site-packages/airflow/example_dags/example_sensors.py took 0.160 seconds
[2026-05-09T19:49:45.524+0000] {processor.py:186} INFO - Started process (PID=33909) to work on /home/ec2-user/environment/lab4_model_training/venv/lib64/python3.12/site-packages/airflow/example_dags/example_sensors.py
[2026-05-09T19:49:45.525+0000] {processor.py:914} INFO - Processing file /home/ec2-user/environment/lab4_model_training/venv/lib64/python3.12/site-packages/airflow/example_dags/example_sensors.py for tasks to queue
[2026-05-09T19:49:45.526+0000] {logging_mixin.py:190} INFO - [2026-05-09T19:49:45.526+0000] {dagbag.py:588} INFO - Filling up the DagBag from /home/ec2-user/environment/lab4_model_training/venv/lib64/python3.12/site-packages/airflow/example_dags/example_sensors.py
[2026-05-09T19:49:45.534+0000] {processor.py:925} INFO - DAG(s) 'example_sensors' retrieved from /home/ec2-user/environment/lab4_model_training/venv/lib64/python3.12/site-packages/airflow/example_dags/example_sensors.py
[2026-05-09T19:49:45.551+0000] {logging_mixin.py:190} INFO - [2026-05-09T19:49:45.550+0000] {dag.py:3239} INFO - Sync 1 DAGs
[2026-05-09T19:49:45.560+0000] {logging_mixin.py:190} INFO - [2026-05-09T19:49:45.560+0000] {dag.py:4180} INFO - Setting next_dagrun for example_sensors to None, run_after=None
[2026-05-09T19:49:45.577+0000] {processor.py:208} INFO - Processing /home/ec2-user/environment/lab4_model_training/venv/lib64/python3.12/site-packages/airflow/example_dags/example_sensors.py took 0.058 seconds
[2026-05-09T19:51:01.100+0000] {processor.py:186} INFO - Started process (PID=34121) to work on /home/ec2-user/environment/lab4_model_training/venv/lib64/python3.12/site-packages/airflow/example_dags/example_sensors.py
[2026-05-09T19:51:01.101+0000] {processor.py:914} INFO - Processing file /home/ec2-user/environment/lab4_model_training/venv/lib64/python3.12/site-packages/airflow/example_dags/example_sensors.py for tasks to queue
[2026-05-09T19:51:01.102+0000] {logging_mixin.py:190} INFO - [2026-05-09T19:51:01.102+0000] {dagbag.py:588} INFO - Filling up the DagBag from /home/ec2-user/environment/lab4_model_training/venv/lib64/python3.12/site-packages/airflow/example_dags/example_sensors.py
[2026-05-09T19:51:01.111+0000] {processor.py:925} INFO - DAG(s) 'example_sensors' retrieved from /home/ec2-user/environment/lab4_model_training/venv/lib64/python3.12/site-packages/airflow/example_dags/example_sensors.py
[2026-05-09T19:51:01.128+0000] {logging_mixin.py:190} INFO - [2026-05-09T19:51:01.128+0000] {dag.py:3239} INFO - Sync 1 DAGs
[2026-05-09T19:51:01.137+0000] {logging_mixin.py:190} INFO - [2026-05-09T19:51:01.137+0000] {dag.py:4180} INFO - Setting next_dagrun for example_sensors to None, run_after=None
[2026-05-09T19:51:01.154+0000] {processor.py:208} INFO - Processing /home/ec2-user/environment/lab4_model_training/venv/lib64/python3.12/site-packages/airflow/example_dags/example_sensors.py took 0.060 seconds
[2026-05-09T19:52:03.534+0000] {processor.py:186} INFO - Started process (PID=34356) to work on /home/ec2-user/environment/lab4_model_training/venv/lib64/python3.12/site-packages/airflow/example_dags/example_sensors.py
[2026-05-09T19:52:03.535+0000] {processor.py:914} INFO - Processing file /home/ec2-user/environment/lab4_model_training/venv/lib64/python3.12/site-packages/airflow/example_dags/example_sensors.py for tasks to queue
[2026-05-09T19:52:03.537+0000] {logging_mixin.py:190} INFO - [2026-05-09T19:52:03.536+0000] {dagbag.py:588} INFO - Filling up the DagBag from /home/ec2-user/environment/lab4_model_training/venv/lib64/python3.12/site-packages/airflow/example_dags/example_sensors.py
[2026-05-09T19:52:03.545+0000] {processor.py:925} INFO - DAG(s) 'example_sensors' retrieved from /home/ec2-user/environment/lab4_model_training/venv/lib64/python3.12/site-packages/airflow/example_dags/example_sensors.py
[2026-05-09T19:52:03.561+0000] {logging_mixin.py:190} INFO - [2026-05-09T19:52:03.561+0000] {dag.py:3239} INFO - Sync 1 DAGs
[2026-05-09T19:52:03.571+0000] {logging_mixin.py:190} INFO - [2026-05-09T19:52:03.571+0000] {dag.py:4180} INFO - Setting next_dagrun for example_sensors to None, run_after=None
[2026-05-09T19:52:03.589+0000] {processor.py:208} INFO - Processing /home/ec2-user/environment/lab4_model_training/venv/lib64/python3.12/site-packages/airflow/example_dags/example_sensors.py took 0.059 seconds
[2026-05-09T19:53:06.080+0000] {processor.py:186} INFO - Started process (PID=34577) to work on /home/ec2-user/environment/lab4_model_training/venv/lib64/python3.12/site-packages/airflow/example_dags/example_sensors.py
[2026-05-09T19:53:06.081+0000] {processor.py:914} INFO - Processing file /home/ec2-user/environment/lab4_model_training/venv/lib64/python3.12/site-packages/airflow/example_dags/example_sensors.py for tasks to queue
[2026-05-09T19:53:06.082+0000] {logging_mixin.py:190} INFO - [2026-05-09T19:53:06.082+0000] {dagbag.py:588} INFO - Filling up the DagBag from /home/ec2-user/environment/lab4_model_training/venv/lib64/python3.12/site-packages/airflow/example_dags/example_sensors.py
[2026-05-09T19:53:06.091+0000] {processor.py:925} INFO - DAG(s) 'example_sensors' retrieved from /home/ec2-user/environment/lab4_model_training/venv/lib64/python3.12/site-packages/airflow/example_dags/example_sensors.py
[2026-05-09T19:53:06.108+0000] {logging_mixin.py:190} INFO - [2026-05-09T19:53:06.107+0000] {dag.py:3239} INFO - Sync 1 DAGs
[2026-05-09T19:53:06.117+0000] {logging_mixin.py:190} INFO - [2026-05-09T19:53:06.117+0000] {dag.py:4180} INFO - Setting next_dagrun for example_sensors to None, run_after=None
[2026-05-09T19:53:06.135+0000] {processor.py:208} INFO - Processing /home/ec2-user/environment/lab4_model_training/venv/lib64/python3.12/site-packages/airflow/example_dags/example_sensors.py took 0.059 seconds
[2026-05-09T19:54:11.174+0000] {processor.py:186} INFO - Started process (PID=34759) to work on /home/ec2-user/environment/lab4_model_training/venv/lib64/python3.12/site-packages/airflow/example_dags/example_sensors.py
[2026-05-09T19:54:11.175+0000] {processor.py:914} INFO - Processing file /home/ec2-user/environment/lab4_model_training/venv/lib64/python3.12/site-packages/airflow/example_dags/example_sensors.py for tasks to queue
[2026-05-09T19:54:11.177+0000] {logging_mixin.py:190} INFO - [2026-05-09T19:54:11.176+0000] {dagbag.py:588} INFO - Filling up the DagBag from /home/ec2-user/environment/lab4_model_training/venv/lib64/python3.12/site-packages/airflow/example_dags/example_sensors.py
[2026-05-09T19:54:11.186+0000] {processor.py:925} INFO - DAG(s) 'example_sensors' retrieved from /home/ec2-user/environment/lab4_model_training/venv/lib64/python3.12/site-packages/airflow/example_dags/example_sensors.py
[2026-05-09T19:54:11.202+0000] {logging_mixin.py:190} INFO - [2026-05-09T19:54:11.202+0000] {dag.py:3239} INFO - Sync 1 DAGs
[2026-05-09T19:54:11.211+0000] {logging_mixin.py:190} INFO - [2026-05-09T19:54:11.211+0000] {dag.py:4180} INFO - Setting next_dagrun for example_sensors to None, run_after=None
[2026-05-09T19:54:11.229+0000] {processor.py:208} INFO - Processing /home/ec2-user/environment/lab4_model_training/venv/lib64/python3.12/site-packages/airflow/example_dags/example_sensors.py took 0.059 seconds
[2026-05-09T19:55:16.245+0000] {processor.py:186} INFO - Started process (PID=34878) to work on /home/ec2-user/environment/lab4_model_training/venv/lib64/python3.12/site-packages/airflow/example_dags/example_sensors.py
[2026-05-09T19:55:16.246+0000] {processor.py:914} INFO - Processing file /home/ec2-user/environment/lab4_model_training/venv/lib64/python3.12/site-packages/airflow/example_dags/example_sensors.py for tasks to queue
[2026-05-09T19:55:16.248+0000] {logging_mixin.py:190} INFO - [2026-05-09T19:55:16.248+0000] {dagbag.py:588} INFO - Filling up the DagBag from /home/ec2-user/environment/lab4_model_training/venv/lib64/python3.12/site-packages/airflow/example_dags/example_sensors.py
[2026-05-09T19:55:16.257+0000] {processor.py:925} INFO - DAG(s) 'example_sensors' retrieved from /home/ec2-user/environment/lab4_model_training/venv/lib64/python3.12/site-packages/airflow/example_dags/example_sensors.py
[2026-05-09T19:55:16.273+0000] {logging_mixin.py:190} INFO - [2026-05-09T19:55:16.273+0000] {dag.py:3239} INFO - Sync 1 DAGs
[2026-05-09T19:55:16.282+0000] {logging_mixin.py:190} INFO - [2026-05-09T19:55:16.282+0000] {dag.py:4180} INFO - Setting next_dagrun for example_sensors to None, run_after=None
[2026-05-09T19:55:16.300+0000] {processor.py:208} INFO - Processing /home/ec2-user/environment/lab4_model_training/venv/lib64/python3.12/site-packages/airflow/example_dags/example_sensors.py took 0.059 seconds
[2026-05-09T19:56:23.651+0000] {processor.py:186} INFO - Started process (PID=35051) to work on /home/ec2-user/environment/lab4_model_training/venv/lib64/python3.12/site-packages/airflow/example_dags/example_sensors.py
[2026-05-09T19:56:23.652+0000] {processor.py:914} INFO - Processing file /home/ec2-user/environment/lab4_model_training/venv/lib64/python3.12/site-packages/airflow/example_dags/example_sensors.py for tasks to queue
[2026-05-09T19:56:23.653+0000] {logging_mixin.py:190} INFO - [2026-05-09T19:56:23.653+0000] {dagbag.py:588} INFO - Filling up the DagBag from /home/ec2-user/environment/lab4_model_training/venv/lib64/python3.12/site-packages/airflow/example_dags/example_sensors.py
[2026-05-09T19:56:23.662+0000] {processor.py:925} INFO - DAG(s) 'example_sensors' retrieved from /home/ec2-user/environment/lab4_model_training/venv/lib64/python3.12/site-packages/airflow/example_dags/example_sensors.py
[2026-05-09T19:56:23.678+0000] {logging_mixin.py:190} INFO - [2026-05-09T19:56:23.678+0000] {dag.py:3239} INFO - Sync 1 DAGs
[2026-05-09T19:56:23.687+0000] {logging_mixin.py:190} INFO - [2026-05-09T19:56:23.687+0000] {dag.py:4180} INFO - Setting next_dagrun for example_sensors to None, run_after=None
[2026-05-09T19:56:23.705+0000] {processor.py:208} INFO - Processing /home/ec2-user/environment/lab4_model_training/venv/lib64/python3.12/site-packages/airflow/example_dags/example_sensors.py took 0.059 seconds
[2026-05-09T19:57:29.841+0000] {processor.py:186} INFO - Started process (PID=35220) to work on /home/ec2-user/environment/lab4_model_training/venv/lib64/python3.12/site-packages/airflow/example_dags/example_sensors.py
[2026-05-09T19:57:29.842+0000] {processor.py:914} INFO - Processing file /home/ec2-user/environment/lab4_model_training/venv/lib64/python3.12/site-packages/airflow/example_dags/example_sensors.py for tasks to queue
[2026-05-09T19:57:29.843+0000] {logging_mixin.py:190} INFO - [2026-05-09T19:57:29.843+0000] {dagbag.py:588} INFO - Filling up the DagBag from /home/ec2-user/environment/lab4_model_training/venv/lib64/python3.12/site-packages/airflow/example_dags/example_sensors.py
[2026-05-09T19:57:29.852+0000] {processor.py:925} INFO - DAG(s) 'example_sensors' retrieved from /home/ec2-user/environment/lab4_model_training/venv/lib64/python3.12/site-packages/airflow/example_dags/example_sensors.py
[2026-05-09T19:57:29.868+0000] {logging_mixin.py:190} INFO - [2026-05-09T19:57:29.868+0000] {dag.py:3239} INFO - Sync 1 DAGs
[2026-05-09T19:57:29.878+0000] {logging_mixin.py:190} INFO - [2026-05-09T19:57:29.878+0000] {dag.py:4180} INFO - Setting next_dagrun for example_sensors to None, run_after=None
[2026-05-09T19:57:29.895+0000] {processor.py:208} INFO - Processing /home/ec2-user/environment/lab4_model_training/venv/lib64/python3.12/site-packages/airflow/example_dags/example_sensors.py took 0.059 seconds
[2026-05-09T19:58:32.000+0000] {processor.py:186} INFO - Started process (PID=35364) to work on /home/ec2-user/environment/lab4_model_training/venv/lib64/python3.12/site-packages/airflow/example_dags/example_sensors.py
[2026-05-09T19:58:32.001+0000] {processor.py:914} INFO - Processing file /home/ec2-user/environment/lab4_model_training/venv/lib64/python3.12/site-packages/airflow/example_dags/example_sensors.py for tasks to queue
[2026-05-09T19:58:32.003+0000] {logging_mixin.py:190} INFO - [2026-05-09T19:58:32.002+0000] {dagbag.py:588} INFO - Filling up the DagBag from /home/ec2-user/environment/lab4_model_training/venv/lib64/python3.12/site-packages/airflow/example_dags/example_sensors.py
[2026-05-09T19:58:32.011+0000] {processor.py:925} INFO - DAG(s) 'example_sensors' retrieved from /home/ec2-user/environment/lab4_model_training/venv/lib64/python3.12/site-packages/airflow/example_dags/example_sensors.py
[2026-05-09T19:58:32.028+0000] {logging_mixin.py:190} INFO - [2026-05-09T19:58:32.027+0000] {dag.py:3239} INFO - Sync 1 DAGs
[2026-05-09T19:58:32.037+0000] {logging_mixin.py:190} INFO - [2026-05-09T19:58:32.037+0000] {dag.py:4180} INFO - Setting next_dagrun for example_sensors to None, run_after=None
[2026-05-09T19:58:32.055+0000] {processor.py:208} INFO - Processing /home/ec2-user/environment/lab4_model_training/venv/lib64/python3.12/site-packages/airflow/example_dags/example_sensors.py took 0.059 seconds
