[2026-05-09T18:54:56.187+0000] {processor.py:186} INFO - Started process (PID=18962) to work on /home/ec2-user/environment/lab4_model_training/venv/lib64/python3.12/site-packages/airflow/example_dags/example_short_circuit_operator.py
[2026-05-09T18:54:56.187+0000] {processor.py:914} INFO - Processing file /home/ec2-user/environment/lab4_model_training/venv/lib64/python3.12/site-packages/airflow/example_dags/example_short_circuit_operator.py for tasks to queue
[2026-05-09T18:54:56.189+0000] {logging_mixin.py:190} INFO - [2026-05-09T18:54:56.189+0000] {dagbag.py:588} INFO - Filling up the DagBag from /home/ec2-user/environment/lab4_model_training/venv/lib64/python3.12/site-packages/airflow/example_dags/example_short_circuit_operator.py
[2026-05-09T18:54:56.197+0000] {processor.py:925} INFO - DAG(s) 'example_short_circuit_operator' retrieved from /home/ec2-user/environment/lab4_model_training/venv/lib64/python3.12/site-packages/airflow/example_dags/example_short_circuit_operator.py
[2026-05-09T18:54:56.213+0000] {logging_mixin.py:190} INFO - [2026-05-09T18:54:56.213+0000] {dag.py:3239} INFO - Sync 1 DAGs
[2026-05-09T18:54:56.224+0000] {logging_mixin.py:190} INFO - [2026-05-09T18:54:56.224+0000] {dag.py:4180} INFO - Setting next_dagrun for example_short_circuit_operator to None, run_after=None
[2026-05-09T18:54:56.244+0000] {processor.py:208} INFO - Processing /home/ec2-user/environment/lab4_model_training/venv/lib64/python3.12/site-packages/airflow/example_dags/example_short_circuit_operator.py took 0.062 seconds
[2026-05-09T18:55:59.901+0000] {processor.py:186} INFO - Started process (PID=19380) to work on /home/ec2-user/environment/lab4_model_training/venv/lib64/python3.12/site-packages/airflow/example_dags/example_short_circuit_operator.py
[2026-05-09T18:55:59.903+0000] {processor.py:914} INFO - Processing file /home/ec2-user/environment/lab4_model_training/venv/lib64/python3.12/site-packages/airflow/example_dags/example_short_circuit_operator.py for tasks to queue
[2026-05-09T18:55:59.905+0000] {logging_mixin.py:190} INFO - [2026-05-09T18:55:59.905+0000] {dagbag.py:588} INFO - Filling up the DagBag from /home/ec2-user/environment/lab4_model_training/venv/lib64/python3.12/site-packages/airflow/example_dags/example_short_circuit_operator.py
[2026-05-09T18:55:59.914+0000] {processor.py:925} INFO - DAG(s) 'example_short_circuit_operator' retrieved from /home/ec2-user/environment/lab4_model_training/venv/lib64/python3.12/site-packages/airflow/example_dags/example_short_circuit_operator.py
[2026-05-09T18:55:59.931+0000] {logging_mixin.py:190} INFO - [2026-05-09T18:55:59.931+0000] {dag.py:3239} INFO - Sync 1 DAGs
[2026-05-09T18:55:59.941+0000] {logging_mixin.py:190} INFO - [2026-05-09T18:55:59.941+0000] {dag.py:4180} INFO - Setting next_dagrun for example_short_circuit_operator to None, run_after=None
[2026-05-09T18:55:59.962+0000] {processor.py:208} INFO - Processing /home/ec2-user/environment/lab4_model_training/venv/lib64/python3.12/site-packages/airflow/example_dags/example_short_circuit_operator.py took 0.065 seconds
[2026-05-09T18:57:07.785+0000] {processor.py:186} INFO - Started process (PID=19722) to work on /home/ec2-user/environment/lab4_model_training/venv/lib64/python3.12/site-packages/airflow/example_dags/example_short_circuit_operator.py
[2026-05-09T18:57:07.787+0000] {processor.py:914} INFO - Processing file /home/ec2-user/environment/lab4_model_training/venv/lib64/python3.12/site-packages/airflow/example_dags/example_short_circuit_operator.py for tasks to queue
[2026-05-09T18:57:07.788+0000] {logging_mixin.py:190} INFO - [2026-05-09T18:57:07.788+0000] {dagbag.py:588} INFO - Filling up the DagBag from /home/ec2-user/environment/lab4_model_training/venv/lib64/python3.12/site-packages/airflow/example_dags/example_short_circuit_operator.py
[2026-05-09T18:57:07.795+0000] {processor.py:925} INFO - DAG(s) 'example_short_circuit_operator' retrieved from /home/ec2-user/environment/lab4_model_training/venv/lib64/python3.12/site-packages/airflow/example_dags/example_short_circuit_operator.py
[2026-05-09T18:57:07.810+0000] {logging_mixin.py:190} INFO - [2026-05-09T18:57:07.810+0000] {dag.py:3239} INFO - Sync 1 DAGs
[2026-05-09T18:57:07.820+0000] {logging_mixin.py:190} INFO - [2026-05-09T18:57:07.820+0000] {dag.py:4180} INFO - Setting next_dagrun for example_short_circuit_operator to None, run_after=None
[2026-05-09T18:57:07.838+0000] {processor.py:208} INFO - Processing /home/ec2-user/environment/lab4_model_training/venv/lib64/python3.12/site-packages/airflow/example_dags/example_short_circuit_operator.py took 0.056 seconds
[2026-05-09T18:58:15.394+0000] {processor.py:186} INFO - Started process (PID=20117) to work on /home/ec2-user/environment/lab4_model_training/venv/lib64/python3.12/site-packages/airflow/example_dags/example_short_circuit_operator.py
[2026-05-09T18:58:15.395+0000] {processor.py:914} INFO - Processing file /home/ec2-user/environment/lab4_model_training/venv/lib64/python3.12/site-packages/airflow/example_dags/example_short_circuit_operator.py for tasks to queue
[2026-05-09T18:58:15.397+0000] {logging_mixin.py:190} INFO - [2026-05-09T18:58:15.396+0000] {dagbag.py:588} INFO - Filling up the DagBag from /home/ec2-user/environment/lab4_model_training/venv/lib64/python3.12/site-packages/airflow/example_dags/example_short_circuit_operator.py
[2026-05-09T18:58:15.406+0000] {processor.py:925} INFO - DAG(s) 'example_short_circuit_operator' retrieved from /home/ec2-user/environment/lab4_model_training/venv/lib64/python3.12/site-packages/airflow/example_dags/example_short_circuit_operator.py
[2026-05-09T18:58:15.423+0000] {logging_mixin.py:190} INFO - [2026-05-09T18:58:15.422+0000] {dag.py:3239} INFO - Sync 1 DAGs
[2026-05-09T18:58:15.433+0000] {logging_mixin.py:190} INFO - [2026-05-09T18:58:15.433+0000] {dag.py:4180} INFO - Setting next_dagrun for example_short_circuit_operator to None, run_after=None
[2026-05-09T18:58:15.453+0000] {processor.py:208} INFO - Processing /home/ec2-user/environment/lab4_model_training/venv/lib64/python3.12/site-packages/airflow/example_dags/example_short_circuit_operator.py took 0.064 seconds
[2026-05-09T18:59:21.595+0000] {processor.py:186} INFO - Started process (PID=20459) to work on /home/ec2-user/environment/lab4_model_training/venv/lib64/python3.12/site-packages/airflow/example_dags/example_short_circuit_operator.py
[2026-05-09T18:59:21.596+0000] {processor.py:914} INFO - Processing file /home/ec2-user/environment/lab4_model_training/venv/lib64/python3.12/site-packages/airflow/example_dags/example_short_circuit_operator.py for tasks to queue
[2026-05-09T18:59:21.598+0000] {logging_mixin.py:190} INFO - [2026-05-09T18:59:21.598+0000] {dagbag.py:588} INFO - Filling up the DagBag from /home/ec2-user/environment/lab4_model_training/venv/lib64/python3.12/site-packages/airflow/example_dags/example_short_circuit_operator.py
[2026-05-09T18:59:21.606+0000] {processor.py:925} INFO - DAG(s) 'example_short_circuit_operator' retrieved from /home/ec2-user/environment/lab4_model_training/venv/lib64/python3.12/site-packages/airflow/example_dags/example_short_circuit_operator.py
[2026-05-09T18:59:21.619+0000] {logging_mixin.py:190} INFO - [2026-05-09T18:59:21.619+0000] {dag.py:3239} INFO - Sync 1 DAGs
[2026-05-09T18:59:21.629+0000] {logging_mixin.py:190} INFO - [2026-05-09T18:59:21.629+0000] {dag.py:4180} INFO - Setting next_dagrun for example_short_circuit_operator to None, run_after=None
[2026-05-09T18:59:21.647+0000] {processor.py:208} INFO - Processing /home/ec2-user/environment/lab4_model_training/venv/lib64/python3.12/site-packages/airflow/example_dags/example_short_circuit_operator.py took 0.056 seconds
[2026-05-09T19:00:24.463+0000] {processor.py:186} INFO - Started process (PID=20784) to work on /home/ec2-user/environment/lab4_model_training/venv/lib64/python3.12/site-packages/airflow/example_dags/example_short_circuit_operator.py
[2026-05-09T19:00:24.464+0000] {processor.py:914} INFO - Processing file /home/ec2-user/environment/lab4_model_training/venv/lib64/python3.12/site-packages/airflow/example_dags/example_short_circuit_operator.py for tasks to queue
[2026-05-09T19:00:24.466+0000] {logging_mixin.py:190} INFO - [2026-05-09T19:00:24.465+0000] {dagbag.py:588} INFO - Filling up the DagBag from /home/ec2-user/environment/lab4_model_training/venv/lib64/python3.12/site-packages/airflow/example_dags/example_short_circuit_operator.py
[2026-05-09T19:00:24.473+0000] {processor.py:925} INFO - DAG(s) 'example_short_circuit_operator' retrieved from /home/ec2-user/environment/lab4_model_training/venv/lib64/python3.12/site-packages/airflow/example_dags/example_short_circuit_operator.py
[2026-05-09T19:00:24.488+0000] {logging_mixin.py:190} INFO - [2026-05-09T19:00:24.487+0000] {dag.py:3239} INFO - Sync 1 DAGs
[2026-05-09T19:00:24.497+0000] {logging_mixin.py:190} INFO - [2026-05-09T19:00:24.497+0000] {dag.py:4180} INFO - Setting next_dagrun for example_short_circuit_operator to None, run_after=None
[2026-05-09T19:00:24.516+0000] {processor.py:208} INFO - Processing /home/ec2-user/environment/lab4_model_training/venv/lib64/python3.12/site-packages/airflow/example_dags/example_short_circuit_operator.py took 0.057 seconds
[2026-05-09T19:01:30.750+0000] {processor.py:186} INFO - Started process (PID=21108) to work on /home/ec2-user/environment/lab4_model_training/venv/lib64/python3.12/site-packages/airflow/example_dags/example_short_circuit_operator.py
[2026-05-09T19:01:30.751+0000] {processor.py:914} INFO - Processing file /home/ec2-user/environment/lab4_model_training/venv/lib64/python3.12/site-packages/airflow/example_dags/example_short_circuit_operator.py for tasks to queue
[2026-05-09T19:01:30.753+0000] {logging_mixin.py:190} INFO - [2026-05-09T19:01:30.753+0000] {dagbag.py:588} INFO - Filling up the DagBag from /home/ec2-user/environment/lab4_model_training/venv/lib64/python3.12/site-packages/airflow/example_dags/example_short_circuit_operator.py
[2026-05-09T19:01:30.763+0000] {processor.py:925} INFO - DAG(s) 'example_short_circuit_operator' retrieved from /home/ec2-user/environment/lab4_model_training/venv/lib64/python3.12/site-packages/airflow/example_dags/example_short_circuit_operator.py
[2026-05-09T19:01:30.784+0000] {logging_mixin.py:190} INFO - [2026-05-09T19:01:30.784+0000] {dag.py:3239} INFO - Sync 1 DAGs
[2026-05-09T19:01:30.799+0000] {logging_mixin.py:190} INFO - [2026-05-09T19:01:30.799+0000] {dag.py:4180} INFO - Setting next_dagrun for example_short_circuit_operator to None, run_after=None
[2026-05-09T19:01:30.830+0000] {processor.py:208} INFO - Processing /home/ec2-user/environment/lab4_model_training/venv/lib64/python3.12/site-packages/airflow/example_dags/example_short_circuit_operator.py took 0.084 seconds
[2026-05-09T19:02:30.515+0000] {processor.py:186} INFO - Started process (PID=21447) to work on /home/ec2-user/environment/lab4_model_training/venv/lib64/python3.12/site-packages/airflow/example_dags/example_short_circuit_operator.py
[2026-05-09T19:02:30.517+0000] {processor.py:914} INFO - Processing file /home/ec2-user/environment/lab4_model_training/venv/lib64/python3.12/site-packages/airflow/example_dags/example_short_circuit_operator.py for tasks to queue
[2026-05-09T19:02:30.518+0000] {logging_mixin.py:190} INFO - [2026-05-09T19:02:30.518+0000] {dagbag.py:588} INFO - Filling up the DagBag from /home/ec2-user/environment/lab4_model_training/venv/lib64/python3.12/site-packages/airflow/example_dags/example_short_circuit_operator.py
[2026-05-09T19:02:30.526+0000] {processor.py:925} INFO - DAG(s) 'example_short_circuit_operator' retrieved from /home/ec2-user/environment/lab4_model_training/venv/lib64/python3.12/site-packages/airflow/example_dags/example_short_circuit_operator.py
[2026-05-09T19:02:30.540+0000] {logging_mixin.py:190} INFO - [2026-05-09T19:02:30.540+0000] {dag.py:3239} INFO - Sync 1 DAGs
[2026-05-09T19:02:30.549+0000] {logging_mixin.py:190} INFO - [2026-05-09T19:02:30.549+0000] {dag.py:4180} INFO - Setting next_dagrun for example_short_circuit_operator to None, run_after=None
[2026-05-09T19:02:30.569+0000] {processor.py:208} INFO - Processing /home/ec2-user/environment/lab4_model_training/venv/lib64/python3.12/site-packages/airflow/example_dags/example_short_circuit_operator.py took 0.057 seconds
[2026-05-09T19:03:36.412+0000] {processor.py:186} INFO - Started process (PID=21770) to work on /home/ec2-user/environment/lab4_model_training/venv/lib64/python3.12/site-packages/airflow/example_dags/example_short_circuit_operator.py
[2026-05-09T19:03:36.412+0000] {processor.py:914} INFO - Processing file /home/ec2-user/environment/lab4_model_training/venv/lib64/python3.12/site-packages/airflow/example_dags/example_short_circuit_operator.py for tasks to queue
[2026-05-09T19:03:36.414+0000] {logging_mixin.py:190} INFO - [2026-05-09T19:03:36.414+0000] {dagbag.py:588} INFO - Filling up the DagBag from /home/ec2-user/environment/lab4_model_training/venv/lib64/python3.12/site-packages/airflow/example_dags/example_short_circuit_operator.py
[2026-05-09T19:03:36.424+0000] {processor.py:925} INFO - DAG(s) 'example_short_circuit_operator' retrieved from /home/ec2-user/environment/lab4_model_training/venv/lib64/python3.12/site-packages/airflow/example_dags/example_short_circuit_operator.py
[2026-05-09T19:03:36.440+0000] {logging_mixin.py:190} INFO - [2026-05-09T19:03:36.440+0000] {dag.py:3239} INFO - Sync 1 DAGs
[2026-05-09T19:03:36.450+0000] {logging_mixin.py:190} INFO - [2026-05-09T19:03:36.450+0000] {dag.py:4180} INFO - Setting next_dagrun for example_short_circuit_operator to None, run_after=None
[2026-05-09T19:03:36.470+0000] {processor.py:208} INFO - Processing /home/ec2-user/environment/lab4_model_training/venv/lib64/python3.12/site-packages/airflow/example_dags/example_short_circuit_operator.py took 0.063 seconds
[2026-05-09T19:04:42.451+0000] {processor.py:186} INFO - Started process (PID=22173) to work on /home/ec2-user/environment/lab4_model_training/venv/lib64/python3.12/site-packages/airflow/example_dags/example_short_circuit_operator.py
[2026-05-09T19:04:42.452+0000] {processor.py:914} INFO - Processing file /home/ec2-user/environment/lab4_model_training/venv/lib64/python3.12/site-packages/airflow/example_dags/example_short_circuit_operator.py for tasks to queue
[2026-05-09T19:04:42.454+0000] {logging_mixin.py:190} INFO - [2026-05-09T19:04:42.453+0000] {dagbag.py:588} INFO - Filling up the DagBag from /home/ec2-user/environment/lab4_model_training/venv/lib64/python3.12/site-packages/airflow/example_dags/example_short_circuit_operator.py
[2026-05-09T19:04:42.461+0000] {processor.py:925} INFO - DAG(s) 'example_short_circuit_operator' retrieved from /home/ec2-user/environment/lab4_model_training/venv/lib64/python3.12/site-packages/airflow/example_dags/example_short_circuit_operator.py
[2026-05-09T19:04:42.476+0000] {logging_mixin.py:190} INFO - [2026-05-09T19:04:42.476+0000] {dag.py:3239} INFO - Sync 1 DAGs
[2026-05-09T19:04:42.486+0000] {logging_mixin.py:190} INFO - [2026-05-09T19:04:42.485+0000] {dag.py:4180} INFO - Setting next_dagrun for example_short_circuit_operator to None, run_after=None
[2026-05-09T19:04:42.504+0000] {processor.py:208} INFO - Processing /home/ec2-user/environment/lab4_model_training/venv/lib64/python3.12/site-packages/airflow/example_dags/example_short_circuit_operator.py took 0.057 seconds
[2026-05-09T19:05:42.888+0000] {processor.py:186} INFO - Started process (PID=22541) to work on /home/ec2-user/environment/lab4_model_training/venv/lib64/python3.12/site-packages/airflow/example_dags/example_short_circuit_operator.py
[2026-05-09T19:05:42.889+0000] {processor.py:914} INFO - Processing file /home/ec2-user/environment/lab4_model_training/venv/lib64/python3.12/site-packages/airflow/example_dags/example_short_circuit_operator.py for tasks to queue
[2026-05-09T19:05:42.891+0000] {logging_mixin.py:190} INFO - [2026-05-09T19:05:42.890+0000] {dagbag.py:588} INFO - Filling up the DagBag from /home/ec2-user/environment/lab4_model_training/venv/lib64/python3.12/site-packages/airflow/example_dags/example_short_circuit_operator.py
[2026-05-09T19:05:42.900+0000] {processor.py:925} INFO - DAG(s) 'example_short_circuit_operator' retrieved from /home/ec2-user/environment/lab4_model_training/venv/lib64/python3.12/site-packages/airflow/example_dags/example_short_circuit_operator.py
[2026-05-09T19:05:42.917+0000] {logging_mixin.py:190} INFO - [2026-05-09T19:05:42.917+0000] {dag.py:3239} INFO - Sync 1 DAGs
[2026-05-09T19:05:42.928+0000] {logging_mixin.py:190} INFO - [2026-05-09T19:05:42.928+0000] {dag.py:4180} INFO - Setting next_dagrun for example_short_circuit_operator to None, run_after=None
[2026-05-09T19:05:42.949+0000] {processor.py:208} INFO - Processing /home/ec2-user/environment/lab4_model_training/venv/lib64/python3.12/site-packages/airflow/example_dags/example_short_circuit_operator.py took 0.066 seconds
[2026-05-09T19:06:47.810+0000] {processor.py:186} INFO - Started process (PID=22884) to work on /home/ec2-user/environment/lab4_model_training/venv/lib64/python3.12/site-packages/airflow/example_dags/example_short_circuit_operator.py
[2026-05-09T19:06:47.811+0000] {processor.py:914} INFO - Processing file /home/ec2-user/environment/lab4_model_training/venv/lib64/python3.12/site-packages/airflow/example_dags/example_short_circuit_operator.py for tasks to queue
[2026-05-09T19:06:47.813+0000] {logging_mixin.py:190} INFO - [2026-05-09T19:06:47.812+0000] {dagbag.py:588} INFO - Filling up the DagBag from /home/ec2-user/environment/lab4_model_training/venv/lib64/python3.12/site-packages/airflow/example_dags/example_short_circuit_operator.py
[2026-05-09T19:06:47.820+0000] {processor.py:925} INFO - DAG(s) 'example_short_circuit_operator' retrieved from /home/ec2-user/environment/lab4_model_training/venv/lib64/python3.12/site-packages/airflow/example_dags/example_short_circuit_operator.py
[2026-05-09T19:06:47.834+0000] {logging_mixin.py:190} INFO - [2026-05-09T19:06:47.834+0000] {dag.py:3239} INFO - Sync 1 DAGs
[2026-05-09T19:06:47.844+0000] {logging_mixin.py:190} INFO - [2026-05-09T19:06:47.844+0000] {dag.py:4180} INFO - Setting next_dagrun for example_short_circuit_operator to None, run_after=None
[2026-05-09T19:06:47.862+0000] {processor.py:208} INFO - Processing /home/ec2-user/environment/lab4_model_training/venv/lib64/python3.12/site-packages/airflow/example_dags/example_short_circuit_operator.py took 0.056 seconds
[2026-05-09T19:07:52.653+0000] {processor.py:186} INFO - Started process (PID=23181) to work on /home/ec2-user/environment/lab4_model_training/venv/lib64/python3.12/site-packages/airflow/example_dags/example_short_circuit_operator.py
[2026-05-09T19:07:52.654+0000] {processor.py:914} INFO - Processing file /home/ec2-user/environment/lab4_model_training/venv/lib64/python3.12/site-packages/airflow/example_dags/example_short_circuit_operator.py for tasks to queue
[2026-05-09T19:07:52.656+0000] {logging_mixin.py:190} INFO - [2026-05-09T19:07:52.656+0000] {dagbag.py:588} INFO - Filling up the DagBag from /home/ec2-user/environment/lab4_model_training/venv/lib64/python3.12/site-packages/airflow/example_dags/example_short_circuit_operator.py
[2026-05-09T19:07:52.664+0000] {processor.py:925} INFO - DAG(s) 'example_short_circuit_operator' retrieved from /home/ec2-user/environment/lab4_model_training/venv/lib64/python3.12/site-packages/airflow/example_dags/example_short_circuit_operator.py
[2026-05-09T19:07:52.678+0000] {logging_mixin.py:190} INFO - [2026-05-09T19:07:52.678+0000] {dag.py:3239} INFO - Sync 1 DAGs
[2026-05-09T19:07:52.687+0000] {logging_mixin.py:190} INFO - [2026-05-09T19:07:52.687+0000] {dag.py:4180} INFO - Setting next_dagrun for example_short_circuit_operator to None, run_after=None
[2026-05-09T19:07:52.706+0000] {processor.py:208} INFO - Processing /home/ec2-user/environment/lab4_model_training/venv/lib64/python3.12/site-packages/airflow/example_dags/example_short_circuit_operator.py took 0.057 seconds
[2026-05-09T19:08:55.962+0000] {processor.py:186} INFO - Started process (PID=23533) to work on /home/ec2-user/environment/lab4_model_training/venv/lib64/python3.12/site-packages/airflow/example_dags/example_short_circuit_operator.py
[2026-05-09T19:08:55.963+0000] {processor.py:914} INFO - Processing file /home/ec2-user/environment/lab4_model_training/venv/lib64/python3.12/site-packages/airflow/example_dags/example_short_circuit_operator.py for tasks to queue
[2026-05-09T19:08:55.965+0000] {logging_mixin.py:190} INFO - [2026-05-09T19:08:55.965+0000] {dagbag.py:588} INFO - Filling up the DagBag from /home/ec2-user/environment/lab4_model_training/venv/lib64/python3.12/site-packages/airflow/example_dags/example_short_circuit_operator.py
[2026-05-09T19:08:55.974+0000] {processor.py:925} INFO - DAG(s) 'example_short_circuit_operator' retrieved from /home/ec2-user/environment/lab4_model_training/venv/lib64/python3.12/site-packages/airflow/example_dags/example_short_circuit_operator.py
[2026-05-09T19:08:55.990+0000] {logging_mixin.py:190} INFO - [2026-05-09T19:08:55.990+0000] {dag.py:3239} INFO - Sync 1 DAGs
[2026-05-09T19:08:56.000+0000] {logging_mixin.py:190} INFO - [2026-05-09T19:08:56.000+0000] {dag.py:4180} INFO - Setting next_dagrun for example_short_circuit_operator to None, run_after=None
[2026-05-09T19:08:56.020+0000] {processor.py:208} INFO - Processing /home/ec2-user/environment/lab4_model_training/venv/lib64/python3.12/site-packages/airflow/example_dags/example_short_circuit_operator.py took 0.063 seconds
[2026-05-09T19:10:01.845+0000] {processor.py:186} INFO - Started process (PID=23868) to work on /home/ec2-user/environment/lab4_model_training/venv/lib64/python3.12/site-packages/airflow/example_dags/example_short_circuit_operator.py
[2026-05-09T19:10:01.847+0000] {processor.py:914} INFO - Processing file /home/ec2-user/environment/lab4_model_training/venv/lib64/python3.12/site-packages/airflow/example_dags/example_short_circuit_operator.py for tasks to queue
[2026-05-09T19:10:01.849+0000] {logging_mixin.py:190} INFO - [2026-05-09T19:10:01.848+0000] {dagbag.py:588} INFO - Filling up the DagBag from /home/ec2-user/environment/lab4_model_training/venv/lib64/python3.12/site-packages/airflow/example_dags/example_short_circuit_operator.py
[2026-05-09T19:10:01.865+0000] {processor.py:925} INFO - DAG(s) 'example_short_circuit_operator' retrieved from /home/ec2-user/environment/lab4_model_training/venv/lib64/python3.12/site-packages/airflow/example_dags/example_short_circuit_operator.py
[2026-05-09T19:10:01.881+0000] {logging_mixin.py:190} INFO - [2026-05-09T19:10:01.881+0000] {dag.py:3239} INFO - Sync 1 DAGs
[2026-05-09T19:10:01.892+0000] {logging_mixin.py:190} INFO - [2026-05-09T19:10:01.892+0000] {dag.py:4180} INFO - Setting next_dagrun for example_short_circuit_operator to None, run_after=None
[2026-05-09T19:10:01.915+0000] {processor.py:208} INFO - Processing /home/ec2-user/environment/lab4_model_training/venv/lib64/python3.12/site-packages/airflow/example_dags/example_short_circuit_operator.py took 0.074 seconds
[2026-05-09T19:11:08.142+0000] {processor.py:186} INFO - Started process (PID=24241) to work on /home/ec2-user/environment/lab4_model_training/venv/lib64/python3.12/site-packages/airflow/example_dags/example_short_circuit_operator.py
[2026-05-09T19:11:08.143+0000] {processor.py:914} INFO - Processing file /home/ec2-user/environment/lab4_model_training/venv/lib64/python3.12/site-packages/airflow/example_dags/example_short_circuit_operator.py for tasks to queue
[2026-05-09T19:11:08.144+0000] {logging_mixin.py:190} INFO - [2026-05-09T19:11:08.144+0000] {dagbag.py:588} INFO - Filling up the DagBag from /home/ec2-user/environment/lab4_model_training/venv/lib64/python3.12/site-packages/airflow/example_dags/example_short_circuit_operator.py
[2026-05-09T19:11:08.151+0000] {processor.py:925} INFO - DAG(s) 'example_short_circuit_operator' retrieved from /home/ec2-user/environment/lab4_model_training/venv/lib64/python3.12/site-packages/airflow/example_dags/example_short_circuit_operator.py
[2026-05-09T19:11:08.166+0000] {logging_mixin.py:190} INFO - [2026-05-09T19:11:08.165+0000] {dag.py:3239} INFO - Sync 1 DAGs
[2026-05-09T19:11:08.175+0000] {logging_mixin.py:190} INFO - [2026-05-09T19:11:08.175+0000] {dag.py:4180} INFO - Setting next_dagrun for example_short_circuit_operator to None, run_after=None
[2026-05-09T19:11:08.193+0000] {processor.py:208} INFO - Processing /home/ec2-user/environment/lab4_model_training/venv/lib64/python3.12/site-packages/airflow/example_dags/example_short_circuit_operator.py took 0.056 seconds
[2026-05-09T19:12:17.225+0000] {processor.py:186} INFO - Started process (PID=24599) to work on /home/ec2-user/environment/lab4_model_training/venv/lib64/python3.12/site-packages/airflow/example_dags/example_short_circuit_operator.py
[2026-05-09T19:12:17.225+0000] {processor.py:914} INFO - Processing file /home/ec2-user/environment/lab4_model_training/venv/lib64/python3.12/site-packages/airflow/example_dags/example_short_circuit_operator.py for tasks to queue
[2026-05-09T19:12:17.227+0000] {logging_mixin.py:190} INFO - [2026-05-09T19:12:17.227+0000] {dagbag.py:588} INFO - Filling up the DagBag from /home/ec2-user/environment/lab4_model_training/venv/lib64/python3.12/site-packages/airflow/example_dags/example_short_circuit_operator.py
[2026-05-09T19:12:17.234+0000] {processor.py:925} INFO - DAG(s) 'example_short_circuit_operator' retrieved from /home/ec2-user/environment/lab4_model_training/venv/lib64/python3.12/site-packages/airflow/example_dags/example_short_circuit_operator.py
[2026-05-09T19:12:17.249+0000] {logging_mixin.py:190} INFO - [2026-05-09T19:12:17.249+0000] {dag.py:3239} INFO - Sync 1 DAGs
[2026-05-09T19:12:17.258+0000] {logging_mixin.py:190} INFO - [2026-05-09T19:12:17.258+0000] {dag.py:4180} INFO - Setting next_dagrun for example_short_circuit_operator to None, run_after=None
[2026-05-09T19:12:17.276+0000] {processor.py:208} INFO - Processing /home/ec2-user/environment/lab4_model_training/venv/lib64/python3.12/site-packages/airflow/example_dags/example_short_circuit_operator.py took 0.055 seconds
[2026-05-09T19:13:21.760+0000] {processor.py:186} INFO - Started process (PID=24996) to work on /home/ec2-user/environment/lab4_model_training/venv/lib64/python3.12/site-packages/airflow/example_dags/example_short_circuit_operator.py
[2026-05-09T19:13:21.762+0000] {processor.py:914} INFO - Processing file /home/ec2-user/environment/lab4_model_training/venv/lib64/python3.12/site-packages/airflow/example_dags/example_short_circuit_operator.py for tasks to queue
[2026-05-09T19:13:21.764+0000] {logging_mixin.py:190} INFO - [2026-05-09T19:13:21.764+0000] {dagbag.py:588} INFO - Filling up the DagBag from /home/ec2-user/environment/lab4_model_training/venv/lib64/python3.12/site-packages/airflow/example_dags/example_short_circuit_operator.py
[2026-05-09T19:13:21.773+0000] {processor.py:925} INFO - DAG(s) 'example_short_circuit_operator' retrieved from /home/ec2-user/environment/lab4_model_training/venv/lib64/python3.12/site-packages/airflow/example_dags/example_short_circuit_operator.py
[2026-05-09T19:13:21.789+0000] {logging_mixin.py:190} INFO - [2026-05-09T19:13:21.788+0000] {dag.py:3239} INFO - Sync 1 DAGs
[2026-05-09T19:13:21.799+0000] {logging_mixin.py:190} INFO - [2026-05-09T19:13:21.799+0000] {dag.py:4180} INFO - Setting next_dagrun for example_short_circuit_operator to None, run_after=None
[2026-05-09T19:13:21.819+0000] {processor.py:208} INFO - Processing /home/ec2-user/environment/lab4_model_training/venv/lib64/python3.12/site-packages/airflow/example_dags/example_short_circuit_operator.py took 0.063 seconds
[2026-05-09T19:14:26.591+0000] {processor.py:186} INFO - Started process (PID=25363) to work on /home/ec2-user/environment/lab4_model_training/venv/lib64/python3.12/site-packages/airflow/example_dags/example_short_circuit_operator.py
[2026-05-09T19:14:26.592+0000] {processor.py:914} INFO - Processing file /home/ec2-user/environment/lab4_model_training/venv/lib64/python3.12/site-packages/airflow/example_dags/example_short_circuit_operator.py for tasks to queue
[2026-05-09T19:14:26.594+0000] {logging_mixin.py:190} INFO - [2026-05-09T19:14:26.594+0000] {dagbag.py:588} INFO - Filling up the DagBag from /home/ec2-user/environment/lab4_model_training/venv/lib64/python3.12/site-packages/airflow/example_dags/example_short_circuit_operator.py
[2026-05-09T19:14:26.601+0000] {processor.py:925} INFO - DAG(s) 'example_short_circuit_operator' retrieved from /home/ec2-user/environment/lab4_model_training/venv/lib64/python3.12/site-packages/airflow/example_dags/example_short_circuit_operator.py
[2026-05-09T19:14:26.616+0000] {logging_mixin.py:190} INFO - [2026-05-09T19:14:26.616+0000] {dag.py:3239} INFO - Sync 1 DAGs
[2026-05-09T19:14:26.626+0000] {logging_mixin.py:190} INFO - [2026-05-09T19:14:26.626+0000] {dag.py:4180} INFO - Setting next_dagrun for example_short_circuit_operator to None, run_after=None
[2026-05-09T19:14:26.645+0000] {processor.py:208} INFO - Processing /home/ec2-user/environment/lab4_model_training/venv/lib64/python3.12/site-packages/airflow/example_dags/example_short_circuit_operator.py took 0.058 seconds
[2026-05-09T19:15:34.404+0000] {processor.py:186} INFO - Started process (PID=25657) to work on /home/ec2-user/environment/lab4_model_training/venv/lib64/python3.12/site-packages/airflow/example_dags/example_short_circuit_operator.py
[2026-05-09T19:15:34.405+0000] {processor.py:914} INFO - Processing file /home/ec2-user/environment/lab4_model_training/venv/lib64/python3.12/site-packages/airflow/example_dags/example_short_circuit_operator.py for tasks to queue
[2026-05-09T19:15:34.407+0000] {logging_mixin.py:190} INFO - [2026-05-09T19:15:34.407+0000] {dagbag.py:588} INFO - Filling up the DagBag from /home/ec2-user/environment/lab4_model_training/venv/lib64/python3.12/site-packages/airflow/example_dags/example_short_circuit_operator.py
[2026-05-09T19:15:34.417+0000] {processor.py:925} INFO - DAG(s) 'example_short_circuit_operator' retrieved from /home/ec2-user/environment/lab4_model_training/venv/lib64/python3.12/site-packages/airflow/example_dags/example_short_circuit_operator.py
[2026-05-09T19:15:34.435+0000] {logging_mixin.py:190} INFO - [2026-05-09T19:15:34.434+0000] {dag.py:3239} INFO - Sync 1 DAGs
[2026-05-09T19:15:34.445+0000] {logging_mixin.py:190} INFO - [2026-05-09T19:15:34.445+0000] {dag.py:4180} INFO - Setting next_dagrun for example_short_circuit_operator to None, run_after=None
[2026-05-09T19:15:34.466+0000] {processor.py:208} INFO - Processing /home/ec2-user/environment/lab4_model_training/venv/lib64/python3.12/site-packages/airflow/example_dags/example_short_circuit_operator.py took 0.067 seconds
[2026-05-09T19:16:39.911+0000] {processor.py:186} INFO - Started process (PID=25941) to work on /home/ec2-user/environment/lab4_model_training/venv/lib64/python3.12/site-packages/airflow/example_dags/example_short_circuit_operator.py
[2026-05-09T19:16:39.912+0000] {processor.py:914} INFO - Processing file /home/ec2-user/environment/lab4_model_training/venv/lib64/python3.12/site-packages/airflow/example_dags/example_short_circuit_operator.py for tasks to queue
[2026-05-09T19:16:39.914+0000] {logging_mixin.py:190} INFO - [2026-05-09T19:16:39.914+0000] {dagbag.py:588} INFO - Filling up the DagBag from /home/ec2-user/environment/lab4_model_training/venv/lib64/python3.12/site-packages/airflow/example_dags/example_short_circuit_operator.py
[2026-05-09T19:16:39.921+0000] {processor.py:925} INFO - DAG(s) 'example_short_circuit_operator' retrieved from /home/ec2-user/environment/lab4_model_training/venv/lib64/python3.12/site-packages/airflow/example_dags/example_short_circuit_operator.py
[2026-05-09T19:16:39.935+0000] {logging_mixin.py:190} INFO - [2026-05-09T19:16:39.935+0000] {dag.py:3239} INFO - Sync 1 DAGs
[2026-05-09T19:16:39.944+0000] {logging_mixin.py:190} INFO - [2026-05-09T19:16:39.944+0000] {dag.py:4180} INFO - Setting next_dagrun for example_short_circuit_operator to None, run_after=None
[2026-05-09T19:16:39.963+0000] {processor.py:208} INFO - Processing /home/ec2-user/environment/lab4_model_training/venv/lib64/python3.12/site-packages/airflow/example_dags/example_short_circuit_operator.py took 0.056 seconds
[2026-05-09T19:17:46.626+0000] {processor.py:186} INFO - Started process (PID=26363) to work on /home/ec2-user/environment/lab4_model_training/venv/lib64/python3.12/site-packages/airflow/example_dags/example_short_circuit_operator.py
[2026-05-09T19:17:46.628+0000] {processor.py:914} INFO - Processing file /home/ec2-user/environment/lab4_model_training/venv/lib64/python3.12/site-packages/airflow/example_dags/example_short_circuit_operator.py for tasks to queue
[2026-05-09T19:17:46.629+0000] {logging_mixin.py:190} INFO - [2026-05-09T19:17:46.629+0000] {dagbag.py:588} INFO - Filling up the DagBag from /home/ec2-user/environment/lab4_model_training/venv/lib64/python3.12/site-packages/airflow/example_dags/example_short_circuit_operator.py
[2026-05-09T19:17:46.636+0000] {processor.py:925} INFO - DAG(s) 'example_short_circuit_operator' retrieved from /home/ec2-user/environment/lab4_model_training/venv/lib64/python3.12/site-packages/airflow/example_dags/example_short_circuit_operator.py
[2026-05-09T19:17:46.650+0000] {logging_mixin.py:190} INFO - [2026-05-09T19:17:46.650+0000] {dag.py:3239} INFO - Sync 1 DAGs
[2026-05-09T19:17:46.659+0000] {logging_mixin.py:190} INFO - [2026-05-09T19:17:46.659+0000] {dag.py:4180} INFO - Setting next_dagrun for example_short_circuit_operator to None, run_after=None
[2026-05-09T19:17:46.677+0000] {processor.py:208} INFO - Processing /home/ec2-user/environment/lab4_model_training/venv/lib64/python3.12/site-packages/airflow/example_dags/example_short_circuit_operator.py took 0.055 seconds
[2026-05-09T19:18:49.645+0000] {processor.py:186} INFO - Started process (PID=26793) to work on /home/ec2-user/environment/lab4_model_training/venv/lib64/python3.12/site-packages/airflow/example_dags/example_short_circuit_operator.py
[2026-05-09T19:18:49.647+0000] {processor.py:914} INFO - Processing file /home/ec2-user/environment/lab4_model_training/venv/lib64/python3.12/site-packages/airflow/example_dags/example_short_circuit_operator.py for tasks to queue
[2026-05-09T19:18:49.649+0000] {logging_mixin.py:190} INFO - [2026-05-09T19:18:49.648+0000] {dagbag.py:588} INFO - Filling up the DagBag from /home/ec2-user/environment/lab4_model_training/venv/lib64/python3.12/site-packages/airflow/example_dags/example_short_circuit_operator.py
[2026-05-09T19:18:49.658+0000] {processor.py:925} INFO - DAG(s) 'example_short_circuit_operator' retrieved from /home/ec2-user/environment/lab4_model_training/venv/lib64/python3.12/site-packages/airflow/example_dags/example_short_circuit_operator.py
[2026-05-09T19:18:49.674+0000] {logging_mixin.py:190} INFO - [2026-05-09T19:18:49.673+0000] {dag.py:3239} INFO - Sync 1 DAGs
[2026-05-09T19:18:49.684+0000] {logging_mixin.py:190} INFO - [2026-05-09T19:18:49.684+0000] {dag.py:4180} INFO - Setting next_dagrun for example_short_circuit_operator to None, run_after=None
[2026-05-09T19:18:49.704+0000] {processor.py:208} INFO - Processing /home/ec2-user/environment/lab4_model_training/venv/lib64/python3.12/site-packages/airflow/example_dags/example_short_circuit_operator.py took 0.063 seconds
[2026-05-09T19:19:56.528+0000] {processor.py:186} INFO - Started process (PID=27205) to work on /home/ec2-user/environment/lab4_model_training/venv/lib64/python3.12/site-packages/airflow/example_dags/example_short_circuit_operator.py
[2026-05-09T19:19:56.529+0000] {processor.py:914} INFO - Processing file /home/ec2-user/environment/lab4_model_training/venv/lib64/python3.12/site-packages/airflow/example_dags/example_short_circuit_operator.py for tasks to queue
[2026-05-09T19:19:56.531+0000] {logging_mixin.py:190} INFO - [2026-05-09T19:19:56.531+0000] {dagbag.py:588} INFO - Filling up the DagBag from /home/ec2-user/environment/lab4_model_training/venv/lib64/python3.12/site-packages/airflow/example_dags/example_short_circuit_operator.py
[2026-05-09T19:19:56.540+0000] {processor.py:925} INFO - DAG(s) 'example_short_circuit_operator' retrieved from /home/ec2-user/environment/lab4_model_training/venv/lib64/python3.12/site-packages/airflow/example_dags/example_short_circuit_operator.py
[2026-05-09T19:19:56.558+0000] {logging_mixin.py:190} INFO - [2026-05-09T19:19:56.558+0000] {dag.py:3239} INFO - Sync 1 DAGs
[2026-05-09T19:19:56.569+0000] {logging_mixin.py:190} INFO - [2026-05-09T19:19:56.569+0000] {dag.py:4180} INFO - Setting next_dagrun for example_short_circuit_operator to None, run_after=None
[2026-05-09T19:19:56.590+0000] {processor.py:208} INFO - Processing /home/ec2-user/environment/lab4_model_training/venv/lib64/python3.12/site-packages/airflow/example_dags/example_short_circuit_operator.py took 0.066 seconds
[2026-05-09T19:21:02.315+0000] {processor.py:186} INFO - Started process (PID=27445) to work on /home/ec2-user/environment/lab4_model_training/venv/lib64/python3.12/site-packages/airflow/example_dags/example_short_circuit_operator.py
[2026-05-09T19:21:02.316+0000] {processor.py:914} INFO - Processing file /home/ec2-user/environment/lab4_model_training/venv/lib64/python3.12/site-packages/airflow/example_dags/example_short_circuit_operator.py for tasks to queue
[2026-05-09T19:21:02.317+0000] {logging_mixin.py:190} INFO - [2026-05-09T19:21:02.317+0000] {dagbag.py:588} INFO - Filling up the DagBag from /home/ec2-user/environment/lab4_model_training/venv/lib64/python3.12/site-packages/airflow/example_dags/example_short_circuit_operator.py
[2026-05-09T19:21:02.325+0000] {processor.py:925} INFO - DAG(s) 'example_short_circuit_operator' retrieved from /home/ec2-user/environment/lab4_model_training/venv/lib64/python3.12/site-packages/airflow/example_dags/example_short_circuit_operator.py
[2026-05-09T19:21:02.339+0000] {logging_mixin.py:190} INFO - [2026-05-09T19:21:02.339+0000] {dag.py:3239} INFO - Sync 1 DAGs
[2026-05-09T19:21:02.349+0000] {logging_mixin.py:190} INFO - [2026-05-09T19:21:02.349+0000] {dag.py:4180} INFO - Setting next_dagrun for example_short_circuit_operator to None, run_after=None
[2026-05-09T19:21:02.367+0000] {processor.py:208} INFO - Processing /home/ec2-user/environment/lab4_model_training/venv/lib64/python3.12/site-packages/airflow/example_dags/example_short_circuit_operator.py took 0.057 seconds
[2026-05-09T19:22:05.751+0000] {processor.py:186} INFO - Started process (PID=27656) to work on /home/ec2-user/environment/lab4_model_training/venv/lib64/python3.12/site-packages/airflow/example_dags/example_short_circuit_operator.py
[2026-05-09T19:22:05.752+0000] {processor.py:914} INFO - Processing file /home/ec2-user/environment/lab4_model_training/venv/lib64/python3.12/site-packages/airflow/example_dags/example_short_circuit_operator.py for tasks to queue
[2026-05-09T19:22:05.754+0000] {logging_mixin.py:190} INFO - [2026-05-09T19:22:05.753+0000] {dagbag.py:588} INFO - Filling up the DagBag from /home/ec2-user/environment/lab4_model_training/venv/lib64/python3.12/site-packages/airflow/example_dags/example_short_circuit_operator.py
[2026-05-09T19:22:05.760+0000] {processor.py:925} INFO - DAG(s) 'example_short_circuit_operator' retrieved from /home/ec2-user/environment/lab4_model_training/venv/lib64/python3.12/site-packages/airflow/example_dags/example_short_circuit_operator.py
[2026-05-09T19:22:05.774+0000] {logging_mixin.py:190} INFO - [2026-05-09T19:22:05.774+0000] {dag.py:3239} INFO - Sync 1 DAGs
[2026-05-09T19:22:05.784+0000] {logging_mixin.py:190} INFO - [2026-05-09T19:22:05.784+0000] {dag.py:4180} INFO - Setting next_dagrun for example_short_circuit_operator to None, run_after=None
[2026-05-09T19:22:05.801+0000] {processor.py:208} INFO - Processing /home/ec2-user/environment/lab4_model_training/venv/lib64/python3.12/site-packages/airflow/example_dags/example_short_circuit_operator.py took 0.055 seconds
[2026-05-09T19:23:15.543+0000] {processor.py:186} INFO - Started process (PID=27755) to work on /home/ec2-user/environment/lab4_model_training/venv/lib64/python3.12/site-packages/airflow/example_dags/example_short_circuit_operator.py
[2026-05-09T19:23:15.545+0000] {processor.py:914} INFO - Processing file /home/ec2-user/environment/lab4_model_training/venv/lib64/python3.12/site-packages/airflow/example_dags/example_short_circuit_operator.py for tasks to queue
[2026-05-09T19:23:15.546+0000] {logging_mixin.py:190} INFO - [2026-05-09T19:23:15.546+0000] {dagbag.py:588} INFO - Filling up the DagBag from /home/ec2-user/environment/lab4_model_training/venv/lib64/python3.12/site-packages/airflow/example_dags/example_short_circuit_operator.py
[2026-05-09T19:23:15.553+0000] {processor.py:925} INFO - DAG(s) 'example_short_circuit_operator' retrieved from /home/ec2-user/environment/lab4_model_training/venv/lib64/python3.12/site-packages/airflow/example_dags/example_short_circuit_operator.py
[2026-05-09T19:23:15.567+0000] {logging_mixin.py:190} INFO - [2026-05-09T19:23:15.567+0000] {dag.py:3239} INFO - Sync 1 DAGs
[2026-05-09T19:23:15.576+0000] {logging_mixin.py:190} INFO - [2026-05-09T19:23:15.576+0000] {dag.py:4180} INFO - Setting next_dagrun for example_short_circuit_operator to None, run_after=None
[2026-05-09T19:23:15.594+0000] {processor.py:208} INFO - Processing /home/ec2-user/environment/lab4_model_training/venv/lib64/python3.12/site-packages/airflow/example_dags/example_short_circuit_operator.py took 0.055 seconds
[2026-05-09T19:24:21.206+0000] {processor.py:186} INFO - Started process (PID=27893) to work on /home/ec2-user/environment/lab4_model_training/venv/lib64/python3.12/site-packages/airflow/example_dags/example_short_circuit_operator.py
[2026-05-09T19:24:21.207+0000] {processor.py:914} INFO - Processing file /home/ec2-user/environment/lab4_model_training/venv/lib64/python3.12/site-packages/airflow/example_dags/example_short_circuit_operator.py for tasks to queue
[2026-05-09T19:24:21.209+0000] {logging_mixin.py:190} INFO - [2026-05-09T19:24:21.208+0000] {dagbag.py:588} INFO - Filling up the DagBag from /home/ec2-user/environment/lab4_model_training/venv/lib64/python3.12/site-packages/airflow/example_dags/example_short_circuit_operator.py
[2026-05-09T19:24:21.216+0000] {processor.py:925} INFO - DAG(s) 'example_short_circuit_operator' retrieved from /home/ec2-user/environment/lab4_model_training/venv/lib64/python3.12/site-packages/airflow/example_dags/example_short_circuit_operator.py
[2026-05-09T19:24:21.230+0000] {logging_mixin.py:190} INFO - [2026-05-09T19:24:21.230+0000] {dag.py:3239} INFO - Sync 1 DAGs
[2026-05-09T19:24:21.239+0000] {logging_mixin.py:190} INFO - [2026-05-09T19:24:21.239+0000] {dag.py:4180} INFO - Setting next_dagrun for example_short_circuit_operator to None, run_after=None
[2026-05-09T19:24:21.257+0000] {processor.py:208} INFO - Processing /home/ec2-user/environment/lab4_model_training/venv/lib64/python3.12/site-packages/airflow/example_dags/example_short_circuit_operator.py took 0.055 seconds
[2026-05-09T19:25:22.766+0000] {processor.py:186} INFO - Started process (PID=28024) to work on /home/ec2-user/environment/lab4_model_training/venv/lib64/python3.12/site-packages/airflow/example_dags/example_short_circuit_operator.py
[2026-05-09T19:25:22.767+0000] {processor.py:914} INFO - Processing file /home/ec2-user/environment/lab4_model_training/venv/lib64/python3.12/site-packages/airflow/example_dags/example_short_circuit_operator.py for tasks to queue
[2026-05-09T19:25:22.769+0000] {logging_mixin.py:190} INFO - [2026-05-09T19:25:22.769+0000] {dagbag.py:588} INFO - Filling up the DagBag from /home/ec2-user/environment/lab4_model_training/venv/lib64/python3.12/site-packages/airflow/example_dags/example_short_circuit_operator.py
[2026-05-09T19:25:22.775+0000] {processor.py:925} INFO - DAG(s) 'example_short_circuit_operator' retrieved from /home/ec2-user/environment/lab4_model_training/venv/lib64/python3.12/site-packages/airflow/example_dags/example_short_circuit_operator.py
[2026-05-09T19:25:22.789+0000] {logging_mixin.py:190} INFO - [2026-05-09T19:25:22.789+0000] {dag.py:3239} INFO - Sync 1 DAGs
[2026-05-09T19:25:22.799+0000] {logging_mixin.py:190} INFO - [2026-05-09T19:25:22.799+0000] {dag.py:4180} INFO - Setting next_dagrun for example_short_circuit_operator to None, run_after=None
[2026-05-09T19:25:22.816+0000] {processor.py:208} INFO - Processing /home/ec2-user/environment/lab4_model_training/venv/lib64/python3.12/site-packages/airflow/example_dags/example_short_circuit_operator.py took 0.054 seconds
[2026-05-09T19:26:24.227+0000] {processor.py:186} INFO - Started process (PID=28107) to work on /home/ec2-user/environment/lab4_model_training/venv/lib64/python3.12/site-packages/airflow/example_dags/example_short_circuit_operator.py
[2026-05-09T19:26:24.228+0000] {processor.py:914} INFO - Processing file /home/ec2-user/environment/lab4_model_training/venv/lib64/python3.12/site-packages/airflow/example_dags/example_short_circuit_operator.py for tasks to queue
[2026-05-09T19:26:24.229+0000] {logging_mixin.py:190} INFO - [2026-05-09T19:26:24.229+0000] {dagbag.py:588} INFO - Filling up the DagBag from /home/ec2-user/environment/lab4_model_training/venv/lib64/python3.12/site-packages/airflow/example_dags/example_short_circuit_operator.py
[2026-05-09T19:26:24.236+0000] {processor.py:925} INFO - DAG(s) 'example_short_circuit_operator' retrieved from /home/ec2-user/environment/lab4_model_training/venv/lib64/python3.12/site-packages/airflow/example_dags/example_short_circuit_operator.py
[2026-05-09T19:26:24.250+0000] {logging_mixin.py:190} INFO - [2026-05-09T19:26:24.250+0000] {dag.py:3239} INFO - Sync 1 DAGs
[2026-05-09T19:26:24.260+0000] {logging_mixin.py:190} INFO - [2026-05-09T19:26:24.259+0000] {dag.py:4180} INFO - Setting next_dagrun for example_short_circuit_operator to None, run_after=None
[2026-05-09T19:26:24.277+0000] {processor.py:208} INFO - Processing /home/ec2-user/environment/lab4_model_training/venv/lib64/python3.12/site-packages/airflow/example_dags/example_short_circuit_operator.py took 0.055 seconds
[2026-05-09T19:27:24.616+0000] {processor.py:186} INFO - Started process (PID=28240) to work on /home/ec2-user/environment/lab4_model_training/venv/lib64/python3.12/site-packages/airflow/example_dags/example_short_circuit_operator.py
[2026-05-09T19:27:24.617+0000] {processor.py:914} INFO - Processing file /home/ec2-user/environment/lab4_model_training/venv/lib64/python3.12/site-packages/airflow/example_dags/example_short_circuit_operator.py for tasks to queue
[2026-05-09T19:27:24.619+0000] {logging_mixin.py:190} INFO - [2026-05-09T19:27:24.618+0000] {dagbag.py:588} INFO - Filling up the DagBag from /home/ec2-user/environment/lab4_model_training/venv/lib64/python3.12/site-packages/airflow/example_dags/example_short_circuit_operator.py
[2026-05-09T19:27:24.625+0000] {processor.py:925} INFO - DAG(s) 'example_short_circuit_operator' retrieved from /home/ec2-user/environment/lab4_model_training/venv/lib64/python3.12/site-packages/airflow/example_dags/example_short_circuit_operator.py
[2026-05-09T19:27:24.639+0000] {logging_mixin.py:190} INFO - [2026-05-09T19:27:24.639+0000] {dag.py:3239} INFO - Sync 1 DAGs
[2026-05-09T19:27:24.649+0000] {logging_mixin.py:190} INFO - [2026-05-09T19:27:24.649+0000] {dag.py:4180} INFO - Setting next_dagrun for example_short_circuit_operator to None, run_after=None
[2026-05-09T19:27:24.666+0000] {processor.py:208} INFO - Processing /home/ec2-user/environment/lab4_model_training/venv/lib64/python3.12/site-packages/airflow/example_dags/example_short_circuit_operator.py took 0.055 seconds
[2026-05-09T19:28:27.136+0000] {processor.py:186} INFO - Started process (PID=28330) to work on /home/ec2-user/environment/lab4_model_training/venv/lib64/python3.12/site-packages/airflow/example_dags/example_short_circuit_operator.py
[2026-05-09T19:28:27.138+0000] {processor.py:914} INFO - Processing file /home/ec2-user/environment/lab4_model_training/venv/lib64/python3.12/site-packages/airflow/example_dags/example_short_circuit_operator.py for tasks to queue
[2026-05-09T19:28:27.139+0000] {logging_mixin.py:190} INFO - [2026-05-09T19:28:27.139+0000] {dagbag.py:588} INFO - Filling up the DagBag from /home/ec2-user/environment/lab4_model_training/venv/lib64/python3.12/site-packages/airflow/example_dags/example_short_circuit_operator.py
[2026-05-09T19:28:27.146+0000] {processor.py:925} INFO - DAG(s) 'example_short_circuit_operator' retrieved from /home/ec2-user/environment/lab4_model_training/venv/lib64/python3.12/site-packages/airflow/example_dags/example_short_circuit_operator.py
[2026-05-09T19:28:27.160+0000] {logging_mixin.py:190} INFO - [2026-05-09T19:28:27.160+0000] {dag.py:3239} INFO - Sync 1 DAGs
[2026-05-09T19:28:27.170+0000] {logging_mixin.py:190} INFO - [2026-05-09T19:28:27.170+0000] {dag.py:4180} INFO - Setting next_dagrun for example_short_circuit_operator to None, run_after=None
[2026-05-09T19:28:27.187+0000] {processor.py:208} INFO - Processing /home/ec2-user/environment/lab4_model_training/venv/lib64/python3.12/site-packages/airflow/example_dags/example_short_circuit_operator.py took 0.055 seconds
[2026-05-09T19:29:26.104+0000] {processor.py:186} INFO - Started process (PID=28460) to work on /home/ec2-user/environment/lab4_model_training/venv/lib64/python3.12/site-packages/airflow/example_dags/example_short_circuit_operator.py
[2026-05-09T19:29:26.105+0000] {processor.py:914} INFO - Processing file /home/ec2-user/environment/lab4_model_training/venv/lib64/python3.12/site-packages/airflow/example_dags/example_short_circuit_operator.py for tasks to queue
[2026-05-09T19:29:26.106+0000] {logging_mixin.py:190} INFO - [2026-05-09T19:29:26.106+0000] {dagbag.py:588} INFO - Filling up the DagBag from /home/ec2-user/environment/lab4_model_training/venv/lib64/python3.12/site-packages/airflow/example_dags/example_short_circuit_operator.py
[2026-05-09T19:29:26.113+0000] {processor.py:925} INFO - DAG(s) 'example_short_circuit_operator' retrieved from /home/ec2-user/environment/lab4_model_training/venv/lib64/python3.12/site-packages/airflow/example_dags/example_short_circuit_operator.py
[2026-05-09T19:29:26.128+0000] {logging_mixin.py:190} INFO - [2026-05-09T19:29:26.128+0000] {dag.py:3239} INFO - Sync 1 DAGs
[2026-05-09T19:29:26.138+0000] {logging_mixin.py:190} INFO - [2026-05-09T19:29:26.138+0000] {dag.py:4180} INFO - Setting next_dagrun for example_short_circuit_operator to None, run_after=None
[2026-05-09T19:29:26.156+0000] {processor.py:208} INFO - Processing /home/ec2-user/environment/lab4_model_training/venv/lib64/python3.12/site-packages/airflow/example_dags/example_short_circuit_operator.py took 0.056 seconds
[2026-05-09T19:30:31.569+0000] {processor.py:186} INFO - Started process (PID=29091) to work on /home/ec2-user/environment/lab4_model_training/venv/lib64/python3.12/site-packages/airflow/example_dags/example_short_circuit_operator.py
[2026-05-09T19:30:31.571+0000] {processor.py:914} INFO - Processing file /home/ec2-user/environment/lab4_model_training/venv/lib64/python3.12/site-packages/airflow/example_dags/example_short_circuit_operator.py for tasks to queue
[2026-05-09T19:30:31.572+0000] {logging_mixin.py:190} INFO - [2026-05-09T19:30:31.572+0000] {dagbag.py:588} INFO - Filling up the DagBag from /home/ec2-user/environment/lab4_model_training/venv/lib64/python3.12/site-packages/airflow/example_dags/example_short_circuit_operator.py
[2026-05-09T19:30:31.580+0000] {processor.py:925} INFO - DAG(s) 'example_short_circuit_operator' retrieved from /home/ec2-user/environment/lab4_model_training/venv/lib64/python3.12/site-packages/airflow/example_dags/example_short_circuit_operator.py
[2026-05-09T19:30:31.596+0000] {logging_mixin.py:190} INFO - [2026-05-09T19:30:31.595+0000] {dag.py:3239} INFO - Sync 1 DAGs
[2026-05-09T19:30:31.607+0000] {logging_mixin.py:190} INFO - [2026-05-09T19:30:31.607+0000] {dag.py:4180} INFO - Setting next_dagrun for example_short_circuit_operator to None, run_after=None
[2026-05-09T19:30:31.630+0000] {processor.py:208} INFO - Processing /home/ec2-user/environment/lab4_model_training/venv/lib64/python3.12/site-packages/airflow/example_dags/example_short_circuit_operator.py took 0.065 seconds
[2026-05-09T19:31:35.777+0000] {processor.py:186} INFO - Started process (PID=29557) to work on /home/ec2-user/environment/lab4_model_training/venv/lib64/python3.12/site-packages/airflow/example_dags/example_short_circuit_operator.py
[2026-05-09T19:31:35.778+0000] {processor.py:914} INFO - Processing file /home/ec2-user/environment/lab4_model_training/venv/lib64/python3.12/site-packages/airflow/example_dags/example_short_circuit_operator.py for tasks to queue
[2026-05-09T19:31:35.779+0000] {logging_mixin.py:190} INFO - [2026-05-09T19:31:35.779+0000] {dagbag.py:588} INFO - Filling up the DagBag from /home/ec2-user/environment/lab4_model_training/venv/lib64/python3.12/site-packages/airflow/example_dags/example_short_circuit_operator.py
[2026-05-09T19:31:35.787+0000] {processor.py:925} INFO - DAG(s) 'example_short_circuit_operator' retrieved from /home/ec2-user/environment/lab4_model_training/venv/lib64/python3.12/site-packages/airflow/example_dags/example_short_circuit_operator.py
[2026-05-09T19:31:35.801+0000] {logging_mixin.py:190} INFO - [2026-05-09T19:31:35.801+0000] {dag.py:3239} INFO - Sync 1 DAGs
[2026-05-09T19:31:35.811+0000] {logging_mixin.py:190} INFO - [2026-05-09T19:31:35.811+0000] {dag.py:4180} INFO - Setting next_dagrun for example_short_circuit_operator to None, run_after=None
[2026-05-09T19:31:35.829+0000] {processor.py:208} INFO - Processing /home/ec2-user/environment/lab4_model_training/venv/lib64/python3.12/site-packages/airflow/example_dags/example_short_circuit_operator.py took 0.057 seconds
[2026-05-09T19:32:36.335+0000] {processor.py:186} INFO - Started process (PID=30001) to work on /home/ec2-user/environment/lab4_model_training/venv/lib64/python3.12/site-packages/airflow/example_dags/example_short_circuit_operator.py
[2026-05-09T19:32:36.337+0000] {processor.py:914} INFO - Processing file /home/ec2-user/environment/lab4_model_training/venv/lib64/python3.12/site-packages/airflow/example_dags/example_short_circuit_operator.py for tasks to queue
[2026-05-09T19:32:36.338+0000] {logging_mixin.py:190} INFO - [2026-05-09T19:32:36.338+0000] {dagbag.py:588} INFO - Filling up the DagBag from /home/ec2-user/environment/lab4_model_training/venv/lib64/python3.12/site-packages/airflow/example_dags/example_short_circuit_operator.py
[2026-05-09T19:32:36.346+0000] {processor.py:925} INFO - DAG(s) 'example_short_circuit_operator' retrieved from /home/ec2-user/environment/lab4_model_training/venv/lib64/python3.12/site-packages/airflow/example_dags/example_short_circuit_operator.py
[2026-05-09T19:32:36.360+0000] {logging_mixin.py:190} INFO - [2026-05-09T19:32:36.360+0000] {dag.py:3239} INFO - Sync 1 DAGs
[2026-05-09T19:32:36.370+0000] {logging_mixin.py:190} INFO - [2026-05-09T19:32:36.370+0000] {dag.py:4180} INFO - Setting next_dagrun for example_short_circuit_operator to None, run_after=None
[2026-05-09T19:32:36.389+0000] {processor.py:208} INFO - Processing /home/ec2-user/environment/lab4_model_training/venv/lib64/python3.12/site-packages/airflow/example_dags/example_short_circuit_operator.py took 0.057 seconds
[2026-05-09T19:33:42.179+0000] {processor.py:186} INFO - Started process (PID=30474) to work on /home/ec2-user/environment/lab4_model_training/venv/lib64/python3.12/site-packages/airflow/example_dags/example_short_circuit_operator.py
[2026-05-09T19:33:42.180+0000] {processor.py:914} INFO - Processing file /home/ec2-user/environment/lab4_model_training/venv/lib64/python3.12/site-packages/airflow/example_dags/example_short_circuit_operator.py for tasks to queue
[2026-05-09T19:33:42.182+0000] {logging_mixin.py:190} INFO - [2026-05-09T19:33:42.182+0000] {dagbag.py:588} INFO - Filling up the DagBag from /home/ec2-user/environment/lab4_model_training/venv/lib64/python3.12/site-packages/airflow/example_dags/example_short_circuit_operator.py
[2026-05-09T19:33:42.189+0000] {processor.py:925} INFO - DAG(s) 'example_short_circuit_operator' retrieved from /home/ec2-user/environment/lab4_model_training/venv/lib64/python3.12/site-packages/airflow/example_dags/example_short_circuit_operator.py
[2026-05-09T19:33:42.205+0000] {logging_mixin.py:190} INFO - [2026-05-09T19:33:42.205+0000] {dag.py:3239} INFO - Sync 1 DAGs
[2026-05-09T19:33:42.219+0000] {logging_mixin.py:190} INFO - [2026-05-09T19:33:42.219+0000] {dag.py:4180} INFO - Setting next_dagrun for example_short_circuit_operator to None, run_after=None
[2026-05-09T19:33:42.240+0000] {processor.py:208} INFO - Processing /home/ec2-user/environment/lab4_model_training/venv/lib64/python3.12/site-packages/airflow/example_dags/example_short_circuit_operator.py took 0.065 seconds
[2026-05-09T19:34:49.762+0000] {processor.py:186} INFO - Started process (PID=30857) to work on /home/ec2-user/environment/lab4_model_training/venv/lib64/python3.12/site-packages/airflow/example_dags/example_short_circuit_operator.py
[2026-05-09T19:34:49.763+0000] {processor.py:914} INFO - Processing file /home/ec2-user/environment/lab4_model_training/venv/lib64/python3.12/site-packages/airflow/example_dags/example_short_circuit_operator.py for tasks to queue
[2026-05-09T19:34:49.765+0000] {logging_mixin.py:190} INFO - [2026-05-09T19:34:49.764+0000] {dagbag.py:588} INFO - Filling up the DagBag from /home/ec2-user/environment/lab4_model_training/venv/lib64/python3.12/site-packages/airflow/example_dags/example_short_circuit_operator.py
[2026-05-09T19:34:49.772+0000] {processor.py:925} INFO - DAG(s) 'example_short_circuit_operator' retrieved from /home/ec2-user/environment/lab4_model_training/venv/lib64/python3.12/site-packages/airflow/example_dags/example_short_circuit_operator.py
[2026-05-09T19:34:49.786+0000] {logging_mixin.py:190} INFO - [2026-05-09T19:34:49.786+0000] {dag.py:3239} INFO - Sync 1 DAGs
[2026-05-09T19:34:49.797+0000] {logging_mixin.py:190} INFO - [2026-05-09T19:34:49.797+0000] {dag.py:4180} INFO - Setting next_dagrun for example_short_circuit_operator to None, run_after=None
[2026-05-09T19:34:49.815+0000] {processor.py:208} INFO - Processing /home/ec2-user/environment/lab4_model_training/venv/lib64/python3.12/site-packages/airflow/example_dags/example_short_circuit_operator.py took 0.058 seconds
[2026-05-09T19:35:57.769+0000] {processor.py:186} INFO - Started process (PID=31350) to work on /home/ec2-user/environment/lab4_model_training/venv/lib64/python3.12/site-packages/airflow/example_dags/example_short_circuit_operator.py
[2026-05-09T19:35:57.770+0000] {processor.py:914} INFO - Processing file /home/ec2-user/environment/lab4_model_training/venv/lib64/python3.12/site-packages/airflow/example_dags/example_short_circuit_operator.py for tasks to queue
[2026-05-09T19:35:57.772+0000] {logging_mixin.py:190} INFO - [2026-05-09T19:35:57.772+0000] {dagbag.py:588} INFO - Filling up the DagBag from /home/ec2-user/environment/lab4_model_training/venv/lib64/python3.12/site-packages/airflow/example_dags/example_short_circuit_operator.py
[2026-05-09T19:35:57.782+0000] {processor.py:925} INFO - DAG(s) 'example_short_circuit_operator' retrieved from /home/ec2-user/environment/lab4_model_training/venv/lib64/python3.12/site-packages/airflow/example_dags/example_short_circuit_operator.py
[2026-05-09T19:35:57.801+0000] {logging_mixin.py:190} INFO - [2026-05-09T19:35:57.801+0000] {dag.py:3239} INFO - Sync 1 DAGs
[2026-05-09T19:35:57.815+0000] {logging_mixin.py:190} INFO - [2026-05-09T19:35:57.815+0000] {dag.py:4180} INFO - Setting next_dagrun for example_short_circuit_operator to None, run_after=None
[2026-05-09T19:35:57.835+0000] {processor.py:208} INFO - Processing /home/ec2-user/environment/lab4_model_training/venv/lib64/python3.12/site-packages/airflow/example_dags/example_short_circuit_operator.py took 0.071 seconds
[2026-05-09T19:37:00.657+0000] {processor.py:186} INFO - Started process (PID=31764) to work on /home/ec2-user/environment/lab4_model_training/venv/lib64/python3.12/site-packages/airflow/example_dags/example_short_circuit_operator.py
[2026-05-09T19:37:00.658+0000] {processor.py:914} INFO - Processing file /home/ec2-user/environment/lab4_model_training/venv/lib64/python3.12/site-packages/airflow/example_dags/example_short_circuit_operator.py for tasks to queue
[2026-05-09T19:37:00.660+0000] {logging_mixin.py:190} INFO - [2026-05-09T19:37:00.660+0000] {dagbag.py:588} INFO - Filling up the DagBag from /home/ec2-user/environment/lab4_model_training/venv/lib64/python3.12/site-packages/airflow/example_dags/example_short_circuit_operator.py
[2026-05-09T19:37:00.667+0000] {processor.py:925} INFO - DAG(s) 'example_short_circuit_operator' retrieved from /home/ec2-user/environment/lab4_model_training/venv/lib64/python3.12/site-packages/airflow/example_dags/example_short_circuit_operator.py
[2026-05-09T19:37:00.682+0000] {logging_mixin.py:190} INFO - [2026-05-09T19:37:00.682+0000] {dag.py:3239} INFO - Sync 1 DAGs
[2026-05-09T19:37:00.692+0000] {logging_mixin.py:190} INFO - [2026-05-09T19:37:00.692+0000] {dag.py:4180} INFO - Setting next_dagrun for example_short_circuit_operator to None, run_after=None
[2026-05-09T19:37:00.710+0000] {processor.py:208} INFO - Processing /home/ec2-user/environment/lab4_model_training/venv/lib64/python3.12/site-packages/airflow/example_dags/example_short_circuit_operator.py took 0.057 seconds
[2026-05-09T19:38:05.994+0000] {processor.py:186} INFO - Started process (PID=31995) to work on /home/ec2-user/environment/lab4_model_training/venv/lib64/python3.12/site-packages/airflow/example_dags/example_short_circuit_operator.py
[2026-05-09T19:38:05.995+0000] {processor.py:914} INFO - Processing file /home/ec2-user/environment/lab4_model_training/venv/lib64/python3.12/site-packages/airflow/example_dags/example_short_circuit_operator.py for tasks to queue
[2026-05-09T19:38:05.997+0000] {logging_mixin.py:190} INFO - [2026-05-09T19:38:05.996+0000] {dagbag.py:588} INFO - Filling up the DagBag from /home/ec2-user/environment/lab4_model_training/venv/lib64/python3.12/site-packages/airflow/example_dags/example_short_circuit_operator.py
[2026-05-09T19:38:06.007+0000] {processor.py:925} INFO - DAG(s) 'example_short_circuit_operator' retrieved from /home/ec2-user/environment/lab4_model_training/venv/lib64/python3.12/site-packages/airflow/example_dags/example_short_circuit_operator.py
[2026-05-09T19:38:06.027+0000] {logging_mixin.py:190} INFO - [2026-05-09T19:38:06.026+0000] {dag.py:3239} INFO - Sync 1 DAGs
[2026-05-09T19:38:06.040+0000] {logging_mixin.py:190} INFO - [2026-05-09T19:38:06.040+0000] {dag.py:4180} INFO - Setting next_dagrun for example_short_circuit_operator to None, run_after=None
[2026-05-09T19:38:06.060+0000] {processor.py:208} INFO - Processing /home/ec2-user/environment/lab4_model_training/venv/lib64/python3.12/site-packages/airflow/example_dags/example_short_circuit_operator.py took 0.070 seconds
[2026-05-09T19:39:13.292+0000] {processor.py:186} INFO - Started process (PID=32202) to work on /home/ec2-user/environment/lab4_model_training/venv/lib64/python3.12/site-packages/airflow/example_dags/example_short_circuit_operator.py
[2026-05-09T19:39:13.293+0000] {processor.py:914} INFO - Processing file /home/ec2-user/environment/lab4_model_training/venv/lib64/python3.12/site-packages/airflow/example_dags/example_short_circuit_operator.py for tasks to queue
[2026-05-09T19:39:13.295+0000] {logging_mixin.py:190} INFO - [2026-05-09T19:39:13.295+0000] {dagbag.py:588} INFO - Filling up the DagBag from /home/ec2-user/environment/lab4_model_training/venv/lib64/python3.12/site-packages/airflow/example_dags/example_short_circuit_operator.py
[2026-05-09T19:39:13.302+0000] {processor.py:925} INFO - DAG(s) 'example_short_circuit_operator' retrieved from /home/ec2-user/environment/lab4_model_training/venv/lib64/python3.12/site-packages/airflow/example_dags/example_short_circuit_operator.py
[2026-05-09T19:39:13.317+0000] {logging_mixin.py:190} INFO - [2026-05-09T19:39:13.317+0000] {dag.py:3239} INFO - Sync 1 DAGs
[2026-05-09T19:39:13.326+0000] {logging_mixin.py:190} INFO - [2026-05-09T19:39:13.326+0000] {dag.py:4180} INFO - Setting next_dagrun for example_short_circuit_operator to None, run_after=None
[2026-05-09T19:39:13.345+0000] {processor.py:208} INFO - Processing /home/ec2-user/environment/lab4_model_training/venv/lib64/python3.12/site-packages/airflow/example_dags/example_short_circuit_operator.py took 0.057 seconds
[2026-05-09T19:40:22.438+0000] {processor.py:186} INFO - Started process (PID=32344) to work on /home/ec2-user/environment/lab4_model_training/venv/lib64/python3.12/site-packages/airflow/example_dags/example_short_circuit_operator.py
[2026-05-09T19:40:22.439+0000] {processor.py:914} INFO - Processing file /home/ec2-user/environment/lab4_model_training/venv/lib64/python3.12/site-packages/airflow/example_dags/example_short_circuit_operator.py for tasks to queue
[2026-05-09T19:40:22.441+0000] {logging_mixin.py:190} INFO - [2026-05-09T19:40:22.441+0000] {dagbag.py:588} INFO - Filling up the DagBag from /home/ec2-user/environment/lab4_model_training/venv/lib64/python3.12/site-packages/airflow/example_dags/example_short_circuit_operator.py
[2026-05-09T19:40:22.448+0000] {processor.py:925} INFO - DAG(s) 'example_short_circuit_operator' retrieved from /home/ec2-user/environment/lab4_model_training/venv/lib64/python3.12/site-packages/airflow/example_dags/example_short_circuit_operator.py
[2026-05-09T19:40:22.463+0000] {logging_mixin.py:190} INFO - [2026-05-09T19:40:22.463+0000] {dag.py:3239} INFO - Sync 1 DAGs
[2026-05-09T19:40:22.473+0000] {logging_mixin.py:190} INFO - [2026-05-09T19:40:22.472+0000] {dag.py:4180} INFO - Setting next_dagrun for example_short_circuit_operator to None, run_after=None
[2026-05-09T19:40:22.491+0000] {processor.py:208} INFO - Processing /home/ec2-user/environment/lab4_model_training/venv/lib64/python3.12/site-packages/airflow/example_dags/example_short_circuit_operator.py took 0.058 seconds
[2026-05-09T19:41:30.394+0000] {processor.py:186} INFO - Started process (PID=32438) to work on /home/ec2-user/environment/lab4_model_training/venv/lib64/python3.12/site-packages/airflow/example_dags/example_short_circuit_operator.py
[2026-05-09T19:41:30.395+0000] {processor.py:914} INFO - Processing file /home/ec2-user/environment/lab4_model_training/venv/lib64/python3.12/site-packages/airflow/example_dags/example_short_circuit_operator.py for tasks to queue
[2026-05-09T19:41:30.397+0000] {logging_mixin.py:190} INFO - [2026-05-09T19:41:30.397+0000] {dagbag.py:588} INFO - Filling up the DagBag from /home/ec2-user/environment/lab4_model_training/venv/lib64/python3.12/site-packages/airflow/example_dags/example_short_circuit_operator.py
[2026-05-09T19:41:30.405+0000] {processor.py:925} INFO - DAG(s) 'example_short_circuit_operator' retrieved from /home/ec2-user/environment/lab4_model_training/venv/lib64/python3.12/site-packages/airflow/example_dags/example_short_circuit_operator.py
[2026-05-09T19:41:30.419+0000] {logging_mixin.py:190} INFO - [2026-05-09T19:41:30.419+0000] {dag.py:3239} INFO - Sync 1 DAGs
[2026-05-09T19:41:30.429+0000] {logging_mixin.py:190} INFO - [2026-05-09T19:41:30.429+0000] {dag.py:4180} INFO - Setting next_dagrun for example_short_circuit_operator to None, run_after=None
[2026-05-09T19:41:30.447+0000] {processor.py:208} INFO - Processing /home/ec2-user/environment/lab4_model_training/venv/lib64/python3.12/site-packages/airflow/example_dags/example_short_circuit_operator.py took 0.057 seconds
[2026-05-09T19:42:37.696+0000] {processor.py:186} INFO - Started process (PID=32579) to work on /home/ec2-user/environment/lab4_model_training/venv/lib64/python3.12/site-packages/airflow/example_dags/example_short_circuit_operator.py
[2026-05-09T19:42:37.697+0000] {processor.py:914} INFO - Processing file /home/ec2-user/environment/lab4_model_training/venv/lib64/python3.12/site-packages/airflow/example_dags/example_short_circuit_operator.py for tasks to queue
[2026-05-09T19:42:37.698+0000] {logging_mixin.py:190} INFO - [2026-05-09T19:42:37.698+0000] {dagbag.py:588} INFO - Filling up the DagBag from /home/ec2-user/environment/lab4_model_training/venv/lib64/python3.12/site-packages/airflow/example_dags/example_short_circuit_operator.py
[2026-05-09T19:42:37.706+0000] {processor.py:925} INFO - DAG(s) 'example_short_circuit_operator' retrieved from /home/ec2-user/environment/lab4_model_training/venv/lib64/python3.12/site-packages/airflow/example_dags/example_short_circuit_operator.py
[2026-05-09T19:42:37.721+0000] {logging_mixin.py:190} INFO - [2026-05-09T19:42:37.720+0000] {dag.py:3239} INFO - Sync 1 DAGs
[2026-05-09T19:42:37.730+0000] {logging_mixin.py:190} INFO - [2026-05-09T19:42:37.730+0000] {dag.py:4180} INFO - Setting next_dagrun for example_short_circuit_operator to None, run_after=None
[2026-05-09T19:42:37.849+0000] {processor.py:208} INFO - Processing /home/ec2-user/environment/lab4_model_training/venv/lib64/python3.12/site-packages/airflow/example_dags/example_short_circuit_operator.py took 0.158 seconds
[2026-05-09T19:43:43.181+0000] {processor.py:186} INFO - Started process (PID=32963) to work on /home/ec2-user/environment/lab4_model_training/venv/lib64/python3.12/site-packages/airflow/example_dags/example_short_circuit_operator.py
[2026-05-09T19:43:43.182+0000] {processor.py:914} INFO - Processing file /home/ec2-user/environment/lab4_model_training/venv/lib64/python3.12/site-packages/airflow/example_dags/example_short_circuit_operator.py for tasks to queue
[2026-05-09T19:43:43.184+0000] {logging_mixin.py:190} INFO - [2026-05-09T19:43:43.183+0000] {dagbag.py:588} INFO - Filling up the DagBag from /home/ec2-user/environment/lab4_model_training/venv/lib64/python3.12/site-packages/airflow/example_dags/example_short_circuit_operator.py
[2026-05-09T19:43:43.191+0000] {processor.py:925} INFO - DAG(s) 'example_short_circuit_operator' retrieved from /home/ec2-user/environment/lab4_model_training/venv/lib64/python3.12/site-packages/airflow/example_dags/example_short_circuit_operator.py
[2026-05-09T19:43:43.205+0000] {logging_mixin.py:190} INFO - [2026-05-09T19:43:43.205+0000] {dag.py:3239} INFO - Sync 1 DAGs
[2026-05-09T19:43:43.214+0000] {logging_mixin.py:190} INFO - [2026-05-09T19:43:43.214+0000] {dag.py:4180} INFO - Setting next_dagrun for example_short_circuit_operator to None, run_after=None
[2026-05-09T19:43:43.231+0000] {processor.py:208} INFO - Processing /home/ec2-user/environment/lab4_model_training/venv/lib64/python3.12/site-packages/airflow/example_dags/example_short_circuit_operator.py took 0.054 seconds
[2026-05-09T19:44:49.331+0000] {processor.py:186} INFO - Started process (PID=33135) to work on /home/ec2-user/environment/lab4_model_training/venv/lib64/python3.12/site-packages/airflow/example_dags/example_short_circuit_operator.py
[2026-05-09T19:44:49.333+0000] {processor.py:914} INFO - Processing file /home/ec2-user/environment/lab4_model_training/venv/lib64/python3.12/site-packages/airflow/example_dags/example_short_circuit_operator.py for tasks to queue
[2026-05-09T19:44:49.334+0000] {logging_mixin.py:190} INFO - [2026-05-09T19:44:49.334+0000] {dagbag.py:588} INFO - Filling up the DagBag from /home/ec2-user/environment/lab4_model_training/venv/lib64/python3.12/site-packages/airflow/example_dags/example_short_circuit_operator.py
[2026-05-09T19:44:49.341+0000] {processor.py:925} INFO - DAG(s) 'example_short_circuit_operator' retrieved from /home/ec2-user/environment/lab4_model_training/venv/lib64/python3.12/site-packages/airflow/example_dags/example_short_circuit_operator.py
[2026-05-09T19:44:49.355+0000] {logging_mixin.py:190} INFO - [2026-05-09T19:44:49.355+0000] {dag.py:3239} INFO - Sync 1 DAGs
[2026-05-09T19:44:49.364+0000] {logging_mixin.py:190} INFO - [2026-05-09T19:44:49.364+0000] {dag.py:4180} INFO - Setting next_dagrun for example_short_circuit_operator to None, run_after=None
[2026-05-09T19:44:49.383+0000] {processor.py:208} INFO - Processing /home/ec2-user/environment/lab4_model_training/venv/lib64/python3.12/site-packages/airflow/example_dags/example_short_circuit_operator.py took 0.056 seconds
[2026-05-09T19:45:56.810+0000] {processor.py:186} INFO - Started process (PID=33303) to work on /home/ec2-user/environment/lab4_model_training/venv/lib64/python3.12/site-packages/airflow/example_dags/example_short_circuit_operator.py
[2026-05-09T19:45:56.811+0000] {processor.py:914} INFO - Processing file /home/ec2-user/environment/lab4_model_training/venv/lib64/python3.12/site-packages/airflow/example_dags/example_short_circuit_operator.py for tasks to queue
[2026-05-09T19:45:56.813+0000] {logging_mixin.py:190} INFO - [2026-05-09T19:45:56.812+0000] {dagbag.py:588} INFO - Filling up the DagBag from /home/ec2-user/environment/lab4_model_training/venv/lib64/python3.12/site-packages/airflow/example_dags/example_short_circuit_operator.py
[2026-05-09T19:45:56.820+0000] {processor.py:925} INFO - DAG(s) 'example_short_circuit_operator' retrieved from /home/ec2-user/environment/lab4_model_training/venv/lib64/python3.12/site-packages/airflow/example_dags/example_short_circuit_operator.py
[2026-05-09T19:45:56.834+0000] {logging_mixin.py:190} INFO - [2026-05-09T19:45:56.834+0000] {dag.py:3239} INFO - Sync 1 DAGs
[2026-05-09T19:45:56.843+0000] {logging_mixin.py:190} INFO - [2026-05-09T19:45:56.843+0000] {dag.py:4180} INFO - Setting next_dagrun for example_short_circuit_operator to None, run_after=None
[2026-05-09T19:45:56.861+0000] {processor.py:208} INFO - Processing /home/ec2-user/environment/lab4_model_training/venv/lib64/python3.12/site-packages/airflow/example_dags/example_short_circuit_operator.py took 0.055 seconds
[2026-05-09T19:47:05.663+0000] {processor.py:186} INFO - Started process (PID=33447) to work on /home/ec2-user/environment/lab4_model_training/venv/lib64/python3.12/site-packages/airflow/example_dags/example_short_circuit_operator.py
[2026-05-09T19:47:05.664+0000] {processor.py:914} INFO - Processing file /home/ec2-user/environment/lab4_model_training/venv/lib64/python3.12/site-packages/airflow/example_dags/example_short_circuit_operator.py for tasks to queue
[2026-05-09T19:47:05.665+0000] {logging_mixin.py:190} INFO - [2026-05-09T19:47:05.665+0000] {dagbag.py:588} INFO - Filling up the DagBag from /home/ec2-user/environment/lab4_model_training/venv/lib64/python3.12/site-packages/airflow/example_dags/example_short_circuit_operator.py
[2026-05-09T19:47:05.672+0000] {processor.py:925} INFO - DAG(s) 'example_short_circuit_operator' retrieved from /home/ec2-user/environment/lab4_model_training/venv/lib64/python3.12/site-packages/airflow/example_dags/example_short_circuit_operator.py
[2026-05-09T19:47:05.787+0000] {logging_mixin.py:190} INFO - [2026-05-09T19:47:05.787+0000] {dag.py:3239} INFO - Sync 1 DAGs
[2026-05-09T19:47:05.794+0000] {logging_mixin.py:190} INFO - [2026-05-09T19:47:05.794+0000] {dag.py:4180} INFO - Setting next_dagrun for example_short_circuit_operator to None, run_after=None
[2026-05-09T19:47:05.811+0000] {processor.py:208} INFO - Processing /home/ec2-user/environment/lab4_model_training/venv/lib64/python3.12/site-packages/airflow/example_dags/example_short_circuit_operator.py took 0.153 seconds
[2026-05-09T19:48:13.241+0000] {processor.py:186} INFO - Started process (PID=33617) to work on /home/ec2-user/environment/lab4_model_training/venv/lib64/python3.12/site-packages/airflow/example_dags/example_short_circuit_operator.py
[2026-05-09T19:48:13.242+0000] {processor.py:914} INFO - Processing file /home/ec2-user/environment/lab4_model_training/venv/lib64/python3.12/site-packages/airflow/example_dags/example_short_circuit_operator.py for tasks to queue
[2026-05-09T19:48:13.243+0000] {logging_mixin.py:190} INFO - [2026-05-09T19:48:13.243+0000] {dagbag.py:588} INFO - Filling up the DagBag from /home/ec2-user/environment/lab4_model_training/venv/lib64/python3.12/site-packages/airflow/example_dags/example_short_circuit_operator.py
[2026-05-09T19:48:13.251+0000] {processor.py:925} INFO - DAG(s) 'example_short_circuit_operator' retrieved from /home/ec2-user/environment/lab4_model_training/venv/lib64/python3.12/site-packages/airflow/example_dags/example_short_circuit_operator.py
[2026-05-09T19:48:13.265+0000] {logging_mixin.py:190} INFO - [2026-05-09T19:48:13.264+0000] {dag.py:3239} INFO - Sync 1 DAGs
[2026-05-09T19:48:13.274+0000] {logging_mixin.py:190} INFO - [2026-05-09T19:48:13.274+0000] {dag.py:4180} INFO - Setting next_dagrun for example_short_circuit_operator to None, run_after=None
[2026-05-09T19:48:13.391+0000] {processor.py:208} INFO - Processing /home/ec2-user/environment/lab4_model_training/venv/lib64/python3.12/site-packages/airflow/example_dags/example_short_circuit_operator.py took 0.155 seconds
[2026-05-09T19:50:13.904+0000] {processor.py:186} INFO - Started process (PID=33971) to work on /home/ec2-user/environment/lab4_model_training/venv/lib64/python3.12/site-packages/airflow/example_dags/example_short_circuit_operator.py
[2026-05-09T19:50:13.905+0000] {processor.py:914} INFO - Processing file /home/ec2-user/environment/lab4_model_training/venv/lib64/python3.12/site-packages/airflow/example_dags/example_short_circuit_operator.py for tasks to queue
[2026-05-09T19:50:13.907+0000] {logging_mixin.py:190} INFO - [2026-05-09T19:50:13.907+0000] {dagbag.py:588} INFO - Filling up the DagBag from /home/ec2-user/environment/lab4_model_training/venv/lib64/python3.12/site-packages/airflow/example_dags/example_short_circuit_operator.py
[2026-05-09T19:50:13.914+0000] {processor.py:925} INFO - DAG(s) 'example_short_circuit_operator' retrieved from /home/ec2-user/environment/lab4_model_training/venv/lib64/python3.12/site-packages/airflow/example_dags/example_short_circuit_operator.py
[2026-05-09T19:50:13.928+0000] {logging_mixin.py:190} INFO - [2026-05-09T19:50:13.928+0000] {dag.py:3239} INFO - Sync 1 DAGs
[2026-05-09T19:50:13.938+0000] {logging_mixin.py:190} INFO - [2026-05-09T19:50:13.938+0000] {dag.py:4180} INFO - Setting next_dagrun for example_short_circuit_operator to None, run_after=None
[2026-05-09T19:50:13.955+0000] {processor.py:208} INFO - Processing /home/ec2-user/environment/lab4_model_training/venv/lib64/python3.12/site-packages/airflow/example_dags/example_short_circuit_operator.py took 0.055 seconds
[2026-05-09T19:51:13.113+0000] {processor.py:186} INFO - Started process (PID=34161) to work on /home/ec2-user/environment/lab4_model_training/venv/lib64/python3.12/site-packages/airflow/example_dags/example_short_circuit_operator.py
[2026-05-09T19:51:13.114+0000] {processor.py:914} INFO - Processing file /home/ec2-user/environment/lab4_model_training/venv/lib64/python3.12/site-packages/airflow/example_dags/example_short_circuit_operator.py for tasks to queue
[2026-05-09T19:51:13.116+0000] {logging_mixin.py:190} INFO - [2026-05-09T19:51:13.116+0000] {dagbag.py:588} INFO - Filling up the DagBag from /home/ec2-user/environment/lab4_model_training/venv/lib64/python3.12/site-packages/airflow/example_dags/example_short_circuit_operator.py
[2026-05-09T19:51:13.123+0000] {processor.py:925} INFO - DAG(s) 'example_short_circuit_operator' retrieved from /home/ec2-user/environment/lab4_model_training/venv/lib64/python3.12/site-packages/airflow/example_dags/example_short_circuit_operator.py
[2026-05-09T19:51:13.137+0000] {logging_mixin.py:190} INFO - [2026-05-09T19:51:13.137+0000] {dag.py:3239} INFO - Sync 1 DAGs
[2026-05-09T19:51:13.146+0000] {logging_mixin.py:190} INFO - [2026-05-09T19:51:13.146+0000] {dag.py:4180} INFO - Setting next_dagrun for example_short_circuit_operator to None, run_after=None
[2026-05-09T19:51:13.164+0000] {processor.py:208} INFO - Processing /home/ec2-user/environment/lab4_model_training/venv/lib64/python3.12/site-packages/airflow/example_dags/example_short_circuit_operator.py took 0.055 seconds
[2026-05-09T19:52:14.173+0000] {processor.py:186} INFO - Started process (PID=34431) to work on /home/ec2-user/environment/lab4_model_training/venv/lib64/python3.12/site-packages/airflow/example_dags/example_short_circuit_operator.py
[2026-05-09T19:52:14.174+0000] {processor.py:914} INFO - Processing file /home/ec2-user/environment/lab4_model_training/venv/lib64/python3.12/site-packages/airflow/example_dags/example_short_circuit_operator.py for tasks to queue
[2026-05-09T19:52:14.176+0000] {logging_mixin.py:190} INFO - [2026-05-09T19:52:14.176+0000] {dagbag.py:588} INFO - Filling up the DagBag from /home/ec2-user/environment/lab4_model_training/venv/lib64/python3.12/site-packages/airflow/example_dags/example_short_circuit_operator.py
[2026-05-09T19:52:14.183+0000] {processor.py:925} INFO - DAG(s) 'example_short_circuit_operator' retrieved from /home/ec2-user/environment/lab4_model_training/venv/lib64/python3.12/site-packages/airflow/example_dags/example_short_circuit_operator.py
[2026-05-09T19:52:14.197+0000] {logging_mixin.py:190} INFO - [2026-05-09T19:52:14.197+0000] {dag.py:3239} INFO - Sync 1 DAGs
[2026-05-09T19:52:14.206+0000] {logging_mixin.py:190} INFO - [2026-05-09T19:52:14.206+0000] {dag.py:4180} INFO - Setting next_dagrun for example_short_circuit_operator to None, run_after=None
[2026-05-09T19:52:14.224+0000] {processor.py:208} INFO - Processing /home/ec2-user/environment/lab4_model_training/venv/lib64/python3.12/site-packages/airflow/example_dags/example_short_circuit_operator.py took 0.055 seconds
[2026-05-09T19:53:19.485+0000] {processor.py:186} INFO - Started process (PID=34601) to work on /home/ec2-user/environment/lab4_model_training/venv/lib64/python3.12/site-packages/airflow/example_dags/example_short_circuit_operator.py
[2026-05-09T19:53:19.486+0000] {processor.py:914} INFO - Processing file /home/ec2-user/environment/lab4_model_training/venv/lib64/python3.12/site-packages/airflow/example_dags/example_short_circuit_operator.py for tasks to queue
[2026-05-09T19:53:19.487+0000] {logging_mixin.py:190} INFO - [2026-05-09T19:53:19.487+0000] {dagbag.py:588} INFO - Filling up the DagBag from /home/ec2-user/environment/lab4_model_training/venv/lib64/python3.12/site-packages/airflow/example_dags/example_short_circuit_operator.py
[2026-05-09T19:53:19.494+0000] {processor.py:925} INFO - DAG(s) 'example_short_circuit_operator' retrieved from /home/ec2-user/environment/lab4_model_training/venv/lib64/python3.12/site-packages/airflow/example_dags/example_short_circuit_operator.py
[2026-05-09T19:53:19.508+0000] {logging_mixin.py:190} INFO - [2026-05-09T19:53:19.508+0000] {dag.py:3239} INFO - Sync 1 DAGs
[2026-05-09T19:53:19.518+0000] {logging_mixin.py:190} INFO - [2026-05-09T19:53:19.518+0000] {dag.py:4180} INFO - Setting next_dagrun for example_short_circuit_operator to None, run_after=None
[2026-05-09T19:53:19.535+0000] {processor.py:208} INFO - Processing /home/ec2-user/environment/lab4_model_training/venv/lib64/python3.12/site-packages/airflow/example_dags/example_short_circuit_operator.py took 0.056 seconds
[2026-05-09T19:54:24.649+0000] {processor.py:186} INFO - Started process (PID=34782) to work on /home/ec2-user/environment/lab4_model_training/venv/lib64/python3.12/site-packages/airflow/example_dags/example_short_circuit_operator.py
[2026-05-09T19:54:24.650+0000] {processor.py:914} INFO - Processing file /home/ec2-user/environment/lab4_model_training/venv/lib64/python3.12/site-packages/airflow/example_dags/example_short_circuit_operator.py for tasks to queue
[2026-05-09T19:54:24.652+0000] {logging_mixin.py:190} INFO - [2026-05-09T19:54:24.651+0000] {dagbag.py:588} INFO - Filling up the DagBag from /home/ec2-user/environment/lab4_model_training/venv/lib64/python3.12/site-packages/airflow/example_dags/example_short_circuit_operator.py
[2026-05-09T19:54:24.659+0000] {processor.py:925} INFO - DAG(s) 'example_short_circuit_operator' retrieved from /home/ec2-user/environment/lab4_model_training/venv/lib64/python3.12/site-packages/airflow/example_dags/example_short_circuit_operator.py
[2026-05-09T19:54:24.673+0000] {logging_mixin.py:190} INFO - [2026-05-09T19:54:24.673+0000] {dag.py:3239} INFO - Sync 1 DAGs
[2026-05-09T19:54:24.682+0000] {logging_mixin.py:190} INFO - [2026-05-09T19:54:24.682+0000] {dag.py:4180} INFO - Setting next_dagrun for example_short_circuit_operator to None, run_after=None
[2026-05-09T19:54:24.700+0000] {processor.py:208} INFO - Processing /home/ec2-user/environment/lab4_model_training/venv/lib64/python3.12/site-packages/airflow/example_dags/example_short_circuit_operator.py took 0.056 seconds
[2026-05-09T19:55:30.608+0000] {processor.py:186} INFO - Started process (PID=34951) to work on /home/ec2-user/environment/lab4_model_training/venv/lib64/python3.12/site-packages/airflow/example_dags/example_short_circuit_operator.py
[2026-05-09T19:55:30.609+0000] {processor.py:914} INFO - Processing file /home/ec2-user/environment/lab4_model_training/venv/lib64/python3.12/site-packages/airflow/example_dags/example_short_circuit_operator.py for tasks to queue
[2026-05-09T19:55:30.611+0000] {logging_mixin.py:190} INFO - [2026-05-09T19:55:30.611+0000] {dagbag.py:588} INFO - Filling up the DagBag from /home/ec2-user/environment/lab4_model_training/venv/lib64/python3.12/site-packages/airflow/example_dags/example_short_circuit_operator.py
[2026-05-09T19:55:30.618+0000] {processor.py:925} INFO - DAG(s) 'example_short_circuit_operator' retrieved from /home/ec2-user/environment/lab4_model_training/venv/lib64/python3.12/site-packages/airflow/example_dags/example_short_circuit_operator.py
[2026-05-09T19:55:30.632+0000] {logging_mixin.py:190} INFO - [2026-05-09T19:55:30.632+0000] {dag.py:3239} INFO - Sync 1 DAGs
[2026-05-09T19:55:30.641+0000] {logging_mixin.py:190} INFO - [2026-05-09T19:55:30.641+0000] {dag.py:4180} INFO - Setting next_dagrun for example_short_circuit_operator to None, run_after=None
[2026-05-09T19:55:30.659+0000] {processor.py:208} INFO - Processing /home/ec2-user/environment/lab4_model_training/venv/lib64/python3.12/site-packages/airflow/example_dags/example_short_circuit_operator.py took 0.055 seconds
[2026-05-09T19:56:39.493+0000] {processor.py:186} INFO - Started process (PID=35082) to work on /home/ec2-user/environment/lab4_model_training/venv/lib64/python3.12/site-packages/airflow/example_dags/example_short_circuit_operator.py
[2026-05-09T19:56:39.493+0000] {processor.py:914} INFO - Processing file /home/ec2-user/environment/lab4_model_training/venv/lib64/python3.12/site-packages/airflow/example_dags/example_short_circuit_operator.py for tasks to queue
[2026-05-09T19:56:39.495+0000] {logging_mixin.py:190} INFO - [2026-05-09T19:56:39.495+0000] {dagbag.py:588} INFO - Filling up the DagBag from /home/ec2-user/environment/lab4_model_training/venv/lib64/python3.12/site-packages/airflow/example_dags/example_short_circuit_operator.py
[2026-05-09T19:56:39.502+0000] {processor.py:925} INFO - DAG(s) 'example_short_circuit_operator' retrieved from /home/ec2-user/environment/lab4_model_training/venv/lib64/python3.12/site-packages/airflow/example_dags/example_short_circuit_operator.py
[2026-05-09T19:56:39.516+0000] {logging_mixin.py:190} INFO - [2026-05-09T19:56:39.516+0000] {dag.py:3239} INFO - Sync 1 DAGs
[2026-05-09T19:56:39.525+0000] {logging_mixin.py:190} INFO - [2026-05-09T19:56:39.525+0000] {dag.py:4180} INFO - Setting next_dagrun for example_short_circuit_operator to None, run_after=None
[2026-05-09T19:56:39.543+0000] {processor.py:208} INFO - Processing /home/ec2-user/environment/lab4_model_training/venv/lib64/python3.12/site-packages/airflow/example_dags/example_short_circuit_operator.py took 0.055 seconds
[2026-05-09T19:57:41.318+0000] {processor.py:186} INFO - Started process (PID=35249) to work on /home/ec2-user/environment/lab4_model_training/venv/lib64/python3.12/site-packages/airflow/example_dags/example_short_circuit_operator.py
[2026-05-09T19:57:41.319+0000] {processor.py:914} INFO - Processing file /home/ec2-user/environment/lab4_model_training/venv/lib64/python3.12/site-packages/airflow/example_dags/example_short_circuit_operator.py for tasks to queue
[2026-05-09T19:57:41.321+0000] {logging_mixin.py:190} INFO - [2026-05-09T19:57:41.320+0000] {dagbag.py:588} INFO - Filling up the DagBag from /home/ec2-user/environment/lab4_model_training/venv/lib64/python3.12/site-packages/airflow/example_dags/example_short_circuit_operator.py
[2026-05-09T19:57:41.328+0000] {processor.py:925} INFO - DAG(s) 'example_short_circuit_operator' retrieved from /home/ec2-user/environment/lab4_model_training/venv/lib64/python3.12/site-packages/airflow/example_dags/example_short_circuit_operator.py
[2026-05-09T19:57:41.342+0000] {logging_mixin.py:190} INFO - [2026-05-09T19:57:41.342+0000] {dag.py:3239} INFO - Sync 1 DAGs
[2026-05-09T19:57:41.352+0000] {logging_mixin.py:190} INFO - [2026-05-09T19:57:41.352+0000] {dag.py:4180} INFO - Setting next_dagrun for example_short_circuit_operator to None, run_after=None
[2026-05-09T19:57:41.369+0000] {processor.py:208} INFO - Processing /home/ec2-user/environment/lab4_model_training/venv/lib64/python3.12/site-packages/airflow/example_dags/example_short_circuit_operator.py took 0.056 seconds
[2026-05-09T19:58:44.411+0000] {processor.py:186} INFO - Started process (PID=35393) to work on /home/ec2-user/environment/lab4_model_training/venv/lib64/python3.12/site-packages/airflow/example_dags/example_short_circuit_operator.py
[2026-05-09T19:58:44.412+0000] {processor.py:914} INFO - Processing file /home/ec2-user/environment/lab4_model_training/venv/lib64/python3.12/site-packages/airflow/example_dags/example_short_circuit_operator.py for tasks to queue
[2026-05-09T19:58:44.413+0000] {logging_mixin.py:190} INFO - [2026-05-09T19:58:44.413+0000] {dagbag.py:588} INFO - Filling up the DagBag from /home/ec2-user/environment/lab4_model_training/venv/lib64/python3.12/site-packages/airflow/example_dags/example_short_circuit_operator.py
[2026-05-09T19:58:44.420+0000] {processor.py:925} INFO - DAG(s) 'example_short_circuit_operator' retrieved from /home/ec2-user/environment/lab4_model_training/venv/lib64/python3.12/site-packages/airflow/example_dags/example_short_circuit_operator.py
[2026-05-09T19:58:44.434+0000] {logging_mixin.py:190} INFO - [2026-05-09T19:58:44.434+0000] {dag.py:3239} INFO - Sync 1 DAGs
[2026-05-09T19:58:44.444+0000] {logging_mixin.py:190} INFO - [2026-05-09T19:58:44.444+0000] {dag.py:4180} INFO - Setting next_dagrun for example_short_circuit_operator to None, run_after=None
[2026-05-09T19:58:44.462+0000] {processor.py:208} INFO - Processing /home/ec2-user/environment/lab4_model_training/venv/lib64/python3.12/site-packages/airflow/example_dags/example_short_circuit_operator.py took 0.055 seconds
