[2026-05-09T18:54:18.380+0000] {processor.py:186} INFO - Started process (PID=18690) to work on /home/ec2-user/environment/lab4_model_training/venv/lib64/python3.12/site-packages/airflow/example_dags/example_dynamic_task_mapping.py
[2026-05-09T18:54:18.381+0000] {processor.py:914} INFO - Processing file /home/ec2-user/environment/lab4_model_training/venv/lib64/python3.12/site-packages/airflow/example_dags/example_dynamic_task_mapping.py for tasks to queue
[2026-05-09T18:54:18.382+0000] {logging_mixin.py:190} INFO - [2026-05-09T18:54:18.382+0000] {dagbag.py:588} INFO - Filling up the DagBag from /home/ec2-user/environment/lab4_model_training/venv/lib64/python3.12/site-packages/airflow/example_dags/example_dynamic_task_mapping.py
[2026-05-09T18:54:18.389+0000] {processor.py:925} INFO - DAG(s) 'example_dynamic_task_mapping' retrieved from /home/ec2-user/environment/lab4_model_training/venv/lib64/python3.12/site-packages/airflow/example_dags/example_dynamic_task_mapping.py
[2026-05-09T18:54:18.406+0000] {logging_mixin.py:190} INFO - [2026-05-09T18:54:18.406+0000] {dag.py:3239} INFO - Sync 1 DAGs
[2026-05-09T18:54:18.416+0000] {logging_mixin.py:190} INFO - [2026-05-09T18:54:18.415+0000] {dag.py:4180} INFO - Setting next_dagrun for example_dynamic_task_mapping to None, run_after=None
[2026-05-09T18:54:18.433+0000] {processor.py:208} INFO - Processing /home/ec2-user/environment/lab4_model_training/venv/lib64/python3.12/site-packages/airflow/example_dags/example_dynamic_task_mapping.py took 0.057 seconds
[2026-05-09T18:55:37.698+0000] {processor.py:186} INFO - Started process (PID=19257) to work on /home/ec2-user/environment/lab4_model_training/venv/lib64/python3.12/site-packages/airflow/example_dags/example_dynamic_task_mapping.py
[2026-05-09T18:55:37.700+0000] {processor.py:914} INFO - Processing file /home/ec2-user/environment/lab4_model_training/venv/lib64/python3.12/site-packages/airflow/example_dags/example_dynamic_task_mapping.py for tasks to queue
[2026-05-09T18:55:37.701+0000] {logging_mixin.py:190} INFO - [2026-05-09T18:55:37.701+0000] {dagbag.py:588} INFO - Filling up the DagBag from /home/ec2-user/environment/lab4_model_training/venv/lib64/python3.12/site-packages/airflow/example_dags/example_dynamic_task_mapping.py
[2026-05-09T18:55:37.708+0000] {processor.py:925} INFO - DAG(s) 'example_dynamic_task_mapping' retrieved from /home/ec2-user/environment/lab4_model_training/venv/lib64/python3.12/site-packages/airflow/example_dags/example_dynamic_task_mapping.py
[2026-05-09T18:55:37.719+0000] {logging_mixin.py:190} INFO - [2026-05-09T18:55:37.719+0000] {dag.py:3239} INFO - Sync 1 DAGs
[2026-05-09T18:55:37.729+0000] {logging_mixin.py:190} INFO - [2026-05-09T18:55:37.729+0000] {dag.py:4180} INFO - Setting next_dagrun for example_dynamic_task_mapping to None, run_after=None
[2026-05-09T18:55:37.746+0000] {processor.py:208} INFO - Processing /home/ec2-user/environment/lab4_model_training/venv/lib64/python3.12/site-packages/airflow/example_dags/example_dynamic_task_mapping.py took 0.052 seconds
[2026-05-09T18:56:44.560+0000] {processor.py:186} INFO - Started process (PID=19610) to work on /home/ec2-user/environment/lab4_model_training/venv/lib64/python3.12/site-packages/airflow/example_dags/example_dynamic_task_mapping.py
[2026-05-09T18:56:44.561+0000] {processor.py:914} INFO - Processing file /home/ec2-user/environment/lab4_model_training/venv/lib64/python3.12/site-packages/airflow/example_dags/example_dynamic_task_mapping.py for tasks to queue
[2026-05-09T18:56:44.562+0000] {logging_mixin.py:190} INFO - [2026-05-09T18:56:44.562+0000] {dagbag.py:588} INFO - Filling up the DagBag from /home/ec2-user/environment/lab4_model_training/venv/lib64/python3.12/site-packages/airflow/example_dags/example_dynamic_task_mapping.py
[2026-05-09T18:56:44.569+0000] {processor.py:925} INFO - DAG(s) 'example_dynamic_task_mapping' retrieved from /home/ec2-user/environment/lab4_model_training/venv/lib64/python3.12/site-packages/airflow/example_dags/example_dynamic_task_mapping.py
[2026-05-09T18:56:44.581+0000] {logging_mixin.py:190} INFO - [2026-05-09T18:56:44.581+0000] {dag.py:3239} INFO - Sync 1 DAGs
[2026-05-09T18:56:44.590+0000] {logging_mixin.py:190} INFO - [2026-05-09T18:56:44.590+0000] {dag.py:4180} INFO - Setting next_dagrun for example_dynamic_task_mapping to None, run_after=None
[2026-05-09T18:56:44.609+0000] {processor.py:208} INFO - Processing /home/ec2-user/environment/lab4_model_training/venv/lib64/python3.12/site-packages/airflow/example_dags/example_dynamic_task_mapping.py took 0.054 seconds
[2026-05-09T18:57:52.165+0000] {processor.py:186} INFO - Started process (PID=20010) to work on /home/ec2-user/environment/lab4_model_training/venv/lib64/python3.12/site-packages/airflow/example_dags/example_dynamic_task_mapping.py
[2026-05-09T18:57:52.166+0000] {processor.py:914} INFO - Processing file /home/ec2-user/environment/lab4_model_training/venv/lib64/python3.12/site-packages/airflow/example_dags/example_dynamic_task_mapping.py for tasks to queue
[2026-05-09T18:57:52.168+0000] {logging_mixin.py:190} INFO - [2026-05-09T18:57:52.167+0000] {dagbag.py:588} INFO - Filling up the DagBag from /home/ec2-user/environment/lab4_model_training/venv/lib64/python3.12/site-packages/airflow/example_dags/example_dynamic_task_mapping.py
[2026-05-09T18:57:52.175+0000] {processor.py:925} INFO - DAG(s) 'example_dynamic_task_mapping' retrieved from /home/ec2-user/environment/lab4_model_training/venv/lib64/python3.12/site-packages/airflow/example_dags/example_dynamic_task_mapping.py
[2026-05-09T18:57:52.186+0000] {logging_mixin.py:190} INFO - [2026-05-09T18:57:52.186+0000] {dag.py:3239} INFO - Sync 1 DAGs
[2026-05-09T18:57:52.195+0000] {logging_mixin.py:190} INFO - [2026-05-09T18:57:52.195+0000] {dag.py:4180} INFO - Setting next_dagrun for example_dynamic_task_mapping to None, run_after=None
[2026-05-09T18:57:52.213+0000] {processor.py:208} INFO - Processing /home/ec2-user/environment/lab4_model_training/venv/lib64/python3.12/site-packages/airflow/example_dags/example_dynamic_task_mapping.py took 0.052 seconds
[2026-05-09T18:58:59.725+0000] {processor.py:186} INFO - Started process (PID=20329) to work on /home/ec2-user/environment/lab4_model_training/venv/lib64/python3.12/site-packages/airflow/example_dags/example_dynamic_task_mapping.py
[2026-05-09T18:58:59.727+0000] {processor.py:914} INFO - Processing file /home/ec2-user/environment/lab4_model_training/venv/lib64/python3.12/site-packages/airflow/example_dags/example_dynamic_task_mapping.py for tasks to queue
[2026-05-09T18:58:59.729+0000] {logging_mixin.py:190} INFO - [2026-05-09T18:58:59.728+0000] {dagbag.py:588} INFO - Filling up the DagBag from /home/ec2-user/environment/lab4_model_training/venv/lib64/python3.12/site-packages/airflow/example_dags/example_dynamic_task_mapping.py
[2026-05-09T18:58:59.735+0000] {processor.py:925} INFO - DAG(s) 'example_dynamic_task_mapping' retrieved from /home/ec2-user/environment/lab4_model_training/venv/lib64/python3.12/site-packages/airflow/example_dags/example_dynamic_task_mapping.py
[2026-05-09T18:58:59.747+0000] {logging_mixin.py:190} INFO - [2026-05-09T18:58:59.747+0000] {dag.py:3239} INFO - Sync 1 DAGs
[2026-05-09T18:58:59.756+0000] {logging_mixin.py:190} INFO - [2026-05-09T18:58:59.756+0000] {dag.py:4180} INFO - Setting next_dagrun for example_dynamic_task_mapping to None, run_after=None
[2026-05-09T18:58:59.775+0000] {processor.py:208} INFO - Processing /home/ec2-user/environment/lab4_model_training/venv/lib64/python3.12/site-packages/airflow/example_dags/example_dynamic_task_mapping.py took 0.053 seconds
[2026-05-09T19:00:01.130+0000] {processor.py:186} INFO - Started process (PID=20622) to work on /home/ec2-user/environment/lab4_model_training/venv/lib64/python3.12/site-packages/airflow/example_dags/example_dynamic_task_mapping.py
[2026-05-09T19:00:01.131+0000] {processor.py:914} INFO - Processing file /home/ec2-user/environment/lab4_model_training/venv/lib64/python3.12/site-packages/airflow/example_dags/example_dynamic_task_mapping.py for tasks to queue
[2026-05-09T19:00:01.133+0000] {logging_mixin.py:190} INFO - [2026-05-09T19:00:01.133+0000] {dagbag.py:588} INFO - Filling up the DagBag from /home/ec2-user/environment/lab4_model_training/venv/lib64/python3.12/site-packages/airflow/example_dags/example_dynamic_task_mapping.py
[2026-05-09T19:00:01.140+0000] {processor.py:925} INFO - DAG(s) 'example_dynamic_task_mapping' retrieved from /home/ec2-user/environment/lab4_model_training/venv/lib64/python3.12/site-packages/airflow/example_dags/example_dynamic_task_mapping.py
[2026-05-09T19:00:01.151+0000] {logging_mixin.py:190} INFO - [2026-05-09T19:00:01.151+0000] {dag.py:3239} INFO - Sync 1 DAGs
[2026-05-09T19:00:01.161+0000] {logging_mixin.py:190} INFO - [2026-05-09T19:00:01.160+0000] {dag.py:4180} INFO - Setting next_dagrun for example_dynamic_task_mapping to None, run_after=None
[2026-05-09T19:00:01.178+0000] {processor.py:208} INFO - Processing /home/ec2-user/environment/lab4_model_training/venv/lib64/python3.12/site-packages/airflow/example_dags/example_dynamic_task_mapping.py took 0.053 seconds
[2026-05-09T19:01:06.713+0000] {processor.py:186} INFO - Started process (PID=21007) to work on /home/ec2-user/environment/lab4_model_training/venv/lib64/python3.12/site-packages/airflow/example_dags/example_dynamic_task_mapping.py
[2026-05-09T19:01:06.714+0000] {processor.py:914} INFO - Processing file /home/ec2-user/environment/lab4_model_training/venv/lib64/python3.12/site-packages/airflow/example_dags/example_dynamic_task_mapping.py for tasks to queue
[2026-05-09T19:01:06.716+0000] {logging_mixin.py:190} INFO - [2026-05-09T19:01:06.715+0000] {dagbag.py:588} INFO - Filling up the DagBag from /home/ec2-user/environment/lab4_model_training/venv/lib64/python3.12/site-packages/airflow/example_dags/example_dynamic_task_mapping.py
[2026-05-09T19:01:06.725+0000] {processor.py:925} INFO - DAG(s) 'example_dynamic_task_mapping' retrieved from /home/ec2-user/environment/lab4_model_training/venv/lib64/python3.12/site-packages/airflow/example_dags/example_dynamic_task_mapping.py
[2026-05-09T19:01:06.739+0000] {logging_mixin.py:190} INFO - [2026-05-09T19:01:06.739+0000] {dag.py:3239} INFO - Sync 1 DAGs
[2026-05-09T19:01:06.750+0000] {logging_mixin.py:190} INFO - [2026-05-09T19:01:06.750+0000] {dag.py:4180} INFO - Setting next_dagrun for example_dynamic_task_mapping to None, run_after=None
[2026-05-09T19:01:06.769+0000] {processor.py:208} INFO - Processing /home/ec2-user/environment/lab4_model_training/venv/lib64/python3.12/site-packages/airflow/example_dags/example_dynamic_task_mapping.py took 0.061 seconds
[2026-05-09T19:02:10.181+0000] {processor.py:186} INFO - Started process (PID=21308) to work on /home/ec2-user/environment/lab4_model_training/venv/lib64/python3.12/site-packages/airflow/example_dags/example_dynamic_task_mapping.py
[2026-05-09T19:02:10.182+0000] {processor.py:914} INFO - Processing file /home/ec2-user/environment/lab4_model_training/venv/lib64/python3.12/site-packages/airflow/example_dags/example_dynamic_task_mapping.py for tasks to queue
[2026-05-09T19:02:10.184+0000] {logging_mixin.py:190} INFO - [2026-05-09T19:02:10.184+0000] {dagbag.py:588} INFO - Filling up the DagBag from /home/ec2-user/environment/lab4_model_training/venv/lib64/python3.12/site-packages/airflow/example_dags/example_dynamic_task_mapping.py
[2026-05-09T19:02:10.193+0000] {processor.py:925} INFO - DAG(s) 'example_dynamic_task_mapping' retrieved from /home/ec2-user/environment/lab4_model_training/venv/lib64/python3.12/site-packages/airflow/example_dags/example_dynamic_task_mapping.py
[2026-05-09T19:02:10.206+0000] {logging_mixin.py:190} INFO - [2026-05-09T19:02:10.206+0000] {dag.py:3239} INFO - Sync 1 DAGs
[2026-05-09T19:02:10.216+0000] {logging_mixin.py:190} INFO - [2026-05-09T19:02:10.216+0000] {dag.py:4180} INFO - Setting next_dagrun for example_dynamic_task_mapping to None, run_after=None
[2026-05-09T19:02:10.236+0000] {processor.py:208} INFO - Processing /home/ec2-user/environment/lab4_model_training/venv/lib64/python3.12/site-packages/airflow/example_dags/example_dynamic_task_mapping.py took 0.060 seconds
[2026-05-09T19:03:14.098+0000] {processor.py:186} INFO - Started process (PID=21646) to work on /home/ec2-user/environment/lab4_model_training/venv/lib64/python3.12/site-packages/airflow/example_dags/example_dynamic_task_mapping.py
[2026-05-09T19:03:14.099+0000] {processor.py:914} INFO - Processing file /home/ec2-user/environment/lab4_model_training/venv/lib64/python3.12/site-packages/airflow/example_dags/example_dynamic_task_mapping.py for tasks to queue
[2026-05-09T19:03:14.101+0000] {logging_mixin.py:190} INFO - [2026-05-09T19:03:14.100+0000] {dagbag.py:588} INFO - Filling up the DagBag from /home/ec2-user/environment/lab4_model_training/venv/lib64/python3.12/site-packages/airflow/example_dags/example_dynamic_task_mapping.py
[2026-05-09T19:03:14.108+0000] {processor.py:925} INFO - DAG(s) 'example_dynamic_task_mapping' retrieved from /home/ec2-user/environment/lab4_model_training/venv/lib64/python3.12/site-packages/airflow/example_dags/example_dynamic_task_mapping.py
[2026-05-09T19:03:14.120+0000] {logging_mixin.py:190} INFO - [2026-05-09T19:03:14.120+0000] {dag.py:3239} INFO - Sync 1 DAGs
[2026-05-09T19:03:14.129+0000] {logging_mixin.py:190} INFO - [2026-05-09T19:03:14.129+0000] {dag.py:4180} INFO - Setting next_dagrun for example_dynamic_task_mapping to None, run_after=None
[2026-05-09T19:03:14.147+0000] {processor.py:208} INFO - Processing /home/ec2-user/environment/lab4_model_training/venv/lib64/python3.12/site-packages/airflow/example_dags/example_dynamic_task_mapping.py took 0.053 seconds
[2026-05-09T19:04:17.640+0000] {processor.py:186} INFO - Started process (PID=21996) to work on /home/ec2-user/environment/lab4_model_training/venv/lib64/python3.12/site-packages/airflow/example_dags/example_dynamic_task_mapping.py
[2026-05-09T19:04:17.641+0000] {processor.py:914} INFO - Processing file /home/ec2-user/environment/lab4_model_training/venv/lib64/python3.12/site-packages/airflow/example_dags/example_dynamic_task_mapping.py for tasks to queue
[2026-05-09T19:04:17.642+0000] {logging_mixin.py:190} INFO - [2026-05-09T19:04:17.642+0000] {dagbag.py:588} INFO - Filling up the DagBag from /home/ec2-user/environment/lab4_model_training/venv/lib64/python3.12/site-packages/airflow/example_dags/example_dynamic_task_mapping.py
[2026-05-09T19:04:17.650+0000] {processor.py:925} INFO - DAG(s) 'example_dynamic_task_mapping' retrieved from /home/ec2-user/environment/lab4_model_training/venv/lib64/python3.12/site-packages/airflow/example_dags/example_dynamic_task_mapping.py
[2026-05-09T19:04:17.661+0000] {logging_mixin.py:190} INFO - [2026-05-09T19:04:17.661+0000] {dag.py:3239} INFO - Sync 1 DAGs
[2026-05-09T19:04:17.671+0000] {logging_mixin.py:190} INFO - [2026-05-09T19:04:17.671+0000] {dag.py:4180} INFO - Setting next_dagrun for example_dynamic_task_mapping to None, run_after=None
[2026-05-09T19:04:17.691+0000] {processor.py:208} INFO - Processing /home/ec2-user/environment/lab4_model_training/venv/lib64/python3.12/site-packages/airflow/example_dags/example_dynamic_task_mapping.py took 0.056 seconds
[2026-05-09T19:05:20.786+0000] {processor.py:186} INFO - Started process (PID=22446) to work on /home/ec2-user/environment/lab4_model_training/venv/lib64/python3.12/site-packages/airflow/example_dags/example_dynamic_task_mapping.py
[2026-05-09T19:05:20.787+0000] {processor.py:914} INFO - Processing file /home/ec2-user/environment/lab4_model_training/venv/lib64/python3.12/site-packages/airflow/example_dags/example_dynamic_task_mapping.py for tasks to queue
[2026-05-09T19:05:20.789+0000] {logging_mixin.py:190} INFO - [2026-05-09T19:05:20.788+0000] {dagbag.py:588} INFO - Filling up the DagBag from /home/ec2-user/environment/lab4_model_training/venv/lib64/python3.12/site-packages/airflow/example_dags/example_dynamic_task_mapping.py
[2026-05-09T19:05:20.798+0000] {processor.py:925} INFO - DAG(s) 'example_dynamic_task_mapping' retrieved from /home/ec2-user/environment/lab4_model_training/venv/lib64/python3.12/site-packages/airflow/example_dags/example_dynamic_task_mapping.py
[2026-05-09T19:05:20.811+0000] {logging_mixin.py:190} INFO - [2026-05-09T19:05:20.811+0000] {dag.py:3239} INFO - Sync 1 DAGs
[2026-05-09T19:05:20.822+0000] {logging_mixin.py:190} INFO - [2026-05-09T19:05:20.822+0000] {dag.py:4180} INFO - Setting next_dagrun for example_dynamic_task_mapping to None, run_after=None
[2026-05-09T19:05:20.842+0000] {processor.py:208} INFO - Processing /home/ec2-user/environment/lab4_model_training/venv/lib64/python3.12/site-packages/airflow/example_dags/example_dynamic_task_mapping.py took 0.060 seconds
[2026-05-09T19:06:21.800+0000] {processor.py:186} INFO - Started process (PID=22725) to work on /home/ec2-user/environment/lab4_model_training/venv/lib64/python3.12/site-packages/airflow/example_dags/example_dynamic_task_mapping.py
[2026-05-09T19:06:21.801+0000] {processor.py:914} INFO - Processing file /home/ec2-user/environment/lab4_model_training/venv/lib64/python3.12/site-packages/airflow/example_dags/example_dynamic_task_mapping.py for tasks to queue
[2026-05-09T19:06:21.802+0000] {logging_mixin.py:190} INFO - [2026-05-09T19:06:21.802+0000] {dagbag.py:588} INFO - Filling up the DagBag from /home/ec2-user/environment/lab4_model_training/venv/lib64/python3.12/site-packages/airflow/example_dags/example_dynamic_task_mapping.py
[2026-05-09T19:06:21.809+0000] {processor.py:925} INFO - DAG(s) 'example_dynamic_task_mapping' retrieved from /home/ec2-user/environment/lab4_model_training/venv/lib64/python3.12/site-packages/airflow/example_dags/example_dynamic_task_mapping.py
[2026-05-09T19:06:21.821+0000] {logging_mixin.py:190} INFO - [2026-05-09T19:06:21.820+0000] {dag.py:3239} INFO - Sync 1 DAGs
[2026-05-09T19:06:21.830+0000] {logging_mixin.py:190} INFO - [2026-05-09T19:06:21.830+0000] {dag.py:4180} INFO - Setting next_dagrun for example_dynamic_task_mapping to None, run_after=None
[2026-05-09T19:06:21.848+0000] {processor.py:208} INFO - Processing /home/ec2-user/environment/lab4_model_training/venv/lib64/python3.12/site-packages/airflow/example_dags/example_dynamic_task_mapping.py took 0.053 seconds
[2026-05-09T19:07:27.484+0000] {processor.py:186} INFO - Started process (PID=23118) to work on /home/ec2-user/environment/lab4_model_training/venv/lib64/python3.12/site-packages/airflow/example_dags/example_dynamic_task_mapping.py
[2026-05-09T19:07:27.485+0000] {processor.py:914} INFO - Processing file /home/ec2-user/environment/lab4_model_training/venv/lib64/python3.12/site-packages/airflow/example_dags/example_dynamic_task_mapping.py for tasks to queue
[2026-05-09T19:07:27.487+0000] {logging_mixin.py:190} INFO - [2026-05-09T19:07:27.486+0000] {dagbag.py:588} INFO - Filling up the DagBag from /home/ec2-user/environment/lab4_model_training/venv/lib64/python3.12/site-packages/airflow/example_dags/example_dynamic_task_mapping.py
[2026-05-09T19:07:27.496+0000] {processor.py:925} INFO - DAG(s) 'example_dynamic_task_mapping' retrieved from /home/ec2-user/environment/lab4_model_training/venv/lib64/python3.12/site-packages/airflow/example_dags/example_dynamic_task_mapping.py
[2026-05-09T19:07:27.511+0000] {logging_mixin.py:190} INFO - [2026-05-09T19:07:27.510+0000] {dag.py:3239} INFO - Sync 1 DAGs
[2026-05-09T19:07:27.521+0000] {logging_mixin.py:190} INFO - [2026-05-09T19:07:27.521+0000] {dag.py:4180} INFO - Setting next_dagrun for example_dynamic_task_mapping to None, run_after=None
[2026-05-09T19:07:27.541+0000] {processor.py:208} INFO - Processing /home/ec2-user/environment/lab4_model_training/venv/lib64/python3.12/site-packages/airflow/example_dags/example_dynamic_task_mapping.py took 0.062 seconds
[2026-05-09T19:08:32.759+0000] {processor.py:186} INFO - Started process (PID=23462) to work on /home/ec2-user/environment/lab4_model_training/venv/lib64/python3.12/site-packages/airflow/example_dags/example_dynamic_task_mapping.py
[2026-05-09T19:08:32.761+0000] {processor.py:914} INFO - Processing file /home/ec2-user/environment/lab4_model_training/venv/lib64/python3.12/site-packages/airflow/example_dags/example_dynamic_task_mapping.py for tasks to queue
[2026-05-09T19:08:32.763+0000] {logging_mixin.py:190} INFO - [2026-05-09T19:08:32.762+0000] {dagbag.py:588} INFO - Filling up the DagBag from /home/ec2-user/environment/lab4_model_training/venv/lib64/python3.12/site-packages/airflow/example_dags/example_dynamic_task_mapping.py
[2026-05-09T19:08:32.772+0000] {processor.py:925} INFO - DAG(s) 'example_dynamic_task_mapping' retrieved from /home/ec2-user/environment/lab4_model_training/venv/lib64/python3.12/site-packages/airflow/example_dags/example_dynamic_task_mapping.py
[2026-05-09T19:08:32.784+0000] {logging_mixin.py:190} INFO - [2026-05-09T19:08:32.784+0000] {dag.py:3239} INFO - Sync 1 DAGs
[2026-05-09T19:08:32.795+0000] {logging_mixin.py:190} INFO - [2026-05-09T19:08:32.795+0000] {dag.py:4180} INFO - Setting next_dagrun for example_dynamic_task_mapping to None, run_after=None
[2026-05-09T19:08:32.815+0000] {processor.py:208} INFO - Processing /home/ec2-user/environment/lab4_model_training/venv/lib64/python3.12/site-packages/airflow/example_dags/example_dynamic_task_mapping.py took 0.061 seconds
[2026-05-09T19:09:36.304+0000] {processor.py:186} INFO - Started process (PID=23755) to work on /home/ec2-user/environment/lab4_model_training/venv/lib64/python3.12/site-packages/airflow/example_dags/example_dynamic_task_mapping.py
[2026-05-09T19:09:36.305+0000] {processor.py:914} INFO - Processing file /home/ec2-user/environment/lab4_model_training/venv/lib64/python3.12/site-packages/airflow/example_dags/example_dynamic_task_mapping.py for tasks to queue
[2026-05-09T19:09:36.307+0000] {logging_mixin.py:190} INFO - [2026-05-09T19:09:36.307+0000] {dagbag.py:588} INFO - Filling up the DagBag from /home/ec2-user/environment/lab4_model_training/venv/lib64/python3.12/site-packages/airflow/example_dags/example_dynamic_task_mapping.py
[2026-05-09T19:09:36.316+0000] {processor.py:925} INFO - DAG(s) 'example_dynamic_task_mapping' retrieved from /home/ec2-user/environment/lab4_model_training/venv/lib64/python3.12/site-packages/airflow/example_dags/example_dynamic_task_mapping.py
[2026-05-09T19:09:36.331+0000] {logging_mixin.py:190} INFO - [2026-05-09T19:09:36.331+0000] {dag.py:3239} INFO - Sync 1 DAGs
[2026-05-09T19:09:36.342+0000] {logging_mixin.py:190} INFO - [2026-05-09T19:09:36.341+0000] {dag.py:4180} INFO - Setting next_dagrun for example_dynamic_task_mapping to None, run_after=None
[2026-05-09T19:09:36.361+0000] {processor.py:208} INFO - Processing /home/ec2-user/environment/lab4_model_training/venv/lib64/python3.12/site-packages/airflow/example_dags/example_dynamic_task_mapping.py took 0.062 seconds
[2026-05-09T19:10:42.436+0000] {processor.py:186} INFO - Started process (PID=24132) to work on /home/ec2-user/environment/lab4_model_training/venv/lib64/python3.12/site-packages/airflow/example_dags/example_dynamic_task_mapping.py
[2026-05-09T19:10:42.437+0000] {processor.py:914} INFO - Processing file /home/ec2-user/environment/lab4_model_training/venv/lib64/python3.12/site-packages/airflow/example_dags/example_dynamic_task_mapping.py for tasks to queue
[2026-05-09T19:10:42.439+0000] {logging_mixin.py:190} INFO - [2026-05-09T19:10:42.439+0000] {dagbag.py:588} INFO - Filling up the DagBag from /home/ec2-user/environment/lab4_model_training/venv/lib64/python3.12/site-packages/airflow/example_dags/example_dynamic_task_mapping.py
[2026-05-09T19:10:42.448+0000] {processor.py:925} INFO - DAG(s) 'example_dynamic_task_mapping' retrieved from /home/ec2-user/environment/lab4_model_training/venv/lib64/python3.12/site-packages/airflow/example_dags/example_dynamic_task_mapping.py
[2026-05-09T19:10:42.461+0000] {logging_mixin.py:190} INFO - [2026-05-09T19:10:42.461+0000] {dag.py:3239} INFO - Sync 1 DAGs
[2026-05-09T19:10:42.472+0000] {logging_mixin.py:190} INFO - [2026-05-09T19:10:42.472+0000] {dag.py:4180} INFO - Setting next_dagrun for example_dynamic_task_mapping to None, run_after=None
[2026-05-09T19:10:42.492+0000] {processor.py:208} INFO - Processing /home/ec2-user/environment/lab4_model_training/venv/lib64/python3.12/site-packages/airflow/example_dags/example_dynamic_task_mapping.py took 0.060 seconds
[2026-05-09T19:11:51.611+0000] {processor.py:186} INFO - Started process (PID=24486) to work on /home/ec2-user/environment/lab4_model_training/venv/lib64/python3.12/site-packages/airflow/example_dags/example_dynamic_task_mapping.py
[2026-05-09T19:11:51.612+0000] {processor.py:914} INFO - Processing file /home/ec2-user/environment/lab4_model_training/venv/lib64/python3.12/site-packages/airflow/example_dags/example_dynamic_task_mapping.py for tasks to queue
[2026-05-09T19:11:51.614+0000] {logging_mixin.py:190} INFO - [2026-05-09T19:11:51.614+0000] {dagbag.py:588} INFO - Filling up the DagBag from /home/ec2-user/environment/lab4_model_training/venv/lib64/python3.12/site-packages/airflow/example_dags/example_dynamic_task_mapping.py
[2026-05-09T19:11:51.621+0000] {processor.py:925} INFO - DAG(s) 'example_dynamic_task_mapping' retrieved from /home/ec2-user/environment/lab4_model_training/venv/lib64/python3.12/site-packages/airflow/example_dags/example_dynamic_task_mapping.py
[2026-05-09T19:11:51.633+0000] {logging_mixin.py:190} INFO - [2026-05-09T19:11:51.633+0000] {dag.py:3239} INFO - Sync 1 DAGs
[2026-05-09T19:11:51.642+0000] {logging_mixin.py:190} INFO - [2026-05-09T19:11:51.642+0000] {dag.py:4180} INFO - Setting next_dagrun for example_dynamic_task_mapping to None, run_after=None
[2026-05-09T19:11:51.660+0000] {processor.py:208} INFO - Processing /home/ec2-user/environment/lab4_model_training/venv/lib64/python3.12/site-packages/airflow/example_dags/example_dynamic_task_mapping.py took 0.053 seconds
[2026-05-09T19:12:59.592+0000] {processor.py:186} INFO - Started process (PID=24922) to work on /home/ec2-user/environment/lab4_model_training/venv/lib64/python3.12/site-packages/airflow/example_dags/example_dynamic_task_mapping.py
[2026-05-09T19:12:59.593+0000] {processor.py:914} INFO - Processing file /home/ec2-user/environment/lab4_model_training/venv/lib64/python3.12/site-packages/airflow/example_dags/example_dynamic_task_mapping.py for tasks to queue
[2026-05-09T19:12:59.595+0000] {logging_mixin.py:190} INFO - [2026-05-09T19:12:59.594+0000] {dagbag.py:588} INFO - Filling up the DagBag from /home/ec2-user/environment/lab4_model_training/venv/lib64/python3.12/site-packages/airflow/example_dags/example_dynamic_task_mapping.py
[2026-05-09T19:12:59.601+0000] {processor.py:925} INFO - DAG(s) 'example_dynamic_task_mapping' retrieved from /home/ec2-user/environment/lab4_model_training/venv/lib64/python3.12/site-packages/airflow/example_dags/example_dynamic_task_mapping.py
[2026-05-09T19:12:59.613+0000] {logging_mixin.py:190} INFO - [2026-05-09T19:12:59.613+0000] {dag.py:3239} INFO - Sync 1 DAGs
[2026-05-09T19:12:59.623+0000] {logging_mixin.py:190} INFO - [2026-05-09T19:12:59.622+0000] {dag.py:4180} INFO - Setting next_dagrun for example_dynamic_task_mapping to None, run_after=None
[2026-05-09T19:12:59.640+0000] {processor.py:208} INFO - Processing /home/ec2-user/environment/lab4_model_training/venv/lib64/python3.12/site-packages/airflow/example_dags/example_dynamic_task_mapping.py took 0.053 seconds
[2026-05-09T19:14:03.747+0000] {processor.py:186} INFO - Started process (PID=25217) to work on /home/ec2-user/environment/lab4_model_training/venv/lib64/python3.12/site-packages/airflow/example_dags/example_dynamic_task_mapping.py
[2026-05-09T19:14:03.748+0000] {processor.py:914} INFO - Processing file /home/ec2-user/environment/lab4_model_training/venv/lib64/python3.12/site-packages/airflow/example_dags/example_dynamic_task_mapping.py for tasks to queue
[2026-05-09T19:14:03.750+0000] {logging_mixin.py:190} INFO - [2026-05-09T19:14:03.750+0000] {dagbag.py:588} INFO - Filling up the DagBag from /home/ec2-user/environment/lab4_model_training/venv/lib64/python3.12/site-packages/airflow/example_dags/example_dynamic_task_mapping.py
[2026-05-09T19:14:03.760+0000] {processor.py:925} INFO - DAG(s) 'example_dynamic_task_mapping' retrieved from /home/ec2-user/environment/lab4_model_training/venv/lib64/python3.12/site-packages/airflow/example_dags/example_dynamic_task_mapping.py
[2026-05-09T19:14:03.773+0000] {logging_mixin.py:190} INFO - [2026-05-09T19:14:03.773+0000] {dag.py:3239} INFO - Sync 1 DAGs
[2026-05-09T19:14:03.783+0000] {logging_mixin.py:190} INFO - [2026-05-09T19:14:03.783+0000] {dag.py:4180} INFO - Setting next_dagrun for example_dynamic_task_mapping to None, run_after=None
[2026-05-09T19:14:03.804+0000] {processor.py:208} INFO - Processing /home/ec2-user/environment/lab4_model_training/venv/lib64/python3.12/site-packages/airflow/example_dags/example_dynamic_task_mapping.py took 0.062 seconds
[2026-05-09T19:15:11.065+0000] {processor.py:186} INFO - Started process (PID=25558) to work on /home/ec2-user/environment/lab4_model_training/venv/lib64/python3.12/site-packages/airflow/example_dags/example_dynamic_task_mapping.py
[2026-05-09T19:15:11.066+0000] {processor.py:914} INFO - Processing file /home/ec2-user/environment/lab4_model_training/venv/lib64/python3.12/site-packages/airflow/example_dags/example_dynamic_task_mapping.py for tasks to queue
[2026-05-09T19:15:11.068+0000] {logging_mixin.py:190} INFO - [2026-05-09T19:15:11.068+0000] {dagbag.py:588} INFO - Filling up the DagBag from /home/ec2-user/environment/lab4_model_training/venv/lib64/python3.12/site-packages/airflow/example_dags/example_dynamic_task_mapping.py
[2026-05-09T19:15:11.076+0000] {processor.py:925} INFO - DAG(s) 'example_dynamic_task_mapping' retrieved from /home/ec2-user/environment/lab4_model_training/venv/lib64/python3.12/site-packages/airflow/example_dags/example_dynamic_task_mapping.py
[2026-05-09T19:15:11.090+0000] {logging_mixin.py:190} INFO - [2026-05-09T19:15:11.090+0000] {dag.py:3239} INFO - Sync 1 DAGs
[2026-05-09T19:15:11.101+0000] {logging_mixin.py:190} INFO - [2026-05-09T19:15:11.101+0000] {dag.py:4180} INFO - Setting next_dagrun for example_dynamic_task_mapping to None, run_after=None
[2026-05-09T19:15:11.121+0000] {processor.py:208} INFO - Processing /home/ec2-user/environment/lab4_model_training/venv/lib64/python3.12/site-packages/airflow/example_dags/example_dynamic_task_mapping.py took 0.060 seconds
[2026-05-09T19:16:17.211+0000] {processor.py:186} INFO - Started process (PID=25826) to work on /home/ec2-user/environment/lab4_model_training/venv/lib64/python3.12/site-packages/airflow/example_dags/example_dynamic_task_mapping.py
[2026-05-09T19:16:17.212+0000] {processor.py:914} INFO - Processing file /home/ec2-user/environment/lab4_model_training/venv/lib64/python3.12/site-packages/airflow/example_dags/example_dynamic_task_mapping.py for tasks to queue
[2026-05-09T19:16:17.215+0000] {logging_mixin.py:190} INFO - [2026-05-09T19:16:17.215+0000] {dagbag.py:588} INFO - Filling up the DagBag from /home/ec2-user/environment/lab4_model_training/venv/lib64/python3.12/site-packages/airflow/example_dags/example_dynamic_task_mapping.py
[2026-05-09T19:16:17.223+0000] {processor.py:925} INFO - DAG(s) 'example_dynamic_task_mapping' retrieved from /home/ec2-user/environment/lab4_model_training/venv/lib64/python3.12/site-packages/airflow/example_dags/example_dynamic_task_mapping.py
[2026-05-09T19:16:17.236+0000] {logging_mixin.py:190} INFO - [2026-05-09T19:16:17.236+0000] {dag.py:3239} INFO - Sync 1 DAGs
[2026-05-09T19:16:17.247+0000] {logging_mixin.py:190} INFO - [2026-05-09T19:16:17.247+0000] {dag.py:4180} INFO - Setting next_dagrun for example_dynamic_task_mapping to None, run_after=None
[2026-05-09T19:16:17.267+0000] {processor.py:208} INFO - Processing /home/ec2-user/environment/lab4_model_training/venv/lib64/python3.12/site-packages/airflow/example_dags/example_dynamic_task_mapping.py took 0.060 seconds
[2026-05-09T19:17:22.222+0000] {processor.py:186} INFO - Started process (PID=26173) to work on /home/ec2-user/environment/lab4_model_training/venv/lib64/python3.12/site-packages/airflow/example_dags/example_dynamic_task_mapping.py
[2026-05-09T19:17:22.223+0000] {processor.py:914} INFO - Processing file /home/ec2-user/environment/lab4_model_training/venv/lib64/python3.12/site-packages/airflow/example_dags/example_dynamic_task_mapping.py for tasks to queue
[2026-05-09T19:17:22.225+0000] {logging_mixin.py:190} INFO - [2026-05-09T19:17:22.225+0000] {dagbag.py:588} INFO - Filling up the DagBag from /home/ec2-user/environment/lab4_model_training/venv/lib64/python3.12/site-packages/airflow/example_dags/example_dynamic_task_mapping.py
[2026-05-09T19:17:22.232+0000] {processor.py:925} INFO - DAG(s) 'example_dynamic_task_mapping' retrieved from /home/ec2-user/environment/lab4_model_training/venv/lib64/python3.12/site-packages/airflow/example_dags/example_dynamic_task_mapping.py
[2026-05-09T19:17:22.243+0000] {logging_mixin.py:190} INFO - [2026-05-09T19:17:22.243+0000] {dag.py:3239} INFO - Sync 1 DAGs
[2026-05-09T19:17:22.253+0000] {logging_mixin.py:190} INFO - [2026-05-09T19:17:22.253+0000] {dag.py:4180} INFO - Setting next_dagrun for example_dynamic_task_mapping to None, run_after=None
[2026-05-09T19:17:22.272+0000] {processor.py:208} INFO - Processing /home/ec2-user/environment/lab4_model_training/venv/lib64/python3.12/site-packages/airflow/example_dags/example_dynamic_task_mapping.py took 0.054 seconds
[2026-05-09T19:18:24.876+0000] {processor.py:186} INFO - Started process (PID=26693) to work on /home/ec2-user/environment/lab4_model_training/venv/lib64/python3.12/site-packages/airflow/example_dags/example_dynamic_task_mapping.py
[2026-05-09T19:18:24.878+0000] {processor.py:914} INFO - Processing file /home/ec2-user/environment/lab4_model_training/venv/lib64/python3.12/site-packages/airflow/example_dags/example_dynamic_task_mapping.py for tasks to queue
[2026-05-09T19:18:24.880+0000] {logging_mixin.py:190} INFO - [2026-05-09T19:18:24.879+0000] {dagbag.py:588} INFO - Filling up the DagBag from /home/ec2-user/environment/lab4_model_training/venv/lib64/python3.12/site-packages/airflow/example_dags/example_dynamic_task_mapping.py
[2026-05-09T19:18:24.888+0000] {processor.py:925} INFO - DAG(s) 'example_dynamic_task_mapping' retrieved from /home/ec2-user/environment/lab4_model_training/venv/lib64/python3.12/site-packages/airflow/example_dags/example_dynamic_task_mapping.py
[2026-05-09T19:18:24.902+0000] {logging_mixin.py:190} INFO - [2026-05-09T19:18:24.901+0000] {dag.py:3239} INFO - Sync 1 DAGs
[2026-05-09T19:18:24.912+0000] {logging_mixin.py:190} INFO - [2026-05-09T19:18:24.912+0000] {dag.py:4180} INFO - Setting next_dagrun for example_dynamic_task_mapping to None, run_after=None
[2026-05-09T19:18:24.933+0000] {processor.py:208} INFO - Processing /home/ec2-user/environment/lab4_model_training/venv/lib64/python3.12/site-packages/airflow/example_dags/example_dynamic_task_mapping.py took 0.061 seconds
[2026-05-09T19:19:30.718+0000] {processor.py:186} INFO - Started process (PID=27023) to work on /home/ec2-user/environment/lab4_model_training/venv/lib64/python3.12/site-packages/airflow/example_dags/example_dynamic_task_mapping.py
[2026-05-09T19:19:30.719+0000] {processor.py:914} INFO - Processing file /home/ec2-user/environment/lab4_model_training/venv/lib64/python3.12/site-packages/airflow/example_dags/example_dynamic_task_mapping.py for tasks to queue
[2026-05-09T19:19:30.720+0000] {logging_mixin.py:190} INFO - [2026-05-09T19:19:30.720+0000] {dagbag.py:588} INFO - Filling up the DagBag from /home/ec2-user/environment/lab4_model_training/venv/lib64/python3.12/site-packages/airflow/example_dags/example_dynamic_task_mapping.py
[2026-05-09T19:19:30.727+0000] {processor.py:925} INFO - DAG(s) 'example_dynamic_task_mapping' retrieved from /home/ec2-user/environment/lab4_model_training/venv/lib64/python3.12/site-packages/airflow/example_dags/example_dynamic_task_mapping.py
[2026-05-09T19:19:30.738+0000] {logging_mixin.py:190} INFO - [2026-05-09T19:19:30.738+0000] {dag.py:3239} INFO - Sync 1 DAGs
[2026-05-09T19:19:30.748+0000] {logging_mixin.py:190} INFO - [2026-05-09T19:19:30.748+0000] {dag.py:4180} INFO - Setting next_dagrun for example_dynamic_task_mapping to None, run_after=None
[2026-05-09T19:19:30.767+0000] {processor.py:208} INFO - Processing /home/ec2-user/environment/lab4_model_training/venv/lib64/python3.12/site-packages/airflow/example_dags/example_dynamic_task_mapping.py took 0.053 seconds
[2026-05-09T19:20:36.241+0000] {processor.py:186} INFO - Started process (PID=27404) to work on /home/ec2-user/environment/lab4_model_training/venv/lib64/python3.12/site-packages/airflow/example_dags/example_dynamic_task_mapping.py
[2026-05-09T19:20:36.242+0000] {processor.py:914} INFO - Processing file /home/ec2-user/environment/lab4_model_training/venv/lib64/python3.12/site-packages/airflow/example_dags/example_dynamic_task_mapping.py for tasks to queue
[2026-05-09T19:20:36.244+0000] {logging_mixin.py:190} INFO - [2026-05-09T19:20:36.243+0000] {dagbag.py:588} INFO - Filling up the DagBag from /home/ec2-user/environment/lab4_model_training/venv/lib64/python3.12/site-packages/airflow/example_dags/example_dynamic_task_mapping.py
[2026-05-09T19:20:36.252+0000] {processor.py:925} INFO - DAG(s) 'example_dynamic_task_mapping' retrieved from /home/ec2-user/environment/lab4_model_training/venv/lib64/python3.12/site-packages/airflow/example_dags/example_dynamic_task_mapping.py
[2026-05-09T19:20:36.266+0000] {logging_mixin.py:190} INFO - [2026-05-09T19:20:36.265+0000] {dag.py:3239} INFO - Sync 1 DAGs
[2026-05-09T19:20:36.278+0000] {logging_mixin.py:190} INFO - [2026-05-09T19:20:36.278+0000] {dag.py:4180} INFO - Setting next_dagrun for example_dynamic_task_mapping to None, run_after=None
[2026-05-09T19:20:36.297+0000] {processor.py:208} INFO - Processing /home/ec2-user/environment/lab4_model_training/venv/lib64/python3.12/site-packages/airflow/example_dags/example_dynamic_task_mapping.py took 0.061 seconds
[2026-05-09T19:21:41.082+0000] {processor.py:186} INFO - Started process (PID=27552) to work on /home/ec2-user/environment/lab4_model_training/venv/lib64/python3.12/site-packages/airflow/example_dags/example_dynamic_task_mapping.py
[2026-05-09T19:21:41.083+0000] {processor.py:914} INFO - Processing file /home/ec2-user/environment/lab4_model_training/venv/lib64/python3.12/site-packages/airflow/example_dags/example_dynamic_task_mapping.py for tasks to queue
[2026-05-09T19:21:41.084+0000] {logging_mixin.py:190} INFO - [2026-05-09T19:21:41.084+0000] {dagbag.py:588} INFO - Filling up the DagBag from /home/ec2-user/environment/lab4_model_training/venv/lib64/python3.12/site-packages/airflow/example_dags/example_dynamic_task_mapping.py
[2026-05-09T19:21:41.091+0000] {processor.py:925} INFO - DAG(s) 'example_dynamic_task_mapping' retrieved from /home/ec2-user/environment/lab4_model_training/venv/lib64/python3.12/site-packages/airflow/example_dags/example_dynamic_task_mapping.py
[2026-05-09T19:21:41.103+0000] {logging_mixin.py:190} INFO - [2026-05-09T19:21:41.103+0000] {dag.py:3239} INFO - Sync 1 DAGs
[2026-05-09T19:21:41.112+0000] {logging_mixin.py:190} INFO - [2026-05-09T19:21:41.112+0000] {dag.py:4180} INFO - Setting next_dagrun for example_dynamic_task_mapping to None, run_after=None
[2026-05-09T19:21:41.130+0000] {processor.py:208} INFO - Processing /home/ec2-user/environment/lab4_model_training/venv/lib64/python3.12/site-packages/airflow/example_dags/example_dynamic_task_mapping.py took 0.053 seconds
[2026-05-09T19:22:51.071+0000] {processor.py:186} INFO - Started process (PID=27717) to work on /home/ec2-user/environment/lab4_model_training/venv/lib64/python3.12/site-packages/airflow/example_dags/example_dynamic_task_mapping.py
[2026-05-09T19:22:51.072+0000] {processor.py:914} INFO - Processing file /home/ec2-user/environment/lab4_model_training/venv/lib64/python3.12/site-packages/airflow/example_dags/example_dynamic_task_mapping.py for tasks to queue
[2026-05-09T19:22:51.073+0000] {logging_mixin.py:190} INFO - [2026-05-09T19:22:51.073+0000] {dagbag.py:588} INFO - Filling up the DagBag from /home/ec2-user/environment/lab4_model_training/venv/lib64/python3.12/site-packages/airflow/example_dags/example_dynamic_task_mapping.py
[2026-05-09T19:22:51.080+0000] {processor.py:925} INFO - DAG(s) 'example_dynamic_task_mapping' retrieved from /home/ec2-user/environment/lab4_model_training/venv/lib64/python3.12/site-packages/airflow/example_dags/example_dynamic_task_mapping.py
[2026-05-09T19:22:51.092+0000] {logging_mixin.py:190} INFO - [2026-05-09T19:22:51.092+0000] {dag.py:3239} INFO - Sync 1 DAGs
[2026-05-09T19:22:51.101+0000] {logging_mixin.py:190} INFO - [2026-05-09T19:22:51.101+0000] {dag.py:4180} INFO - Setting next_dagrun for example_dynamic_task_mapping to None, run_after=None
[2026-05-09T19:22:51.118+0000] {processor.py:208} INFO - Processing /home/ec2-user/environment/lab4_model_training/venv/lib64/python3.12/site-packages/airflow/example_dags/example_dynamic_task_mapping.py took 0.052 seconds
[2026-05-09T19:23:59.844+0000] {processor.py:186} INFO - Started process (PID=27857) to work on /home/ec2-user/environment/lab4_model_training/venv/lib64/python3.12/site-packages/airflow/example_dags/example_dynamic_task_mapping.py
[2026-05-09T19:23:59.845+0000] {processor.py:914} INFO - Processing file /home/ec2-user/environment/lab4_model_training/venv/lib64/python3.12/site-packages/airflow/example_dags/example_dynamic_task_mapping.py for tasks to queue
[2026-05-09T19:23:59.847+0000] {logging_mixin.py:190} INFO - [2026-05-09T19:23:59.847+0000] {dagbag.py:588} INFO - Filling up the DagBag from /home/ec2-user/environment/lab4_model_training/venv/lib64/python3.12/site-packages/airflow/example_dags/example_dynamic_task_mapping.py
[2026-05-09T19:23:59.853+0000] {processor.py:925} INFO - DAG(s) 'example_dynamic_task_mapping' retrieved from /home/ec2-user/environment/lab4_model_training/venv/lib64/python3.12/site-packages/airflow/example_dags/example_dynamic_task_mapping.py
[2026-05-09T19:23:59.865+0000] {logging_mixin.py:190} INFO - [2026-05-09T19:23:59.865+0000] {dag.py:3239} INFO - Sync 1 DAGs
[2026-05-09T19:23:59.875+0000] {logging_mixin.py:190} INFO - [2026-05-09T19:23:59.875+0000] {dag.py:4180} INFO - Setting next_dagrun for example_dynamic_task_mapping to None, run_after=None
[2026-05-09T19:23:59.891+0000] {processor.py:208} INFO - Processing /home/ec2-user/environment/lab4_model_training/venv/lib64/python3.12/site-packages/airflow/example_dags/example_dynamic_task_mapping.py took 0.051 seconds
[2026-05-09T19:24:59.349+0000] {processor.py:186} INFO - Started process (PID=27939) to work on /home/ec2-user/environment/lab4_model_training/venv/lib64/python3.12/site-packages/airflow/example_dags/example_dynamic_task_mapping.py
[2026-05-09T19:24:59.351+0000] {processor.py:914} INFO - Processing file /home/ec2-user/environment/lab4_model_training/venv/lib64/python3.12/site-packages/airflow/example_dags/example_dynamic_task_mapping.py for tasks to queue
[2026-05-09T19:24:59.352+0000] {logging_mixin.py:190} INFO - [2026-05-09T19:24:59.352+0000] {dagbag.py:588} INFO - Filling up the DagBag from /home/ec2-user/environment/lab4_model_training/venv/lib64/python3.12/site-packages/airflow/example_dags/example_dynamic_task_mapping.py
[2026-05-09T19:24:59.359+0000] {processor.py:925} INFO - DAG(s) 'example_dynamic_task_mapping' retrieved from /home/ec2-user/environment/lab4_model_training/venv/lib64/python3.12/site-packages/airflow/example_dags/example_dynamic_task_mapping.py
[2026-05-09T19:24:59.371+0000] {logging_mixin.py:190} INFO - [2026-05-09T19:24:59.370+0000] {dag.py:3239} INFO - Sync 1 DAGs
[2026-05-09T19:24:59.380+0000] {logging_mixin.py:190} INFO - [2026-05-09T19:24:59.380+0000] {dag.py:4180} INFO - Setting next_dagrun for example_dynamic_task_mapping to None, run_after=None
[2026-05-09T19:24:59.397+0000] {processor.py:208} INFO - Processing /home/ec2-user/environment/lab4_model_training/venv/lib64/python3.12/site-packages/airflow/example_dags/example_dynamic_task_mapping.py took 0.052 seconds
[2026-05-09T19:25:59.873+0000] {processor.py:186} INFO - Started process (PID=28069) to work on /home/ec2-user/environment/lab4_model_training/venv/lib64/python3.12/site-packages/airflow/example_dags/example_dynamic_task_mapping.py
[2026-05-09T19:25:59.874+0000] {processor.py:914} INFO - Processing file /home/ec2-user/environment/lab4_model_training/venv/lib64/python3.12/site-packages/airflow/example_dags/example_dynamic_task_mapping.py for tasks to queue
[2026-05-09T19:25:59.875+0000] {logging_mixin.py:190} INFO - [2026-05-09T19:25:59.875+0000] {dagbag.py:588} INFO - Filling up the DagBag from /home/ec2-user/environment/lab4_model_training/venv/lib64/python3.12/site-packages/airflow/example_dags/example_dynamic_task_mapping.py
[2026-05-09T19:25:59.881+0000] {processor.py:925} INFO - DAG(s) 'example_dynamic_task_mapping' retrieved from /home/ec2-user/environment/lab4_model_training/venv/lib64/python3.12/site-packages/airflow/example_dags/example_dynamic_task_mapping.py
[2026-05-09T19:25:59.892+0000] {logging_mixin.py:190} INFO - [2026-05-09T19:25:59.892+0000] {dag.py:3239} INFO - Sync 1 DAGs
[2026-05-09T19:25:59.902+0000] {logging_mixin.py:190} INFO - [2026-05-09T19:25:59.902+0000] {dag.py:4180} INFO - Setting next_dagrun for example_dynamic_task_mapping to None, run_after=None
[2026-05-09T19:25:59.919+0000] {processor.py:208} INFO - Processing /home/ec2-user/environment/lab4_model_training/venv/lib64/python3.12/site-packages/airflow/example_dags/example_dynamic_task_mapping.py took 0.051 seconds
[2026-05-09T19:27:00.152+0000] {processor.py:186} INFO - Started process (PID=28153) to work on /home/ec2-user/environment/lab4_model_training/venv/lib64/python3.12/site-packages/airflow/example_dags/example_dynamic_task_mapping.py
[2026-05-09T19:27:00.154+0000] {processor.py:914} INFO - Processing file /home/ec2-user/environment/lab4_model_training/venv/lib64/python3.12/site-packages/airflow/example_dags/example_dynamic_task_mapping.py for tasks to queue
[2026-05-09T19:27:00.155+0000] {logging_mixin.py:190} INFO - [2026-05-09T19:27:00.155+0000] {dagbag.py:588} INFO - Filling up the DagBag from /home/ec2-user/environment/lab4_model_training/venv/lib64/python3.12/site-packages/airflow/example_dags/example_dynamic_task_mapping.py
[2026-05-09T19:27:00.162+0000] {processor.py:925} INFO - DAG(s) 'example_dynamic_task_mapping' retrieved from /home/ec2-user/environment/lab4_model_training/venv/lib64/python3.12/site-packages/airflow/example_dags/example_dynamic_task_mapping.py
[2026-05-09T19:27:00.173+0000] {logging_mixin.py:190} INFO - [2026-05-09T19:27:00.173+0000] {dag.py:3239} INFO - Sync 1 DAGs
[2026-05-09T19:27:00.182+0000] {logging_mixin.py:190} INFO - [2026-05-09T19:27:00.182+0000] {dag.py:4180} INFO - Setting next_dagrun for example_dynamic_task_mapping to None, run_after=None
[2026-05-09T19:27:00.199+0000] {processor.py:208} INFO - Processing /home/ec2-user/environment/lab4_model_training/venv/lib64/python3.12/site-packages/airflow/example_dags/example_dynamic_task_mapping.py took 0.051 seconds
[2026-05-09T19:28:03.044+0000] {processor.py:186} INFO - Started process (PID=28300) to work on /home/ec2-user/environment/lab4_model_training/venv/lib64/python3.12/site-packages/airflow/example_dags/example_dynamic_task_mapping.py
[2026-05-09T19:28:03.046+0000] {processor.py:914} INFO - Processing file /home/ec2-user/environment/lab4_model_training/venv/lib64/python3.12/site-packages/airflow/example_dags/example_dynamic_task_mapping.py for tasks to queue
[2026-05-09T19:28:03.047+0000] {logging_mixin.py:190} INFO - [2026-05-09T19:28:03.047+0000] {dagbag.py:588} INFO - Filling up the DagBag from /home/ec2-user/environment/lab4_model_training/venv/lib64/python3.12/site-packages/airflow/example_dags/example_dynamic_task_mapping.py
[2026-05-09T19:28:03.054+0000] {processor.py:925} INFO - DAG(s) 'example_dynamic_task_mapping' retrieved from /home/ec2-user/environment/lab4_model_training/venv/lib64/python3.12/site-packages/airflow/example_dags/example_dynamic_task_mapping.py
[2026-05-09T19:28:03.065+0000] {logging_mixin.py:190} INFO - [2026-05-09T19:28:03.065+0000] {dag.py:3239} INFO - Sync 1 DAGs
[2026-05-09T19:28:03.075+0000] {logging_mixin.py:190} INFO - [2026-05-09T19:28:03.075+0000] {dag.py:4180} INFO - Setting next_dagrun for example_dynamic_task_mapping to None, run_after=None
[2026-05-09T19:28:03.093+0000] {processor.py:208} INFO - Processing /home/ec2-user/environment/lab4_model_training/venv/lib64/python3.12/site-packages/airflow/example_dags/example_dynamic_task_mapping.py took 0.053 seconds
[2026-05-09T19:29:02.539+0000] {processor.py:186} INFO - Started process (PID=28384) to work on /home/ec2-user/environment/lab4_model_training/venv/lib64/python3.12/site-packages/airflow/example_dags/example_dynamic_task_mapping.py
[2026-05-09T19:29:02.540+0000] {processor.py:914} INFO - Processing file /home/ec2-user/environment/lab4_model_training/venv/lib64/python3.12/site-packages/airflow/example_dags/example_dynamic_task_mapping.py for tasks to queue
[2026-05-09T19:29:02.542+0000] {logging_mixin.py:190} INFO - [2026-05-09T19:29:02.541+0000] {dagbag.py:588} INFO - Filling up the DagBag from /home/ec2-user/environment/lab4_model_training/venv/lib64/python3.12/site-packages/airflow/example_dags/example_dynamic_task_mapping.py
[2026-05-09T19:29:02.548+0000] {processor.py:925} INFO - DAG(s) 'example_dynamic_task_mapping' retrieved from /home/ec2-user/environment/lab4_model_training/venv/lib64/python3.12/site-packages/airflow/example_dags/example_dynamic_task_mapping.py
[2026-05-09T19:29:02.560+0000] {logging_mixin.py:190} INFO - [2026-05-09T19:29:02.560+0000] {dag.py:3239} INFO - Sync 1 DAGs
[2026-05-09T19:29:02.570+0000] {logging_mixin.py:190} INFO - [2026-05-09T19:29:02.570+0000] {dag.py:4180} INFO - Setting next_dagrun for example_dynamic_task_mapping to None, run_after=None
[2026-05-09T19:29:02.588+0000] {processor.py:208} INFO - Processing /home/ec2-user/environment/lab4_model_training/venv/lib64/python3.12/site-packages/airflow/example_dags/example_dynamic_task_mapping.py took 0.054 seconds
[2026-05-09T19:30:03.179+0000] {processor.py:186} INFO - Started process (PID=28896) to work on /home/ec2-user/environment/lab4_model_training/venv/lib64/python3.12/site-packages/airflow/example_dags/example_dynamic_task_mapping.py
[2026-05-09T19:30:03.180+0000] {processor.py:914} INFO - Processing file /home/ec2-user/environment/lab4_model_training/venv/lib64/python3.12/site-packages/airflow/example_dags/example_dynamic_task_mapping.py for tasks to queue
[2026-05-09T19:30:03.182+0000] {logging_mixin.py:190} INFO - [2026-05-09T19:30:03.182+0000] {dagbag.py:588} INFO - Filling up the DagBag from /home/ec2-user/environment/lab4_model_training/venv/lib64/python3.12/site-packages/airflow/example_dags/example_dynamic_task_mapping.py
[2026-05-09T19:30:03.191+0000] {processor.py:925} INFO - DAG(s) 'example_dynamic_task_mapping' retrieved from /home/ec2-user/environment/lab4_model_training/venv/lib64/python3.12/site-packages/airflow/example_dags/example_dynamic_task_mapping.py
[2026-05-09T19:30:03.207+0000] {logging_mixin.py:190} INFO - [2026-05-09T19:30:03.207+0000] {dag.py:3239} INFO - Sync 1 DAGs
[2026-05-09T19:30:03.221+0000] {logging_mixin.py:190} INFO - [2026-05-09T19:30:03.221+0000] {dag.py:4180} INFO - Setting next_dagrun for example_dynamic_task_mapping to None, run_after=None
[2026-05-09T19:30:03.244+0000] {processor.py:208} INFO - Processing /home/ec2-user/environment/lab4_model_training/venv/lib64/python3.12/site-packages/airflow/example_dags/example_dynamic_task_mapping.py took 0.069 seconds
[2026-05-09T19:31:08.136+0000] {processor.py:186} INFO - Started process (PID=29324) to work on /home/ec2-user/environment/lab4_model_training/venv/lib64/python3.12/site-packages/airflow/example_dags/example_dynamic_task_mapping.py
[2026-05-09T19:31:08.138+0000] {processor.py:914} INFO - Processing file /home/ec2-user/environment/lab4_model_training/venv/lib64/python3.12/site-packages/airflow/example_dags/example_dynamic_task_mapping.py for tasks to queue
[2026-05-09T19:31:08.139+0000] {logging_mixin.py:190} INFO - [2026-05-09T19:31:08.139+0000] {dagbag.py:588} INFO - Filling up the DagBag from /home/ec2-user/environment/lab4_model_training/venv/lib64/python3.12/site-packages/airflow/example_dags/example_dynamic_task_mapping.py
[2026-05-09T19:31:08.146+0000] {processor.py:925} INFO - DAG(s) 'example_dynamic_task_mapping' retrieved from /home/ec2-user/environment/lab4_model_training/venv/lib64/python3.12/site-packages/airflow/example_dags/example_dynamic_task_mapping.py
[2026-05-09T19:31:08.158+0000] {logging_mixin.py:190} INFO - [2026-05-09T19:31:08.157+0000] {dag.py:3239} INFO - Sync 1 DAGs
[2026-05-09T19:31:08.168+0000] {logging_mixin.py:190} INFO - [2026-05-09T19:31:08.167+0000] {dag.py:4180} INFO - Setting next_dagrun for example_dynamic_task_mapping to None, run_after=None
[2026-05-09T19:31:08.185+0000] {processor.py:208} INFO - Processing /home/ec2-user/environment/lab4_model_training/venv/lib64/python3.12/site-packages/airflow/example_dags/example_dynamic_task_mapping.py took 0.053 seconds
[2026-05-09T19:32:11.067+0000] {processor.py:186} INFO - Started process (PID=29822) to work on /home/ec2-user/environment/lab4_model_training/venv/lib64/python3.12/site-packages/airflow/example_dags/example_dynamic_task_mapping.py
[2026-05-09T19:32:11.069+0000] {processor.py:914} INFO - Processing file /home/ec2-user/environment/lab4_model_training/venv/lib64/python3.12/site-packages/airflow/example_dags/example_dynamic_task_mapping.py for tasks to queue
[2026-05-09T19:32:11.070+0000] {logging_mixin.py:190} INFO - [2026-05-09T19:32:11.070+0000] {dagbag.py:588} INFO - Filling up the DagBag from /home/ec2-user/environment/lab4_model_training/venv/lib64/python3.12/site-packages/airflow/example_dags/example_dynamic_task_mapping.py
[2026-05-09T19:32:11.080+0000] {processor.py:925} INFO - DAG(s) 'example_dynamic_task_mapping' retrieved from /home/ec2-user/environment/lab4_model_training/venv/lib64/python3.12/site-packages/airflow/example_dags/example_dynamic_task_mapping.py
[2026-05-09T19:32:11.096+0000] {logging_mixin.py:190} INFO - [2026-05-09T19:32:11.096+0000] {dag.py:3239} INFO - Sync 1 DAGs
[2026-05-09T19:32:11.110+0000] {logging_mixin.py:190} INFO - [2026-05-09T19:32:11.110+0000] {dag.py:4180} INFO - Setting next_dagrun for example_dynamic_task_mapping to None, run_after=None
[2026-05-09T19:32:11.132+0000] {processor.py:208} INFO - Processing /home/ec2-user/environment/lab4_model_training/venv/lib64/python3.12/site-packages/airflow/example_dags/example_dynamic_task_mapping.py took 0.070 seconds
[2026-05-09T19:33:13.882+0000] {processor.py:186} INFO - Started process (PID=30271) to work on /home/ec2-user/environment/lab4_model_training/venv/lib64/python3.12/site-packages/airflow/example_dags/example_dynamic_task_mapping.py
[2026-05-09T19:33:13.883+0000] {processor.py:914} INFO - Processing file /home/ec2-user/environment/lab4_model_training/venv/lib64/python3.12/site-packages/airflow/example_dags/example_dynamic_task_mapping.py for tasks to queue
[2026-05-09T19:33:13.885+0000] {logging_mixin.py:190} INFO - [2026-05-09T19:33:13.885+0000] {dagbag.py:588} INFO - Filling up the DagBag from /home/ec2-user/environment/lab4_model_training/venv/lib64/python3.12/site-packages/airflow/example_dags/example_dynamic_task_mapping.py
[2026-05-09T19:33:13.894+0000] {processor.py:925} INFO - DAG(s) 'example_dynamic_task_mapping' retrieved from /home/ec2-user/environment/lab4_model_training/venv/lib64/python3.12/site-packages/airflow/example_dags/example_dynamic_task_mapping.py
[2026-05-09T19:33:13.909+0000] {logging_mixin.py:190} INFO - [2026-05-09T19:33:13.909+0000] {dag.py:3239} INFO - Sync 1 DAGs
[2026-05-09T19:33:13.923+0000] {logging_mixin.py:190} INFO - [2026-05-09T19:33:13.923+0000] {dag.py:4180} INFO - Setting next_dagrun for example_dynamic_task_mapping to None, run_after=None
[2026-05-09T19:33:13.945+0000] {processor.py:208} INFO - Processing /home/ec2-user/environment/lab4_model_training/venv/lib64/python3.12/site-packages/airflow/example_dags/example_dynamic_task_mapping.py took 0.067 seconds
[2026-05-09T19:34:18.964+0000] {processor.py:186} INFO - Started process (PID=30671) to work on /home/ec2-user/environment/lab4_model_training/venv/lib64/python3.12/site-packages/airflow/example_dags/example_dynamic_task_mapping.py
[2026-05-09T19:34:18.966+0000] {processor.py:914} INFO - Processing file /home/ec2-user/environment/lab4_model_training/venv/lib64/python3.12/site-packages/airflow/example_dags/example_dynamic_task_mapping.py for tasks to queue
[2026-05-09T19:34:18.968+0000] {logging_mixin.py:190} INFO - [2026-05-09T19:34:18.967+0000] {dagbag.py:588} INFO - Filling up the DagBag from /home/ec2-user/environment/lab4_model_training/venv/lib64/python3.12/site-packages/airflow/example_dags/example_dynamic_task_mapping.py
[2026-05-09T19:34:18.976+0000] {processor.py:925} INFO - DAG(s) 'example_dynamic_task_mapping' retrieved from /home/ec2-user/environment/lab4_model_training/venv/lib64/python3.12/site-packages/airflow/example_dags/example_dynamic_task_mapping.py
[2026-05-09T19:34:18.991+0000] {logging_mixin.py:190} INFO - [2026-05-09T19:34:18.991+0000] {dag.py:3239} INFO - Sync 1 DAGs
[2026-05-09T19:34:19.005+0000] {logging_mixin.py:190} INFO - [2026-05-09T19:34:19.005+0000] {dag.py:4180} INFO - Setting next_dagrun for example_dynamic_task_mapping to None, run_after=None
[2026-05-09T19:34:19.025+0000] {processor.py:208} INFO - Processing /home/ec2-user/environment/lab4_model_training/venv/lib64/python3.12/site-packages/airflow/example_dags/example_dynamic_task_mapping.py took 0.065 seconds
[2026-05-09T19:35:27.803+0000] {processor.py:186} INFO - Started process (PID=31137) to work on /home/ec2-user/environment/lab4_model_training/venv/lib64/python3.12/site-packages/airflow/example_dags/example_dynamic_task_mapping.py
[2026-05-09T19:35:27.804+0000] {processor.py:914} INFO - Processing file /home/ec2-user/environment/lab4_model_training/venv/lib64/python3.12/site-packages/airflow/example_dags/example_dynamic_task_mapping.py for tasks to queue
[2026-05-09T19:35:27.806+0000] {logging_mixin.py:190} INFO - [2026-05-09T19:35:27.805+0000] {dagbag.py:588} INFO - Filling up the DagBag from /home/ec2-user/environment/lab4_model_training/venv/lib64/python3.12/site-packages/airflow/example_dags/example_dynamic_task_mapping.py
[2026-05-09T19:35:27.812+0000] {processor.py:925} INFO - DAG(s) 'example_dynamic_task_mapping' retrieved from /home/ec2-user/environment/lab4_model_training/venv/lib64/python3.12/site-packages/airflow/example_dags/example_dynamic_task_mapping.py
[2026-05-09T19:35:27.824+0000] {logging_mixin.py:190} INFO - [2026-05-09T19:35:27.824+0000] {dag.py:3239} INFO - Sync 1 DAGs
[2026-05-09T19:35:27.834+0000] {logging_mixin.py:190} INFO - [2026-05-09T19:35:27.834+0000] {dag.py:4180} INFO - Setting next_dagrun for example_dynamic_task_mapping to None, run_after=None
[2026-05-09T19:35:27.853+0000] {processor.py:208} INFO - Processing /home/ec2-user/environment/lab4_model_training/venv/lib64/python3.12/site-packages/airflow/example_dags/example_dynamic_task_mapping.py took 0.055 seconds
[2026-05-09T19:36:33.863+0000] {processor.py:186} INFO - Started process (PID=31608) to work on /home/ec2-user/environment/lab4_model_training/venv/lib64/python3.12/site-packages/airflow/example_dags/example_dynamic_task_mapping.py
[2026-05-09T19:36:33.864+0000] {processor.py:914} INFO - Processing file /home/ec2-user/environment/lab4_model_training/venv/lib64/python3.12/site-packages/airflow/example_dags/example_dynamic_task_mapping.py for tasks to queue
[2026-05-09T19:36:33.866+0000] {logging_mixin.py:190} INFO - [2026-05-09T19:36:33.865+0000] {dagbag.py:588} INFO - Filling up the DagBag from /home/ec2-user/environment/lab4_model_training/venv/lib64/python3.12/site-packages/airflow/example_dags/example_dynamic_task_mapping.py
[2026-05-09T19:36:33.873+0000] {processor.py:925} INFO - DAG(s) 'example_dynamic_task_mapping' retrieved from /home/ec2-user/environment/lab4_model_training/venv/lib64/python3.12/site-packages/airflow/example_dags/example_dynamic_task_mapping.py
[2026-05-09T19:36:33.885+0000] {logging_mixin.py:190} INFO - [2026-05-09T19:36:33.885+0000] {dag.py:3239} INFO - Sync 1 DAGs
[2026-05-09T19:36:33.894+0000] {logging_mixin.py:190} INFO - [2026-05-09T19:36:33.894+0000] {dag.py:4180} INFO - Setting next_dagrun for example_dynamic_task_mapping to None, run_after=None
[2026-05-09T19:36:33.912+0000] {processor.py:208} INFO - Processing /home/ec2-user/environment/lab4_model_training/venv/lib64/python3.12/site-packages/airflow/example_dags/example_dynamic_task_mapping.py took 0.053 seconds
[2026-05-09T19:37:34.197+0000] {processor.py:186} INFO - Started process (PID=31944) to work on /home/ec2-user/environment/lab4_model_training/venv/lib64/python3.12/site-packages/airflow/example_dags/example_dynamic_task_mapping.py
[2026-05-09T19:37:34.198+0000] {processor.py:914} INFO - Processing file /home/ec2-user/environment/lab4_model_training/venv/lib64/python3.12/site-packages/airflow/example_dags/example_dynamic_task_mapping.py for tasks to queue
[2026-05-09T19:37:34.200+0000] {logging_mixin.py:190} INFO - [2026-05-09T19:37:34.200+0000] {dagbag.py:588} INFO - Filling up the DagBag from /home/ec2-user/environment/lab4_model_training/venv/lib64/python3.12/site-packages/airflow/example_dags/example_dynamic_task_mapping.py
[2026-05-09T19:37:34.207+0000] {processor.py:925} INFO - DAG(s) 'example_dynamic_task_mapping' retrieved from /home/ec2-user/environment/lab4_model_training/venv/lib64/python3.12/site-packages/airflow/example_dags/example_dynamic_task_mapping.py
[2026-05-09T19:37:34.219+0000] {logging_mixin.py:190} INFO - [2026-05-09T19:37:34.219+0000] {dag.py:3239} INFO - Sync 1 DAGs
[2026-05-09T19:37:34.228+0000] {logging_mixin.py:190} INFO - [2026-05-09T19:37:34.228+0000] {dag.py:4180} INFO - Setting next_dagrun for example_dynamic_task_mapping to None, run_after=None
[2026-05-09T19:37:34.247+0000] {processor.py:208} INFO - Processing /home/ec2-user/environment/lab4_model_training/venv/lib64/python3.12/site-packages/airflow/example_dags/example_dynamic_task_mapping.py took 0.054 seconds
[2026-05-09T19:38:42.089+0000] {processor.py:186} INFO - Started process (PID=32115) to work on /home/ec2-user/environment/lab4_model_training/venv/lib64/python3.12/site-packages/airflow/example_dags/example_dynamic_task_mapping.py
[2026-05-09T19:38:42.091+0000] {processor.py:914} INFO - Processing file /home/ec2-user/environment/lab4_model_training/venv/lib64/python3.12/site-packages/airflow/example_dags/example_dynamic_task_mapping.py for tasks to queue
[2026-05-09T19:38:42.092+0000] {logging_mixin.py:190} INFO - [2026-05-09T19:38:42.092+0000] {dagbag.py:588} INFO - Filling up the DagBag from /home/ec2-user/environment/lab4_model_training/venv/lib64/python3.12/site-packages/airflow/example_dags/example_dynamic_task_mapping.py
[2026-05-09T19:38:42.101+0000] {processor.py:925} INFO - DAG(s) 'example_dynamic_task_mapping' retrieved from /home/ec2-user/environment/lab4_model_training/venv/lib64/python3.12/site-packages/airflow/example_dags/example_dynamic_task_mapping.py
[2026-05-09T19:38:42.116+0000] {logging_mixin.py:190} INFO - [2026-05-09T19:38:42.116+0000] {dag.py:3239} INFO - Sync 1 DAGs
[2026-05-09T19:38:42.131+0000] {logging_mixin.py:190} INFO - [2026-05-09T19:38:42.131+0000] {dag.py:4180} INFO - Setting next_dagrun for example_dynamic_task_mapping to None, run_after=None
[2026-05-09T19:38:42.150+0000] {processor.py:208} INFO - Processing /home/ec2-user/environment/lab4_model_training/venv/lib64/python3.12/site-packages/airflow/example_dags/example_dynamic_task_mapping.py took 0.065 seconds
[2026-05-09T19:39:50.608+0000] {processor.py:186} INFO - Started process (PID=32245) to work on /home/ec2-user/environment/lab4_model_training/venv/lib64/python3.12/site-packages/airflow/example_dags/example_dynamic_task_mapping.py
[2026-05-09T19:39:50.610+0000] {processor.py:914} INFO - Processing file /home/ec2-user/environment/lab4_model_training/venv/lib64/python3.12/site-packages/airflow/example_dags/example_dynamic_task_mapping.py for tasks to queue
[2026-05-09T19:39:50.612+0000] {logging_mixin.py:190} INFO - [2026-05-09T19:39:50.611+0000] {dagbag.py:588} INFO - Filling up the DagBag from /home/ec2-user/environment/lab4_model_training/venv/lib64/python3.12/site-packages/airflow/example_dags/example_dynamic_task_mapping.py
[2026-05-09T19:39:50.619+0000] {processor.py:925} INFO - DAG(s) 'example_dynamic_task_mapping' retrieved from /home/ec2-user/environment/lab4_model_training/venv/lib64/python3.12/site-packages/airflow/example_dags/example_dynamic_task_mapping.py
[2026-05-09T19:39:50.631+0000] {logging_mixin.py:190} INFO - [2026-05-09T19:39:50.631+0000] {dag.py:3239} INFO - Sync 1 DAGs
[2026-05-09T19:39:50.641+0000] {logging_mixin.py:190} INFO - [2026-05-09T19:39:50.641+0000] {dag.py:4180} INFO - Setting next_dagrun for example_dynamic_task_mapping to None, run_after=None
[2026-05-09T19:39:50.659+0000] {processor.py:208} INFO - Processing /home/ec2-user/environment/lab4_model_training/venv/lib64/python3.12/site-packages/airflow/example_dags/example_dynamic_task_mapping.py took 0.055 seconds
[2026-05-09T19:41:00.771+0000] {processor.py:186} INFO - Started process (PID=32390) to work on /home/ec2-user/environment/lab4_model_training/venv/lib64/python3.12/site-packages/airflow/example_dags/example_dynamic_task_mapping.py
[2026-05-09T19:41:00.772+0000] {processor.py:914} INFO - Processing file /home/ec2-user/environment/lab4_model_training/venv/lib64/python3.12/site-packages/airflow/example_dags/example_dynamic_task_mapping.py for tasks to queue
[2026-05-09T19:41:00.774+0000] {logging_mixin.py:190} INFO - [2026-05-09T19:41:00.774+0000] {dagbag.py:588} INFO - Filling up the DagBag from /home/ec2-user/environment/lab4_model_training/venv/lib64/python3.12/site-packages/airflow/example_dags/example_dynamic_task_mapping.py
[2026-05-09T19:41:00.782+0000] {processor.py:925} INFO - DAG(s) 'example_dynamic_task_mapping' retrieved from /home/ec2-user/environment/lab4_model_training/venv/lib64/python3.12/site-packages/airflow/example_dags/example_dynamic_task_mapping.py
[2026-05-09T19:41:00.793+0000] {logging_mixin.py:190} INFO - [2026-05-09T19:41:00.793+0000] {dag.py:3239} INFO - Sync 1 DAGs
[2026-05-09T19:41:00.802+0000] {logging_mixin.py:190} INFO - [2026-05-09T19:41:00.802+0000] {dag.py:4180} INFO - Setting next_dagrun for example_dynamic_task_mapping to None, run_after=None
[2026-05-09T19:41:00.819+0000] {processor.py:208} INFO - Processing /home/ec2-user/environment/lab4_model_training/venv/lib64/python3.12/site-packages/airflow/example_dags/example_dynamic_task_mapping.py took 0.052 seconds
[2026-05-09T19:42:05.997+0000] {processor.py:186} INFO - Started process (PID=32493) to work on /home/ec2-user/environment/lab4_model_training/venv/lib64/python3.12/site-packages/airflow/example_dags/example_dynamic_task_mapping.py
[2026-05-09T19:42:05.998+0000] {processor.py:914} INFO - Processing file /home/ec2-user/environment/lab4_model_training/venv/lib64/python3.12/site-packages/airflow/example_dags/example_dynamic_task_mapping.py for tasks to queue
[2026-05-09T19:42:06.000+0000] {logging_mixin.py:190} INFO - [2026-05-09T19:42:06.000+0000] {dagbag.py:588} INFO - Filling up the DagBag from /home/ec2-user/environment/lab4_model_training/venv/lib64/python3.12/site-packages/airflow/example_dags/example_dynamic_task_mapping.py
[2026-05-09T19:42:06.007+0000] {processor.py:925} INFO - DAG(s) 'example_dynamic_task_mapping' retrieved from /home/ec2-user/environment/lab4_model_training/venv/lib64/python3.12/site-packages/airflow/example_dags/example_dynamic_task_mapping.py
[2026-05-09T19:42:06.019+0000] {logging_mixin.py:190} INFO - [2026-05-09T19:42:06.019+0000] {dag.py:3239} INFO - Sync 1 DAGs
[2026-05-09T19:42:06.029+0000] {logging_mixin.py:190} INFO - [2026-05-09T19:42:06.029+0000] {dag.py:4180} INFO - Setting next_dagrun for example_dynamic_task_mapping to None, run_after=None
[2026-05-09T19:42:06.047+0000] {processor.py:208} INFO - Processing /home/ec2-user/environment/lab4_model_training/venv/lib64/python3.12/site-packages/airflow/example_dags/example_dynamic_task_mapping.py took 0.054 seconds
[2026-05-09T19:43:14.753+0000] {processor.py:186} INFO - Started process (PID=32636) to work on /home/ec2-user/environment/lab4_model_training/venv/lib64/python3.12/site-packages/airflow/example_dags/example_dynamic_task_mapping.py
[2026-05-09T19:43:14.754+0000] {processor.py:914} INFO - Processing file /home/ec2-user/environment/lab4_model_training/venv/lib64/python3.12/site-packages/airflow/example_dags/example_dynamic_task_mapping.py for tasks to queue
[2026-05-09T19:43:14.756+0000] {logging_mixin.py:190} INFO - [2026-05-09T19:43:14.756+0000] {dagbag.py:588} INFO - Filling up the DagBag from /home/ec2-user/environment/lab4_model_training/venv/lib64/python3.12/site-packages/airflow/example_dags/example_dynamic_task_mapping.py
[2026-05-09T19:43:14.764+0000] {processor.py:925} INFO - DAG(s) 'example_dynamic_task_mapping' retrieved from /home/ec2-user/environment/lab4_model_training/venv/lib64/python3.12/site-packages/airflow/example_dags/example_dynamic_task_mapping.py
[2026-05-09T19:43:14.775+0000] {logging_mixin.py:190} INFO - [2026-05-09T19:43:14.775+0000] {dag.py:3239} INFO - Sync 1 DAGs
[2026-05-09T19:43:14.785+0000] {logging_mixin.py:190} INFO - [2026-05-09T19:43:14.784+0000] {dag.py:4180} INFO - Setting next_dagrun for example_dynamic_task_mapping to None, run_after=None
[2026-05-09T19:43:14.803+0000] {processor.py:208} INFO - Processing /home/ec2-user/environment/lab4_model_training/venv/lib64/python3.12/site-packages/airflow/example_dags/example_dynamic_task_mapping.py took 0.054 seconds
[2026-05-09T19:44:18.232+0000] {processor.py:186} INFO - Started process (PID=33045) to work on /home/ec2-user/environment/lab4_model_training/venv/lib64/python3.12/site-packages/airflow/example_dags/example_dynamic_task_mapping.py
[2026-05-09T19:44:18.233+0000] {processor.py:914} INFO - Processing file /home/ec2-user/environment/lab4_model_training/venv/lib64/python3.12/site-packages/airflow/example_dags/example_dynamic_task_mapping.py for tasks to queue
[2026-05-09T19:44:18.235+0000] {logging_mixin.py:190} INFO - [2026-05-09T19:44:18.235+0000] {dagbag.py:588} INFO - Filling up the DagBag from /home/ec2-user/environment/lab4_model_training/venv/lib64/python3.12/site-packages/airflow/example_dags/example_dynamic_task_mapping.py
[2026-05-09T19:44:18.242+0000] {processor.py:925} INFO - DAG(s) 'example_dynamic_task_mapping' retrieved from /home/ec2-user/environment/lab4_model_training/venv/lib64/python3.12/site-packages/airflow/example_dags/example_dynamic_task_mapping.py
[2026-05-09T19:44:18.253+0000] {logging_mixin.py:190} INFO - [2026-05-09T19:44:18.253+0000] {dag.py:3239} INFO - Sync 1 DAGs
[2026-05-09T19:44:18.262+0000] {logging_mixin.py:190} INFO - [2026-05-09T19:44:18.262+0000] {dag.py:4180} INFO - Setting next_dagrun for example_dynamic_task_mapping to None, run_after=None
[2026-05-09T19:44:18.279+0000] {processor.py:208} INFO - Processing /home/ec2-user/environment/lab4_model_training/venv/lib64/python3.12/site-packages/airflow/example_dags/example_dynamic_task_mapping.py took 0.051 seconds
[2026-05-09T19:45:23.489+0000] {processor.py:186} INFO - Started process (PID=33250) to work on /home/ec2-user/environment/lab4_model_training/venv/lib64/python3.12/site-packages/airflow/example_dags/example_dynamic_task_mapping.py
[2026-05-09T19:45:23.490+0000] {processor.py:914} INFO - Processing file /home/ec2-user/environment/lab4_model_training/venv/lib64/python3.12/site-packages/airflow/example_dags/example_dynamic_task_mapping.py for tasks to queue
[2026-05-09T19:45:23.491+0000] {logging_mixin.py:190} INFO - [2026-05-09T19:45:23.491+0000] {dagbag.py:588} INFO - Filling up the DagBag from /home/ec2-user/environment/lab4_model_training/venv/lib64/python3.12/site-packages/airflow/example_dags/example_dynamic_task_mapping.py
[2026-05-09T19:45:23.498+0000] {processor.py:925} INFO - DAG(s) 'example_dynamic_task_mapping' retrieved from /home/ec2-user/environment/lab4_model_training/venv/lib64/python3.12/site-packages/airflow/example_dags/example_dynamic_task_mapping.py
[2026-05-09T19:45:23.509+0000] {logging_mixin.py:190} INFO - [2026-05-09T19:45:23.509+0000] {dag.py:3239} INFO - Sync 1 DAGs
[2026-05-09T19:45:23.619+0000] {logging_mixin.py:190} INFO - [2026-05-09T19:45:23.619+0000] {dag.py:4180} INFO - Setting next_dagrun for example_dynamic_task_mapping to None, run_after=None
[2026-05-09T19:45:23.635+0000] {processor.py:208} INFO - Processing /home/ec2-user/environment/lab4_model_training/venv/lib64/python3.12/site-packages/airflow/example_dags/example_dynamic_task_mapping.py took 0.151 seconds
[2026-05-09T19:46:31.513+0000] {processor.py:186} INFO - Started process (PID=33378) to work on /home/ec2-user/environment/lab4_model_training/venv/lib64/python3.12/site-packages/airflow/example_dags/example_dynamic_task_mapping.py
[2026-05-09T19:46:31.514+0000] {processor.py:914} INFO - Processing file /home/ec2-user/environment/lab4_model_training/venv/lib64/python3.12/site-packages/airflow/example_dags/example_dynamic_task_mapping.py for tasks to queue
[2026-05-09T19:46:31.516+0000] {logging_mixin.py:190} INFO - [2026-05-09T19:46:31.516+0000] {dagbag.py:588} INFO - Filling up the DagBag from /home/ec2-user/environment/lab4_model_training/venv/lib64/python3.12/site-packages/airflow/example_dags/example_dynamic_task_mapping.py
[2026-05-09T19:46:31.522+0000] {processor.py:925} INFO - DAG(s) 'example_dynamic_task_mapping' retrieved from /home/ec2-user/environment/lab4_model_training/venv/lib64/python3.12/site-packages/airflow/example_dags/example_dynamic_task_mapping.py
[2026-05-09T19:46:31.534+0000] {logging_mixin.py:190} INFO - [2026-05-09T19:46:31.534+0000] {dag.py:3239} INFO - Sync 1 DAGs
[2026-05-09T19:46:31.543+0000] {logging_mixin.py:190} INFO - [2026-05-09T19:46:31.543+0000] {dag.py:4180} INFO - Setting next_dagrun for example_dynamic_task_mapping to None, run_after=None
[2026-05-09T19:46:31.561+0000] {processor.py:208} INFO - Processing /home/ec2-user/environment/lab4_model_training/venv/lib64/python3.12/site-packages/airflow/example_dags/example_dynamic_task_mapping.py took 0.053 seconds
[2026-05-09T19:47:42.189+0000] {processor.py:186} INFO - Started process (PID=33552) to work on /home/ec2-user/environment/lab4_model_training/venv/lib64/python3.12/site-packages/airflow/example_dags/example_dynamic_task_mapping.py
[2026-05-09T19:47:42.190+0000] {processor.py:914} INFO - Processing file /home/ec2-user/environment/lab4_model_training/venv/lib64/python3.12/site-packages/airflow/example_dags/example_dynamic_task_mapping.py for tasks to queue
[2026-05-09T19:47:42.192+0000] {logging_mixin.py:190} INFO - [2026-05-09T19:47:42.191+0000] {dagbag.py:588} INFO - Filling up the DagBag from /home/ec2-user/environment/lab4_model_training/venv/lib64/python3.12/site-packages/airflow/example_dags/example_dynamic_task_mapping.py
[2026-05-09T19:47:42.199+0000] {processor.py:925} INFO - DAG(s) 'example_dynamic_task_mapping' retrieved from /home/ec2-user/environment/lab4_model_training/venv/lib64/python3.12/site-packages/airflow/example_dags/example_dynamic_task_mapping.py
[2026-05-09T19:47:42.210+0000] {logging_mixin.py:190} INFO - [2026-05-09T19:47:42.210+0000] {dag.py:3239} INFO - Sync 1 DAGs
[2026-05-09T19:47:42.219+0000] {logging_mixin.py:190} INFO - [2026-05-09T19:47:42.219+0000] {dag.py:4180} INFO - Setting next_dagrun for example_dynamic_task_mapping to None, run_after=None
[2026-05-09T19:47:42.236+0000] {processor.py:208} INFO - Processing /home/ec2-user/environment/lab4_model_training/venv/lib64/python3.12/site-packages/airflow/example_dags/example_dynamic_task_mapping.py took 0.052 seconds
[2026-05-09T19:48:51.250+0000] {processor.py:186} INFO - Started process (PID=33680) to work on /home/ec2-user/environment/lab4_model_training/venv/lib64/python3.12/site-packages/airflow/example_dags/example_dynamic_task_mapping.py
[2026-05-09T19:48:51.251+0000] {processor.py:914} INFO - Processing file /home/ec2-user/environment/lab4_model_training/venv/lib64/python3.12/site-packages/airflow/example_dags/example_dynamic_task_mapping.py for tasks to queue
[2026-05-09T19:48:51.253+0000] {logging_mixin.py:190} INFO - [2026-05-09T19:48:51.253+0000] {dagbag.py:588} INFO - Filling up the DagBag from /home/ec2-user/environment/lab4_model_training/venv/lib64/python3.12/site-packages/airflow/example_dags/example_dynamic_task_mapping.py
[2026-05-09T19:48:51.259+0000] {processor.py:925} INFO - DAG(s) 'example_dynamic_task_mapping' retrieved from /home/ec2-user/environment/lab4_model_training/venv/lib64/python3.12/site-packages/airflow/example_dags/example_dynamic_task_mapping.py
[2026-05-09T19:48:51.371+0000] {logging_mixin.py:190} INFO - [2026-05-09T19:48:51.371+0000] {dag.py:3239} INFO - Sync 1 DAGs
[2026-05-09T19:48:51.379+0000] {logging_mixin.py:190} INFO - [2026-05-09T19:48:51.379+0000] {dag.py:4180} INFO - Setting next_dagrun for example_dynamic_task_mapping to None, run_after=None
[2026-05-09T19:48:51.395+0000] {processor.py:208} INFO - Processing /home/ec2-user/environment/lab4_model_training/venv/lib64/python3.12/site-packages/airflow/example_dags/example_dynamic_task_mapping.py took 0.150 seconds
[2026-05-09T19:50:06.631+0000] {processor.py:186} INFO - Started process (PID=33963) to work on /home/ec2-user/environment/lab4_model_training/venv/lib64/python3.12/site-packages/airflow/example_dags/example_dynamic_task_mapping.py
[2026-05-09T19:50:06.632+0000] {processor.py:914} INFO - Processing file /home/ec2-user/environment/lab4_model_training/venv/lib64/python3.12/site-packages/airflow/example_dags/example_dynamic_task_mapping.py for tasks to queue
[2026-05-09T19:50:06.633+0000] {logging_mixin.py:190} INFO - [2026-05-09T19:50:06.633+0000] {dagbag.py:588} INFO - Filling up the DagBag from /home/ec2-user/environment/lab4_model_training/venv/lib64/python3.12/site-packages/airflow/example_dags/example_dynamic_task_mapping.py
[2026-05-09T19:50:06.640+0000] {processor.py:925} INFO - DAG(s) 'example_dynamic_task_mapping' retrieved from /home/ec2-user/environment/lab4_model_training/venv/lib64/python3.12/site-packages/airflow/example_dags/example_dynamic_task_mapping.py
[2026-05-09T19:50:06.651+0000] {logging_mixin.py:190} INFO - [2026-05-09T19:50:06.651+0000] {dag.py:3239} INFO - Sync 1 DAGs
[2026-05-09T19:50:06.661+0000] {logging_mixin.py:190} INFO - [2026-05-09T19:50:06.661+0000] {dag.py:4180} INFO - Setting next_dagrun for example_dynamic_task_mapping to None, run_after=None
[2026-05-09T19:50:06.678+0000] {processor.py:208} INFO - Processing /home/ec2-user/environment/lab4_model_training/venv/lib64/python3.12/site-packages/airflow/example_dags/example_dynamic_task_mapping.py took 0.052 seconds
[2026-05-09T19:51:06.010+0000] {processor.py:186} INFO - Started process (PID=34147) to work on /home/ec2-user/environment/lab4_model_training/venv/lib64/python3.12/site-packages/airflow/example_dags/example_dynamic_task_mapping.py
[2026-05-09T19:51:06.012+0000] {processor.py:914} INFO - Processing file /home/ec2-user/environment/lab4_model_training/venv/lib64/python3.12/site-packages/airflow/example_dags/example_dynamic_task_mapping.py for tasks to queue
[2026-05-09T19:51:06.013+0000] {logging_mixin.py:190} INFO - [2026-05-09T19:51:06.013+0000] {dagbag.py:588} INFO - Filling up the DagBag from /home/ec2-user/environment/lab4_model_training/venv/lib64/python3.12/site-packages/airflow/example_dags/example_dynamic_task_mapping.py
[2026-05-09T19:51:06.020+0000] {processor.py:925} INFO - DAG(s) 'example_dynamic_task_mapping' retrieved from /home/ec2-user/environment/lab4_model_training/venv/lib64/python3.12/site-packages/airflow/example_dags/example_dynamic_task_mapping.py
[2026-05-09T19:51:06.031+0000] {logging_mixin.py:190} INFO - [2026-05-09T19:51:06.031+0000] {dag.py:3239} INFO - Sync 1 DAGs
[2026-05-09T19:51:06.040+0000] {logging_mixin.py:190} INFO - [2026-05-09T19:51:06.040+0000] {dag.py:4180} INFO - Setting next_dagrun for example_dynamic_task_mapping to None, run_after=None
[2026-05-09T19:51:06.058+0000] {processor.py:208} INFO - Processing /home/ec2-user/environment/lab4_model_training/venv/lib64/python3.12/site-packages/airflow/example_dags/example_dynamic_task_mapping.py took 0.052 seconds
[2026-05-09T19:51:54.022+0000] {processor.py:186} INFO - Started process (PID=34308) to work on /home/ec2-user/environment/lab4_model_training/venv/lib64/python3.12/site-packages/airflow/example_dags/example_dynamic_task_mapping.py
[2026-05-09T19:51:54.023+0000] {processor.py:914} INFO - Processing file /home/ec2-user/environment/lab4_model_training/venv/lib64/python3.12/site-packages/airflow/example_dags/example_dynamic_task_mapping.py for tasks to queue
[2026-05-09T19:51:54.025+0000] {logging_mixin.py:190} INFO - [2026-05-09T19:51:54.024+0000] {dagbag.py:588} INFO - Filling up the DagBag from /home/ec2-user/environment/lab4_model_training/venv/lib64/python3.12/site-packages/airflow/example_dags/example_dynamic_task_mapping.py
[2026-05-09T19:51:54.031+0000] {processor.py:925} INFO - DAG(s) 'example_dynamic_task_mapping' retrieved from /home/ec2-user/environment/lab4_model_training/venv/lib64/python3.12/site-packages/airflow/example_dags/example_dynamic_task_mapping.py
[2026-05-09T19:51:54.043+0000] {logging_mixin.py:190} INFO - [2026-05-09T19:51:54.043+0000] {dag.py:3239} INFO - Sync 1 DAGs
[2026-05-09T19:51:54.052+0000] {logging_mixin.py:190} INFO - [2026-05-09T19:51:54.052+0000] {dag.py:4180} INFO - Setting next_dagrun for example_dynamic_task_mapping to None, run_after=None
[2026-05-09T19:51:54.070+0000] {processor.py:208} INFO - Processing /home/ec2-user/environment/lab4_model_training/venv/lib64/python3.12/site-packages/airflow/example_dags/example_dynamic_task_mapping.py took 0.053 seconds
[2026-05-09T19:52:55.348+0000] {processor.py:186} INFO - Started process (PID=34546) to work on /home/ec2-user/environment/lab4_model_training/venv/lib64/python3.12/site-packages/airflow/example_dags/example_dynamic_task_mapping.py
[2026-05-09T19:52:55.349+0000] {processor.py:914} INFO - Processing file /home/ec2-user/environment/lab4_model_training/venv/lib64/python3.12/site-packages/airflow/example_dags/example_dynamic_task_mapping.py for tasks to queue
[2026-05-09T19:52:55.351+0000] {logging_mixin.py:190} INFO - [2026-05-09T19:52:55.350+0000] {dagbag.py:588} INFO - Filling up the DagBag from /home/ec2-user/environment/lab4_model_training/venv/lib64/python3.12/site-packages/airflow/example_dags/example_dynamic_task_mapping.py
[2026-05-09T19:52:55.357+0000] {processor.py:925} INFO - DAG(s) 'example_dynamic_task_mapping' retrieved from /home/ec2-user/environment/lab4_model_training/venv/lib64/python3.12/site-packages/airflow/example_dags/example_dynamic_task_mapping.py
[2026-05-09T19:52:55.369+0000] {logging_mixin.py:190} INFO - [2026-05-09T19:52:55.369+0000] {dag.py:3239} INFO - Sync 1 DAGs
[2026-05-09T19:52:55.378+0000] {logging_mixin.py:190} INFO - [2026-05-09T19:52:55.378+0000] {dag.py:4180} INFO - Setting next_dagrun for example_dynamic_task_mapping to None, run_after=None
[2026-05-09T19:52:55.396+0000] {processor.py:208} INFO - Processing /home/ec2-user/environment/lab4_model_training/venv/lib64/python3.12/site-packages/airflow/example_dags/example_dynamic_task_mapping.py took 0.053 seconds
[2026-05-09T19:54:00.975+0000] {processor.py:186} INFO - Started process (PID=34725) to work on /home/ec2-user/environment/lab4_model_training/venv/lib64/python3.12/site-packages/airflow/example_dags/example_dynamic_task_mapping.py
[2026-05-09T19:54:00.976+0000] {processor.py:914} INFO - Processing file /home/ec2-user/environment/lab4_model_training/venv/lib64/python3.12/site-packages/airflow/example_dags/example_dynamic_task_mapping.py for tasks to queue
[2026-05-09T19:54:00.978+0000] {logging_mixin.py:190} INFO - [2026-05-09T19:54:00.978+0000] {dagbag.py:588} INFO - Filling up the DagBag from /home/ec2-user/environment/lab4_model_training/venv/lib64/python3.12/site-packages/airflow/example_dags/example_dynamic_task_mapping.py
[2026-05-09T19:54:00.984+0000] {processor.py:925} INFO - DAG(s) 'example_dynamic_task_mapping' retrieved from /home/ec2-user/environment/lab4_model_training/venv/lib64/python3.12/site-packages/airflow/example_dags/example_dynamic_task_mapping.py
[2026-05-09T19:54:00.996+0000] {logging_mixin.py:190} INFO - [2026-05-09T19:54:00.996+0000] {dag.py:3239} INFO - Sync 1 DAGs
[2026-05-09T19:54:01.005+0000] {logging_mixin.py:190} INFO - [2026-05-09T19:54:01.005+0000] {dag.py:4180} INFO - Setting next_dagrun for example_dynamic_task_mapping to None, run_after=None
[2026-05-09T19:54:01.022+0000] {processor.py:208} INFO - Processing /home/ec2-user/environment/lab4_model_training/venv/lib64/python3.12/site-packages/airflow/example_dags/example_dynamic_task_mapping.py took 0.051 seconds
[2026-05-09T19:55:04.302+0000] {processor.py:186} INFO - Started process (PID=34863) to work on /home/ec2-user/environment/lab4_model_training/venv/lib64/python3.12/site-packages/airflow/example_dags/example_dynamic_task_mapping.py
[2026-05-09T19:55:04.303+0000] {processor.py:914} INFO - Processing file /home/ec2-user/environment/lab4_model_training/venv/lib64/python3.12/site-packages/airflow/example_dags/example_dynamic_task_mapping.py for tasks to queue
[2026-05-09T19:55:04.305+0000] {logging_mixin.py:190} INFO - [2026-05-09T19:55:04.304+0000] {dagbag.py:588} INFO - Filling up the DagBag from /home/ec2-user/environment/lab4_model_training/venv/lib64/python3.12/site-packages/airflow/example_dags/example_dynamic_task_mapping.py
[2026-05-09T19:55:04.312+0000] {processor.py:925} INFO - DAG(s) 'example_dynamic_task_mapping' retrieved from /home/ec2-user/environment/lab4_model_training/venv/lib64/python3.12/site-packages/airflow/example_dags/example_dynamic_task_mapping.py
[2026-05-09T19:55:04.323+0000] {logging_mixin.py:190} INFO - [2026-05-09T19:55:04.322+0000] {dag.py:3239} INFO - Sync 1 DAGs
[2026-05-09T19:55:04.332+0000] {logging_mixin.py:190} INFO - [2026-05-09T19:55:04.332+0000] {dag.py:4180} INFO - Setting next_dagrun for example_dynamic_task_mapping to None, run_after=None
[2026-05-09T19:55:04.349+0000] {processor.py:208} INFO - Processing /home/ec2-user/environment/lab4_model_training/venv/lib64/python3.12/site-packages/airflow/example_dags/example_dynamic_task_mapping.py took 0.051 seconds
[2026-05-09T19:56:12.381+0000] {processor.py:186} INFO - Started process (PID=35035) to work on /home/ec2-user/environment/lab4_model_training/venv/lib64/python3.12/site-packages/airflow/example_dags/example_dynamic_task_mapping.py
[2026-05-09T19:56:12.382+0000] {processor.py:914} INFO - Processing file /home/ec2-user/environment/lab4_model_training/venv/lib64/python3.12/site-packages/airflow/example_dags/example_dynamic_task_mapping.py for tasks to queue
[2026-05-09T19:56:12.384+0000] {logging_mixin.py:190} INFO - [2026-05-09T19:56:12.384+0000] {dagbag.py:588} INFO - Filling up the DagBag from /home/ec2-user/environment/lab4_model_training/venv/lib64/python3.12/site-packages/airflow/example_dags/example_dynamic_task_mapping.py
[2026-05-09T19:56:12.390+0000] {processor.py:925} INFO - DAG(s) 'example_dynamic_task_mapping' retrieved from /home/ec2-user/environment/lab4_model_training/venv/lib64/python3.12/site-packages/airflow/example_dags/example_dynamic_task_mapping.py
[2026-05-09T19:56:12.402+0000] {logging_mixin.py:190} INFO - [2026-05-09T19:56:12.401+0000] {dag.py:3239} INFO - Sync 1 DAGs
[2026-05-09T19:56:12.411+0000] {logging_mixin.py:190} INFO - [2026-05-09T19:56:12.411+0000] {dag.py:4180} INFO - Setting next_dagrun for example_dynamic_task_mapping to None, run_after=None
[2026-05-09T19:56:12.428+0000] {processor.py:208} INFO - Processing /home/ec2-user/environment/lab4_model_training/venv/lib64/python3.12/site-packages/airflow/example_dags/example_dynamic_task_mapping.py took 0.052 seconds
[2026-05-09T19:57:18.424+0000] {processor.py:186} INFO - Started process (PID=35155) to work on /home/ec2-user/environment/lab4_model_training/venv/lib64/python3.12/site-packages/airflow/example_dags/example_dynamic_task_mapping.py
[2026-05-09T19:57:18.425+0000] {processor.py:914} INFO - Processing file /home/ec2-user/environment/lab4_model_training/venv/lib64/python3.12/site-packages/airflow/example_dags/example_dynamic_task_mapping.py for tasks to queue
[2026-05-09T19:57:18.426+0000] {logging_mixin.py:190} INFO - [2026-05-09T19:57:18.426+0000] {dagbag.py:588} INFO - Filling up the DagBag from /home/ec2-user/environment/lab4_model_training/venv/lib64/python3.12/site-packages/airflow/example_dags/example_dynamic_task_mapping.py
[2026-05-09T19:57:18.433+0000] {processor.py:925} INFO - DAG(s) 'example_dynamic_task_mapping' retrieved from /home/ec2-user/environment/lab4_model_training/venv/lib64/python3.12/site-packages/airflow/example_dags/example_dynamic_task_mapping.py
[2026-05-09T19:57:18.444+0000] {logging_mixin.py:190} INFO - [2026-05-09T19:57:18.444+0000] {dag.py:3239} INFO - Sync 1 DAGs
[2026-05-09T19:57:18.454+0000] {logging_mixin.py:190} INFO - [2026-05-09T19:57:18.454+0000] {dag.py:4180} INFO - Setting next_dagrun for example_dynamic_task_mapping to None, run_after=None
[2026-05-09T19:57:18.471+0000] {processor.py:208} INFO - Processing /home/ec2-user/environment/lab4_model_training/venv/lib64/python3.12/site-packages/airflow/example_dags/example_dynamic_task_mapping.py took 0.052 seconds
[2026-05-09T19:58:20.593+0000] {processor.py:186} INFO - Started process (PID=35348) to work on /home/ec2-user/environment/lab4_model_training/venv/lib64/python3.12/site-packages/airflow/example_dags/example_dynamic_task_mapping.py
[2026-05-09T19:58:20.594+0000] {processor.py:914} INFO - Processing file /home/ec2-user/environment/lab4_model_training/venv/lib64/python3.12/site-packages/airflow/example_dags/example_dynamic_task_mapping.py for tasks to queue
[2026-05-09T19:58:20.596+0000] {logging_mixin.py:190} INFO - [2026-05-09T19:58:20.595+0000] {dagbag.py:588} INFO - Filling up the DagBag from /home/ec2-user/environment/lab4_model_training/venv/lib64/python3.12/site-packages/airflow/example_dags/example_dynamic_task_mapping.py
[2026-05-09T19:58:20.603+0000] {processor.py:925} INFO - DAG(s) 'example_dynamic_task_mapping' retrieved from /home/ec2-user/environment/lab4_model_training/venv/lib64/python3.12/site-packages/airflow/example_dags/example_dynamic_task_mapping.py
[2026-05-09T19:58:20.614+0000] {logging_mixin.py:190} INFO - [2026-05-09T19:58:20.614+0000] {dag.py:3239} INFO - Sync 1 DAGs
[2026-05-09T19:58:20.623+0000] {logging_mixin.py:190} INFO - [2026-05-09T19:58:20.623+0000] {dag.py:4180} INFO - Setting next_dagrun for example_dynamic_task_mapping to None, run_after=None
[2026-05-09T19:58:20.642+0000] {processor.py:208} INFO - Processing /home/ec2-user/environment/lab4_model_training/venv/lib64/python3.12/site-packages/airflow/example_dags/example_dynamic_task_mapping.py took 0.053 seconds
