[2026-05-09T18:55:04.599+0000] {processor.py:186} INFO - Started process (PID=19009) to work on /home/ec2-user/environment/lab4_model_training/venv/lib64/python3.12/site-packages/airflow/example_dags/example_trigger_target_dag.py
[2026-05-09T18:55:04.600+0000] {processor.py:914} INFO - Processing file /home/ec2-user/environment/lab4_model_training/venv/lib64/python3.12/site-packages/airflow/example_dags/example_trigger_target_dag.py for tasks to queue
[2026-05-09T18:55:04.602+0000] {logging_mixin.py:190} INFO - [2026-05-09T18:55:04.601+0000] {dagbag.py:588} INFO - Filling up the DagBag from /home/ec2-user/environment/lab4_model_training/venv/lib64/python3.12/site-packages/airflow/example_dags/example_trigger_target_dag.py
[2026-05-09T18:55:04.608+0000] {processor.py:925} INFO - DAG(s) 'example_trigger_target_dag' retrieved from /home/ec2-user/environment/lab4_model_training/venv/lib64/python3.12/site-packages/airflow/example_dags/example_trigger_target_dag.py
[2026-05-09T18:55:04.619+0000] {logging_mixin.py:190} INFO - [2026-05-09T18:55:04.619+0000] {dag.py:3239} INFO - Sync 1 DAGs
[2026-05-09T18:55:04.629+0000] {logging_mixin.py:190} INFO - [2026-05-09T18:55:04.629+0000] {dag.py:4180} INFO - Setting next_dagrun for example_trigger_target_dag to None, run_after=None
[2026-05-09T18:55:04.648+0000] {processor.py:208} INFO - Processing /home/ec2-user/environment/lab4_model_training/venv/lib64/python3.12/site-packages/airflow/example_dags/example_trigger_target_dag.py took 0.053 seconds
[2026-05-09T18:56:08.163+0000] {processor.py:186} INFO - Started process (PID=19434) to work on /home/ec2-user/environment/lab4_model_training/venv/lib64/python3.12/site-packages/airflow/example_dags/example_trigger_target_dag.py
[2026-05-09T18:56:08.164+0000] {processor.py:914} INFO - Processing file /home/ec2-user/environment/lab4_model_training/venv/lib64/python3.12/site-packages/airflow/example_dags/example_trigger_target_dag.py for tasks to queue
[2026-05-09T18:56:08.166+0000] {logging_mixin.py:190} INFO - [2026-05-09T18:56:08.166+0000] {dagbag.py:588} INFO - Filling up the DagBag from /home/ec2-user/environment/lab4_model_training/venv/lib64/python3.12/site-packages/airflow/example_dags/example_trigger_target_dag.py
[2026-05-09T18:56:08.175+0000] {processor.py:925} INFO - DAG(s) 'example_trigger_target_dag' retrieved from /home/ec2-user/environment/lab4_model_training/venv/lib64/python3.12/site-packages/airflow/example_dags/example_trigger_target_dag.py
[2026-05-09T18:56:08.189+0000] {logging_mixin.py:190} INFO - [2026-05-09T18:56:08.189+0000] {dag.py:3239} INFO - Sync 1 DAGs
[2026-05-09T18:56:08.199+0000] {logging_mixin.py:190} INFO - [2026-05-09T18:56:08.199+0000] {dag.py:4180} INFO - Setting next_dagrun for example_trigger_target_dag to None, run_after=None
[2026-05-09T18:56:08.220+0000] {processor.py:208} INFO - Processing /home/ec2-user/environment/lab4_model_training/venv/lib64/python3.12/site-packages/airflow/example_dags/example_trigger_target_dag.py took 0.061 seconds
[2026-05-09T18:57:15.789+0000] {processor.py:186} INFO - Started process (PID=19759) to work on /home/ec2-user/environment/lab4_model_training/venv/lib64/python3.12/site-packages/airflow/example_dags/example_trigger_target_dag.py
[2026-05-09T18:57:15.791+0000] {processor.py:914} INFO - Processing file /home/ec2-user/environment/lab4_model_training/venv/lib64/python3.12/site-packages/airflow/example_dags/example_trigger_target_dag.py for tasks to queue
[2026-05-09T18:57:15.793+0000] {logging_mixin.py:190} INFO - [2026-05-09T18:57:15.792+0000] {dagbag.py:588} INFO - Filling up the DagBag from /home/ec2-user/environment/lab4_model_training/venv/lib64/python3.12/site-packages/airflow/example_dags/example_trigger_target_dag.py
[2026-05-09T18:57:15.799+0000] {processor.py:925} INFO - DAG(s) 'example_trigger_target_dag' retrieved from /home/ec2-user/environment/lab4_model_training/venv/lib64/python3.12/site-packages/airflow/example_dags/example_trigger_target_dag.py
[2026-05-09T18:57:15.810+0000] {logging_mixin.py:190} INFO - [2026-05-09T18:57:15.810+0000] {dag.py:3239} INFO - Sync 1 DAGs
[2026-05-09T18:57:15.820+0000] {logging_mixin.py:190} INFO - [2026-05-09T18:57:15.819+0000] {dag.py:4180} INFO - Setting next_dagrun for example_trigger_target_dag to None, run_after=None
[2026-05-09T18:57:15.838+0000] {processor.py:208} INFO - Processing /home/ec2-user/environment/lab4_model_training/venv/lib64/python3.12/site-packages/airflow/example_dags/example_trigger_target_dag.py took 0.052 seconds
[2026-05-09T18:58:23.401+0000] {processor.py:186} INFO - Started process (PID=20164) to work on /home/ec2-user/environment/lab4_model_training/venv/lib64/python3.12/site-packages/airflow/example_dags/example_trigger_target_dag.py
[2026-05-09T18:58:23.403+0000] {processor.py:914} INFO - Processing file /home/ec2-user/environment/lab4_model_training/venv/lib64/python3.12/site-packages/airflow/example_dags/example_trigger_target_dag.py for tasks to queue
[2026-05-09T18:58:23.405+0000] {logging_mixin.py:190} INFO - [2026-05-09T18:58:23.404+0000] {dagbag.py:588} INFO - Filling up the DagBag from /home/ec2-user/environment/lab4_model_training/venv/lib64/python3.12/site-packages/airflow/example_dags/example_trigger_target_dag.py
[2026-05-09T18:58:23.413+0000] {processor.py:925} INFO - DAG(s) 'example_trigger_target_dag' retrieved from /home/ec2-user/environment/lab4_model_training/venv/lib64/python3.12/site-packages/airflow/example_dags/example_trigger_target_dag.py
[2026-05-09T18:58:23.427+0000] {logging_mixin.py:190} INFO - [2026-05-09T18:58:23.426+0000] {dag.py:3239} INFO - Sync 1 DAGs
[2026-05-09T18:58:23.438+0000] {logging_mixin.py:190} INFO - [2026-05-09T18:58:23.438+0000] {dag.py:4180} INFO - Setting next_dagrun for example_trigger_target_dag to None, run_after=None
[2026-05-09T18:58:23.458+0000] {processor.py:208} INFO - Processing /home/ec2-user/environment/lab4_model_training/venv/lib64/python3.12/site-packages/airflow/example_dags/example_trigger_target_dag.py took 0.062 seconds
[2026-05-09T18:59:29.012+0000] {processor.py:186} INFO - Started process (PID=20477) to work on /home/ec2-user/environment/lab4_model_training/venv/lib64/python3.12/site-packages/airflow/example_dags/example_trigger_target_dag.py
[2026-05-09T18:59:29.013+0000] {processor.py:914} INFO - Processing file /home/ec2-user/environment/lab4_model_training/venv/lib64/python3.12/site-packages/airflow/example_dags/example_trigger_target_dag.py for tasks to queue
[2026-05-09T18:59:29.015+0000] {logging_mixin.py:190} INFO - [2026-05-09T18:59:29.014+0000] {dagbag.py:588} INFO - Filling up the DagBag from /home/ec2-user/environment/lab4_model_training/venv/lib64/python3.12/site-packages/airflow/example_dags/example_trigger_target_dag.py
[2026-05-09T18:59:29.021+0000] {processor.py:925} INFO - DAG(s) 'example_trigger_target_dag' retrieved from /home/ec2-user/environment/lab4_model_training/venv/lib64/python3.12/site-packages/airflow/example_dags/example_trigger_target_dag.py
[2026-05-09T18:59:29.032+0000] {logging_mixin.py:190} INFO - [2026-05-09T18:59:29.032+0000] {dag.py:3239} INFO - Sync 1 DAGs
[2026-05-09T18:59:29.041+0000] {logging_mixin.py:190} INFO - [2026-05-09T18:59:29.041+0000] {dag.py:4180} INFO - Setting next_dagrun for example_trigger_target_dag to None, run_after=None
[2026-05-09T18:59:29.061+0000] {processor.py:208} INFO - Processing /home/ec2-user/environment/lab4_model_training/venv/lib64/python3.12/site-packages/airflow/example_dags/example_trigger_target_dag.py took 0.054 seconds
[2026-05-09T19:00:32.808+0000] {processor.py:186} INFO - Started process (PID=20792) to work on /home/ec2-user/environment/lab4_model_training/venv/lib64/python3.12/site-packages/airflow/example_dags/example_trigger_target_dag.py
[2026-05-09T19:00:32.810+0000] {processor.py:914} INFO - Processing file /home/ec2-user/environment/lab4_model_training/venv/lib64/python3.12/site-packages/airflow/example_dags/example_trigger_target_dag.py for tasks to queue
[2026-05-09T19:00:32.812+0000] {logging_mixin.py:190} INFO - [2026-05-09T19:00:32.812+0000] {dagbag.py:588} INFO - Filling up the DagBag from /home/ec2-user/environment/lab4_model_training/venv/lib64/python3.12/site-packages/airflow/example_dags/example_trigger_target_dag.py
[2026-05-09T19:00:32.820+0000] {processor.py:925} INFO - DAG(s) 'example_trigger_target_dag' retrieved from /home/ec2-user/environment/lab4_model_training/venv/lib64/python3.12/site-packages/airflow/example_dags/example_trigger_target_dag.py
[2026-05-09T19:00:32.833+0000] {logging_mixin.py:190} INFO - [2026-05-09T19:00:32.833+0000] {dag.py:3239} INFO - Sync 1 DAGs
[2026-05-09T19:00:32.845+0000] {logging_mixin.py:190} INFO - [2026-05-09T19:00:32.845+0000] {dag.py:4180} INFO - Setting next_dagrun for example_trigger_target_dag to None, run_after=None
[2026-05-09T19:00:32.865+0000] {processor.py:208} INFO - Processing /home/ec2-user/environment/lab4_model_training/venv/lib64/python3.12/site-packages/airflow/example_dags/example_trigger_target_dag.py took 0.061 seconds
[2026-05-09T19:01:37.631+0000] {processor.py:186} INFO - Started process (PID=21116) to work on /home/ec2-user/environment/lab4_model_training/venv/lib64/python3.12/site-packages/airflow/example_dags/example_trigger_target_dag.py
[2026-05-09T19:01:37.633+0000] {processor.py:914} INFO - Processing file /home/ec2-user/environment/lab4_model_training/venv/lib64/python3.12/site-packages/airflow/example_dags/example_trigger_target_dag.py for tasks to queue
[2026-05-09T19:01:37.635+0000] {logging_mixin.py:190} INFO - [2026-05-09T19:01:37.635+0000] {dagbag.py:588} INFO - Filling up the DagBag from /home/ec2-user/environment/lab4_model_training/venv/lib64/python3.12/site-packages/airflow/example_dags/example_trigger_target_dag.py
[2026-05-09T19:01:37.643+0000] {processor.py:925} INFO - DAG(s) 'example_trigger_target_dag' retrieved from /home/ec2-user/environment/lab4_model_training/venv/lib64/python3.12/site-packages/airflow/example_dags/example_trigger_target_dag.py
[2026-05-09T19:01:37.657+0000] {logging_mixin.py:190} INFO - [2026-05-09T19:01:37.656+0000] {dag.py:3239} INFO - Sync 1 DAGs
[2026-05-09T19:01:37.667+0000] {logging_mixin.py:190} INFO - [2026-05-09T19:01:37.667+0000] {dag.py:4180} INFO - Setting next_dagrun for example_trigger_target_dag to None, run_after=None
[2026-05-09T19:01:37.688+0000] {processor.py:208} INFO - Processing /home/ec2-user/environment/lab4_model_training/venv/lib64/python3.12/site-packages/airflow/example_dags/example_trigger_target_dag.py took 0.061 seconds
[2026-05-09T19:02:38.523+0000] {processor.py:186} INFO - Started process (PID=21459) to work on /home/ec2-user/environment/lab4_model_training/venv/lib64/python3.12/site-packages/airflow/example_dags/example_trigger_target_dag.py
[2026-05-09T19:02:38.524+0000] {processor.py:914} INFO - Processing file /home/ec2-user/environment/lab4_model_training/venv/lib64/python3.12/site-packages/airflow/example_dags/example_trigger_target_dag.py for tasks to queue
[2026-05-09T19:02:38.527+0000] {logging_mixin.py:190} INFO - [2026-05-09T19:02:38.526+0000] {dagbag.py:588} INFO - Filling up the DagBag from /home/ec2-user/environment/lab4_model_training/venv/lib64/python3.12/site-packages/airflow/example_dags/example_trigger_target_dag.py
[2026-05-09T19:02:38.535+0000] {processor.py:925} INFO - DAG(s) 'example_trigger_target_dag' retrieved from /home/ec2-user/environment/lab4_model_training/venv/lib64/python3.12/site-packages/airflow/example_dags/example_trigger_target_dag.py
[2026-05-09T19:02:38.550+0000] {logging_mixin.py:190} INFO - [2026-05-09T19:02:38.550+0000] {dag.py:3239} INFO - Sync 1 DAGs
[2026-05-09T19:02:38.561+0000] {logging_mixin.py:190} INFO - [2026-05-09T19:02:38.561+0000] {dag.py:4180} INFO - Setting next_dagrun for example_trigger_target_dag to None, run_after=None
[2026-05-09T19:02:38.581+0000] {processor.py:208} INFO - Processing /home/ec2-user/environment/lab4_model_training/venv/lib64/python3.12/site-packages/airflow/example_dags/example_trigger_target_dag.py took 0.062 seconds
[2026-05-09T19:03:44.368+0000] {processor.py:186} INFO - Started process (PID=21782) to work on /home/ec2-user/environment/lab4_model_training/venv/lib64/python3.12/site-packages/airflow/example_dags/example_trigger_target_dag.py
[2026-05-09T19:03:44.369+0000] {processor.py:914} INFO - Processing file /home/ec2-user/environment/lab4_model_training/venv/lib64/python3.12/site-packages/airflow/example_dags/example_trigger_target_dag.py for tasks to queue
[2026-05-09T19:03:44.371+0000] {logging_mixin.py:190} INFO - [2026-05-09T19:03:44.371+0000] {dagbag.py:588} INFO - Filling up the DagBag from /home/ec2-user/environment/lab4_model_training/venv/lib64/python3.12/site-packages/airflow/example_dags/example_trigger_target_dag.py
[2026-05-09T19:03:44.380+0000] {processor.py:925} INFO - DAG(s) 'example_trigger_target_dag' retrieved from /home/ec2-user/environment/lab4_model_training/venv/lib64/python3.12/site-packages/airflow/example_dags/example_trigger_target_dag.py
[2026-05-09T19:03:44.393+0000] {logging_mixin.py:190} INFO - [2026-05-09T19:03:44.393+0000] {dag.py:3239} INFO - Sync 1 DAGs
[2026-05-09T19:03:44.403+0000] {logging_mixin.py:190} INFO - [2026-05-09T19:03:44.403+0000] {dag.py:4180} INFO - Setting next_dagrun for example_trigger_target_dag to None, run_after=None
[2026-05-09T19:03:44.422+0000] {processor.py:208} INFO - Processing /home/ec2-user/environment/lab4_model_training/venv/lib64/python3.12/site-packages/airflow/example_dags/example_trigger_target_dag.py took 0.059 seconds
[2026-05-09T19:04:49.178+0000] {processor.py:186} INFO - Started process (PID=22181) to work on /home/ec2-user/environment/lab4_model_training/venv/lib64/python3.12/site-packages/airflow/example_dags/example_trigger_target_dag.py
[2026-05-09T19:04:49.179+0000] {processor.py:914} INFO - Processing file /home/ec2-user/environment/lab4_model_training/venv/lib64/python3.12/site-packages/airflow/example_dags/example_trigger_target_dag.py for tasks to queue
[2026-05-09T19:04:49.181+0000] {logging_mixin.py:190} INFO - [2026-05-09T19:04:49.181+0000] {dagbag.py:588} INFO - Filling up the DagBag from /home/ec2-user/environment/lab4_model_training/venv/lib64/python3.12/site-packages/airflow/example_dags/example_trigger_target_dag.py
[2026-05-09T19:04:49.188+0000] {processor.py:925} INFO - DAG(s) 'example_trigger_target_dag' retrieved from /home/ec2-user/environment/lab4_model_training/venv/lib64/python3.12/site-packages/airflow/example_dags/example_trigger_target_dag.py
[2026-05-09T19:04:49.199+0000] {logging_mixin.py:190} INFO - [2026-05-09T19:04:49.199+0000] {dag.py:3239} INFO - Sync 1 DAGs
[2026-05-09T19:04:49.209+0000] {logging_mixin.py:190} INFO - [2026-05-09T19:04:49.208+0000] {dag.py:4180} INFO - Setting next_dagrun for example_trigger_target_dag to None, run_after=None
[2026-05-09T19:04:49.227+0000] {processor.py:208} INFO - Processing /home/ec2-user/environment/lab4_model_training/venv/lib64/python3.12/site-packages/airflow/example_dags/example_trigger_target_dag.py took 0.053 seconds
[2026-05-09T19:05:50.158+0000] {processor.py:186} INFO - Started process (PID=22549) to work on /home/ec2-user/environment/lab4_model_training/venv/lib64/python3.12/site-packages/airflow/example_dags/example_trigger_target_dag.py
[2026-05-09T19:05:50.159+0000] {processor.py:914} INFO - Processing file /home/ec2-user/environment/lab4_model_training/venv/lib64/python3.12/site-packages/airflow/example_dags/example_trigger_target_dag.py for tasks to queue
[2026-05-09T19:05:50.161+0000] {logging_mixin.py:190} INFO - [2026-05-09T19:05:50.161+0000] {dagbag.py:588} INFO - Filling up the DagBag from /home/ec2-user/environment/lab4_model_training/venv/lib64/python3.12/site-packages/airflow/example_dags/example_trigger_target_dag.py
[2026-05-09T19:05:50.167+0000] {processor.py:925} INFO - DAG(s) 'example_trigger_target_dag' retrieved from /home/ec2-user/environment/lab4_model_training/venv/lib64/python3.12/site-packages/airflow/example_dags/example_trigger_target_dag.py
[2026-05-09T19:05:50.179+0000] {logging_mixin.py:190} INFO - [2026-05-09T19:05:50.178+0000] {dag.py:3239} INFO - Sync 1 DAGs
[2026-05-09T19:05:50.188+0000] {logging_mixin.py:190} INFO - [2026-05-09T19:05:50.188+0000] {dag.py:4180} INFO - Setting next_dagrun for example_trigger_target_dag to None, run_after=None
[2026-05-09T19:05:50.206+0000] {processor.py:208} INFO - Processing /home/ec2-user/environment/lab4_model_training/venv/lib64/python3.12/site-packages/airflow/example_dags/example_trigger_target_dag.py took 0.053 seconds
[2026-05-09T19:06:54.691+0000] {processor.py:186} INFO - Started process (PID=22902) to work on /home/ec2-user/environment/lab4_model_training/venv/lib64/python3.12/site-packages/airflow/example_dags/example_trigger_target_dag.py
[2026-05-09T19:06:54.692+0000] {processor.py:914} INFO - Processing file /home/ec2-user/environment/lab4_model_training/venv/lib64/python3.12/site-packages/airflow/example_dags/example_trigger_target_dag.py for tasks to queue
[2026-05-09T19:06:54.694+0000] {logging_mixin.py:190} INFO - [2026-05-09T19:06:54.693+0000] {dagbag.py:588} INFO - Filling up the DagBag from /home/ec2-user/environment/lab4_model_training/venv/lib64/python3.12/site-packages/airflow/example_dags/example_trigger_target_dag.py
[2026-05-09T19:06:54.700+0000] {processor.py:925} INFO - DAG(s) 'example_trigger_target_dag' retrieved from /home/ec2-user/environment/lab4_model_training/venv/lib64/python3.12/site-packages/airflow/example_dags/example_trigger_target_dag.py
[2026-05-09T19:06:54.712+0000] {logging_mixin.py:190} INFO - [2026-05-09T19:06:54.712+0000] {dag.py:3239} INFO - Sync 1 DAGs
[2026-05-09T19:06:54.721+0000] {logging_mixin.py:190} INFO - [2026-05-09T19:06:54.721+0000] {dag.py:4180} INFO - Setting next_dagrun for example_trigger_target_dag to None, run_after=None
[2026-05-09T19:06:54.740+0000] {processor.py:208} INFO - Processing /home/ec2-user/environment/lab4_model_training/venv/lib64/python3.12/site-packages/airflow/example_dags/example_trigger_target_dag.py took 0.054 seconds
[2026-05-09T19:08:00.596+0000] {processor.py:186} INFO - Started process (PID=23199) to work on /home/ec2-user/environment/lab4_model_training/venv/lib64/python3.12/site-packages/airflow/example_dags/example_trigger_target_dag.py
[2026-05-09T19:08:00.597+0000] {processor.py:914} INFO - Processing file /home/ec2-user/environment/lab4_model_training/venv/lib64/python3.12/site-packages/airflow/example_dags/example_trigger_target_dag.py for tasks to queue
[2026-05-09T19:08:00.599+0000] {logging_mixin.py:190} INFO - [2026-05-09T19:08:00.599+0000] {dagbag.py:588} INFO - Filling up the DagBag from /home/ec2-user/environment/lab4_model_training/venv/lib64/python3.12/site-packages/airflow/example_dags/example_trigger_target_dag.py
[2026-05-09T19:08:00.606+0000] {processor.py:925} INFO - DAG(s) 'example_trigger_target_dag' retrieved from /home/ec2-user/environment/lab4_model_training/venv/lib64/python3.12/site-packages/airflow/example_dags/example_trigger_target_dag.py
[2026-05-09T19:08:00.617+0000] {logging_mixin.py:190} INFO - [2026-05-09T19:08:00.617+0000] {dag.py:3239} INFO - Sync 1 DAGs
[2026-05-09T19:08:00.626+0000] {logging_mixin.py:190} INFO - [2026-05-09T19:08:00.626+0000] {dag.py:4180} INFO - Setting next_dagrun for example_trigger_target_dag to None, run_after=None
[2026-05-09T19:08:00.644+0000] {processor.py:208} INFO - Processing /home/ec2-user/environment/lab4_model_training/venv/lib64/python3.12/site-packages/airflow/example_dags/example_trigger_target_dag.py took 0.052 seconds
[2026-05-09T19:09:02.735+0000] {processor.py:186} INFO - Started process (PID=23553) to work on /home/ec2-user/environment/lab4_model_training/venv/lib64/python3.12/site-packages/airflow/example_dags/example_trigger_target_dag.py
[2026-05-09T19:09:02.736+0000] {processor.py:914} INFO - Processing file /home/ec2-user/environment/lab4_model_training/venv/lib64/python3.12/site-packages/airflow/example_dags/example_trigger_target_dag.py for tasks to queue
[2026-05-09T19:09:02.738+0000] {logging_mixin.py:190} INFO - [2026-05-09T19:09:02.738+0000] {dagbag.py:588} INFO - Filling up the DagBag from /home/ec2-user/environment/lab4_model_training/venv/lib64/python3.12/site-packages/airflow/example_dags/example_trigger_target_dag.py
[2026-05-09T19:09:02.745+0000] {processor.py:925} INFO - DAG(s) 'example_trigger_target_dag' retrieved from /home/ec2-user/environment/lab4_model_training/venv/lib64/python3.12/site-packages/airflow/example_dags/example_trigger_target_dag.py
[2026-05-09T19:09:02.756+0000] {logging_mixin.py:190} INFO - [2026-05-09T19:09:02.756+0000] {dag.py:3239} INFO - Sync 1 DAGs
[2026-05-09T19:09:02.765+0000] {logging_mixin.py:190} INFO - [2026-05-09T19:09:02.765+0000] {dag.py:4180} INFO - Setting next_dagrun for example_trigger_target_dag to None, run_after=None
[2026-05-09T19:09:02.783+0000] {processor.py:208} INFO - Processing /home/ec2-user/environment/lab4_model_training/venv/lib64/python3.12/site-packages/airflow/example_dags/example_trigger_target_dag.py took 0.052 seconds
[2026-05-09T19:10:08.925+0000] {processor.py:186} INFO - Started process (PID=23876) to work on /home/ec2-user/environment/lab4_model_training/venv/lib64/python3.12/site-packages/airflow/example_dags/example_trigger_target_dag.py
[2026-05-09T19:10:08.926+0000] {processor.py:914} INFO - Processing file /home/ec2-user/environment/lab4_model_training/venv/lib64/python3.12/site-packages/airflow/example_dags/example_trigger_target_dag.py for tasks to queue
[2026-05-09T19:10:08.928+0000] {logging_mixin.py:190} INFO - [2026-05-09T19:10:08.928+0000] {dagbag.py:588} INFO - Filling up the DagBag from /home/ec2-user/environment/lab4_model_training/venv/lib64/python3.12/site-packages/airflow/example_dags/example_trigger_target_dag.py
[2026-05-09T19:10:08.934+0000] {processor.py:925} INFO - DAG(s) 'example_trigger_target_dag' retrieved from /home/ec2-user/environment/lab4_model_training/venv/lib64/python3.12/site-packages/airflow/example_dags/example_trigger_target_dag.py
[2026-05-09T19:10:08.946+0000] {logging_mixin.py:190} INFO - [2026-05-09T19:10:08.945+0000] {dag.py:3239} INFO - Sync 1 DAGs
[2026-05-09T19:10:08.955+0000] {logging_mixin.py:190} INFO - [2026-05-09T19:10:08.955+0000] {dag.py:4180} INFO - Setting next_dagrun for example_trigger_target_dag to None, run_after=None
[2026-05-09T19:10:08.973+0000] {processor.py:208} INFO - Processing /home/ec2-user/environment/lab4_model_training/venv/lib64/python3.12/site-packages/airflow/example_dags/example_trigger_target_dag.py took 0.053 seconds
[2026-05-09T19:11:16.603+0000] {processor.py:186} INFO - Started process (PID=24311) to work on /home/ec2-user/environment/lab4_model_training/venv/lib64/python3.12/site-packages/airflow/example_dags/example_trigger_target_dag.py
[2026-05-09T19:11:16.604+0000] {processor.py:914} INFO - Processing file /home/ec2-user/environment/lab4_model_training/venv/lib64/python3.12/site-packages/airflow/example_dags/example_trigger_target_dag.py for tasks to queue
[2026-05-09T19:11:16.606+0000] {logging_mixin.py:190} INFO - [2026-05-09T19:11:16.606+0000] {dagbag.py:588} INFO - Filling up the DagBag from /home/ec2-user/environment/lab4_model_training/venv/lib64/python3.12/site-packages/airflow/example_dags/example_trigger_target_dag.py
[2026-05-09T19:11:16.613+0000] {processor.py:925} INFO - DAG(s) 'example_trigger_target_dag' retrieved from /home/ec2-user/environment/lab4_model_training/venv/lib64/python3.12/site-packages/airflow/example_dags/example_trigger_target_dag.py
[2026-05-09T19:11:16.624+0000] {logging_mixin.py:190} INFO - [2026-05-09T19:11:16.624+0000] {dag.py:3239} INFO - Sync 1 DAGs
[2026-05-09T19:11:16.633+0000] {logging_mixin.py:190} INFO - [2026-05-09T19:11:16.633+0000] {dag.py:4180} INFO - Setting next_dagrun for example_trigger_target_dag to None, run_after=None
[2026-05-09T19:11:16.652+0000] {processor.py:208} INFO - Processing /home/ec2-user/environment/lab4_model_training/venv/lib64/python3.12/site-packages/airflow/example_dags/example_trigger_target_dag.py took 0.054 seconds
[2026-05-09T19:12:24.100+0000] {processor.py:186} INFO - Started process (PID=24685) to work on /home/ec2-user/environment/lab4_model_training/venv/lib64/python3.12/site-packages/airflow/example_dags/example_trigger_target_dag.py
[2026-05-09T19:12:24.101+0000] {processor.py:914} INFO - Processing file /home/ec2-user/environment/lab4_model_training/venv/lib64/python3.12/site-packages/airflow/example_dags/example_trigger_target_dag.py for tasks to queue
[2026-05-09T19:12:24.103+0000] {logging_mixin.py:190} INFO - [2026-05-09T19:12:24.103+0000] {dagbag.py:588} INFO - Filling up the DagBag from /home/ec2-user/environment/lab4_model_training/venv/lib64/python3.12/site-packages/airflow/example_dags/example_trigger_target_dag.py
[2026-05-09T19:12:24.110+0000] {processor.py:925} INFO - DAG(s) 'example_trigger_target_dag' retrieved from /home/ec2-user/environment/lab4_model_training/venv/lib64/python3.12/site-packages/airflow/example_dags/example_trigger_target_dag.py
[2026-05-09T19:12:24.121+0000] {logging_mixin.py:190} INFO - [2026-05-09T19:12:24.120+0000] {dag.py:3239} INFO - Sync 1 DAGs
[2026-05-09T19:12:24.130+0000] {logging_mixin.py:190} INFO - [2026-05-09T19:12:24.130+0000] {dag.py:4180} INFO - Setting next_dagrun for example_trigger_target_dag to None, run_after=None
[2026-05-09T19:12:24.148+0000] {processor.py:208} INFO - Processing /home/ec2-user/environment/lab4_model_training/venv/lib64/python3.12/site-packages/airflow/example_dags/example_trigger_target_dag.py took 0.052 seconds
[2026-05-09T19:13:29.875+0000] {processor.py:186} INFO - Started process (PID=25014) to work on /home/ec2-user/environment/lab4_model_training/venv/lib64/python3.12/site-packages/airflow/example_dags/example_trigger_target_dag.py
[2026-05-09T19:13:29.876+0000] {processor.py:914} INFO - Processing file /home/ec2-user/environment/lab4_model_training/venv/lib64/python3.12/site-packages/airflow/example_dags/example_trigger_target_dag.py for tasks to queue
[2026-05-09T19:13:29.878+0000] {logging_mixin.py:190} INFO - [2026-05-09T19:13:29.878+0000] {dagbag.py:588} INFO - Filling up the DagBag from /home/ec2-user/environment/lab4_model_training/venv/lib64/python3.12/site-packages/airflow/example_dags/example_trigger_target_dag.py
[2026-05-09T19:13:29.886+0000] {processor.py:925} INFO - DAG(s) 'example_trigger_target_dag' retrieved from /home/ec2-user/environment/lab4_model_training/venv/lib64/python3.12/site-packages/airflow/example_dags/example_trigger_target_dag.py
[2026-05-09T19:13:29.899+0000] {logging_mixin.py:190} INFO - [2026-05-09T19:13:29.899+0000] {dag.py:3239} INFO - Sync 1 DAGs
[2026-05-09T19:13:29.909+0000] {logging_mixin.py:190} INFO - [2026-05-09T19:13:29.909+0000] {dag.py:4180} INFO - Setting next_dagrun for example_trigger_target_dag to None, run_after=None
[2026-05-09T19:13:29.930+0000] {processor.py:208} INFO - Processing /home/ec2-user/environment/lab4_model_training/venv/lib64/python3.12/site-packages/airflow/example_dags/example_trigger_target_dag.py took 0.059 seconds
[2026-05-09T19:14:34.600+0000] {processor.py:186} INFO - Started process (PID=25371) to work on /home/ec2-user/environment/lab4_model_training/venv/lib64/python3.12/site-packages/airflow/example_dags/example_trigger_target_dag.py
[2026-05-09T19:14:34.601+0000] {processor.py:914} INFO - Processing file /home/ec2-user/environment/lab4_model_training/venv/lib64/python3.12/site-packages/airflow/example_dags/example_trigger_target_dag.py for tasks to queue
[2026-05-09T19:14:34.602+0000] {logging_mixin.py:190} INFO - [2026-05-09T19:14:34.602+0000] {dagbag.py:588} INFO - Filling up the DagBag from /home/ec2-user/environment/lab4_model_training/venv/lib64/python3.12/site-packages/airflow/example_dags/example_trigger_target_dag.py
[2026-05-09T19:14:34.609+0000] {processor.py:925} INFO - DAG(s) 'example_trigger_target_dag' retrieved from /home/ec2-user/environment/lab4_model_training/venv/lib64/python3.12/site-packages/airflow/example_dags/example_trigger_target_dag.py
[2026-05-09T19:14:34.620+0000] {logging_mixin.py:190} INFO - [2026-05-09T19:14:34.620+0000] {dag.py:3239} INFO - Sync 1 DAGs
[2026-05-09T19:14:34.630+0000] {logging_mixin.py:190} INFO - [2026-05-09T19:14:34.629+0000] {dag.py:4180} INFO - Setting next_dagrun for example_trigger_target_dag to None, run_after=None
[2026-05-09T19:14:34.647+0000] {processor.py:208} INFO - Processing /home/ec2-user/environment/lab4_model_training/venv/lib64/python3.12/site-packages/airflow/example_dags/example_trigger_target_dag.py took 0.053 seconds
[2026-05-09T19:15:42.411+0000] {processor.py:186} INFO - Started process (PID=25698) to work on /home/ec2-user/environment/lab4_model_training/venv/lib64/python3.12/site-packages/airflow/example_dags/example_trigger_target_dag.py
[2026-05-09T19:15:42.412+0000] {processor.py:914} INFO - Processing file /home/ec2-user/environment/lab4_model_training/venv/lib64/python3.12/site-packages/airflow/example_dags/example_trigger_target_dag.py for tasks to queue
[2026-05-09T19:15:42.414+0000] {logging_mixin.py:190} INFO - [2026-05-09T19:15:42.414+0000] {dagbag.py:588} INFO - Filling up the DagBag from /home/ec2-user/environment/lab4_model_training/venv/lib64/python3.12/site-packages/airflow/example_dags/example_trigger_target_dag.py
[2026-05-09T19:15:42.423+0000] {processor.py:925} INFO - DAG(s) 'example_trigger_target_dag' retrieved from /home/ec2-user/environment/lab4_model_training/venv/lib64/python3.12/site-packages/airflow/example_dags/example_trigger_target_dag.py
[2026-05-09T19:15:42.438+0000] {logging_mixin.py:190} INFO - [2026-05-09T19:15:42.438+0000] {dag.py:3239} INFO - Sync 1 DAGs
[2026-05-09T19:15:42.449+0000] {logging_mixin.py:190} INFO - [2026-05-09T19:15:42.449+0000] {dag.py:4180} INFO - Setting next_dagrun for example_trigger_target_dag to None, run_after=None
[2026-05-09T19:15:42.469+0000] {processor.py:208} INFO - Processing /home/ec2-user/environment/lab4_model_training/venv/lib64/python3.12/site-packages/airflow/example_dags/example_trigger_target_dag.py took 0.062 seconds
[2026-05-09T19:16:48.459+0000] {processor.py:186} INFO - Started process (PID=25953) to work on /home/ec2-user/environment/lab4_model_training/venv/lib64/python3.12/site-packages/airflow/example_dags/example_trigger_target_dag.py
[2026-05-09T19:16:48.460+0000] {processor.py:914} INFO - Processing file /home/ec2-user/environment/lab4_model_training/venv/lib64/python3.12/site-packages/airflow/example_dags/example_trigger_target_dag.py for tasks to queue
[2026-05-09T19:16:48.462+0000] {logging_mixin.py:190} INFO - [2026-05-09T19:16:48.462+0000] {dagbag.py:588} INFO - Filling up the DagBag from /home/ec2-user/environment/lab4_model_training/venv/lib64/python3.12/site-packages/airflow/example_dags/example_trigger_target_dag.py
[2026-05-09T19:16:48.469+0000] {processor.py:925} INFO - DAG(s) 'example_trigger_target_dag' retrieved from /home/ec2-user/environment/lab4_model_training/venv/lib64/python3.12/site-packages/airflow/example_dags/example_trigger_target_dag.py
[2026-05-09T19:16:48.480+0000] {logging_mixin.py:190} INFO - [2026-05-09T19:16:48.480+0000] {dag.py:3239} INFO - Sync 1 DAGs
[2026-05-09T19:16:48.489+0000] {logging_mixin.py:190} INFO - [2026-05-09T19:16:48.489+0000] {dag.py:4180} INFO - Setting next_dagrun for example_trigger_target_dag to None, run_after=None
[2026-05-09T19:16:48.507+0000] {processor.py:208} INFO - Processing /home/ec2-user/environment/lab4_model_training/venv/lib64/python3.12/site-packages/airflow/example_dags/example_trigger_target_dag.py took 0.053 seconds
[2026-05-09T19:17:54.492+0000] {processor.py:186} INFO - Started process (PID=26429) to work on /home/ec2-user/environment/lab4_model_training/venv/lib64/python3.12/site-packages/airflow/example_dags/example_trigger_target_dag.py
[2026-05-09T19:17:54.494+0000] {processor.py:914} INFO - Processing file /home/ec2-user/environment/lab4_model_training/venv/lib64/python3.12/site-packages/airflow/example_dags/example_trigger_target_dag.py for tasks to queue
[2026-05-09T19:17:54.496+0000] {logging_mixin.py:190} INFO - [2026-05-09T19:17:54.496+0000] {dagbag.py:588} INFO - Filling up the DagBag from /home/ec2-user/environment/lab4_model_training/venv/lib64/python3.12/site-packages/airflow/example_dags/example_trigger_target_dag.py
[2026-05-09T19:17:54.504+0000] {processor.py:925} INFO - DAG(s) 'example_trigger_target_dag' retrieved from /home/ec2-user/environment/lab4_model_training/venv/lib64/python3.12/site-packages/airflow/example_dags/example_trigger_target_dag.py
[2026-05-09T19:17:54.517+0000] {logging_mixin.py:190} INFO - [2026-05-09T19:17:54.517+0000] {dag.py:3239} INFO - Sync 1 DAGs
[2026-05-09T19:17:54.528+0000] {logging_mixin.py:190} INFO - [2026-05-09T19:17:54.528+0000] {dag.py:4180} INFO - Setting next_dagrun for example_trigger_target_dag to None, run_after=None
[2026-05-09T19:17:54.548+0000] {processor.py:208} INFO - Processing /home/ec2-user/environment/lab4_model_training/venv/lib64/python3.12/site-packages/airflow/example_dags/example_trigger_target_dag.py took 0.060 seconds
[2026-05-09T19:18:57.548+0000] {processor.py:186} INFO - Started process (PID=26812) to work on /home/ec2-user/environment/lab4_model_training/venv/lib64/python3.12/site-packages/airflow/example_dags/example_trigger_target_dag.py
[2026-05-09T19:18:57.549+0000] {processor.py:914} INFO - Processing file /home/ec2-user/environment/lab4_model_training/venv/lib64/python3.12/site-packages/airflow/example_dags/example_trigger_target_dag.py for tasks to queue
[2026-05-09T19:18:57.551+0000] {logging_mixin.py:190} INFO - [2026-05-09T19:18:57.551+0000] {dagbag.py:588} INFO - Filling up the DagBag from /home/ec2-user/environment/lab4_model_training/venv/lib64/python3.12/site-packages/airflow/example_dags/example_trigger_target_dag.py
[2026-05-09T19:18:57.558+0000] {processor.py:925} INFO - DAG(s) 'example_trigger_target_dag' retrieved from /home/ec2-user/environment/lab4_model_training/venv/lib64/python3.12/site-packages/airflow/example_dags/example_trigger_target_dag.py
[2026-05-09T19:18:57.570+0000] {logging_mixin.py:190} INFO - [2026-05-09T19:18:57.570+0000] {dag.py:3239} INFO - Sync 1 DAGs
[2026-05-09T19:18:57.579+0000] {logging_mixin.py:190} INFO - [2026-05-09T19:18:57.579+0000] {dag.py:4180} INFO - Setting next_dagrun for example_trigger_target_dag to None, run_after=None
[2026-05-09T19:18:57.598+0000] {processor.py:208} INFO - Processing /home/ec2-user/environment/lab4_model_training/venv/lib64/python3.12/site-packages/airflow/example_dags/example_trigger_target_dag.py took 0.054 seconds
[2026-05-09T19:20:04.769+0000] {processor.py:186} INFO - Started process (PID=27286) to work on /home/ec2-user/environment/lab4_model_training/venv/lib64/python3.12/site-packages/airflow/example_dags/example_trigger_target_dag.py
[2026-05-09T19:20:04.770+0000] {processor.py:914} INFO - Processing file /home/ec2-user/environment/lab4_model_training/venv/lib64/python3.12/site-packages/airflow/example_dags/example_trigger_target_dag.py for tasks to queue
[2026-05-09T19:20:04.772+0000] {logging_mixin.py:190} INFO - [2026-05-09T19:20:04.772+0000] {dagbag.py:588} INFO - Filling up the DagBag from /home/ec2-user/environment/lab4_model_training/venv/lib64/python3.12/site-packages/airflow/example_dags/example_trigger_target_dag.py
[2026-05-09T19:20:04.778+0000] {processor.py:925} INFO - DAG(s) 'example_trigger_target_dag' retrieved from /home/ec2-user/environment/lab4_model_training/venv/lib64/python3.12/site-packages/airflow/example_dags/example_trigger_target_dag.py
[2026-05-09T19:20:04.790+0000] {logging_mixin.py:190} INFO - [2026-05-09T19:20:04.790+0000] {dag.py:3239} INFO - Sync 1 DAGs
[2026-05-09T19:20:04.800+0000] {logging_mixin.py:190} INFO - [2026-05-09T19:20:04.799+0000] {dag.py:4180} INFO - Setting next_dagrun for example_trigger_target_dag to None, run_after=None
[2026-05-09T19:20:04.818+0000] {processor.py:208} INFO - Processing /home/ec2-user/environment/lab4_model_training/venv/lib64/python3.12/site-packages/airflow/example_dags/example_trigger_target_dag.py took 0.053 seconds
[2026-05-09T19:21:09.047+0000] {processor.py:186} INFO - Started process (PID=27453) to work on /home/ec2-user/environment/lab4_model_training/venv/lib64/python3.12/site-packages/airflow/example_dags/example_trigger_target_dag.py
[2026-05-09T19:21:09.048+0000] {processor.py:914} INFO - Processing file /home/ec2-user/environment/lab4_model_training/venv/lib64/python3.12/site-packages/airflow/example_dags/example_trigger_target_dag.py for tasks to queue
[2026-05-09T19:21:09.050+0000] {logging_mixin.py:190} INFO - [2026-05-09T19:21:09.050+0000] {dagbag.py:588} INFO - Filling up the DagBag from /home/ec2-user/environment/lab4_model_training/venv/lib64/python3.12/site-packages/airflow/example_dags/example_trigger_target_dag.py
[2026-05-09T19:21:09.056+0000] {processor.py:925} INFO - DAG(s) 'example_trigger_target_dag' retrieved from /home/ec2-user/environment/lab4_model_training/venv/lib64/python3.12/site-packages/airflow/example_dags/example_trigger_target_dag.py
[2026-05-09T19:21:09.068+0000] {logging_mixin.py:190} INFO - [2026-05-09T19:21:09.068+0000] {dag.py:3239} INFO - Sync 1 DAGs
[2026-05-09T19:21:09.077+0000] {logging_mixin.py:190} INFO - [2026-05-09T19:21:09.077+0000] {dag.py:4180} INFO - Setting next_dagrun for example_trigger_target_dag to None, run_after=None
[2026-05-09T19:21:09.096+0000] {processor.py:208} INFO - Processing /home/ec2-user/environment/lab4_model_training/venv/lib64/python3.12/site-packages/airflow/example_dags/example_trigger_target_dag.py took 0.053 seconds
[2026-05-09T19:22:13.168+0000] {processor.py:186} INFO - Started process (PID=27665) to work on /home/ec2-user/environment/lab4_model_training/venv/lib64/python3.12/site-packages/airflow/example_dags/example_trigger_target_dag.py
[2026-05-09T19:22:13.169+0000] {processor.py:914} INFO - Processing file /home/ec2-user/environment/lab4_model_training/venv/lib64/python3.12/site-packages/airflow/example_dags/example_trigger_target_dag.py for tasks to queue
[2026-05-09T19:22:13.171+0000] {logging_mixin.py:190} INFO - [2026-05-09T19:22:13.171+0000] {dagbag.py:588} INFO - Filling up the DagBag from /home/ec2-user/environment/lab4_model_training/venv/lib64/python3.12/site-packages/airflow/example_dags/example_trigger_target_dag.py
[2026-05-09T19:22:13.178+0000] {processor.py:925} INFO - DAG(s) 'example_trigger_target_dag' retrieved from /home/ec2-user/environment/lab4_model_training/venv/lib64/python3.12/site-packages/airflow/example_dags/example_trigger_target_dag.py
[2026-05-09T19:22:13.188+0000] {logging_mixin.py:190} INFO - [2026-05-09T19:22:13.188+0000] {dag.py:3239} INFO - Sync 1 DAGs
[2026-05-09T19:22:13.198+0000] {logging_mixin.py:190} INFO - [2026-05-09T19:22:13.198+0000] {dag.py:4180} INFO - Setting next_dagrun for example_trigger_target_dag to None, run_after=None
[2026-05-09T19:22:13.215+0000] {processor.py:208} INFO - Processing /home/ec2-user/environment/lab4_model_training/venv/lib64/python3.12/site-packages/airflow/example_dags/example_trigger_target_dag.py took 0.051 seconds
[2026-05-09T19:23:23.552+0000] {processor.py:186} INFO - Started process (PID=27813) to work on /home/ec2-user/environment/lab4_model_training/venv/lib64/python3.12/site-packages/airflow/example_dags/example_trigger_target_dag.py
[2026-05-09T19:23:23.553+0000] {processor.py:914} INFO - Processing file /home/ec2-user/environment/lab4_model_training/venv/lib64/python3.12/site-packages/airflow/example_dags/example_trigger_target_dag.py for tasks to queue
[2026-05-09T19:23:23.554+0000] {logging_mixin.py:190} INFO - [2026-05-09T19:23:23.554+0000] {dagbag.py:588} INFO - Filling up the DagBag from /home/ec2-user/environment/lab4_model_training/venv/lib64/python3.12/site-packages/airflow/example_dags/example_trigger_target_dag.py
[2026-05-09T19:23:23.560+0000] {processor.py:925} INFO - DAG(s) 'example_trigger_target_dag' retrieved from /home/ec2-user/environment/lab4_model_training/venv/lib64/python3.12/site-packages/airflow/example_dags/example_trigger_target_dag.py
[2026-05-09T19:23:23.571+0000] {logging_mixin.py:190} INFO - [2026-05-09T19:23:23.571+0000] {dag.py:3239} INFO - Sync 1 DAGs
[2026-05-09T19:23:23.581+0000] {logging_mixin.py:190} INFO - [2026-05-09T19:23:23.581+0000] {dag.py:4180} INFO - Setting next_dagrun for example_trigger_target_dag to None, run_after=None
[2026-05-09T19:23:23.598+0000] {processor.py:208} INFO - Processing /home/ec2-user/environment/lab4_model_training/venv/lib64/python3.12/site-packages/airflow/example_dags/example_trigger_target_dag.py took 0.050 seconds
[2026-05-09T19:24:27.987+0000] {processor.py:186} INFO - Started process (PID=27901) to work on /home/ec2-user/environment/lab4_model_training/venv/lib64/python3.12/site-packages/airflow/example_dags/example_trigger_target_dag.py
[2026-05-09T19:24:27.988+0000] {processor.py:914} INFO - Processing file /home/ec2-user/environment/lab4_model_training/venv/lib64/python3.12/site-packages/airflow/example_dags/example_trigger_target_dag.py for tasks to queue
[2026-05-09T19:24:27.990+0000] {logging_mixin.py:190} INFO - [2026-05-09T19:24:27.990+0000] {dagbag.py:588} INFO - Filling up the DagBag from /home/ec2-user/environment/lab4_model_training/venv/lib64/python3.12/site-packages/airflow/example_dags/example_trigger_target_dag.py
[2026-05-09T19:24:27.996+0000] {processor.py:925} INFO - DAG(s) 'example_trigger_target_dag' retrieved from /home/ec2-user/environment/lab4_model_training/venv/lib64/python3.12/site-packages/airflow/example_dags/example_trigger_target_dag.py
[2026-05-09T19:24:28.008+0000] {logging_mixin.py:190} INFO - [2026-05-09T19:24:28.008+0000] {dag.py:3239} INFO - Sync 1 DAGs
[2026-05-09T19:24:28.017+0000] {logging_mixin.py:190} INFO - [2026-05-09T19:24:28.016+0000] {dag.py:4180} INFO - Setting next_dagrun for example_trigger_target_dag to None, run_after=None
[2026-05-09T19:24:28.034+0000] {processor.py:208} INFO - Processing /home/ec2-user/environment/lab4_model_training/venv/lib64/python3.12/site-packages/airflow/example_dags/example_trigger_target_dag.py took 0.051 seconds
[2026-05-09T19:25:29.624+0000] {processor.py:186} INFO - Started process (PID=28032) to work on /home/ec2-user/environment/lab4_model_training/venv/lib64/python3.12/site-packages/airflow/example_dags/example_trigger_target_dag.py
[2026-05-09T19:25:29.625+0000] {processor.py:914} INFO - Processing file /home/ec2-user/environment/lab4_model_training/venv/lib64/python3.12/site-packages/airflow/example_dags/example_trigger_target_dag.py for tasks to queue
[2026-05-09T19:25:29.626+0000] {logging_mixin.py:190} INFO - [2026-05-09T19:25:29.626+0000] {dagbag.py:588} INFO - Filling up the DagBag from /home/ec2-user/environment/lab4_model_training/venv/lib64/python3.12/site-packages/airflow/example_dags/example_trigger_target_dag.py
[2026-05-09T19:25:29.633+0000] {processor.py:925} INFO - DAG(s) 'example_trigger_target_dag' retrieved from /home/ec2-user/environment/lab4_model_training/venv/lib64/python3.12/site-packages/airflow/example_dags/example_trigger_target_dag.py
[2026-05-09T19:25:29.644+0000] {logging_mixin.py:190} INFO - [2026-05-09T19:25:29.644+0000] {dag.py:3239} INFO - Sync 1 DAGs
[2026-05-09T19:25:29.653+0000] {logging_mixin.py:190} INFO - [2026-05-09T19:25:29.653+0000] {dag.py:4180} INFO - Setting next_dagrun for example_trigger_target_dag to None, run_after=None
[2026-05-09T19:25:29.671+0000] {processor.py:208} INFO - Processing /home/ec2-user/environment/lab4_model_training/venv/lib64/python3.12/site-packages/airflow/example_dags/example_trigger_target_dag.py took 0.052 seconds
[2026-05-09T19:26:31.101+0000] {processor.py:186} INFO - Started process (PID=28115) to work on /home/ec2-user/environment/lab4_model_training/venv/lib64/python3.12/site-packages/airflow/example_dags/example_trigger_target_dag.py
[2026-05-09T19:26:31.103+0000] {processor.py:914} INFO - Processing file /home/ec2-user/environment/lab4_model_training/venv/lib64/python3.12/site-packages/airflow/example_dags/example_trigger_target_dag.py for tasks to queue
[2026-05-09T19:26:31.104+0000] {logging_mixin.py:190} INFO - [2026-05-09T19:26:31.104+0000] {dagbag.py:588} INFO - Filling up the DagBag from /home/ec2-user/environment/lab4_model_training/venv/lib64/python3.12/site-packages/airflow/example_dags/example_trigger_target_dag.py
[2026-05-09T19:26:31.111+0000] {processor.py:925} INFO - DAG(s) 'example_trigger_target_dag' retrieved from /home/ec2-user/environment/lab4_model_training/venv/lib64/python3.12/site-packages/airflow/example_dags/example_trigger_target_dag.py
[2026-05-09T19:26:31.122+0000] {logging_mixin.py:190} INFO - [2026-05-09T19:26:31.122+0000] {dag.py:3239} INFO - Sync 1 DAGs
[2026-05-09T19:26:31.131+0000] {logging_mixin.py:190} INFO - [2026-05-09T19:26:31.131+0000] {dag.py:4180} INFO - Setting next_dagrun for example_trigger_target_dag to None, run_after=None
[2026-05-09T19:26:31.149+0000] {processor.py:208} INFO - Processing /home/ec2-user/environment/lab4_model_training/venv/lib64/python3.12/site-packages/airflow/example_dags/example_trigger_target_dag.py took 0.052 seconds
[2026-05-09T19:27:32.620+0000] {processor.py:186} INFO - Started process (PID=28248) to work on /home/ec2-user/environment/lab4_model_training/venv/lib64/python3.12/site-packages/airflow/example_dags/example_trigger_target_dag.py
[2026-05-09T19:27:32.621+0000] {processor.py:914} INFO - Processing file /home/ec2-user/environment/lab4_model_training/venv/lib64/python3.12/site-packages/airflow/example_dags/example_trigger_target_dag.py for tasks to queue
[2026-05-09T19:27:32.622+0000] {logging_mixin.py:190} INFO - [2026-05-09T19:27:32.622+0000] {dagbag.py:588} INFO - Filling up the DagBag from /home/ec2-user/environment/lab4_model_training/venv/lib64/python3.12/site-packages/airflow/example_dags/example_trigger_target_dag.py
[2026-05-09T19:27:32.629+0000] {processor.py:925} INFO - DAG(s) 'example_trigger_target_dag' retrieved from /home/ec2-user/environment/lab4_model_training/venv/lib64/python3.12/site-packages/airflow/example_dags/example_trigger_target_dag.py
[2026-05-09T19:27:32.640+0000] {logging_mixin.py:190} INFO - [2026-05-09T19:27:32.640+0000] {dag.py:3239} INFO - Sync 1 DAGs
[2026-05-09T19:27:32.649+0000] {logging_mixin.py:190} INFO - [2026-05-09T19:27:32.649+0000] {dag.py:4180} INFO - Setting next_dagrun for example_trigger_target_dag to None, run_after=None
[2026-05-09T19:27:32.667+0000] {processor.py:208} INFO - Processing /home/ec2-user/environment/lab4_model_training/venv/lib64/python3.12/site-packages/airflow/example_dags/example_trigger_target_dag.py took 0.052 seconds
[2026-05-09T19:28:33.959+0000] {processor.py:186} INFO - Started process (PID=28338) to work on /home/ec2-user/environment/lab4_model_training/venv/lib64/python3.12/site-packages/airflow/example_dags/example_trigger_target_dag.py
[2026-05-09T19:28:33.961+0000] {processor.py:914} INFO - Processing file /home/ec2-user/environment/lab4_model_training/venv/lib64/python3.12/site-packages/airflow/example_dags/example_trigger_target_dag.py for tasks to queue
[2026-05-09T19:28:33.962+0000] {logging_mixin.py:190} INFO - [2026-05-09T19:28:33.962+0000] {dagbag.py:588} INFO - Filling up the DagBag from /home/ec2-user/environment/lab4_model_training/venv/lib64/python3.12/site-packages/airflow/example_dags/example_trigger_target_dag.py
[2026-05-09T19:28:33.968+0000] {processor.py:925} INFO - DAG(s) 'example_trigger_target_dag' retrieved from /home/ec2-user/environment/lab4_model_training/venv/lib64/python3.12/site-packages/airflow/example_dags/example_trigger_target_dag.py
[2026-05-09T19:28:33.979+0000] {logging_mixin.py:190} INFO - [2026-05-09T19:28:33.979+0000] {dag.py:3239} INFO - Sync 1 DAGs
[2026-05-09T19:28:33.988+0000] {logging_mixin.py:190} INFO - [2026-05-09T19:28:33.988+0000] {dag.py:4180} INFO - Setting next_dagrun for example_trigger_target_dag to None, run_after=None
[2026-05-09T19:28:34.005+0000] {processor.py:208} INFO - Processing /home/ec2-user/environment/lab4_model_training/venv/lib64/python3.12/site-packages/airflow/example_dags/example_trigger_target_dag.py took 0.050 seconds
[2026-05-09T19:29:34.078+0000] {processor.py:186} INFO - Started process (PID=28468) to work on /home/ec2-user/environment/lab4_model_training/venv/lib64/python3.12/site-packages/airflow/example_dags/example_trigger_target_dag.py
[2026-05-09T19:29:34.079+0000] {processor.py:914} INFO - Processing file /home/ec2-user/environment/lab4_model_training/venv/lib64/python3.12/site-packages/airflow/example_dags/example_trigger_target_dag.py for tasks to queue
[2026-05-09T19:29:34.080+0000] {logging_mixin.py:190} INFO - [2026-05-09T19:29:34.080+0000] {dagbag.py:588} INFO - Filling up the DagBag from /home/ec2-user/environment/lab4_model_training/venv/lib64/python3.12/site-packages/airflow/example_dags/example_trigger_target_dag.py
[2026-05-09T19:29:34.087+0000] {processor.py:925} INFO - DAG(s) 'example_trigger_target_dag' retrieved from /home/ec2-user/environment/lab4_model_training/venv/lib64/python3.12/site-packages/airflow/example_dags/example_trigger_target_dag.py
[2026-05-09T19:29:34.098+0000] {logging_mixin.py:190} INFO - [2026-05-09T19:29:34.098+0000] {dag.py:3239} INFO - Sync 1 DAGs
[2026-05-09T19:29:34.107+0000] {logging_mixin.py:190} INFO - [2026-05-09T19:29:34.107+0000] {dag.py:4180} INFO - Setting next_dagrun for example_trigger_target_dag to None, run_after=None
[2026-05-09T19:29:34.124+0000] {processor.py:208} INFO - Processing /home/ec2-user/environment/lab4_model_training/venv/lib64/python3.12/site-packages/airflow/example_dags/example_trigger_target_dag.py took 0.051 seconds
[2026-05-09T19:30:39.587+0000] {processor.py:186} INFO - Started process (PID=29127) to work on /home/ec2-user/environment/lab4_model_training/venv/lib64/python3.12/site-packages/airflow/example_dags/example_trigger_target_dag.py
[2026-05-09T19:30:39.588+0000] {processor.py:914} INFO - Processing file /home/ec2-user/environment/lab4_model_training/venv/lib64/python3.12/site-packages/airflow/example_dags/example_trigger_target_dag.py for tasks to queue
[2026-05-09T19:30:39.590+0000] {logging_mixin.py:190} INFO - [2026-05-09T19:30:39.590+0000] {dagbag.py:588} INFO - Filling up the DagBag from /home/ec2-user/environment/lab4_model_training/venv/lib64/python3.12/site-packages/airflow/example_dags/example_trigger_target_dag.py
[2026-05-09T19:30:39.596+0000] {processor.py:925} INFO - DAG(s) 'example_trigger_target_dag' retrieved from /home/ec2-user/environment/lab4_model_training/venv/lib64/python3.12/site-packages/airflow/example_dags/example_trigger_target_dag.py
[2026-05-09T19:30:39.608+0000] {logging_mixin.py:190} INFO - [2026-05-09T19:30:39.607+0000] {dag.py:3239} INFO - Sync 1 DAGs
[2026-05-09T19:30:39.617+0000] {logging_mixin.py:190} INFO - [2026-05-09T19:30:39.617+0000] {dag.py:4180} INFO - Setting next_dagrun for example_trigger_target_dag to None, run_after=None
[2026-05-09T19:30:39.636+0000] {processor.py:208} INFO - Processing /home/ec2-user/environment/lab4_model_training/venv/lib64/python3.12/site-packages/airflow/example_dags/example_trigger_target_dag.py took 0.054 seconds
[2026-05-09T19:31:44.437+0000] {processor.py:186} INFO - Started process (PID=29629) to work on /home/ec2-user/environment/lab4_model_training/venv/lib64/python3.12/site-packages/airflow/example_dags/example_trigger_target_dag.py
[2026-05-09T19:31:44.439+0000] {processor.py:914} INFO - Processing file /home/ec2-user/environment/lab4_model_training/venv/lib64/python3.12/site-packages/airflow/example_dags/example_trigger_target_dag.py for tasks to queue
[2026-05-09T19:31:44.441+0000] {logging_mixin.py:190} INFO - [2026-05-09T19:31:44.441+0000] {dagbag.py:588} INFO - Filling up the DagBag from /home/ec2-user/environment/lab4_model_training/venv/lib64/python3.12/site-packages/airflow/example_dags/example_trigger_target_dag.py
[2026-05-09T19:31:44.447+0000] {processor.py:925} INFO - DAG(s) 'example_trigger_target_dag' retrieved from /home/ec2-user/environment/lab4_model_training/venv/lib64/python3.12/site-packages/airflow/example_dags/example_trigger_target_dag.py
[2026-05-09T19:31:44.459+0000] {logging_mixin.py:190} INFO - [2026-05-09T19:31:44.459+0000] {dag.py:3239} INFO - Sync 1 DAGs
[2026-05-09T19:31:44.470+0000] {logging_mixin.py:190} INFO - [2026-05-09T19:31:44.470+0000] {dag.py:4180} INFO - Setting next_dagrun for example_trigger_target_dag to None, run_after=None
[2026-05-09T19:31:44.489+0000] {processor.py:208} INFO - Processing /home/ec2-user/environment/lab4_model_training/venv/lib64/python3.12/site-packages/airflow/example_dags/example_trigger_target_dag.py took 0.055 seconds
[2026-05-09T19:32:44.194+0000] {processor.py:186} INFO - Started process (PID=30046) to work on /home/ec2-user/environment/lab4_model_training/venv/lib64/python3.12/site-packages/airflow/example_dags/example_trigger_target_dag.py
[2026-05-09T19:32:44.195+0000] {processor.py:914} INFO - Processing file /home/ec2-user/environment/lab4_model_training/venv/lib64/python3.12/site-packages/airflow/example_dags/example_trigger_target_dag.py for tasks to queue
[2026-05-09T19:32:44.197+0000] {logging_mixin.py:190} INFO - [2026-05-09T19:32:44.197+0000] {dagbag.py:588} INFO - Filling up the DagBag from /home/ec2-user/environment/lab4_model_training/venv/lib64/python3.12/site-packages/airflow/example_dags/example_trigger_target_dag.py
[2026-05-09T19:32:44.203+0000] {processor.py:925} INFO - DAG(s) 'example_trigger_target_dag' retrieved from /home/ec2-user/environment/lab4_model_training/venv/lib64/python3.12/site-packages/airflow/example_dags/example_trigger_target_dag.py
[2026-05-09T19:32:44.215+0000] {logging_mixin.py:190} INFO - [2026-05-09T19:32:44.214+0000] {dag.py:3239} INFO - Sync 1 DAGs
[2026-05-09T19:32:44.224+0000] {logging_mixin.py:190} INFO - [2026-05-09T19:32:44.224+0000] {dag.py:4180} INFO - Setting next_dagrun for example_trigger_target_dag to None, run_after=None
[2026-05-09T19:32:44.243+0000] {processor.py:208} INFO - Processing /home/ec2-user/environment/lab4_model_training/venv/lib64/python3.12/site-packages/airflow/example_dags/example_trigger_target_dag.py took 0.053 seconds
[2026-05-09T19:33:49.055+0000] {processor.py:186} INFO - Started process (PID=30486) to work on /home/ec2-user/environment/lab4_model_training/venv/lib64/python3.12/site-packages/airflow/example_dags/example_trigger_target_dag.py
[2026-05-09T19:33:49.056+0000] {processor.py:914} INFO - Processing file /home/ec2-user/environment/lab4_model_training/venv/lib64/python3.12/site-packages/airflow/example_dags/example_trigger_target_dag.py for tasks to queue
[2026-05-09T19:33:49.058+0000] {logging_mixin.py:190} INFO - [2026-05-09T19:33:49.058+0000] {dagbag.py:588} INFO - Filling up the DagBag from /home/ec2-user/environment/lab4_model_training/venv/lib64/python3.12/site-packages/airflow/example_dags/example_trigger_target_dag.py
[2026-05-09T19:33:49.065+0000] {processor.py:925} INFO - DAG(s) 'example_trigger_target_dag' retrieved from /home/ec2-user/environment/lab4_model_training/venv/lib64/python3.12/site-packages/airflow/example_dags/example_trigger_target_dag.py
[2026-05-09T19:33:49.076+0000] {logging_mixin.py:190} INFO - [2026-05-09T19:33:49.076+0000] {dag.py:3239} INFO - Sync 1 DAGs
[2026-05-09T19:33:49.086+0000] {logging_mixin.py:190} INFO - [2026-05-09T19:33:49.086+0000] {dag.py:4180} INFO - Setting next_dagrun for example_trigger_target_dag to None, run_after=None
[2026-05-09T19:33:49.104+0000] {processor.py:208} INFO - Processing /home/ec2-user/environment/lab4_model_training/venv/lib64/python3.12/site-packages/airflow/example_dags/example_trigger_target_dag.py took 0.053 seconds
[2026-05-09T19:34:57.910+0000] {processor.py:186} INFO - Started process (PID=30865) to work on /home/ec2-user/environment/lab4_model_training/venv/lib64/python3.12/site-packages/airflow/example_dags/example_trigger_target_dag.py
[2026-05-09T19:34:57.912+0000] {processor.py:914} INFO - Processing file /home/ec2-user/environment/lab4_model_training/venv/lib64/python3.12/site-packages/airflow/example_dags/example_trigger_target_dag.py for tasks to queue
[2026-05-09T19:34:57.914+0000] {logging_mixin.py:190} INFO - [2026-05-09T19:34:57.914+0000] {dagbag.py:588} INFO - Filling up the DagBag from /home/ec2-user/environment/lab4_model_training/venv/lib64/python3.12/site-packages/airflow/example_dags/example_trigger_target_dag.py
[2026-05-09T19:34:57.922+0000] {processor.py:925} INFO - DAG(s) 'example_trigger_target_dag' retrieved from /home/ec2-user/environment/lab4_model_training/venv/lib64/python3.12/site-packages/airflow/example_dags/example_trigger_target_dag.py
[2026-05-09T19:34:57.937+0000] {logging_mixin.py:190} INFO - [2026-05-09T19:34:57.937+0000] {dag.py:3239} INFO - Sync 1 DAGs
[2026-05-09T19:34:57.951+0000] {logging_mixin.py:190} INFO - [2026-05-09T19:34:57.951+0000] {dag.py:4180} INFO - Setting next_dagrun for example_trigger_target_dag to None, run_after=None
[2026-05-09T19:34:57.974+0000] {processor.py:208} INFO - Processing /home/ec2-user/environment/lab4_model_training/venv/lib64/python3.12/site-packages/airflow/example_dags/example_trigger_target_dag.py took 0.067 seconds
[2026-05-09T19:36:04.457+0000] {processor.py:186} INFO - Started process (PID=31397) to work on /home/ec2-user/environment/lab4_model_training/venv/lib64/python3.12/site-packages/airflow/example_dags/example_trigger_target_dag.py
[2026-05-09T19:36:04.458+0000] {processor.py:914} INFO - Processing file /home/ec2-user/environment/lab4_model_training/venv/lib64/python3.12/site-packages/airflow/example_dags/example_trigger_target_dag.py for tasks to queue
[2026-05-09T19:36:04.461+0000] {logging_mixin.py:190} INFO - [2026-05-09T19:36:04.461+0000] {dagbag.py:588} INFO - Filling up the DagBag from /home/ec2-user/environment/lab4_model_training/venv/lib64/python3.12/site-packages/airflow/example_dags/example_trigger_target_dag.py
[2026-05-09T19:36:04.468+0000] {processor.py:925} INFO - DAG(s) 'example_trigger_target_dag' retrieved from /home/ec2-user/environment/lab4_model_training/venv/lib64/python3.12/site-packages/airflow/example_dags/example_trigger_target_dag.py
[2026-05-09T19:36:04.478+0000] {logging_mixin.py:190} INFO - [2026-05-09T19:36:04.478+0000] {dag.py:3239} INFO - Sync 1 DAGs
[2026-05-09T19:36:04.488+0000] {logging_mixin.py:190} INFO - [2026-05-09T19:36:04.488+0000] {dag.py:4180} INFO - Setting next_dagrun for example_trigger_target_dag to None, run_after=None
[2026-05-09T19:36:04.508+0000] {processor.py:208} INFO - Processing /home/ec2-user/environment/lab4_model_training/venv/lib64/python3.12/site-packages/airflow/example_dags/example_trigger_target_dag.py took 0.055 seconds
[2026-05-09T19:37:08.287+0000] {processor.py:186} INFO - Started process (PID=31785) to work on /home/ec2-user/environment/lab4_model_training/venv/lib64/python3.12/site-packages/airflow/example_dags/example_trigger_target_dag.py
[2026-05-09T19:37:08.288+0000] {processor.py:914} INFO - Processing file /home/ec2-user/environment/lab4_model_training/venv/lib64/python3.12/site-packages/airflow/example_dags/example_trigger_target_dag.py for tasks to queue
[2026-05-09T19:37:08.290+0000] {logging_mixin.py:190} INFO - [2026-05-09T19:37:08.290+0000] {dagbag.py:588} INFO - Filling up the DagBag from /home/ec2-user/environment/lab4_model_training/venv/lib64/python3.12/site-packages/airflow/example_dags/example_trigger_target_dag.py
[2026-05-09T19:37:08.297+0000] {processor.py:925} INFO - DAG(s) 'example_trigger_target_dag' retrieved from /home/ec2-user/environment/lab4_model_training/venv/lib64/python3.12/site-packages/airflow/example_dags/example_trigger_target_dag.py
[2026-05-09T19:37:08.308+0000] {logging_mixin.py:190} INFO - [2026-05-09T19:37:08.308+0000] {dag.py:3239} INFO - Sync 1 DAGs
[2026-05-09T19:37:08.318+0000] {logging_mixin.py:190} INFO - [2026-05-09T19:37:08.318+0000] {dag.py:4180} INFO - Setting next_dagrun for example_trigger_target_dag to None, run_after=None
[2026-05-09T19:37:08.336+0000] {processor.py:208} INFO - Processing /home/ec2-user/environment/lab4_model_training/venv/lib64/python3.12/site-packages/airflow/example_dags/example_trigger_target_dag.py took 0.053 seconds
[2026-05-09T19:38:12.847+0000] {processor.py:186} INFO - Started process (PID=32030) to work on /home/ec2-user/environment/lab4_model_training/venv/lib64/python3.12/site-packages/airflow/example_dags/example_trigger_target_dag.py
[2026-05-09T19:38:12.848+0000] {processor.py:914} INFO - Processing file /home/ec2-user/environment/lab4_model_training/venv/lib64/python3.12/site-packages/airflow/example_dags/example_trigger_target_dag.py for tasks to queue
[2026-05-09T19:38:12.850+0000] {logging_mixin.py:190} INFO - [2026-05-09T19:38:12.849+0000] {dagbag.py:588} INFO - Filling up the DagBag from /home/ec2-user/environment/lab4_model_training/venv/lib64/python3.12/site-packages/airflow/example_dags/example_trigger_target_dag.py
[2026-05-09T19:38:12.856+0000] {processor.py:925} INFO - DAG(s) 'example_trigger_target_dag' retrieved from /home/ec2-user/environment/lab4_model_training/venv/lib64/python3.12/site-packages/airflow/example_dags/example_trigger_target_dag.py
[2026-05-09T19:38:12.868+0000] {logging_mixin.py:190} INFO - [2026-05-09T19:38:12.868+0000] {dag.py:3239} INFO - Sync 1 DAGs
[2026-05-09T19:38:12.878+0000] {logging_mixin.py:190} INFO - [2026-05-09T19:38:12.878+0000] {dag.py:4180} INFO - Setting next_dagrun for example_trigger_target_dag to None, run_after=None
[2026-05-09T19:38:12.896+0000] {processor.py:208} INFO - Processing /home/ec2-user/environment/lab4_model_training/venv/lib64/python3.12/site-packages/airflow/example_dags/example_trigger_target_dag.py took 0.054 seconds
[2026-05-09T19:39:21.842+0000] {processor.py:186} INFO - Started process (PID=32210) to work on /home/ec2-user/environment/lab4_model_training/venv/lib64/python3.12/site-packages/airflow/example_dags/example_trigger_target_dag.py
[2026-05-09T19:39:21.843+0000] {processor.py:914} INFO - Processing file /home/ec2-user/environment/lab4_model_training/venv/lib64/python3.12/site-packages/airflow/example_dags/example_trigger_target_dag.py for tasks to queue
[2026-05-09T19:39:21.845+0000] {logging_mixin.py:190} INFO - [2026-05-09T19:39:21.845+0000] {dagbag.py:588} INFO - Filling up the DagBag from /home/ec2-user/environment/lab4_model_training/venv/lib64/python3.12/site-packages/airflow/example_dags/example_trigger_target_dag.py
[2026-05-09T19:39:21.852+0000] {processor.py:925} INFO - DAG(s) 'example_trigger_target_dag' retrieved from /home/ec2-user/environment/lab4_model_training/venv/lib64/python3.12/site-packages/airflow/example_dags/example_trigger_target_dag.py
[2026-05-09T19:39:21.863+0000] {logging_mixin.py:190} INFO - [2026-05-09T19:39:21.863+0000] {dag.py:3239} INFO - Sync 1 DAGs
[2026-05-09T19:39:21.873+0000] {logging_mixin.py:190} INFO - [2026-05-09T19:39:21.873+0000] {dag.py:4180} INFO - Setting next_dagrun for example_trigger_target_dag to None, run_after=None
[2026-05-09T19:39:21.890+0000] {processor.py:208} INFO - Processing /home/ec2-user/environment/lab4_model_training/venv/lib64/python3.12/site-packages/airflow/example_dags/example_trigger_target_dag.py took 0.053 seconds
[2026-05-09T19:40:30.567+0000] {processor.py:186} INFO - Started process (PID=32353) to work on /home/ec2-user/environment/lab4_model_training/venv/lib64/python3.12/site-packages/airflow/example_dags/example_trigger_target_dag.py
[2026-05-09T19:40:30.568+0000] {processor.py:914} INFO - Processing file /home/ec2-user/environment/lab4_model_training/venv/lib64/python3.12/site-packages/airflow/example_dags/example_trigger_target_dag.py for tasks to queue
[2026-05-09T19:40:30.569+0000] {logging_mixin.py:190} INFO - [2026-05-09T19:40:30.569+0000] {dagbag.py:588} INFO - Filling up the DagBag from /home/ec2-user/environment/lab4_model_training/venv/lib64/python3.12/site-packages/airflow/example_dags/example_trigger_target_dag.py
[2026-05-09T19:40:30.576+0000] {processor.py:925} INFO - DAG(s) 'example_trigger_target_dag' retrieved from /home/ec2-user/environment/lab4_model_training/venv/lib64/python3.12/site-packages/airflow/example_dags/example_trigger_target_dag.py
[2026-05-09T19:40:30.588+0000] {logging_mixin.py:190} INFO - [2026-05-09T19:40:30.588+0000] {dag.py:3239} INFO - Sync 1 DAGs
[2026-05-09T19:40:30.597+0000] {logging_mixin.py:190} INFO - [2026-05-09T19:40:30.597+0000] {dag.py:4180} INFO - Setting next_dagrun for example_trigger_target_dag to None, run_after=None
[2026-05-09T19:40:30.616+0000] {processor.py:208} INFO - Processing /home/ec2-user/environment/lab4_model_training/venv/lib64/python3.12/site-packages/airflow/example_dags/example_trigger_target_dag.py took 0.053 seconds
[2026-05-09T19:41:37.813+0000] {processor.py:186} INFO - Started process (PID=32446) to work on /home/ec2-user/environment/lab4_model_training/venv/lib64/python3.12/site-packages/airflow/example_dags/example_trigger_target_dag.py
[2026-05-09T19:41:37.814+0000] {processor.py:914} INFO - Processing file /home/ec2-user/environment/lab4_model_training/venv/lib64/python3.12/site-packages/airflow/example_dags/example_trigger_target_dag.py for tasks to queue
[2026-05-09T19:41:37.817+0000] {logging_mixin.py:190} INFO - [2026-05-09T19:41:37.817+0000] {dagbag.py:588} INFO - Filling up the DagBag from /home/ec2-user/environment/lab4_model_training/venv/lib64/python3.12/site-packages/airflow/example_dags/example_trigger_target_dag.py
[2026-05-09T19:41:37.825+0000] {processor.py:925} INFO - DAG(s) 'example_trigger_target_dag' retrieved from /home/ec2-user/environment/lab4_model_training/venv/lib64/python3.12/site-packages/airflow/example_dags/example_trigger_target_dag.py
[2026-05-09T19:41:37.840+0000] {logging_mixin.py:190} INFO - [2026-05-09T19:41:37.840+0000] {dag.py:3239} INFO - Sync 1 DAGs
[2026-05-09T19:41:37.854+0000] {logging_mixin.py:190} INFO - [2026-05-09T19:41:37.854+0000] {dag.py:4180} INFO - Setting next_dagrun for example_trigger_target_dag to None, run_after=None
[2026-05-09T19:41:37.875+0000] {processor.py:208} INFO - Processing /home/ec2-user/environment/lab4_model_training/venv/lib64/python3.12/site-packages/airflow/example_dags/example_trigger_target_dag.py took 0.066 seconds
[2026-05-09T19:42:45.619+0000] {processor.py:186} INFO - Started process (PID=32587) to work on /home/ec2-user/environment/lab4_model_training/venv/lib64/python3.12/site-packages/airflow/example_dags/example_trigger_target_dag.py
[2026-05-09T19:42:45.620+0000] {processor.py:914} INFO - Processing file /home/ec2-user/environment/lab4_model_training/venv/lib64/python3.12/site-packages/airflow/example_dags/example_trigger_target_dag.py for tasks to queue
[2026-05-09T19:42:45.622+0000] {logging_mixin.py:190} INFO - [2026-05-09T19:42:45.622+0000] {dagbag.py:588} INFO - Filling up the DagBag from /home/ec2-user/environment/lab4_model_training/venv/lib64/python3.12/site-packages/airflow/example_dags/example_trigger_target_dag.py
[2026-05-09T19:42:45.629+0000] {processor.py:925} INFO - DAG(s) 'example_trigger_target_dag' retrieved from /home/ec2-user/environment/lab4_model_training/venv/lib64/python3.12/site-packages/airflow/example_dags/example_trigger_target_dag.py
[2026-05-09T19:42:45.640+0000] {logging_mixin.py:190} INFO - [2026-05-09T19:42:45.640+0000] {dag.py:3239} INFO - Sync 1 DAGs
[2026-05-09T19:42:45.650+0000] {logging_mixin.py:190} INFO - [2026-05-09T19:42:45.650+0000] {dag.py:4180} INFO - Setting next_dagrun for example_trigger_target_dag to None, run_after=None
[2026-05-09T19:42:45.668+0000] {processor.py:208} INFO - Processing /home/ec2-user/environment/lab4_model_training/venv/lib64/python3.12/site-packages/airflow/example_dags/example_trigger_target_dag.py took 0.053 seconds
[2026-05-09T19:43:51.106+0000] {processor.py:186} INFO - Started process (PID=32979) to work on /home/ec2-user/environment/lab4_model_training/venv/lib64/python3.12/site-packages/airflow/example_dags/example_trigger_target_dag.py
[2026-05-09T19:43:51.107+0000] {processor.py:914} INFO - Processing file /home/ec2-user/environment/lab4_model_training/venv/lib64/python3.12/site-packages/airflow/example_dags/example_trigger_target_dag.py for tasks to queue
[2026-05-09T19:43:51.109+0000] {logging_mixin.py:190} INFO - [2026-05-09T19:43:51.108+0000] {dagbag.py:588} INFO - Filling up the DagBag from /home/ec2-user/environment/lab4_model_training/venv/lib64/python3.12/site-packages/airflow/example_dags/example_trigger_target_dag.py
[2026-05-09T19:43:51.115+0000] {processor.py:925} INFO - DAG(s) 'example_trigger_target_dag' retrieved from /home/ec2-user/environment/lab4_model_training/venv/lib64/python3.12/site-packages/airflow/example_dags/example_trigger_target_dag.py
[2026-05-09T19:43:51.126+0000] {logging_mixin.py:190} INFO - [2026-05-09T19:43:51.126+0000] {dag.py:3239} INFO - Sync 1 DAGs
[2026-05-09T19:43:51.135+0000] {logging_mixin.py:190} INFO - [2026-05-09T19:43:51.135+0000] {dag.py:4180} INFO - Setting next_dagrun for example_trigger_target_dag to None, run_after=None
[2026-05-09T19:43:51.153+0000] {processor.py:208} INFO - Processing /home/ec2-user/environment/lab4_model_training/venv/lib64/python3.12/site-packages/airflow/example_dags/example_trigger_target_dag.py took 0.051 seconds
[2026-05-09T19:44:57.881+0000] {processor.py:186} INFO - Started process (PID=33143) to work on /home/ec2-user/environment/lab4_model_training/venv/lib64/python3.12/site-packages/airflow/example_dags/example_trigger_target_dag.py
[2026-05-09T19:44:57.883+0000] {processor.py:914} INFO - Processing file /home/ec2-user/environment/lab4_model_training/venv/lib64/python3.12/site-packages/airflow/example_dags/example_trigger_target_dag.py for tasks to queue
[2026-05-09T19:44:57.884+0000] {logging_mixin.py:190} INFO - [2026-05-09T19:44:57.884+0000] {dagbag.py:588} INFO - Filling up the DagBag from /home/ec2-user/environment/lab4_model_training/venv/lib64/python3.12/site-packages/airflow/example_dags/example_trigger_target_dag.py
[2026-05-09T19:44:57.891+0000] {processor.py:925} INFO - DAG(s) 'example_trigger_target_dag' retrieved from /home/ec2-user/environment/lab4_model_training/venv/lib64/python3.12/site-packages/airflow/example_dags/example_trigger_target_dag.py
[2026-05-09T19:44:57.902+0000] {logging_mixin.py:190} INFO - [2026-05-09T19:44:57.902+0000] {dag.py:3239} INFO - Sync 1 DAGs
[2026-05-09T19:44:57.911+0000] {logging_mixin.py:190} INFO - [2026-05-09T19:44:57.911+0000] {dag.py:4180} INFO - Setting next_dagrun for example_trigger_target_dag to None, run_after=None
[2026-05-09T19:44:57.928+0000] {processor.py:208} INFO - Processing /home/ec2-user/environment/lab4_model_training/venv/lib64/python3.12/site-packages/airflow/example_dags/example_trigger_target_dag.py took 0.051 seconds
[2026-05-09T19:46:04.708+0000] {processor.py:186} INFO - Started process (PID=33333) to work on /home/ec2-user/environment/lab4_model_training/venv/lib64/python3.12/site-packages/airflow/example_dags/example_trigger_target_dag.py
[2026-05-09T19:46:04.709+0000] {processor.py:914} INFO - Processing file /home/ec2-user/environment/lab4_model_training/venv/lib64/python3.12/site-packages/airflow/example_dags/example_trigger_target_dag.py for tasks to queue
[2026-05-09T19:46:04.710+0000] {logging_mixin.py:190} INFO - [2026-05-09T19:46:04.710+0000] {dagbag.py:588} INFO - Filling up the DagBag from /home/ec2-user/environment/lab4_model_training/venv/lib64/python3.12/site-packages/airflow/example_dags/example_trigger_target_dag.py
[2026-05-09T19:46:04.716+0000] {processor.py:925} INFO - DAG(s) 'example_trigger_target_dag' retrieved from /home/ec2-user/environment/lab4_model_training/venv/lib64/python3.12/site-packages/airflow/example_dags/example_trigger_target_dag.py
[2026-05-09T19:46:04.728+0000] {logging_mixin.py:190} INFO - [2026-05-09T19:46:04.728+0000] {dag.py:3239} INFO - Sync 1 DAGs
[2026-05-09T19:46:04.737+0000] {logging_mixin.py:190} INFO - [2026-05-09T19:46:04.737+0000] {dag.py:4180} INFO - Setting next_dagrun for example_trigger_target_dag to None, run_after=None
[2026-05-09T19:46:04.754+0000] {processor.py:208} INFO - Processing /home/ec2-user/environment/lab4_model_training/venv/lib64/python3.12/site-packages/airflow/example_dags/example_trigger_target_dag.py took 0.052 seconds
[2026-05-09T19:47:13.106+0000] {processor.py:186} INFO - Started process (PID=33455) to work on /home/ec2-user/environment/lab4_model_training/venv/lib64/python3.12/site-packages/airflow/example_dags/example_trigger_target_dag.py
[2026-05-09T19:47:13.107+0000] {processor.py:914} INFO - Processing file /home/ec2-user/environment/lab4_model_training/venv/lib64/python3.12/site-packages/airflow/example_dags/example_trigger_target_dag.py for tasks to queue
[2026-05-09T19:47:13.109+0000] {logging_mixin.py:190} INFO - [2026-05-09T19:47:13.108+0000] {dagbag.py:588} INFO - Filling up the DagBag from /home/ec2-user/environment/lab4_model_training/venv/lib64/python3.12/site-packages/airflow/example_dags/example_trigger_target_dag.py
[2026-05-09T19:47:13.115+0000] {processor.py:925} INFO - DAG(s) 'example_trigger_target_dag' retrieved from /home/ec2-user/environment/lab4_model_training/venv/lib64/python3.12/site-packages/airflow/example_dags/example_trigger_target_dag.py
[2026-05-09T19:47:13.126+0000] {logging_mixin.py:190} INFO - [2026-05-09T19:47:13.126+0000] {dag.py:3239} INFO - Sync 1 DAGs
[2026-05-09T19:47:13.135+0000] {logging_mixin.py:190} INFO - [2026-05-09T19:47:13.135+0000] {dag.py:4180} INFO - Setting next_dagrun for example_trigger_target_dag to None, run_after=None
[2026-05-09T19:47:13.152+0000] {processor.py:208} INFO - Processing /home/ec2-user/environment/lab4_model_training/venv/lib64/python3.12/site-packages/airflow/example_dags/example_trigger_target_dag.py took 0.051 seconds
[2026-05-09T19:48:20.335+0000] {processor.py:186} INFO - Started process (PID=33629) to work on /home/ec2-user/environment/lab4_model_training/venv/lib64/python3.12/site-packages/airflow/example_dags/example_trigger_target_dag.py
[2026-05-09T19:48:20.337+0000] {processor.py:914} INFO - Processing file /home/ec2-user/environment/lab4_model_training/venv/lib64/python3.12/site-packages/airflow/example_dags/example_trigger_target_dag.py for tasks to queue
[2026-05-09T19:48:20.338+0000] {logging_mixin.py:190} INFO - [2026-05-09T19:48:20.338+0000] {dagbag.py:588} INFO - Filling up the DagBag from /home/ec2-user/environment/lab4_model_training/venv/lib64/python3.12/site-packages/airflow/example_dags/example_trigger_target_dag.py
[2026-05-09T19:48:20.344+0000] {processor.py:925} INFO - DAG(s) 'example_trigger_target_dag' retrieved from /home/ec2-user/environment/lab4_model_training/venv/lib64/python3.12/site-packages/airflow/example_dags/example_trigger_target_dag.py
[2026-05-09T19:48:20.355+0000] {logging_mixin.py:190} INFO - [2026-05-09T19:48:20.355+0000] {dag.py:3239} INFO - Sync 1 DAGs
[2026-05-09T19:48:20.365+0000] {logging_mixin.py:190} INFO - [2026-05-09T19:48:20.365+0000] {dag.py:4180} INFO - Setting next_dagrun for example_trigger_target_dag to None, run_after=None
[2026-05-09T19:48:20.483+0000] {processor.py:208} INFO - Processing /home/ec2-user/environment/lab4_model_training/venv/lib64/python3.12/site-packages/airflow/example_dags/example_trigger_target_dag.py took 0.152 seconds
[2026-05-09T19:50:20.697+0000] {processor.py:186} INFO - Started process (PID=33979) to work on /home/ec2-user/environment/lab4_model_training/venv/lib64/python3.12/site-packages/airflow/example_dags/example_trigger_target_dag.py
[2026-05-09T19:50:20.698+0000] {processor.py:914} INFO - Processing file /home/ec2-user/environment/lab4_model_training/venv/lib64/python3.12/site-packages/airflow/example_dags/example_trigger_target_dag.py for tasks to queue
[2026-05-09T19:50:20.700+0000] {logging_mixin.py:190} INFO - [2026-05-09T19:50:20.700+0000] {dagbag.py:588} INFO - Filling up the DagBag from /home/ec2-user/environment/lab4_model_training/venv/lib64/python3.12/site-packages/airflow/example_dags/example_trigger_target_dag.py
[2026-05-09T19:50:20.706+0000] {processor.py:925} INFO - DAG(s) 'example_trigger_target_dag' retrieved from /home/ec2-user/environment/lab4_model_training/venv/lib64/python3.12/site-packages/airflow/example_dags/example_trigger_target_dag.py
[2026-05-09T19:50:20.717+0000] {logging_mixin.py:190} INFO - [2026-05-09T19:50:20.717+0000] {dag.py:3239} INFO - Sync 1 DAGs
[2026-05-09T19:50:20.727+0000] {logging_mixin.py:190} INFO - [2026-05-09T19:50:20.727+0000] {dag.py:4180} INFO - Setting next_dagrun for example_trigger_target_dag to None, run_after=None
[2026-05-09T19:50:20.744+0000] {processor.py:208} INFO - Processing /home/ec2-user/environment/lab4_model_training/venv/lib64/python3.12/site-packages/airflow/example_dags/example_trigger_target_dag.py took 0.051 seconds
[2026-05-09T19:51:21.664+0000] {processor.py:186} INFO - Started process (PID=34169) to work on /home/ec2-user/environment/lab4_model_training/venv/lib64/python3.12/site-packages/airflow/example_dags/example_trigger_target_dag.py
[2026-05-09T19:51:21.665+0000] {processor.py:914} INFO - Processing file /home/ec2-user/environment/lab4_model_training/venv/lib64/python3.12/site-packages/airflow/example_dags/example_trigger_target_dag.py for tasks to queue
[2026-05-09T19:51:21.667+0000] {logging_mixin.py:190} INFO - [2026-05-09T19:51:21.667+0000] {dagbag.py:588} INFO - Filling up the DagBag from /home/ec2-user/environment/lab4_model_training/venv/lib64/python3.12/site-packages/airflow/example_dags/example_trigger_target_dag.py
[2026-05-09T19:51:21.674+0000] {processor.py:925} INFO - DAG(s) 'example_trigger_target_dag' retrieved from /home/ec2-user/environment/lab4_model_training/venv/lib64/python3.12/site-packages/airflow/example_dags/example_trigger_target_dag.py
[2026-05-09T19:51:21.684+0000] {logging_mixin.py:190} INFO - [2026-05-09T19:51:21.684+0000] {dag.py:3239} INFO - Sync 1 DAGs
[2026-05-09T19:51:21.694+0000] {logging_mixin.py:190} INFO - [2026-05-09T19:51:21.694+0000] {dag.py:4180} INFO - Setting next_dagrun for example_trigger_target_dag to None, run_after=None
[2026-05-09T19:51:21.711+0000] {processor.py:208} INFO - Processing /home/ec2-user/environment/lab4_model_training/venv/lib64/python3.12/site-packages/airflow/example_dags/example_trigger_target_dag.py took 0.052 seconds
[2026-05-09T19:52:22.103+0000] {processor.py:186} INFO - Started process (PID=34443) to work on /home/ec2-user/environment/lab4_model_training/venv/lib64/python3.12/site-packages/airflow/example_dags/example_trigger_target_dag.py
[2026-05-09T19:52:22.104+0000] {processor.py:914} INFO - Processing file /home/ec2-user/environment/lab4_model_training/venv/lib64/python3.12/site-packages/airflow/example_dags/example_trigger_target_dag.py for tasks to queue
[2026-05-09T19:52:22.106+0000] {logging_mixin.py:190} INFO - [2026-05-09T19:52:22.106+0000] {dagbag.py:588} INFO - Filling up the DagBag from /home/ec2-user/environment/lab4_model_training/venv/lib64/python3.12/site-packages/airflow/example_dags/example_trigger_target_dag.py
[2026-05-09T19:52:22.112+0000] {processor.py:925} INFO - DAG(s) 'example_trigger_target_dag' retrieved from /home/ec2-user/environment/lab4_model_training/venv/lib64/python3.12/site-packages/airflow/example_dags/example_trigger_target_dag.py
[2026-05-09T19:52:22.123+0000] {logging_mixin.py:190} INFO - [2026-05-09T19:52:22.123+0000] {dag.py:3239} INFO - Sync 1 DAGs
[2026-05-09T19:52:22.132+0000] {logging_mixin.py:190} INFO - [2026-05-09T19:52:22.132+0000] {dag.py:4180} INFO - Setting next_dagrun for example_trigger_target_dag to None, run_after=None
[2026-05-09T19:52:22.149+0000] {processor.py:208} INFO - Processing /home/ec2-user/environment/lab4_model_training/venv/lib64/python3.12/site-packages/airflow/example_dags/example_trigger_target_dag.py took 0.050 seconds
[2026-05-09T19:53:27.648+0000] {processor.py:186} INFO - Started process (PID=34661) to work on /home/ec2-user/environment/lab4_model_training/venv/lib64/python3.12/site-packages/airflow/example_dags/example_trigger_target_dag.py
[2026-05-09T19:53:27.649+0000] {processor.py:914} INFO - Processing file /home/ec2-user/environment/lab4_model_training/venv/lib64/python3.12/site-packages/airflow/example_dags/example_trigger_target_dag.py for tasks to queue
[2026-05-09T19:53:27.651+0000] {logging_mixin.py:190} INFO - [2026-05-09T19:53:27.651+0000] {dagbag.py:588} INFO - Filling up the DagBag from /home/ec2-user/environment/lab4_model_training/venv/lib64/python3.12/site-packages/airflow/example_dags/example_trigger_target_dag.py
[2026-05-09T19:53:27.657+0000] {processor.py:925} INFO - DAG(s) 'example_trigger_target_dag' retrieved from /home/ec2-user/environment/lab4_model_training/venv/lib64/python3.12/site-packages/airflow/example_dags/example_trigger_target_dag.py
[2026-05-09T19:53:27.668+0000] {logging_mixin.py:190} INFO - [2026-05-09T19:53:27.667+0000] {dag.py:3239} INFO - Sync 1 DAGs
[2026-05-09T19:53:27.677+0000] {logging_mixin.py:190} INFO - [2026-05-09T19:53:27.677+0000] {dag.py:4180} INFO - Setting next_dagrun for example_trigger_target_dag to None, run_after=None
[2026-05-09T19:53:27.694+0000] {processor.py:208} INFO - Processing /home/ec2-user/environment/lab4_model_training/venv/lib64/python3.12/site-packages/airflow/example_dags/example_trigger_target_dag.py took 0.050 seconds
[2026-05-09T19:54:31.530+0000] {processor.py:186} INFO - Started process (PID=34791) to work on /home/ec2-user/environment/lab4_model_training/venv/lib64/python3.12/site-packages/airflow/example_dags/example_trigger_target_dag.py
[2026-05-09T19:54:31.531+0000] {processor.py:914} INFO - Processing file /home/ec2-user/environment/lab4_model_training/venv/lib64/python3.12/site-packages/airflow/example_dags/example_trigger_target_dag.py for tasks to queue
[2026-05-09T19:54:31.533+0000] {logging_mixin.py:190} INFO - [2026-05-09T19:54:31.533+0000] {dagbag.py:588} INFO - Filling up the DagBag from /home/ec2-user/environment/lab4_model_training/venv/lib64/python3.12/site-packages/airflow/example_dags/example_trigger_target_dag.py
[2026-05-09T19:54:31.539+0000] {processor.py:925} INFO - DAG(s) 'example_trigger_target_dag' retrieved from /home/ec2-user/environment/lab4_model_training/venv/lib64/python3.12/site-packages/airflow/example_dags/example_trigger_target_dag.py
[2026-05-09T19:54:31.550+0000] {logging_mixin.py:190} INFO - [2026-05-09T19:54:31.550+0000] {dag.py:3239} INFO - Sync 1 DAGs
[2026-05-09T19:54:31.559+0000] {logging_mixin.py:190} INFO - [2026-05-09T19:54:31.559+0000] {dag.py:4180} INFO - Setting next_dagrun for example_trigger_target_dag to None, run_after=None
[2026-05-09T19:54:31.577+0000] {processor.py:208} INFO - Processing /home/ec2-user/environment/lab4_model_training/venv/lib64/python3.12/site-packages/airflow/example_dags/example_trigger_target_dag.py took 0.052 seconds
[2026-05-09T19:55:38.655+0000] {processor.py:186} INFO - Started process (PID=34969) to work on /home/ec2-user/environment/lab4_model_training/venv/lib64/python3.12/site-packages/airflow/example_dags/example_trigger_target_dag.py
[2026-05-09T19:55:38.656+0000] {processor.py:914} INFO - Processing file /home/ec2-user/environment/lab4_model_training/venv/lib64/python3.12/site-packages/airflow/example_dags/example_trigger_target_dag.py for tasks to queue
[2026-05-09T19:55:38.658+0000] {logging_mixin.py:190} INFO - [2026-05-09T19:55:38.658+0000] {dagbag.py:588} INFO - Filling up the DagBag from /home/ec2-user/environment/lab4_model_training/venv/lib64/python3.12/site-packages/airflow/example_dags/example_trigger_target_dag.py
[2026-05-09T19:55:38.664+0000] {processor.py:925} INFO - DAG(s) 'example_trigger_target_dag' retrieved from /home/ec2-user/environment/lab4_model_training/venv/lib64/python3.12/site-packages/airflow/example_dags/example_trigger_target_dag.py
[2026-05-09T19:55:38.675+0000] {logging_mixin.py:190} INFO - [2026-05-09T19:55:38.675+0000] {dag.py:3239} INFO - Sync 1 DAGs
[2026-05-09T19:55:38.684+0000] {logging_mixin.py:190} INFO - [2026-05-09T19:55:38.684+0000] {dag.py:4180} INFO - Setting next_dagrun for example_trigger_target_dag to None, run_after=None
[2026-05-09T19:55:38.702+0000] {processor.py:208} INFO - Processing /home/ec2-user/environment/lab4_model_training/venv/lib64/python3.12/site-packages/airflow/example_dags/example_trigger_target_dag.py took 0.052 seconds
[2026-05-09T19:56:46.375+0000] {processor.py:186} INFO - Started process (PID=35090) to work on /home/ec2-user/environment/lab4_model_training/venv/lib64/python3.12/site-packages/airflow/example_dags/example_trigger_target_dag.py
[2026-05-09T19:56:46.376+0000] {processor.py:914} INFO - Processing file /home/ec2-user/environment/lab4_model_training/venv/lib64/python3.12/site-packages/airflow/example_dags/example_trigger_target_dag.py for tasks to queue
[2026-05-09T19:56:46.378+0000] {logging_mixin.py:190} INFO - [2026-05-09T19:56:46.378+0000] {dagbag.py:588} INFO - Filling up the DagBag from /home/ec2-user/environment/lab4_model_training/venv/lib64/python3.12/site-packages/airflow/example_dags/example_trigger_target_dag.py
[2026-05-09T19:56:46.385+0000] {processor.py:925} INFO - DAG(s) 'example_trigger_target_dag' retrieved from /home/ec2-user/environment/lab4_model_training/venv/lib64/python3.12/site-packages/airflow/example_dags/example_trigger_target_dag.py
[2026-05-09T19:56:46.395+0000] {logging_mixin.py:190} INFO - [2026-05-09T19:56:46.395+0000] {dag.py:3239} INFO - Sync 1 DAGs
[2026-05-09T19:56:46.405+0000] {logging_mixin.py:190} INFO - [2026-05-09T19:56:46.404+0000] {dag.py:4180} INFO - Setting next_dagrun for example_trigger_target_dag to None, run_after=None
[2026-05-09T19:56:46.422+0000] {processor.py:208} INFO - Processing /home/ec2-user/environment/lab4_model_training/venv/lib64/python3.12/site-packages/airflow/example_dags/example_trigger_target_dag.py took 0.051 seconds
[2026-05-09T19:57:49.041+0000] {processor.py:186} INFO - Started process (PID=35257) to work on /home/ec2-user/environment/lab4_model_training/venv/lib64/python3.12/site-packages/airflow/example_dags/example_trigger_target_dag.py
[2026-05-09T19:57:49.042+0000] {processor.py:914} INFO - Processing file /home/ec2-user/environment/lab4_model_training/venv/lib64/python3.12/site-packages/airflow/example_dags/example_trigger_target_dag.py for tasks to queue
[2026-05-09T19:57:49.044+0000] {logging_mixin.py:190} INFO - [2026-05-09T19:57:49.044+0000] {dagbag.py:588} INFO - Filling up the DagBag from /home/ec2-user/environment/lab4_model_training/venv/lib64/python3.12/site-packages/airflow/example_dags/example_trigger_target_dag.py
[2026-05-09T19:57:49.051+0000] {processor.py:925} INFO - DAG(s) 'example_trigger_target_dag' retrieved from /home/ec2-user/environment/lab4_model_training/venv/lib64/python3.12/site-packages/airflow/example_dags/example_trigger_target_dag.py
[2026-05-09T19:57:49.062+0000] {logging_mixin.py:190} INFO - [2026-05-09T19:57:49.062+0000] {dag.py:3239} INFO - Sync 1 DAGs
[2026-05-09T19:57:49.072+0000] {logging_mixin.py:190} INFO - [2026-05-09T19:57:49.071+0000] {dag.py:4180} INFO - Setting next_dagrun for example_trigger_target_dag to None, run_after=None
[2026-05-09T19:57:49.090+0000] {processor.py:208} INFO - Processing /home/ec2-user/environment/lab4_model_training/venv/lib64/python3.12/site-packages/airflow/example_dags/example_trigger_target_dag.py took 0.053 seconds
[2026-05-09T19:58:52.275+0000] {processor.py:186} INFO - Started process (PID=35401) to work on /home/ec2-user/environment/lab4_model_training/venv/lib64/python3.12/site-packages/airflow/example_dags/example_trigger_target_dag.py
[2026-05-09T19:58:52.276+0000] {processor.py:914} INFO - Processing file /home/ec2-user/environment/lab4_model_training/venv/lib64/python3.12/site-packages/airflow/example_dags/example_trigger_target_dag.py for tasks to queue
[2026-05-09T19:58:52.278+0000] {logging_mixin.py:190} INFO - [2026-05-09T19:58:52.278+0000] {dagbag.py:588} INFO - Filling up the DagBag from /home/ec2-user/environment/lab4_model_training/venv/lib64/python3.12/site-packages/airflow/example_dags/example_trigger_target_dag.py
[2026-05-09T19:58:52.285+0000] {processor.py:925} INFO - DAG(s) 'example_trigger_target_dag' retrieved from /home/ec2-user/environment/lab4_model_training/venv/lib64/python3.12/site-packages/airflow/example_dags/example_trigger_target_dag.py
[2026-05-09T19:58:52.296+0000] {logging_mixin.py:190} INFO - [2026-05-09T19:58:52.296+0000] {dag.py:3239} INFO - Sync 1 DAGs
[2026-05-09T19:58:52.305+0000] {logging_mixin.py:190} INFO - [2026-05-09T19:58:52.304+0000] {dag.py:4180} INFO - Setting next_dagrun for example_trigger_target_dag to None, run_after=None
[2026-05-09T19:58:52.322+0000] {processor.py:208} INFO - Processing /home/ec2-user/environment/lab4_model_training/venv/lib64/python3.12/site-packages/airflow/example_dags/example_trigger_target_dag.py took 0.052 seconds
