[2026-05-09T18:54:58.463+0000] {processor.py:186} INFO - Started process (PID=18964) to work on /home/ec2-user/environment/lab4_model_training/venv/lib64/python3.12/site-packages/airflow/example_dags/example_sla_dag.py
[2026-05-09T18:54:58.464+0000] {processor.py:914} INFO - Processing file /home/ec2-user/environment/lab4_model_training/venv/lib64/python3.12/site-packages/airflow/example_dags/example_sla_dag.py for tasks to queue
[2026-05-09T18:54:58.466+0000] {logging_mixin.py:190} INFO - [2026-05-09T18:54:58.466+0000] {dagbag.py:588} INFO - Filling up the DagBag from /home/ec2-user/environment/lab4_model_training/venv/lib64/python3.12/site-packages/airflow/example_dags/example_sla_dag.py
[2026-05-09T18:54:58.477+0000] {processor.py:925} INFO - DAG(s) 'example_sla_dag' retrieved from /home/ec2-user/environment/lab4_model_training/venv/lib64/python3.12/site-packages/airflow/example_dags/example_sla_dag.py
[2026-05-09T18:54:58.490+0000] {logging_mixin.py:190} INFO - [2026-05-09T18:54:58.490+0000] {dag.py:3239} INFO - Sync 1 DAGs
[2026-05-09T18:54:58.509+0000] {logging_mixin.py:190} INFO - [2026-05-09T18:54:58.509+0000] {dag.py:4180} INFO - Setting next_dagrun for example_sla_dag to 2026-05-09 18:52:00+00:00, run_after=2026-05-09 18:54:00+00:00
[2026-05-09T18:54:58.528+0000] {processor.py:208} INFO - Processing /home/ec2-user/environment/lab4_model_training/venv/lib64/python3.12/site-packages/airflow/example_dags/example_sla_dag.py took 0.070 seconds
[2026-05-09T18:56:02.002+0000] {processor.py:186} INFO - Started process (PID=19395) to work on /home/ec2-user/environment/lab4_model_training/venv/lib64/python3.12/site-packages/airflow/example_dags/example_sla_dag.py
[2026-05-09T18:56:02.003+0000] {processor.py:914} INFO - Processing file /home/ec2-user/environment/lab4_model_training/venv/lib64/python3.12/site-packages/airflow/example_dags/example_sla_dag.py for tasks to queue
[2026-05-09T18:56:02.004+0000] {logging_mixin.py:190} INFO - [2026-05-09T18:56:02.004+0000] {dagbag.py:588} INFO - Filling up the DagBag from /home/ec2-user/environment/lab4_model_training/venv/lib64/python3.12/site-packages/airflow/example_dags/example_sla_dag.py
[2026-05-09T18:56:02.012+0000] {processor.py:925} INFO - DAG(s) 'example_sla_dag' retrieved from /home/ec2-user/environment/lab4_model_training/venv/lib64/python3.12/site-packages/airflow/example_dags/example_sla_dag.py
[2026-05-09T18:56:02.024+0000] {logging_mixin.py:190} INFO - [2026-05-09T18:56:02.024+0000] {dag.py:3239} INFO - Sync 1 DAGs
[2026-05-09T18:56:02.042+0000] {logging_mixin.py:190} INFO - [2026-05-09T18:56:02.042+0000] {dag.py:4180} INFO - Setting next_dagrun for example_sla_dag to 2026-05-09 18:54:00+00:00, run_after=2026-05-09 18:56:00+00:00
[2026-05-09T18:56:02.060+0000] {processor.py:208} INFO - Processing /home/ec2-user/environment/lab4_model_training/venv/lib64/python3.12/site-packages/airflow/example_dags/example_sla_dag.py took 0.063 seconds
[2026-05-09T18:57:09.872+0000] {processor.py:186} INFO - Started process (PID=19753) to work on /home/ec2-user/environment/lab4_model_training/venv/lib64/python3.12/site-packages/airflow/example_dags/example_sla_dag.py
[2026-05-09T18:57:09.873+0000] {processor.py:914} INFO - Processing file /home/ec2-user/environment/lab4_model_training/venv/lib64/python3.12/site-packages/airflow/example_dags/example_sla_dag.py for tasks to queue
[2026-05-09T18:57:09.875+0000] {logging_mixin.py:190} INFO - [2026-05-09T18:57:09.875+0000] {dagbag.py:588} INFO - Filling up the DagBag from /home/ec2-user/environment/lab4_model_training/venv/lib64/python3.12/site-packages/airflow/example_dags/example_sla_dag.py
[2026-05-09T18:57:09.884+0000] {processor.py:925} INFO - DAG(s) 'example_sla_dag' retrieved from /home/ec2-user/environment/lab4_model_training/venv/lib64/python3.12/site-packages/airflow/example_dags/example_sla_dag.py
[2026-05-09T18:57:09.895+0000] {logging_mixin.py:190} INFO - [2026-05-09T18:57:09.895+0000] {dag.py:3239} INFO - Sync 1 DAGs
[2026-05-09T18:57:09.912+0000] {logging_mixin.py:190} INFO - [2026-05-09T18:57:09.912+0000] {dag.py:4180} INFO - Setting next_dagrun for example_sla_dag to 2026-05-09 18:54:00+00:00, run_after=2026-05-09 18:56:00+00:00
[2026-05-09T18:57:09.930+0000] {processor.py:208} INFO - Processing /home/ec2-user/environment/lab4_model_training/venv/lib64/python3.12/site-packages/airflow/example_dags/example_sla_dag.py took 0.062 seconds
[2026-05-09T18:58:17.660+0000] {processor.py:186} INFO - Started process (PID=20119) to work on /home/ec2-user/environment/lab4_model_training/venv/lib64/python3.12/site-packages/airflow/example_dags/example_sla_dag.py
[2026-05-09T18:58:17.662+0000] {processor.py:914} INFO - Processing file /home/ec2-user/environment/lab4_model_training/venv/lib64/python3.12/site-packages/airflow/example_dags/example_sla_dag.py for tasks to queue
[2026-05-09T18:58:17.664+0000] {logging_mixin.py:190} INFO - [2026-05-09T18:58:17.663+0000] {dagbag.py:588} INFO - Filling up the DagBag from /home/ec2-user/environment/lab4_model_training/venv/lib64/python3.12/site-packages/airflow/example_dags/example_sla_dag.py
[2026-05-09T18:58:17.674+0000] {processor.py:925} INFO - DAG(s) 'example_sla_dag' retrieved from /home/ec2-user/environment/lab4_model_training/venv/lib64/python3.12/site-packages/airflow/example_dags/example_sla_dag.py
[2026-05-09T18:58:17.686+0000] {logging_mixin.py:190} INFO - [2026-05-09T18:58:17.685+0000] {dag.py:3239} INFO - Sync 1 DAGs
[2026-05-09T18:58:17.703+0000] {logging_mixin.py:190} INFO - [2026-05-09T18:58:17.703+0000] {dag.py:4180} INFO - Setting next_dagrun for example_sla_dag to 2026-05-09 18:56:00+00:00, run_after=2026-05-09 18:58:00+00:00
[2026-05-09T18:58:17.724+0000] {processor.py:208} INFO - Processing /home/ec2-user/environment/lab4_model_training/venv/lib64/python3.12/site-packages/airflow/example_dags/example_sla_dag.py took 0.069 seconds
[2026-05-09T18:59:22.782+0000] {processor.py:186} INFO - Started process (PID=20465) to work on /home/ec2-user/environment/lab4_model_training/venv/lib64/python3.12/site-packages/airflow/example_dags/example_sla_dag.py
[2026-05-09T18:59:22.784+0000] {processor.py:914} INFO - Processing file /home/ec2-user/environment/lab4_model_training/venv/lib64/python3.12/site-packages/airflow/example_dags/example_sla_dag.py for tasks to queue
[2026-05-09T18:59:22.786+0000] {logging_mixin.py:190} INFO - [2026-05-09T18:59:22.785+0000] {dagbag.py:588} INFO - Filling up the DagBag from /home/ec2-user/environment/lab4_model_training/venv/lib64/python3.12/site-packages/airflow/example_dags/example_sla_dag.py
[2026-05-09T18:59:22.797+0000] {processor.py:925} INFO - DAG(s) 'example_sla_dag' retrieved from /home/ec2-user/environment/lab4_model_training/venv/lib64/python3.12/site-packages/airflow/example_dags/example_sla_dag.py
[2026-05-09T18:59:22.810+0000] {logging_mixin.py:190} INFO - [2026-05-09T18:59:22.809+0000] {dag.py:3239} INFO - Sync 1 DAGs
[2026-05-09T18:59:22.830+0000] {logging_mixin.py:190} INFO - [2026-05-09T18:59:22.830+0000] {dag.py:4180} INFO - Setting next_dagrun for example_sla_dag to 2026-05-09 18:56:00+00:00, run_after=2026-05-09 18:58:00+00:00
[2026-05-09T18:59:22.848+0000] {processor.py:208} INFO - Processing /home/ec2-user/environment/lab4_model_training/venv/lib64/python3.12/site-packages/airflow/example_dags/example_sla_dag.py took 0.071 seconds
[2026-05-09T19:00:26.737+0000] {processor.py:186} INFO - Started process (PID=20786) to work on /home/ec2-user/environment/lab4_model_training/venv/lib64/python3.12/site-packages/airflow/example_dags/example_sla_dag.py
[2026-05-09T19:00:26.738+0000] {processor.py:914} INFO - Processing file /home/ec2-user/environment/lab4_model_training/venv/lib64/python3.12/site-packages/airflow/example_dags/example_sla_dag.py for tasks to queue
[2026-05-09T19:00:26.740+0000] {logging_mixin.py:190} INFO - [2026-05-09T19:00:26.740+0000] {dagbag.py:588} INFO - Filling up the DagBag from /home/ec2-user/environment/lab4_model_training/venv/lib64/python3.12/site-packages/airflow/example_dags/example_sla_dag.py
[2026-05-09T19:00:26.748+0000] {processor.py:925} INFO - DAG(s) 'example_sla_dag' retrieved from /home/ec2-user/environment/lab4_model_training/venv/lib64/python3.12/site-packages/airflow/example_dags/example_sla_dag.py
[2026-05-09T19:00:26.760+0000] {logging_mixin.py:190} INFO - [2026-05-09T19:00:26.760+0000] {dag.py:3239} INFO - Sync 1 DAGs
[2026-05-09T19:00:26.778+0000] {logging_mixin.py:190} INFO - [2026-05-09T19:00:26.777+0000] {dag.py:4180} INFO - Setting next_dagrun for example_sla_dag to 2026-05-09 18:58:00+00:00, run_after=2026-05-09 19:00:00+00:00
[2026-05-09T19:00:26.796+0000] {processor.py:208} INFO - Processing /home/ec2-user/environment/lab4_model_training/venv/lib64/python3.12/site-packages/airflow/example_dags/example_sla_dag.py took 0.063 seconds
[2026-05-09T19:01:32.491+0000] {processor.py:186} INFO - Started process (PID=21110) to work on /home/ec2-user/environment/lab4_model_training/venv/lib64/python3.12/site-packages/airflow/example_dags/example_sla_dag.py
[2026-05-09T19:01:32.492+0000] {processor.py:914} INFO - Processing file /home/ec2-user/environment/lab4_model_training/venv/lib64/python3.12/site-packages/airflow/example_dags/example_sla_dag.py for tasks to queue
[2026-05-09T19:01:32.494+0000] {logging_mixin.py:190} INFO - [2026-05-09T19:01:32.494+0000] {dagbag.py:588} INFO - Filling up the DagBag from /home/ec2-user/environment/lab4_model_training/venv/lib64/python3.12/site-packages/airflow/example_dags/example_sla_dag.py
[2026-05-09T19:01:32.505+0000] {processor.py:925} INFO - DAG(s) 'example_sla_dag' retrieved from /home/ec2-user/environment/lab4_model_training/venv/lib64/python3.12/site-packages/airflow/example_dags/example_sla_dag.py
[2026-05-09T19:01:32.519+0000] {logging_mixin.py:190} INFO - [2026-05-09T19:01:32.518+0000] {dag.py:3239} INFO - Sync 1 DAGs
[2026-05-09T19:01:32.537+0000] {logging_mixin.py:190} INFO - [2026-05-09T19:01:32.537+0000] {dag.py:4180} INFO - Setting next_dagrun for example_sla_dag to 2026-05-09 18:58:00+00:00, run_after=2026-05-09 19:00:00+00:00
[2026-05-09T19:01:32.557+0000] {processor.py:208} INFO - Processing /home/ec2-user/environment/lab4_model_training/venv/lib64/python3.12/site-packages/airflow/example_dags/example_sla_dag.py took 0.070 seconds
[2026-05-09T19:02:32.782+0000] {processor.py:186} INFO - Started process (PID=21449) to work on /home/ec2-user/environment/lab4_model_training/venv/lib64/python3.12/site-packages/airflow/example_dags/example_sla_dag.py
[2026-05-09T19:02:32.783+0000] {processor.py:914} INFO - Processing file /home/ec2-user/environment/lab4_model_training/venv/lib64/python3.12/site-packages/airflow/example_dags/example_sla_dag.py for tasks to queue
[2026-05-09T19:02:32.785+0000] {logging_mixin.py:190} INFO - [2026-05-09T19:02:32.784+0000] {dagbag.py:588} INFO - Filling up the DagBag from /home/ec2-user/environment/lab4_model_training/venv/lib64/python3.12/site-packages/airflow/example_dags/example_sla_dag.py
[2026-05-09T19:02:32.793+0000] {processor.py:925} INFO - DAG(s) 'example_sla_dag' retrieved from /home/ec2-user/environment/lab4_model_training/venv/lib64/python3.12/site-packages/airflow/example_dags/example_sla_dag.py
[2026-05-09T19:02:32.804+0000] {logging_mixin.py:190} INFO - [2026-05-09T19:02:32.804+0000] {dag.py:3239} INFO - Sync 1 DAGs
[2026-05-09T19:02:32.821+0000] {logging_mixin.py:190} INFO - [2026-05-09T19:02:32.821+0000] {dag.py:4180} INFO - Setting next_dagrun for example_sla_dag to 2026-05-09 19:00:00+00:00, run_after=2026-05-09 19:02:00+00:00
[2026-05-09T19:02:32.839+0000] {processor.py:208} INFO - Processing /home/ec2-user/environment/lab4_model_training/venv/lib64/python3.12/site-packages/airflow/example_dags/example_sla_dag.py took 0.062 seconds
[2026-05-09T19:03:38.237+0000] {processor.py:186} INFO - Started process (PID=21772) to work on /home/ec2-user/environment/lab4_model_training/venv/lib64/python3.12/site-packages/airflow/example_dags/example_sla_dag.py
[2026-05-09T19:03:38.238+0000] {processor.py:914} INFO - Processing file /home/ec2-user/environment/lab4_model_training/venv/lib64/python3.12/site-packages/airflow/example_dags/example_sla_dag.py for tasks to queue
[2026-05-09T19:03:38.240+0000] {logging_mixin.py:190} INFO - [2026-05-09T19:03:38.240+0000] {dagbag.py:588} INFO - Filling up the DagBag from /home/ec2-user/environment/lab4_model_training/venv/lib64/python3.12/site-packages/airflow/example_dags/example_sla_dag.py
[2026-05-09T19:03:38.249+0000] {processor.py:925} INFO - DAG(s) 'example_sla_dag' retrieved from /home/ec2-user/environment/lab4_model_training/venv/lib64/python3.12/site-packages/airflow/example_dags/example_sla_dag.py
[2026-05-09T19:03:38.260+0000] {logging_mixin.py:190} INFO - [2026-05-09T19:03:38.259+0000] {dag.py:3239} INFO - Sync 1 DAGs
[2026-05-09T19:03:38.277+0000] {logging_mixin.py:190} INFO - [2026-05-09T19:03:38.277+0000] {dag.py:4180} INFO - Setting next_dagrun for example_sla_dag to 2026-05-09 19:00:00+00:00, run_after=2026-05-09 19:02:00+00:00
[2026-05-09T19:03:38.294+0000] {processor.py:208} INFO - Processing /home/ec2-user/environment/lab4_model_training/venv/lib64/python3.12/site-packages/airflow/example_dags/example_sla_dag.py took 0.061 seconds
[2026-05-09T19:04:43.872+0000] {processor.py:186} INFO - Started process (PID=22175) to work on /home/ec2-user/environment/lab4_model_training/venv/lib64/python3.12/site-packages/airflow/example_dags/example_sla_dag.py
[2026-05-09T19:04:43.874+0000] {processor.py:914} INFO - Processing file /home/ec2-user/environment/lab4_model_training/venv/lib64/python3.12/site-packages/airflow/example_dags/example_sla_dag.py for tasks to queue
[2026-05-09T19:04:43.875+0000] {logging_mixin.py:190} INFO - [2026-05-09T19:04:43.875+0000] {dagbag.py:588} INFO - Filling up the DagBag from /home/ec2-user/environment/lab4_model_training/venv/lib64/python3.12/site-packages/airflow/example_dags/example_sla_dag.py
[2026-05-09T19:04:43.884+0000] {processor.py:925} INFO - DAG(s) 'example_sla_dag' retrieved from /home/ec2-user/environment/lab4_model_training/venv/lib64/python3.12/site-packages/airflow/example_dags/example_sla_dag.py
[2026-05-09T19:04:43.895+0000] {logging_mixin.py:190} INFO - [2026-05-09T19:04:43.895+0000] {dag.py:3239} INFO - Sync 1 DAGs
[2026-05-09T19:04:43.913+0000] {logging_mixin.py:190} INFO - [2026-05-09T19:04:43.913+0000] {dag.py:4180} INFO - Setting next_dagrun for example_sla_dag to 2026-05-09 19:02:00+00:00, run_after=2026-05-09 19:04:00+00:00
[2026-05-09T19:04:43.931+0000] {processor.py:208} INFO - Processing /home/ec2-user/environment/lab4_model_training/venv/lib64/python3.12/site-packages/airflow/example_dags/example_sla_dag.py took 0.063 seconds
[2026-05-09T19:05:44.436+0000] {processor.py:186} INFO - Started process (PID=22543) to work on /home/ec2-user/environment/lab4_model_training/venv/lib64/python3.12/site-packages/airflow/example_dags/example_sla_dag.py
[2026-05-09T19:05:44.438+0000] {processor.py:914} INFO - Processing file /home/ec2-user/environment/lab4_model_training/venv/lib64/python3.12/site-packages/airflow/example_dags/example_sla_dag.py for tasks to queue
[2026-05-09T19:05:44.439+0000] {logging_mixin.py:190} INFO - [2026-05-09T19:05:44.439+0000] {dagbag.py:588} INFO - Filling up the DagBag from /home/ec2-user/environment/lab4_model_training/venv/lib64/python3.12/site-packages/airflow/example_dags/example_sla_dag.py
[2026-05-09T19:05:44.448+0000] {processor.py:925} INFO - DAG(s) 'example_sla_dag' retrieved from /home/ec2-user/environment/lab4_model_training/venv/lib64/python3.12/site-packages/airflow/example_dags/example_sla_dag.py
[2026-05-09T19:05:44.459+0000] {logging_mixin.py:190} INFO - [2026-05-09T19:05:44.459+0000] {dag.py:3239} INFO - Sync 1 DAGs
[2026-05-09T19:05:44.476+0000] {logging_mixin.py:190} INFO - [2026-05-09T19:05:44.476+0000] {dag.py:4180} INFO - Setting next_dagrun for example_sla_dag to 2026-05-09 19:02:00+00:00, run_after=2026-05-09 19:04:00+00:00
[2026-05-09T19:05:44.494+0000] {processor.py:208} INFO - Processing /home/ec2-user/environment/lab4_model_training/venv/lib64/python3.12/site-packages/airflow/example_dags/example_sla_dag.py took 0.062 seconds
[2026-05-09T19:06:49.545+0000] {processor.py:186} INFO - Started process (PID=22886) to work on /home/ec2-user/environment/lab4_model_training/venv/lib64/python3.12/site-packages/airflow/example_dags/example_sla_dag.py
[2026-05-09T19:06:49.546+0000] {processor.py:914} INFO - Processing file /home/ec2-user/environment/lab4_model_training/venv/lib64/python3.12/site-packages/airflow/example_dags/example_sla_dag.py for tasks to queue
[2026-05-09T19:06:49.548+0000] {logging_mixin.py:190} INFO - [2026-05-09T19:06:49.548+0000] {dagbag.py:588} INFO - Filling up the DagBag from /home/ec2-user/environment/lab4_model_training/venv/lib64/python3.12/site-packages/airflow/example_dags/example_sla_dag.py
[2026-05-09T19:06:49.556+0000] {processor.py:925} INFO - DAG(s) 'example_sla_dag' retrieved from /home/ec2-user/environment/lab4_model_training/venv/lib64/python3.12/site-packages/airflow/example_dags/example_sla_dag.py
[2026-05-09T19:06:49.567+0000] {logging_mixin.py:190} INFO - [2026-05-09T19:06:49.567+0000] {dag.py:3239} INFO - Sync 1 DAGs
[2026-05-09T19:06:49.584+0000] {logging_mixin.py:190} INFO - [2026-05-09T19:06:49.584+0000] {dag.py:4180} INFO - Setting next_dagrun for example_sla_dag to 2026-05-09 19:04:00+00:00, run_after=2026-05-09 19:06:00+00:00
[2026-05-09T19:06:49.602+0000] {processor.py:208} INFO - Processing /home/ec2-user/environment/lab4_model_training/venv/lib64/python3.12/site-packages/airflow/example_dags/example_sla_dag.py took 0.061 seconds
[2026-05-09T19:07:54.921+0000] {processor.py:186} INFO - Started process (PID=23193) to work on /home/ec2-user/environment/lab4_model_training/venv/lib64/python3.12/site-packages/airflow/example_dags/example_sla_dag.py
[2026-05-09T19:07:54.922+0000] {processor.py:914} INFO - Processing file /home/ec2-user/environment/lab4_model_training/venv/lib64/python3.12/site-packages/airflow/example_dags/example_sla_dag.py for tasks to queue
[2026-05-09T19:07:54.924+0000] {logging_mixin.py:190} INFO - [2026-05-09T19:07:54.923+0000] {dagbag.py:588} INFO - Filling up the DagBag from /home/ec2-user/environment/lab4_model_training/venv/lib64/python3.12/site-packages/airflow/example_dags/example_sla_dag.py
[2026-05-09T19:07:54.933+0000] {processor.py:925} INFO - DAG(s) 'example_sla_dag' retrieved from /home/ec2-user/environment/lab4_model_training/venv/lib64/python3.12/site-packages/airflow/example_dags/example_sla_dag.py
[2026-05-09T19:07:54.944+0000] {logging_mixin.py:190} INFO - [2026-05-09T19:07:54.943+0000] {dag.py:3239} INFO - Sync 1 DAGs
[2026-05-09T19:07:54.960+0000] {logging_mixin.py:190} INFO - [2026-05-09T19:07:54.960+0000] {dag.py:4180} INFO - Setting next_dagrun for example_sla_dag to 2026-05-09 19:04:00+00:00, run_after=2026-05-09 19:06:00+00:00
[2026-05-09T19:07:54.980+0000] {processor.py:208} INFO - Processing /home/ec2-user/environment/lab4_model_training/venv/lib64/python3.12/site-packages/airflow/example_dags/example_sla_dag.py took 0.063 seconds
[2026-05-09T19:08:58.237+0000] {processor.py:186} INFO - Started process (PID=23535) to work on /home/ec2-user/environment/lab4_model_training/venv/lib64/python3.12/site-packages/airflow/example_dags/example_sla_dag.py
[2026-05-09T19:08:58.238+0000] {processor.py:914} INFO - Processing file /home/ec2-user/environment/lab4_model_training/venv/lib64/python3.12/site-packages/airflow/example_dags/example_sla_dag.py for tasks to queue
[2026-05-09T19:08:58.240+0000] {logging_mixin.py:190} INFO - [2026-05-09T19:08:58.240+0000] {dagbag.py:588} INFO - Filling up the DagBag from /home/ec2-user/environment/lab4_model_training/venv/lib64/python3.12/site-packages/airflow/example_dags/example_sla_dag.py
[2026-05-09T19:08:58.252+0000] {processor.py:925} INFO - DAG(s) 'example_sla_dag' retrieved from /home/ec2-user/environment/lab4_model_training/venv/lib64/python3.12/site-packages/airflow/example_dags/example_sla_dag.py
[2026-05-09T19:08:58.264+0000] {logging_mixin.py:190} INFO - [2026-05-09T19:08:58.264+0000] {dag.py:3239} INFO - Sync 1 DAGs
[2026-05-09T19:08:58.283+0000] {logging_mixin.py:190} INFO - [2026-05-09T19:08:58.283+0000] {dag.py:4180} INFO - Setting next_dagrun for example_sla_dag to 2026-05-09 19:06:00+00:00, run_after=2026-05-09 19:08:00+00:00
[2026-05-09T19:08:58.304+0000] {processor.py:208} INFO - Processing /home/ec2-user/environment/lab4_model_training/venv/lib64/python3.12/site-packages/airflow/example_dags/example_sla_dag.py took 0.071 seconds
[2026-05-09T19:10:03.783+0000] {processor.py:186} INFO - Started process (PID=23870) to work on /home/ec2-user/environment/lab4_model_training/venv/lib64/python3.12/site-packages/airflow/example_dags/example_sla_dag.py
[2026-05-09T19:10:03.784+0000] {processor.py:914} INFO - Processing file /home/ec2-user/environment/lab4_model_training/venv/lib64/python3.12/site-packages/airflow/example_dags/example_sla_dag.py for tasks to queue
[2026-05-09T19:10:03.787+0000] {logging_mixin.py:190} INFO - [2026-05-09T19:10:03.786+0000] {dagbag.py:588} INFO - Filling up the DagBag from /home/ec2-user/environment/lab4_model_training/venv/lib64/python3.12/site-packages/airflow/example_dags/example_sla_dag.py
[2026-05-09T19:10:03.795+0000] {processor.py:925} INFO - DAG(s) 'example_sla_dag' retrieved from /home/ec2-user/environment/lab4_model_training/venv/lib64/python3.12/site-packages/airflow/example_dags/example_sla_dag.py
[2026-05-09T19:10:03.806+0000] {logging_mixin.py:190} INFO - [2026-05-09T19:10:03.806+0000] {dag.py:3239} INFO - Sync 1 DAGs
[2026-05-09T19:10:03.824+0000] {logging_mixin.py:190} INFO - [2026-05-09T19:10:03.824+0000] {dag.py:4180} INFO - Setting next_dagrun for example_sla_dag to 2026-05-09 19:08:00+00:00, run_after=2026-05-09 19:10:00+00:00
[2026-05-09T19:10:03.842+0000] {processor.py:208} INFO - Processing /home/ec2-user/environment/lab4_model_training/venv/lib64/python3.12/site-packages/airflow/example_dags/example_sla_dag.py took 0.063 seconds
[2026-05-09T19:11:10.409+0000] {processor.py:186} INFO - Started process (PID=24272) to work on /home/ec2-user/environment/lab4_model_training/venv/lib64/python3.12/site-packages/airflow/example_dags/example_sla_dag.py
[2026-05-09T19:11:10.410+0000] {processor.py:914} INFO - Processing file /home/ec2-user/environment/lab4_model_training/venv/lib64/python3.12/site-packages/airflow/example_dags/example_sla_dag.py for tasks to queue
[2026-05-09T19:11:10.412+0000] {logging_mixin.py:190} INFO - [2026-05-09T19:11:10.411+0000] {dagbag.py:588} INFO - Filling up the DagBag from /home/ec2-user/environment/lab4_model_training/venv/lib64/python3.12/site-packages/airflow/example_dags/example_sla_dag.py
[2026-05-09T19:11:10.421+0000] {processor.py:925} INFO - DAG(s) 'example_sla_dag' retrieved from /home/ec2-user/environment/lab4_model_training/venv/lib64/python3.12/site-packages/airflow/example_dags/example_sla_dag.py
[2026-05-09T19:11:10.435+0000] {logging_mixin.py:190} INFO - [2026-05-09T19:11:10.435+0000] {dag.py:3239} INFO - Sync 1 DAGs
[2026-05-09T19:11:10.454+0000] {logging_mixin.py:190} INFO - [2026-05-09T19:11:10.454+0000] {dag.py:4180} INFO - Setting next_dagrun for example_sla_dag to 2026-05-09 19:08:00+00:00, run_after=2026-05-09 19:10:00+00:00
[2026-05-09T19:11:10.471+0000] {processor.py:208} INFO - Processing /home/ec2-user/environment/lab4_model_training/venv/lib64/python3.12/site-packages/airflow/example_dags/example_sla_dag.py took 0.066 seconds
[2026-05-09T19:12:18.088+0000] {processor.py:186} INFO - Started process (PID=24601) to work on /home/ec2-user/environment/lab4_model_training/venv/lib64/python3.12/site-packages/airflow/example_dags/example_sla_dag.py
[2026-05-09T19:12:18.090+0000] {processor.py:914} INFO - Processing file /home/ec2-user/environment/lab4_model_training/venv/lib64/python3.12/site-packages/airflow/example_dags/example_sla_dag.py for tasks to queue
[2026-05-09T19:12:18.091+0000] {logging_mixin.py:190} INFO - [2026-05-09T19:12:18.091+0000] {dagbag.py:588} INFO - Filling up the DagBag from /home/ec2-user/environment/lab4_model_training/venv/lib64/python3.12/site-packages/airflow/example_dags/example_sla_dag.py
[2026-05-09T19:12:18.100+0000] {processor.py:925} INFO - DAG(s) 'example_sla_dag' retrieved from /home/ec2-user/environment/lab4_model_training/venv/lib64/python3.12/site-packages/airflow/example_dags/example_sla_dag.py
[2026-05-09T19:12:18.111+0000] {logging_mixin.py:190} INFO - [2026-05-09T19:12:18.111+0000] {dag.py:3239} INFO - Sync 1 DAGs
[2026-05-09T19:12:18.128+0000] {logging_mixin.py:190} INFO - [2026-05-09T19:12:18.128+0000] {dag.py:4180} INFO - Setting next_dagrun for example_sla_dag to 2026-05-09 19:10:00+00:00, run_after=2026-05-09 19:12:00+00:00
[2026-05-09T19:12:18.146+0000] {processor.py:208} INFO - Processing /home/ec2-user/environment/lab4_model_training/venv/lib64/python3.12/site-packages/airflow/example_dags/example_sla_dag.py took 0.062 seconds
[2026-05-09T19:13:24.035+0000] {processor.py:186} INFO - Started process (PID=24998) to work on /home/ec2-user/environment/lab4_model_training/venv/lib64/python3.12/site-packages/airflow/example_dags/example_sla_dag.py
[2026-05-09T19:13:24.036+0000] {processor.py:914} INFO - Processing file /home/ec2-user/environment/lab4_model_training/venv/lib64/python3.12/site-packages/airflow/example_dags/example_sla_dag.py for tasks to queue
[2026-05-09T19:13:24.039+0000] {logging_mixin.py:190} INFO - [2026-05-09T19:13:24.038+0000] {dagbag.py:588} INFO - Filling up the DagBag from /home/ec2-user/environment/lab4_model_training/venv/lib64/python3.12/site-packages/airflow/example_dags/example_sla_dag.py
[2026-05-09T19:13:24.050+0000] {processor.py:925} INFO - DAG(s) 'example_sla_dag' retrieved from /home/ec2-user/environment/lab4_model_training/venv/lib64/python3.12/site-packages/airflow/example_dags/example_sla_dag.py
[2026-05-09T19:13:24.061+0000] {logging_mixin.py:190} INFO - [2026-05-09T19:13:24.061+0000] {dag.py:3239} INFO - Sync 1 DAGs
[2026-05-09T19:13:24.080+0000] {logging_mixin.py:190} INFO - [2026-05-09T19:13:24.080+0000] {dag.py:4180} INFO - Setting next_dagrun for example_sla_dag to 2026-05-09 19:10:00+00:00, run_after=2026-05-09 19:12:00+00:00
[2026-05-09T19:13:24.099+0000] {processor.py:208} INFO - Processing /home/ec2-user/environment/lab4_model_training/venv/lib64/python3.12/site-packages/airflow/example_dags/example_sla_dag.py took 0.069 seconds
[2026-05-09T19:14:28.857+0000] {processor.py:186} INFO - Started process (PID=25365) to work on /home/ec2-user/environment/lab4_model_training/venv/lib64/python3.12/site-packages/airflow/example_dags/example_sla_dag.py
[2026-05-09T19:14:28.858+0000] {processor.py:914} INFO - Processing file /home/ec2-user/environment/lab4_model_training/venv/lib64/python3.12/site-packages/airflow/example_dags/example_sla_dag.py for tasks to queue
[2026-05-09T19:14:28.860+0000] {logging_mixin.py:190} INFO - [2026-05-09T19:14:28.859+0000] {dagbag.py:588} INFO - Filling up the DagBag from /home/ec2-user/environment/lab4_model_training/venv/lib64/python3.12/site-packages/airflow/example_dags/example_sla_dag.py
[2026-05-09T19:14:28.868+0000] {processor.py:925} INFO - DAG(s) 'example_sla_dag' retrieved from /home/ec2-user/environment/lab4_model_training/venv/lib64/python3.12/site-packages/airflow/example_dags/example_sla_dag.py
[2026-05-09T19:14:28.879+0000] {logging_mixin.py:190} INFO - [2026-05-09T19:14:28.879+0000] {dag.py:3239} INFO - Sync 1 DAGs
[2026-05-09T19:14:28.897+0000] {logging_mixin.py:190} INFO - [2026-05-09T19:14:28.896+0000] {dag.py:4180} INFO - Setting next_dagrun for example_sla_dag to 2026-05-09 19:12:00+00:00, run_after=2026-05-09 19:14:00+00:00
[2026-05-09T19:14:28.913+0000] {processor.py:208} INFO - Processing /home/ec2-user/environment/lab4_model_training/venv/lib64/python3.12/site-packages/airflow/example_dags/example_sla_dag.py took 0.061 seconds
[2026-05-09T19:15:36.192+0000] {processor.py:186} INFO - Started process (PID=25659) to work on /home/ec2-user/environment/lab4_model_training/venv/lib64/python3.12/site-packages/airflow/example_dags/example_sla_dag.py
[2026-05-09T19:15:36.193+0000] {processor.py:914} INFO - Processing file /home/ec2-user/environment/lab4_model_training/venv/lib64/python3.12/site-packages/airflow/example_dags/example_sla_dag.py for tasks to queue
[2026-05-09T19:15:36.195+0000] {logging_mixin.py:190} INFO - [2026-05-09T19:15:36.195+0000] {dagbag.py:588} INFO - Filling up the DagBag from /home/ec2-user/environment/lab4_model_training/venv/lib64/python3.12/site-packages/airflow/example_dags/example_sla_dag.py
[2026-05-09T19:15:36.206+0000] {processor.py:925} INFO - DAG(s) 'example_sla_dag' retrieved from /home/ec2-user/environment/lab4_model_training/venv/lib64/python3.12/site-packages/airflow/example_dags/example_sla_dag.py
[2026-05-09T19:15:36.218+0000] {logging_mixin.py:190} INFO - [2026-05-09T19:15:36.218+0000] {dag.py:3239} INFO - Sync 1 DAGs
[2026-05-09T19:15:36.237+0000] {logging_mixin.py:190} INFO - [2026-05-09T19:15:36.237+0000] {dag.py:4180} INFO - Setting next_dagrun for example_sla_dag to 2026-05-09 19:12:00+00:00, run_after=2026-05-09 19:14:00+00:00
[2026-05-09T19:15:36.257+0000] {processor.py:208} INFO - Processing /home/ec2-user/environment/lab4_model_training/venv/lib64/python3.12/site-packages/airflow/example_dags/example_sla_dag.py took 0.069 seconds
[2026-05-09T19:16:42.186+0000] {processor.py:186} INFO - Started process (PID=25947) to work on /home/ec2-user/environment/lab4_model_training/venv/lib64/python3.12/site-packages/airflow/example_dags/example_sla_dag.py
[2026-05-09T19:16:42.188+0000] {processor.py:914} INFO - Processing file /home/ec2-user/environment/lab4_model_training/venv/lib64/python3.12/site-packages/airflow/example_dags/example_sla_dag.py for tasks to queue
[2026-05-09T19:16:42.189+0000] {logging_mixin.py:190} INFO - [2026-05-09T19:16:42.189+0000] {dagbag.py:588} INFO - Filling up the DagBag from /home/ec2-user/environment/lab4_model_training/venv/lib64/python3.12/site-packages/airflow/example_dags/example_sla_dag.py
[2026-05-09T19:16:42.198+0000] {processor.py:925} INFO - DAG(s) 'example_sla_dag' retrieved from /home/ec2-user/environment/lab4_model_training/venv/lib64/python3.12/site-packages/airflow/example_dags/example_sla_dag.py
[2026-05-09T19:16:42.210+0000] {logging_mixin.py:190} INFO - [2026-05-09T19:16:42.210+0000] {dag.py:3239} INFO - Sync 1 DAGs
[2026-05-09T19:16:42.227+0000] {logging_mixin.py:190} INFO - [2026-05-09T19:16:42.227+0000] {dag.py:4180} INFO - Setting next_dagrun for example_sla_dag to 2026-05-09 19:14:00+00:00, run_after=2026-05-09 19:16:00+00:00
[2026-05-09T19:16:42.246+0000] {processor.py:208} INFO - Processing /home/ec2-user/environment/lab4_model_training/venv/lib64/python3.12/site-packages/airflow/example_dags/example_sla_dag.py took 0.064 seconds
[2026-05-09T19:17:48.362+0000] {processor.py:186} INFO - Started process (PID=26391) to work on /home/ec2-user/environment/lab4_model_training/venv/lib64/python3.12/site-packages/airflow/example_dags/example_sla_dag.py
[2026-05-09T19:17:48.363+0000] {processor.py:914} INFO - Processing file /home/ec2-user/environment/lab4_model_training/venv/lib64/python3.12/site-packages/airflow/example_dags/example_sla_dag.py for tasks to queue
[2026-05-09T19:17:48.365+0000] {logging_mixin.py:190} INFO - [2026-05-09T19:17:48.364+0000] {dagbag.py:588} INFO - Filling up the DagBag from /home/ec2-user/environment/lab4_model_training/venv/lib64/python3.12/site-packages/airflow/example_dags/example_sla_dag.py
[2026-05-09T19:17:48.373+0000] {processor.py:925} INFO - DAG(s) 'example_sla_dag' retrieved from /home/ec2-user/environment/lab4_model_training/venv/lib64/python3.12/site-packages/airflow/example_dags/example_sla_dag.py
[2026-05-09T19:17:48.384+0000] {logging_mixin.py:190} INFO - [2026-05-09T19:17:48.384+0000] {dag.py:3239} INFO - Sync 1 DAGs
[2026-05-09T19:17:48.401+0000] {logging_mixin.py:190} INFO - [2026-05-09T19:17:48.401+0000] {dag.py:4180} INFO - Setting next_dagrun for example_sla_dag to 2026-05-09 19:14:00+00:00, run_after=2026-05-09 19:16:00+00:00
[2026-05-09T19:17:48.419+0000] {processor.py:208} INFO - Processing /home/ec2-user/environment/lab4_model_training/venv/lib64/python3.12/site-packages/airflow/example_dags/example_sla_dag.py took 0.061 seconds
[2026-05-09T19:18:51.920+0000] {processor.py:186} INFO - Started process (PID=26795) to work on /home/ec2-user/environment/lab4_model_training/venv/lib64/python3.12/site-packages/airflow/example_dags/example_sla_dag.py
[2026-05-09T19:18:51.922+0000] {processor.py:914} INFO - Processing file /home/ec2-user/environment/lab4_model_training/venv/lib64/python3.12/site-packages/airflow/example_dags/example_sla_dag.py for tasks to queue
[2026-05-09T19:18:51.923+0000] {logging_mixin.py:190} INFO - [2026-05-09T19:18:51.923+0000] {dagbag.py:588} INFO - Filling up the DagBag from /home/ec2-user/environment/lab4_model_training/venv/lib64/python3.12/site-packages/airflow/example_dags/example_sla_dag.py
[2026-05-09T19:18:51.931+0000] {processor.py:925} INFO - DAG(s) 'example_sla_dag' retrieved from /home/ec2-user/environment/lab4_model_training/venv/lib64/python3.12/site-packages/airflow/example_dags/example_sla_dag.py
[2026-05-09T19:18:51.943+0000] {logging_mixin.py:190} INFO - [2026-05-09T19:18:51.943+0000] {dag.py:3239} INFO - Sync 1 DAGs
[2026-05-09T19:18:51.960+0000] {logging_mixin.py:190} INFO - [2026-05-09T19:18:51.959+0000] {dag.py:4180} INFO - Setting next_dagrun for example_sla_dag to 2026-05-09 19:16:00+00:00, run_after=2026-05-09 19:18:00+00:00
[2026-05-09T19:18:51.978+0000] {processor.py:208} INFO - Processing /home/ec2-user/environment/lab4_model_training/venv/lib64/python3.12/site-packages/airflow/example_dags/example_sla_dag.py took 0.061 seconds
[2026-05-09T19:19:58.339+0000] {processor.py:186} INFO - Started process (PID=27233) to work on /home/ec2-user/environment/lab4_model_training/venv/lib64/python3.12/site-packages/airflow/example_dags/example_sla_dag.py
[2026-05-09T19:19:58.340+0000] {processor.py:914} INFO - Processing file /home/ec2-user/environment/lab4_model_training/venv/lib64/python3.12/site-packages/airflow/example_dags/example_sla_dag.py for tasks to queue
[2026-05-09T19:19:58.342+0000] {logging_mixin.py:190} INFO - [2026-05-09T19:19:58.341+0000] {dagbag.py:588} INFO - Filling up the DagBag from /home/ec2-user/environment/lab4_model_training/venv/lib64/python3.12/site-packages/airflow/example_dags/example_sla_dag.py
[2026-05-09T19:19:58.350+0000] {processor.py:925} INFO - DAG(s) 'example_sla_dag' retrieved from /home/ec2-user/environment/lab4_model_training/venv/lib64/python3.12/site-packages/airflow/example_dags/example_sla_dag.py
[2026-05-09T19:19:58.362+0000] {logging_mixin.py:190} INFO - [2026-05-09T19:19:58.361+0000] {dag.py:3239} INFO - Sync 1 DAGs
[2026-05-09T19:19:58.379+0000] {logging_mixin.py:190} INFO - [2026-05-09T19:19:58.379+0000] {dag.py:4180} INFO - Setting next_dagrun for example_sla_dag to 2026-05-09 19:16:00+00:00, run_after=2026-05-09 19:18:00+00:00
[2026-05-09T19:19:58.397+0000] {processor.py:208} INFO - Processing /home/ec2-user/environment/lab4_model_training/venv/lib64/python3.12/site-packages/airflow/example_dags/example_sla_dag.py took 0.063 seconds
[2026-05-09T19:21:03.591+0000] {processor.py:186} INFO - Started process (PID=27447) to work on /home/ec2-user/environment/lab4_model_training/venv/lib64/python3.12/site-packages/airflow/example_dags/example_sla_dag.py
[2026-05-09T19:21:03.592+0000] {processor.py:914} INFO - Processing file /home/ec2-user/environment/lab4_model_training/venv/lib64/python3.12/site-packages/airflow/example_dags/example_sla_dag.py for tasks to queue
[2026-05-09T19:21:03.594+0000] {logging_mixin.py:190} INFO - [2026-05-09T19:21:03.593+0000] {dagbag.py:588} INFO - Filling up the DagBag from /home/ec2-user/environment/lab4_model_training/venv/lib64/python3.12/site-packages/airflow/example_dags/example_sla_dag.py
[2026-05-09T19:21:03.602+0000] {processor.py:925} INFO - DAG(s) 'example_sla_dag' retrieved from /home/ec2-user/environment/lab4_model_training/venv/lib64/python3.12/site-packages/airflow/example_dags/example_sla_dag.py
[2026-05-09T19:21:03.617+0000] {logging_mixin.py:190} INFO - [2026-05-09T19:21:03.617+0000] {dag.py:3239} INFO - Sync 1 DAGs
[2026-05-09T19:21:03.635+0000] {logging_mixin.py:190} INFO - [2026-05-09T19:21:03.635+0000] {dag.py:4180} INFO - Setting next_dagrun for example_sla_dag to 2026-05-09 19:18:00+00:00, run_after=2026-05-09 19:20:00+00:00
[2026-05-09T19:21:03.654+0000] {processor.py:208} INFO - Processing /home/ec2-user/environment/lab4_model_training/venv/lib64/python3.12/site-packages/airflow/example_dags/example_sla_dag.py took 0.067 seconds
[2026-05-09T19:22:07.756+0000] {processor.py:186} INFO - Started process (PID=27658) to work on /home/ec2-user/environment/lab4_model_training/venv/lib64/python3.12/site-packages/airflow/example_dags/example_sla_dag.py
[2026-05-09T19:22:07.757+0000] {processor.py:914} INFO - Processing file /home/ec2-user/environment/lab4_model_training/venv/lib64/python3.12/site-packages/airflow/example_dags/example_sla_dag.py for tasks to queue
[2026-05-09T19:22:07.758+0000] {logging_mixin.py:190} INFO - [2026-05-09T19:22:07.758+0000] {dagbag.py:588} INFO - Filling up the DagBag from /home/ec2-user/environment/lab4_model_training/venv/lib64/python3.12/site-packages/airflow/example_dags/example_sla_dag.py
[2026-05-09T19:22:07.766+0000] {processor.py:925} INFO - DAG(s) 'example_sla_dag' retrieved from /home/ec2-user/environment/lab4_model_training/venv/lib64/python3.12/site-packages/airflow/example_dags/example_sla_dag.py
[2026-05-09T19:22:07.777+0000] {logging_mixin.py:190} INFO - [2026-05-09T19:22:07.777+0000] {dag.py:3239} INFO - Sync 1 DAGs
[2026-05-09T19:22:07.794+0000] {logging_mixin.py:190} INFO - [2026-05-09T19:22:07.794+0000] {dag.py:4180} INFO - Setting next_dagrun for example_sla_dag to 2026-05-09 19:20:00+00:00, run_after=2026-05-09 19:22:00+00:00
[2026-05-09T19:22:07.811+0000] {processor.py:208} INFO - Processing /home/ec2-user/environment/lab4_model_training/venv/lib64/python3.12/site-packages/airflow/example_dags/example_sla_dag.py took 0.060 seconds
[2026-05-09T19:23:17.808+0000] {processor.py:186} INFO - Started process (PID=27757) to work on /home/ec2-user/environment/lab4_model_training/venv/lib64/python3.12/site-packages/airflow/example_dags/example_sla_dag.py
[2026-05-09T19:23:17.810+0000] {processor.py:914} INFO - Processing file /home/ec2-user/environment/lab4_model_training/venv/lib64/python3.12/site-packages/airflow/example_dags/example_sla_dag.py for tasks to queue
[2026-05-09T19:23:17.812+0000] {logging_mixin.py:190} INFO - [2026-05-09T19:23:17.811+0000] {dagbag.py:588} INFO - Filling up the DagBag from /home/ec2-user/environment/lab4_model_training/venv/lib64/python3.12/site-packages/airflow/example_dags/example_sla_dag.py
[2026-05-09T19:23:17.820+0000] {processor.py:925} INFO - DAG(s) 'example_sla_dag' retrieved from /home/ec2-user/environment/lab4_model_training/venv/lib64/python3.12/site-packages/airflow/example_dags/example_sla_dag.py
[2026-05-09T19:23:17.831+0000] {logging_mixin.py:190} INFO - [2026-05-09T19:23:17.831+0000] {dag.py:3239} INFO - Sync 1 DAGs
[2026-05-09T19:23:17.847+0000] {logging_mixin.py:190} INFO - [2026-05-09T19:23:17.847+0000] {dag.py:4180} INFO - Setting next_dagrun for example_sla_dag to 2026-05-09 19:20:00+00:00, run_after=2026-05-09 19:22:00+00:00
[2026-05-09T19:23:17.864+0000] {processor.py:208} INFO - Processing /home/ec2-user/environment/lab4_model_training/venv/lib64/python3.12/site-packages/airflow/example_dags/example_sla_dag.py took 0.059 seconds
[2026-05-09T19:24:22.846+0000] {processor.py:186} INFO - Started process (PID=27895) to work on /home/ec2-user/environment/lab4_model_training/venv/lib64/python3.12/site-packages/airflow/example_dags/example_sla_dag.py
[2026-05-09T19:24:22.847+0000] {processor.py:914} INFO - Processing file /home/ec2-user/environment/lab4_model_training/venv/lib64/python3.12/site-packages/airflow/example_dags/example_sla_dag.py for tasks to queue
[2026-05-09T19:24:22.849+0000] {logging_mixin.py:190} INFO - [2026-05-09T19:24:22.849+0000] {dagbag.py:588} INFO - Filling up the DagBag from /home/ec2-user/environment/lab4_model_training/venv/lib64/python3.12/site-packages/airflow/example_dags/example_sla_dag.py
[2026-05-09T19:24:22.857+0000] {processor.py:925} INFO - DAG(s) 'example_sla_dag' retrieved from /home/ec2-user/environment/lab4_model_training/venv/lib64/python3.12/site-packages/airflow/example_dags/example_sla_dag.py
[2026-05-09T19:24:22.868+0000] {logging_mixin.py:190} INFO - [2026-05-09T19:24:22.868+0000] {dag.py:3239} INFO - Sync 1 DAGs
[2026-05-09T19:24:22.885+0000] {logging_mixin.py:190} INFO - [2026-05-09T19:24:22.885+0000] {dag.py:4180} INFO - Setting next_dagrun for example_sla_dag to 2026-05-09 19:22:00+00:00, run_after=2026-05-09 19:24:00+00:00
[2026-05-09T19:24:22.902+0000] {processor.py:208} INFO - Processing /home/ec2-user/environment/lab4_model_training/venv/lib64/python3.12/site-packages/airflow/example_dags/example_sla_dag.py took 0.061 seconds
[2026-05-09T19:25:24.506+0000] {processor.py:186} INFO - Started process (PID=28026) to work on /home/ec2-user/environment/lab4_model_training/venv/lib64/python3.12/site-packages/airflow/example_dags/example_sla_dag.py
[2026-05-09T19:25:24.507+0000] {processor.py:914} INFO - Processing file /home/ec2-user/environment/lab4_model_training/venv/lib64/python3.12/site-packages/airflow/example_dags/example_sla_dag.py for tasks to queue
[2026-05-09T19:25:24.509+0000] {logging_mixin.py:190} INFO - [2026-05-09T19:25:24.509+0000] {dagbag.py:588} INFO - Filling up the DagBag from /home/ec2-user/environment/lab4_model_training/venv/lib64/python3.12/site-packages/airflow/example_dags/example_sla_dag.py
[2026-05-09T19:25:24.517+0000] {processor.py:925} INFO - DAG(s) 'example_sla_dag' retrieved from /home/ec2-user/environment/lab4_model_training/venv/lib64/python3.12/site-packages/airflow/example_dags/example_sla_dag.py
[2026-05-09T19:25:24.528+0000] {logging_mixin.py:190} INFO - [2026-05-09T19:25:24.528+0000] {dag.py:3239} INFO - Sync 1 DAGs
[2026-05-09T19:25:24.545+0000] {logging_mixin.py:190} INFO - [2026-05-09T19:25:24.545+0000] {dag.py:4180} INFO - Setting next_dagrun for example_sla_dag to 2026-05-09 19:22:00+00:00, run_after=2026-05-09 19:24:00+00:00
[2026-05-09T19:25:24.562+0000] {processor.py:208} INFO - Processing /home/ec2-user/environment/lab4_model_training/venv/lib64/python3.12/site-packages/airflow/example_dags/example_sla_dag.py took 0.060 seconds
[2026-05-09T19:26:25.959+0000] {processor.py:186} INFO - Started process (PID=28109) to work on /home/ec2-user/environment/lab4_model_training/venv/lib64/python3.12/site-packages/airflow/example_dags/example_sla_dag.py
[2026-05-09T19:26:25.960+0000] {processor.py:914} INFO - Processing file /home/ec2-user/environment/lab4_model_training/venv/lib64/python3.12/site-packages/airflow/example_dags/example_sla_dag.py for tasks to queue
[2026-05-09T19:26:25.962+0000] {logging_mixin.py:190} INFO - [2026-05-09T19:26:25.962+0000] {dagbag.py:588} INFO - Filling up the DagBag from /home/ec2-user/environment/lab4_model_training/venv/lib64/python3.12/site-packages/airflow/example_dags/example_sla_dag.py
[2026-05-09T19:26:25.971+0000] {processor.py:925} INFO - DAG(s) 'example_sla_dag' retrieved from /home/ec2-user/environment/lab4_model_training/venv/lib64/python3.12/site-packages/airflow/example_dags/example_sla_dag.py
[2026-05-09T19:26:25.981+0000] {logging_mixin.py:190} INFO - [2026-05-09T19:26:25.981+0000] {dag.py:3239} INFO - Sync 1 DAGs
[2026-05-09T19:26:25.998+0000] {logging_mixin.py:190} INFO - [2026-05-09T19:26:25.998+0000] {dag.py:4180} INFO - Setting next_dagrun for example_sla_dag to 2026-05-09 19:24:00+00:00, run_after=2026-05-09 19:26:00+00:00
[2026-05-09T19:26:26.016+0000] {processor.py:208} INFO - Processing /home/ec2-user/environment/lab4_model_training/venv/lib64/python3.12/site-packages/airflow/example_dags/example_sla_dag.py took 0.061 seconds
[2026-05-09T19:27:26.889+0000] {processor.py:186} INFO - Started process (PID=28242) to work on /home/ec2-user/environment/lab4_model_training/venv/lib64/python3.12/site-packages/airflow/example_dags/example_sla_dag.py
[2026-05-09T19:27:26.890+0000] {processor.py:914} INFO - Processing file /home/ec2-user/environment/lab4_model_training/venv/lib64/python3.12/site-packages/airflow/example_dags/example_sla_dag.py for tasks to queue
[2026-05-09T19:27:26.891+0000] {logging_mixin.py:190} INFO - [2026-05-09T19:27:26.891+0000] {dagbag.py:588} INFO - Filling up the DagBag from /home/ec2-user/environment/lab4_model_training/venv/lib64/python3.12/site-packages/airflow/example_dags/example_sla_dag.py
[2026-05-09T19:27:26.900+0000] {processor.py:925} INFO - DAG(s) 'example_sla_dag' retrieved from /home/ec2-user/environment/lab4_model_training/venv/lib64/python3.12/site-packages/airflow/example_dags/example_sla_dag.py
[2026-05-09T19:27:26.911+0000] {logging_mixin.py:190} INFO - [2026-05-09T19:27:26.910+0000] {dag.py:3239} INFO - Sync 1 DAGs
[2026-05-09T19:27:26.928+0000] {logging_mixin.py:190} INFO - [2026-05-09T19:27:26.928+0000] {dag.py:4180} INFO - Setting next_dagrun for example_sla_dag to 2026-05-09 19:24:00+00:00, run_after=2026-05-09 19:26:00+00:00
[2026-05-09T19:27:26.945+0000] {processor.py:208} INFO - Processing /home/ec2-user/environment/lab4_model_training/venv/lib64/python3.12/site-packages/airflow/example_dags/example_sla_dag.py took 0.060 seconds
[2026-05-09T19:28:29.411+0000] {processor.py:186} INFO - Started process (PID=28332) to work on /home/ec2-user/environment/lab4_model_training/venv/lib64/python3.12/site-packages/airflow/example_dags/example_sla_dag.py
[2026-05-09T19:28:29.412+0000] {processor.py:914} INFO - Processing file /home/ec2-user/environment/lab4_model_training/venv/lib64/python3.12/site-packages/airflow/example_dags/example_sla_dag.py for tasks to queue
[2026-05-09T19:28:29.413+0000] {logging_mixin.py:190} INFO - [2026-05-09T19:28:29.413+0000] {dagbag.py:588} INFO - Filling up the DagBag from /home/ec2-user/environment/lab4_model_training/venv/lib64/python3.12/site-packages/airflow/example_dags/example_sla_dag.py
[2026-05-09T19:28:29.422+0000] {processor.py:925} INFO - DAG(s) 'example_sla_dag' retrieved from /home/ec2-user/environment/lab4_model_training/venv/lib64/python3.12/site-packages/airflow/example_dags/example_sla_dag.py
[2026-05-09T19:28:29.433+0000] {logging_mixin.py:190} INFO - [2026-05-09T19:28:29.433+0000] {dag.py:3239} INFO - Sync 1 DAGs
[2026-05-09T19:28:29.450+0000] {logging_mixin.py:190} INFO - [2026-05-09T19:28:29.449+0000] {dag.py:4180} INFO - Setting next_dagrun for example_sla_dag to 2026-05-09 19:26:00+00:00, run_after=2026-05-09 19:28:00+00:00
[2026-05-09T19:28:29.466+0000] {processor.py:208} INFO - Processing /home/ec2-user/environment/lab4_model_training/venv/lib64/python3.12/site-packages/airflow/example_dags/example_sla_dag.py took 0.060 seconds
[2026-05-09T19:29:28.370+0000] {processor.py:186} INFO - Started process (PID=28462) to work on /home/ec2-user/environment/lab4_model_training/venv/lib64/python3.12/site-packages/airflow/example_dags/example_sla_dag.py
[2026-05-09T19:29:28.371+0000] {processor.py:914} INFO - Processing file /home/ec2-user/environment/lab4_model_training/venv/lib64/python3.12/site-packages/airflow/example_dags/example_sla_dag.py for tasks to queue
[2026-05-09T19:29:28.373+0000] {logging_mixin.py:190} INFO - [2026-05-09T19:29:28.372+0000] {dagbag.py:588} INFO - Filling up the DagBag from /home/ec2-user/environment/lab4_model_training/venv/lib64/python3.12/site-packages/airflow/example_dags/example_sla_dag.py
[2026-05-09T19:29:28.380+0000] {processor.py:925} INFO - DAG(s) 'example_sla_dag' retrieved from /home/ec2-user/environment/lab4_model_training/venv/lib64/python3.12/site-packages/airflow/example_dags/example_sla_dag.py
[2026-05-09T19:29:28.392+0000] {logging_mixin.py:190} INFO - [2026-05-09T19:29:28.392+0000] {dag.py:3239} INFO - Sync 1 DAGs
[2026-05-09T19:29:28.409+0000] {logging_mixin.py:190} INFO - [2026-05-09T19:29:28.409+0000] {dag.py:4180} INFO - Setting next_dagrun for example_sla_dag to 2026-05-09 19:26:00+00:00, run_after=2026-05-09 19:28:00+00:00
[2026-05-09T19:29:28.426+0000] {processor.py:208} INFO - Processing /home/ec2-user/environment/lab4_model_training/venv/lib64/python3.12/site-packages/airflow/example_dags/example_sla_dag.py took 0.061 seconds
[2026-05-09T19:30:33.311+0000] {processor.py:186} INFO - Started process (PID=29094) to work on /home/ec2-user/environment/lab4_model_training/venv/lib64/python3.12/site-packages/airflow/example_dags/example_sla_dag.py
[2026-05-09T19:30:33.312+0000] {processor.py:914} INFO - Processing file /home/ec2-user/environment/lab4_model_training/venv/lib64/python3.12/site-packages/airflow/example_dags/example_sla_dag.py for tasks to queue
[2026-05-09T19:30:33.314+0000] {logging_mixin.py:190} INFO - [2026-05-09T19:30:33.313+0000] {dagbag.py:588} INFO - Filling up the DagBag from /home/ec2-user/environment/lab4_model_training/venv/lib64/python3.12/site-packages/airflow/example_dags/example_sla_dag.py
[2026-05-09T19:30:33.323+0000] {processor.py:925} INFO - DAG(s) 'example_sla_dag' retrieved from /home/ec2-user/environment/lab4_model_training/venv/lib64/python3.12/site-packages/airflow/example_dags/example_sla_dag.py
[2026-05-09T19:30:33.334+0000] {logging_mixin.py:190} INFO - [2026-05-09T19:30:33.334+0000] {dag.py:3239} INFO - Sync 1 DAGs
[2026-05-09T19:30:33.352+0000] {logging_mixin.py:190} INFO - [2026-05-09T19:30:33.352+0000] {dag.py:4180} INFO - Setting next_dagrun for example_sla_dag to 2026-05-09 19:28:00+00:00, run_after=2026-05-09 19:30:00+00:00
[2026-05-09T19:30:33.370+0000] {processor.py:208} INFO - Processing /home/ec2-user/environment/lab4_model_training/venv/lib64/python3.12/site-packages/airflow/example_dags/example_sla_dag.py took 0.064 seconds
[2026-05-09T19:31:38.046+0000] {processor.py:186} INFO - Started process (PID=29586) to work on /home/ec2-user/environment/lab4_model_training/venv/lib64/python3.12/site-packages/airflow/example_dags/example_sla_dag.py
[2026-05-09T19:31:38.047+0000] {processor.py:914} INFO - Processing file /home/ec2-user/environment/lab4_model_training/venv/lib64/python3.12/site-packages/airflow/example_dags/example_sla_dag.py for tasks to queue
[2026-05-09T19:31:38.048+0000] {logging_mixin.py:190} INFO - [2026-05-09T19:31:38.048+0000] {dagbag.py:588} INFO - Filling up the DagBag from /home/ec2-user/environment/lab4_model_training/venv/lib64/python3.12/site-packages/airflow/example_dags/example_sla_dag.py
[2026-05-09T19:31:38.057+0000] {processor.py:925} INFO - DAG(s) 'example_sla_dag' retrieved from /home/ec2-user/environment/lab4_model_training/venv/lib64/python3.12/site-packages/airflow/example_dags/example_sla_dag.py
[2026-05-09T19:31:38.069+0000] {logging_mixin.py:190} INFO - [2026-05-09T19:31:38.069+0000] {dag.py:3239} INFO - Sync 1 DAGs
[2026-05-09T19:31:38.086+0000] {logging_mixin.py:190} INFO - [2026-05-09T19:31:38.086+0000] {dag.py:4180} INFO - Setting next_dagrun for example_sla_dag to 2026-05-09 19:28:00+00:00, run_after=2026-05-09 19:30:00+00:00
[2026-05-09T19:31:38.104+0000] {processor.py:208} INFO - Processing /home/ec2-user/environment/lab4_model_training/venv/lib64/python3.12/site-packages/airflow/example_dags/example_sla_dag.py took 0.063 seconds
[2026-05-09T19:32:37.920+0000] {processor.py:186} INFO - Started process (PID=30003) to work on /home/ec2-user/environment/lab4_model_training/venv/lib64/python3.12/site-packages/airflow/example_dags/example_sla_dag.py
[2026-05-09T19:32:37.921+0000] {processor.py:914} INFO - Processing file /home/ec2-user/environment/lab4_model_training/venv/lib64/python3.12/site-packages/airflow/example_dags/example_sla_dag.py for tasks to queue
[2026-05-09T19:32:37.923+0000] {logging_mixin.py:190} INFO - [2026-05-09T19:32:37.922+0000] {dagbag.py:588} INFO - Filling up the DagBag from /home/ec2-user/environment/lab4_model_training/venv/lib64/python3.12/site-packages/airflow/example_dags/example_sla_dag.py
[2026-05-09T19:32:37.931+0000] {processor.py:925} INFO - DAG(s) 'example_sla_dag' retrieved from /home/ec2-user/environment/lab4_model_training/venv/lib64/python3.12/site-packages/airflow/example_dags/example_sla_dag.py
[2026-05-09T19:32:37.943+0000] {logging_mixin.py:190} INFO - [2026-05-09T19:32:37.943+0000] {dag.py:3239} INFO - Sync 1 DAGs
[2026-05-09T19:32:37.960+0000] {logging_mixin.py:190} INFO - [2026-05-09T19:32:37.960+0000] {dag.py:4180} INFO - Setting next_dagrun for example_sla_dag to 2026-05-09 19:30:00+00:00, run_after=2026-05-09 19:32:00+00:00
[2026-05-09T19:32:37.979+0000] {processor.py:208} INFO - Processing /home/ec2-user/environment/lab4_model_training/venv/lib64/python3.12/site-packages/airflow/example_dags/example_sla_dag.py took 0.063 seconds
[2026-05-09T19:33:43.913+0000] {processor.py:186} INFO - Started process (PID=30480) to work on /home/ec2-user/environment/lab4_model_training/venv/lib64/python3.12/site-packages/airflow/example_dags/example_sla_dag.py
[2026-05-09T19:33:43.914+0000] {processor.py:914} INFO - Processing file /home/ec2-user/environment/lab4_model_training/venv/lib64/python3.12/site-packages/airflow/example_dags/example_sla_dag.py for tasks to queue
[2026-05-09T19:33:43.916+0000] {logging_mixin.py:190} INFO - [2026-05-09T19:33:43.916+0000] {dagbag.py:588} INFO - Filling up the DagBag from /home/ec2-user/environment/lab4_model_training/venv/lib64/python3.12/site-packages/airflow/example_dags/example_sla_dag.py
[2026-05-09T19:33:43.925+0000] {processor.py:925} INFO - DAG(s) 'example_sla_dag' retrieved from /home/ec2-user/environment/lab4_model_training/venv/lib64/python3.12/site-packages/airflow/example_dags/example_sla_dag.py
[2026-05-09T19:33:43.936+0000] {logging_mixin.py:190} INFO - [2026-05-09T19:33:43.936+0000] {dag.py:3239} INFO - Sync 1 DAGs
[2026-05-09T19:33:43.953+0000] {logging_mixin.py:190} INFO - [2026-05-09T19:33:43.953+0000] {dag.py:4180} INFO - Setting next_dagrun for example_sla_dag to 2026-05-09 19:30:00+00:00, run_after=2026-05-09 19:32:00+00:00
[2026-05-09T19:33:43.973+0000] {processor.py:208} INFO - Processing /home/ec2-user/environment/lab4_model_training/venv/lib64/python3.12/site-packages/airflow/example_dags/example_sla_dag.py took 0.064 seconds
[2026-05-09T19:34:51.624+0000] {processor.py:186} INFO - Started process (PID=30859) to work on /home/ec2-user/environment/lab4_model_training/venv/lib64/python3.12/site-packages/airflow/example_dags/example_sla_dag.py
[2026-05-09T19:34:51.625+0000] {processor.py:914} INFO - Processing file /home/ec2-user/environment/lab4_model_training/venv/lib64/python3.12/site-packages/airflow/example_dags/example_sla_dag.py for tasks to queue
[2026-05-09T19:34:51.627+0000] {logging_mixin.py:190} INFO - [2026-05-09T19:34:51.627+0000] {dagbag.py:588} INFO - Filling up the DagBag from /home/ec2-user/environment/lab4_model_training/venv/lib64/python3.12/site-packages/airflow/example_dags/example_sla_dag.py
[2026-05-09T19:34:51.635+0000] {processor.py:925} INFO - DAG(s) 'example_sla_dag' retrieved from /home/ec2-user/environment/lab4_model_training/venv/lib64/python3.12/site-packages/airflow/example_dags/example_sla_dag.py
[2026-05-09T19:34:51.647+0000] {logging_mixin.py:190} INFO - [2026-05-09T19:34:51.647+0000] {dag.py:3239} INFO - Sync 1 DAGs
[2026-05-09T19:34:51.665+0000] {logging_mixin.py:190} INFO - [2026-05-09T19:34:51.665+0000] {dag.py:4180} INFO - Setting next_dagrun for example_sla_dag to 2026-05-09 19:32:00+00:00, run_after=2026-05-09 19:34:00+00:00
[2026-05-09T19:34:51.683+0000] {processor.py:208} INFO - Processing /home/ec2-user/environment/lab4_model_training/venv/lib64/python3.12/site-packages/airflow/example_dags/example_sla_dag.py took 0.063 seconds
[2026-05-09T19:35:59.312+0000] {processor.py:186} INFO - Started process (PID=31352) to work on /home/ec2-user/environment/lab4_model_training/venv/lib64/python3.12/site-packages/airflow/example_dags/example_sla_dag.py
[2026-05-09T19:35:59.313+0000] {processor.py:914} INFO - Processing file /home/ec2-user/environment/lab4_model_training/venv/lib64/python3.12/site-packages/airflow/example_dags/example_sla_dag.py for tasks to queue
[2026-05-09T19:35:59.315+0000] {logging_mixin.py:190} INFO - [2026-05-09T19:35:59.315+0000] {dagbag.py:588} INFO - Filling up the DagBag from /home/ec2-user/environment/lab4_model_training/venv/lib64/python3.12/site-packages/airflow/example_dags/example_sla_dag.py
[2026-05-09T19:35:59.323+0000] {processor.py:925} INFO - DAG(s) 'example_sla_dag' retrieved from /home/ec2-user/environment/lab4_model_training/venv/lib64/python3.12/site-packages/airflow/example_dags/example_sla_dag.py
[2026-05-09T19:35:59.335+0000] {logging_mixin.py:190} INFO - [2026-05-09T19:35:59.335+0000] {dag.py:3239} INFO - Sync 1 DAGs
[2026-05-09T19:35:59.356+0000] {logging_mixin.py:190} INFO - [2026-05-09T19:35:59.356+0000] {dag.py:4180} INFO - Setting next_dagrun for example_sla_dag to 2026-05-09 19:32:00+00:00, run_after=2026-05-09 19:34:00+00:00
[2026-05-09T19:35:59.396+0000] {processor.py:208} INFO - Processing /home/ec2-user/environment/lab4_model_training/venv/lib64/python3.12/site-packages/airflow/example_dags/example_sla_dag.py took 0.088 seconds
[2026-05-09T19:37:02.003+0000] {processor.py:186} INFO - Started process (PID=31779) to work on /home/ec2-user/environment/lab4_model_training/venv/lib64/python3.12/site-packages/airflow/example_dags/example_sla_dag.py
[2026-05-09T19:37:02.004+0000] {processor.py:914} INFO - Processing file /home/ec2-user/environment/lab4_model_training/venv/lib64/python3.12/site-packages/airflow/example_dags/example_sla_dag.py for tasks to queue
[2026-05-09T19:37:02.006+0000] {logging_mixin.py:190} INFO - [2026-05-09T19:37:02.005+0000] {dagbag.py:588} INFO - Filling up the DagBag from /home/ec2-user/environment/lab4_model_training/venv/lib64/python3.12/site-packages/airflow/example_dags/example_sla_dag.py
[2026-05-09T19:37:02.014+0000] {processor.py:925} INFO - DAG(s) 'example_sla_dag' retrieved from /home/ec2-user/environment/lab4_model_training/venv/lib64/python3.12/site-packages/airflow/example_dags/example_sla_dag.py
[2026-05-09T19:37:02.027+0000] {logging_mixin.py:190} INFO - [2026-05-09T19:37:02.026+0000] {dag.py:3239} INFO - Sync 1 DAGs
[2026-05-09T19:37:02.044+0000] {logging_mixin.py:190} INFO - [2026-05-09T19:37:02.044+0000] {dag.py:4180} INFO - Setting next_dagrun for example_sla_dag to 2026-05-09 19:34:00+00:00, run_after=2026-05-09 19:36:00+00:00
[2026-05-09T19:37:02.064+0000] {processor.py:208} INFO - Processing /home/ec2-user/environment/lab4_model_training/venv/lib64/python3.12/site-packages/airflow/example_dags/example_sla_dag.py took 0.065 seconds
[2026-05-09T19:38:08.261+0000] {processor.py:186} INFO - Started process (PID=31998) to work on /home/ec2-user/environment/lab4_model_training/venv/lib64/python3.12/site-packages/airflow/example_dags/example_sla_dag.py
[2026-05-09T19:38:08.262+0000] {processor.py:914} INFO - Processing file /home/ec2-user/environment/lab4_model_training/venv/lib64/python3.12/site-packages/airflow/example_dags/example_sla_dag.py for tasks to queue
[2026-05-09T19:38:08.264+0000] {logging_mixin.py:190} INFO - [2026-05-09T19:38:08.263+0000] {dagbag.py:588} INFO - Filling up the DagBag from /home/ec2-user/environment/lab4_model_training/venv/lib64/python3.12/site-packages/airflow/example_dags/example_sla_dag.py
[2026-05-09T19:38:08.272+0000] {processor.py:925} INFO - DAG(s) 'example_sla_dag' retrieved from /home/ec2-user/environment/lab4_model_training/venv/lib64/python3.12/site-packages/airflow/example_dags/example_sla_dag.py
[2026-05-09T19:38:08.283+0000] {logging_mixin.py:190} INFO - [2026-05-09T19:38:08.283+0000] {dag.py:3239} INFO - Sync 1 DAGs
[2026-05-09T19:38:08.301+0000] {logging_mixin.py:190} INFO - [2026-05-09T19:38:08.301+0000] {dag.py:4180} INFO - Setting next_dagrun for example_sla_dag to 2026-05-09 19:36:00+00:00, run_after=2026-05-09 19:38:00+00:00
[2026-05-09T19:38:08.320+0000] {processor.py:208} INFO - Processing /home/ec2-user/environment/lab4_model_training/venv/lib64/python3.12/site-packages/airflow/example_dags/example_sla_dag.py took 0.064 seconds
[2026-05-09T19:39:15.570+0000] {processor.py:186} INFO - Started process (PID=32204) to work on /home/ec2-user/environment/lab4_model_training/venv/lib64/python3.12/site-packages/airflow/example_dags/example_sla_dag.py
[2026-05-09T19:39:15.572+0000] {processor.py:914} INFO - Processing file /home/ec2-user/environment/lab4_model_training/venv/lib64/python3.12/site-packages/airflow/example_dags/example_sla_dag.py for tasks to queue
[2026-05-09T19:39:15.574+0000] {logging_mixin.py:190} INFO - [2026-05-09T19:39:15.573+0000] {dagbag.py:588} INFO - Filling up the DagBag from /home/ec2-user/environment/lab4_model_training/venv/lib64/python3.12/site-packages/airflow/example_dags/example_sla_dag.py
[2026-05-09T19:39:15.582+0000] {processor.py:925} INFO - DAG(s) 'example_sla_dag' retrieved from /home/ec2-user/environment/lab4_model_training/venv/lib64/python3.12/site-packages/airflow/example_dags/example_sla_dag.py
[2026-05-09T19:39:15.594+0000] {logging_mixin.py:190} INFO - [2026-05-09T19:39:15.594+0000] {dag.py:3239} INFO - Sync 1 DAGs
[2026-05-09T19:39:15.611+0000] {logging_mixin.py:190} INFO - [2026-05-09T19:39:15.611+0000] {dag.py:4180} INFO - Setting next_dagrun for example_sla_dag to 2026-05-09 19:36:00+00:00, run_after=2026-05-09 19:38:00+00:00
[2026-05-09T19:39:15.629+0000] {processor.py:208} INFO - Processing /home/ec2-user/environment/lab4_model_training/venv/lib64/python3.12/site-packages/airflow/example_dags/example_sla_dag.py took 0.062 seconds
[2026-05-09T19:40:24.327+0000] {processor.py:186} INFO - Started process (PID=32346) to work on /home/ec2-user/environment/lab4_model_training/venv/lib64/python3.12/site-packages/airflow/example_dags/example_sla_dag.py
[2026-05-09T19:40:24.328+0000] {processor.py:914} INFO - Processing file /home/ec2-user/environment/lab4_model_training/venv/lib64/python3.12/site-packages/airflow/example_dags/example_sla_dag.py for tasks to queue
[2026-05-09T19:40:24.330+0000] {logging_mixin.py:190} INFO - [2026-05-09T19:40:24.329+0000] {dagbag.py:588} INFO - Filling up the DagBag from /home/ec2-user/environment/lab4_model_training/venv/lib64/python3.12/site-packages/airflow/example_dags/example_sla_dag.py
[2026-05-09T19:40:24.338+0000] {processor.py:925} INFO - DAG(s) 'example_sla_dag' retrieved from /home/ec2-user/environment/lab4_model_training/venv/lib64/python3.12/site-packages/airflow/example_dags/example_sla_dag.py
[2026-05-09T19:40:24.350+0000] {logging_mixin.py:190} INFO - [2026-05-09T19:40:24.350+0000] {dag.py:3239} INFO - Sync 1 DAGs
[2026-05-09T19:40:24.367+0000] {logging_mixin.py:190} INFO - [2026-05-09T19:40:24.367+0000] {dag.py:4180} INFO - Setting next_dagrun for example_sla_dag to 2026-05-09 19:38:00+00:00, run_after=2026-05-09 19:40:00+00:00
[2026-05-09T19:40:24.385+0000] {processor.py:208} INFO - Processing /home/ec2-user/environment/lab4_model_training/venv/lib64/python3.12/site-packages/airflow/example_dags/example_sla_dag.py took 0.063 seconds
[2026-05-09T19:41:32.673+0000] {processor.py:186} INFO - Started process (PID=32440) to work on /home/ec2-user/environment/lab4_model_training/venv/lib64/python3.12/site-packages/airflow/example_dags/example_sla_dag.py
[2026-05-09T19:41:32.674+0000] {processor.py:914} INFO - Processing file /home/ec2-user/environment/lab4_model_training/venv/lib64/python3.12/site-packages/airflow/example_dags/example_sla_dag.py for tasks to queue
[2026-05-09T19:41:32.675+0000] {logging_mixin.py:190} INFO - [2026-05-09T19:41:32.675+0000] {dagbag.py:588} INFO - Filling up the DagBag from /home/ec2-user/environment/lab4_model_training/venv/lib64/python3.12/site-packages/airflow/example_dags/example_sla_dag.py
[2026-05-09T19:41:32.684+0000] {processor.py:925} INFO - DAG(s) 'example_sla_dag' retrieved from /home/ec2-user/environment/lab4_model_training/venv/lib64/python3.12/site-packages/airflow/example_dags/example_sla_dag.py
[2026-05-09T19:41:32.695+0000] {logging_mixin.py:190} INFO - [2026-05-09T19:41:32.695+0000] {dag.py:3239} INFO - Sync 1 DAGs
[2026-05-09T19:41:32.713+0000] {logging_mixin.py:190} INFO - [2026-05-09T19:41:32.713+0000] {dag.py:4180} INFO - Setting next_dagrun for example_sla_dag to 2026-05-09 19:38:00+00:00, run_after=2026-05-09 19:40:00+00:00
[2026-05-09T19:41:32.730+0000] {processor.py:208} INFO - Processing /home/ec2-user/environment/lab4_model_training/venv/lib64/python3.12/site-packages/airflow/example_dags/example_sla_dag.py took 0.062 seconds
[2026-05-09T19:42:39.690+0000] {processor.py:186} INFO - Started process (PID=32581) to work on /home/ec2-user/environment/lab4_model_training/venv/lib64/python3.12/site-packages/airflow/example_dags/example_sla_dag.py
[2026-05-09T19:42:39.691+0000] {processor.py:914} INFO - Processing file /home/ec2-user/environment/lab4_model_training/venv/lib64/python3.12/site-packages/airflow/example_dags/example_sla_dag.py for tasks to queue
[2026-05-09T19:42:39.693+0000] {logging_mixin.py:190} INFO - [2026-05-09T19:42:39.693+0000] {dagbag.py:588} INFO - Filling up the DagBag from /home/ec2-user/environment/lab4_model_training/venv/lib64/python3.12/site-packages/airflow/example_dags/example_sla_dag.py
[2026-05-09T19:42:39.702+0000] {processor.py:925} INFO - DAG(s) 'example_sla_dag' retrieved from /home/ec2-user/environment/lab4_model_training/venv/lib64/python3.12/site-packages/airflow/example_dags/example_sla_dag.py
[2026-05-09T19:42:39.713+0000] {logging_mixin.py:190} INFO - [2026-05-09T19:42:39.713+0000] {dag.py:3239} INFO - Sync 1 DAGs
[2026-05-09T19:42:39.731+0000] {logging_mixin.py:190} INFO - [2026-05-09T19:42:39.731+0000] {dag.py:4180} INFO - Setting next_dagrun for example_sla_dag to 2026-05-09 19:40:00+00:00, run_after=2026-05-09 19:42:00+00:00
[2026-05-09T19:42:39.847+0000] {processor.py:208} INFO - Processing /home/ec2-user/environment/lab4_model_training/venv/lib64/python3.12/site-packages/airflow/example_dags/example_sla_dag.py took 0.161 seconds
[2026-05-09T19:43:45.026+0000] {processor.py:186} INFO - Started process (PID=32965) to work on /home/ec2-user/environment/lab4_model_training/venv/lib64/python3.12/site-packages/airflow/example_dags/example_sla_dag.py
[2026-05-09T19:43:45.027+0000] {processor.py:914} INFO - Processing file /home/ec2-user/environment/lab4_model_training/venv/lib64/python3.12/site-packages/airflow/example_dags/example_sla_dag.py for tasks to queue
[2026-05-09T19:43:45.029+0000] {logging_mixin.py:190} INFO - [2026-05-09T19:43:45.028+0000] {dagbag.py:588} INFO - Filling up the DagBag from /home/ec2-user/environment/lab4_model_training/venv/lib64/python3.12/site-packages/airflow/example_dags/example_sla_dag.py
[2026-05-09T19:43:45.037+0000] {processor.py:925} INFO - DAG(s) 'example_sla_dag' retrieved from /home/ec2-user/environment/lab4_model_training/venv/lib64/python3.12/site-packages/airflow/example_dags/example_sla_dag.py
[2026-05-09T19:43:45.048+0000] {logging_mixin.py:190} INFO - [2026-05-09T19:43:45.048+0000] {dag.py:3239} INFO - Sync 1 DAGs
[2026-05-09T19:43:45.065+0000] {logging_mixin.py:190} INFO - [2026-05-09T19:43:45.065+0000] {dag.py:4180} INFO - Setting next_dagrun for example_sla_dag to 2026-05-09 19:40:00+00:00, run_after=2026-05-09 19:42:00+00:00
[2026-05-09T19:43:45.083+0000] {processor.py:208} INFO - Processing /home/ec2-user/environment/lab4_model_training/venv/lib64/python3.12/site-packages/airflow/example_dags/example_sla_dag.py took 0.061 seconds
[2026-05-09T19:44:51.606+0000] {processor.py:186} INFO - Started process (PID=33137) to work on /home/ec2-user/environment/lab4_model_training/venv/lib64/python3.12/site-packages/airflow/example_dags/example_sla_dag.py
[2026-05-09T19:44:51.608+0000] {processor.py:914} INFO - Processing file /home/ec2-user/environment/lab4_model_training/venv/lib64/python3.12/site-packages/airflow/example_dags/example_sla_dag.py for tasks to queue
[2026-05-09T19:44:51.609+0000] {logging_mixin.py:190} INFO - [2026-05-09T19:44:51.609+0000] {dagbag.py:588} INFO - Filling up the DagBag from /home/ec2-user/environment/lab4_model_training/venv/lib64/python3.12/site-packages/airflow/example_dags/example_sla_dag.py
[2026-05-09T19:44:51.617+0000] {processor.py:925} INFO - DAG(s) 'example_sla_dag' retrieved from /home/ec2-user/environment/lab4_model_training/venv/lib64/python3.12/site-packages/airflow/example_dags/example_sla_dag.py
[2026-05-09T19:44:51.628+0000] {logging_mixin.py:190} INFO - [2026-05-09T19:44:51.628+0000] {dag.py:3239} INFO - Sync 1 DAGs
[2026-05-09T19:44:51.645+0000] {logging_mixin.py:190} INFO - [2026-05-09T19:44:51.645+0000] {dag.py:4180} INFO - Setting next_dagrun for example_sla_dag to 2026-05-09 19:42:00+00:00, run_after=2026-05-09 19:44:00+00:00
[2026-05-09T19:44:51.662+0000] {processor.py:208} INFO - Processing /home/ec2-user/environment/lab4_model_training/venv/lib64/python3.12/site-packages/airflow/example_dags/example_sla_dag.py took 0.060 seconds
[2026-05-09T19:45:58.551+0000] {processor.py:186} INFO - Started process (PID=33305) to work on /home/ec2-user/environment/lab4_model_training/venv/lib64/python3.12/site-packages/airflow/example_dags/example_sla_dag.py
[2026-05-09T19:45:58.552+0000] {processor.py:914} INFO - Processing file /home/ec2-user/environment/lab4_model_training/venv/lib64/python3.12/site-packages/airflow/example_dags/example_sla_dag.py for tasks to queue
[2026-05-09T19:45:58.553+0000] {logging_mixin.py:190} INFO - [2026-05-09T19:45:58.553+0000] {dagbag.py:588} INFO - Filling up the DagBag from /home/ec2-user/environment/lab4_model_training/venv/lib64/python3.12/site-packages/airflow/example_dags/example_sla_dag.py
[2026-05-09T19:45:58.561+0000] {processor.py:925} INFO - DAG(s) 'example_sla_dag' retrieved from /home/ec2-user/environment/lab4_model_training/venv/lib64/python3.12/site-packages/airflow/example_dags/example_sla_dag.py
[2026-05-09T19:45:58.573+0000] {logging_mixin.py:190} INFO - [2026-05-09T19:45:58.572+0000] {dag.py:3239} INFO - Sync 1 DAGs
[2026-05-09T19:45:58.589+0000] {logging_mixin.py:190} INFO - [2026-05-09T19:45:58.589+0000] {dag.py:4180} INFO - Setting next_dagrun for example_sla_dag to 2026-05-09 19:42:00+00:00, run_after=2026-05-09 19:44:00+00:00
[2026-05-09T19:45:58.607+0000] {processor.py:208} INFO - Processing /home/ec2-user/environment/lab4_model_training/venv/lib64/python3.12/site-packages/airflow/example_dags/example_sla_dag.py took 0.061 seconds
[2026-05-09T19:47:08.038+0000] {processor.py:186} INFO - Started process (PID=33449) to work on /home/ec2-user/environment/lab4_model_training/venv/lib64/python3.12/site-packages/airflow/example_dags/example_sla_dag.py
[2026-05-09T19:47:08.040+0000] {processor.py:914} INFO - Processing file /home/ec2-user/environment/lab4_model_training/venv/lib64/python3.12/site-packages/airflow/example_dags/example_sla_dag.py for tasks to queue
[2026-05-09T19:47:08.041+0000] {logging_mixin.py:190} INFO - [2026-05-09T19:47:08.041+0000] {dagbag.py:588} INFO - Filling up the DagBag from /home/ec2-user/environment/lab4_model_training/venv/lib64/python3.12/site-packages/airflow/example_dags/example_sla_dag.py
[2026-05-09T19:47:08.049+0000] {processor.py:925} INFO - DAG(s) 'example_sla_dag' retrieved from /home/ec2-user/environment/lab4_model_training/venv/lib64/python3.12/site-packages/airflow/example_dags/example_sla_dag.py
[2026-05-09T19:47:08.060+0000] {logging_mixin.py:190} INFO - [2026-05-09T19:47:08.060+0000] {dag.py:3239} INFO - Sync 1 DAGs
[2026-05-09T19:47:08.077+0000] {logging_mixin.py:190} INFO - [2026-05-09T19:47:08.077+0000] {dag.py:4180} INFO - Setting next_dagrun for example_sla_dag to 2026-05-09 19:44:00+00:00, run_after=2026-05-09 19:46:00+00:00
[2026-05-09T19:47:08.094+0000] {processor.py:208} INFO - Processing /home/ec2-user/environment/lab4_model_training/venv/lib64/python3.12/site-packages/airflow/example_dags/example_sla_dag.py took 0.060 seconds
[2026-05-09T19:48:13.853+0000] {processor.py:186} INFO - Started process (PID=33619) to work on /home/ec2-user/environment/lab4_model_training/venv/lib64/python3.12/site-packages/airflow/example_dags/example_sla_dag.py
[2026-05-09T19:48:13.854+0000] {processor.py:914} INFO - Processing file /home/ec2-user/environment/lab4_model_training/venv/lib64/python3.12/site-packages/airflow/example_dags/example_sla_dag.py for tasks to queue
[2026-05-09T19:48:13.855+0000] {logging_mixin.py:190} INFO - [2026-05-09T19:48:13.855+0000] {dagbag.py:588} INFO - Filling up the DagBag from /home/ec2-user/environment/lab4_model_training/venv/lib64/python3.12/site-packages/airflow/example_dags/example_sla_dag.py
[2026-05-09T19:48:13.863+0000] {processor.py:925} INFO - DAG(s) 'example_sla_dag' retrieved from /home/ec2-user/environment/lab4_model_training/venv/lib64/python3.12/site-packages/airflow/example_dags/example_sla_dag.py
[2026-05-09T19:48:13.874+0000] {logging_mixin.py:190} INFO - [2026-05-09T19:48:13.874+0000] {dag.py:3239} INFO - Sync 1 DAGs
[2026-05-09T19:48:13.990+0000] {logging_mixin.py:190} INFO - [2026-05-09T19:48:13.990+0000] {dag.py:4180} INFO - Setting next_dagrun for example_sla_dag to 2026-05-09 19:46:00+00:00, run_after=2026-05-09 19:48:00+00:00
[2026-05-09T19:48:14.007+0000] {processor.py:208} INFO - Processing /home/ec2-user/environment/lab4_model_training/venv/lib64/python3.12/site-packages/airflow/example_dags/example_sla_dag.py took 0.159 seconds
[2026-05-09T19:50:15.556+0000] {processor.py:186} INFO - Started process (PID=33973) to work on /home/ec2-user/environment/lab4_model_training/venv/lib64/python3.12/site-packages/airflow/example_dags/example_sla_dag.py
[2026-05-09T19:50:15.557+0000] {processor.py:914} INFO - Processing file /home/ec2-user/environment/lab4_model_training/venv/lib64/python3.12/site-packages/airflow/example_dags/example_sla_dag.py for tasks to queue
[2026-05-09T19:50:15.558+0000] {logging_mixin.py:190} INFO - [2026-05-09T19:50:15.558+0000] {dagbag.py:588} INFO - Filling up the DagBag from /home/ec2-user/environment/lab4_model_training/venv/lib64/python3.12/site-packages/airflow/example_dags/example_sla_dag.py
[2026-05-09T19:50:15.567+0000] {processor.py:925} INFO - DAG(s) 'example_sla_dag' retrieved from /home/ec2-user/environment/lab4_model_training/venv/lib64/python3.12/site-packages/airflow/example_dags/example_sla_dag.py
[2026-05-09T19:50:15.578+0000] {logging_mixin.py:190} INFO - [2026-05-09T19:50:15.578+0000] {dag.py:3239} INFO - Sync 1 DAGs
[2026-05-09T19:50:15.595+0000] {logging_mixin.py:190} INFO - [2026-05-09T19:50:15.595+0000] {dag.py:4180} INFO - Setting next_dagrun for example_sla_dag to 2026-05-09 19:48:00+00:00, run_after=2026-05-09 19:50:00+00:00
[2026-05-09T19:50:15.612+0000] {processor.py:208} INFO - Processing /home/ec2-user/environment/lab4_model_training/venv/lib64/python3.12/site-packages/airflow/example_dags/example_sla_dag.py took 0.061 seconds
[2026-05-09T19:51:15.176+0000] {processor.py:186} INFO - Started process (PID=34163) to work on /home/ec2-user/environment/lab4_model_training/venv/lib64/python3.12/site-packages/airflow/example_dags/example_sla_dag.py
[2026-05-09T19:51:15.177+0000] {processor.py:914} INFO - Processing file /home/ec2-user/environment/lab4_model_training/venv/lib64/python3.12/site-packages/airflow/example_dags/example_sla_dag.py for tasks to queue
[2026-05-09T19:51:15.179+0000] {logging_mixin.py:190} INFO - [2026-05-09T19:51:15.178+0000] {dagbag.py:588} INFO - Filling up the DagBag from /home/ec2-user/environment/lab4_model_training/venv/lib64/python3.12/site-packages/airflow/example_dags/example_sla_dag.py
[2026-05-09T19:51:15.187+0000] {processor.py:925} INFO - DAG(s) 'example_sla_dag' retrieved from /home/ec2-user/environment/lab4_model_training/venv/lib64/python3.12/site-packages/airflow/example_dags/example_sla_dag.py
[2026-05-09T19:51:15.198+0000] {logging_mixin.py:190} INFO - [2026-05-09T19:51:15.198+0000] {dag.py:3239} INFO - Sync 1 DAGs
[2026-05-09T19:51:15.214+0000] {logging_mixin.py:190} INFO - [2026-05-09T19:51:15.214+0000] {dag.py:4180} INFO - Setting next_dagrun for example_sla_dag to 2026-05-09 19:48:00+00:00, run_after=2026-05-09 19:50:00+00:00
[2026-05-09T19:51:15.233+0000] {processor.py:208} INFO - Processing /home/ec2-user/environment/lab4_model_training/venv/lib64/python3.12/site-packages/airflow/example_dags/example_sla_dag.py took 0.061 seconds
[2026-05-09T19:52:15.828+0000] {processor.py:186} INFO - Started process (PID=34433) to work on /home/ec2-user/environment/lab4_model_training/venv/lib64/python3.12/site-packages/airflow/example_dags/example_sla_dag.py
[2026-05-09T19:52:15.830+0000] {processor.py:914} INFO - Processing file /home/ec2-user/environment/lab4_model_training/venv/lib64/python3.12/site-packages/airflow/example_dags/example_sla_dag.py for tasks to queue
[2026-05-09T19:52:15.831+0000] {logging_mixin.py:190} INFO - [2026-05-09T19:52:15.831+0000] {dagbag.py:588} INFO - Filling up the DagBag from /home/ec2-user/environment/lab4_model_training/venv/lib64/python3.12/site-packages/airflow/example_dags/example_sla_dag.py
[2026-05-09T19:52:15.839+0000] {processor.py:925} INFO - DAG(s) 'example_sla_dag' retrieved from /home/ec2-user/environment/lab4_model_training/venv/lib64/python3.12/site-packages/airflow/example_dags/example_sla_dag.py
[2026-05-09T19:52:15.850+0000] {logging_mixin.py:190} INFO - [2026-05-09T19:52:15.850+0000] {dag.py:3239} INFO - Sync 1 DAGs
[2026-05-09T19:52:15.867+0000] {logging_mixin.py:190} INFO - [2026-05-09T19:52:15.867+0000] {dag.py:4180} INFO - Setting next_dagrun for example_sla_dag to 2026-05-09 19:50:00+00:00, run_after=2026-05-09 19:52:00+00:00
[2026-05-09T19:52:15.884+0000] {processor.py:208} INFO - Processing /home/ec2-user/environment/lab4_model_training/venv/lib64/python3.12/site-packages/airflow/example_dags/example_sla_dag.py took 0.060 seconds
[2026-05-09T19:53:21.751+0000] {processor.py:186} INFO - Started process (PID=34651) to work on /home/ec2-user/environment/lab4_model_training/venv/lib64/python3.12/site-packages/airflow/example_dags/example_sla_dag.py
[2026-05-09T19:53:21.752+0000] {processor.py:914} INFO - Processing file /home/ec2-user/environment/lab4_model_training/venv/lib64/python3.12/site-packages/airflow/example_dags/example_sla_dag.py for tasks to queue
[2026-05-09T19:53:21.753+0000] {logging_mixin.py:190} INFO - [2026-05-09T19:53:21.753+0000] {dagbag.py:588} INFO - Filling up the DagBag from /home/ec2-user/environment/lab4_model_training/venv/lib64/python3.12/site-packages/airflow/example_dags/example_sla_dag.py
[2026-05-09T19:53:21.761+0000] {processor.py:925} INFO - DAG(s) 'example_sla_dag' retrieved from /home/ec2-user/environment/lab4_model_training/venv/lib64/python3.12/site-packages/airflow/example_dags/example_sla_dag.py
[2026-05-09T19:53:21.773+0000] {logging_mixin.py:190} INFO - [2026-05-09T19:53:21.772+0000] {dag.py:3239} INFO - Sync 1 DAGs
[2026-05-09T19:53:21.790+0000] {logging_mixin.py:190} INFO - [2026-05-09T19:53:21.789+0000] {dag.py:4180} INFO - Setting next_dagrun for example_sla_dag to 2026-05-09 19:50:00+00:00, run_after=2026-05-09 19:52:00+00:00
[2026-05-09T19:53:21.806+0000] {processor.py:208} INFO - Processing /home/ec2-user/environment/lab4_model_training/venv/lib64/python3.12/site-packages/airflow/example_dags/example_sla_dag.py took 0.060 seconds
[2026-05-09T19:54:26.390+0000] {processor.py:186} INFO - Started process (PID=34784) to work on /home/ec2-user/environment/lab4_model_training/venv/lib64/python3.12/site-packages/airflow/example_dags/example_sla_dag.py
[2026-05-09T19:54:26.391+0000] {processor.py:914} INFO - Processing file /home/ec2-user/environment/lab4_model_training/venv/lib64/python3.12/site-packages/airflow/example_dags/example_sla_dag.py for tasks to queue
[2026-05-09T19:54:26.392+0000] {logging_mixin.py:190} INFO - [2026-05-09T19:54:26.392+0000] {dagbag.py:588} INFO - Filling up the DagBag from /home/ec2-user/environment/lab4_model_training/venv/lib64/python3.12/site-packages/airflow/example_dags/example_sla_dag.py
[2026-05-09T19:54:26.401+0000] {processor.py:925} INFO - DAG(s) 'example_sla_dag' retrieved from /home/ec2-user/environment/lab4_model_training/venv/lib64/python3.12/site-packages/airflow/example_dags/example_sla_dag.py
[2026-05-09T19:54:26.412+0000] {logging_mixin.py:190} INFO - [2026-05-09T19:54:26.412+0000] {dag.py:3239} INFO - Sync 1 DAGs
[2026-05-09T19:54:26.430+0000] {logging_mixin.py:190} INFO - [2026-05-09T19:54:26.429+0000] {dag.py:4180} INFO - Setting next_dagrun for example_sla_dag to 2026-05-09 19:52:00+00:00, run_after=2026-05-09 19:54:00+00:00
[2026-05-09T19:54:26.448+0000] {processor.py:208} INFO - Processing /home/ec2-user/environment/lab4_model_training/venv/lib64/python3.12/site-packages/airflow/example_dags/example_sla_dag.py took 0.063 seconds
[2026-05-09T19:55:32.370+0000] {processor.py:186} INFO - Started process (PID=34953) to work on /home/ec2-user/environment/lab4_model_training/venv/lib64/python3.12/site-packages/airflow/example_dags/example_sla_dag.py
[2026-05-09T19:55:32.371+0000] {processor.py:914} INFO - Processing file /home/ec2-user/environment/lab4_model_training/venv/lib64/python3.12/site-packages/airflow/example_dags/example_sla_dag.py for tasks to queue
[2026-05-09T19:55:32.373+0000] {logging_mixin.py:190} INFO - [2026-05-09T19:55:32.373+0000] {dagbag.py:588} INFO - Filling up the DagBag from /home/ec2-user/environment/lab4_model_training/venv/lib64/python3.12/site-packages/airflow/example_dags/example_sla_dag.py
[2026-05-09T19:55:32.382+0000] {processor.py:925} INFO - DAG(s) 'example_sla_dag' retrieved from /home/ec2-user/environment/lab4_model_training/venv/lib64/python3.12/site-packages/airflow/example_dags/example_sla_dag.py
[2026-05-09T19:55:32.393+0000] {logging_mixin.py:190} INFO - [2026-05-09T19:55:32.392+0000] {dag.py:3239} INFO - Sync 1 DAGs
[2026-05-09T19:55:32.409+0000] {logging_mixin.py:190} INFO - [2026-05-09T19:55:32.409+0000] {dag.py:4180} INFO - Setting next_dagrun for example_sla_dag to 2026-05-09 19:52:00+00:00, run_after=2026-05-09 19:54:00+00:00
[2026-05-09T19:55:32.427+0000] {processor.py:208} INFO - Processing /home/ec2-user/environment/lab4_model_training/venv/lib64/python3.12/site-packages/airflow/example_dags/example_sla_dag.py took 0.061 seconds
[2026-05-09T19:56:40.522+0000] {processor.py:186} INFO - Started process (PID=35084) to work on /home/ec2-user/environment/lab4_model_training/venv/lib64/python3.12/site-packages/airflow/example_dags/example_sla_dag.py
[2026-05-09T19:56:40.523+0000] {processor.py:914} INFO - Processing file /home/ec2-user/environment/lab4_model_training/venv/lib64/python3.12/site-packages/airflow/example_dags/example_sla_dag.py for tasks to queue
[2026-05-09T19:56:40.525+0000] {logging_mixin.py:190} INFO - [2026-05-09T19:56:40.524+0000] {dagbag.py:588} INFO - Filling up the DagBag from /home/ec2-user/environment/lab4_model_training/venv/lib64/python3.12/site-packages/airflow/example_dags/example_sla_dag.py
[2026-05-09T19:56:40.533+0000] {processor.py:925} INFO - DAG(s) 'example_sla_dag' retrieved from /home/ec2-user/environment/lab4_model_training/venv/lib64/python3.12/site-packages/airflow/example_dags/example_sla_dag.py
[2026-05-09T19:56:40.544+0000] {logging_mixin.py:190} INFO - [2026-05-09T19:56:40.544+0000] {dag.py:3239} INFO - Sync 1 DAGs
[2026-05-09T19:56:40.561+0000] {logging_mixin.py:190} INFO - [2026-05-09T19:56:40.561+0000] {dag.py:4180} INFO - Setting next_dagrun for example_sla_dag to 2026-05-09 19:54:00+00:00, run_after=2026-05-09 19:56:00+00:00
[2026-05-09T19:56:40.578+0000] {processor.py:208} INFO - Processing /home/ec2-user/environment/lab4_model_training/venv/lib64/python3.12/site-packages/airflow/example_dags/example_sla_dag.py took 0.060 seconds
[2026-05-09T19:57:42.758+0000] {processor.py:186} INFO - Started process (PID=35251) to work on /home/ec2-user/environment/lab4_model_training/venv/lib64/python3.12/site-packages/airflow/example_dags/example_sla_dag.py
[2026-05-09T19:57:42.760+0000] {processor.py:914} INFO - Processing file /home/ec2-user/environment/lab4_model_training/venv/lib64/python3.12/site-packages/airflow/example_dags/example_sla_dag.py for tasks to queue
[2026-05-09T19:57:42.761+0000] {logging_mixin.py:190} INFO - [2026-05-09T19:57:42.761+0000] {dagbag.py:588} INFO - Filling up the DagBag from /home/ec2-user/environment/lab4_model_training/venv/lib64/python3.12/site-packages/airflow/example_dags/example_sla_dag.py
[2026-05-09T19:57:42.769+0000] {processor.py:925} INFO - DAG(s) 'example_sla_dag' retrieved from /home/ec2-user/environment/lab4_model_training/venv/lib64/python3.12/site-packages/airflow/example_dags/example_sla_dag.py
[2026-05-09T19:57:42.780+0000] {logging_mixin.py:190} INFO - [2026-05-09T19:57:42.780+0000] {dag.py:3239} INFO - Sync 1 DAGs
[2026-05-09T19:57:42.797+0000] {logging_mixin.py:190} INFO - [2026-05-09T19:57:42.797+0000] {dag.py:4180} INFO - Setting next_dagrun for example_sla_dag to 2026-05-09 19:54:00+00:00, run_after=2026-05-09 19:56:00+00:00
[2026-05-09T19:57:42.814+0000] {processor.py:208} INFO - Processing /home/ec2-user/environment/lab4_model_training/venv/lib64/python3.12/site-packages/airflow/example_dags/example_sla_dag.py took 0.060 seconds
[2026-05-09T19:58:46.159+0000] {processor.py:186} INFO - Started process (PID=35395) to work on /home/ec2-user/environment/lab4_model_training/venv/lib64/python3.12/site-packages/airflow/example_dags/example_sla_dag.py
[2026-05-09T19:58:46.160+0000] {processor.py:914} INFO - Processing file /home/ec2-user/environment/lab4_model_training/venv/lib64/python3.12/site-packages/airflow/example_dags/example_sla_dag.py for tasks to queue
[2026-05-09T19:58:46.162+0000] {logging_mixin.py:190} INFO - [2026-05-09T19:58:46.161+0000] {dagbag.py:588} INFO - Filling up the DagBag from /home/ec2-user/environment/lab4_model_training/venv/lib64/python3.12/site-packages/airflow/example_dags/example_sla_dag.py
[2026-05-09T19:58:46.170+0000] {processor.py:925} INFO - DAG(s) 'example_sla_dag' retrieved from /home/ec2-user/environment/lab4_model_training/venv/lib64/python3.12/site-packages/airflow/example_dags/example_sla_dag.py
[2026-05-09T19:58:46.181+0000] {logging_mixin.py:190} INFO - [2026-05-09T19:58:46.181+0000] {dag.py:3239} INFO - Sync 1 DAGs
[2026-05-09T19:58:46.197+0000] {logging_mixin.py:190} INFO - [2026-05-09T19:58:46.197+0000] {dag.py:4180} INFO - Setting next_dagrun for example_sla_dag to 2026-05-09 19:56:00+00:00, run_after=2026-05-09 19:58:00+00:00
[2026-05-09T19:58:46.214+0000] {processor.py:208} INFO - Processing /home/ec2-user/environment/lab4_model_training/venv/lib64/python3.12/site-packages/airflow/example_dags/example_sla_dag.py took 0.060 seconds
