[2026-05-09T18:54:17.249+0000] {processor.py:186} INFO - Started process (PID=18689) to work on /home/ec2-user/environment/lab4_model_training/venv/lib64/python3.12/site-packages/airflow/example_dags/example_display_name.py
[2026-05-09T18:54:17.249+0000] {processor.py:914} INFO - Processing file /home/ec2-user/environment/lab4_model_training/venv/lib64/python3.12/site-packages/airflow/example_dags/example_display_name.py for tasks to queue
[2026-05-09T18:54:17.250+0000] {logging_mixin.py:190} INFO - [2026-05-09T18:54:17.250+0000] {dagbag.py:588} INFO - Filling up the DagBag from /home/ec2-user/environment/lab4_model_training/venv/lib64/python3.12/site-packages/airflow/example_dags/example_display_name.py
[2026-05-09T18:54:17.257+0000] {processor.py:925} INFO - DAG(s) 'example_display_name' retrieved from /home/ec2-user/environment/lab4_model_training/venv/lib64/python3.12/site-packages/airflow/example_dags/example_display_name.py
[2026-05-09T18:54:17.272+0000] {logging_mixin.py:190} INFO - [2026-05-09T18:54:17.272+0000] {dag.py:3239} INFO - Sync 1 DAGs
[2026-05-09T18:54:17.282+0000] {logging_mixin.py:190} INFO - [2026-05-09T18:54:17.282+0000] {dag.py:4180} INFO - Setting next_dagrun for example_display_name to None, run_after=None
[2026-05-09T18:54:17.301+0000] {processor.py:208} INFO - Processing /home/ec2-user/environment/lab4_model_training/venv/lib64/python3.12/site-packages/airflow/example_dags/example_display_name.py took 0.057 seconds
[2026-05-09T18:55:36.564+0000] {processor.py:186} INFO - Started process (PID=19256) to work on /home/ec2-user/environment/lab4_model_training/venv/lib64/python3.12/site-packages/airflow/example_dags/example_display_name.py
[2026-05-09T18:55:36.565+0000] {processor.py:914} INFO - Processing file /home/ec2-user/environment/lab4_model_training/venv/lib64/python3.12/site-packages/airflow/example_dags/example_display_name.py for tasks to queue
[2026-05-09T18:55:36.567+0000] {logging_mixin.py:190} INFO - [2026-05-09T18:55:36.566+0000] {dagbag.py:588} INFO - Filling up the DagBag from /home/ec2-user/environment/lab4_model_training/venv/lib64/python3.12/site-packages/airflow/example_dags/example_display_name.py
[2026-05-09T18:55:36.573+0000] {processor.py:925} INFO - DAG(s) 'example_display_name' retrieved from /home/ec2-user/environment/lab4_model_training/venv/lib64/python3.12/site-packages/airflow/example_dags/example_display_name.py
[2026-05-09T18:55:36.584+0000] {logging_mixin.py:190} INFO - [2026-05-09T18:55:36.584+0000] {dag.py:3239} INFO - Sync 1 DAGs
[2026-05-09T18:55:36.593+0000] {logging_mixin.py:190} INFO - [2026-05-09T18:55:36.593+0000] {dag.py:4180} INFO - Setting next_dagrun for example_display_name to None, run_after=None
[2026-05-09T18:55:36.612+0000] {processor.py:208} INFO - Processing /home/ec2-user/environment/lab4_model_training/venv/lib64/python3.12/site-packages/airflow/example_dags/example_display_name.py took 0.052 seconds
[2026-05-09T18:56:43.426+0000] {processor.py:186} INFO - Started process (PID=19609) to work on /home/ec2-user/environment/lab4_model_training/venv/lib64/python3.12/site-packages/airflow/example_dags/example_display_name.py
[2026-05-09T18:56:43.427+0000] {processor.py:914} INFO - Processing file /home/ec2-user/environment/lab4_model_training/venv/lib64/python3.12/site-packages/airflow/example_dags/example_display_name.py for tasks to queue
[2026-05-09T18:56:43.429+0000] {logging_mixin.py:190} INFO - [2026-05-09T18:56:43.429+0000] {dagbag.py:588} INFO - Filling up the DagBag from /home/ec2-user/environment/lab4_model_training/venv/lib64/python3.12/site-packages/airflow/example_dags/example_display_name.py
[2026-05-09T18:56:43.435+0000] {processor.py:925} INFO - DAG(s) 'example_display_name' retrieved from /home/ec2-user/environment/lab4_model_training/venv/lib64/python3.12/site-packages/airflow/example_dags/example_display_name.py
[2026-05-09T18:56:43.447+0000] {logging_mixin.py:190} INFO - [2026-05-09T18:56:43.446+0000] {dag.py:3239} INFO - Sync 1 DAGs
[2026-05-09T18:56:43.456+0000] {logging_mixin.py:190} INFO - [2026-05-09T18:56:43.456+0000] {dag.py:4180} INFO - Setting next_dagrun for example_display_name to None, run_after=None
[2026-05-09T18:56:43.475+0000] {processor.py:208} INFO - Processing /home/ec2-user/environment/lab4_model_training/venv/lib64/python3.12/site-packages/airflow/example_dags/example_display_name.py took 0.053 seconds
[2026-05-09T18:57:51.757+0000] {processor.py:186} INFO - Started process (PID=20005) to work on /home/ec2-user/environment/lab4_model_training/venv/lib64/python3.12/site-packages/airflow/example_dags/example_display_name.py
[2026-05-09T18:57:51.758+0000] {processor.py:914} INFO - Processing file /home/ec2-user/environment/lab4_model_training/venv/lib64/python3.12/site-packages/airflow/example_dags/example_display_name.py for tasks to queue
[2026-05-09T18:57:51.760+0000] {logging_mixin.py:190} INFO - [2026-05-09T18:57:51.760+0000] {dagbag.py:588} INFO - Filling up the DagBag from /home/ec2-user/environment/lab4_model_training/venv/lib64/python3.12/site-packages/airflow/example_dags/example_display_name.py
[2026-05-09T18:57:51.768+0000] {processor.py:925} INFO - DAG(s) 'example_display_name' retrieved from /home/ec2-user/environment/lab4_model_training/venv/lib64/python3.12/site-packages/airflow/example_dags/example_display_name.py
[2026-05-09T18:57:51.782+0000] {logging_mixin.py:190} INFO - [2026-05-09T18:57:51.782+0000] {dag.py:3239} INFO - Sync 1 DAGs
[2026-05-09T18:57:51.793+0000] {logging_mixin.py:190} INFO - [2026-05-09T18:57:51.792+0000] {dag.py:4180} INFO - Setting next_dagrun for example_display_name to None, run_after=None
[2026-05-09T18:57:51.811+0000] {processor.py:208} INFO - Processing /home/ec2-user/environment/lab4_model_training/venv/lib64/python3.12/site-packages/airflow/example_dags/example_display_name.py took 0.058 seconds
[2026-05-09T18:58:58.593+0000] {processor.py:186} INFO - Started process (PID=20328) to work on /home/ec2-user/environment/lab4_model_training/venv/lib64/python3.12/site-packages/airflow/example_dags/example_display_name.py
[2026-05-09T18:58:58.594+0000] {processor.py:914} INFO - Processing file /home/ec2-user/environment/lab4_model_training/venv/lib64/python3.12/site-packages/airflow/example_dags/example_display_name.py for tasks to queue
[2026-05-09T18:58:58.596+0000] {logging_mixin.py:190} INFO - [2026-05-09T18:58:58.596+0000] {dagbag.py:588} INFO - Filling up the DagBag from /home/ec2-user/environment/lab4_model_training/venv/lib64/python3.12/site-packages/airflow/example_dags/example_display_name.py
[2026-05-09T18:58:58.605+0000] {processor.py:925} INFO - DAG(s) 'example_display_name' retrieved from /home/ec2-user/environment/lab4_model_training/venv/lib64/python3.12/site-packages/airflow/example_dags/example_display_name.py
[2026-05-09T18:58:58.618+0000] {logging_mixin.py:190} INFO - [2026-05-09T18:58:58.618+0000] {dag.py:3239} INFO - Sync 1 DAGs
[2026-05-09T18:58:58.628+0000] {logging_mixin.py:190} INFO - [2026-05-09T18:58:58.628+0000] {dag.py:4180} INFO - Setting next_dagrun for example_display_name to None, run_after=None
[2026-05-09T18:58:58.649+0000] {processor.py:208} INFO - Processing /home/ec2-user/environment/lab4_model_training/venv/lib64/python3.12/site-packages/airflow/example_dags/example_display_name.py took 0.060 seconds
[2026-05-09T19:00:00.932+0000] {processor.py:186} INFO - Started process (PID=20621) to work on /home/ec2-user/environment/lab4_model_training/venv/lib64/python3.12/site-packages/airflow/example_dags/example_display_name.py
[2026-05-09T19:00:00.934+0000] {processor.py:914} INFO - Processing file /home/ec2-user/environment/lab4_model_training/venv/lib64/python3.12/site-packages/airflow/example_dags/example_display_name.py for tasks to queue
[2026-05-09T19:00:00.936+0000] {logging_mixin.py:190} INFO - [2026-05-09T19:00:00.935+0000] {dagbag.py:588} INFO - Filling up the DagBag from /home/ec2-user/environment/lab4_model_training/venv/lib64/python3.12/site-packages/airflow/example_dags/example_display_name.py
[2026-05-09T19:00:00.942+0000] {processor.py:925} INFO - DAG(s) 'example_display_name' retrieved from /home/ec2-user/environment/lab4_model_training/venv/lib64/python3.12/site-packages/airflow/example_dags/example_display_name.py
[2026-05-09T19:00:00.953+0000] {logging_mixin.py:190} INFO - [2026-05-09T19:00:00.953+0000] {dag.py:3239} INFO - Sync 1 DAGs
[2026-05-09T19:00:00.962+0000] {logging_mixin.py:190} INFO - [2026-05-09T19:00:00.962+0000] {dag.py:4180} INFO - Setting next_dagrun for example_display_name to None, run_after=None
[2026-05-09T19:00:00.980+0000] {processor.py:208} INFO - Processing /home/ec2-user/environment/lab4_model_training/venv/lib64/python3.12/site-packages/airflow/example_dags/example_display_name.py took 0.052 seconds
[2026-05-09T19:01:05.570+0000] {processor.py:186} INFO - Started process (PID=21006) to work on /home/ec2-user/environment/lab4_model_training/venv/lib64/python3.12/site-packages/airflow/example_dags/example_display_name.py
[2026-05-09T19:01:05.572+0000] {processor.py:914} INFO - Processing file /home/ec2-user/environment/lab4_model_training/venv/lib64/python3.12/site-packages/airflow/example_dags/example_display_name.py for tasks to queue
[2026-05-09T19:01:05.573+0000] {logging_mixin.py:190} INFO - [2026-05-09T19:01:05.573+0000] {dagbag.py:588} INFO - Filling up the DagBag from /home/ec2-user/environment/lab4_model_training/venv/lib64/python3.12/site-packages/airflow/example_dags/example_display_name.py
[2026-05-09T19:01:05.580+0000] {processor.py:925} INFO - DAG(s) 'example_display_name' retrieved from /home/ec2-user/environment/lab4_model_training/venv/lib64/python3.12/site-packages/airflow/example_dags/example_display_name.py
[2026-05-09T19:01:05.591+0000] {logging_mixin.py:190} INFO - [2026-05-09T19:01:05.591+0000] {dag.py:3239} INFO - Sync 1 DAGs
[2026-05-09T19:01:05.600+0000] {logging_mixin.py:190} INFO - [2026-05-09T19:01:05.600+0000] {dag.py:4180} INFO - Setting next_dagrun for example_display_name to None, run_after=None
[2026-05-09T19:01:05.619+0000] {processor.py:208} INFO - Processing /home/ec2-user/environment/lab4_model_training/venv/lib64/python3.12/site-packages/airflow/example_dags/example_display_name.py took 0.053 seconds
[2026-05-09T19:02:09.852+0000] {processor.py:186} INFO - Started process (PID=21307) to work on /home/ec2-user/environment/lab4_model_training/venv/lib64/python3.12/site-packages/airflow/example_dags/example_display_name.py
[2026-05-09T19:02:09.854+0000] {processor.py:914} INFO - Processing file /home/ec2-user/environment/lab4_model_training/venv/lib64/python3.12/site-packages/airflow/example_dags/example_display_name.py for tasks to queue
[2026-05-09T19:02:09.855+0000] {logging_mixin.py:190} INFO - [2026-05-09T19:02:09.855+0000] {dagbag.py:588} INFO - Filling up the DagBag from /home/ec2-user/environment/lab4_model_training/venv/lib64/python3.12/site-packages/airflow/example_dags/example_display_name.py
[2026-05-09T19:02:09.864+0000] {processor.py:925} INFO - DAG(s) 'example_display_name' retrieved from /home/ec2-user/environment/lab4_model_training/venv/lib64/python3.12/site-packages/airflow/example_dags/example_display_name.py
[2026-05-09T19:02:09.878+0000] {logging_mixin.py:190} INFO - [2026-05-09T19:02:09.878+0000] {dag.py:3239} INFO - Sync 1 DAGs
[2026-05-09T19:02:09.889+0000] {logging_mixin.py:190} INFO - [2026-05-09T19:02:09.889+0000] {dag.py:4180} INFO - Setting next_dagrun for example_display_name to None, run_after=None
[2026-05-09T19:02:09.910+0000] {processor.py:208} INFO - Processing /home/ec2-user/environment/lab4_model_training/venv/lib64/python3.12/site-packages/airflow/example_dags/example_display_name.py took 0.062 seconds
[2026-05-09T19:03:12.966+0000] {processor.py:186} INFO - Started process (PID=21645) to work on /home/ec2-user/environment/lab4_model_training/venv/lib64/python3.12/site-packages/airflow/example_dags/example_display_name.py
[2026-05-09T19:03:12.967+0000] {processor.py:914} INFO - Processing file /home/ec2-user/environment/lab4_model_training/venv/lib64/python3.12/site-packages/airflow/example_dags/example_display_name.py for tasks to queue
[2026-05-09T19:03:12.969+0000] {logging_mixin.py:190} INFO - [2026-05-09T19:03:12.969+0000] {dagbag.py:588} INFO - Filling up the DagBag from /home/ec2-user/environment/lab4_model_training/venv/lib64/python3.12/site-packages/airflow/example_dags/example_display_name.py
[2026-05-09T19:03:12.977+0000] {processor.py:925} INFO - DAG(s) 'example_display_name' retrieved from /home/ec2-user/environment/lab4_model_training/venv/lib64/python3.12/site-packages/airflow/example_dags/example_display_name.py
[2026-05-09T19:03:12.990+0000] {logging_mixin.py:190} INFO - [2026-05-09T19:03:12.990+0000] {dag.py:3239} INFO - Sync 1 DAGs
[2026-05-09T19:03:13.001+0000] {logging_mixin.py:190} INFO - [2026-05-09T19:03:13.001+0000] {dag.py:4180} INFO - Setting next_dagrun for example_display_name to None, run_after=None
[2026-05-09T19:03:13.021+0000] {processor.py:208} INFO - Processing /home/ec2-user/environment/lab4_model_training/venv/lib64/python3.12/site-packages/airflow/example_dags/example_display_name.py took 0.059 seconds
[2026-05-09T19:04:17.071+0000] {processor.py:186} INFO - Started process (PID=21995) to work on /home/ec2-user/environment/lab4_model_training/venv/lib64/python3.12/site-packages/airflow/example_dags/example_display_name.py
[2026-05-09T19:04:17.072+0000] {processor.py:914} INFO - Processing file /home/ec2-user/environment/lab4_model_training/venv/lib64/python3.12/site-packages/airflow/example_dags/example_display_name.py for tasks to queue
[2026-05-09T19:04:17.075+0000] {logging_mixin.py:190} INFO - [2026-05-09T19:04:17.074+0000] {dagbag.py:588} INFO - Filling up the DagBag from /home/ec2-user/environment/lab4_model_training/venv/lib64/python3.12/site-packages/airflow/example_dags/example_display_name.py
[2026-05-09T19:04:17.083+0000] {processor.py:925} INFO - DAG(s) 'example_display_name' retrieved from /home/ec2-user/environment/lab4_model_training/venv/lib64/python3.12/site-packages/airflow/example_dags/example_display_name.py
[2026-05-09T19:04:17.095+0000] {logging_mixin.py:190} INFO - [2026-05-09T19:04:17.095+0000] {dag.py:3239} INFO - Sync 1 DAGs
[2026-05-09T19:04:17.106+0000] {logging_mixin.py:190} INFO - [2026-05-09T19:04:17.106+0000] {dag.py:4180} INFO - Setting next_dagrun for example_display_name to None, run_after=None
[2026-05-09T19:04:17.126+0000] {processor.py:208} INFO - Processing /home/ec2-user/environment/lab4_model_training/venv/lib64/python3.12/site-packages/airflow/example_dags/example_display_name.py took 0.059 seconds
[2026-05-09T19:05:19.648+0000] {processor.py:186} INFO - Started process (PID=22445) to work on /home/ec2-user/environment/lab4_model_training/venv/lib64/python3.12/site-packages/airflow/example_dags/example_display_name.py
[2026-05-09T19:05:19.649+0000] {processor.py:914} INFO - Processing file /home/ec2-user/environment/lab4_model_training/venv/lib64/python3.12/site-packages/airflow/example_dags/example_display_name.py for tasks to queue
[2026-05-09T19:05:19.651+0000] {logging_mixin.py:190} INFO - [2026-05-09T19:05:19.651+0000] {dagbag.py:588} INFO - Filling up the DagBag from /home/ec2-user/environment/lab4_model_training/venv/lib64/python3.12/site-packages/airflow/example_dags/example_display_name.py
[2026-05-09T19:05:19.657+0000] {processor.py:925} INFO - DAG(s) 'example_display_name' retrieved from /home/ec2-user/environment/lab4_model_training/venv/lib64/python3.12/site-packages/airflow/example_dags/example_display_name.py
[2026-05-09T19:05:19.669+0000] {logging_mixin.py:190} INFO - [2026-05-09T19:05:19.668+0000] {dag.py:3239} INFO - Sync 1 DAGs
[2026-05-09T19:05:19.678+0000] {logging_mixin.py:190} INFO - [2026-05-09T19:05:19.678+0000] {dag.py:4180} INFO - Setting next_dagrun for example_display_name to None, run_after=None
[2026-05-09T19:05:19.696+0000] {processor.py:208} INFO - Processing /home/ec2-user/environment/lab4_model_training/venv/lib64/python3.12/site-packages/airflow/example_dags/example_display_name.py took 0.053 seconds
[2026-05-09T19:06:20.666+0000] {processor.py:186} INFO - Started process (PID=22674) to work on /home/ec2-user/environment/lab4_model_training/venv/lib64/python3.12/site-packages/airflow/example_dags/example_display_name.py
[2026-05-09T19:06:20.667+0000] {processor.py:914} INFO - Processing file /home/ec2-user/environment/lab4_model_training/venv/lib64/python3.12/site-packages/airflow/example_dags/example_display_name.py for tasks to queue
[2026-05-09T19:06:20.669+0000] {logging_mixin.py:190} INFO - [2026-05-09T19:06:20.668+0000] {dagbag.py:588} INFO - Filling up the DagBag from /home/ec2-user/environment/lab4_model_training/venv/lib64/python3.12/site-packages/airflow/example_dags/example_display_name.py
[2026-05-09T19:06:20.675+0000] {processor.py:925} INFO - DAG(s) 'example_display_name' retrieved from /home/ec2-user/environment/lab4_model_training/venv/lib64/python3.12/site-packages/airflow/example_dags/example_display_name.py
[2026-05-09T19:06:20.686+0000] {logging_mixin.py:190} INFO - [2026-05-09T19:06:20.686+0000] {dag.py:3239} INFO - Sync 1 DAGs
[2026-05-09T19:06:20.695+0000] {logging_mixin.py:190} INFO - [2026-05-09T19:06:20.695+0000] {dag.py:4180} INFO - Setting next_dagrun for example_display_name to None, run_after=None
[2026-05-09T19:06:20.712+0000] {processor.py:208} INFO - Processing /home/ec2-user/environment/lab4_model_training/venv/lib64/python3.12/site-packages/airflow/example_dags/example_display_name.py took 0.051 seconds
[2026-05-09T19:07:26.342+0000] {processor.py:186} INFO - Started process (PID=23114) to work on /home/ec2-user/environment/lab4_model_training/venv/lib64/python3.12/site-packages/airflow/example_dags/example_display_name.py
[2026-05-09T19:07:26.343+0000] {processor.py:914} INFO - Processing file /home/ec2-user/environment/lab4_model_training/venv/lib64/python3.12/site-packages/airflow/example_dags/example_display_name.py for tasks to queue
[2026-05-09T19:07:26.345+0000] {logging_mixin.py:190} INFO - [2026-05-09T19:07:26.345+0000] {dagbag.py:588} INFO - Filling up the DagBag from /home/ec2-user/environment/lab4_model_training/venv/lib64/python3.12/site-packages/airflow/example_dags/example_display_name.py
[2026-05-09T19:07:26.352+0000] {processor.py:925} INFO - DAG(s) 'example_display_name' retrieved from /home/ec2-user/environment/lab4_model_training/venv/lib64/python3.12/site-packages/airflow/example_dags/example_display_name.py
[2026-05-09T19:07:26.364+0000] {logging_mixin.py:190} INFO - [2026-05-09T19:07:26.364+0000] {dag.py:3239} INFO - Sync 1 DAGs
[2026-05-09T19:07:26.374+0000] {logging_mixin.py:190} INFO - [2026-05-09T19:07:26.374+0000] {dag.py:4180} INFO - Setting next_dagrun for example_display_name to None, run_after=None
[2026-05-09T19:07:26.392+0000] {processor.py:208} INFO - Processing /home/ec2-user/environment/lab4_model_training/venv/lib64/python3.12/site-packages/airflow/example_dags/example_display_name.py took 0.055 seconds
[2026-05-09T19:08:31.627+0000] {processor.py:186} INFO - Started process (PID=23458) to work on /home/ec2-user/environment/lab4_model_training/venv/lib64/python3.12/site-packages/airflow/example_dags/example_display_name.py
[2026-05-09T19:08:31.628+0000] {processor.py:914} INFO - Processing file /home/ec2-user/environment/lab4_model_training/venv/lib64/python3.12/site-packages/airflow/example_dags/example_display_name.py for tasks to queue
[2026-05-09T19:08:31.630+0000] {logging_mixin.py:190} INFO - [2026-05-09T19:08:31.629+0000] {dagbag.py:588} INFO - Filling up the DagBag from /home/ec2-user/environment/lab4_model_training/venv/lib64/python3.12/site-packages/airflow/example_dags/example_display_name.py
[2026-05-09T19:08:31.636+0000] {processor.py:925} INFO - DAG(s) 'example_display_name' retrieved from /home/ec2-user/environment/lab4_model_training/venv/lib64/python3.12/site-packages/airflow/example_dags/example_display_name.py
[2026-05-09T19:08:31.650+0000] {logging_mixin.py:190} INFO - [2026-05-09T19:08:31.650+0000] {dag.py:3239} INFO - Sync 1 DAGs
[2026-05-09T19:08:31.661+0000] {logging_mixin.py:190} INFO - [2026-05-09T19:08:31.661+0000] {dag.py:4180} INFO - Setting next_dagrun for example_display_name to None, run_after=None
[2026-05-09T19:08:31.681+0000] {processor.py:208} INFO - Processing /home/ec2-user/environment/lab4_model_training/venv/lib64/python3.12/site-packages/airflow/example_dags/example_display_name.py took 0.059 seconds
[2026-05-09T19:09:35.170+0000] {processor.py:186} INFO - Started process (PID=23754) to work on /home/ec2-user/environment/lab4_model_training/venv/lib64/python3.12/site-packages/airflow/example_dags/example_display_name.py
[2026-05-09T19:09:35.172+0000] {processor.py:914} INFO - Processing file /home/ec2-user/environment/lab4_model_training/venv/lib64/python3.12/site-packages/airflow/example_dags/example_display_name.py for tasks to queue
[2026-05-09T19:09:35.173+0000] {logging_mixin.py:190} INFO - [2026-05-09T19:09:35.173+0000] {dagbag.py:588} INFO - Filling up the DagBag from /home/ec2-user/environment/lab4_model_training/venv/lib64/python3.12/site-packages/airflow/example_dags/example_display_name.py
[2026-05-09T19:09:35.180+0000] {processor.py:925} INFO - DAG(s) 'example_display_name' retrieved from /home/ec2-user/environment/lab4_model_training/venv/lib64/python3.12/site-packages/airflow/example_dags/example_display_name.py
[2026-05-09T19:09:35.191+0000] {logging_mixin.py:190} INFO - [2026-05-09T19:09:35.191+0000] {dag.py:3239} INFO - Sync 1 DAGs
[2026-05-09T19:09:35.200+0000] {logging_mixin.py:190} INFO - [2026-05-09T19:09:35.200+0000] {dag.py:4180} INFO - Setting next_dagrun for example_display_name to None, run_after=None
[2026-05-09T19:09:35.218+0000] {processor.py:208} INFO - Processing /home/ec2-user/environment/lab4_model_training/venv/lib64/python3.12/site-packages/airflow/example_dags/example_display_name.py took 0.052 seconds
[2026-05-09T19:10:41.303+0000] {processor.py:186} INFO - Started process (PID=24131) to work on /home/ec2-user/environment/lab4_model_training/venv/lib64/python3.12/site-packages/airflow/example_dags/example_display_name.py
[2026-05-09T19:10:41.304+0000] {processor.py:914} INFO - Processing file /home/ec2-user/environment/lab4_model_training/venv/lib64/python3.12/site-packages/airflow/example_dags/example_display_name.py for tasks to queue
[2026-05-09T19:10:41.306+0000] {logging_mixin.py:190} INFO - [2026-05-09T19:10:41.306+0000] {dagbag.py:588} INFO - Filling up the DagBag from /home/ec2-user/environment/lab4_model_training/venv/lib64/python3.12/site-packages/airflow/example_dags/example_display_name.py
[2026-05-09T19:10:41.312+0000] {processor.py:925} INFO - DAG(s) 'example_display_name' retrieved from /home/ec2-user/environment/lab4_model_training/venv/lib64/python3.12/site-packages/airflow/example_dags/example_display_name.py
[2026-05-09T19:10:41.324+0000] {logging_mixin.py:190} INFO - [2026-05-09T19:10:41.323+0000] {dag.py:3239} INFO - Sync 1 DAGs
[2026-05-09T19:10:41.333+0000] {logging_mixin.py:190} INFO - [2026-05-09T19:10:41.333+0000] {dag.py:4180} INFO - Setting next_dagrun for example_display_name to None, run_after=None
[2026-05-09T19:10:41.351+0000] {processor.py:208} INFO - Processing /home/ec2-user/environment/lab4_model_training/venv/lib64/python3.12/site-packages/airflow/example_dags/example_display_name.py took 0.053 seconds
[2026-05-09T19:11:50.479+0000] {processor.py:186} INFO - Started process (PID=24485) to work on /home/ec2-user/environment/lab4_model_training/venv/lib64/python3.12/site-packages/airflow/example_dags/example_display_name.py
[2026-05-09T19:11:50.480+0000] {processor.py:914} INFO - Processing file /home/ec2-user/environment/lab4_model_training/venv/lib64/python3.12/site-packages/airflow/example_dags/example_display_name.py for tasks to queue
[2026-05-09T19:11:50.482+0000] {logging_mixin.py:190} INFO - [2026-05-09T19:11:50.481+0000] {dagbag.py:588} INFO - Filling up the DagBag from /home/ec2-user/environment/lab4_model_training/venv/lib64/python3.12/site-packages/airflow/example_dags/example_display_name.py
[2026-05-09T19:11:50.488+0000] {processor.py:925} INFO - DAG(s) 'example_display_name' retrieved from /home/ec2-user/environment/lab4_model_training/venv/lib64/python3.12/site-packages/airflow/example_dags/example_display_name.py
[2026-05-09T19:11:50.499+0000] {logging_mixin.py:190} INFO - [2026-05-09T19:11:50.499+0000] {dag.py:3239} INFO - Sync 1 DAGs
[2026-05-09T19:11:50.509+0000] {logging_mixin.py:190} INFO - [2026-05-09T19:11:50.509+0000] {dag.py:4180} INFO - Setting next_dagrun for example_display_name to None, run_after=None
[2026-05-09T19:11:50.528+0000] {processor.py:208} INFO - Processing /home/ec2-user/environment/lab4_model_training/venv/lib64/python3.12/site-packages/airflow/example_dags/example_display_name.py took 0.053 seconds
[2026-05-09T19:12:58.458+0000] {processor.py:186} INFO - Started process (PID=24921) to work on /home/ec2-user/environment/lab4_model_training/venv/lib64/python3.12/site-packages/airflow/example_dags/example_display_name.py
[2026-05-09T19:12:58.459+0000] {processor.py:914} INFO - Processing file /home/ec2-user/environment/lab4_model_training/venv/lib64/python3.12/site-packages/airflow/example_dags/example_display_name.py for tasks to queue
[2026-05-09T19:12:58.461+0000] {logging_mixin.py:190} INFO - [2026-05-09T19:12:58.460+0000] {dagbag.py:588} INFO - Filling up the DagBag from /home/ec2-user/environment/lab4_model_training/venv/lib64/python3.12/site-packages/airflow/example_dags/example_display_name.py
[2026-05-09T19:12:58.467+0000] {processor.py:925} INFO - DAG(s) 'example_display_name' retrieved from /home/ec2-user/environment/lab4_model_training/venv/lib64/python3.12/site-packages/airflow/example_dags/example_display_name.py
[2026-05-09T19:12:58.478+0000] {logging_mixin.py:190} INFO - [2026-05-09T19:12:58.478+0000] {dag.py:3239} INFO - Sync 1 DAGs
[2026-05-09T19:12:58.488+0000] {logging_mixin.py:190} INFO - [2026-05-09T19:12:58.488+0000] {dag.py:4180} INFO - Setting next_dagrun for example_display_name to None, run_after=None
[2026-05-09T19:12:58.507+0000] {processor.py:208} INFO - Processing /home/ec2-user/environment/lab4_model_training/venv/lib64/python3.12/site-packages/airflow/example_dags/example_display_name.py took 0.053 seconds
[2026-05-09T19:14:03.289+0000] {processor.py:186} INFO - Started process (PID=25216) to work on /home/ec2-user/environment/lab4_model_training/venv/lib64/python3.12/site-packages/airflow/example_dags/example_display_name.py
[2026-05-09T19:14:03.290+0000] {processor.py:914} INFO - Processing file /home/ec2-user/environment/lab4_model_training/venv/lib64/python3.12/site-packages/airflow/example_dags/example_display_name.py for tasks to queue
[2026-05-09T19:14:03.292+0000] {logging_mixin.py:190} INFO - [2026-05-09T19:14:03.291+0000] {dagbag.py:588} INFO - Filling up the DagBag from /home/ec2-user/environment/lab4_model_training/venv/lib64/python3.12/site-packages/airflow/example_dags/example_display_name.py
[2026-05-09T19:14:03.300+0000] {processor.py:925} INFO - DAG(s) 'example_display_name' retrieved from /home/ec2-user/environment/lab4_model_training/venv/lib64/python3.12/site-packages/airflow/example_dags/example_display_name.py
[2026-05-09T19:14:03.314+0000] {logging_mixin.py:190} INFO - [2026-05-09T19:14:03.314+0000] {dag.py:3239} INFO - Sync 1 DAGs
[2026-05-09T19:14:03.325+0000] {logging_mixin.py:190} INFO - [2026-05-09T19:14:03.325+0000] {dag.py:4180} INFO - Setting next_dagrun for example_display_name to None, run_after=None
[2026-05-09T19:14:03.345+0000] {processor.py:208} INFO - Processing /home/ec2-user/environment/lab4_model_training/venv/lib64/python3.12/site-packages/airflow/example_dags/example_display_name.py took 0.061 seconds
[2026-05-09T19:15:10.024+0000] {processor.py:186} INFO - Started process (PID=25557) to work on /home/ec2-user/environment/lab4_model_training/venv/lib64/python3.12/site-packages/airflow/example_dags/example_display_name.py
[2026-05-09T19:15:10.026+0000] {processor.py:914} INFO - Processing file /home/ec2-user/environment/lab4_model_training/venv/lib64/python3.12/site-packages/airflow/example_dags/example_display_name.py for tasks to queue
[2026-05-09T19:15:10.027+0000] {logging_mixin.py:190} INFO - [2026-05-09T19:15:10.027+0000] {dagbag.py:588} INFO - Filling up the DagBag from /home/ec2-user/environment/lab4_model_training/venv/lib64/python3.12/site-packages/airflow/example_dags/example_display_name.py
[2026-05-09T19:15:10.033+0000] {processor.py:925} INFO - DAG(s) 'example_display_name' retrieved from /home/ec2-user/environment/lab4_model_training/venv/lib64/python3.12/site-packages/airflow/example_dags/example_display_name.py
[2026-05-09T19:15:10.045+0000] {logging_mixin.py:190} INFO - [2026-05-09T19:15:10.045+0000] {dag.py:3239} INFO - Sync 1 DAGs
[2026-05-09T19:15:10.054+0000] {logging_mixin.py:190} INFO - [2026-05-09T19:15:10.054+0000] {dag.py:4180} INFO - Setting next_dagrun for example_display_name to None, run_after=None
[2026-05-09T19:15:10.072+0000] {processor.py:208} INFO - Processing /home/ec2-user/environment/lab4_model_training/venv/lib64/python3.12/site-packages/airflow/example_dags/example_display_name.py took 0.052 seconds
[2026-05-09T19:16:16.078+0000] {processor.py:186} INFO - Started process (PID=25825) to work on /home/ec2-user/environment/lab4_model_training/venv/lib64/python3.12/site-packages/airflow/example_dags/example_display_name.py
[2026-05-09T19:16:16.080+0000] {processor.py:914} INFO - Processing file /home/ec2-user/environment/lab4_model_training/venv/lib64/python3.12/site-packages/airflow/example_dags/example_display_name.py for tasks to queue
[2026-05-09T19:16:16.082+0000] {logging_mixin.py:190} INFO - [2026-05-09T19:16:16.081+0000] {dagbag.py:588} INFO - Filling up the DagBag from /home/ec2-user/environment/lab4_model_training/venv/lib64/python3.12/site-packages/airflow/example_dags/example_display_name.py
[2026-05-09T19:16:16.090+0000] {processor.py:925} INFO - DAG(s) 'example_display_name' retrieved from /home/ec2-user/environment/lab4_model_training/venv/lib64/python3.12/site-packages/airflow/example_dags/example_display_name.py
[2026-05-09T19:16:16.102+0000] {logging_mixin.py:190} INFO - [2026-05-09T19:16:16.102+0000] {dag.py:3239} INFO - Sync 1 DAGs
[2026-05-09T19:16:16.113+0000] {logging_mixin.py:190} INFO - [2026-05-09T19:16:16.113+0000] {dag.py:4180} INFO - Setting next_dagrun for example_display_name to None, run_after=None
[2026-05-09T19:16:16.133+0000] {processor.py:208} INFO - Processing /home/ec2-user/environment/lab4_model_training/venv/lib64/python3.12/site-packages/airflow/example_dags/example_display_name.py took 0.059 seconds
[2026-05-09T19:17:21.406+0000] {processor.py:186} INFO - Started process (PID=26169) to work on /home/ec2-user/environment/lab4_model_training/venv/lib64/python3.12/site-packages/airflow/example_dags/example_display_name.py
[2026-05-09T19:17:21.407+0000] {processor.py:914} INFO - Processing file /home/ec2-user/environment/lab4_model_training/venv/lib64/python3.12/site-packages/airflow/example_dags/example_display_name.py for tasks to queue
[2026-05-09T19:17:21.409+0000] {logging_mixin.py:190} INFO - [2026-05-09T19:17:21.409+0000] {dagbag.py:588} INFO - Filling up the DagBag from /home/ec2-user/environment/lab4_model_training/venv/lib64/python3.12/site-packages/airflow/example_dags/example_display_name.py
[2026-05-09T19:17:21.415+0000] {processor.py:925} INFO - DAG(s) 'example_display_name' retrieved from /home/ec2-user/environment/lab4_model_training/venv/lib64/python3.12/site-packages/airflow/example_dags/example_display_name.py
[2026-05-09T19:17:21.426+0000] {logging_mixin.py:190} INFO - [2026-05-09T19:17:21.426+0000] {dag.py:3239} INFO - Sync 1 DAGs
[2026-05-09T19:17:21.436+0000] {logging_mixin.py:190} INFO - [2026-05-09T19:17:21.436+0000] {dag.py:4180} INFO - Setting next_dagrun for example_display_name to None, run_after=None
[2026-05-09T19:17:21.454+0000] {processor.py:208} INFO - Processing /home/ec2-user/environment/lab4_model_training/venv/lib64/python3.12/site-packages/airflow/example_dags/example_display_name.py took 0.051 seconds
[2026-05-09T19:18:23.734+0000] {processor.py:186} INFO - Started process (PID=26692) to work on /home/ec2-user/environment/lab4_model_training/venv/lib64/python3.12/site-packages/airflow/example_dags/example_display_name.py
[2026-05-09T19:18:23.735+0000] {processor.py:914} INFO - Processing file /home/ec2-user/environment/lab4_model_training/venv/lib64/python3.12/site-packages/airflow/example_dags/example_display_name.py for tasks to queue
[2026-05-09T19:18:23.737+0000] {logging_mixin.py:190} INFO - [2026-05-09T19:18:23.736+0000] {dagbag.py:588} INFO - Filling up the DagBag from /home/ec2-user/environment/lab4_model_training/venv/lib64/python3.12/site-packages/airflow/example_dags/example_display_name.py
[2026-05-09T19:18:23.743+0000] {processor.py:925} INFO - DAG(s) 'example_display_name' retrieved from /home/ec2-user/environment/lab4_model_training/venv/lib64/python3.12/site-packages/airflow/example_dags/example_display_name.py
[2026-05-09T19:18:23.754+0000] {logging_mixin.py:190} INFO - [2026-05-09T19:18:23.754+0000] {dag.py:3239} INFO - Sync 1 DAGs
[2026-05-09T19:18:23.763+0000] {logging_mixin.py:190} INFO - [2026-05-09T19:18:23.763+0000] {dag.py:4180} INFO - Setting next_dagrun for example_display_name to None, run_after=None
[2026-05-09T19:18:23.782+0000] {processor.py:208} INFO - Processing /home/ec2-user/environment/lab4_model_training/venv/lib64/python3.12/site-packages/airflow/example_dags/example_display_name.py took 0.052 seconds
[2026-05-09T19:19:30.403+0000] {processor.py:186} INFO - Started process (PID=27022) to work on /home/ec2-user/environment/lab4_model_training/venv/lib64/python3.12/site-packages/airflow/example_dags/example_display_name.py
[2026-05-09T19:19:30.404+0000] {processor.py:914} INFO - Processing file /home/ec2-user/environment/lab4_model_training/venv/lib64/python3.12/site-packages/airflow/example_dags/example_display_name.py for tasks to queue
[2026-05-09T19:19:30.406+0000] {logging_mixin.py:190} INFO - [2026-05-09T19:19:30.405+0000] {dagbag.py:588} INFO - Filling up the DagBag from /home/ec2-user/environment/lab4_model_training/venv/lib64/python3.12/site-packages/airflow/example_dags/example_display_name.py
[2026-05-09T19:19:30.414+0000] {processor.py:925} INFO - DAG(s) 'example_display_name' retrieved from /home/ec2-user/environment/lab4_model_training/venv/lib64/python3.12/site-packages/airflow/example_dags/example_display_name.py
[2026-05-09T19:19:30.426+0000] {logging_mixin.py:190} INFO - [2026-05-09T19:19:30.426+0000] {dag.py:3239} INFO - Sync 1 DAGs
[2026-05-09T19:19:30.435+0000] {logging_mixin.py:190} INFO - [2026-05-09T19:19:30.435+0000] {dag.py:4180} INFO - Setting next_dagrun for example_display_name to None, run_after=None
[2026-05-09T19:19:30.453+0000] {processor.py:208} INFO - Processing /home/ec2-user/environment/lab4_model_training/venv/lib64/python3.12/site-packages/airflow/example_dags/example_display_name.py took 0.055 seconds
[2026-05-09T19:20:35.108+0000] {processor.py:186} INFO - Started process (PID=27403) to work on /home/ec2-user/environment/lab4_model_training/venv/lib64/python3.12/site-packages/airflow/example_dags/example_display_name.py
[2026-05-09T19:20:35.109+0000] {processor.py:914} INFO - Processing file /home/ec2-user/environment/lab4_model_training/venv/lib64/python3.12/site-packages/airflow/example_dags/example_display_name.py for tasks to queue
[2026-05-09T19:20:35.111+0000] {logging_mixin.py:190} INFO - [2026-05-09T19:20:35.111+0000] {dagbag.py:588} INFO - Filling up the DagBag from /home/ec2-user/environment/lab4_model_training/venv/lib64/python3.12/site-packages/airflow/example_dags/example_display_name.py
[2026-05-09T19:20:35.119+0000] {processor.py:925} INFO - DAG(s) 'example_display_name' retrieved from /home/ec2-user/environment/lab4_model_training/venv/lib64/python3.12/site-packages/airflow/example_dags/example_display_name.py
[2026-05-09T19:20:35.132+0000] {logging_mixin.py:190} INFO - [2026-05-09T19:20:35.132+0000] {dag.py:3239} INFO - Sync 1 DAGs
[2026-05-09T19:20:35.143+0000] {logging_mixin.py:190} INFO - [2026-05-09T19:20:35.143+0000] {dag.py:4180} INFO - Setting next_dagrun for example_display_name to None, run_after=None
[2026-05-09T19:20:35.162+0000] {processor.py:208} INFO - Processing /home/ec2-user/environment/lab4_model_training/venv/lib64/python3.12/site-packages/airflow/example_dags/example_display_name.py took 0.059 seconds
[2026-05-09T19:21:39.940+0000] {processor.py:186} INFO - Started process (PID=27551) to work on /home/ec2-user/environment/lab4_model_training/venv/lib64/python3.12/site-packages/airflow/example_dags/example_display_name.py
[2026-05-09T19:21:39.942+0000] {processor.py:914} INFO - Processing file /home/ec2-user/environment/lab4_model_training/venv/lib64/python3.12/site-packages/airflow/example_dags/example_display_name.py for tasks to queue
[2026-05-09T19:21:39.943+0000] {logging_mixin.py:190} INFO - [2026-05-09T19:21:39.943+0000] {dagbag.py:588} INFO - Filling up the DagBag from /home/ec2-user/environment/lab4_model_training/venv/lib64/python3.12/site-packages/airflow/example_dags/example_display_name.py
[2026-05-09T19:21:39.950+0000] {processor.py:925} INFO - DAG(s) 'example_display_name' retrieved from /home/ec2-user/environment/lab4_model_training/venv/lib64/python3.12/site-packages/airflow/example_dags/example_display_name.py
[2026-05-09T19:21:39.960+0000] {logging_mixin.py:190} INFO - [2026-05-09T19:21:39.960+0000] {dag.py:3239} INFO - Sync 1 DAGs
[2026-05-09T19:21:39.970+0000] {logging_mixin.py:190} INFO - [2026-05-09T19:21:39.970+0000] {dag.py:4180} INFO - Setting next_dagrun for example_display_name to None, run_after=None
[2026-05-09T19:21:39.987+0000] {processor.py:208} INFO - Processing /home/ec2-user/environment/lab4_model_training/venv/lib64/python3.12/site-packages/airflow/example_dags/example_display_name.py took 0.050 seconds
[2026-05-09T19:22:49.938+0000] {processor.py:186} INFO - Started process (PID=27716) to work on /home/ec2-user/environment/lab4_model_training/venv/lib64/python3.12/site-packages/airflow/example_dags/example_display_name.py
[2026-05-09T19:22:49.939+0000] {processor.py:914} INFO - Processing file /home/ec2-user/environment/lab4_model_training/venv/lib64/python3.12/site-packages/airflow/example_dags/example_display_name.py for tasks to queue
[2026-05-09T19:22:49.941+0000] {logging_mixin.py:190} INFO - [2026-05-09T19:22:49.940+0000] {dagbag.py:588} INFO - Filling up the DagBag from /home/ec2-user/environment/lab4_model_training/venv/lib64/python3.12/site-packages/airflow/example_dags/example_display_name.py
[2026-05-09T19:22:49.947+0000] {processor.py:925} INFO - DAG(s) 'example_display_name' retrieved from /home/ec2-user/environment/lab4_model_training/venv/lib64/python3.12/site-packages/airflow/example_dags/example_display_name.py
[2026-05-09T19:22:49.958+0000] {logging_mixin.py:190} INFO - [2026-05-09T19:22:49.957+0000] {dag.py:3239} INFO - Sync 1 DAGs
[2026-05-09T19:22:49.967+0000] {logging_mixin.py:190} INFO - [2026-05-09T19:22:49.967+0000] {dag.py:4180} INFO - Setting next_dagrun for example_display_name to None, run_after=None
[2026-05-09T19:22:49.985+0000] {processor.py:208} INFO - Processing /home/ec2-user/environment/lab4_model_training/venv/lib64/python3.12/site-packages/airflow/example_dags/example_display_name.py took 0.052 seconds
[2026-05-09T19:23:58.707+0000] {processor.py:186} INFO - Started process (PID=27856) to work on /home/ec2-user/environment/lab4_model_training/venv/lib64/python3.12/site-packages/airflow/example_dags/example_display_name.py
[2026-05-09T19:23:58.708+0000] {processor.py:914} INFO - Processing file /home/ec2-user/environment/lab4_model_training/venv/lib64/python3.12/site-packages/airflow/example_dags/example_display_name.py for tasks to queue
[2026-05-09T19:23:58.710+0000] {logging_mixin.py:190} INFO - [2026-05-09T19:23:58.709+0000] {dagbag.py:588} INFO - Filling up the DagBag from /home/ec2-user/environment/lab4_model_training/venv/lib64/python3.12/site-packages/airflow/example_dags/example_display_name.py
[2026-05-09T19:23:58.716+0000] {processor.py:925} INFO - DAG(s) 'example_display_name' retrieved from /home/ec2-user/environment/lab4_model_training/venv/lib64/python3.12/site-packages/airflow/example_dags/example_display_name.py
[2026-05-09T19:23:58.727+0000] {logging_mixin.py:190} INFO - [2026-05-09T19:23:58.726+0000] {dag.py:3239} INFO - Sync 1 DAGs
[2026-05-09T19:23:58.736+0000] {logging_mixin.py:190} INFO - [2026-05-09T19:23:58.736+0000] {dag.py:4180} INFO - Setting next_dagrun for example_display_name to None, run_after=None
[2026-05-09T19:23:58.754+0000] {processor.py:208} INFO - Processing /home/ec2-user/environment/lab4_model_training/venv/lib64/python3.12/site-packages/airflow/example_dags/example_display_name.py took 0.052 seconds
[2026-05-09T19:24:58.940+0000] {processor.py:186} INFO - Started process (PID=27938) to work on /home/ec2-user/environment/lab4_model_training/venv/lib64/python3.12/site-packages/airflow/example_dags/example_display_name.py
[2026-05-09T19:24:58.941+0000] {processor.py:914} INFO - Processing file /home/ec2-user/environment/lab4_model_training/venv/lib64/python3.12/site-packages/airflow/example_dags/example_display_name.py for tasks to queue
[2026-05-09T19:24:58.942+0000] {logging_mixin.py:190} INFO - [2026-05-09T19:24:58.942+0000] {dagbag.py:588} INFO - Filling up the DagBag from /home/ec2-user/environment/lab4_model_training/venv/lib64/python3.12/site-packages/airflow/example_dags/example_display_name.py
[2026-05-09T19:24:58.948+0000] {processor.py:925} INFO - DAG(s) 'example_display_name' retrieved from /home/ec2-user/environment/lab4_model_training/venv/lib64/python3.12/site-packages/airflow/example_dags/example_display_name.py
[2026-05-09T19:24:58.959+0000] {logging_mixin.py:190} INFO - [2026-05-09T19:24:58.959+0000] {dag.py:3239} INFO - Sync 1 DAGs
[2026-05-09T19:24:58.969+0000] {logging_mixin.py:190} INFO - [2026-05-09T19:24:58.969+0000] {dag.py:4180} INFO - Setting next_dagrun for example_display_name to None, run_after=None
[2026-05-09T19:24:58.986+0000] {processor.py:208} INFO - Processing /home/ec2-user/environment/lab4_model_training/venv/lib64/python3.12/site-packages/airflow/example_dags/example_display_name.py took 0.051 seconds
[2026-05-09T19:25:59.579+0000] {processor.py:186} INFO - Started process (PID=28068) to work on /home/ec2-user/environment/lab4_model_training/venv/lib64/python3.12/site-packages/airflow/example_dags/example_display_name.py
[2026-05-09T19:25:59.580+0000] {processor.py:914} INFO - Processing file /home/ec2-user/environment/lab4_model_training/venv/lib64/python3.12/site-packages/airflow/example_dags/example_display_name.py for tasks to queue
[2026-05-09T19:25:59.581+0000] {logging_mixin.py:190} INFO - [2026-05-09T19:25:59.581+0000] {dagbag.py:588} INFO - Filling up the DagBag from /home/ec2-user/environment/lab4_model_training/venv/lib64/python3.12/site-packages/airflow/example_dags/example_display_name.py
[2026-05-09T19:25:59.587+0000] {processor.py:925} INFO - DAG(s) 'example_display_name' retrieved from /home/ec2-user/environment/lab4_model_training/venv/lib64/python3.12/site-packages/airflow/example_dags/example_display_name.py
[2026-05-09T19:25:59.598+0000] {logging_mixin.py:190} INFO - [2026-05-09T19:25:59.598+0000] {dag.py:3239} INFO - Sync 1 DAGs
[2026-05-09T19:25:59.607+0000] {logging_mixin.py:190} INFO - [2026-05-09T19:25:59.607+0000] {dag.py:4180} INFO - Setting next_dagrun for example_display_name to None, run_after=None
[2026-05-09T19:25:59.624+0000] {processor.py:208} INFO - Processing /home/ec2-user/environment/lab4_model_training/venv/lib64/python3.12/site-packages/airflow/example_dags/example_display_name.py took 0.050 seconds
[2026-05-09T19:26:59.017+0000] {processor.py:186} INFO - Started process (PID=28152) to work on /home/ec2-user/environment/lab4_model_training/venv/lib64/python3.12/site-packages/airflow/example_dags/example_display_name.py
[2026-05-09T19:26:59.018+0000] {processor.py:914} INFO - Processing file /home/ec2-user/environment/lab4_model_training/venv/lib64/python3.12/site-packages/airflow/example_dags/example_display_name.py for tasks to queue
[2026-05-09T19:26:59.020+0000] {logging_mixin.py:190} INFO - [2026-05-09T19:26:59.020+0000] {dagbag.py:588} INFO - Filling up the DagBag from /home/ec2-user/environment/lab4_model_training/venv/lib64/python3.12/site-packages/airflow/example_dags/example_display_name.py
[2026-05-09T19:26:59.026+0000] {processor.py:925} INFO - DAG(s) 'example_display_name' retrieved from /home/ec2-user/environment/lab4_model_training/venv/lib64/python3.12/site-packages/airflow/example_dags/example_display_name.py
[2026-05-09T19:26:59.037+0000] {logging_mixin.py:190} INFO - [2026-05-09T19:26:59.036+0000] {dag.py:3239} INFO - Sync 1 DAGs
[2026-05-09T19:26:59.046+0000] {logging_mixin.py:190} INFO - [2026-05-09T19:26:59.046+0000] {dag.py:4180} INFO - Setting next_dagrun for example_display_name to None, run_after=None
[2026-05-09T19:26:59.063+0000] {processor.py:208} INFO - Processing /home/ec2-user/environment/lab4_model_training/venv/lib64/python3.12/site-packages/airflow/example_dags/example_display_name.py took 0.050 seconds
[2026-05-09T19:28:02.555+0000] {processor.py:186} INFO - Started process (PID=28299) to work on /home/ec2-user/environment/lab4_model_training/venv/lib64/python3.12/site-packages/airflow/example_dags/example_display_name.py
[2026-05-09T19:28:02.556+0000] {processor.py:914} INFO - Processing file /home/ec2-user/environment/lab4_model_training/venv/lib64/python3.12/site-packages/airflow/example_dags/example_display_name.py for tasks to queue
[2026-05-09T19:28:02.557+0000] {logging_mixin.py:190} INFO - [2026-05-09T19:28:02.557+0000] {dagbag.py:588} INFO - Filling up the DagBag from /home/ec2-user/environment/lab4_model_training/venv/lib64/python3.12/site-packages/airflow/example_dags/example_display_name.py
[2026-05-09T19:28:02.563+0000] {processor.py:925} INFO - DAG(s) 'example_display_name' retrieved from /home/ec2-user/environment/lab4_model_training/venv/lib64/python3.12/site-packages/airflow/example_dags/example_display_name.py
[2026-05-09T19:28:02.574+0000] {logging_mixin.py:190} INFO - [2026-05-09T19:28:02.574+0000] {dag.py:3239} INFO - Sync 1 DAGs
[2026-05-09T19:28:02.584+0000] {logging_mixin.py:190} INFO - [2026-05-09T19:28:02.584+0000] {dag.py:4180} INFO - Setting next_dagrun for example_display_name to None, run_after=None
[2026-05-09T19:28:02.601+0000] {processor.py:208} INFO - Processing /home/ec2-user/environment/lab4_model_training/venv/lib64/python3.12/site-packages/airflow/example_dags/example_display_name.py took 0.051 seconds
[2026-05-09T19:29:02.328+0000] {processor.py:186} INFO - Started process (PID=28383) to work on /home/ec2-user/environment/lab4_model_training/venv/lib64/python3.12/site-packages/airflow/example_dags/example_display_name.py
[2026-05-09T19:29:02.329+0000] {processor.py:914} INFO - Processing file /home/ec2-user/environment/lab4_model_training/venv/lib64/python3.12/site-packages/airflow/example_dags/example_display_name.py for tasks to queue
[2026-05-09T19:29:02.330+0000] {logging_mixin.py:190} INFO - [2026-05-09T19:29:02.330+0000] {dagbag.py:588} INFO - Filling up the DagBag from /home/ec2-user/environment/lab4_model_training/venv/lib64/python3.12/site-packages/airflow/example_dags/example_display_name.py
[2026-05-09T19:29:02.337+0000] {processor.py:925} INFO - DAG(s) 'example_display_name' retrieved from /home/ec2-user/environment/lab4_model_training/venv/lib64/python3.12/site-packages/airflow/example_dags/example_display_name.py
[2026-05-09T19:29:02.348+0000] {logging_mixin.py:190} INFO - [2026-05-09T19:29:02.348+0000] {dag.py:3239} INFO - Sync 1 DAGs
[2026-05-09T19:29:02.357+0000] {logging_mixin.py:190} INFO - [2026-05-09T19:29:02.357+0000] {dag.py:4180} INFO - Setting next_dagrun for example_display_name to None, run_after=None
[2026-05-09T19:29:02.376+0000] {processor.py:208} INFO - Processing /home/ec2-user/environment/lab4_model_training/venv/lib64/python3.12/site-packages/airflow/example_dags/example_display_name.py took 0.052 seconds
[2026-05-09T19:30:02.790+0000] {processor.py:186} INFO - Started process (PID=28895) to work on /home/ec2-user/environment/lab4_model_training/venv/lib64/python3.12/site-packages/airflow/example_dags/example_display_name.py
[2026-05-09T19:30:02.791+0000] {processor.py:914} INFO - Processing file /home/ec2-user/environment/lab4_model_training/venv/lib64/python3.12/site-packages/airflow/example_dags/example_display_name.py for tasks to queue
[2026-05-09T19:30:02.793+0000] {logging_mixin.py:190} INFO - [2026-05-09T19:30:02.793+0000] {dagbag.py:588} INFO - Filling up the DagBag from /home/ec2-user/environment/lab4_model_training/venv/lib64/python3.12/site-packages/airflow/example_dags/example_display_name.py
[2026-05-09T19:30:02.799+0000] {processor.py:925} INFO - DAG(s) 'example_display_name' retrieved from /home/ec2-user/environment/lab4_model_training/venv/lib64/python3.12/site-packages/airflow/example_dags/example_display_name.py
[2026-05-09T19:30:02.811+0000] {logging_mixin.py:190} INFO - [2026-05-09T19:30:02.811+0000] {dag.py:3239} INFO - Sync 1 DAGs
[2026-05-09T19:30:02.821+0000] {logging_mixin.py:190} INFO - [2026-05-09T19:30:02.821+0000] {dag.py:4180} INFO - Setting next_dagrun for example_display_name to None, run_after=None
[2026-05-09T19:30:02.840+0000] {processor.py:208} INFO - Processing /home/ec2-user/environment/lab4_model_training/venv/lib64/python3.12/site-packages/airflow/example_dags/example_display_name.py took 0.054 seconds
[2026-05-09T19:31:07.977+0000] {processor.py:186} INFO - Started process (PID=29323) to work on /home/ec2-user/environment/lab4_model_training/venv/lib64/python3.12/site-packages/airflow/example_dags/example_display_name.py
[2026-05-09T19:31:07.979+0000] {processor.py:914} INFO - Processing file /home/ec2-user/environment/lab4_model_training/venv/lib64/python3.12/site-packages/airflow/example_dags/example_display_name.py for tasks to queue
[2026-05-09T19:31:07.980+0000] {logging_mixin.py:190} INFO - [2026-05-09T19:31:07.980+0000] {dagbag.py:588} INFO - Filling up the DagBag from /home/ec2-user/environment/lab4_model_training/venv/lib64/python3.12/site-packages/airflow/example_dags/example_display_name.py
[2026-05-09T19:31:07.987+0000] {processor.py:925} INFO - DAG(s) 'example_display_name' retrieved from /home/ec2-user/environment/lab4_model_training/venv/lib64/python3.12/site-packages/airflow/example_dags/example_display_name.py
[2026-05-09T19:31:07.998+0000] {logging_mixin.py:190} INFO - [2026-05-09T19:31:07.998+0000] {dag.py:3239} INFO - Sync 1 DAGs
[2026-05-09T19:31:08.008+0000] {logging_mixin.py:190} INFO - [2026-05-09T19:31:08.008+0000] {dag.py:4180} INFO - Setting next_dagrun for example_display_name to None, run_after=None
[2026-05-09T19:31:08.026+0000] {processor.py:208} INFO - Processing /home/ec2-user/environment/lab4_model_training/venv/lib64/python3.12/site-packages/airflow/example_dags/example_display_name.py took 0.053 seconds
[2026-05-09T19:32:10.475+0000] {processor.py:186} INFO - Started process (PID=29821) to work on /home/ec2-user/environment/lab4_model_training/venv/lib64/python3.12/site-packages/airflow/example_dags/example_display_name.py
[2026-05-09T19:32:10.476+0000] {processor.py:914} INFO - Processing file /home/ec2-user/environment/lab4_model_training/venv/lib64/python3.12/site-packages/airflow/example_dags/example_display_name.py for tasks to queue
[2026-05-09T19:32:10.478+0000] {logging_mixin.py:190} INFO - [2026-05-09T19:32:10.477+0000] {dagbag.py:588} INFO - Filling up the DagBag from /home/ec2-user/environment/lab4_model_training/venv/lib64/python3.12/site-packages/airflow/example_dags/example_display_name.py
[2026-05-09T19:32:10.486+0000] {processor.py:925} INFO - DAG(s) 'example_display_name' retrieved from /home/ec2-user/environment/lab4_model_training/venv/lib64/python3.12/site-packages/airflow/example_dags/example_display_name.py
[2026-05-09T19:32:10.501+0000] {logging_mixin.py:190} INFO - [2026-05-09T19:32:10.501+0000] {dag.py:3239} INFO - Sync 1 DAGs
[2026-05-09T19:32:10.515+0000] {logging_mixin.py:190} INFO - [2026-05-09T19:32:10.515+0000] {dag.py:4180} INFO - Setting next_dagrun for example_display_name to None, run_after=None
[2026-05-09T19:32:10.536+0000] {processor.py:208} INFO - Processing /home/ec2-user/environment/lab4_model_training/venv/lib64/python3.12/site-packages/airflow/example_dags/example_display_name.py took 0.066 seconds
[2026-05-09T19:33:12.740+0000] {processor.py:186} INFO - Started process (PID=30270) to work on /home/ec2-user/environment/lab4_model_training/venv/lib64/python3.12/site-packages/airflow/example_dags/example_display_name.py
[2026-05-09T19:33:12.742+0000] {processor.py:914} INFO - Processing file /home/ec2-user/environment/lab4_model_training/venv/lib64/python3.12/site-packages/airflow/example_dags/example_display_name.py for tasks to queue
[2026-05-09T19:33:12.743+0000] {logging_mixin.py:190} INFO - [2026-05-09T19:33:12.743+0000] {dagbag.py:588} INFO - Filling up the DagBag from /home/ec2-user/environment/lab4_model_training/venv/lib64/python3.12/site-packages/airflow/example_dags/example_display_name.py
[2026-05-09T19:33:12.751+0000] {processor.py:925} INFO - DAG(s) 'example_display_name' retrieved from /home/ec2-user/environment/lab4_model_training/venv/lib64/python3.12/site-packages/airflow/example_dags/example_display_name.py
[2026-05-09T19:33:12.766+0000] {logging_mixin.py:190} INFO - [2026-05-09T19:33:12.766+0000] {dag.py:3239} INFO - Sync 1 DAGs
[2026-05-09T19:33:12.780+0000] {logging_mixin.py:190} INFO - [2026-05-09T19:33:12.780+0000] {dag.py:4180} INFO - Setting next_dagrun for example_display_name to None, run_after=None
[2026-05-09T19:33:12.801+0000] {processor.py:208} INFO - Processing /home/ec2-user/environment/lab4_model_training/venv/lib64/python3.12/site-packages/airflow/example_dags/example_display_name.py took 0.065 seconds
[2026-05-09T19:34:17.830+0000] {processor.py:186} INFO - Started process (PID=30670) to work on /home/ec2-user/environment/lab4_model_training/venv/lib64/python3.12/site-packages/airflow/example_dags/example_display_name.py
[2026-05-09T19:34:17.831+0000] {processor.py:914} INFO - Processing file /home/ec2-user/environment/lab4_model_training/venv/lib64/python3.12/site-packages/airflow/example_dags/example_display_name.py for tasks to queue
[2026-05-09T19:34:17.833+0000] {logging_mixin.py:190} INFO - [2026-05-09T19:34:17.833+0000] {dagbag.py:588} INFO - Filling up the DagBag from /home/ec2-user/environment/lab4_model_training/venv/lib64/python3.12/site-packages/airflow/example_dags/example_display_name.py
[2026-05-09T19:34:17.839+0000] {processor.py:925} INFO - DAG(s) 'example_display_name' retrieved from /home/ec2-user/environment/lab4_model_training/venv/lib64/python3.12/site-packages/airflow/example_dags/example_display_name.py
[2026-05-09T19:34:17.851+0000] {logging_mixin.py:190} INFO - [2026-05-09T19:34:17.850+0000] {dag.py:3239} INFO - Sync 1 DAGs
[2026-05-09T19:34:17.861+0000] {logging_mixin.py:190} INFO - [2026-05-09T19:34:17.861+0000] {dag.py:4180} INFO - Setting next_dagrun for example_display_name to None, run_after=None
[2026-05-09T19:34:17.878+0000] {processor.py:208} INFO - Processing /home/ec2-user/environment/lab4_model_training/venv/lib64/python3.12/site-packages/airflow/example_dags/example_display_name.py took 0.053 seconds
[2026-05-09T19:35:26.667+0000] {processor.py:186} INFO - Started process (PID=31136) to work on /home/ec2-user/environment/lab4_model_training/venv/lib64/python3.12/site-packages/airflow/example_dags/example_display_name.py
[2026-05-09T19:35:26.668+0000] {processor.py:914} INFO - Processing file /home/ec2-user/environment/lab4_model_training/venv/lib64/python3.12/site-packages/airflow/example_dags/example_display_name.py for tasks to queue
[2026-05-09T19:35:26.670+0000] {logging_mixin.py:190} INFO - [2026-05-09T19:35:26.669+0000] {dagbag.py:588} INFO - Filling up the DagBag from /home/ec2-user/environment/lab4_model_training/venv/lib64/python3.12/site-packages/airflow/example_dags/example_display_name.py
[2026-05-09T19:35:26.676+0000] {processor.py:925} INFO - DAG(s) 'example_display_name' retrieved from /home/ec2-user/environment/lab4_model_training/venv/lib64/python3.12/site-packages/airflow/example_dags/example_display_name.py
[2026-05-09T19:35:26.688+0000] {logging_mixin.py:190} INFO - [2026-05-09T19:35:26.688+0000] {dag.py:3239} INFO - Sync 1 DAGs
[2026-05-09T19:35:26.698+0000] {logging_mixin.py:190} INFO - [2026-05-09T19:35:26.698+0000] {dag.py:4180} INFO - Setting next_dagrun for example_display_name to None, run_after=None
[2026-05-09T19:35:26.716+0000] {processor.py:208} INFO - Processing /home/ec2-user/environment/lab4_model_training/venv/lib64/python3.12/site-packages/airflow/example_dags/example_display_name.py took 0.054 seconds
[2026-05-09T19:36:32.731+0000] {processor.py:186} INFO - Started process (PID=31607) to work on /home/ec2-user/environment/lab4_model_training/venv/lib64/python3.12/site-packages/airflow/example_dags/example_display_name.py
[2026-05-09T19:36:32.732+0000] {processor.py:914} INFO - Processing file /home/ec2-user/environment/lab4_model_training/venv/lib64/python3.12/site-packages/airflow/example_dags/example_display_name.py for tasks to queue
[2026-05-09T19:36:32.734+0000] {logging_mixin.py:190} INFO - [2026-05-09T19:36:32.733+0000] {dagbag.py:588} INFO - Filling up the DagBag from /home/ec2-user/environment/lab4_model_training/venv/lib64/python3.12/site-packages/airflow/example_dags/example_display_name.py
[2026-05-09T19:36:32.740+0000] {processor.py:925} INFO - DAG(s) 'example_display_name' retrieved from /home/ec2-user/environment/lab4_model_training/venv/lib64/python3.12/site-packages/airflow/example_dags/example_display_name.py
[2026-05-09T19:36:32.751+0000] {logging_mixin.py:190} INFO - [2026-05-09T19:36:32.751+0000] {dag.py:3239} INFO - Sync 1 DAGs
[2026-05-09T19:36:32.761+0000] {logging_mixin.py:190} INFO - [2026-05-09T19:36:32.761+0000] {dag.py:4180} INFO - Setting next_dagrun for example_display_name to None, run_after=None
[2026-05-09T19:36:32.780+0000] {processor.py:208} INFO - Processing /home/ec2-user/environment/lab4_model_training/venv/lib64/python3.12/site-packages/airflow/example_dags/example_display_name.py took 0.054 seconds
[2026-05-09T19:37:33.056+0000] {processor.py:186} INFO - Started process (PID=31943) to work on /home/ec2-user/environment/lab4_model_training/venv/lib64/python3.12/site-packages/airflow/example_dags/example_display_name.py
[2026-05-09T19:37:33.057+0000] {processor.py:914} INFO - Processing file /home/ec2-user/environment/lab4_model_training/venv/lib64/python3.12/site-packages/airflow/example_dags/example_display_name.py for tasks to queue
[2026-05-09T19:37:33.059+0000] {logging_mixin.py:190} INFO - [2026-05-09T19:37:33.059+0000] {dagbag.py:588} INFO - Filling up the DagBag from /home/ec2-user/environment/lab4_model_training/venv/lib64/python3.12/site-packages/airflow/example_dags/example_display_name.py
[2026-05-09T19:37:33.066+0000] {processor.py:925} INFO - DAG(s) 'example_display_name' retrieved from /home/ec2-user/environment/lab4_model_training/venv/lib64/python3.12/site-packages/airflow/example_dags/example_display_name.py
[2026-05-09T19:37:33.079+0000] {logging_mixin.py:190} INFO - [2026-05-09T19:37:33.079+0000] {dag.py:3239} INFO - Sync 1 DAGs
[2026-05-09T19:37:33.093+0000] {logging_mixin.py:190} INFO - [2026-05-09T19:37:33.093+0000] {dag.py:4180} INFO - Setting next_dagrun for example_display_name to None, run_after=None
[2026-05-09T19:37:33.113+0000] {processor.py:208} INFO - Processing /home/ec2-user/environment/lab4_model_training/venv/lib64/python3.12/site-packages/airflow/example_dags/example_display_name.py took 0.062 seconds
[2026-05-09T19:38:41.674+0000] {processor.py:186} INFO - Started process (PID=32114) to work on /home/ec2-user/environment/lab4_model_training/venv/lib64/python3.12/site-packages/airflow/example_dags/example_display_name.py
[2026-05-09T19:38:41.675+0000] {processor.py:914} INFO - Processing file /home/ec2-user/environment/lab4_model_training/venv/lib64/python3.12/site-packages/airflow/example_dags/example_display_name.py for tasks to queue
[2026-05-09T19:38:41.677+0000] {logging_mixin.py:190} INFO - [2026-05-09T19:38:41.676+0000] {dagbag.py:588} INFO - Filling up the DagBag from /home/ec2-user/environment/lab4_model_training/venv/lib64/python3.12/site-packages/airflow/example_dags/example_display_name.py
[2026-05-09T19:38:41.684+0000] {processor.py:925} INFO - DAG(s) 'example_display_name' retrieved from /home/ec2-user/environment/lab4_model_training/venv/lib64/python3.12/site-packages/airflow/example_dags/example_display_name.py
[2026-05-09T19:38:41.695+0000] {logging_mixin.py:190} INFO - [2026-05-09T19:38:41.695+0000] {dag.py:3239} INFO - Sync 1 DAGs
[2026-05-09T19:38:41.705+0000] {logging_mixin.py:190} INFO - [2026-05-09T19:38:41.705+0000] {dag.py:4180} INFO - Setting next_dagrun for example_display_name to None, run_after=None
[2026-05-09T19:38:41.724+0000] {processor.py:208} INFO - Processing /home/ec2-user/environment/lab4_model_training/venv/lib64/python3.12/site-packages/airflow/example_dags/example_display_name.py took 0.055 seconds
[2026-05-09T19:39:49.467+0000] {processor.py:186} INFO - Started process (PID=32244) to work on /home/ec2-user/environment/lab4_model_training/venv/lib64/python3.12/site-packages/airflow/example_dags/example_display_name.py
[2026-05-09T19:39:49.468+0000] {processor.py:914} INFO - Processing file /home/ec2-user/environment/lab4_model_training/venv/lib64/python3.12/site-packages/airflow/example_dags/example_display_name.py for tasks to queue
[2026-05-09T19:39:49.470+0000] {logging_mixin.py:190} INFO - [2026-05-09T19:39:49.470+0000] {dagbag.py:588} INFO - Filling up the DagBag from /home/ec2-user/environment/lab4_model_training/venv/lib64/python3.12/site-packages/airflow/example_dags/example_display_name.py
[2026-05-09T19:39:49.478+0000] {processor.py:925} INFO - DAG(s) 'example_display_name' retrieved from /home/ec2-user/environment/lab4_model_training/venv/lib64/python3.12/site-packages/airflow/example_dags/example_display_name.py
[2026-05-09T19:39:49.493+0000] {logging_mixin.py:190} INFO - [2026-05-09T19:39:49.493+0000] {dag.py:3239} INFO - Sync 1 DAGs
[2026-05-09T19:39:49.507+0000] {logging_mixin.py:190} INFO - [2026-05-09T19:39:49.507+0000] {dag.py:4180} INFO - Setting next_dagrun for example_display_name to None, run_after=None
[2026-05-09T19:39:49.526+0000] {processor.py:208} INFO - Processing /home/ec2-user/environment/lab4_model_training/venv/lib64/python3.12/site-packages/airflow/example_dags/example_display_name.py took 0.064 seconds
[2026-05-09T19:40:59.638+0000] {processor.py:186} INFO - Started process (PID=32389) to work on /home/ec2-user/environment/lab4_model_training/venv/lib64/python3.12/site-packages/airflow/example_dags/example_display_name.py
[2026-05-09T19:40:59.639+0000] {processor.py:914} INFO - Processing file /home/ec2-user/environment/lab4_model_training/venv/lib64/python3.12/site-packages/airflow/example_dags/example_display_name.py for tasks to queue
[2026-05-09T19:40:59.641+0000] {logging_mixin.py:190} INFO - [2026-05-09T19:40:59.641+0000] {dagbag.py:588} INFO - Filling up the DagBag from /home/ec2-user/environment/lab4_model_training/venv/lib64/python3.12/site-packages/airflow/example_dags/example_display_name.py
[2026-05-09T19:40:59.648+0000] {processor.py:925} INFO - DAG(s) 'example_display_name' retrieved from /home/ec2-user/environment/lab4_model_training/venv/lib64/python3.12/site-packages/airflow/example_dags/example_display_name.py
[2026-05-09T19:40:59.658+0000] {logging_mixin.py:190} INFO - [2026-05-09T19:40:59.658+0000] {dag.py:3239} INFO - Sync 1 DAGs
[2026-05-09T19:40:59.668+0000] {logging_mixin.py:190} INFO - [2026-05-09T19:40:59.668+0000] {dag.py:4180} INFO - Setting next_dagrun for example_display_name to None, run_after=None
[2026-05-09T19:40:59.686+0000] {processor.py:208} INFO - Processing /home/ec2-user/environment/lab4_model_training/venv/lib64/python3.12/site-packages/airflow/example_dags/example_display_name.py took 0.052 seconds
[2026-05-09T19:42:05.260+0000] {processor.py:186} INFO - Started process (PID=32492) to work on /home/ec2-user/environment/lab4_model_training/venv/lib64/python3.12/site-packages/airflow/example_dags/example_display_name.py
[2026-05-09T19:42:05.261+0000] {processor.py:914} INFO - Processing file /home/ec2-user/environment/lab4_model_training/venv/lib64/python3.12/site-packages/airflow/example_dags/example_display_name.py for tasks to queue
[2026-05-09T19:42:05.263+0000] {logging_mixin.py:190} INFO - [2026-05-09T19:42:05.262+0000] {dagbag.py:588} INFO - Filling up the DagBag from /home/ec2-user/environment/lab4_model_training/venv/lib64/python3.12/site-packages/airflow/example_dags/example_display_name.py
[2026-05-09T19:42:05.269+0000] {processor.py:925} INFO - DAG(s) 'example_display_name' retrieved from /home/ec2-user/environment/lab4_model_training/venv/lib64/python3.12/site-packages/airflow/example_dags/example_display_name.py
[2026-05-09T19:42:05.281+0000] {logging_mixin.py:190} INFO - [2026-05-09T19:42:05.281+0000] {dag.py:3239} INFO - Sync 1 DAGs
[2026-05-09T19:42:05.290+0000] {logging_mixin.py:190} INFO - [2026-05-09T19:42:05.290+0000] {dag.py:4180} INFO - Setting next_dagrun for example_display_name to None, run_after=None
[2026-05-09T19:42:05.309+0000] {processor.py:208} INFO - Processing /home/ec2-user/environment/lab4_model_training/venv/lib64/python3.12/site-packages/airflow/example_dags/example_display_name.py took 0.054 seconds
[2026-05-09T19:43:14.109+0000] {processor.py:186} INFO - Started process (PID=32635) to work on /home/ec2-user/environment/lab4_model_training/venv/lib64/python3.12/site-packages/airflow/example_dags/example_display_name.py
[2026-05-09T19:43:14.111+0000] {processor.py:914} INFO - Processing file /home/ec2-user/environment/lab4_model_training/venv/lib64/python3.12/site-packages/airflow/example_dags/example_display_name.py for tasks to queue
[2026-05-09T19:43:14.112+0000] {logging_mixin.py:190} INFO - [2026-05-09T19:43:14.112+0000] {dagbag.py:588} INFO - Filling up the DagBag from /home/ec2-user/environment/lab4_model_training/venv/lib64/python3.12/site-packages/airflow/example_dags/example_display_name.py
[2026-05-09T19:43:14.119+0000] {processor.py:925} INFO - DAG(s) 'example_display_name' retrieved from /home/ec2-user/environment/lab4_model_training/venv/lib64/python3.12/site-packages/airflow/example_dags/example_display_name.py
[2026-05-09T19:43:14.130+0000] {logging_mixin.py:190} INFO - [2026-05-09T19:43:14.130+0000] {dag.py:3239} INFO - Sync 1 DAGs
[2026-05-09T19:43:14.140+0000] {logging_mixin.py:190} INFO - [2026-05-09T19:43:14.140+0000] {dag.py:4180} INFO - Setting next_dagrun for example_display_name to None, run_after=None
[2026-05-09T19:43:14.158+0000] {processor.py:208} INFO - Processing /home/ec2-user/environment/lab4_model_training/venv/lib64/python3.12/site-packages/airflow/example_dags/example_display_name.py took 0.052 seconds
[2026-05-09T19:44:17.413+0000] {processor.py:186} INFO - Started process (PID=33044) to work on /home/ec2-user/environment/lab4_model_training/venv/lib64/python3.12/site-packages/airflow/example_dags/example_display_name.py
[2026-05-09T19:44:17.414+0000] {processor.py:914} INFO - Processing file /home/ec2-user/environment/lab4_model_training/venv/lib64/python3.12/site-packages/airflow/example_dags/example_display_name.py for tasks to queue
[2026-05-09T19:44:17.415+0000] {logging_mixin.py:190} INFO - [2026-05-09T19:44:17.415+0000] {dagbag.py:588} INFO - Filling up the DagBag from /home/ec2-user/environment/lab4_model_training/venv/lib64/python3.12/site-packages/airflow/example_dags/example_display_name.py
[2026-05-09T19:44:17.422+0000] {processor.py:925} INFO - DAG(s) 'example_display_name' retrieved from /home/ec2-user/environment/lab4_model_training/venv/lib64/python3.12/site-packages/airflow/example_dags/example_display_name.py
[2026-05-09T19:44:17.433+0000] {logging_mixin.py:190} INFO - [2026-05-09T19:44:17.433+0000] {dag.py:3239} INFO - Sync 1 DAGs
[2026-05-09T19:44:17.442+0000] {logging_mixin.py:190} INFO - [2026-05-09T19:44:17.442+0000] {dag.py:4180} INFO - Setting next_dagrun for example_display_name to None, run_after=None
[2026-05-09T19:44:17.459+0000] {processor.py:208} INFO - Processing /home/ec2-user/environment/lab4_model_training/venv/lib64/python3.12/site-packages/airflow/example_dags/example_display_name.py took 0.051 seconds
[2026-05-09T19:45:22.255+0000] {processor.py:186} INFO - Started process (PID=33249) to work on /home/ec2-user/environment/lab4_model_training/venv/lib64/python3.12/site-packages/airflow/example_dags/example_display_name.py
[2026-05-09T19:45:22.256+0000] {processor.py:914} INFO - Processing file /home/ec2-user/environment/lab4_model_training/venv/lib64/python3.12/site-packages/airflow/example_dags/example_display_name.py for tasks to queue
[2026-05-09T19:45:22.258+0000] {logging_mixin.py:190} INFO - [2026-05-09T19:45:22.257+0000] {dagbag.py:588} INFO - Filling up the DagBag from /home/ec2-user/environment/lab4_model_training/venv/lib64/python3.12/site-packages/airflow/example_dags/example_display_name.py
[2026-05-09T19:45:22.264+0000] {processor.py:925} INFO - DAG(s) 'example_display_name' retrieved from /home/ec2-user/environment/lab4_model_training/venv/lib64/python3.12/site-packages/airflow/example_dags/example_display_name.py
[2026-05-09T19:45:22.275+0000] {logging_mixin.py:190} INFO - [2026-05-09T19:45:22.275+0000] {dag.py:3239} INFO - Sync 1 DAGs
[2026-05-09T19:45:22.385+0000] {logging_mixin.py:190} INFO - [2026-05-09T19:45:22.385+0000] {dag.py:4180} INFO - Setting next_dagrun for example_display_name to None, run_after=None
[2026-05-09T19:45:22.402+0000] {processor.py:208} INFO - Processing /home/ec2-user/environment/lab4_model_training/venv/lib64/python3.12/site-packages/airflow/example_dags/example_display_name.py took 0.152 seconds
[2026-05-09T19:46:30.889+0000] {processor.py:186} INFO - Started process (PID=33371) to work on /home/ec2-user/environment/lab4_model_training/venv/lib64/python3.12/site-packages/airflow/example_dags/example_display_name.py
[2026-05-09T19:46:30.890+0000] {processor.py:914} INFO - Processing file /home/ec2-user/environment/lab4_model_training/venv/lib64/python3.12/site-packages/airflow/example_dags/example_display_name.py for tasks to queue
[2026-05-09T19:46:30.892+0000] {logging_mixin.py:190} INFO - [2026-05-09T19:46:30.892+0000] {dagbag.py:588} INFO - Filling up the DagBag from /home/ec2-user/environment/lab4_model_training/venv/lib64/python3.12/site-packages/airflow/example_dags/example_display_name.py
[2026-05-09T19:46:30.898+0000] {processor.py:925} INFO - DAG(s) 'example_display_name' retrieved from /home/ec2-user/environment/lab4_model_training/venv/lib64/python3.12/site-packages/airflow/example_dags/example_display_name.py
[2026-05-09T19:46:30.909+0000] {logging_mixin.py:190} INFO - [2026-05-09T19:46:30.909+0000] {dag.py:3239} INFO - Sync 1 DAGs
[2026-05-09T19:46:30.918+0000] {logging_mixin.py:190} INFO - [2026-05-09T19:46:30.918+0000] {dag.py:4180} INFO - Setting next_dagrun for example_display_name to None, run_after=None
[2026-05-09T19:46:30.935+0000] {processor.py:208} INFO - Processing /home/ec2-user/environment/lab4_model_training/venv/lib64/python3.12/site-packages/airflow/example_dags/example_display_name.py took 0.050 seconds
[2026-05-09T19:47:41.947+0000] {processor.py:186} INFO - Started process (PID=33551) to work on /home/ec2-user/environment/lab4_model_training/venv/lib64/python3.12/site-packages/airflow/example_dags/example_display_name.py
[2026-05-09T19:47:41.949+0000] {processor.py:914} INFO - Processing file /home/ec2-user/environment/lab4_model_training/venv/lib64/python3.12/site-packages/airflow/example_dags/example_display_name.py for tasks to queue
[2026-05-09T19:47:41.950+0000] {logging_mixin.py:190} INFO - [2026-05-09T19:47:41.950+0000] {dagbag.py:588} INFO - Filling up the DagBag from /home/ec2-user/environment/lab4_model_training/venv/lib64/python3.12/site-packages/airflow/example_dags/example_display_name.py
[2026-05-09T19:47:41.956+0000] {processor.py:925} INFO - DAG(s) 'example_display_name' retrieved from /home/ec2-user/environment/lab4_model_training/venv/lib64/python3.12/site-packages/airflow/example_dags/example_display_name.py
[2026-05-09T19:47:41.967+0000] {logging_mixin.py:190} INFO - [2026-05-09T19:47:41.967+0000] {dag.py:3239} INFO - Sync 1 DAGs
[2026-05-09T19:47:41.977+0000] {logging_mixin.py:190} INFO - [2026-05-09T19:47:41.977+0000] {dag.py:4180} INFO - Setting next_dagrun for example_display_name to None, run_after=None
[2026-05-09T19:47:41.994+0000] {processor.py:208} INFO - Processing /home/ec2-user/environment/lab4_model_training/venv/lib64/python3.12/site-packages/airflow/example_dags/example_display_name.py took 0.052 seconds
[2026-05-09T19:48:50.017+0000] {processor.py:186} INFO - Started process (PID=33679) to work on /home/ec2-user/environment/lab4_model_training/venv/lib64/python3.12/site-packages/airflow/example_dags/example_display_name.py
[2026-05-09T19:48:50.019+0000] {processor.py:914} INFO - Processing file /home/ec2-user/environment/lab4_model_training/venv/lib64/python3.12/site-packages/airflow/example_dags/example_display_name.py for tasks to queue
[2026-05-09T19:48:50.020+0000] {logging_mixin.py:190} INFO - [2026-05-09T19:48:50.020+0000] {dagbag.py:588} INFO - Filling up the DagBag from /home/ec2-user/environment/lab4_model_training/venv/lib64/python3.12/site-packages/airflow/example_dags/example_display_name.py
[2026-05-09T19:48:50.026+0000] {processor.py:925} INFO - DAG(s) 'example_display_name' retrieved from /home/ec2-user/environment/lab4_model_training/venv/lib64/python3.12/site-packages/airflow/example_dags/example_display_name.py
[2026-05-09T19:48:50.139+0000] {logging_mixin.py:190} INFO - [2026-05-09T19:48:50.139+0000] {dag.py:3239} INFO - Sync 1 DAGs
[2026-05-09T19:48:50.147+0000] {logging_mixin.py:190} INFO - [2026-05-09T19:48:50.147+0000] {dag.py:4180} INFO - Setting next_dagrun for example_display_name to None, run_after=None
[2026-05-09T19:48:50.164+0000] {processor.py:208} INFO - Processing /home/ec2-user/environment/lab4_model_training/venv/lib64/python3.12/site-packages/airflow/example_dags/example_display_name.py took 0.151 seconds
[2026-05-09T19:50:05.496+0000] {processor.py:186} INFO - Started process (PID=33958) to work on /home/ec2-user/environment/lab4_model_training/venv/lib64/python3.12/site-packages/airflow/example_dags/example_display_name.py
[2026-05-09T19:50:05.497+0000] {processor.py:914} INFO - Processing file /home/ec2-user/environment/lab4_model_training/venv/lib64/python3.12/site-packages/airflow/example_dags/example_display_name.py for tasks to queue
[2026-05-09T19:50:05.499+0000] {logging_mixin.py:190} INFO - [2026-05-09T19:50:05.499+0000] {dagbag.py:588} INFO - Filling up the DagBag from /home/ec2-user/environment/lab4_model_training/venv/lib64/python3.12/site-packages/airflow/example_dags/example_display_name.py
[2026-05-09T19:50:05.505+0000] {processor.py:925} INFO - DAG(s) 'example_display_name' retrieved from /home/ec2-user/environment/lab4_model_training/venv/lib64/python3.12/site-packages/airflow/example_dags/example_display_name.py
[2026-05-09T19:50:05.516+0000] {logging_mixin.py:190} INFO - [2026-05-09T19:50:05.516+0000] {dag.py:3239} INFO - Sync 1 DAGs
[2026-05-09T19:50:05.526+0000] {logging_mixin.py:190} INFO - [2026-05-09T19:50:05.526+0000] {dag.py:4180} INFO - Setting next_dagrun for example_display_name to None, run_after=None
[2026-05-09T19:50:05.545+0000] {processor.py:208} INFO - Processing /home/ec2-user/environment/lab4_model_training/venv/lib64/python3.12/site-packages/airflow/example_dags/example_display_name.py took 0.053 seconds
[2026-05-09T19:50:52.250+0000] {processor.py:186} INFO - Started process (PID=34110) to work on /home/ec2-user/environment/lab4_model_training/venv/lib64/python3.12/site-packages/airflow/example_dags/example_display_name.py
[2026-05-09T19:50:52.251+0000] {processor.py:914} INFO - Processing file /home/ec2-user/environment/lab4_model_training/venv/lib64/python3.12/site-packages/airflow/example_dags/example_display_name.py for tasks to queue
[2026-05-09T19:50:52.252+0000] {logging_mixin.py:190} INFO - [2026-05-09T19:50:52.252+0000] {dagbag.py:588} INFO - Filling up the DagBag from /home/ec2-user/environment/lab4_model_training/venv/lib64/python3.12/site-packages/airflow/example_dags/example_display_name.py
[2026-05-09T19:50:52.258+0000] {processor.py:925} INFO - DAG(s) 'example_display_name' retrieved from /home/ec2-user/environment/lab4_model_training/venv/lib64/python3.12/site-packages/airflow/example_dags/example_display_name.py
[2026-05-09T19:50:52.269+0000] {logging_mixin.py:190} INFO - [2026-05-09T19:50:52.269+0000] {dag.py:3239} INFO - Sync 1 DAGs
[2026-05-09T19:50:52.279+0000] {logging_mixin.py:190} INFO - [2026-05-09T19:50:52.279+0000] {dag.py:4180} INFO - Setting next_dagrun for example_display_name to None, run_after=None
[2026-05-09T19:50:52.296+0000] {processor.py:208} INFO - Processing /home/ec2-user/environment/lab4_model_training/venv/lib64/python3.12/site-packages/airflow/example_dags/example_display_name.py took 0.051 seconds
[2026-05-09T19:51:53.395+0000] {processor.py:186} INFO - Started process (PID=34307) to work on /home/ec2-user/environment/lab4_model_training/venv/lib64/python3.12/site-packages/airflow/example_dags/example_display_name.py
[2026-05-09T19:51:53.397+0000] {processor.py:914} INFO - Processing file /home/ec2-user/environment/lab4_model_training/venv/lib64/python3.12/site-packages/airflow/example_dags/example_display_name.py for tasks to queue
[2026-05-09T19:51:53.398+0000] {logging_mixin.py:190} INFO - [2026-05-09T19:51:53.398+0000] {dagbag.py:588} INFO - Filling up the DagBag from /home/ec2-user/environment/lab4_model_training/venv/lib64/python3.12/site-packages/airflow/example_dags/example_display_name.py
[2026-05-09T19:51:53.404+0000] {processor.py:925} INFO - DAG(s) 'example_display_name' retrieved from /home/ec2-user/environment/lab4_model_training/venv/lib64/python3.12/site-packages/airflow/example_dags/example_display_name.py
[2026-05-09T19:51:53.415+0000] {logging_mixin.py:190} INFO - [2026-05-09T19:51:53.415+0000] {dag.py:3239} INFO - Sync 1 DAGs
[2026-05-09T19:51:53.425+0000] {logging_mixin.py:190} INFO - [2026-05-09T19:51:53.425+0000] {dag.py:4180} INFO - Setting next_dagrun for example_display_name to None, run_after=None
[2026-05-09T19:51:53.442+0000] {processor.py:208} INFO - Processing /home/ec2-user/environment/lab4_model_training/venv/lib64/python3.12/site-packages/airflow/example_dags/example_display_name.py took 0.051 seconds
[2026-05-09T19:52:54.211+0000] {processor.py:186} INFO - Started process (PID=34545) to work on /home/ec2-user/environment/lab4_model_training/venv/lib64/python3.12/site-packages/airflow/example_dags/example_display_name.py
[2026-05-09T19:52:54.212+0000] {processor.py:914} INFO - Processing file /home/ec2-user/environment/lab4_model_training/venv/lib64/python3.12/site-packages/airflow/example_dags/example_display_name.py for tasks to queue
[2026-05-09T19:52:54.213+0000] {logging_mixin.py:190} INFO - [2026-05-09T19:52:54.213+0000] {dagbag.py:588} INFO - Filling up the DagBag from /home/ec2-user/environment/lab4_model_training/venv/lib64/python3.12/site-packages/airflow/example_dags/example_display_name.py
[2026-05-09T19:52:54.219+0000] {processor.py:925} INFO - DAG(s) 'example_display_name' retrieved from /home/ec2-user/environment/lab4_model_training/venv/lib64/python3.12/site-packages/airflow/example_dags/example_display_name.py
[2026-05-09T19:52:54.230+0000] {logging_mixin.py:190} INFO - [2026-05-09T19:52:54.230+0000] {dag.py:3239} INFO - Sync 1 DAGs
[2026-05-09T19:52:54.240+0000] {logging_mixin.py:190} INFO - [2026-05-09T19:52:54.240+0000] {dag.py:4180} INFO - Setting next_dagrun for example_display_name to None, run_after=None
[2026-05-09T19:52:54.259+0000] {processor.py:208} INFO - Processing /home/ec2-user/environment/lab4_model_training/venv/lib64/python3.12/site-packages/airflow/example_dags/example_display_name.py took 0.053 seconds
[2026-05-09T19:53:59.842+0000] {processor.py:186} INFO - Started process (PID=34715) to work on /home/ec2-user/environment/lab4_model_training/venv/lib64/python3.12/site-packages/airflow/example_dags/example_display_name.py
[2026-05-09T19:53:59.843+0000] {processor.py:914} INFO - Processing file /home/ec2-user/environment/lab4_model_training/venv/lib64/python3.12/site-packages/airflow/example_dags/example_display_name.py for tasks to queue
[2026-05-09T19:53:59.844+0000] {logging_mixin.py:190} INFO - [2026-05-09T19:53:59.844+0000] {dagbag.py:588} INFO - Filling up the DagBag from /home/ec2-user/environment/lab4_model_training/venv/lib64/python3.12/site-packages/airflow/example_dags/example_display_name.py
[2026-05-09T19:53:59.851+0000] {processor.py:925} INFO - DAG(s) 'example_display_name' retrieved from /home/ec2-user/environment/lab4_model_training/venv/lib64/python3.12/site-packages/airflow/example_dags/example_display_name.py
[2026-05-09T19:53:59.861+0000] {logging_mixin.py:190} INFO - [2026-05-09T19:53:59.861+0000] {dag.py:3239} INFO - Sync 1 DAGs
[2026-05-09T19:53:59.871+0000] {logging_mixin.py:190} INFO - [2026-05-09T19:53:59.871+0000] {dag.py:4180} INFO - Setting next_dagrun for example_display_name to None, run_after=None
[2026-05-09T19:53:59.889+0000] {processor.py:208} INFO - Processing /home/ec2-user/environment/lab4_model_training/venv/lib64/python3.12/site-packages/airflow/example_dags/example_display_name.py took 0.051 seconds
[2026-05-09T19:55:03.817+0000] {processor.py:186} INFO - Started process (PID=34856) to work on /home/ec2-user/environment/lab4_model_training/venv/lib64/python3.12/site-packages/airflow/example_dags/example_display_name.py
[2026-05-09T19:55:03.818+0000] {processor.py:914} INFO - Processing file /home/ec2-user/environment/lab4_model_training/venv/lib64/python3.12/site-packages/airflow/example_dags/example_display_name.py for tasks to queue
[2026-05-09T19:55:03.820+0000] {logging_mixin.py:190} INFO - [2026-05-09T19:55:03.820+0000] {dagbag.py:588} INFO - Filling up the DagBag from /home/ec2-user/environment/lab4_model_training/venv/lib64/python3.12/site-packages/airflow/example_dags/example_display_name.py
[2026-05-09T19:55:03.826+0000] {processor.py:925} INFO - DAG(s) 'example_display_name' retrieved from /home/ec2-user/environment/lab4_model_training/venv/lib64/python3.12/site-packages/airflow/example_dags/example_display_name.py
[2026-05-09T19:55:03.837+0000] {logging_mixin.py:190} INFO - [2026-05-09T19:55:03.837+0000] {dag.py:3239} INFO - Sync 1 DAGs
[2026-05-09T19:55:03.847+0000] {logging_mixin.py:190} INFO - [2026-05-09T19:55:03.847+0000] {dag.py:4180} INFO - Setting next_dagrun for example_display_name to None, run_after=None
[2026-05-09T19:55:03.865+0000] {processor.py:208} INFO - Processing /home/ec2-user/environment/lab4_model_training/venv/lib64/python3.12/site-packages/airflow/example_dags/example_display_name.py took 0.052 seconds
[2026-05-09T19:56:11.248+0000] {processor.py:186} INFO - Started process (PID=35034) to work on /home/ec2-user/environment/lab4_model_training/venv/lib64/python3.12/site-packages/airflow/example_dags/example_display_name.py
[2026-05-09T19:56:11.249+0000] {processor.py:914} INFO - Processing file /home/ec2-user/environment/lab4_model_training/venv/lib64/python3.12/site-packages/airflow/example_dags/example_display_name.py for tasks to queue
[2026-05-09T19:56:11.250+0000] {logging_mixin.py:190} INFO - [2026-05-09T19:56:11.250+0000] {dagbag.py:588} INFO - Filling up the DagBag from /home/ec2-user/environment/lab4_model_training/venv/lib64/python3.12/site-packages/airflow/example_dags/example_display_name.py
[2026-05-09T19:56:11.257+0000] {processor.py:925} INFO - DAG(s) 'example_display_name' retrieved from /home/ec2-user/environment/lab4_model_training/venv/lib64/python3.12/site-packages/airflow/example_dags/example_display_name.py
[2026-05-09T19:56:11.268+0000] {logging_mixin.py:190} INFO - [2026-05-09T19:56:11.268+0000] {dag.py:3239} INFO - Sync 1 DAGs
[2026-05-09T19:56:11.278+0000] {logging_mixin.py:190} INFO - [2026-05-09T19:56:11.278+0000] {dag.py:4180} INFO - Setting next_dagrun for example_display_name to None, run_after=None
[2026-05-09T19:56:11.296+0000] {processor.py:208} INFO - Processing /home/ec2-user/environment/lab4_model_training/venv/lib64/python3.12/site-packages/airflow/example_dags/example_display_name.py took 0.053 seconds
[2026-05-09T19:57:17.291+0000] {processor.py:186} INFO - Started process (PID=35154) to work on /home/ec2-user/environment/lab4_model_training/venv/lib64/python3.12/site-packages/airflow/example_dags/example_display_name.py
[2026-05-09T19:57:17.292+0000] {processor.py:914} INFO - Processing file /home/ec2-user/environment/lab4_model_training/venv/lib64/python3.12/site-packages/airflow/example_dags/example_display_name.py for tasks to queue
[2026-05-09T19:57:17.294+0000] {logging_mixin.py:190} INFO - [2026-05-09T19:57:17.293+0000] {dagbag.py:588} INFO - Filling up the DagBag from /home/ec2-user/environment/lab4_model_training/venv/lib64/python3.12/site-packages/airflow/example_dags/example_display_name.py
[2026-05-09T19:57:17.300+0000] {processor.py:925} INFO - DAG(s) 'example_display_name' retrieved from /home/ec2-user/environment/lab4_model_training/venv/lib64/python3.12/site-packages/airflow/example_dags/example_display_name.py
[2026-05-09T19:57:17.311+0000] {logging_mixin.py:190} INFO - [2026-05-09T19:57:17.311+0000] {dag.py:3239} INFO - Sync 1 DAGs
[2026-05-09T19:57:17.320+0000] {logging_mixin.py:190} INFO - [2026-05-09T19:57:17.320+0000] {dag.py:4180} INFO - Setting next_dagrun for example_display_name to None, run_after=None
[2026-05-09T19:57:17.338+0000] {processor.py:208} INFO - Processing /home/ec2-user/environment/lab4_model_training/venv/lib64/python3.12/site-packages/airflow/example_dags/example_display_name.py took 0.052 seconds
[2026-05-09T19:58:19.451+0000] {processor.py:186} INFO - Started process (PID=35347) to work on /home/ec2-user/environment/lab4_model_training/venv/lib64/python3.12/site-packages/airflow/example_dags/example_display_name.py
[2026-05-09T19:58:19.452+0000] {processor.py:914} INFO - Processing file /home/ec2-user/environment/lab4_model_training/venv/lib64/python3.12/site-packages/airflow/example_dags/example_display_name.py for tasks to queue
[2026-05-09T19:58:19.454+0000] {logging_mixin.py:190} INFO - [2026-05-09T19:58:19.453+0000] {dagbag.py:588} INFO - Filling up the DagBag from /home/ec2-user/environment/lab4_model_training/venv/lib64/python3.12/site-packages/airflow/example_dags/example_display_name.py
[2026-05-09T19:58:19.460+0000] {processor.py:925} INFO - DAG(s) 'example_display_name' retrieved from /home/ec2-user/environment/lab4_model_training/venv/lib64/python3.12/site-packages/airflow/example_dags/example_display_name.py
[2026-05-09T19:58:19.471+0000] {logging_mixin.py:190} INFO - [2026-05-09T19:58:19.471+0000] {dag.py:3239} INFO - Sync 1 DAGs
[2026-05-09T19:58:19.480+0000] {logging_mixin.py:190} INFO - [2026-05-09T19:58:19.480+0000] {dag.py:4180} INFO - Setting next_dagrun for example_display_name to None, run_after=None
[2026-05-09T19:58:19.498+0000] {processor.py:208} INFO - Processing /home/ec2-user/environment/lab4_model_training/venv/lib64/python3.12/site-packages/airflow/example_dags/example_display_name.py took 0.052 seconds
