[2026-05-09T18:55:10.871+0000] {processor.py:186} INFO - Started process (PID=19022) to work on /home/ec2-user/environment/lab4_model_training/venv/lib64/python3.12/site-packages/airflow/example_dags/tutorial_taskflow_api.py
[2026-05-09T18:55:10.872+0000] {processor.py:914} INFO - Processing file /home/ec2-user/environment/lab4_model_training/venv/lib64/python3.12/site-packages/airflow/example_dags/tutorial_taskflow_api.py for tasks to queue
[2026-05-09T18:55:10.873+0000] {logging_mixin.py:190} INFO - [2026-05-09T18:55:10.873+0000] {dagbag.py:588} INFO - Filling up the DagBag from /home/ec2-user/environment/lab4_model_training/venv/lib64/python3.12/site-packages/airflow/example_dags/tutorial_taskflow_api.py
[2026-05-09T18:55:10.880+0000] {processor.py:925} INFO - DAG(s) 'tutorial_taskflow_api' retrieved from /home/ec2-user/environment/lab4_model_training/venv/lib64/python3.12/site-packages/airflow/example_dags/tutorial_taskflow_api.py
[2026-05-09T18:55:10.892+0000] {logging_mixin.py:190} INFO - [2026-05-09T18:55:10.892+0000] {dag.py:3239} INFO - Sync 1 DAGs
[2026-05-09T18:55:10.902+0000] {logging_mixin.py:190} INFO - [2026-05-09T18:55:10.902+0000] {dag.py:4180} INFO - Setting next_dagrun for tutorial_taskflow_api to None, run_after=None
[2026-05-09T18:55:10.920+0000] {processor.py:208} INFO - Processing /home/ec2-user/environment/lab4_model_training/venv/lib64/python3.12/site-packages/airflow/example_dags/tutorial_taskflow_api.py took 0.053 seconds
[2026-05-09T18:56:15.329+0000] {processor.py:186} INFO - Started process (PID=19470) to work on /home/ec2-user/environment/lab4_model_training/venv/lib64/python3.12/site-packages/airflow/example_dags/tutorial_taskflow_api.py
[2026-05-09T18:56:15.330+0000] {processor.py:914} INFO - Processing file /home/ec2-user/environment/lab4_model_training/venv/lib64/python3.12/site-packages/airflow/example_dags/tutorial_taskflow_api.py for tasks to queue
[2026-05-09T18:56:15.332+0000] {logging_mixin.py:190} INFO - [2026-05-09T18:56:15.332+0000] {dagbag.py:588} INFO - Filling up the DagBag from /home/ec2-user/environment/lab4_model_training/venv/lib64/python3.12/site-packages/airflow/example_dags/tutorial_taskflow_api.py
[2026-05-09T18:56:15.339+0000] {processor.py:925} INFO - DAG(s) 'tutorial_taskflow_api' retrieved from /home/ec2-user/environment/lab4_model_training/venv/lib64/python3.12/site-packages/airflow/example_dags/tutorial_taskflow_api.py
[2026-05-09T18:56:15.350+0000] {logging_mixin.py:190} INFO - [2026-05-09T18:56:15.350+0000] {dag.py:3239} INFO - Sync 1 DAGs
[2026-05-09T18:56:15.360+0000] {logging_mixin.py:190} INFO - [2026-05-09T18:56:15.360+0000] {dag.py:4180} INFO - Setting next_dagrun for tutorial_taskflow_api to None, run_after=None
[2026-05-09T18:56:15.378+0000] {processor.py:208} INFO - Processing /home/ec2-user/environment/lab4_model_training/venv/lib64/python3.12/site-packages/airflow/example_dags/tutorial_taskflow_api.py took 0.054 seconds
[2026-05-09T18:57:22.920+0000] {processor.py:186} INFO - Started process (PID=19824) to work on /home/ec2-user/environment/lab4_model_training/venv/lib64/python3.12/site-packages/airflow/example_dags/tutorial_taskflow_api.py
[2026-05-09T18:57:22.921+0000] {processor.py:914} INFO - Processing file /home/ec2-user/environment/lab4_model_training/venv/lib64/python3.12/site-packages/airflow/example_dags/tutorial_taskflow_api.py for tasks to queue
[2026-05-09T18:57:22.923+0000] {logging_mixin.py:190} INFO - [2026-05-09T18:57:22.923+0000] {dagbag.py:588} INFO - Filling up the DagBag from /home/ec2-user/environment/lab4_model_training/venv/lib64/python3.12/site-packages/airflow/example_dags/tutorial_taskflow_api.py
[2026-05-09T18:57:22.932+0000] {processor.py:925} INFO - DAG(s) 'tutorial_taskflow_api' retrieved from /home/ec2-user/environment/lab4_model_training/venv/lib64/python3.12/site-packages/airflow/example_dags/tutorial_taskflow_api.py
[2026-05-09T18:57:22.946+0000] {logging_mixin.py:190} INFO - [2026-05-09T18:57:22.946+0000] {dag.py:3239} INFO - Sync 1 DAGs
[2026-05-09T18:57:22.957+0000] {logging_mixin.py:190} INFO - [2026-05-09T18:57:22.957+0000] {dag.py:4180} INFO - Setting next_dagrun for tutorial_taskflow_api to None, run_after=None
[2026-05-09T18:57:22.977+0000] {processor.py:208} INFO - Processing /home/ec2-user/environment/lab4_model_training/venv/lib64/python3.12/site-packages/airflow/example_dags/tutorial_taskflow_api.py took 0.061 seconds
[2026-05-09T18:58:30.292+0000] {processor.py:186} INFO - Started process (PID=20171) to work on /home/ec2-user/environment/lab4_model_training/venv/lib64/python3.12/site-packages/airflow/example_dags/tutorial_taskflow_api.py
[2026-05-09T18:58:30.293+0000] {processor.py:914} INFO - Processing file /home/ec2-user/environment/lab4_model_training/venv/lib64/python3.12/site-packages/airflow/example_dags/tutorial_taskflow_api.py for tasks to queue
[2026-05-09T18:58:30.295+0000] {logging_mixin.py:190} INFO - [2026-05-09T18:58:30.294+0000] {dagbag.py:588} INFO - Filling up the DagBag from /home/ec2-user/environment/lab4_model_training/venv/lib64/python3.12/site-packages/airflow/example_dags/tutorial_taskflow_api.py
[2026-05-09T18:58:30.302+0000] {processor.py:925} INFO - DAG(s) 'tutorial_taskflow_api' retrieved from /home/ec2-user/environment/lab4_model_training/venv/lib64/python3.12/site-packages/airflow/example_dags/tutorial_taskflow_api.py
[2026-05-09T18:58:30.313+0000] {logging_mixin.py:190} INFO - [2026-05-09T18:58:30.313+0000] {dag.py:3239} INFO - Sync 1 DAGs
[2026-05-09T18:58:30.322+0000] {logging_mixin.py:190} INFO - [2026-05-09T18:58:30.322+0000] {dag.py:4180} INFO - Setting next_dagrun for tutorial_taskflow_api to None, run_after=None
[2026-05-09T18:58:30.340+0000] {processor.py:208} INFO - Processing /home/ec2-user/environment/lab4_model_training/venv/lib64/python3.12/site-packages/airflow/example_dags/tutorial_taskflow_api.py took 0.053 seconds
[2026-05-09T18:59:35.526+0000] {processor.py:186} INFO - Started process (PID=20513) to work on /home/ec2-user/environment/lab4_model_training/venv/lib64/python3.12/site-packages/airflow/example_dags/tutorial_taskflow_api.py
[2026-05-09T18:59:35.527+0000] {processor.py:914} INFO - Processing file /home/ec2-user/environment/lab4_model_training/venv/lib64/python3.12/site-packages/airflow/example_dags/tutorial_taskflow_api.py for tasks to queue
[2026-05-09T18:59:35.528+0000] {logging_mixin.py:190} INFO - [2026-05-09T18:59:35.528+0000] {dagbag.py:588} INFO - Filling up the DagBag from /home/ec2-user/environment/lab4_model_training/venv/lib64/python3.12/site-packages/airflow/example_dags/tutorial_taskflow_api.py
[2026-05-09T18:59:35.535+0000] {processor.py:925} INFO - DAG(s) 'tutorial_taskflow_api' retrieved from /home/ec2-user/environment/lab4_model_training/venv/lib64/python3.12/site-packages/airflow/example_dags/tutorial_taskflow_api.py
[2026-05-09T18:59:35.547+0000] {logging_mixin.py:190} INFO - [2026-05-09T18:59:35.546+0000] {dag.py:3239} INFO - Sync 1 DAGs
[2026-05-09T18:59:35.556+0000] {logging_mixin.py:190} INFO - [2026-05-09T18:59:35.556+0000] {dag.py:4180} INFO - Setting next_dagrun for tutorial_taskflow_api to None, run_after=None
[2026-05-09T18:59:35.574+0000] {processor.py:208} INFO - Processing /home/ec2-user/environment/lab4_model_training/venv/lib64/python3.12/site-packages/airflow/example_dags/tutorial_taskflow_api.py took 0.053 seconds
[2026-05-09T19:00:39.601+0000] {processor.py:186} INFO - Started process (PID=20803) to work on /home/ec2-user/environment/lab4_model_training/venv/lib64/python3.12/site-packages/airflow/example_dags/tutorial_taskflow_api.py
[2026-05-09T19:00:39.602+0000] {processor.py:914} INFO - Processing file /home/ec2-user/environment/lab4_model_training/venv/lib64/python3.12/site-packages/airflow/example_dags/tutorial_taskflow_api.py for tasks to queue
[2026-05-09T19:00:39.603+0000] {logging_mixin.py:190} INFO - [2026-05-09T19:00:39.603+0000] {dagbag.py:588} INFO - Filling up the DagBag from /home/ec2-user/environment/lab4_model_training/venv/lib64/python3.12/site-packages/airflow/example_dags/tutorial_taskflow_api.py
[2026-05-09T19:00:39.610+0000] {processor.py:925} INFO - DAG(s) 'tutorial_taskflow_api' retrieved from /home/ec2-user/environment/lab4_model_training/venv/lib64/python3.12/site-packages/airflow/example_dags/tutorial_taskflow_api.py
[2026-05-09T19:00:39.622+0000] {logging_mixin.py:190} INFO - [2026-05-09T19:00:39.622+0000] {dag.py:3239} INFO - Sync 1 DAGs
[2026-05-09T19:00:39.631+0000] {logging_mixin.py:190} INFO - [2026-05-09T19:00:39.631+0000] {dag.py:4180} INFO - Setting next_dagrun for tutorial_taskflow_api to None, run_after=None
[2026-05-09T19:00:39.649+0000] {processor.py:208} INFO - Processing /home/ec2-user/environment/lab4_model_training/venv/lib64/python3.12/site-packages/airflow/example_dags/tutorial_taskflow_api.py took 0.053 seconds
[2026-05-09T19:01:45.043+0000] {processor.py:186} INFO - Started process (PID=21127) to work on /home/ec2-user/environment/lab4_model_training/venv/lib64/python3.12/site-packages/airflow/example_dags/tutorial_taskflow_api.py
[2026-05-09T19:01:45.044+0000] {processor.py:914} INFO - Processing file /home/ec2-user/environment/lab4_model_training/venv/lib64/python3.12/site-packages/airflow/example_dags/tutorial_taskflow_api.py for tasks to queue
[2026-05-09T19:01:45.046+0000] {logging_mixin.py:190} INFO - [2026-05-09T19:01:45.046+0000] {dagbag.py:588} INFO - Filling up the DagBag from /home/ec2-user/environment/lab4_model_training/venv/lib64/python3.12/site-packages/airflow/example_dags/tutorial_taskflow_api.py
[2026-05-09T19:01:45.053+0000] {processor.py:925} INFO - DAG(s) 'tutorial_taskflow_api' retrieved from /home/ec2-user/environment/lab4_model_training/venv/lib64/python3.12/site-packages/airflow/example_dags/tutorial_taskflow_api.py
[2026-05-09T19:01:45.064+0000] {logging_mixin.py:190} INFO - [2026-05-09T19:01:45.064+0000] {dag.py:3239} INFO - Sync 1 DAGs
[2026-05-09T19:01:45.075+0000] {logging_mixin.py:190} INFO - [2026-05-09T19:01:45.075+0000] {dag.py:4180} INFO - Setting next_dagrun for tutorial_taskflow_api to None, run_after=None
[2026-05-09T19:01:45.096+0000] {processor.py:208} INFO - Processing /home/ec2-user/environment/lab4_model_training/venv/lib64/python3.12/site-packages/airflow/example_dags/tutorial_taskflow_api.py took 0.057 seconds
[2026-05-09T19:02:45.792+0000] {processor.py:186} INFO - Started process (PID=21495) to work on /home/ec2-user/environment/lab4_model_training/venv/lib64/python3.12/site-packages/airflow/example_dags/tutorial_taskflow_api.py
[2026-05-09T19:02:45.793+0000] {processor.py:914} INFO - Processing file /home/ec2-user/environment/lab4_model_training/venv/lib64/python3.12/site-packages/airflow/example_dags/tutorial_taskflow_api.py for tasks to queue
[2026-05-09T19:02:45.795+0000] {logging_mixin.py:190} INFO - [2026-05-09T19:02:45.794+0000] {dagbag.py:588} INFO - Filling up the DagBag from /home/ec2-user/environment/lab4_model_training/venv/lib64/python3.12/site-packages/airflow/example_dags/tutorial_taskflow_api.py
[2026-05-09T19:02:45.802+0000] {processor.py:925} INFO - DAG(s) 'tutorial_taskflow_api' retrieved from /home/ec2-user/environment/lab4_model_training/venv/lib64/python3.12/site-packages/airflow/example_dags/tutorial_taskflow_api.py
[2026-05-09T19:02:45.813+0000] {logging_mixin.py:190} INFO - [2026-05-09T19:02:45.813+0000] {dag.py:3239} INFO - Sync 1 DAGs
[2026-05-09T19:02:45.823+0000] {logging_mixin.py:190} INFO - [2026-05-09T19:02:45.823+0000] {dag.py:4180} INFO - Setting next_dagrun for tutorial_taskflow_api to None, run_after=None
[2026-05-09T19:02:45.841+0000] {processor.py:208} INFO - Processing /home/ec2-user/environment/lab4_model_training/venv/lib64/python3.12/site-packages/airflow/example_dags/tutorial_taskflow_api.py took 0.053 seconds
[2026-05-09T19:03:51.771+0000] {processor.py:186} INFO - Started process (PID=21789) to work on /home/ec2-user/environment/lab4_model_training/venv/lib64/python3.12/site-packages/airflow/example_dags/tutorial_taskflow_api.py
[2026-05-09T19:03:51.772+0000] {processor.py:914} INFO - Processing file /home/ec2-user/environment/lab4_model_training/venv/lib64/python3.12/site-packages/airflow/example_dags/tutorial_taskflow_api.py for tasks to queue
[2026-05-09T19:03:51.773+0000] {logging_mixin.py:190} INFO - [2026-05-09T19:03:51.773+0000] {dagbag.py:588} INFO - Filling up the DagBag from /home/ec2-user/environment/lab4_model_training/venv/lib64/python3.12/site-packages/airflow/example_dags/tutorial_taskflow_api.py
[2026-05-09T19:03:51.780+0000] {processor.py:925} INFO - DAG(s) 'tutorial_taskflow_api' retrieved from /home/ec2-user/environment/lab4_model_training/venv/lib64/python3.12/site-packages/airflow/example_dags/tutorial_taskflow_api.py
[2026-05-09T19:03:51.792+0000] {logging_mixin.py:190} INFO - [2026-05-09T19:03:51.792+0000] {dag.py:3239} INFO - Sync 1 DAGs
[2026-05-09T19:03:51.802+0000] {logging_mixin.py:190} INFO - [2026-05-09T19:03:51.802+0000] {dag.py:4180} INFO - Setting next_dagrun for tutorial_taskflow_api to None, run_after=None
[2026-05-09T19:03:51.823+0000] {processor.py:208} INFO - Processing /home/ec2-user/environment/lab4_model_training/venv/lib64/python3.12/site-packages/airflow/example_dags/tutorial_taskflow_api.py took 0.056 seconds
[2026-05-09T19:04:55.611+0000] {processor.py:186} INFO - Started process (PID=22227) to work on /home/ec2-user/environment/lab4_model_training/venv/lib64/python3.12/site-packages/airflow/example_dags/tutorial_taskflow_api.py
[2026-05-09T19:04:55.612+0000] {processor.py:914} INFO - Processing file /home/ec2-user/environment/lab4_model_training/venv/lib64/python3.12/site-packages/airflow/example_dags/tutorial_taskflow_api.py for tasks to queue
[2026-05-09T19:04:55.614+0000] {logging_mixin.py:190} INFO - [2026-05-09T19:04:55.614+0000] {dagbag.py:588} INFO - Filling up the DagBag from /home/ec2-user/environment/lab4_model_training/venv/lib64/python3.12/site-packages/airflow/example_dags/tutorial_taskflow_api.py
[2026-05-09T19:04:55.621+0000] {processor.py:925} INFO - DAG(s) 'tutorial_taskflow_api' retrieved from /home/ec2-user/environment/lab4_model_training/venv/lib64/python3.12/site-packages/airflow/example_dags/tutorial_taskflow_api.py
[2026-05-09T19:04:55.633+0000] {logging_mixin.py:190} INFO - [2026-05-09T19:04:55.632+0000] {dag.py:3239} INFO - Sync 1 DAGs
[2026-05-09T19:04:55.642+0000] {logging_mixin.py:190} INFO - [2026-05-09T19:04:55.642+0000] {dag.py:4180} INFO - Setting next_dagrun for tutorial_taskflow_api to None, run_after=None
[2026-05-09T19:04:55.661+0000] {processor.py:208} INFO - Processing /home/ec2-user/environment/lab4_model_training/venv/lib64/python3.12/site-packages/airflow/example_dags/tutorial_taskflow_api.py took 0.054 seconds
[2026-05-09T19:05:57.168+0000] {processor.py:186} INFO - Started process (PID=22566) to work on /home/ec2-user/environment/lab4_model_training/venv/lib64/python3.12/site-packages/airflow/example_dags/tutorial_taskflow_api.py
[2026-05-09T19:05:57.170+0000] {processor.py:914} INFO - Processing file /home/ec2-user/environment/lab4_model_training/venv/lib64/python3.12/site-packages/airflow/example_dags/tutorial_taskflow_api.py for tasks to queue
[2026-05-09T19:05:57.171+0000] {logging_mixin.py:190} INFO - [2026-05-09T19:05:57.171+0000] {dagbag.py:588} INFO - Filling up the DagBag from /home/ec2-user/environment/lab4_model_training/venv/lib64/python3.12/site-packages/airflow/example_dags/tutorial_taskflow_api.py
[2026-05-09T19:05:57.178+0000] {processor.py:925} INFO - DAG(s) 'tutorial_taskflow_api' retrieved from /home/ec2-user/environment/lab4_model_training/venv/lib64/python3.12/site-packages/airflow/example_dags/tutorial_taskflow_api.py
[2026-05-09T19:05:57.190+0000] {logging_mixin.py:190} INFO - [2026-05-09T19:05:57.190+0000] {dag.py:3239} INFO - Sync 1 DAGs
[2026-05-09T19:05:57.199+0000] {logging_mixin.py:190} INFO - [2026-05-09T19:05:57.199+0000] {dag.py:4180} INFO - Setting next_dagrun for tutorial_taskflow_api to None, run_after=None
[2026-05-09T19:05:57.219+0000] {processor.py:208} INFO - Processing /home/ec2-user/environment/lab4_model_training/venv/lib64/python3.12/site-packages/airflow/example_dags/tutorial_taskflow_api.py took 0.055 seconds
[2026-05-09T19:07:02.106+0000] {processor.py:186} INFO - Started process (PID=22923) to work on /home/ec2-user/environment/lab4_model_training/venv/lib64/python3.12/site-packages/airflow/example_dags/tutorial_taskflow_api.py
[2026-05-09T19:07:02.107+0000] {processor.py:914} INFO - Processing file /home/ec2-user/environment/lab4_model_training/venv/lib64/python3.12/site-packages/airflow/example_dags/tutorial_taskflow_api.py for tasks to queue
[2026-05-09T19:07:02.109+0000] {logging_mixin.py:190} INFO - [2026-05-09T19:07:02.109+0000] {dagbag.py:588} INFO - Filling up the DagBag from /home/ec2-user/environment/lab4_model_training/venv/lib64/python3.12/site-packages/airflow/example_dags/tutorial_taskflow_api.py
[2026-05-09T19:07:02.116+0000] {processor.py:925} INFO - DAG(s) 'tutorial_taskflow_api' retrieved from /home/ec2-user/environment/lab4_model_training/venv/lib64/python3.12/site-packages/airflow/example_dags/tutorial_taskflow_api.py
[2026-05-09T19:07:02.128+0000] {logging_mixin.py:190} INFO - [2026-05-09T19:07:02.128+0000] {dag.py:3239} INFO - Sync 1 DAGs
[2026-05-09T19:07:02.138+0000] {logging_mixin.py:190} INFO - [2026-05-09T19:07:02.138+0000] {dag.py:4180} INFO - Setting next_dagrun for tutorial_taskflow_api to None, run_after=None
[2026-05-09T19:07:02.156+0000] {processor.py:208} INFO - Processing /home/ec2-user/environment/lab4_model_training/venv/lib64/python3.12/site-packages/airflow/example_dags/tutorial_taskflow_api.py took 0.054 seconds
[2026-05-09T19:08:07.327+0000] {processor.py:186} INFO - Started process (PID=23219) to work on /home/ec2-user/environment/lab4_model_training/venv/lib64/python3.12/site-packages/airflow/example_dags/tutorial_taskflow_api.py
[2026-05-09T19:08:07.328+0000] {processor.py:914} INFO - Processing file /home/ec2-user/environment/lab4_model_training/venv/lib64/python3.12/site-packages/airflow/example_dags/tutorial_taskflow_api.py for tasks to queue
[2026-05-09T19:08:07.330+0000] {logging_mixin.py:190} INFO - [2026-05-09T19:08:07.330+0000] {dagbag.py:588} INFO - Filling up the DagBag from /home/ec2-user/environment/lab4_model_training/venv/lib64/python3.12/site-packages/airflow/example_dags/tutorial_taskflow_api.py
[2026-05-09T19:08:07.337+0000] {processor.py:925} INFO - DAG(s) 'tutorial_taskflow_api' retrieved from /home/ec2-user/environment/lab4_model_training/venv/lib64/python3.12/site-packages/airflow/example_dags/tutorial_taskflow_api.py
[2026-05-09T19:08:07.351+0000] {logging_mixin.py:190} INFO - [2026-05-09T19:08:07.351+0000] {dag.py:3239} INFO - Sync 1 DAGs
[2026-05-09T19:08:07.364+0000] {logging_mixin.py:190} INFO - [2026-05-09T19:08:07.364+0000] {dag.py:4180} INFO - Setting next_dagrun for tutorial_taskflow_api to None, run_after=None
[2026-05-09T19:08:07.390+0000] {processor.py:208} INFO - Processing /home/ec2-user/environment/lab4_model_training/venv/lib64/python3.12/site-packages/airflow/example_dags/tutorial_taskflow_api.py took 0.067 seconds
[2026-05-09T19:09:09.655+0000] {processor.py:186} INFO - Started process (PID=23560) to work on /home/ec2-user/environment/lab4_model_training/venv/lib64/python3.12/site-packages/airflow/example_dags/tutorial_taskflow_api.py
[2026-05-09T19:09:09.656+0000] {processor.py:914} INFO - Processing file /home/ec2-user/environment/lab4_model_training/venv/lib64/python3.12/site-packages/airflow/example_dags/tutorial_taskflow_api.py for tasks to queue
[2026-05-09T19:09:09.658+0000] {logging_mixin.py:190} INFO - [2026-05-09T19:09:09.658+0000] {dagbag.py:588} INFO - Filling up the DagBag from /home/ec2-user/environment/lab4_model_training/venv/lib64/python3.12/site-packages/airflow/example_dags/tutorial_taskflow_api.py
[2026-05-09T19:09:09.665+0000] {processor.py:925} INFO - DAG(s) 'tutorial_taskflow_api' retrieved from /home/ec2-user/environment/lab4_model_training/venv/lib64/python3.12/site-packages/airflow/example_dags/tutorial_taskflow_api.py
[2026-05-09T19:09:09.677+0000] {logging_mixin.py:190} INFO - [2026-05-09T19:09:09.677+0000] {dag.py:3239} INFO - Sync 1 DAGs
[2026-05-09T19:09:09.686+0000] {logging_mixin.py:190} INFO - [2026-05-09T19:09:09.686+0000] {dag.py:4180} INFO - Setting next_dagrun for tutorial_taskflow_api to None, run_after=None
[2026-05-09T19:09:09.704+0000] {processor.py:208} INFO - Processing /home/ec2-user/environment/lab4_model_training/venv/lib64/python3.12/site-packages/airflow/example_dags/tutorial_taskflow_api.py took 0.053 seconds
[2026-05-09T19:10:15.464+0000] {processor.py:186} INFO - Started process (PID=23887) to work on /home/ec2-user/environment/lab4_model_training/venv/lib64/python3.12/site-packages/airflow/example_dags/tutorial_taskflow_api.py
[2026-05-09T19:10:15.465+0000] {processor.py:914} INFO - Processing file /home/ec2-user/environment/lab4_model_training/venv/lib64/python3.12/site-packages/airflow/example_dags/tutorial_taskflow_api.py for tasks to queue
[2026-05-09T19:10:15.467+0000] {logging_mixin.py:190} INFO - [2026-05-09T19:10:15.467+0000] {dagbag.py:588} INFO - Filling up the DagBag from /home/ec2-user/environment/lab4_model_training/venv/lib64/python3.12/site-packages/airflow/example_dags/tutorial_taskflow_api.py
[2026-05-09T19:10:15.476+0000] {processor.py:925} INFO - DAG(s) 'tutorial_taskflow_api' retrieved from /home/ec2-user/environment/lab4_model_training/venv/lib64/python3.12/site-packages/airflow/example_dags/tutorial_taskflow_api.py
[2026-05-09T19:10:15.489+0000] {logging_mixin.py:190} INFO - [2026-05-09T19:10:15.489+0000] {dag.py:3239} INFO - Sync 1 DAGs
[2026-05-09T19:10:15.500+0000] {logging_mixin.py:190} INFO - [2026-05-09T19:10:15.500+0000] {dag.py:4180} INFO - Setting next_dagrun for tutorial_taskflow_api to None, run_after=None
[2026-05-09T19:10:15.520+0000] {processor.py:208} INFO - Processing /home/ec2-user/environment/lab4_model_training/venv/lib64/python3.12/site-packages/airflow/example_dags/tutorial_taskflow_api.py took 0.060 seconds
[2026-05-09T19:11:23.916+0000] {processor.py:186} INFO - Started process (PID=24318) to work on /home/ec2-user/environment/lab4_model_training/venv/lib64/python3.12/site-packages/airflow/example_dags/tutorial_taskflow_api.py
[2026-05-09T19:11:23.917+0000] {processor.py:914} INFO - Processing file /home/ec2-user/environment/lab4_model_training/venv/lib64/python3.12/site-packages/airflow/example_dags/tutorial_taskflow_api.py for tasks to queue
[2026-05-09T19:11:23.919+0000] {logging_mixin.py:190} INFO - [2026-05-09T19:11:23.918+0000] {dagbag.py:588} INFO - Filling up the DagBag from /home/ec2-user/environment/lab4_model_training/venv/lib64/python3.12/site-packages/airflow/example_dags/tutorial_taskflow_api.py
[2026-05-09T19:11:23.925+0000] {processor.py:925} INFO - DAG(s) 'tutorial_taskflow_api' retrieved from /home/ec2-user/environment/lab4_model_training/venv/lib64/python3.12/site-packages/airflow/example_dags/tutorial_taskflow_api.py
[2026-05-09T19:11:23.937+0000] {logging_mixin.py:190} INFO - [2026-05-09T19:11:23.937+0000] {dag.py:3239} INFO - Sync 1 DAGs
[2026-05-09T19:11:23.947+0000] {logging_mixin.py:190} INFO - [2026-05-09T19:11:23.947+0000] {dag.py:4180} INFO - Setting next_dagrun for tutorial_taskflow_api to None, run_after=None
[2026-05-09T19:11:23.965+0000] {processor.py:208} INFO - Processing /home/ec2-user/environment/lab4_model_training/venv/lib64/python3.12/site-packages/airflow/example_dags/tutorial_taskflow_api.py took 0.054 seconds
[2026-05-09T19:12:31.462+0000] {processor.py:186} INFO - Started process (PID=24702) to work on /home/ec2-user/environment/lab4_model_training/venv/lib64/python3.12/site-packages/airflow/example_dags/tutorial_taskflow_api.py
[2026-05-09T19:12:31.463+0000] {processor.py:914} INFO - Processing file /home/ec2-user/environment/lab4_model_training/venv/lib64/python3.12/site-packages/airflow/example_dags/tutorial_taskflow_api.py for tasks to queue
[2026-05-09T19:12:31.465+0000] {logging_mixin.py:190} INFO - [2026-05-09T19:12:31.465+0000] {dagbag.py:588} INFO - Filling up the DagBag from /home/ec2-user/environment/lab4_model_training/venv/lib64/python3.12/site-packages/airflow/example_dags/tutorial_taskflow_api.py
[2026-05-09T19:12:31.474+0000] {processor.py:925} INFO - DAG(s) 'tutorial_taskflow_api' retrieved from /home/ec2-user/environment/lab4_model_training/venv/lib64/python3.12/site-packages/airflow/example_dags/tutorial_taskflow_api.py
[2026-05-09T19:12:31.489+0000] {logging_mixin.py:190} INFO - [2026-05-09T19:12:31.489+0000] {dag.py:3239} INFO - Sync 1 DAGs
[2026-05-09T19:12:31.499+0000] {logging_mixin.py:190} INFO - [2026-05-09T19:12:31.499+0000] {dag.py:4180} INFO - Setting next_dagrun for tutorial_taskflow_api to None, run_after=None
[2026-05-09T19:12:31.520+0000] {processor.py:208} INFO - Processing /home/ec2-user/environment/lab4_model_training/venv/lib64/python3.12/site-packages/airflow/example_dags/tutorial_taskflow_api.py took 0.062 seconds
[2026-05-09T19:13:37.137+0000] {processor.py:186} INFO - Started process (PID=25021) to work on /home/ec2-user/environment/lab4_model_training/venv/lib64/python3.12/site-packages/airflow/example_dags/tutorial_taskflow_api.py
[2026-05-09T19:13:37.138+0000] {processor.py:914} INFO - Processing file /home/ec2-user/environment/lab4_model_training/venv/lib64/python3.12/site-packages/airflow/example_dags/tutorial_taskflow_api.py for tasks to queue
[2026-05-09T19:13:37.139+0000] {logging_mixin.py:190} INFO - [2026-05-09T19:13:37.139+0000] {dagbag.py:588} INFO - Filling up the DagBag from /home/ec2-user/environment/lab4_model_training/venv/lib64/python3.12/site-packages/airflow/example_dags/tutorial_taskflow_api.py
[2026-05-09T19:13:37.147+0000] {processor.py:925} INFO - DAG(s) 'tutorial_taskflow_api' retrieved from /home/ec2-user/environment/lab4_model_training/venv/lib64/python3.12/site-packages/airflow/example_dags/tutorial_taskflow_api.py
[2026-05-09T19:13:37.158+0000] {logging_mixin.py:190} INFO - [2026-05-09T19:13:37.158+0000] {dag.py:3239} INFO - Sync 1 DAGs
[2026-05-09T19:13:37.168+0000] {logging_mixin.py:190} INFO - [2026-05-09T19:13:37.168+0000] {dag.py:4180} INFO - Setting next_dagrun for tutorial_taskflow_api to None, run_after=None
[2026-05-09T19:13:37.186+0000] {processor.py:208} INFO - Processing /home/ec2-user/environment/lab4_model_training/venv/lib64/python3.12/site-packages/airflow/example_dags/tutorial_taskflow_api.py took 0.054 seconds
[2026-05-09T19:14:41.571+0000] {processor.py:186} INFO - Started process (PID=25382) to work on /home/ec2-user/environment/lab4_model_training/venv/lib64/python3.12/site-packages/airflow/example_dags/tutorial_taskflow_api.py
[2026-05-09T19:14:41.572+0000] {processor.py:914} INFO - Processing file /home/ec2-user/environment/lab4_model_training/venv/lib64/python3.12/site-packages/airflow/example_dags/tutorial_taskflow_api.py for tasks to queue
[2026-05-09T19:14:41.574+0000] {logging_mixin.py:190} INFO - [2026-05-09T19:14:41.573+0000] {dagbag.py:588} INFO - Filling up the DagBag from /home/ec2-user/environment/lab4_model_training/venv/lib64/python3.12/site-packages/airflow/example_dags/tutorial_taskflow_api.py
[2026-05-09T19:14:41.580+0000] {processor.py:925} INFO - DAG(s) 'tutorial_taskflow_api' retrieved from /home/ec2-user/environment/lab4_model_training/venv/lib64/python3.12/site-packages/airflow/example_dags/tutorial_taskflow_api.py
[2026-05-09T19:14:41.592+0000] {logging_mixin.py:190} INFO - [2026-05-09T19:14:41.592+0000] {dag.py:3239} INFO - Sync 1 DAGs
[2026-05-09T19:14:41.602+0000] {logging_mixin.py:190} INFO - [2026-05-09T19:14:41.602+0000] {dag.py:4180} INFO - Setting next_dagrun for tutorial_taskflow_api to None, run_after=None
[2026-05-09T19:14:41.620+0000] {processor.py:208} INFO - Processing /home/ec2-user/environment/lab4_model_training/venv/lib64/python3.12/site-packages/airflow/example_dags/tutorial_taskflow_api.py took 0.054 seconds
[2026-05-09T19:15:49.826+0000] {processor.py:186} INFO - Started process (PID=25705) to work on /home/ec2-user/environment/lab4_model_training/venv/lib64/python3.12/site-packages/airflow/example_dags/tutorial_taskflow_api.py
[2026-05-09T19:15:49.827+0000] {processor.py:914} INFO - Processing file /home/ec2-user/environment/lab4_model_training/venv/lib64/python3.12/site-packages/airflow/example_dags/tutorial_taskflow_api.py for tasks to queue
[2026-05-09T19:15:49.829+0000] {logging_mixin.py:190} INFO - [2026-05-09T19:15:49.829+0000] {dagbag.py:588} INFO - Filling up the DagBag from /home/ec2-user/environment/lab4_model_training/venv/lib64/python3.12/site-packages/airflow/example_dags/tutorial_taskflow_api.py
[2026-05-09T19:15:49.836+0000] {processor.py:925} INFO - DAG(s) 'tutorial_taskflow_api' retrieved from /home/ec2-user/environment/lab4_model_training/venv/lib64/python3.12/site-packages/airflow/example_dags/tutorial_taskflow_api.py
[2026-05-09T19:15:49.850+0000] {logging_mixin.py:190} INFO - [2026-05-09T19:15:49.849+0000] {dag.py:3239} INFO - Sync 1 DAGs
[2026-05-09T19:15:49.863+0000] {logging_mixin.py:190} INFO - [2026-05-09T19:15:49.863+0000] {dag.py:4180} INFO - Setting next_dagrun for tutorial_taskflow_api to None, run_after=None
[2026-05-09T19:15:49.890+0000] {processor.py:208} INFO - Processing /home/ec2-user/environment/lab4_model_training/venv/lib64/python3.12/site-packages/airflow/example_dags/tutorial_taskflow_api.py took 0.068 seconds
[2026-05-09T19:16:55.270+0000] {processor.py:186} INFO - Started process (PID=25966) to work on /home/ec2-user/environment/lab4_model_training/venv/lib64/python3.12/site-packages/airflow/example_dags/tutorial_taskflow_api.py
[2026-05-09T19:16:55.271+0000] {processor.py:914} INFO - Processing file /home/ec2-user/environment/lab4_model_training/venv/lib64/python3.12/site-packages/airflow/example_dags/tutorial_taskflow_api.py for tasks to queue
[2026-05-09T19:16:55.273+0000] {logging_mixin.py:190} INFO - [2026-05-09T19:16:55.272+0000] {dagbag.py:588} INFO - Filling up the DagBag from /home/ec2-user/environment/lab4_model_training/venv/lib64/python3.12/site-packages/airflow/example_dags/tutorial_taskflow_api.py
[2026-05-09T19:16:55.280+0000] {processor.py:925} INFO - DAG(s) 'tutorial_taskflow_api' retrieved from /home/ec2-user/environment/lab4_model_training/venv/lib64/python3.12/site-packages/airflow/example_dags/tutorial_taskflow_api.py
[2026-05-09T19:16:55.291+0000] {logging_mixin.py:190} INFO - [2026-05-09T19:16:55.291+0000] {dag.py:3239} INFO - Sync 1 DAGs
[2026-05-09T19:16:55.301+0000] {logging_mixin.py:190} INFO - [2026-05-09T19:16:55.301+0000] {dag.py:4180} INFO - Setting next_dagrun for tutorial_taskflow_api to None, run_after=None
[2026-05-09T19:16:55.319+0000] {processor.py:208} INFO - Processing /home/ec2-user/environment/lab4_model_training/venv/lib64/python3.12/site-packages/airflow/example_dags/tutorial_taskflow_api.py took 0.053 seconds
[2026-05-09T19:18:02.050+0000] {processor.py:186} INFO - Started process (PID=26487) to work on /home/ec2-user/environment/lab4_model_training/venv/lib64/python3.12/site-packages/airflow/example_dags/tutorial_taskflow_api.py
[2026-05-09T19:18:02.052+0000] {processor.py:914} INFO - Processing file /home/ec2-user/environment/lab4_model_training/venv/lib64/python3.12/site-packages/airflow/example_dags/tutorial_taskflow_api.py for tasks to queue
[2026-05-09T19:18:02.053+0000] {logging_mixin.py:190} INFO - [2026-05-09T19:18:02.053+0000] {dagbag.py:588} INFO - Filling up the DagBag from /home/ec2-user/environment/lab4_model_training/venv/lib64/python3.12/site-packages/airflow/example_dags/tutorial_taskflow_api.py
[2026-05-09T19:18:02.060+0000] {processor.py:925} INFO - DAG(s) 'tutorial_taskflow_api' retrieved from /home/ec2-user/environment/lab4_model_training/venv/lib64/python3.12/site-packages/airflow/example_dags/tutorial_taskflow_api.py
[2026-05-09T19:18:02.073+0000] {logging_mixin.py:190} INFO - [2026-05-09T19:18:02.072+0000] {dag.py:3239} INFO - Sync 1 DAGs
[2026-05-09T19:18:02.082+0000] {logging_mixin.py:190} INFO - [2026-05-09T19:18:02.082+0000] {dag.py:4180} INFO - Setting next_dagrun for tutorial_taskflow_api to None, run_after=None
[2026-05-09T19:18:02.100+0000] {processor.py:208} INFO - Processing /home/ec2-user/environment/lab4_model_training/venv/lib64/python3.12/site-packages/airflow/example_dags/tutorial_taskflow_api.py took 0.054 seconds
[2026-05-09T19:19:04.959+0000] {processor.py:186} INFO - Started process (PID=26831) to work on /home/ec2-user/environment/lab4_model_training/venv/lib64/python3.12/site-packages/airflow/example_dags/tutorial_taskflow_api.py
[2026-05-09T19:19:04.961+0000] {processor.py:914} INFO - Processing file /home/ec2-user/environment/lab4_model_training/venv/lib64/python3.12/site-packages/airflow/example_dags/tutorial_taskflow_api.py for tasks to queue
[2026-05-09T19:19:04.962+0000] {logging_mixin.py:190} INFO - [2026-05-09T19:19:04.962+0000] {dagbag.py:588} INFO - Filling up the DagBag from /home/ec2-user/environment/lab4_model_training/venv/lib64/python3.12/site-packages/airflow/example_dags/tutorial_taskflow_api.py
[2026-05-09T19:19:04.969+0000] {processor.py:925} INFO - DAG(s) 'tutorial_taskflow_api' retrieved from /home/ec2-user/environment/lab4_model_training/venv/lib64/python3.12/site-packages/airflow/example_dags/tutorial_taskflow_api.py
[2026-05-09T19:19:04.980+0000] {logging_mixin.py:190} INFO - [2026-05-09T19:19:04.980+0000] {dag.py:3239} INFO - Sync 1 DAGs
[2026-05-09T19:19:04.990+0000] {logging_mixin.py:190} INFO - [2026-05-09T19:19:04.990+0000] {dag.py:4180} INFO - Setting next_dagrun for tutorial_taskflow_api to None, run_after=None
[2026-05-09T19:19:05.008+0000] {processor.py:208} INFO - Processing /home/ec2-user/environment/lab4_model_training/venv/lib64/python3.12/site-packages/airflow/example_dags/tutorial_taskflow_api.py took 0.053 seconds
[2026-05-09T19:20:10.609+0000] {processor.py:186} INFO - Started process (PID=27293) to work on /home/ec2-user/environment/lab4_model_training/venv/lib64/python3.12/site-packages/airflow/example_dags/tutorial_taskflow_api.py
[2026-05-09T19:20:10.610+0000] {processor.py:914} INFO - Processing file /home/ec2-user/environment/lab4_model_training/venv/lib64/python3.12/site-packages/airflow/example_dags/tutorial_taskflow_api.py for tasks to queue
[2026-05-09T19:20:10.612+0000] {logging_mixin.py:190} INFO - [2026-05-09T19:20:10.611+0000] {dagbag.py:588} INFO - Filling up the DagBag from /home/ec2-user/environment/lab4_model_training/venv/lib64/python3.12/site-packages/airflow/example_dags/tutorial_taskflow_api.py
[2026-05-09T19:20:10.621+0000] {processor.py:925} INFO - DAG(s) 'tutorial_taskflow_api' retrieved from /home/ec2-user/environment/lab4_model_training/venv/lib64/python3.12/site-packages/airflow/example_dags/tutorial_taskflow_api.py
[2026-05-09T19:20:10.635+0000] {logging_mixin.py:190} INFO - [2026-05-09T19:20:10.635+0000] {dag.py:3239} INFO - Sync 1 DAGs
[2026-05-09T19:20:10.646+0000] {logging_mixin.py:190} INFO - [2026-05-09T19:20:10.646+0000] {dag.py:4180} INFO - Setting next_dagrun for tutorial_taskflow_api to None, run_after=None
[2026-05-09T19:20:10.666+0000] {processor.py:208} INFO - Processing /home/ec2-user/environment/lab4_model_training/venv/lib64/python3.12/site-packages/airflow/example_dags/tutorial_taskflow_api.py took 0.062 seconds
[2026-05-09T19:21:16.150+0000] {processor.py:186} INFO - Started process (PID=27491) to work on /home/ec2-user/environment/lab4_model_training/venv/lib64/python3.12/site-packages/airflow/example_dags/tutorial_taskflow_api.py
[2026-05-09T19:21:16.151+0000] {processor.py:914} INFO - Processing file /home/ec2-user/environment/lab4_model_training/venv/lib64/python3.12/site-packages/airflow/example_dags/tutorial_taskflow_api.py for tasks to queue
[2026-05-09T19:21:16.153+0000] {logging_mixin.py:190} INFO - [2026-05-09T19:21:16.152+0000] {dagbag.py:588} INFO - Filling up the DagBag from /home/ec2-user/environment/lab4_model_training/venv/lib64/python3.12/site-packages/airflow/example_dags/tutorial_taskflow_api.py
[2026-05-09T19:21:16.162+0000] {processor.py:925} INFO - DAG(s) 'tutorial_taskflow_api' retrieved from /home/ec2-user/environment/lab4_model_training/venv/lib64/python3.12/site-packages/airflow/example_dags/tutorial_taskflow_api.py
[2026-05-09T19:21:16.176+0000] {logging_mixin.py:190} INFO - [2026-05-09T19:21:16.176+0000] {dag.py:3239} INFO - Sync 1 DAGs
[2026-05-09T19:21:16.187+0000] {logging_mixin.py:190} INFO - [2026-05-09T19:21:16.187+0000] {dag.py:4180} INFO - Setting next_dagrun for tutorial_taskflow_api to None, run_after=None
[2026-05-09T19:21:16.206+0000] {processor.py:208} INFO - Processing /home/ec2-user/environment/lab4_model_training/venv/lib64/python3.12/site-packages/airflow/example_dags/tutorial_taskflow_api.py took 0.061 seconds
[2026-05-09T19:22:20.343+0000] {processor.py:186} INFO - Started process (PID=27672) to work on /home/ec2-user/environment/lab4_model_training/venv/lib64/python3.12/site-packages/airflow/example_dags/tutorial_taskflow_api.py
[2026-05-09T19:22:20.344+0000] {processor.py:914} INFO - Processing file /home/ec2-user/environment/lab4_model_training/venv/lib64/python3.12/site-packages/airflow/example_dags/tutorial_taskflow_api.py for tasks to queue
[2026-05-09T19:22:20.345+0000] {logging_mixin.py:190} INFO - [2026-05-09T19:22:20.345+0000] {dagbag.py:588} INFO - Filling up the DagBag from /home/ec2-user/environment/lab4_model_training/venv/lib64/python3.12/site-packages/airflow/example_dags/tutorial_taskflow_api.py
[2026-05-09T19:22:20.352+0000] {processor.py:925} INFO - DAG(s) 'tutorial_taskflow_api' retrieved from /home/ec2-user/environment/lab4_model_training/venv/lib64/python3.12/site-packages/airflow/example_dags/tutorial_taskflow_api.py
[2026-05-09T19:22:20.364+0000] {logging_mixin.py:190} INFO - [2026-05-09T19:22:20.363+0000] {dag.py:3239} INFO - Sync 1 DAGs
[2026-05-09T19:22:20.373+0000] {logging_mixin.py:190} INFO - [2026-05-09T19:22:20.373+0000] {dag.py:4180} INFO - Setting next_dagrun for tutorial_taskflow_api to None, run_after=None
[2026-05-09T19:22:20.391+0000] {processor.py:208} INFO - Processing /home/ec2-user/environment/lab4_model_training/venv/lib64/python3.12/site-packages/airflow/example_dags/tutorial_taskflow_api.py took 0.053 seconds
[2026-05-09T19:23:30.968+0000] {processor.py:186} INFO - Started process (PID=27820) to work on /home/ec2-user/environment/lab4_model_training/venv/lib64/python3.12/site-packages/airflow/example_dags/tutorial_taskflow_api.py
[2026-05-09T19:23:30.969+0000] {processor.py:914} INFO - Processing file /home/ec2-user/environment/lab4_model_training/venv/lib64/python3.12/site-packages/airflow/example_dags/tutorial_taskflow_api.py for tasks to queue
[2026-05-09T19:23:30.970+0000] {logging_mixin.py:190} INFO - [2026-05-09T19:23:30.970+0000] {dagbag.py:588} INFO - Filling up the DagBag from /home/ec2-user/environment/lab4_model_training/venv/lib64/python3.12/site-packages/airflow/example_dags/tutorial_taskflow_api.py
[2026-05-09T19:23:30.977+0000] {processor.py:925} INFO - DAG(s) 'tutorial_taskflow_api' retrieved from /home/ec2-user/environment/lab4_model_training/venv/lib64/python3.12/site-packages/airflow/example_dags/tutorial_taskflow_api.py
[2026-05-09T19:23:30.988+0000] {logging_mixin.py:190} INFO - [2026-05-09T19:23:30.988+0000] {dag.py:3239} INFO - Sync 1 DAGs
[2026-05-09T19:23:30.998+0000] {logging_mixin.py:190} INFO - [2026-05-09T19:23:30.998+0000] {dag.py:4180} INFO - Setting next_dagrun for tutorial_taskflow_api to None, run_after=None
[2026-05-09T19:23:31.015+0000] {processor.py:208} INFO - Processing /home/ec2-user/environment/lab4_model_training/venv/lib64/python3.12/site-packages/airflow/example_dags/tutorial_taskflow_api.py took 0.051 seconds
[2026-05-09T19:24:35.400+0000] {processor.py:186} INFO - Started process (PID=27908) to work on /home/ec2-user/environment/lab4_model_training/venv/lib64/python3.12/site-packages/airflow/example_dags/tutorial_taskflow_api.py
[2026-05-09T19:24:35.401+0000] {processor.py:914} INFO - Processing file /home/ec2-user/environment/lab4_model_training/venv/lib64/python3.12/site-packages/airflow/example_dags/tutorial_taskflow_api.py for tasks to queue
[2026-05-09T19:24:35.403+0000] {logging_mixin.py:190} INFO - [2026-05-09T19:24:35.402+0000] {dagbag.py:588} INFO - Filling up the DagBag from /home/ec2-user/environment/lab4_model_training/venv/lib64/python3.12/site-packages/airflow/example_dags/tutorial_taskflow_api.py
[2026-05-09T19:24:35.409+0000] {processor.py:925} INFO - DAG(s) 'tutorial_taskflow_api' retrieved from /home/ec2-user/environment/lab4_model_training/venv/lib64/python3.12/site-packages/airflow/example_dags/tutorial_taskflow_api.py
[2026-05-09T19:24:35.420+0000] {logging_mixin.py:190} INFO - [2026-05-09T19:24:35.420+0000] {dag.py:3239} INFO - Sync 1 DAGs
[2026-05-09T19:24:35.430+0000] {logging_mixin.py:190} INFO - [2026-05-09T19:24:35.430+0000] {dag.py:4180} INFO - Setting next_dagrun for tutorial_taskflow_api to None, run_after=None
[2026-05-09T19:24:35.446+0000] {processor.py:208} INFO - Processing /home/ec2-user/environment/lab4_model_training/venv/lib64/python3.12/site-packages/airflow/example_dags/tutorial_taskflow_api.py took 0.051 seconds
[2026-05-09T19:25:36.069+0000] {processor.py:186} INFO - Started process (PID=28039) to work on /home/ec2-user/environment/lab4_model_training/venv/lib64/python3.12/site-packages/airflow/example_dags/tutorial_taskflow_api.py
[2026-05-09T19:25:36.070+0000] {processor.py:914} INFO - Processing file /home/ec2-user/environment/lab4_model_training/venv/lib64/python3.12/site-packages/airflow/example_dags/tutorial_taskflow_api.py for tasks to queue
[2026-05-09T19:25:36.072+0000] {logging_mixin.py:190} INFO - [2026-05-09T19:25:36.072+0000] {dagbag.py:588} INFO - Filling up the DagBag from /home/ec2-user/environment/lab4_model_training/venv/lib64/python3.12/site-packages/airflow/example_dags/tutorial_taskflow_api.py
[2026-05-09T19:25:36.079+0000] {processor.py:925} INFO - DAG(s) 'tutorial_taskflow_api' retrieved from /home/ec2-user/environment/lab4_model_training/venv/lib64/python3.12/site-packages/airflow/example_dags/tutorial_taskflow_api.py
[2026-05-09T19:25:36.089+0000] {logging_mixin.py:190} INFO - [2026-05-09T19:25:36.089+0000] {dag.py:3239} INFO - Sync 1 DAGs
[2026-05-09T19:25:36.099+0000] {logging_mixin.py:190} INFO - [2026-05-09T19:25:36.099+0000] {dag.py:4180} INFO - Setting next_dagrun for tutorial_taskflow_api to None, run_after=None
[2026-05-09T19:25:36.116+0000] {processor.py:208} INFO - Processing /home/ec2-user/environment/lab4_model_training/venv/lib64/python3.12/site-packages/airflow/example_dags/tutorial_taskflow_api.py took 0.051 seconds
[2026-05-09T19:26:38.516+0000] {processor.py:186} INFO - Started process (PID=28123) to work on /home/ec2-user/environment/lab4_model_training/venv/lib64/python3.12/site-packages/airflow/example_dags/tutorial_taskflow_api.py
[2026-05-09T19:26:38.517+0000] {processor.py:914} INFO - Processing file /home/ec2-user/environment/lab4_model_training/venv/lib64/python3.12/site-packages/airflow/example_dags/tutorial_taskflow_api.py for tasks to queue
[2026-05-09T19:26:38.519+0000] {logging_mixin.py:190} INFO - [2026-05-09T19:26:38.519+0000] {dagbag.py:588} INFO - Filling up the DagBag from /home/ec2-user/environment/lab4_model_training/venv/lib64/python3.12/site-packages/airflow/example_dags/tutorial_taskflow_api.py
[2026-05-09T19:26:38.525+0000] {processor.py:925} INFO - DAG(s) 'tutorial_taskflow_api' retrieved from /home/ec2-user/environment/lab4_model_training/venv/lib64/python3.12/site-packages/airflow/example_dags/tutorial_taskflow_api.py
[2026-05-09T19:26:38.537+0000] {logging_mixin.py:190} INFO - [2026-05-09T19:26:38.537+0000] {dag.py:3239} INFO - Sync 1 DAGs
[2026-05-09T19:26:38.546+0000] {logging_mixin.py:190} INFO - [2026-05-09T19:26:38.546+0000] {dag.py:4180} INFO - Setting next_dagrun for tutorial_taskflow_api to None, run_after=None
[2026-05-09T19:26:38.563+0000] {processor.py:208} INFO - Processing /home/ec2-user/environment/lab4_model_training/venv/lib64/python3.12/site-packages/airflow/example_dags/tutorial_taskflow_api.py took 0.052 seconds
[2026-05-09T19:27:39.759+0000] {processor.py:186} INFO - Started process (PID=28255) to work on /home/ec2-user/environment/lab4_model_training/venv/lib64/python3.12/site-packages/airflow/example_dags/tutorial_taskflow_api.py
[2026-05-09T19:27:39.760+0000] {processor.py:914} INFO - Processing file /home/ec2-user/environment/lab4_model_training/venv/lib64/python3.12/site-packages/airflow/example_dags/tutorial_taskflow_api.py for tasks to queue
[2026-05-09T19:27:39.761+0000] {logging_mixin.py:190} INFO - [2026-05-09T19:27:39.761+0000] {dagbag.py:588} INFO - Filling up the DagBag from /home/ec2-user/environment/lab4_model_training/venv/lib64/python3.12/site-packages/airflow/example_dags/tutorial_taskflow_api.py
[2026-05-09T19:27:39.768+0000] {processor.py:925} INFO - DAG(s) 'tutorial_taskflow_api' retrieved from /home/ec2-user/environment/lab4_model_training/venv/lib64/python3.12/site-packages/airflow/example_dags/tutorial_taskflow_api.py
[2026-05-09T19:27:39.779+0000] {logging_mixin.py:190} INFO - [2026-05-09T19:27:39.779+0000] {dag.py:3239} INFO - Sync 1 DAGs
[2026-05-09T19:27:39.788+0000] {logging_mixin.py:190} INFO - [2026-05-09T19:27:39.788+0000] {dag.py:4180} INFO - Setting next_dagrun for tutorial_taskflow_api to None, run_after=None
[2026-05-09T19:27:39.805+0000] {processor.py:208} INFO - Processing /home/ec2-user/environment/lab4_model_training/venv/lib64/python3.12/site-packages/airflow/example_dags/tutorial_taskflow_api.py took 0.051 seconds
[2026-05-09T19:28:41.898+0000] {processor.py:186} INFO - Started process (PID=28345) to work on /home/ec2-user/environment/lab4_model_training/venv/lib64/python3.12/site-packages/airflow/example_dags/tutorial_taskflow_api.py
[2026-05-09T19:28:41.900+0000] {processor.py:914} INFO - Processing file /home/ec2-user/environment/lab4_model_training/venv/lib64/python3.12/site-packages/airflow/example_dags/tutorial_taskflow_api.py for tasks to queue
[2026-05-09T19:28:41.901+0000] {logging_mixin.py:190} INFO - [2026-05-09T19:28:41.901+0000] {dagbag.py:588} INFO - Filling up the DagBag from /home/ec2-user/environment/lab4_model_training/venv/lib64/python3.12/site-packages/airflow/example_dags/tutorial_taskflow_api.py
[2026-05-09T19:28:41.908+0000] {processor.py:925} INFO - DAG(s) 'tutorial_taskflow_api' retrieved from /home/ec2-user/environment/lab4_model_training/venv/lib64/python3.12/site-packages/airflow/example_dags/tutorial_taskflow_api.py
[2026-05-09T19:28:41.920+0000] {logging_mixin.py:190} INFO - [2026-05-09T19:28:41.920+0000] {dag.py:3239} INFO - Sync 1 DAGs
[2026-05-09T19:28:41.929+0000] {logging_mixin.py:190} INFO - [2026-05-09T19:28:41.929+0000] {dag.py:4180} INFO - Setting next_dagrun for tutorial_taskflow_api to None, run_after=None
[2026-05-09T19:28:41.947+0000] {processor.py:208} INFO - Processing /home/ec2-user/environment/lab4_model_training/venv/lib64/python3.12/site-packages/airflow/example_dags/tutorial_taskflow_api.py took 0.053 seconds
[2026-05-09T19:29:41.495+0000] {processor.py:186} INFO - Started process (PID=28688) to work on /home/ec2-user/environment/lab4_model_training/venv/lib64/python3.12/site-packages/airflow/example_dags/tutorial_taskflow_api.py
[2026-05-09T19:29:41.497+0000] {processor.py:914} INFO - Processing file /home/ec2-user/environment/lab4_model_training/venv/lib64/python3.12/site-packages/airflow/example_dags/tutorial_taskflow_api.py for tasks to queue
[2026-05-09T19:29:41.499+0000] {logging_mixin.py:190} INFO - [2026-05-09T19:29:41.498+0000] {dagbag.py:588} INFO - Filling up the DagBag from /home/ec2-user/environment/lab4_model_training/venv/lib64/python3.12/site-packages/airflow/example_dags/tutorial_taskflow_api.py
[2026-05-09T19:29:41.508+0000] {processor.py:925} INFO - DAG(s) 'tutorial_taskflow_api' retrieved from /home/ec2-user/environment/lab4_model_training/venv/lib64/python3.12/site-packages/airflow/example_dags/tutorial_taskflow_api.py
[2026-05-09T19:29:41.525+0000] {logging_mixin.py:190} INFO - [2026-05-09T19:29:41.525+0000] {dag.py:3239} INFO - Sync 1 DAGs
[2026-05-09T19:29:41.541+0000] {logging_mixin.py:190} INFO - [2026-05-09T19:29:41.541+0000] {dag.py:4180} INFO - Setting next_dagrun for tutorial_taskflow_api to None, run_after=None
[2026-05-09T19:29:41.560+0000] {processor.py:208} INFO - Processing /home/ec2-user/environment/lab4_model_training/venv/lib64/python3.12/site-packages/airflow/example_dags/tutorial_taskflow_api.py took 0.072 seconds
[2026-05-09T19:30:46.465+0000] {processor.py:186} INFO - Started process (PID=29171) to work on /home/ec2-user/environment/lab4_model_training/venv/lib64/python3.12/site-packages/airflow/example_dags/tutorial_taskflow_api.py
[2026-05-09T19:30:46.466+0000] {processor.py:914} INFO - Processing file /home/ec2-user/environment/lab4_model_training/venv/lib64/python3.12/site-packages/airflow/example_dags/tutorial_taskflow_api.py for tasks to queue
[2026-05-09T19:30:46.468+0000] {logging_mixin.py:190} INFO - [2026-05-09T19:30:46.467+0000] {dagbag.py:588} INFO - Filling up the DagBag from /home/ec2-user/environment/lab4_model_training/venv/lib64/python3.12/site-packages/airflow/example_dags/tutorial_taskflow_api.py
[2026-05-09T19:30:46.474+0000] {processor.py:925} INFO - DAG(s) 'tutorial_taskflow_api' retrieved from /home/ec2-user/environment/lab4_model_training/venv/lib64/python3.12/site-packages/airflow/example_dags/tutorial_taskflow_api.py
[2026-05-09T19:30:46.486+0000] {logging_mixin.py:190} INFO - [2026-05-09T19:30:46.485+0000] {dag.py:3239} INFO - Sync 1 DAGs
[2026-05-09T19:30:46.496+0000] {logging_mixin.py:190} INFO - [2026-05-09T19:30:46.496+0000] {dag.py:4180} INFO - Setting next_dagrun for tutorial_taskflow_api to None, run_after=None
[2026-05-09T19:30:46.514+0000] {processor.py:208} INFO - Processing /home/ec2-user/environment/lab4_model_training/venv/lib64/python3.12/site-packages/airflow/example_dags/tutorial_taskflow_api.py took 0.053 seconds
[2026-05-09T19:31:50.179+0000] {processor.py:186} INFO - Started process (PID=29663) to work on /home/ec2-user/environment/lab4_model_training/venv/lib64/python3.12/site-packages/airflow/example_dags/tutorial_taskflow_api.py
[2026-05-09T19:31:50.180+0000] {processor.py:914} INFO - Processing file /home/ec2-user/environment/lab4_model_training/venv/lib64/python3.12/site-packages/airflow/example_dags/tutorial_taskflow_api.py for tasks to queue
[2026-05-09T19:31:50.181+0000] {logging_mixin.py:190} INFO - [2026-05-09T19:31:50.181+0000] {dagbag.py:588} INFO - Filling up the DagBag from /home/ec2-user/environment/lab4_model_training/venv/lib64/python3.12/site-packages/airflow/example_dags/tutorial_taskflow_api.py
[2026-05-09T19:31:50.189+0000] {processor.py:925} INFO - DAG(s) 'tutorial_taskflow_api' retrieved from /home/ec2-user/environment/lab4_model_training/venv/lib64/python3.12/site-packages/airflow/example_dags/tutorial_taskflow_api.py
[2026-05-09T19:31:50.204+0000] {logging_mixin.py:190} INFO - [2026-05-09T19:31:50.204+0000] {dag.py:3239} INFO - Sync 1 DAGs
[2026-05-09T19:31:50.218+0000] {logging_mixin.py:190} INFO - [2026-05-09T19:31:50.218+0000] {dag.py:4180} INFO - Setting next_dagrun for tutorial_taskflow_api to None, run_after=None
[2026-05-09T19:31:50.238+0000] {processor.py:208} INFO - Processing /home/ec2-user/environment/lab4_model_training/venv/lib64/python3.12/site-packages/airflow/example_dags/tutorial_taskflow_api.py took 0.064 seconds
[2026-05-09T19:32:51.227+0000] {processor.py:186} INFO - Started process (PID=30107) to work on /home/ec2-user/environment/lab4_model_training/venv/lib64/python3.12/site-packages/airflow/example_dags/tutorial_taskflow_api.py
[2026-05-09T19:32:51.228+0000] {processor.py:914} INFO - Processing file /home/ec2-user/environment/lab4_model_training/venv/lib64/python3.12/site-packages/airflow/example_dags/tutorial_taskflow_api.py for tasks to queue
[2026-05-09T19:32:51.230+0000] {logging_mixin.py:190} INFO - [2026-05-09T19:32:51.229+0000] {dagbag.py:588} INFO - Filling up the DagBag from /home/ec2-user/environment/lab4_model_training/venv/lib64/python3.12/site-packages/airflow/example_dags/tutorial_taskflow_api.py
[2026-05-09T19:32:51.237+0000] {processor.py:925} INFO - DAG(s) 'tutorial_taskflow_api' retrieved from /home/ec2-user/environment/lab4_model_training/venv/lib64/python3.12/site-packages/airflow/example_dags/tutorial_taskflow_api.py
[2026-05-09T19:32:51.249+0000] {logging_mixin.py:190} INFO - [2026-05-09T19:32:51.248+0000] {dag.py:3239} INFO - Sync 1 DAGs
[2026-05-09T19:32:51.260+0000] {logging_mixin.py:190} INFO - [2026-05-09T19:32:51.260+0000] {dag.py:4180} INFO - Setting next_dagrun for tutorial_taskflow_api to None, run_after=None
[2026-05-09T19:32:51.278+0000] {processor.py:208} INFO - Processing /home/ec2-user/environment/lab4_model_training/venv/lib64/python3.12/site-packages/airflow/example_dags/tutorial_taskflow_api.py took 0.055 seconds
[2026-05-09T19:33:56.420+0000] {processor.py:186} INFO - Started process (PID=30520) to work on /home/ec2-user/environment/lab4_model_training/venv/lib64/python3.12/site-packages/airflow/example_dags/tutorial_taskflow_api.py
[2026-05-09T19:33:56.421+0000] {processor.py:914} INFO - Processing file /home/ec2-user/environment/lab4_model_training/venv/lib64/python3.12/site-packages/airflow/example_dags/tutorial_taskflow_api.py for tasks to queue
[2026-05-09T19:33:56.423+0000] {logging_mixin.py:190} INFO - [2026-05-09T19:33:56.423+0000] {dagbag.py:588} INFO - Filling up the DagBag from /home/ec2-user/environment/lab4_model_training/venv/lib64/python3.12/site-packages/airflow/example_dags/tutorial_taskflow_api.py
[2026-05-09T19:33:56.431+0000] {processor.py:925} INFO - DAG(s) 'tutorial_taskflow_api' retrieved from /home/ec2-user/environment/lab4_model_training/venv/lib64/python3.12/site-packages/airflow/example_dags/tutorial_taskflow_api.py
[2026-05-09T19:33:56.442+0000] {logging_mixin.py:190} INFO - [2026-05-09T19:33:56.442+0000] {dag.py:3239} INFO - Sync 1 DAGs
[2026-05-09T19:33:56.453+0000] {logging_mixin.py:190} INFO - [2026-05-09T19:33:56.453+0000] {dag.py:4180} INFO - Setting next_dagrun for tutorial_taskflow_api to None, run_after=None
[2026-05-09T19:33:56.471+0000] {processor.py:208} INFO - Processing /home/ec2-user/environment/lab4_model_training/venv/lib64/python3.12/site-packages/airflow/example_dags/tutorial_taskflow_api.py took 0.055 seconds
[2026-05-09T19:35:05.322+0000] {processor.py:186} INFO - Started process (PID=30941) to work on /home/ec2-user/environment/lab4_model_training/venv/lib64/python3.12/site-packages/airflow/example_dags/tutorial_taskflow_api.py
[2026-05-09T19:35:05.323+0000] {processor.py:914} INFO - Processing file /home/ec2-user/environment/lab4_model_training/venv/lib64/python3.12/site-packages/airflow/example_dags/tutorial_taskflow_api.py for tasks to queue
[2026-05-09T19:35:05.325+0000] {logging_mixin.py:190} INFO - [2026-05-09T19:35:05.325+0000] {dagbag.py:588} INFO - Filling up the DagBag from /home/ec2-user/environment/lab4_model_training/venv/lib64/python3.12/site-packages/airflow/example_dags/tutorial_taskflow_api.py
[2026-05-09T19:35:05.332+0000] {processor.py:925} INFO - DAG(s) 'tutorial_taskflow_api' retrieved from /home/ec2-user/environment/lab4_model_training/venv/lib64/python3.12/site-packages/airflow/example_dags/tutorial_taskflow_api.py
[2026-05-09T19:35:05.344+0000] {logging_mixin.py:190} INFO - [2026-05-09T19:35:05.344+0000] {dag.py:3239} INFO - Sync 1 DAGs
[2026-05-09T19:35:05.354+0000] {logging_mixin.py:190} INFO - [2026-05-09T19:35:05.353+0000] {dag.py:4180} INFO - Setting next_dagrun for tutorial_taskflow_api to None, run_after=None
[2026-05-09T19:35:05.371+0000] {processor.py:208} INFO - Processing /home/ec2-user/environment/lab4_model_training/venv/lib64/python3.12/site-packages/airflow/example_dags/tutorial_taskflow_api.py took 0.054 seconds
[2026-05-09T19:36:10.077+0000] {processor.py:186} INFO - Started process (PID=31435) to work on /home/ec2-user/environment/lab4_model_training/venv/lib64/python3.12/site-packages/airflow/example_dags/tutorial_taskflow_api.py
[2026-05-09T19:36:10.078+0000] {processor.py:914} INFO - Processing file /home/ec2-user/environment/lab4_model_training/venv/lib64/python3.12/site-packages/airflow/example_dags/tutorial_taskflow_api.py for tasks to queue
[2026-05-09T19:36:10.081+0000] {logging_mixin.py:190} INFO - [2026-05-09T19:36:10.080+0000] {dagbag.py:588} INFO - Filling up the DagBag from /home/ec2-user/environment/lab4_model_training/venv/lib64/python3.12/site-packages/airflow/example_dags/tutorial_taskflow_api.py
[2026-05-09T19:36:10.089+0000] {processor.py:925} INFO - DAG(s) 'tutorial_taskflow_api' retrieved from /home/ec2-user/environment/lab4_model_training/venv/lib64/python3.12/site-packages/airflow/example_dags/tutorial_taskflow_api.py
[2026-05-09T19:36:10.105+0000] {logging_mixin.py:190} INFO - [2026-05-09T19:36:10.105+0000] {dag.py:3239} INFO - Sync 1 DAGs
[2026-05-09T19:36:10.119+0000] {logging_mixin.py:190} INFO - [2026-05-09T19:36:10.119+0000] {dag.py:4180} INFO - Setting next_dagrun for tutorial_taskflow_api to None, run_after=None
[2026-05-09T19:36:10.140+0000] {processor.py:208} INFO - Processing /home/ec2-user/environment/lab4_model_training/venv/lib64/python3.12/site-packages/airflow/example_dags/tutorial_taskflow_api.py took 0.067 seconds
[2026-05-09T19:37:13.430+0000] {processor.py:186} INFO - Started process (PID=31895) to work on /home/ec2-user/environment/lab4_model_training/venv/lib64/python3.12/site-packages/airflow/example_dags/tutorial_taskflow_api.py
[2026-05-09T19:37:13.431+0000] {processor.py:914} INFO - Processing file /home/ec2-user/environment/lab4_model_training/venv/lib64/python3.12/site-packages/airflow/example_dags/tutorial_taskflow_api.py for tasks to queue
[2026-05-09T19:37:13.432+0000] {logging_mixin.py:190} INFO - [2026-05-09T19:37:13.432+0000] {dagbag.py:588} INFO - Filling up the DagBag from /home/ec2-user/environment/lab4_model_training/venv/lib64/python3.12/site-packages/airflow/example_dags/tutorial_taskflow_api.py
[2026-05-09T19:37:13.440+0000] {processor.py:925} INFO - DAG(s) 'tutorial_taskflow_api' retrieved from /home/ec2-user/environment/lab4_model_training/venv/lib64/python3.12/site-packages/airflow/example_dags/tutorial_taskflow_api.py
[2026-05-09T19:37:13.451+0000] {logging_mixin.py:190} INFO - [2026-05-09T19:37:13.451+0000] {dag.py:3239} INFO - Sync 1 DAGs
[2026-05-09T19:37:13.461+0000] {logging_mixin.py:190} INFO - [2026-05-09T19:37:13.461+0000] {dag.py:4180} INFO - Setting next_dagrun for tutorial_taskflow_api to None, run_after=None
[2026-05-09T19:37:13.479+0000] {processor.py:208} INFO - Processing /home/ec2-user/environment/lab4_model_training/venv/lib64/python3.12/site-packages/airflow/example_dags/tutorial_taskflow_api.py took 0.054 seconds
[2026-05-09T19:38:20.255+0000] {processor.py:186} INFO - Started process (PID=32037) to work on /home/ec2-user/environment/lab4_model_training/venv/lib64/python3.12/site-packages/airflow/example_dags/tutorial_taskflow_api.py
[2026-05-09T19:38:20.256+0000] {processor.py:914} INFO - Processing file /home/ec2-user/environment/lab4_model_training/venv/lib64/python3.12/site-packages/airflow/example_dags/tutorial_taskflow_api.py for tasks to queue
[2026-05-09T19:38:20.258+0000] {logging_mixin.py:190} INFO - [2026-05-09T19:38:20.257+0000] {dagbag.py:588} INFO - Filling up the DagBag from /home/ec2-user/environment/lab4_model_training/venv/lib64/python3.12/site-packages/airflow/example_dags/tutorial_taskflow_api.py
[2026-05-09T19:38:20.265+0000] {processor.py:925} INFO - DAG(s) 'tutorial_taskflow_api' retrieved from /home/ec2-user/environment/lab4_model_training/venv/lib64/python3.12/site-packages/airflow/example_dags/tutorial_taskflow_api.py
[2026-05-09T19:38:20.276+0000] {logging_mixin.py:190} INFO - [2026-05-09T19:38:20.276+0000] {dag.py:3239} INFO - Sync 1 DAGs
[2026-05-09T19:38:20.286+0000] {logging_mixin.py:190} INFO - [2026-05-09T19:38:20.286+0000] {dag.py:4180} INFO - Setting next_dagrun for tutorial_taskflow_api to None, run_after=None
[2026-05-09T19:38:20.304+0000] {processor.py:208} INFO - Processing /home/ec2-user/environment/lab4_model_training/venv/lib64/python3.12/site-packages/airflow/example_dags/tutorial_taskflow_api.py took 0.054 seconds
[2026-05-09T19:39:28.119+0000] {processor.py:186} INFO - Started process (PID=32217) to work on /home/ec2-user/environment/lab4_model_training/venv/lib64/python3.12/site-packages/airflow/example_dags/tutorial_taskflow_api.py
[2026-05-09T19:39:28.121+0000] {processor.py:914} INFO - Processing file /home/ec2-user/environment/lab4_model_training/venv/lib64/python3.12/site-packages/airflow/example_dags/tutorial_taskflow_api.py for tasks to queue
[2026-05-09T19:39:28.122+0000] {logging_mixin.py:190} INFO - [2026-05-09T19:39:28.122+0000] {dagbag.py:588} INFO - Filling up the DagBag from /home/ec2-user/environment/lab4_model_training/venv/lib64/python3.12/site-packages/airflow/example_dags/tutorial_taskflow_api.py
[2026-05-09T19:39:28.130+0000] {processor.py:925} INFO - DAG(s) 'tutorial_taskflow_api' retrieved from /home/ec2-user/environment/lab4_model_training/venv/lib64/python3.12/site-packages/airflow/example_dags/tutorial_taskflow_api.py
[2026-05-09T19:39:28.141+0000] {logging_mixin.py:190} INFO - [2026-05-09T19:39:28.141+0000] {dag.py:3239} INFO - Sync 1 DAGs
[2026-05-09T19:39:28.151+0000] {logging_mixin.py:190} INFO - [2026-05-09T19:39:28.151+0000] {dag.py:4180} INFO - Setting next_dagrun for tutorial_taskflow_api to None, run_after=None
[2026-05-09T19:39:28.169+0000] {processor.py:208} INFO - Processing /home/ec2-user/environment/lab4_model_training/venv/lib64/python3.12/site-packages/airflow/example_dags/tutorial_taskflow_api.py took 0.054 seconds
[2026-05-09T19:40:37.864+0000] {processor.py:186} INFO - Started process (PID=32360) to work on /home/ec2-user/environment/lab4_model_training/venv/lib64/python3.12/site-packages/airflow/example_dags/tutorial_taskflow_api.py
[2026-05-09T19:40:37.865+0000] {processor.py:914} INFO - Processing file /home/ec2-user/environment/lab4_model_training/venv/lib64/python3.12/site-packages/airflow/example_dags/tutorial_taskflow_api.py for tasks to queue
[2026-05-09T19:40:37.867+0000] {logging_mixin.py:190} INFO - [2026-05-09T19:40:37.867+0000] {dagbag.py:588} INFO - Filling up the DagBag from /home/ec2-user/environment/lab4_model_training/venv/lib64/python3.12/site-packages/airflow/example_dags/tutorial_taskflow_api.py
[2026-05-09T19:40:37.875+0000] {processor.py:925} INFO - DAG(s) 'tutorial_taskflow_api' retrieved from /home/ec2-user/environment/lab4_model_training/venv/lib64/python3.12/site-packages/airflow/example_dags/tutorial_taskflow_api.py
[2026-05-09T19:40:37.887+0000] {logging_mixin.py:190} INFO - [2026-05-09T19:40:37.887+0000] {dag.py:3239} INFO - Sync 1 DAGs
[2026-05-09T19:40:37.898+0000] {logging_mixin.py:190} INFO - [2026-05-09T19:40:37.897+0000] {dag.py:4180} INFO - Setting next_dagrun for tutorial_taskflow_api to None, run_after=None
[2026-05-09T19:40:37.918+0000] {processor.py:208} INFO - Processing /home/ec2-user/environment/lab4_model_training/venv/lib64/python3.12/site-packages/airflow/example_dags/tutorial_taskflow_api.py took 0.058 seconds
[2026-05-09T19:41:44.932+0000] {processor.py:186} INFO - Started process (PID=32453) to work on /home/ec2-user/environment/lab4_model_training/venv/lib64/python3.12/site-packages/airflow/example_dags/tutorial_taskflow_api.py
[2026-05-09T19:41:44.934+0000] {processor.py:914} INFO - Processing file /home/ec2-user/environment/lab4_model_training/venv/lib64/python3.12/site-packages/airflow/example_dags/tutorial_taskflow_api.py for tasks to queue
[2026-05-09T19:41:44.935+0000] {logging_mixin.py:190} INFO - [2026-05-09T19:41:44.935+0000] {dagbag.py:588} INFO - Filling up the DagBag from /home/ec2-user/environment/lab4_model_training/venv/lib64/python3.12/site-packages/airflow/example_dags/tutorial_taskflow_api.py
[2026-05-09T19:41:44.942+0000] {processor.py:925} INFO - DAG(s) 'tutorial_taskflow_api' retrieved from /home/ec2-user/environment/lab4_model_training/venv/lib64/python3.12/site-packages/airflow/example_dags/tutorial_taskflow_api.py
[2026-05-09T19:41:44.954+0000] {logging_mixin.py:190} INFO - [2026-05-09T19:41:44.954+0000] {dag.py:3239} INFO - Sync 1 DAGs
[2026-05-09T19:41:44.964+0000] {logging_mixin.py:190} INFO - [2026-05-09T19:41:44.964+0000] {dag.py:4180} INFO - Setting next_dagrun for tutorial_taskflow_api to None, run_after=None
[2026-05-09T19:41:44.982+0000] {processor.py:208} INFO - Processing /home/ec2-user/environment/lab4_model_training/venv/lib64/python3.12/site-packages/airflow/example_dags/tutorial_taskflow_api.py took 0.054 seconds
[2026-05-09T19:42:53.373+0000] {processor.py:186} INFO - Started process (PID=32594) to work on /home/ec2-user/environment/lab4_model_training/venv/lib64/python3.12/site-packages/airflow/example_dags/tutorial_taskflow_api.py
[2026-05-09T19:42:53.374+0000] {processor.py:914} INFO - Processing file /home/ec2-user/environment/lab4_model_training/venv/lib64/python3.12/site-packages/airflow/example_dags/tutorial_taskflow_api.py for tasks to queue
[2026-05-09T19:42:53.377+0000] {logging_mixin.py:190} INFO - [2026-05-09T19:42:53.376+0000] {dagbag.py:588} INFO - Filling up the DagBag from /home/ec2-user/environment/lab4_model_training/venv/lib64/python3.12/site-packages/airflow/example_dags/tutorial_taskflow_api.py
[2026-05-09T19:42:53.383+0000] {processor.py:925} INFO - DAG(s) 'tutorial_taskflow_api' retrieved from /home/ec2-user/environment/lab4_model_training/venv/lib64/python3.12/site-packages/airflow/example_dags/tutorial_taskflow_api.py
[2026-05-09T19:42:53.395+0000] {logging_mixin.py:190} INFO - [2026-05-09T19:42:53.395+0000] {dag.py:3239} INFO - Sync 1 DAGs
[2026-05-09T19:42:53.405+0000] {logging_mixin.py:190} INFO - [2026-05-09T19:42:53.404+0000] {dag.py:4180} INFO - Setting next_dagrun for tutorial_taskflow_api to None, run_after=None
[2026-05-09T19:42:53.423+0000] {processor.py:208} INFO - Processing /home/ec2-user/environment/lab4_model_training/venv/lib64/python3.12/site-packages/airflow/example_dags/tutorial_taskflow_api.py took 0.054 seconds
[2026-05-09T19:43:57.575+0000] {processor.py:186} INFO - Started process (PID=32988) to work on /home/ec2-user/environment/lab4_model_training/venv/lib64/python3.12/site-packages/airflow/example_dags/tutorial_taskflow_api.py
[2026-05-09T19:43:57.576+0000] {processor.py:914} INFO - Processing file /home/ec2-user/environment/lab4_model_training/venv/lib64/python3.12/site-packages/airflow/example_dags/tutorial_taskflow_api.py for tasks to queue
[2026-05-09T19:43:57.577+0000] {logging_mixin.py:190} INFO - [2026-05-09T19:43:57.577+0000] {dagbag.py:588} INFO - Filling up the DagBag from /home/ec2-user/environment/lab4_model_training/venv/lib64/python3.12/site-packages/airflow/example_dags/tutorial_taskflow_api.py
[2026-05-09T19:43:57.584+0000] {processor.py:925} INFO - DAG(s) 'tutorial_taskflow_api' retrieved from /home/ec2-user/environment/lab4_model_training/venv/lib64/python3.12/site-packages/airflow/example_dags/tutorial_taskflow_api.py
[2026-05-09T19:43:57.595+0000] {logging_mixin.py:190} INFO - [2026-05-09T19:43:57.595+0000] {dag.py:3239} INFO - Sync 1 DAGs
[2026-05-09T19:43:57.607+0000] {logging_mixin.py:190} INFO - [2026-05-09T19:43:57.607+0000] {dag.py:4180} INFO - Setting next_dagrun for tutorial_taskflow_api to None, run_after=None
[2026-05-09T19:43:57.625+0000] {processor.py:208} INFO - Processing /home/ec2-user/environment/lab4_model_training/venv/lib64/python3.12/site-packages/airflow/example_dags/tutorial_taskflow_api.py took 0.055 seconds
[2026-05-09T19:45:03.175+0000] {processor.py:186} INFO - Started process (PID=33172) to work on /home/ec2-user/environment/lab4_model_training/venv/lib64/python3.12/site-packages/airflow/example_dags/tutorial_taskflow_api.py
[2026-05-09T19:45:03.176+0000] {processor.py:914} INFO - Processing file /home/ec2-user/environment/lab4_model_training/venv/lib64/python3.12/site-packages/airflow/example_dags/tutorial_taskflow_api.py for tasks to queue
[2026-05-09T19:45:03.178+0000] {logging_mixin.py:190} INFO - [2026-05-09T19:45:03.178+0000] {dagbag.py:588} INFO - Filling up the DagBag from /home/ec2-user/environment/lab4_model_training/venv/lib64/python3.12/site-packages/airflow/example_dags/tutorial_taskflow_api.py
[2026-05-09T19:45:03.184+0000] {processor.py:925} INFO - DAG(s) 'tutorial_taskflow_api' retrieved from /home/ec2-user/environment/lab4_model_training/venv/lib64/python3.12/site-packages/airflow/example_dags/tutorial_taskflow_api.py
[2026-05-09T19:45:03.195+0000] {logging_mixin.py:190} INFO - [2026-05-09T19:45:03.195+0000] {dag.py:3239} INFO - Sync 1 DAGs
[2026-05-09T19:45:03.205+0000] {logging_mixin.py:190} INFO - [2026-05-09T19:45:03.205+0000] {dag.py:4180} INFO - Setting next_dagrun for tutorial_taskflow_api to None, run_after=None
[2026-05-09T19:45:03.223+0000] {processor.py:208} INFO - Processing /home/ec2-user/environment/lab4_model_training/venv/lib64/python3.12/site-packages/airflow/example_dags/tutorial_taskflow_api.py took 0.052 seconds
[2026-05-09T19:46:10.404+0000] {processor.py:186} INFO - Started process (PID=33340) to work on /home/ec2-user/environment/lab4_model_training/venv/lib64/python3.12/site-packages/airflow/example_dags/tutorial_taskflow_api.py
[2026-05-09T19:46:10.405+0000] {processor.py:914} INFO - Processing file /home/ec2-user/environment/lab4_model_training/venv/lib64/python3.12/site-packages/airflow/example_dags/tutorial_taskflow_api.py for tasks to queue
[2026-05-09T19:46:10.406+0000] {logging_mixin.py:190} INFO - [2026-05-09T19:46:10.406+0000] {dagbag.py:588} INFO - Filling up the DagBag from /home/ec2-user/environment/lab4_model_training/venv/lib64/python3.12/site-packages/airflow/example_dags/tutorial_taskflow_api.py
[2026-05-09T19:46:10.413+0000] {processor.py:925} INFO - DAG(s) 'tutorial_taskflow_api' retrieved from /home/ec2-user/environment/lab4_model_training/venv/lib64/python3.12/site-packages/airflow/example_dags/tutorial_taskflow_api.py
[2026-05-09T19:46:10.424+0000] {logging_mixin.py:190} INFO - [2026-05-09T19:46:10.424+0000] {dag.py:3239} INFO - Sync 1 DAGs
[2026-05-09T19:46:10.433+0000] {logging_mixin.py:190} INFO - [2026-05-09T19:46:10.433+0000] {dag.py:4180} INFO - Setting next_dagrun for tutorial_taskflow_api to None, run_after=None
[2026-05-09T19:46:10.451+0000] {processor.py:208} INFO - Processing /home/ec2-user/environment/lab4_model_training/venv/lib64/python3.12/site-packages/airflow/example_dags/tutorial_taskflow_api.py took 0.052 seconds
[2026-05-09T19:47:20.526+0000] {processor.py:186} INFO - Started process (PID=33466) to work on /home/ec2-user/environment/lab4_model_training/venv/lib64/python3.12/site-packages/airflow/example_dags/tutorial_taskflow_api.py
[2026-05-09T19:47:20.527+0000] {processor.py:914} INFO - Processing file /home/ec2-user/environment/lab4_model_training/venv/lib64/python3.12/site-packages/airflow/example_dags/tutorial_taskflow_api.py for tasks to queue
[2026-05-09T19:47:20.529+0000] {logging_mixin.py:190} INFO - [2026-05-09T19:47:20.529+0000] {dagbag.py:588} INFO - Filling up the DagBag from /home/ec2-user/environment/lab4_model_training/venv/lib64/python3.12/site-packages/airflow/example_dags/tutorial_taskflow_api.py
[2026-05-09T19:47:20.535+0000] {processor.py:925} INFO - DAG(s) 'tutorial_taskflow_api' retrieved from /home/ec2-user/environment/lab4_model_training/venv/lib64/python3.12/site-packages/airflow/example_dags/tutorial_taskflow_api.py
[2026-05-09T19:47:20.546+0000] {logging_mixin.py:190} INFO - [2026-05-09T19:47:20.546+0000] {dag.py:3239} INFO - Sync 1 DAGs
[2026-05-09T19:47:20.555+0000] {logging_mixin.py:190} INFO - [2026-05-09T19:47:20.555+0000] {dag.py:4180} INFO - Setting next_dagrun for tutorial_taskflow_api to None, run_after=None
[2026-05-09T19:47:20.573+0000] {processor.py:208} INFO - Processing /home/ec2-user/environment/lab4_model_training/venv/lib64/python3.12/site-packages/airflow/example_dags/tutorial_taskflow_api.py took 0.052 seconds
[2026-05-09T19:48:28.042+0000] {processor.py:186} INFO - Started process (PID=33636) to work on /home/ec2-user/environment/lab4_model_training/venv/lib64/python3.12/site-packages/airflow/example_dags/tutorial_taskflow_api.py
[2026-05-09T19:48:28.044+0000] {processor.py:914} INFO - Processing file /home/ec2-user/environment/lab4_model_training/venv/lib64/python3.12/site-packages/airflow/example_dags/tutorial_taskflow_api.py for tasks to queue
[2026-05-09T19:48:28.045+0000] {logging_mixin.py:190} INFO - [2026-05-09T19:48:28.045+0000] {dagbag.py:588} INFO - Filling up the DagBag from /home/ec2-user/environment/lab4_model_training/venv/lib64/python3.12/site-packages/airflow/example_dags/tutorial_taskflow_api.py
[2026-05-09T19:48:28.052+0000] {processor.py:925} INFO - DAG(s) 'tutorial_taskflow_api' retrieved from /home/ec2-user/environment/lab4_model_training/venv/lib64/python3.12/site-packages/airflow/example_dags/tutorial_taskflow_api.py
[2026-05-09T19:48:28.063+0000] {logging_mixin.py:190} INFO - [2026-05-09T19:48:28.063+0000] {dag.py:3239} INFO - Sync 1 DAGs
[2026-05-09T19:48:28.174+0000] {logging_mixin.py:190} INFO - [2026-05-09T19:48:28.173+0000] {dag.py:4180} INFO - Setting next_dagrun for tutorial_taskflow_api to None, run_after=None
[2026-05-09T19:48:28.191+0000] {processor.py:208} INFO - Processing /home/ec2-user/environment/lab4_model_training/venv/lib64/python3.12/site-packages/airflow/example_dags/tutorial_taskflow_api.py took 0.153 seconds
[2026-05-09T19:50:26.980+0000] {processor.py:186} INFO - Started process (PID=33990) to work on /home/ec2-user/environment/lab4_model_training/venv/lib64/python3.12/site-packages/airflow/example_dags/tutorial_taskflow_api.py
[2026-05-09T19:50:26.981+0000] {processor.py:914} INFO - Processing file /home/ec2-user/environment/lab4_model_training/venv/lib64/python3.12/site-packages/airflow/example_dags/tutorial_taskflow_api.py for tasks to queue
[2026-05-09T19:50:26.983+0000] {logging_mixin.py:190} INFO - [2026-05-09T19:50:26.982+0000] {dagbag.py:588} INFO - Filling up the DagBag from /home/ec2-user/environment/lab4_model_training/venv/lib64/python3.12/site-packages/airflow/example_dags/tutorial_taskflow_api.py
[2026-05-09T19:50:26.989+0000] {processor.py:925} INFO - DAG(s) 'tutorial_taskflow_api' retrieved from /home/ec2-user/environment/lab4_model_training/venv/lib64/python3.12/site-packages/airflow/example_dags/tutorial_taskflow_api.py
[2026-05-09T19:50:27.001+0000] {logging_mixin.py:190} INFO - [2026-05-09T19:50:27.001+0000] {dag.py:3239} INFO - Sync 1 DAGs
[2026-05-09T19:50:27.010+0000] {logging_mixin.py:190} INFO - [2026-05-09T19:50:27.010+0000] {dag.py:4180} INFO - Setting next_dagrun for tutorial_taskflow_api to None, run_after=None
[2026-05-09T19:50:27.029+0000] {processor.py:208} INFO - Processing /home/ec2-user/environment/lab4_model_training/venv/lib64/python3.12/site-packages/airflow/example_dags/tutorial_taskflow_api.py took 0.053 seconds
[2026-05-09T19:51:27.940+0000] {processor.py:186} INFO - Started process (PID=34181) to work on /home/ec2-user/environment/lab4_model_training/venv/lib64/python3.12/site-packages/airflow/example_dags/tutorial_taskflow_api.py
[2026-05-09T19:51:27.941+0000] {processor.py:914} INFO - Processing file /home/ec2-user/environment/lab4_model_training/venv/lib64/python3.12/site-packages/airflow/example_dags/tutorial_taskflow_api.py for tasks to queue
[2026-05-09T19:51:27.943+0000] {logging_mixin.py:190} INFO - [2026-05-09T19:51:27.943+0000] {dagbag.py:588} INFO - Filling up the DagBag from /home/ec2-user/environment/lab4_model_training/venv/lib64/python3.12/site-packages/airflow/example_dags/tutorial_taskflow_api.py
[2026-05-09T19:51:27.950+0000] {processor.py:925} INFO - DAG(s) 'tutorial_taskflow_api' retrieved from /home/ec2-user/environment/lab4_model_training/venv/lib64/python3.12/site-packages/airflow/example_dags/tutorial_taskflow_api.py
[2026-05-09T19:51:27.961+0000] {logging_mixin.py:190} INFO - [2026-05-09T19:51:27.961+0000] {dag.py:3239} INFO - Sync 1 DAGs
[2026-05-09T19:51:27.970+0000] {logging_mixin.py:190} INFO - [2026-05-09T19:51:27.970+0000] {dag.py:4180} INFO - Setting next_dagrun for tutorial_taskflow_api to None, run_after=None
[2026-05-09T19:51:27.989+0000] {processor.py:208} INFO - Processing /home/ec2-user/environment/lab4_model_training/venv/lib64/python3.12/site-packages/airflow/example_dags/tutorial_taskflow_api.py took 0.053 seconds
[2026-05-09T19:52:29.483+0000] {processor.py:186} INFO - Started process (PID=34475) to work on /home/ec2-user/environment/lab4_model_training/venv/lib64/python3.12/site-packages/airflow/example_dags/tutorial_taskflow_api.py
[2026-05-09T19:52:29.484+0000] {processor.py:914} INFO - Processing file /home/ec2-user/environment/lab4_model_training/venv/lib64/python3.12/site-packages/airflow/example_dags/tutorial_taskflow_api.py for tasks to queue
[2026-05-09T19:52:29.486+0000] {logging_mixin.py:190} INFO - [2026-05-09T19:52:29.486+0000] {dagbag.py:588} INFO - Filling up the DagBag from /home/ec2-user/environment/lab4_model_training/venv/lib64/python3.12/site-packages/airflow/example_dags/tutorial_taskflow_api.py
[2026-05-09T19:52:29.493+0000] {processor.py:925} INFO - DAG(s) 'tutorial_taskflow_api' retrieved from /home/ec2-user/environment/lab4_model_training/venv/lib64/python3.12/site-packages/airflow/example_dags/tutorial_taskflow_api.py
[2026-05-09T19:52:29.504+0000] {logging_mixin.py:190} INFO - [2026-05-09T19:52:29.504+0000] {dag.py:3239} INFO - Sync 1 DAGs
[2026-05-09T19:52:29.513+0000] {logging_mixin.py:190} INFO - [2026-05-09T19:52:29.513+0000] {dag.py:4180} INFO - Setting next_dagrun for tutorial_taskflow_api to None, run_after=None
[2026-05-09T19:52:29.531+0000] {processor.py:208} INFO - Processing /home/ec2-user/environment/lab4_model_training/venv/lib64/python3.12/site-packages/airflow/example_dags/tutorial_taskflow_api.py took 0.053 seconds
[2026-05-09T19:53:34.619+0000] {processor.py:186} INFO - Started process (PID=34674) to work on /home/ec2-user/environment/lab4_model_training/venv/lib64/python3.12/site-packages/airflow/example_dags/tutorial_taskflow_api.py
[2026-05-09T19:53:34.620+0000] {processor.py:914} INFO - Processing file /home/ec2-user/environment/lab4_model_training/venv/lib64/python3.12/site-packages/airflow/example_dags/tutorial_taskflow_api.py for tasks to queue
[2026-05-09T19:53:34.622+0000] {logging_mixin.py:190} INFO - [2026-05-09T19:53:34.621+0000] {dagbag.py:588} INFO - Filling up the DagBag from /home/ec2-user/environment/lab4_model_training/venv/lib64/python3.12/site-packages/airflow/example_dags/tutorial_taskflow_api.py
[2026-05-09T19:53:34.628+0000] {processor.py:925} INFO - DAG(s) 'tutorial_taskflow_api' retrieved from /home/ec2-user/environment/lab4_model_training/venv/lib64/python3.12/site-packages/airflow/example_dags/tutorial_taskflow_api.py
[2026-05-09T19:53:34.640+0000] {logging_mixin.py:190} INFO - [2026-05-09T19:53:34.640+0000] {dag.py:3239} INFO - Sync 1 DAGs
[2026-05-09T19:53:34.649+0000] {logging_mixin.py:190} INFO - [2026-05-09T19:53:34.649+0000] {dag.py:4180} INFO - Setting next_dagrun for tutorial_taskflow_api to None, run_after=None
[2026-05-09T19:53:34.667+0000] {processor.py:208} INFO - Processing /home/ec2-user/environment/lab4_model_training/venv/lib64/python3.12/site-packages/airflow/example_dags/tutorial_taskflow_api.py took 0.052 seconds
[2026-05-09T19:54:36.896+0000] {processor.py:186} INFO - Started process (PID=34804) to work on /home/ec2-user/environment/lab4_model_training/venv/lib64/python3.12/site-packages/airflow/example_dags/tutorial_taskflow_api.py
[2026-05-09T19:54:36.897+0000] {processor.py:914} INFO - Processing file /home/ec2-user/environment/lab4_model_training/venv/lib64/python3.12/site-packages/airflow/example_dags/tutorial_taskflow_api.py for tasks to queue
[2026-05-09T19:54:36.898+0000] {logging_mixin.py:190} INFO - [2026-05-09T19:54:36.898+0000] {dagbag.py:588} INFO - Filling up the DagBag from /home/ec2-user/environment/lab4_model_training/venv/lib64/python3.12/site-packages/airflow/example_dags/tutorial_taskflow_api.py
[2026-05-09T19:54:36.904+0000] {processor.py:925} INFO - DAG(s) 'tutorial_taskflow_api' retrieved from /home/ec2-user/environment/lab4_model_training/venv/lib64/python3.12/site-packages/airflow/example_dags/tutorial_taskflow_api.py
[2026-05-09T19:54:36.916+0000] {logging_mixin.py:190} INFO - [2026-05-09T19:54:36.916+0000] {dag.py:3239} INFO - Sync 1 DAGs
[2026-05-09T19:54:36.925+0000] {logging_mixin.py:190} INFO - [2026-05-09T19:54:36.925+0000] {dag.py:4180} INFO - Setting next_dagrun for tutorial_taskflow_api to None, run_after=None
[2026-05-09T19:54:36.943+0000] {processor.py:208} INFO - Processing /home/ec2-user/environment/lab4_model_training/venv/lib64/python3.12/site-packages/airflow/example_dags/tutorial_taskflow_api.py took 0.052 seconds
[2026-05-09T19:55:46.062+0000] {processor.py:186} INFO - Started process (PID=34976) to work on /home/ec2-user/environment/lab4_model_training/venv/lib64/python3.12/site-packages/airflow/example_dags/tutorial_taskflow_api.py
[2026-05-09T19:55:46.063+0000] {processor.py:914} INFO - Processing file /home/ec2-user/environment/lab4_model_training/venv/lib64/python3.12/site-packages/airflow/example_dags/tutorial_taskflow_api.py for tasks to queue
[2026-05-09T19:55:46.065+0000] {logging_mixin.py:190} INFO - [2026-05-09T19:55:46.064+0000] {dagbag.py:588} INFO - Filling up the DagBag from /home/ec2-user/environment/lab4_model_training/venv/lib64/python3.12/site-packages/airflow/example_dags/tutorial_taskflow_api.py
[2026-05-09T19:55:46.071+0000] {processor.py:925} INFO - DAG(s) 'tutorial_taskflow_api' retrieved from /home/ec2-user/environment/lab4_model_training/venv/lib64/python3.12/site-packages/airflow/example_dags/tutorial_taskflow_api.py
[2026-05-09T19:55:46.082+0000] {logging_mixin.py:190} INFO - [2026-05-09T19:55:46.082+0000] {dag.py:3239} INFO - Sync 1 DAGs
[2026-05-09T19:55:46.092+0000] {logging_mixin.py:190} INFO - [2026-05-09T19:55:46.092+0000] {dag.py:4180} INFO - Setting next_dagrun for tutorial_taskflow_api to None, run_after=None
[2026-05-09T19:55:46.109+0000] {processor.py:208} INFO - Processing /home/ec2-user/environment/lab4_model_training/venv/lib64/python3.12/site-packages/airflow/example_dags/tutorial_taskflow_api.py took 0.052 seconds
[2026-05-09T19:56:51.791+0000] {processor.py:186} INFO - Started process (PID=35097) to work on /home/ec2-user/environment/lab4_model_training/venv/lib64/python3.12/site-packages/airflow/example_dags/tutorial_taskflow_api.py
[2026-05-09T19:56:51.793+0000] {processor.py:914} INFO - Processing file /home/ec2-user/environment/lab4_model_training/venv/lib64/python3.12/site-packages/airflow/example_dags/tutorial_taskflow_api.py for tasks to queue
[2026-05-09T19:56:51.794+0000] {logging_mixin.py:190} INFO - [2026-05-09T19:56:51.794+0000] {dagbag.py:588} INFO - Filling up the DagBag from /home/ec2-user/environment/lab4_model_training/venv/lib64/python3.12/site-packages/airflow/example_dags/tutorial_taskflow_api.py
[2026-05-09T19:56:51.801+0000] {processor.py:925} INFO - DAG(s) 'tutorial_taskflow_api' retrieved from /home/ec2-user/environment/lab4_model_training/venv/lib64/python3.12/site-packages/airflow/example_dags/tutorial_taskflow_api.py
[2026-05-09T19:56:51.812+0000] {logging_mixin.py:190} INFO - [2026-05-09T19:56:51.812+0000] {dag.py:3239} INFO - Sync 1 DAGs
[2026-05-09T19:56:51.821+0000] {logging_mixin.py:190} INFO - [2026-05-09T19:56:51.821+0000] {dag.py:4180} INFO - Setting next_dagrun for tutorial_taskflow_api to None, run_after=None
[2026-05-09T19:56:51.839+0000] {processor.py:208} INFO - Processing /home/ec2-user/environment/lab4_model_training/venv/lib64/python3.12/site-packages/airflow/example_dags/tutorial_taskflow_api.py took 0.052 seconds
[2026-05-09T19:57:55.317+0000] {processor.py:186} INFO - Started process (PID=35268) to work on /home/ec2-user/environment/lab4_model_training/venv/lib64/python3.12/site-packages/airflow/example_dags/tutorial_taskflow_api.py
[2026-05-09T19:57:55.318+0000] {processor.py:914} INFO - Processing file /home/ec2-user/environment/lab4_model_training/venv/lib64/python3.12/site-packages/airflow/example_dags/tutorial_taskflow_api.py for tasks to queue
[2026-05-09T19:57:55.320+0000] {logging_mixin.py:190} INFO - [2026-05-09T19:57:55.319+0000] {dagbag.py:588} INFO - Filling up the DagBag from /home/ec2-user/environment/lab4_model_training/venv/lib64/python3.12/site-packages/airflow/example_dags/tutorial_taskflow_api.py
[2026-05-09T19:57:55.326+0000] {processor.py:925} INFO - DAG(s) 'tutorial_taskflow_api' retrieved from /home/ec2-user/environment/lab4_model_training/venv/lib64/python3.12/site-packages/airflow/example_dags/tutorial_taskflow_api.py
[2026-05-09T19:57:55.338+0000] {logging_mixin.py:190} INFO - [2026-05-09T19:57:55.337+0000] {dag.py:3239} INFO - Sync 1 DAGs
[2026-05-09T19:57:55.347+0000] {logging_mixin.py:190} INFO - [2026-05-09T19:57:55.347+0000] {dag.py:4180} INFO - Setting next_dagrun for tutorial_taskflow_api to None, run_after=None
[2026-05-09T19:57:55.365+0000] {processor.py:208} INFO - Processing /home/ec2-user/environment/lab4_model_training/venv/lib64/python3.12/site-packages/airflow/example_dags/tutorial_taskflow_api.py took 0.052 seconds
[2026-05-09T19:58:59.852+0000] {processor.py:186} INFO - Started process (PID=35413) to work on /home/ec2-user/environment/lab4_model_training/venv/lib64/python3.12/site-packages/airflow/example_dags/tutorial_taskflow_api.py
[2026-05-09T19:58:59.853+0000] {processor.py:914} INFO - Processing file /home/ec2-user/environment/lab4_model_training/venv/lib64/python3.12/site-packages/airflow/example_dags/tutorial_taskflow_api.py for tasks to queue
[2026-05-09T19:58:59.855+0000] {logging_mixin.py:190} INFO - [2026-05-09T19:58:59.854+0000] {dagbag.py:588} INFO - Filling up the DagBag from /home/ec2-user/environment/lab4_model_training/venv/lib64/python3.12/site-packages/airflow/example_dags/tutorial_taskflow_api.py
[2026-05-09T19:58:59.862+0000] {processor.py:925} INFO - DAG(s) 'tutorial_taskflow_api' retrieved from /home/ec2-user/environment/lab4_model_training/venv/lib64/python3.12/site-packages/airflow/example_dags/tutorial_taskflow_api.py
[2026-05-09T19:58:59.873+0000] {logging_mixin.py:190} INFO - [2026-05-09T19:58:59.872+0000] {dag.py:3239} INFO - Sync 1 DAGs
[2026-05-09T19:58:59.882+0000] {logging_mixin.py:190} INFO - [2026-05-09T19:58:59.881+0000] {dag.py:4180} INFO - Setting next_dagrun for tutorial_taskflow_api to None, run_after=None
[2026-05-09T19:58:59.900+0000] {processor.py:208} INFO - Processing /home/ec2-user/environment/lab4_model_training/venv/lib64/python3.12/site-packages/airflow/example_dags/tutorial_taskflow_api.py took 0.052 seconds
