[2026-05-09T18:55:07.473+0000] {processor.py:186} INFO - Started process (PID=19017) to work on /home/ec2-user/environment/lab4_model_training/venv/lib64/python3.12/site-packages/airflow/example_dags/tutorial.py
[2026-05-09T18:55:07.473+0000] {processor.py:914} INFO - Processing file /home/ec2-user/environment/lab4_model_training/venv/lib64/python3.12/site-packages/airflow/example_dags/tutorial.py for tasks to queue
[2026-05-09T18:55:07.475+0000] {logging_mixin.py:190} INFO - [2026-05-09T18:55:07.475+0000] {dagbag.py:588} INFO - Filling up the DagBag from /home/ec2-user/environment/lab4_model_training/venv/lib64/python3.12/site-packages/airflow/example_dags/tutorial.py
[2026-05-09T18:55:07.482+0000] {processor.py:925} INFO - DAG(s) 'tutorial' retrieved from /home/ec2-user/environment/lab4_model_training/venv/lib64/python3.12/site-packages/airflow/example_dags/tutorial.py
[2026-05-09T18:55:07.494+0000] {logging_mixin.py:190} INFO - [2026-05-09T18:55:07.494+0000] {dag.py:3239} INFO - Sync 1 DAGs
[2026-05-09T18:55:07.509+0000] {logging_mixin.py:190} INFO - [2026-05-09T18:55:07.509+0000] {dag.py:4180} INFO - Setting next_dagrun for tutorial to 2026-05-08 00:00:00+00:00, run_after=2026-05-09 00:00:00+00:00
[2026-05-09T18:55:07.528+0000] {processor.py:208} INFO - Processing /home/ec2-user/environment/lab4_model_training/venv/lib64/python3.12/site-packages/airflow/example_dags/tutorial.py took 0.059 seconds
[2026-05-09T18:56:12.454+0000] {processor.py:186} INFO - Started process (PID=19467) to work on /home/ec2-user/environment/lab4_model_training/venv/lib64/python3.12/site-packages/airflow/example_dags/tutorial.py
[2026-05-09T18:56:12.456+0000] {processor.py:914} INFO - Processing file /home/ec2-user/environment/lab4_model_training/venv/lib64/python3.12/site-packages/airflow/example_dags/tutorial.py for tasks to queue
[2026-05-09T18:56:12.457+0000] {logging_mixin.py:190} INFO - [2026-05-09T18:56:12.457+0000] {dagbag.py:588} INFO - Filling up the DagBag from /home/ec2-user/environment/lab4_model_training/venv/lib64/python3.12/site-packages/airflow/example_dags/tutorial.py
[2026-05-09T18:56:12.464+0000] {processor.py:925} INFO - DAG(s) 'tutorial' retrieved from /home/ec2-user/environment/lab4_model_training/venv/lib64/python3.12/site-packages/airflow/example_dags/tutorial.py
[2026-05-09T18:56:12.476+0000] {logging_mixin.py:190} INFO - [2026-05-09T18:56:12.475+0000] {dag.py:3239} INFO - Sync 1 DAGs
[2026-05-09T18:56:12.491+0000] {logging_mixin.py:190} INFO - [2026-05-09T18:56:12.491+0000] {dag.py:4180} INFO - Setting next_dagrun for tutorial to 2026-05-08 00:00:00+00:00, run_after=2026-05-09 00:00:00+00:00
[2026-05-09T18:56:12.509+0000] {processor.py:208} INFO - Processing /home/ec2-user/environment/lab4_model_training/venv/lib64/python3.12/site-packages/airflow/example_dags/tutorial.py took 0.059 seconds
[2026-05-09T18:57:20.006+0000] {processor.py:186} INFO - Started process (PID=19763) to work on /home/ec2-user/environment/lab4_model_training/venv/lib64/python3.12/site-packages/airflow/example_dags/tutorial.py
[2026-05-09T18:57:20.007+0000] {processor.py:914} INFO - Processing file /home/ec2-user/environment/lab4_model_training/venv/lib64/python3.12/site-packages/airflow/example_dags/tutorial.py for tasks to queue
[2026-05-09T18:57:20.009+0000] {logging_mixin.py:190} INFO - [2026-05-09T18:57:20.009+0000] {dagbag.py:588} INFO - Filling up the DagBag from /home/ec2-user/environment/lab4_model_training/venv/lib64/python3.12/site-packages/airflow/example_dags/tutorial.py
[2026-05-09T18:57:20.016+0000] {processor.py:925} INFO - DAG(s) 'tutorial' retrieved from /home/ec2-user/environment/lab4_model_training/venv/lib64/python3.12/site-packages/airflow/example_dags/tutorial.py
[2026-05-09T18:57:20.027+0000] {logging_mixin.py:190} INFO - [2026-05-09T18:57:20.027+0000] {dag.py:3239} INFO - Sync 1 DAGs
[2026-05-09T18:57:20.042+0000] {logging_mixin.py:190} INFO - [2026-05-09T18:57:20.042+0000] {dag.py:4180} INFO - Setting next_dagrun for tutorial to 2026-05-08 00:00:00+00:00, run_after=2026-05-09 00:00:00+00:00
[2026-05-09T18:57:20.061+0000] {processor.py:208} INFO - Processing /home/ec2-user/environment/lab4_model_training/venv/lib64/python3.12/site-packages/airflow/example_dags/tutorial.py took 0.059 seconds
[2026-05-09T18:58:27.942+0000] {processor.py:186} INFO - Started process (PID=20168) to work on /home/ec2-user/environment/lab4_model_training/venv/lib64/python3.12/site-packages/airflow/example_dags/tutorial.py
[2026-05-09T18:58:27.943+0000] {processor.py:914} INFO - Processing file /home/ec2-user/environment/lab4_model_training/venv/lib64/python3.12/site-packages/airflow/example_dags/tutorial.py for tasks to queue
[2026-05-09T18:58:27.944+0000] {logging_mixin.py:190} INFO - [2026-05-09T18:58:27.944+0000] {dagbag.py:588} INFO - Filling up the DagBag from /home/ec2-user/environment/lab4_model_training/venv/lib64/python3.12/site-packages/airflow/example_dags/tutorial.py
[2026-05-09T18:58:27.951+0000] {processor.py:925} INFO - DAG(s) 'tutorial' retrieved from /home/ec2-user/environment/lab4_model_training/venv/lib64/python3.12/site-packages/airflow/example_dags/tutorial.py
[2026-05-09T18:58:27.962+0000] {logging_mixin.py:190} INFO - [2026-05-09T18:58:27.962+0000] {dag.py:3239} INFO - Sync 1 DAGs
[2026-05-09T18:58:27.977+0000] {logging_mixin.py:190} INFO - [2026-05-09T18:58:27.977+0000] {dag.py:4180} INFO - Setting next_dagrun for tutorial to 2026-05-08 00:00:00+00:00, run_after=2026-05-09 00:00:00+00:00
[2026-05-09T18:58:27.995+0000] {processor.py:208} INFO - Processing /home/ec2-user/environment/lab4_model_training/venv/lib64/python3.12/site-packages/airflow/example_dags/tutorial.py took 0.058 seconds
[2026-05-09T18:59:32.125+0000] {processor.py:186} INFO - Started process (PID=20510) to work on /home/ec2-user/environment/lab4_model_training/venv/lib64/python3.12/site-packages/airflow/example_dags/tutorial.py
[2026-05-09T18:59:32.126+0000] {processor.py:914} INFO - Processing file /home/ec2-user/environment/lab4_model_training/venv/lib64/python3.12/site-packages/airflow/example_dags/tutorial.py for tasks to queue
[2026-05-09T18:59:32.127+0000] {logging_mixin.py:190} INFO - [2026-05-09T18:59:32.127+0000] {dagbag.py:588} INFO - Filling up the DagBag from /home/ec2-user/environment/lab4_model_training/venv/lib64/python3.12/site-packages/airflow/example_dags/tutorial.py
[2026-05-09T18:59:32.134+0000] {processor.py:925} INFO - DAG(s) 'tutorial' retrieved from /home/ec2-user/environment/lab4_model_training/venv/lib64/python3.12/site-packages/airflow/example_dags/tutorial.py
[2026-05-09T18:59:32.145+0000] {logging_mixin.py:190} INFO - [2026-05-09T18:59:32.145+0000] {dag.py:3239} INFO - Sync 1 DAGs
[2026-05-09T18:59:32.161+0000] {logging_mixin.py:190} INFO - [2026-05-09T18:59:32.161+0000] {dag.py:4180} INFO - Setting next_dagrun for tutorial to 2026-05-08 00:00:00+00:00, run_after=2026-05-09 00:00:00+00:00
[2026-05-09T18:59:32.178+0000] {processor.py:208} INFO - Processing /home/ec2-user/environment/lab4_model_training/venv/lib64/python3.12/site-packages/airflow/example_dags/tutorial.py took 0.058 seconds
[2026-05-09T19:00:37.020+0000] {processor.py:186} INFO - Started process (PID=20796) to work on /home/ec2-user/environment/lab4_model_training/venv/lib64/python3.12/site-packages/airflow/example_dags/tutorial.py
[2026-05-09T19:00:37.021+0000] {processor.py:914} INFO - Processing file /home/ec2-user/environment/lab4_model_training/venv/lib64/python3.12/site-packages/airflow/example_dags/tutorial.py for tasks to queue
[2026-05-09T19:00:37.023+0000] {logging_mixin.py:190} INFO - [2026-05-09T19:00:37.023+0000] {dagbag.py:588} INFO - Filling up the DagBag from /home/ec2-user/environment/lab4_model_training/venv/lib64/python3.12/site-packages/airflow/example_dags/tutorial.py
[2026-05-09T19:00:37.030+0000] {processor.py:925} INFO - DAG(s) 'tutorial' retrieved from /home/ec2-user/environment/lab4_model_training/venv/lib64/python3.12/site-packages/airflow/example_dags/tutorial.py
[2026-05-09T19:00:37.041+0000] {logging_mixin.py:190} INFO - [2026-05-09T19:00:37.041+0000] {dag.py:3239} INFO - Sync 1 DAGs
[2026-05-09T19:00:37.057+0000] {logging_mixin.py:190} INFO - [2026-05-09T19:00:37.056+0000] {dag.py:4180} INFO - Setting next_dagrun for tutorial to 2026-05-08 00:00:00+00:00, run_after=2026-05-09 00:00:00+00:00
[2026-05-09T19:00:37.075+0000] {processor.py:208} INFO - Processing /home/ec2-user/environment/lab4_model_training/venv/lib64/python3.12/site-packages/airflow/example_dags/tutorial.py took 0.059 seconds
[2026-05-09T19:01:41.632+0000] {processor.py:186} INFO - Started process (PID=21124) to work on /home/ec2-user/environment/lab4_model_training/venv/lib64/python3.12/site-packages/airflow/example_dags/tutorial.py
[2026-05-09T19:01:41.633+0000] {processor.py:914} INFO - Processing file /home/ec2-user/environment/lab4_model_training/venv/lib64/python3.12/site-packages/airflow/example_dags/tutorial.py for tasks to queue
[2026-05-09T19:01:41.635+0000] {logging_mixin.py:190} INFO - [2026-05-09T19:01:41.635+0000] {dagbag.py:588} INFO - Filling up the DagBag from /home/ec2-user/environment/lab4_model_training/venv/lib64/python3.12/site-packages/airflow/example_dags/tutorial.py
[2026-05-09T19:01:41.643+0000] {processor.py:925} INFO - DAG(s) 'tutorial' retrieved from /home/ec2-user/environment/lab4_model_training/venv/lib64/python3.12/site-packages/airflow/example_dags/tutorial.py
[2026-05-09T19:01:41.656+0000] {logging_mixin.py:190} INFO - [2026-05-09T19:01:41.656+0000] {dag.py:3239} INFO - Sync 1 DAGs
[2026-05-09T19:01:41.673+0000] {logging_mixin.py:190} INFO - [2026-05-09T19:01:41.673+0000] {dag.py:4180} INFO - Setting next_dagrun for tutorial to 2026-05-08 00:00:00+00:00, run_after=2026-05-09 00:00:00+00:00
[2026-05-09T19:01:41.693+0000] {processor.py:208} INFO - Processing /home/ec2-user/environment/lab4_model_training/venv/lib64/python3.12/site-packages/airflow/example_dags/tutorial.py took 0.066 seconds
[2026-05-09T19:02:42.722+0000] {processor.py:186} INFO - Started process (PID=21463) to work on /home/ec2-user/environment/lab4_model_training/venv/lib64/python3.12/site-packages/airflow/example_dags/tutorial.py
[2026-05-09T19:02:42.723+0000] {processor.py:914} INFO - Processing file /home/ec2-user/environment/lab4_model_training/venv/lib64/python3.12/site-packages/airflow/example_dags/tutorial.py for tasks to queue
[2026-05-09T19:02:42.725+0000] {logging_mixin.py:190} INFO - [2026-05-09T19:02:42.725+0000] {dagbag.py:588} INFO - Filling up the DagBag from /home/ec2-user/environment/lab4_model_training/venv/lib64/python3.12/site-packages/airflow/example_dags/tutorial.py
[2026-05-09T19:02:42.731+0000] {processor.py:925} INFO - DAG(s) 'tutorial' retrieved from /home/ec2-user/environment/lab4_model_training/venv/lib64/python3.12/site-packages/airflow/example_dags/tutorial.py
[2026-05-09T19:02:42.743+0000] {logging_mixin.py:190} INFO - [2026-05-09T19:02:42.743+0000] {dag.py:3239} INFO - Sync 1 DAGs
[2026-05-09T19:02:42.758+0000] {logging_mixin.py:190} INFO - [2026-05-09T19:02:42.758+0000] {dag.py:4180} INFO - Setting next_dagrun for tutorial to 2026-05-08 00:00:00+00:00, run_after=2026-05-09 00:00:00+00:00
[2026-05-09T19:02:42.775+0000] {processor.py:208} INFO - Processing /home/ec2-user/environment/lab4_model_training/venv/lib64/python3.12/site-packages/airflow/example_dags/tutorial.py took 0.057 seconds
[2026-05-09T19:03:48.371+0000] {processor.py:186} INFO - Started process (PID=21786) to work on /home/ec2-user/environment/lab4_model_training/venv/lib64/python3.12/site-packages/airflow/example_dags/tutorial.py
[2026-05-09T19:03:48.373+0000] {processor.py:914} INFO - Processing file /home/ec2-user/environment/lab4_model_training/venv/lib64/python3.12/site-packages/airflow/example_dags/tutorial.py for tasks to queue
[2026-05-09T19:03:48.374+0000] {logging_mixin.py:190} INFO - [2026-05-09T19:03:48.374+0000] {dagbag.py:588} INFO - Filling up the DagBag from /home/ec2-user/environment/lab4_model_training/venv/lib64/python3.12/site-packages/airflow/example_dags/tutorial.py
[2026-05-09T19:03:48.381+0000] {processor.py:925} INFO - DAG(s) 'tutorial' retrieved from /home/ec2-user/environment/lab4_model_training/venv/lib64/python3.12/site-packages/airflow/example_dags/tutorial.py
[2026-05-09T19:03:48.392+0000] {logging_mixin.py:190} INFO - [2026-05-09T19:03:48.392+0000] {dag.py:3239} INFO - Sync 1 DAGs
[2026-05-09T19:03:48.407+0000] {logging_mixin.py:190} INFO - [2026-05-09T19:03:48.407+0000] {dag.py:4180} INFO - Setting next_dagrun for tutorial to 2026-05-08 00:00:00+00:00, run_after=2026-05-09 00:00:00+00:00
[2026-05-09T19:03:48.425+0000] {processor.py:208} INFO - Processing /home/ec2-user/environment/lab4_model_training/venv/lib64/python3.12/site-packages/airflow/example_dags/tutorial.py took 0.058 seconds
[2026-05-09T19:04:52.736+0000] {processor.py:186} INFO - Started process (PID=22214) to work on /home/ec2-user/environment/lab4_model_training/venv/lib64/python3.12/site-packages/airflow/example_dags/tutorial.py
[2026-05-09T19:04:52.737+0000] {processor.py:914} INFO - Processing file /home/ec2-user/environment/lab4_model_training/venv/lib64/python3.12/site-packages/airflow/example_dags/tutorial.py for tasks to queue
[2026-05-09T19:04:52.739+0000] {logging_mixin.py:190} INFO - [2026-05-09T19:04:52.739+0000] {dagbag.py:588} INFO - Filling up the DagBag from /home/ec2-user/environment/lab4_model_training/venv/lib64/python3.12/site-packages/airflow/example_dags/tutorial.py
[2026-05-09T19:04:52.746+0000] {processor.py:925} INFO - DAG(s) 'tutorial' retrieved from /home/ec2-user/environment/lab4_model_training/venv/lib64/python3.12/site-packages/airflow/example_dags/tutorial.py
[2026-05-09T19:04:52.757+0000] {logging_mixin.py:190} INFO - [2026-05-09T19:04:52.757+0000] {dag.py:3239} INFO - Sync 1 DAGs
[2026-05-09T19:04:52.772+0000] {logging_mixin.py:190} INFO - [2026-05-09T19:04:52.772+0000] {dag.py:4180} INFO - Setting next_dagrun for tutorial to 2026-05-08 00:00:00+00:00, run_after=2026-05-09 00:00:00+00:00
[2026-05-09T19:04:52.790+0000] {processor.py:208} INFO - Processing /home/ec2-user/environment/lab4_model_training/venv/lib64/python3.12/site-packages/airflow/example_dags/tutorial.py took 0.058 seconds
[2026-05-09T19:05:54.303+0000] {processor.py:186} INFO - Started process (PID=22563) to work on /home/ec2-user/environment/lab4_model_training/venv/lib64/python3.12/site-packages/airflow/example_dags/tutorial.py
[2026-05-09T19:05:54.304+0000] {processor.py:914} INFO - Processing file /home/ec2-user/environment/lab4_model_training/venv/lib64/python3.12/site-packages/airflow/example_dags/tutorial.py for tasks to queue
[2026-05-09T19:05:54.306+0000] {logging_mixin.py:190} INFO - [2026-05-09T19:05:54.305+0000] {dagbag.py:588} INFO - Filling up the DagBag from /home/ec2-user/environment/lab4_model_training/venv/lib64/python3.12/site-packages/airflow/example_dags/tutorial.py
[2026-05-09T19:05:54.312+0000] {processor.py:925} INFO - DAG(s) 'tutorial' retrieved from /home/ec2-user/environment/lab4_model_training/venv/lib64/python3.12/site-packages/airflow/example_dags/tutorial.py
[2026-05-09T19:05:54.324+0000] {logging_mixin.py:190} INFO - [2026-05-09T19:05:54.324+0000] {dag.py:3239} INFO - Sync 1 DAGs
[2026-05-09T19:05:54.339+0000] {logging_mixin.py:190} INFO - [2026-05-09T19:05:54.339+0000] {dag.py:4180} INFO - Setting next_dagrun for tutorial to 2026-05-08 00:00:00+00:00, run_after=2026-05-09 00:00:00+00:00
[2026-05-09T19:05:54.357+0000] {processor.py:208} INFO - Processing /home/ec2-user/environment/lab4_model_training/venv/lib64/python3.12/site-packages/airflow/example_dags/tutorial.py took 0.059 seconds
[2026-05-09T19:06:58.753+0000] {processor.py:186} INFO - Started process (PID=22906) to work on /home/ec2-user/environment/lab4_model_training/venv/lib64/python3.12/site-packages/airflow/example_dags/tutorial.py
[2026-05-09T19:06:58.754+0000] {processor.py:914} INFO - Processing file /home/ec2-user/environment/lab4_model_training/venv/lib64/python3.12/site-packages/airflow/example_dags/tutorial.py for tasks to queue
[2026-05-09T19:06:58.755+0000] {logging_mixin.py:190} INFO - [2026-05-09T19:06:58.755+0000] {dagbag.py:588} INFO - Filling up the DagBag from /home/ec2-user/environment/lab4_model_training/venv/lib64/python3.12/site-packages/airflow/example_dags/tutorial.py
[2026-05-09T19:06:58.762+0000] {processor.py:925} INFO - DAG(s) 'tutorial' retrieved from /home/ec2-user/environment/lab4_model_training/venv/lib64/python3.12/site-packages/airflow/example_dags/tutorial.py
[2026-05-09T19:06:58.774+0000] {logging_mixin.py:190} INFO - [2026-05-09T19:06:58.773+0000] {dag.py:3239} INFO - Sync 1 DAGs
[2026-05-09T19:06:58.789+0000] {logging_mixin.py:190} INFO - [2026-05-09T19:06:58.789+0000] {dag.py:4180} INFO - Setting next_dagrun for tutorial to 2026-05-08 00:00:00+00:00, run_after=2026-05-09 00:00:00+00:00
[2026-05-09T19:06:58.808+0000] {processor.py:208} INFO - Processing /home/ec2-user/environment/lab4_model_training/venv/lib64/python3.12/site-packages/airflow/example_dags/tutorial.py took 0.060 seconds
[2026-05-09T19:08:03.924+0000] {processor.py:186} INFO - Started process (PID=23216) to work on /home/ec2-user/environment/lab4_model_training/venv/lib64/python3.12/site-packages/airflow/example_dags/tutorial.py
[2026-05-09T19:08:03.925+0000] {processor.py:914} INFO - Processing file /home/ec2-user/environment/lab4_model_training/venv/lib64/python3.12/site-packages/airflow/example_dags/tutorial.py for tasks to queue
[2026-05-09T19:08:03.927+0000] {logging_mixin.py:190} INFO - [2026-05-09T19:08:03.926+0000] {dagbag.py:588} INFO - Filling up the DagBag from /home/ec2-user/environment/lab4_model_training/venv/lib64/python3.12/site-packages/airflow/example_dags/tutorial.py
[2026-05-09T19:08:03.933+0000] {processor.py:925} INFO - DAG(s) 'tutorial' retrieved from /home/ec2-user/environment/lab4_model_training/venv/lib64/python3.12/site-packages/airflow/example_dags/tutorial.py
[2026-05-09T19:08:03.945+0000] {logging_mixin.py:190} INFO - [2026-05-09T19:08:03.945+0000] {dag.py:3239} INFO - Sync 1 DAGs
[2026-05-09T19:08:03.961+0000] {logging_mixin.py:190} INFO - [2026-05-09T19:08:03.961+0000] {dag.py:4180} INFO - Setting next_dagrun for tutorial to 2026-05-08 00:00:00+00:00, run_after=2026-05-09 00:00:00+00:00
[2026-05-09T19:08:03.979+0000] {processor.py:208} INFO - Processing /home/ec2-user/environment/lab4_model_training/venv/lib64/python3.12/site-packages/airflow/example_dags/tutorial.py took 0.060 seconds
[2026-05-09T19:09:06.247+0000] {processor.py:186} INFO - Started process (PID=23557) to work on /home/ec2-user/environment/lab4_model_training/venv/lib64/python3.12/site-packages/airflow/example_dags/tutorial.py
[2026-05-09T19:09:06.248+0000] {processor.py:914} INFO - Processing file /home/ec2-user/environment/lab4_model_training/venv/lib64/python3.12/site-packages/airflow/example_dags/tutorial.py for tasks to queue
[2026-05-09T19:09:06.250+0000] {logging_mixin.py:190} INFO - [2026-05-09T19:09:06.250+0000] {dagbag.py:588} INFO - Filling up the DagBag from /home/ec2-user/environment/lab4_model_training/venv/lib64/python3.12/site-packages/airflow/example_dags/tutorial.py
[2026-05-09T19:09:06.256+0000] {processor.py:925} INFO - DAG(s) 'tutorial' retrieved from /home/ec2-user/environment/lab4_model_training/venv/lib64/python3.12/site-packages/airflow/example_dags/tutorial.py
[2026-05-09T19:09:06.268+0000] {logging_mixin.py:190} INFO - [2026-05-09T19:09:06.268+0000] {dag.py:3239} INFO - Sync 1 DAGs
[2026-05-09T19:09:06.283+0000] {logging_mixin.py:190} INFO - [2026-05-09T19:09:06.283+0000] {dag.py:4180} INFO - Setting next_dagrun for tutorial to 2026-05-08 00:00:00+00:00, run_after=2026-05-09 00:00:00+00:00
[2026-05-09T19:09:06.301+0000] {processor.py:208} INFO - Processing /home/ec2-user/environment/lab4_model_training/venv/lib64/python3.12/site-packages/airflow/example_dags/tutorial.py took 0.058 seconds
[2026-05-09T19:10:13.478+0000] {processor.py:186} INFO - Started process (PID=23884) to work on /home/ec2-user/environment/lab4_model_training/venv/lib64/python3.12/site-packages/airflow/example_dags/tutorial.py
[2026-05-09T19:10:13.479+0000] {processor.py:914} INFO - Processing file /home/ec2-user/environment/lab4_model_training/venv/lib64/python3.12/site-packages/airflow/example_dags/tutorial.py for tasks to queue
[2026-05-09T19:10:13.482+0000] {logging_mixin.py:190} INFO - [2026-05-09T19:10:13.482+0000] {dagbag.py:588} INFO - Filling up the DagBag from /home/ec2-user/environment/lab4_model_training/venv/lib64/python3.12/site-packages/airflow/example_dags/tutorial.py
[2026-05-09T19:10:13.491+0000] {processor.py:925} INFO - DAG(s) 'tutorial' retrieved from /home/ec2-user/environment/lab4_model_training/venv/lib64/python3.12/site-packages/airflow/example_dags/tutorial.py
[2026-05-09T19:10:13.506+0000] {logging_mixin.py:190} INFO - [2026-05-09T19:10:13.506+0000] {dag.py:3239} INFO - Sync 1 DAGs
[2026-05-09T19:10:13.523+0000] {logging_mixin.py:190} INFO - [2026-05-09T19:10:13.522+0000] {dag.py:4180} INFO - Setting next_dagrun for tutorial to 2026-05-08 00:00:00+00:00, run_after=2026-05-09 00:00:00+00:00
[2026-05-09T19:10:13.543+0000] {processor.py:208} INFO - Processing /home/ec2-user/environment/lab4_model_training/venv/lib64/python3.12/site-packages/airflow/example_dags/tutorial.py took 0.069 seconds
[2026-05-09T19:11:20.507+0000] {processor.py:186} INFO - Started process (PID=24315) to work on /home/ec2-user/environment/lab4_model_training/venv/lib64/python3.12/site-packages/airflow/example_dags/tutorial.py
[2026-05-09T19:11:20.508+0000] {processor.py:914} INFO - Processing file /home/ec2-user/environment/lab4_model_training/venv/lib64/python3.12/site-packages/airflow/example_dags/tutorial.py for tasks to queue
[2026-05-09T19:11:20.510+0000] {logging_mixin.py:190} INFO - [2026-05-09T19:11:20.510+0000] {dagbag.py:588} INFO - Filling up the DagBag from /home/ec2-user/environment/lab4_model_training/venv/lib64/python3.12/site-packages/airflow/example_dags/tutorial.py
[2026-05-09T19:11:20.518+0000] {processor.py:925} INFO - DAG(s) 'tutorial' retrieved from /home/ec2-user/environment/lab4_model_training/venv/lib64/python3.12/site-packages/airflow/example_dags/tutorial.py
[2026-05-09T19:11:20.532+0000] {logging_mixin.py:190} INFO - [2026-05-09T19:11:20.532+0000] {dag.py:3239} INFO - Sync 1 DAGs
[2026-05-09T19:11:20.547+0000] {logging_mixin.py:190} INFO - [2026-05-09T19:11:20.547+0000] {dag.py:4180} INFO - Setting next_dagrun for tutorial to 2026-05-08 00:00:00+00:00, run_after=2026-05-09 00:00:00+00:00
[2026-05-09T19:11:20.565+0000] {processor.py:208} INFO - Processing /home/ec2-user/environment/lab4_model_training/venv/lib64/python3.12/site-packages/airflow/example_dags/tutorial.py took 0.062 seconds
[2026-05-09T19:12:28.052+0000] {processor.py:186} INFO - Started process (PID=24699) to work on /home/ec2-user/environment/lab4_model_training/venv/lib64/python3.12/site-packages/airflow/example_dags/tutorial.py
[2026-05-09T19:12:28.053+0000] {processor.py:914} INFO - Processing file /home/ec2-user/environment/lab4_model_training/venv/lib64/python3.12/site-packages/airflow/example_dags/tutorial.py for tasks to queue
[2026-05-09T19:12:28.054+0000] {logging_mixin.py:190} INFO - [2026-05-09T19:12:28.054+0000] {dagbag.py:588} INFO - Filling up the DagBag from /home/ec2-user/environment/lab4_model_training/venv/lib64/python3.12/site-packages/airflow/example_dags/tutorial.py
[2026-05-09T19:12:28.061+0000] {processor.py:925} INFO - DAG(s) 'tutorial' retrieved from /home/ec2-user/environment/lab4_model_training/venv/lib64/python3.12/site-packages/airflow/example_dags/tutorial.py
[2026-05-09T19:12:28.072+0000] {logging_mixin.py:190} INFO - [2026-05-09T19:12:28.072+0000] {dag.py:3239} INFO - Sync 1 DAGs
[2026-05-09T19:12:28.088+0000] {logging_mixin.py:190} INFO - [2026-05-09T19:12:28.088+0000] {dag.py:4180} INFO - Setting next_dagrun for tutorial to 2026-05-08 00:00:00+00:00, run_after=2026-05-09 00:00:00+00:00
[2026-05-09T19:12:28.106+0000] {processor.py:208} INFO - Processing /home/ec2-user/environment/lab4_model_training/venv/lib64/python3.12/site-packages/airflow/example_dags/tutorial.py took 0.058 seconds
[2026-05-09T19:13:33.737+0000] {processor.py:186} INFO - Started process (PID=25018) to work on /home/ec2-user/environment/lab4_model_training/venv/lib64/python3.12/site-packages/airflow/example_dags/tutorial.py
[2026-05-09T19:13:33.738+0000] {processor.py:914} INFO - Processing file /home/ec2-user/environment/lab4_model_training/venv/lib64/python3.12/site-packages/airflow/example_dags/tutorial.py for tasks to queue
[2026-05-09T19:13:33.740+0000] {logging_mixin.py:190} INFO - [2026-05-09T19:13:33.740+0000] {dagbag.py:588} INFO - Filling up the DagBag from /home/ec2-user/environment/lab4_model_training/venv/lib64/python3.12/site-packages/airflow/example_dags/tutorial.py
[2026-05-09T19:13:33.747+0000] {processor.py:925} INFO - DAG(s) 'tutorial' retrieved from /home/ec2-user/environment/lab4_model_training/venv/lib64/python3.12/site-packages/airflow/example_dags/tutorial.py
[2026-05-09T19:13:33.758+0000] {logging_mixin.py:190} INFO - [2026-05-09T19:13:33.758+0000] {dag.py:3239} INFO - Sync 1 DAGs
[2026-05-09T19:13:33.773+0000] {logging_mixin.py:190} INFO - [2026-05-09T19:13:33.773+0000] {dag.py:4180} INFO - Setting next_dagrun for tutorial to 2026-05-08 00:00:00+00:00, run_after=2026-05-09 00:00:00+00:00
[2026-05-09T19:13:33.790+0000] {processor.py:208} INFO - Processing /home/ec2-user/environment/lab4_model_training/venv/lib64/python3.12/site-packages/airflow/example_dags/tutorial.py took 0.058 seconds
[2026-05-09T19:14:38.565+0000] {processor.py:186} INFO - Started process (PID=25375) to work on /home/ec2-user/environment/lab4_model_training/venv/lib64/python3.12/site-packages/airflow/example_dags/tutorial.py
[2026-05-09T19:14:38.566+0000] {processor.py:914} INFO - Processing file /home/ec2-user/environment/lab4_model_training/venv/lib64/python3.12/site-packages/airflow/example_dags/tutorial.py for tasks to queue
[2026-05-09T19:14:38.568+0000] {logging_mixin.py:190} INFO - [2026-05-09T19:14:38.567+0000] {dagbag.py:588} INFO - Filling up the DagBag from /home/ec2-user/environment/lab4_model_training/venv/lib64/python3.12/site-packages/airflow/example_dags/tutorial.py
[2026-05-09T19:14:38.574+0000] {processor.py:925} INFO - DAG(s) 'tutorial' retrieved from /home/ec2-user/environment/lab4_model_training/venv/lib64/python3.12/site-packages/airflow/example_dags/tutorial.py
[2026-05-09T19:14:38.586+0000] {logging_mixin.py:190} INFO - [2026-05-09T19:14:38.586+0000] {dag.py:3239} INFO - Sync 1 DAGs
[2026-05-09T19:14:38.601+0000] {logging_mixin.py:190} INFO - [2026-05-09T19:14:38.601+0000] {dag.py:4180} INFO - Setting next_dagrun for tutorial to 2026-05-08 00:00:00+00:00, run_after=2026-05-09 00:00:00+00:00
[2026-05-09T19:14:38.618+0000] {processor.py:208} INFO - Processing /home/ec2-user/environment/lab4_model_training/venv/lib64/python3.12/site-packages/airflow/example_dags/tutorial.py took 0.058 seconds
[2026-05-09T19:15:46.952+0000] {processor.py:186} INFO - Started process (PID=25702) to work on /home/ec2-user/environment/lab4_model_training/venv/lib64/python3.12/site-packages/airflow/example_dags/tutorial.py
[2026-05-09T19:15:46.953+0000] {processor.py:914} INFO - Processing file /home/ec2-user/environment/lab4_model_training/venv/lib64/python3.12/site-packages/airflow/example_dags/tutorial.py for tasks to queue
[2026-05-09T19:15:46.955+0000] {logging_mixin.py:190} INFO - [2026-05-09T19:15:46.955+0000] {dagbag.py:588} INFO - Filling up the DagBag from /home/ec2-user/environment/lab4_model_training/venv/lib64/python3.12/site-packages/airflow/example_dags/tutorial.py
[2026-05-09T19:15:46.962+0000] {processor.py:925} INFO - DAG(s) 'tutorial' retrieved from /home/ec2-user/environment/lab4_model_training/venv/lib64/python3.12/site-packages/airflow/example_dags/tutorial.py
[2026-05-09T19:15:46.974+0000] {logging_mixin.py:190} INFO - [2026-05-09T19:15:46.973+0000] {dag.py:3239} INFO - Sync 1 DAGs
[2026-05-09T19:15:46.989+0000] {logging_mixin.py:190} INFO - [2026-05-09T19:15:46.989+0000] {dag.py:4180} INFO - Setting next_dagrun for tutorial to 2026-05-08 00:00:00+00:00, run_after=2026-05-09 00:00:00+00:00
[2026-05-09T19:15:47.007+0000] {processor.py:208} INFO - Processing /home/ec2-user/environment/lab4_model_training/venv/lib64/python3.12/site-packages/airflow/example_dags/tutorial.py took 0.059 seconds
[2026-05-09T19:16:51.877+0000] {processor.py:186} INFO - Started process (PID=25957) to work on /home/ec2-user/environment/lab4_model_training/venv/lib64/python3.12/site-packages/airflow/example_dags/tutorial.py
[2026-05-09T19:16:51.878+0000] {processor.py:914} INFO - Processing file /home/ec2-user/environment/lab4_model_training/venv/lib64/python3.12/site-packages/airflow/example_dags/tutorial.py for tasks to queue
[2026-05-09T19:16:51.880+0000] {logging_mixin.py:190} INFO - [2026-05-09T19:16:51.879+0000] {dagbag.py:588} INFO - Filling up the DagBag from /home/ec2-user/environment/lab4_model_training/venv/lib64/python3.12/site-packages/airflow/example_dags/tutorial.py
[2026-05-09T19:16:51.886+0000] {processor.py:925} INFO - DAG(s) 'tutorial' retrieved from /home/ec2-user/environment/lab4_model_training/venv/lib64/python3.12/site-packages/airflow/example_dags/tutorial.py
[2026-05-09T19:16:51.897+0000] {logging_mixin.py:190} INFO - [2026-05-09T19:16:51.897+0000] {dag.py:3239} INFO - Sync 1 DAGs
[2026-05-09T19:16:51.913+0000] {logging_mixin.py:190} INFO - [2026-05-09T19:16:51.913+0000] {dag.py:4180} INFO - Setting next_dagrun for tutorial to 2026-05-08 00:00:00+00:00, run_after=2026-05-09 00:00:00+00:00
[2026-05-09T19:16:51.931+0000] {processor.py:208} INFO - Processing /home/ec2-user/environment/lab4_model_training/venv/lib64/python3.12/site-packages/airflow/example_dags/tutorial.py took 0.059 seconds
[2026-05-09T19:17:58.650+0000] {processor.py:186} INFO - Started process (PID=26443) to work on /home/ec2-user/environment/lab4_model_training/venv/lib64/python3.12/site-packages/airflow/example_dags/tutorial.py
[2026-05-09T19:17:58.651+0000] {processor.py:914} INFO - Processing file /home/ec2-user/environment/lab4_model_training/venv/lib64/python3.12/site-packages/airflow/example_dags/tutorial.py for tasks to queue
[2026-05-09T19:17:58.653+0000] {logging_mixin.py:190} INFO - [2026-05-09T19:17:58.652+0000] {dagbag.py:588} INFO - Filling up the DagBag from /home/ec2-user/environment/lab4_model_training/venv/lib64/python3.12/site-packages/airflow/example_dags/tutorial.py
[2026-05-09T19:17:58.659+0000] {processor.py:925} INFO - DAG(s) 'tutorial' retrieved from /home/ec2-user/environment/lab4_model_training/venv/lib64/python3.12/site-packages/airflow/example_dags/tutorial.py
[2026-05-09T19:17:58.671+0000] {logging_mixin.py:190} INFO - [2026-05-09T19:17:58.671+0000] {dag.py:3239} INFO - Sync 1 DAGs
[2026-05-09T19:17:58.686+0000] {logging_mixin.py:190} INFO - [2026-05-09T19:17:58.686+0000] {dag.py:4180} INFO - Setting next_dagrun for tutorial to 2026-05-08 00:00:00+00:00, run_after=2026-05-09 00:00:00+00:00
[2026-05-09T19:17:58.704+0000] {processor.py:208} INFO - Processing /home/ec2-user/environment/lab4_model_training/venv/lib64/python3.12/site-packages/airflow/example_dags/tutorial.py took 0.058 seconds
[2026-05-09T19:19:01.955+0000] {processor.py:186} INFO - Started process (PID=26828) to work on /home/ec2-user/environment/lab4_model_training/venv/lib64/python3.12/site-packages/airflow/example_dags/tutorial.py
[2026-05-09T19:19:01.956+0000] {processor.py:914} INFO - Processing file /home/ec2-user/environment/lab4_model_training/venv/lib64/python3.12/site-packages/airflow/example_dags/tutorial.py for tasks to queue
[2026-05-09T19:19:01.958+0000] {logging_mixin.py:190} INFO - [2026-05-09T19:19:01.958+0000] {dagbag.py:588} INFO - Filling up the DagBag from /home/ec2-user/environment/lab4_model_training/venv/lib64/python3.12/site-packages/airflow/example_dags/tutorial.py
[2026-05-09T19:19:01.967+0000] {processor.py:925} INFO - DAG(s) 'tutorial' retrieved from /home/ec2-user/environment/lab4_model_training/venv/lib64/python3.12/site-packages/airflow/example_dags/tutorial.py
[2026-05-09T19:19:01.982+0000] {logging_mixin.py:190} INFO - [2026-05-09T19:19:01.982+0000] {dag.py:3239} INFO - Sync 1 DAGs
[2026-05-09T19:19:01.999+0000] {logging_mixin.py:190} INFO - [2026-05-09T19:19:01.999+0000] {dag.py:4180} INFO - Setting next_dagrun for tutorial to 2026-05-08 00:00:00+00:00, run_after=2026-05-09 00:00:00+00:00
[2026-05-09T19:19:02.020+0000] {processor.py:208} INFO - Processing /home/ec2-user/environment/lab4_model_training/venv/lib64/python3.12/site-packages/airflow/example_dags/tutorial.py took 0.070 seconds
[2026-05-09T19:20:07.486+0000] {processor.py:186} INFO - Started process (PID=27290) to work on /home/ec2-user/environment/lab4_model_training/venv/lib64/python3.12/site-packages/airflow/example_dags/tutorial.py
[2026-05-09T19:20:07.487+0000] {processor.py:914} INFO - Processing file /home/ec2-user/environment/lab4_model_training/venv/lib64/python3.12/site-packages/airflow/example_dags/tutorial.py for tasks to queue
[2026-05-09T19:20:07.489+0000] {logging_mixin.py:190} INFO - [2026-05-09T19:20:07.488+0000] {dagbag.py:588} INFO - Filling up the DagBag from /home/ec2-user/environment/lab4_model_training/venv/lib64/python3.12/site-packages/airflow/example_dags/tutorial.py
[2026-05-09T19:20:07.495+0000] {processor.py:925} INFO - DAG(s) 'tutorial' retrieved from /home/ec2-user/environment/lab4_model_training/venv/lib64/python3.12/site-packages/airflow/example_dags/tutorial.py
[2026-05-09T19:20:07.506+0000] {logging_mixin.py:190} INFO - [2026-05-09T19:20:07.506+0000] {dag.py:3239} INFO - Sync 1 DAGs
[2026-05-09T19:20:07.521+0000] {logging_mixin.py:190} INFO - [2026-05-09T19:20:07.521+0000] {dag.py:4180} INFO - Setting next_dagrun for tutorial to 2026-05-08 00:00:00+00:00, run_after=2026-05-09 00:00:00+00:00
[2026-05-09T19:20:07.539+0000] {processor.py:208} INFO - Processing /home/ec2-user/environment/lab4_model_training/venv/lib64/python3.12/site-packages/airflow/example_dags/tutorial.py took 0.057 seconds
[2026-05-09T19:21:12.751+0000] {processor.py:186} INFO - Started process (PID=27488) to work on /home/ec2-user/environment/lab4_model_training/venv/lib64/python3.12/site-packages/airflow/example_dags/tutorial.py
[2026-05-09T19:21:12.753+0000] {processor.py:914} INFO - Processing file /home/ec2-user/environment/lab4_model_training/venv/lib64/python3.12/site-packages/airflow/example_dags/tutorial.py for tasks to queue
[2026-05-09T19:21:12.755+0000] {logging_mixin.py:190} INFO - [2026-05-09T19:21:12.754+0000] {dagbag.py:588} INFO - Filling up the DagBag from /home/ec2-user/environment/lab4_model_training/venv/lib64/python3.12/site-packages/airflow/example_dags/tutorial.py
[2026-05-09T19:21:12.761+0000] {processor.py:925} INFO - DAG(s) 'tutorial' retrieved from /home/ec2-user/environment/lab4_model_training/venv/lib64/python3.12/site-packages/airflow/example_dags/tutorial.py
[2026-05-09T19:21:12.773+0000] {logging_mixin.py:190} INFO - [2026-05-09T19:21:12.772+0000] {dag.py:3239} INFO - Sync 1 DAGs
[2026-05-09T19:21:12.788+0000] {logging_mixin.py:190} INFO - [2026-05-09T19:21:12.788+0000] {dag.py:4180} INFO - Setting next_dagrun for tutorial to 2026-05-08 00:00:00+00:00, run_after=2026-05-09 00:00:00+00:00
[2026-05-09T19:21:12.805+0000] {processor.py:208} INFO - Processing /home/ec2-user/environment/lab4_model_training/venv/lib64/python3.12/site-packages/airflow/example_dags/tutorial.py took 0.058 seconds
[2026-05-09T19:22:17.175+0000] {processor.py:186} INFO - Started process (PID=27669) to work on /home/ec2-user/environment/lab4_model_training/venv/lib64/python3.12/site-packages/airflow/example_dags/tutorial.py
[2026-05-09T19:22:17.176+0000] {processor.py:914} INFO - Processing file /home/ec2-user/environment/lab4_model_training/venv/lib64/python3.12/site-packages/airflow/example_dags/tutorial.py for tasks to queue
[2026-05-09T19:22:17.178+0000] {logging_mixin.py:190} INFO - [2026-05-09T19:22:17.178+0000] {dagbag.py:588} INFO - Filling up the DagBag from /home/ec2-user/environment/lab4_model_training/venv/lib64/python3.12/site-packages/airflow/example_dags/tutorial.py
[2026-05-09T19:22:17.185+0000] {processor.py:925} INFO - DAG(s) 'tutorial' retrieved from /home/ec2-user/environment/lab4_model_training/venv/lib64/python3.12/site-packages/airflow/example_dags/tutorial.py
[2026-05-09T19:22:17.196+0000] {logging_mixin.py:190} INFO - [2026-05-09T19:22:17.196+0000] {dag.py:3239} INFO - Sync 1 DAGs
[2026-05-09T19:22:17.211+0000] {logging_mixin.py:190} INFO - [2026-05-09T19:22:17.211+0000] {dag.py:4180} INFO - Setting next_dagrun for tutorial to 2026-05-08 00:00:00+00:00, run_after=2026-05-09 00:00:00+00:00
[2026-05-09T19:22:17.229+0000] {processor.py:208} INFO - Processing /home/ec2-user/environment/lab4_model_training/venv/lib64/python3.12/site-packages/airflow/example_dags/tutorial.py took 0.058 seconds
[2026-05-09T19:23:27.587+0000] {processor.py:186} INFO - Started process (PID=27817) to work on /home/ec2-user/environment/lab4_model_training/venv/lib64/python3.12/site-packages/airflow/example_dags/tutorial.py
[2026-05-09T19:23:27.589+0000] {processor.py:914} INFO - Processing file /home/ec2-user/environment/lab4_model_training/venv/lib64/python3.12/site-packages/airflow/example_dags/tutorial.py for tasks to queue
[2026-05-09T19:23:27.590+0000] {logging_mixin.py:190} INFO - [2026-05-09T19:23:27.590+0000] {dagbag.py:588} INFO - Filling up the DagBag from /home/ec2-user/environment/lab4_model_training/venv/lib64/python3.12/site-packages/airflow/example_dags/tutorial.py
[2026-05-09T19:23:27.596+0000] {processor.py:925} INFO - DAG(s) 'tutorial' retrieved from /home/ec2-user/environment/lab4_model_training/venv/lib64/python3.12/site-packages/airflow/example_dags/tutorial.py
[2026-05-09T19:23:27.608+0000] {logging_mixin.py:190} INFO - [2026-05-09T19:23:27.607+0000] {dag.py:3239} INFO - Sync 1 DAGs
[2026-05-09T19:23:27.622+0000] {logging_mixin.py:190} INFO - [2026-05-09T19:23:27.622+0000] {dag.py:4180} INFO - Setting next_dagrun for tutorial to 2026-05-08 00:00:00+00:00, run_after=2026-05-09 00:00:00+00:00
[2026-05-09T19:23:27.639+0000] {processor.py:208} INFO - Processing /home/ec2-user/environment/lab4_model_training/venv/lib64/python3.12/site-packages/airflow/example_dags/tutorial.py took 0.056 seconds
[2026-05-09T19:24:31.990+0000] {processor.py:186} INFO - Started process (PID=27905) to work on /home/ec2-user/environment/lab4_model_training/venv/lib64/python3.12/site-packages/airflow/example_dags/tutorial.py
[2026-05-09T19:24:31.991+0000] {processor.py:914} INFO - Processing file /home/ec2-user/environment/lab4_model_training/venv/lib64/python3.12/site-packages/airflow/example_dags/tutorial.py for tasks to queue
[2026-05-09T19:24:31.992+0000] {logging_mixin.py:190} INFO - [2026-05-09T19:24:31.992+0000] {dagbag.py:588} INFO - Filling up the DagBag from /home/ec2-user/environment/lab4_model_training/venv/lib64/python3.12/site-packages/airflow/example_dags/tutorial.py
[2026-05-09T19:24:31.999+0000] {processor.py:925} INFO - DAG(s) 'tutorial' retrieved from /home/ec2-user/environment/lab4_model_training/venv/lib64/python3.12/site-packages/airflow/example_dags/tutorial.py
[2026-05-09T19:24:32.010+0000] {logging_mixin.py:190} INFO - [2026-05-09T19:24:32.010+0000] {dag.py:3239} INFO - Sync 1 DAGs
[2026-05-09T19:24:32.025+0000] {logging_mixin.py:190} INFO - [2026-05-09T19:24:32.025+0000] {dag.py:4180} INFO - Setting next_dagrun for tutorial to 2026-05-08 00:00:00+00:00, run_after=2026-05-09 00:00:00+00:00
[2026-05-09T19:24:32.042+0000] {processor.py:208} INFO - Processing /home/ec2-user/environment/lab4_model_training/venv/lib64/python3.12/site-packages/airflow/example_dags/tutorial.py took 0.057 seconds
[2026-05-09T19:25:33.648+0000] {processor.py:186} INFO - Started process (PID=28036) to work on /home/ec2-user/environment/lab4_model_training/venv/lib64/python3.12/site-packages/airflow/example_dags/tutorial.py
[2026-05-09T19:25:33.649+0000] {processor.py:914} INFO - Processing file /home/ec2-user/environment/lab4_model_training/venv/lib64/python3.12/site-packages/airflow/example_dags/tutorial.py for tasks to queue
[2026-05-09T19:25:33.651+0000] {logging_mixin.py:190} INFO - [2026-05-09T19:25:33.650+0000] {dagbag.py:588} INFO - Filling up the DagBag from /home/ec2-user/environment/lab4_model_training/venv/lib64/python3.12/site-packages/airflow/example_dags/tutorial.py
[2026-05-09T19:25:33.657+0000] {processor.py:925} INFO - DAG(s) 'tutorial' retrieved from /home/ec2-user/environment/lab4_model_training/venv/lib64/python3.12/site-packages/airflow/example_dags/tutorial.py
[2026-05-09T19:25:33.668+0000] {logging_mixin.py:190} INFO - [2026-05-09T19:25:33.668+0000] {dag.py:3239} INFO - Sync 1 DAGs
[2026-05-09T19:25:33.683+0000] {logging_mixin.py:190} INFO - [2026-05-09T19:25:33.683+0000] {dag.py:4180} INFO - Setting next_dagrun for tutorial to 2026-05-08 00:00:00+00:00, run_after=2026-05-09 00:00:00+00:00
[2026-05-09T19:25:33.700+0000] {processor.py:208} INFO - Processing /home/ec2-user/environment/lab4_model_training/venv/lib64/python3.12/site-packages/airflow/example_dags/tutorial.py took 0.057 seconds
[2026-05-09T19:26:35.640+0000] {processor.py:186} INFO - Started process (PID=28120) to work on /home/ec2-user/environment/lab4_model_training/venv/lib64/python3.12/site-packages/airflow/example_dags/tutorial.py
[2026-05-09T19:26:35.642+0000] {processor.py:914} INFO - Processing file /home/ec2-user/environment/lab4_model_training/venv/lib64/python3.12/site-packages/airflow/example_dags/tutorial.py for tasks to queue
[2026-05-09T19:26:35.643+0000] {logging_mixin.py:190} INFO - [2026-05-09T19:26:35.643+0000] {dagbag.py:588} INFO - Filling up the DagBag from /home/ec2-user/environment/lab4_model_training/venv/lib64/python3.12/site-packages/airflow/example_dags/tutorial.py
[2026-05-09T19:26:35.649+0000] {processor.py:925} INFO - DAG(s) 'tutorial' retrieved from /home/ec2-user/environment/lab4_model_training/venv/lib64/python3.12/site-packages/airflow/example_dags/tutorial.py
[2026-05-09T19:26:35.661+0000] {logging_mixin.py:190} INFO - [2026-05-09T19:26:35.661+0000] {dag.py:3239} INFO - Sync 1 DAGs
[2026-05-09T19:26:35.676+0000] {logging_mixin.py:190} INFO - [2026-05-09T19:26:35.676+0000] {dag.py:4180} INFO - Setting next_dagrun for tutorial to 2026-05-08 00:00:00+00:00, run_after=2026-05-09 00:00:00+00:00
[2026-05-09T19:26:35.693+0000] {processor.py:208} INFO - Processing /home/ec2-user/environment/lab4_model_training/venv/lib64/python3.12/site-packages/airflow/example_dags/tutorial.py took 0.057 seconds
[2026-05-09T19:27:37.036+0000] {processor.py:186} INFO - Started process (PID=28252) to work on /home/ec2-user/environment/lab4_model_training/venv/lib64/python3.12/site-packages/airflow/example_dags/tutorial.py
[2026-05-09T19:27:37.037+0000] {processor.py:914} INFO - Processing file /home/ec2-user/environment/lab4_model_training/venv/lib64/python3.12/site-packages/airflow/example_dags/tutorial.py for tasks to queue
[2026-05-09T19:27:37.039+0000] {logging_mixin.py:190} INFO - [2026-05-09T19:27:37.038+0000] {dagbag.py:588} INFO - Filling up the DagBag from /home/ec2-user/environment/lab4_model_training/venv/lib64/python3.12/site-packages/airflow/example_dags/tutorial.py
[2026-05-09T19:27:37.045+0000] {processor.py:925} INFO - DAG(s) 'tutorial' retrieved from /home/ec2-user/environment/lab4_model_training/venv/lib64/python3.12/site-packages/airflow/example_dags/tutorial.py
[2026-05-09T19:27:37.056+0000] {logging_mixin.py:190} INFO - [2026-05-09T19:27:37.056+0000] {dag.py:3239} INFO - Sync 1 DAGs
[2026-05-09T19:27:37.072+0000] {logging_mixin.py:190} INFO - [2026-05-09T19:27:37.072+0000] {dag.py:4180} INFO - Setting next_dagrun for tutorial to 2026-05-08 00:00:00+00:00, run_after=2026-05-09 00:00:00+00:00
[2026-05-09T19:27:37.089+0000] {processor.py:208} INFO - Processing /home/ec2-user/environment/lab4_model_training/venv/lib64/python3.12/site-packages/airflow/example_dags/tutorial.py took 0.057 seconds
[2026-05-09T19:28:38.499+0000] {processor.py:186} INFO - Started process (PID=28342) to work on /home/ec2-user/environment/lab4_model_training/venv/lib64/python3.12/site-packages/airflow/example_dags/tutorial.py
[2026-05-09T19:28:38.500+0000] {processor.py:914} INFO - Processing file /home/ec2-user/environment/lab4_model_training/venv/lib64/python3.12/site-packages/airflow/example_dags/tutorial.py for tasks to queue
[2026-05-09T19:28:38.502+0000] {logging_mixin.py:190} INFO - [2026-05-09T19:28:38.501+0000] {dagbag.py:588} INFO - Filling up the DagBag from /home/ec2-user/environment/lab4_model_training/venv/lib64/python3.12/site-packages/airflow/example_dags/tutorial.py
[2026-05-09T19:28:38.508+0000] {processor.py:925} INFO - DAG(s) 'tutorial' retrieved from /home/ec2-user/environment/lab4_model_training/venv/lib64/python3.12/site-packages/airflow/example_dags/tutorial.py
[2026-05-09T19:28:38.519+0000] {logging_mixin.py:190} INFO - [2026-05-09T19:28:38.519+0000] {dag.py:3239} INFO - Sync 1 DAGs
[2026-05-09T19:28:38.534+0000] {logging_mixin.py:190} INFO - [2026-05-09T19:28:38.534+0000] {dag.py:4180} INFO - Setting next_dagrun for tutorial to 2026-05-08 00:00:00+00:00, run_after=2026-05-09 00:00:00+00:00
[2026-05-09T19:28:38.552+0000] {processor.py:208} INFO - Processing /home/ec2-user/environment/lab4_model_training/venv/lib64/python3.12/site-packages/airflow/example_dags/tutorial.py took 0.057 seconds
[2026-05-09T19:29:38.620+0000] {processor.py:186} INFO - Started process (PID=28547) to work on /home/ec2-user/environment/lab4_model_training/venv/lib64/python3.12/site-packages/airflow/example_dags/tutorial.py
[2026-05-09T19:29:38.621+0000] {processor.py:914} INFO - Processing file /home/ec2-user/environment/lab4_model_training/venv/lib64/python3.12/site-packages/airflow/example_dags/tutorial.py for tasks to queue
[2026-05-09T19:29:38.622+0000] {logging_mixin.py:190} INFO - [2026-05-09T19:29:38.622+0000] {dagbag.py:588} INFO - Filling up the DagBag from /home/ec2-user/environment/lab4_model_training/venv/lib64/python3.12/site-packages/airflow/example_dags/tutorial.py
[2026-05-09T19:29:38.629+0000] {processor.py:925} INFO - DAG(s) 'tutorial' retrieved from /home/ec2-user/environment/lab4_model_training/venv/lib64/python3.12/site-packages/airflow/example_dags/tutorial.py
[2026-05-09T19:29:38.641+0000] {logging_mixin.py:190} INFO - [2026-05-09T19:29:38.641+0000] {dag.py:3239} INFO - Sync 1 DAGs
[2026-05-09T19:29:38.656+0000] {logging_mixin.py:190} INFO - [2026-05-09T19:29:38.655+0000] {dag.py:4180} INFO - Setting next_dagrun for tutorial to 2026-05-08 00:00:00+00:00, run_after=2026-05-09 00:00:00+00:00
[2026-05-09T19:29:38.673+0000] {processor.py:208} INFO - Processing /home/ec2-user/environment/lab4_model_training/venv/lib64/python3.12/site-packages/airflow/example_dags/tutorial.py took 0.057 seconds
[2026-05-09T19:30:43.594+0000] {processor.py:186} INFO - Started process (PID=29141) to work on /home/ec2-user/environment/lab4_model_training/venv/lib64/python3.12/site-packages/airflow/example_dags/tutorial.py
[2026-05-09T19:30:43.595+0000] {processor.py:914} INFO - Processing file /home/ec2-user/environment/lab4_model_training/venv/lib64/python3.12/site-packages/airflow/example_dags/tutorial.py for tasks to queue
[2026-05-09T19:30:43.597+0000] {logging_mixin.py:190} INFO - [2026-05-09T19:30:43.597+0000] {dagbag.py:588} INFO - Filling up the DagBag from /home/ec2-user/environment/lab4_model_training/venv/lib64/python3.12/site-packages/airflow/example_dags/tutorial.py
[2026-05-09T19:30:43.606+0000] {processor.py:925} INFO - DAG(s) 'tutorial' retrieved from /home/ec2-user/environment/lab4_model_training/venv/lib64/python3.12/site-packages/airflow/example_dags/tutorial.py
[2026-05-09T19:30:43.622+0000] {logging_mixin.py:190} INFO - [2026-05-09T19:30:43.622+0000] {dag.py:3239} INFO - Sync 1 DAGs
[2026-05-09T19:30:43.644+0000] {logging_mixin.py:190} INFO - [2026-05-09T19:30:43.643+0000] {dag.py:4180} INFO - Setting next_dagrun for tutorial to 2026-05-08 00:00:00+00:00, run_after=2026-05-09 00:00:00+00:00
[2026-05-09T19:30:43.664+0000] {processor.py:208} INFO - Processing /home/ec2-user/environment/lab4_model_training/venv/lib64/python3.12/site-packages/airflow/example_dags/tutorial.py took 0.075 seconds
[2026-05-09T19:31:47.723+0000] {processor.py:186} INFO - Started process (PID=29659) to work on /home/ec2-user/environment/lab4_model_training/venv/lib64/python3.12/site-packages/airflow/example_dags/tutorial.py
[2026-05-09T19:31:47.725+0000] {processor.py:914} INFO - Processing file /home/ec2-user/environment/lab4_model_training/venv/lib64/python3.12/site-packages/airflow/example_dags/tutorial.py for tasks to queue
[2026-05-09T19:31:47.726+0000] {logging_mixin.py:190} INFO - [2026-05-09T19:31:47.726+0000] {dagbag.py:588} INFO - Filling up the DagBag from /home/ec2-user/environment/lab4_model_training/venv/lib64/python3.12/site-packages/airflow/example_dags/tutorial.py
[2026-05-09T19:31:47.733+0000] {processor.py:925} INFO - DAG(s) 'tutorial' retrieved from /home/ec2-user/environment/lab4_model_training/venv/lib64/python3.12/site-packages/airflow/example_dags/tutorial.py
[2026-05-09T19:31:47.745+0000] {logging_mixin.py:190} INFO - [2026-05-09T19:31:47.745+0000] {dag.py:3239} INFO - Sync 1 DAGs
[2026-05-09T19:31:47.761+0000] {logging_mixin.py:190} INFO - [2026-05-09T19:31:47.761+0000] {dag.py:4180} INFO - Setting next_dagrun for tutorial to 2026-05-08 00:00:00+00:00, run_after=2026-05-09 00:00:00+00:00
[2026-05-09T19:31:47.782+0000] {processor.py:208} INFO - Processing /home/ec2-user/environment/lab4_model_training/venv/lib64/python3.12/site-packages/airflow/example_dags/tutorial.py took 0.063 seconds
[2026-05-09T19:32:48.206+0000] {processor.py:186} INFO - Started process (PID=30077) to work on /home/ec2-user/environment/lab4_model_training/venv/lib64/python3.12/site-packages/airflow/example_dags/tutorial.py
[2026-05-09T19:32:48.208+0000] {processor.py:914} INFO - Processing file /home/ec2-user/environment/lab4_model_training/venv/lib64/python3.12/site-packages/airflow/example_dags/tutorial.py for tasks to queue
[2026-05-09T19:32:48.209+0000] {logging_mixin.py:190} INFO - [2026-05-09T19:32:48.209+0000] {dagbag.py:588} INFO - Filling up the DagBag from /home/ec2-user/environment/lab4_model_training/venv/lib64/python3.12/site-packages/airflow/example_dags/tutorial.py
[2026-05-09T19:32:48.216+0000] {processor.py:925} INFO - DAG(s) 'tutorial' retrieved from /home/ec2-user/environment/lab4_model_training/venv/lib64/python3.12/site-packages/airflow/example_dags/tutorial.py
[2026-05-09T19:32:48.228+0000] {logging_mixin.py:190} INFO - [2026-05-09T19:32:48.228+0000] {dag.py:3239} INFO - Sync 1 DAGs
[2026-05-09T19:32:48.243+0000] {logging_mixin.py:190} INFO - [2026-05-09T19:32:48.243+0000] {dag.py:4180} INFO - Setting next_dagrun for tutorial to 2026-05-08 00:00:00+00:00, run_after=2026-05-09 00:00:00+00:00
[2026-05-09T19:32:48.264+0000] {processor.py:208} INFO - Processing /home/ec2-user/environment/lab4_model_training/venv/lib64/python3.12/site-packages/airflow/example_dags/tutorial.py took 0.061 seconds
[2026-05-09T19:33:53.012+0000] {processor.py:186} INFO - Started process (PID=30490) to work on /home/ec2-user/environment/lab4_model_training/venv/lib64/python3.12/site-packages/airflow/example_dags/tutorial.py
[2026-05-09T19:33:53.013+0000] {processor.py:914} INFO - Processing file /home/ec2-user/environment/lab4_model_training/venv/lib64/python3.12/site-packages/airflow/example_dags/tutorial.py for tasks to queue
[2026-05-09T19:33:53.015+0000] {logging_mixin.py:190} INFO - [2026-05-09T19:33:53.014+0000] {dagbag.py:588} INFO - Filling up the DagBag from /home/ec2-user/environment/lab4_model_training/venv/lib64/python3.12/site-packages/airflow/example_dags/tutorial.py
[2026-05-09T19:33:53.024+0000] {processor.py:925} INFO - DAG(s) 'tutorial' retrieved from /home/ec2-user/environment/lab4_model_training/venv/lib64/python3.12/site-packages/airflow/example_dags/tutorial.py
[2026-05-09T19:33:53.040+0000] {logging_mixin.py:190} INFO - [2026-05-09T19:33:53.040+0000] {dag.py:3239} INFO - Sync 1 DAGs
[2026-05-09T19:33:53.062+0000] {logging_mixin.py:190} INFO - [2026-05-09T19:33:53.062+0000] {dag.py:4180} INFO - Setting next_dagrun for tutorial to 2026-05-08 00:00:00+00:00, run_after=2026-05-09 00:00:00+00:00
[2026-05-09T19:33:53.084+0000] {processor.py:208} INFO - Processing /home/ec2-user/environment/lab4_model_training/venv/lib64/python3.12/site-packages/airflow/example_dags/tutorial.py took 0.076 seconds
[2026-05-09T19:35:01.911+0000] {processor.py:186} INFO - Started process (PID=30912) to work on /home/ec2-user/environment/lab4_model_training/venv/lib64/python3.12/site-packages/airflow/example_dags/tutorial.py
[2026-05-09T19:35:01.912+0000] {processor.py:914} INFO - Processing file /home/ec2-user/environment/lab4_model_training/venv/lib64/python3.12/site-packages/airflow/example_dags/tutorial.py for tasks to queue
[2026-05-09T19:35:01.914+0000] {logging_mixin.py:190} INFO - [2026-05-09T19:35:01.914+0000] {dagbag.py:588} INFO - Filling up the DagBag from /home/ec2-user/environment/lab4_model_training/venv/lib64/python3.12/site-packages/airflow/example_dags/tutorial.py
[2026-05-09T19:35:01.920+0000] {processor.py:925} INFO - DAG(s) 'tutorial' retrieved from /home/ec2-user/environment/lab4_model_training/venv/lib64/python3.12/site-packages/airflow/example_dags/tutorial.py
[2026-05-09T19:35:01.933+0000] {logging_mixin.py:190} INFO - [2026-05-09T19:35:01.933+0000] {dag.py:3239} INFO - Sync 1 DAGs
[2026-05-09T19:35:01.950+0000] {logging_mixin.py:190} INFO - [2026-05-09T19:35:01.950+0000] {dag.py:4180} INFO - Setting next_dagrun for tutorial to 2026-05-08 00:00:00+00:00, run_after=2026-05-09 00:00:00+00:00
[2026-05-09T19:35:01.969+0000] {processor.py:208} INFO - Processing /home/ec2-user/environment/lab4_model_training/venv/lib64/python3.12/site-packages/airflow/example_dags/tutorial.py took 0.063 seconds
[2026-05-09T19:36:09.001+0000] {processor.py:186} INFO - Started process (PID=31432) to work on /home/ec2-user/environment/lab4_model_training/venv/lib64/python3.12/site-packages/airflow/example_dags/tutorial.py
[2026-05-09T19:36:09.002+0000] {processor.py:914} INFO - Processing file /home/ec2-user/environment/lab4_model_training/venv/lib64/python3.12/site-packages/airflow/example_dags/tutorial.py for tasks to queue
[2026-05-09T19:36:09.004+0000] {logging_mixin.py:190} INFO - [2026-05-09T19:36:09.004+0000] {dagbag.py:588} INFO - Filling up the DagBag from /home/ec2-user/environment/lab4_model_training/venv/lib64/python3.12/site-packages/airflow/example_dags/tutorial.py
[2026-05-09T19:36:09.011+0000] {processor.py:925} INFO - DAG(s) 'tutorial' retrieved from /home/ec2-user/environment/lab4_model_training/venv/lib64/python3.12/site-packages/airflow/example_dags/tutorial.py
[2026-05-09T19:36:09.022+0000] {logging_mixin.py:190} INFO - [2026-05-09T19:36:09.022+0000] {dag.py:3239} INFO - Sync 1 DAGs
[2026-05-09T19:36:09.039+0000] {logging_mixin.py:190} INFO - [2026-05-09T19:36:09.038+0000] {dag.py:4180} INFO - Setting next_dagrun for tutorial to 2026-05-08 00:00:00+00:00, run_after=2026-05-09 00:00:00+00:00
[2026-05-09T19:36:09.056+0000] {processor.py:208} INFO - Processing /home/ec2-user/environment/lab4_model_training/venv/lib64/python3.12/site-packages/airflow/example_dags/tutorial.py took 0.060 seconds
[2026-05-09T19:37:10.792+0000] {processor.py:186} INFO - Started process (PID=31891) to work on /home/ec2-user/environment/lab4_model_training/venv/lib64/python3.12/site-packages/airflow/example_dags/tutorial.py
[2026-05-09T19:37:10.793+0000] {processor.py:914} INFO - Processing file /home/ec2-user/environment/lab4_model_training/venv/lib64/python3.12/site-packages/airflow/example_dags/tutorial.py for tasks to queue
[2026-05-09T19:37:10.795+0000] {logging_mixin.py:190} INFO - [2026-05-09T19:37:10.795+0000] {dagbag.py:588} INFO - Filling up the DagBag from /home/ec2-user/environment/lab4_model_training/venv/lib64/python3.12/site-packages/airflow/example_dags/tutorial.py
[2026-05-09T19:37:10.801+0000] {processor.py:925} INFO - DAG(s) 'tutorial' retrieved from /home/ec2-user/environment/lab4_model_training/venv/lib64/python3.12/site-packages/airflow/example_dags/tutorial.py
[2026-05-09T19:37:10.813+0000] {logging_mixin.py:190} INFO - [2026-05-09T19:37:10.813+0000] {dag.py:3239} INFO - Sync 1 DAGs
[2026-05-09T19:37:10.829+0000] {logging_mixin.py:190} INFO - [2026-05-09T19:37:10.829+0000] {dag.py:4180} INFO - Setting next_dagrun for tutorial to 2026-05-08 00:00:00+00:00, run_after=2026-05-09 00:00:00+00:00
[2026-05-09T19:37:10.847+0000] {processor.py:208} INFO - Processing /home/ec2-user/environment/lab4_model_training/venv/lib64/python3.12/site-packages/airflow/example_dags/tutorial.py took 0.060 seconds
[2026-05-09T19:38:17.387+0000] {processor.py:186} INFO - Started process (PID=32034) to work on /home/ec2-user/environment/lab4_model_training/venv/lib64/python3.12/site-packages/airflow/example_dags/tutorial.py
[2026-05-09T19:38:17.389+0000] {processor.py:914} INFO - Processing file /home/ec2-user/environment/lab4_model_training/venv/lib64/python3.12/site-packages/airflow/example_dags/tutorial.py for tasks to queue
[2026-05-09T19:38:17.391+0000] {logging_mixin.py:190} INFO - [2026-05-09T19:38:17.391+0000] {dagbag.py:588} INFO - Filling up the DagBag from /home/ec2-user/environment/lab4_model_training/venv/lib64/python3.12/site-packages/airflow/example_dags/tutorial.py
[2026-05-09T19:38:17.398+0000] {processor.py:925} INFO - DAG(s) 'tutorial' retrieved from /home/ec2-user/environment/lab4_model_training/venv/lib64/python3.12/site-packages/airflow/example_dags/tutorial.py
[2026-05-09T19:38:17.409+0000] {logging_mixin.py:190} INFO - [2026-05-09T19:38:17.409+0000] {dag.py:3239} INFO - Sync 1 DAGs
[2026-05-09T19:38:17.425+0000] {logging_mixin.py:190} INFO - [2026-05-09T19:38:17.425+0000] {dag.py:4180} INFO - Setting next_dagrun for tutorial to 2026-05-08 00:00:00+00:00, run_after=2026-05-09 00:00:00+00:00
[2026-05-09T19:38:17.444+0000] {processor.py:208} INFO - Processing /home/ec2-user/environment/lab4_model_training/venv/lib64/python3.12/site-packages/airflow/example_dags/tutorial.py took 0.061 seconds
[2026-05-09T19:39:24.717+0000] {processor.py:186} INFO - Started process (PID=32214) to work on /home/ec2-user/environment/lab4_model_training/venv/lib64/python3.12/site-packages/airflow/example_dags/tutorial.py
[2026-05-09T19:39:24.719+0000] {processor.py:914} INFO - Processing file /home/ec2-user/environment/lab4_model_training/venv/lib64/python3.12/site-packages/airflow/example_dags/tutorial.py for tasks to queue
[2026-05-09T19:39:24.721+0000] {logging_mixin.py:190} INFO - [2026-05-09T19:39:24.721+0000] {dagbag.py:588} INFO - Filling up the DagBag from /home/ec2-user/environment/lab4_model_training/venv/lib64/python3.12/site-packages/airflow/example_dags/tutorial.py
[2026-05-09T19:39:24.727+0000] {processor.py:925} INFO - DAG(s) 'tutorial' retrieved from /home/ec2-user/environment/lab4_model_training/venv/lib64/python3.12/site-packages/airflow/example_dags/tutorial.py
[2026-05-09T19:39:24.740+0000] {logging_mixin.py:190} INFO - [2026-05-09T19:39:24.739+0000] {dag.py:3239} INFO - Sync 1 DAGs
[2026-05-09T19:39:24.755+0000] {logging_mixin.py:190} INFO - [2026-05-09T19:39:24.755+0000] {dag.py:4180} INFO - Setting next_dagrun for tutorial to 2026-05-08 00:00:00+00:00, run_after=2026-05-09 00:00:00+00:00
[2026-05-09T19:39:24.773+0000] {processor.py:208} INFO - Processing /home/ec2-user/environment/lab4_model_training/venv/lib64/python3.12/site-packages/airflow/example_dags/tutorial.py took 0.059 seconds
[2026-05-09T19:40:34.462+0000] {processor.py:186} INFO - Started process (PID=32357) to work on /home/ec2-user/environment/lab4_model_training/venv/lib64/python3.12/site-packages/airflow/example_dags/tutorial.py
[2026-05-09T19:40:34.463+0000] {processor.py:914} INFO - Processing file /home/ec2-user/environment/lab4_model_training/venv/lib64/python3.12/site-packages/airflow/example_dags/tutorial.py for tasks to queue
[2026-05-09T19:40:34.465+0000] {logging_mixin.py:190} INFO - [2026-05-09T19:40:34.465+0000] {dagbag.py:588} INFO - Filling up the DagBag from /home/ec2-user/environment/lab4_model_training/venv/lib64/python3.12/site-packages/airflow/example_dags/tutorial.py
[2026-05-09T19:40:34.472+0000] {processor.py:925} INFO - DAG(s) 'tutorial' retrieved from /home/ec2-user/environment/lab4_model_training/venv/lib64/python3.12/site-packages/airflow/example_dags/tutorial.py
[2026-05-09T19:40:34.483+0000] {logging_mixin.py:190} INFO - [2026-05-09T19:40:34.483+0000] {dag.py:3239} INFO - Sync 1 DAGs
[2026-05-09T19:40:34.499+0000] {logging_mixin.py:190} INFO - [2026-05-09T19:40:34.499+0000] {dag.py:4180} INFO - Setting next_dagrun for tutorial to 2026-05-08 00:00:00+00:00, run_after=2026-05-09 00:00:00+00:00
[2026-05-09T19:40:34.519+0000] {processor.py:208} INFO - Processing /home/ec2-user/environment/lab4_model_training/venv/lib64/python3.12/site-packages/airflow/example_dags/tutorial.py took 0.062 seconds
[2026-05-09T19:41:41.821+0000] {processor.py:186} INFO - Started process (PID=32450) to work on /home/ec2-user/environment/lab4_model_training/venv/lib64/python3.12/site-packages/airflow/example_dags/tutorial.py
[2026-05-09T19:41:41.823+0000] {processor.py:914} INFO - Processing file /home/ec2-user/environment/lab4_model_training/venv/lib64/python3.12/site-packages/airflow/example_dags/tutorial.py for tasks to queue
[2026-05-09T19:41:41.825+0000] {logging_mixin.py:190} INFO - [2026-05-09T19:41:41.825+0000] {dagbag.py:588} INFO - Filling up the DagBag from /home/ec2-user/environment/lab4_model_training/venv/lib64/python3.12/site-packages/airflow/example_dags/tutorial.py
[2026-05-09T19:41:41.832+0000] {processor.py:925} INFO - DAG(s) 'tutorial' retrieved from /home/ec2-user/environment/lab4_model_training/venv/lib64/python3.12/site-packages/airflow/example_dags/tutorial.py
[2026-05-09T19:41:41.844+0000] {logging_mixin.py:190} INFO - [2026-05-09T19:41:41.844+0000] {dag.py:3239} INFO - Sync 1 DAGs
[2026-05-09T19:41:41.860+0000] {logging_mixin.py:190} INFO - [2026-05-09T19:41:41.860+0000] {dag.py:4180} INFO - Setting next_dagrun for tutorial to 2026-05-08 00:00:00+00:00, run_after=2026-05-09 00:00:00+00:00
[2026-05-09T19:41:41.878+0000] {processor.py:208} INFO - Processing /home/ec2-user/environment/lab4_model_training/venv/lib64/python3.12/site-packages/airflow/example_dags/tutorial.py took 0.061 seconds
[2026-05-09T19:42:49.974+0000] {processor.py:186} INFO - Started process (PID=32591) to work on /home/ec2-user/environment/lab4_model_training/venv/lib64/python3.12/site-packages/airflow/example_dags/tutorial.py
[2026-05-09T19:42:49.975+0000] {processor.py:914} INFO - Processing file /home/ec2-user/environment/lab4_model_training/venv/lib64/python3.12/site-packages/airflow/example_dags/tutorial.py for tasks to queue
[2026-05-09T19:42:49.977+0000] {logging_mixin.py:190} INFO - [2026-05-09T19:42:49.977+0000] {dagbag.py:588} INFO - Filling up the DagBag from /home/ec2-user/environment/lab4_model_training/venv/lib64/python3.12/site-packages/airflow/example_dags/tutorial.py
[2026-05-09T19:42:49.983+0000] {processor.py:925} INFO - DAG(s) 'tutorial' retrieved from /home/ec2-user/environment/lab4_model_training/venv/lib64/python3.12/site-packages/airflow/example_dags/tutorial.py
[2026-05-09T19:42:49.995+0000] {logging_mixin.py:190} INFO - [2026-05-09T19:42:49.995+0000] {dag.py:3239} INFO - Sync 1 DAGs
[2026-05-09T19:42:50.011+0000] {logging_mixin.py:190} INFO - [2026-05-09T19:42:50.011+0000] {dag.py:4180} INFO - Setting next_dagrun for tutorial to 2026-05-08 00:00:00+00:00, run_after=2026-05-09 00:00:00+00:00
[2026-05-09T19:42:50.030+0000] {processor.py:208} INFO - Processing /home/ec2-user/environment/lab4_model_training/venv/lib64/python3.12/site-packages/airflow/example_dags/tutorial.py took 0.060 seconds
[2026-05-09T19:43:54.799+0000] {processor.py:186} INFO - Started process (PID=32983) to work on /home/ec2-user/environment/lab4_model_training/venv/lib64/python3.12/site-packages/airflow/example_dags/tutorial.py
[2026-05-09T19:43:54.800+0000] {processor.py:914} INFO - Processing file /home/ec2-user/environment/lab4_model_training/venv/lib64/python3.12/site-packages/airflow/example_dags/tutorial.py for tasks to queue
[2026-05-09T19:43:54.802+0000] {logging_mixin.py:190} INFO - [2026-05-09T19:43:54.801+0000] {dagbag.py:588} INFO - Filling up the DagBag from /home/ec2-user/environment/lab4_model_training/venv/lib64/python3.12/site-packages/airflow/example_dags/tutorial.py
[2026-05-09T19:43:54.808+0000] {processor.py:925} INFO - DAG(s) 'tutorial' retrieved from /home/ec2-user/environment/lab4_model_training/venv/lib64/python3.12/site-packages/airflow/example_dags/tutorial.py
[2026-05-09T19:43:54.820+0000] {logging_mixin.py:190} INFO - [2026-05-09T19:43:54.820+0000] {dag.py:3239} INFO - Sync 1 DAGs
[2026-05-09T19:43:54.835+0000] {logging_mixin.py:190} INFO - [2026-05-09T19:43:54.835+0000] {dag.py:4180} INFO - Setting next_dagrun for tutorial to 2026-05-08 00:00:00+00:00, run_after=2026-05-09 00:00:00+00:00
[2026-05-09T19:43:54.955+0000] {processor.py:208} INFO - Processing /home/ec2-user/environment/lab4_model_training/venv/lib64/python3.12/site-packages/airflow/example_dags/tutorial.py took 0.161 seconds
[2026-05-09T19:45:00.757+0000] {processor.py:186} INFO - Started process (PID=33147) to work on /home/ec2-user/environment/lab4_model_training/venv/lib64/python3.12/site-packages/airflow/example_dags/tutorial.py
[2026-05-09T19:45:00.758+0000] {processor.py:914} INFO - Processing file /home/ec2-user/environment/lab4_model_training/venv/lib64/python3.12/site-packages/airflow/example_dags/tutorial.py for tasks to queue
[2026-05-09T19:45:00.760+0000] {logging_mixin.py:190} INFO - [2026-05-09T19:45:00.760+0000] {dagbag.py:588} INFO - Filling up the DagBag from /home/ec2-user/environment/lab4_model_training/venv/lib64/python3.12/site-packages/airflow/example_dags/tutorial.py
[2026-05-09T19:45:00.767+0000] {processor.py:925} INFO - DAG(s) 'tutorial' retrieved from /home/ec2-user/environment/lab4_model_training/venv/lib64/python3.12/site-packages/airflow/example_dags/tutorial.py
[2026-05-09T19:45:00.778+0000] {logging_mixin.py:190} INFO - [2026-05-09T19:45:00.777+0000] {dag.py:3239} INFO - Sync 1 DAGs
[2026-05-09T19:45:00.792+0000] {logging_mixin.py:190} INFO - [2026-05-09T19:45:00.792+0000] {dag.py:4180} INFO - Setting next_dagrun for tutorial to 2026-05-08 00:00:00+00:00, run_after=2026-05-09 00:00:00+00:00
[2026-05-09T19:45:00.811+0000] {processor.py:208} INFO - Processing /home/ec2-user/environment/lab4_model_training/venv/lib64/python3.12/site-packages/airflow/example_dags/tutorial.py took 0.058 seconds
[2026-05-09T19:46:07.573+0000] {processor.py:186} INFO - Started process (PID=33337) to work on /home/ec2-user/environment/lab4_model_training/venv/lib64/python3.12/site-packages/airflow/example_dags/tutorial.py
[2026-05-09T19:46:07.574+0000] {processor.py:914} INFO - Processing file /home/ec2-user/environment/lab4_model_training/venv/lib64/python3.12/site-packages/airflow/example_dags/tutorial.py for tasks to queue
[2026-05-09T19:46:07.575+0000] {logging_mixin.py:190} INFO - [2026-05-09T19:46:07.575+0000] {dagbag.py:588} INFO - Filling up the DagBag from /home/ec2-user/environment/lab4_model_training/venv/lib64/python3.12/site-packages/airflow/example_dags/tutorial.py
[2026-05-09T19:46:07.582+0000] {processor.py:925} INFO - DAG(s) 'tutorial' retrieved from /home/ec2-user/environment/lab4_model_training/venv/lib64/python3.12/site-packages/airflow/example_dags/tutorial.py
[2026-05-09T19:46:07.593+0000] {logging_mixin.py:190} INFO - [2026-05-09T19:46:07.593+0000] {dag.py:3239} INFO - Sync 1 DAGs
[2026-05-09T19:46:07.608+0000] {logging_mixin.py:190} INFO - [2026-05-09T19:46:07.608+0000] {dag.py:4180} INFO - Setting next_dagrun for tutorial to 2026-05-08 00:00:00+00:00, run_after=2026-05-09 00:00:00+00:00
[2026-05-09T19:46:07.625+0000] {processor.py:208} INFO - Processing /home/ec2-user/environment/lab4_model_training/venv/lib64/python3.12/site-packages/airflow/example_dags/tutorial.py took 0.056 seconds
[2026-05-09T19:47:17.122+0000] {processor.py:186} INFO - Started process (PID=33463) to work on /home/ec2-user/environment/lab4_model_training/venv/lib64/python3.12/site-packages/airflow/example_dags/tutorial.py
[2026-05-09T19:47:17.123+0000] {processor.py:914} INFO - Processing file /home/ec2-user/environment/lab4_model_training/venv/lib64/python3.12/site-packages/airflow/example_dags/tutorial.py for tasks to queue
[2026-05-09T19:47:17.125+0000] {logging_mixin.py:190} INFO - [2026-05-09T19:47:17.125+0000] {dagbag.py:588} INFO - Filling up the DagBag from /home/ec2-user/environment/lab4_model_training/venv/lib64/python3.12/site-packages/airflow/example_dags/tutorial.py
[2026-05-09T19:47:17.131+0000] {processor.py:925} INFO - DAG(s) 'tutorial' retrieved from /home/ec2-user/environment/lab4_model_training/venv/lib64/python3.12/site-packages/airflow/example_dags/tutorial.py
[2026-05-09T19:47:17.142+0000] {logging_mixin.py:190} INFO - [2026-05-09T19:47:17.142+0000] {dag.py:3239} INFO - Sync 1 DAGs
[2026-05-09T19:47:17.158+0000] {logging_mixin.py:190} INFO - [2026-05-09T19:47:17.158+0000] {dag.py:4180} INFO - Setting next_dagrun for tutorial to 2026-05-08 00:00:00+00:00, run_after=2026-05-09 00:00:00+00:00
[2026-05-09T19:47:17.175+0000] {processor.py:208} INFO - Processing /home/ec2-user/environment/lab4_model_training/venv/lib64/python3.12/site-packages/airflow/example_dags/tutorial.py took 0.057 seconds
[2026-05-09T19:48:24.335+0000] {processor.py:186} INFO - Started process (PID=33633) to work on /home/ec2-user/environment/lab4_model_training/venv/lib64/python3.12/site-packages/airflow/example_dags/tutorial.py
[2026-05-09T19:48:24.336+0000] {processor.py:914} INFO - Processing file /home/ec2-user/environment/lab4_model_training/venv/lib64/python3.12/site-packages/airflow/example_dags/tutorial.py for tasks to queue
[2026-05-09T19:48:24.338+0000] {logging_mixin.py:190} INFO - [2026-05-09T19:48:24.337+0000] {dagbag.py:588} INFO - Filling up the DagBag from /home/ec2-user/environment/lab4_model_training/venv/lib64/python3.12/site-packages/airflow/example_dags/tutorial.py
[2026-05-09T19:48:24.344+0000] {processor.py:925} INFO - DAG(s) 'tutorial' retrieved from /home/ec2-user/environment/lab4_model_training/venv/lib64/python3.12/site-packages/airflow/example_dags/tutorial.py
[2026-05-09T19:48:24.355+0000] {logging_mixin.py:190} INFO - [2026-05-09T19:48:24.355+0000] {dag.py:3239} INFO - Sync 1 DAGs
[2026-05-09T19:48:24.472+0000] {logging_mixin.py:190} INFO - [2026-05-09T19:48:24.472+0000] {dag.py:4180} INFO - Setting next_dagrun for tutorial to 2026-05-08 00:00:00+00:00, run_after=2026-05-09 00:00:00+00:00
[2026-05-09T19:48:24.488+0000] {processor.py:208} INFO - Processing /home/ec2-user/environment/lab4_model_training/venv/lib64/python3.12/site-packages/airflow/example_dags/tutorial.py took 0.157 seconds
[2026-05-09T19:50:24.566+0000] {processor.py:186} INFO - Started process (PID=33987) to work on /home/ec2-user/environment/lab4_model_training/venv/lib64/python3.12/site-packages/airflow/example_dags/tutorial.py
[2026-05-09T19:50:24.567+0000] {processor.py:914} INFO - Processing file /home/ec2-user/environment/lab4_model_training/venv/lib64/python3.12/site-packages/airflow/example_dags/tutorial.py for tasks to queue
[2026-05-09T19:50:24.569+0000] {logging_mixin.py:190} INFO - [2026-05-09T19:50:24.569+0000] {dagbag.py:588} INFO - Filling up the DagBag from /home/ec2-user/environment/lab4_model_training/venv/lib64/python3.12/site-packages/airflow/example_dags/tutorial.py
[2026-05-09T19:50:24.575+0000] {processor.py:925} INFO - DAG(s) 'tutorial' retrieved from /home/ec2-user/environment/lab4_model_training/venv/lib64/python3.12/site-packages/airflow/example_dags/tutorial.py
[2026-05-09T19:50:24.587+0000] {logging_mixin.py:190} INFO - [2026-05-09T19:50:24.586+0000] {dag.py:3239} INFO - Sync 1 DAGs
[2026-05-09T19:50:24.602+0000] {logging_mixin.py:190} INFO - [2026-05-09T19:50:24.602+0000] {dag.py:4180} INFO - Setting next_dagrun for tutorial to 2026-05-08 00:00:00+00:00, run_after=2026-05-09 00:00:00+00:00
[2026-05-09T19:50:24.619+0000] {processor.py:208} INFO - Processing /home/ec2-user/environment/lab4_model_training/venv/lib64/python3.12/site-packages/airflow/example_dags/tutorial.py took 0.057 seconds
[2026-05-09T19:51:24.540+0000] {processor.py:186} INFO - Started process (PID=34178) to work on /home/ec2-user/environment/lab4_model_training/venv/lib64/python3.12/site-packages/airflow/example_dags/tutorial.py
[2026-05-09T19:51:24.541+0000] {processor.py:914} INFO - Processing file /home/ec2-user/environment/lab4_model_training/venv/lib64/python3.12/site-packages/airflow/example_dags/tutorial.py for tasks to queue
[2026-05-09T19:51:24.543+0000] {logging_mixin.py:190} INFO - [2026-05-09T19:51:24.542+0000] {dagbag.py:588} INFO - Filling up the DagBag from /home/ec2-user/environment/lab4_model_training/venv/lib64/python3.12/site-packages/airflow/example_dags/tutorial.py
[2026-05-09T19:51:24.549+0000] {processor.py:925} INFO - DAG(s) 'tutorial' retrieved from /home/ec2-user/environment/lab4_model_training/venv/lib64/python3.12/site-packages/airflow/example_dags/tutorial.py
[2026-05-09T19:51:24.560+0000] {logging_mixin.py:190} INFO - [2026-05-09T19:51:24.560+0000] {dag.py:3239} INFO - Sync 1 DAGs
[2026-05-09T19:51:24.576+0000] {logging_mixin.py:190} INFO - [2026-05-09T19:51:24.576+0000] {dag.py:4180} INFO - Setting next_dagrun for tutorial to 2026-05-08 00:00:00+00:00, run_after=2026-05-09 00:00:00+00:00
[2026-05-09T19:51:24.593+0000] {processor.py:208} INFO - Processing /home/ec2-user/environment/lab4_model_training/venv/lib64/python3.12/site-packages/airflow/example_dags/tutorial.py took 0.058 seconds
[2026-05-09T19:52:26.084+0000] {processor.py:186} INFO - Started process (PID=34467) to work on /home/ec2-user/environment/lab4_model_training/venv/lib64/python3.12/site-packages/airflow/example_dags/tutorial.py
[2026-05-09T19:52:26.085+0000] {processor.py:914} INFO - Processing file /home/ec2-user/environment/lab4_model_training/venv/lib64/python3.12/site-packages/airflow/example_dags/tutorial.py for tasks to queue
[2026-05-09T19:52:26.086+0000] {logging_mixin.py:190} INFO - [2026-05-09T19:52:26.086+0000] {dagbag.py:588} INFO - Filling up the DagBag from /home/ec2-user/environment/lab4_model_training/venv/lib64/python3.12/site-packages/airflow/example_dags/tutorial.py
[2026-05-09T19:52:26.092+0000] {processor.py:925} INFO - DAG(s) 'tutorial' retrieved from /home/ec2-user/environment/lab4_model_training/venv/lib64/python3.12/site-packages/airflow/example_dags/tutorial.py
[2026-05-09T19:52:26.104+0000] {logging_mixin.py:190} INFO - [2026-05-09T19:52:26.104+0000] {dag.py:3239} INFO - Sync 1 DAGs
[2026-05-09T19:52:26.119+0000] {logging_mixin.py:190} INFO - [2026-05-09T19:52:26.119+0000] {dag.py:4180} INFO - Setting next_dagrun for tutorial to 2026-05-08 00:00:00+00:00, run_after=2026-05-09 00:00:00+00:00
[2026-05-09T19:52:26.137+0000] {processor.py:208} INFO - Processing /home/ec2-user/environment/lab4_model_training/venv/lib64/python3.12/site-packages/airflow/example_dags/tutorial.py took 0.058 seconds
[2026-05-09T19:53:32.188+0000] {processor.py:186} INFO - Started process (PID=34665) to work on /home/ec2-user/environment/lab4_model_training/venv/lib64/python3.12/site-packages/airflow/example_dags/tutorial.py
[2026-05-09T19:53:32.189+0000] {processor.py:914} INFO - Processing file /home/ec2-user/environment/lab4_model_training/venv/lib64/python3.12/site-packages/airflow/example_dags/tutorial.py for tasks to queue
[2026-05-09T19:53:32.191+0000] {logging_mixin.py:190} INFO - [2026-05-09T19:53:32.191+0000] {dagbag.py:588} INFO - Filling up the DagBag from /home/ec2-user/environment/lab4_model_training/venv/lib64/python3.12/site-packages/airflow/example_dags/tutorial.py
[2026-05-09T19:53:32.197+0000] {processor.py:925} INFO - DAG(s) 'tutorial' retrieved from /home/ec2-user/environment/lab4_model_training/venv/lib64/python3.12/site-packages/airflow/example_dags/tutorial.py
[2026-05-09T19:53:32.209+0000] {logging_mixin.py:190} INFO - [2026-05-09T19:53:32.209+0000] {dag.py:3239} INFO - Sync 1 DAGs
[2026-05-09T19:53:32.224+0000] {logging_mixin.py:190} INFO - [2026-05-09T19:53:32.224+0000] {dag.py:4180} INFO - Setting next_dagrun for tutorial to 2026-05-08 00:00:00+00:00, run_after=2026-05-09 00:00:00+00:00
[2026-05-09T19:53:32.242+0000] {processor.py:208} INFO - Processing /home/ec2-user/environment/lab4_model_training/venv/lib64/python3.12/site-packages/airflow/example_dags/tutorial.py took 0.058 seconds
[2026-05-09T19:54:35.266+0000] {processor.py:186} INFO - Started process (PID=34801) to work on /home/ec2-user/environment/lab4_model_training/venv/lib64/python3.12/site-packages/airflow/example_dags/tutorial.py
[2026-05-09T19:54:35.268+0000] {processor.py:914} INFO - Processing file /home/ec2-user/environment/lab4_model_training/venv/lib64/python3.12/site-packages/airflow/example_dags/tutorial.py for tasks to queue
[2026-05-09T19:54:35.269+0000] {logging_mixin.py:190} INFO - [2026-05-09T19:54:35.269+0000] {dagbag.py:588} INFO - Filling up the DagBag from /home/ec2-user/environment/lab4_model_training/venv/lib64/python3.12/site-packages/airflow/example_dags/tutorial.py
[2026-05-09T19:54:35.276+0000] {processor.py:925} INFO - DAG(s) 'tutorial' retrieved from /home/ec2-user/environment/lab4_model_training/venv/lib64/python3.12/site-packages/airflow/example_dags/tutorial.py
[2026-05-09T19:54:35.287+0000] {logging_mixin.py:190} INFO - [2026-05-09T19:54:35.286+0000] {dag.py:3239} INFO - Sync 1 DAGs
[2026-05-09T19:54:35.302+0000] {logging_mixin.py:190} INFO - [2026-05-09T19:54:35.302+0000] {dag.py:4180} INFO - Setting next_dagrun for tutorial to 2026-05-08 00:00:00+00:00, run_after=2026-05-09 00:00:00+00:00
[2026-05-09T19:54:35.320+0000] {processor.py:208} INFO - Processing /home/ec2-user/environment/lab4_model_training/venv/lib64/python3.12/site-packages/airflow/example_dags/tutorial.py took 0.058 seconds
[2026-05-09T19:55:42.654+0000] {processor.py:186} INFO - Started process (PID=34973) to work on /home/ec2-user/environment/lab4_model_training/venv/lib64/python3.12/site-packages/airflow/example_dags/tutorial.py
[2026-05-09T19:55:42.656+0000] {processor.py:914} INFO - Processing file /home/ec2-user/environment/lab4_model_training/venv/lib64/python3.12/site-packages/airflow/example_dags/tutorial.py for tasks to queue
[2026-05-09T19:55:42.657+0000] {logging_mixin.py:190} INFO - [2026-05-09T19:55:42.657+0000] {dagbag.py:588} INFO - Filling up the DagBag from /home/ec2-user/environment/lab4_model_training/venv/lib64/python3.12/site-packages/airflow/example_dags/tutorial.py
[2026-05-09T19:55:42.664+0000] {processor.py:925} INFO - DAG(s) 'tutorial' retrieved from /home/ec2-user/environment/lab4_model_training/venv/lib64/python3.12/site-packages/airflow/example_dags/tutorial.py
[2026-05-09T19:55:42.675+0000] {logging_mixin.py:190} INFO - [2026-05-09T19:55:42.675+0000] {dag.py:3239} INFO - Sync 1 DAGs
[2026-05-09T19:55:42.690+0000] {logging_mixin.py:190} INFO - [2026-05-09T19:55:42.690+0000] {dag.py:4180} INFO - Setting next_dagrun for tutorial to 2026-05-08 00:00:00+00:00, run_after=2026-05-09 00:00:00+00:00
[2026-05-09T19:55:42.707+0000] {processor.py:208} INFO - Processing /home/ec2-user/environment/lab4_model_training/venv/lib64/python3.12/site-packages/airflow/example_dags/tutorial.py took 0.057 seconds
[2026-05-09T19:56:50.093+0000] {processor.py:186} INFO - Started process (PID=35094) to work on /home/ec2-user/environment/lab4_model_training/venv/lib64/python3.12/site-packages/airflow/example_dags/tutorial.py
[2026-05-09T19:56:50.094+0000] {processor.py:914} INFO - Processing file /home/ec2-user/environment/lab4_model_training/venv/lib64/python3.12/site-packages/airflow/example_dags/tutorial.py for tasks to queue
[2026-05-09T19:56:50.095+0000] {logging_mixin.py:190} INFO - [2026-05-09T19:56:50.095+0000] {dagbag.py:588} INFO - Filling up the DagBag from /home/ec2-user/environment/lab4_model_training/venv/lib64/python3.12/site-packages/airflow/example_dags/tutorial.py
[2026-05-09T19:56:50.102+0000] {processor.py:925} INFO - DAG(s) 'tutorial' retrieved from /home/ec2-user/environment/lab4_model_training/venv/lib64/python3.12/site-packages/airflow/example_dags/tutorial.py
[2026-05-09T19:56:50.113+0000] {logging_mixin.py:190} INFO - [2026-05-09T19:56:50.113+0000] {dag.py:3239} INFO - Sync 1 DAGs
[2026-05-09T19:56:50.129+0000] {logging_mixin.py:190} INFO - [2026-05-09T19:56:50.129+0000] {dag.py:4180} INFO - Setting next_dagrun for tutorial to 2026-05-08 00:00:00+00:00, run_after=2026-05-09 00:00:00+00:00
[2026-05-09T19:56:50.146+0000] {processor.py:208} INFO - Processing /home/ec2-user/environment/lab4_model_training/venv/lib64/python3.12/site-packages/airflow/example_dags/tutorial.py took 0.057 seconds
[2026-05-09T19:57:52.589+0000] {processor.py:186} INFO - Started process (PID=35261) to work on /home/ec2-user/environment/lab4_model_training/venv/lib64/python3.12/site-packages/airflow/example_dags/tutorial.py
[2026-05-09T19:57:52.590+0000] {processor.py:914} INFO - Processing file /home/ec2-user/environment/lab4_model_training/venv/lib64/python3.12/site-packages/airflow/example_dags/tutorial.py for tasks to queue
[2026-05-09T19:57:52.592+0000] {logging_mixin.py:190} INFO - [2026-05-09T19:57:52.591+0000] {dagbag.py:588} INFO - Filling up the DagBag from /home/ec2-user/environment/lab4_model_training/venv/lib64/python3.12/site-packages/airflow/example_dags/tutorial.py
[2026-05-09T19:57:52.598+0000] {processor.py:925} INFO - DAG(s) 'tutorial' retrieved from /home/ec2-user/environment/lab4_model_training/venv/lib64/python3.12/site-packages/airflow/example_dags/tutorial.py
[2026-05-09T19:57:52.609+0000] {logging_mixin.py:190} INFO - [2026-05-09T19:57:52.609+0000] {dag.py:3239} INFO - Sync 1 DAGs
[2026-05-09T19:57:52.624+0000] {logging_mixin.py:190} INFO - [2026-05-09T19:57:52.624+0000] {dag.py:4180} INFO - Setting next_dagrun for tutorial to 2026-05-08 00:00:00+00:00, run_after=2026-05-09 00:00:00+00:00
[2026-05-09T19:57:52.641+0000] {processor.py:208} INFO - Processing /home/ec2-user/environment/lab4_model_training/venv/lib64/python3.12/site-packages/airflow/example_dags/tutorial.py took 0.057 seconds
[2026-05-09T19:58:56.443+0000] {processor.py:186} INFO - Started process (PID=35410) to work on /home/ec2-user/environment/lab4_model_training/venv/lib64/python3.12/site-packages/airflow/example_dags/tutorial.py
[2026-05-09T19:58:56.444+0000] {processor.py:914} INFO - Processing file /home/ec2-user/environment/lab4_model_training/venv/lib64/python3.12/site-packages/airflow/example_dags/tutorial.py for tasks to queue
[2026-05-09T19:58:56.446+0000] {logging_mixin.py:190} INFO - [2026-05-09T19:58:56.445+0000] {dagbag.py:588} INFO - Filling up the DagBag from /home/ec2-user/environment/lab4_model_training/venv/lib64/python3.12/site-packages/airflow/example_dags/tutorial.py
[2026-05-09T19:58:56.452+0000] {processor.py:925} INFO - DAG(s) 'tutorial' retrieved from /home/ec2-user/environment/lab4_model_training/venv/lib64/python3.12/site-packages/airflow/example_dags/tutorial.py
[2026-05-09T19:58:56.464+0000] {logging_mixin.py:190} INFO - [2026-05-09T19:58:56.463+0000] {dag.py:3239} INFO - Sync 1 DAGs
[2026-05-09T19:58:56.479+0000] {logging_mixin.py:190} INFO - [2026-05-09T19:58:56.479+0000] {dag.py:4180} INFO - Setting next_dagrun for tutorial to 2026-05-08 00:00:00+00:00, run_after=2026-05-09 00:00:00+00:00
[2026-05-09T19:58:56.497+0000] {processor.py:208} INFO - Processing /home/ec2-user/environment/lab4_model_training/venv/lib64/python3.12/site-packages/airflow/example_dags/tutorial.py took 0.059 seconds
