[2026-03-28T21:33:10.965+0000] {local_task_job_runner.py:123} INFO - ::group::Pre task execution logs
[2026-03-28T21:33:10.975+0000] {taskinstance.py:2614} INFO - Dependencies all met for dep_context=non-requeueable deps ti=<TaskInstance: ml_training_pipeline_v2.train_model manual__2026-03-28T21:33:03.758402+00:00 [queued]>
[2026-03-28T21:33:10.980+0000] {taskinstance.py:2614} INFO - Dependencies all met for dep_context=requeueable deps ti=<TaskInstance: ml_training_pipeline_v2.train_model manual__2026-03-28T21:33:03.758402+00:00 [queued]>
[2026-03-28T21:33:10.980+0000] {taskinstance.py:2867} INFO - Starting attempt 1 of 2
[2026-03-28T21:33:10.992+0000] {taskinstance.py:2890} INFO - Executing <Task(PythonOperator): train_model> on 2026-03-28 21:33:03.758402+00:00
[2026-03-28T21:33:10.996+0000] {standard_task_runner.py:72} INFO - Started process 24057 to run task
[2026-03-28T21:33:10.998+0000] {standard_task_runner.py:104} INFO - Running: ['airflow', 'tasks', 'run', 'ml_training_pipeline_v2', 'train_model', 'manual__2026-03-28T21:33:03.758402+00:00', '--job-id', '8', '--raw', '--subdir', 'DAGS_FOLDER/ml_pipeline_dag.py', '--cfg-path', '/tmp/tmpvicmdnaz']
[2026-03-28T21:33:10.999+0000] {standard_task_runner.py:105} INFO - Job 8: Subtask train_model
[2026-03-28T21:33:11.029+0000] {task_command.py:467} INFO - Running <TaskInstance: ml_training_pipeline_v2.train_model manual__2026-03-28T21:33:03.758402+00:00 [running]> on host ip-172-31-28-134.ec2.internal
[2026-03-28T21:33:11.073+0000] {taskinstance.py:3134} INFO - Exporting env vars: AIRFLOW_CTX_DAG_OWNER='airflow' AIRFLOW_CTX_DAG_ID='ml_training_pipeline_v2' AIRFLOW_CTX_TASK_ID='train_model' AIRFLOW_CTX_EXECUTION_DATE='2026-03-28T21:33:03.758402+00:00' AIRFLOW_CTX_TRY_NUMBER='1' AIRFLOW_CTX_DAG_RUN_ID='manual__2026-03-28T21:33:03.758402+00:00'
[2026-03-28T21:33:11.074+0000] {logging_mixin.py:190} INFO - Task instance is in running state
[2026-03-28T21:33:11.075+0000] {logging_mixin.py:190} INFO -  Previous state of the Task instance: queued
[2026-03-28T21:33:11.075+0000] {logging_mixin.py:190} INFO - Current task name:train_model state:running start_date:2026-03-28 21:33:10.975861+00:00
[2026-03-28T21:33:11.075+0000] {logging_mixin.py:190} INFO - Dag name:ml_training_pipeline_v2 and current dag run status:running
[2026-03-28T21:33:11.075+0000] {taskinstance.py:732} INFO - ::endgroup::
[2026-03-28T21:33:16.349+0000] {logging_mixin.py:190} WARNING - /home/ec2-user/environment/lab4_model_training/venv/lib64/python3.12/site-packages/sklearn/linear_model/_logistic.py:406 ConvergenceWarning: lbfgs failed to converge after 200 iteration(s) (status=1):
STOP: TOTAL NO. OF ITERATIONS REACHED LIMIT

Increase the number of iterations to improve the convergence (max_iter=200).
You might also want to scale the data as shown in:
    https://scikit-learn.org/stable/modules/preprocessing.html
Please also refer to the documentation for alternative solver options:
    https://scikit-learn.org/stable/modules/linear_model.html#logistic-regression
[2026-03-28T21:33:16.354+0000] {logging_mixin.py:190} INFO - [ml_pipeline.model] Model accuracy: 0.9561
[2026-03-28T21:33:16.370+0000] {logging_mixin.py:190} INFO - [ml_pipeline.model] Saved model to models/cancer_model.pkl
[2026-03-28T21:33:16.371+0000] {python.py:240} INFO - Done. Returned value was: 0.956140350877193
[2026-03-28T21:33:16.407+0000] {taskinstance.py:341} INFO - ::group::Post task execution logs
[2026-03-28T21:33:16.408+0000] {taskinstance.py:353} INFO - Marking task as SUCCESS. dag_id=ml_training_pipeline_v2, task_id=train_model, run_id=manual__2026-03-28T21:33:03.758402+00:00, execution_date=20260328T213303, start_date=20260328T213310, end_date=20260328T213316
[2026-03-28T21:33:16.428+0000] {logging_mixin.py:190} INFO - Task instance in success state
[2026-03-28T21:33:16.429+0000] {logging_mixin.py:190} INFO -  Previous state of the Task instance: running
[2026-03-28T21:33:16.429+0000] {logging_mixin.py:190} INFO - Dag name:ml_training_pipeline_v2 queued_at:2026-03-28 21:33:03.764775+00:00
[2026-03-28T21:33:16.429+0000] {logging_mixin.py:190} INFO - Task hostname:ip-172-31-28-134.ec2.internal operator:PythonOperator
[2026-03-28T21:33:16.458+0000] {local_task_job_runner.py:266} INFO - Task exited with return code 0
[2026-03-28T21:33:16.472+0000] {taskinstance.py:3901} INFO - 1 downstream tasks scheduled from follow-on schedule check
[2026-03-28T21:33:16.477+0000] {local_task_job_runner.py:245} INFO - ::endgroup::
