[2026-03-12T00:40:45.225+0000] {processor.py:186} INFO - Started process (PID=4638) to work on /home/ec2-user/environment/lab4_model_training/venv/lib64/python3.12/site-packages/airflow/example_dags/plugins/event_listener.py
[2026-03-12T00:40:45.226+0000] {processor.py:914} INFO - Processing file /home/ec2-user/environment/lab4_model_training/venv/lib64/python3.12/site-packages/airflow/example_dags/plugins/event_listener.py for tasks to queue
[2026-03-12T00:40:45.227+0000] {logging_mixin.py:190} INFO - [2026-03-12T00:40:45.227+0000] {dagbag.py:588} INFO - Filling up the DagBag from /home/ec2-user/environment/lab4_model_training/venv/lib64/python3.12/site-packages/airflow/example_dags/plugins/event_listener.py
[2026-03-12T00:40:45.229+0000] {processor.py:927} WARNING - No viable dags retrieved from /home/ec2-user/environment/lab4_model_training/venv/lib64/python3.12/site-packages/airflow/example_dags/plugins/event_listener.py
[2026-03-12T00:40:45.237+0000] {processor.py:208} INFO - Processing /home/ec2-user/environment/lab4_model_training/venv/lib64/python3.12/site-packages/airflow/example_dags/plugins/event_listener.py took 0.016 seconds
[2026-03-12T00:41:48.668+0000] {processor.py:186} INFO - Started process (PID=4750) to work on /home/ec2-user/environment/lab4_model_training/venv/lib64/python3.12/site-packages/airflow/example_dags/plugins/event_listener.py
[2026-03-12T00:41:48.669+0000] {processor.py:914} INFO - Processing file /home/ec2-user/environment/lab4_model_training/venv/lib64/python3.12/site-packages/airflow/example_dags/plugins/event_listener.py for tasks to queue
[2026-03-12T00:41:48.671+0000] {logging_mixin.py:190} INFO - [2026-03-12T00:41:48.670+0000] {dagbag.py:588} INFO - Filling up the DagBag from /home/ec2-user/environment/lab4_model_training/venv/lib64/python3.12/site-packages/airflow/example_dags/plugins/event_listener.py
[2026-03-12T00:41:48.672+0000] {processor.py:927} WARNING - No viable dags retrieved from /home/ec2-user/environment/lab4_model_training/venv/lib64/python3.12/site-packages/airflow/example_dags/plugins/event_listener.py
[2026-03-12T00:41:48.680+0000] {processor.py:208} INFO - Processing /home/ec2-user/environment/lab4_model_training/venv/lib64/python3.12/site-packages/airflow/example_dags/plugins/event_listener.py took 0.016 seconds
[2026-03-12T00:42:49.001+0000] {processor.py:186} INFO - Started process (PID=4899) to work on /home/ec2-user/environment/lab4_model_training/venv/lib64/python3.12/site-packages/airflow/example_dags/plugins/event_listener.py
[2026-03-12T00:42:49.002+0000] {processor.py:914} INFO - Processing file /home/ec2-user/environment/lab4_model_training/venv/lib64/python3.12/site-packages/airflow/example_dags/plugins/event_listener.py for tasks to queue
[2026-03-12T00:42:49.004+0000] {logging_mixin.py:190} INFO - [2026-03-12T00:42:49.003+0000] {dagbag.py:588} INFO - Filling up the DagBag from /home/ec2-user/environment/lab4_model_training/venv/lib64/python3.12/site-packages/airflow/example_dags/plugins/event_listener.py
[2026-03-12T00:42:49.005+0000] {processor.py:927} WARNING - No viable dags retrieved from /home/ec2-user/environment/lab4_model_training/venv/lib64/python3.12/site-packages/airflow/example_dags/plugins/event_listener.py
[2026-03-12T00:42:49.014+0000] {processor.py:208} INFO - Processing /home/ec2-user/environment/lab4_model_training/venv/lib64/python3.12/site-packages/airflow/example_dags/plugins/event_listener.py took 0.018 seconds
[2026-03-12T00:43:46.371+0000] {processor.py:186} INFO - Started process (PID=4979) to work on /home/ec2-user/environment/lab4_model_training/venv/lib64/python3.12/site-packages/airflow/example_dags/plugins/event_listener.py
[2026-03-12T00:43:46.372+0000] {processor.py:914} INFO - Processing file /home/ec2-user/environment/lab4_model_training/venv/lib64/python3.12/site-packages/airflow/example_dags/plugins/event_listener.py for tasks to queue
[2026-03-12T00:43:46.373+0000] {logging_mixin.py:190} INFO - [2026-03-12T00:43:46.373+0000] {dagbag.py:588} INFO - Filling up the DagBag from /home/ec2-user/environment/lab4_model_training/venv/lib64/python3.12/site-packages/airflow/example_dags/plugins/event_listener.py
[2026-03-12T00:43:46.375+0000] {processor.py:927} WARNING - No viable dags retrieved from /home/ec2-user/environment/lab4_model_training/venv/lib64/python3.12/site-packages/airflow/example_dags/plugins/event_listener.py
[2026-03-12T00:43:46.384+0000] {processor.py:208} INFO - Processing /home/ec2-user/environment/lab4_model_training/venv/lib64/python3.12/site-packages/airflow/example_dags/plugins/event_listener.py took 0.017 seconds
[2026-03-12T00:44:47.939+0000] {processor.py:186} INFO - Started process (PID=5142) to work on /home/ec2-user/environment/lab4_model_training/venv/lib64/python3.12/site-packages/airflow/example_dags/plugins/event_listener.py
[2026-03-12T00:44:47.941+0000] {processor.py:914} INFO - Processing file /home/ec2-user/environment/lab4_model_training/venv/lib64/python3.12/site-packages/airflow/example_dags/plugins/event_listener.py for tasks to queue
[2026-03-12T00:44:47.942+0000] {logging_mixin.py:190} INFO - [2026-03-12T00:44:47.942+0000] {dagbag.py:588} INFO - Filling up the DagBag from /home/ec2-user/environment/lab4_model_training/venv/lib64/python3.12/site-packages/airflow/example_dags/plugins/event_listener.py
[2026-03-12T00:44:47.944+0000] {processor.py:927} WARNING - No viable dags retrieved from /home/ec2-user/environment/lab4_model_training/venv/lib64/python3.12/site-packages/airflow/example_dags/plugins/event_listener.py
[2026-03-12T00:44:47.952+0000] {processor.py:208} INFO - Processing /home/ec2-user/environment/lab4_model_training/venv/lib64/python3.12/site-packages/airflow/example_dags/plugins/event_listener.py took 0.017 seconds
[2026-03-12T00:45:50.413+0000] {processor.py:186} INFO - Started process (PID=5273) to work on /home/ec2-user/environment/lab4_model_training/venv/lib64/python3.12/site-packages/airflow/example_dags/plugins/event_listener.py
[2026-03-12T00:45:50.414+0000] {processor.py:914} INFO - Processing file /home/ec2-user/environment/lab4_model_training/venv/lib64/python3.12/site-packages/airflow/example_dags/plugins/event_listener.py for tasks to queue
[2026-03-12T00:45:50.416+0000] {logging_mixin.py:190} INFO - [2026-03-12T00:45:50.416+0000] {dagbag.py:588} INFO - Filling up the DagBag from /home/ec2-user/environment/lab4_model_training/venv/lib64/python3.12/site-packages/airflow/example_dags/plugins/event_listener.py
[2026-03-12T00:45:50.418+0000] {processor.py:927} WARNING - No viable dags retrieved from /home/ec2-user/environment/lab4_model_training/venv/lib64/python3.12/site-packages/airflow/example_dags/plugins/event_listener.py
[2026-03-12T00:45:50.426+0000] {processor.py:208} INFO - Processing /home/ec2-user/environment/lab4_model_training/venv/lib64/python3.12/site-packages/airflow/example_dags/plugins/event_listener.py took 0.017 seconds
[2026-03-12T00:46:47.891+0000] {processor.py:186} INFO - Started process (PID=5357) to work on /home/ec2-user/environment/lab4_model_training/venv/lib64/python3.12/site-packages/airflow/example_dags/plugins/event_listener.py
[2026-03-12T00:46:47.893+0000] {processor.py:914} INFO - Processing file /home/ec2-user/environment/lab4_model_training/venv/lib64/python3.12/site-packages/airflow/example_dags/plugins/event_listener.py for tasks to queue
[2026-03-12T00:46:47.894+0000] {logging_mixin.py:190} INFO - [2026-03-12T00:46:47.894+0000] {dagbag.py:588} INFO - Filling up the DagBag from /home/ec2-user/environment/lab4_model_training/venv/lib64/python3.12/site-packages/airflow/example_dags/plugins/event_listener.py
[2026-03-12T00:46:47.896+0000] {processor.py:927} WARNING - No viable dags retrieved from /home/ec2-user/environment/lab4_model_training/venv/lib64/python3.12/site-packages/airflow/example_dags/plugins/event_listener.py
[2026-03-12T00:46:47.904+0000] {processor.py:208} INFO - Processing /home/ec2-user/environment/lab4_model_training/venv/lib64/python3.12/site-packages/airflow/example_dags/plugins/event_listener.py took 0.017 seconds
[2026-03-12T00:47:47.297+0000] {processor.py:186} INFO - Started process (PID=5489) to work on /home/ec2-user/environment/lab4_model_training/venv/lib64/python3.12/site-packages/airflow/example_dags/plugins/event_listener.py
[2026-03-12T00:47:47.298+0000] {processor.py:914} INFO - Processing file /home/ec2-user/environment/lab4_model_training/venv/lib64/python3.12/site-packages/airflow/example_dags/plugins/event_listener.py for tasks to queue
[2026-03-12T00:47:47.300+0000] {logging_mixin.py:190} INFO - [2026-03-12T00:47:47.299+0000] {dagbag.py:588} INFO - Filling up the DagBag from /home/ec2-user/environment/lab4_model_training/venv/lib64/python3.12/site-packages/airflow/example_dags/plugins/event_listener.py
[2026-03-12T00:47:47.301+0000] {processor.py:927} WARNING - No viable dags retrieved from /home/ec2-user/environment/lab4_model_training/venv/lib64/python3.12/site-packages/airflow/example_dags/plugins/event_listener.py
[2026-03-12T00:47:47.310+0000] {processor.py:208} INFO - Processing /home/ec2-user/environment/lab4_model_training/venv/lib64/python3.12/site-packages/airflow/example_dags/plugins/event_listener.py took 0.017 seconds
[2026-03-12T00:49:03.874+0000] {processor.py:186} INFO - Started process (PID=5634) to work on /home/ec2-user/environment/lab4_model_training/venv/lib64/python3.12/site-packages/airflow/example_dags/plugins/event_listener.py
[2026-03-12T00:49:03.875+0000] {processor.py:914} INFO - Processing file /home/ec2-user/environment/lab4_model_training/venv/lib64/python3.12/site-packages/airflow/example_dags/plugins/event_listener.py for tasks to queue
[2026-03-12T00:49:03.877+0000] {logging_mixin.py:190} INFO - [2026-03-12T00:49:03.877+0000] {dagbag.py:588} INFO - Filling up the DagBag from /home/ec2-user/environment/lab4_model_training/venv/lib64/python3.12/site-packages/airflow/example_dags/plugins/event_listener.py
[2026-03-12T00:49:03.879+0000] {processor.py:927} WARNING - No viable dags retrieved from /home/ec2-user/environment/lab4_model_training/venv/lib64/python3.12/site-packages/airflow/example_dags/plugins/event_listener.py
[2026-03-12T00:49:03.887+0000] {processor.py:208} INFO - Processing /home/ec2-user/environment/lab4_model_training/venv/lib64/python3.12/site-packages/airflow/example_dags/plugins/event_listener.py took 0.017 seconds
[2026-03-12T00:50:02.360+0000] {processor.py:186} INFO - Started process (PID=5767) to work on /home/ec2-user/environment/lab4_model_training/venv/lib64/python3.12/site-packages/airflow/example_dags/plugins/event_listener.py
[2026-03-12T00:50:02.361+0000] {processor.py:914} INFO - Processing file /home/ec2-user/environment/lab4_model_training/venv/lib64/python3.12/site-packages/airflow/example_dags/plugins/event_listener.py for tasks to queue
[2026-03-12T00:50:02.363+0000] {logging_mixin.py:190} INFO - [2026-03-12T00:50:02.363+0000] {dagbag.py:588} INFO - Filling up the DagBag from /home/ec2-user/environment/lab4_model_training/venv/lib64/python3.12/site-packages/airflow/example_dags/plugins/event_listener.py
[2026-03-12T00:50:02.365+0000] {processor.py:927} WARNING - No viable dags retrieved from /home/ec2-user/environment/lab4_model_training/venv/lib64/python3.12/site-packages/airflow/example_dags/plugins/event_listener.py
[2026-03-12T00:50:02.373+0000] {processor.py:208} INFO - Processing /home/ec2-user/environment/lab4_model_training/venv/lib64/python3.12/site-packages/airflow/example_dags/plugins/event_listener.py took 0.017 seconds
[2026-03-12T00:51:00.060+0000] {processor.py:186} INFO - Started process (PID=5957) to work on /home/ec2-user/environment/lab4_model_training/venv/lib64/python3.12/site-packages/airflow/example_dags/plugins/event_listener.py
[2026-03-12T00:51:00.062+0000] {processor.py:914} INFO - Processing file /home/ec2-user/environment/lab4_model_training/venv/lib64/python3.12/site-packages/airflow/example_dags/plugins/event_listener.py for tasks to queue
[2026-03-12T00:51:00.063+0000] {logging_mixin.py:190} INFO - [2026-03-12T00:51:00.063+0000] {dagbag.py:588} INFO - Filling up the DagBag from /home/ec2-user/environment/lab4_model_training/venv/lib64/python3.12/site-packages/airflow/example_dags/plugins/event_listener.py
[2026-03-12T00:51:00.065+0000] {processor.py:927} WARNING - No viable dags retrieved from /home/ec2-user/environment/lab4_model_training/venv/lib64/python3.12/site-packages/airflow/example_dags/plugins/event_listener.py
[2026-03-12T00:51:00.073+0000] {processor.py:208} INFO - Processing /home/ec2-user/environment/lab4_model_training/venv/lib64/python3.12/site-packages/airflow/example_dags/plugins/event_listener.py took 0.017 seconds
[2026-03-12T00:51:59.741+0000] {processor.py:186} INFO - Started process (PID=6206) to work on /home/ec2-user/environment/lab4_model_training/venv/lib64/python3.12/site-packages/airflow/example_dags/plugins/event_listener.py
[2026-03-12T00:51:59.742+0000] {processor.py:914} INFO - Processing file /home/ec2-user/environment/lab4_model_training/venv/lib64/python3.12/site-packages/airflow/example_dags/plugins/event_listener.py for tasks to queue
[2026-03-12T00:51:59.744+0000] {logging_mixin.py:190} INFO - [2026-03-12T00:51:59.743+0000] {dagbag.py:588} INFO - Filling up the DagBag from /home/ec2-user/environment/lab4_model_training/venv/lib64/python3.12/site-packages/airflow/example_dags/plugins/event_listener.py
[2026-03-12T00:51:59.745+0000] {processor.py:927} WARNING - No viable dags retrieved from /home/ec2-user/environment/lab4_model_training/venv/lib64/python3.12/site-packages/airflow/example_dags/plugins/event_listener.py
[2026-03-12T00:51:59.754+0000] {processor.py:208} INFO - Processing /home/ec2-user/environment/lab4_model_training/venv/lib64/python3.12/site-packages/airflow/example_dags/plugins/event_listener.py took 0.017 seconds
[2026-03-12T00:52:58.916+0000] {processor.py:186} INFO - Started process (PID=6370) to work on /home/ec2-user/environment/lab4_model_training/venv/lib64/python3.12/site-packages/airflow/example_dags/plugins/event_listener.py
[2026-03-12T00:52:58.917+0000] {processor.py:914} INFO - Processing file /home/ec2-user/environment/lab4_model_training/venv/lib64/python3.12/site-packages/airflow/example_dags/plugins/event_listener.py for tasks to queue
[2026-03-12T00:52:58.918+0000] {logging_mixin.py:190} INFO - [2026-03-12T00:52:58.918+0000] {dagbag.py:588} INFO - Filling up the DagBag from /home/ec2-user/environment/lab4_model_training/venv/lib64/python3.12/site-packages/airflow/example_dags/plugins/event_listener.py
[2026-03-12T00:52:58.920+0000] {processor.py:927} WARNING - No viable dags retrieved from /home/ec2-user/environment/lab4_model_training/venv/lib64/python3.12/site-packages/airflow/example_dags/plugins/event_listener.py
[2026-03-12T00:52:58.928+0000] {processor.py:208} INFO - Processing /home/ec2-user/environment/lab4_model_training/venv/lib64/python3.12/site-packages/airflow/example_dags/plugins/event_listener.py took 0.017 seconds
[2026-03-12T00:54:02.849+0000] {processor.py:186} INFO - Started process (PID=6605) to work on /home/ec2-user/environment/lab4_model_training/venv/lib64/python3.12/site-packages/airflow/example_dags/plugins/event_listener.py
[2026-03-12T00:54:02.851+0000] {processor.py:914} INFO - Processing file /home/ec2-user/environment/lab4_model_training/venv/lib64/python3.12/site-packages/airflow/example_dags/plugins/event_listener.py for tasks to queue
[2026-03-12T00:54:02.852+0000] {logging_mixin.py:190} INFO - [2026-03-12T00:54:02.852+0000] {dagbag.py:588} INFO - Filling up the DagBag from /home/ec2-user/environment/lab4_model_training/venv/lib64/python3.12/site-packages/airflow/example_dags/plugins/event_listener.py
[2026-03-12T00:54:02.854+0000] {processor.py:927} WARNING - No viable dags retrieved from /home/ec2-user/environment/lab4_model_training/venv/lib64/python3.12/site-packages/airflow/example_dags/plugins/event_listener.py
[2026-03-12T00:54:02.862+0000] {processor.py:208} INFO - Processing /home/ec2-user/environment/lab4_model_training/venv/lib64/python3.12/site-packages/airflow/example_dags/plugins/event_listener.py took 0.017 seconds
[2026-03-12T00:55:03.111+0000] {processor.py:186} INFO - Started process (PID=6814) to work on /home/ec2-user/environment/lab4_model_training/venv/lib64/python3.12/site-packages/airflow/example_dags/plugins/event_listener.py
[2026-03-12T00:55:03.112+0000] {processor.py:914} INFO - Processing file /home/ec2-user/environment/lab4_model_training/venv/lib64/python3.12/site-packages/airflow/example_dags/plugins/event_listener.py for tasks to queue
[2026-03-12T00:55:03.114+0000] {logging_mixin.py:190} INFO - [2026-03-12T00:55:03.114+0000] {dagbag.py:588} INFO - Filling up the DagBag from /home/ec2-user/environment/lab4_model_training/venv/lib64/python3.12/site-packages/airflow/example_dags/plugins/event_listener.py
[2026-03-12T00:55:03.116+0000] {processor.py:927} WARNING - No viable dags retrieved from /home/ec2-user/environment/lab4_model_training/venv/lib64/python3.12/site-packages/airflow/example_dags/plugins/event_listener.py
[2026-03-12T00:55:03.124+0000] {processor.py:208} INFO - Processing /home/ec2-user/environment/lab4_model_training/venv/lib64/python3.12/site-packages/airflow/example_dags/plugins/event_listener.py took 0.017 seconds
[2026-03-12T00:56:02.785+0000] {processor.py:186} INFO - Started process (PID=6928) to work on /home/ec2-user/environment/lab4_model_training/venv/lib64/python3.12/site-packages/airflow/example_dags/plugins/event_listener.py
[2026-03-12T00:56:02.786+0000] {processor.py:914} INFO - Processing file /home/ec2-user/environment/lab4_model_training/venv/lib64/python3.12/site-packages/airflow/example_dags/plugins/event_listener.py for tasks to queue
[2026-03-12T00:56:02.788+0000] {logging_mixin.py:190} INFO - [2026-03-12T00:56:02.788+0000] {dagbag.py:588} INFO - Filling up the DagBag from /home/ec2-user/environment/lab4_model_training/venv/lib64/python3.12/site-packages/airflow/example_dags/plugins/event_listener.py
[2026-03-12T00:56:02.790+0000] {processor.py:927} WARNING - No viable dags retrieved from /home/ec2-user/environment/lab4_model_training/venv/lib64/python3.12/site-packages/airflow/example_dags/plugins/event_listener.py
[2026-03-12T00:56:02.797+0000] {processor.py:208} INFO - Processing /home/ec2-user/environment/lab4_model_training/venv/lib64/python3.12/site-packages/airflow/example_dags/plugins/event_listener.py took 0.017 seconds
[2026-03-12T00:57:00.079+0000] {processor.py:186} INFO - Started process (PID=7093) to work on /home/ec2-user/environment/lab4_model_training/venv/lib64/python3.12/site-packages/airflow/example_dags/plugins/event_listener.py
[2026-03-12T00:57:00.081+0000] {processor.py:914} INFO - Processing file /home/ec2-user/environment/lab4_model_training/venv/lib64/python3.12/site-packages/airflow/example_dags/plugins/event_listener.py for tasks to queue
[2026-03-12T00:57:00.082+0000] {logging_mixin.py:190} INFO - [2026-03-12T00:57:00.082+0000] {dagbag.py:588} INFO - Filling up the DagBag from /home/ec2-user/environment/lab4_model_training/venv/lib64/python3.12/site-packages/airflow/example_dags/plugins/event_listener.py
[2026-03-12T00:57:00.084+0000] {processor.py:927} WARNING - No viable dags retrieved from /home/ec2-user/environment/lab4_model_training/venv/lib64/python3.12/site-packages/airflow/example_dags/plugins/event_listener.py
[2026-03-12T00:57:00.092+0000] {processor.py:208} INFO - Processing /home/ec2-user/environment/lab4_model_training/venv/lib64/python3.12/site-packages/airflow/example_dags/plugins/event_listener.py took 0.017 seconds
[2026-03-12T00:57:58.604+0000] {processor.py:186} INFO - Started process (PID=7219) to work on /home/ec2-user/environment/lab4_model_training/venv/lib64/python3.12/site-packages/airflow/example_dags/plugins/event_listener.py
[2026-03-12T00:57:58.606+0000] {processor.py:914} INFO - Processing file /home/ec2-user/environment/lab4_model_training/venv/lib64/python3.12/site-packages/airflow/example_dags/plugins/event_listener.py for tasks to queue
[2026-03-12T00:57:58.608+0000] {logging_mixin.py:190} INFO - [2026-03-12T00:57:58.607+0000] {dagbag.py:588} INFO - Filling up the DagBag from /home/ec2-user/environment/lab4_model_training/venv/lib64/python3.12/site-packages/airflow/example_dags/plugins/event_listener.py
[2026-03-12T00:57:58.610+0000] {processor.py:927} WARNING - No viable dags retrieved from /home/ec2-user/environment/lab4_model_training/venv/lib64/python3.12/site-packages/airflow/example_dags/plugins/event_listener.py
[2026-03-12T00:57:58.618+0000] {processor.py:208} INFO - Processing /home/ec2-user/environment/lab4_model_training/venv/lib64/python3.12/site-packages/airflow/example_dags/plugins/event_listener.py took 0.018 seconds
[2026-03-12T00:58:56.064+0000] {processor.py:186} INFO - Started process (PID=7403) to work on /home/ec2-user/environment/lab4_model_training/venv/lib64/python3.12/site-packages/airflow/example_dags/plugins/event_listener.py
[2026-03-12T00:58:56.065+0000] {processor.py:914} INFO - Processing file /home/ec2-user/environment/lab4_model_training/venv/lib64/python3.12/site-packages/airflow/example_dags/plugins/event_listener.py for tasks to queue
[2026-03-12T00:58:56.067+0000] {logging_mixin.py:190} INFO - [2026-03-12T00:58:56.066+0000] {dagbag.py:588} INFO - Filling up the DagBag from /home/ec2-user/environment/lab4_model_training/venv/lib64/python3.12/site-packages/airflow/example_dags/plugins/event_listener.py
[2026-03-12T00:58:56.068+0000] {processor.py:927} WARNING - No viable dags retrieved from /home/ec2-user/environment/lab4_model_training/venv/lib64/python3.12/site-packages/airflow/example_dags/plugins/event_listener.py
[2026-03-12T00:58:56.076+0000] {processor.py:208} INFO - Processing /home/ec2-user/environment/lab4_model_training/venv/lib64/python3.12/site-packages/airflow/example_dags/plugins/event_listener.py took 0.017 seconds
