[2026-05-04T00:20:39.979+0000] {processor.py:186} INFO - Started process (PID=12862) to work on /home/ec2-user/environment/lab4_model_training/venv/lib64/python3.12/site-packages/airflow/example_dags/example_skip_dag.py
[2026-05-04T00:20:39.980+0000] {processor.py:914} INFO - Processing file /home/ec2-user/environment/lab4_model_training/venv/lib64/python3.12/site-packages/airflow/example_dags/example_skip_dag.py for tasks to queue
[2026-05-04T00:20:39.982+0000] {logging_mixin.py:190} INFO - [2026-05-04T00:20:39.982+0000] {dagbag.py:588} INFO - Filling up the DagBag from /home/ec2-user/environment/lab4_model_training/venv/lib64/python3.12/site-packages/airflow/example_dags/example_skip_dag.py
[2026-05-04T00:20:39.990+0000] {processor.py:925} INFO - DAG(s) 'example_skip_dag' retrieved from /home/ec2-user/environment/lab4_model_training/venv/lib64/python3.12/site-packages/airflow/example_dags/example_skip_dag.py
[2026-05-04T00:20:40.007+0000] {logging_mixin.py:190} INFO - [2026-05-04T00:20:40.007+0000] {dag.py:3239} INFO - Sync 1 DAGs
[2026-05-04T00:20:40.024+0000] {logging_mixin.py:190} INFO - [2026-05-04T00:20:40.024+0000] {dag.py:4180} INFO - Setting next_dagrun for example_skip_dag to 2026-05-03 00:00:00+00:00, run_after=2026-05-04 00:00:00+00:00
[2026-05-04T00:20:40.042+0000] {processor.py:208} INFO - Processing /home/ec2-user/environment/lab4_model_training/venv/lib64/python3.12/site-packages/airflow/example_dags/example_skip_dag.py took 0.068 seconds
[2026-05-04T00:22:02.078+0000] {processor.py:186} INFO - Started process (PID=13498) to work on /home/ec2-user/environment/lab4_model_training/venv/lib64/python3.12/site-packages/airflow/example_dags/example_skip_dag.py
[2026-05-04T00:22:02.079+0000] {processor.py:914} INFO - Processing file /home/ec2-user/environment/lab4_model_training/venv/lib64/python3.12/site-packages/airflow/example_dags/example_skip_dag.py for tasks to queue
[2026-05-04T00:22:02.081+0000] {logging_mixin.py:190} INFO - [2026-05-04T00:22:02.080+0000] {dagbag.py:588} INFO - Filling up the DagBag from /home/ec2-user/environment/lab4_model_training/venv/lib64/python3.12/site-packages/airflow/example_dags/example_skip_dag.py
[2026-05-04T00:22:02.089+0000] {processor.py:925} INFO - DAG(s) 'example_skip_dag' retrieved from /home/ec2-user/environment/lab4_model_training/venv/lib64/python3.12/site-packages/airflow/example_dags/example_skip_dag.py
[2026-05-04T00:22:02.104+0000] {logging_mixin.py:190} INFO - [2026-05-04T00:22:02.104+0000] {dag.py:3239} INFO - Sync 1 DAGs
[2026-05-04T00:22:02.122+0000] {logging_mixin.py:190} INFO - [2026-05-04T00:22:02.122+0000] {dag.py:4180} INFO - Setting next_dagrun for example_skip_dag to 2026-05-03 00:00:00+00:00, run_after=2026-05-04 00:00:00+00:00
[2026-05-04T00:22:02.141+0000] {processor.py:208} INFO - Processing /home/ec2-user/environment/lab4_model_training/venv/lib64/python3.12/site-packages/airflow/example_dags/example_skip_dag.py took 0.068 seconds
[2026-05-04T00:23:16.350+0000] {processor.py:186} INFO - Started process (PID=14089) to work on /home/ec2-user/environment/lab4_model_training/venv/lib64/python3.12/site-packages/airflow/example_dags/example_skip_dag.py
[2026-05-04T00:23:16.352+0000] {processor.py:914} INFO - Processing file /home/ec2-user/environment/lab4_model_training/venv/lib64/python3.12/site-packages/airflow/example_dags/example_skip_dag.py for tasks to queue
[2026-05-04T00:23:16.354+0000] {logging_mixin.py:190} INFO - [2026-05-04T00:23:16.353+0000] {dagbag.py:588} INFO - Filling up the DagBag from /home/ec2-user/environment/lab4_model_training/venv/lib64/python3.12/site-packages/airflow/example_dags/example_skip_dag.py
[2026-05-04T00:23:16.360+0000] {processor.py:925} INFO - DAG(s) 'example_skip_dag' retrieved from /home/ec2-user/environment/lab4_model_training/venv/lib64/python3.12/site-packages/airflow/example_dags/example_skip_dag.py
[2026-05-04T00:23:16.373+0000] {logging_mixin.py:190} INFO - [2026-05-04T00:23:16.372+0000] {dag.py:3239} INFO - Sync 1 DAGs
[2026-05-04T00:23:16.388+0000] {logging_mixin.py:190} INFO - [2026-05-04T00:23:16.388+0000] {dag.py:4180} INFO - Setting next_dagrun for example_skip_dag to 2026-05-03 00:00:00+00:00, run_after=2026-05-04 00:00:00+00:00
[2026-05-04T00:23:16.406+0000] {processor.py:208} INFO - Processing /home/ec2-user/environment/lab4_model_training/venv/lib64/python3.12/site-packages/airflow/example_dags/example_skip_dag.py took 0.060 seconds
[2026-05-04T00:24:24.552+0000] {processor.py:186} INFO - Started process (PID=14960) to work on /home/ec2-user/environment/lab4_model_training/venv/lib64/python3.12/site-packages/airflow/example_dags/example_skip_dag.py
[2026-05-04T00:24:24.554+0000] {processor.py:914} INFO - Processing file /home/ec2-user/environment/lab4_model_training/venv/lib64/python3.12/site-packages/airflow/example_dags/example_skip_dag.py for tasks to queue
[2026-05-04T00:24:24.556+0000] {logging_mixin.py:190} INFO - [2026-05-04T00:24:24.555+0000] {dagbag.py:588} INFO - Filling up the DagBag from /home/ec2-user/environment/lab4_model_training/venv/lib64/python3.12/site-packages/airflow/example_dags/example_skip_dag.py
[2026-05-04T00:24:24.562+0000] {processor.py:925} INFO - DAG(s) 'example_skip_dag' retrieved from /home/ec2-user/environment/lab4_model_training/venv/lib64/python3.12/site-packages/airflow/example_dags/example_skip_dag.py
[2026-05-04T00:24:24.574+0000] {logging_mixin.py:190} INFO - [2026-05-04T00:24:24.574+0000] {dag.py:3239} INFO - Sync 1 DAGs
[2026-05-04T00:24:24.590+0000] {logging_mixin.py:190} INFO - [2026-05-04T00:24:24.590+0000] {dag.py:4180} INFO - Setting next_dagrun for example_skip_dag to 2026-05-03 00:00:00+00:00, run_after=2026-05-04 00:00:00+00:00
[2026-05-04T00:24:24.607+0000] {processor.py:208} INFO - Processing /home/ec2-user/environment/lab4_model_training/venv/lib64/python3.12/site-packages/airflow/example_dags/example_skip_dag.py took 0.059 seconds
[2026-05-04T00:25:32.540+0000] {processor.py:186} INFO - Started process (PID=15465) to work on /home/ec2-user/environment/lab4_model_training/venv/lib64/python3.12/site-packages/airflow/example_dags/example_skip_dag.py
[2026-05-04T00:25:32.542+0000] {processor.py:914} INFO - Processing file /home/ec2-user/environment/lab4_model_training/venv/lib64/python3.12/site-packages/airflow/example_dags/example_skip_dag.py for tasks to queue
[2026-05-04T00:25:32.543+0000] {logging_mixin.py:190} INFO - [2026-05-04T00:25:32.543+0000] {dagbag.py:588} INFO - Filling up the DagBag from /home/ec2-user/environment/lab4_model_training/venv/lib64/python3.12/site-packages/airflow/example_dags/example_skip_dag.py
[2026-05-04T00:25:32.550+0000] {processor.py:925} INFO - DAG(s) 'example_skip_dag' retrieved from /home/ec2-user/environment/lab4_model_training/venv/lib64/python3.12/site-packages/airflow/example_dags/example_skip_dag.py
[2026-05-04T00:25:32.564+0000] {logging_mixin.py:190} INFO - [2026-05-04T00:25:32.563+0000] {dag.py:3239} INFO - Sync 1 DAGs
[2026-05-04T00:25:32.580+0000] {logging_mixin.py:190} INFO - [2026-05-04T00:25:32.579+0000] {dag.py:4180} INFO - Setting next_dagrun for example_skip_dag to 2026-05-03 00:00:00+00:00, run_after=2026-05-04 00:00:00+00:00
[2026-05-04T00:25:32.598+0000] {processor.py:208} INFO - Processing /home/ec2-user/environment/lab4_model_training/venv/lib64/python3.12/site-packages/airflow/example_dags/example_skip_dag.py took 0.063 seconds
[2026-05-04T00:26:36.510+0000] {processor.py:186} INFO - Started process (PID=15885) to work on /home/ec2-user/environment/lab4_model_training/venv/lib64/python3.12/site-packages/airflow/example_dags/example_skip_dag.py
[2026-05-04T00:26:36.511+0000] {processor.py:914} INFO - Processing file /home/ec2-user/environment/lab4_model_training/venv/lib64/python3.12/site-packages/airflow/example_dags/example_skip_dag.py for tasks to queue
[2026-05-04T00:26:36.513+0000] {logging_mixin.py:190} INFO - [2026-05-04T00:26:36.512+0000] {dagbag.py:588} INFO - Filling up the DagBag from /home/ec2-user/environment/lab4_model_training/venv/lib64/python3.12/site-packages/airflow/example_dags/example_skip_dag.py
[2026-05-04T00:26:36.519+0000] {processor.py:925} INFO - DAG(s) 'example_skip_dag' retrieved from /home/ec2-user/environment/lab4_model_training/venv/lib64/python3.12/site-packages/airflow/example_dags/example_skip_dag.py
[2026-05-04T00:26:36.532+0000] {logging_mixin.py:190} INFO - [2026-05-04T00:26:36.532+0000] {dag.py:3239} INFO - Sync 1 DAGs
[2026-05-04T00:26:36.550+0000] {logging_mixin.py:190} INFO - [2026-05-04T00:26:36.550+0000] {dag.py:4180} INFO - Setting next_dagrun for example_skip_dag to 2026-05-03 00:00:00+00:00, run_after=2026-05-04 00:00:00+00:00
[2026-05-04T00:26:36.568+0000] {processor.py:208} INFO - Processing /home/ec2-user/environment/lab4_model_training/venv/lib64/python3.12/site-packages/airflow/example_dags/example_skip_dag.py took 0.062 seconds
[2026-05-04T00:27:44.790+0000] {processor.py:186} INFO - Started process (PID=16384) to work on /home/ec2-user/environment/lab4_model_training/venv/lib64/python3.12/site-packages/airflow/example_dags/example_skip_dag.py
[2026-05-04T00:27:44.792+0000] {processor.py:914} INFO - Processing file /home/ec2-user/environment/lab4_model_training/venv/lib64/python3.12/site-packages/airflow/example_dags/example_skip_dag.py for tasks to queue
[2026-05-04T00:27:44.794+0000] {logging_mixin.py:190} INFO - [2026-05-04T00:27:44.793+0000] {dagbag.py:588} INFO - Filling up the DagBag from /home/ec2-user/environment/lab4_model_training/venv/lib64/python3.12/site-packages/airflow/example_dags/example_skip_dag.py
[2026-05-04T00:27:44.801+0000] {processor.py:925} INFO - DAG(s) 'example_skip_dag' retrieved from /home/ec2-user/environment/lab4_model_training/venv/lib64/python3.12/site-packages/airflow/example_dags/example_skip_dag.py
[2026-05-04T00:27:44.815+0000] {logging_mixin.py:190} INFO - [2026-05-04T00:27:44.814+0000] {dag.py:3239} INFO - Sync 1 DAGs
[2026-05-04T00:27:44.832+0000] {logging_mixin.py:190} INFO - [2026-05-04T00:27:44.832+0000] {dag.py:4180} INFO - Setting next_dagrun for example_skip_dag to 2026-05-03 00:00:00+00:00, run_after=2026-05-04 00:00:00+00:00
[2026-05-04T00:27:44.850+0000] {processor.py:208} INFO - Processing /home/ec2-user/environment/lab4_model_training/venv/lib64/python3.12/site-packages/airflow/example_dags/example_skip_dag.py took 0.064 seconds
[2026-05-04T00:28:48.675+0000] {processor.py:186} INFO - Started process (PID=16821) to work on /home/ec2-user/environment/lab4_model_training/venv/lib64/python3.12/site-packages/airflow/example_dags/example_skip_dag.py
[2026-05-04T00:28:48.676+0000] {processor.py:914} INFO - Processing file /home/ec2-user/environment/lab4_model_training/venv/lib64/python3.12/site-packages/airflow/example_dags/example_skip_dag.py for tasks to queue
[2026-05-04T00:28:48.678+0000] {logging_mixin.py:190} INFO - [2026-05-04T00:28:48.678+0000] {dagbag.py:588} INFO - Filling up the DagBag from /home/ec2-user/environment/lab4_model_training/venv/lib64/python3.12/site-packages/airflow/example_dags/example_skip_dag.py
[2026-05-04T00:28:48.687+0000] {processor.py:925} INFO - DAG(s) 'example_skip_dag' retrieved from /home/ec2-user/environment/lab4_model_training/venv/lib64/python3.12/site-packages/airflow/example_dags/example_skip_dag.py
[2026-05-04T00:28:48.702+0000] {logging_mixin.py:190} INFO - [2026-05-04T00:28:48.702+0000] {dag.py:3239} INFO - Sync 1 DAGs
[2026-05-04T00:28:48.720+0000] {logging_mixin.py:190} INFO - [2026-05-04T00:28:48.720+0000] {dag.py:4180} INFO - Setting next_dagrun for example_skip_dag to 2026-05-03 00:00:00+00:00, run_after=2026-05-04 00:00:00+00:00
[2026-05-04T00:28:48.741+0000] {processor.py:208} INFO - Processing /home/ec2-user/environment/lab4_model_training/venv/lib64/python3.12/site-packages/airflow/example_dags/example_skip_dag.py took 0.070 seconds
[2026-05-04T00:29:51.335+0000] {processor.py:186} INFO - Started process (PID=17341) to work on /home/ec2-user/environment/lab4_model_training/venv/lib64/python3.12/site-packages/airflow/example_dags/example_skip_dag.py
[2026-05-04T00:29:51.336+0000] {processor.py:914} INFO - Processing file /home/ec2-user/environment/lab4_model_training/venv/lib64/python3.12/site-packages/airflow/example_dags/example_skip_dag.py for tasks to queue
[2026-05-04T00:29:51.338+0000] {logging_mixin.py:190} INFO - [2026-05-04T00:29:51.338+0000] {dagbag.py:588} INFO - Filling up the DagBag from /home/ec2-user/environment/lab4_model_training/venv/lib64/python3.12/site-packages/airflow/example_dags/example_skip_dag.py
[2026-05-04T00:29:51.346+0000] {processor.py:925} INFO - DAG(s) 'example_skip_dag' retrieved from /home/ec2-user/environment/lab4_model_training/venv/lib64/python3.12/site-packages/airflow/example_dags/example_skip_dag.py
[2026-05-04T00:29:51.361+0000] {logging_mixin.py:190} INFO - [2026-05-04T00:29:51.360+0000] {dag.py:3239} INFO - Sync 1 DAGs
[2026-05-04T00:29:51.379+0000] {logging_mixin.py:190} INFO - [2026-05-04T00:29:51.379+0000] {dag.py:4180} INFO - Setting next_dagrun for example_skip_dag to 2026-05-03 00:00:00+00:00, run_after=2026-05-04 00:00:00+00:00
[2026-05-04T00:29:51.398+0000] {processor.py:208} INFO - Processing /home/ec2-user/environment/lab4_model_training/venv/lib64/python3.12/site-packages/airflow/example_dags/example_skip_dag.py took 0.069 seconds
[2026-05-04T00:30:56.603+0000] {processor.py:186} INFO - Started process (PID=17829) to work on /home/ec2-user/environment/lab4_model_training/venv/lib64/python3.12/site-packages/airflow/example_dags/example_skip_dag.py
[2026-05-04T00:30:56.604+0000] {processor.py:914} INFO - Processing file /home/ec2-user/environment/lab4_model_training/venv/lib64/python3.12/site-packages/airflow/example_dags/example_skip_dag.py for tasks to queue
[2026-05-04T00:30:56.606+0000] {logging_mixin.py:190} INFO - [2026-05-04T00:30:56.606+0000] {dagbag.py:588} INFO - Filling up the DagBag from /home/ec2-user/environment/lab4_model_training/venv/lib64/python3.12/site-packages/airflow/example_dags/example_skip_dag.py
[2026-05-04T00:30:56.613+0000] {processor.py:925} INFO - DAG(s) 'example_skip_dag' retrieved from /home/ec2-user/environment/lab4_model_training/venv/lib64/python3.12/site-packages/airflow/example_dags/example_skip_dag.py
[2026-05-04T00:30:56.627+0000] {logging_mixin.py:190} INFO - [2026-05-04T00:30:56.627+0000] {dag.py:3239} INFO - Sync 1 DAGs
[2026-05-04T00:30:56.643+0000] {logging_mixin.py:190} INFO - [2026-05-04T00:30:56.643+0000] {dag.py:4180} INFO - Setting next_dagrun for example_skip_dag to 2026-05-03 00:00:00+00:00, run_after=2026-05-04 00:00:00+00:00
[2026-05-04T00:30:56.661+0000] {processor.py:208} INFO - Processing /home/ec2-user/environment/lab4_model_training/venv/lib64/python3.12/site-packages/airflow/example_dags/example_skip_dag.py took 0.063 seconds
[2026-05-04T00:32:00.128+0000] {processor.py:186} INFO - Started process (PID=18244) to work on /home/ec2-user/environment/lab4_model_training/venv/lib64/python3.12/site-packages/airflow/example_dags/example_skip_dag.py
[2026-05-04T00:32:00.130+0000] {processor.py:914} INFO - Processing file /home/ec2-user/environment/lab4_model_training/venv/lib64/python3.12/site-packages/airflow/example_dags/example_skip_dag.py for tasks to queue
[2026-05-04T00:32:00.132+0000] {logging_mixin.py:190} INFO - [2026-05-04T00:32:00.131+0000] {dagbag.py:588} INFO - Filling up the DagBag from /home/ec2-user/environment/lab4_model_training/venv/lib64/python3.12/site-packages/airflow/example_dags/example_skip_dag.py
[2026-05-04T00:32:00.138+0000] {processor.py:925} INFO - DAG(s) 'example_skip_dag' retrieved from /home/ec2-user/environment/lab4_model_training/venv/lib64/python3.12/site-packages/airflow/example_dags/example_skip_dag.py
[2026-05-04T00:32:00.151+0000] {logging_mixin.py:190} INFO - [2026-05-04T00:32:00.151+0000] {dag.py:3239} INFO - Sync 1 DAGs
[2026-05-04T00:32:00.167+0000] {logging_mixin.py:190} INFO - [2026-05-04T00:32:00.167+0000] {dag.py:4180} INFO - Setting next_dagrun for example_skip_dag to 2026-05-03 00:00:00+00:00, run_after=2026-05-04 00:00:00+00:00
[2026-05-04T00:32:00.184+0000] {processor.py:208} INFO - Processing /home/ec2-user/environment/lab4_model_training/venv/lib64/python3.12/site-packages/airflow/example_dags/example_skip_dag.py took 0.060 seconds
[2026-05-04T00:33:07.821+0000] {processor.py:186} INFO - Started process (PID=18733) to work on /home/ec2-user/environment/lab4_model_training/venv/lib64/python3.12/site-packages/airflow/example_dags/example_skip_dag.py
[2026-05-04T00:33:07.822+0000] {processor.py:914} INFO - Processing file /home/ec2-user/environment/lab4_model_training/venv/lib64/python3.12/site-packages/airflow/example_dags/example_skip_dag.py for tasks to queue
[2026-05-04T00:33:07.823+0000] {logging_mixin.py:190} INFO - [2026-05-04T00:33:07.823+0000] {dagbag.py:588} INFO - Filling up the DagBag from /home/ec2-user/environment/lab4_model_training/venv/lib64/python3.12/site-packages/airflow/example_dags/example_skip_dag.py
[2026-05-04T00:33:07.830+0000] {processor.py:925} INFO - DAG(s) 'example_skip_dag' retrieved from /home/ec2-user/environment/lab4_model_training/venv/lib64/python3.12/site-packages/airflow/example_dags/example_skip_dag.py
[2026-05-04T00:33:07.843+0000] {logging_mixin.py:190} INFO - [2026-05-04T00:33:07.843+0000] {dag.py:3239} INFO - Sync 1 DAGs
[2026-05-04T00:33:07.859+0000] {logging_mixin.py:190} INFO - [2026-05-04T00:33:07.859+0000] {dag.py:4180} INFO - Setting next_dagrun for example_skip_dag to 2026-05-03 00:00:00+00:00, run_after=2026-05-04 00:00:00+00:00
[2026-05-04T00:33:07.875+0000] {processor.py:208} INFO - Processing /home/ec2-user/environment/lab4_model_training/venv/lib64/python3.12/site-packages/airflow/example_dags/example_skip_dag.py took 0.059 seconds
[2026-05-04T00:34:14.602+0000] {processor.py:186} INFO - Started process (PID=19182) to work on /home/ec2-user/environment/lab4_model_training/venv/lib64/python3.12/site-packages/airflow/example_dags/example_skip_dag.py
[2026-05-04T00:34:14.603+0000] {processor.py:914} INFO - Processing file /home/ec2-user/environment/lab4_model_training/venv/lib64/python3.12/site-packages/airflow/example_dags/example_skip_dag.py for tasks to queue
[2026-05-04T00:34:14.605+0000] {logging_mixin.py:190} INFO - [2026-05-04T00:34:14.604+0000] {dagbag.py:588} INFO - Filling up the DagBag from /home/ec2-user/environment/lab4_model_training/venv/lib64/python3.12/site-packages/airflow/example_dags/example_skip_dag.py
[2026-05-04T00:34:14.611+0000] {processor.py:925} INFO - DAG(s) 'example_skip_dag' retrieved from /home/ec2-user/environment/lab4_model_training/venv/lib64/python3.12/site-packages/airflow/example_dags/example_skip_dag.py
[2026-05-04T00:34:14.624+0000] {logging_mixin.py:190} INFO - [2026-05-04T00:34:14.624+0000] {dag.py:3239} INFO - Sync 1 DAGs
[2026-05-04T00:34:14.639+0000] {logging_mixin.py:190} INFO - [2026-05-04T00:34:14.639+0000] {dag.py:4180} INFO - Setting next_dagrun for example_skip_dag to 2026-05-03 00:00:00+00:00, run_after=2026-05-04 00:00:00+00:00
[2026-05-04T00:34:14.656+0000] {processor.py:208} INFO - Processing /home/ec2-user/environment/lab4_model_training/venv/lib64/python3.12/site-packages/airflow/example_dags/example_skip_dag.py took 0.059 seconds
[2026-05-04T00:35:14.799+0000] {processor.py:186} INFO - Started process (PID=19614) to work on /home/ec2-user/environment/lab4_model_training/venv/lib64/python3.12/site-packages/airflow/example_dags/example_skip_dag.py
[2026-05-04T00:35:14.800+0000] {processor.py:914} INFO - Processing file /home/ec2-user/environment/lab4_model_training/venv/lib64/python3.12/site-packages/airflow/example_dags/example_skip_dag.py for tasks to queue
[2026-05-04T00:35:14.802+0000] {logging_mixin.py:190} INFO - [2026-05-04T00:35:14.801+0000] {dagbag.py:588} INFO - Filling up the DagBag from /home/ec2-user/environment/lab4_model_training/venv/lib64/python3.12/site-packages/airflow/example_dags/example_skip_dag.py
[2026-05-04T00:35:14.809+0000] {processor.py:925} INFO - DAG(s) 'example_skip_dag' retrieved from /home/ec2-user/environment/lab4_model_training/venv/lib64/python3.12/site-packages/airflow/example_dags/example_skip_dag.py
[2026-05-04T00:35:14.821+0000] {logging_mixin.py:190} INFO - [2026-05-04T00:35:14.821+0000] {dag.py:3239} INFO - Sync 1 DAGs
[2026-05-04T00:35:14.836+0000] {logging_mixin.py:190} INFO - [2026-05-04T00:35:14.836+0000] {dag.py:4180} INFO - Setting next_dagrun for example_skip_dag to 2026-05-03 00:00:00+00:00, run_after=2026-05-04 00:00:00+00:00
[2026-05-04T00:35:14.853+0000] {processor.py:208} INFO - Processing /home/ec2-user/environment/lab4_model_training/venv/lib64/python3.12/site-packages/airflow/example_dags/example_skip_dag.py took 0.059 seconds
[2026-05-04T00:36:16.556+0000] {processor.py:186} INFO - Started process (PID=20020) to work on /home/ec2-user/environment/lab4_model_training/venv/lib64/python3.12/site-packages/airflow/example_dags/example_skip_dag.py
[2026-05-04T00:36:16.557+0000] {processor.py:914} INFO - Processing file /home/ec2-user/environment/lab4_model_training/venv/lib64/python3.12/site-packages/airflow/example_dags/example_skip_dag.py for tasks to queue
[2026-05-04T00:36:16.559+0000] {logging_mixin.py:190} INFO - [2026-05-04T00:36:16.559+0000] {dagbag.py:588} INFO - Filling up the DagBag from /home/ec2-user/environment/lab4_model_training/venv/lib64/python3.12/site-packages/airflow/example_dags/example_skip_dag.py
[2026-05-04T00:36:16.566+0000] {processor.py:925} INFO - DAG(s) 'example_skip_dag' retrieved from /home/ec2-user/environment/lab4_model_training/venv/lib64/python3.12/site-packages/airflow/example_dags/example_skip_dag.py
[2026-05-04T00:36:16.579+0000] {logging_mixin.py:190} INFO - [2026-05-04T00:36:16.579+0000] {dag.py:3239} INFO - Sync 1 DAGs
[2026-05-04T00:36:16.595+0000] {logging_mixin.py:190} INFO - [2026-05-04T00:36:16.595+0000] {dag.py:4180} INFO - Setting next_dagrun for example_skip_dag to 2026-05-03 00:00:00+00:00, run_after=2026-05-04 00:00:00+00:00
[2026-05-04T00:36:16.611+0000] {processor.py:208} INFO - Processing /home/ec2-user/environment/lab4_model_training/venv/lib64/python3.12/site-packages/airflow/example_dags/example_skip_dag.py took 0.059 seconds
[2026-05-04T00:37:21.893+0000] {processor.py:186} INFO - Started process (PID=20223) to work on /home/ec2-user/environment/lab4_model_training/venv/lib64/python3.12/site-packages/airflow/example_dags/example_skip_dag.py
[2026-05-04T00:37:21.894+0000] {processor.py:914} INFO - Processing file /home/ec2-user/environment/lab4_model_training/venv/lib64/python3.12/site-packages/airflow/example_dags/example_skip_dag.py for tasks to queue
[2026-05-04T00:37:21.896+0000] {logging_mixin.py:190} INFO - [2026-05-04T00:37:21.896+0000] {dagbag.py:588} INFO - Filling up the DagBag from /home/ec2-user/environment/lab4_model_training/venv/lib64/python3.12/site-packages/airflow/example_dags/example_skip_dag.py
[2026-05-04T00:37:21.902+0000] {processor.py:925} INFO - DAG(s) 'example_skip_dag' retrieved from /home/ec2-user/environment/lab4_model_training/venv/lib64/python3.12/site-packages/airflow/example_dags/example_skip_dag.py
[2026-05-04T00:37:21.916+0000] {logging_mixin.py:190} INFO - [2026-05-04T00:37:21.916+0000] {dag.py:3239} INFO - Sync 1 DAGs
[2026-05-04T00:37:21.932+0000] {logging_mixin.py:190} INFO - [2026-05-04T00:37:21.932+0000] {dag.py:4180} INFO - Setting next_dagrun for example_skip_dag to 2026-05-03 00:00:00+00:00, run_after=2026-05-04 00:00:00+00:00
[2026-05-04T00:37:21.950+0000] {processor.py:208} INFO - Processing /home/ec2-user/environment/lab4_model_training/venv/lib64/python3.12/site-packages/airflow/example_dags/example_skip_dag.py took 0.062 seconds
[2026-05-04T00:38:26.035+0000] {processor.py:186} INFO - Started process (PID=20342) to work on /home/ec2-user/environment/lab4_model_training/venv/lib64/python3.12/site-packages/airflow/example_dags/example_skip_dag.py
[2026-05-04T00:38:26.036+0000] {processor.py:914} INFO - Processing file /home/ec2-user/environment/lab4_model_training/venv/lib64/python3.12/site-packages/airflow/example_dags/example_skip_dag.py for tasks to queue
[2026-05-04T00:38:26.038+0000] {logging_mixin.py:190} INFO - [2026-05-04T00:38:26.038+0000] {dagbag.py:588} INFO - Filling up the DagBag from /home/ec2-user/environment/lab4_model_training/venv/lib64/python3.12/site-packages/airflow/example_dags/example_skip_dag.py
[2026-05-04T00:38:26.047+0000] {processor.py:925} INFO - DAG(s) 'example_skip_dag' retrieved from /home/ec2-user/environment/lab4_model_training/venv/lib64/python3.12/site-packages/airflow/example_dags/example_skip_dag.py
[2026-05-04T00:38:26.062+0000] {logging_mixin.py:190} INFO - [2026-05-04T00:38:26.062+0000] {dag.py:3239} INFO - Sync 1 DAGs
[2026-05-04T00:38:26.079+0000] {logging_mixin.py:190} INFO - [2026-05-04T00:38:26.079+0000] {dag.py:4180} INFO - Setting next_dagrun for example_skip_dag to 2026-05-03 00:00:00+00:00, run_after=2026-05-04 00:00:00+00:00
[2026-05-04T00:38:26.101+0000] {processor.py:208} INFO - Processing /home/ec2-user/environment/lab4_model_training/venv/lib64/python3.12/site-packages/airflow/example_dags/example_skip_dag.py took 0.071 seconds
[2026-05-04T00:39:28.989+0000] {processor.py:186} INFO - Started process (PID=20480) to work on /home/ec2-user/environment/lab4_model_training/venv/lib64/python3.12/site-packages/airflow/example_dags/example_skip_dag.py
[2026-05-04T00:39:28.990+0000] {processor.py:914} INFO - Processing file /home/ec2-user/environment/lab4_model_training/venv/lib64/python3.12/site-packages/airflow/example_dags/example_skip_dag.py for tasks to queue
[2026-05-04T00:39:28.992+0000] {logging_mixin.py:190} INFO - [2026-05-04T00:39:28.992+0000] {dagbag.py:588} INFO - Filling up the DagBag from /home/ec2-user/environment/lab4_model_training/venv/lib64/python3.12/site-packages/airflow/example_dags/example_skip_dag.py
[2026-05-04T00:39:29.001+0000] {processor.py:925} INFO - DAG(s) 'example_skip_dag' retrieved from /home/ec2-user/environment/lab4_model_training/venv/lib64/python3.12/site-packages/airflow/example_dags/example_skip_dag.py
[2026-05-04T00:39:29.015+0000] {logging_mixin.py:190} INFO - [2026-05-04T00:39:29.015+0000] {dag.py:3239} INFO - Sync 1 DAGs
[2026-05-04T00:39:29.033+0000] {logging_mixin.py:190} INFO - [2026-05-04T00:39:29.033+0000] {dag.py:4180} INFO - Setting next_dagrun for example_skip_dag to 2026-05-03 00:00:00+00:00, run_after=2026-05-04 00:00:00+00:00
[2026-05-04T00:39:29.053+0000] {processor.py:208} INFO - Processing /home/ec2-user/environment/lab4_model_training/venv/lib64/python3.12/site-packages/airflow/example_dags/example_skip_dag.py took 0.068 seconds
[2026-05-04T00:40:30.972+0000] {processor.py:186} INFO - Started process (PID=20624) to work on /home/ec2-user/environment/lab4_model_training/venv/lib64/python3.12/site-packages/airflow/example_dags/example_skip_dag.py
[2026-05-04T00:40:30.973+0000] {processor.py:914} INFO - Processing file /home/ec2-user/environment/lab4_model_training/venv/lib64/python3.12/site-packages/airflow/example_dags/example_skip_dag.py for tasks to queue
[2026-05-04T00:40:30.975+0000] {logging_mixin.py:190} INFO - [2026-05-04T00:40:30.975+0000] {dagbag.py:588} INFO - Filling up the DagBag from /home/ec2-user/environment/lab4_model_training/venv/lib64/python3.12/site-packages/airflow/example_dags/example_skip_dag.py
[2026-05-04T00:40:30.982+0000] {processor.py:925} INFO - DAG(s) 'example_skip_dag' retrieved from /home/ec2-user/environment/lab4_model_training/venv/lib64/python3.12/site-packages/airflow/example_dags/example_skip_dag.py
[2026-05-04T00:40:30.998+0000] {logging_mixin.py:190} INFO - [2026-05-04T00:40:30.998+0000] {dag.py:3239} INFO - Sync 1 DAGs
[2026-05-04T00:40:31.016+0000] {logging_mixin.py:190} INFO - [2026-05-04T00:40:31.016+0000] {dag.py:4180} INFO - Setting next_dagrun for example_skip_dag to 2026-05-03 00:00:00+00:00, run_after=2026-05-04 00:00:00+00:00
[2026-05-04T00:40:31.036+0000] {processor.py:208} INFO - Processing /home/ec2-user/environment/lab4_model_training/venv/lib64/python3.12/site-packages/airflow/example_dags/example_skip_dag.py took 0.069 seconds
[2026-05-04T00:41:36.909+0000] {processor.py:186} INFO - Started process (PID=20760) to work on /home/ec2-user/environment/lab4_model_training/venv/lib64/python3.12/site-packages/airflow/example_dags/example_skip_dag.py
[2026-05-04T00:41:36.911+0000] {processor.py:914} INFO - Processing file /home/ec2-user/environment/lab4_model_training/venv/lib64/python3.12/site-packages/airflow/example_dags/example_skip_dag.py for tasks to queue
[2026-05-04T00:41:36.913+0000] {logging_mixin.py:190} INFO - [2026-05-04T00:41:36.913+0000] {dagbag.py:588} INFO - Filling up the DagBag from /home/ec2-user/environment/lab4_model_training/venv/lib64/python3.12/site-packages/airflow/example_dags/example_skip_dag.py
[2026-05-04T00:41:36.921+0000] {processor.py:925} INFO - DAG(s) 'example_skip_dag' retrieved from /home/ec2-user/environment/lab4_model_training/venv/lib64/python3.12/site-packages/airflow/example_dags/example_skip_dag.py
[2026-05-04T00:41:36.938+0000] {logging_mixin.py:190} INFO - [2026-05-04T00:41:36.938+0000] {dag.py:3239} INFO - Sync 1 DAGs
[2026-05-04T00:41:36.956+0000] {logging_mixin.py:190} INFO - [2026-05-04T00:41:36.955+0000] {dag.py:4180} INFO - Setting next_dagrun for example_skip_dag to 2026-05-03 00:00:00+00:00, run_after=2026-05-04 00:00:00+00:00
[2026-05-04T00:41:36.974+0000] {processor.py:208} INFO - Processing /home/ec2-user/environment/lab4_model_training/venv/lib64/python3.12/site-packages/airflow/example_dags/example_skip_dag.py took 0.069 seconds
[2026-05-04T00:42:41.077+0000] {processor.py:186} INFO - Started process (PID=20855) to work on /home/ec2-user/environment/lab4_model_training/venv/lib64/python3.12/site-packages/airflow/example_dags/example_skip_dag.py
[2026-05-04T00:42:41.078+0000] {processor.py:914} INFO - Processing file /home/ec2-user/environment/lab4_model_training/venv/lib64/python3.12/site-packages/airflow/example_dags/example_skip_dag.py for tasks to queue
[2026-05-04T00:42:41.080+0000] {logging_mixin.py:190} INFO - [2026-05-04T00:42:41.079+0000] {dagbag.py:588} INFO - Filling up the DagBag from /home/ec2-user/environment/lab4_model_training/venv/lib64/python3.12/site-packages/airflow/example_dags/example_skip_dag.py
[2026-05-04T00:42:41.086+0000] {processor.py:925} INFO - DAG(s) 'example_skip_dag' retrieved from /home/ec2-user/environment/lab4_model_training/venv/lib64/python3.12/site-packages/airflow/example_dags/example_skip_dag.py
[2026-05-04T00:42:41.101+0000] {logging_mixin.py:190} INFO - [2026-05-04T00:42:41.101+0000] {dag.py:3239} INFO - Sync 1 DAGs
[2026-05-04T00:42:41.118+0000] {logging_mixin.py:190} INFO - [2026-05-04T00:42:41.117+0000] {dag.py:4180} INFO - Setting next_dagrun for example_skip_dag to 2026-05-03 00:00:00+00:00, run_after=2026-05-04 00:00:00+00:00
[2026-05-04T00:42:41.136+0000] {processor.py:208} INFO - Processing /home/ec2-user/environment/lab4_model_training/venv/lib64/python3.12/site-packages/airflow/example_dags/example_skip_dag.py took 0.064 seconds
[2026-05-04T00:43:44.934+0000] {processor.py:186} INFO - Started process (PID=21020) to work on /home/ec2-user/environment/lab4_model_training/venv/lib64/python3.12/site-packages/airflow/example_dags/example_skip_dag.py
[2026-05-04T00:43:44.936+0000] {processor.py:914} INFO - Processing file /home/ec2-user/environment/lab4_model_training/venv/lib64/python3.12/site-packages/airflow/example_dags/example_skip_dag.py for tasks to queue
[2026-05-04T00:43:44.937+0000] {logging_mixin.py:190} INFO - [2026-05-04T00:43:44.937+0000] {dagbag.py:588} INFO - Filling up the DagBag from /home/ec2-user/environment/lab4_model_training/venv/lib64/python3.12/site-packages/airflow/example_dags/example_skip_dag.py
[2026-05-04T00:43:44.944+0000] {processor.py:925} INFO - DAG(s) 'example_skip_dag' retrieved from /home/ec2-user/environment/lab4_model_training/venv/lib64/python3.12/site-packages/airflow/example_dags/example_skip_dag.py
[2026-05-04T00:43:44.956+0000] {logging_mixin.py:190} INFO - [2026-05-04T00:43:44.956+0000] {dag.py:3239} INFO - Sync 1 DAGs
[2026-05-04T00:43:44.972+0000] {logging_mixin.py:190} INFO - [2026-05-04T00:43:44.972+0000] {dag.py:4180} INFO - Setting next_dagrun for example_skip_dag to 2026-05-03 00:00:00+00:00, run_after=2026-05-04 00:00:00+00:00
[2026-05-04T00:43:44.988+0000] {processor.py:208} INFO - Processing /home/ec2-user/environment/lab4_model_training/venv/lib64/python3.12/site-packages/airflow/example_dags/example_skip_dag.py took 0.058 seconds
[2026-05-04T00:44:50.146+0000] {processor.py:186} INFO - Started process (PID=21124) to work on /home/ec2-user/environment/lab4_model_training/venv/lib64/python3.12/site-packages/airflow/example_dags/example_skip_dag.py
[2026-05-04T00:44:50.147+0000] {processor.py:914} INFO - Processing file /home/ec2-user/environment/lab4_model_training/venv/lib64/python3.12/site-packages/airflow/example_dags/example_skip_dag.py for tasks to queue
[2026-05-04T00:44:50.149+0000] {logging_mixin.py:190} INFO - [2026-05-04T00:44:50.149+0000] {dagbag.py:588} INFO - Filling up the DagBag from /home/ec2-user/environment/lab4_model_training/venv/lib64/python3.12/site-packages/airflow/example_dags/example_skip_dag.py
[2026-05-04T00:44:50.156+0000] {processor.py:925} INFO - DAG(s) 'example_skip_dag' retrieved from /home/ec2-user/environment/lab4_model_training/venv/lib64/python3.12/site-packages/airflow/example_dags/example_skip_dag.py
[2026-05-04T00:44:50.168+0000] {logging_mixin.py:190} INFO - [2026-05-04T00:44:50.168+0000] {dag.py:3239} INFO - Sync 1 DAGs
[2026-05-04T00:44:50.184+0000] {logging_mixin.py:190} INFO - [2026-05-04T00:44:50.184+0000] {dag.py:4180} INFO - Setting next_dagrun for example_skip_dag to 2026-05-03 00:00:00+00:00, run_after=2026-05-04 00:00:00+00:00
[2026-05-04T00:44:50.201+0000] {processor.py:208} INFO - Processing /home/ec2-user/environment/lab4_model_training/venv/lib64/python3.12/site-packages/airflow/example_dags/example_skip_dag.py took 0.059 seconds
[2026-05-04T00:45:53.779+0000] {processor.py:186} INFO - Started process (PID=21260) to work on /home/ec2-user/environment/lab4_model_training/venv/lib64/python3.12/site-packages/airflow/example_dags/example_skip_dag.py
[2026-05-04T00:45:53.780+0000] {processor.py:914} INFO - Processing file /home/ec2-user/environment/lab4_model_training/venv/lib64/python3.12/site-packages/airflow/example_dags/example_skip_dag.py for tasks to queue
[2026-05-04T00:45:53.782+0000] {logging_mixin.py:190} INFO - [2026-05-04T00:45:53.782+0000] {dagbag.py:588} INFO - Filling up the DagBag from /home/ec2-user/environment/lab4_model_training/venv/lib64/python3.12/site-packages/airflow/example_dags/example_skip_dag.py
[2026-05-04T00:45:53.788+0000] {processor.py:925} INFO - DAG(s) 'example_skip_dag' retrieved from /home/ec2-user/environment/lab4_model_training/venv/lib64/python3.12/site-packages/airflow/example_dags/example_skip_dag.py
[2026-05-04T00:45:53.802+0000] {logging_mixin.py:190} INFO - [2026-05-04T00:45:53.801+0000] {dag.py:3239} INFO - Sync 1 DAGs
[2026-05-04T00:45:53.817+0000] {logging_mixin.py:190} INFO - [2026-05-04T00:45:53.817+0000] {dag.py:4180} INFO - Setting next_dagrun for example_skip_dag to 2026-05-03 00:00:00+00:00, run_after=2026-05-04 00:00:00+00:00
[2026-05-04T00:45:53.835+0000] {processor.py:208} INFO - Processing /home/ec2-user/environment/lab4_model_training/venv/lib64/python3.12/site-packages/airflow/example_dags/example_skip_dag.py took 0.060 seconds
[2026-05-04T00:46:56.049+0000] {processor.py:186} INFO - Started process (PID=21347) to work on /home/ec2-user/environment/lab4_model_training/venv/lib64/python3.12/site-packages/airflow/example_dags/example_skip_dag.py
[2026-05-04T00:46:56.050+0000] {processor.py:914} INFO - Processing file /home/ec2-user/environment/lab4_model_training/venv/lib64/python3.12/site-packages/airflow/example_dags/example_skip_dag.py for tasks to queue
[2026-05-04T00:46:56.051+0000] {logging_mixin.py:190} INFO - [2026-05-04T00:46:56.051+0000] {dagbag.py:588} INFO - Filling up the DagBag from /home/ec2-user/environment/lab4_model_training/venv/lib64/python3.12/site-packages/airflow/example_dags/example_skip_dag.py
[2026-05-04T00:46:56.058+0000] {processor.py:925} INFO - DAG(s) 'example_skip_dag' retrieved from /home/ec2-user/environment/lab4_model_training/venv/lib64/python3.12/site-packages/airflow/example_dags/example_skip_dag.py
[2026-05-04T00:46:56.071+0000] {logging_mixin.py:190} INFO - [2026-05-04T00:46:56.071+0000] {dag.py:3239} INFO - Sync 1 DAGs
[2026-05-04T00:46:56.086+0000] {logging_mixin.py:190} INFO - [2026-05-04T00:46:56.086+0000] {dag.py:4180} INFO - Setting next_dagrun for example_skip_dag to 2026-05-03 00:00:00+00:00, run_after=2026-05-04 00:00:00+00:00
[2026-05-04T00:46:56.103+0000] {processor.py:208} INFO - Processing /home/ec2-user/environment/lab4_model_training/venv/lib64/python3.12/site-packages/airflow/example_dags/example_skip_dag.py took 0.058 seconds
[2026-05-04T00:47:58.692+0000] {processor.py:186} INFO - Started process (PID=21487) to work on /home/ec2-user/environment/lab4_model_training/venv/lib64/python3.12/site-packages/airflow/example_dags/example_skip_dag.py
[2026-05-04T00:47:58.693+0000] {processor.py:914} INFO - Processing file /home/ec2-user/environment/lab4_model_training/venv/lib64/python3.12/site-packages/airflow/example_dags/example_skip_dag.py for tasks to queue
[2026-05-04T00:47:58.694+0000] {logging_mixin.py:190} INFO - [2026-05-04T00:47:58.694+0000] {dagbag.py:588} INFO - Filling up the DagBag from /home/ec2-user/environment/lab4_model_training/venv/lib64/python3.12/site-packages/airflow/example_dags/example_skip_dag.py
[2026-05-04T00:47:58.701+0000] {processor.py:925} INFO - DAG(s) 'example_skip_dag' retrieved from /home/ec2-user/environment/lab4_model_training/venv/lib64/python3.12/site-packages/airflow/example_dags/example_skip_dag.py
[2026-05-04T00:47:58.714+0000] {logging_mixin.py:190} INFO - [2026-05-04T00:47:58.714+0000] {dag.py:3239} INFO - Sync 1 DAGs
[2026-05-04T00:47:58.730+0000] {logging_mixin.py:190} INFO - [2026-05-04T00:47:58.730+0000] {dag.py:4180} INFO - Setting next_dagrun for example_skip_dag to 2026-05-03 00:00:00+00:00, run_after=2026-05-04 00:00:00+00:00
[2026-05-04T00:47:58.746+0000] {processor.py:208} INFO - Processing /home/ec2-user/environment/lab4_model_training/venv/lib64/python3.12/site-packages/airflow/example_dags/example_skip_dag.py took 0.058 seconds
[2026-05-04T00:49:02.065+0000] {processor.py:186} INFO - Started process (PID=21579) to work on /home/ec2-user/environment/lab4_model_training/venv/lib64/python3.12/site-packages/airflow/example_dags/example_skip_dag.py
[2026-05-04T00:49:02.066+0000] {processor.py:914} INFO - Processing file /home/ec2-user/environment/lab4_model_training/venv/lib64/python3.12/site-packages/airflow/example_dags/example_skip_dag.py for tasks to queue
[2026-05-04T00:49:02.068+0000] {logging_mixin.py:190} INFO - [2026-05-04T00:49:02.067+0000] {dagbag.py:588} INFO - Filling up the DagBag from /home/ec2-user/environment/lab4_model_training/venv/lib64/python3.12/site-packages/airflow/example_dags/example_skip_dag.py
[2026-05-04T00:49:02.074+0000] {processor.py:925} INFO - DAG(s) 'example_skip_dag' retrieved from /home/ec2-user/environment/lab4_model_training/venv/lib64/python3.12/site-packages/airflow/example_dags/example_skip_dag.py
[2026-05-04T00:49:02.087+0000] {logging_mixin.py:190} INFO - [2026-05-04T00:49:02.087+0000] {dag.py:3239} INFO - Sync 1 DAGs
[2026-05-04T00:49:02.103+0000] {logging_mixin.py:190} INFO - [2026-05-04T00:49:02.103+0000] {dag.py:4180} INFO - Setting next_dagrun for example_skip_dag to 2026-05-03 00:00:00+00:00, run_after=2026-05-04 00:00:00+00:00
[2026-05-04T00:49:02.120+0000] {processor.py:208} INFO - Processing /home/ec2-user/environment/lab4_model_training/venv/lib64/python3.12/site-packages/airflow/example_dags/example_skip_dag.py took 0.059 seconds
[2026-05-04T00:50:08.888+0000] {processor.py:186} INFO - Started process (PID=21718) to work on /home/ec2-user/environment/lab4_model_training/venv/lib64/python3.12/site-packages/airflow/example_dags/example_skip_dag.py
[2026-05-04T00:50:08.889+0000] {processor.py:914} INFO - Processing file /home/ec2-user/environment/lab4_model_training/venv/lib64/python3.12/site-packages/airflow/example_dags/example_skip_dag.py for tasks to queue
[2026-05-04T00:50:08.891+0000] {logging_mixin.py:190} INFO - [2026-05-04T00:50:08.890+0000] {dagbag.py:588} INFO - Filling up the DagBag from /home/ec2-user/environment/lab4_model_training/venv/lib64/python3.12/site-packages/airflow/example_dags/example_skip_dag.py
[2026-05-04T00:50:08.897+0000] {processor.py:925} INFO - DAG(s) 'example_skip_dag' retrieved from /home/ec2-user/environment/lab4_model_training/venv/lib64/python3.12/site-packages/airflow/example_dags/example_skip_dag.py
[2026-05-04T00:50:08.910+0000] {logging_mixin.py:190} INFO - [2026-05-04T00:50:08.910+0000] {dag.py:3239} INFO - Sync 1 DAGs
[2026-05-04T00:50:08.926+0000] {logging_mixin.py:190} INFO - [2026-05-04T00:50:08.926+0000] {dag.py:4180} INFO - Setting next_dagrun for example_skip_dag to 2026-05-03 00:00:00+00:00, run_after=2026-05-04 00:00:00+00:00
[2026-05-04T00:50:08.945+0000] {processor.py:208} INFO - Processing /home/ec2-user/environment/lab4_model_training/venv/lib64/python3.12/site-packages/airflow/example_dags/example_skip_dag.py took 0.061 seconds
[2026-05-04T00:51:13.299+0000] {processor.py:186} INFO - Started process (PID=22091) to work on /home/ec2-user/environment/lab4_model_training/venv/lib64/python3.12/site-packages/airflow/example_dags/example_skip_dag.py
[2026-05-04T00:51:13.300+0000] {processor.py:914} INFO - Processing file /home/ec2-user/environment/lab4_model_training/venv/lib64/python3.12/site-packages/airflow/example_dags/example_skip_dag.py for tasks to queue
[2026-05-04T00:51:13.302+0000] {logging_mixin.py:190} INFO - [2026-05-04T00:51:13.301+0000] {dagbag.py:588} INFO - Filling up the DagBag from /home/ec2-user/environment/lab4_model_training/venv/lib64/python3.12/site-packages/airflow/example_dags/example_skip_dag.py
[2026-05-04T00:51:13.308+0000] {processor.py:925} INFO - DAG(s) 'example_skip_dag' retrieved from /home/ec2-user/environment/lab4_model_training/venv/lib64/python3.12/site-packages/airflow/example_dags/example_skip_dag.py
[2026-05-04T00:51:13.321+0000] {logging_mixin.py:190} INFO - [2026-05-04T00:51:13.321+0000] {dag.py:3239} INFO - Sync 1 DAGs
[2026-05-04T00:51:13.336+0000] {logging_mixin.py:190} INFO - [2026-05-04T00:51:13.336+0000] {dag.py:4180} INFO - Setting next_dagrun for example_skip_dag to 2026-05-03 00:00:00+00:00, run_after=2026-05-04 00:00:00+00:00
[2026-05-04T00:51:13.353+0000] {processor.py:208} INFO - Processing /home/ec2-user/environment/lab4_model_training/venv/lib64/python3.12/site-packages/airflow/example_dags/example_skip_dag.py took 0.059 seconds
[2026-05-04T00:52:18.736+0000] {processor.py:186} INFO - Started process (PID=22251) to work on /home/ec2-user/environment/lab4_model_training/venv/lib64/python3.12/site-packages/airflow/example_dags/example_skip_dag.py
[2026-05-04T00:52:18.737+0000] {processor.py:914} INFO - Processing file /home/ec2-user/environment/lab4_model_training/venv/lib64/python3.12/site-packages/airflow/example_dags/example_skip_dag.py for tasks to queue
[2026-05-04T00:52:18.739+0000] {logging_mixin.py:190} INFO - [2026-05-04T00:52:18.738+0000] {dagbag.py:588} INFO - Filling up the DagBag from /home/ec2-user/environment/lab4_model_training/venv/lib64/python3.12/site-packages/airflow/example_dags/example_skip_dag.py
[2026-05-04T00:52:18.745+0000] {processor.py:925} INFO - DAG(s) 'example_skip_dag' retrieved from /home/ec2-user/environment/lab4_model_training/venv/lib64/python3.12/site-packages/airflow/example_dags/example_skip_dag.py
[2026-05-04T00:52:18.758+0000] {logging_mixin.py:190} INFO - [2026-05-04T00:52:18.758+0000] {dag.py:3239} INFO - Sync 1 DAGs
[2026-05-04T00:52:18.773+0000] {logging_mixin.py:190} INFO - [2026-05-04T00:52:18.773+0000] {dag.py:4180} INFO - Setting next_dagrun for example_skip_dag to 2026-05-03 00:00:00+00:00, run_after=2026-05-04 00:00:00+00:00
[2026-05-04T00:52:18.790+0000] {processor.py:208} INFO - Processing /home/ec2-user/environment/lab4_model_training/venv/lib64/python3.12/site-packages/airflow/example_dags/example_skip_dag.py took 0.058 seconds
[2026-05-04T00:53:20.564+0000] {processor.py:186} INFO - Started process (PID=22426) to work on /home/ec2-user/environment/lab4_model_training/venv/lib64/python3.12/site-packages/airflow/example_dags/example_skip_dag.py
[2026-05-04T00:53:20.565+0000] {processor.py:914} INFO - Processing file /home/ec2-user/environment/lab4_model_training/venv/lib64/python3.12/site-packages/airflow/example_dags/example_skip_dag.py for tasks to queue
[2026-05-04T00:53:20.567+0000] {logging_mixin.py:190} INFO - [2026-05-04T00:53:20.567+0000] {dagbag.py:588} INFO - Filling up the DagBag from /home/ec2-user/environment/lab4_model_training/venv/lib64/python3.12/site-packages/airflow/example_dags/example_skip_dag.py
[2026-05-04T00:53:20.573+0000] {processor.py:925} INFO - DAG(s) 'example_skip_dag' retrieved from /home/ec2-user/environment/lab4_model_training/venv/lib64/python3.12/site-packages/airflow/example_dags/example_skip_dag.py
[2026-05-04T00:53:20.586+0000] {logging_mixin.py:190} INFO - [2026-05-04T00:53:20.586+0000] {dag.py:3239} INFO - Sync 1 DAGs
[2026-05-04T00:53:20.601+0000] {logging_mixin.py:190} INFO - [2026-05-04T00:53:20.601+0000] {dag.py:4180} INFO - Setting next_dagrun for example_skip_dag to 2026-05-03 00:00:00+00:00, run_after=2026-05-04 00:00:00+00:00
[2026-05-04T00:53:20.617+0000] {processor.py:208} INFO - Processing /home/ec2-user/environment/lab4_model_training/venv/lib64/python3.12/site-packages/airflow/example_dags/example_skip_dag.py took 0.057 seconds
[2026-05-04T00:54:28.134+0000] {processor.py:186} INFO - Started process (PID=22561) to work on /home/ec2-user/environment/lab4_model_training/venv/lib64/python3.12/site-packages/airflow/example_dags/example_skip_dag.py
[2026-05-04T00:54:28.136+0000] {processor.py:914} INFO - Processing file /home/ec2-user/environment/lab4_model_training/venv/lib64/python3.12/site-packages/airflow/example_dags/example_skip_dag.py for tasks to queue
[2026-05-04T00:54:28.137+0000] {logging_mixin.py:190} INFO - [2026-05-04T00:54:28.137+0000] {dagbag.py:588} INFO - Filling up the DagBag from /home/ec2-user/environment/lab4_model_training/venv/lib64/python3.12/site-packages/airflow/example_dags/example_skip_dag.py
[2026-05-04T00:54:28.144+0000] {processor.py:925} INFO - DAG(s) 'example_skip_dag' retrieved from /home/ec2-user/environment/lab4_model_training/venv/lib64/python3.12/site-packages/airflow/example_dags/example_skip_dag.py
[2026-05-04T00:54:28.156+0000] {logging_mixin.py:190} INFO - [2026-05-04T00:54:28.156+0000] {dag.py:3239} INFO - Sync 1 DAGs
[2026-05-04T00:54:28.172+0000] {logging_mixin.py:190} INFO - [2026-05-04T00:54:28.172+0000] {dag.py:4180} INFO - Setting next_dagrun for example_skip_dag to 2026-05-03 00:00:00+00:00, run_after=2026-05-04 00:00:00+00:00
[2026-05-04T00:54:28.188+0000] {processor.py:208} INFO - Processing /home/ec2-user/environment/lab4_model_training/venv/lib64/python3.12/site-packages/airflow/example_dags/example_skip_dag.py took 0.058 seconds
[2026-05-04T00:55:31.904+0000] {processor.py:186} INFO - Started process (PID=22767) to work on /home/ec2-user/environment/lab4_model_training/venv/lib64/python3.12/site-packages/airflow/example_dags/example_skip_dag.py
[2026-05-04T00:55:31.905+0000] {processor.py:914} INFO - Processing file /home/ec2-user/environment/lab4_model_training/venv/lib64/python3.12/site-packages/airflow/example_dags/example_skip_dag.py for tasks to queue
[2026-05-04T00:55:31.907+0000] {logging_mixin.py:190} INFO - [2026-05-04T00:55:31.906+0000] {dagbag.py:588} INFO - Filling up the DagBag from /home/ec2-user/environment/lab4_model_training/venv/lib64/python3.12/site-packages/airflow/example_dags/example_skip_dag.py
[2026-05-04T00:55:31.913+0000] {processor.py:925} INFO - DAG(s) 'example_skip_dag' retrieved from /home/ec2-user/environment/lab4_model_training/venv/lib64/python3.12/site-packages/airflow/example_dags/example_skip_dag.py
[2026-05-04T00:55:31.926+0000] {logging_mixin.py:190} INFO - [2026-05-04T00:55:31.926+0000] {dag.py:3239} INFO - Sync 1 DAGs
[2026-05-04T00:55:31.942+0000] {logging_mixin.py:190} INFO - [2026-05-04T00:55:31.942+0000] {dag.py:4180} INFO - Setting next_dagrun for example_skip_dag to 2026-05-03 00:00:00+00:00, run_after=2026-05-04 00:00:00+00:00
[2026-05-04T00:55:31.958+0000] {processor.py:208} INFO - Processing /home/ec2-user/environment/lab4_model_training/venv/lib64/python3.12/site-packages/airflow/example_dags/example_skip_dag.py took 0.058 seconds
[2026-05-04T00:56:33.863+0000] {processor.py:186} INFO - Started process (PID=22931) to work on /home/ec2-user/environment/lab4_model_training/venv/lib64/python3.12/site-packages/airflow/example_dags/example_skip_dag.py
[2026-05-04T00:56:33.864+0000] {processor.py:914} INFO - Processing file /home/ec2-user/environment/lab4_model_training/venv/lib64/python3.12/site-packages/airflow/example_dags/example_skip_dag.py for tasks to queue
[2026-05-04T00:56:33.866+0000] {logging_mixin.py:190} INFO - [2026-05-04T00:56:33.866+0000] {dagbag.py:588} INFO - Filling up the DagBag from /home/ec2-user/environment/lab4_model_training/venv/lib64/python3.12/site-packages/airflow/example_dags/example_skip_dag.py
[2026-05-04T00:56:33.872+0000] {processor.py:925} INFO - DAG(s) 'example_skip_dag' retrieved from /home/ec2-user/environment/lab4_model_training/venv/lib64/python3.12/site-packages/airflow/example_dags/example_skip_dag.py
[2026-05-04T00:56:33.885+0000] {logging_mixin.py:190} INFO - [2026-05-04T00:56:33.885+0000] {dag.py:3239} INFO - Sync 1 DAGs
[2026-05-04T00:56:33.900+0000] {logging_mixin.py:190} INFO - [2026-05-04T00:56:33.900+0000] {dag.py:4180} INFO - Setting next_dagrun for example_skip_dag to 2026-05-03 00:00:00+00:00, run_after=2026-05-04 00:00:00+00:00
[2026-05-04T00:56:33.918+0000] {processor.py:208} INFO - Processing /home/ec2-user/environment/lab4_model_training/venv/lib64/python3.12/site-packages/airflow/example_dags/example_skip_dag.py took 0.059 seconds
[2026-05-04T00:57:41.115+0000] {processor.py:186} INFO - Started process (PID=23065) to work on /home/ec2-user/environment/lab4_model_training/venv/lib64/python3.12/site-packages/airflow/example_dags/example_skip_dag.py
[2026-05-04T00:57:41.116+0000] {processor.py:914} INFO - Processing file /home/ec2-user/environment/lab4_model_training/venv/lib64/python3.12/site-packages/airflow/example_dags/example_skip_dag.py for tasks to queue
[2026-05-04T00:57:41.118+0000] {logging_mixin.py:190} INFO - [2026-05-04T00:57:41.117+0000] {dagbag.py:588} INFO - Filling up the DagBag from /home/ec2-user/environment/lab4_model_training/venv/lib64/python3.12/site-packages/airflow/example_dags/example_skip_dag.py
[2026-05-04T00:57:41.124+0000] {processor.py:925} INFO - DAG(s) 'example_skip_dag' retrieved from /home/ec2-user/environment/lab4_model_training/venv/lib64/python3.12/site-packages/airflow/example_dags/example_skip_dag.py
[2026-05-04T00:57:41.137+0000] {logging_mixin.py:190} INFO - [2026-05-04T00:57:41.137+0000] {dag.py:3239} INFO - Sync 1 DAGs
[2026-05-04T00:57:41.154+0000] {logging_mixin.py:190} INFO - [2026-05-04T00:57:41.153+0000] {dag.py:4180} INFO - Setting next_dagrun for example_skip_dag to 2026-05-03 00:00:00+00:00, run_after=2026-05-04 00:00:00+00:00
[2026-05-04T00:57:41.171+0000] {processor.py:208} INFO - Processing /home/ec2-user/environment/lab4_model_training/venv/lib64/python3.12/site-packages/airflow/example_dags/example_skip_dag.py took 0.061 seconds
[2026-05-04T00:58:46.389+0000] {processor.py:186} INFO - Started process (PID=23227) to work on /home/ec2-user/environment/lab4_model_training/venv/lib64/python3.12/site-packages/airflow/example_dags/example_skip_dag.py
[2026-05-04T00:58:46.390+0000] {processor.py:914} INFO - Processing file /home/ec2-user/environment/lab4_model_training/venv/lib64/python3.12/site-packages/airflow/example_dags/example_skip_dag.py for tasks to queue
[2026-05-04T00:58:46.391+0000] {logging_mixin.py:190} INFO - [2026-05-04T00:58:46.391+0000] {dagbag.py:588} INFO - Filling up the DagBag from /home/ec2-user/environment/lab4_model_training/venv/lib64/python3.12/site-packages/airflow/example_dags/example_skip_dag.py
[2026-05-04T00:58:46.398+0000] {processor.py:925} INFO - DAG(s) 'example_skip_dag' retrieved from /home/ec2-user/environment/lab4_model_training/venv/lib64/python3.12/site-packages/airflow/example_dags/example_skip_dag.py
[2026-05-04T00:58:46.410+0000] {logging_mixin.py:190} INFO - [2026-05-04T00:58:46.410+0000] {dag.py:3239} INFO - Sync 1 DAGs
[2026-05-04T00:58:46.425+0000] {logging_mixin.py:190} INFO - [2026-05-04T00:58:46.425+0000] {dag.py:4180} INFO - Setting next_dagrun for example_skip_dag to 2026-05-03 00:00:00+00:00, run_after=2026-05-04 00:00:00+00:00
[2026-05-04T00:58:46.442+0000] {processor.py:208} INFO - Processing /home/ec2-user/environment/lab4_model_training/venv/lib64/python3.12/site-packages/airflow/example_dags/example_skip_dag.py took 0.057 seconds
[2026-05-04T00:59:54.763+0000] {processor.py:186} INFO - Started process (PID=23375) to work on /home/ec2-user/environment/lab4_model_training/venv/lib64/python3.12/site-packages/airflow/example_dags/example_skip_dag.py
[2026-05-04T00:59:54.764+0000] {processor.py:914} INFO - Processing file /home/ec2-user/environment/lab4_model_training/venv/lib64/python3.12/site-packages/airflow/example_dags/example_skip_dag.py for tasks to queue
[2026-05-04T00:59:54.765+0000] {logging_mixin.py:190} INFO - [2026-05-04T00:59:54.765+0000] {dagbag.py:588} INFO - Filling up the DagBag from /home/ec2-user/environment/lab4_model_training/venv/lib64/python3.12/site-packages/airflow/example_dags/example_skip_dag.py
[2026-05-04T00:59:54.772+0000] {processor.py:925} INFO - DAG(s) 'example_skip_dag' retrieved from /home/ec2-user/environment/lab4_model_training/venv/lib64/python3.12/site-packages/airflow/example_dags/example_skip_dag.py
[2026-05-04T00:59:54.785+0000] {logging_mixin.py:190} INFO - [2026-05-04T00:59:54.785+0000] {dag.py:3239} INFO - Sync 1 DAGs
[2026-05-04T00:59:54.800+0000] {logging_mixin.py:190} INFO - [2026-05-04T00:59:54.800+0000] {dag.py:4180} INFO - Setting next_dagrun for example_skip_dag to 2026-05-03 00:00:00+00:00, run_after=2026-05-04 00:00:00+00:00
[2026-05-04T00:59:54.817+0000] {processor.py:208} INFO - Processing /home/ec2-user/environment/lab4_model_training/venv/lib64/python3.12/site-packages/airflow/example_dags/example_skip_dag.py took 0.059 seconds
[2026-05-04T01:01:03.012+0000] {processor.py:186} INFO - Started process (PID=23564) to work on /home/ec2-user/environment/lab4_model_training/venv/lib64/python3.12/site-packages/airflow/example_dags/example_skip_dag.py
[2026-05-04T01:01:03.013+0000] {processor.py:914} INFO - Processing file /home/ec2-user/environment/lab4_model_training/venv/lib64/python3.12/site-packages/airflow/example_dags/example_skip_dag.py for tasks to queue
[2026-05-04T01:01:03.014+0000] {logging_mixin.py:190} INFO - [2026-05-04T01:01:03.014+0000] {dagbag.py:588} INFO - Filling up the DagBag from /home/ec2-user/environment/lab4_model_training/venv/lib64/python3.12/site-packages/airflow/example_dags/example_skip_dag.py
[2026-05-04T01:01:03.021+0000] {processor.py:925} INFO - DAG(s) 'example_skip_dag' retrieved from /home/ec2-user/environment/lab4_model_training/venv/lib64/python3.12/site-packages/airflow/example_dags/example_skip_dag.py
[2026-05-04T01:01:03.034+0000] {logging_mixin.py:190} INFO - [2026-05-04T01:01:03.034+0000] {dag.py:3239} INFO - Sync 1 DAGs
[2026-05-04T01:01:03.050+0000] {logging_mixin.py:190} INFO - [2026-05-04T01:01:03.050+0000] {dag.py:4180} INFO - Setting next_dagrun for example_skip_dag to 2026-05-03 00:00:00+00:00, run_after=2026-05-04 00:00:00+00:00
[2026-05-04T01:01:03.066+0000] {processor.py:208} INFO - Processing /home/ec2-user/environment/lab4_model_training/venv/lib64/python3.12/site-packages/airflow/example_dags/example_skip_dag.py took 0.059 seconds
[2026-05-04T01:02:11.740+0000] {processor.py:186} INFO - Started process (PID=23658) to work on /home/ec2-user/environment/lab4_model_training/venv/lib64/python3.12/site-packages/airflow/example_dags/example_skip_dag.py
[2026-05-04T01:02:11.741+0000] {processor.py:914} INFO - Processing file /home/ec2-user/environment/lab4_model_training/venv/lib64/python3.12/site-packages/airflow/example_dags/example_skip_dag.py for tasks to queue
[2026-05-04T01:02:11.743+0000] {logging_mixin.py:190} INFO - [2026-05-04T01:02:11.743+0000] {dagbag.py:588} INFO - Filling up the DagBag from /home/ec2-user/environment/lab4_model_training/venv/lib64/python3.12/site-packages/airflow/example_dags/example_skip_dag.py
[2026-05-04T01:02:11.750+0000] {processor.py:925} INFO - DAG(s) 'example_skip_dag' retrieved from /home/ec2-user/environment/lab4_model_training/venv/lib64/python3.12/site-packages/airflow/example_dags/example_skip_dag.py
[2026-05-04T01:02:11.763+0000] {logging_mixin.py:190} INFO - [2026-05-04T01:02:11.763+0000] {dag.py:3239} INFO - Sync 1 DAGs
[2026-05-04T01:02:11.779+0000] {logging_mixin.py:190} INFO - [2026-05-04T01:02:11.779+0000] {dag.py:4180} INFO - Setting next_dagrun for example_skip_dag to 2026-05-03 00:00:00+00:00, run_after=2026-05-04 00:00:00+00:00
[2026-05-04T01:02:11.796+0000] {processor.py:208} INFO - Processing /home/ec2-user/environment/lab4_model_training/venv/lib64/python3.12/site-packages/airflow/example_dags/example_skip_dag.py took 0.061 seconds
[2026-05-04T01:03:15.914+0000] {processor.py:186} INFO - Started process (PID=23799) to work on /home/ec2-user/environment/lab4_model_training/venv/lib64/python3.12/site-packages/airflow/example_dags/example_skip_dag.py
[2026-05-04T01:03:15.916+0000] {processor.py:914} INFO - Processing file /home/ec2-user/environment/lab4_model_training/venv/lib64/python3.12/site-packages/airflow/example_dags/example_skip_dag.py for tasks to queue
[2026-05-04T01:03:15.917+0000] {logging_mixin.py:190} INFO - [2026-05-04T01:03:15.917+0000] {dagbag.py:588} INFO - Filling up the DagBag from /home/ec2-user/environment/lab4_model_training/venv/lib64/python3.12/site-packages/airflow/example_dags/example_skip_dag.py
[2026-05-04T01:03:15.923+0000] {processor.py:925} INFO - DAG(s) 'example_skip_dag' retrieved from /home/ec2-user/environment/lab4_model_training/venv/lib64/python3.12/site-packages/airflow/example_dags/example_skip_dag.py
[2026-05-04T01:03:15.937+0000] {logging_mixin.py:190} INFO - [2026-05-04T01:03:15.937+0000] {dag.py:3239} INFO - Sync 1 DAGs
[2026-05-04T01:03:15.953+0000] {logging_mixin.py:190} INFO - [2026-05-04T01:03:15.952+0000] {dag.py:4180} INFO - Setting next_dagrun for example_skip_dag to 2026-05-03 00:00:00+00:00, run_after=2026-05-04 00:00:00+00:00
[2026-05-04T01:03:15.971+0000] {processor.py:208} INFO - Processing /home/ec2-user/environment/lab4_model_training/venv/lib64/python3.12/site-packages/airflow/example_dags/example_skip_dag.py took 0.061 seconds
[2026-05-04T01:04:26.265+0000] {processor.py:186} INFO - Started process (PID=23889) to work on /home/ec2-user/environment/lab4_model_training/venv/lib64/python3.12/site-packages/airflow/example_dags/example_skip_dag.py
[2026-05-04T01:04:26.266+0000] {processor.py:914} INFO - Processing file /home/ec2-user/environment/lab4_model_training/venv/lib64/python3.12/site-packages/airflow/example_dags/example_skip_dag.py for tasks to queue
[2026-05-04T01:04:26.267+0000] {logging_mixin.py:190} INFO - [2026-05-04T01:04:26.267+0000] {dagbag.py:588} INFO - Filling up the DagBag from /home/ec2-user/environment/lab4_model_training/venv/lib64/python3.12/site-packages/airflow/example_dags/example_skip_dag.py
[2026-05-04T01:04:26.274+0000] {processor.py:925} INFO - DAG(s) 'example_skip_dag' retrieved from /home/ec2-user/environment/lab4_model_training/venv/lib64/python3.12/site-packages/airflow/example_dags/example_skip_dag.py
[2026-05-04T01:04:26.287+0000] {logging_mixin.py:190} INFO - [2026-05-04T01:04:26.287+0000] {dag.py:3239} INFO - Sync 1 DAGs
[2026-05-04T01:04:26.304+0000] {logging_mixin.py:190} INFO - [2026-05-04T01:04:26.303+0000] {dag.py:4180} INFO - Setting next_dagrun for example_skip_dag to 2026-05-03 00:00:00+00:00, run_after=2026-05-04 00:00:00+00:00
[2026-05-04T01:04:26.322+0000] {processor.py:208} INFO - Processing /home/ec2-user/environment/lab4_model_training/venv/lib64/python3.12/site-packages/airflow/example_dags/example_skip_dag.py took 0.061 seconds
[2026-05-04T01:05:31.204+0000] {processor.py:186} INFO - Started process (PID=24025) to work on /home/ec2-user/environment/lab4_model_training/venv/lib64/python3.12/site-packages/airflow/example_dags/example_skip_dag.py
[2026-05-04T01:05:31.205+0000] {processor.py:914} INFO - Processing file /home/ec2-user/environment/lab4_model_training/venv/lib64/python3.12/site-packages/airflow/example_dags/example_skip_dag.py for tasks to queue
[2026-05-04T01:05:31.206+0000] {logging_mixin.py:190} INFO - [2026-05-04T01:05:31.206+0000] {dagbag.py:588} INFO - Filling up the DagBag from /home/ec2-user/environment/lab4_model_training/venv/lib64/python3.12/site-packages/airflow/example_dags/example_skip_dag.py
[2026-05-04T01:05:31.212+0000] {processor.py:925} INFO - DAG(s) 'example_skip_dag' retrieved from /home/ec2-user/environment/lab4_model_training/venv/lib64/python3.12/site-packages/airflow/example_dags/example_skip_dag.py
[2026-05-04T01:05:31.225+0000] {logging_mixin.py:190} INFO - [2026-05-04T01:05:31.225+0000] {dag.py:3239} INFO - Sync 1 DAGs
[2026-05-04T01:05:31.240+0000] {logging_mixin.py:190} INFO - [2026-05-04T01:05:31.240+0000] {dag.py:4180} INFO - Setting next_dagrun for example_skip_dag to 2026-05-03 00:00:00+00:00, run_after=2026-05-04 00:00:00+00:00
[2026-05-04T01:05:31.256+0000] {processor.py:208} INFO - Processing /home/ec2-user/environment/lab4_model_training/venv/lib64/python3.12/site-packages/airflow/example_dags/example_skip_dag.py took 0.057 seconds
[2026-05-04T01:06:38.357+0000] {processor.py:186} INFO - Started process (PID=24162) to work on /home/ec2-user/environment/lab4_model_training/venv/lib64/python3.12/site-packages/airflow/example_dags/example_skip_dag.py
[2026-05-04T01:06:38.358+0000] {processor.py:914} INFO - Processing file /home/ec2-user/environment/lab4_model_training/venv/lib64/python3.12/site-packages/airflow/example_dags/example_skip_dag.py for tasks to queue
[2026-05-04T01:06:38.359+0000] {logging_mixin.py:190} INFO - [2026-05-04T01:06:38.359+0000] {dagbag.py:588} INFO - Filling up the DagBag from /home/ec2-user/environment/lab4_model_training/venv/lib64/python3.12/site-packages/airflow/example_dags/example_skip_dag.py
[2026-05-04T01:06:38.366+0000] {processor.py:925} INFO - DAG(s) 'example_skip_dag' retrieved from /home/ec2-user/environment/lab4_model_training/venv/lib64/python3.12/site-packages/airflow/example_dags/example_skip_dag.py
[2026-05-04T01:06:38.379+0000] {logging_mixin.py:190} INFO - [2026-05-04T01:06:38.379+0000] {dag.py:3239} INFO - Sync 1 DAGs
[2026-05-04T01:06:38.395+0000] {logging_mixin.py:190} INFO - [2026-05-04T01:06:38.394+0000] {dag.py:4180} INFO - Setting next_dagrun for example_skip_dag to 2026-05-03 00:00:00+00:00, run_after=2026-05-04 00:00:00+00:00
[2026-05-04T01:06:38.412+0000] {processor.py:208} INFO - Processing /home/ec2-user/environment/lab4_model_training/venv/lib64/python3.12/site-packages/airflow/example_dags/example_skip_dag.py took 0.060 seconds
[2026-05-04T01:07:45.765+0000] {processor.py:186} INFO - Started process (PID=24250) to work on /home/ec2-user/environment/lab4_model_training/venv/lib64/python3.12/site-packages/airflow/example_dags/example_skip_dag.py
[2026-05-04T01:07:45.766+0000] {processor.py:914} INFO - Processing file /home/ec2-user/environment/lab4_model_training/venv/lib64/python3.12/site-packages/airflow/example_dags/example_skip_dag.py for tasks to queue
[2026-05-04T01:07:45.768+0000] {logging_mixin.py:190} INFO - [2026-05-04T01:07:45.768+0000] {dagbag.py:588} INFO - Filling up the DagBag from /home/ec2-user/environment/lab4_model_training/venv/lib64/python3.12/site-packages/airflow/example_dags/example_skip_dag.py
[2026-05-04T01:07:45.774+0000] {processor.py:925} INFO - DAG(s) 'example_skip_dag' retrieved from /home/ec2-user/environment/lab4_model_training/venv/lib64/python3.12/site-packages/airflow/example_dags/example_skip_dag.py
[2026-05-04T01:07:45.787+0000] {logging_mixin.py:190} INFO - [2026-05-04T01:07:45.787+0000] {dag.py:3239} INFO - Sync 1 DAGs
[2026-05-04T01:07:45.803+0000] {logging_mixin.py:190} INFO - [2026-05-04T01:07:45.803+0000] {dag.py:4180} INFO - Setting next_dagrun for example_skip_dag to 2026-05-03 00:00:00+00:00, run_after=2026-05-04 00:00:00+00:00
[2026-05-04T01:07:45.820+0000] {processor.py:208} INFO - Processing /home/ec2-user/environment/lab4_model_training/venv/lib64/python3.12/site-packages/airflow/example_dags/example_skip_dag.py took 0.060 seconds
[2026-05-04T01:08:52.678+0000] {processor.py:186} INFO - Started process (PID=24392) to work on /home/ec2-user/environment/lab4_model_training/venv/lib64/python3.12/site-packages/airflow/example_dags/example_skip_dag.py
[2026-05-04T01:08:52.679+0000] {processor.py:914} INFO - Processing file /home/ec2-user/environment/lab4_model_training/venv/lib64/python3.12/site-packages/airflow/example_dags/example_skip_dag.py for tasks to queue
[2026-05-04T01:08:52.681+0000] {logging_mixin.py:190} INFO - [2026-05-04T01:08:52.680+0000] {dagbag.py:588} INFO - Filling up the DagBag from /home/ec2-user/environment/lab4_model_training/venv/lib64/python3.12/site-packages/airflow/example_dags/example_skip_dag.py
[2026-05-04T01:08:52.687+0000] {processor.py:925} INFO - DAG(s) 'example_skip_dag' retrieved from /home/ec2-user/environment/lab4_model_training/venv/lib64/python3.12/site-packages/airflow/example_dags/example_skip_dag.py
[2026-05-04T01:08:52.700+0000] {logging_mixin.py:190} INFO - [2026-05-04T01:08:52.699+0000] {dag.py:3239} INFO - Sync 1 DAGs
[2026-05-04T01:08:52.715+0000] {logging_mixin.py:190} INFO - [2026-05-04T01:08:52.715+0000] {dag.py:4180} INFO - Setting next_dagrun for example_skip_dag to 2026-05-03 00:00:00+00:00, run_after=2026-05-04 00:00:00+00:00
[2026-05-04T01:08:52.837+0000] {processor.py:208} INFO - Processing /home/ec2-user/environment/lab4_model_training/venv/lib64/python3.12/site-packages/airflow/example_dags/example_skip_dag.py took 0.164 seconds
[2026-05-04T01:10:02.983+0000] {processor.py:186} INFO - Started process (PID=24938) to work on /home/ec2-user/environment/lab4_model_training/venv/lib64/python3.12/site-packages/airflow/example_dags/example_skip_dag.py
[2026-05-04T01:10:02.984+0000] {processor.py:914} INFO - Processing file /home/ec2-user/environment/lab4_model_training/venv/lib64/python3.12/site-packages/airflow/example_dags/example_skip_dag.py for tasks to queue
[2026-05-04T01:10:02.986+0000] {logging_mixin.py:190} INFO - [2026-05-04T01:10:02.985+0000] {dagbag.py:588} INFO - Filling up the DagBag from /home/ec2-user/environment/lab4_model_training/venv/lib64/python3.12/site-packages/airflow/example_dags/example_skip_dag.py
[2026-05-04T01:10:02.992+0000] {processor.py:925} INFO - DAG(s) 'example_skip_dag' retrieved from /home/ec2-user/environment/lab4_model_training/venv/lib64/python3.12/site-packages/airflow/example_dags/example_skip_dag.py
[2026-05-04T01:10:03.006+0000] {logging_mixin.py:190} INFO - [2026-05-04T01:10:03.005+0000] {dag.py:3239} INFO - Sync 1 DAGs
[2026-05-04T01:10:03.021+0000] {logging_mixin.py:190} INFO - [2026-05-04T01:10:03.021+0000] {dag.py:4180} INFO - Setting next_dagrun for example_skip_dag to 2026-05-03 00:00:00+00:00, run_after=2026-05-04 00:00:00+00:00
[2026-05-04T01:10:03.039+0000] {processor.py:208} INFO - Processing /home/ec2-user/environment/lab4_model_training/venv/lib64/python3.12/site-packages/airflow/example_dags/example_skip_dag.py took 0.061 seconds
[2026-05-04T01:11:12.990+0000] {processor.py:186} INFO - Started process (PID=25495) to work on /home/ec2-user/environment/lab4_model_training/venv/lib64/python3.12/site-packages/airflow/example_dags/example_skip_dag.py
[2026-05-04T01:11:12.992+0000] {processor.py:914} INFO - Processing file /home/ec2-user/environment/lab4_model_training/venv/lib64/python3.12/site-packages/airflow/example_dags/example_skip_dag.py for tasks to queue
[2026-05-04T01:11:12.994+0000] {logging_mixin.py:190} INFO - [2026-05-04T01:11:12.993+0000] {dagbag.py:588} INFO - Filling up the DagBag from /home/ec2-user/environment/lab4_model_training/venv/lib64/python3.12/site-packages/airflow/example_dags/example_skip_dag.py
[2026-05-04T01:11:13.003+0000] {processor.py:925} INFO - DAG(s) 'example_skip_dag' retrieved from /home/ec2-user/environment/lab4_model_training/venv/lib64/python3.12/site-packages/airflow/example_dags/example_skip_dag.py
[2026-05-04T01:11:13.022+0000] {logging_mixin.py:190} INFO - [2026-05-04T01:11:13.022+0000] {dag.py:3239} INFO - Sync 1 DAGs
[2026-05-04T01:11:13.045+0000] {logging_mixin.py:190} INFO - [2026-05-04T01:11:13.045+0000] {dag.py:4180} INFO - Setting next_dagrun for example_skip_dag to 2026-05-03 00:00:00+00:00, run_after=2026-05-04 00:00:00+00:00
[2026-05-04T01:11:13.067+0000] {processor.py:208} INFO - Processing /home/ec2-user/environment/lab4_model_training/venv/lib64/python3.12/site-packages/airflow/example_dags/example_skip_dag.py took 0.081 seconds
[2026-05-04T01:12:24.334+0000] {processor.py:186} INFO - Started process (PID=26000) to work on /home/ec2-user/environment/lab4_model_training/venv/lib64/python3.12/site-packages/airflow/example_dags/example_skip_dag.py
[2026-05-04T01:12:24.335+0000] {processor.py:914} INFO - Processing file /home/ec2-user/environment/lab4_model_training/venv/lib64/python3.12/site-packages/airflow/example_dags/example_skip_dag.py for tasks to queue
[2026-05-04T01:12:24.337+0000] {logging_mixin.py:190} INFO - [2026-05-04T01:12:24.336+0000] {dagbag.py:588} INFO - Filling up the DagBag from /home/ec2-user/environment/lab4_model_training/venv/lib64/python3.12/site-packages/airflow/example_dags/example_skip_dag.py
[2026-05-04T01:12:24.345+0000] {processor.py:925} INFO - DAG(s) 'example_skip_dag' retrieved from /home/ec2-user/environment/lab4_model_training/venv/lib64/python3.12/site-packages/airflow/example_dags/example_skip_dag.py
[2026-05-04T01:12:24.363+0000] {logging_mixin.py:190} INFO - [2026-05-04T01:12:24.363+0000] {dag.py:3239} INFO - Sync 1 DAGs
[2026-05-04T01:12:24.385+0000] {logging_mixin.py:190} INFO - [2026-05-04T01:12:24.385+0000] {dag.py:4180} INFO - Setting next_dagrun for example_skip_dag to 2026-05-03 00:00:00+00:00, run_after=2026-05-04 00:00:00+00:00
[2026-05-04T01:12:24.413+0000] {processor.py:208} INFO - Processing /home/ec2-user/environment/lab4_model_training/venv/lib64/python3.12/site-packages/airflow/example_dags/example_skip_dag.py took 0.084 seconds
[2026-05-04T01:13:34.269+0000] {processor.py:186} INFO - Started process (PID=26525) to work on /home/ec2-user/environment/lab4_model_training/venv/lib64/python3.12/site-packages/airflow/example_dags/example_skip_dag.py
[2026-05-04T01:13:34.270+0000] {processor.py:914} INFO - Processing file /home/ec2-user/environment/lab4_model_training/venv/lib64/python3.12/site-packages/airflow/example_dags/example_skip_dag.py for tasks to queue
[2026-05-04T01:13:34.272+0000] {logging_mixin.py:190} INFO - [2026-05-04T01:13:34.272+0000] {dagbag.py:588} INFO - Filling up the DagBag from /home/ec2-user/environment/lab4_model_training/venv/lib64/python3.12/site-packages/airflow/example_dags/example_skip_dag.py
[2026-05-04T01:13:34.279+0000] {processor.py:925} INFO - DAG(s) 'example_skip_dag' retrieved from /home/ec2-user/environment/lab4_model_training/venv/lib64/python3.12/site-packages/airflow/example_dags/example_skip_dag.py
[2026-05-04T01:13:34.293+0000] {logging_mixin.py:190} INFO - [2026-05-04T01:13:34.293+0000] {dag.py:3239} INFO - Sync 1 DAGs
[2026-05-04T01:13:34.432+0000] {logging_mixin.py:190} INFO - [2026-05-04T01:13:34.432+0000] {dag.py:4180} INFO - Setting next_dagrun for example_skip_dag to 2026-05-03 00:00:00+00:00, run_after=2026-05-04 00:00:00+00:00
[2026-05-04T01:13:34.449+0000] {processor.py:208} INFO - Processing /home/ec2-user/environment/lab4_model_training/venv/lib64/python3.12/site-packages/airflow/example_dags/example_skip_dag.py took 0.185 seconds
[2026-05-04T01:14:44.612+0000] {processor.py:186} INFO - Started process (PID=27054) to work on /home/ec2-user/environment/lab4_model_training/venv/lib64/python3.12/site-packages/airflow/example_dags/example_skip_dag.py
[2026-05-04T01:14:44.614+0000] {processor.py:914} INFO - Processing file /home/ec2-user/environment/lab4_model_training/venv/lib64/python3.12/site-packages/airflow/example_dags/example_skip_dag.py for tasks to queue
[2026-05-04T01:14:44.616+0000] {logging_mixin.py:190} INFO - [2026-05-04T01:14:44.615+0000] {dagbag.py:588} INFO - Filling up the DagBag from /home/ec2-user/environment/lab4_model_training/venv/lib64/python3.12/site-packages/airflow/example_dags/example_skip_dag.py
[2026-05-04T01:14:44.624+0000] {processor.py:925} INFO - DAG(s) 'example_skip_dag' retrieved from /home/ec2-user/environment/lab4_model_training/venv/lib64/python3.12/site-packages/airflow/example_dags/example_skip_dag.py
[2026-05-04T01:14:44.643+0000] {logging_mixin.py:190} INFO - [2026-05-04T01:14:44.642+0000] {dag.py:3239} INFO - Sync 1 DAGs
[2026-05-04T01:14:44.776+0000] {logging_mixin.py:190} INFO - [2026-05-04T01:14:44.776+0000] {dag.py:4180} INFO - Setting next_dagrun for example_skip_dag to 2026-05-03 00:00:00+00:00, run_after=2026-05-04 00:00:00+00:00
[2026-05-04T01:14:44.795+0000] {processor.py:208} INFO - Processing /home/ec2-user/environment/lab4_model_training/venv/lib64/python3.12/site-packages/airflow/example_dags/example_skip_dag.py took 0.188 seconds
[2026-05-04T01:15:57.619+0000] {processor.py:186} INFO - Started process (PID=27556) to work on /home/ec2-user/environment/lab4_model_training/venv/lib64/python3.12/site-packages/airflow/example_dags/example_skip_dag.py
[2026-05-04T01:15:57.620+0000] {processor.py:914} INFO - Processing file /home/ec2-user/environment/lab4_model_training/venv/lib64/python3.12/site-packages/airflow/example_dags/example_skip_dag.py for tasks to queue
[2026-05-04T01:15:57.622+0000] {logging_mixin.py:190} INFO - [2026-05-04T01:15:57.622+0000] {dagbag.py:588} INFO - Filling up the DagBag from /home/ec2-user/environment/lab4_model_training/venv/lib64/python3.12/site-packages/airflow/example_dags/example_skip_dag.py
[2026-05-04T01:15:57.629+0000] {processor.py:925} INFO - DAG(s) 'example_skip_dag' retrieved from /home/ec2-user/environment/lab4_model_training/venv/lib64/python3.12/site-packages/airflow/example_dags/example_skip_dag.py
[2026-05-04T01:15:57.643+0000] {logging_mixin.py:190} INFO - [2026-05-04T01:15:57.643+0000] {dag.py:3239} INFO - Sync 1 DAGs
[2026-05-04T01:15:57.660+0000] {logging_mixin.py:190} INFO - [2026-05-04T01:15:57.660+0000] {dag.py:4180} INFO - Setting next_dagrun for example_skip_dag to 2026-05-03 00:00:00+00:00, run_after=2026-05-04 00:00:00+00:00
[2026-05-04T01:15:57.680+0000] {processor.py:208} INFO - Processing /home/ec2-user/environment/lab4_model_training/venv/lib64/python3.12/site-packages/airflow/example_dags/example_skip_dag.py took 0.066 seconds
[2026-05-04T01:16:59.572+0000] {processor.py:186} INFO - Started process (PID=28068) to work on /home/ec2-user/environment/lab4_model_training/venv/lib64/python3.12/site-packages/airflow/example_dags/example_skip_dag.py
[2026-05-04T01:16:59.573+0000] {processor.py:914} INFO - Processing file /home/ec2-user/environment/lab4_model_training/venv/lib64/python3.12/site-packages/airflow/example_dags/example_skip_dag.py for tasks to queue
[2026-05-04T01:16:59.576+0000] {logging_mixin.py:190} INFO - [2026-05-04T01:16:59.576+0000] {dagbag.py:588} INFO - Filling up the DagBag from /home/ec2-user/environment/lab4_model_training/venv/lib64/python3.12/site-packages/airflow/example_dags/example_skip_dag.py
[2026-05-04T01:16:59.583+0000] {processor.py:925} INFO - DAG(s) 'example_skip_dag' retrieved from /home/ec2-user/environment/lab4_model_training/venv/lib64/python3.12/site-packages/airflow/example_dags/example_skip_dag.py
[2026-05-04T01:16:59.597+0000] {logging_mixin.py:190} INFO - [2026-05-04T01:16:59.597+0000] {dag.py:3239} INFO - Sync 1 DAGs
[2026-05-04T01:16:59.613+0000] {logging_mixin.py:190} INFO - [2026-05-04T01:16:59.613+0000] {dag.py:4180} INFO - Setting next_dagrun for example_skip_dag to 2026-05-03 00:00:00+00:00, run_after=2026-05-04 00:00:00+00:00
[2026-05-04T01:16:59.633+0000] {processor.py:208} INFO - Processing /home/ec2-user/environment/lab4_model_training/venv/lib64/python3.12/site-packages/airflow/example_dags/example_skip_dag.py took 0.065 seconds
[2026-05-04T01:18:05.816+0000] {processor.py:186} INFO - Started process (PID=28584) to work on /home/ec2-user/environment/lab4_model_training/venv/lib64/python3.12/site-packages/airflow/example_dags/example_skip_dag.py
[2026-05-04T01:18:05.817+0000] {processor.py:914} INFO - Processing file /home/ec2-user/environment/lab4_model_training/venv/lib64/python3.12/site-packages/airflow/example_dags/example_skip_dag.py for tasks to queue
[2026-05-04T01:18:05.819+0000] {logging_mixin.py:190} INFO - [2026-05-04T01:18:05.819+0000] {dagbag.py:588} INFO - Filling up the DagBag from /home/ec2-user/environment/lab4_model_training/venv/lib64/python3.12/site-packages/airflow/example_dags/example_skip_dag.py
[2026-05-04T01:18:05.825+0000] {processor.py:925} INFO - DAG(s) 'example_skip_dag' retrieved from /home/ec2-user/environment/lab4_model_training/venv/lib64/python3.12/site-packages/airflow/example_dags/example_skip_dag.py
[2026-05-04T01:18:05.839+0000] {logging_mixin.py:190} INFO - [2026-05-04T01:18:05.839+0000] {dag.py:3239} INFO - Sync 1 DAGs
[2026-05-04T01:18:05.855+0000] {logging_mixin.py:190} INFO - [2026-05-04T01:18:05.854+0000] {dag.py:4180} INFO - Setting next_dagrun for example_skip_dag to 2026-05-03 00:00:00+00:00, run_after=2026-05-04 00:00:00+00:00
[2026-05-04T01:18:05.872+0000] {processor.py:208} INFO - Processing /home/ec2-user/environment/lab4_model_training/venv/lib64/python3.12/site-packages/airflow/example_dags/example_skip_dag.py took 0.061 seconds
[2026-05-04T01:19:14.061+0000] {processor.py:186} INFO - Started process (PID=29133) to work on /home/ec2-user/environment/lab4_model_training/venv/lib64/python3.12/site-packages/airflow/example_dags/example_skip_dag.py
[2026-05-04T01:19:14.062+0000] {processor.py:914} INFO - Processing file /home/ec2-user/environment/lab4_model_training/venv/lib64/python3.12/site-packages/airflow/example_dags/example_skip_dag.py for tasks to queue
[2026-05-04T01:19:14.065+0000] {logging_mixin.py:190} INFO - [2026-05-04T01:19:14.064+0000] {dagbag.py:588} INFO - Filling up the DagBag from /home/ec2-user/environment/lab4_model_training/venv/lib64/python3.12/site-packages/airflow/example_dags/example_skip_dag.py
[2026-05-04T01:19:14.073+0000] {processor.py:925} INFO - DAG(s) 'example_skip_dag' retrieved from /home/ec2-user/environment/lab4_model_training/venv/lib64/python3.12/site-packages/airflow/example_dags/example_skip_dag.py
[2026-05-04T01:19:14.086+0000] {logging_mixin.py:190} INFO - [2026-05-04T01:19:14.086+0000] {dag.py:3239} INFO - Sync 1 DAGs
[2026-05-04T01:19:14.103+0000] {logging_mixin.py:190} INFO - [2026-05-04T01:19:14.102+0000] {dag.py:4180} INFO - Setting next_dagrun for example_skip_dag to 2026-05-03 00:00:00+00:00, run_after=2026-05-04 00:00:00+00:00
[2026-05-04T01:19:14.120+0000] {processor.py:208} INFO - Processing /home/ec2-user/environment/lab4_model_training/venv/lib64/python3.12/site-packages/airflow/example_dags/example_skip_dag.py took 0.064 seconds
[2026-05-04T01:20:19.576+0000] {processor.py:186} INFO - Started process (PID=29674) to work on /home/ec2-user/environment/lab4_model_training/venv/lib64/python3.12/site-packages/airflow/example_dags/example_skip_dag.py
[2026-05-04T01:20:19.577+0000] {processor.py:914} INFO - Processing file /home/ec2-user/environment/lab4_model_training/venv/lib64/python3.12/site-packages/airflow/example_dags/example_skip_dag.py for tasks to queue
[2026-05-04T01:20:19.579+0000] {logging_mixin.py:190} INFO - [2026-05-04T01:20:19.579+0000] {dagbag.py:588} INFO - Filling up the DagBag from /home/ec2-user/environment/lab4_model_training/venv/lib64/python3.12/site-packages/airflow/example_dags/example_skip_dag.py
[2026-05-04T01:20:19.586+0000] {processor.py:925} INFO - DAG(s) 'example_skip_dag' retrieved from /home/ec2-user/environment/lab4_model_training/venv/lib64/python3.12/site-packages/airflow/example_dags/example_skip_dag.py
[2026-05-04T01:20:19.600+0000] {logging_mixin.py:190} INFO - [2026-05-04T01:20:19.599+0000] {dag.py:3239} INFO - Sync 1 DAGs
[2026-05-04T01:20:19.616+0000] {logging_mixin.py:190} INFO - [2026-05-04T01:20:19.616+0000] {dag.py:4180} INFO - Setting next_dagrun for example_skip_dag to 2026-05-03 00:00:00+00:00, run_after=2026-05-04 00:00:00+00:00
[2026-05-04T01:20:19.635+0000] {processor.py:208} INFO - Processing /home/ec2-user/environment/lab4_model_training/venv/lib64/python3.12/site-packages/airflow/example_dags/example_skip_dag.py took 0.063 seconds
[2026-05-04T01:21:24.251+0000] {processor.py:186} INFO - Started process (PID=30146) to work on /home/ec2-user/environment/lab4_model_training/venv/lib64/python3.12/site-packages/airflow/example_dags/example_skip_dag.py
[2026-05-04T01:21:24.253+0000] {processor.py:914} INFO - Processing file /home/ec2-user/environment/lab4_model_training/venv/lib64/python3.12/site-packages/airflow/example_dags/example_skip_dag.py for tasks to queue
[2026-05-04T01:21:24.254+0000] {logging_mixin.py:190} INFO - [2026-05-04T01:21:24.254+0000] {dagbag.py:588} INFO - Filling up the DagBag from /home/ec2-user/environment/lab4_model_training/venv/lib64/python3.12/site-packages/airflow/example_dags/example_skip_dag.py
[2026-05-04T01:21:24.263+0000] {processor.py:925} INFO - DAG(s) 'example_skip_dag' retrieved from /home/ec2-user/environment/lab4_model_training/venv/lib64/python3.12/site-packages/airflow/example_dags/example_skip_dag.py
[2026-05-04T01:21:24.282+0000] {logging_mixin.py:190} INFO - [2026-05-04T01:21:24.281+0000] {dag.py:3239} INFO - Sync 1 DAGs
[2026-05-04T01:21:24.301+0000] {logging_mixin.py:190} INFO - [2026-05-04T01:21:24.301+0000] {dag.py:4180} INFO - Setting next_dagrun for example_skip_dag to 2026-05-03 00:00:00+00:00, run_after=2026-05-04 00:00:00+00:00
[2026-05-04T01:21:24.322+0000] {processor.py:208} INFO - Processing /home/ec2-user/environment/lab4_model_training/venv/lib64/python3.12/site-packages/airflow/example_dags/example_skip_dag.py took 0.075 seconds
[2026-05-04T01:22:29.248+0000] {processor.py:186} INFO - Started process (PID=30548) to work on /home/ec2-user/environment/lab4_model_training/venv/lib64/python3.12/site-packages/airflow/example_dags/example_skip_dag.py
[2026-05-04T01:22:29.249+0000] {processor.py:914} INFO - Processing file /home/ec2-user/environment/lab4_model_training/venv/lib64/python3.12/site-packages/airflow/example_dags/example_skip_dag.py for tasks to queue
[2026-05-04T01:22:29.251+0000] {logging_mixin.py:190} INFO - [2026-05-04T01:22:29.251+0000] {dagbag.py:588} INFO - Filling up the DagBag from /home/ec2-user/environment/lab4_model_training/venv/lib64/python3.12/site-packages/airflow/example_dags/example_skip_dag.py
[2026-05-04T01:22:29.260+0000] {processor.py:925} INFO - DAG(s) 'example_skip_dag' retrieved from /home/ec2-user/environment/lab4_model_training/venv/lib64/python3.12/site-packages/airflow/example_dags/example_skip_dag.py
[2026-05-04T01:22:29.279+0000] {logging_mixin.py:190} INFO - [2026-05-04T01:22:29.279+0000] {dag.py:3239} INFO - Sync 1 DAGs
[2026-05-04T01:22:29.299+0000] {logging_mixin.py:190} INFO - [2026-05-04T01:22:29.299+0000] {dag.py:4180} INFO - Setting next_dagrun for example_skip_dag to 2026-05-03 00:00:00+00:00, run_after=2026-05-04 00:00:00+00:00
[2026-05-04T01:22:29.322+0000] {processor.py:208} INFO - Processing /home/ec2-user/environment/lab4_model_training/venv/lib64/python3.12/site-packages/airflow/example_dags/example_skip_dag.py took 0.078 seconds
[2026-05-04T01:23:33.073+0000] {processor.py:186} INFO - Started process (PID=30687) to work on /home/ec2-user/environment/lab4_model_training/venv/lib64/python3.12/site-packages/airflow/example_dags/example_skip_dag.py
[2026-05-04T01:23:33.075+0000] {processor.py:914} INFO - Processing file /home/ec2-user/environment/lab4_model_training/venv/lib64/python3.12/site-packages/airflow/example_dags/example_skip_dag.py for tasks to queue
[2026-05-04T01:23:33.076+0000] {logging_mixin.py:190} INFO - [2026-05-04T01:23:33.076+0000] {dagbag.py:588} INFO - Filling up the DagBag from /home/ec2-user/environment/lab4_model_training/venv/lib64/python3.12/site-packages/airflow/example_dags/example_skip_dag.py
[2026-05-04T01:23:33.083+0000] {processor.py:925} INFO - DAG(s) 'example_skip_dag' retrieved from /home/ec2-user/environment/lab4_model_training/venv/lib64/python3.12/site-packages/airflow/example_dags/example_skip_dag.py
[2026-05-04T01:23:33.097+0000] {logging_mixin.py:190} INFO - [2026-05-04T01:23:33.097+0000] {dag.py:3239} INFO - Sync 1 DAGs
[2026-05-04T01:23:33.119+0000] {logging_mixin.py:190} INFO - [2026-05-04T01:23:33.119+0000] {dag.py:4180} INFO - Setting next_dagrun for example_skip_dag to 2026-05-03 00:00:00+00:00, run_after=2026-05-04 00:00:00+00:00
[2026-05-04T01:23:33.140+0000] {processor.py:208} INFO - Processing /home/ec2-user/environment/lab4_model_training/venv/lib64/python3.12/site-packages/airflow/example_dags/example_skip_dag.py took 0.071 seconds
[2026-05-04T01:24:35.802+0000] {processor.py:186} INFO - Started process (PID=30980) to work on /home/ec2-user/environment/lab4_model_training/venv/lib64/python3.12/site-packages/airflow/example_dags/example_skip_dag.py
[2026-05-04T01:24:35.803+0000] {processor.py:914} INFO - Processing file /home/ec2-user/environment/lab4_model_training/venv/lib64/python3.12/site-packages/airflow/example_dags/example_skip_dag.py for tasks to queue
[2026-05-04T01:24:35.804+0000] {logging_mixin.py:190} INFO - [2026-05-04T01:24:35.804+0000] {dagbag.py:588} INFO - Filling up the DagBag from /home/ec2-user/environment/lab4_model_training/venv/lib64/python3.12/site-packages/airflow/example_dags/example_skip_dag.py
[2026-05-04T01:24:35.812+0000] {processor.py:925} INFO - DAG(s) 'example_skip_dag' retrieved from /home/ec2-user/environment/lab4_model_training/venv/lib64/python3.12/site-packages/airflow/example_dags/example_skip_dag.py
[2026-05-04T01:24:35.825+0000] {logging_mixin.py:190} INFO - [2026-05-04T01:24:35.825+0000] {dag.py:3239} INFO - Sync 1 DAGs
[2026-05-04T01:24:35.841+0000] {logging_mixin.py:190} INFO - [2026-05-04T01:24:35.841+0000] {dag.py:4180} INFO - Setting next_dagrun for example_skip_dag to 2026-05-03 00:00:00+00:00, run_after=2026-05-04 00:00:00+00:00
[2026-05-04T01:24:35.858+0000] {processor.py:208} INFO - Processing /home/ec2-user/environment/lab4_model_training/venv/lib64/python3.12/site-packages/airflow/example_dags/example_skip_dag.py took 0.061 seconds
