[2026-05-04T00:20:12.894+0000] {processor.py:186} INFO - Started process (PID=12684) to work on /home/ec2-user/environment/lab4_model_training/venv/lib64/python3.12/site-packages/airflow/example_dags/example_branch_python_dop_operator_3.py
[2026-05-04T00:20:12.894+0000] {processor.py:914} INFO - Processing file /home/ec2-user/environment/lab4_model_training/venv/lib64/python3.12/site-packages/airflow/example_dags/example_branch_python_dop_operator_3.py for tasks to queue
[2026-05-04T00:20:12.896+0000] {logging_mixin.py:190} INFO - [2026-05-04T00:20:12.896+0000] {dagbag.py:588} INFO - Filling up the DagBag from /home/ec2-user/environment/lab4_model_training/venv/lib64/python3.12/site-packages/airflow/example_dags/example_branch_python_dop_operator_3.py
[2026-05-04T00:20:12.906+0000] {processor.py:925} INFO - DAG(s) 'example_branch_dop_operator_v3' retrieved from /home/ec2-user/environment/lab4_model_training/venv/lib64/python3.12/site-packages/airflow/example_dags/example_branch_python_dop_operator_3.py
[2026-05-04T00:20:12.923+0000] {logging_mixin.py:190} INFO - [2026-05-04T00:20:12.923+0000] {dag.py:3239} INFO - Sync 1 DAGs
[2026-05-04T00:20:12.942+0000] {logging_mixin.py:190} INFO - [2026-05-04T00:20:12.942+0000] {dag.py:4180} INFO - Setting next_dagrun for example_branch_dop_operator_v3 to 2026-05-04 00:19:00+00:00, run_after=2026-05-04 00:20:00+00:00
[2026-05-04T00:20:12.962+0000] {processor.py:208} INFO - Processing /home/ec2-user/environment/lab4_model_training/venv/lib64/python3.12/site-packages/airflow/example_dags/example_branch_python_dop_operator_3.py took 0.073 seconds
[2026-05-04T00:21:16.994+0000] {processor.py:186} INFO - Started process (PID=13103) to work on /home/ec2-user/environment/lab4_model_training/venv/lib64/python3.12/site-packages/airflow/example_dags/example_branch_python_dop_operator_3.py
[2026-05-04T00:21:16.995+0000] {processor.py:914} INFO - Processing file /home/ec2-user/environment/lab4_model_training/venv/lib64/python3.12/site-packages/airflow/example_dags/example_branch_python_dop_operator_3.py for tasks to queue
[2026-05-04T00:21:16.996+0000] {logging_mixin.py:190} INFO - [2026-05-04T00:21:16.996+0000] {dagbag.py:588} INFO - Filling up the DagBag from /home/ec2-user/environment/lab4_model_training/venv/lib64/python3.12/site-packages/airflow/example_dags/example_branch_python_dop_operator_3.py
[2026-05-04T00:21:17.006+0000] {processor.py:925} INFO - DAG(s) 'example_branch_dop_operator_v3' retrieved from /home/ec2-user/environment/lab4_model_training/venv/lib64/python3.12/site-packages/airflow/example_dags/example_branch_python_dop_operator_3.py
[2026-05-04T00:21:17.017+0000] {logging_mixin.py:190} INFO - [2026-05-04T00:21:17.017+0000] {dag.py:3239} INFO - Sync 1 DAGs
[2026-05-04T00:21:17.035+0000] {logging_mixin.py:190} INFO - [2026-05-04T00:21:17.034+0000] {dag.py:4180} INFO - Setting next_dagrun for example_branch_dop_operator_v3 to 2026-05-04 00:20:00+00:00, run_after=2026-05-04 00:21:00+00:00
[2026-05-04T00:21:17.052+0000] {processor.py:208} INFO - Processing /home/ec2-user/environment/lab4_model_training/venv/lib64/python3.12/site-packages/airflow/example_dags/example_branch_python_dop_operator_3.py took 0.062 seconds
[2026-05-04T00:22:47.561+0000] {processor.py:186} INFO - Started process (PID=13795) to work on /home/ec2-user/environment/lab4_model_training/venv/lib64/python3.12/site-packages/airflow/example_dags/example_branch_python_dop_operator_3.py
[2026-05-04T00:22:47.562+0000] {processor.py:914} INFO - Processing file /home/ec2-user/environment/lab4_model_training/venv/lib64/python3.12/site-packages/airflow/example_dags/example_branch_python_dop_operator_3.py for tasks to queue
[2026-05-04T00:22:47.564+0000] {logging_mixin.py:190} INFO - [2026-05-04T00:22:47.564+0000] {dagbag.py:588} INFO - Filling up the DagBag from /home/ec2-user/environment/lab4_model_training/venv/lib64/python3.12/site-packages/airflow/example_dags/example_branch_python_dop_operator_3.py
[2026-05-04T00:22:47.573+0000] {processor.py:925} INFO - DAG(s) 'example_branch_dop_operator_v3' retrieved from /home/ec2-user/environment/lab4_model_training/venv/lib64/python3.12/site-packages/airflow/example_dags/example_branch_python_dop_operator_3.py
[2026-05-04T00:22:47.586+0000] {logging_mixin.py:190} INFO - [2026-05-04T00:22:47.586+0000] {dag.py:3239} INFO - Sync 1 DAGs
[2026-05-04T00:22:47.604+0000] {logging_mixin.py:190} INFO - [2026-05-04T00:22:47.604+0000] {dag.py:4180} INFO - Setting next_dagrun for example_branch_dop_operator_v3 to 2026-05-04 00:21:00+00:00, run_after=2026-05-04 00:22:00+00:00
[2026-05-04T00:22:47.623+0000] {processor.py:208} INFO - Processing /home/ec2-user/environment/lab4_model_training/venv/lib64/python3.12/site-packages/airflow/example_dags/example_branch_python_dop_operator_3.py took 0.066 seconds
[2026-05-04T00:23:27.780+0000] {processor.py:186} INFO - Started process (PID=14165) to work on /home/ec2-user/environment/lab4_model_training/venv/lib64/python3.12/site-packages/airflow/example_dags/example_branch_python_dop_operator_3.py
[2026-05-04T00:23:27.781+0000] {processor.py:914} INFO - Processing file /home/ec2-user/environment/lab4_model_training/venv/lib64/python3.12/site-packages/airflow/example_dags/example_branch_python_dop_operator_3.py for tasks to queue
[2026-05-04T00:23:27.783+0000] {logging_mixin.py:190} INFO - [2026-05-04T00:23:27.783+0000] {dagbag.py:588} INFO - Filling up the DagBag from /home/ec2-user/environment/lab4_model_training/venv/lib64/python3.12/site-packages/airflow/example_dags/example_branch_python_dop_operator_3.py
[2026-05-04T00:23:27.792+0000] {processor.py:925} INFO - DAG(s) 'example_branch_dop_operator_v3' retrieved from /home/ec2-user/environment/lab4_model_training/venv/lib64/python3.12/site-packages/airflow/example_dags/example_branch_python_dop_operator_3.py
[2026-05-04T00:23:27.804+0000] {logging_mixin.py:190} INFO - [2026-05-04T00:23:27.804+0000] {dag.py:3239} INFO - Sync 1 DAGs
[2026-05-04T00:23:27.821+0000] {logging_mixin.py:190} INFO - [2026-05-04T00:23:27.821+0000] {dag.py:4180} INFO - Setting next_dagrun for example_branch_dop_operator_v3 to 2026-05-04 00:22:00+00:00, run_after=2026-05-04 00:23:00+00:00
[2026-05-04T00:23:27.840+0000] {processor.py:208} INFO - Processing /home/ec2-user/environment/lab4_model_training/venv/lib64/python3.12/site-packages/airflow/example_dags/example_branch_python_dop_operator_3.py took 0.064 seconds
[2026-05-04T00:24:36.076+0000] {processor.py:186} INFO - Started process (PID=15032) to work on /home/ec2-user/environment/lab4_model_training/venv/lib64/python3.12/site-packages/airflow/example_dags/example_branch_python_dop_operator_3.py
[2026-05-04T00:24:36.078+0000] {processor.py:914} INFO - Processing file /home/ec2-user/environment/lab4_model_training/venv/lib64/python3.12/site-packages/airflow/example_dags/example_branch_python_dop_operator_3.py for tasks to queue
[2026-05-04T00:24:36.079+0000] {logging_mixin.py:190} INFO - [2026-05-04T00:24:36.079+0000] {dagbag.py:588} INFO - Filling up the DagBag from /home/ec2-user/environment/lab4_model_training/venv/lib64/python3.12/site-packages/airflow/example_dags/example_branch_python_dop_operator_3.py
[2026-05-04T00:24:36.088+0000] {processor.py:925} INFO - DAG(s) 'example_branch_dop_operator_v3' retrieved from /home/ec2-user/environment/lab4_model_training/venv/lib64/python3.12/site-packages/airflow/example_dags/example_branch_python_dop_operator_3.py
[2026-05-04T00:24:36.100+0000] {logging_mixin.py:190} INFO - [2026-05-04T00:24:36.099+0000] {dag.py:3239} INFO - Sync 1 DAGs
[2026-05-04T00:24:36.118+0000] {logging_mixin.py:190} INFO - [2026-05-04T00:24:36.118+0000] {dag.py:4180} INFO - Setting next_dagrun for example_branch_dop_operator_v3 to 2026-05-04 00:23:00+00:00, run_after=2026-05-04 00:24:00+00:00
[2026-05-04T00:24:36.136+0000] {processor.py:208} INFO - Processing /home/ec2-user/environment/lab4_model_training/venv/lib64/python3.12/site-packages/airflow/example_dags/example_branch_python_dop_operator_3.py took 0.063 seconds
[2026-05-04T00:25:41.787+0000] {processor.py:186} INFO - Started process (PID=15527) to work on /home/ec2-user/environment/lab4_model_training/venv/lib64/python3.12/site-packages/airflow/example_dags/example_branch_python_dop_operator_3.py
[2026-05-04T00:25:41.788+0000] {processor.py:914} INFO - Processing file /home/ec2-user/environment/lab4_model_training/venv/lib64/python3.12/site-packages/airflow/example_dags/example_branch_python_dop_operator_3.py for tasks to queue
[2026-05-04T00:25:41.790+0000] {logging_mixin.py:190} INFO - [2026-05-04T00:25:41.790+0000] {dagbag.py:588} INFO - Filling up the DagBag from /home/ec2-user/environment/lab4_model_training/venv/lib64/python3.12/site-packages/airflow/example_dags/example_branch_python_dop_operator_3.py
[2026-05-04T00:25:41.802+0000] {processor.py:925} INFO - DAG(s) 'example_branch_dop_operator_v3' retrieved from /home/ec2-user/environment/lab4_model_training/venv/lib64/python3.12/site-packages/airflow/example_dags/example_branch_python_dop_operator_3.py
[2026-05-04T00:25:41.814+0000] {logging_mixin.py:190} INFO - [2026-05-04T00:25:41.814+0000] {dag.py:3239} INFO - Sync 1 DAGs
[2026-05-04T00:25:41.834+0000] {logging_mixin.py:190} INFO - [2026-05-04T00:25:41.834+0000] {dag.py:4180} INFO - Setting next_dagrun for example_branch_dop_operator_v3 to 2026-05-04 00:24:00+00:00, run_after=2026-05-04 00:25:00+00:00
[2026-05-04T00:25:41.856+0000] {processor.py:208} INFO - Processing /home/ec2-user/environment/lab4_model_training/venv/lib64/python3.12/site-packages/airflow/example_dags/example_branch_python_dop_operator_3.py took 0.074 seconds
[2026-05-04T00:26:48.343+0000] {processor.py:186} INFO - Started process (PID=15965) to work on /home/ec2-user/environment/lab4_model_training/venv/lib64/python3.12/site-packages/airflow/example_dags/example_branch_python_dop_operator_3.py
[2026-05-04T00:26:48.345+0000] {processor.py:914} INFO - Processing file /home/ec2-user/environment/lab4_model_training/venv/lib64/python3.12/site-packages/airflow/example_dags/example_branch_python_dop_operator_3.py for tasks to queue
[2026-05-04T00:26:48.346+0000] {logging_mixin.py:190} INFO - [2026-05-04T00:26:48.346+0000] {dagbag.py:588} INFO - Filling up the DagBag from /home/ec2-user/environment/lab4_model_training/venv/lib64/python3.12/site-packages/airflow/example_dags/example_branch_python_dop_operator_3.py
[2026-05-04T00:26:48.354+0000] {processor.py:925} INFO - DAG(s) 'example_branch_dop_operator_v3' retrieved from /home/ec2-user/environment/lab4_model_training/venv/lib64/python3.12/site-packages/airflow/example_dags/example_branch_python_dop_operator_3.py
[2026-05-04T00:26:48.366+0000] {logging_mixin.py:190} INFO - [2026-05-04T00:26:48.366+0000] {dag.py:3239} INFO - Sync 1 DAGs
[2026-05-04T00:26:48.384+0000] {logging_mixin.py:190} INFO - [2026-05-04T00:26:48.384+0000] {dag.py:4180} INFO - Setting next_dagrun for example_branch_dop_operator_v3 to 2026-05-04 00:25:00+00:00, run_after=2026-05-04 00:26:00+00:00
[2026-05-04T00:26:48.401+0000] {processor.py:208} INFO - Processing /home/ec2-user/environment/lab4_model_training/venv/lib64/python3.12/site-packages/airflow/example_dags/example_branch_python_dop_operator_3.py took 0.062 seconds
[2026-05-04T00:27:55.162+0000] {processor.py:186} INFO - Started process (PID=16451) to work on /home/ec2-user/environment/lab4_model_training/venv/lib64/python3.12/site-packages/airflow/example_dags/example_branch_python_dop_operator_3.py
[2026-05-04T00:27:55.163+0000] {processor.py:914} INFO - Processing file /home/ec2-user/environment/lab4_model_training/venv/lib64/python3.12/site-packages/airflow/example_dags/example_branch_python_dop_operator_3.py for tasks to queue
[2026-05-04T00:27:55.165+0000] {logging_mixin.py:190} INFO - [2026-05-04T00:27:55.165+0000] {dagbag.py:588} INFO - Filling up the DagBag from /home/ec2-user/environment/lab4_model_training/venv/lib64/python3.12/site-packages/airflow/example_dags/example_branch_python_dop_operator_3.py
[2026-05-04T00:27:55.174+0000] {processor.py:925} INFO - DAG(s) 'example_branch_dop_operator_v3' retrieved from /home/ec2-user/environment/lab4_model_training/venv/lib64/python3.12/site-packages/airflow/example_dags/example_branch_python_dop_operator_3.py
[2026-05-04T00:27:55.186+0000] {logging_mixin.py:190} INFO - [2026-05-04T00:27:55.186+0000] {dag.py:3239} INFO - Sync 1 DAGs
[2026-05-04T00:27:55.204+0000] {logging_mixin.py:190} INFO - [2026-05-04T00:27:55.204+0000] {dag.py:4180} INFO - Setting next_dagrun for example_branch_dop_operator_v3 to 2026-05-04 00:26:00+00:00, run_after=2026-05-04 00:27:00+00:00
[2026-05-04T00:27:55.222+0000] {processor.py:208} INFO - Processing /home/ec2-user/environment/lab4_model_training/venv/lib64/python3.12/site-packages/airflow/example_dags/example_branch_python_dop_operator_3.py took 0.064 seconds
[2026-05-04T00:28:57.969+0000] {processor.py:186} INFO - Started process (PID=16866) to work on /home/ec2-user/environment/lab4_model_training/venv/lib64/python3.12/site-packages/airflow/example_dags/example_branch_python_dop_operator_3.py
[2026-05-04T00:28:57.970+0000] {processor.py:914} INFO - Processing file /home/ec2-user/environment/lab4_model_training/venv/lib64/python3.12/site-packages/airflow/example_dags/example_branch_python_dop_operator_3.py for tasks to queue
[2026-05-04T00:28:57.972+0000] {logging_mixin.py:190} INFO - [2026-05-04T00:28:57.971+0000] {dagbag.py:588} INFO - Filling up the DagBag from /home/ec2-user/environment/lab4_model_training/venv/lib64/python3.12/site-packages/airflow/example_dags/example_branch_python_dop_operator_3.py
[2026-05-04T00:28:57.980+0000] {processor.py:925} INFO - DAG(s) 'example_branch_dop_operator_v3' retrieved from /home/ec2-user/environment/lab4_model_training/venv/lib64/python3.12/site-packages/airflow/example_dags/example_branch_python_dop_operator_3.py
[2026-05-04T00:28:57.992+0000] {logging_mixin.py:190} INFO - [2026-05-04T00:28:57.991+0000] {dag.py:3239} INFO - Sync 1 DAGs
[2026-05-04T00:28:58.010+0000] {logging_mixin.py:190} INFO - [2026-05-04T00:28:58.010+0000] {dag.py:4180} INFO - Setting next_dagrun for example_branch_dop_operator_v3 to 2026-05-04 00:27:00+00:00, run_after=2026-05-04 00:28:00+00:00
[2026-05-04T00:28:58.027+0000] {processor.py:208} INFO - Processing /home/ec2-user/environment/lab4_model_training/venv/lib64/python3.12/site-packages/airflow/example_dags/example_branch_python_dop_operator_3.py took 0.063 seconds
[2026-05-04T00:30:04.322+0000] {processor.py:186} INFO - Started process (PID=17438) to work on /home/ec2-user/environment/lab4_model_training/venv/lib64/python3.12/site-packages/airflow/example_dags/example_branch_python_dop_operator_3.py
[2026-05-04T00:30:04.323+0000] {processor.py:914} INFO - Processing file /home/ec2-user/environment/lab4_model_training/venv/lib64/python3.12/site-packages/airflow/example_dags/example_branch_python_dop_operator_3.py for tasks to queue
[2026-05-04T00:30:04.326+0000] {logging_mixin.py:190} INFO - [2026-05-04T00:30:04.326+0000] {dagbag.py:588} INFO - Filling up the DagBag from /home/ec2-user/environment/lab4_model_training/venv/lib64/python3.12/site-packages/airflow/example_dags/example_branch_python_dop_operator_3.py
[2026-05-04T00:30:04.340+0000] {processor.py:925} INFO - DAG(s) 'example_branch_dop_operator_v3' retrieved from /home/ec2-user/environment/lab4_model_training/venv/lib64/python3.12/site-packages/airflow/example_dags/example_branch_python_dop_operator_3.py
[2026-05-04T00:30:04.359+0000] {logging_mixin.py:190} INFO - [2026-05-04T00:30:04.359+0000] {dag.py:3239} INFO - Sync 1 DAGs
[2026-05-04T00:30:04.389+0000] {logging_mixin.py:190} INFO - [2026-05-04T00:30:04.389+0000] {dag.py:4180} INFO - Setting next_dagrun for example_branch_dop_operator_v3 to 2026-05-04 00:29:00+00:00, run_after=2026-05-04 00:30:00+00:00
[2026-05-04T00:30:04.416+0000] {processor.py:208} INFO - Processing /home/ec2-user/environment/lab4_model_training/venv/lib64/python3.12/site-packages/airflow/example_dags/example_branch_python_dop_operator_3.py took 0.099 seconds
[2026-05-04T00:31:05.005+0000] {processor.py:186} INFO - Started process (PID=17878) to work on /home/ec2-user/environment/lab4_model_training/venv/lib64/python3.12/site-packages/airflow/example_dags/example_branch_python_dop_operator_3.py
[2026-05-04T00:31:05.006+0000] {processor.py:914} INFO - Processing file /home/ec2-user/environment/lab4_model_training/venv/lib64/python3.12/site-packages/airflow/example_dags/example_branch_python_dop_operator_3.py for tasks to queue
[2026-05-04T00:31:05.009+0000] {logging_mixin.py:190} INFO - [2026-05-04T00:31:05.008+0000] {dagbag.py:588} INFO - Filling up the DagBag from /home/ec2-user/environment/lab4_model_training/venv/lib64/python3.12/site-packages/airflow/example_dags/example_branch_python_dop_operator_3.py
[2026-05-04T00:31:05.021+0000] {processor.py:925} INFO - DAG(s) 'example_branch_dop_operator_v3' retrieved from /home/ec2-user/environment/lab4_model_training/venv/lib64/python3.12/site-packages/airflow/example_dags/example_branch_python_dop_operator_3.py
[2026-05-04T00:31:05.037+0000] {logging_mixin.py:190} INFO - [2026-05-04T00:31:05.037+0000] {dag.py:3239} INFO - Sync 1 DAGs
[2026-05-04T00:31:05.060+0000] {logging_mixin.py:190} INFO - [2026-05-04T00:31:05.060+0000] {dag.py:4180} INFO - Setting next_dagrun for example_branch_dop_operator_v3 to 2026-05-04 00:30:00+00:00, run_after=2026-05-04 00:31:00+00:00
[2026-05-04T00:31:05.083+0000] {processor.py:208} INFO - Processing /home/ec2-user/environment/lab4_model_training/venv/lib64/python3.12/site-packages/airflow/example_dags/example_branch_python_dop_operator_3.py took 0.082 seconds
[2026-05-04T00:32:09.042+0000] {processor.py:186} INFO - Started process (PID=18298) to work on /home/ec2-user/environment/lab4_model_training/venv/lib64/python3.12/site-packages/airflow/example_dags/example_branch_python_dop_operator_3.py
[2026-05-04T00:32:09.043+0000] {processor.py:914} INFO - Processing file /home/ec2-user/environment/lab4_model_training/venv/lib64/python3.12/site-packages/airflow/example_dags/example_branch_python_dop_operator_3.py for tasks to queue
[2026-05-04T00:32:09.044+0000] {logging_mixin.py:190} INFO - [2026-05-04T00:32:09.044+0000] {dagbag.py:588} INFO - Filling up the DagBag from /home/ec2-user/environment/lab4_model_training/venv/lib64/python3.12/site-packages/airflow/example_dags/example_branch_python_dop_operator_3.py
[2026-05-04T00:32:09.053+0000] {processor.py:925} INFO - DAG(s) 'example_branch_dop_operator_v3' retrieved from /home/ec2-user/environment/lab4_model_training/venv/lib64/python3.12/site-packages/airflow/example_dags/example_branch_python_dop_operator_3.py
[2026-05-04T00:32:09.065+0000] {logging_mixin.py:190} INFO - [2026-05-04T00:32:09.065+0000] {dag.py:3239} INFO - Sync 1 DAGs
[2026-05-04T00:32:09.083+0000] {logging_mixin.py:190} INFO - [2026-05-04T00:32:09.083+0000] {dag.py:4180} INFO - Setting next_dagrun for example_branch_dop_operator_v3 to 2026-05-04 00:31:00+00:00, run_after=2026-05-04 00:32:00+00:00
[2026-05-04T00:32:09.100+0000] {processor.py:208} INFO - Processing /home/ec2-user/environment/lab4_model_training/venv/lib64/python3.12/site-packages/airflow/example_dags/example_branch_python_dop_operator_3.py took 0.063 seconds
[2026-05-04T00:33:17.745+0000] {processor.py:186} INFO - Started process (PID=18804) to work on /home/ec2-user/environment/lab4_model_training/venv/lib64/python3.12/site-packages/airflow/example_dags/example_branch_python_dop_operator_3.py
[2026-05-04T00:33:17.746+0000] {processor.py:914} INFO - Processing file /home/ec2-user/environment/lab4_model_training/venv/lib64/python3.12/site-packages/airflow/example_dags/example_branch_python_dop_operator_3.py for tasks to queue
[2026-05-04T00:33:17.748+0000] {logging_mixin.py:190} INFO - [2026-05-04T00:33:17.748+0000] {dagbag.py:588} INFO - Filling up the DagBag from /home/ec2-user/environment/lab4_model_training/venv/lib64/python3.12/site-packages/airflow/example_dags/example_branch_python_dop_operator_3.py
[2026-05-04T00:33:17.756+0000] {processor.py:925} INFO - DAG(s) 'example_branch_dop_operator_v3' retrieved from /home/ec2-user/environment/lab4_model_training/venv/lib64/python3.12/site-packages/airflow/example_dags/example_branch_python_dop_operator_3.py
[2026-05-04T00:33:17.768+0000] {logging_mixin.py:190} INFO - [2026-05-04T00:33:17.768+0000] {dag.py:3239} INFO - Sync 1 DAGs
[2026-05-04T00:33:17.786+0000] {logging_mixin.py:190} INFO - [2026-05-04T00:33:17.786+0000] {dag.py:4180} INFO - Setting next_dagrun for example_branch_dop_operator_v3 to 2026-05-04 00:32:00+00:00, run_after=2026-05-04 00:33:00+00:00
[2026-05-04T00:33:17.804+0000] {processor.py:208} INFO - Processing /home/ec2-user/environment/lab4_model_training/venv/lib64/python3.12/site-packages/airflow/example_dags/example_branch_python_dop_operator_3.py took 0.064 seconds
[2026-05-04T00:34:21.162+0000] {processor.py:186} INFO - Started process (PID=19229) to work on /home/ec2-user/environment/lab4_model_training/venv/lib64/python3.12/site-packages/airflow/example_dags/example_branch_python_dop_operator_3.py
[2026-05-04T00:34:21.163+0000] {processor.py:914} INFO - Processing file /home/ec2-user/environment/lab4_model_training/venv/lib64/python3.12/site-packages/airflow/example_dags/example_branch_python_dop_operator_3.py for tasks to queue
[2026-05-04T00:34:21.165+0000] {logging_mixin.py:190} INFO - [2026-05-04T00:34:21.164+0000] {dagbag.py:588} INFO - Filling up the DagBag from /home/ec2-user/environment/lab4_model_training/venv/lib64/python3.12/site-packages/airflow/example_dags/example_branch_python_dop_operator_3.py
[2026-05-04T00:34:21.176+0000] {processor.py:925} INFO - DAG(s) 'example_branch_dop_operator_v3' retrieved from /home/ec2-user/environment/lab4_model_training/venv/lib64/python3.12/site-packages/airflow/example_dags/example_branch_python_dop_operator_3.py
[2026-05-04T00:34:21.189+0000] {logging_mixin.py:190} INFO - [2026-05-04T00:34:21.189+0000] {dag.py:3239} INFO - Sync 1 DAGs
[2026-05-04T00:34:21.208+0000] {logging_mixin.py:190} INFO - [2026-05-04T00:34:21.208+0000] {dag.py:4180} INFO - Setting next_dagrun for example_branch_dop_operator_v3 to 2026-05-04 00:33:00+00:00, run_after=2026-05-04 00:34:00+00:00
[2026-05-04T00:34:21.229+0000] {processor.py:208} INFO - Processing /home/ec2-user/environment/lab4_model_training/venv/lib64/python3.12/site-packages/airflow/example_dags/example_branch_python_dop_operator_3.py took 0.072 seconds
[2026-05-04T00:35:22.258+0000] {processor.py:186} INFO - Started process (PID=19678) to work on /home/ec2-user/environment/lab4_model_training/venv/lib64/python3.12/site-packages/airflow/example_dags/example_branch_python_dop_operator_3.py
[2026-05-04T00:35:22.260+0000] {processor.py:914} INFO - Processing file /home/ec2-user/environment/lab4_model_training/venv/lib64/python3.12/site-packages/airflow/example_dags/example_branch_python_dop_operator_3.py for tasks to queue
[2026-05-04T00:35:22.262+0000] {logging_mixin.py:190} INFO - [2026-05-04T00:35:22.262+0000] {dagbag.py:588} INFO - Filling up the DagBag from /home/ec2-user/environment/lab4_model_training/venv/lib64/python3.12/site-packages/airflow/example_dags/example_branch_python_dop_operator_3.py
[2026-05-04T00:35:22.273+0000] {processor.py:925} INFO - DAG(s) 'example_branch_dop_operator_v3' retrieved from /home/ec2-user/environment/lab4_model_training/venv/lib64/python3.12/site-packages/airflow/example_dags/example_branch_python_dop_operator_3.py
[2026-05-04T00:35:22.287+0000] {logging_mixin.py:190} INFO - [2026-05-04T00:35:22.287+0000] {dag.py:3239} INFO - Sync 1 DAGs
[2026-05-04T00:35:22.307+0000] {logging_mixin.py:190} INFO - [2026-05-04T00:35:22.307+0000] {dag.py:4180} INFO - Setting next_dagrun for example_branch_dop_operator_v3 to 2026-05-04 00:34:00+00:00, run_after=2026-05-04 00:35:00+00:00
[2026-05-04T00:35:22.325+0000] {processor.py:208} INFO - Processing /home/ec2-user/environment/lab4_model_training/venv/lib64/python3.12/site-packages/airflow/example_dags/example_branch_python_dop_operator_3.py took 0.072 seconds
[2026-05-04T00:36:24.008+0000] {processor.py:186} INFO - Started process (PID=20057) to work on /home/ec2-user/environment/lab4_model_training/venv/lib64/python3.12/site-packages/airflow/example_dags/example_branch_python_dop_operator_3.py
[2026-05-04T00:36:24.009+0000] {processor.py:914} INFO - Processing file /home/ec2-user/environment/lab4_model_training/venv/lib64/python3.12/site-packages/airflow/example_dags/example_branch_python_dop_operator_3.py for tasks to queue
[2026-05-04T00:36:24.011+0000] {logging_mixin.py:190} INFO - [2026-05-04T00:36:24.011+0000] {dagbag.py:588} INFO - Filling up the DagBag from /home/ec2-user/environment/lab4_model_training/venv/lib64/python3.12/site-packages/airflow/example_dags/example_branch_python_dop_operator_3.py
[2026-05-04T00:36:24.023+0000] {processor.py:925} INFO - DAG(s) 'example_branch_dop_operator_v3' retrieved from /home/ec2-user/environment/lab4_model_training/venv/lib64/python3.12/site-packages/airflow/example_dags/example_branch_python_dop_operator_3.py
[2026-05-04T00:36:24.036+0000] {logging_mixin.py:190} INFO - [2026-05-04T00:36:24.036+0000] {dag.py:3239} INFO - Sync 1 DAGs
[2026-05-04T00:36:24.056+0000] {logging_mixin.py:190} INFO - [2026-05-04T00:36:24.056+0000] {dag.py:4180} INFO - Setting next_dagrun for example_branch_dop_operator_v3 to 2026-05-04 00:35:00+00:00, run_after=2026-05-04 00:36:00+00:00
[2026-05-04T00:36:24.076+0000] {processor.py:208} INFO - Processing /home/ec2-user/environment/lab4_model_training/venv/lib64/python3.12/site-packages/airflow/example_dags/example_branch_python_dop_operator_3.py took 0.072 seconds
[2026-05-04T00:37:29.312+0000] {processor.py:186} INFO - Started process (PID=20234) to work on /home/ec2-user/environment/lab4_model_training/venv/lib64/python3.12/site-packages/airflow/example_dags/example_branch_python_dop_operator_3.py
[2026-05-04T00:37:29.314+0000] {processor.py:914} INFO - Processing file /home/ec2-user/environment/lab4_model_training/venv/lib64/python3.12/site-packages/airflow/example_dags/example_branch_python_dop_operator_3.py for tasks to queue
[2026-05-04T00:37:29.315+0000] {logging_mixin.py:190} INFO - [2026-05-04T00:37:29.315+0000] {dagbag.py:588} INFO - Filling up the DagBag from /home/ec2-user/environment/lab4_model_training/venv/lib64/python3.12/site-packages/airflow/example_dags/example_branch_python_dop_operator_3.py
[2026-05-04T00:37:29.324+0000] {processor.py:925} INFO - DAG(s) 'example_branch_dop_operator_v3' retrieved from /home/ec2-user/environment/lab4_model_training/venv/lib64/python3.12/site-packages/airflow/example_dags/example_branch_python_dop_operator_3.py
[2026-05-04T00:37:29.335+0000] {logging_mixin.py:190} INFO - [2026-05-04T00:37:29.335+0000] {dag.py:3239} INFO - Sync 1 DAGs
[2026-05-04T00:37:29.353+0000] {logging_mixin.py:190} INFO - [2026-05-04T00:37:29.353+0000] {dag.py:4180} INFO - Setting next_dagrun for example_branch_dop_operator_v3 to 2026-05-04 00:36:00+00:00, run_after=2026-05-04 00:37:00+00:00
[2026-05-04T00:37:29.371+0000] {processor.py:208} INFO - Processing /home/ec2-user/environment/lab4_model_training/venv/lib64/python3.12/site-packages/airflow/example_dags/example_branch_python_dop_operator_3.py took 0.064 seconds
[2026-05-04T00:38:36.171+0000] {processor.py:186} INFO - Started process (PID=20403) to work on /home/ec2-user/environment/lab4_model_training/venv/lib64/python3.12/site-packages/airflow/example_dags/example_branch_python_dop_operator_3.py
[2026-05-04T00:38:36.172+0000] {processor.py:914} INFO - Processing file /home/ec2-user/environment/lab4_model_training/venv/lib64/python3.12/site-packages/airflow/example_dags/example_branch_python_dop_operator_3.py for tasks to queue
[2026-05-04T00:38:36.174+0000] {logging_mixin.py:190} INFO - [2026-05-04T00:38:36.173+0000] {dagbag.py:588} INFO - Filling up the DagBag from /home/ec2-user/environment/lab4_model_training/venv/lib64/python3.12/site-packages/airflow/example_dags/example_branch_python_dop_operator_3.py
[2026-05-04T00:38:36.183+0000] {processor.py:925} INFO - DAG(s) 'example_branch_dop_operator_v3' retrieved from /home/ec2-user/environment/lab4_model_training/venv/lib64/python3.12/site-packages/airflow/example_dags/example_branch_python_dop_operator_3.py
[2026-05-04T00:38:36.195+0000] {logging_mixin.py:190} INFO - [2026-05-04T00:38:36.195+0000] {dag.py:3239} INFO - Sync 1 DAGs
[2026-05-04T00:38:36.215+0000] {logging_mixin.py:190} INFO - [2026-05-04T00:38:36.215+0000] {dag.py:4180} INFO - Setting next_dagrun for example_branch_dop_operator_v3 to 2026-05-04 00:37:00+00:00, run_after=2026-05-04 00:38:00+00:00
[2026-05-04T00:38:36.233+0000] {processor.py:208} INFO - Processing /home/ec2-user/environment/lab4_model_training/venv/lib64/python3.12/site-packages/airflow/example_dags/example_branch_python_dop_operator_3.py took 0.067 seconds
[2026-05-04T00:39:38.375+0000] {processor.py:186} INFO - Started process (PID=20493) to work on /home/ec2-user/environment/lab4_model_training/venv/lib64/python3.12/site-packages/airflow/example_dags/example_branch_python_dop_operator_3.py
[2026-05-04T00:39:38.376+0000] {processor.py:914} INFO - Processing file /home/ec2-user/environment/lab4_model_training/venv/lib64/python3.12/site-packages/airflow/example_dags/example_branch_python_dop_operator_3.py for tasks to queue
[2026-05-04T00:39:38.378+0000] {logging_mixin.py:190} INFO - [2026-05-04T00:39:38.378+0000] {dagbag.py:588} INFO - Filling up the DagBag from /home/ec2-user/environment/lab4_model_training/venv/lib64/python3.12/site-packages/airflow/example_dags/example_branch_python_dop_operator_3.py
[2026-05-04T00:39:38.387+0000] {processor.py:925} INFO - DAG(s) 'example_branch_dop_operator_v3' retrieved from /home/ec2-user/environment/lab4_model_training/venv/lib64/python3.12/site-packages/airflow/example_dags/example_branch_python_dop_operator_3.py
[2026-05-04T00:39:38.399+0000] {logging_mixin.py:190} INFO - [2026-05-04T00:39:38.399+0000] {dag.py:3239} INFO - Sync 1 DAGs
[2026-05-04T00:39:38.416+0000] {logging_mixin.py:190} INFO - [2026-05-04T00:39:38.416+0000] {dag.py:4180} INFO - Setting next_dagrun for example_branch_dop_operator_v3 to 2026-05-04 00:38:00+00:00, run_after=2026-05-04 00:39:00+00:00
[2026-05-04T00:39:38.434+0000] {processor.py:208} INFO - Processing /home/ec2-user/environment/lab4_model_training/venv/lib64/python3.12/site-packages/airflow/example_dags/example_branch_python_dop_operator_3.py took 0.064 seconds
[2026-05-04T00:40:39.002+0000] {processor.py:186} INFO - Started process (PID=20632) to work on /home/ec2-user/environment/lab4_model_training/venv/lib64/python3.12/site-packages/airflow/example_dags/example_branch_python_dop_operator_3.py
[2026-05-04T00:40:39.003+0000] {processor.py:914} INFO - Processing file /home/ec2-user/environment/lab4_model_training/venv/lib64/python3.12/site-packages/airflow/example_dags/example_branch_python_dop_operator_3.py for tasks to queue
[2026-05-04T00:40:39.005+0000] {logging_mixin.py:190} INFO - [2026-05-04T00:40:39.005+0000] {dagbag.py:588} INFO - Filling up the DagBag from /home/ec2-user/environment/lab4_model_training/venv/lib64/python3.12/site-packages/airflow/example_dags/example_branch_python_dop_operator_3.py
[2026-05-04T00:40:39.013+0000] {processor.py:925} INFO - DAG(s) 'example_branch_dop_operator_v3' retrieved from /home/ec2-user/environment/lab4_model_training/venv/lib64/python3.12/site-packages/airflow/example_dags/example_branch_python_dop_operator_3.py
[2026-05-04T00:40:39.025+0000] {logging_mixin.py:190} INFO - [2026-05-04T00:40:39.025+0000] {dag.py:3239} INFO - Sync 1 DAGs
[2026-05-04T00:40:39.044+0000] {logging_mixin.py:190} INFO - [2026-05-04T00:40:39.043+0000] {dag.py:4180} INFO - Setting next_dagrun for example_branch_dop_operator_v3 to 2026-05-04 00:39:00+00:00, run_after=2026-05-04 00:40:00+00:00
[2026-05-04T00:40:39.063+0000] {processor.py:208} INFO - Processing /home/ec2-user/environment/lab4_model_training/venv/lib64/python3.12/site-packages/airflow/example_dags/example_branch_python_dop_operator_3.py took 0.065 seconds
[2026-05-04T00:41:43.794+0000] {processor.py:186} INFO - Started process (PID=20771) to work on /home/ec2-user/environment/lab4_model_training/venv/lib64/python3.12/site-packages/airflow/example_dags/example_branch_python_dop_operator_3.py
[2026-05-04T00:41:43.795+0000] {processor.py:914} INFO - Processing file /home/ec2-user/environment/lab4_model_training/venv/lib64/python3.12/site-packages/airflow/example_dags/example_branch_python_dop_operator_3.py for tasks to queue
[2026-05-04T00:41:43.797+0000] {logging_mixin.py:190} INFO - [2026-05-04T00:41:43.796+0000] {dagbag.py:588} INFO - Filling up the DagBag from /home/ec2-user/environment/lab4_model_training/venv/lib64/python3.12/site-packages/airflow/example_dags/example_branch_python_dop_operator_3.py
[2026-05-04T00:41:43.805+0000] {processor.py:925} INFO - DAG(s) 'example_branch_dop_operator_v3' retrieved from /home/ec2-user/environment/lab4_model_training/venv/lib64/python3.12/site-packages/airflow/example_dags/example_branch_python_dop_operator_3.py
[2026-05-04T00:41:43.817+0000] {logging_mixin.py:190} INFO - [2026-05-04T00:41:43.816+0000] {dag.py:3239} INFO - Sync 1 DAGs
[2026-05-04T00:41:43.835+0000] {logging_mixin.py:190} INFO - [2026-05-04T00:41:43.835+0000] {dag.py:4180} INFO - Setting next_dagrun for example_branch_dop_operator_v3 to 2026-05-04 00:40:00+00:00, run_after=2026-05-04 00:41:00+00:00
[2026-05-04T00:41:43.853+0000] {processor.py:208} INFO - Processing /home/ec2-user/environment/lab4_model_training/venv/lib64/python3.12/site-packages/airflow/example_dags/example_branch_python_dop_operator_3.py took 0.063 seconds
[2026-05-04T00:42:49.923+0000] {processor.py:186} INFO - Started process (PID=20867) to work on /home/ec2-user/environment/lab4_model_training/venv/lib64/python3.12/site-packages/airflow/example_dags/example_branch_python_dop_operator_3.py
[2026-05-04T00:42:49.924+0000] {processor.py:914} INFO - Processing file /home/ec2-user/environment/lab4_model_training/venv/lib64/python3.12/site-packages/airflow/example_dags/example_branch_python_dop_operator_3.py for tasks to queue
[2026-05-04T00:42:49.926+0000] {logging_mixin.py:190} INFO - [2026-05-04T00:42:49.925+0000] {dagbag.py:588} INFO - Filling up the DagBag from /home/ec2-user/environment/lab4_model_training/venv/lib64/python3.12/site-packages/airflow/example_dags/example_branch_python_dop_operator_3.py
[2026-05-04T00:42:49.934+0000] {processor.py:925} INFO - DAG(s) 'example_branch_dop_operator_v3' retrieved from /home/ec2-user/environment/lab4_model_training/venv/lib64/python3.12/site-packages/airflow/example_dags/example_branch_python_dop_operator_3.py
[2026-05-04T00:42:49.946+0000] {logging_mixin.py:190} INFO - [2026-05-04T00:42:49.946+0000] {dag.py:3239} INFO - Sync 1 DAGs
[2026-05-04T00:42:49.968+0000] {logging_mixin.py:190} INFO - [2026-05-04T00:42:49.968+0000] {dag.py:4180} INFO - Setting next_dagrun for example_branch_dop_operator_v3 to 2026-05-04 00:41:00+00:00, run_after=2026-05-04 00:42:00+00:00
[2026-05-04T00:42:49.990+0000] {processor.py:208} INFO - Processing /home/ec2-user/environment/lab4_model_training/venv/lib64/python3.12/site-packages/airflow/example_dags/example_branch_python_dop_operator_3.py took 0.072 seconds
[2026-05-04T00:43:54.389+0000] {processor.py:186} INFO - Started process (PID=21032) to work on /home/ec2-user/environment/lab4_model_training/venv/lib64/python3.12/site-packages/airflow/example_dags/example_branch_python_dop_operator_3.py
[2026-05-04T00:43:54.390+0000] {processor.py:914} INFO - Processing file /home/ec2-user/environment/lab4_model_training/venv/lib64/python3.12/site-packages/airflow/example_dags/example_branch_python_dop_operator_3.py for tasks to queue
[2026-05-04T00:43:54.392+0000] {logging_mixin.py:190} INFO - [2026-05-04T00:43:54.391+0000] {dagbag.py:588} INFO - Filling up the DagBag from /home/ec2-user/environment/lab4_model_training/venv/lib64/python3.12/site-packages/airflow/example_dags/example_branch_python_dop_operator_3.py
[2026-05-04T00:43:54.400+0000] {processor.py:925} INFO - DAG(s) 'example_branch_dop_operator_v3' retrieved from /home/ec2-user/environment/lab4_model_training/venv/lib64/python3.12/site-packages/airflow/example_dags/example_branch_python_dop_operator_3.py
[2026-05-04T00:43:54.412+0000] {logging_mixin.py:190} INFO - [2026-05-04T00:43:54.412+0000] {dag.py:3239} INFO - Sync 1 DAGs
[2026-05-04T00:43:54.431+0000] {logging_mixin.py:190} INFO - [2026-05-04T00:43:54.431+0000] {dag.py:4180} INFO - Setting next_dagrun for example_branch_dop_operator_v3 to 2026-05-04 00:42:00+00:00, run_after=2026-05-04 00:43:00+00:00
[2026-05-04T00:43:54.448+0000] {processor.py:208} INFO - Processing /home/ec2-user/environment/lab4_model_training/venv/lib64/python3.12/site-packages/airflow/example_dags/example_branch_python_dop_operator_3.py took 0.064 seconds
[2026-05-04T00:44:58.949+0000] {processor.py:186} INFO - Started process (PID=21137) to work on /home/ec2-user/environment/lab4_model_training/venv/lib64/python3.12/site-packages/airflow/example_dags/example_branch_python_dop_operator_3.py
[2026-05-04T00:44:58.950+0000] {processor.py:914} INFO - Processing file /home/ec2-user/environment/lab4_model_training/venv/lib64/python3.12/site-packages/airflow/example_dags/example_branch_python_dop_operator_3.py for tasks to queue
[2026-05-04T00:44:58.951+0000] {logging_mixin.py:190} INFO - [2026-05-04T00:44:58.951+0000] {dagbag.py:588} INFO - Filling up the DagBag from /home/ec2-user/environment/lab4_model_training/venv/lib64/python3.12/site-packages/airflow/example_dags/example_branch_python_dop_operator_3.py
[2026-05-04T00:44:58.959+0000] {processor.py:925} INFO - DAG(s) 'example_branch_dop_operator_v3' retrieved from /home/ec2-user/environment/lab4_model_training/venv/lib64/python3.12/site-packages/airflow/example_dags/example_branch_python_dop_operator_3.py
[2026-05-04T00:44:58.971+0000] {logging_mixin.py:190} INFO - [2026-05-04T00:44:58.970+0000] {dag.py:3239} INFO - Sync 1 DAGs
[2026-05-04T00:44:58.988+0000] {logging_mixin.py:190} INFO - [2026-05-04T00:44:58.988+0000] {dag.py:4180} INFO - Setting next_dagrun for example_branch_dop_operator_v3 to 2026-05-04 00:43:00+00:00, run_after=2026-05-04 00:44:00+00:00
[2026-05-04T00:44:59.005+0000] {processor.py:208} INFO - Processing /home/ec2-user/environment/lab4_model_training/venv/lib64/python3.12/site-packages/airflow/example_dags/example_branch_python_dop_operator_3.py took 0.061 seconds
[2026-05-04T00:46:04.063+0000] {processor.py:186} INFO - Started process (PID=21283) to work on /home/ec2-user/environment/lab4_model_training/venv/lib64/python3.12/site-packages/airflow/example_dags/example_branch_python_dop_operator_3.py
[2026-05-04T00:46:04.064+0000] {processor.py:914} INFO - Processing file /home/ec2-user/environment/lab4_model_training/venv/lib64/python3.12/site-packages/airflow/example_dags/example_branch_python_dop_operator_3.py for tasks to queue
[2026-05-04T00:46:04.065+0000] {logging_mixin.py:190} INFO - [2026-05-04T00:46:04.065+0000] {dagbag.py:588} INFO - Filling up the DagBag from /home/ec2-user/environment/lab4_model_training/venv/lib64/python3.12/site-packages/airflow/example_dags/example_branch_python_dop_operator_3.py
[2026-05-04T00:46:04.073+0000] {processor.py:925} INFO - DAG(s) 'example_branch_dop_operator_v3' retrieved from /home/ec2-user/environment/lab4_model_training/venv/lib64/python3.12/site-packages/airflow/example_dags/example_branch_python_dop_operator_3.py
[2026-05-04T00:46:04.084+0000] {logging_mixin.py:190} INFO - [2026-05-04T00:46:04.084+0000] {dag.py:3239} INFO - Sync 1 DAGs
[2026-05-04T00:46:04.102+0000] {logging_mixin.py:190} INFO - [2026-05-04T00:46:04.102+0000] {dag.py:4180} INFO - Setting next_dagrun for example_branch_dop_operator_v3 to 2026-05-04 00:45:00+00:00, run_after=2026-05-04 00:46:00+00:00
[2026-05-04T00:46:04.119+0000] {processor.py:208} INFO - Processing /home/ec2-user/environment/lab4_model_training/venv/lib64/python3.12/site-packages/airflow/example_dags/example_branch_python_dop_operator_3.py took 0.061 seconds
[2026-05-04T00:47:07.320+0000] {processor.py:186} INFO - Started process (PID=21372) to work on /home/ec2-user/environment/lab4_model_training/venv/lib64/python3.12/site-packages/airflow/example_dags/example_branch_python_dop_operator_3.py
[2026-05-04T00:47:07.321+0000] {processor.py:914} INFO - Processing file /home/ec2-user/environment/lab4_model_training/venv/lib64/python3.12/site-packages/airflow/example_dags/example_branch_python_dop_operator_3.py for tasks to queue
[2026-05-04T00:47:07.323+0000] {logging_mixin.py:190} INFO - [2026-05-04T00:47:07.323+0000] {dagbag.py:588} INFO - Filling up the DagBag from /home/ec2-user/environment/lab4_model_training/venv/lib64/python3.12/site-packages/airflow/example_dags/example_branch_python_dop_operator_3.py
[2026-05-04T00:47:07.331+0000] {processor.py:925} INFO - DAG(s) 'example_branch_dop_operator_v3' retrieved from /home/ec2-user/environment/lab4_model_training/venv/lib64/python3.12/site-packages/airflow/example_dags/example_branch_python_dop_operator_3.py
[2026-05-04T00:47:07.342+0000] {logging_mixin.py:190} INFO - [2026-05-04T00:47:07.342+0000] {dag.py:3239} INFO - Sync 1 DAGs
[2026-05-04T00:47:07.360+0000] {logging_mixin.py:190} INFO - [2026-05-04T00:47:07.360+0000] {dag.py:4180} INFO - Setting next_dagrun for example_branch_dop_operator_v3 to 2026-05-04 00:46:00+00:00, run_after=2026-05-04 00:47:00+00:00
[2026-05-04T00:47:07.377+0000] {processor.py:208} INFO - Processing /home/ec2-user/environment/lab4_model_training/venv/lib64/python3.12/site-packages/airflow/example_dags/example_branch_python_dop_operator_3.py took 0.061 seconds
[2026-05-04T00:48:07.691+0000] {processor.py:186} INFO - Started process (PID=21505) to work on /home/ec2-user/environment/lab4_model_training/venv/lib64/python3.12/site-packages/airflow/example_dags/example_branch_python_dop_operator_3.py
[2026-05-04T00:48:07.692+0000] {processor.py:914} INFO - Processing file /home/ec2-user/environment/lab4_model_training/venv/lib64/python3.12/site-packages/airflow/example_dags/example_branch_python_dop_operator_3.py for tasks to queue
[2026-05-04T00:48:07.694+0000] {logging_mixin.py:190} INFO - [2026-05-04T00:48:07.693+0000] {dagbag.py:588} INFO - Filling up the DagBag from /home/ec2-user/environment/lab4_model_training/venv/lib64/python3.12/site-packages/airflow/example_dags/example_branch_python_dop_operator_3.py
[2026-05-04T00:48:07.702+0000] {processor.py:925} INFO - DAG(s) 'example_branch_dop_operator_v3' retrieved from /home/ec2-user/environment/lab4_model_training/venv/lib64/python3.12/site-packages/airflow/example_dags/example_branch_python_dop_operator_3.py
[2026-05-04T00:48:07.713+0000] {logging_mixin.py:190} INFO - [2026-05-04T00:48:07.713+0000] {dag.py:3239} INFO - Sync 1 DAGs
[2026-05-04T00:48:07.731+0000] {logging_mixin.py:190} INFO - [2026-05-04T00:48:07.731+0000] {dag.py:4180} INFO - Setting next_dagrun for example_branch_dop_operator_v3 to 2026-05-04 00:47:00+00:00, run_after=2026-05-04 00:48:00+00:00
[2026-05-04T00:48:07.747+0000] {processor.py:208} INFO - Processing /home/ec2-user/environment/lab4_model_training/venv/lib64/python3.12/site-packages/airflow/example_dags/example_branch_python_dop_operator_3.py took 0.060 seconds
[2026-05-04T00:49:13.742+0000] {processor.py:186} INFO - Started process (PID=21593) to work on /home/ec2-user/environment/lab4_model_training/venv/lib64/python3.12/site-packages/airflow/example_dags/example_branch_python_dop_operator_3.py
[2026-05-04T00:49:13.743+0000] {processor.py:914} INFO - Processing file /home/ec2-user/environment/lab4_model_training/venv/lib64/python3.12/site-packages/airflow/example_dags/example_branch_python_dop_operator_3.py for tasks to queue
[2026-05-04T00:49:13.744+0000] {logging_mixin.py:190} INFO - [2026-05-04T00:49:13.744+0000] {dagbag.py:588} INFO - Filling up the DagBag from /home/ec2-user/environment/lab4_model_training/venv/lib64/python3.12/site-packages/airflow/example_dags/example_branch_python_dop_operator_3.py
[2026-05-04T00:49:13.752+0000] {processor.py:925} INFO - DAG(s) 'example_branch_dop_operator_v3' retrieved from /home/ec2-user/environment/lab4_model_training/venv/lib64/python3.12/site-packages/airflow/example_dags/example_branch_python_dop_operator_3.py
[2026-05-04T00:49:13.764+0000] {logging_mixin.py:190} INFO - [2026-05-04T00:49:13.764+0000] {dag.py:3239} INFO - Sync 1 DAGs
[2026-05-04T00:49:13.782+0000] {logging_mixin.py:190} INFO - [2026-05-04T00:49:13.782+0000] {dag.py:4180} INFO - Setting next_dagrun for example_branch_dop_operator_v3 to 2026-05-04 00:48:00+00:00, run_after=2026-05-04 00:49:00+00:00
[2026-05-04T00:49:13.798+0000] {processor.py:208} INFO - Processing /home/ec2-user/environment/lab4_model_training/venv/lib64/python3.12/site-packages/airflow/example_dags/example_branch_python_dop_operator_3.py took 0.061 seconds
[2026-05-04T00:50:17.850+0000] {processor.py:186} INFO - Started process (PID=21829) to work on /home/ec2-user/environment/lab4_model_training/venv/lib64/python3.12/site-packages/airflow/example_dags/example_branch_python_dop_operator_3.py
[2026-05-04T00:50:17.851+0000] {processor.py:914} INFO - Processing file /home/ec2-user/environment/lab4_model_training/venv/lib64/python3.12/site-packages/airflow/example_dags/example_branch_python_dop_operator_3.py for tasks to queue
[2026-05-04T00:50:17.853+0000] {logging_mixin.py:190} INFO - [2026-05-04T00:50:17.853+0000] {dagbag.py:588} INFO - Filling up the DagBag from /home/ec2-user/environment/lab4_model_training/venv/lib64/python3.12/site-packages/airflow/example_dags/example_branch_python_dop_operator_3.py
[2026-05-04T00:50:17.861+0000] {processor.py:925} INFO - DAG(s) 'example_branch_dop_operator_v3' retrieved from /home/ec2-user/environment/lab4_model_training/venv/lib64/python3.12/site-packages/airflow/example_dags/example_branch_python_dop_operator_3.py
[2026-05-04T00:50:17.873+0000] {logging_mixin.py:190} INFO - [2026-05-04T00:50:17.873+0000] {dag.py:3239} INFO - Sync 1 DAGs
[2026-05-04T00:50:17.891+0000] {logging_mixin.py:190} INFO - [2026-05-04T00:50:17.891+0000] {dag.py:4180} INFO - Setting next_dagrun for example_branch_dop_operator_v3 to 2026-05-04 00:49:00+00:00, run_after=2026-05-04 00:50:00+00:00
[2026-05-04T00:50:17.907+0000] {processor.py:208} INFO - Processing /home/ec2-user/environment/lab4_model_training/venv/lib64/python3.12/site-packages/airflow/example_dags/example_branch_python_dop_operator_3.py took 0.062 seconds
[2026-05-04T00:51:23.435+0000] {processor.py:186} INFO - Started process (PID=22117) to work on /home/ec2-user/environment/lab4_model_training/venv/lib64/python3.12/site-packages/airflow/example_dags/example_branch_python_dop_operator_3.py
[2026-05-04T00:51:23.436+0000] {processor.py:914} INFO - Processing file /home/ec2-user/environment/lab4_model_training/venv/lib64/python3.12/site-packages/airflow/example_dags/example_branch_python_dop_operator_3.py for tasks to queue
[2026-05-04T00:51:23.438+0000] {logging_mixin.py:190} INFO - [2026-05-04T00:51:23.437+0000] {dagbag.py:588} INFO - Filling up the DagBag from /home/ec2-user/environment/lab4_model_training/venv/lib64/python3.12/site-packages/airflow/example_dags/example_branch_python_dop_operator_3.py
[2026-05-04T00:51:23.446+0000] {processor.py:925} INFO - DAG(s) 'example_branch_dop_operator_v3' retrieved from /home/ec2-user/environment/lab4_model_training/venv/lib64/python3.12/site-packages/airflow/example_dags/example_branch_python_dop_operator_3.py
[2026-05-04T00:51:23.458+0000] {logging_mixin.py:190} INFO - [2026-05-04T00:51:23.457+0000] {dag.py:3239} INFO - Sync 1 DAGs
[2026-05-04T00:51:23.475+0000] {logging_mixin.py:190} INFO - [2026-05-04T00:51:23.475+0000] {dag.py:4180} INFO - Setting next_dagrun for example_branch_dop_operator_v3 to 2026-05-04 00:50:00+00:00, run_after=2026-05-04 00:51:00+00:00
[2026-05-04T00:51:23.493+0000] {processor.py:208} INFO - Processing /home/ec2-user/environment/lab4_model_training/venv/lib64/python3.12/site-packages/airflow/example_dags/example_branch_python_dop_operator_3.py took 0.062 seconds
[2026-05-04T00:52:26.155+0000] {processor.py:186} INFO - Started process (PID=22262) to work on /home/ec2-user/environment/lab4_model_training/venv/lib64/python3.12/site-packages/airflow/example_dags/example_branch_python_dop_operator_3.py
[2026-05-04T00:52:26.156+0000] {processor.py:914} INFO - Processing file /home/ec2-user/environment/lab4_model_training/venv/lib64/python3.12/site-packages/airflow/example_dags/example_branch_python_dop_operator_3.py for tasks to queue
[2026-05-04T00:52:26.157+0000] {logging_mixin.py:190} INFO - [2026-05-04T00:52:26.157+0000] {dagbag.py:588} INFO - Filling up the DagBag from /home/ec2-user/environment/lab4_model_training/venv/lib64/python3.12/site-packages/airflow/example_dags/example_branch_python_dop_operator_3.py
[2026-05-04T00:52:26.166+0000] {processor.py:925} INFO - DAG(s) 'example_branch_dop_operator_v3' retrieved from /home/ec2-user/environment/lab4_model_training/venv/lib64/python3.12/site-packages/airflow/example_dags/example_branch_python_dop_operator_3.py
[2026-05-04T00:52:26.178+0000] {logging_mixin.py:190} INFO - [2026-05-04T00:52:26.178+0000] {dag.py:3239} INFO - Sync 1 DAGs
[2026-05-04T00:52:26.196+0000] {logging_mixin.py:190} INFO - [2026-05-04T00:52:26.196+0000] {dag.py:4180} INFO - Setting next_dagrun for example_branch_dop_operator_v3 to 2026-05-04 00:51:00+00:00, run_after=2026-05-04 00:52:00+00:00
[2026-05-04T00:52:26.213+0000] {processor.py:208} INFO - Processing /home/ec2-user/environment/lab4_model_training/venv/lib64/python3.12/site-packages/airflow/example_dags/example_branch_python_dop_operator_3.py took 0.063 seconds
[2026-05-04T00:53:29.075+0000] {processor.py:186} INFO - Started process (PID=22440) to work on /home/ec2-user/environment/lab4_model_training/venv/lib64/python3.12/site-packages/airflow/example_dags/example_branch_python_dop_operator_3.py
[2026-05-04T00:53:29.076+0000] {processor.py:914} INFO - Processing file /home/ec2-user/environment/lab4_model_training/venv/lib64/python3.12/site-packages/airflow/example_dags/example_branch_python_dop_operator_3.py for tasks to queue
[2026-05-04T00:53:29.078+0000] {logging_mixin.py:190} INFO - [2026-05-04T00:53:29.077+0000] {dagbag.py:588} INFO - Filling up the DagBag from /home/ec2-user/environment/lab4_model_training/venv/lib64/python3.12/site-packages/airflow/example_dags/example_branch_python_dop_operator_3.py
[2026-05-04T00:53:29.086+0000] {processor.py:925} INFO - DAG(s) 'example_branch_dop_operator_v3' retrieved from /home/ec2-user/environment/lab4_model_training/venv/lib64/python3.12/site-packages/airflow/example_dags/example_branch_python_dop_operator_3.py
[2026-05-04T00:53:29.097+0000] {logging_mixin.py:190} INFO - [2026-05-04T00:53:29.097+0000] {dag.py:3239} INFO - Sync 1 DAGs
[2026-05-04T00:53:29.115+0000] {logging_mixin.py:190} INFO - [2026-05-04T00:53:29.114+0000] {dag.py:4180} INFO - Setting next_dagrun for example_branch_dop_operator_v3 to 2026-05-04 00:52:00+00:00, run_after=2026-05-04 00:53:00+00:00
[2026-05-04T00:53:29.132+0000] {processor.py:208} INFO - Processing /home/ec2-user/environment/lab4_model_training/venv/lib64/python3.12/site-packages/airflow/example_dags/example_branch_python_dop_operator_3.py took 0.061 seconds
[2026-05-04T00:54:39.655+0000] {processor.py:186} INFO - Started process (PID=22637) to work on /home/ec2-user/environment/lab4_model_training/venv/lib64/python3.12/site-packages/airflow/example_dags/example_branch_python_dop_operator_3.py
[2026-05-04T00:54:39.656+0000] {processor.py:914} INFO - Processing file /home/ec2-user/environment/lab4_model_training/venv/lib64/python3.12/site-packages/airflow/example_dags/example_branch_python_dop_operator_3.py for tasks to queue
[2026-05-04T00:54:39.658+0000] {logging_mixin.py:190} INFO - [2026-05-04T00:54:39.658+0000] {dagbag.py:588} INFO - Filling up the DagBag from /home/ec2-user/environment/lab4_model_training/venv/lib64/python3.12/site-packages/airflow/example_dags/example_branch_python_dop_operator_3.py
[2026-05-04T00:54:39.667+0000] {processor.py:925} INFO - DAG(s) 'example_branch_dop_operator_v3' retrieved from /home/ec2-user/environment/lab4_model_training/venv/lib64/python3.12/site-packages/airflow/example_dags/example_branch_python_dop_operator_3.py
[2026-05-04T00:54:39.679+0000] {logging_mixin.py:190} INFO - [2026-05-04T00:54:39.679+0000] {dag.py:3239} INFO - Sync 1 DAGs
[2026-05-04T00:54:39.697+0000] {logging_mixin.py:190} INFO - [2026-05-04T00:54:39.697+0000] {dag.py:4180} INFO - Setting next_dagrun for example_branch_dop_operator_v3 to 2026-05-04 00:53:00+00:00, run_after=2026-05-04 00:54:00+00:00
[2026-05-04T00:54:39.714+0000] {processor.py:208} INFO - Processing /home/ec2-user/environment/lab4_model_training/venv/lib64/python3.12/site-packages/airflow/example_dags/example_branch_python_dop_operator_3.py took 0.063 seconds
[2026-05-04T00:55:40.561+0000] {processor.py:186} INFO - Started process (PID=22779) to work on /home/ec2-user/environment/lab4_model_training/venv/lib64/python3.12/site-packages/airflow/example_dags/example_branch_python_dop_operator_3.py
[2026-05-04T00:55:40.562+0000] {processor.py:914} INFO - Processing file /home/ec2-user/environment/lab4_model_training/venv/lib64/python3.12/site-packages/airflow/example_dags/example_branch_python_dop_operator_3.py for tasks to queue
[2026-05-04T00:55:40.564+0000] {logging_mixin.py:190} INFO - [2026-05-04T00:55:40.564+0000] {dagbag.py:588} INFO - Filling up the DagBag from /home/ec2-user/environment/lab4_model_training/venv/lib64/python3.12/site-packages/airflow/example_dags/example_branch_python_dop_operator_3.py
[2026-05-04T00:55:40.574+0000] {processor.py:925} INFO - DAG(s) 'example_branch_dop_operator_v3' retrieved from /home/ec2-user/environment/lab4_model_training/venv/lib64/python3.12/site-packages/airflow/example_dags/example_branch_python_dop_operator_3.py
[2026-05-04T00:55:40.586+0000] {logging_mixin.py:190} INFO - [2026-05-04T00:55:40.586+0000] {dag.py:3239} INFO - Sync 1 DAGs
[2026-05-04T00:55:40.605+0000] {logging_mixin.py:190} INFO - [2026-05-04T00:55:40.605+0000] {dag.py:4180} INFO - Setting next_dagrun for example_branch_dop_operator_v3 to 2026-05-04 00:54:00+00:00, run_after=2026-05-04 00:55:00+00:00
[2026-05-04T00:55:40.622+0000] {processor.py:208} INFO - Processing /home/ec2-user/environment/lab4_model_training/venv/lib64/python3.12/site-packages/airflow/example_dags/example_branch_python_dop_operator_3.py took 0.066 seconds
[2026-05-04T00:56:44.154+0000] {processor.py:186} INFO - Started process (PID=22948) to work on /home/ec2-user/environment/lab4_model_training/venv/lib64/python3.12/site-packages/airflow/example_dags/example_branch_python_dop_operator_3.py
[2026-05-04T00:56:44.156+0000] {processor.py:914} INFO - Processing file /home/ec2-user/environment/lab4_model_training/venv/lib64/python3.12/site-packages/airflow/example_dags/example_branch_python_dop_operator_3.py for tasks to queue
[2026-05-04T00:56:44.157+0000] {logging_mixin.py:190} INFO - [2026-05-04T00:56:44.157+0000] {dagbag.py:588} INFO - Filling up the DagBag from /home/ec2-user/environment/lab4_model_training/venv/lib64/python3.12/site-packages/airflow/example_dags/example_branch_python_dop_operator_3.py
[2026-05-04T00:56:44.165+0000] {processor.py:925} INFO - DAG(s) 'example_branch_dop_operator_v3' retrieved from /home/ec2-user/environment/lab4_model_training/venv/lib64/python3.12/site-packages/airflow/example_dags/example_branch_python_dop_operator_3.py
[2026-05-04T00:56:44.177+0000] {logging_mixin.py:190} INFO - [2026-05-04T00:56:44.177+0000] {dag.py:3239} INFO - Sync 1 DAGs
[2026-05-04T00:56:44.195+0000] {logging_mixin.py:190} INFO - [2026-05-04T00:56:44.195+0000] {dag.py:4180} INFO - Setting next_dagrun for example_branch_dop_operator_v3 to 2026-05-04 00:55:00+00:00, run_after=2026-05-04 00:56:00+00:00
[2026-05-04T00:56:44.212+0000] {processor.py:208} INFO - Processing /home/ec2-user/environment/lab4_model_training/venv/lib64/python3.12/site-packages/airflow/example_dags/example_branch_python_dop_operator_3.py took 0.062 seconds
[2026-05-04T00:57:51.401+0000] {processor.py:186} INFO - Started process (PID=23082) to work on /home/ec2-user/environment/lab4_model_training/venv/lib64/python3.12/site-packages/airflow/example_dags/example_branch_python_dop_operator_3.py
[2026-05-04T00:57:51.402+0000] {processor.py:914} INFO - Processing file /home/ec2-user/environment/lab4_model_training/venv/lib64/python3.12/site-packages/airflow/example_dags/example_branch_python_dop_operator_3.py for tasks to queue
[2026-05-04T00:57:51.404+0000] {logging_mixin.py:190} INFO - [2026-05-04T00:57:51.403+0000] {dagbag.py:588} INFO - Filling up the DagBag from /home/ec2-user/environment/lab4_model_training/venv/lib64/python3.12/site-packages/airflow/example_dags/example_branch_python_dop_operator_3.py
[2026-05-04T00:57:51.412+0000] {processor.py:925} INFO - DAG(s) 'example_branch_dop_operator_v3' retrieved from /home/ec2-user/environment/lab4_model_training/venv/lib64/python3.12/site-packages/airflow/example_dags/example_branch_python_dop_operator_3.py
[2026-05-04T00:57:51.424+0000] {logging_mixin.py:190} INFO - [2026-05-04T00:57:51.424+0000] {dag.py:3239} INFO - Sync 1 DAGs
[2026-05-04T00:57:51.442+0000] {logging_mixin.py:190} INFO - [2026-05-04T00:57:51.442+0000] {dag.py:4180} INFO - Setting next_dagrun for example_branch_dop_operator_v3 to 2026-05-04 00:56:00+00:00, run_after=2026-05-04 00:57:00+00:00
[2026-05-04T00:57:51.461+0000] {processor.py:208} INFO - Processing /home/ec2-user/environment/lab4_model_training/venv/lib64/python3.12/site-packages/airflow/example_dags/example_branch_python_dop_operator_3.py took 0.064 seconds
[2026-05-04T00:58:56.982+0000] {processor.py:186} INFO - Started process (PID=23241) to work on /home/ec2-user/environment/lab4_model_training/venv/lib64/python3.12/site-packages/airflow/example_dags/example_branch_python_dop_operator_3.py
[2026-05-04T00:58:56.983+0000] {processor.py:914} INFO - Processing file /home/ec2-user/environment/lab4_model_training/venv/lib64/python3.12/site-packages/airflow/example_dags/example_branch_python_dop_operator_3.py for tasks to queue
[2026-05-04T00:58:56.985+0000] {logging_mixin.py:190} INFO - [2026-05-04T00:58:56.985+0000] {dagbag.py:588} INFO - Filling up the DagBag from /home/ec2-user/environment/lab4_model_training/venv/lib64/python3.12/site-packages/airflow/example_dags/example_branch_python_dop_operator_3.py
[2026-05-04T00:58:56.993+0000] {processor.py:925} INFO - DAG(s) 'example_branch_dop_operator_v3' retrieved from /home/ec2-user/environment/lab4_model_training/venv/lib64/python3.12/site-packages/airflow/example_dags/example_branch_python_dop_operator_3.py
[2026-05-04T00:58:57.005+0000] {logging_mixin.py:190} INFO - [2026-05-04T00:58:57.005+0000] {dag.py:3239} INFO - Sync 1 DAGs
[2026-05-04T00:58:57.023+0000] {logging_mixin.py:190} INFO - [2026-05-04T00:58:57.023+0000] {dag.py:4180} INFO - Setting next_dagrun for example_branch_dop_operator_v3 to 2026-05-04 00:57:00+00:00, run_after=2026-05-04 00:58:00+00:00
[2026-05-04T00:58:57.041+0000] {processor.py:208} INFO - Processing /home/ec2-user/environment/lab4_model_training/venv/lib64/python3.12/site-packages/airflow/example_dags/example_branch_python_dop_operator_3.py took 0.064 seconds
[2026-05-04T01:00:07.646+0000] {processor.py:186} INFO - Started process (PID=23402) to work on /home/ec2-user/environment/lab4_model_training/venv/lib64/python3.12/site-packages/airflow/example_dags/example_branch_python_dop_operator_3.py
[2026-05-04T01:00:07.647+0000] {processor.py:914} INFO - Processing file /home/ec2-user/environment/lab4_model_training/venv/lib64/python3.12/site-packages/airflow/example_dags/example_branch_python_dop_operator_3.py for tasks to queue
[2026-05-04T01:00:07.649+0000] {logging_mixin.py:190} INFO - [2026-05-04T01:00:07.648+0000] {dagbag.py:588} INFO - Filling up the DagBag from /home/ec2-user/environment/lab4_model_training/venv/lib64/python3.12/site-packages/airflow/example_dags/example_branch_python_dop_operator_3.py
[2026-05-04T01:00:07.657+0000] {processor.py:925} INFO - DAG(s) 'example_branch_dop_operator_v3' retrieved from /home/ec2-user/environment/lab4_model_training/venv/lib64/python3.12/site-packages/airflow/example_dags/example_branch_python_dop_operator_3.py
[2026-05-04T01:00:07.668+0000] {logging_mixin.py:190} INFO - [2026-05-04T01:00:07.668+0000] {dag.py:3239} INFO - Sync 1 DAGs
[2026-05-04T01:00:07.686+0000] {logging_mixin.py:190} INFO - [2026-05-04T01:00:07.686+0000] {dag.py:4180} INFO - Setting next_dagrun for example_branch_dop_operator_v3 to 2026-05-04 00:59:00+00:00, run_after=2026-05-04 01:00:00+00:00
[2026-05-04T01:00:07.703+0000] {processor.py:208} INFO - Processing /home/ec2-user/environment/lab4_model_training/venv/lib64/python3.12/site-packages/airflow/example_dags/example_branch_python_dop_operator_3.py took 0.061 seconds
[2026-05-04T01:01:15.375+0000] {processor.py:186} INFO - Started process (PID=23582) to work on /home/ec2-user/environment/lab4_model_training/venv/lib64/python3.12/site-packages/airflow/example_dags/example_branch_python_dop_operator_3.py
[2026-05-04T01:01:15.376+0000] {processor.py:914} INFO - Processing file /home/ec2-user/environment/lab4_model_training/venv/lib64/python3.12/site-packages/airflow/example_dags/example_branch_python_dop_operator_3.py for tasks to queue
[2026-05-04T01:01:15.378+0000] {logging_mixin.py:190} INFO - [2026-05-04T01:01:15.378+0000] {dagbag.py:588} INFO - Filling up the DagBag from /home/ec2-user/environment/lab4_model_training/venv/lib64/python3.12/site-packages/airflow/example_dags/example_branch_python_dop_operator_3.py
[2026-05-04T01:01:15.386+0000] {processor.py:925} INFO - DAG(s) 'example_branch_dop_operator_v3' retrieved from /home/ec2-user/environment/lab4_model_training/venv/lib64/python3.12/site-packages/airflow/example_dags/example_branch_python_dop_operator_3.py
[2026-05-04T01:01:15.398+0000] {logging_mixin.py:190} INFO - [2026-05-04T01:01:15.398+0000] {dag.py:3239} INFO - Sync 1 DAGs
[2026-05-04T01:01:15.416+0000] {logging_mixin.py:190} INFO - [2026-05-04T01:01:15.416+0000] {dag.py:4180} INFO - Setting next_dagrun for example_branch_dop_operator_v3 to 2026-05-04 01:00:00+00:00, run_after=2026-05-04 01:01:00+00:00
[2026-05-04T01:01:15.433+0000] {processor.py:208} INFO - Processing /home/ec2-user/environment/lab4_model_training/venv/lib64/python3.12/site-packages/airflow/example_dags/example_branch_python_dop_operator_3.py took 0.063 seconds
[2026-05-04T01:02:21.564+0000] {processor.py:186} INFO - Started process (PID=23671) to work on /home/ec2-user/environment/lab4_model_training/venv/lib64/python3.12/site-packages/airflow/example_dags/example_branch_python_dop_operator_3.py
[2026-05-04T01:02:21.565+0000] {processor.py:914} INFO - Processing file /home/ec2-user/environment/lab4_model_training/venv/lib64/python3.12/site-packages/airflow/example_dags/example_branch_python_dop_operator_3.py for tasks to queue
[2026-05-04T01:02:21.567+0000] {logging_mixin.py:190} INFO - [2026-05-04T01:02:21.566+0000] {dagbag.py:588} INFO - Filling up the DagBag from /home/ec2-user/environment/lab4_model_training/venv/lib64/python3.12/site-packages/airflow/example_dags/example_branch_python_dop_operator_3.py
[2026-05-04T01:02:21.576+0000] {processor.py:925} INFO - DAG(s) 'example_branch_dop_operator_v3' retrieved from /home/ec2-user/environment/lab4_model_training/venv/lib64/python3.12/site-packages/airflow/example_dags/example_branch_python_dop_operator_3.py
[2026-05-04T01:02:21.587+0000] {logging_mixin.py:190} INFO - [2026-05-04T01:02:21.587+0000] {dag.py:3239} INFO - Sync 1 DAGs
[2026-05-04T01:02:21.605+0000] {logging_mixin.py:190} INFO - [2026-05-04T01:02:21.605+0000] {dag.py:4180} INFO - Setting next_dagrun for example_branch_dop_operator_v3 to 2026-05-04 01:01:00+00:00, run_after=2026-05-04 01:02:00+00:00
[2026-05-04T01:02:21.623+0000] {processor.py:208} INFO - Processing /home/ec2-user/environment/lab4_model_training/venv/lib64/python3.12/site-packages/airflow/example_dags/example_branch_python_dop_operator_3.py took 0.063 seconds
[2026-05-04T01:03:25.507+0000] {processor.py:186} INFO - Started process (PID=23811) to work on /home/ec2-user/environment/lab4_model_training/venv/lib64/python3.12/site-packages/airflow/example_dags/example_branch_python_dop_operator_3.py
[2026-05-04T01:03:25.508+0000] {processor.py:914} INFO - Processing file /home/ec2-user/environment/lab4_model_training/venv/lib64/python3.12/site-packages/airflow/example_dags/example_branch_python_dop_operator_3.py for tasks to queue
[2026-05-04T01:03:25.509+0000] {logging_mixin.py:190} INFO - [2026-05-04T01:03:25.509+0000] {dagbag.py:588} INFO - Filling up the DagBag from /home/ec2-user/environment/lab4_model_training/venv/lib64/python3.12/site-packages/airflow/example_dags/example_branch_python_dop_operator_3.py
[2026-05-04T01:03:25.518+0000] {processor.py:925} INFO - DAG(s) 'example_branch_dop_operator_v3' retrieved from /home/ec2-user/environment/lab4_model_training/venv/lib64/python3.12/site-packages/airflow/example_dags/example_branch_python_dop_operator_3.py
[2026-05-04T01:03:25.529+0000] {logging_mixin.py:190} INFO - [2026-05-04T01:03:25.529+0000] {dag.py:3239} INFO - Sync 1 DAGs
[2026-05-04T01:03:25.548+0000] {logging_mixin.py:190} INFO - [2026-05-04T01:03:25.547+0000] {dag.py:4180} INFO - Setting next_dagrun for example_branch_dop_operator_v3 to 2026-05-04 01:02:00+00:00, run_after=2026-05-04 01:03:00+00:00
[2026-05-04T01:03:25.565+0000] {processor.py:208} INFO - Processing /home/ec2-user/environment/lab4_model_training/venv/lib64/python3.12/site-packages/airflow/example_dags/example_branch_python_dop_operator_3.py took 0.063 seconds
[2026-05-04T01:04:35.379+0000] {processor.py:186} INFO - Started process (PID=23949) to work on /home/ec2-user/environment/lab4_model_training/venv/lib64/python3.12/site-packages/airflow/example_dags/example_branch_python_dop_operator_3.py
[2026-05-04T01:04:35.380+0000] {processor.py:914} INFO - Processing file /home/ec2-user/environment/lab4_model_training/venv/lib64/python3.12/site-packages/airflow/example_dags/example_branch_python_dop_operator_3.py for tasks to queue
[2026-05-04T01:04:35.382+0000] {logging_mixin.py:190} INFO - [2026-05-04T01:04:35.381+0000] {dagbag.py:588} INFO - Filling up the DagBag from /home/ec2-user/environment/lab4_model_training/venv/lib64/python3.12/site-packages/airflow/example_dags/example_branch_python_dop_operator_3.py
[2026-05-04T01:04:35.390+0000] {processor.py:925} INFO - DAG(s) 'example_branch_dop_operator_v3' retrieved from /home/ec2-user/environment/lab4_model_training/venv/lib64/python3.12/site-packages/airflow/example_dags/example_branch_python_dop_operator_3.py
[2026-05-04T01:04:35.401+0000] {logging_mixin.py:190} INFO - [2026-05-04T01:04:35.401+0000] {dag.py:3239} INFO - Sync 1 DAGs
[2026-05-04T01:04:35.419+0000] {logging_mixin.py:190} INFO - [2026-05-04T01:04:35.419+0000] {dag.py:4180} INFO - Setting next_dagrun for example_branch_dop_operator_v3 to 2026-05-04 01:03:00+00:00, run_after=2026-05-04 01:04:00+00:00
[2026-05-04T01:04:35.437+0000] {processor.py:208} INFO - Processing /home/ec2-user/environment/lab4_model_training/venv/lib64/python3.12/site-packages/airflow/example_dags/example_branch_python_dop_operator_3.py took 0.062 seconds
[2026-05-04T01:05:39.610+0000] {processor.py:186} INFO - Started process (PID=24036) to work on /home/ec2-user/environment/lab4_model_training/venv/lib64/python3.12/site-packages/airflow/example_dags/example_branch_python_dop_operator_3.py
[2026-05-04T01:05:39.611+0000] {processor.py:914} INFO - Processing file /home/ec2-user/environment/lab4_model_training/venv/lib64/python3.12/site-packages/airflow/example_dags/example_branch_python_dop_operator_3.py for tasks to queue
[2026-05-04T01:05:39.613+0000] {logging_mixin.py:190} INFO - [2026-05-04T01:05:39.612+0000] {dagbag.py:588} INFO - Filling up the DagBag from /home/ec2-user/environment/lab4_model_training/venv/lib64/python3.12/site-packages/airflow/example_dags/example_branch_python_dop_operator_3.py
[2026-05-04T01:05:39.621+0000] {processor.py:925} INFO - DAG(s) 'example_branch_dop_operator_v3' retrieved from /home/ec2-user/environment/lab4_model_training/venv/lib64/python3.12/site-packages/airflow/example_dags/example_branch_python_dop_operator_3.py
[2026-05-04T01:05:39.633+0000] {logging_mixin.py:190} INFO - [2026-05-04T01:05:39.633+0000] {dag.py:3239} INFO - Sync 1 DAGs
[2026-05-04T01:05:39.651+0000] {logging_mixin.py:190} INFO - [2026-05-04T01:05:39.651+0000] {dag.py:4180} INFO - Setting next_dagrun for example_branch_dop_operator_v3 to 2026-05-04 01:04:00+00:00, run_after=2026-05-04 01:05:00+00:00
[2026-05-04T01:05:39.669+0000] {processor.py:208} INFO - Processing /home/ec2-user/environment/lab4_model_training/venv/lib64/python3.12/site-packages/airflow/example_dags/example_branch_python_dop_operator_3.py took 0.063 seconds
[2026-05-04T01:06:48.491+0000] {processor.py:186} INFO - Started process (PID=24175) to work on /home/ec2-user/environment/lab4_model_training/venv/lib64/python3.12/site-packages/airflow/example_dags/example_branch_python_dop_operator_3.py
[2026-05-04T01:06:48.493+0000] {processor.py:914} INFO - Processing file /home/ec2-user/environment/lab4_model_training/venv/lib64/python3.12/site-packages/airflow/example_dags/example_branch_python_dop_operator_3.py for tasks to queue
[2026-05-04T01:06:48.494+0000] {logging_mixin.py:190} INFO - [2026-05-04T01:06:48.494+0000] {dagbag.py:588} INFO - Filling up the DagBag from /home/ec2-user/environment/lab4_model_training/venv/lib64/python3.12/site-packages/airflow/example_dags/example_branch_python_dop_operator_3.py
[2026-05-04T01:06:48.503+0000] {processor.py:925} INFO - DAG(s) 'example_branch_dop_operator_v3' retrieved from /home/ec2-user/environment/lab4_model_training/venv/lib64/python3.12/site-packages/airflow/example_dags/example_branch_python_dop_operator_3.py
[2026-05-04T01:06:48.514+0000] {logging_mixin.py:190} INFO - [2026-05-04T01:06:48.514+0000] {dag.py:3239} INFO - Sync 1 DAGs
[2026-05-04T01:06:48.532+0000] {logging_mixin.py:190} INFO - [2026-05-04T01:06:48.532+0000] {dag.py:4180} INFO - Setting next_dagrun for example_branch_dop_operator_v3 to 2026-05-04 01:05:00+00:00, run_after=2026-05-04 01:06:00+00:00
[2026-05-04T01:06:48.549+0000] {processor.py:208} INFO - Processing /home/ec2-user/environment/lab4_model_training/venv/lib64/python3.12/site-packages/airflow/example_dags/example_branch_python_dop_operator_3.py took 0.062 seconds
[2026-05-04T01:07:57.152+0000] {processor.py:186} INFO - Started process (PID=24264) to work on /home/ec2-user/environment/lab4_model_training/venv/lib64/python3.12/site-packages/airflow/example_dags/example_branch_python_dop_operator_3.py
[2026-05-04T01:07:57.153+0000] {processor.py:914} INFO - Processing file /home/ec2-user/environment/lab4_model_training/venv/lib64/python3.12/site-packages/airflow/example_dags/example_branch_python_dop_operator_3.py for tasks to queue
[2026-05-04T01:07:57.154+0000] {logging_mixin.py:190} INFO - [2026-05-04T01:07:57.154+0000] {dagbag.py:588} INFO - Filling up the DagBag from /home/ec2-user/environment/lab4_model_training/venv/lib64/python3.12/site-packages/airflow/example_dags/example_branch_python_dop_operator_3.py
[2026-05-04T01:07:57.163+0000] {processor.py:925} INFO - DAG(s) 'example_branch_dop_operator_v3' retrieved from /home/ec2-user/environment/lab4_model_training/venv/lib64/python3.12/site-packages/airflow/example_dags/example_branch_python_dop_operator_3.py
[2026-05-04T01:07:57.175+0000] {logging_mixin.py:190} INFO - [2026-05-04T01:07:57.174+0000] {dag.py:3239} INFO - Sync 1 DAGs
[2026-05-04T01:07:57.194+0000] {logging_mixin.py:190} INFO - [2026-05-04T01:07:57.194+0000] {dag.py:4180} INFO - Setting next_dagrun for example_branch_dop_operator_v3 to 2026-05-04 01:06:00+00:00, run_after=2026-05-04 01:07:00+00:00
[2026-05-04T01:07:57.211+0000] {processor.py:208} INFO - Processing /home/ec2-user/environment/lab4_model_training/venv/lib64/python3.12/site-packages/airflow/example_dags/example_branch_python_dop_operator_3.py took 0.064 seconds
[2026-05-04T01:09:02.321+0000] {processor.py:186} INFO - Started process (PID=24415) to work on /home/ec2-user/environment/lab4_model_training/venv/lib64/python3.12/site-packages/airflow/example_dags/example_branch_python_dop_operator_3.py
[2026-05-04T01:09:02.322+0000] {processor.py:914} INFO - Processing file /home/ec2-user/environment/lab4_model_training/venv/lib64/python3.12/site-packages/airflow/example_dags/example_branch_python_dop_operator_3.py for tasks to queue
[2026-05-04T01:09:02.324+0000] {logging_mixin.py:190} INFO - [2026-05-04T01:09:02.323+0000] {dagbag.py:588} INFO - Filling up the DagBag from /home/ec2-user/environment/lab4_model_training/venv/lib64/python3.12/site-packages/airflow/example_dags/example_branch_python_dop_operator_3.py
[2026-05-04T01:09:02.331+0000] {processor.py:925} INFO - DAG(s) 'example_branch_dop_operator_v3' retrieved from /home/ec2-user/environment/lab4_model_training/venv/lib64/python3.12/site-packages/airflow/example_dags/example_branch_python_dop_operator_3.py
[2026-05-04T01:09:02.343+0000] {logging_mixin.py:190} INFO - [2026-05-04T01:09:02.343+0000] {dag.py:3239} INFO - Sync 1 DAGs
[2026-05-04T01:09:02.360+0000] {logging_mixin.py:190} INFO - [2026-05-04T01:09:02.360+0000] {dag.py:4180} INFO - Setting next_dagrun for example_branch_dop_operator_v3 to 2026-05-04 01:08:00+00:00, run_after=2026-05-04 01:09:00+00:00
[2026-05-04T01:09:02.377+0000] {processor.py:208} INFO - Processing /home/ec2-user/environment/lab4_model_training/venv/lib64/python3.12/site-packages/airflow/example_dags/example_branch_python_dop_operator_3.py took 0.061 seconds
[2026-05-04T01:10:12.683+0000] {processor.py:186} INFO - Started process (PID=25005) to work on /home/ec2-user/environment/lab4_model_training/venv/lib64/python3.12/site-packages/airflow/example_dags/example_branch_python_dop_operator_3.py
[2026-05-04T01:10:12.684+0000] {processor.py:914} INFO - Processing file /home/ec2-user/environment/lab4_model_training/venv/lib64/python3.12/site-packages/airflow/example_dags/example_branch_python_dop_operator_3.py for tasks to queue
[2026-05-04T01:10:12.686+0000] {logging_mixin.py:190} INFO - [2026-05-04T01:10:12.686+0000] {dagbag.py:588} INFO - Filling up the DagBag from /home/ec2-user/environment/lab4_model_training/venv/lib64/python3.12/site-packages/airflow/example_dags/example_branch_python_dop_operator_3.py
[2026-05-04T01:10:12.695+0000] {processor.py:925} INFO - DAG(s) 'example_branch_dop_operator_v3' retrieved from /home/ec2-user/environment/lab4_model_training/venv/lib64/python3.12/site-packages/airflow/example_dags/example_branch_python_dop_operator_3.py
[2026-05-04T01:10:12.706+0000] {logging_mixin.py:190} INFO - [2026-05-04T01:10:12.706+0000] {dag.py:3239} INFO - Sync 1 DAGs
[2026-05-04T01:10:12.725+0000] {logging_mixin.py:190} INFO - [2026-05-04T01:10:12.725+0000] {dag.py:4180} INFO - Setting next_dagrun for example_branch_dop_operator_v3 to 2026-05-04 01:09:00+00:00, run_after=2026-05-04 01:10:00+00:00
[2026-05-04T01:10:12.857+0000] {processor.py:208} INFO - Processing /home/ec2-user/environment/lab4_model_training/venv/lib64/python3.12/site-packages/airflow/example_dags/example_branch_python_dop_operator_3.py took 0.178 seconds
[2026-05-04T01:11:23.279+0000] {processor.py:186} INFO - Started process (PID=25577) to work on /home/ec2-user/environment/lab4_model_training/venv/lib64/python3.12/site-packages/airflow/example_dags/example_branch_python_dop_operator_3.py
[2026-05-04T01:11:23.280+0000] {processor.py:914} INFO - Processing file /home/ec2-user/environment/lab4_model_training/venv/lib64/python3.12/site-packages/airflow/example_dags/example_branch_python_dop_operator_3.py for tasks to queue
[2026-05-04T01:11:23.283+0000] {logging_mixin.py:190} INFO - [2026-05-04T01:11:23.282+0000] {dagbag.py:588} INFO - Filling up the DagBag from /home/ec2-user/environment/lab4_model_training/venv/lib64/python3.12/site-packages/airflow/example_dags/example_branch_python_dop_operator_3.py
[2026-05-04T01:11:23.294+0000] {processor.py:925} INFO - DAG(s) 'example_branch_dop_operator_v3' retrieved from /home/ec2-user/environment/lab4_model_training/venv/lib64/python3.12/site-packages/airflow/example_dags/example_branch_python_dop_operator_3.py
[2026-05-04T01:11:23.311+0000] {logging_mixin.py:190} INFO - [2026-05-04T01:11:23.310+0000] {dag.py:3239} INFO - Sync 1 DAGs
[2026-05-04T01:11:23.333+0000] {logging_mixin.py:190} INFO - [2026-05-04T01:11:23.333+0000] {dag.py:4180} INFO - Setting next_dagrun for example_branch_dop_operator_v3 to 2026-05-04 01:10:00+00:00, run_after=2026-05-04 01:11:00+00:00
[2026-05-04T01:11:23.353+0000] {processor.py:208} INFO - Processing /home/ec2-user/environment/lab4_model_training/venv/lib64/python3.12/site-packages/airflow/example_dags/example_branch_python_dop_operator_3.py took 0.079 seconds
[2026-05-04T01:12:33.413+0000] {processor.py:186} INFO - Started process (PID=26088) to work on /home/ec2-user/environment/lab4_model_training/venv/lib64/python3.12/site-packages/airflow/example_dags/example_branch_python_dop_operator_3.py
[2026-05-04T01:12:33.415+0000] {processor.py:914} INFO - Processing file /home/ec2-user/environment/lab4_model_training/venv/lib64/python3.12/site-packages/airflow/example_dags/example_branch_python_dop_operator_3.py for tasks to queue
[2026-05-04T01:12:33.416+0000] {logging_mixin.py:190} INFO - [2026-05-04T01:12:33.416+0000] {dagbag.py:588} INFO - Filling up the DagBag from /home/ec2-user/environment/lab4_model_training/venv/lib64/python3.12/site-packages/airflow/example_dags/example_branch_python_dop_operator_3.py
[2026-05-04T01:12:33.425+0000] {processor.py:925} INFO - DAG(s) 'example_branch_dop_operator_v3' retrieved from /home/ec2-user/environment/lab4_model_training/venv/lib64/python3.12/site-packages/airflow/example_dags/example_branch_python_dop_operator_3.py
[2026-05-04T01:12:33.437+0000] {logging_mixin.py:190} INFO - [2026-05-04T01:12:33.437+0000] {dag.py:3239} INFO - Sync 1 DAGs
[2026-05-04T01:12:33.455+0000] {logging_mixin.py:190} INFO - [2026-05-04T01:12:33.455+0000] {dag.py:4180} INFO - Setting next_dagrun for example_branch_dop_operator_v3 to 2026-05-04 01:11:00+00:00, run_after=2026-05-04 01:12:00+00:00
[2026-05-04T01:12:33.473+0000] {processor.py:208} INFO - Processing /home/ec2-user/environment/lab4_model_training/venv/lib64/python3.12/site-packages/airflow/example_dags/example_branch_python_dop_operator_3.py took 0.064 seconds
[2026-05-04T01:13:45.351+0000] {processor.py:186} INFO - Started process (PID=26592) to work on /home/ec2-user/environment/lab4_model_training/venv/lib64/python3.12/site-packages/airflow/example_dags/example_branch_python_dop_operator_3.py
[2026-05-04T01:13:45.352+0000] {processor.py:914} INFO - Processing file /home/ec2-user/environment/lab4_model_training/venv/lib64/python3.12/site-packages/airflow/example_dags/example_branch_python_dop_operator_3.py for tasks to queue
[2026-05-04T01:13:45.354+0000] {logging_mixin.py:190} INFO - [2026-05-04T01:13:45.354+0000] {dagbag.py:588} INFO - Filling up the DagBag from /home/ec2-user/environment/lab4_model_training/venv/lib64/python3.12/site-packages/airflow/example_dags/example_branch_python_dop_operator_3.py
[2026-05-04T01:13:45.363+0000] {processor.py:925} INFO - DAG(s) 'example_branch_dop_operator_v3' retrieved from /home/ec2-user/environment/lab4_model_training/venv/lib64/python3.12/site-packages/airflow/example_dags/example_branch_python_dop_operator_3.py
[2026-05-04T01:13:45.375+0000] {logging_mixin.py:190} INFO - [2026-05-04T01:13:45.375+0000] {dag.py:3239} INFO - Sync 1 DAGs
[2026-05-04T01:13:45.394+0000] {logging_mixin.py:190} INFO - [2026-05-04T01:13:45.394+0000] {dag.py:4180} INFO - Setting next_dagrun for example_branch_dop_operator_v3 to 2026-05-04 01:12:00+00:00, run_after=2026-05-04 01:13:00+00:00
[2026-05-04T01:13:45.413+0000] {processor.py:208} INFO - Processing /home/ec2-user/environment/lab4_model_training/venv/lib64/python3.12/site-packages/airflow/example_dags/example_branch_python_dop_operator_3.py took 0.066 seconds
[2026-05-04T01:14:57.390+0000] {processor.py:186} INFO - Started process (PID=27134) to work on /home/ec2-user/environment/lab4_model_training/venv/lib64/python3.12/site-packages/airflow/example_dags/example_branch_python_dop_operator_3.py
[2026-05-04T01:14:57.391+0000] {processor.py:914} INFO - Processing file /home/ec2-user/environment/lab4_model_training/venv/lib64/python3.12/site-packages/airflow/example_dags/example_branch_python_dop_operator_3.py for tasks to queue
[2026-05-04T01:14:57.393+0000] {logging_mixin.py:190} INFO - [2026-05-04T01:14:57.393+0000] {dagbag.py:588} INFO - Filling up the DagBag from /home/ec2-user/environment/lab4_model_training/venv/lib64/python3.12/site-packages/airflow/example_dags/example_branch_python_dop_operator_3.py
[2026-05-04T01:14:57.402+0000] {processor.py:925} INFO - DAG(s) 'example_branch_dop_operator_v3' retrieved from /home/ec2-user/environment/lab4_model_training/venv/lib64/python3.12/site-packages/airflow/example_dags/example_branch_python_dop_operator_3.py
[2026-05-04T01:14:57.414+0000] {logging_mixin.py:190} INFO - [2026-05-04T01:14:57.413+0000] {dag.py:3239} INFO - Sync 1 DAGs
[2026-05-04T01:14:57.548+0000] {logging_mixin.py:190} INFO - [2026-05-04T01:14:57.548+0000] {dag.py:4180} INFO - Setting next_dagrun for example_branch_dop_operator_v3 to 2026-05-04 01:13:00+00:00, run_after=2026-05-04 01:14:00+00:00
[2026-05-04T01:14:57.565+0000] {processor.py:208} INFO - Processing /home/ec2-user/environment/lab4_model_training/venv/lib64/python3.12/site-packages/airflow/example_dags/example_branch_python_dop_operator_3.py took 0.179 seconds
[2026-05-04T01:16:07.326+0000] {processor.py:186} INFO - Started process (PID=27638) to work on /home/ec2-user/environment/lab4_model_training/venv/lib64/python3.12/site-packages/airflow/example_dags/example_branch_python_dop_operator_3.py
[2026-05-04T01:16:07.327+0000] {processor.py:914} INFO - Processing file /home/ec2-user/environment/lab4_model_training/venv/lib64/python3.12/site-packages/airflow/example_dags/example_branch_python_dop_operator_3.py for tasks to queue
[2026-05-04T01:16:07.330+0000] {logging_mixin.py:190} INFO - [2026-05-04T01:16:07.329+0000] {dagbag.py:588} INFO - Filling up the DagBag from /home/ec2-user/environment/lab4_model_training/venv/lib64/python3.12/site-packages/airflow/example_dags/example_branch_python_dop_operator_3.py
[2026-05-04T01:16:07.341+0000] {processor.py:925} INFO - DAG(s) 'example_branch_dop_operator_v3' retrieved from /home/ec2-user/environment/lab4_model_training/venv/lib64/python3.12/site-packages/airflow/example_dags/example_branch_python_dop_operator_3.py
[2026-05-04T01:16:07.358+0000] {logging_mixin.py:190} INFO - [2026-05-04T01:16:07.357+0000] {dag.py:3239} INFO - Sync 1 DAGs
[2026-05-04T01:16:07.383+0000] {logging_mixin.py:190} INFO - [2026-05-04T01:16:07.383+0000] {dag.py:4180} INFO - Setting next_dagrun for example_branch_dop_operator_v3 to 2026-05-04 01:15:00+00:00, run_after=2026-05-04 01:16:00+00:00
[2026-05-04T01:16:07.403+0000] {processor.py:208} INFO - Processing /home/ec2-user/environment/lab4_model_training/venv/lib64/python3.12/site-packages/airflow/example_dags/example_branch_python_dop_operator_3.py took 0.082 seconds
[2026-05-04T01:17:06.997+0000] {processor.py:186} INFO - Started process (PID=28114) to work on /home/ec2-user/environment/lab4_model_training/venv/lib64/python3.12/site-packages/airflow/example_dags/example_branch_python_dop_operator_3.py
[2026-05-04T01:17:06.998+0000] {processor.py:914} INFO - Processing file /home/ec2-user/environment/lab4_model_training/venv/lib64/python3.12/site-packages/airflow/example_dags/example_branch_python_dop_operator_3.py for tasks to queue
[2026-05-04T01:17:07.000+0000] {logging_mixin.py:190} INFO - [2026-05-04T01:17:07.000+0000] {dagbag.py:588} INFO - Filling up the DagBag from /home/ec2-user/environment/lab4_model_training/venv/lib64/python3.12/site-packages/airflow/example_dags/example_branch_python_dop_operator_3.py
[2026-05-04T01:17:07.012+0000] {processor.py:925} INFO - DAG(s) 'example_branch_dop_operator_v3' retrieved from /home/ec2-user/environment/lab4_model_training/venv/lib64/python3.12/site-packages/airflow/example_dags/example_branch_python_dop_operator_3.py
[2026-05-04T01:17:07.027+0000] {logging_mixin.py:190} INFO - [2026-05-04T01:17:07.026+0000] {dag.py:3239} INFO - Sync 1 DAGs
[2026-05-04T01:17:07.046+0000] {logging_mixin.py:190} INFO - [2026-05-04T01:17:07.046+0000] {dag.py:4180} INFO - Setting next_dagrun for example_branch_dop_operator_v3 to 2026-05-04 01:16:00+00:00, run_after=2026-05-04 01:17:00+00:00
[2026-05-04T01:17:07.065+0000] {processor.py:208} INFO - Processing /home/ec2-user/environment/lab4_model_training/venv/lib64/python3.12/site-packages/airflow/example_dags/example_branch_python_dop_operator_3.py took 0.073 seconds
[2026-05-04T01:18:15.952+0000] {processor.py:186} INFO - Started process (PID=28662) to work on /home/ec2-user/environment/lab4_model_training/venv/lib64/python3.12/site-packages/airflow/example_dags/example_branch_python_dop_operator_3.py
[2026-05-04T01:18:15.953+0000] {processor.py:914} INFO - Processing file /home/ec2-user/environment/lab4_model_training/venv/lib64/python3.12/site-packages/airflow/example_dags/example_branch_python_dop_operator_3.py for tasks to queue
[2026-05-04T01:18:15.955+0000] {logging_mixin.py:190} INFO - [2026-05-04T01:18:15.955+0000] {dagbag.py:588} INFO - Filling up the DagBag from /home/ec2-user/environment/lab4_model_training/venv/lib64/python3.12/site-packages/airflow/example_dags/example_branch_python_dop_operator_3.py
[2026-05-04T01:18:15.967+0000] {processor.py:925} INFO - DAG(s) 'example_branch_dop_operator_v3' retrieved from /home/ec2-user/environment/lab4_model_training/venv/lib64/python3.12/site-packages/airflow/example_dags/example_branch_python_dop_operator_3.py
[2026-05-04T01:18:15.983+0000] {logging_mixin.py:190} INFO - [2026-05-04T01:18:15.983+0000] {dag.py:3239} INFO - Sync 1 DAGs
[2026-05-04T01:18:16.009+0000] {logging_mixin.py:190} INFO - [2026-05-04T01:18:16.008+0000] {dag.py:4180} INFO - Setting next_dagrun for example_branch_dop_operator_v3 to 2026-05-04 01:17:00+00:00, run_after=2026-05-04 01:18:00+00:00
[2026-05-04T01:18:16.029+0000] {processor.py:208} INFO - Processing /home/ec2-user/environment/lab4_model_training/venv/lib64/python3.12/site-packages/airflow/example_dags/example_branch_python_dop_operator_3.py took 0.082 seconds
[2026-05-04T01:19:22.870+0000] {processor.py:186} INFO - Started process (PID=29202) to work on /home/ec2-user/environment/lab4_model_training/venv/lib64/python3.12/site-packages/airflow/example_dags/example_branch_python_dop_operator_3.py
[2026-05-04T01:19:22.871+0000] {processor.py:914} INFO - Processing file /home/ec2-user/environment/lab4_model_training/venv/lib64/python3.12/site-packages/airflow/example_dags/example_branch_python_dop_operator_3.py for tasks to queue
[2026-05-04T01:19:22.873+0000] {logging_mixin.py:190} INFO - [2026-05-04T01:19:22.873+0000] {dagbag.py:588} INFO - Filling up the DagBag from /home/ec2-user/environment/lab4_model_training/venv/lib64/python3.12/site-packages/airflow/example_dags/example_branch_python_dop_operator_3.py
[2026-05-04T01:19:22.884+0000] {processor.py:925} INFO - DAG(s) 'example_branch_dop_operator_v3' retrieved from /home/ec2-user/environment/lab4_model_training/venv/lib64/python3.12/site-packages/airflow/example_dags/example_branch_python_dop_operator_3.py
[2026-05-04T01:19:22.901+0000] {logging_mixin.py:190} INFO - [2026-05-04T01:19:22.901+0000] {dag.py:3239} INFO - Sync 1 DAGs
[2026-05-04T01:19:22.925+0000] {logging_mixin.py:190} INFO - [2026-05-04T01:19:22.925+0000] {dag.py:4180} INFO - Setting next_dagrun for example_branch_dop_operator_v3 to 2026-05-04 01:18:00+00:00, run_after=2026-05-04 01:19:00+00:00
[2026-05-04T01:19:22.945+0000] {processor.py:208} INFO - Processing /home/ec2-user/environment/lab4_model_training/venv/lib64/python3.12/site-packages/airflow/example_dags/example_branch_python_dop_operator_3.py took 0.080 seconds
[2026-05-04T01:20:28.572+0000] {processor.py:186} INFO - Started process (PID=29780) to work on /home/ec2-user/environment/lab4_model_training/venv/lib64/python3.12/site-packages/airflow/example_dags/example_branch_python_dop_operator_3.py
[2026-05-04T01:20:28.573+0000] {processor.py:914} INFO - Processing file /home/ec2-user/environment/lab4_model_training/venv/lib64/python3.12/site-packages/airflow/example_dags/example_branch_python_dop_operator_3.py for tasks to queue
[2026-05-04T01:20:28.574+0000] {logging_mixin.py:190} INFO - [2026-05-04T01:20:28.574+0000] {dagbag.py:588} INFO - Filling up the DagBag from /home/ec2-user/environment/lab4_model_training/venv/lib64/python3.12/site-packages/airflow/example_dags/example_branch_python_dop_operator_3.py
[2026-05-04T01:20:28.583+0000] {processor.py:925} INFO - DAG(s) 'example_branch_dop_operator_v3' retrieved from /home/ec2-user/environment/lab4_model_training/venv/lib64/python3.12/site-packages/airflow/example_dags/example_branch_python_dop_operator_3.py
[2026-05-04T01:20:28.596+0000] {logging_mixin.py:190} INFO - [2026-05-04T01:20:28.596+0000] {dag.py:3239} INFO - Sync 1 DAGs
[2026-05-04T01:20:28.615+0000] {logging_mixin.py:190} INFO - [2026-05-04T01:20:28.615+0000] {dag.py:4180} INFO - Setting next_dagrun for example_branch_dop_operator_v3 to 2026-05-04 01:19:00+00:00, run_after=2026-05-04 01:20:00+00:00
[2026-05-04T01:20:28.633+0000] {processor.py:208} INFO - Processing /home/ec2-user/environment/lab4_model_training/venv/lib64/python3.12/site-packages/airflow/example_dags/example_branch_python_dop_operator_3.py took 0.066 seconds
[2026-05-04T01:21:29.982+0000] {processor.py:186} INFO - Started process (PID=30237) to work on /home/ec2-user/environment/lab4_model_training/venv/lib64/python3.12/site-packages/airflow/example_dags/example_branch_python_dop_operator_3.py
[2026-05-04T01:21:29.983+0000] {processor.py:914} INFO - Processing file /home/ec2-user/environment/lab4_model_training/venv/lib64/python3.12/site-packages/airflow/example_dags/example_branch_python_dop_operator_3.py for tasks to queue
[2026-05-04T01:21:29.984+0000] {logging_mixin.py:190} INFO - [2026-05-04T01:21:29.984+0000] {dagbag.py:588} INFO - Filling up the DagBag from /home/ec2-user/environment/lab4_model_training/venv/lib64/python3.12/site-packages/airflow/example_dags/example_branch_python_dop_operator_3.py
[2026-05-04T01:21:29.993+0000] {processor.py:925} INFO - DAG(s) 'example_branch_dop_operator_v3' retrieved from /home/ec2-user/environment/lab4_model_training/venv/lib64/python3.12/site-packages/airflow/example_dags/example_branch_python_dop_operator_3.py
[2026-05-04T01:21:30.005+0000] {logging_mixin.py:190} INFO - [2026-05-04T01:21:30.005+0000] {dag.py:3239} INFO - Sync 1 DAGs
[2026-05-04T01:21:30.028+0000] {logging_mixin.py:190} INFO - [2026-05-04T01:21:30.028+0000] {dag.py:4180} INFO - Setting next_dagrun for example_branch_dop_operator_v3 to 2026-05-04 01:20:00+00:00, run_after=2026-05-04 01:21:00+00:00
[2026-05-04T01:21:30.051+0000] {processor.py:208} INFO - Processing /home/ec2-user/environment/lab4_model_training/venv/lib64/python3.12/site-packages/airflow/example_dags/example_branch_python_dop_operator_3.py took 0.074 seconds
[2026-05-04T01:22:37.465+0000] {processor.py:186} INFO - Started process (PID=30559) to work on /home/ec2-user/environment/lab4_model_training/venv/lib64/python3.12/site-packages/airflow/example_dags/example_branch_python_dop_operator_3.py
[2026-05-04T01:22:37.467+0000] {processor.py:914} INFO - Processing file /home/ec2-user/environment/lab4_model_training/venv/lib64/python3.12/site-packages/airflow/example_dags/example_branch_python_dop_operator_3.py for tasks to queue
[2026-05-04T01:22:37.469+0000] {logging_mixin.py:190} INFO - [2026-05-04T01:22:37.468+0000] {dagbag.py:588} INFO - Filling up the DagBag from /home/ec2-user/environment/lab4_model_training/venv/lib64/python3.12/site-packages/airflow/example_dags/example_branch_python_dop_operator_3.py
[2026-05-04T01:22:37.477+0000] {processor.py:925} INFO - DAG(s) 'example_branch_dop_operator_v3' retrieved from /home/ec2-user/environment/lab4_model_training/venv/lib64/python3.12/site-packages/airflow/example_dags/example_branch_python_dop_operator_3.py
[2026-05-04T01:22:37.490+0000] {logging_mixin.py:190} INFO - [2026-05-04T01:22:37.490+0000] {dag.py:3239} INFO - Sync 1 DAGs
[2026-05-04T01:22:37.509+0000] {logging_mixin.py:190} INFO - [2026-05-04T01:22:37.508+0000] {dag.py:4180} INFO - Setting next_dagrun for example_branch_dop_operator_v3 to 2026-05-04 01:21:00+00:00, run_after=2026-05-04 01:22:00+00:00
[2026-05-04T01:22:37.528+0000] {processor.py:208} INFO - Processing /home/ec2-user/environment/lab4_model_training/venv/lib64/python3.12/site-packages/airflow/example_dags/example_branch_python_dop_operator_3.py took 0.068 seconds
[2026-05-04T01:23:40.891+0000] {processor.py:186} INFO - Started process (PID=30700) to work on /home/ec2-user/environment/lab4_model_training/venv/lib64/python3.12/site-packages/airflow/example_dags/example_branch_python_dop_operator_3.py
[2026-05-04T01:23:40.893+0000] {processor.py:914} INFO - Processing file /home/ec2-user/environment/lab4_model_training/venv/lib64/python3.12/site-packages/airflow/example_dags/example_branch_python_dop_operator_3.py for tasks to queue
[2026-05-04T01:23:40.895+0000] {logging_mixin.py:190} INFO - [2026-05-04T01:23:40.895+0000] {dagbag.py:588} INFO - Filling up the DagBag from /home/ec2-user/environment/lab4_model_training/venv/lib64/python3.12/site-packages/airflow/example_dags/example_branch_python_dop_operator_3.py
[2026-05-04T01:23:40.905+0000] {processor.py:925} INFO - DAG(s) 'example_branch_dop_operator_v3' retrieved from /home/ec2-user/environment/lab4_model_training/venv/lib64/python3.12/site-packages/airflow/example_dags/example_branch_python_dop_operator_3.py
[2026-05-04T01:23:40.917+0000] {logging_mixin.py:190} INFO - [2026-05-04T01:23:40.917+0000] {dag.py:3239} INFO - Sync 1 DAGs
[2026-05-04T01:23:40.936+0000] {logging_mixin.py:190} INFO - [2026-05-04T01:23:40.936+0000] {dag.py:4180} INFO - Setting next_dagrun for example_branch_dop_operator_v3 to 2026-05-04 01:22:00+00:00, run_after=2026-05-04 01:23:00+00:00
[2026-05-04T01:23:40.955+0000] {processor.py:208} INFO - Processing /home/ec2-user/environment/lab4_model_training/venv/lib64/python3.12/site-packages/airflow/example_dags/example_branch_python_dop_operator_3.py took 0.068 seconds
[2026-05-04T01:24:45.233+0000] {processor.py:186} INFO - Started process (PID=31153) to work on /home/ec2-user/environment/lab4_model_training/venv/lib64/python3.12/site-packages/airflow/example_dags/example_branch_python_dop_operator_3.py
[2026-05-04T01:24:45.234+0000] {processor.py:914} INFO - Processing file /home/ec2-user/environment/lab4_model_training/venv/lib64/python3.12/site-packages/airflow/example_dags/example_branch_python_dop_operator_3.py for tasks to queue
[2026-05-04T01:24:45.236+0000] {logging_mixin.py:190} INFO - [2026-05-04T01:24:45.235+0000] {dagbag.py:588} INFO - Filling up the DagBag from /home/ec2-user/environment/lab4_model_training/venv/lib64/python3.12/site-packages/airflow/example_dags/example_branch_python_dop_operator_3.py
[2026-05-04T01:24:45.244+0000] {processor.py:925} INFO - DAG(s) 'example_branch_dop_operator_v3' retrieved from /home/ec2-user/environment/lab4_model_training/venv/lib64/python3.12/site-packages/airflow/example_dags/example_branch_python_dop_operator_3.py
[2026-05-04T01:24:45.256+0000] {logging_mixin.py:190} INFO - [2026-05-04T01:24:45.256+0000] {dag.py:3239} INFO - Sync 1 DAGs
[2026-05-04T01:24:45.274+0000] {logging_mixin.py:190} INFO - [2026-05-04T01:24:45.274+0000] {dag.py:4180} INFO - Setting next_dagrun for example_branch_dop_operator_v3 to 2026-05-04 01:23:00+00:00, run_after=2026-05-04 01:24:00+00:00
[2026-05-04T01:24:45.292+0000] {processor.py:208} INFO - Processing /home/ec2-user/environment/lab4_model_training/venv/lib64/python3.12/site-packages/airflow/example_dags/example_branch_python_dop_operator_3.py took 0.064 seconds
[2026-05-04T01:25:52.183+0000] {processor.py:186} INFO - Started process (PID=31300) to work on /home/ec2-user/environment/lab4_model_training/venv/lib64/python3.12/site-packages/airflow/example_dags/example_branch_python_dop_operator_3.py
[2026-05-04T01:25:52.184+0000] {processor.py:914} INFO - Processing file /home/ec2-user/environment/lab4_model_training/venv/lib64/python3.12/site-packages/airflow/example_dags/example_branch_python_dop_operator_3.py for tasks to queue
[2026-05-04T01:25:52.186+0000] {logging_mixin.py:190} INFO - [2026-05-04T01:25:52.185+0000] {dagbag.py:588} INFO - Filling up the DagBag from /home/ec2-user/environment/lab4_model_training/venv/lib64/python3.12/site-packages/airflow/example_dags/example_branch_python_dop_operator_3.py
[2026-05-04T01:25:52.194+0000] {processor.py:925} INFO - DAG(s) 'example_branch_dop_operator_v3' retrieved from /home/ec2-user/environment/lab4_model_training/venv/lib64/python3.12/site-packages/airflow/example_dags/example_branch_python_dop_operator_3.py
[2026-05-04T01:25:52.206+0000] {logging_mixin.py:190} INFO - [2026-05-04T01:25:52.206+0000] {dag.py:3239} INFO - Sync 1 DAGs
[2026-05-04T01:25:52.225+0000] {logging_mixin.py:190} INFO - [2026-05-04T01:25:52.224+0000] {dag.py:4180} INFO - Setting next_dagrun for example_branch_dop_operator_v3 to 2026-05-04 01:24:00+00:00, run_after=2026-05-04 01:25:00+00:00
[2026-05-04T01:25:52.243+0000] {processor.py:208} INFO - Processing /home/ec2-user/environment/lab4_model_training/venv/lib64/python3.12/site-packages/airflow/example_dags/example_branch_python_dop_operator_3.py took 0.065 seconds
