[2026-05-04T00:20:38.825+0000] {processor.py:186} INFO - Started process (PID=12835) to work on /home/ec2-user/environment/lab4_model_training/venv/lib64/python3.12/site-packages/airflow/example_dags/example_short_circuit_operator.py
[2026-05-04T00:20:38.826+0000] {processor.py:914} INFO - Processing file /home/ec2-user/environment/lab4_model_training/venv/lib64/python3.12/site-packages/airflow/example_dags/example_short_circuit_operator.py for tasks to queue
[2026-05-04T00:20:38.828+0000] {logging_mixin.py:190} INFO - [2026-05-04T00:20:38.828+0000] {dagbag.py:588} INFO - Filling up the DagBag from /home/ec2-user/environment/lab4_model_training/venv/lib64/python3.12/site-packages/airflow/example_dags/example_short_circuit_operator.py
[2026-05-04T00:20:38.835+0000] {processor.py:925} INFO - DAG(s) 'example_short_circuit_operator' retrieved from /home/ec2-user/environment/lab4_model_training/venv/lib64/python3.12/site-packages/airflow/example_dags/example_short_circuit_operator.py
[2026-05-04T00:20:38.851+0000] {logging_mixin.py:190} INFO - [2026-05-04T00:20:38.850+0000] {dag.py:3239} INFO - Sync 1 DAGs
[2026-05-04T00:20:38.861+0000] {logging_mixin.py:190} INFO - [2026-05-04T00:20:38.861+0000] {dag.py:4180} INFO - Setting next_dagrun for example_short_circuit_operator to None, run_after=None
[2026-05-04T00:20:38.879+0000] {processor.py:208} INFO - Processing /home/ec2-user/environment/lab4_model_training/venv/lib64/python3.12/site-packages/airflow/example_dags/example_short_circuit_operator.py took 0.058 seconds
[2026-05-04T00:21:52.000+0000] {processor.py:186} INFO - Started process (PID=13391) to work on /home/ec2-user/environment/lab4_model_training/venv/lib64/python3.12/site-packages/airflow/example_dags/example_short_circuit_operator.py
[2026-05-04T00:21:52.002+0000] {processor.py:914} INFO - Processing file /home/ec2-user/environment/lab4_model_training/venv/lib64/python3.12/site-packages/airflow/example_dags/example_short_circuit_operator.py for tasks to queue
[2026-05-04T00:21:52.003+0000] {logging_mixin.py:190} INFO - [2026-05-04T00:21:52.003+0000] {dagbag.py:588} INFO - Filling up the DagBag from /home/ec2-user/environment/lab4_model_training/venv/lib64/python3.12/site-packages/airflow/example_dags/example_short_circuit_operator.py
[2026-05-04T00:21:52.010+0000] {processor.py:925} INFO - DAG(s) 'example_short_circuit_operator' retrieved from /home/ec2-user/environment/lab4_model_training/venv/lib64/python3.12/site-packages/airflow/example_dags/example_short_circuit_operator.py
[2026-05-04T00:21:52.024+0000] {logging_mixin.py:190} INFO - [2026-05-04T00:21:52.024+0000] {dag.py:3239} INFO - Sync 1 DAGs
[2026-05-04T00:21:52.035+0000] {logging_mixin.py:190} INFO - [2026-05-04T00:21:52.035+0000] {dag.py:4180} INFO - Setting next_dagrun for example_short_circuit_operator to None, run_after=None
[2026-05-04T00:21:52.054+0000] {processor.py:208} INFO - Processing /home/ec2-user/environment/lab4_model_training/venv/lib64/python3.12/site-packages/airflow/example_dags/example_short_circuit_operator.py took 0.059 seconds
[2026-05-04T00:23:15.567+0000] {processor.py:186} INFO - Started process (PID=14088) to work on /home/ec2-user/environment/lab4_model_training/venv/lib64/python3.12/site-packages/airflow/example_dags/example_short_circuit_operator.py
[2026-05-04T00:23:15.569+0000] {processor.py:914} INFO - Processing file /home/ec2-user/environment/lab4_model_training/venv/lib64/python3.12/site-packages/airflow/example_dags/example_short_circuit_operator.py for tasks to queue
[2026-05-04T00:23:15.570+0000] {logging_mixin.py:190} INFO - [2026-05-04T00:23:15.570+0000] {dagbag.py:588} INFO - Filling up the DagBag from /home/ec2-user/environment/lab4_model_training/venv/lib64/python3.12/site-packages/airflow/example_dags/example_short_circuit_operator.py
[2026-05-04T00:23:15.577+0000] {processor.py:925} INFO - DAG(s) 'example_short_circuit_operator' retrieved from /home/ec2-user/environment/lab4_model_training/venv/lib64/python3.12/site-packages/airflow/example_dags/example_short_circuit_operator.py
[2026-05-04T00:23:15.591+0000] {logging_mixin.py:190} INFO - [2026-05-04T00:23:15.591+0000] {dag.py:3239} INFO - Sync 1 DAGs
[2026-05-04T00:23:15.601+0000] {logging_mixin.py:190} INFO - [2026-05-04T00:23:15.601+0000] {dag.py:4180} INFO - Setting next_dagrun for example_short_circuit_operator to None, run_after=None
[2026-05-04T00:23:15.618+0000] {processor.py:208} INFO - Processing /home/ec2-user/environment/lab4_model_training/venv/lib64/python3.12/site-packages/airflow/example_dags/example_short_circuit_operator.py took 0.056 seconds
[2026-05-04T00:24:23.409+0000] {processor.py:186} INFO - Started process (PID=14959) to work on /home/ec2-user/environment/lab4_model_training/venv/lib64/python3.12/site-packages/airflow/example_dags/example_short_circuit_operator.py
[2026-05-04T00:24:23.410+0000] {processor.py:914} INFO - Processing file /home/ec2-user/environment/lab4_model_training/venv/lib64/python3.12/site-packages/airflow/example_dags/example_short_circuit_operator.py for tasks to queue
[2026-05-04T00:24:23.413+0000] {logging_mixin.py:190} INFO - [2026-05-04T00:24:23.412+0000] {dagbag.py:588} INFO - Filling up the DagBag from /home/ec2-user/environment/lab4_model_training/venv/lib64/python3.12/site-packages/airflow/example_dags/example_short_circuit_operator.py
[2026-05-04T00:24:23.422+0000] {processor.py:925} INFO - DAG(s) 'example_short_circuit_operator' retrieved from /home/ec2-user/environment/lab4_model_training/venv/lib64/python3.12/site-packages/airflow/example_dags/example_short_circuit_operator.py
[2026-05-04T00:24:23.439+0000] {logging_mixin.py:190} INFO - [2026-05-04T00:24:23.439+0000] {dag.py:3239} INFO - Sync 1 DAGs
[2026-05-04T00:24:23.450+0000] {logging_mixin.py:190} INFO - [2026-05-04T00:24:23.450+0000] {dag.py:4180} INFO - Setting next_dagrun for example_short_circuit_operator to None, run_after=None
[2026-05-04T00:24:23.471+0000] {processor.py:208} INFO - Processing /home/ec2-user/environment/lab4_model_training/venv/lib64/python3.12/site-packages/airflow/example_dags/example_short_circuit_operator.py took 0.066 seconds
[2026-05-04T00:25:31.389+0000] {processor.py:186} INFO - Started process (PID=15460) to work on /home/ec2-user/environment/lab4_model_training/venv/lib64/python3.12/site-packages/airflow/example_dags/example_short_circuit_operator.py
[2026-05-04T00:25:31.390+0000] {processor.py:914} INFO - Processing file /home/ec2-user/environment/lab4_model_training/venv/lib64/python3.12/site-packages/airflow/example_dags/example_short_circuit_operator.py for tasks to queue
[2026-05-04T00:25:31.392+0000] {logging_mixin.py:190} INFO - [2026-05-04T00:25:31.392+0000] {dagbag.py:588} INFO - Filling up the DagBag from /home/ec2-user/environment/lab4_model_training/venv/lib64/python3.12/site-packages/airflow/example_dags/example_short_circuit_operator.py
[2026-05-04T00:25:31.400+0000] {processor.py:925} INFO - DAG(s) 'example_short_circuit_operator' retrieved from /home/ec2-user/environment/lab4_model_training/venv/lib64/python3.12/site-packages/airflow/example_dags/example_short_circuit_operator.py
[2026-05-04T00:25:31.415+0000] {logging_mixin.py:190} INFO - [2026-05-04T00:25:31.415+0000] {dag.py:3239} INFO - Sync 1 DAGs
[2026-05-04T00:25:31.424+0000] {logging_mixin.py:190} INFO - [2026-05-04T00:25:31.424+0000] {dag.py:4180} INFO - Setting next_dagrun for example_short_circuit_operator to None, run_after=None
[2026-05-04T00:25:31.443+0000] {processor.py:208} INFO - Processing /home/ec2-user/environment/lab4_model_training/venv/lib64/python3.12/site-packages/airflow/example_dags/example_short_circuit_operator.py took 0.058 seconds
[2026-05-04T00:26:35.370+0000] {processor.py:186} INFO - Started process (PID=15881) to work on /home/ec2-user/environment/lab4_model_training/venv/lib64/python3.12/site-packages/airflow/example_dags/example_short_circuit_operator.py
[2026-05-04T00:26:35.372+0000] {processor.py:914} INFO - Processing file /home/ec2-user/environment/lab4_model_training/venv/lib64/python3.12/site-packages/airflow/example_dags/example_short_circuit_operator.py for tasks to queue
[2026-05-04T00:26:35.374+0000] {logging_mixin.py:190} INFO - [2026-05-04T00:26:35.373+0000] {dagbag.py:588} INFO - Filling up the DagBag from /home/ec2-user/environment/lab4_model_training/venv/lib64/python3.12/site-packages/airflow/example_dags/example_short_circuit_operator.py
[2026-05-04T00:26:35.381+0000] {processor.py:925} INFO - DAG(s) 'example_short_circuit_operator' retrieved from /home/ec2-user/environment/lab4_model_training/venv/lib64/python3.12/site-packages/airflow/example_dags/example_short_circuit_operator.py
[2026-05-04T00:26:35.396+0000] {logging_mixin.py:190} INFO - [2026-05-04T00:26:35.396+0000] {dag.py:3239} INFO - Sync 1 DAGs
[2026-05-04T00:26:35.407+0000] {logging_mixin.py:190} INFO - [2026-05-04T00:26:35.407+0000] {dag.py:4180} INFO - Setting next_dagrun for example_short_circuit_operator to None, run_after=None
[2026-05-04T00:26:35.425+0000] {processor.py:208} INFO - Processing /home/ec2-user/environment/lab4_model_training/venv/lib64/python3.12/site-packages/airflow/example_dags/example_short_circuit_operator.py took 0.058 seconds
[2026-05-04T00:27:43.645+0000] {processor.py:186} INFO - Started process (PID=16372) to work on /home/ec2-user/environment/lab4_model_training/venv/lib64/python3.12/site-packages/airflow/example_dags/example_short_circuit_operator.py
[2026-05-04T00:27:43.646+0000] {processor.py:914} INFO - Processing file /home/ec2-user/environment/lab4_model_training/venv/lib64/python3.12/site-packages/airflow/example_dags/example_short_circuit_operator.py for tasks to queue
[2026-05-04T00:27:43.648+0000] {logging_mixin.py:190} INFO - [2026-05-04T00:27:43.648+0000] {dagbag.py:588} INFO - Filling up the DagBag from /home/ec2-user/environment/lab4_model_training/venv/lib64/python3.12/site-packages/airflow/example_dags/example_short_circuit_operator.py
[2026-05-04T00:27:43.656+0000] {processor.py:925} INFO - DAG(s) 'example_short_circuit_operator' retrieved from /home/ec2-user/environment/lab4_model_training/venv/lib64/python3.12/site-packages/airflow/example_dags/example_short_circuit_operator.py
[2026-05-04T00:27:43.671+0000] {logging_mixin.py:190} INFO - [2026-05-04T00:27:43.671+0000] {dag.py:3239} INFO - Sync 1 DAGs
[2026-05-04T00:27:43.681+0000] {logging_mixin.py:190} INFO - [2026-05-04T00:27:43.681+0000] {dag.py:4180} INFO - Setting next_dagrun for example_short_circuit_operator to None, run_after=None
[2026-05-04T00:27:43.701+0000] {processor.py:208} INFO - Processing /home/ec2-user/environment/lab4_model_training/venv/lib64/python3.12/site-packages/airflow/example_dags/example_short_circuit_operator.py took 0.060 seconds
[2026-05-04T00:28:47.532+0000] {processor.py:186} INFO - Started process (PID=16815) to work on /home/ec2-user/environment/lab4_model_training/venv/lib64/python3.12/site-packages/airflow/example_dags/example_short_circuit_operator.py
[2026-05-04T00:28:47.533+0000] {processor.py:914} INFO - Processing file /home/ec2-user/environment/lab4_model_training/venv/lib64/python3.12/site-packages/airflow/example_dags/example_short_circuit_operator.py for tasks to queue
[2026-05-04T00:28:47.535+0000] {logging_mixin.py:190} INFO - [2026-05-04T00:28:47.535+0000] {dagbag.py:588} INFO - Filling up the DagBag from /home/ec2-user/environment/lab4_model_training/venv/lib64/python3.12/site-packages/airflow/example_dags/example_short_circuit_operator.py
[2026-05-04T00:28:47.545+0000] {processor.py:925} INFO - DAG(s) 'example_short_circuit_operator' retrieved from /home/ec2-user/environment/lab4_model_training/venv/lib64/python3.12/site-packages/airflow/example_dags/example_short_circuit_operator.py
[2026-05-04T00:28:47.563+0000] {logging_mixin.py:190} INFO - [2026-05-04T00:28:47.563+0000] {dag.py:3239} INFO - Sync 1 DAGs
[2026-05-04T00:28:47.574+0000] {logging_mixin.py:190} INFO - [2026-05-04T00:28:47.574+0000] {dag.py:4180} INFO - Setting next_dagrun for example_short_circuit_operator to None, run_after=None
[2026-05-04T00:28:47.594+0000] {processor.py:208} INFO - Processing /home/ec2-user/environment/lab4_model_training/venv/lib64/python3.12/site-packages/airflow/example_dags/example_short_circuit_operator.py took 0.066 seconds
[2026-05-04T00:29:50.200+0000] {processor.py:186} INFO - Started process (PID=17319) to work on /home/ec2-user/environment/lab4_model_training/venv/lib64/python3.12/site-packages/airflow/example_dags/example_short_circuit_operator.py
[2026-05-04T00:29:50.201+0000] {processor.py:914} INFO - Processing file /home/ec2-user/environment/lab4_model_training/venv/lib64/python3.12/site-packages/airflow/example_dags/example_short_circuit_operator.py for tasks to queue
[2026-05-04T00:29:50.203+0000] {logging_mixin.py:190} INFO - [2026-05-04T00:29:50.202+0000] {dagbag.py:588} INFO - Filling up the DagBag from /home/ec2-user/environment/lab4_model_training/venv/lib64/python3.12/site-packages/airflow/example_dags/example_short_circuit_operator.py
[2026-05-04T00:29:50.212+0000] {processor.py:925} INFO - DAG(s) 'example_short_circuit_operator' retrieved from /home/ec2-user/environment/lab4_model_training/venv/lib64/python3.12/site-packages/airflow/example_dags/example_short_circuit_operator.py
[2026-05-04T00:29:50.230+0000] {logging_mixin.py:190} INFO - [2026-05-04T00:29:50.230+0000] {dag.py:3239} INFO - Sync 1 DAGs
[2026-05-04T00:29:50.241+0000] {logging_mixin.py:190} INFO - [2026-05-04T00:29:50.241+0000] {dag.py:4180} INFO - Setting next_dagrun for example_short_circuit_operator to None, run_after=None
[2026-05-04T00:29:50.260+0000] {processor.py:208} INFO - Processing /home/ec2-user/environment/lab4_model_training/venv/lib64/python3.12/site-packages/airflow/example_dags/example_short_circuit_operator.py took 0.065 seconds
[2026-05-04T00:30:55.463+0000] {processor.py:186} INFO - Started process (PID=17819) to work on /home/ec2-user/environment/lab4_model_training/venv/lib64/python3.12/site-packages/airflow/example_dags/example_short_circuit_operator.py
[2026-05-04T00:30:55.464+0000] {processor.py:914} INFO - Processing file /home/ec2-user/environment/lab4_model_training/venv/lib64/python3.12/site-packages/airflow/example_dags/example_short_circuit_operator.py for tasks to queue
[2026-05-04T00:30:55.466+0000] {logging_mixin.py:190} INFO - [2026-05-04T00:30:55.466+0000] {dagbag.py:588} INFO - Filling up the DagBag from /home/ec2-user/environment/lab4_model_training/venv/lib64/python3.12/site-packages/airflow/example_dags/example_short_circuit_operator.py
[2026-05-04T00:30:55.476+0000] {processor.py:925} INFO - DAG(s) 'example_short_circuit_operator' retrieved from /home/ec2-user/environment/lab4_model_training/venv/lib64/python3.12/site-packages/airflow/example_dags/example_short_circuit_operator.py
[2026-05-04T00:30:55.493+0000] {logging_mixin.py:190} INFO - [2026-05-04T00:30:55.492+0000] {dag.py:3239} INFO - Sync 1 DAGs
[2026-05-04T00:30:55.504+0000] {logging_mixin.py:190} INFO - [2026-05-04T00:30:55.504+0000] {dag.py:4180} INFO - Setting next_dagrun for example_short_circuit_operator to None, run_after=None
[2026-05-04T00:30:55.527+0000] {processor.py:208} INFO - Processing /home/ec2-user/environment/lab4_model_training/venv/lib64/python3.12/site-packages/airflow/example_dags/example_short_circuit_operator.py took 0.068 seconds
[2026-05-04T00:31:58.986+0000] {processor.py:186} INFO - Started process (PID=18238) to work on /home/ec2-user/environment/lab4_model_training/venv/lib64/python3.12/site-packages/airflow/example_dags/example_short_circuit_operator.py
[2026-05-04T00:31:58.987+0000] {processor.py:914} INFO - Processing file /home/ec2-user/environment/lab4_model_training/venv/lib64/python3.12/site-packages/airflow/example_dags/example_short_circuit_operator.py for tasks to queue
[2026-05-04T00:31:58.989+0000] {logging_mixin.py:190} INFO - [2026-05-04T00:31:58.989+0000] {dagbag.py:588} INFO - Filling up the DagBag from /home/ec2-user/environment/lab4_model_training/venv/lib64/python3.12/site-packages/airflow/example_dags/example_short_circuit_operator.py
[2026-05-04T00:31:58.999+0000] {processor.py:925} INFO - DAG(s) 'example_short_circuit_operator' retrieved from /home/ec2-user/environment/lab4_model_training/venv/lib64/python3.12/site-packages/airflow/example_dags/example_short_circuit_operator.py
[2026-05-04T00:31:59.016+0000] {logging_mixin.py:190} INFO - [2026-05-04T00:31:59.015+0000] {dag.py:3239} INFO - Sync 1 DAGs
[2026-05-04T00:31:59.028+0000] {logging_mixin.py:190} INFO - [2026-05-04T00:31:59.028+0000] {dag.py:4180} INFO - Setting next_dagrun for example_short_circuit_operator to None, run_after=None
[2026-05-04T00:31:59.049+0000] {processor.py:208} INFO - Processing /home/ec2-user/environment/lab4_model_training/venv/lib64/python3.12/site-packages/airflow/example_dags/example_short_circuit_operator.py took 0.068 seconds
[2026-05-04T00:33:06.689+0000] {processor.py:186} INFO - Started process (PID=18732) to work on /home/ec2-user/environment/lab4_model_training/venv/lib64/python3.12/site-packages/airflow/example_dags/example_short_circuit_operator.py
[2026-05-04T00:33:06.690+0000] {processor.py:914} INFO - Processing file /home/ec2-user/environment/lab4_model_training/venv/lib64/python3.12/site-packages/airflow/example_dags/example_short_circuit_operator.py for tasks to queue
[2026-05-04T00:33:06.691+0000] {logging_mixin.py:190} INFO - [2026-05-04T00:33:06.691+0000] {dagbag.py:588} INFO - Filling up the DagBag from /home/ec2-user/environment/lab4_model_training/venv/lib64/python3.12/site-packages/airflow/example_dags/example_short_circuit_operator.py
[2026-05-04T00:33:06.699+0000] {processor.py:925} INFO - DAG(s) 'example_short_circuit_operator' retrieved from /home/ec2-user/environment/lab4_model_training/venv/lib64/python3.12/site-packages/airflow/example_dags/example_short_circuit_operator.py
[2026-05-04T00:33:06.713+0000] {logging_mixin.py:190} INFO - [2026-05-04T00:33:06.713+0000] {dag.py:3239} INFO - Sync 1 DAGs
[2026-05-04T00:33:06.724+0000] {logging_mixin.py:190} INFO - [2026-05-04T00:33:06.723+0000] {dag.py:4180} INFO - Setting next_dagrun for example_short_circuit_operator to None, run_after=None
[2026-05-04T00:33:06.742+0000] {processor.py:208} INFO - Processing /home/ec2-user/environment/lab4_model_training/venv/lib64/python3.12/site-packages/airflow/example_dags/example_short_circuit_operator.py took 0.059 seconds
[2026-05-04T00:34:13.463+0000] {processor.py:186} INFO - Started process (PID=19180) to work on /home/ec2-user/environment/lab4_model_training/venv/lib64/python3.12/site-packages/airflow/example_dags/example_short_circuit_operator.py
[2026-05-04T00:34:13.464+0000] {processor.py:914} INFO - Processing file /home/ec2-user/environment/lab4_model_training/venv/lib64/python3.12/site-packages/airflow/example_dags/example_short_circuit_operator.py for tasks to queue
[2026-05-04T00:34:13.466+0000] {logging_mixin.py:190} INFO - [2026-05-04T00:34:13.466+0000] {dagbag.py:588} INFO - Filling up the DagBag from /home/ec2-user/environment/lab4_model_training/venv/lib64/python3.12/site-packages/airflow/example_dags/example_short_circuit_operator.py
[2026-05-04T00:34:13.474+0000] {processor.py:925} INFO - DAG(s) 'example_short_circuit_operator' retrieved from /home/ec2-user/environment/lab4_model_training/venv/lib64/python3.12/site-packages/airflow/example_dags/example_short_circuit_operator.py
[2026-05-04T00:34:13.489+0000] {logging_mixin.py:190} INFO - [2026-05-04T00:34:13.489+0000] {dag.py:3239} INFO - Sync 1 DAGs
[2026-05-04T00:34:13.499+0000] {logging_mixin.py:190} INFO - [2026-05-04T00:34:13.499+0000] {dag.py:4180} INFO - Setting next_dagrun for example_short_circuit_operator to None, run_after=None
[2026-05-04T00:34:13.517+0000] {processor.py:208} INFO - Processing /home/ec2-user/environment/lab4_model_training/venv/lib64/python3.12/site-packages/airflow/example_dags/example_short_circuit_operator.py took 0.058 seconds
[2026-05-04T00:35:14.385+0000] {processor.py:186} INFO - Started process (PID=19613) to work on /home/ec2-user/environment/lab4_model_training/venv/lib64/python3.12/site-packages/airflow/example_dags/example_short_circuit_operator.py
[2026-05-04T00:35:14.387+0000] {processor.py:914} INFO - Processing file /home/ec2-user/environment/lab4_model_training/venv/lib64/python3.12/site-packages/airflow/example_dags/example_short_circuit_operator.py for tasks to queue
[2026-05-04T00:35:14.389+0000] {logging_mixin.py:190} INFO - [2026-05-04T00:35:14.388+0000] {dagbag.py:588} INFO - Filling up the DagBag from /home/ec2-user/environment/lab4_model_training/venv/lib64/python3.12/site-packages/airflow/example_dags/example_short_circuit_operator.py
[2026-05-04T00:35:14.396+0000] {processor.py:925} INFO - DAG(s) 'example_short_circuit_operator' retrieved from /home/ec2-user/environment/lab4_model_training/venv/lib64/python3.12/site-packages/airflow/example_dags/example_short_circuit_operator.py
[2026-05-04T00:35:14.410+0000] {logging_mixin.py:190} INFO - [2026-05-04T00:35:14.410+0000] {dag.py:3239} INFO - Sync 1 DAGs
[2026-05-04T00:35:14.420+0000] {logging_mixin.py:190} INFO - [2026-05-04T00:35:14.420+0000] {dag.py:4180} INFO - Setting next_dagrun for example_short_circuit_operator to None, run_after=None
[2026-05-04T00:35:14.438+0000] {processor.py:208} INFO - Processing /home/ec2-user/environment/lab4_model_training/venv/lib64/python3.12/site-packages/airflow/example_dags/example_short_circuit_operator.py took 0.057 seconds
[2026-05-04T00:36:15.322+0000] {processor.py:186} INFO - Started process (PID=20018) to work on /home/ec2-user/environment/lab4_model_training/venv/lib64/python3.12/site-packages/airflow/example_dags/example_short_circuit_operator.py
[2026-05-04T00:36:15.323+0000] {processor.py:914} INFO - Processing file /home/ec2-user/environment/lab4_model_training/venv/lib64/python3.12/site-packages/airflow/example_dags/example_short_circuit_operator.py for tasks to queue
[2026-05-04T00:36:15.325+0000] {logging_mixin.py:190} INFO - [2026-05-04T00:36:15.325+0000] {dagbag.py:588} INFO - Filling up the DagBag from /home/ec2-user/environment/lab4_model_training/venv/lib64/python3.12/site-packages/airflow/example_dags/example_short_circuit_operator.py
[2026-05-04T00:36:15.355+0000] {processor.py:925} INFO - DAG(s) 'example_short_circuit_operator' retrieved from /home/ec2-user/environment/lab4_model_training/venv/lib64/python3.12/site-packages/airflow/example_dags/example_short_circuit_operator.py
[2026-05-04T00:36:15.386+0000] {logging_mixin.py:190} INFO - [2026-05-04T00:36:15.386+0000] {dag.py:3239} INFO - Sync 1 DAGs
[2026-05-04T00:36:15.397+0000] {logging_mixin.py:190} INFO - [2026-05-04T00:36:15.397+0000] {dag.py:4180} INFO - Setting next_dagrun for example_short_circuit_operator to None, run_after=None
[2026-05-04T00:36:15.416+0000] {processor.py:208} INFO - Processing /home/ec2-user/environment/lab4_model_training/venv/lib64/python3.12/site-packages/airflow/example_dags/example_short_circuit_operator.py took 0.098 seconds
[2026-05-04T00:37:20.749+0000] {processor.py:186} INFO - Started process (PID=20221) to work on /home/ec2-user/environment/lab4_model_training/venv/lib64/python3.12/site-packages/airflow/example_dags/example_short_circuit_operator.py
[2026-05-04T00:37:20.750+0000] {processor.py:914} INFO - Processing file /home/ec2-user/environment/lab4_model_training/venv/lib64/python3.12/site-packages/airflow/example_dags/example_short_circuit_operator.py for tasks to queue
[2026-05-04T00:37:20.751+0000] {logging_mixin.py:190} INFO - [2026-05-04T00:37:20.751+0000] {dagbag.py:588} INFO - Filling up the DagBag from /home/ec2-user/environment/lab4_model_training/venv/lib64/python3.12/site-packages/airflow/example_dags/example_short_circuit_operator.py
[2026-05-04T00:37:20.759+0000] {processor.py:925} INFO - DAG(s) 'example_short_circuit_operator' retrieved from /home/ec2-user/environment/lab4_model_training/venv/lib64/python3.12/site-packages/airflow/example_dags/example_short_circuit_operator.py
[2026-05-04T00:37:20.773+0000] {logging_mixin.py:190} INFO - [2026-05-04T00:37:20.773+0000] {dag.py:3239} INFO - Sync 1 DAGs
[2026-05-04T00:37:20.783+0000] {logging_mixin.py:190} INFO - [2026-05-04T00:37:20.783+0000] {dag.py:4180} INFO - Setting next_dagrun for example_short_circuit_operator to None, run_after=None
[2026-05-04T00:37:20.800+0000] {processor.py:208} INFO - Processing /home/ec2-user/environment/lab4_model_training/venv/lib64/python3.12/site-packages/airflow/example_dags/example_short_circuit_operator.py took 0.056 seconds
[2026-05-04T00:38:25.602+0000] {processor.py:186} INFO - Started process (PID=20341) to work on /home/ec2-user/environment/lab4_model_training/venv/lib64/python3.12/site-packages/airflow/example_dags/example_short_circuit_operator.py
[2026-05-04T00:38:25.603+0000] {processor.py:914} INFO - Processing file /home/ec2-user/environment/lab4_model_training/venv/lib64/python3.12/site-packages/airflow/example_dags/example_short_circuit_operator.py for tasks to queue
[2026-05-04T00:38:25.604+0000] {logging_mixin.py:190} INFO - [2026-05-04T00:38:25.604+0000] {dagbag.py:588} INFO - Filling up the DagBag from /home/ec2-user/environment/lab4_model_training/venv/lib64/python3.12/site-packages/airflow/example_dags/example_short_circuit_operator.py
[2026-05-04T00:38:25.614+0000] {processor.py:925} INFO - DAG(s) 'example_short_circuit_operator' retrieved from /home/ec2-user/environment/lab4_model_training/venv/lib64/python3.12/site-packages/airflow/example_dags/example_short_circuit_operator.py
[2026-05-04T00:38:25.632+0000] {logging_mixin.py:190} INFO - [2026-05-04T00:38:25.632+0000] {dag.py:3239} INFO - Sync 1 DAGs
[2026-05-04T00:38:25.642+0000] {logging_mixin.py:190} INFO - [2026-05-04T00:38:25.642+0000] {dag.py:4180} INFO - Setting next_dagrun for example_short_circuit_operator to None, run_after=None
[2026-05-04T00:38:25.662+0000] {processor.py:208} INFO - Processing /home/ec2-user/environment/lab4_model_training/venv/lib64/python3.12/site-packages/airflow/example_dags/example_short_circuit_operator.py took 0.064 seconds
[2026-05-04T00:39:27.854+0000] {processor.py:186} INFO - Started process (PID=20479) to work on /home/ec2-user/environment/lab4_model_training/venv/lib64/python3.12/site-packages/airflow/example_dags/example_short_circuit_operator.py
[2026-05-04T00:39:27.855+0000] {processor.py:914} INFO - Processing file /home/ec2-user/environment/lab4_model_training/venv/lib64/python3.12/site-packages/airflow/example_dags/example_short_circuit_operator.py for tasks to queue
[2026-05-04T00:39:27.856+0000] {logging_mixin.py:190} INFO - [2026-05-04T00:39:27.856+0000] {dagbag.py:588} INFO - Filling up the DagBag from /home/ec2-user/environment/lab4_model_training/venv/lib64/python3.12/site-packages/airflow/example_dags/example_short_circuit_operator.py
[2026-05-04T00:39:27.864+0000] {processor.py:925} INFO - DAG(s) 'example_short_circuit_operator' retrieved from /home/ec2-user/environment/lab4_model_training/venv/lib64/python3.12/site-packages/airflow/example_dags/example_short_circuit_operator.py
[2026-05-04T00:39:27.878+0000] {logging_mixin.py:190} INFO - [2026-05-04T00:39:27.878+0000] {dag.py:3239} INFO - Sync 1 DAGs
[2026-05-04T00:39:27.888+0000] {logging_mixin.py:190} INFO - [2026-05-04T00:39:27.888+0000] {dag.py:4180} INFO - Setting next_dagrun for example_short_circuit_operator to None, run_after=None
[2026-05-04T00:39:27.907+0000] {processor.py:208} INFO - Processing /home/ec2-user/environment/lab4_model_training/venv/lib64/python3.12/site-packages/airflow/example_dags/example_short_circuit_operator.py took 0.058 seconds
[2026-05-04T00:40:29.830+0000] {processor.py:186} INFO - Started process (PID=20623) to work on /home/ec2-user/environment/lab4_model_training/venv/lib64/python3.12/site-packages/airflow/example_dags/example_short_circuit_operator.py
[2026-05-04T00:40:29.831+0000] {processor.py:914} INFO - Processing file /home/ec2-user/environment/lab4_model_training/venv/lib64/python3.12/site-packages/airflow/example_dags/example_short_circuit_operator.py for tasks to queue
[2026-05-04T00:40:29.832+0000] {logging_mixin.py:190} INFO - [2026-05-04T00:40:29.832+0000] {dagbag.py:588} INFO - Filling up the DagBag from /home/ec2-user/environment/lab4_model_training/venv/lib64/python3.12/site-packages/airflow/example_dags/example_short_circuit_operator.py
[2026-05-04T00:40:29.840+0000] {processor.py:925} INFO - DAG(s) 'example_short_circuit_operator' retrieved from /home/ec2-user/environment/lab4_model_training/venv/lib64/python3.12/site-packages/airflow/example_dags/example_short_circuit_operator.py
[2026-05-04T00:40:29.855+0000] {logging_mixin.py:190} INFO - [2026-05-04T00:40:29.854+0000] {dag.py:3239} INFO - Sync 1 DAGs
[2026-05-04T00:40:29.865+0000] {logging_mixin.py:190} INFO - [2026-05-04T00:40:29.865+0000] {dag.py:4180} INFO - Setting next_dagrun for example_short_circuit_operator to None, run_after=None
[2026-05-04T00:40:29.883+0000] {processor.py:208} INFO - Processing /home/ec2-user/environment/lab4_model_training/venv/lib64/python3.12/site-packages/airflow/example_dags/example_short_circuit_operator.py took 0.058 seconds
[2026-05-04T00:41:35.775+0000] {processor.py:186} INFO - Started process (PID=20759) to work on /home/ec2-user/environment/lab4_model_training/venv/lib64/python3.12/site-packages/airflow/example_dags/example_short_circuit_operator.py
[2026-05-04T00:41:35.776+0000] {processor.py:914} INFO - Processing file /home/ec2-user/environment/lab4_model_training/venv/lib64/python3.12/site-packages/airflow/example_dags/example_short_circuit_operator.py for tasks to queue
[2026-05-04T00:41:35.778+0000] {logging_mixin.py:190} INFO - [2026-05-04T00:41:35.778+0000] {dagbag.py:588} INFO - Filling up the DagBag from /home/ec2-user/environment/lab4_model_training/venv/lib64/python3.12/site-packages/airflow/example_dags/example_short_circuit_operator.py
[2026-05-04T00:41:35.786+0000] {processor.py:925} INFO - DAG(s) 'example_short_circuit_operator' retrieved from /home/ec2-user/environment/lab4_model_training/venv/lib64/python3.12/site-packages/airflow/example_dags/example_short_circuit_operator.py
[2026-05-04T00:41:35.800+0000] {logging_mixin.py:190} INFO - [2026-05-04T00:41:35.800+0000] {dag.py:3239} INFO - Sync 1 DAGs
[2026-05-04T00:41:35.811+0000] {logging_mixin.py:190} INFO - [2026-05-04T00:41:35.811+0000] {dag.py:4180} INFO - Setting next_dagrun for example_short_circuit_operator to None, run_after=None
[2026-05-04T00:41:35.833+0000] {processor.py:208} INFO - Processing /home/ec2-user/environment/lab4_model_training/venv/lib64/python3.12/site-packages/airflow/example_dags/example_short_circuit_operator.py took 0.062 seconds
[2026-05-04T00:42:40.234+0000] {processor.py:186} INFO - Started process (PID=20854) to work on /home/ec2-user/environment/lab4_model_training/venv/lib64/python3.12/site-packages/airflow/example_dags/example_short_circuit_operator.py
[2026-05-04T00:42:40.235+0000] {processor.py:914} INFO - Processing file /home/ec2-user/environment/lab4_model_training/venv/lib64/python3.12/site-packages/airflow/example_dags/example_short_circuit_operator.py for tasks to queue
[2026-05-04T00:42:40.237+0000] {logging_mixin.py:190} INFO - [2026-05-04T00:42:40.236+0000] {dagbag.py:588} INFO - Filling up the DagBag from /home/ec2-user/environment/lab4_model_training/venv/lib64/python3.12/site-packages/airflow/example_dags/example_short_circuit_operator.py
[2026-05-04T00:42:40.244+0000] {processor.py:925} INFO - DAG(s) 'example_short_circuit_operator' retrieved from /home/ec2-user/environment/lab4_model_training/venv/lib64/python3.12/site-packages/airflow/example_dags/example_short_circuit_operator.py
[2026-05-04T00:42:40.259+0000] {logging_mixin.py:190} INFO - [2026-05-04T00:42:40.259+0000] {dag.py:3239} INFO - Sync 1 DAGs
[2026-05-04T00:42:40.269+0000] {logging_mixin.py:190} INFO - [2026-05-04T00:42:40.269+0000] {dag.py:4180} INFO - Setting next_dagrun for example_short_circuit_operator to None, run_after=None
[2026-05-04T00:42:40.287+0000] {processor.py:208} INFO - Processing /home/ec2-user/environment/lab4_model_training/venv/lib64/python3.12/site-packages/airflow/example_dags/example_short_circuit_operator.py took 0.058 seconds
[2026-05-04T00:43:43.801+0000] {processor.py:186} INFO - Started process (PID=21019) to work on /home/ec2-user/environment/lab4_model_training/venv/lib64/python3.12/site-packages/airflow/example_dags/example_short_circuit_operator.py
[2026-05-04T00:43:43.802+0000] {processor.py:914} INFO - Processing file /home/ec2-user/environment/lab4_model_training/venv/lib64/python3.12/site-packages/airflow/example_dags/example_short_circuit_operator.py for tasks to queue
[2026-05-04T00:43:43.804+0000] {logging_mixin.py:190} INFO - [2026-05-04T00:43:43.803+0000] {dagbag.py:588} INFO - Filling up the DagBag from /home/ec2-user/environment/lab4_model_training/venv/lib64/python3.12/site-packages/airflow/example_dags/example_short_circuit_operator.py
[2026-05-04T00:43:43.810+0000] {processor.py:925} INFO - DAG(s) 'example_short_circuit_operator' retrieved from /home/ec2-user/environment/lab4_model_training/venv/lib64/python3.12/site-packages/airflow/example_dags/example_short_circuit_operator.py
[2026-05-04T00:43:43.824+0000] {logging_mixin.py:190} INFO - [2026-05-04T00:43:43.824+0000] {dag.py:3239} INFO - Sync 1 DAGs
[2026-05-04T00:43:43.834+0000] {logging_mixin.py:190} INFO - [2026-05-04T00:43:43.834+0000] {dag.py:4180} INFO - Setting next_dagrun for example_short_circuit_operator to None, run_after=None
[2026-05-04T00:43:43.850+0000] {processor.py:208} INFO - Processing /home/ec2-user/environment/lab4_model_training/venv/lib64/python3.12/site-packages/airflow/example_dags/example_short_circuit_operator.py took 0.054 seconds
[2026-05-04T00:44:49.012+0000] {processor.py:186} INFO - Started process (PID=21123) to work on /home/ec2-user/environment/lab4_model_training/venv/lib64/python3.12/site-packages/airflow/example_dags/example_short_circuit_operator.py
[2026-05-04T00:44:49.013+0000] {processor.py:914} INFO - Processing file /home/ec2-user/environment/lab4_model_training/venv/lib64/python3.12/site-packages/airflow/example_dags/example_short_circuit_operator.py for tasks to queue
[2026-05-04T00:44:49.015+0000] {logging_mixin.py:190} INFO - [2026-05-04T00:44:49.015+0000] {dagbag.py:588} INFO - Filling up the DagBag from /home/ec2-user/environment/lab4_model_training/venv/lib64/python3.12/site-packages/airflow/example_dags/example_short_circuit_operator.py
[2026-05-04T00:44:49.022+0000] {processor.py:925} INFO - DAG(s) 'example_short_circuit_operator' retrieved from /home/ec2-user/environment/lab4_model_training/venv/lib64/python3.12/site-packages/airflow/example_dags/example_short_circuit_operator.py
[2026-05-04T00:44:49.036+0000] {logging_mixin.py:190} INFO - [2026-05-04T00:44:49.036+0000] {dag.py:3239} INFO - Sync 1 DAGs
[2026-05-04T00:44:49.046+0000] {logging_mixin.py:190} INFO - [2026-05-04T00:44:49.046+0000] {dag.py:4180} INFO - Setting next_dagrun for example_short_circuit_operator to None, run_after=None
[2026-05-04T00:44:49.062+0000] {processor.py:208} INFO - Processing /home/ec2-user/environment/lab4_model_training/venv/lib64/python3.12/site-packages/airflow/example_dags/example_short_circuit_operator.py took 0.054 seconds
[2026-05-04T00:45:52.638+0000] {processor.py:186} INFO - Started process (PID=21259) to work on /home/ec2-user/environment/lab4_model_training/venv/lib64/python3.12/site-packages/airflow/example_dags/example_short_circuit_operator.py
[2026-05-04T00:45:52.639+0000] {processor.py:914} INFO - Processing file /home/ec2-user/environment/lab4_model_training/venv/lib64/python3.12/site-packages/airflow/example_dags/example_short_circuit_operator.py for tasks to queue
[2026-05-04T00:45:52.640+0000] {logging_mixin.py:190} INFO - [2026-05-04T00:45:52.640+0000] {dagbag.py:588} INFO - Filling up the DagBag from /home/ec2-user/environment/lab4_model_training/venv/lib64/python3.12/site-packages/airflow/example_dags/example_short_circuit_operator.py
[2026-05-04T00:45:52.647+0000] {processor.py:925} INFO - DAG(s) 'example_short_circuit_operator' retrieved from /home/ec2-user/environment/lab4_model_training/venv/lib64/python3.12/site-packages/airflow/example_dags/example_short_circuit_operator.py
[2026-05-04T00:45:52.661+0000] {logging_mixin.py:190} INFO - [2026-05-04T00:45:52.661+0000] {dag.py:3239} INFO - Sync 1 DAGs
[2026-05-04T00:45:52.670+0000] {logging_mixin.py:190} INFO - [2026-05-04T00:45:52.670+0000] {dag.py:4180} INFO - Setting next_dagrun for example_short_circuit_operator to None, run_after=None
[2026-05-04T00:45:52.687+0000] {processor.py:208} INFO - Processing /home/ec2-user/environment/lab4_model_training/venv/lib64/python3.12/site-packages/airflow/example_dags/example_short_circuit_operator.py took 0.054 seconds
[2026-05-04T00:46:55.246+0000] {processor.py:186} INFO - Started process (PID=21346) to work on /home/ec2-user/environment/lab4_model_training/venv/lib64/python3.12/site-packages/airflow/example_dags/example_short_circuit_operator.py
[2026-05-04T00:46:55.246+0000] {processor.py:914} INFO - Processing file /home/ec2-user/environment/lab4_model_training/venv/lib64/python3.12/site-packages/airflow/example_dags/example_short_circuit_operator.py for tasks to queue
[2026-05-04T00:46:55.248+0000] {logging_mixin.py:190} INFO - [2026-05-04T00:46:55.248+0000] {dagbag.py:588} INFO - Filling up the DagBag from /home/ec2-user/environment/lab4_model_training/venv/lib64/python3.12/site-packages/airflow/example_dags/example_short_circuit_operator.py
[2026-05-04T00:46:55.255+0000] {processor.py:925} INFO - DAG(s) 'example_short_circuit_operator' retrieved from /home/ec2-user/environment/lab4_model_training/venv/lib64/python3.12/site-packages/airflow/example_dags/example_short_circuit_operator.py
[2026-05-04T00:46:55.269+0000] {logging_mixin.py:190} INFO - [2026-05-04T00:46:55.269+0000] {dag.py:3239} INFO - Sync 1 DAGs
[2026-05-04T00:46:55.278+0000] {logging_mixin.py:190} INFO - [2026-05-04T00:46:55.278+0000] {dag.py:4180} INFO - Setting next_dagrun for example_short_circuit_operator to None, run_after=None
[2026-05-04T00:46:55.295+0000] {processor.py:208} INFO - Processing /home/ec2-user/environment/lab4_model_training/venv/lib64/python3.12/site-packages/airflow/example_dags/example_short_circuit_operator.py took 0.053 seconds
[2026-05-04T00:47:57.548+0000] {processor.py:186} INFO - Started process (PID=21486) to work on /home/ec2-user/environment/lab4_model_training/venv/lib64/python3.12/site-packages/airflow/example_dags/example_short_circuit_operator.py
[2026-05-04T00:47:57.549+0000] {processor.py:914} INFO - Processing file /home/ec2-user/environment/lab4_model_training/venv/lib64/python3.12/site-packages/airflow/example_dags/example_short_circuit_operator.py for tasks to queue
[2026-05-04T00:47:57.551+0000] {logging_mixin.py:190} INFO - [2026-05-04T00:47:57.551+0000] {dagbag.py:588} INFO - Filling up the DagBag from /home/ec2-user/environment/lab4_model_training/venv/lib64/python3.12/site-packages/airflow/example_dags/example_short_circuit_operator.py
[2026-05-04T00:47:57.558+0000] {processor.py:925} INFO - DAG(s) 'example_short_circuit_operator' retrieved from /home/ec2-user/environment/lab4_model_training/venv/lib64/python3.12/site-packages/airflow/example_dags/example_short_circuit_operator.py
[2026-05-04T00:47:57.573+0000] {logging_mixin.py:190} INFO - [2026-05-04T00:47:57.573+0000] {dag.py:3239} INFO - Sync 1 DAGs
[2026-05-04T00:47:57.582+0000] {logging_mixin.py:190} INFO - [2026-05-04T00:47:57.582+0000] {dag.py:4180} INFO - Setting next_dagrun for example_short_circuit_operator to None, run_after=None
[2026-05-04T00:47:57.599+0000] {processor.py:208} INFO - Processing /home/ec2-user/environment/lab4_model_training/venv/lib64/python3.12/site-packages/airflow/example_dags/example_short_circuit_operator.py took 0.055 seconds
[2026-05-04T00:49:00.925+0000] {processor.py:186} INFO - Started process (PID=21569) to work on /home/ec2-user/environment/lab4_model_training/venv/lib64/python3.12/site-packages/airflow/example_dags/example_short_circuit_operator.py
[2026-05-04T00:49:00.926+0000] {processor.py:914} INFO - Processing file /home/ec2-user/environment/lab4_model_training/venv/lib64/python3.12/site-packages/airflow/example_dags/example_short_circuit_operator.py for tasks to queue
[2026-05-04T00:49:00.928+0000] {logging_mixin.py:190} INFO - [2026-05-04T00:49:00.927+0000] {dagbag.py:588} INFO - Filling up the DagBag from /home/ec2-user/environment/lab4_model_training/venv/lib64/python3.12/site-packages/airflow/example_dags/example_short_circuit_operator.py
[2026-05-04T00:49:00.934+0000] {processor.py:925} INFO - DAG(s) 'example_short_circuit_operator' retrieved from /home/ec2-user/environment/lab4_model_training/venv/lib64/python3.12/site-packages/airflow/example_dags/example_short_circuit_operator.py
[2026-05-04T00:49:00.948+0000] {logging_mixin.py:190} INFO - [2026-05-04T00:49:00.948+0000] {dag.py:3239} INFO - Sync 1 DAGs
[2026-05-04T00:49:00.958+0000] {logging_mixin.py:190} INFO - [2026-05-04T00:49:00.958+0000] {dag.py:4180} INFO - Setting next_dagrun for example_short_circuit_operator to None, run_after=None
[2026-05-04T00:49:00.975+0000] {processor.py:208} INFO - Processing /home/ec2-user/environment/lab4_model_training/venv/lib64/python3.12/site-packages/airflow/example_dags/example_short_circuit_operator.py took 0.054 seconds
[2026-05-04T00:50:07.746+0000] {processor.py:186} INFO - Started process (PID=21717) to work on /home/ec2-user/environment/lab4_model_training/venv/lib64/python3.12/site-packages/airflow/example_dags/example_short_circuit_operator.py
[2026-05-04T00:50:07.747+0000] {processor.py:914} INFO - Processing file /home/ec2-user/environment/lab4_model_training/venv/lib64/python3.12/site-packages/airflow/example_dags/example_short_circuit_operator.py for tasks to queue
[2026-05-04T00:50:07.749+0000] {logging_mixin.py:190} INFO - [2026-05-04T00:50:07.748+0000] {dagbag.py:588} INFO - Filling up the DagBag from /home/ec2-user/environment/lab4_model_training/venv/lib64/python3.12/site-packages/airflow/example_dags/example_short_circuit_operator.py
[2026-05-04T00:50:07.755+0000] {processor.py:925} INFO - DAG(s) 'example_short_circuit_operator' retrieved from /home/ec2-user/environment/lab4_model_training/venv/lib64/python3.12/site-packages/airflow/example_dags/example_short_circuit_operator.py
[2026-05-04T00:50:07.770+0000] {logging_mixin.py:190} INFO - [2026-05-04T00:50:07.769+0000] {dag.py:3239} INFO - Sync 1 DAGs
[2026-05-04T00:50:07.779+0000] {logging_mixin.py:190} INFO - [2026-05-04T00:50:07.779+0000] {dag.py:4180} INFO - Setting next_dagrun for example_short_circuit_operator to None, run_after=None
[2026-05-04T00:50:07.797+0000] {processor.py:208} INFO - Processing /home/ec2-user/environment/lab4_model_training/venv/lib64/python3.12/site-packages/airflow/example_dags/example_short_circuit_operator.py took 0.056 seconds
[2026-05-04T00:51:12.163+0000] {processor.py:186} INFO - Started process (PID=22090) to work on /home/ec2-user/environment/lab4_model_training/venv/lib64/python3.12/site-packages/airflow/example_dags/example_short_circuit_operator.py
[2026-05-04T00:51:12.164+0000] {processor.py:914} INFO - Processing file /home/ec2-user/environment/lab4_model_training/venv/lib64/python3.12/site-packages/airflow/example_dags/example_short_circuit_operator.py for tasks to queue
[2026-05-04T00:51:12.165+0000] {logging_mixin.py:190} INFO - [2026-05-04T00:51:12.165+0000] {dagbag.py:588} INFO - Filling up the DagBag from /home/ec2-user/environment/lab4_model_training/venv/lib64/python3.12/site-packages/airflow/example_dags/example_short_circuit_operator.py
[2026-05-04T00:51:12.173+0000] {processor.py:925} INFO - DAG(s) 'example_short_circuit_operator' retrieved from /home/ec2-user/environment/lab4_model_training/venv/lib64/python3.12/site-packages/airflow/example_dags/example_short_circuit_operator.py
[2026-05-04T00:51:12.187+0000] {logging_mixin.py:190} INFO - [2026-05-04T00:51:12.187+0000] {dag.py:3239} INFO - Sync 1 DAGs
[2026-05-04T00:51:12.196+0000] {logging_mixin.py:190} INFO - [2026-05-04T00:51:12.196+0000] {dag.py:4180} INFO - Setting next_dagrun for example_short_circuit_operator to None, run_after=None
[2026-05-04T00:51:12.214+0000] {processor.py:208} INFO - Processing /home/ec2-user/environment/lab4_model_training/venv/lib64/python3.12/site-packages/airflow/example_dags/example_short_circuit_operator.py took 0.056 seconds
[2026-05-04T00:52:18.083+0000] {processor.py:186} INFO - Started process (PID=22246) to work on /home/ec2-user/environment/lab4_model_training/venv/lib64/python3.12/site-packages/airflow/example_dags/example_short_circuit_operator.py
[2026-05-04T00:52:18.084+0000] {processor.py:914} INFO - Processing file /home/ec2-user/environment/lab4_model_training/venv/lib64/python3.12/site-packages/airflow/example_dags/example_short_circuit_operator.py for tasks to queue
[2026-05-04T00:52:18.086+0000] {logging_mixin.py:190} INFO - [2026-05-04T00:52:18.085+0000] {dagbag.py:588} INFO - Filling up the DagBag from /home/ec2-user/environment/lab4_model_training/venv/lib64/python3.12/site-packages/airflow/example_dags/example_short_circuit_operator.py
[2026-05-04T00:52:18.092+0000] {processor.py:925} INFO - DAG(s) 'example_short_circuit_operator' retrieved from /home/ec2-user/environment/lab4_model_training/venv/lib64/python3.12/site-packages/airflow/example_dags/example_short_circuit_operator.py
[2026-05-04T00:52:18.106+0000] {logging_mixin.py:190} INFO - [2026-05-04T00:52:18.106+0000] {dag.py:3239} INFO - Sync 1 DAGs
[2026-05-04T00:52:18.116+0000] {logging_mixin.py:190} INFO - [2026-05-04T00:52:18.116+0000] {dag.py:4180} INFO - Setting next_dagrun for example_short_circuit_operator to None, run_after=None
[2026-05-04T00:52:18.133+0000] {processor.py:208} INFO - Processing /home/ec2-user/environment/lab4_model_training/venv/lib64/python3.12/site-packages/airflow/example_dags/example_short_circuit_operator.py took 0.054 seconds
[2026-05-04T00:53:19.429+0000] {processor.py:186} INFO - Started process (PID=22425) to work on /home/ec2-user/environment/lab4_model_training/venv/lib64/python3.12/site-packages/airflow/example_dags/example_short_circuit_operator.py
[2026-05-04T00:53:19.430+0000] {processor.py:914} INFO - Processing file /home/ec2-user/environment/lab4_model_training/venv/lib64/python3.12/site-packages/airflow/example_dags/example_short_circuit_operator.py for tasks to queue
[2026-05-04T00:53:19.432+0000] {logging_mixin.py:190} INFO - [2026-05-04T00:53:19.432+0000] {dagbag.py:588} INFO - Filling up the DagBag from /home/ec2-user/environment/lab4_model_training/venv/lib64/python3.12/site-packages/airflow/example_dags/example_short_circuit_operator.py
[2026-05-04T00:53:19.439+0000] {processor.py:925} INFO - DAG(s) 'example_short_circuit_operator' retrieved from /home/ec2-user/environment/lab4_model_training/venv/lib64/python3.12/site-packages/airflow/example_dags/example_short_circuit_operator.py
[2026-05-04T00:53:19.453+0000] {logging_mixin.py:190} INFO - [2026-05-04T00:53:19.453+0000] {dag.py:3239} INFO - Sync 1 DAGs
[2026-05-04T00:53:19.463+0000] {logging_mixin.py:190} INFO - [2026-05-04T00:53:19.463+0000] {dag.py:4180} INFO - Setting next_dagrun for example_short_circuit_operator to None, run_after=None
[2026-05-04T00:53:19.479+0000] {processor.py:208} INFO - Processing /home/ec2-user/environment/lab4_model_training/venv/lib64/python3.12/site-packages/airflow/example_dags/example_short_circuit_operator.py took 0.055 seconds
[2026-05-04T00:54:27.001+0000] {processor.py:186} INFO - Started process (PID=22560) to work on /home/ec2-user/environment/lab4_model_training/venv/lib64/python3.12/site-packages/airflow/example_dags/example_short_circuit_operator.py
[2026-05-04T00:54:27.002+0000] {processor.py:914} INFO - Processing file /home/ec2-user/environment/lab4_model_training/venv/lib64/python3.12/site-packages/airflow/example_dags/example_short_circuit_operator.py for tasks to queue
[2026-05-04T00:54:27.003+0000] {logging_mixin.py:190} INFO - [2026-05-04T00:54:27.003+0000] {dagbag.py:588} INFO - Filling up the DagBag from /home/ec2-user/environment/lab4_model_training/venv/lib64/python3.12/site-packages/airflow/example_dags/example_short_circuit_operator.py
[2026-05-04T00:54:27.011+0000] {processor.py:925} INFO - DAG(s) 'example_short_circuit_operator' retrieved from /home/ec2-user/environment/lab4_model_training/venv/lib64/python3.12/site-packages/airflow/example_dags/example_short_circuit_operator.py
[2026-05-04T00:54:27.025+0000] {logging_mixin.py:190} INFO - [2026-05-04T00:54:27.025+0000] {dag.py:3239} INFO - Sync 1 DAGs
[2026-05-04T00:54:27.035+0000] {logging_mixin.py:190} INFO - [2026-05-04T00:54:27.035+0000] {dag.py:4180} INFO - Setting next_dagrun for example_short_circuit_operator to None, run_after=None
[2026-05-04T00:54:27.052+0000] {processor.py:208} INFO - Processing /home/ec2-user/environment/lab4_model_training/venv/lib64/python3.12/site-packages/airflow/example_dags/example_short_circuit_operator.py took 0.056 seconds
[2026-05-04T00:55:31.469+0000] {processor.py:186} INFO - Started process (PID=22766) to work on /home/ec2-user/environment/lab4_model_training/venv/lib64/python3.12/site-packages/airflow/example_dags/example_short_circuit_operator.py
[2026-05-04T00:55:31.469+0000] {processor.py:914} INFO - Processing file /home/ec2-user/environment/lab4_model_training/venv/lib64/python3.12/site-packages/airflow/example_dags/example_short_circuit_operator.py for tasks to queue
[2026-05-04T00:55:31.471+0000] {logging_mixin.py:190} INFO - [2026-05-04T00:55:31.470+0000] {dagbag.py:588} INFO - Filling up the DagBag from /home/ec2-user/environment/lab4_model_training/venv/lib64/python3.12/site-packages/airflow/example_dags/example_short_circuit_operator.py
[2026-05-04T00:55:31.478+0000] {processor.py:925} INFO - DAG(s) 'example_short_circuit_operator' retrieved from /home/ec2-user/environment/lab4_model_training/venv/lib64/python3.12/site-packages/airflow/example_dags/example_short_circuit_operator.py
[2026-05-04T00:55:31.492+0000] {logging_mixin.py:190} INFO - [2026-05-04T00:55:31.492+0000] {dag.py:3239} INFO - Sync 1 DAGs
[2026-05-04T00:55:31.501+0000] {logging_mixin.py:190} INFO - [2026-05-04T00:55:31.501+0000] {dag.py:4180} INFO - Setting next_dagrun for example_short_circuit_operator to None, run_after=None
[2026-05-04T00:55:31.519+0000] {processor.py:208} INFO - Processing /home/ec2-user/environment/lab4_model_training/venv/lib64/python3.12/site-packages/airflow/example_dags/example_short_circuit_operator.py took 0.054 seconds
[2026-05-04T00:56:33.263+0000] {processor.py:186} INFO - Started process (PID=22930) to work on /home/ec2-user/environment/lab4_model_training/venv/lib64/python3.12/site-packages/airflow/example_dags/example_short_circuit_operator.py
[2026-05-04T00:56:33.264+0000] {processor.py:914} INFO - Processing file /home/ec2-user/environment/lab4_model_training/venv/lib64/python3.12/site-packages/airflow/example_dags/example_short_circuit_operator.py for tasks to queue
[2026-05-04T00:56:33.266+0000] {logging_mixin.py:190} INFO - [2026-05-04T00:56:33.265+0000] {dagbag.py:588} INFO - Filling up the DagBag from /home/ec2-user/environment/lab4_model_training/venv/lib64/python3.12/site-packages/airflow/example_dags/example_short_circuit_operator.py
[2026-05-04T00:56:33.272+0000] {processor.py:925} INFO - DAG(s) 'example_short_circuit_operator' retrieved from /home/ec2-user/environment/lab4_model_training/venv/lib64/python3.12/site-packages/airflow/example_dags/example_short_circuit_operator.py
[2026-05-04T00:56:33.286+0000] {logging_mixin.py:190} INFO - [2026-05-04T00:56:33.286+0000] {dag.py:3239} INFO - Sync 1 DAGs
[2026-05-04T00:56:33.296+0000] {logging_mixin.py:190} INFO - [2026-05-04T00:56:33.296+0000] {dag.py:4180} INFO - Setting next_dagrun for example_short_circuit_operator to None, run_after=None
[2026-05-04T00:56:33.313+0000] {processor.py:208} INFO - Processing /home/ec2-user/environment/lab4_model_training/venv/lib64/python3.12/site-packages/airflow/example_dags/example_short_circuit_operator.py took 0.054 seconds
[2026-05-04T00:57:39.979+0000] {processor.py:186} INFO - Started process (PID=23060) to work on /home/ec2-user/environment/lab4_model_training/venv/lib64/python3.12/site-packages/airflow/example_dags/example_short_circuit_operator.py
[2026-05-04T00:57:39.980+0000] {processor.py:914} INFO - Processing file /home/ec2-user/environment/lab4_model_training/venv/lib64/python3.12/site-packages/airflow/example_dags/example_short_circuit_operator.py for tasks to queue
[2026-05-04T00:57:39.982+0000] {logging_mixin.py:190} INFO - [2026-05-04T00:57:39.981+0000] {dagbag.py:588} INFO - Filling up the DagBag from /home/ec2-user/environment/lab4_model_training/venv/lib64/python3.12/site-packages/airflow/example_dags/example_short_circuit_operator.py
[2026-05-04T00:57:39.989+0000] {processor.py:925} INFO - DAG(s) 'example_short_circuit_operator' retrieved from /home/ec2-user/environment/lab4_model_training/venv/lib64/python3.12/site-packages/airflow/example_dags/example_short_circuit_operator.py
[2026-05-04T00:57:40.004+0000] {logging_mixin.py:190} INFO - [2026-05-04T00:57:40.004+0000] {dag.py:3239} INFO - Sync 1 DAGs
[2026-05-04T00:57:40.013+0000] {logging_mixin.py:190} INFO - [2026-05-04T00:57:40.013+0000] {dag.py:4180} INFO - Setting next_dagrun for example_short_circuit_operator to None, run_after=None
[2026-05-04T00:57:40.032+0000] {processor.py:208} INFO - Processing /home/ec2-user/environment/lab4_model_training/venv/lib64/python3.12/site-packages/airflow/example_dags/example_short_circuit_operator.py took 0.058 seconds
[2026-05-04T00:58:45.255+0000] {processor.py:186} INFO - Started process (PID=23226) to work on /home/ec2-user/environment/lab4_model_training/venv/lib64/python3.12/site-packages/airflow/example_dags/example_short_circuit_operator.py
[2026-05-04T00:58:45.257+0000] {processor.py:914} INFO - Processing file /home/ec2-user/environment/lab4_model_training/venv/lib64/python3.12/site-packages/airflow/example_dags/example_short_circuit_operator.py for tasks to queue
[2026-05-04T00:58:45.259+0000] {logging_mixin.py:190} INFO - [2026-05-04T00:58:45.258+0000] {dagbag.py:588} INFO - Filling up the DagBag from /home/ec2-user/environment/lab4_model_training/venv/lib64/python3.12/site-packages/airflow/example_dags/example_short_circuit_operator.py
[2026-05-04T00:58:45.265+0000] {processor.py:925} INFO - DAG(s) 'example_short_circuit_operator' retrieved from /home/ec2-user/environment/lab4_model_training/venv/lib64/python3.12/site-packages/airflow/example_dags/example_short_circuit_operator.py
[2026-05-04T00:58:45.280+0000] {logging_mixin.py:190} INFO - [2026-05-04T00:58:45.280+0000] {dag.py:3239} INFO - Sync 1 DAGs
[2026-05-04T00:58:45.290+0000] {logging_mixin.py:190} INFO - [2026-05-04T00:58:45.290+0000] {dag.py:4180} INFO - Setting next_dagrun for example_short_circuit_operator to None, run_after=None
[2026-05-04T00:58:45.307+0000] {processor.py:208} INFO - Processing /home/ec2-user/environment/lab4_model_training/venv/lib64/python3.12/site-packages/airflow/example_dags/example_short_circuit_operator.py took 0.056 seconds
[2026-05-04T00:59:53.952+0000] {processor.py:186} INFO - Started process (PID=23374) to work on /home/ec2-user/environment/lab4_model_training/venv/lib64/python3.12/site-packages/airflow/example_dags/example_short_circuit_operator.py
[2026-05-04T00:59:53.953+0000] {processor.py:914} INFO - Processing file /home/ec2-user/environment/lab4_model_training/venv/lib64/python3.12/site-packages/airflow/example_dags/example_short_circuit_operator.py for tasks to queue
[2026-05-04T00:59:53.954+0000] {logging_mixin.py:190} INFO - [2026-05-04T00:59:53.954+0000] {dagbag.py:588} INFO - Filling up the DagBag from /home/ec2-user/environment/lab4_model_training/venv/lib64/python3.12/site-packages/airflow/example_dags/example_short_circuit_operator.py
[2026-05-04T00:59:53.962+0000] {processor.py:925} INFO - DAG(s) 'example_short_circuit_operator' retrieved from /home/ec2-user/environment/lab4_model_training/venv/lib64/python3.12/site-packages/airflow/example_dags/example_short_circuit_operator.py
[2026-05-04T00:59:53.976+0000] {logging_mixin.py:190} INFO - [2026-05-04T00:59:53.976+0000] {dag.py:3239} INFO - Sync 1 DAGs
[2026-05-04T00:59:53.985+0000] {logging_mixin.py:190} INFO - [2026-05-04T00:59:53.985+0000] {dag.py:4180} INFO - Setting next_dagrun for example_short_circuit_operator to None, run_after=None
[2026-05-04T00:59:54.003+0000] {processor.py:208} INFO - Processing /home/ec2-user/environment/lab4_model_training/venv/lib64/python3.12/site-packages/airflow/example_dags/example_short_circuit_operator.py took 0.055 seconds
[2026-05-04T01:01:02.028+0000] {processor.py:186} INFO - Started process (PID=23555) to work on /home/ec2-user/environment/lab4_model_training/venv/lib64/python3.12/site-packages/airflow/example_dags/example_short_circuit_operator.py
[2026-05-04T01:01:02.029+0000] {processor.py:914} INFO - Processing file /home/ec2-user/environment/lab4_model_training/venv/lib64/python3.12/site-packages/airflow/example_dags/example_short_circuit_operator.py for tasks to queue
[2026-05-04T01:01:02.030+0000] {logging_mixin.py:190} INFO - [2026-05-04T01:01:02.030+0000] {dagbag.py:588} INFO - Filling up the DagBag from /home/ec2-user/environment/lab4_model_training/venv/lib64/python3.12/site-packages/airflow/example_dags/example_short_circuit_operator.py
[2026-05-04T01:01:02.037+0000] {processor.py:925} INFO - DAG(s) 'example_short_circuit_operator' retrieved from /home/ec2-user/environment/lab4_model_training/venv/lib64/python3.12/site-packages/airflow/example_dags/example_short_circuit_operator.py
[2026-05-04T01:01:02.052+0000] {logging_mixin.py:190} INFO - [2026-05-04T01:01:02.052+0000] {dag.py:3239} INFO - Sync 1 DAGs
[2026-05-04T01:01:02.062+0000] {logging_mixin.py:190} INFO - [2026-05-04T01:01:02.062+0000] {dag.py:4180} INFO - Setting next_dagrun for example_short_circuit_operator to None, run_after=None
[2026-05-04T01:01:02.082+0000] {processor.py:208} INFO - Processing /home/ec2-user/environment/lab4_model_training/venv/lib64/python3.12/site-packages/airflow/example_dags/example_short_circuit_operator.py took 0.060 seconds
[2026-05-04T01:02:11.081+0000] {processor.py:186} INFO - Started process (PID=23657) to work on /home/ec2-user/environment/lab4_model_training/venv/lib64/python3.12/site-packages/airflow/example_dags/example_short_circuit_operator.py
[2026-05-04T01:02:11.082+0000] {processor.py:914} INFO - Processing file /home/ec2-user/environment/lab4_model_training/venv/lib64/python3.12/site-packages/airflow/example_dags/example_short_circuit_operator.py for tasks to queue
[2026-05-04T01:02:11.084+0000] {logging_mixin.py:190} INFO - [2026-05-04T01:02:11.083+0000] {dagbag.py:588} INFO - Filling up the DagBag from /home/ec2-user/environment/lab4_model_training/venv/lib64/python3.12/site-packages/airflow/example_dags/example_short_circuit_operator.py
[2026-05-04T01:02:11.091+0000] {processor.py:925} INFO - DAG(s) 'example_short_circuit_operator' retrieved from /home/ec2-user/environment/lab4_model_training/venv/lib64/python3.12/site-packages/airflow/example_dags/example_short_circuit_operator.py
[2026-05-04T01:02:11.105+0000] {logging_mixin.py:190} INFO - [2026-05-04T01:02:11.105+0000] {dag.py:3239} INFO - Sync 1 DAGs
[2026-05-04T01:02:11.116+0000] {logging_mixin.py:190} INFO - [2026-05-04T01:02:11.115+0000] {dag.py:4180} INFO - Setting next_dagrun for example_short_circuit_operator to None, run_after=None
[2026-05-04T01:02:11.133+0000] {processor.py:208} INFO - Processing /home/ec2-user/environment/lab4_model_training/venv/lib64/python3.12/site-packages/airflow/example_dags/example_short_circuit_operator.py took 0.057 seconds
[2026-05-04T01:03:15.369+0000] {processor.py:186} INFO - Started process (PID=23798) to work on /home/ec2-user/environment/lab4_model_training/venv/lib64/python3.12/site-packages/airflow/example_dags/example_short_circuit_operator.py
[2026-05-04T01:03:15.370+0000] {processor.py:914} INFO - Processing file /home/ec2-user/environment/lab4_model_training/venv/lib64/python3.12/site-packages/airflow/example_dags/example_short_circuit_operator.py for tasks to queue
[2026-05-04T01:03:15.372+0000] {logging_mixin.py:190} INFO - [2026-05-04T01:03:15.371+0000] {dagbag.py:588} INFO - Filling up the DagBag from /home/ec2-user/environment/lab4_model_training/venv/lib64/python3.12/site-packages/airflow/example_dags/example_short_circuit_operator.py
[2026-05-04T01:03:15.379+0000] {processor.py:925} INFO - DAG(s) 'example_short_circuit_operator' retrieved from /home/ec2-user/environment/lab4_model_training/venv/lib64/python3.12/site-packages/airflow/example_dags/example_short_circuit_operator.py
[2026-05-04T01:03:15.393+0000] {logging_mixin.py:190} INFO - [2026-05-04T01:03:15.393+0000] {dag.py:3239} INFO - Sync 1 DAGs
[2026-05-04T01:03:15.403+0000] {logging_mixin.py:190} INFO - [2026-05-04T01:03:15.403+0000] {dag.py:4180} INFO - Setting next_dagrun for example_short_circuit_operator to None, run_after=None
[2026-05-04T01:03:15.420+0000] {processor.py:208} INFO - Processing /home/ec2-user/environment/lab4_model_training/venv/lib64/python3.12/site-packages/airflow/example_dags/example_short_circuit_operator.py took 0.056 seconds
[2026-05-04T01:04:25.228+0000] {processor.py:186} INFO - Started process (PID=23888) to work on /home/ec2-user/environment/lab4_model_training/venv/lib64/python3.12/site-packages/airflow/example_dags/example_short_circuit_operator.py
[2026-05-04T01:04:25.229+0000] {processor.py:914} INFO - Processing file /home/ec2-user/environment/lab4_model_training/venv/lib64/python3.12/site-packages/airflow/example_dags/example_short_circuit_operator.py for tasks to queue
[2026-05-04T01:04:25.230+0000] {logging_mixin.py:190} INFO - [2026-05-04T01:04:25.230+0000] {dagbag.py:588} INFO - Filling up the DagBag from /home/ec2-user/environment/lab4_model_training/venv/lib64/python3.12/site-packages/airflow/example_dags/example_short_circuit_operator.py
[2026-05-04T01:04:25.237+0000] {processor.py:925} INFO - DAG(s) 'example_short_circuit_operator' retrieved from /home/ec2-user/environment/lab4_model_training/venv/lib64/python3.12/site-packages/airflow/example_dags/example_short_circuit_operator.py
[2026-05-04T01:04:25.252+0000] {logging_mixin.py:190} INFO - [2026-05-04T01:04:25.252+0000] {dag.py:3239} INFO - Sync 1 DAGs
[2026-05-04T01:04:25.261+0000] {logging_mixin.py:190} INFO - [2026-05-04T01:04:25.261+0000] {dag.py:4180} INFO - Setting next_dagrun for example_short_circuit_operator to None, run_after=None
[2026-05-04T01:04:25.279+0000] {processor.py:208} INFO - Processing /home/ec2-user/environment/lab4_model_training/venv/lib64/python3.12/site-packages/airflow/example_dags/example_short_circuit_operator.py took 0.056 seconds
[2026-05-04T01:05:30.612+0000] {processor.py:186} INFO - Started process (PID=24024) to work on /home/ec2-user/environment/lab4_model_training/venv/lib64/python3.12/site-packages/airflow/example_dags/example_short_circuit_operator.py
[2026-05-04T01:05:30.613+0000] {processor.py:914} INFO - Processing file /home/ec2-user/environment/lab4_model_training/venv/lib64/python3.12/site-packages/airflow/example_dags/example_short_circuit_operator.py for tasks to queue
[2026-05-04T01:05:30.614+0000] {logging_mixin.py:190} INFO - [2026-05-04T01:05:30.614+0000] {dagbag.py:588} INFO - Filling up the DagBag from /home/ec2-user/environment/lab4_model_training/venv/lib64/python3.12/site-packages/airflow/example_dags/example_short_circuit_operator.py
[2026-05-04T01:05:30.621+0000] {processor.py:925} INFO - DAG(s) 'example_short_circuit_operator' retrieved from /home/ec2-user/environment/lab4_model_training/venv/lib64/python3.12/site-packages/airflow/example_dags/example_short_circuit_operator.py
[2026-05-04T01:05:30.635+0000] {logging_mixin.py:190} INFO - [2026-05-04T01:05:30.635+0000] {dag.py:3239} INFO - Sync 1 DAGs
[2026-05-04T01:05:30.645+0000] {logging_mixin.py:190} INFO - [2026-05-04T01:05:30.644+0000] {dag.py:4180} INFO - Setting next_dagrun for example_short_circuit_operator to None, run_after=None
[2026-05-04T01:05:30.661+0000] {processor.py:208} INFO - Processing /home/ec2-user/environment/lab4_model_training/venv/lib64/python3.12/site-packages/airflow/example_dags/example_short_circuit_operator.py took 0.054 seconds
[2026-05-04T01:06:37.624+0000] {processor.py:186} INFO - Started process (PID=24161) to work on /home/ec2-user/environment/lab4_model_training/venv/lib64/python3.12/site-packages/airflow/example_dags/example_short_circuit_operator.py
[2026-05-04T01:06:37.625+0000] {processor.py:914} INFO - Processing file /home/ec2-user/environment/lab4_model_training/venv/lib64/python3.12/site-packages/airflow/example_dags/example_short_circuit_operator.py for tasks to queue
[2026-05-04T01:06:37.626+0000] {logging_mixin.py:190} INFO - [2026-05-04T01:06:37.626+0000] {dagbag.py:588} INFO - Filling up the DagBag from /home/ec2-user/environment/lab4_model_training/venv/lib64/python3.12/site-packages/airflow/example_dags/example_short_circuit_operator.py
[2026-05-04T01:06:37.633+0000] {processor.py:925} INFO - DAG(s) 'example_short_circuit_operator' retrieved from /home/ec2-user/environment/lab4_model_training/venv/lib64/python3.12/site-packages/airflow/example_dags/example_short_circuit_operator.py
[2026-05-04T01:06:37.648+0000] {logging_mixin.py:190} INFO - [2026-05-04T01:06:37.648+0000] {dag.py:3239} INFO - Sync 1 DAGs
[2026-05-04T01:06:37.658+0000] {logging_mixin.py:190} INFO - [2026-05-04T01:06:37.658+0000] {dag.py:4180} INFO - Setting next_dagrun for example_short_circuit_operator to None, run_after=None
[2026-05-04T01:06:37.674+0000] {processor.py:208} INFO - Processing /home/ec2-user/environment/lab4_model_training/venv/lib64/python3.12/site-packages/airflow/example_dags/example_short_circuit_operator.py took 0.056 seconds
[2026-05-04T01:07:44.632+0000] {processor.py:186} INFO - Started process (PID=24249) to work on /home/ec2-user/environment/lab4_model_training/venv/lib64/python3.12/site-packages/airflow/example_dags/example_short_circuit_operator.py
[2026-05-04T01:07:44.633+0000] {processor.py:914} INFO - Processing file /home/ec2-user/environment/lab4_model_training/venv/lib64/python3.12/site-packages/airflow/example_dags/example_short_circuit_operator.py for tasks to queue
[2026-05-04T01:07:44.634+0000] {logging_mixin.py:190} INFO - [2026-05-04T01:07:44.634+0000] {dagbag.py:588} INFO - Filling up the DagBag from /home/ec2-user/environment/lab4_model_training/venv/lib64/python3.12/site-packages/airflow/example_dags/example_short_circuit_operator.py
[2026-05-04T01:07:44.641+0000] {processor.py:925} INFO - DAG(s) 'example_short_circuit_operator' retrieved from /home/ec2-user/environment/lab4_model_training/venv/lib64/python3.12/site-packages/airflow/example_dags/example_short_circuit_operator.py
[2026-05-04T01:07:44.656+0000] {logging_mixin.py:190} INFO - [2026-05-04T01:07:44.656+0000] {dag.py:3239} INFO - Sync 1 DAGs
[2026-05-04T01:07:44.666+0000] {logging_mixin.py:190} INFO - [2026-05-04T01:07:44.666+0000] {dag.py:4180} INFO - Setting next_dagrun for example_short_circuit_operator to None, run_after=None
[2026-05-04T01:07:44.683+0000] {processor.py:208} INFO - Processing /home/ec2-user/environment/lab4_model_training/venv/lib64/python3.12/site-packages/airflow/example_dags/example_short_circuit_operator.py took 0.056 seconds
[2026-05-04T01:08:51.535+0000] {processor.py:186} INFO - Started process (PID=24391) to work on /home/ec2-user/environment/lab4_model_training/venv/lib64/python3.12/site-packages/airflow/example_dags/example_short_circuit_operator.py
[2026-05-04T01:08:51.536+0000] {processor.py:914} INFO - Processing file /home/ec2-user/environment/lab4_model_training/venv/lib64/python3.12/site-packages/airflow/example_dags/example_short_circuit_operator.py for tasks to queue
[2026-05-04T01:08:51.537+0000] {logging_mixin.py:190} INFO - [2026-05-04T01:08:51.537+0000] {dagbag.py:588} INFO - Filling up the DagBag from /home/ec2-user/environment/lab4_model_training/venv/lib64/python3.12/site-packages/airflow/example_dags/example_short_circuit_operator.py
[2026-05-04T01:08:51.545+0000] {processor.py:925} INFO - DAG(s) 'example_short_circuit_operator' retrieved from /home/ec2-user/environment/lab4_model_training/venv/lib64/python3.12/site-packages/airflow/example_dags/example_short_circuit_operator.py
[2026-05-04T01:08:51.559+0000] {logging_mixin.py:190} INFO - [2026-05-04T01:08:51.559+0000] {dag.py:3239} INFO - Sync 1 DAGs
[2026-05-04T01:08:51.568+0000] {logging_mixin.py:190} INFO - [2026-05-04T01:08:51.568+0000] {dag.py:4180} INFO - Setting next_dagrun for example_short_circuit_operator to None, run_after=None
[2026-05-04T01:08:51.586+0000] {processor.py:208} INFO - Processing /home/ec2-user/environment/lab4_model_training/venv/lib64/python3.12/site-packages/airflow/example_dags/example_short_circuit_operator.py took 0.056 seconds
[2026-05-04T01:10:02.723+0000] {processor.py:186} INFO - Started process (PID=24937) to work on /home/ec2-user/environment/lab4_model_training/venv/lib64/python3.12/site-packages/airflow/example_dags/example_short_circuit_operator.py
[2026-05-04T01:10:02.725+0000] {processor.py:914} INFO - Processing file /home/ec2-user/environment/lab4_model_training/venv/lib64/python3.12/site-packages/airflow/example_dags/example_short_circuit_operator.py for tasks to queue
[2026-05-04T01:10:02.726+0000] {logging_mixin.py:190} INFO - [2026-05-04T01:10:02.726+0000] {dagbag.py:588} INFO - Filling up the DagBag from /home/ec2-user/environment/lab4_model_training/venv/lib64/python3.12/site-packages/airflow/example_dags/example_short_circuit_operator.py
[2026-05-04T01:10:02.734+0000] {processor.py:925} INFO - DAG(s) 'example_short_circuit_operator' retrieved from /home/ec2-user/environment/lab4_model_training/venv/lib64/python3.12/site-packages/airflow/example_dags/example_short_circuit_operator.py
[2026-05-04T01:10:02.749+0000] {logging_mixin.py:190} INFO - [2026-05-04T01:10:02.749+0000] {dag.py:3239} INFO - Sync 1 DAGs
[2026-05-04T01:10:02.759+0000] {logging_mixin.py:190} INFO - [2026-05-04T01:10:02.759+0000] {dag.py:4180} INFO - Setting next_dagrun for example_short_circuit_operator to None, run_after=None
[2026-05-04T01:10:02.777+0000] {processor.py:208} INFO - Processing /home/ec2-user/environment/lab4_model_training/venv/lib64/python3.12/site-packages/airflow/example_dags/example_short_circuit_operator.py took 0.058 seconds
[2026-05-04T01:11:12.392+0000] {processor.py:186} INFO - Started process (PID=25494) to work on /home/ec2-user/environment/lab4_model_training/venv/lib64/python3.12/site-packages/airflow/example_dags/example_short_circuit_operator.py
[2026-05-04T01:11:12.393+0000] {processor.py:914} INFO - Processing file /home/ec2-user/environment/lab4_model_training/venv/lib64/python3.12/site-packages/airflow/example_dags/example_short_circuit_operator.py for tasks to queue
[2026-05-04T01:11:12.395+0000] {logging_mixin.py:190} INFO - [2026-05-04T01:11:12.395+0000] {dagbag.py:588} INFO - Filling up the DagBag from /home/ec2-user/environment/lab4_model_training/venv/lib64/python3.12/site-packages/airflow/example_dags/example_short_circuit_operator.py
[2026-05-04T01:11:12.405+0000] {processor.py:925} INFO - DAG(s) 'example_short_circuit_operator' retrieved from /home/ec2-user/environment/lab4_model_training/venv/lib64/python3.12/site-packages/airflow/example_dags/example_short_circuit_operator.py
[2026-05-04T01:11:12.425+0000] {logging_mixin.py:190} INFO - [2026-05-04T01:11:12.425+0000] {dag.py:3239} INFO - Sync 1 DAGs
[2026-05-04T01:11:12.439+0000] {logging_mixin.py:190} INFO - [2026-05-04T01:11:12.439+0000] {dag.py:4180} INFO - Setting next_dagrun for example_short_circuit_operator to None, run_after=None
[2026-05-04T01:11:12.459+0000] {processor.py:208} INFO - Processing /home/ec2-user/environment/lab4_model_training/venv/lib64/python3.12/site-packages/airflow/example_dags/example_short_circuit_operator.py took 0.071 seconds
[2026-05-04T01:12:23.199+0000] {processor.py:186} INFO - Started process (PID=25973) to work on /home/ec2-user/environment/lab4_model_training/venv/lib64/python3.12/site-packages/airflow/example_dags/example_short_circuit_operator.py
[2026-05-04T01:12:23.200+0000] {processor.py:914} INFO - Processing file /home/ec2-user/environment/lab4_model_training/venv/lib64/python3.12/site-packages/airflow/example_dags/example_short_circuit_operator.py for tasks to queue
[2026-05-04T01:12:23.202+0000] {logging_mixin.py:190} INFO - [2026-05-04T01:12:23.201+0000] {dagbag.py:588} INFO - Filling up the DagBag from /home/ec2-user/environment/lab4_model_training/venv/lib64/python3.12/site-packages/airflow/example_dags/example_short_circuit_operator.py
[2026-05-04T01:12:23.209+0000] {processor.py:925} INFO - DAG(s) 'example_short_circuit_operator' retrieved from /home/ec2-user/environment/lab4_model_training/venv/lib64/python3.12/site-packages/airflow/example_dags/example_short_circuit_operator.py
[2026-05-04T01:12:23.223+0000] {logging_mixin.py:190} INFO - [2026-05-04T01:12:23.223+0000] {dag.py:3239} INFO - Sync 1 DAGs
[2026-05-04T01:12:23.233+0000] {logging_mixin.py:190} INFO - [2026-05-04T01:12:23.233+0000] {dag.py:4180} INFO - Setting next_dagrun for example_short_circuit_operator to None, run_after=None
[2026-05-04T01:12:23.251+0000] {processor.py:208} INFO - Processing /home/ec2-user/environment/lab4_model_training/venv/lib64/python3.12/site-packages/airflow/example_dags/example_short_circuit_operator.py took 0.056 seconds
[2026-05-04T01:13:33.031+0000] {processor.py:186} INFO - Started process (PID=26498) to work on /home/ec2-user/environment/lab4_model_training/venv/lib64/python3.12/site-packages/airflow/example_dags/example_short_circuit_operator.py
[2026-05-04T01:13:33.031+0000] {processor.py:914} INFO - Processing file /home/ec2-user/environment/lab4_model_training/venv/lib64/python3.12/site-packages/airflow/example_dags/example_short_circuit_operator.py for tasks to queue
[2026-05-04T01:13:33.034+0000] {logging_mixin.py:190} INFO - [2026-05-04T01:13:33.033+0000] {dagbag.py:588} INFO - Filling up the DagBag from /home/ec2-user/environment/lab4_model_training/venv/lib64/python3.12/site-packages/airflow/example_dags/example_short_circuit_operator.py
[2026-05-04T01:13:33.041+0000] {processor.py:925} INFO - DAG(s) 'example_short_circuit_operator' retrieved from /home/ec2-user/environment/lab4_model_training/venv/lib64/python3.12/site-packages/airflow/example_dags/example_short_circuit_operator.py
[2026-05-04T01:13:33.056+0000] {logging_mixin.py:190} INFO - [2026-05-04T01:13:33.056+0000] {dag.py:3239} INFO - Sync 1 DAGs
[2026-05-04T01:13:33.177+0000] {logging_mixin.py:190} INFO - [2026-05-04T01:13:33.177+0000] {dag.py:4180} INFO - Setting next_dagrun for example_short_circuit_operator to None, run_after=None
[2026-05-04T01:13:33.200+0000] {processor.py:208} INFO - Processing /home/ec2-user/environment/lab4_model_training/venv/lib64/python3.12/site-packages/airflow/example_dags/example_short_circuit_operator.py took 0.173 seconds
[2026-05-04T01:14:43.271+0000] {processor.py:186} INFO - Started process (PID=27039) to work on /home/ec2-user/environment/lab4_model_training/venv/lib64/python3.12/site-packages/airflow/example_dags/example_short_circuit_operator.py
[2026-05-04T01:14:43.272+0000] {processor.py:914} INFO - Processing file /home/ec2-user/environment/lab4_model_training/venv/lib64/python3.12/site-packages/airflow/example_dags/example_short_circuit_operator.py for tasks to queue
[2026-05-04T01:14:43.274+0000] {logging_mixin.py:190} INFO - [2026-05-04T01:14:43.273+0000] {dagbag.py:588} INFO - Filling up the DagBag from /home/ec2-user/environment/lab4_model_training/venv/lib64/python3.12/site-packages/airflow/example_dags/example_short_circuit_operator.py
[2026-05-04T01:14:43.283+0000] {processor.py:925} INFO - DAG(s) 'example_short_circuit_operator' retrieved from /home/ec2-user/environment/lab4_model_training/venv/lib64/python3.12/site-packages/airflow/example_dags/example_short_circuit_operator.py
[2026-05-04T01:14:43.304+0000] {logging_mixin.py:190} INFO - [2026-05-04T01:14:43.304+0000] {dag.py:3239} INFO - Sync 1 DAGs
[2026-05-04T01:14:43.319+0000] {logging_mixin.py:190} INFO - [2026-05-04T01:14:43.318+0000] {dag.py:4180} INFO - Setting next_dagrun for example_short_circuit_operator to None, run_after=None
[2026-05-04T01:14:43.503+0000] {processor.py:208} INFO - Processing /home/ec2-user/environment/lab4_model_training/venv/lib64/python3.12/site-packages/airflow/example_dags/example_short_circuit_operator.py took 0.239 seconds
[2026-05-04T01:15:56.484+0000] {processor.py:186} INFO - Started process (PID=27555) to work on /home/ec2-user/environment/lab4_model_training/venv/lib64/python3.12/site-packages/airflow/example_dags/example_short_circuit_operator.py
[2026-05-04T01:15:56.485+0000] {processor.py:914} INFO - Processing file /home/ec2-user/environment/lab4_model_training/venv/lib64/python3.12/site-packages/airflow/example_dags/example_short_circuit_operator.py for tasks to queue
[2026-05-04T01:15:56.487+0000] {logging_mixin.py:190} INFO - [2026-05-04T01:15:56.487+0000] {dagbag.py:588} INFO - Filling up the DagBag from /home/ec2-user/environment/lab4_model_training/venv/lib64/python3.12/site-packages/airflow/example_dags/example_short_circuit_operator.py
[2026-05-04T01:15:56.494+0000] {processor.py:925} INFO - DAG(s) 'example_short_circuit_operator' retrieved from /home/ec2-user/environment/lab4_model_training/venv/lib64/python3.12/site-packages/airflow/example_dags/example_short_circuit_operator.py
[2026-05-04T01:15:56.510+0000] {logging_mixin.py:190} INFO - [2026-05-04T01:15:56.510+0000] {dag.py:3239} INFO - Sync 1 DAGs
[2026-05-04T01:15:56.521+0000] {logging_mixin.py:190} INFO - [2026-05-04T01:15:56.520+0000] {dag.py:4180} INFO - Setting next_dagrun for example_short_circuit_operator to None, run_after=None
[2026-05-04T01:15:56.540+0000] {processor.py:208} INFO - Processing /home/ec2-user/environment/lab4_model_training/venv/lib64/python3.12/site-packages/airflow/example_dags/example_short_circuit_operator.py took 0.060 seconds
[2026-05-04T01:16:59.314+0000] {processor.py:186} INFO - Started process (PID=28067) to work on /home/ec2-user/environment/lab4_model_training/venv/lib64/python3.12/site-packages/airflow/example_dags/example_short_circuit_operator.py
[2026-05-04T01:16:59.316+0000] {processor.py:914} INFO - Processing file /home/ec2-user/environment/lab4_model_training/venv/lib64/python3.12/site-packages/airflow/example_dags/example_short_circuit_operator.py for tasks to queue
[2026-05-04T01:16:59.318+0000] {logging_mixin.py:190} INFO - [2026-05-04T01:16:59.317+0000] {dagbag.py:588} INFO - Filling up the DagBag from /home/ec2-user/environment/lab4_model_training/venv/lib64/python3.12/site-packages/airflow/example_dags/example_short_circuit_operator.py
[2026-05-04T01:16:59.324+0000] {processor.py:925} INFO - DAG(s) 'example_short_circuit_operator' retrieved from /home/ec2-user/environment/lab4_model_training/venv/lib64/python3.12/site-packages/airflow/example_dags/example_short_circuit_operator.py
[2026-05-04T01:16:59.341+0000] {logging_mixin.py:190} INFO - [2026-05-04T01:16:59.340+0000] {dag.py:3239} INFO - Sync 1 DAGs
[2026-05-04T01:16:59.351+0000] {logging_mixin.py:190} INFO - [2026-05-04T01:16:59.351+0000] {dag.py:4180} INFO - Setting next_dagrun for example_short_circuit_operator to None, run_after=None
[2026-05-04T01:16:59.368+0000] {processor.py:208} INFO - Processing /home/ec2-user/environment/lab4_model_training/venv/lib64/python3.12/site-packages/airflow/example_dags/example_short_circuit_operator.py took 0.058 seconds
[2026-05-04T01:18:04.679+0000] {processor.py:186} INFO - Started process (PID=28566) to work on /home/ec2-user/environment/lab4_model_training/venv/lib64/python3.12/site-packages/airflow/example_dags/example_short_circuit_operator.py
[2026-05-04T01:18:04.680+0000] {processor.py:914} INFO - Processing file /home/ec2-user/environment/lab4_model_training/venv/lib64/python3.12/site-packages/airflow/example_dags/example_short_circuit_operator.py for tasks to queue
[2026-05-04T01:18:04.683+0000] {logging_mixin.py:190} INFO - [2026-05-04T01:18:04.683+0000] {dagbag.py:588} INFO - Filling up the DagBag from /home/ec2-user/environment/lab4_model_training/venv/lib64/python3.12/site-packages/airflow/example_dags/example_short_circuit_operator.py
[2026-05-04T01:18:04.690+0000] {processor.py:925} INFO - DAG(s) 'example_short_circuit_operator' retrieved from /home/ec2-user/environment/lab4_model_training/venv/lib64/python3.12/site-packages/airflow/example_dags/example_short_circuit_operator.py
[2026-05-04T01:18:04.706+0000] {logging_mixin.py:190} INFO - [2026-05-04T01:18:04.706+0000] {dag.py:3239} INFO - Sync 1 DAGs
[2026-05-04T01:18:04.717+0000] {logging_mixin.py:190} INFO - [2026-05-04T01:18:04.716+0000] {dag.py:4180} INFO - Setting next_dagrun for example_short_circuit_operator to None, run_after=None
[2026-05-04T01:18:04.735+0000] {processor.py:208} INFO - Processing /home/ec2-user/environment/lab4_model_training/venv/lib64/python3.12/site-packages/airflow/example_dags/example_short_circuit_operator.py took 0.060 seconds
[2026-05-04T01:19:12.926+0000] {processor.py:186} INFO - Started process (PID=29132) to work on /home/ec2-user/environment/lab4_model_training/venv/lib64/python3.12/site-packages/airflow/example_dags/example_short_circuit_operator.py
[2026-05-04T01:19:12.928+0000] {processor.py:914} INFO - Processing file /home/ec2-user/environment/lab4_model_training/venv/lib64/python3.12/site-packages/airflow/example_dags/example_short_circuit_operator.py for tasks to queue
[2026-05-04T01:19:12.930+0000] {logging_mixin.py:190} INFO - [2026-05-04T01:19:12.929+0000] {dagbag.py:588} INFO - Filling up the DagBag from /home/ec2-user/environment/lab4_model_training/venv/lib64/python3.12/site-packages/airflow/example_dags/example_short_circuit_operator.py
[2026-05-04T01:19:12.937+0000] {processor.py:925} INFO - DAG(s) 'example_short_circuit_operator' retrieved from /home/ec2-user/environment/lab4_model_training/venv/lib64/python3.12/site-packages/airflow/example_dags/example_short_circuit_operator.py
[2026-05-04T01:19:12.952+0000] {logging_mixin.py:190} INFO - [2026-05-04T01:19:12.952+0000] {dag.py:3239} INFO - Sync 1 DAGs
[2026-05-04T01:19:12.963+0000] {logging_mixin.py:190} INFO - [2026-05-04T01:19:12.963+0000] {dag.py:4180} INFO - Setting next_dagrun for example_short_circuit_operator to None, run_after=None
[2026-05-04T01:19:12.981+0000] {processor.py:208} INFO - Processing /home/ec2-user/environment/lab4_model_training/venv/lib64/python3.12/site-packages/airflow/example_dags/example_short_circuit_operator.py took 0.059 seconds
[2026-05-04T01:20:18.436+0000] {processor.py:186} INFO - Started process (PID=29652) to work on /home/ec2-user/environment/lab4_model_training/venv/lib64/python3.12/site-packages/airflow/example_dags/example_short_circuit_operator.py
[2026-05-04T01:20:18.437+0000] {processor.py:914} INFO - Processing file /home/ec2-user/environment/lab4_model_training/venv/lib64/python3.12/site-packages/airflow/example_dags/example_short_circuit_operator.py for tasks to queue
[2026-05-04T01:20:18.439+0000] {logging_mixin.py:190} INFO - [2026-05-04T01:20:18.438+0000] {dagbag.py:588} INFO - Filling up the DagBag from /home/ec2-user/environment/lab4_model_training/venv/lib64/python3.12/site-packages/airflow/example_dags/example_short_circuit_operator.py
[2026-05-04T01:20:18.446+0000] {processor.py:925} INFO - DAG(s) 'example_short_circuit_operator' retrieved from /home/ec2-user/environment/lab4_model_training/venv/lib64/python3.12/site-packages/airflow/example_dags/example_short_circuit_operator.py
[2026-05-04T01:20:18.460+0000] {logging_mixin.py:190} INFO - [2026-05-04T01:20:18.460+0000] {dag.py:3239} INFO - Sync 1 DAGs
[2026-05-04T01:20:18.471+0000] {logging_mixin.py:190} INFO - [2026-05-04T01:20:18.470+0000] {dag.py:4180} INFO - Setting next_dagrun for example_short_circuit_operator to None, run_after=None
[2026-05-04T01:20:18.488+0000] {processor.py:208} INFO - Processing /home/ec2-user/environment/lab4_model_training/venv/lib64/python3.12/site-packages/airflow/example_dags/example_short_circuit_operator.py took 0.057 seconds
[2026-05-04T01:21:23.108+0000] {processor.py:186} INFO - Started process (PID=30119) to work on /home/ec2-user/environment/lab4_model_training/venv/lib64/python3.12/site-packages/airflow/example_dags/example_short_circuit_operator.py
[2026-05-04T01:21:23.109+0000] {processor.py:914} INFO - Processing file /home/ec2-user/environment/lab4_model_training/venv/lib64/python3.12/site-packages/airflow/example_dags/example_short_circuit_operator.py for tasks to queue
[2026-05-04T01:21:23.111+0000] {logging_mixin.py:190} INFO - [2026-05-04T01:21:23.111+0000] {dagbag.py:588} INFO - Filling up the DagBag from /home/ec2-user/environment/lab4_model_training/venv/lib64/python3.12/site-packages/airflow/example_dags/example_short_circuit_operator.py
[2026-05-04T01:21:23.119+0000] {processor.py:925} INFO - DAG(s) 'example_short_circuit_operator' retrieved from /home/ec2-user/environment/lab4_model_training/venv/lib64/python3.12/site-packages/airflow/example_dags/example_short_circuit_operator.py
[2026-05-04T01:21:23.134+0000] {logging_mixin.py:190} INFO - [2026-05-04T01:21:23.134+0000] {dag.py:3239} INFO - Sync 1 DAGs
[2026-05-04T01:21:23.144+0000] {logging_mixin.py:190} INFO - [2026-05-04T01:21:23.144+0000] {dag.py:4180} INFO - Setting next_dagrun for example_short_circuit_operator to None, run_after=None
[2026-05-04T01:21:23.166+0000] {processor.py:208} INFO - Processing /home/ec2-user/environment/lab4_model_training/venv/lib64/python3.12/site-packages/airflow/example_dags/example_short_circuit_operator.py took 0.062 seconds
[2026-05-04T01:22:28.818+0000] {processor.py:186} INFO - Started process (PID=30547) to work on /home/ec2-user/environment/lab4_model_training/venv/lib64/python3.12/site-packages/airflow/example_dags/example_short_circuit_operator.py
[2026-05-04T01:22:28.819+0000] {processor.py:914} INFO - Processing file /home/ec2-user/environment/lab4_model_training/venv/lib64/python3.12/site-packages/airflow/example_dags/example_short_circuit_operator.py for tasks to queue
[2026-05-04T01:22:28.821+0000] {logging_mixin.py:190} INFO - [2026-05-04T01:22:28.820+0000] {dagbag.py:588} INFO - Filling up the DagBag from /home/ec2-user/environment/lab4_model_training/venv/lib64/python3.12/site-packages/airflow/example_dags/example_short_circuit_operator.py
[2026-05-04T01:22:28.830+0000] {processor.py:925} INFO - DAG(s) 'example_short_circuit_operator' retrieved from /home/ec2-user/environment/lab4_model_training/venv/lib64/python3.12/site-packages/airflow/example_dags/example_short_circuit_operator.py
[2026-05-04T01:22:28.852+0000] {logging_mixin.py:190} INFO - [2026-05-04T01:22:28.851+0000] {dag.py:3239} INFO - Sync 1 DAGs
[2026-05-04T01:22:28.865+0000] {logging_mixin.py:190} INFO - [2026-05-04T01:22:28.865+0000] {dag.py:4180} INFO - Setting next_dagrun for example_short_circuit_operator to None, run_after=None
[2026-05-04T01:22:28.886+0000] {processor.py:208} INFO - Processing /home/ec2-user/environment/lab4_model_training/venv/lib64/python3.12/site-packages/airflow/example_dags/example_short_circuit_operator.py took 0.073 seconds
[2026-05-04T01:23:31.937+0000] {processor.py:186} INFO - Started process (PID=30686) to work on /home/ec2-user/environment/lab4_model_training/venv/lib64/python3.12/site-packages/airflow/example_dags/example_short_circuit_operator.py
[2026-05-04T01:23:31.938+0000] {processor.py:914} INFO - Processing file /home/ec2-user/environment/lab4_model_training/venv/lib64/python3.12/site-packages/airflow/example_dags/example_short_circuit_operator.py for tasks to queue
[2026-05-04T01:23:31.940+0000] {logging_mixin.py:190} INFO - [2026-05-04T01:23:31.940+0000] {dagbag.py:588} INFO - Filling up the DagBag from /home/ec2-user/environment/lab4_model_training/venv/lib64/python3.12/site-packages/airflow/example_dags/example_short_circuit_operator.py
[2026-05-04T01:23:31.948+0000] {processor.py:925} INFO - DAG(s) 'example_short_circuit_operator' retrieved from /home/ec2-user/environment/lab4_model_training/venv/lib64/python3.12/site-packages/airflow/example_dags/example_short_circuit_operator.py
[2026-05-04T01:23:31.963+0000] {logging_mixin.py:190} INFO - [2026-05-04T01:23:31.963+0000] {dag.py:3239} INFO - Sync 1 DAGs
[2026-05-04T01:23:31.974+0000] {logging_mixin.py:190} INFO - [2026-05-04T01:23:31.973+0000] {dag.py:4180} INFO - Setting next_dagrun for example_short_circuit_operator to None, run_after=None
[2026-05-04T01:23:31.992+0000] {processor.py:208} INFO - Processing /home/ec2-user/environment/lab4_model_training/venv/lib64/python3.12/site-packages/airflow/example_dags/example_short_circuit_operator.py took 0.059 seconds
[2026-05-04T01:24:34.668+0000] {processor.py:186} INFO - Started process (PID=30979) to work on /home/ec2-user/environment/lab4_model_training/venv/lib64/python3.12/site-packages/airflow/example_dags/example_short_circuit_operator.py
[2026-05-04T01:24:34.670+0000] {processor.py:914} INFO - Processing file /home/ec2-user/environment/lab4_model_training/venv/lib64/python3.12/site-packages/airflow/example_dags/example_short_circuit_operator.py for tasks to queue
[2026-05-04T01:24:34.671+0000] {logging_mixin.py:190} INFO - [2026-05-04T01:24:34.671+0000] {dagbag.py:588} INFO - Filling up the DagBag from /home/ec2-user/environment/lab4_model_training/venv/lib64/python3.12/site-packages/airflow/example_dags/example_short_circuit_operator.py
[2026-05-04T01:24:34.678+0000] {processor.py:925} INFO - DAG(s) 'example_short_circuit_operator' retrieved from /home/ec2-user/environment/lab4_model_training/venv/lib64/python3.12/site-packages/airflow/example_dags/example_short_circuit_operator.py
[2026-05-04T01:24:34.697+0000] {logging_mixin.py:190} INFO - [2026-05-04T01:24:34.697+0000] {dag.py:3239} INFO - Sync 1 DAGs
[2026-05-04T01:24:34.709+0000] {logging_mixin.py:190} INFO - [2026-05-04T01:24:34.709+0000] {dag.py:4180} INFO - Setting next_dagrun for example_short_circuit_operator to None, run_after=None
[2026-05-04T01:24:34.727+0000] {processor.py:208} INFO - Processing /home/ec2-user/environment/lab4_model_training/venv/lib64/python3.12/site-packages/airflow/example_dags/example_short_circuit_operator.py took 0.064 seconds
[2026-05-04T01:25:42.939+0000] {processor.py:186} INFO - Started process (PID=31287) to work on /home/ec2-user/environment/lab4_model_training/venv/lib64/python3.12/site-packages/airflow/example_dags/example_short_circuit_operator.py
[2026-05-04T01:25:42.941+0000] {processor.py:914} INFO - Processing file /home/ec2-user/environment/lab4_model_training/venv/lib64/python3.12/site-packages/airflow/example_dags/example_short_circuit_operator.py for tasks to queue
[2026-05-04T01:25:42.942+0000] {logging_mixin.py:190} INFO - [2026-05-04T01:25:42.942+0000] {dagbag.py:588} INFO - Filling up the DagBag from /home/ec2-user/environment/lab4_model_training/venv/lib64/python3.12/site-packages/airflow/example_dags/example_short_circuit_operator.py
[2026-05-04T01:25:42.950+0000] {processor.py:925} INFO - DAG(s) 'example_short_circuit_operator' retrieved from /home/ec2-user/environment/lab4_model_training/venv/lib64/python3.12/site-packages/airflow/example_dags/example_short_circuit_operator.py
[2026-05-04T01:25:42.966+0000] {logging_mixin.py:190} INFO - [2026-05-04T01:25:42.966+0000] {dag.py:3239} INFO - Sync 1 DAGs
[2026-05-04T01:25:42.976+0000] {logging_mixin.py:190} INFO - [2026-05-04T01:25:42.976+0000] {dag.py:4180} INFO - Setting next_dagrun for example_short_circuit_operator to None, run_after=None
[2026-05-04T01:25:42.998+0000] {processor.py:208} INFO - Processing /home/ec2-user/environment/lab4_model_training/venv/lib64/python3.12/site-packages/airflow/example_dags/example_short_circuit_operator.py took 0.063 seconds
[2026-05-04T01:26:49.079+0000] {processor.py:186} INFO - Started process (PID=31474) to work on /home/ec2-user/environment/lab4_model_training/venv/lib64/python3.12/site-packages/airflow/example_dags/example_short_circuit_operator.py
[2026-05-04T01:26:49.081+0000] {processor.py:914} INFO - Processing file /home/ec2-user/environment/lab4_model_training/venv/lib64/python3.12/site-packages/airflow/example_dags/example_short_circuit_operator.py for tasks to queue
[2026-05-04T01:26:49.083+0000] {logging_mixin.py:190} INFO - [2026-05-04T01:26:49.082+0000] {dagbag.py:588} INFO - Filling up the DagBag from /home/ec2-user/environment/lab4_model_training/venv/lib64/python3.12/site-packages/airflow/example_dags/example_short_circuit_operator.py
[2026-05-04T01:26:49.090+0000] {processor.py:925} INFO - DAG(s) 'example_short_circuit_operator' retrieved from /home/ec2-user/environment/lab4_model_training/venv/lib64/python3.12/site-packages/airflow/example_dags/example_short_circuit_operator.py
[2026-05-04T01:26:49.105+0000] {logging_mixin.py:190} INFO - [2026-05-04T01:26:49.105+0000] {dag.py:3239} INFO - Sync 1 DAGs
[2026-05-04T01:26:49.116+0000] {logging_mixin.py:190} INFO - [2026-05-04T01:26:49.116+0000] {dag.py:4180} INFO - Setting next_dagrun for example_short_circuit_operator to None, run_after=None
[2026-05-04T01:26:49.134+0000] {processor.py:208} INFO - Processing /home/ec2-user/environment/lab4_model_training/venv/lib64/python3.12/site-packages/airflow/example_dags/example_short_circuit_operator.py took 0.059 seconds
