[2026-05-04T00:20:34.828+0000] {processor.py:186} INFO - Started process (PID=12823) to work on /home/ec2-user/environment/lab4_model_training/venv/lib64/python3.12/site-packages/airflow/example_dags/example_sensors.py
[2026-05-04T00:20:34.829+0000] {processor.py:914} INFO - Processing file /home/ec2-user/environment/lab4_model_training/venv/lib64/python3.12/site-packages/airflow/example_dags/example_sensors.py for tasks to queue
[2026-05-04T00:20:34.830+0000] {logging_mixin.py:190} INFO - [2026-05-04T00:20:34.830+0000] {dagbag.py:588} INFO - Filling up the DagBag from /home/ec2-user/environment/lab4_model_training/venv/lib64/python3.12/site-packages/airflow/example_dags/example_sensors.py
[2026-05-04T00:20:34.840+0000] {processor.py:925} INFO - DAG(s) 'example_sensors' retrieved from /home/ec2-user/environment/lab4_model_training/venv/lib64/python3.12/site-packages/airflow/example_dags/example_sensors.py
[2026-05-04T00:20:34.858+0000] {logging_mixin.py:190} INFO - [2026-05-04T00:20:34.857+0000] {dag.py:3239} INFO - Sync 1 DAGs
[2026-05-04T00:20:34.868+0000] {logging_mixin.py:190} INFO - [2026-05-04T00:20:34.868+0000] {dag.py:4180} INFO - Setting next_dagrun for example_sensors to None, run_after=None
[2026-05-04T00:20:34.886+0000] {processor.py:208} INFO - Processing /home/ec2-user/environment/lab4_model_training/venv/lib64/python3.12/site-packages/airflow/example_dags/example_sensors.py took 0.062 seconds
[2026-05-04T00:21:39.967+0000] {processor.py:186} INFO - Started process (PID=13310) to work on /home/ec2-user/environment/lab4_model_training/venv/lib64/python3.12/site-packages/airflow/example_dags/example_sensors.py
[2026-05-04T00:21:39.968+0000] {processor.py:914} INFO - Processing file /home/ec2-user/environment/lab4_model_training/venv/lib64/python3.12/site-packages/airflow/example_dags/example_sensors.py for tasks to queue
[2026-05-04T00:21:39.970+0000] {logging_mixin.py:190} INFO - [2026-05-04T00:21:39.969+0000] {dagbag.py:588} INFO - Filling up the DagBag from /home/ec2-user/environment/lab4_model_training/venv/lib64/python3.12/site-packages/airflow/example_dags/example_sensors.py
[2026-05-04T00:21:39.982+0000] {processor.py:925} INFO - DAG(s) 'example_sensors' retrieved from /home/ec2-user/environment/lab4_model_training/venv/lib64/python3.12/site-packages/airflow/example_dags/example_sensors.py
[2026-05-04T00:21:40.000+0000] {logging_mixin.py:190} INFO - [2026-05-04T00:21:40.000+0000] {dag.py:3239} INFO - Sync 1 DAGs
[2026-05-04T00:21:40.011+0000] {logging_mixin.py:190} INFO - [2026-05-04T00:21:40.011+0000] {dag.py:4180} INFO - Setting next_dagrun for example_sensors to None, run_after=None
[2026-05-04T00:21:40.033+0000] {processor.py:208} INFO - Processing /home/ec2-user/environment/lab4_model_training/venv/lib64/python3.12/site-packages/airflow/example_dags/example_sensors.py took 0.071 seconds
[2026-05-04T00:23:11.203+0000] {processor.py:186} INFO - Started process (PID=14074) to work on /home/ec2-user/environment/lab4_model_training/venv/lib64/python3.12/site-packages/airflow/example_dags/example_sensors.py
[2026-05-04T00:23:11.205+0000] {processor.py:914} INFO - Processing file /home/ec2-user/environment/lab4_model_training/venv/lib64/python3.12/site-packages/airflow/example_dags/example_sensors.py for tasks to queue
[2026-05-04T00:23:11.206+0000] {logging_mixin.py:190} INFO - [2026-05-04T00:23:11.206+0000] {dagbag.py:588} INFO - Filling up the DagBag from /home/ec2-user/environment/lab4_model_training/venv/lib64/python3.12/site-packages/airflow/example_dags/example_sensors.py
[2026-05-04T00:23:11.220+0000] {processor.py:925} INFO - DAG(s) 'example_sensors' retrieved from /home/ec2-user/environment/lab4_model_training/venv/lib64/python3.12/site-packages/airflow/example_dags/example_sensors.py
[2026-05-04T00:23:11.238+0000] {logging_mixin.py:190} INFO - [2026-05-04T00:23:11.238+0000] {dag.py:3239} INFO - Sync 1 DAGs
[2026-05-04T00:23:11.249+0000] {logging_mixin.py:190} INFO - [2026-05-04T00:23:11.249+0000] {dag.py:4180} INFO - Setting next_dagrun for example_sensors to None, run_after=None
[2026-05-04T00:23:11.270+0000] {processor.py:208} INFO - Processing /home/ec2-user/environment/lab4_model_training/venv/lib64/python3.12/site-packages/airflow/example_dags/example_sensors.py took 0.071 seconds
[2026-05-04T00:24:19.409+0000] {processor.py:186} INFO - Started process (PID=14892) to work on /home/ec2-user/environment/lab4_model_training/venv/lib64/python3.12/site-packages/airflow/example_dags/example_sensors.py
[2026-05-04T00:24:19.410+0000] {processor.py:914} INFO - Processing file /home/ec2-user/environment/lab4_model_training/venv/lib64/python3.12/site-packages/airflow/example_dags/example_sensors.py for tasks to queue
[2026-05-04T00:24:19.411+0000] {logging_mixin.py:190} INFO - [2026-05-04T00:24:19.411+0000] {dagbag.py:588} INFO - Filling up the DagBag from /home/ec2-user/environment/lab4_model_training/venv/lib64/python3.12/site-packages/airflow/example_dags/example_sensors.py
[2026-05-04T00:24:19.421+0000] {processor.py:925} INFO - DAG(s) 'example_sensors' retrieved from /home/ec2-user/environment/lab4_model_training/venv/lib64/python3.12/site-packages/airflow/example_dags/example_sensors.py
[2026-05-04T00:24:19.437+0000] {logging_mixin.py:190} INFO - [2026-05-04T00:24:19.437+0000] {dag.py:3239} INFO - Sync 1 DAGs
[2026-05-04T00:24:19.447+0000] {logging_mixin.py:190} INFO - [2026-05-04T00:24:19.447+0000] {dag.py:4180} INFO - Setting next_dagrun for example_sensors to None, run_after=None
[2026-05-04T00:24:19.465+0000] {processor.py:208} INFO - Processing /home/ec2-user/environment/lab4_model_training/venv/lib64/python3.12/site-packages/airflow/example_dags/example_sensors.py took 0.061 seconds
[2026-05-04T00:25:28.718+0000] {processor.py:186} INFO - Started process (PID=15430) to work on /home/ec2-user/environment/lab4_model_training/venv/lib64/python3.12/site-packages/airflow/example_dags/example_sensors.py
[2026-05-04T00:25:28.720+0000] {processor.py:914} INFO - Processing file /home/ec2-user/environment/lab4_model_training/venv/lib64/python3.12/site-packages/airflow/example_dags/example_sensors.py for tasks to queue
[2026-05-04T00:25:28.722+0000] {logging_mixin.py:190} INFO - [2026-05-04T00:25:28.722+0000] {dagbag.py:588} INFO - Filling up the DagBag from /home/ec2-user/environment/lab4_model_training/venv/lib64/python3.12/site-packages/airflow/example_dags/example_sensors.py
[2026-05-04T00:25:28.731+0000] {processor.py:925} INFO - DAG(s) 'example_sensors' retrieved from /home/ec2-user/environment/lab4_model_training/venv/lib64/python3.12/site-packages/airflow/example_dags/example_sensors.py
[2026-05-04T00:25:28.747+0000] {logging_mixin.py:190} INFO - [2026-05-04T00:25:28.747+0000] {dag.py:3239} INFO - Sync 1 DAGs
[2026-05-04T00:25:28.757+0000] {logging_mixin.py:190} INFO - [2026-05-04T00:25:28.757+0000] {dag.py:4180} INFO - Setting next_dagrun for example_sensors to None, run_after=None
[2026-05-04T00:25:28.774+0000] {processor.py:208} INFO - Processing /home/ec2-user/environment/lab4_model_training/venv/lib64/python3.12/site-packages/airflow/example_dags/example_sensors.py took 0.060 seconds
[2026-05-04T00:26:30.954+0000] {processor.py:186} INFO - Started process (PID=15847) to work on /home/ec2-user/environment/lab4_model_training/venv/lib64/python3.12/site-packages/airflow/example_dags/example_sensors.py
[2026-05-04T00:26:30.956+0000] {processor.py:914} INFO - Processing file /home/ec2-user/environment/lab4_model_training/venv/lib64/python3.12/site-packages/airflow/example_dags/example_sensors.py for tasks to queue
[2026-05-04T00:26:30.958+0000] {logging_mixin.py:190} INFO - [2026-05-04T00:26:30.958+0000] {dagbag.py:588} INFO - Filling up the DagBag from /home/ec2-user/environment/lab4_model_training/venv/lib64/python3.12/site-packages/airflow/example_dags/example_sensors.py
[2026-05-04T00:26:30.971+0000] {processor.py:925} INFO - DAG(s) 'example_sensors' retrieved from /home/ec2-user/environment/lab4_model_training/venv/lib64/python3.12/site-packages/airflow/example_dags/example_sensors.py
[2026-05-04T00:26:30.997+0000] {logging_mixin.py:190} INFO - [2026-05-04T00:26:30.997+0000] {dag.py:3239} INFO - Sync 1 DAGs
[2026-05-04T00:26:31.014+0000] {logging_mixin.py:190} INFO - [2026-05-04T00:26:31.013+0000] {dag.py:4180} INFO - Setting next_dagrun for example_sensors to None, run_after=None
[2026-05-04T00:26:31.041+0000] {processor.py:208} INFO - Processing /home/ec2-user/environment/lab4_model_training/venv/lib64/python3.12/site-packages/airflow/example_dags/example_sensors.py took 0.090 seconds
[2026-05-04T00:27:39.638+0000] {processor.py:186} INFO - Started process (PID=16347) to work on /home/ec2-user/environment/lab4_model_training/venv/lib64/python3.12/site-packages/airflow/example_dags/example_sensors.py
[2026-05-04T00:27:39.639+0000] {processor.py:914} INFO - Processing file /home/ec2-user/environment/lab4_model_training/venv/lib64/python3.12/site-packages/airflow/example_dags/example_sensors.py for tasks to queue
[2026-05-04T00:27:39.641+0000] {logging_mixin.py:190} INFO - [2026-05-04T00:27:39.641+0000] {dagbag.py:588} INFO - Filling up the DagBag from /home/ec2-user/environment/lab4_model_training/venv/lib64/python3.12/site-packages/airflow/example_dags/example_sensors.py
[2026-05-04T00:27:39.655+0000] {processor.py:925} INFO - DAG(s) 'example_sensors' retrieved from /home/ec2-user/environment/lab4_model_training/venv/lib64/python3.12/site-packages/airflow/example_dags/example_sensors.py
[2026-05-04T00:27:39.682+0000] {logging_mixin.py:190} INFO - [2026-05-04T00:27:39.682+0000] {dag.py:3239} INFO - Sync 1 DAGs
[2026-05-04T00:27:39.698+0000] {logging_mixin.py:190} INFO - [2026-05-04T00:27:39.698+0000] {dag.py:4180} INFO - Setting next_dagrun for example_sensors to None, run_after=None
[2026-05-04T00:27:39.720+0000] {processor.py:208} INFO - Processing /home/ec2-user/environment/lab4_model_training/venv/lib64/python3.12/site-packages/airflow/example_dags/example_sensors.py took 0.086 seconds
[2026-05-04T00:28:43.988+0000] {processor.py:186} INFO - Started process (PID=16790) to work on /home/ec2-user/environment/lab4_model_training/venv/lib64/python3.12/site-packages/airflow/example_dags/example_sensors.py
[2026-05-04T00:28:43.990+0000] {processor.py:914} INFO - Processing file /home/ec2-user/environment/lab4_model_training/venv/lib64/python3.12/site-packages/airflow/example_dags/example_sensors.py for tasks to queue
[2026-05-04T00:28:43.991+0000] {logging_mixin.py:190} INFO - [2026-05-04T00:28:43.991+0000] {dagbag.py:588} INFO - Filling up the DagBag from /home/ec2-user/environment/lab4_model_training/venv/lib64/python3.12/site-packages/airflow/example_dags/example_sensors.py
[2026-05-04T00:28:44.001+0000] {processor.py:925} INFO - DAG(s) 'example_sensors' retrieved from /home/ec2-user/environment/lab4_model_training/venv/lib64/python3.12/site-packages/airflow/example_dags/example_sensors.py
[2026-05-04T00:28:44.018+0000] {logging_mixin.py:190} INFO - [2026-05-04T00:28:44.017+0000] {dag.py:3239} INFO - Sync 1 DAGs
[2026-05-04T00:28:44.027+0000] {logging_mixin.py:190} INFO - [2026-05-04T00:28:44.027+0000] {dag.py:4180} INFO - Setting next_dagrun for example_sensors to None, run_after=None
[2026-05-04T00:28:44.044+0000] {processor.py:208} INFO - Processing /home/ec2-user/environment/lab4_model_training/venv/lib64/python3.12/site-packages/airflow/example_dags/example_sensors.py took 0.060 seconds
[2026-05-04T00:29:46.204+0000] {processor.py:186} INFO - Started process (PID=17314) to work on /home/ec2-user/environment/lab4_model_training/venv/lib64/python3.12/site-packages/airflow/example_dags/example_sensors.py
[2026-05-04T00:29:46.205+0000] {processor.py:914} INFO - Processing file /home/ec2-user/environment/lab4_model_training/venv/lib64/python3.12/site-packages/airflow/example_dags/example_sensors.py for tasks to queue
[2026-05-04T00:29:46.207+0000] {logging_mixin.py:190} INFO - [2026-05-04T00:29:46.207+0000] {dagbag.py:588} INFO - Filling up the DagBag from /home/ec2-user/environment/lab4_model_training/venv/lib64/python3.12/site-packages/airflow/example_dags/example_sensors.py
[2026-05-04T00:29:46.216+0000] {processor.py:925} INFO - DAG(s) 'example_sensors' retrieved from /home/ec2-user/environment/lab4_model_training/venv/lib64/python3.12/site-packages/airflow/example_dags/example_sensors.py
[2026-05-04T00:29:46.233+0000] {logging_mixin.py:190} INFO - [2026-05-04T00:29:46.233+0000] {dag.py:3239} INFO - Sync 1 DAGs
[2026-05-04T00:29:46.243+0000] {logging_mixin.py:190} INFO - [2026-05-04T00:29:46.243+0000] {dag.py:4180} INFO - Setting next_dagrun for example_sensors to None, run_after=None
[2026-05-04T00:29:46.263+0000] {processor.py:208} INFO - Processing /home/ec2-user/environment/lab4_model_training/venv/lib64/python3.12/site-packages/airflow/example_dags/example_sensors.py took 0.063 seconds
[2026-05-04T00:30:50.992+0000] {processor.py:186} INFO - Started process (PID=17793) to work on /home/ec2-user/environment/lab4_model_training/venv/lib64/python3.12/site-packages/airflow/example_dags/example_sensors.py
[2026-05-04T00:30:50.993+0000] {processor.py:914} INFO - Processing file /home/ec2-user/environment/lab4_model_training/venv/lib64/python3.12/site-packages/airflow/example_dags/example_sensors.py for tasks to queue
[2026-05-04T00:30:50.996+0000] {logging_mixin.py:190} INFO - [2026-05-04T00:30:50.996+0000] {dagbag.py:588} INFO - Filling up the DagBag from /home/ec2-user/environment/lab4_model_training/venv/lib64/python3.12/site-packages/airflow/example_dags/example_sensors.py
[2026-05-04T00:30:51.007+0000] {processor.py:925} INFO - DAG(s) 'example_sensors' retrieved from /home/ec2-user/environment/lab4_model_training/venv/lib64/python3.12/site-packages/airflow/example_dags/example_sensors.py
[2026-05-04T00:30:51.027+0000] {logging_mixin.py:190} INFO - [2026-05-04T00:30:51.027+0000] {dag.py:3239} INFO - Sync 1 DAGs
[2026-05-04T00:30:51.038+0000] {logging_mixin.py:190} INFO - [2026-05-04T00:30:51.038+0000] {dag.py:4180} INFO - Setting next_dagrun for example_sensors to None, run_after=None
[2026-05-04T00:30:51.063+0000] {processor.py:208} INFO - Processing /home/ec2-user/environment/lab4_model_training/venv/lib64/python3.12/site-packages/airflow/example_dags/example_sensors.py took 0.075 seconds
[2026-05-04T00:31:54.986+0000] {processor.py:186} INFO - Started process (PID=18207) to work on /home/ec2-user/environment/lab4_model_training/venv/lib64/python3.12/site-packages/airflow/example_dags/example_sensors.py
[2026-05-04T00:31:54.987+0000] {processor.py:914} INFO - Processing file /home/ec2-user/environment/lab4_model_training/venv/lib64/python3.12/site-packages/airflow/example_dags/example_sensors.py for tasks to queue
[2026-05-04T00:31:54.989+0000] {logging_mixin.py:190} INFO - [2026-05-04T00:31:54.988+0000] {dagbag.py:588} INFO - Filling up the DagBag from /home/ec2-user/environment/lab4_model_training/venv/lib64/python3.12/site-packages/airflow/example_dags/example_sensors.py
[2026-05-04T00:31:55.002+0000] {processor.py:925} INFO - DAG(s) 'example_sensors' retrieved from /home/ec2-user/environment/lab4_model_training/venv/lib64/python3.12/site-packages/airflow/example_dags/example_sensors.py
[2026-05-04T00:31:55.028+0000] {logging_mixin.py:190} INFO - [2026-05-04T00:31:55.028+0000] {dag.py:3239} INFO - Sync 1 DAGs
[2026-05-04T00:31:55.043+0000] {logging_mixin.py:190} INFO - [2026-05-04T00:31:55.042+0000] {dag.py:4180} INFO - Setting next_dagrun for example_sensors to None, run_after=None
[2026-05-04T00:31:55.068+0000] {processor.py:208} INFO - Processing /home/ec2-user/environment/lab4_model_training/venv/lib64/python3.12/site-packages/airflow/example_dags/example_sensors.py took 0.087 seconds
[2026-05-04T00:33:02.998+0000] {processor.py:186} INFO - Started process (PID=18726) to work on /home/ec2-user/environment/lab4_model_training/venv/lib64/python3.12/site-packages/airflow/example_dags/example_sensors.py
[2026-05-04T00:33:02.999+0000] {processor.py:914} INFO - Processing file /home/ec2-user/environment/lab4_model_training/venv/lib64/python3.12/site-packages/airflow/example_dags/example_sensors.py for tasks to queue
[2026-05-04T00:33:03.001+0000] {logging_mixin.py:190} INFO - [2026-05-04T00:33:03.000+0000] {dagbag.py:588} INFO - Filling up the DagBag from /home/ec2-user/environment/lab4_model_training/venv/lib64/python3.12/site-packages/airflow/example_dags/example_sensors.py
[2026-05-04T00:33:03.013+0000] {processor.py:925} INFO - DAG(s) 'example_sensors' retrieved from /home/ec2-user/environment/lab4_model_training/venv/lib64/python3.12/site-packages/airflow/example_dags/example_sensors.py
[2026-05-04T00:33:03.032+0000] {logging_mixin.py:190} INFO - [2026-05-04T00:33:03.032+0000] {dag.py:3239} INFO - Sync 1 DAGs
[2026-05-04T00:33:03.043+0000] {logging_mixin.py:190} INFO - [2026-05-04T00:33:03.043+0000] {dag.py:4180} INFO - Setting next_dagrun for example_sensors to None, run_after=None
[2026-05-04T00:33:03.064+0000] {processor.py:208} INFO - Processing /home/ec2-user/environment/lab4_model_training/venv/lib64/python3.12/site-packages/airflow/example_dags/example_sensors.py took 0.071 seconds
[2026-05-04T00:34:10.457+0000] {processor.py:186} INFO - Started process (PID=19150) to work on /home/ec2-user/environment/lab4_model_training/venv/lib64/python3.12/site-packages/airflow/example_dags/example_sensors.py
[2026-05-04T00:34:10.458+0000] {processor.py:914} INFO - Processing file /home/ec2-user/environment/lab4_model_training/venv/lib64/python3.12/site-packages/airflow/example_dags/example_sensors.py for tasks to queue
[2026-05-04T00:34:10.460+0000] {logging_mixin.py:190} INFO - [2026-05-04T00:34:10.460+0000] {dagbag.py:588} INFO - Filling up the DagBag from /home/ec2-user/environment/lab4_model_training/venv/lib64/python3.12/site-packages/airflow/example_dags/example_sensors.py
[2026-05-04T00:34:10.470+0000] {processor.py:925} INFO - DAG(s) 'example_sensors' retrieved from /home/ec2-user/environment/lab4_model_training/venv/lib64/python3.12/site-packages/airflow/example_dags/example_sensors.py
[2026-05-04T00:34:10.486+0000] {logging_mixin.py:190} INFO - [2026-05-04T00:34:10.486+0000] {dag.py:3239} INFO - Sync 1 DAGs
[2026-05-04T00:34:10.496+0000] {logging_mixin.py:190} INFO - [2026-05-04T00:34:10.496+0000] {dag.py:4180} INFO - Setting next_dagrun for example_sensors to None, run_after=None
[2026-05-04T00:34:10.514+0000] {processor.py:208} INFO - Processing /home/ec2-user/environment/lab4_model_training/venv/lib64/python3.12/site-packages/airflow/example_dags/example_sensors.py took 0.061 seconds
[2026-05-04T00:35:10.804+0000] {processor.py:186} INFO - Started process (PID=19604) to work on /home/ec2-user/environment/lab4_model_training/venv/lib64/python3.12/site-packages/airflow/example_dags/example_sensors.py
[2026-05-04T00:35:10.806+0000] {processor.py:914} INFO - Processing file /home/ec2-user/environment/lab4_model_training/venv/lib64/python3.12/site-packages/airflow/example_dags/example_sensors.py for tasks to queue
[2026-05-04T00:35:10.808+0000] {logging_mixin.py:190} INFO - [2026-05-04T00:35:10.807+0000] {dagbag.py:588} INFO - Filling up the DagBag from /home/ec2-user/environment/lab4_model_training/venv/lib64/python3.12/site-packages/airflow/example_dags/example_sensors.py
[2026-05-04T00:35:10.817+0000] {processor.py:925} INFO - DAG(s) 'example_sensors' retrieved from /home/ec2-user/environment/lab4_model_training/venv/lib64/python3.12/site-packages/airflow/example_dags/example_sensors.py
[2026-05-04T00:35:10.835+0000] {logging_mixin.py:190} INFO - [2026-05-04T00:35:10.834+0000] {dag.py:3239} INFO - Sync 1 DAGs
[2026-05-04T00:35:10.844+0000] {logging_mixin.py:190} INFO - [2026-05-04T00:35:10.844+0000] {dag.py:4180} INFO - Setting next_dagrun for example_sensors to None, run_after=None
[2026-05-04T00:35:10.863+0000] {processor.py:208} INFO - Processing /home/ec2-user/environment/lab4_model_training/venv/lib64/python3.12/site-packages/airflow/example_dags/example_sensors.py took 0.063 seconds
[2026-05-04T00:36:11.876+0000] {processor.py:186} INFO - Started process (PID=19988) to work on /home/ec2-user/environment/lab4_model_training/venv/lib64/python3.12/site-packages/airflow/example_dags/example_sensors.py
[2026-05-04T00:36:11.877+0000] {processor.py:914} INFO - Processing file /home/ec2-user/environment/lab4_model_training/venv/lib64/python3.12/site-packages/airflow/example_dags/example_sensors.py for tasks to queue
[2026-05-04T00:36:11.879+0000] {logging_mixin.py:190} INFO - [2026-05-04T00:36:11.878+0000] {dagbag.py:588} INFO - Filling up the DagBag from /home/ec2-user/environment/lab4_model_training/venv/lib64/python3.12/site-packages/airflow/example_dags/example_sensors.py
[2026-05-04T00:36:11.893+0000] {processor.py:925} INFO - DAG(s) 'example_sensors' retrieved from /home/ec2-user/environment/lab4_model_training/venv/lib64/python3.12/site-packages/airflow/example_dags/example_sensors.py
[2026-05-04T00:36:11.910+0000] {logging_mixin.py:190} INFO - [2026-05-04T00:36:11.910+0000] {dag.py:3239} INFO - Sync 1 DAGs
[2026-05-04T00:36:11.920+0000] {logging_mixin.py:190} INFO - [2026-05-04T00:36:11.920+0000] {dag.py:4180} INFO - Setting next_dagrun for example_sensors to None, run_after=None
[2026-05-04T00:36:11.938+0000] {processor.py:208} INFO - Processing /home/ec2-user/environment/lab4_model_training/venv/lib64/python3.12/site-packages/airflow/example_dags/example_sensors.py took 0.067 seconds
[2026-05-04T00:37:16.749+0000] {processor.py:186} INFO - Started process (PID=20217) to work on /home/ec2-user/environment/lab4_model_training/venv/lib64/python3.12/site-packages/airflow/example_dags/example_sensors.py
[2026-05-04T00:37:16.750+0000] {processor.py:914} INFO - Processing file /home/ec2-user/environment/lab4_model_training/venv/lib64/python3.12/site-packages/airflow/example_dags/example_sensors.py for tasks to queue
[2026-05-04T00:37:16.752+0000] {logging_mixin.py:190} INFO - [2026-05-04T00:37:16.752+0000] {dagbag.py:588} INFO - Filling up the DagBag from /home/ec2-user/environment/lab4_model_training/venv/lib64/python3.12/site-packages/airflow/example_dags/example_sensors.py
[2026-05-04T00:37:16.764+0000] {processor.py:925} INFO - DAG(s) 'example_sensors' retrieved from /home/ec2-user/environment/lab4_model_training/venv/lib64/python3.12/site-packages/airflow/example_dags/example_sensors.py
[2026-05-04T00:37:16.784+0000] {logging_mixin.py:190} INFO - [2026-05-04T00:37:16.784+0000] {dag.py:3239} INFO - Sync 1 DAGs
[2026-05-04T00:37:16.795+0000] {logging_mixin.py:190} INFO - [2026-05-04T00:37:16.794+0000] {dag.py:4180} INFO - Setting next_dagrun for example_sensors to None, run_after=None
[2026-05-04T00:37:16.816+0000] {processor.py:208} INFO - Processing /home/ec2-user/environment/lab4_model_training/venv/lib64/python3.12/site-packages/airflow/example_dags/example_sensors.py took 0.072 seconds
[2026-05-04T00:38:21.597+0000] {processor.py:186} INFO - Started process (PID=20337) to work on /home/ec2-user/environment/lab4_model_training/venv/lib64/python3.12/site-packages/airflow/example_dags/example_sensors.py
[2026-05-04T00:38:21.598+0000] {processor.py:914} INFO - Processing file /home/ec2-user/environment/lab4_model_training/venv/lib64/python3.12/site-packages/airflow/example_dags/example_sensors.py for tasks to queue
[2026-05-04T00:38:21.600+0000] {logging_mixin.py:190} INFO - [2026-05-04T00:38:21.600+0000] {dagbag.py:588} INFO - Filling up the DagBag from /home/ec2-user/environment/lab4_model_training/venv/lib64/python3.12/site-packages/airflow/example_dags/example_sensors.py
[2026-05-04T00:38:21.609+0000] {processor.py:925} INFO - DAG(s) 'example_sensors' retrieved from /home/ec2-user/environment/lab4_model_training/venv/lib64/python3.12/site-packages/airflow/example_dags/example_sensors.py
[2026-05-04T00:38:21.626+0000] {logging_mixin.py:190} INFO - [2026-05-04T00:38:21.626+0000] {dag.py:3239} INFO - Sync 1 DAGs
[2026-05-04T00:38:21.636+0000] {logging_mixin.py:190} INFO - [2026-05-04T00:38:21.636+0000] {dag.py:4180} INFO - Setting next_dagrun for example_sensors to None, run_after=None
[2026-05-04T00:38:21.653+0000] {processor.py:208} INFO - Processing /home/ec2-user/environment/lab4_model_training/venv/lib64/python3.12/site-packages/airflow/example_dags/example_sensors.py took 0.060 seconds
[2026-05-04T00:39:24.376+0000] {processor.py:186} INFO - Started process (PID=20475) to work on /home/ec2-user/environment/lab4_model_training/venv/lib64/python3.12/site-packages/airflow/example_dags/example_sensors.py
[2026-05-04T00:39:24.377+0000] {processor.py:914} INFO - Processing file /home/ec2-user/environment/lab4_model_training/venv/lib64/python3.12/site-packages/airflow/example_dags/example_sensors.py for tasks to queue
[2026-05-04T00:39:24.379+0000] {logging_mixin.py:190} INFO - [2026-05-04T00:39:24.379+0000] {dagbag.py:588} INFO - Filling up the DagBag from /home/ec2-user/environment/lab4_model_training/venv/lib64/python3.12/site-packages/airflow/example_dags/example_sensors.py
[2026-05-04T00:39:24.388+0000] {processor.py:925} INFO - DAG(s) 'example_sensors' retrieved from /home/ec2-user/environment/lab4_model_training/venv/lib64/python3.12/site-packages/airflow/example_dags/example_sensors.py
[2026-05-04T00:39:24.405+0000] {logging_mixin.py:190} INFO - [2026-05-04T00:39:24.405+0000] {dag.py:3239} INFO - Sync 1 DAGs
[2026-05-04T00:39:24.414+0000] {logging_mixin.py:190} INFO - [2026-05-04T00:39:24.414+0000] {dag.py:4180} INFO - Setting next_dagrun for example_sensors to None, run_after=None
[2026-05-04T00:39:24.432+0000] {processor.py:208} INFO - Processing /home/ec2-user/environment/lab4_model_training/venv/lib64/python3.12/site-packages/airflow/example_dags/example_sensors.py took 0.061 seconds
[2026-05-04T00:40:25.830+0000] {processor.py:186} INFO - Started process (PID=20619) to work on /home/ec2-user/environment/lab4_model_training/venv/lib64/python3.12/site-packages/airflow/example_dags/example_sensors.py
[2026-05-04T00:40:25.831+0000] {processor.py:914} INFO - Processing file /home/ec2-user/environment/lab4_model_training/venv/lib64/python3.12/site-packages/airflow/example_dags/example_sensors.py for tasks to queue
[2026-05-04T00:40:25.833+0000] {logging_mixin.py:190} INFO - [2026-05-04T00:40:25.833+0000] {dagbag.py:588} INFO - Filling up the DagBag from /home/ec2-user/environment/lab4_model_training/venv/lib64/python3.12/site-packages/airflow/example_dags/example_sensors.py
[2026-05-04T00:40:25.842+0000] {processor.py:925} INFO - DAG(s) 'example_sensors' retrieved from /home/ec2-user/environment/lab4_model_training/venv/lib64/python3.12/site-packages/airflow/example_dags/example_sensors.py
[2026-05-04T00:40:25.859+0000] {logging_mixin.py:190} INFO - [2026-05-04T00:40:25.859+0000] {dag.py:3239} INFO - Sync 1 DAGs
[2026-05-04T00:40:25.869+0000] {logging_mixin.py:190} INFO - [2026-05-04T00:40:25.869+0000] {dag.py:4180} INFO - Setting next_dagrun for example_sensors to None, run_after=None
[2026-05-04T00:40:25.887+0000] {processor.py:208} INFO - Processing /home/ec2-user/environment/lab4_model_training/venv/lib64/python3.12/site-packages/airflow/example_dags/example_sensors.py took 0.062 seconds
[2026-05-04T00:41:32.052+0000] {processor.py:186} INFO - Started process (PID=20755) to work on /home/ec2-user/environment/lab4_model_training/venv/lib64/python3.12/site-packages/airflow/example_dags/example_sensors.py
[2026-05-04T00:41:32.053+0000] {processor.py:914} INFO - Processing file /home/ec2-user/environment/lab4_model_training/venv/lib64/python3.12/site-packages/airflow/example_dags/example_sensors.py for tasks to queue
[2026-05-04T00:41:32.055+0000] {logging_mixin.py:190} INFO - [2026-05-04T00:41:32.054+0000] {dagbag.py:588} INFO - Filling up the DagBag from /home/ec2-user/environment/lab4_model_training/venv/lib64/python3.12/site-packages/airflow/example_dags/example_sensors.py
[2026-05-04T00:41:32.064+0000] {processor.py:925} INFO - DAG(s) 'example_sensors' retrieved from /home/ec2-user/environment/lab4_model_training/venv/lib64/python3.12/site-packages/airflow/example_dags/example_sensors.py
[2026-05-04T00:41:32.081+0000] {logging_mixin.py:190} INFO - [2026-05-04T00:41:32.080+0000] {dag.py:3239} INFO - Sync 1 DAGs
[2026-05-04T00:41:32.090+0000] {logging_mixin.py:190} INFO - [2026-05-04T00:41:32.090+0000] {dag.py:4180} INFO - Setting next_dagrun for example_sensors to None, run_after=None
[2026-05-04T00:41:32.109+0000] {processor.py:208} INFO - Processing /home/ec2-user/environment/lab4_model_training/venv/lib64/python3.12/site-packages/airflow/example_dags/example_sensors.py took 0.062 seconds
[2026-05-04T00:42:36.232+0000] {processor.py:186} INFO - Started process (PID=20850) to work on /home/ec2-user/environment/lab4_model_training/venv/lib64/python3.12/site-packages/airflow/example_dags/example_sensors.py
[2026-05-04T00:42:36.234+0000] {processor.py:914} INFO - Processing file /home/ec2-user/environment/lab4_model_training/venv/lib64/python3.12/site-packages/airflow/example_dags/example_sensors.py for tasks to queue
[2026-05-04T00:42:36.235+0000] {logging_mixin.py:190} INFO - [2026-05-04T00:42:36.235+0000] {dagbag.py:588} INFO - Filling up the DagBag from /home/ec2-user/environment/lab4_model_training/venv/lib64/python3.12/site-packages/airflow/example_dags/example_sensors.py
[2026-05-04T00:42:36.244+0000] {processor.py:925} INFO - DAG(s) 'example_sensors' retrieved from /home/ec2-user/environment/lab4_model_training/venv/lib64/python3.12/site-packages/airflow/example_dags/example_sensors.py
[2026-05-04T00:42:36.261+0000] {logging_mixin.py:190} INFO - [2026-05-04T00:42:36.261+0000] {dag.py:3239} INFO - Sync 1 DAGs
[2026-05-04T00:42:36.270+0000] {logging_mixin.py:190} INFO - [2026-05-04T00:42:36.270+0000] {dag.py:4180} INFO - Setting next_dagrun for example_sensors to None, run_after=None
[2026-05-04T00:42:36.289+0000] {processor.py:208} INFO - Processing /home/ec2-user/environment/lab4_model_training/venv/lib64/python3.12/site-packages/airflow/example_dags/example_sensors.py took 0.061 seconds
[2026-05-04T00:43:40.927+0000] {processor.py:186} INFO - Started process (PID=20990) to work on /home/ec2-user/environment/lab4_model_training/venv/lib64/python3.12/site-packages/airflow/example_dags/example_sensors.py
[2026-05-04T00:43:40.928+0000] {processor.py:914} INFO - Processing file /home/ec2-user/environment/lab4_model_training/venv/lib64/python3.12/site-packages/airflow/example_dags/example_sensors.py for tasks to queue
[2026-05-04T00:43:40.930+0000] {logging_mixin.py:190} INFO - [2026-05-04T00:43:40.930+0000] {dagbag.py:588} INFO - Filling up the DagBag from /home/ec2-user/environment/lab4_model_training/venv/lib64/python3.12/site-packages/airflow/example_dags/example_sensors.py
[2026-05-04T00:43:40.939+0000] {processor.py:925} INFO - DAG(s) 'example_sensors' retrieved from /home/ec2-user/environment/lab4_model_training/venv/lib64/python3.12/site-packages/airflow/example_dags/example_sensors.py
[2026-05-04T00:43:40.956+0000] {logging_mixin.py:190} INFO - [2026-05-04T00:43:40.956+0000] {dag.py:3239} INFO - Sync 1 DAGs
[2026-05-04T00:43:40.966+0000] {logging_mixin.py:190} INFO - [2026-05-04T00:43:40.966+0000] {dag.py:4180} INFO - Setting next_dagrun for example_sensors to None, run_after=None
[2026-05-04T00:43:40.984+0000] {processor.py:208} INFO - Processing /home/ec2-user/environment/lab4_model_training/venv/lib64/python3.12/site-packages/airflow/example_dags/example_sensors.py took 0.062 seconds
[2026-05-04T00:44:45.452+0000] {processor.py:186} INFO - Started process (PID=21119) to work on /home/ec2-user/environment/lab4_model_training/venv/lib64/python3.12/site-packages/airflow/example_dags/example_sensors.py
[2026-05-04T00:44:45.453+0000] {processor.py:914} INFO - Processing file /home/ec2-user/environment/lab4_model_training/venv/lib64/python3.12/site-packages/airflow/example_dags/example_sensors.py for tasks to queue
[2026-05-04T00:44:45.454+0000] {logging_mixin.py:190} INFO - [2026-05-04T00:44:45.454+0000] {dagbag.py:588} INFO - Filling up the DagBag from /home/ec2-user/environment/lab4_model_training/venv/lib64/python3.12/site-packages/airflow/example_dags/example_sensors.py
[2026-05-04T00:44:45.463+0000] {processor.py:925} INFO - DAG(s) 'example_sensors' retrieved from /home/ec2-user/environment/lab4_model_training/venv/lib64/python3.12/site-packages/airflow/example_dags/example_sensors.py
[2026-05-04T00:44:45.479+0000] {logging_mixin.py:190} INFO - [2026-05-04T00:44:45.479+0000] {dag.py:3239} INFO - Sync 1 DAGs
[2026-05-04T00:44:45.489+0000] {logging_mixin.py:190} INFO - [2026-05-04T00:44:45.489+0000] {dag.py:4180} INFO - Setting next_dagrun for example_sensors to None, run_after=None
[2026-05-04T00:44:45.506+0000] {processor.py:208} INFO - Processing /home/ec2-user/environment/lab4_model_training/venv/lib64/python3.12/site-packages/airflow/example_dags/example_sensors.py took 0.059 seconds
[2026-05-04T00:45:48.638+0000] {processor.py:186} INFO - Started process (PID=21255) to work on /home/ec2-user/environment/lab4_model_training/venv/lib64/python3.12/site-packages/airflow/example_dags/example_sensors.py
[2026-05-04T00:45:48.639+0000] {processor.py:914} INFO - Processing file /home/ec2-user/environment/lab4_model_training/venv/lib64/python3.12/site-packages/airflow/example_dags/example_sensors.py for tasks to queue
[2026-05-04T00:45:48.641+0000] {logging_mixin.py:190} INFO - [2026-05-04T00:45:48.641+0000] {dagbag.py:588} INFO - Filling up the DagBag from /home/ec2-user/environment/lab4_model_training/venv/lib64/python3.12/site-packages/airflow/example_dags/example_sensors.py
[2026-05-04T00:45:48.649+0000] {processor.py:925} INFO - DAG(s) 'example_sensors' retrieved from /home/ec2-user/environment/lab4_model_training/venv/lib64/python3.12/site-packages/airflow/example_dags/example_sensors.py
[2026-05-04T00:45:48.666+0000] {logging_mixin.py:190} INFO - [2026-05-04T00:45:48.666+0000] {dag.py:3239} INFO - Sync 1 DAGs
[2026-05-04T00:45:48.676+0000] {logging_mixin.py:190} INFO - [2026-05-04T00:45:48.676+0000] {dag.py:4180} INFO - Setting next_dagrun for example_sensors to None, run_after=None
[2026-05-04T00:45:48.694+0000] {processor.py:208} INFO - Processing /home/ec2-user/environment/lab4_model_training/venv/lib64/python3.12/site-packages/airflow/example_dags/example_sensors.py took 0.061 seconds
[2026-05-04T00:46:51.246+0000] {processor.py:186} INFO - Started process (PID=21342) to work on /home/ec2-user/environment/lab4_model_training/venv/lib64/python3.12/site-packages/airflow/example_dags/example_sensors.py
[2026-05-04T00:46:51.247+0000] {processor.py:914} INFO - Processing file /home/ec2-user/environment/lab4_model_training/venv/lib64/python3.12/site-packages/airflow/example_dags/example_sensors.py for tasks to queue
[2026-05-04T00:46:51.249+0000] {logging_mixin.py:190} INFO - [2026-05-04T00:46:51.249+0000] {dagbag.py:588} INFO - Filling up the DagBag from /home/ec2-user/environment/lab4_model_training/venv/lib64/python3.12/site-packages/airflow/example_dags/example_sensors.py
[2026-05-04T00:46:51.258+0000] {processor.py:925} INFO - DAG(s) 'example_sensors' retrieved from /home/ec2-user/environment/lab4_model_training/venv/lib64/python3.12/site-packages/airflow/example_dags/example_sensors.py
[2026-05-04T00:46:51.274+0000] {logging_mixin.py:190} INFO - [2026-05-04T00:46:51.274+0000] {dag.py:3239} INFO - Sync 1 DAGs
[2026-05-04T00:46:51.284+0000] {logging_mixin.py:190} INFO - [2026-05-04T00:46:51.284+0000] {dag.py:4180} INFO - Setting next_dagrun for example_sensors to None, run_after=None
[2026-05-04T00:46:51.301+0000] {processor.py:208} INFO - Processing /home/ec2-user/environment/lab4_model_training/venv/lib64/python3.12/site-packages/airflow/example_dags/example_sensors.py took 0.059 seconds
[2026-05-04T00:47:53.549+0000] {processor.py:186} INFO - Started process (PID=21482) to work on /home/ec2-user/environment/lab4_model_training/venv/lib64/python3.12/site-packages/airflow/example_dags/example_sensors.py
[2026-05-04T00:47:53.550+0000] {processor.py:914} INFO - Processing file /home/ec2-user/environment/lab4_model_training/venv/lib64/python3.12/site-packages/airflow/example_dags/example_sensors.py for tasks to queue
[2026-05-04T00:47:53.551+0000] {logging_mixin.py:190} INFO - [2026-05-04T00:47:53.551+0000] {dagbag.py:588} INFO - Filling up the DagBag from /home/ec2-user/environment/lab4_model_training/venv/lib64/python3.12/site-packages/airflow/example_dags/example_sensors.py
[2026-05-04T00:47:53.560+0000] {processor.py:925} INFO - DAG(s) 'example_sensors' retrieved from /home/ec2-user/environment/lab4_model_training/venv/lib64/python3.12/site-packages/airflow/example_dags/example_sensors.py
[2026-05-04T00:47:53.576+0000] {logging_mixin.py:190} INFO - [2026-05-04T00:47:53.576+0000] {dag.py:3239} INFO - Sync 1 DAGs
[2026-05-04T00:47:53.585+0000] {logging_mixin.py:190} INFO - [2026-05-04T00:47:53.585+0000] {dag.py:4180} INFO - Setting next_dagrun for example_sensors to None, run_after=None
[2026-05-04T00:47:53.602+0000] {processor.py:208} INFO - Processing /home/ec2-user/environment/lab4_model_training/venv/lib64/python3.12/site-packages/airflow/example_dags/example_sensors.py took 0.058 seconds
[2026-05-04T00:48:56.996+0000] {processor.py:186} INFO - Started process (PID=21565) to work on /home/ec2-user/environment/lab4_model_training/venv/lib64/python3.12/site-packages/airflow/example_dags/example_sensors.py
[2026-05-04T00:48:56.997+0000] {processor.py:914} INFO - Processing file /home/ec2-user/environment/lab4_model_training/venv/lib64/python3.12/site-packages/airflow/example_dags/example_sensors.py for tasks to queue
[2026-05-04T00:48:56.999+0000] {logging_mixin.py:190} INFO - [2026-05-04T00:48:56.998+0000] {dagbag.py:588} INFO - Filling up the DagBag from /home/ec2-user/environment/lab4_model_training/venv/lib64/python3.12/site-packages/airflow/example_dags/example_sensors.py
[2026-05-04T00:48:57.007+0000] {processor.py:925} INFO - DAG(s) 'example_sensors' retrieved from /home/ec2-user/environment/lab4_model_training/venv/lib64/python3.12/site-packages/airflow/example_dags/example_sensors.py
[2026-05-04T00:48:57.023+0000] {logging_mixin.py:190} INFO - [2026-05-04T00:48:57.023+0000] {dag.py:3239} INFO - Sync 1 DAGs
[2026-05-04T00:48:57.033+0000] {logging_mixin.py:190} INFO - [2026-05-04T00:48:57.033+0000] {dag.py:4180} INFO - Setting next_dagrun for example_sensors to None, run_after=None
[2026-05-04T00:48:57.050+0000] {processor.py:208} INFO - Processing /home/ec2-user/environment/lab4_model_training/venv/lib64/python3.12/site-packages/airflow/example_dags/example_sensors.py took 0.059 seconds
[2026-05-04T00:50:03.746+0000] {processor.py:186} INFO - Started process (PID=21713) to work on /home/ec2-user/environment/lab4_model_training/venv/lib64/python3.12/site-packages/airflow/example_dags/example_sensors.py
[2026-05-04T00:50:03.747+0000] {processor.py:914} INFO - Processing file /home/ec2-user/environment/lab4_model_training/venv/lib64/python3.12/site-packages/airflow/example_dags/example_sensors.py for tasks to queue
[2026-05-04T00:50:03.748+0000] {logging_mixin.py:190} INFO - [2026-05-04T00:50:03.748+0000] {dagbag.py:588} INFO - Filling up the DagBag from /home/ec2-user/environment/lab4_model_training/venv/lib64/python3.12/site-packages/airflow/example_dags/example_sensors.py
[2026-05-04T00:50:03.757+0000] {processor.py:925} INFO - DAG(s) 'example_sensors' retrieved from /home/ec2-user/environment/lab4_model_training/venv/lib64/python3.12/site-packages/airflow/example_dags/example_sensors.py
[2026-05-04T00:50:03.773+0000] {logging_mixin.py:190} INFO - [2026-05-04T00:50:03.773+0000] {dag.py:3239} INFO - Sync 1 DAGs
[2026-05-04T00:50:03.783+0000] {logging_mixin.py:190} INFO - [2026-05-04T00:50:03.783+0000] {dag.py:4180} INFO - Setting next_dagrun for example_sensors to None, run_after=None
[2026-05-04T00:50:03.799+0000] {processor.py:208} INFO - Processing /home/ec2-user/environment/lab4_model_training/venv/lib64/python3.12/site-packages/airflow/example_dags/example_sensors.py took 0.058 seconds
[2026-05-04T00:51:08.594+0000] {processor.py:186} INFO - Started process (PID=22081) to work on /home/ec2-user/environment/lab4_model_training/venv/lib64/python3.12/site-packages/airflow/example_dags/example_sensors.py
[2026-05-04T00:51:08.595+0000] {processor.py:914} INFO - Processing file /home/ec2-user/environment/lab4_model_training/venv/lib64/python3.12/site-packages/airflow/example_dags/example_sensors.py for tasks to queue
[2026-05-04T00:51:08.596+0000] {logging_mixin.py:190} INFO - [2026-05-04T00:51:08.596+0000] {dagbag.py:588} INFO - Filling up the DagBag from /home/ec2-user/environment/lab4_model_training/venv/lib64/python3.12/site-packages/airflow/example_dags/example_sensors.py
[2026-05-04T00:51:08.605+0000] {processor.py:925} INFO - DAG(s) 'example_sensors' retrieved from /home/ec2-user/environment/lab4_model_training/venv/lib64/python3.12/site-packages/airflow/example_dags/example_sensors.py
[2026-05-04T00:51:08.621+0000] {logging_mixin.py:190} INFO - [2026-05-04T00:51:08.621+0000] {dag.py:3239} INFO - Sync 1 DAGs
[2026-05-04T00:51:08.631+0000] {logging_mixin.py:190} INFO - [2026-05-04T00:51:08.631+0000] {dag.py:4180} INFO - Setting next_dagrun for example_sensors to None, run_after=None
[2026-05-04T00:51:08.648+0000] {processor.py:208} INFO - Processing /home/ec2-user/environment/lab4_model_training/venv/lib64/python3.12/site-packages/airflow/example_dags/example_sensors.py took 0.059 seconds
[2026-05-04T00:52:13.594+0000] {processor.py:186} INFO - Started process (PID=22236) to work on /home/ec2-user/environment/lab4_model_training/venv/lib64/python3.12/site-packages/airflow/example_dags/example_sensors.py
[2026-05-04T00:52:13.595+0000] {processor.py:914} INFO - Processing file /home/ec2-user/environment/lab4_model_training/venv/lib64/python3.12/site-packages/airflow/example_dags/example_sensors.py for tasks to queue
[2026-05-04T00:52:13.596+0000] {logging_mixin.py:190} INFO - [2026-05-04T00:52:13.596+0000] {dagbag.py:588} INFO - Filling up the DagBag from /home/ec2-user/environment/lab4_model_training/venv/lib64/python3.12/site-packages/airflow/example_dags/example_sensors.py
[2026-05-04T00:52:13.605+0000] {processor.py:925} INFO - DAG(s) 'example_sensors' retrieved from /home/ec2-user/environment/lab4_model_training/venv/lib64/python3.12/site-packages/airflow/example_dags/example_sensors.py
[2026-05-04T00:52:13.621+0000] {logging_mixin.py:190} INFO - [2026-05-04T00:52:13.621+0000] {dag.py:3239} INFO - Sync 1 DAGs
[2026-05-04T00:52:13.631+0000] {logging_mixin.py:190} INFO - [2026-05-04T00:52:13.630+0000] {dag.py:4180} INFO - Setting next_dagrun for example_sensors to None, run_after=None
[2026-05-04T00:52:13.647+0000] {processor.py:208} INFO - Processing /home/ec2-user/environment/lab4_model_training/venv/lib64/python3.12/site-packages/airflow/example_dags/example_sensors.py took 0.057 seconds
[2026-05-04T00:53:16.072+0000] {processor.py:186} INFO - Started process (PID=22411) to work on /home/ec2-user/environment/lab4_model_training/venv/lib64/python3.12/site-packages/airflow/example_dags/example_sensors.py
[2026-05-04T00:53:16.074+0000] {processor.py:914} INFO - Processing file /home/ec2-user/environment/lab4_model_training/venv/lib64/python3.12/site-packages/airflow/example_dags/example_sensors.py for tasks to queue
[2026-05-04T00:53:16.075+0000] {logging_mixin.py:190} INFO - [2026-05-04T00:53:16.075+0000] {dagbag.py:588} INFO - Filling up the DagBag from /home/ec2-user/environment/lab4_model_training/venv/lib64/python3.12/site-packages/airflow/example_dags/example_sensors.py
[2026-05-04T00:53:16.084+0000] {processor.py:925} INFO - DAG(s) 'example_sensors' retrieved from /home/ec2-user/environment/lab4_model_training/venv/lib64/python3.12/site-packages/airflow/example_dags/example_sensors.py
[2026-05-04T00:53:16.100+0000] {logging_mixin.py:190} INFO - [2026-05-04T00:53:16.100+0000] {dag.py:3239} INFO - Sync 1 DAGs
[2026-05-04T00:53:16.109+0000] {logging_mixin.py:190} INFO - [2026-05-04T00:53:16.109+0000] {dag.py:4180} INFO - Setting next_dagrun for example_sensors to None, run_after=None
[2026-05-04T00:53:16.126+0000] {processor.py:208} INFO - Processing /home/ec2-user/environment/lab4_model_training/venv/lib64/python3.12/site-packages/airflow/example_dags/example_sensors.py took 0.058 seconds
[2026-05-04T00:54:23.420+0000] {processor.py:186} INFO - Started process (PID=22556) to work on /home/ec2-user/environment/lab4_model_training/venv/lib64/python3.12/site-packages/airflow/example_dags/example_sensors.py
[2026-05-04T00:54:23.421+0000] {processor.py:914} INFO - Processing file /home/ec2-user/environment/lab4_model_training/venv/lib64/python3.12/site-packages/airflow/example_dags/example_sensors.py for tasks to queue
[2026-05-04T00:54:23.423+0000] {logging_mixin.py:190} INFO - [2026-05-04T00:54:23.422+0000] {dagbag.py:588} INFO - Filling up the DagBag from /home/ec2-user/environment/lab4_model_training/venv/lib64/python3.12/site-packages/airflow/example_dags/example_sensors.py
[2026-05-04T00:54:23.431+0000] {processor.py:925} INFO - DAG(s) 'example_sensors' retrieved from /home/ec2-user/environment/lab4_model_training/venv/lib64/python3.12/site-packages/airflow/example_dags/example_sensors.py
[2026-05-04T00:54:23.448+0000] {logging_mixin.py:190} INFO - [2026-05-04T00:54:23.448+0000] {dag.py:3239} INFO - Sync 1 DAGs
[2026-05-04T00:54:23.458+0000] {logging_mixin.py:190} INFO - [2026-05-04T00:54:23.458+0000] {dag.py:4180} INFO - Setting next_dagrun for example_sensors to None, run_after=None
[2026-05-04T00:54:23.475+0000] {processor.py:208} INFO - Processing /home/ec2-user/environment/lab4_model_training/venv/lib64/python3.12/site-packages/airflow/example_dags/example_sensors.py took 0.060 seconds
[2026-05-04T00:55:26.933+0000] {processor.py:186} INFO - Started process (PID=22762) to work on /home/ec2-user/environment/lab4_model_training/venv/lib64/python3.12/site-packages/airflow/example_dags/example_sensors.py
[2026-05-04T00:55:26.935+0000] {processor.py:914} INFO - Processing file /home/ec2-user/environment/lab4_model_training/venv/lib64/python3.12/site-packages/airflow/example_dags/example_sensors.py for tasks to queue
[2026-05-04T00:55:26.936+0000] {logging_mixin.py:190} INFO - [2026-05-04T00:55:26.936+0000] {dagbag.py:588} INFO - Filling up the DagBag from /home/ec2-user/environment/lab4_model_training/venv/lib64/python3.12/site-packages/airflow/example_dags/example_sensors.py
[2026-05-04T00:55:26.945+0000] {processor.py:925} INFO - DAG(s) 'example_sensors' retrieved from /home/ec2-user/environment/lab4_model_training/venv/lib64/python3.12/site-packages/airflow/example_dags/example_sensors.py
[2026-05-04T00:55:26.961+0000] {logging_mixin.py:190} INFO - [2026-05-04T00:55:26.961+0000] {dag.py:3239} INFO - Sync 1 DAGs
[2026-05-04T00:55:26.970+0000] {logging_mixin.py:190} INFO - [2026-05-04T00:55:26.970+0000] {dag.py:4180} INFO - Setting next_dagrun for example_sensors to None, run_after=None
[2026-05-04T00:55:26.987+0000] {processor.py:208} INFO - Processing /home/ec2-user/environment/lab4_model_training/venv/lib64/python3.12/site-packages/airflow/example_dags/example_sensors.py took 0.058 seconds
[2026-05-04T00:56:28.721+0000] {processor.py:186} INFO - Started process (PID=22926) to work on /home/ec2-user/environment/lab4_model_training/venv/lib64/python3.12/site-packages/airflow/example_dags/example_sensors.py
[2026-05-04T00:56:28.722+0000] {processor.py:914} INFO - Processing file /home/ec2-user/environment/lab4_model_training/venv/lib64/python3.12/site-packages/airflow/example_dags/example_sensors.py for tasks to queue
[2026-05-04T00:56:28.724+0000] {logging_mixin.py:190} INFO - [2026-05-04T00:56:28.723+0000] {dagbag.py:588} INFO - Filling up the DagBag from /home/ec2-user/environment/lab4_model_training/venv/lib64/python3.12/site-packages/airflow/example_dags/example_sensors.py
[2026-05-04T00:56:28.732+0000] {processor.py:925} INFO - DAG(s) 'example_sensors' retrieved from /home/ec2-user/environment/lab4_model_training/venv/lib64/python3.12/site-packages/airflow/example_dags/example_sensors.py
[2026-05-04T00:56:28.749+0000] {logging_mixin.py:190} INFO - [2026-05-04T00:56:28.749+0000] {dag.py:3239} INFO - Sync 1 DAGs
[2026-05-04T00:56:28.758+0000] {logging_mixin.py:190} INFO - [2026-05-04T00:56:28.758+0000] {dag.py:4180} INFO - Setting next_dagrun for example_sensors to None, run_after=None
[2026-05-04T00:56:28.776+0000] {processor.py:208} INFO - Processing /home/ec2-user/environment/lab4_model_training/venv/lib64/python3.12/site-packages/airflow/example_dags/example_sensors.py took 0.059 seconds
[2026-05-04T00:57:37.160+0000] {processor.py:186} INFO - Started process (PID=23056) to work on /home/ec2-user/environment/lab4_model_training/venv/lib64/python3.12/site-packages/airflow/example_dags/example_sensors.py
[2026-05-04T00:57:37.161+0000] {processor.py:914} INFO - Processing file /home/ec2-user/environment/lab4_model_training/venv/lib64/python3.12/site-packages/airflow/example_dags/example_sensors.py for tasks to queue
[2026-05-04T00:57:37.162+0000] {logging_mixin.py:190} INFO - [2026-05-04T00:57:37.162+0000] {dagbag.py:588} INFO - Filling up the DagBag from /home/ec2-user/environment/lab4_model_training/venv/lib64/python3.12/site-packages/airflow/example_dags/example_sensors.py
[2026-05-04T00:57:37.170+0000] {processor.py:925} INFO - DAG(s) 'example_sensors' retrieved from /home/ec2-user/environment/lab4_model_training/venv/lib64/python3.12/site-packages/airflow/example_dags/example_sensors.py
[2026-05-04T00:57:37.186+0000] {logging_mixin.py:190} INFO - [2026-05-04T00:57:37.186+0000] {dag.py:3239} INFO - Sync 1 DAGs
[2026-05-04T00:57:37.196+0000] {logging_mixin.py:190} INFO - [2026-05-04T00:57:37.196+0000] {dag.py:4180} INFO - Setting next_dagrun for example_sensors to None, run_after=None
[2026-05-04T00:57:37.212+0000] {processor.py:208} INFO - Processing /home/ec2-user/environment/lab4_model_training/venv/lib64/python3.12/site-packages/airflow/example_dags/example_sensors.py took 0.058 seconds
[2026-05-04T00:58:41.090+0000] {processor.py:186} INFO - Started process (PID=23222) to work on /home/ec2-user/environment/lab4_model_training/venv/lib64/python3.12/site-packages/airflow/example_dags/example_sensors.py
[2026-05-04T00:58:41.091+0000] {processor.py:914} INFO - Processing file /home/ec2-user/environment/lab4_model_training/venv/lib64/python3.12/site-packages/airflow/example_dags/example_sensors.py for tasks to queue
[2026-05-04T00:58:41.092+0000] {logging_mixin.py:190} INFO - [2026-05-04T00:58:41.092+0000] {dagbag.py:588} INFO - Filling up the DagBag from /home/ec2-user/environment/lab4_model_training/venv/lib64/python3.12/site-packages/airflow/example_dags/example_sensors.py
[2026-05-04T00:58:41.101+0000] {processor.py:925} INFO - DAG(s) 'example_sensors' retrieved from /home/ec2-user/environment/lab4_model_training/venv/lib64/python3.12/site-packages/airflow/example_dags/example_sensors.py
[2026-05-04T00:58:41.118+0000] {logging_mixin.py:190} INFO - [2026-05-04T00:58:41.118+0000] {dag.py:3239} INFO - Sync 1 DAGs
[2026-05-04T00:58:41.128+0000] {logging_mixin.py:190} INFO - [2026-05-04T00:58:41.128+0000] {dag.py:4180} INFO - Setting next_dagrun for example_sensors to None, run_after=None
[2026-05-04T00:58:41.146+0000] {processor.py:208} INFO - Processing /home/ec2-user/environment/lab4_model_training/venv/lib64/python3.12/site-packages/airflow/example_dags/example_sensors.py took 0.060 seconds
[2026-05-04T00:59:49.944+0000] {processor.py:186} INFO - Started process (PID=23370) to work on /home/ec2-user/environment/lab4_model_training/venv/lib64/python3.12/site-packages/airflow/example_dags/example_sensors.py
[2026-05-04T00:59:49.945+0000] {processor.py:914} INFO - Processing file /home/ec2-user/environment/lab4_model_training/venv/lib64/python3.12/site-packages/airflow/example_dags/example_sensors.py for tasks to queue
[2026-05-04T00:59:49.946+0000] {logging_mixin.py:190} INFO - [2026-05-04T00:59:49.946+0000] {dagbag.py:588} INFO - Filling up the DagBag from /home/ec2-user/environment/lab4_model_training/venv/lib64/python3.12/site-packages/airflow/example_dags/example_sensors.py
[2026-05-04T00:59:49.955+0000] {processor.py:925} INFO - DAG(s) 'example_sensors' retrieved from /home/ec2-user/environment/lab4_model_training/venv/lib64/python3.12/site-packages/airflow/example_dags/example_sensors.py
[2026-05-04T00:59:49.972+0000] {logging_mixin.py:190} INFO - [2026-05-04T00:59:49.972+0000] {dag.py:3239} INFO - Sync 1 DAGs
[2026-05-04T00:59:49.982+0000] {logging_mixin.py:190} INFO - [2026-05-04T00:59:49.981+0000] {dag.py:4180} INFO - Setting next_dagrun for example_sensors to None, run_after=None
[2026-05-04T00:59:50.000+0000] {processor.py:208} INFO - Processing /home/ec2-user/environment/lab4_model_training/venv/lib64/python3.12/site-packages/airflow/example_dags/example_sensors.py took 0.060 seconds
[2026-05-04T01:00:58.017+0000] {processor.py:186} INFO - Started process (PID=23470) to work on /home/ec2-user/environment/lab4_model_training/venv/lib64/python3.12/site-packages/airflow/example_dags/example_sensors.py
[2026-05-04T01:00:58.018+0000] {processor.py:914} INFO - Processing file /home/ec2-user/environment/lab4_model_training/venv/lib64/python3.12/site-packages/airflow/example_dags/example_sensors.py for tasks to queue
[2026-05-04T01:00:58.020+0000] {logging_mixin.py:190} INFO - [2026-05-04T01:00:58.020+0000] {dagbag.py:588} INFO - Filling up the DagBag from /home/ec2-user/environment/lab4_model_training/venv/lib64/python3.12/site-packages/airflow/example_dags/example_sensors.py
[2026-05-04T01:00:58.028+0000] {processor.py:925} INFO - DAG(s) 'example_sensors' retrieved from /home/ec2-user/environment/lab4_model_training/venv/lib64/python3.12/site-packages/airflow/example_dags/example_sensors.py
[2026-05-04T01:00:58.046+0000] {logging_mixin.py:190} INFO - [2026-05-04T01:00:58.045+0000] {dag.py:3239} INFO - Sync 1 DAGs
[2026-05-04T01:00:58.055+0000] {logging_mixin.py:190} INFO - [2026-05-04T01:00:58.055+0000] {dag.py:4180} INFO - Setting next_dagrun for example_sensors to None, run_after=None
[2026-05-04T01:00:58.072+0000] {processor.py:208} INFO - Processing /home/ec2-user/environment/lab4_model_training/venv/lib64/python3.12/site-packages/airflow/example_dags/example_sensors.py took 0.059 seconds
[2026-05-04T01:02:07.279+0000] {processor.py:186} INFO - Started process (PID=23653) to work on /home/ec2-user/environment/lab4_model_training/venv/lib64/python3.12/site-packages/airflow/example_dags/example_sensors.py
[2026-05-04T01:02:07.280+0000] {processor.py:914} INFO - Processing file /home/ec2-user/environment/lab4_model_training/venv/lib64/python3.12/site-packages/airflow/example_dags/example_sensors.py for tasks to queue
[2026-05-04T01:02:07.281+0000] {logging_mixin.py:190} INFO - [2026-05-04T01:02:07.281+0000] {dagbag.py:588} INFO - Filling up the DagBag from /home/ec2-user/environment/lab4_model_training/venv/lib64/python3.12/site-packages/airflow/example_dags/example_sensors.py
[2026-05-04T01:02:07.290+0000] {processor.py:925} INFO - DAG(s) 'example_sensors' retrieved from /home/ec2-user/environment/lab4_model_training/venv/lib64/python3.12/site-packages/airflow/example_dags/example_sensors.py
[2026-05-04T01:02:07.308+0000] {logging_mixin.py:190} INFO - [2026-05-04T01:02:07.308+0000] {dag.py:3239} INFO - Sync 1 DAGs
[2026-05-04T01:02:07.317+0000] {logging_mixin.py:190} INFO - [2026-05-04T01:02:07.317+0000] {dag.py:4180} INFO - Setting next_dagrun for example_sensors to None, run_after=None
[2026-05-04T01:02:07.335+0000] {processor.py:208} INFO - Processing /home/ec2-user/environment/lab4_model_training/venv/lib64/python3.12/site-packages/airflow/example_dags/example_sensors.py took 0.062 seconds
[2026-05-04T01:03:11.915+0000] {processor.py:186} INFO - Started process (PID=23794) to work on /home/ec2-user/environment/lab4_model_training/venv/lib64/python3.12/site-packages/airflow/example_dags/example_sensors.py
[2026-05-04T01:03:11.916+0000] {processor.py:914} INFO - Processing file /home/ec2-user/environment/lab4_model_training/venv/lib64/python3.12/site-packages/airflow/example_dags/example_sensors.py for tasks to queue
[2026-05-04T01:03:11.917+0000] {logging_mixin.py:190} INFO - [2026-05-04T01:03:11.917+0000] {dagbag.py:588} INFO - Filling up the DagBag from /home/ec2-user/environment/lab4_model_training/venv/lib64/python3.12/site-packages/airflow/example_dags/example_sensors.py
[2026-05-04T01:03:11.926+0000] {processor.py:925} INFO - DAG(s) 'example_sensors' retrieved from /home/ec2-user/environment/lab4_model_training/venv/lib64/python3.12/site-packages/airflow/example_dags/example_sensors.py
[2026-05-04T01:03:11.942+0000] {logging_mixin.py:190} INFO - [2026-05-04T01:03:11.942+0000] {dag.py:3239} INFO - Sync 1 DAGs
[2026-05-04T01:03:11.951+0000] {logging_mixin.py:190} INFO - [2026-05-04T01:03:11.951+0000] {dag.py:4180} INFO - Setting next_dagrun for example_sensors to None, run_after=None
[2026-05-04T01:03:11.968+0000] {processor.py:208} INFO - Processing /home/ec2-user/environment/lab4_model_training/venv/lib64/python3.12/site-packages/airflow/example_dags/example_sensors.py took 0.058 seconds
[2026-05-04T01:04:21.220+0000] {processor.py:186} INFO - Started process (PID=23884) to work on /home/ec2-user/environment/lab4_model_training/venv/lib64/python3.12/site-packages/airflow/example_dags/example_sensors.py
[2026-05-04T01:04:21.221+0000] {processor.py:914} INFO - Processing file /home/ec2-user/environment/lab4_model_training/venv/lib64/python3.12/site-packages/airflow/example_dags/example_sensors.py for tasks to queue
[2026-05-04T01:04:21.223+0000] {logging_mixin.py:190} INFO - [2026-05-04T01:04:21.222+0000] {dagbag.py:588} INFO - Filling up the DagBag from /home/ec2-user/environment/lab4_model_training/venv/lib64/python3.12/site-packages/airflow/example_dags/example_sensors.py
[2026-05-04T01:04:21.232+0000] {processor.py:925} INFO - DAG(s) 'example_sensors' retrieved from /home/ec2-user/environment/lab4_model_training/venv/lib64/python3.12/site-packages/airflow/example_dags/example_sensors.py
[2026-05-04T01:04:21.248+0000] {logging_mixin.py:190} INFO - [2026-05-04T01:04:21.248+0000] {dag.py:3239} INFO - Sync 1 DAGs
[2026-05-04T01:04:21.257+0000] {logging_mixin.py:190} INFO - [2026-05-04T01:04:21.257+0000] {dag.py:4180} INFO - Setting next_dagrun for example_sensors to None, run_after=None
[2026-05-04T01:04:21.274+0000] {processor.py:208} INFO - Processing /home/ec2-user/environment/lab4_model_training/venv/lib64/python3.12/site-packages/airflow/example_dags/example_sensors.py took 0.058 seconds
[2026-05-04T01:05:26.062+0000] {processor.py:186} INFO - Started process (PID=24020) to work on /home/ec2-user/environment/lab4_model_training/venv/lib64/python3.12/site-packages/airflow/example_dags/example_sensors.py
[2026-05-04T01:05:26.063+0000] {processor.py:914} INFO - Processing file /home/ec2-user/environment/lab4_model_training/venv/lib64/python3.12/site-packages/airflow/example_dags/example_sensors.py for tasks to queue
[2026-05-04T01:05:26.064+0000] {logging_mixin.py:190} INFO - [2026-05-04T01:05:26.064+0000] {dagbag.py:588} INFO - Filling up the DagBag from /home/ec2-user/environment/lab4_model_training/venv/lib64/python3.12/site-packages/airflow/example_dags/example_sensors.py
[2026-05-04T01:05:26.073+0000] {processor.py:925} INFO - DAG(s) 'example_sensors' retrieved from /home/ec2-user/environment/lab4_model_training/venv/lib64/python3.12/site-packages/airflow/example_dags/example_sensors.py
[2026-05-04T01:05:26.090+0000] {logging_mixin.py:190} INFO - [2026-05-04T01:05:26.090+0000] {dag.py:3239} INFO - Sync 1 DAGs
[2026-05-04T01:05:26.100+0000] {logging_mixin.py:190} INFO - [2026-05-04T01:05:26.100+0000] {dag.py:4180} INFO - Setting next_dagrun for example_sensors to None, run_after=None
[2026-05-04T01:05:26.118+0000] {processor.py:208} INFO - Processing /home/ec2-user/environment/lab4_model_training/venv/lib64/python3.12/site-packages/airflow/example_dags/example_sensors.py took 0.061 seconds
[2026-05-04T01:06:33.428+0000] {processor.py:186} INFO - Started process (PID=24157) to work on /home/ec2-user/environment/lab4_model_training/venv/lib64/python3.12/site-packages/airflow/example_dags/example_sensors.py
[2026-05-04T01:06:33.430+0000] {processor.py:914} INFO - Processing file /home/ec2-user/environment/lab4_model_training/venv/lib64/python3.12/site-packages/airflow/example_dags/example_sensors.py for tasks to queue
[2026-05-04T01:06:33.431+0000] {logging_mixin.py:190} INFO - [2026-05-04T01:06:33.431+0000] {dagbag.py:588} INFO - Filling up the DagBag from /home/ec2-user/environment/lab4_model_training/venv/lib64/python3.12/site-packages/airflow/example_dags/example_sensors.py
[2026-05-04T01:06:33.440+0000] {processor.py:925} INFO - DAG(s) 'example_sensors' retrieved from /home/ec2-user/environment/lab4_model_training/venv/lib64/python3.12/site-packages/airflow/example_dags/example_sensors.py
[2026-05-04T01:06:33.456+0000] {logging_mixin.py:190} INFO - [2026-05-04T01:06:33.456+0000] {dag.py:3239} INFO - Sync 1 DAGs
[2026-05-04T01:06:33.465+0000] {logging_mixin.py:190} INFO - [2026-05-04T01:06:33.465+0000] {dag.py:4180} INFO - Setting next_dagrun for example_sensors to None, run_after=None
[2026-05-04T01:06:33.481+0000] {processor.py:208} INFO - Processing /home/ec2-user/environment/lab4_model_training/venv/lib64/python3.12/site-packages/airflow/example_dags/example_sensors.py took 0.057 seconds
[2026-05-04T01:07:40.480+0000] {processor.py:186} INFO - Started process (PID=24245) to work on /home/ec2-user/environment/lab4_model_training/venv/lib64/python3.12/site-packages/airflow/example_dags/example_sensors.py
[2026-05-04T01:07:40.481+0000] {processor.py:914} INFO - Processing file /home/ec2-user/environment/lab4_model_training/venv/lib64/python3.12/site-packages/airflow/example_dags/example_sensors.py for tasks to queue
[2026-05-04T01:07:40.482+0000] {logging_mixin.py:190} INFO - [2026-05-04T01:07:40.482+0000] {dagbag.py:588} INFO - Filling up the DagBag from /home/ec2-user/environment/lab4_model_training/venv/lib64/python3.12/site-packages/airflow/example_dags/example_sensors.py
[2026-05-04T01:07:40.491+0000] {processor.py:925} INFO - DAG(s) 'example_sensors' retrieved from /home/ec2-user/environment/lab4_model_training/venv/lib64/python3.12/site-packages/airflow/example_dags/example_sensors.py
[2026-05-04T01:07:40.508+0000] {logging_mixin.py:190} INFO - [2026-05-04T01:07:40.508+0000] {dag.py:3239} INFO - Sync 1 DAGs
[2026-05-04T01:07:40.518+0000] {logging_mixin.py:190} INFO - [2026-05-04T01:07:40.518+0000] {dag.py:4180} INFO - Setting next_dagrun for example_sensors to None, run_after=None
[2026-05-04T01:07:40.535+0000] {processor.py:208} INFO - Processing /home/ec2-user/environment/lab4_model_training/venv/lib64/python3.12/site-packages/airflow/example_dags/example_sensors.py took 0.060 seconds
[2026-05-04T01:08:48.321+0000] {processor.py:186} INFO - Started process (PID=24387) to work on /home/ec2-user/environment/lab4_model_training/venv/lib64/python3.12/site-packages/airflow/example_dags/example_sensors.py
[2026-05-04T01:08:48.322+0000] {processor.py:914} INFO - Processing file /home/ec2-user/environment/lab4_model_training/venv/lib64/python3.12/site-packages/airflow/example_dags/example_sensors.py for tasks to queue
[2026-05-04T01:08:48.324+0000] {logging_mixin.py:190} INFO - [2026-05-04T01:08:48.323+0000] {dagbag.py:588} INFO - Filling up the DagBag from /home/ec2-user/environment/lab4_model_training/venv/lib64/python3.12/site-packages/airflow/example_dags/example_sensors.py
[2026-05-04T01:08:48.332+0000] {processor.py:925} INFO - DAG(s) 'example_sensors' retrieved from /home/ec2-user/environment/lab4_model_training/venv/lib64/python3.12/site-packages/airflow/example_dags/example_sensors.py
[2026-05-04T01:08:48.348+0000] {logging_mixin.py:190} INFO - [2026-05-04T01:08:48.348+0000] {dag.py:3239} INFO - Sync 1 DAGs
[2026-05-04T01:08:48.357+0000] {logging_mixin.py:190} INFO - [2026-05-04T01:08:48.357+0000] {dag.py:4180} INFO - Setting next_dagrun for example_sensors to None, run_after=None
[2026-05-04T01:08:48.475+0000] {processor.py:208} INFO - Processing /home/ec2-user/environment/lab4_model_training/venv/lib64/python3.12/site-packages/airflow/example_dags/example_sensors.py took 0.159 seconds
[2026-05-04T01:09:58.872+0000] {processor.py:186} INFO - Started process (PID=24899) to work on /home/ec2-user/environment/lab4_model_training/venv/lib64/python3.12/site-packages/airflow/example_dags/example_sensors.py
[2026-05-04T01:09:58.873+0000] {processor.py:914} INFO - Processing file /home/ec2-user/environment/lab4_model_training/venv/lib64/python3.12/site-packages/airflow/example_dags/example_sensors.py for tasks to queue
[2026-05-04T01:09:58.874+0000] {logging_mixin.py:190} INFO - [2026-05-04T01:09:58.874+0000] {dagbag.py:588} INFO - Filling up the DagBag from /home/ec2-user/environment/lab4_model_training/venv/lib64/python3.12/site-packages/airflow/example_dags/example_sensors.py
[2026-05-04T01:09:58.883+0000] {processor.py:925} INFO - DAG(s) 'example_sensors' retrieved from /home/ec2-user/environment/lab4_model_training/venv/lib64/python3.12/site-packages/airflow/example_dags/example_sensors.py
[2026-05-04T01:09:58.900+0000] {logging_mixin.py:190} INFO - [2026-05-04T01:09:58.900+0000] {dag.py:3239} INFO - Sync 1 DAGs
[2026-05-04T01:09:58.910+0000] {logging_mixin.py:190} INFO - [2026-05-04T01:09:58.910+0000] {dag.py:4180} INFO - Setting next_dagrun for example_sensors to None, run_after=None
[2026-05-04T01:09:58.929+0000] {processor.py:208} INFO - Processing /home/ec2-user/environment/lab4_model_training/venv/lib64/python3.12/site-packages/airflow/example_dags/example_sensors.py took 0.062 seconds
[2026-05-04T01:11:07.850+0000] {processor.py:186} INFO - Started process (PID=25405) to work on /home/ec2-user/environment/lab4_model_training/venv/lib64/python3.12/site-packages/airflow/example_dags/example_sensors.py
[2026-05-04T01:11:07.851+0000] {processor.py:914} INFO - Processing file /home/ec2-user/environment/lab4_model_training/venv/lib64/python3.12/site-packages/airflow/example_dags/example_sensors.py for tasks to queue
[2026-05-04T01:11:07.853+0000] {logging_mixin.py:190} INFO - [2026-05-04T01:11:07.853+0000] {dagbag.py:588} INFO - Filling up the DagBag from /home/ec2-user/environment/lab4_model_training/venv/lib64/python3.12/site-packages/airflow/example_dags/example_sensors.py
[2026-05-04T01:11:07.866+0000] {processor.py:925} INFO - DAG(s) 'example_sensors' retrieved from /home/ec2-user/environment/lab4_model_training/venv/lib64/python3.12/site-packages/airflow/example_dags/example_sensors.py
[2026-05-04T01:11:07.890+0000] {logging_mixin.py:190} INFO - [2026-05-04T01:11:07.890+0000] {dag.py:3239} INFO - Sync 1 DAGs
[2026-05-04T01:11:07.903+0000] {logging_mixin.py:190} INFO - [2026-05-04T01:11:07.903+0000] {dag.py:4180} INFO - Setting next_dagrun for example_sensors to None, run_after=None
[2026-05-04T01:11:07.921+0000] {processor.py:208} INFO - Processing /home/ec2-user/environment/lab4_model_training/venv/lib64/python3.12/site-packages/airflow/example_dags/example_sensors.py took 0.078 seconds
[2026-05-04T01:12:19.512+0000] {processor.py:186} INFO - Started process (PID=25964) to work on /home/ec2-user/environment/lab4_model_training/venv/lib64/python3.12/site-packages/airflow/example_dags/example_sensors.py
[2026-05-04T01:12:19.513+0000] {processor.py:914} INFO - Processing file /home/ec2-user/environment/lab4_model_training/venv/lib64/python3.12/site-packages/airflow/example_dags/example_sensors.py for tasks to queue
[2026-05-04T01:12:19.515+0000] {logging_mixin.py:190} INFO - [2026-05-04T01:12:19.514+0000] {dagbag.py:588} INFO - Filling up the DagBag from /home/ec2-user/environment/lab4_model_training/venv/lib64/python3.12/site-packages/airflow/example_dags/example_sensors.py
[2026-05-04T01:12:19.528+0000] {processor.py:925} INFO - DAG(s) 'example_sensors' retrieved from /home/ec2-user/environment/lab4_model_training/venv/lib64/python3.12/site-packages/airflow/example_dags/example_sensors.py
[2026-05-04T01:12:19.553+0000] {logging_mixin.py:190} INFO - [2026-05-04T01:12:19.553+0000] {dag.py:3239} INFO - Sync 1 DAGs
[2026-05-04T01:12:19.568+0000] {logging_mixin.py:190} INFO - [2026-05-04T01:12:19.568+0000] {dag.py:4180} INFO - Setting next_dagrun for example_sensors to None, run_after=None
[2026-05-04T01:12:19.590+0000] {processor.py:208} INFO - Processing /home/ec2-user/environment/lab4_model_training/venv/lib64/python3.12/site-packages/airflow/example_dags/example_sensors.py took 0.083 seconds
[2026-05-04T01:13:28.657+0000] {processor.py:186} INFO - Started process (PID=26493) to work on /home/ec2-user/environment/lab4_model_training/venv/lib64/python3.12/site-packages/airflow/example_dags/example_sensors.py
[2026-05-04T01:13:28.658+0000] {processor.py:914} INFO - Processing file /home/ec2-user/environment/lab4_model_training/venv/lib64/python3.12/site-packages/airflow/example_dags/example_sensors.py for tasks to queue
[2026-05-04T01:13:28.660+0000] {logging_mixin.py:190} INFO - [2026-05-04T01:13:28.659+0000] {dagbag.py:588} INFO - Filling up the DagBag from /home/ec2-user/environment/lab4_model_training/venv/lib64/python3.12/site-packages/airflow/example_dags/example_sensors.py
[2026-05-04T01:13:28.669+0000] {processor.py:925} INFO - DAG(s) 'example_sensors' retrieved from /home/ec2-user/environment/lab4_model_training/venv/lib64/python3.12/site-packages/airflow/example_dags/example_sensors.py
[2026-05-04T01:13:28.808+0000] {logging_mixin.py:190} INFO - [2026-05-04T01:13:28.808+0000] {dag.py:3239} INFO - Sync 1 DAGs
[2026-05-04T01:13:28.817+0000] {logging_mixin.py:190} INFO - [2026-05-04T01:13:28.817+0000] {dag.py:4180} INFO - Setting next_dagrun for example_sensors to None, run_after=None
[2026-05-04T01:13:28.835+0000] {processor.py:208} INFO - Processing /home/ec2-user/environment/lab4_model_training/venv/lib64/python3.12/site-packages/airflow/example_dags/example_sensors.py took 0.182 seconds
[2026-05-04T01:14:38.508+0000] {processor.py:186} INFO - Started process (PID=27008) to work on /home/ec2-user/environment/lab4_model_training/venv/lib64/python3.12/site-packages/airflow/example_dags/example_sensors.py
[2026-05-04T01:14:38.509+0000] {processor.py:914} INFO - Processing file /home/ec2-user/environment/lab4_model_training/venv/lib64/python3.12/site-packages/airflow/example_dags/example_sensors.py for tasks to queue
[2026-05-04T01:14:38.511+0000] {logging_mixin.py:190} INFO - [2026-05-04T01:14:38.510+0000] {dagbag.py:588} INFO - Filling up the DagBag from /home/ec2-user/environment/lab4_model_training/venv/lib64/python3.12/site-packages/airflow/example_dags/example_sensors.py
[2026-05-04T01:14:38.523+0000] {processor.py:925} INFO - DAG(s) 'example_sensors' retrieved from /home/ec2-user/environment/lab4_model_training/venv/lib64/python3.12/site-packages/airflow/example_dags/example_sensors.py
[2026-05-04T01:14:38.547+0000] {logging_mixin.py:190} INFO - [2026-05-04T01:14:38.547+0000] {dag.py:3239} INFO - Sync 1 DAGs
[2026-05-04T01:14:38.673+0000] {logging_mixin.py:190} INFO - [2026-05-04T01:14:38.673+0000] {dag.py:4180} INFO - Setting next_dagrun for example_sensors to None, run_after=None
[2026-05-04T01:14:38.693+0000] {processor.py:208} INFO - Processing /home/ec2-user/environment/lab4_model_training/venv/lib64/python3.12/site-packages/airflow/example_dags/example_sensors.py took 0.190 seconds
[2026-05-04T01:15:52.612+0000] {processor.py:186} INFO - Started process (PID=27545) to work on /home/ec2-user/environment/lab4_model_training/venv/lib64/python3.12/site-packages/airflow/example_dags/example_sensors.py
[2026-05-04T01:15:52.614+0000] {processor.py:914} INFO - Processing file /home/ec2-user/environment/lab4_model_training/venv/lib64/python3.12/site-packages/airflow/example_dags/example_sensors.py for tasks to queue
[2026-05-04T01:15:52.616+0000] {logging_mixin.py:190} INFO - [2026-05-04T01:15:52.616+0000] {dagbag.py:588} INFO - Filling up the DagBag from /home/ec2-user/environment/lab4_model_training/venv/lib64/python3.12/site-packages/airflow/example_dags/example_sensors.py
[2026-05-04T01:15:52.627+0000] {processor.py:925} INFO - DAG(s) 'example_sensors' retrieved from /home/ec2-user/environment/lab4_model_training/venv/lib64/python3.12/site-packages/airflow/example_dags/example_sensors.py
[2026-05-04T01:15:52.649+0000] {logging_mixin.py:190} INFO - [2026-05-04T01:15:52.648+0000] {dag.py:3239} INFO - Sync 1 DAGs
[2026-05-04T01:15:52.662+0000] {logging_mixin.py:190} INFO - [2026-05-04T01:15:52.661+0000] {dag.py:4180} INFO - Setting next_dagrun for example_sensors to None, run_after=None
[2026-05-04T01:15:52.682+0000] {processor.py:208} INFO - Processing /home/ec2-user/environment/lab4_model_training/venv/lib64/python3.12/site-packages/airflow/example_dags/example_sensors.py took 0.075 seconds
[2026-05-04T01:16:54.767+0000] {processor.py:186} INFO - Started process (PID=27999) to work on /home/ec2-user/environment/lab4_model_training/venv/lib64/python3.12/site-packages/airflow/example_dags/example_sensors.py
[2026-05-04T01:16:54.768+0000] {processor.py:914} INFO - Processing file /home/ec2-user/environment/lab4_model_training/venv/lib64/python3.12/site-packages/airflow/example_dags/example_sensors.py for tasks to queue
[2026-05-04T01:16:54.769+0000] {logging_mixin.py:190} INFO - [2026-05-04T01:16:54.769+0000] {dagbag.py:588} INFO - Filling up the DagBag from /home/ec2-user/environment/lab4_model_training/venv/lib64/python3.12/site-packages/airflow/example_dags/example_sensors.py
[2026-05-04T01:16:54.779+0000] {processor.py:925} INFO - DAG(s) 'example_sensors' retrieved from /home/ec2-user/environment/lab4_model_training/venv/lib64/python3.12/site-packages/airflow/example_dags/example_sensors.py
[2026-05-04T01:16:54.796+0000] {logging_mixin.py:190} INFO - [2026-05-04T01:16:54.796+0000] {dag.py:3239} INFO - Sync 1 DAGs
[2026-05-04T01:16:54.807+0000] {logging_mixin.py:190} INFO - [2026-05-04T01:16:54.806+0000] {dag.py:4180} INFO - Setting next_dagrun for example_sensors to None, run_after=None
[2026-05-04T01:16:54.825+0000] {processor.py:208} INFO - Processing /home/ec2-user/environment/lab4_model_training/venv/lib64/python3.12/site-packages/airflow/example_dags/example_sensors.py took 0.063 seconds
[2026-05-04T01:18:00.974+0000] {processor.py:186} INFO - Started process (PID=28540) to work on /home/ec2-user/environment/lab4_model_training/venv/lib64/python3.12/site-packages/airflow/example_dags/example_sensors.py
[2026-05-04T01:18:00.975+0000] {processor.py:914} INFO - Processing file /home/ec2-user/environment/lab4_model_training/venv/lib64/python3.12/site-packages/airflow/example_dags/example_sensors.py for tasks to queue
[2026-05-04T01:18:00.978+0000] {logging_mixin.py:190} INFO - [2026-05-04T01:18:00.977+0000] {dagbag.py:588} INFO - Filling up the DagBag from /home/ec2-user/environment/lab4_model_training/venv/lib64/python3.12/site-packages/airflow/example_dags/example_sensors.py
[2026-05-04T01:18:00.988+0000] {processor.py:925} INFO - DAG(s) 'example_sensors' retrieved from /home/ec2-user/environment/lab4_model_training/venv/lib64/python3.12/site-packages/airflow/example_dags/example_sensors.py
[2026-05-04T01:18:01.010+0000] {logging_mixin.py:190} INFO - [2026-05-04T01:18:01.010+0000] {dag.py:3239} INFO - Sync 1 DAGs
[2026-05-04T01:18:01.023+0000] {logging_mixin.py:190} INFO - [2026-05-04T01:18:01.023+0000] {dag.py:4180} INFO - Setting next_dagrun for example_sensors to None, run_after=None
[2026-05-04T01:18:01.044+0000] {processor.py:208} INFO - Processing /home/ec2-user/environment/lab4_model_training/venv/lib64/python3.12/site-packages/airflow/example_dags/example_sensors.py took 0.075 seconds
[2026-05-04T01:19:09.189+0000] {processor.py:186} INFO - Started process (PID=29101) to work on /home/ec2-user/environment/lab4_model_training/venv/lib64/python3.12/site-packages/airflow/example_dags/example_sensors.py
[2026-05-04T01:19:09.190+0000] {processor.py:914} INFO - Processing file /home/ec2-user/environment/lab4_model_training/venv/lib64/python3.12/site-packages/airflow/example_dags/example_sensors.py for tasks to queue
[2026-05-04T01:19:09.192+0000] {logging_mixin.py:190} INFO - [2026-05-04T01:19:09.191+0000] {dagbag.py:588} INFO - Filling up the DagBag from /home/ec2-user/environment/lab4_model_training/venv/lib64/python3.12/site-packages/airflow/example_dags/example_sensors.py
[2026-05-04T01:19:09.201+0000] {processor.py:925} INFO - DAG(s) 'example_sensors' retrieved from /home/ec2-user/environment/lab4_model_training/venv/lib64/python3.12/site-packages/airflow/example_dags/example_sensors.py
[2026-05-04T01:19:09.219+0000] {logging_mixin.py:190} INFO - [2026-05-04T01:19:09.218+0000] {dag.py:3239} INFO - Sync 1 DAGs
[2026-05-04T01:19:09.229+0000] {logging_mixin.py:190} INFO - [2026-05-04T01:19:09.228+0000] {dag.py:4180} INFO - Setting next_dagrun for example_sensors to None, run_after=None
[2026-05-04T01:19:09.246+0000] {processor.py:208} INFO - Processing /home/ec2-user/environment/lab4_model_training/venv/lib64/python3.12/site-packages/airflow/example_dags/example_sensors.py took 0.061 seconds
[2026-05-04T01:20:15.057+0000] {processor.py:186} INFO - Started process (PID=29647) to work on /home/ec2-user/environment/lab4_model_training/venv/lib64/python3.12/site-packages/airflow/example_dags/example_sensors.py
[2026-05-04T01:20:15.058+0000] {processor.py:914} INFO - Processing file /home/ec2-user/environment/lab4_model_training/venv/lib64/python3.12/site-packages/airflow/example_dags/example_sensors.py for tasks to queue
[2026-05-04T01:20:15.060+0000] {logging_mixin.py:190} INFO - [2026-05-04T01:20:15.059+0000] {dagbag.py:588} INFO - Filling up the DagBag from /home/ec2-user/environment/lab4_model_training/venv/lib64/python3.12/site-packages/airflow/example_dags/example_sensors.py
[2026-05-04T01:20:15.069+0000] {processor.py:925} INFO - DAG(s) 'example_sensors' retrieved from /home/ec2-user/environment/lab4_model_training/venv/lib64/python3.12/site-packages/airflow/example_dags/example_sensors.py
[2026-05-04T01:20:15.087+0000] {logging_mixin.py:190} INFO - [2026-05-04T01:20:15.087+0000] {dag.py:3239} INFO - Sync 1 DAGs
[2026-05-04T01:20:15.097+0000] {logging_mixin.py:190} INFO - [2026-05-04T01:20:15.097+0000] {dag.py:4180} INFO - Setting next_dagrun for example_sensors to None, run_after=None
[2026-05-04T01:20:15.115+0000] {processor.py:208} INFO - Processing /home/ec2-user/environment/lab4_model_training/venv/lib64/python3.12/site-packages/airflow/example_dags/example_sensors.py took 0.063 seconds
[2026-05-04T01:21:19.199+0000] {processor.py:186} INFO - Started process (PID=30114) to work on /home/ec2-user/environment/lab4_model_training/venv/lib64/python3.12/site-packages/airflow/example_dags/example_sensors.py
[2026-05-04T01:21:19.200+0000] {processor.py:914} INFO - Processing file /home/ec2-user/environment/lab4_model_training/venv/lib64/python3.12/site-packages/airflow/example_dags/example_sensors.py for tasks to queue
[2026-05-04T01:21:19.202+0000] {logging_mixin.py:190} INFO - [2026-05-04T01:21:19.202+0000] {dagbag.py:588} INFO - Filling up the DagBag from /home/ec2-user/environment/lab4_model_training/venv/lib64/python3.12/site-packages/airflow/example_dags/example_sensors.py
[2026-05-04T01:21:19.216+0000] {processor.py:925} INFO - DAG(s) 'example_sensors' retrieved from /home/ec2-user/environment/lab4_model_training/venv/lib64/python3.12/site-packages/airflow/example_dags/example_sensors.py
[2026-05-04T01:21:19.241+0000] {logging_mixin.py:190} INFO - [2026-05-04T01:21:19.241+0000] {dag.py:3239} INFO - Sync 1 DAGs
[2026-05-04T01:21:19.255+0000] {logging_mixin.py:190} INFO - [2026-05-04T01:21:19.255+0000] {dag.py:4180} INFO - Setting next_dagrun for example_sensors to None, run_after=None
[2026-05-04T01:21:19.278+0000] {processor.py:208} INFO - Processing /home/ec2-user/environment/lab4_model_training/venv/lib64/python3.12/site-packages/airflow/example_dags/example_sensors.py took 0.084 seconds
[2026-05-04T01:22:24.806+0000] {processor.py:186} INFO - Started process (PID=30543) to work on /home/ec2-user/environment/lab4_model_training/venv/lib64/python3.12/site-packages/airflow/example_dags/example_sensors.py
[2026-05-04T01:22:24.807+0000] {processor.py:914} INFO - Processing file /home/ec2-user/environment/lab4_model_training/venv/lib64/python3.12/site-packages/airflow/example_dags/example_sensors.py for tasks to queue
[2026-05-04T01:22:24.809+0000] {logging_mixin.py:190} INFO - [2026-05-04T01:22:24.809+0000] {dagbag.py:588} INFO - Filling up the DagBag from /home/ec2-user/environment/lab4_model_training/venv/lib64/python3.12/site-packages/airflow/example_dags/example_sensors.py
[2026-05-04T01:22:24.822+0000] {processor.py:925} INFO - DAG(s) 'example_sensors' retrieved from /home/ec2-user/environment/lab4_model_training/venv/lib64/python3.12/site-packages/airflow/example_dags/example_sensors.py
[2026-05-04T01:22:24.846+0000] {logging_mixin.py:190} INFO - [2026-05-04T01:22:24.846+0000] {dag.py:3239} INFO - Sync 1 DAGs
[2026-05-04T01:22:24.860+0000] {logging_mixin.py:190} INFO - [2026-05-04T01:22:24.860+0000] {dag.py:4180} INFO - Setting next_dagrun for example_sensors to None, run_after=None
[2026-05-04T01:22:24.881+0000] {processor.py:208} INFO - Processing /home/ec2-user/environment/lab4_model_training/venv/lib64/python3.12/site-packages/airflow/example_dags/example_sensors.py took 0.079 seconds
[2026-05-04T01:23:28.762+0000] {processor.py:186} INFO - Started process (PID=30682) to work on /home/ec2-user/environment/lab4_model_training/venv/lib64/python3.12/site-packages/airflow/example_dags/example_sensors.py
[2026-05-04T01:23:28.764+0000] {processor.py:914} INFO - Processing file /home/ec2-user/environment/lab4_model_training/venv/lib64/python3.12/site-packages/airflow/example_dags/example_sensors.py for tasks to queue
[2026-05-04T01:23:28.766+0000] {logging_mixin.py:190} INFO - [2026-05-04T01:23:28.765+0000] {dagbag.py:588} INFO - Filling up the DagBag from /home/ec2-user/environment/lab4_model_training/venv/lib64/python3.12/site-packages/airflow/example_dags/example_sensors.py
[2026-05-04T01:23:28.778+0000] {processor.py:925} INFO - DAG(s) 'example_sensors' retrieved from /home/ec2-user/environment/lab4_model_training/venv/lib64/python3.12/site-packages/airflow/example_dags/example_sensors.py
[2026-05-04T01:23:28.802+0000] {logging_mixin.py:190} INFO - [2026-05-04T01:23:28.802+0000] {dag.py:3239} INFO - Sync 1 DAGs
[2026-05-04T01:23:28.816+0000] {logging_mixin.py:190} INFO - [2026-05-04T01:23:28.816+0000] {dag.py:4180} INFO - Setting next_dagrun for example_sensors to None, run_after=None
[2026-05-04T01:23:28.836+0000] {processor.py:208} INFO - Processing /home/ec2-user/environment/lab4_model_training/venv/lib64/python3.12/site-packages/airflow/example_dags/example_sensors.py took 0.078 seconds
[2026-05-04T01:24:31.471+0000] {processor.py:186} INFO - Started process (PID=30975) to work on /home/ec2-user/environment/lab4_model_training/venv/lib64/python3.12/site-packages/airflow/example_dags/example_sensors.py
[2026-05-04T01:24:31.472+0000] {processor.py:914} INFO - Processing file /home/ec2-user/environment/lab4_model_training/venv/lib64/python3.12/site-packages/airflow/example_dags/example_sensors.py for tasks to queue
[2026-05-04T01:24:31.474+0000] {logging_mixin.py:190} INFO - [2026-05-04T01:24:31.474+0000] {dagbag.py:588} INFO - Filling up the DagBag from /home/ec2-user/environment/lab4_model_training/venv/lib64/python3.12/site-packages/airflow/example_dags/example_sensors.py
[2026-05-04T01:24:31.484+0000] {processor.py:925} INFO - DAG(s) 'example_sensors' retrieved from /home/ec2-user/environment/lab4_model_training/venv/lib64/python3.12/site-packages/airflow/example_dags/example_sensors.py
[2026-05-04T01:24:31.504+0000] {logging_mixin.py:190} INFO - [2026-05-04T01:24:31.504+0000] {dag.py:3239} INFO - Sync 1 DAGs
[2026-05-04T01:24:31.515+0000] {logging_mixin.py:190} INFO - [2026-05-04T01:24:31.515+0000] {dag.py:4180} INFO - Setting next_dagrun for example_sensors to None, run_after=None
[2026-05-04T01:24:31.536+0000] {processor.py:208} INFO - Processing /home/ec2-user/environment/lab4_model_training/venv/lib64/python3.12/site-packages/airflow/example_dags/example_sensors.py took 0.069 seconds
