[2026-05-04T00:20:48.118+0000] {processor.py:186} INFO - Started process (PID=12903) to work on /home/ec2-user/environment/lab4_model_training/venv/lib64/python3.12/site-packages/airflow/example_dags/example_workday_timetable.py
[2026-05-04T00:20:48.119+0000] {processor.py:914} INFO - Processing file /home/ec2-user/environment/lab4_model_training/venv/lib64/python3.12/site-packages/airflow/example_dags/example_workday_timetable.py for tasks to queue
[2026-05-04T00:20:48.121+0000] {logging_mixin.py:190} INFO - [2026-05-04T00:20:48.120+0000] {dagbag.py:588} INFO - Filling up the DagBag from /home/ec2-user/environment/lab4_model_training/venv/lib64/python3.12/site-packages/airflow/example_dags/example_workday_timetable.py
[2026-05-04T00:20:48.126+0000] {processor.py:925} INFO - DAG(s) 'example_workday_timetable' retrieved from /home/ec2-user/environment/lab4_model_training/venv/lib64/python3.12/site-packages/airflow/example_dags/example_workday_timetable.py
[2026-05-04T00:20:48.140+0000] {logging_mixin.py:190} INFO - [2026-05-04T00:20:48.140+0000] {dag.py:3239} INFO - Sync 1 DAGs
[2026-05-04T00:20:48.187+0000] {logging_mixin.py:190} INFO - [2026-05-04T00:20:48.187+0000] {dag.py:4180} INFO - Setting next_dagrun for example_workday_timetable to 2021-01-04 00:00:00+00:00, run_after=2021-01-05 00:00:00+00:00
[2026-05-04T00:20:48.206+0000] {processor.py:208} INFO - Processing /home/ec2-user/environment/lab4_model_training/venv/lib64/python3.12/site-packages/airflow/example_dags/example_workday_timetable.py took 0.093 seconds
[2026-05-04T00:22:17.029+0000] {processor.py:186} INFO - Started process (PID=13602) to work on /home/ec2-user/environment/lab4_model_training/venv/lib64/python3.12/site-packages/airflow/example_dags/example_workday_timetable.py
[2026-05-04T00:22:17.030+0000] {processor.py:914} INFO - Processing file /home/ec2-user/environment/lab4_model_training/venv/lib64/python3.12/site-packages/airflow/example_dags/example_workday_timetable.py for tasks to queue
[2026-05-04T00:22:17.032+0000] {logging_mixin.py:190} INFO - [2026-05-04T00:22:17.032+0000] {dagbag.py:588} INFO - Filling up the DagBag from /home/ec2-user/environment/lab4_model_training/venv/lib64/python3.12/site-packages/airflow/example_dags/example_workday_timetable.py
[2026-05-04T00:22:17.037+0000] {processor.py:925} INFO - DAG(s) 'example_workday_timetable' retrieved from /home/ec2-user/environment/lab4_model_training/venv/lib64/python3.12/site-packages/airflow/example_dags/example_workday_timetable.py
[2026-05-04T00:22:17.048+0000] {logging_mixin.py:190} INFO - [2026-05-04T00:22:17.048+0000] {dag.py:3239} INFO - Sync 1 DAGs
[2026-05-04T00:22:17.095+0000] {logging_mixin.py:190} INFO - [2026-05-04T00:22:17.094+0000] {dag.py:4180} INFO - Setting next_dagrun for example_workday_timetable to 2021-01-04 00:00:00+00:00, run_after=2021-01-05 00:00:00+00:00
[2026-05-04T00:22:17.113+0000] {processor.py:208} INFO - Processing /home/ec2-user/environment/lab4_model_training/venv/lib64/python3.12/site-packages/airflow/example_dags/example_workday_timetable.py took 0.088 seconds
[2026-05-04T00:23:35.193+0000] {processor.py:186} INFO - Started process (PID=14225) to work on /home/ec2-user/environment/lab4_model_training/venv/lib64/python3.12/site-packages/airflow/example_dags/example_workday_timetable.py
[2026-05-04T00:23:35.194+0000] {processor.py:914} INFO - Processing file /home/ec2-user/environment/lab4_model_training/venv/lib64/python3.12/site-packages/airflow/example_dags/example_workday_timetable.py for tasks to queue
[2026-05-04T00:23:35.197+0000] {logging_mixin.py:190} INFO - [2026-05-04T00:23:35.196+0000] {dagbag.py:588} INFO - Filling up the DagBag from /home/ec2-user/environment/lab4_model_training/venv/lib64/python3.12/site-packages/airflow/example_dags/example_workday_timetable.py
[2026-05-04T00:23:35.203+0000] {processor.py:925} INFO - DAG(s) 'example_workday_timetable' retrieved from /home/ec2-user/environment/lab4_model_training/venv/lib64/python3.12/site-packages/airflow/example_dags/example_workday_timetable.py
[2026-05-04T00:23:35.218+0000] {logging_mixin.py:190} INFO - [2026-05-04T00:23:35.218+0000] {dag.py:3239} INFO - Sync 1 DAGs
[2026-05-04T00:23:35.266+0000] {logging_mixin.py:190} INFO - [2026-05-04T00:23:35.266+0000] {dag.py:4180} INFO - Setting next_dagrun for example_workday_timetable to 2021-01-04 00:00:00+00:00, run_after=2021-01-05 00:00:00+00:00
[2026-05-04T00:23:35.288+0000] {processor.py:208} INFO - Processing /home/ec2-user/environment/lab4_model_training/venv/lib64/python3.12/site-packages/airflow/example_dags/example_workday_timetable.py took 0.099 seconds
[2026-05-04T00:24:42.813+0000] {processor.py:186} INFO - Started process (PID=15081) to work on /home/ec2-user/environment/lab4_model_training/venv/lib64/python3.12/site-packages/airflow/example_dags/example_workday_timetable.py
[2026-05-04T00:24:42.814+0000] {processor.py:914} INFO - Processing file /home/ec2-user/environment/lab4_model_training/venv/lib64/python3.12/site-packages/airflow/example_dags/example_workday_timetable.py for tasks to queue
[2026-05-04T00:24:42.816+0000] {logging_mixin.py:190} INFO - [2026-05-04T00:24:42.816+0000] {dagbag.py:588} INFO - Filling up the DagBag from /home/ec2-user/environment/lab4_model_training/venv/lib64/python3.12/site-packages/airflow/example_dags/example_workday_timetable.py
[2026-05-04T00:24:42.822+0000] {processor.py:925} INFO - DAG(s) 'example_workday_timetable' retrieved from /home/ec2-user/environment/lab4_model_training/venv/lib64/python3.12/site-packages/airflow/example_dags/example_workday_timetable.py
[2026-05-04T00:24:42.836+0000] {logging_mixin.py:190} INFO - [2026-05-04T00:24:42.836+0000] {dag.py:3239} INFO - Sync 1 DAGs
[2026-05-04T00:24:42.884+0000] {logging_mixin.py:190} INFO - [2026-05-04T00:24:42.884+0000] {dag.py:4180} INFO - Setting next_dagrun for example_workday_timetable to 2021-01-04 00:00:00+00:00, run_after=2021-01-05 00:00:00+00:00
[2026-05-04T00:24:42.905+0000] {processor.py:208} INFO - Processing /home/ec2-user/environment/lab4_model_training/venv/lib64/python3.12/site-packages/airflow/example_dags/example_workday_timetable.py took 0.097 seconds
[2026-05-04T00:25:49.208+0000] {processor.py:186} INFO - Started process (PID=15576) to work on /home/ec2-user/environment/lab4_model_training/venv/lib64/python3.12/site-packages/airflow/example_dags/example_workday_timetable.py
[2026-05-04T00:25:49.210+0000] {processor.py:914} INFO - Processing file /home/ec2-user/environment/lab4_model_training/venv/lib64/python3.12/site-packages/airflow/example_dags/example_workday_timetable.py for tasks to queue
[2026-05-04T00:25:49.212+0000] {logging_mixin.py:190} INFO - [2026-05-04T00:25:49.212+0000] {dagbag.py:588} INFO - Filling up the DagBag from /home/ec2-user/environment/lab4_model_training/venv/lib64/python3.12/site-packages/airflow/example_dags/example_workday_timetable.py
[2026-05-04T00:25:49.218+0000] {processor.py:925} INFO - DAG(s) 'example_workday_timetable' retrieved from /home/ec2-user/environment/lab4_model_training/venv/lib64/python3.12/site-packages/airflow/example_dags/example_workday_timetable.py
[2026-05-04T00:25:49.232+0000] {logging_mixin.py:190} INFO - [2026-05-04T00:25:49.232+0000] {dag.py:3239} INFO - Sync 1 DAGs
[2026-05-04T00:25:49.281+0000] {logging_mixin.py:190} INFO - [2026-05-04T00:25:49.281+0000] {dag.py:4180} INFO - Setting next_dagrun for example_workday_timetable to 2021-01-04 00:00:00+00:00, run_after=2021-01-05 00:00:00+00:00
[2026-05-04T00:25:49.304+0000] {processor.py:208} INFO - Processing /home/ec2-user/environment/lab4_model_training/venv/lib64/python3.12/site-packages/airflow/example_dags/example_workday_timetable.py took 0.100 seconds
[2026-05-04T00:26:55.212+0000] {processor.py:186} INFO - Started process (PID=15999) to work on /home/ec2-user/environment/lab4_model_training/venv/lib64/python3.12/site-packages/airflow/example_dags/example_workday_timetable.py
[2026-05-04T00:26:55.213+0000] {processor.py:914} INFO - Processing file /home/ec2-user/environment/lab4_model_training/venv/lib64/python3.12/site-packages/airflow/example_dags/example_workday_timetable.py for tasks to queue
[2026-05-04T00:26:55.215+0000] {logging_mixin.py:190} INFO - [2026-05-04T00:26:55.215+0000] {dagbag.py:588} INFO - Filling up the DagBag from /home/ec2-user/environment/lab4_model_training/venv/lib64/python3.12/site-packages/airflow/example_dags/example_workday_timetable.py
[2026-05-04T00:26:55.222+0000] {processor.py:925} INFO - DAG(s) 'example_workday_timetable' retrieved from /home/ec2-user/environment/lab4_model_training/venv/lib64/python3.12/site-packages/airflow/example_dags/example_workday_timetable.py
[2026-05-04T00:26:55.236+0000] {logging_mixin.py:190} INFO - [2026-05-04T00:26:55.236+0000] {dag.py:3239} INFO - Sync 1 DAGs
[2026-05-04T00:26:55.287+0000] {logging_mixin.py:190} INFO - [2026-05-04T00:26:55.287+0000] {dag.py:4180} INFO - Setting next_dagrun for example_workday_timetable to 2021-01-04 00:00:00+00:00, run_after=2021-01-05 00:00:00+00:00
[2026-05-04T00:26:55.306+0000] {processor.py:208} INFO - Processing /home/ec2-user/environment/lab4_model_training/venv/lib64/python3.12/site-packages/airflow/example_dags/example_workday_timetable.py took 0.099 seconds
[2026-05-04T00:28:02.178+0000] {processor.py:186} INFO - Started process (PID=16502) to work on /home/ec2-user/environment/lab4_model_training/venv/lib64/python3.12/site-packages/airflow/example_dags/example_workday_timetable.py
[2026-05-04T00:28:02.180+0000] {processor.py:914} INFO - Processing file /home/ec2-user/environment/lab4_model_training/venv/lib64/python3.12/site-packages/airflow/example_dags/example_workday_timetable.py for tasks to queue
[2026-05-04T00:28:02.182+0000] {logging_mixin.py:190} INFO - [2026-05-04T00:28:02.181+0000] {dagbag.py:588} INFO - Filling up the DagBag from /home/ec2-user/environment/lab4_model_training/venv/lib64/python3.12/site-packages/airflow/example_dags/example_workday_timetable.py
[2026-05-04T00:28:02.189+0000] {processor.py:925} INFO - DAG(s) 'example_workday_timetable' retrieved from /home/ec2-user/environment/lab4_model_training/venv/lib64/python3.12/site-packages/airflow/example_dags/example_workday_timetable.py
[2026-05-04T00:28:02.204+0000] {logging_mixin.py:190} INFO - [2026-05-04T00:28:02.203+0000] {dag.py:3239} INFO - Sync 1 DAGs
[2026-05-04T00:28:02.254+0000] {logging_mixin.py:190} INFO - [2026-05-04T00:28:02.254+0000] {dag.py:4180} INFO - Setting next_dagrun for example_workday_timetable to 2021-01-04 00:00:00+00:00, run_after=2021-01-05 00:00:00+00:00
[2026-05-04T00:28:02.274+0000] {processor.py:208} INFO - Processing /home/ec2-user/environment/lab4_model_training/venv/lib64/python3.12/site-packages/airflow/example_dags/example_workday_timetable.py took 0.100 seconds
[2026-05-04T00:29:04.243+0000] {processor.py:186} INFO - Started process (PID=16912) to work on /home/ec2-user/environment/lab4_model_training/venv/lib64/python3.12/site-packages/airflow/example_dags/example_workday_timetable.py
[2026-05-04T00:29:04.244+0000] {processor.py:914} INFO - Processing file /home/ec2-user/environment/lab4_model_training/venv/lib64/python3.12/site-packages/airflow/example_dags/example_workday_timetable.py for tasks to queue
[2026-05-04T00:29:04.246+0000] {logging_mixin.py:190} INFO - [2026-05-04T00:29:04.246+0000] {dagbag.py:588} INFO - Filling up the DagBag from /home/ec2-user/environment/lab4_model_training/venv/lib64/python3.12/site-packages/airflow/example_dags/example_workday_timetable.py
[2026-05-04T00:29:04.253+0000] {processor.py:925} INFO - DAG(s) 'example_workday_timetable' retrieved from /home/ec2-user/environment/lab4_model_training/venv/lib64/python3.12/site-packages/airflow/example_dags/example_workday_timetable.py
[2026-05-04T00:29:04.269+0000] {logging_mixin.py:190} INFO - [2026-05-04T00:29:04.268+0000] {dag.py:3239} INFO - Sync 1 DAGs
[2026-05-04T00:29:04.317+0000] {logging_mixin.py:190} INFO - [2026-05-04T00:29:04.317+0000] {dag.py:4180} INFO - Setting next_dagrun for example_workday_timetable to 2021-01-04 00:00:00+00:00, run_after=2021-01-05 00:00:00+00:00
[2026-05-04T00:29:04.339+0000] {processor.py:208} INFO - Processing /home/ec2-user/environment/lab4_model_training/venv/lib64/python3.12/site-packages/airflow/example_dags/example_workday_timetable.py took 0.101 seconds
[2026-05-04T00:30:10.526+0000] {processor.py:186} INFO - Started process (PID=17484) to work on /home/ec2-user/environment/lab4_model_training/venv/lib64/python3.12/site-packages/airflow/example_dags/example_workday_timetable.py
[2026-05-04T00:30:10.528+0000] {processor.py:914} INFO - Processing file /home/ec2-user/environment/lab4_model_training/venv/lib64/python3.12/site-packages/airflow/example_dags/example_workday_timetable.py for tasks to queue
[2026-05-04T00:30:10.529+0000] {logging_mixin.py:190} INFO - [2026-05-04T00:30:10.529+0000] {dagbag.py:588} INFO - Filling up the DagBag from /home/ec2-user/environment/lab4_model_training/venv/lib64/python3.12/site-packages/airflow/example_dags/example_workday_timetable.py
[2026-05-04T00:30:10.535+0000] {processor.py:925} INFO - DAG(s) 'example_workday_timetable' retrieved from /home/ec2-user/environment/lab4_model_training/venv/lib64/python3.12/site-packages/airflow/example_dags/example_workday_timetable.py
[2026-05-04T00:30:10.547+0000] {logging_mixin.py:190} INFO - [2026-05-04T00:30:10.547+0000] {dag.py:3239} INFO - Sync 1 DAGs
[2026-05-04T00:30:10.598+0000] {logging_mixin.py:190} INFO - [2026-05-04T00:30:10.598+0000] {dag.py:4180} INFO - Setting next_dagrun for example_workday_timetable to 2021-01-04 00:00:00+00:00, run_after=2021-01-05 00:00:00+00:00
[2026-05-04T00:30:10.631+0000] {processor.py:208} INFO - Processing /home/ec2-user/environment/lab4_model_training/venv/lib64/python3.12/site-packages/airflow/example_dags/example_workday_timetable.py took 0.109 seconds
[2026-05-04T00:31:12.313+0000] {processor.py:186} INFO - Started process (PID=17938) to work on /home/ec2-user/environment/lab4_model_training/venv/lib64/python3.12/site-packages/airflow/example_dags/example_workday_timetable.py
[2026-05-04T00:31:12.314+0000] {processor.py:914} INFO - Processing file /home/ec2-user/environment/lab4_model_training/venv/lib64/python3.12/site-packages/airflow/example_dags/example_workday_timetable.py for tasks to queue
[2026-05-04T00:31:12.315+0000] {logging_mixin.py:190} INFO - [2026-05-04T00:31:12.315+0000] {dagbag.py:588} INFO - Filling up the DagBag from /home/ec2-user/environment/lab4_model_training/venv/lib64/python3.12/site-packages/airflow/example_dags/example_workday_timetable.py
[2026-05-04T00:31:12.320+0000] {processor.py:925} INFO - DAG(s) 'example_workday_timetable' retrieved from /home/ec2-user/environment/lab4_model_training/venv/lib64/python3.12/site-packages/airflow/example_dags/example_workday_timetable.py
[2026-05-04T00:31:12.333+0000] {logging_mixin.py:190} INFO - [2026-05-04T00:31:12.332+0000] {dag.py:3239} INFO - Sync 1 DAGs
[2026-05-04T00:31:12.379+0000] {logging_mixin.py:190} INFO - [2026-05-04T00:31:12.379+0000] {dag.py:4180} INFO - Setting next_dagrun for example_workday_timetable to 2021-01-04 00:00:00+00:00, run_after=2021-01-05 00:00:00+00:00
[2026-05-04T00:31:12.397+0000] {processor.py:208} INFO - Processing /home/ec2-user/environment/lab4_model_training/venv/lib64/python3.12/site-packages/airflow/example_dags/example_workday_timetable.py took 0.089 seconds
[2026-05-04T00:32:16.714+0000] {processor.py:186} INFO - Started process (PID=18361) to work on /home/ec2-user/environment/lab4_model_training/venv/lib64/python3.12/site-packages/airflow/example_dags/example_workday_timetable.py
[2026-05-04T00:32:16.715+0000] {processor.py:914} INFO - Processing file /home/ec2-user/environment/lab4_model_training/venv/lib64/python3.12/site-packages/airflow/example_dags/example_workday_timetable.py for tasks to queue
[2026-05-04T00:32:16.717+0000] {logging_mixin.py:190} INFO - [2026-05-04T00:32:16.717+0000] {dagbag.py:588} INFO - Filling up the DagBag from /home/ec2-user/environment/lab4_model_training/venv/lib64/python3.12/site-packages/airflow/example_dags/example_workday_timetable.py
[2026-05-04T00:32:16.723+0000] {processor.py:925} INFO - DAG(s) 'example_workday_timetable' retrieved from /home/ec2-user/environment/lab4_model_training/venv/lib64/python3.12/site-packages/airflow/example_dags/example_workday_timetable.py
[2026-05-04T00:32:16.739+0000] {logging_mixin.py:190} INFO - [2026-05-04T00:32:16.738+0000] {dag.py:3239} INFO - Sync 1 DAGs
[2026-05-04T00:32:16.788+0000] {logging_mixin.py:190} INFO - [2026-05-04T00:32:16.788+0000] {dag.py:4180} INFO - Setting next_dagrun for example_workday_timetable to 2021-01-04 00:00:00+00:00, run_after=2021-01-05 00:00:00+00:00
[2026-05-04T00:32:16.808+0000] {processor.py:208} INFO - Processing /home/ec2-user/environment/lab4_model_training/venv/lib64/python3.12/site-packages/airflow/example_dags/example_workday_timetable.py took 0.100 seconds
[2026-05-04T00:33:25.689+0000] {processor.py:186} INFO - Started process (PID=18866) to work on /home/ec2-user/environment/lab4_model_training/venv/lib64/python3.12/site-packages/airflow/example_dags/example_workday_timetable.py
[2026-05-04T00:33:25.690+0000] {processor.py:914} INFO - Processing file /home/ec2-user/environment/lab4_model_training/venv/lib64/python3.12/site-packages/airflow/example_dags/example_workday_timetable.py for tasks to queue
[2026-05-04T00:33:25.692+0000] {logging_mixin.py:190} INFO - [2026-05-04T00:33:25.691+0000] {dagbag.py:588} INFO - Filling up the DagBag from /home/ec2-user/environment/lab4_model_training/venv/lib64/python3.12/site-packages/airflow/example_dags/example_workday_timetable.py
[2026-05-04T00:33:25.697+0000] {processor.py:925} INFO - DAG(s) 'example_workday_timetable' retrieved from /home/ec2-user/environment/lab4_model_training/venv/lib64/python3.12/site-packages/airflow/example_dags/example_workday_timetable.py
[2026-05-04T00:33:25.709+0000] {logging_mixin.py:190} INFO - [2026-05-04T00:33:25.709+0000] {dag.py:3239} INFO - Sync 1 DAGs
[2026-05-04T00:33:25.756+0000] {logging_mixin.py:190} INFO - [2026-05-04T00:33:25.756+0000] {dag.py:4180} INFO - Setting next_dagrun for example_workday_timetable to 2021-01-04 00:00:00+00:00, run_after=2021-01-05 00:00:00+00:00
[2026-05-04T00:33:25.774+0000] {processor.py:208} INFO - Processing /home/ec2-user/environment/lab4_model_training/venv/lib64/python3.12/site-packages/airflow/example_dags/example_workday_timetable.py took 0.090 seconds
[2026-05-04T00:34:28.299+0000] {processor.py:186} INFO - Started process (PID=19289) to work on /home/ec2-user/environment/lab4_model_training/venv/lib64/python3.12/site-packages/airflow/example_dags/example_workday_timetable.py
[2026-05-04T00:34:28.300+0000] {processor.py:914} INFO - Processing file /home/ec2-user/environment/lab4_model_training/venv/lib64/python3.12/site-packages/airflow/example_dags/example_workday_timetable.py for tasks to queue
[2026-05-04T00:34:28.302+0000] {logging_mixin.py:190} INFO - [2026-05-04T00:34:28.301+0000] {dagbag.py:588} INFO - Filling up the DagBag from /home/ec2-user/environment/lab4_model_training/venv/lib64/python3.12/site-packages/airflow/example_dags/example_workday_timetable.py
[2026-05-04T00:34:28.308+0000] {processor.py:925} INFO - DAG(s) 'example_workday_timetable' retrieved from /home/ec2-user/environment/lab4_model_training/venv/lib64/python3.12/site-packages/airflow/example_dags/example_workday_timetable.py
[2026-05-04T00:34:28.323+0000] {logging_mixin.py:190} INFO - [2026-05-04T00:34:28.323+0000] {dag.py:3239} INFO - Sync 1 DAGs
[2026-05-04T00:34:28.372+0000] {logging_mixin.py:190} INFO - [2026-05-04T00:34:28.372+0000] {dag.py:4180} INFO - Setting next_dagrun for example_workday_timetable to 2021-01-04 00:00:00+00:00, run_after=2021-01-05 00:00:00+00:00
[2026-05-04T00:34:28.393+0000] {processor.py:208} INFO - Processing /home/ec2-user/environment/lab4_model_training/venv/lib64/python3.12/site-packages/airflow/example_dags/example_workday_timetable.py took 0.098 seconds
[2026-05-04T00:35:30.228+0000] {processor.py:186} INFO - Started process (PID=19720) to work on /home/ec2-user/environment/lab4_model_training/venv/lib64/python3.12/site-packages/airflow/example_dags/example_workday_timetable.py
[2026-05-04T00:35:30.229+0000] {processor.py:914} INFO - Processing file /home/ec2-user/environment/lab4_model_training/venv/lib64/python3.12/site-packages/airflow/example_dags/example_workday_timetable.py for tasks to queue
[2026-05-04T00:35:30.231+0000] {logging_mixin.py:190} INFO - [2026-05-04T00:35:30.231+0000] {dagbag.py:588} INFO - Filling up the DagBag from /home/ec2-user/environment/lab4_model_training/venv/lib64/python3.12/site-packages/airflow/example_dags/example_workday_timetable.py
[2026-05-04T00:35:30.236+0000] {processor.py:925} INFO - DAG(s) 'example_workday_timetable' retrieved from /home/ec2-user/environment/lab4_model_training/venv/lib64/python3.12/site-packages/airflow/example_dags/example_workday_timetable.py
[2026-05-04T00:35:30.248+0000] {logging_mixin.py:190} INFO - [2026-05-04T00:35:30.248+0000] {dag.py:3239} INFO - Sync 1 DAGs
[2026-05-04T00:35:30.294+0000] {logging_mixin.py:190} INFO - [2026-05-04T00:35:30.294+0000] {dag.py:4180} INFO - Setting next_dagrun for example_workday_timetable to 2021-01-04 00:00:00+00:00, run_after=2021-01-05 00:00:00+00:00
[2026-05-04T00:35:30.313+0000] {processor.py:208} INFO - Processing /home/ec2-user/environment/lab4_model_training/venv/lib64/python3.12/site-packages/airflow/example_dags/example_workday_timetable.py took 0.089 seconds
[2026-05-04T00:36:32.561+0000] {processor.py:186} INFO - Started process (PID=20114) to work on /home/ec2-user/environment/lab4_model_training/venv/lib64/python3.12/site-packages/airflow/example_dags/example_workday_timetable.py
[2026-05-04T00:36:32.562+0000] {processor.py:914} INFO - Processing file /home/ec2-user/environment/lab4_model_training/venv/lib64/python3.12/site-packages/airflow/example_dags/example_workday_timetable.py for tasks to queue
[2026-05-04T00:36:32.564+0000] {logging_mixin.py:190} INFO - [2026-05-04T00:36:32.564+0000] {dagbag.py:588} INFO - Filling up the DagBag from /home/ec2-user/environment/lab4_model_training/venv/lib64/python3.12/site-packages/airflow/example_dags/example_workday_timetable.py
[2026-05-04T00:36:32.570+0000] {processor.py:925} INFO - DAG(s) 'example_workday_timetable' retrieved from /home/ec2-user/environment/lab4_model_training/venv/lib64/python3.12/site-packages/airflow/example_dags/example_workday_timetable.py
[2026-05-04T00:36:32.585+0000] {logging_mixin.py:190} INFO - [2026-05-04T00:36:32.585+0000] {dag.py:3239} INFO - Sync 1 DAGs
[2026-05-04T00:36:32.633+0000] {logging_mixin.py:190} INFO - [2026-05-04T00:36:32.632+0000] {dag.py:4180} INFO - Setting next_dagrun for example_workday_timetable to 2021-01-04 00:00:00+00:00, run_after=2021-01-05 00:00:00+00:00
[2026-05-04T00:36:32.653+0000] {processor.py:208} INFO - Processing /home/ec2-user/environment/lab4_model_training/venv/lib64/python3.12/site-packages/airflow/example_dags/example_workday_timetable.py took 0.097 seconds
[2026-05-04T00:37:37.318+0000] {processor.py:186} INFO - Started process (PID=20242) to work on /home/ec2-user/environment/lab4_model_training/venv/lib64/python3.12/site-packages/airflow/example_dags/example_workday_timetable.py
[2026-05-04T00:37:37.320+0000] {processor.py:914} INFO - Processing file /home/ec2-user/environment/lab4_model_training/venv/lib64/python3.12/site-packages/airflow/example_dags/example_workday_timetable.py for tasks to queue
[2026-05-04T00:37:37.321+0000] {logging_mixin.py:190} INFO - [2026-05-04T00:37:37.321+0000] {dagbag.py:588} INFO - Filling up the DagBag from /home/ec2-user/environment/lab4_model_training/venv/lib64/python3.12/site-packages/airflow/example_dags/example_workday_timetable.py
[2026-05-04T00:37:37.326+0000] {processor.py:925} INFO - DAG(s) 'example_workday_timetable' retrieved from /home/ec2-user/environment/lab4_model_training/venv/lib64/python3.12/site-packages/airflow/example_dags/example_workday_timetable.py
[2026-05-04T00:37:37.338+0000] {logging_mixin.py:190} INFO - [2026-05-04T00:37:37.338+0000] {dag.py:3239} INFO - Sync 1 DAGs
[2026-05-04T00:37:37.385+0000] {logging_mixin.py:190} INFO - [2026-05-04T00:37:37.385+0000] {dag.py:4180} INFO - Setting next_dagrun for example_workday_timetable to 2021-01-04 00:00:00+00:00, run_after=2021-01-05 00:00:00+00:00
[2026-05-04T00:37:37.403+0000] {processor.py:208} INFO - Processing /home/ec2-user/environment/lab4_model_training/venv/lib64/python3.12/site-packages/airflow/example_dags/example_workday_timetable.py took 0.089 seconds
[2026-05-04T00:38:44.137+0000] {processor.py:186} INFO - Started process (PID=20411) to work on /home/ec2-user/environment/lab4_model_training/venv/lib64/python3.12/site-packages/airflow/example_dags/example_workday_timetable.py
[2026-05-04T00:38:44.138+0000] {processor.py:914} INFO - Processing file /home/ec2-user/environment/lab4_model_training/venv/lib64/python3.12/site-packages/airflow/example_dags/example_workday_timetable.py for tasks to queue
[2026-05-04T00:38:44.140+0000] {logging_mixin.py:190} INFO - [2026-05-04T00:38:44.140+0000] {dagbag.py:588} INFO - Filling up the DagBag from /home/ec2-user/environment/lab4_model_training/venv/lib64/python3.12/site-packages/airflow/example_dags/example_workday_timetable.py
[2026-05-04T00:38:44.145+0000] {processor.py:925} INFO - DAG(s) 'example_workday_timetable' retrieved from /home/ec2-user/environment/lab4_model_training/venv/lib64/python3.12/site-packages/airflow/example_dags/example_workday_timetable.py
[2026-05-04T00:38:44.156+0000] {logging_mixin.py:190} INFO - [2026-05-04T00:38:44.156+0000] {dag.py:3239} INFO - Sync 1 DAGs
[2026-05-04T00:38:44.202+0000] {logging_mixin.py:190} INFO - [2026-05-04T00:38:44.202+0000] {dag.py:4180} INFO - Setting next_dagrun for example_workday_timetable to 2021-01-04 00:00:00+00:00, run_after=2021-01-05 00:00:00+00:00
[2026-05-04T00:38:44.220+0000] {processor.py:208} INFO - Processing /home/ec2-user/environment/lab4_model_training/venv/lib64/python3.12/site-packages/airflow/example_dags/example_workday_timetable.py took 0.087 seconds
[2026-05-04T00:39:47.086+0000] {processor.py:186} INFO - Started process (PID=20501) to work on /home/ec2-user/environment/lab4_model_training/venv/lib64/python3.12/site-packages/airflow/example_dags/example_workday_timetable.py
[2026-05-04T00:39:47.087+0000] {processor.py:914} INFO - Processing file /home/ec2-user/environment/lab4_model_training/venv/lib64/python3.12/site-packages/airflow/example_dags/example_workday_timetable.py for tasks to queue
[2026-05-04T00:39:47.089+0000] {logging_mixin.py:190} INFO - [2026-05-04T00:39:47.089+0000] {dagbag.py:588} INFO - Filling up the DagBag from /home/ec2-user/environment/lab4_model_training/venv/lib64/python3.12/site-packages/airflow/example_dags/example_workday_timetable.py
[2026-05-04T00:39:47.094+0000] {processor.py:925} INFO - DAG(s) 'example_workday_timetable' retrieved from /home/ec2-user/environment/lab4_model_training/venv/lib64/python3.12/site-packages/airflow/example_dags/example_workday_timetable.py
[2026-05-04T00:39:47.107+0000] {logging_mixin.py:190} INFO - [2026-05-04T00:39:47.106+0000] {dag.py:3239} INFO - Sync 1 DAGs
[2026-05-04T00:39:47.153+0000] {logging_mixin.py:190} INFO - [2026-05-04T00:39:47.153+0000] {dag.py:4180} INFO - Setting next_dagrun for example_workday_timetable to 2021-01-04 00:00:00+00:00, run_after=2021-01-05 00:00:00+00:00
[2026-05-04T00:39:47.172+0000] {processor.py:208} INFO - Processing /home/ec2-user/environment/lab4_model_training/venv/lib64/python3.12/site-packages/airflow/example_dags/example_workday_timetable.py took 0.090 seconds
[2026-05-04T00:40:47.534+0000] {processor.py:186} INFO - Started process (PID=20640) to work on /home/ec2-user/environment/lab4_model_training/venv/lib64/python3.12/site-packages/airflow/example_dags/example_workday_timetable.py
[2026-05-04T00:40:47.535+0000] {processor.py:914} INFO - Processing file /home/ec2-user/environment/lab4_model_training/venv/lib64/python3.12/site-packages/airflow/example_dags/example_workday_timetable.py for tasks to queue
[2026-05-04T00:40:47.538+0000] {logging_mixin.py:190} INFO - [2026-05-04T00:40:47.537+0000] {dagbag.py:588} INFO - Filling up the DagBag from /home/ec2-user/environment/lab4_model_training/venv/lib64/python3.12/site-packages/airflow/example_dags/example_workday_timetable.py
[2026-05-04T00:40:47.543+0000] {processor.py:925} INFO - DAG(s) 'example_workday_timetable' retrieved from /home/ec2-user/environment/lab4_model_training/venv/lib64/python3.12/site-packages/airflow/example_dags/example_workday_timetable.py
[2026-05-04T00:40:47.555+0000] {logging_mixin.py:190} INFO - [2026-05-04T00:40:47.555+0000] {dag.py:3239} INFO - Sync 1 DAGs
[2026-05-04T00:40:47.601+0000] {logging_mixin.py:190} INFO - [2026-05-04T00:40:47.601+0000] {dag.py:4180} INFO - Setting next_dagrun for example_workday_timetable to 2021-01-04 00:00:00+00:00, run_after=2021-01-05 00:00:00+00:00
[2026-05-04T00:40:47.620+0000] {processor.py:208} INFO - Processing /home/ec2-user/environment/lab4_model_training/venv/lib64/python3.12/site-packages/airflow/example_dags/example_workday_timetable.py took 0.090 seconds
[2026-05-04T00:41:52.340+0000] {processor.py:186} INFO - Started process (PID=20779) to work on /home/ec2-user/environment/lab4_model_training/venv/lib64/python3.12/site-packages/airflow/example_dags/example_workday_timetable.py
[2026-05-04T00:41:52.341+0000] {processor.py:914} INFO - Processing file /home/ec2-user/environment/lab4_model_training/venv/lib64/python3.12/site-packages/airflow/example_dags/example_workday_timetable.py for tasks to queue
[2026-05-04T00:41:52.343+0000] {logging_mixin.py:190} INFO - [2026-05-04T00:41:52.343+0000] {dagbag.py:588} INFO - Filling up the DagBag from /home/ec2-user/environment/lab4_model_training/venv/lib64/python3.12/site-packages/airflow/example_dags/example_workday_timetable.py
[2026-05-04T00:41:52.347+0000] {processor.py:925} INFO - DAG(s) 'example_workday_timetable' retrieved from /home/ec2-user/environment/lab4_model_training/venv/lib64/python3.12/site-packages/airflow/example_dags/example_workday_timetable.py
[2026-05-04T00:41:52.359+0000] {logging_mixin.py:190} INFO - [2026-05-04T00:41:52.359+0000] {dag.py:3239} INFO - Sync 1 DAGs
[2026-05-04T00:41:52.405+0000] {logging_mixin.py:190} INFO - [2026-05-04T00:41:52.405+0000] {dag.py:4180} INFO - Setting next_dagrun for example_workday_timetable to 2021-01-04 00:00:00+00:00, run_after=2021-01-05 00:00:00+00:00
[2026-05-04T00:41:52.423+0000] {processor.py:208} INFO - Processing /home/ec2-user/environment/lab4_model_training/venv/lib64/python3.12/site-packages/airflow/example_dags/example_workday_timetable.py took 0.087 seconds
[2026-05-04T00:42:57.346+0000] {processor.py:186} INFO - Started process (PID=20875) to work on /home/ec2-user/environment/lab4_model_training/venv/lib64/python3.12/site-packages/airflow/example_dags/example_workday_timetable.py
[2026-05-04T00:42:57.348+0000] {processor.py:914} INFO - Processing file /home/ec2-user/environment/lab4_model_training/venv/lib64/python3.12/site-packages/airflow/example_dags/example_workday_timetable.py for tasks to queue
[2026-05-04T00:42:57.349+0000] {logging_mixin.py:190} INFO - [2026-05-04T00:42:57.349+0000] {dagbag.py:588} INFO - Filling up the DagBag from /home/ec2-user/environment/lab4_model_training/venv/lib64/python3.12/site-packages/airflow/example_dags/example_workday_timetable.py
[2026-05-04T00:42:57.354+0000] {processor.py:925} INFO - DAG(s) 'example_workday_timetable' retrieved from /home/ec2-user/environment/lab4_model_training/venv/lib64/python3.12/site-packages/airflow/example_dags/example_workday_timetable.py
[2026-05-04T00:42:57.366+0000] {logging_mixin.py:190} INFO - [2026-05-04T00:42:57.365+0000] {dag.py:3239} INFO - Sync 1 DAGs
[2026-05-04T00:42:57.412+0000] {logging_mixin.py:190} INFO - [2026-05-04T00:42:57.412+0000] {dag.py:4180} INFO - Setting next_dagrun for example_workday_timetable to 2021-01-04 00:00:00+00:00, run_after=2021-01-05 00:00:00+00:00
[2026-05-04T00:42:57.432+0000] {processor.py:208} INFO - Processing /home/ec2-user/environment/lab4_model_training/venv/lib64/python3.12/site-packages/airflow/example_dags/example_workday_timetable.py took 0.090 seconds
[2026-05-04T00:44:02.637+0000] {processor.py:186} INFO - Started process (PID=21065) to work on /home/ec2-user/environment/lab4_model_training/venv/lib64/python3.12/site-packages/airflow/example_dags/example_workday_timetable.py
[2026-05-04T00:44:02.638+0000] {processor.py:914} INFO - Processing file /home/ec2-user/environment/lab4_model_training/venv/lib64/python3.12/site-packages/airflow/example_dags/example_workday_timetable.py for tasks to queue
[2026-05-04T00:44:02.639+0000] {logging_mixin.py:190} INFO - [2026-05-04T00:44:02.639+0000] {dagbag.py:588} INFO - Filling up the DagBag from /home/ec2-user/environment/lab4_model_training/venv/lib64/python3.12/site-packages/airflow/example_dags/example_workday_timetable.py
[2026-05-04T00:44:02.644+0000] {processor.py:925} INFO - DAG(s) 'example_workday_timetable' retrieved from /home/ec2-user/environment/lab4_model_training/venv/lib64/python3.12/site-packages/airflow/example_dags/example_workday_timetable.py
[2026-05-04T00:44:02.655+0000] {logging_mixin.py:190} INFO - [2026-05-04T00:44:02.655+0000] {dag.py:3239} INFO - Sync 1 DAGs
[2026-05-04T00:44:02.701+0000] {logging_mixin.py:190} INFO - [2026-05-04T00:44:02.701+0000] {dag.py:4180} INFO - Setting next_dagrun for example_workday_timetable to 2021-01-04 00:00:00+00:00, run_after=2021-01-05 00:00:00+00:00
[2026-05-04T00:44:02.718+0000] {processor.py:208} INFO - Processing /home/ec2-user/environment/lab4_model_training/venv/lib64/python3.12/site-packages/airflow/example_dags/example_workday_timetable.py took 0.086 seconds
[2026-05-04T00:45:06.172+0000] {processor.py:186} INFO - Started process (PID=21154) to work on /home/ec2-user/environment/lab4_model_training/venv/lib64/python3.12/site-packages/airflow/example_dags/example_workday_timetable.py
[2026-05-04T00:45:06.173+0000] {processor.py:914} INFO - Processing file /home/ec2-user/environment/lab4_model_training/venv/lib64/python3.12/site-packages/airflow/example_dags/example_workday_timetable.py for tasks to queue
[2026-05-04T00:45:06.175+0000] {logging_mixin.py:190} INFO - [2026-05-04T00:45:06.175+0000] {dagbag.py:588} INFO - Filling up the DagBag from /home/ec2-user/environment/lab4_model_training/venv/lib64/python3.12/site-packages/airflow/example_dags/example_workday_timetable.py
[2026-05-04T00:45:06.180+0000] {processor.py:925} INFO - DAG(s) 'example_workday_timetable' retrieved from /home/ec2-user/environment/lab4_model_training/venv/lib64/python3.12/site-packages/airflow/example_dags/example_workday_timetable.py
[2026-05-04T00:45:06.194+0000] {logging_mixin.py:190} INFO - [2026-05-04T00:45:06.194+0000] {dag.py:3239} INFO - Sync 1 DAGs
[2026-05-04T00:45:06.246+0000] {logging_mixin.py:190} INFO - [2026-05-04T00:45:06.245+0000] {dag.py:4180} INFO - Setting next_dagrun for example_workday_timetable to 2021-01-04 00:00:00+00:00, run_after=2021-01-05 00:00:00+00:00
[2026-05-04T00:45:06.263+0000] {processor.py:208} INFO - Processing /home/ec2-user/environment/lab4_model_training/venv/lib64/python3.12/site-packages/airflow/example_dags/example_workday_timetable.py took 0.097 seconds
[2026-05-04T00:46:09.917+0000] {processor.py:186} INFO - Started process (PID=21291) to work on /home/ec2-user/environment/lab4_model_training/venv/lib64/python3.12/site-packages/airflow/example_dags/example_workday_timetable.py
[2026-05-04T00:46:09.919+0000] {processor.py:914} INFO - Processing file /home/ec2-user/environment/lab4_model_training/venv/lib64/python3.12/site-packages/airflow/example_dags/example_workday_timetable.py for tasks to queue
[2026-05-04T00:46:09.920+0000] {logging_mixin.py:190} INFO - [2026-05-04T00:46:09.920+0000] {dagbag.py:588} INFO - Filling up the DagBag from /home/ec2-user/environment/lab4_model_training/venv/lib64/python3.12/site-packages/airflow/example_dags/example_workday_timetable.py
[2026-05-04T00:46:09.924+0000] {processor.py:925} INFO - DAG(s) 'example_workday_timetable' retrieved from /home/ec2-user/environment/lab4_model_training/venv/lib64/python3.12/site-packages/airflow/example_dags/example_workday_timetable.py
[2026-05-04T00:46:09.939+0000] {logging_mixin.py:190} INFO - [2026-05-04T00:46:09.939+0000] {dag.py:3239} INFO - Sync 1 DAGs
[2026-05-04T00:46:09.986+0000] {logging_mixin.py:190} INFO - [2026-05-04T00:46:09.986+0000] {dag.py:4180} INFO - Setting next_dagrun for example_workday_timetable to 2021-01-04 00:00:00+00:00, run_after=2021-01-05 00:00:00+00:00
[2026-05-04T00:46:10.004+0000] {processor.py:208} INFO - Processing /home/ec2-user/environment/lab4_model_training/venv/lib64/python3.12/site-packages/airflow/example_dags/example_workday_timetable.py took 0.090 seconds
[2026-05-04T00:47:14.356+0000] {processor.py:186} INFO - Started process (PID=21380) to work on /home/ec2-user/environment/lab4_model_training/venv/lib64/python3.12/site-packages/airflow/example_dags/example_workday_timetable.py
[2026-05-04T00:47:14.357+0000] {processor.py:914} INFO - Processing file /home/ec2-user/environment/lab4_model_training/venv/lib64/python3.12/site-packages/airflow/example_dags/example_workday_timetable.py for tasks to queue
[2026-05-04T00:47:14.358+0000] {logging_mixin.py:190} INFO - [2026-05-04T00:47:14.358+0000] {dagbag.py:588} INFO - Filling up the DagBag from /home/ec2-user/environment/lab4_model_training/venv/lib64/python3.12/site-packages/airflow/example_dags/example_workday_timetable.py
[2026-05-04T00:47:14.363+0000] {processor.py:925} INFO - DAG(s) 'example_workday_timetable' retrieved from /home/ec2-user/environment/lab4_model_training/venv/lib64/python3.12/site-packages/airflow/example_dags/example_workday_timetable.py
[2026-05-04T00:47:14.374+0000] {logging_mixin.py:190} INFO - [2026-05-04T00:47:14.374+0000] {dag.py:3239} INFO - Sync 1 DAGs
[2026-05-04T00:47:14.419+0000] {logging_mixin.py:190} INFO - [2026-05-04T00:47:14.419+0000] {dag.py:4180} INFO - Setting next_dagrun for example_workday_timetable to 2021-01-04 00:00:00+00:00, run_after=2021-01-05 00:00:00+00:00
[2026-05-04T00:47:14.436+0000] {processor.py:208} INFO - Processing /home/ec2-user/environment/lab4_model_training/venv/lib64/python3.12/site-packages/airflow/example_dags/example_workday_timetable.py took 0.085 seconds
[2026-05-04T00:48:14.119+0000] {processor.py:186} INFO - Started process (PID=21513) to work on /home/ec2-user/environment/lab4_model_training/venv/lib64/python3.12/site-packages/airflow/example_dags/example_workday_timetable.py
[2026-05-04T00:48:14.120+0000] {processor.py:914} INFO - Processing file /home/ec2-user/environment/lab4_model_training/venv/lib64/python3.12/site-packages/airflow/example_dags/example_workday_timetable.py for tasks to queue
[2026-05-04T00:48:14.121+0000] {logging_mixin.py:190} INFO - [2026-05-04T00:48:14.121+0000] {dagbag.py:588} INFO - Filling up the DagBag from /home/ec2-user/environment/lab4_model_training/venv/lib64/python3.12/site-packages/airflow/example_dags/example_workday_timetable.py
[2026-05-04T00:48:14.126+0000] {processor.py:925} INFO - DAG(s) 'example_workday_timetable' retrieved from /home/ec2-user/environment/lab4_model_training/venv/lib64/python3.12/site-packages/airflow/example_dags/example_workday_timetable.py
[2026-05-04T00:48:14.137+0000] {logging_mixin.py:190} INFO - [2026-05-04T00:48:14.137+0000] {dag.py:3239} INFO - Sync 1 DAGs
[2026-05-04T00:48:14.183+0000] {logging_mixin.py:190} INFO - [2026-05-04T00:48:14.183+0000] {dag.py:4180} INFO - Setting next_dagrun for example_workday_timetable to 2021-01-04 00:00:00+00:00, run_after=2021-01-05 00:00:00+00:00
[2026-05-04T00:48:14.201+0000] {processor.py:208} INFO - Processing /home/ec2-user/environment/lab4_model_training/venv/lib64/python3.12/site-packages/airflow/example_dags/example_workday_timetable.py took 0.087 seconds
[2026-05-04T00:49:21.619+0000] {processor.py:186} INFO - Started process (PID=21601) to work on /home/ec2-user/environment/lab4_model_training/venv/lib64/python3.12/site-packages/airflow/example_dags/example_workday_timetable.py
[2026-05-04T00:49:21.620+0000] {processor.py:914} INFO - Processing file /home/ec2-user/environment/lab4_model_training/venv/lib64/python3.12/site-packages/airflow/example_dags/example_workday_timetable.py for tasks to queue
[2026-05-04T00:49:21.621+0000] {logging_mixin.py:190} INFO - [2026-05-04T00:49:21.621+0000] {dagbag.py:588} INFO - Filling up the DagBag from /home/ec2-user/environment/lab4_model_training/venv/lib64/python3.12/site-packages/airflow/example_dags/example_workday_timetable.py
[2026-05-04T00:49:21.626+0000] {processor.py:925} INFO - DAG(s) 'example_workday_timetable' retrieved from /home/ec2-user/environment/lab4_model_training/venv/lib64/python3.12/site-packages/airflow/example_dags/example_workday_timetable.py
[2026-05-04T00:49:21.637+0000] {logging_mixin.py:190} INFO - [2026-05-04T00:49:21.637+0000] {dag.py:3239} INFO - Sync 1 DAGs
[2026-05-04T00:49:21.683+0000] {logging_mixin.py:190} INFO - [2026-05-04T00:49:21.683+0000] {dag.py:4180} INFO - Setting next_dagrun for example_workday_timetable to 2021-01-04 00:00:00+00:00, run_after=2021-01-05 00:00:00+00:00
[2026-05-04T00:49:21.701+0000] {processor.py:208} INFO - Processing /home/ec2-user/environment/lab4_model_training/venv/lib64/python3.12/site-packages/airflow/example_dags/example_workday_timetable.py took 0.086 seconds
[2026-05-04T00:50:25.455+0000] {processor.py:186} INFO - Started process (PID=21930) to work on /home/ec2-user/environment/lab4_model_training/venv/lib64/python3.12/site-packages/airflow/example_dags/example_workday_timetable.py
[2026-05-04T00:50:25.456+0000] {processor.py:914} INFO - Processing file /home/ec2-user/environment/lab4_model_training/venv/lib64/python3.12/site-packages/airflow/example_dags/example_workday_timetable.py for tasks to queue
[2026-05-04T00:50:25.458+0000] {logging_mixin.py:190} INFO - [2026-05-04T00:50:25.458+0000] {dagbag.py:588} INFO - Filling up the DagBag from /home/ec2-user/environment/lab4_model_training/venv/lib64/python3.12/site-packages/airflow/example_dags/example_workday_timetable.py
[2026-05-04T00:50:25.463+0000] {processor.py:925} INFO - DAG(s) 'example_workday_timetable' retrieved from /home/ec2-user/environment/lab4_model_training/venv/lib64/python3.12/site-packages/airflow/example_dags/example_workday_timetable.py
[2026-05-04T00:50:25.474+0000] {logging_mixin.py:190} INFO - [2026-05-04T00:50:25.474+0000] {dag.py:3239} INFO - Sync 1 DAGs
[2026-05-04T00:50:25.524+0000] {logging_mixin.py:190} INFO - [2026-05-04T00:50:25.524+0000] {dag.py:4180} INFO - Setting next_dagrun for example_workday_timetable to 2021-01-04 00:00:00+00:00, run_after=2021-01-05 00:00:00+00:00
[2026-05-04T00:50:25.541+0000] {processor.py:208} INFO - Processing /home/ec2-user/environment/lab4_model_training/venv/lib64/python3.12/site-packages/airflow/example_dags/example_workday_timetable.py took 0.090 seconds
[2026-05-04T00:51:31.797+0000] {processor.py:186} INFO - Started process (PID=22135) to work on /home/ec2-user/environment/lab4_model_training/venv/lib64/python3.12/site-packages/airflow/example_dags/example_workday_timetable.py
[2026-05-04T00:51:31.798+0000] {processor.py:914} INFO - Processing file /home/ec2-user/environment/lab4_model_training/venv/lib64/python3.12/site-packages/airflow/example_dags/example_workday_timetable.py for tasks to queue
[2026-05-04T00:51:31.799+0000] {logging_mixin.py:190} INFO - [2026-05-04T00:51:31.799+0000] {dagbag.py:588} INFO - Filling up the DagBag from /home/ec2-user/environment/lab4_model_training/venv/lib64/python3.12/site-packages/airflow/example_dags/example_workday_timetable.py
[2026-05-04T00:51:31.804+0000] {processor.py:925} INFO - DAG(s) 'example_workday_timetable' retrieved from /home/ec2-user/environment/lab4_model_training/venv/lib64/python3.12/site-packages/airflow/example_dags/example_workday_timetable.py
[2026-05-04T00:51:31.815+0000] {logging_mixin.py:190} INFO - [2026-05-04T00:51:31.815+0000] {dag.py:3239} INFO - Sync 1 DAGs
[2026-05-04T00:51:31.860+0000] {logging_mixin.py:190} INFO - [2026-05-04T00:51:31.860+0000] {dag.py:4180} INFO - Setting next_dagrun for example_workday_timetable to 2021-01-04 00:00:00+00:00, run_after=2021-01-05 00:00:00+00:00
[2026-05-04T00:51:31.877+0000] {processor.py:208} INFO - Processing /home/ec2-user/environment/lab4_model_training/venv/lib64/python3.12/site-packages/airflow/example_dags/example_workday_timetable.py took 0.085 seconds
[2026-05-04T00:52:34.163+0000] {processor.py:186} INFO - Started process (PID=22330) to work on /home/ec2-user/environment/lab4_model_training/venv/lib64/python3.12/site-packages/airflow/example_dags/example_workday_timetable.py
[2026-05-04T00:52:34.164+0000] {processor.py:914} INFO - Processing file /home/ec2-user/environment/lab4_model_training/venv/lib64/python3.12/site-packages/airflow/example_dags/example_workday_timetable.py for tasks to queue
[2026-05-04T00:52:34.166+0000] {logging_mixin.py:190} INFO - [2026-05-04T00:52:34.166+0000] {dagbag.py:588} INFO - Filling up the DagBag from /home/ec2-user/environment/lab4_model_training/venv/lib64/python3.12/site-packages/airflow/example_dags/example_workday_timetable.py
[2026-05-04T00:52:34.170+0000] {processor.py:925} INFO - DAG(s) 'example_workday_timetable' retrieved from /home/ec2-user/environment/lab4_model_training/venv/lib64/python3.12/site-packages/airflow/example_dags/example_workday_timetable.py
[2026-05-04T00:52:34.182+0000] {logging_mixin.py:190} INFO - [2026-05-04T00:52:34.182+0000] {dag.py:3239} INFO - Sync 1 DAGs
[2026-05-04T00:52:34.227+0000] {logging_mixin.py:190} INFO - [2026-05-04T00:52:34.227+0000] {dag.py:4180} INFO - Setting next_dagrun for example_workday_timetable to 2021-01-04 00:00:00+00:00, run_after=2021-01-05 00:00:00+00:00
[2026-05-04T00:52:34.245+0000] {processor.py:208} INFO - Processing /home/ec2-user/environment/lab4_model_training/venv/lib64/python3.12/site-packages/airflow/example_dags/example_workday_timetable.py took 0.086 seconds
[2026-05-04T00:53:36.832+0000] {processor.py:186} INFO - Started process (PID=22455) to work on /home/ec2-user/environment/lab4_model_training/venv/lib64/python3.12/site-packages/airflow/example_dags/example_workday_timetable.py
[2026-05-04T00:53:36.833+0000] {processor.py:914} INFO - Processing file /home/ec2-user/environment/lab4_model_training/venv/lib64/python3.12/site-packages/airflow/example_dags/example_workday_timetable.py for tasks to queue
[2026-05-04T00:53:36.835+0000] {logging_mixin.py:190} INFO - [2026-05-04T00:53:36.834+0000] {dagbag.py:588} INFO - Filling up the DagBag from /home/ec2-user/environment/lab4_model_training/venv/lib64/python3.12/site-packages/airflow/example_dags/example_workday_timetable.py
[2026-05-04T00:53:36.840+0000] {processor.py:925} INFO - DAG(s) 'example_workday_timetable' retrieved from /home/ec2-user/environment/lab4_model_training/venv/lib64/python3.12/site-packages/airflow/example_dags/example_workday_timetable.py
[2026-05-04T00:53:36.851+0000] {logging_mixin.py:190} INFO - [2026-05-04T00:53:36.851+0000] {dag.py:3239} INFO - Sync 1 DAGs
[2026-05-04T00:53:36.897+0000] {logging_mixin.py:190} INFO - [2026-05-04T00:53:36.897+0000] {dag.py:4180} INFO - Setting next_dagrun for example_workday_timetable to 2021-01-04 00:00:00+00:00, run_after=2021-01-05 00:00:00+00:00
[2026-05-04T00:53:36.915+0000] {processor.py:208} INFO - Processing /home/ec2-user/environment/lab4_model_training/venv/lib64/python3.12/site-packages/airflow/example_dags/example_workday_timetable.py took 0.088 seconds
[2026-05-04T00:54:47.272+0000] {processor.py:186} INFO - Started process (PID=22658) to work on /home/ec2-user/environment/lab4_model_training/venv/lib64/python3.12/site-packages/airflow/example_dags/example_workday_timetable.py
[2026-05-04T00:54:47.273+0000] {processor.py:914} INFO - Processing file /home/ec2-user/environment/lab4_model_training/venv/lib64/python3.12/site-packages/airflow/example_dags/example_workday_timetable.py for tasks to queue
[2026-05-04T00:54:47.274+0000] {logging_mixin.py:190} INFO - [2026-05-04T00:54:47.274+0000] {dagbag.py:588} INFO - Filling up the DagBag from /home/ec2-user/environment/lab4_model_training/venv/lib64/python3.12/site-packages/airflow/example_dags/example_workday_timetable.py
[2026-05-04T00:54:47.279+0000] {processor.py:925} INFO - DAG(s) 'example_workday_timetable' retrieved from /home/ec2-user/environment/lab4_model_training/venv/lib64/python3.12/site-packages/airflow/example_dags/example_workday_timetable.py
[2026-05-04T00:54:47.291+0000] {logging_mixin.py:190} INFO - [2026-05-04T00:54:47.290+0000] {dag.py:3239} INFO - Sync 1 DAGs
[2026-05-04T00:54:47.337+0000] {logging_mixin.py:190} INFO - [2026-05-04T00:54:47.336+0000] {dag.py:4180} INFO - Setting next_dagrun for example_workday_timetable to 2021-01-04 00:00:00+00:00, run_after=2021-01-05 00:00:00+00:00
[2026-05-04T00:54:47.354+0000] {processor.py:208} INFO - Processing /home/ec2-user/environment/lab4_model_training/venv/lib64/python3.12/site-packages/airflow/example_dags/example_workday_timetable.py took 0.086 seconds
[2026-05-04T00:55:47.315+0000] {processor.py:186} INFO - Started process (PID=22787) to work on /home/ec2-user/environment/lab4_model_training/venv/lib64/python3.12/site-packages/airflow/example_dags/example_workday_timetable.py
[2026-05-04T00:55:47.316+0000] {processor.py:914} INFO - Processing file /home/ec2-user/environment/lab4_model_training/venv/lib64/python3.12/site-packages/airflow/example_dags/example_workday_timetable.py for tasks to queue
[2026-05-04T00:55:47.317+0000] {logging_mixin.py:190} INFO - [2026-05-04T00:55:47.317+0000] {dagbag.py:588} INFO - Filling up the DagBag from /home/ec2-user/environment/lab4_model_training/venv/lib64/python3.12/site-packages/airflow/example_dags/example_workday_timetable.py
[2026-05-04T00:55:47.321+0000] {processor.py:925} INFO - DAG(s) 'example_workday_timetable' retrieved from /home/ec2-user/environment/lab4_model_training/venv/lib64/python3.12/site-packages/airflow/example_dags/example_workday_timetable.py
[2026-05-04T00:55:47.332+0000] {logging_mixin.py:190} INFO - [2026-05-04T00:55:47.332+0000] {dag.py:3239} INFO - Sync 1 DAGs
[2026-05-04T00:55:47.377+0000] {logging_mixin.py:190} INFO - [2026-05-04T00:55:47.377+0000] {dag.py:4180} INFO - Setting next_dagrun for example_workday_timetable to 2021-01-04 00:00:00+00:00, run_after=2021-01-05 00:00:00+00:00
[2026-05-04T00:55:47.393+0000] {processor.py:208} INFO - Processing /home/ec2-user/environment/lab4_model_training/venv/lib64/python3.12/site-packages/airflow/example_dags/example_workday_timetable.py took 0.083 seconds
[2026-05-04T00:56:52.186+0000] {processor.py:186} INFO - Started process (PID=22962) to work on /home/ec2-user/environment/lab4_model_training/venv/lib64/python3.12/site-packages/airflow/example_dags/example_workday_timetable.py
[2026-05-04T00:56:52.188+0000] {processor.py:914} INFO - Processing file /home/ec2-user/environment/lab4_model_training/venv/lib64/python3.12/site-packages/airflow/example_dags/example_workday_timetable.py for tasks to queue
[2026-05-04T00:56:52.189+0000] {logging_mixin.py:190} INFO - [2026-05-04T00:56:52.189+0000] {dagbag.py:588} INFO - Filling up the DagBag from /home/ec2-user/environment/lab4_model_training/venv/lib64/python3.12/site-packages/airflow/example_dags/example_workday_timetable.py
[2026-05-04T00:56:52.194+0000] {processor.py:925} INFO - DAG(s) 'example_workday_timetable' retrieved from /home/ec2-user/environment/lab4_model_training/venv/lib64/python3.12/site-packages/airflow/example_dags/example_workday_timetable.py
[2026-05-04T00:56:52.205+0000] {logging_mixin.py:190} INFO - [2026-05-04T00:56:52.205+0000] {dag.py:3239} INFO - Sync 1 DAGs
[2026-05-04T00:56:52.252+0000] {logging_mixin.py:190} INFO - [2026-05-04T00:56:52.252+0000] {dag.py:4180} INFO - Setting next_dagrun for example_workday_timetable to 2021-01-04 00:00:00+00:00, run_after=2021-01-05 00:00:00+00:00
[2026-05-04T00:56:52.269+0000] {processor.py:208} INFO - Processing /home/ec2-user/environment/lab4_model_training/venv/lib64/python3.12/site-packages/airflow/example_dags/example_workday_timetable.py took 0.088 seconds
[2026-05-04T00:57:59.113+0000] {processor.py:186} INFO - Started process (PID=23100) to work on /home/ec2-user/environment/lab4_model_training/venv/lib64/python3.12/site-packages/airflow/example_dags/example_workday_timetable.py
[2026-05-04T00:57:59.115+0000] {processor.py:914} INFO - Processing file /home/ec2-user/environment/lab4_model_training/venv/lib64/python3.12/site-packages/airflow/example_dags/example_workday_timetable.py for tasks to queue
[2026-05-04T00:57:59.116+0000] {logging_mixin.py:190} INFO - [2026-05-04T00:57:59.116+0000] {dagbag.py:588} INFO - Filling up the DagBag from /home/ec2-user/environment/lab4_model_training/venv/lib64/python3.12/site-packages/airflow/example_dags/example_workday_timetable.py
[2026-05-04T00:57:59.120+0000] {processor.py:925} INFO - DAG(s) 'example_workday_timetable' retrieved from /home/ec2-user/environment/lab4_model_training/venv/lib64/python3.12/site-packages/airflow/example_dags/example_workday_timetable.py
[2026-05-04T00:57:59.132+0000] {logging_mixin.py:190} INFO - [2026-05-04T00:57:59.132+0000] {dag.py:3239} INFO - Sync 1 DAGs
[2026-05-04T00:57:59.177+0000] {logging_mixin.py:190} INFO - [2026-05-04T00:57:59.177+0000] {dag.py:4180} INFO - Setting next_dagrun for example_workday_timetable to 2021-01-04 00:00:00+00:00, run_after=2021-01-05 00:00:00+00:00
[2026-05-04T00:57:59.194+0000] {processor.py:208} INFO - Processing /home/ec2-user/environment/lab4_model_training/venv/lib64/python3.12/site-packages/airflow/example_dags/example_workday_timetable.py took 0.085 seconds
[2026-05-04T00:59:04.963+0000] {processor.py:186} INFO - Started process (PID=23261) to work on /home/ec2-user/environment/lab4_model_training/venv/lib64/python3.12/site-packages/airflow/example_dags/example_workday_timetable.py
[2026-05-04T00:59:04.964+0000] {processor.py:914} INFO - Processing file /home/ec2-user/environment/lab4_model_training/venv/lib64/python3.12/site-packages/airflow/example_dags/example_workday_timetable.py for tasks to queue
[2026-05-04T00:59:04.966+0000] {logging_mixin.py:190} INFO - [2026-05-04T00:59:04.965+0000] {dagbag.py:588} INFO - Filling up the DagBag from /home/ec2-user/environment/lab4_model_training/venv/lib64/python3.12/site-packages/airflow/example_dags/example_workday_timetable.py
[2026-05-04T00:59:04.971+0000] {processor.py:925} INFO - DAG(s) 'example_workday_timetable' retrieved from /home/ec2-user/environment/lab4_model_training/venv/lib64/python3.12/site-packages/airflow/example_dags/example_workday_timetable.py
[2026-05-04T00:59:04.982+0000] {logging_mixin.py:190} INFO - [2026-05-04T00:59:04.982+0000] {dag.py:3239} INFO - Sync 1 DAGs
[2026-05-04T00:59:05.028+0000] {logging_mixin.py:190} INFO - [2026-05-04T00:59:05.028+0000] {dag.py:4180} INFO - Setting next_dagrun for example_workday_timetable to 2021-01-04 00:00:00+00:00, run_after=2021-01-05 00:00:00+00:00
[2026-05-04T00:59:05.045+0000] {processor.py:208} INFO - Processing /home/ec2-user/environment/lab4_model_training/venv/lib64/python3.12/site-packages/airflow/example_dags/example_workday_timetable.py took 0.086 seconds
[2026-05-04T01:00:13.363+0000] {processor.py:186} INFO - Started process (PID=23410) to work on /home/ec2-user/environment/lab4_model_training/venv/lib64/python3.12/site-packages/airflow/example_dags/example_workday_timetable.py
[2026-05-04T01:00:13.364+0000] {processor.py:914} INFO - Processing file /home/ec2-user/environment/lab4_model_training/venv/lib64/python3.12/site-packages/airflow/example_dags/example_workday_timetable.py for tasks to queue
[2026-05-04T01:00:13.365+0000] {logging_mixin.py:190} INFO - [2026-05-04T01:00:13.365+0000] {dagbag.py:588} INFO - Filling up the DagBag from /home/ec2-user/environment/lab4_model_training/venv/lib64/python3.12/site-packages/airflow/example_dags/example_workday_timetable.py
[2026-05-04T01:00:13.370+0000] {processor.py:925} INFO - DAG(s) 'example_workday_timetable' retrieved from /home/ec2-user/environment/lab4_model_training/venv/lib64/python3.12/site-packages/airflow/example_dags/example_workday_timetable.py
[2026-05-04T01:00:13.381+0000] {logging_mixin.py:190} INFO - [2026-05-04T01:00:13.381+0000] {dag.py:3239} INFO - Sync 1 DAGs
[2026-05-04T01:00:13.427+0000] {logging_mixin.py:190} INFO - [2026-05-04T01:00:13.426+0000] {dag.py:4180} INFO - Setting next_dagrun for example_workday_timetable to 2021-01-04 00:00:00+00:00, run_after=2021-01-05 00:00:00+00:00
[2026-05-04T01:00:13.444+0000] {processor.py:208} INFO - Processing /home/ec2-user/environment/lab4_model_training/venv/lib64/python3.12/site-packages/airflow/example_dags/example_workday_timetable.py took 0.086 seconds
[2026-05-04T01:01:24.378+0000] {processor.py:186} INFO - Started process (PID=23591) to work on /home/ec2-user/environment/lab4_model_training/venv/lib64/python3.12/site-packages/airflow/example_dags/example_workday_timetable.py
[2026-05-04T01:01:24.379+0000] {processor.py:914} INFO - Processing file /home/ec2-user/environment/lab4_model_training/venv/lib64/python3.12/site-packages/airflow/example_dags/example_workday_timetable.py for tasks to queue
[2026-05-04T01:01:24.380+0000] {logging_mixin.py:190} INFO - [2026-05-04T01:01:24.380+0000] {dagbag.py:588} INFO - Filling up the DagBag from /home/ec2-user/environment/lab4_model_training/venv/lib64/python3.12/site-packages/airflow/example_dags/example_workday_timetable.py
[2026-05-04T01:01:24.385+0000] {processor.py:925} INFO - DAG(s) 'example_workday_timetable' retrieved from /home/ec2-user/environment/lab4_model_training/venv/lib64/python3.12/site-packages/airflow/example_dags/example_workday_timetable.py
[2026-05-04T01:01:24.397+0000] {logging_mixin.py:190} INFO - [2026-05-04T01:01:24.397+0000] {dag.py:3239} INFO - Sync 1 DAGs
[2026-05-04T01:01:24.443+0000] {logging_mixin.py:190} INFO - [2026-05-04T01:01:24.443+0000] {dag.py:4180} INFO - Setting next_dagrun for example_workday_timetable to 2021-01-04 00:00:00+00:00, run_after=2021-01-05 00:00:00+00:00
[2026-05-04T01:01:24.461+0000] {processor.py:208} INFO - Processing /home/ec2-user/environment/lab4_model_training/venv/lib64/python3.12/site-packages/airflow/example_dags/example_workday_timetable.py took 0.087 seconds
[2026-05-04T01:02:29.154+0000] {processor.py:186} INFO - Started process (PID=23728) to work on /home/ec2-user/environment/lab4_model_training/venv/lib64/python3.12/site-packages/airflow/example_dags/example_workday_timetable.py
[2026-05-04T01:02:29.155+0000] {processor.py:914} INFO - Processing file /home/ec2-user/environment/lab4_model_training/venv/lib64/python3.12/site-packages/airflow/example_dags/example_workday_timetable.py for tasks to queue
[2026-05-04T01:02:29.157+0000] {logging_mixin.py:190} INFO - [2026-05-04T01:02:29.156+0000] {dagbag.py:588} INFO - Filling up the DagBag from /home/ec2-user/environment/lab4_model_training/venv/lib64/python3.12/site-packages/airflow/example_dags/example_workday_timetable.py
[2026-05-04T01:02:29.162+0000] {processor.py:925} INFO - DAG(s) 'example_workday_timetable' retrieved from /home/ec2-user/environment/lab4_model_training/venv/lib64/python3.12/site-packages/airflow/example_dags/example_workday_timetable.py
[2026-05-04T01:02:29.174+0000] {logging_mixin.py:190} INFO - [2026-05-04T01:02:29.174+0000] {dag.py:3239} INFO - Sync 1 DAGs
[2026-05-04T01:02:29.220+0000] {logging_mixin.py:190} INFO - [2026-05-04T01:02:29.220+0000] {dag.py:4180} INFO - Setting next_dagrun for example_workday_timetable to 2021-01-04 00:00:00+00:00, run_after=2021-01-05 00:00:00+00:00
[2026-05-04T01:02:29.238+0000] {processor.py:208} INFO - Processing /home/ec2-user/environment/lab4_model_training/venv/lib64/python3.12/site-packages/airflow/example_dags/example_workday_timetable.py took 0.089 seconds
[2026-05-04T01:03:34.760+0000] {processor.py:186} INFO - Started process (PID=23820) to work on /home/ec2-user/environment/lab4_model_training/venv/lib64/python3.12/site-packages/airflow/example_dags/example_workday_timetable.py
[2026-05-04T01:03:34.761+0000] {processor.py:914} INFO - Processing file /home/ec2-user/environment/lab4_model_training/venv/lib64/python3.12/site-packages/airflow/example_dags/example_workday_timetable.py for tasks to queue
[2026-05-04T01:03:34.763+0000] {logging_mixin.py:190} INFO - [2026-05-04T01:03:34.763+0000] {dagbag.py:588} INFO - Filling up the DagBag from /home/ec2-user/environment/lab4_model_training/venv/lib64/python3.12/site-packages/airflow/example_dags/example_workday_timetable.py
[2026-05-04T01:03:34.768+0000] {processor.py:925} INFO - DAG(s) 'example_workday_timetable' retrieved from /home/ec2-user/environment/lab4_model_training/venv/lib64/python3.12/site-packages/airflow/example_dags/example_workday_timetable.py
[2026-05-04T01:03:34.779+0000] {logging_mixin.py:190} INFO - [2026-05-04T01:03:34.779+0000] {dag.py:3239} INFO - Sync 1 DAGs
[2026-05-04T01:03:34.825+0000] {logging_mixin.py:190} INFO - [2026-05-04T01:03:34.825+0000] {dag.py:4180} INFO - Setting next_dagrun for example_workday_timetable to 2021-01-04 00:00:00+00:00, run_after=2021-01-05 00:00:00+00:00
[2026-05-04T01:03:34.842+0000] {processor.py:208} INFO - Processing /home/ec2-user/environment/lab4_model_training/venv/lib64/python3.12/site-packages/airflow/example_dags/example_workday_timetable.py took 0.086 seconds
[2026-05-04T01:04:44.240+0000] {processor.py:186} INFO - Started process (PID=23958) to work on /home/ec2-user/environment/lab4_model_training/venv/lib64/python3.12/site-packages/airflow/example_dags/example_workday_timetable.py
[2026-05-04T01:04:44.241+0000] {processor.py:914} INFO - Processing file /home/ec2-user/environment/lab4_model_training/venv/lib64/python3.12/site-packages/airflow/example_dags/example_workday_timetable.py for tasks to queue
[2026-05-04T01:04:44.242+0000] {logging_mixin.py:190} INFO - [2026-05-04T01:04:44.242+0000] {dagbag.py:588} INFO - Filling up the DagBag from /home/ec2-user/environment/lab4_model_training/venv/lib64/python3.12/site-packages/airflow/example_dags/example_workday_timetable.py
[2026-05-04T01:04:44.247+0000] {processor.py:925} INFO - DAG(s) 'example_workday_timetable' retrieved from /home/ec2-user/environment/lab4_model_training/venv/lib64/python3.12/site-packages/airflow/example_dags/example_workday_timetable.py
[2026-05-04T01:04:44.258+0000] {logging_mixin.py:190} INFO - [2026-05-04T01:04:44.258+0000] {dag.py:3239} INFO - Sync 1 DAGs
[2026-05-04T01:04:44.304+0000] {logging_mixin.py:190} INFO - [2026-05-04T01:04:44.304+0000] {dag.py:4180} INFO - Setting next_dagrun for example_workday_timetable to 2021-01-04 00:00:00+00:00, run_after=2021-01-05 00:00:00+00:00
[2026-05-04T01:04:44.322+0000] {processor.py:208} INFO - Processing /home/ec2-user/environment/lab4_model_training/venv/lib64/python3.12/site-packages/airflow/example_dags/example_workday_timetable.py took 0.087 seconds
[2026-05-04T01:05:48.610+0000] {processor.py:186} INFO - Started process (PID=24045) to work on /home/ec2-user/environment/lab4_model_training/venv/lib64/python3.12/site-packages/airflow/example_dags/example_workday_timetable.py
[2026-05-04T01:05:48.611+0000] {processor.py:914} INFO - Processing file /home/ec2-user/environment/lab4_model_training/venv/lib64/python3.12/site-packages/airflow/example_dags/example_workday_timetable.py for tasks to queue
[2026-05-04T01:05:48.613+0000] {logging_mixin.py:190} INFO - [2026-05-04T01:05:48.613+0000] {dagbag.py:588} INFO - Filling up the DagBag from /home/ec2-user/environment/lab4_model_training/venv/lib64/python3.12/site-packages/airflow/example_dags/example_workday_timetable.py
[2026-05-04T01:05:48.618+0000] {processor.py:925} INFO - DAG(s) 'example_workday_timetable' retrieved from /home/ec2-user/environment/lab4_model_training/venv/lib64/python3.12/site-packages/airflow/example_dags/example_workday_timetable.py
[2026-05-04T01:05:48.629+0000] {logging_mixin.py:190} INFO - [2026-05-04T01:05:48.629+0000] {dag.py:3239} INFO - Sync 1 DAGs
[2026-05-04T01:05:48.675+0000] {logging_mixin.py:190} INFO - [2026-05-04T01:05:48.675+0000] {dag.py:4180} INFO - Setting next_dagrun for example_workday_timetable to 2021-01-04 00:00:00+00:00, run_after=2021-01-05 00:00:00+00:00
[2026-05-04T01:05:48.691+0000] {processor.py:208} INFO - Processing /home/ec2-user/environment/lab4_model_training/venv/lib64/python3.12/site-packages/airflow/example_dags/example_workday_timetable.py took 0.086 seconds
[2026-05-04T01:06:58.182+0000] {processor.py:186} INFO - Started process (PID=24184) to work on /home/ec2-user/environment/lab4_model_training/venv/lib64/python3.12/site-packages/airflow/example_dags/example_workday_timetable.py
[2026-05-04T01:06:58.183+0000] {processor.py:914} INFO - Processing file /home/ec2-user/environment/lab4_model_training/venv/lib64/python3.12/site-packages/airflow/example_dags/example_workday_timetable.py for tasks to queue
[2026-05-04T01:06:58.184+0000] {logging_mixin.py:190} INFO - [2026-05-04T01:06:58.184+0000] {dagbag.py:588} INFO - Filling up the DagBag from /home/ec2-user/environment/lab4_model_training/venv/lib64/python3.12/site-packages/airflow/example_dags/example_workday_timetable.py
[2026-05-04T01:06:58.189+0000] {processor.py:925} INFO - DAG(s) 'example_workday_timetable' retrieved from /home/ec2-user/environment/lab4_model_training/venv/lib64/python3.12/site-packages/airflow/example_dags/example_workday_timetable.py
[2026-05-04T01:06:58.201+0000] {logging_mixin.py:190} INFO - [2026-05-04T01:06:58.201+0000] {dag.py:3239} INFO - Sync 1 DAGs
[2026-05-04T01:06:58.248+0000] {logging_mixin.py:190} INFO - [2026-05-04T01:06:58.247+0000] {dag.py:4180} INFO - Setting next_dagrun for example_workday_timetable to 2021-01-04 00:00:00+00:00, run_after=2021-01-05 00:00:00+00:00
[2026-05-04T01:06:58.265+0000] {processor.py:208} INFO - Processing /home/ec2-user/environment/lab4_model_training/venv/lib64/python3.12/site-packages/airflow/example_dags/example_workday_timetable.py took 0.088 seconds
[2026-05-04T01:08:05.469+0000] {processor.py:186} INFO - Started process (PID=24282) to work on /home/ec2-user/environment/lab4_model_training/venv/lib64/python3.12/site-packages/airflow/example_dags/example_workday_timetable.py
[2026-05-04T01:08:05.470+0000] {processor.py:914} INFO - Processing file /home/ec2-user/environment/lab4_model_training/venv/lib64/python3.12/site-packages/airflow/example_dags/example_workday_timetable.py for tasks to queue
[2026-05-04T01:08:05.472+0000] {logging_mixin.py:190} INFO - [2026-05-04T01:08:05.471+0000] {dagbag.py:588} INFO - Filling up the DagBag from /home/ec2-user/environment/lab4_model_training/venv/lib64/python3.12/site-packages/airflow/example_dags/example_workday_timetable.py
[2026-05-04T01:08:05.477+0000] {processor.py:925} INFO - DAG(s) 'example_workday_timetable' retrieved from /home/ec2-user/environment/lab4_model_training/venv/lib64/python3.12/site-packages/airflow/example_dags/example_workday_timetable.py
[2026-05-04T01:08:05.489+0000] {logging_mixin.py:190} INFO - [2026-05-04T01:08:05.489+0000] {dag.py:3239} INFO - Sync 1 DAGs
[2026-05-04T01:08:05.535+0000] {logging_mixin.py:190} INFO - [2026-05-04T01:08:05.534+0000] {dag.py:4180} INFO - Setting next_dagrun for example_workday_timetable to 2021-01-04 00:00:00+00:00, run_after=2021-01-05 00:00:00+00:00
[2026-05-04T01:08:05.553+0000] {processor.py:208} INFO - Processing /home/ec2-user/environment/lab4_model_training/venv/lib64/python3.12/site-packages/airflow/example_dags/example_workday_timetable.py took 0.089 seconds
[2026-05-04T01:09:12.199+0000] {processor.py:186} INFO - Started process (PID=24424) to work on /home/ec2-user/environment/lab4_model_training/venv/lib64/python3.12/site-packages/airflow/example_dags/example_workday_timetable.py
[2026-05-04T01:09:12.201+0000] {processor.py:914} INFO - Processing file /home/ec2-user/environment/lab4_model_training/venv/lib64/python3.12/site-packages/airflow/example_dags/example_workday_timetable.py for tasks to queue
[2026-05-04T01:09:12.202+0000] {logging_mixin.py:190} INFO - [2026-05-04T01:09:12.202+0000] {dagbag.py:588} INFO - Filling up the DagBag from /home/ec2-user/environment/lab4_model_training/venv/lib64/python3.12/site-packages/airflow/example_dags/example_workday_timetable.py
[2026-05-04T01:09:12.207+0000] {processor.py:925} INFO - DAG(s) 'example_workday_timetable' retrieved from /home/ec2-user/environment/lab4_model_training/venv/lib64/python3.12/site-packages/airflow/example_dags/example_workday_timetable.py
[2026-05-04T01:09:12.219+0000] {logging_mixin.py:190} INFO - [2026-05-04T01:09:12.219+0000] {dag.py:3239} INFO - Sync 1 DAGs
[2026-05-04T01:09:12.267+0000] {logging_mixin.py:190} INFO - [2026-05-04T01:09:12.267+0000] {dag.py:4180} INFO - Setting next_dagrun for example_workday_timetable to 2021-01-04 00:00:00+00:00, run_after=2021-01-05 00:00:00+00:00
[2026-05-04T01:09:12.285+0000] {processor.py:208} INFO - Processing /home/ec2-user/environment/lab4_model_training/venv/lib64/python3.12/site-packages/airflow/example_dags/example_workday_timetable.py took 0.091 seconds
[2026-05-04T01:10:22.432+0000] {processor.py:186} INFO - Started process (PID=25095) to work on /home/ec2-user/environment/lab4_model_training/venv/lib64/python3.12/site-packages/airflow/example_dags/example_workday_timetable.py
[2026-05-04T01:10:22.433+0000] {processor.py:914} INFO - Processing file /home/ec2-user/environment/lab4_model_training/venv/lib64/python3.12/site-packages/airflow/example_dags/example_workday_timetable.py for tasks to queue
[2026-05-04T01:10:22.435+0000] {logging_mixin.py:190} INFO - [2026-05-04T01:10:22.434+0000] {dagbag.py:588} INFO - Filling up the DagBag from /home/ec2-user/environment/lab4_model_training/venv/lib64/python3.12/site-packages/airflow/example_dags/example_workday_timetable.py
[2026-05-04T01:10:22.441+0000] {processor.py:925} INFO - DAG(s) 'example_workday_timetable' retrieved from /home/ec2-user/environment/lab4_model_training/venv/lib64/python3.12/site-packages/airflow/example_dags/example_workday_timetable.py
[2026-05-04T01:10:22.456+0000] {logging_mixin.py:190} INFO - [2026-05-04T01:10:22.456+0000] {dag.py:3239} INFO - Sync 1 DAGs
[2026-05-04T01:10:22.616+0000] {logging_mixin.py:190} INFO - [2026-05-04T01:10:22.616+0000] {dag.py:4180} INFO - Setting next_dagrun for example_workday_timetable to 2021-01-04 00:00:00+00:00, run_after=2021-01-05 00:00:00+00:00
[2026-05-04T01:10:22.633+0000] {processor.py:208} INFO - Processing /home/ec2-user/environment/lab4_model_training/venv/lib64/python3.12/site-packages/airflow/example_dags/example_workday_timetable.py took 0.208 seconds
[2026-05-04T01:11:32.971+0000] {processor.py:186} INFO - Started process (PID=25639) to work on /home/ec2-user/environment/lab4_model_training/venv/lib64/python3.12/site-packages/airflow/example_dags/example_workday_timetable.py
[2026-05-04T01:11:32.972+0000] {processor.py:914} INFO - Processing file /home/ec2-user/environment/lab4_model_training/venv/lib64/python3.12/site-packages/airflow/example_dags/example_workday_timetable.py for tasks to queue
[2026-05-04T01:11:32.974+0000] {logging_mixin.py:190} INFO - [2026-05-04T01:11:32.974+0000] {dagbag.py:588} INFO - Filling up the DagBag from /home/ec2-user/environment/lab4_model_training/venv/lib64/python3.12/site-packages/airflow/example_dags/example_workday_timetable.py
[2026-05-04T01:11:32.981+0000] {processor.py:925} INFO - DAG(s) 'example_workday_timetable' retrieved from /home/ec2-user/environment/lab4_model_training/venv/lib64/python3.12/site-packages/airflow/example_dags/example_workday_timetable.py
[2026-05-04T01:11:32.996+0000] {logging_mixin.py:190} INFO - [2026-05-04T01:11:32.996+0000] {dag.py:3239} INFO - Sync 1 DAGs
[2026-05-04T01:11:33.051+0000] {logging_mixin.py:190} INFO - [2026-05-04T01:11:33.051+0000] {dag.py:4180} INFO - Setting next_dagrun for example_workday_timetable to 2021-01-04 00:00:00+00:00, run_after=2021-01-05 00:00:00+00:00
[2026-05-04T01:11:33.079+0000] {processor.py:208} INFO - Processing /home/ec2-user/environment/lab4_model_training/venv/lib64/python3.12/site-packages/airflow/example_dags/example_workday_timetable.py took 0.113 seconds
[2026-05-04T01:12:42.562+0000] {processor.py:186} INFO - Started process (PID=26163) to work on /home/ec2-user/environment/lab4_model_training/venv/lib64/python3.12/site-packages/airflow/example_dags/example_workday_timetable.py
[2026-05-04T01:12:42.563+0000] {processor.py:914} INFO - Processing file /home/ec2-user/environment/lab4_model_training/venv/lib64/python3.12/site-packages/airflow/example_dags/example_workday_timetable.py for tasks to queue
[2026-05-04T01:12:42.565+0000] {logging_mixin.py:190} INFO - [2026-05-04T01:12:42.565+0000] {dagbag.py:588} INFO - Filling up the DagBag from /home/ec2-user/environment/lab4_model_training/venv/lib64/python3.12/site-packages/airflow/example_dags/example_workday_timetable.py
[2026-05-04T01:12:42.570+0000] {processor.py:925} INFO - DAG(s) 'example_workday_timetable' retrieved from /home/ec2-user/environment/lab4_model_training/venv/lib64/python3.12/site-packages/airflow/example_dags/example_workday_timetable.py
[2026-05-04T01:12:42.583+0000] {logging_mixin.py:190} INFO - [2026-05-04T01:12:42.583+0000] {dag.py:3239} INFO - Sync 1 DAGs
[2026-05-04T01:12:42.632+0000] {logging_mixin.py:190} INFO - [2026-05-04T01:12:42.631+0000] {dag.py:4180} INFO - Setting next_dagrun for example_workday_timetable to 2021-01-04 00:00:00+00:00, run_after=2021-01-05 00:00:00+00:00
[2026-05-04T01:12:42.651+0000] {processor.py:208} INFO - Processing /home/ec2-user/environment/lab4_model_training/venv/lib64/python3.12/site-packages/airflow/example_dags/example_workday_timetable.py took 0.094 seconds
[2026-05-04T01:13:53.534+0000] {processor.py:186} INFO - Started process (PID=26649) to work on /home/ec2-user/environment/lab4_model_training/venv/lib64/python3.12/site-packages/airflow/example_dags/example_workday_timetable.py
[2026-05-04T01:13:53.535+0000] {processor.py:914} INFO - Processing file /home/ec2-user/environment/lab4_model_training/venv/lib64/python3.12/site-packages/airflow/example_dags/example_workday_timetable.py for tasks to queue
[2026-05-04T01:13:53.537+0000] {logging_mixin.py:190} INFO - [2026-05-04T01:13:53.536+0000] {dagbag.py:588} INFO - Filling up the DagBag from /home/ec2-user/environment/lab4_model_training/venv/lib64/python3.12/site-packages/airflow/example_dags/example_workday_timetable.py
[2026-05-04T01:13:53.542+0000] {processor.py:925} INFO - DAG(s) 'example_workday_timetable' retrieved from /home/ec2-user/environment/lab4_model_training/venv/lib64/python3.12/site-packages/airflow/example_dags/example_workday_timetable.py
[2026-05-04T01:13:53.553+0000] {logging_mixin.py:190} INFO - [2026-05-04T01:13:53.553+0000] {dag.py:3239} INFO - Sync 1 DAGs
[2026-05-04T01:13:53.601+0000] {logging_mixin.py:190} INFO - [2026-05-04T01:13:53.601+0000] {dag.py:4180} INFO - Setting next_dagrun for example_workday_timetable to 2021-01-04 00:00:00+00:00, run_after=2021-01-05 00:00:00+00:00
[2026-05-04T01:13:53.622+0000] {processor.py:208} INFO - Processing /home/ec2-user/environment/lab4_model_training/venv/lib64/python3.12/site-packages/airflow/example_dags/example_workday_timetable.py took 0.093 seconds
[2026-05-04T01:15:06.417+0000] {processor.py:186} INFO - Started process (PID=27203) to work on /home/ec2-user/environment/lab4_model_training/venv/lib64/python3.12/site-packages/airflow/example_dags/example_workday_timetable.py
[2026-05-04T01:15:06.418+0000] {processor.py:914} INFO - Processing file /home/ec2-user/environment/lab4_model_training/venv/lib64/python3.12/site-packages/airflow/example_dags/example_workday_timetable.py for tasks to queue
[2026-05-04T01:15:06.420+0000] {logging_mixin.py:190} INFO - [2026-05-04T01:15:06.419+0000] {dagbag.py:588} INFO - Filling up the DagBag from /home/ec2-user/environment/lab4_model_training/venv/lib64/python3.12/site-packages/airflow/example_dags/example_workday_timetable.py
[2026-05-04T01:15:06.427+0000] {processor.py:925} INFO - DAG(s) 'example_workday_timetable' retrieved from /home/ec2-user/environment/lab4_model_training/venv/lib64/python3.12/site-packages/airflow/example_dags/example_workday_timetable.py
[2026-05-04T01:15:06.442+0000] {logging_mixin.py:190} INFO - [2026-05-04T01:15:06.442+0000] {dag.py:3239} INFO - Sync 1 DAGs
[2026-05-04T01:15:06.598+0000] {logging_mixin.py:190} INFO - [2026-05-04T01:15:06.598+0000] {dag.py:4180} INFO - Setting next_dagrun for example_workday_timetable to 2021-01-04 00:00:00+00:00, run_after=2021-01-05 00:00:00+00:00
[2026-05-04T01:15:06.620+0000] {processor.py:208} INFO - Processing /home/ec2-user/environment/lab4_model_training/venv/lib64/python3.12/site-packages/airflow/example_dags/example_workday_timetable.py took 0.207 seconds
[2026-05-04T01:16:14.191+0000] {processor.py:186} INFO - Started process (PID=27678) to work on /home/ec2-user/environment/lab4_model_training/venv/lib64/python3.12/site-packages/airflow/example_dags/example_workday_timetable.py
[2026-05-04T01:16:14.192+0000] {processor.py:914} INFO - Processing file /home/ec2-user/environment/lab4_model_training/venv/lib64/python3.12/site-packages/airflow/example_dags/example_workday_timetable.py for tasks to queue
[2026-05-04T01:16:14.194+0000] {logging_mixin.py:190} INFO - [2026-05-04T01:16:14.194+0000] {dagbag.py:588} INFO - Filling up the DagBag from /home/ec2-user/environment/lab4_model_training/venv/lib64/python3.12/site-packages/airflow/example_dags/example_workday_timetable.py
[2026-05-04T01:16:14.199+0000] {processor.py:925} INFO - DAG(s) 'example_workday_timetable' retrieved from /home/ec2-user/environment/lab4_model_training/venv/lib64/python3.12/site-packages/airflow/example_dags/example_workday_timetable.py
[2026-05-04T01:16:14.211+0000] {logging_mixin.py:190} INFO - [2026-05-04T01:16:14.211+0000] {dag.py:3239} INFO - Sync 1 DAGs
[2026-05-04T01:16:14.257+0000] {logging_mixin.py:190} INFO - [2026-05-04T01:16:14.257+0000] {dag.py:4180} INFO - Setting next_dagrun for example_workday_timetable to 2021-01-04 00:00:00+00:00, run_after=2021-01-05 00:00:00+00:00
[2026-05-04T01:16:14.277+0000] {processor.py:208} INFO - Processing /home/ec2-user/environment/lab4_model_training/venv/lib64/python3.12/site-packages/airflow/example_dags/example_workday_timetable.py took 0.090 seconds
[2026-05-04T01:17:16.264+0000] {processor.py:186} INFO - Started process (PID=28213) to work on /home/ec2-user/environment/lab4_model_training/venv/lib64/python3.12/site-packages/airflow/example_dags/example_workday_timetable.py
[2026-05-04T01:17:16.265+0000] {processor.py:914} INFO - Processing file /home/ec2-user/environment/lab4_model_training/venv/lib64/python3.12/site-packages/airflow/example_dags/example_workday_timetable.py for tasks to queue
[2026-05-04T01:17:16.267+0000] {logging_mixin.py:190} INFO - [2026-05-04T01:17:16.267+0000] {dagbag.py:588} INFO - Filling up the DagBag from /home/ec2-user/environment/lab4_model_training/venv/lib64/python3.12/site-packages/airflow/example_dags/example_workday_timetable.py
[2026-05-04T01:17:16.274+0000] {processor.py:925} INFO - DAG(s) 'example_workday_timetable' retrieved from /home/ec2-user/environment/lab4_model_training/venv/lib64/python3.12/site-packages/airflow/example_dags/example_workday_timetable.py
[2026-05-04T01:17:16.290+0000] {logging_mixin.py:190} INFO - [2026-05-04T01:17:16.290+0000] {dag.py:3239} INFO - Sync 1 DAGs
[2026-05-04T01:17:16.342+0000] {logging_mixin.py:190} INFO - [2026-05-04T01:17:16.342+0000] {dag.py:4180} INFO - Setting next_dagrun for example_workday_timetable to 2021-01-04 00:00:00+00:00, run_after=2021-01-05 00:00:00+00:00
[2026-05-04T01:17:16.365+0000] {processor.py:208} INFO - Processing /home/ec2-user/environment/lab4_model_training/venv/lib64/python3.12/site-packages/airflow/example_dags/example_workday_timetable.py took 0.105 seconds
[2026-05-04T01:18:24.952+0000] {processor.py:186} INFO - Started process (PID=28734) to work on /home/ec2-user/environment/lab4_model_training/venv/lib64/python3.12/site-packages/airflow/example_dags/example_workday_timetable.py
[2026-05-04T01:18:24.953+0000] {processor.py:914} INFO - Processing file /home/ec2-user/environment/lab4_model_training/venv/lib64/python3.12/site-packages/airflow/example_dags/example_workday_timetable.py for tasks to queue
[2026-05-04T01:18:24.955+0000] {logging_mixin.py:190} INFO - [2026-05-04T01:18:24.954+0000] {dagbag.py:588} INFO - Filling up the DagBag from /home/ec2-user/environment/lab4_model_training/venv/lib64/python3.12/site-packages/airflow/example_dags/example_workday_timetable.py
[2026-05-04T01:18:24.960+0000] {processor.py:925} INFO - DAG(s) 'example_workday_timetable' retrieved from /home/ec2-user/environment/lab4_model_training/venv/lib64/python3.12/site-packages/airflow/example_dags/example_workday_timetable.py
[2026-05-04T01:18:24.973+0000] {logging_mixin.py:190} INFO - [2026-05-04T01:18:24.973+0000] {dag.py:3239} INFO - Sync 1 DAGs
[2026-05-04T01:18:25.020+0000] {logging_mixin.py:190} INFO - [2026-05-04T01:18:25.020+0000] {dag.py:4180} INFO - Setting next_dagrun for example_workday_timetable to 2021-01-04 00:00:00+00:00, run_after=2021-01-05 00:00:00+00:00
[2026-05-04T01:18:25.045+0000] {processor.py:208} INFO - Processing /home/ec2-user/environment/lab4_model_training/venv/lib64/python3.12/site-packages/airflow/example_dags/example_workday_timetable.py took 0.097 seconds
[2026-05-04T01:19:30.987+0000] {processor.py:186} INFO - Started process (PID=29245) to work on /home/ec2-user/environment/lab4_model_training/venv/lib64/python3.12/site-packages/airflow/example_dags/example_workday_timetable.py
[2026-05-04T01:19:30.988+0000] {processor.py:914} INFO - Processing file /home/ec2-user/environment/lab4_model_training/venv/lib64/python3.12/site-packages/airflow/example_dags/example_workday_timetable.py for tasks to queue
[2026-05-04T01:19:30.990+0000] {logging_mixin.py:190} INFO - [2026-05-04T01:19:30.990+0000] {dagbag.py:588} INFO - Filling up the DagBag from /home/ec2-user/environment/lab4_model_training/venv/lib64/python3.12/site-packages/airflow/example_dags/example_workday_timetable.py
[2026-05-04T01:19:30.996+0000] {processor.py:925} INFO - DAG(s) 'example_workday_timetable' retrieved from /home/ec2-user/environment/lab4_model_training/venv/lib64/python3.12/site-packages/airflow/example_dags/example_workday_timetable.py
[2026-05-04T01:19:31.011+0000] {logging_mixin.py:190} INFO - [2026-05-04T01:19:31.010+0000] {dag.py:3239} INFO - Sync 1 DAGs
[2026-05-04T01:19:31.062+0000] {logging_mixin.py:190} INFO - [2026-05-04T01:19:31.062+0000] {dag.py:4180} INFO - Setting next_dagrun for example_workday_timetable to 2021-01-04 00:00:00+00:00, run_after=2021-01-05 00:00:00+00:00
[2026-05-04T01:19:31.081+0000] {processor.py:208} INFO - Processing /home/ec2-user/environment/lab4_model_training/venv/lib64/python3.12/site-packages/airflow/example_dags/example_workday_timetable.py took 0.100 seconds
[2026-05-04T01:20:38.286+0000] {processor.py:186} INFO - Started process (PID=29846) to work on /home/ec2-user/environment/lab4_model_training/venv/lib64/python3.12/site-packages/airflow/example_dags/example_workday_timetable.py
[2026-05-04T01:20:38.287+0000] {processor.py:914} INFO - Processing file /home/ec2-user/environment/lab4_model_training/venv/lib64/python3.12/site-packages/airflow/example_dags/example_workday_timetable.py for tasks to queue
[2026-05-04T01:20:38.289+0000] {logging_mixin.py:190} INFO - [2026-05-04T01:20:38.289+0000] {dagbag.py:588} INFO - Filling up the DagBag from /home/ec2-user/environment/lab4_model_training/venv/lib64/python3.12/site-packages/airflow/example_dags/example_workday_timetable.py
[2026-05-04T01:20:38.296+0000] {processor.py:925} INFO - DAG(s) 'example_workday_timetable' retrieved from /home/ec2-user/environment/lab4_model_training/venv/lib64/python3.12/site-packages/airflow/example_dags/example_workday_timetable.py
[2026-05-04T01:20:38.311+0000] {logging_mixin.py:190} INFO - [2026-05-04T01:20:38.311+0000] {dag.py:3239} INFO - Sync 1 DAGs
[2026-05-04T01:20:38.363+0000] {logging_mixin.py:190} INFO - [2026-05-04T01:20:38.362+0000] {dag.py:4180} INFO - Setting next_dagrun for example_workday_timetable to 2021-01-04 00:00:00+00:00, run_after=2021-01-05 00:00:00+00:00
[2026-05-04T01:20:38.382+0000] {processor.py:208} INFO - Processing /home/ec2-user/environment/lab4_model_training/venv/lib64/python3.12/site-packages/airflow/example_dags/example_workday_timetable.py took 0.101 seconds
[2026-05-04T01:21:39.348+0000] {processor.py:186} INFO - Started process (PID=30274) to work on /home/ec2-user/environment/lab4_model_training/venv/lib64/python3.12/site-packages/airflow/example_dags/example_workday_timetable.py
[2026-05-04T01:21:39.350+0000] {processor.py:914} INFO - Processing file /home/ec2-user/environment/lab4_model_training/venv/lib64/python3.12/site-packages/airflow/example_dags/example_workday_timetable.py for tasks to queue
[2026-05-04T01:21:39.352+0000] {logging_mixin.py:190} INFO - [2026-05-04T01:21:39.352+0000] {dagbag.py:588} INFO - Filling up the DagBag from /home/ec2-user/environment/lab4_model_training/venv/lib64/python3.12/site-packages/airflow/example_dags/example_workday_timetable.py
[2026-05-04T01:21:39.360+0000] {processor.py:925} INFO - DAG(s) 'example_workday_timetable' retrieved from /home/ec2-user/environment/lab4_model_training/venv/lib64/python3.12/site-packages/airflow/example_dags/example_workday_timetable.py
[2026-05-04T01:21:39.379+0000] {logging_mixin.py:190} INFO - [2026-05-04T01:21:39.379+0000] {dag.py:3239} INFO - Sync 1 DAGs
[2026-05-04T01:21:39.437+0000] {logging_mixin.py:190} INFO - [2026-05-04T01:21:39.436+0000] {dag.py:4180} INFO - Setting next_dagrun for example_workday_timetable to 2021-01-04 00:00:00+00:00, run_after=2021-01-05 00:00:00+00:00
[2026-05-04T01:21:39.459+0000] {processor.py:208} INFO - Processing /home/ec2-user/environment/lab4_model_training/venv/lib64/python3.12/site-packages/airflow/example_dags/example_workday_timetable.py took 0.116 seconds
[2026-05-04T01:22:46.623+0000] {processor.py:186} INFO - Started process (PID=30568) to work on /home/ec2-user/environment/lab4_model_training/venv/lib64/python3.12/site-packages/airflow/example_dags/example_workday_timetable.py
[2026-05-04T01:22:46.624+0000] {processor.py:914} INFO - Processing file /home/ec2-user/environment/lab4_model_training/venv/lib64/python3.12/site-packages/airflow/example_dags/example_workday_timetable.py for tasks to queue
[2026-05-04T01:22:46.626+0000] {logging_mixin.py:190} INFO - [2026-05-04T01:22:46.626+0000] {dagbag.py:588} INFO - Filling up the DagBag from /home/ec2-user/environment/lab4_model_training/venv/lib64/python3.12/site-packages/airflow/example_dags/example_workday_timetable.py
[2026-05-04T01:22:46.633+0000] {processor.py:925} INFO - DAG(s) 'example_workday_timetable' retrieved from /home/ec2-user/environment/lab4_model_training/venv/lib64/python3.12/site-packages/airflow/example_dags/example_workday_timetable.py
[2026-05-04T01:22:46.648+0000] {logging_mixin.py:190} INFO - [2026-05-04T01:22:46.648+0000] {dag.py:3239} INFO - Sync 1 DAGs
[2026-05-04T01:22:46.702+0000] {logging_mixin.py:190} INFO - [2026-05-04T01:22:46.702+0000] {dag.py:4180} INFO - Setting next_dagrun for example_workday_timetable to 2021-01-04 00:00:00+00:00, run_after=2021-01-05 00:00:00+00:00
[2026-05-04T01:22:46.724+0000] {processor.py:208} INFO - Processing /home/ec2-user/environment/lab4_model_training/venv/lib64/python3.12/site-packages/airflow/example_dags/example_workday_timetable.py took 0.105 seconds
[2026-05-04T01:23:48.907+0000] {processor.py:186} INFO - Started process (PID=30709) to work on /home/ec2-user/environment/lab4_model_training/venv/lib64/python3.12/site-packages/airflow/example_dags/example_workday_timetable.py
[2026-05-04T01:23:48.908+0000] {processor.py:914} INFO - Processing file /home/ec2-user/environment/lab4_model_training/venv/lib64/python3.12/site-packages/airflow/example_dags/example_workday_timetable.py for tasks to queue
[2026-05-04T01:23:48.910+0000] {logging_mixin.py:190} INFO - [2026-05-04T01:23:48.910+0000] {dagbag.py:588} INFO - Filling up the DagBag from /home/ec2-user/environment/lab4_model_training/venv/lib64/python3.12/site-packages/airflow/example_dags/example_workday_timetable.py
[2026-05-04T01:23:48.917+0000] {processor.py:925} INFO - DAG(s) 'example_workday_timetable' retrieved from /home/ec2-user/environment/lab4_model_training/venv/lib64/python3.12/site-packages/airflow/example_dags/example_workday_timetable.py
[2026-05-04T01:23:48.930+0000] {logging_mixin.py:190} INFO - [2026-05-04T01:23:48.930+0000] {dag.py:3239} INFO - Sync 1 DAGs
[2026-05-04T01:23:48.978+0000] {logging_mixin.py:190} INFO - [2026-05-04T01:23:48.978+0000] {dag.py:4180} INFO - Setting next_dagrun for example_workday_timetable to 2021-01-04 00:00:00+00:00, run_after=2021-01-05 00:00:00+00:00
[2026-05-04T01:23:48.996+0000] {processor.py:208} INFO - Processing /home/ec2-user/environment/lab4_model_training/venv/lib64/python3.12/site-packages/airflow/example_dags/example_workday_timetable.py took 0.095 seconds
[2026-05-04T01:24:53.736+0000] {processor.py:186} INFO - Started process (PID=31173) to work on /home/ec2-user/environment/lab4_model_training/venv/lib64/python3.12/site-packages/airflow/example_dags/example_workday_timetable.py
[2026-05-04T01:24:53.737+0000] {processor.py:914} INFO - Processing file /home/ec2-user/environment/lab4_model_training/venv/lib64/python3.12/site-packages/airflow/example_dags/example_workday_timetable.py for tasks to queue
[2026-05-04T01:24:53.739+0000] {logging_mixin.py:190} INFO - [2026-05-04T01:24:53.738+0000] {dagbag.py:588} INFO - Filling up the DagBag from /home/ec2-user/environment/lab4_model_training/venv/lib64/python3.12/site-packages/airflow/example_dags/example_workday_timetable.py
[2026-05-04T01:24:53.744+0000] {processor.py:925} INFO - DAG(s) 'example_workday_timetable' retrieved from /home/ec2-user/environment/lab4_model_training/venv/lib64/python3.12/site-packages/airflow/example_dags/example_workday_timetable.py
[2026-05-04T01:24:53.756+0000] {logging_mixin.py:190} INFO - [2026-05-04T01:24:53.756+0000] {dag.py:3239} INFO - Sync 1 DAGs
[2026-05-04T01:24:53.803+0000] {logging_mixin.py:190} INFO - [2026-05-04T01:24:53.803+0000] {dag.py:4180} INFO - Setting next_dagrun for example_workday_timetable to 2021-01-04 00:00:00+00:00, run_after=2021-01-05 00:00:00+00:00
[2026-05-04T01:24:53.823+0000] {processor.py:208} INFO - Processing /home/ec2-user/environment/lab4_model_training/venv/lib64/python3.12/site-packages/airflow/example_dags/example_workday_timetable.py took 0.091 seconds
[2026-05-04T01:26:01.791+0000] {processor.py:186} INFO - Started process (PID=31333) to work on /home/ec2-user/environment/lab4_model_training/venv/lib64/python3.12/site-packages/airflow/example_dags/example_workday_timetable.py
[2026-05-04T01:26:01.793+0000] {processor.py:914} INFO - Processing file /home/ec2-user/environment/lab4_model_training/venv/lib64/python3.12/site-packages/airflow/example_dags/example_workday_timetable.py for tasks to queue
[2026-05-04T01:26:01.795+0000] {logging_mixin.py:190} INFO - [2026-05-04T01:26:01.794+0000] {dagbag.py:588} INFO - Filling up the DagBag from /home/ec2-user/environment/lab4_model_training/venv/lib64/python3.12/site-packages/airflow/example_dags/example_workday_timetable.py
[2026-05-04T01:26:01.802+0000] {processor.py:925} INFO - DAG(s) 'example_workday_timetable' retrieved from /home/ec2-user/environment/lab4_model_training/venv/lib64/python3.12/site-packages/airflow/example_dags/example_workday_timetable.py
[2026-05-04T01:26:01.818+0000] {logging_mixin.py:190} INFO - [2026-05-04T01:26:01.817+0000] {dag.py:3239} INFO - Sync 1 DAGs
[2026-05-04T01:26:01.868+0000] {logging_mixin.py:190} INFO - [2026-05-04T01:26:01.868+0000] {dag.py:4180} INFO - Setting next_dagrun for example_workday_timetable to 2021-01-04 00:00:00+00:00, run_after=2021-01-05 00:00:00+00:00
[2026-05-04T01:26:01.889+0000] {processor.py:208} INFO - Processing /home/ec2-user/environment/lab4_model_training/venv/lib64/python3.12/site-packages/airflow/example_dags/example_workday_timetable.py took 0.102 seconds
