[2026-05-04T00:20:46.260+0000] {processor.py:186} INFO - Started process (PID=12896) to work on /home/ec2-user/environment/lab4_model_training/venv/lib64/python3.12/site-packages/airflow/example_dags/example_trigger_controller_dag.py
[2026-05-04T00:20:46.260+0000] {processor.py:914} INFO - Processing file /home/ec2-user/environment/lab4_model_training/venv/lib64/python3.12/site-packages/airflow/example_dags/example_trigger_controller_dag.py for tasks to queue
[2026-05-04T00:20:46.262+0000] {logging_mixin.py:190} INFO - [2026-05-04T00:20:46.262+0000] {dagbag.py:588} INFO - Filling up the DagBag from /home/ec2-user/environment/lab4_model_training/venv/lib64/python3.12/site-packages/airflow/example_dags/example_trigger_controller_dag.py
[2026-05-04T00:20:46.269+0000] {processor.py:925} INFO - DAG(s) 'example_trigger_controller_dag' retrieved from /home/ec2-user/environment/lab4_model_training/venv/lib64/python3.12/site-packages/airflow/example_dags/example_trigger_controller_dag.py
[2026-05-04T00:20:46.282+0000] {logging_mixin.py:190} INFO - [2026-05-04T00:20:46.282+0000] {dag.py:3239} INFO - Sync 1 DAGs
[2026-05-04T00:20:46.299+0000] {logging_mixin.py:190} INFO - [2026-05-04T00:20:46.298+0000] {dag.py:4180} INFO - Setting next_dagrun for example_trigger_controller_dag to 2021-01-01 00:00:00+00:00, run_after=2021-01-01 00:00:00+00:00
[2026-05-04T00:20:46.319+0000] {processor.py:208} INFO - Processing /home/ec2-user/environment/lab4_model_training/venv/lib64/python3.12/site-packages/airflow/example_dags/example_trigger_controller_dag.py took 0.065 seconds
[2026-05-04T00:22:15.447+0000] {processor.py:186} INFO - Started process (PID=13599) to work on /home/ec2-user/environment/lab4_model_training/venv/lib64/python3.12/site-packages/airflow/example_dags/example_trigger_controller_dag.py
[2026-05-04T00:22:15.449+0000] {processor.py:914} INFO - Processing file /home/ec2-user/environment/lab4_model_training/venv/lib64/python3.12/site-packages/airflow/example_dags/example_trigger_controller_dag.py for tasks to queue
[2026-05-04T00:22:15.451+0000] {logging_mixin.py:190} INFO - [2026-05-04T00:22:15.451+0000] {dagbag.py:588} INFO - Filling up the DagBag from /home/ec2-user/environment/lab4_model_training/venv/lib64/python3.12/site-packages/airflow/example_dags/example_trigger_controller_dag.py
[2026-05-04T00:22:15.458+0000] {processor.py:925} INFO - DAG(s) 'example_trigger_controller_dag' retrieved from /home/ec2-user/environment/lab4_model_training/venv/lib64/python3.12/site-packages/airflow/example_dags/example_trigger_controller_dag.py
[2026-05-04T00:22:15.471+0000] {logging_mixin.py:190} INFO - [2026-05-04T00:22:15.471+0000] {dag.py:3239} INFO - Sync 1 DAGs
[2026-05-04T00:22:15.489+0000] {logging_mixin.py:190} INFO - [2026-05-04T00:22:15.488+0000] {dag.py:4180} INFO - Setting next_dagrun for example_trigger_controller_dag to 2021-01-01 00:00:00+00:00, run_after=2021-01-01 00:00:00+00:00
[2026-05-04T00:22:15.509+0000] {processor.py:208} INFO - Processing /home/ec2-user/environment/lab4_model_training/venv/lib64/python3.12/site-packages/airflow/example_dags/example_trigger_controller_dag.py took 0.066 seconds
[2026-05-04T00:23:32.922+0000] {processor.py:186} INFO - Started process (PID=14197) to work on /home/ec2-user/environment/lab4_model_training/venv/lib64/python3.12/site-packages/airflow/example_dags/example_trigger_controller_dag.py
[2026-05-04T00:23:32.923+0000] {processor.py:914} INFO - Processing file /home/ec2-user/environment/lab4_model_training/venv/lib64/python3.12/site-packages/airflow/example_dags/example_trigger_controller_dag.py for tasks to queue
[2026-05-04T00:23:32.924+0000] {logging_mixin.py:190} INFO - [2026-05-04T00:23:32.924+0000] {dagbag.py:588} INFO - Filling up the DagBag from /home/ec2-user/environment/lab4_model_training/venv/lib64/python3.12/site-packages/airflow/example_dags/example_trigger_controller_dag.py
[2026-05-04T00:23:32.930+0000] {processor.py:925} INFO - DAG(s) 'example_trigger_controller_dag' retrieved from /home/ec2-user/environment/lab4_model_training/venv/lib64/python3.12/site-packages/airflow/example_dags/example_trigger_controller_dag.py
[2026-05-04T00:23:32.941+0000] {logging_mixin.py:190} INFO - [2026-05-04T00:23:32.941+0000] {dag.py:3239} INFO - Sync 1 DAGs
[2026-05-04T00:23:32.956+0000] {logging_mixin.py:190} INFO - [2026-05-04T00:23:32.956+0000] {dag.py:4180} INFO - Setting next_dagrun for example_trigger_controller_dag to 2021-01-01 00:00:00+00:00, run_after=2021-01-01 00:00:00+00:00
[2026-05-04T00:23:32.974+0000] {processor.py:208} INFO - Processing /home/ec2-user/environment/lab4_model_training/venv/lib64/python3.12/site-packages/airflow/example_dags/example_trigger_controller_dag.py took 0.056 seconds
[2026-05-04T00:24:41.224+0000] {processor.py:186} INFO - Started process (PID=15079) to work on /home/ec2-user/environment/lab4_model_training/venv/lib64/python3.12/site-packages/airflow/example_dags/example_trigger_controller_dag.py
[2026-05-04T00:24:41.226+0000] {processor.py:914} INFO - Processing file /home/ec2-user/environment/lab4_model_training/venv/lib64/python3.12/site-packages/airflow/example_dags/example_trigger_controller_dag.py for tasks to queue
[2026-05-04T00:24:41.227+0000] {logging_mixin.py:190} INFO - [2026-05-04T00:24:41.227+0000] {dagbag.py:588} INFO - Filling up the DagBag from /home/ec2-user/environment/lab4_model_training/venv/lib64/python3.12/site-packages/airflow/example_dags/example_trigger_controller_dag.py
[2026-05-04T00:24:41.235+0000] {processor.py:925} INFO - DAG(s) 'example_trigger_controller_dag' retrieved from /home/ec2-user/environment/lab4_model_training/venv/lib64/python3.12/site-packages/airflow/example_dags/example_trigger_controller_dag.py
[2026-05-04T00:24:41.249+0000] {logging_mixin.py:190} INFO - [2026-05-04T00:24:41.249+0000] {dag.py:3239} INFO - Sync 1 DAGs
[2026-05-04T00:24:41.266+0000] {logging_mixin.py:190} INFO - [2026-05-04T00:24:41.266+0000] {dag.py:4180} INFO - Setting next_dagrun for example_trigger_controller_dag to 2021-01-01 00:00:00+00:00, run_after=2021-01-01 00:00:00+00:00
[2026-05-04T00:24:41.286+0000] {processor.py:208} INFO - Processing /home/ec2-user/environment/lab4_model_training/venv/lib64/python3.12/site-packages/airflow/example_dags/example_trigger_controller_dag.py took 0.066 seconds
[2026-05-04T00:25:46.929+0000] {processor.py:186} INFO - Started process (PID=15548) to work on /home/ec2-user/environment/lab4_model_training/venv/lib64/python3.12/site-packages/airflow/example_dags/example_trigger_controller_dag.py
[2026-05-04T00:25:46.930+0000] {processor.py:914} INFO - Processing file /home/ec2-user/environment/lab4_model_training/venv/lib64/python3.12/site-packages/airflow/example_dags/example_trigger_controller_dag.py for tasks to queue
[2026-05-04T00:25:46.932+0000] {logging_mixin.py:190} INFO - [2026-05-04T00:25:46.932+0000] {dagbag.py:588} INFO - Filling up the DagBag from /home/ec2-user/environment/lab4_model_training/venv/lib64/python3.12/site-packages/airflow/example_dags/example_trigger_controller_dag.py
[2026-05-04T00:25:46.938+0000] {processor.py:925} INFO - DAG(s) 'example_trigger_controller_dag' retrieved from /home/ec2-user/environment/lab4_model_training/venv/lib64/python3.12/site-packages/airflow/example_dags/example_trigger_controller_dag.py
[2026-05-04T00:25:46.949+0000] {logging_mixin.py:190} INFO - [2026-05-04T00:25:46.949+0000] {dag.py:3239} INFO - Sync 1 DAGs
[2026-05-04T00:25:46.966+0000] {logging_mixin.py:190} INFO - [2026-05-04T00:25:46.966+0000] {dag.py:4180} INFO - Setting next_dagrun for example_trigger_controller_dag to 2021-01-01 00:00:00+00:00, run_after=2021-01-01 00:00:00+00:00
[2026-05-04T00:25:46.985+0000] {processor.py:208} INFO - Processing /home/ec2-user/environment/lab4_model_training/venv/lib64/python3.12/site-packages/airflow/example_dags/example_trigger_controller_dag.py took 0.061 seconds
[2026-05-04T00:26:53.480+0000] {processor.py:186} INFO - Started process (PID=15997) to work on /home/ec2-user/environment/lab4_model_training/venv/lib64/python3.12/site-packages/airflow/example_dags/example_trigger_controller_dag.py
[2026-05-04T00:26:53.481+0000] {processor.py:914} INFO - Processing file /home/ec2-user/environment/lab4_model_training/venv/lib64/python3.12/site-packages/airflow/example_dags/example_trigger_controller_dag.py for tasks to queue
[2026-05-04T00:26:53.484+0000] {logging_mixin.py:190} INFO - [2026-05-04T00:26:53.483+0000] {dagbag.py:588} INFO - Filling up the DagBag from /home/ec2-user/environment/lab4_model_training/venv/lib64/python3.12/site-packages/airflow/example_dags/example_trigger_controller_dag.py
[2026-05-04T00:26:53.491+0000] {processor.py:925} INFO - DAG(s) 'example_trigger_controller_dag' retrieved from /home/ec2-user/environment/lab4_model_training/venv/lib64/python3.12/site-packages/airflow/example_dags/example_trigger_controller_dag.py
[2026-05-04T00:26:53.506+0000] {logging_mixin.py:190} INFO - [2026-05-04T00:26:53.506+0000] {dag.py:3239} INFO - Sync 1 DAGs
[2026-05-04T00:26:53.527+0000] {logging_mixin.py:190} INFO - [2026-05-04T00:26:53.526+0000] {dag.py:4180} INFO - Setting next_dagrun for example_trigger_controller_dag to 2021-01-01 00:00:00+00:00, run_after=2021-01-01 00:00:00+00:00
[2026-05-04T00:26:53.555+0000] {processor.py:208} INFO - Processing /home/ec2-user/environment/lab4_model_training/venv/lib64/python3.12/site-packages/airflow/example_dags/example_trigger_controller_dag.py took 0.079 seconds
[2026-05-04T00:28:00.210+0000] {processor.py:186} INFO - Started process (PID=16462) to work on /home/ec2-user/environment/lab4_model_training/venv/lib64/python3.12/site-packages/airflow/example_dags/example_trigger_controller_dag.py
[2026-05-04T00:28:00.211+0000] {processor.py:914} INFO - Processing file /home/ec2-user/environment/lab4_model_training/venv/lib64/python3.12/site-packages/airflow/example_dags/example_trigger_controller_dag.py for tasks to queue
[2026-05-04T00:28:00.213+0000] {logging_mixin.py:190} INFO - [2026-05-04T00:28:00.212+0000] {dagbag.py:588} INFO - Filling up the DagBag from /home/ec2-user/environment/lab4_model_training/venv/lib64/python3.12/site-packages/airflow/example_dags/example_trigger_controller_dag.py
[2026-05-04T00:28:00.219+0000] {processor.py:925} INFO - DAG(s) 'example_trigger_controller_dag' retrieved from /home/ec2-user/environment/lab4_model_training/venv/lib64/python3.12/site-packages/airflow/example_dags/example_trigger_controller_dag.py
[2026-05-04T00:28:00.231+0000] {logging_mixin.py:190} INFO - [2026-05-04T00:28:00.230+0000] {dag.py:3239} INFO - Sync 1 DAGs
[2026-05-04T00:28:00.247+0000] {logging_mixin.py:190} INFO - [2026-05-04T00:28:00.247+0000] {dag.py:4180} INFO - Setting next_dagrun for example_trigger_controller_dag to 2021-01-01 00:00:00+00:00, run_after=2021-01-01 00:00:00+00:00
[2026-05-04T00:28:00.265+0000] {processor.py:208} INFO - Processing /home/ec2-user/environment/lab4_model_training/venv/lib64/python3.12/site-packages/airflow/example_dags/example_trigger_controller_dag.py took 0.059 seconds
[2026-05-04T00:29:01.967+0000] {processor.py:186} INFO - Started process (PID=16910) to work on /home/ec2-user/environment/lab4_model_training/venv/lib64/python3.12/site-packages/airflow/example_dags/example_trigger_controller_dag.py
[2026-05-04T00:29:01.968+0000] {processor.py:914} INFO - Processing file /home/ec2-user/environment/lab4_model_training/venv/lib64/python3.12/site-packages/airflow/example_dags/example_trigger_controller_dag.py for tasks to queue
[2026-05-04T00:29:01.970+0000] {logging_mixin.py:190} INFO - [2026-05-04T00:29:01.970+0000] {dagbag.py:588} INFO - Filling up the DagBag from /home/ec2-user/environment/lab4_model_training/venv/lib64/python3.12/site-packages/airflow/example_dags/example_trigger_controller_dag.py
[2026-05-04T00:29:01.976+0000] {processor.py:925} INFO - DAG(s) 'example_trigger_controller_dag' retrieved from /home/ec2-user/environment/lab4_model_training/venv/lib64/python3.12/site-packages/airflow/example_dags/example_trigger_controller_dag.py
[2026-05-04T00:29:01.987+0000] {logging_mixin.py:190} INFO - [2026-05-04T00:29:01.987+0000] {dag.py:3239} INFO - Sync 1 DAGs
[2026-05-04T00:29:02.003+0000] {logging_mixin.py:190} INFO - [2026-05-04T00:29:02.003+0000] {dag.py:4180} INFO - Setting next_dagrun for example_trigger_controller_dag to 2021-01-01 00:00:00+00:00, run_after=2021-01-01 00:00:00+00:00
[2026-05-04T00:29:02.022+0000] {processor.py:208} INFO - Processing /home/ec2-user/environment/lab4_model_training/venv/lib64/python3.12/site-packages/airflow/example_dags/example_trigger_controller_dag.py took 0.059 seconds
[2026-05-04T00:30:08.760+0000] {processor.py:186} INFO - Started process (PID=17468) to work on /home/ec2-user/environment/lab4_model_training/venv/lib64/python3.12/site-packages/airflow/example_dags/example_trigger_controller_dag.py
[2026-05-04T00:30:08.761+0000] {processor.py:914} INFO - Processing file /home/ec2-user/environment/lab4_model_training/venv/lib64/python3.12/site-packages/airflow/example_dags/example_trigger_controller_dag.py for tasks to queue
[2026-05-04T00:30:08.763+0000] {logging_mixin.py:190} INFO - [2026-05-04T00:30:08.763+0000] {dagbag.py:588} INFO - Filling up the DagBag from /home/ec2-user/environment/lab4_model_training/venv/lib64/python3.12/site-packages/airflow/example_dags/example_trigger_controller_dag.py
[2026-05-04T00:30:08.769+0000] {processor.py:925} INFO - DAG(s) 'example_trigger_controller_dag' retrieved from /home/ec2-user/environment/lab4_model_training/venv/lib64/python3.12/site-packages/airflow/example_dags/example_trigger_controller_dag.py
[2026-05-04T00:30:08.780+0000] {logging_mixin.py:190} INFO - [2026-05-04T00:30:08.780+0000] {dag.py:3239} INFO - Sync 1 DAGs
[2026-05-04T00:30:08.796+0000] {logging_mixin.py:190} INFO - [2026-05-04T00:30:08.796+0000] {dag.py:4180} INFO - Setting next_dagrun for example_trigger_controller_dag to 2021-01-01 00:00:00+00:00, run_after=2021-01-01 00:00:00+00:00
[2026-05-04T00:30:08.819+0000] {processor.py:208} INFO - Processing /home/ec2-user/environment/lab4_model_training/venv/lib64/python3.12/site-packages/airflow/example_dags/example_trigger_controller_dag.py took 0.063 seconds
[2026-05-04T00:31:10.042+0000] {processor.py:186} INFO - Started process (PID=17911) to work on /home/ec2-user/environment/lab4_model_training/venv/lib64/python3.12/site-packages/airflow/example_dags/example_trigger_controller_dag.py
[2026-05-04T00:31:10.043+0000] {processor.py:914} INFO - Processing file /home/ec2-user/environment/lab4_model_training/venv/lib64/python3.12/site-packages/airflow/example_dags/example_trigger_controller_dag.py for tasks to queue
[2026-05-04T00:31:10.045+0000] {logging_mixin.py:190} INFO - [2026-05-04T00:31:10.044+0000] {dagbag.py:588} INFO - Filling up the DagBag from /home/ec2-user/environment/lab4_model_training/venv/lib64/python3.12/site-packages/airflow/example_dags/example_trigger_controller_dag.py
[2026-05-04T00:31:10.051+0000] {processor.py:925} INFO - DAG(s) 'example_trigger_controller_dag' retrieved from /home/ec2-user/environment/lab4_model_training/venv/lib64/python3.12/site-packages/airflow/example_dags/example_trigger_controller_dag.py
[2026-05-04T00:31:10.062+0000] {logging_mixin.py:190} INFO - [2026-05-04T00:31:10.062+0000] {dag.py:3239} INFO - Sync 1 DAGs
[2026-05-04T00:31:10.077+0000] {logging_mixin.py:190} INFO - [2026-05-04T00:31:10.077+0000] {dag.py:4180} INFO - Setting next_dagrun for example_trigger_controller_dag to 2021-01-01 00:00:00+00:00, run_after=2021-01-01 00:00:00+00:00
[2026-05-04T00:31:10.096+0000] {processor.py:208} INFO - Processing /home/ec2-user/environment/lab4_model_training/venv/lib64/python3.12/site-packages/airflow/example_dags/example_trigger_controller_dag.py took 0.058 seconds
[2026-05-04T00:32:14.979+0000] {processor.py:186} INFO - Started process (PID=18335) to work on /home/ec2-user/environment/lab4_model_training/venv/lib64/python3.12/site-packages/airflow/example_dags/example_trigger_controller_dag.py
[2026-05-04T00:32:14.980+0000] {processor.py:914} INFO - Processing file /home/ec2-user/environment/lab4_model_training/venv/lib64/python3.12/site-packages/airflow/example_dags/example_trigger_controller_dag.py for tasks to queue
[2026-05-04T00:32:14.981+0000] {logging_mixin.py:190} INFO - [2026-05-04T00:32:14.981+0000] {dagbag.py:588} INFO - Filling up the DagBag from /home/ec2-user/environment/lab4_model_training/venv/lib64/python3.12/site-packages/airflow/example_dags/example_trigger_controller_dag.py
[2026-05-04T00:32:14.987+0000] {processor.py:925} INFO - DAG(s) 'example_trigger_controller_dag' retrieved from /home/ec2-user/environment/lab4_model_training/venv/lib64/python3.12/site-packages/airflow/example_dags/example_trigger_controller_dag.py
[2026-05-04T00:32:14.998+0000] {logging_mixin.py:190} INFO - [2026-05-04T00:32:14.998+0000] {dag.py:3239} INFO - Sync 1 DAGs
[2026-05-04T00:32:15.013+0000] {logging_mixin.py:190} INFO - [2026-05-04T00:32:15.013+0000] {dag.py:4180} INFO - Setting next_dagrun for example_trigger_controller_dag to 2021-01-01 00:00:00+00:00, run_after=2021-01-01 00:00:00+00:00
[2026-05-04T00:32:15.031+0000] {processor.py:208} INFO - Processing /home/ec2-user/environment/lab4_model_training/venv/lib64/python3.12/site-packages/airflow/example_dags/example_trigger_controller_dag.py took 0.057 seconds
[2026-05-04T00:33:23.412+0000] {processor.py:186} INFO - Started process (PID=18843) to work on /home/ec2-user/environment/lab4_model_training/venv/lib64/python3.12/site-packages/airflow/example_dags/example_trigger_controller_dag.py
[2026-05-04T00:33:23.413+0000] {processor.py:914} INFO - Processing file /home/ec2-user/environment/lab4_model_training/venv/lib64/python3.12/site-packages/airflow/example_dags/example_trigger_controller_dag.py for tasks to queue
[2026-05-04T00:33:23.415+0000] {logging_mixin.py:190} INFO - [2026-05-04T00:33:23.415+0000] {dagbag.py:588} INFO - Filling up the DagBag from /home/ec2-user/environment/lab4_model_training/venv/lib64/python3.12/site-packages/airflow/example_dags/example_trigger_controller_dag.py
[2026-05-04T00:33:23.423+0000] {processor.py:925} INFO - DAG(s) 'example_trigger_controller_dag' retrieved from /home/ec2-user/environment/lab4_model_training/venv/lib64/python3.12/site-packages/airflow/example_dags/example_trigger_controller_dag.py
[2026-05-04T00:33:23.437+0000] {logging_mixin.py:190} INFO - [2026-05-04T00:33:23.437+0000] {dag.py:3239} INFO - Sync 1 DAGs
[2026-05-04T00:33:23.454+0000] {logging_mixin.py:190} INFO - [2026-05-04T00:33:23.454+0000] {dag.py:4180} INFO - Setting next_dagrun for example_trigger_controller_dag to 2021-01-01 00:00:00+00:00, run_after=2021-01-01 00:00:00+00:00
[2026-05-04T00:33:23.473+0000] {processor.py:208} INFO - Processing /home/ec2-user/environment/lab4_model_training/venv/lib64/python3.12/site-packages/airflow/example_dags/example_trigger_controller_dag.py took 0.066 seconds
[2026-05-04T00:34:26.561+0000] {processor.py:186} INFO - Started process (PID=19262) to work on /home/ec2-user/environment/lab4_model_training/venv/lib64/python3.12/site-packages/airflow/example_dags/example_trigger_controller_dag.py
[2026-05-04T00:34:26.562+0000] {processor.py:914} INFO - Processing file /home/ec2-user/environment/lab4_model_training/venv/lib64/python3.12/site-packages/airflow/example_dags/example_trigger_controller_dag.py for tasks to queue
[2026-05-04T00:34:26.564+0000] {logging_mixin.py:190} INFO - [2026-05-04T00:34:26.564+0000] {dagbag.py:588} INFO - Filling up the DagBag from /home/ec2-user/environment/lab4_model_training/venv/lib64/python3.12/site-packages/airflow/example_dags/example_trigger_controller_dag.py
[2026-05-04T00:34:26.570+0000] {processor.py:925} INFO - DAG(s) 'example_trigger_controller_dag' retrieved from /home/ec2-user/environment/lab4_model_training/venv/lib64/python3.12/site-packages/airflow/example_dags/example_trigger_controller_dag.py
[2026-05-04T00:34:26.581+0000] {logging_mixin.py:190} INFO - [2026-05-04T00:34:26.581+0000] {dag.py:3239} INFO - Sync 1 DAGs
[2026-05-04T00:34:26.597+0000] {logging_mixin.py:190} INFO - [2026-05-04T00:34:26.597+0000] {dag.py:4180} INFO - Setting next_dagrun for example_trigger_controller_dag to 2021-01-01 00:00:00+00:00, run_after=2021-01-01 00:00:00+00:00
[2026-05-04T00:34:26.615+0000] {processor.py:208} INFO - Processing /home/ec2-user/environment/lab4_model_training/venv/lib64/python3.12/site-packages/airflow/example_dags/example_trigger_controller_dag.py took 0.059 seconds
[2026-05-04T00:35:28.503+0000] {processor.py:186} INFO - Started process (PID=19717) to work on /home/ec2-user/environment/lab4_model_training/venv/lib64/python3.12/site-packages/airflow/example_dags/example_trigger_controller_dag.py
[2026-05-04T00:35:28.504+0000] {processor.py:914} INFO - Processing file /home/ec2-user/environment/lab4_model_training/venv/lib64/python3.12/site-packages/airflow/example_dags/example_trigger_controller_dag.py for tasks to queue
[2026-05-04T00:35:28.506+0000] {logging_mixin.py:190} INFO - [2026-05-04T00:35:28.505+0000] {dagbag.py:588} INFO - Filling up the DagBag from /home/ec2-user/environment/lab4_model_training/venv/lib64/python3.12/site-packages/airflow/example_dags/example_trigger_controller_dag.py
[2026-05-04T00:35:28.513+0000] {processor.py:925} INFO - DAG(s) 'example_trigger_controller_dag' retrieved from /home/ec2-user/environment/lab4_model_training/venv/lib64/python3.12/site-packages/airflow/example_dags/example_trigger_controller_dag.py
[2026-05-04T00:35:28.527+0000] {logging_mixin.py:190} INFO - [2026-05-04T00:35:28.527+0000] {dag.py:3239} INFO - Sync 1 DAGs
[2026-05-04T00:35:28.543+0000] {logging_mixin.py:190} INFO - [2026-05-04T00:35:28.543+0000] {dag.py:4180} INFO - Setting next_dagrun for example_trigger_controller_dag to 2021-01-01 00:00:00+00:00, run_after=2021-01-01 00:00:00+00:00
[2026-05-04T00:35:28.560+0000] {processor.py:208} INFO - Processing /home/ec2-user/environment/lab4_model_training/venv/lib64/python3.12/site-packages/airflow/example_dags/example_trigger_controller_dag.py took 0.062 seconds
[2026-05-04T00:36:30.293+0000] {processor.py:186} INFO - Started process (PID=20112) to work on /home/ec2-user/environment/lab4_model_training/venv/lib64/python3.12/site-packages/airflow/example_dags/example_trigger_controller_dag.py
[2026-05-04T00:36:30.295+0000] {processor.py:914} INFO - Processing file /home/ec2-user/environment/lab4_model_training/venv/lib64/python3.12/site-packages/airflow/example_dags/example_trigger_controller_dag.py for tasks to queue
[2026-05-04T00:36:30.297+0000] {logging_mixin.py:190} INFO - [2026-05-04T00:36:30.297+0000] {dagbag.py:588} INFO - Filling up the DagBag from /home/ec2-user/environment/lab4_model_training/venv/lib64/python3.12/site-packages/airflow/example_dags/example_trigger_controller_dag.py
[2026-05-04T00:36:30.304+0000] {processor.py:925} INFO - DAG(s) 'example_trigger_controller_dag' retrieved from /home/ec2-user/environment/lab4_model_training/venv/lib64/python3.12/site-packages/airflow/example_dags/example_trigger_controller_dag.py
[2026-05-04T00:36:30.319+0000] {logging_mixin.py:190} INFO - [2026-05-04T00:36:30.319+0000] {dag.py:3239} INFO - Sync 1 DAGs
[2026-05-04T00:36:30.335+0000] {logging_mixin.py:190} INFO - [2026-05-04T00:36:30.335+0000] {dag.py:4180} INFO - Setting next_dagrun for example_trigger_controller_dag to 2021-01-01 00:00:00+00:00, run_after=2021-01-01 00:00:00+00:00
[2026-05-04T00:36:30.354+0000] {processor.py:208} INFO - Processing /home/ec2-user/environment/lab4_model_training/venv/lib64/python3.12/site-packages/airflow/example_dags/example_trigger_controller_dag.py took 0.065 seconds
[2026-05-04T00:37:35.579+0000] {processor.py:186} INFO - Started process (PID=20240) to work on /home/ec2-user/environment/lab4_model_training/venv/lib64/python3.12/site-packages/airflow/example_dags/example_trigger_controller_dag.py
[2026-05-04T00:37:35.581+0000] {processor.py:914} INFO - Processing file /home/ec2-user/environment/lab4_model_training/venv/lib64/python3.12/site-packages/airflow/example_dags/example_trigger_controller_dag.py for tasks to queue
[2026-05-04T00:37:35.583+0000] {logging_mixin.py:190} INFO - [2026-05-04T00:37:35.583+0000] {dagbag.py:588} INFO - Filling up the DagBag from /home/ec2-user/environment/lab4_model_training/venv/lib64/python3.12/site-packages/airflow/example_dags/example_trigger_controller_dag.py
[2026-05-04T00:37:35.590+0000] {processor.py:925} INFO - DAG(s) 'example_trigger_controller_dag' retrieved from /home/ec2-user/environment/lab4_model_training/venv/lib64/python3.12/site-packages/airflow/example_dags/example_trigger_controller_dag.py
[2026-05-04T00:37:35.603+0000] {logging_mixin.py:190} INFO - [2026-05-04T00:37:35.603+0000] {dag.py:3239} INFO - Sync 1 DAGs
[2026-05-04T00:37:35.620+0000] {logging_mixin.py:190} INFO - [2026-05-04T00:37:35.620+0000] {dag.py:4180} INFO - Setting next_dagrun for example_trigger_controller_dag to 2021-01-01 00:00:00+00:00, run_after=2021-01-01 00:00:00+00:00
[2026-05-04T00:37:35.640+0000] {processor.py:208} INFO - Processing /home/ec2-user/environment/lab4_model_training/venv/lib64/python3.12/site-packages/airflow/example_dags/example_trigger_controller_dag.py took 0.065 seconds
[2026-05-04T00:38:41.870+0000] {processor.py:186} INFO - Started process (PID=20409) to work on /home/ec2-user/environment/lab4_model_training/venv/lib64/python3.12/site-packages/airflow/example_dags/example_trigger_controller_dag.py
[2026-05-04T00:38:41.872+0000] {processor.py:914} INFO - Processing file /home/ec2-user/environment/lab4_model_training/venv/lib64/python3.12/site-packages/airflow/example_dags/example_trigger_controller_dag.py for tasks to queue
[2026-05-04T00:38:41.873+0000] {logging_mixin.py:190} INFO - [2026-05-04T00:38:41.873+0000] {dagbag.py:588} INFO - Filling up the DagBag from /home/ec2-user/environment/lab4_model_training/venv/lib64/python3.12/site-packages/airflow/example_dags/example_trigger_controller_dag.py
[2026-05-04T00:38:41.880+0000] {processor.py:925} INFO - DAG(s) 'example_trigger_controller_dag' retrieved from /home/ec2-user/environment/lab4_model_training/venv/lib64/python3.12/site-packages/airflow/example_dags/example_trigger_controller_dag.py
[2026-05-04T00:38:41.891+0000] {logging_mixin.py:190} INFO - [2026-05-04T00:38:41.891+0000] {dag.py:3239} INFO - Sync 1 DAGs
[2026-05-04T00:38:41.907+0000] {logging_mixin.py:190} INFO - [2026-05-04T00:38:41.906+0000] {dag.py:4180} INFO - Setting next_dagrun for example_trigger_controller_dag to 2021-01-01 00:00:00+00:00, run_after=2021-01-01 00:00:00+00:00
[2026-05-04T00:38:41.924+0000] {processor.py:208} INFO - Processing /home/ec2-user/environment/lab4_model_training/venv/lib64/python3.12/site-packages/airflow/example_dags/example_trigger_controller_dag.py took 0.058 seconds
[2026-05-04T00:39:44.819+0000] {processor.py:186} INFO - Started process (PID=20499) to work on /home/ec2-user/environment/lab4_model_training/venv/lib64/python3.12/site-packages/airflow/example_dags/example_trigger_controller_dag.py
[2026-05-04T00:39:44.821+0000] {processor.py:914} INFO - Processing file /home/ec2-user/environment/lab4_model_training/venv/lib64/python3.12/site-packages/airflow/example_dags/example_trigger_controller_dag.py for tasks to queue
[2026-05-04T00:39:44.822+0000] {logging_mixin.py:190} INFO - [2026-05-04T00:39:44.822+0000] {dagbag.py:588} INFO - Filling up the DagBag from /home/ec2-user/environment/lab4_model_training/venv/lib64/python3.12/site-packages/airflow/example_dags/example_trigger_controller_dag.py
[2026-05-04T00:39:44.828+0000] {processor.py:925} INFO - DAG(s) 'example_trigger_controller_dag' retrieved from /home/ec2-user/environment/lab4_model_training/venv/lib64/python3.12/site-packages/airflow/example_dags/example_trigger_controller_dag.py
[2026-05-04T00:39:44.839+0000] {logging_mixin.py:190} INFO - [2026-05-04T00:39:44.839+0000] {dag.py:3239} INFO - Sync 1 DAGs
[2026-05-04T00:39:44.854+0000] {logging_mixin.py:190} INFO - [2026-05-04T00:39:44.854+0000] {dag.py:4180} INFO - Setting next_dagrun for example_trigger_controller_dag to 2021-01-01 00:00:00+00:00, run_after=2021-01-01 00:00:00+00:00
[2026-05-04T00:39:44.871+0000] {processor.py:208} INFO - Processing /home/ec2-user/environment/lab4_model_training/venv/lib64/python3.12/site-packages/airflow/example_dags/example_trigger_controller_dag.py took 0.056 seconds
[2026-05-04T00:40:45.258+0000] {processor.py:186} INFO - Started process (PID=20638) to work on /home/ec2-user/environment/lab4_model_training/venv/lib64/python3.12/site-packages/airflow/example_dags/example_trigger_controller_dag.py
[2026-05-04T00:40:45.259+0000] {processor.py:914} INFO - Processing file /home/ec2-user/environment/lab4_model_training/venv/lib64/python3.12/site-packages/airflow/example_dags/example_trigger_controller_dag.py for tasks to queue
[2026-05-04T00:40:45.260+0000] {logging_mixin.py:190} INFO - [2026-05-04T00:40:45.260+0000] {dagbag.py:588} INFO - Filling up the DagBag from /home/ec2-user/environment/lab4_model_training/venv/lib64/python3.12/site-packages/airflow/example_dags/example_trigger_controller_dag.py
[2026-05-04T00:40:45.266+0000] {processor.py:925} INFO - DAG(s) 'example_trigger_controller_dag' retrieved from /home/ec2-user/environment/lab4_model_training/venv/lib64/python3.12/site-packages/airflow/example_dags/example_trigger_controller_dag.py
[2026-05-04T00:40:45.278+0000] {logging_mixin.py:190} INFO - [2026-05-04T00:40:45.277+0000] {dag.py:3239} INFO - Sync 1 DAGs
[2026-05-04T00:40:45.293+0000] {logging_mixin.py:190} INFO - [2026-05-04T00:40:45.292+0000] {dag.py:4180} INFO - Setting next_dagrun for example_trigger_controller_dag to 2021-01-01 00:00:00+00:00, run_after=2021-01-01 00:00:00+00:00
[2026-05-04T00:40:45.309+0000] {processor.py:208} INFO - Processing /home/ec2-user/environment/lab4_model_training/venv/lib64/python3.12/site-packages/airflow/example_dags/example_trigger_controller_dag.py took 0.056 seconds
[2026-05-04T00:41:50.071+0000] {processor.py:186} INFO - Started process (PID=20777) to work on /home/ec2-user/environment/lab4_model_training/venv/lib64/python3.12/site-packages/airflow/example_dags/example_trigger_controller_dag.py
[2026-05-04T00:41:50.072+0000] {processor.py:914} INFO - Processing file /home/ec2-user/environment/lab4_model_training/venv/lib64/python3.12/site-packages/airflow/example_dags/example_trigger_controller_dag.py for tasks to queue
[2026-05-04T00:41:50.074+0000] {logging_mixin.py:190} INFO - [2026-05-04T00:41:50.073+0000] {dagbag.py:588} INFO - Filling up the DagBag from /home/ec2-user/environment/lab4_model_training/venv/lib64/python3.12/site-packages/airflow/example_dags/example_trigger_controller_dag.py
[2026-05-04T00:41:50.079+0000] {processor.py:925} INFO - DAG(s) 'example_trigger_controller_dag' retrieved from /home/ec2-user/environment/lab4_model_training/venv/lib64/python3.12/site-packages/airflow/example_dags/example_trigger_controller_dag.py
[2026-05-04T00:41:50.091+0000] {logging_mixin.py:190} INFO - [2026-05-04T00:41:50.091+0000] {dag.py:3239} INFO - Sync 1 DAGs
[2026-05-04T00:41:50.107+0000] {logging_mixin.py:190} INFO - [2026-05-04T00:41:50.107+0000] {dag.py:4180} INFO - Setting next_dagrun for example_trigger_controller_dag to 2021-01-01 00:00:00+00:00, run_after=2021-01-01 00:00:00+00:00
[2026-05-04T00:41:50.125+0000] {processor.py:208} INFO - Processing /home/ec2-user/environment/lab4_model_training/venv/lib64/python3.12/site-packages/airflow/example_dags/example_trigger_controller_dag.py took 0.059 seconds
[2026-05-04T00:42:55.664+0000] {processor.py:186} INFO - Started process (PID=20873) to work on /home/ec2-user/environment/lab4_model_training/venv/lib64/python3.12/site-packages/airflow/example_dags/example_trigger_controller_dag.py
[2026-05-04T00:42:55.665+0000] {processor.py:914} INFO - Processing file /home/ec2-user/environment/lab4_model_training/venv/lib64/python3.12/site-packages/airflow/example_dags/example_trigger_controller_dag.py for tasks to queue
[2026-05-04T00:42:55.667+0000] {logging_mixin.py:190} INFO - [2026-05-04T00:42:55.666+0000] {dagbag.py:588} INFO - Filling up the DagBag from /home/ec2-user/environment/lab4_model_training/venv/lib64/python3.12/site-packages/airflow/example_dags/example_trigger_controller_dag.py
[2026-05-04T00:42:55.672+0000] {processor.py:925} INFO - DAG(s) 'example_trigger_controller_dag' retrieved from /home/ec2-user/environment/lab4_model_training/venv/lib64/python3.12/site-packages/airflow/example_dags/example_trigger_controller_dag.py
[2026-05-04T00:42:55.684+0000] {logging_mixin.py:190} INFO - [2026-05-04T00:42:55.684+0000] {dag.py:3239} INFO - Sync 1 DAGs
[2026-05-04T00:42:55.699+0000] {logging_mixin.py:190} INFO - [2026-05-04T00:42:55.699+0000] {dag.py:4180} INFO - Setting next_dagrun for example_trigger_controller_dag to 2021-01-01 00:00:00+00:00, run_after=2021-01-01 00:00:00+00:00
[2026-05-04T00:42:55.718+0000] {processor.py:208} INFO - Processing /home/ec2-user/environment/lab4_model_training/venv/lib64/python3.12/site-packages/airflow/example_dags/example_trigger_controller_dag.py took 0.058 seconds
[2026-05-04T00:44:00.617+0000] {processor.py:186} INFO - Started process (PID=21038) to work on /home/ec2-user/environment/lab4_model_training/venv/lib64/python3.12/site-packages/airflow/example_dags/example_trigger_controller_dag.py
[2026-05-04T00:44:00.618+0000] {processor.py:914} INFO - Processing file /home/ec2-user/environment/lab4_model_training/venv/lib64/python3.12/site-packages/airflow/example_dags/example_trigger_controller_dag.py for tasks to queue
[2026-05-04T00:44:00.620+0000] {logging_mixin.py:190} INFO - [2026-05-04T00:44:00.619+0000] {dagbag.py:588} INFO - Filling up the DagBag from /home/ec2-user/environment/lab4_model_training/venv/lib64/python3.12/site-packages/airflow/example_dags/example_trigger_controller_dag.py
[2026-05-04T00:44:00.625+0000] {processor.py:925} INFO - DAG(s) 'example_trigger_controller_dag' retrieved from /home/ec2-user/environment/lab4_model_training/venv/lib64/python3.12/site-packages/airflow/example_dags/example_trigger_controller_dag.py
[2026-05-04T00:44:00.636+0000] {logging_mixin.py:190} INFO - [2026-05-04T00:44:00.636+0000] {dag.py:3239} INFO - Sync 1 DAGs
[2026-05-04T00:44:00.651+0000] {logging_mixin.py:190} INFO - [2026-05-04T00:44:00.651+0000] {dag.py:4180} INFO - Setting next_dagrun for example_trigger_controller_dag to 2021-01-01 00:00:00+00:00, run_after=2021-01-01 00:00:00+00:00
[2026-05-04T00:44:00.667+0000] {processor.py:208} INFO - Processing /home/ec2-user/environment/lab4_model_training/venv/lib64/python3.12/site-packages/airflow/example_dags/example_trigger_controller_dag.py took 0.055 seconds
[2026-05-04T00:45:04.262+0000] {processor.py:186} INFO - Started process (PID=21152) to work on /home/ec2-user/environment/lab4_model_training/venv/lib64/python3.12/site-packages/airflow/example_dags/example_trigger_controller_dag.py
[2026-05-04T00:45:04.263+0000] {processor.py:914} INFO - Processing file /home/ec2-user/environment/lab4_model_training/venv/lib64/python3.12/site-packages/airflow/example_dags/example_trigger_controller_dag.py for tasks to queue
[2026-05-04T00:45:04.264+0000] {logging_mixin.py:190} INFO - [2026-05-04T00:45:04.264+0000] {dagbag.py:588} INFO - Filling up the DagBag from /home/ec2-user/environment/lab4_model_training/venv/lib64/python3.12/site-packages/airflow/example_dags/example_trigger_controller_dag.py
[2026-05-04T00:45:04.270+0000] {processor.py:925} INFO - DAG(s) 'example_trigger_controller_dag' retrieved from /home/ec2-user/environment/lab4_model_training/venv/lib64/python3.12/site-packages/airflow/example_dags/example_trigger_controller_dag.py
[2026-05-04T00:45:04.281+0000] {logging_mixin.py:190} INFO - [2026-05-04T00:45:04.281+0000] {dag.py:3239} INFO - Sync 1 DAGs
[2026-05-04T00:45:04.295+0000] {logging_mixin.py:190} INFO - [2026-05-04T00:45:04.295+0000] {dag.py:4180} INFO - Setting next_dagrun for example_trigger_controller_dag to 2021-01-01 00:00:00+00:00, run_after=2021-01-01 00:00:00+00:00
[2026-05-04T00:45:04.311+0000] {processor.py:208} INFO - Processing /home/ec2-user/environment/lab4_model_training/venv/lib64/python3.12/site-packages/airflow/example_dags/example_trigger_controller_dag.py took 0.054 seconds
[2026-05-04T00:46:09.204+0000] {processor.py:186} INFO - Started process (PID=21289) to work on /home/ec2-user/environment/lab4_model_training/venv/lib64/python3.12/site-packages/airflow/example_dags/example_trigger_controller_dag.py
[2026-05-04T00:46:09.205+0000] {processor.py:914} INFO - Processing file /home/ec2-user/environment/lab4_model_training/venv/lib64/python3.12/site-packages/airflow/example_dags/example_trigger_controller_dag.py for tasks to queue
[2026-05-04T00:46:09.207+0000] {logging_mixin.py:190} INFO - [2026-05-04T00:46:09.206+0000] {dagbag.py:588} INFO - Filling up the DagBag from /home/ec2-user/environment/lab4_model_training/venv/lib64/python3.12/site-packages/airflow/example_dags/example_trigger_controller_dag.py
[2026-05-04T00:46:09.212+0000] {processor.py:925} INFO - DAG(s) 'example_trigger_controller_dag' retrieved from /home/ec2-user/environment/lab4_model_training/venv/lib64/python3.12/site-packages/airflow/example_dags/example_trigger_controller_dag.py
[2026-05-04T00:46:09.224+0000] {logging_mixin.py:190} INFO - [2026-05-04T00:46:09.223+0000] {dag.py:3239} INFO - Sync 1 DAGs
[2026-05-04T00:46:09.239+0000] {logging_mixin.py:190} INFO - [2026-05-04T00:46:09.239+0000] {dag.py:4180} INFO - Setting next_dagrun for example_trigger_controller_dag to 2021-01-01 00:00:00+00:00, run_after=2021-01-01 00:00:00+00:00
[2026-05-04T00:46:09.257+0000] {processor.py:208} INFO - Processing /home/ec2-user/environment/lab4_model_training/venv/lib64/python3.12/site-packages/airflow/example_dags/example_trigger_controller_dag.py took 0.057 seconds
[2026-05-04T00:47:13.018+0000] {processor.py:186} INFO - Started process (PID=21378) to work on /home/ec2-user/environment/lab4_model_training/venv/lib64/python3.12/site-packages/airflow/example_dags/example_trigger_controller_dag.py
[2026-05-04T00:47:13.019+0000] {processor.py:914} INFO - Processing file /home/ec2-user/environment/lab4_model_training/venv/lib64/python3.12/site-packages/airflow/example_dags/example_trigger_controller_dag.py for tasks to queue
[2026-05-04T00:47:13.020+0000] {logging_mixin.py:190} INFO - [2026-05-04T00:47:13.020+0000] {dagbag.py:588} INFO - Filling up the DagBag from /home/ec2-user/environment/lab4_model_training/venv/lib64/python3.12/site-packages/airflow/example_dags/example_trigger_controller_dag.py
[2026-05-04T00:47:13.026+0000] {processor.py:925} INFO - DAG(s) 'example_trigger_controller_dag' retrieved from /home/ec2-user/environment/lab4_model_training/venv/lib64/python3.12/site-packages/airflow/example_dags/example_trigger_controller_dag.py
[2026-05-04T00:47:13.037+0000] {logging_mixin.py:190} INFO - [2026-05-04T00:47:13.037+0000] {dag.py:3239} INFO - Sync 1 DAGs
[2026-05-04T00:47:13.052+0000] {logging_mixin.py:190} INFO - [2026-05-04T00:47:13.051+0000] {dag.py:4180} INFO - Setting next_dagrun for example_trigger_controller_dag to 2021-01-01 00:00:00+00:00, run_after=2021-01-01 00:00:00+00:00
[2026-05-04T00:47:13.070+0000] {processor.py:208} INFO - Processing /home/ec2-user/environment/lab4_model_training/venv/lib64/python3.12/site-packages/airflow/example_dags/example_trigger_controller_dag.py took 0.056 seconds
[2026-05-04T00:48:12.462+0000] {processor.py:186} INFO - Started process (PID=21511) to work on /home/ec2-user/environment/lab4_model_training/venv/lib64/python3.12/site-packages/airflow/example_dags/example_trigger_controller_dag.py
[2026-05-04T00:48:12.464+0000] {processor.py:914} INFO - Processing file /home/ec2-user/environment/lab4_model_training/venv/lib64/python3.12/site-packages/airflow/example_dags/example_trigger_controller_dag.py for tasks to queue
[2026-05-04T00:48:12.465+0000] {logging_mixin.py:190} INFO - [2026-05-04T00:48:12.465+0000] {dagbag.py:588} INFO - Filling up the DagBag from /home/ec2-user/environment/lab4_model_training/venv/lib64/python3.12/site-packages/airflow/example_dags/example_trigger_controller_dag.py
[2026-05-04T00:48:12.471+0000] {processor.py:925} INFO - DAG(s) 'example_trigger_controller_dag' retrieved from /home/ec2-user/environment/lab4_model_training/venv/lib64/python3.12/site-packages/airflow/example_dags/example_trigger_controller_dag.py
[2026-05-04T00:48:12.481+0000] {logging_mixin.py:190} INFO - [2026-05-04T00:48:12.481+0000] {dag.py:3239} INFO - Sync 1 DAGs
[2026-05-04T00:48:12.496+0000] {logging_mixin.py:190} INFO - [2026-05-04T00:48:12.496+0000] {dag.py:4180} INFO - Setting next_dagrun for example_trigger_controller_dag to 2021-01-01 00:00:00+00:00, run_after=2021-01-01 00:00:00+00:00
[2026-05-04T00:48:12.513+0000] {processor.py:208} INFO - Processing /home/ec2-user/environment/lab4_model_training/venv/lib64/python3.12/site-packages/airflow/example_dags/example_trigger_controller_dag.py took 0.055 seconds
[2026-05-04T00:49:19.342+0000] {processor.py:186} INFO - Started process (PID=21599) to work on /home/ec2-user/environment/lab4_model_training/venv/lib64/python3.12/site-packages/airflow/example_dags/example_trigger_controller_dag.py
[2026-05-04T00:49:19.343+0000] {processor.py:914} INFO - Processing file /home/ec2-user/environment/lab4_model_training/venv/lib64/python3.12/site-packages/airflow/example_dags/example_trigger_controller_dag.py for tasks to queue
[2026-05-04T00:49:19.345+0000] {logging_mixin.py:190} INFO - [2026-05-04T00:49:19.345+0000] {dagbag.py:588} INFO - Filling up the DagBag from /home/ec2-user/environment/lab4_model_training/venv/lib64/python3.12/site-packages/airflow/example_dags/example_trigger_controller_dag.py
[2026-05-04T00:49:19.351+0000] {processor.py:925} INFO - DAG(s) 'example_trigger_controller_dag' retrieved from /home/ec2-user/environment/lab4_model_training/venv/lib64/python3.12/site-packages/airflow/example_dags/example_trigger_controller_dag.py
[2026-05-04T00:49:19.362+0000] {logging_mixin.py:190} INFO - [2026-05-04T00:49:19.362+0000] {dag.py:3239} INFO - Sync 1 DAGs
[2026-05-04T00:49:19.376+0000] {logging_mixin.py:190} INFO - [2026-05-04T00:49:19.376+0000] {dag.py:4180} INFO - Setting next_dagrun for example_trigger_controller_dag to 2021-01-01 00:00:00+00:00, run_after=2021-01-01 00:00:00+00:00
[2026-05-04T00:49:19.393+0000] {processor.py:208} INFO - Processing /home/ec2-user/environment/lab4_model_training/venv/lib64/python3.12/site-packages/airflow/example_dags/example_trigger_controller_dag.py took 0.055 seconds
[2026-05-04T00:50:23.180+0000] {processor.py:186} INFO - Started process (PID=21928) to work on /home/ec2-user/environment/lab4_model_training/venv/lib64/python3.12/site-packages/airflow/example_dags/example_trigger_controller_dag.py
[2026-05-04T00:50:23.182+0000] {processor.py:914} INFO - Processing file /home/ec2-user/environment/lab4_model_training/venv/lib64/python3.12/site-packages/airflow/example_dags/example_trigger_controller_dag.py for tasks to queue
[2026-05-04T00:50:23.183+0000] {logging_mixin.py:190} INFO - [2026-05-04T00:50:23.183+0000] {dagbag.py:588} INFO - Filling up the DagBag from /home/ec2-user/environment/lab4_model_training/venv/lib64/python3.12/site-packages/airflow/example_dags/example_trigger_controller_dag.py
[2026-05-04T00:50:23.188+0000] {processor.py:925} INFO - DAG(s) 'example_trigger_controller_dag' retrieved from /home/ec2-user/environment/lab4_model_training/venv/lib64/python3.12/site-packages/airflow/example_dags/example_trigger_controller_dag.py
[2026-05-04T00:50:23.200+0000] {logging_mixin.py:190} INFO - [2026-05-04T00:50:23.200+0000] {dag.py:3239} INFO - Sync 1 DAGs
[2026-05-04T00:50:23.215+0000] {logging_mixin.py:190} INFO - [2026-05-04T00:50:23.215+0000] {dag.py:4180} INFO - Setting next_dagrun for example_trigger_controller_dag to 2021-01-01 00:00:00+00:00, run_after=2021-01-01 00:00:00+00:00
[2026-05-04T00:50:23.231+0000] {processor.py:208} INFO - Processing /home/ec2-user/environment/lab4_model_training/venv/lib64/python3.12/site-packages/airflow/example_dags/example_trigger_controller_dag.py took 0.056 seconds
[2026-05-04T00:51:30.067+0000] {processor.py:186} INFO - Started process (PID=22123) to work on /home/ec2-user/environment/lab4_model_training/venv/lib64/python3.12/site-packages/airflow/example_dags/example_trigger_controller_dag.py
[2026-05-04T00:51:30.068+0000] {processor.py:914} INFO - Processing file /home/ec2-user/environment/lab4_model_training/venv/lib64/python3.12/site-packages/airflow/example_dags/example_trigger_controller_dag.py for tasks to queue
[2026-05-04T00:51:30.070+0000] {logging_mixin.py:190} INFO - [2026-05-04T00:51:30.070+0000] {dagbag.py:588} INFO - Filling up the DagBag from /home/ec2-user/environment/lab4_model_training/venv/lib64/python3.12/site-packages/airflow/example_dags/example_trigger_controller_dag.py
[2026-05-04T00:51:30.075+0000] {processor.py:925} INFO - DAG(s) 'example_trigger_controller_dag' retrieved from /home/ec2-user/environment/lab4_model_training/venv/lib64/python3.12/site-packages/airflow/example_dags/example_trigger_controller_dag.py
[2026-05-04T00:51:30.086+0000] {logging_mixin.py:190} INFO - [2026-05-04T00:51:30.086+0000] {dag.py:3239} INFO - Sync 1 DAGs
[2026-05-04T00:51:30.101+0000] {logging_mixin.py:190} INFO - [2026-05-04T00:51:30.101+0000] {dag.py:4180} INFO - Setting next_dagrun for example_trigger_controller_dag to 2021-01-01 00:00:00+00:00, run_after=2021-01-01 00:00:00+00:00
[2026-05-04T00:51:30.117+0000] {processor.py:208} INFO - Processing /home/ec2-user/environment/lab4_model_training/venv/lib64/python3.12/site-packages/airflow/example_dags/example_trigger_controller_dag.py took 0.054 seconds
[2026-05-04T00:52:32.431+0000] {processor.py:186} INFO - Started process (PID=22322) to work on /home/ec2-user/environment/lab4_model_training/venv/lib64/python3.12/site-packages/airflow/example_dags/example_trigger_controller_dag.py
[2026-05-04T00:52:32.432+0000] {processor.py:914} INFO - Processing file /home/ec2-user/environment/lab4_model_training/venv/lib64/python3.12/site-packages/airflow/example_dags/example_trigger_controller_dag.py for tasks to queue
[2026-05-04T00:52:32.434+0000] {logging_mixin.py:190} INFO - [2026-05-04T00:52:32.434+0000] {dagbag.py:588} INFO - Filling up the DagBag from /home/ec2-user/environment/lab4_model_training/venv/lib64/python3.12/site-packages/airflow/example_dags/example_trigger_controller_dag.py
[2026-05-04T00:52:32.439+0000] {processor.py:925} INFO - DAG(s) 'example_trigger_controller_dag' retrieved from /home/ec2-user/environment/lab4_model_training/venv/lib64/python3.12/site-packages/airflow/example_dags/example_trigger_controller_dag.py
[2026-05-04T00:52:32.450+0000] {logging_mixin.py:190} INFO - [2026-05-04T00:52:32.450+0000] {dag.py:3239} INFO - Sync 1 DAGs
[2026-05-04T00:52:32.465+0000] {logging_mixin.py:190} INFO - [2026-05-04T00:52:32.465+0000] {dag.py:4180} INFO - Setting next_dagrun for example_trigger_controller_dag to 2021-01-01 00:00:00+00:00, run_after=2021-01-01 00:00:00+00:00
[2026-05-04T00:52:32.482+0000] {processor.py:208} INFO - Processing /home/ec2-user/environment/lab4_model_training/venv/lib64/python3.12/site-packages/airflow/example_dags/example_trigger_controller_dag.py took 0.055 seconds
[2026-05-04T00:53:34.564+0000] {processor.py:186} INFO - Started process (PID=22451) to work on /home/ec2-user/environment/lab4_model_training/venv/lib64/python3.12/site-packages/airflow/example_dags/example_trigger_controller_dag.py
[2026-05-04T00:53:34.565+0000] {processor.py:914} INFO - Processing file /home/ec2-user/environment/lab4_model_training/venv/lib64/python3.12/site-packages/airflow/example_dags/example_trigger_controller_dag.py for tasks to queue
[2026-05-04T00:53:34.567+0000] {logging_mixin.py:190} INFO - [2026-05-04T00:53:34.567+0000] {dagbag.py:588} INFO - Filling up the DagBag from /home/ec2-user/environment/lab4_model_training/venv/lib64/python3.12/site-packages/airflow/example_dags/example_trigger_controller_dag.py
[2026-05-04T00:53:34.572+0000] {processor.py:925} INFO - DAG(s) 'example_trigger_controller_dag' retrieved from /home/ec2-user/environment/lab4_model_training/venv/lib64/python3.12/site-packages/airflow/example_dags/example_trigger_controller_dag.py
[2026-05-04T00:53:34.583+0000] {logging_mixin.py:190} INFO - [2026-05-04T00:53:34.583+0000] {dag.py:3239} INFO - Sync 1 DAGs
[2026-05-04T00:53:34.598+0000] {logging_mixin.py:190} INFO - [2026-05-04T00:53:34.598+0000] {dag.py:4180} INFO - Setting next_dagrun for example_trigger_controller_dag to 2021-01-01 00:00:00+00:00, run_after=2021-01-01 00:00:00+00:00
[2026-05-04T00:53:34.614+0000] {processor.py:208} INFO - Processing /home/ec2-user/environment/lab4_model_training/venv/lib64/python3.12/site-packages/airflow/example_dags/example_trigger_controller_dag.py took 0.055 seconds
[2026-05-04T00:54:45.941+0000] {processor.py:186} INFO - Started process (PID=22656) to work on /home/ec2-user/environment/lab4_model_training/venv/lib64/python3.12/site-packages/airflow/example_dags/example_trigger_controller_dag.py
[2026-05-04T00:54:45.943+0000] {processor.py:914} INFO - Processing file /home/ec2-user/environment/lab4_model_training/venv/lib64/python3.12/site-packages/airflow/example_dags/example_trigger_controller_dag.py for tasks to queue
[2026-05-04T00:54:45.944+0000] {logging_mixin.py:190} INFO - [2026-05-04T00:54:45.944+0000] {dagbag.py:588} INFO - Filling up the DagBag from /home/ec2-user/environment/lab4_model_training/venv/lib64/python3.12/site-packages/airflow/example_dags/example_trigger_controller_dag.py
[2026-05-04T00:54:45.950+0000] {processor.py:925} INFO - DAG(s) 'example_trigger_controller_dag' retrieved from /home/ec2-user/environment/lab4_model_training/venv/lib64/python3.12/site-packages/airflow/example_dags/example_trigger_controller_dag.py
[2026-05-04T00:54:45.961+0000] {logging_mixin.py:190} INFO - [2026-05-04T00:54:45.961+0000] {dag.py:3239} INFO - Sync 1 DAGs
[2026-05-04T00:54:45.976+0000] {logging_mixin.py:190} INFO - [2026-05-04T00:54:45.976+0000] {dag.py:4180} INFO - Setting next_dagrun for example_trigger_controller_dag to 2021-01-01 00:00:00+00:00, run_after=2021-01-01 00:00:00+00:00
[2026-05-04T00:54:45.993+0000] {processor.py:208} INFO - Processing /home/ec2-user/environment/lab4_model_training/venv/lib64/python3.12/site-packages/airflow/example_dags/example_trigger_controller_dag.py took 0.056 seconds
[2026-05-04T00:55:46.716+0000] {processor.py:186} INFO - Started process (PID=22785) to work on /home/ec2-user/environment/lab4_model_training/venv/lib64/python3.12/site-packages/airflow/example_dags/example_trigger_controller_dag.py
[2026-05-04T00:55:46.717+0000] {processor.py:914} INFO - Processing file /home/ec2-user/environment/lab4_model_training/venv/lib64/python3.12/site-packages/airflow/example_dags/example_trigger_controller_dag.py for tasks to queue
[2026-05-04T00:55:46.719+0000] {logging_mixin.py:190} INFO - [2026-05-04T00:55:46.718+0000] {dagbag.py:588} INFO - Filling up the DagBag from /home/ec2-user/environment/lab4_model_training/venv/lib64/python3.12/site-packages/airflow/example_dags/example_trigger_controller_dag.py
[2026-05-04T00:55:46.724+0000] {processor.py:925} INFO - DAG(s) 'example_trigger_controller_dag' retrieved from /home/ec2-user/environment/lab4_model_training/venv/lib64/python3.12/site-packages/airflow/example_dags/example_trigger_controller_dag.py
[2026-05-04T00:55:46.736+0000] {logging_mixin.py:190} INFO - [2026-05-04T00:55:46.736+0000] {dag.py:3239} INFO - Sync 1 DAGs
[2026-05-04T00:55:46.750+0000] {logging_mixin.py:190} INFO - [2026-05-04T00:55:46.750+0000] {dag.py:4180} INFO - Setting next_dagrun for example_trigger_controller_dag to 2021-01-01 00:00:00+00:00, run_after=2021-01-01 00:00:00+00:00
[2026-05-04T00:55:46.767+0000] {processor.py:208} INFO - Processing /home/ec2-user/environment/lab4_model_training/venv/lib64/python3.12/site-packages/airflow/example_dags/example_trigger_controller_dag.py took 0.055 seconds
[2026-05-04T00:56:50.369+0000] {processor.py:186} INFO - Started process (PID=22954) to work on /home/ec2-user/environment/lab4_model_training/venv/lib64/python3.12/site-packages/airflow/example_dags/example_trigger_controller_dag.py
[2026-05-04T00:56:50.370+0000] {processor.py:914} INFO - Processing file /home/ec2-user/environment/lab4_model_training/venv/lib64/python3.12/site-packages/airflow/example_dags/example_trigger_controller_dag.py for tasks to queue
[2026-05-04T00:56:50.372+0000] {logging_mixin.py:190} INFO - [2026-05-04T00:56:50.372+0000] {dagbag.py:588} INFO - Filling up the DagBag from /home/ec2-user/environment/lab4_model_training/venv/lib64/python3.12/site-packages/airflow/example_dags/example_trigger_controller_dag.py
[2026-05-04T00:56:50.378+0000] {processor.py:925} INFO - DAG(s) 'example_trigger_controller_dag' retrieved from /home/ec2-user/environment/lab4_model_training/venv/lib64/python3.12/site-packages/airflow/example_dags/example_trigger_controller_dag.py
[2026-05-04T00:56:50.389+0000] {logging_mixin.py:190} INFO - [2026-05-04T00:56:50.389+0000] {dag.py:3239} INFO - Sync 1 DAGs
[2026-05-04T00:56:50.404+0000] {logging_mixin.py:190} INFO - [2026-05-04T00:56:50.404+0000] {dag.py:4180} INFO - Setting next_dagrun for example_trigger_controller_dag to 2021-01-01 00:00:00+00:00, run_after=2021-01-01 00:00:00+00:00
[2026-05-04T00:56:50.421+0000] {processor.py:208} INFO - Processing /home/ec2-user/environment/lab4_model_training/venv/lib64/python3.12/site-packages/airflow/example_dags/example_trigger_controller_dag.py took 0.056 seconds
[2026-05-04T00:57:57.686+0000] {processor.py:186} INFO - Started process (PID=23098) to work on /home/ec2-user/environment/lab4_model_training/venv/lib64/python3.12/site-packages/airflow/example_dags/example_trigger_controller_dag.py
[2026-05-04T00:57:57.687+0000] {processor.py:914} INFO - Processing file /home/ec2-user/environment/lab4_model_training/venv/lib64/python3.12/site-packages/airflow/example_dags/example_trigger_controller_dag.py for tasks to queue
[2026-05-04T00:57:57.689+0000] {logging_mixin.py:190} INFO - [2026-05-04T00:57:57.689+0000] {dagbag.py:588} INFO - Filling up the DagBag from /home/ec2-user/environment/lab4_model_training/venv/lib64/python3.12/site-packages/airflow/example_dags/example_trigger_controller_dag.py
[2026-05-04T00:57:57.695+0000] {processor.py:925} INFO - DAG(s) 'example_trigger_controller_dag' retrieved from /home/ec2-user/environment/lab4_model_training/venv/lib64/python3.12/site-packages/airflow/example_dags/example_trigger_controller_dag.py
[2026-05-04T00:57:57.706+0000] {logging_mixin.py:190} INFO - [2026-05-04T00:57:57.706+0000] {dag.py:3239} INFO - Sync 1 DAGs
[2026-05-04T00:57:57.721+0000] {logging_mixin.py:190} INFO - [2026-05-04T00:57:57.721+0000] {dag.py:4180} INFO - Setting next_dagrun for example_trigger_controller_dag to 2021-01-01 00:00:00+00:00, run_after=2021-01-01 00:00:00+00:00
[2026-05-04T00:57:57.738+0000] {processor.py:208} INFO - Processing /home/ec2-user/environment/lab4_model_training/venv/lib64/python3.12/site-packages/airflow/example_dags/example_trigger_controller_dag.py took 0.055 seconds
[2026-05-04T00:59:02.697+0000] {processor.py:186} INFO - Started process (PID=23259) to work on /home/ec2-user/environment/lab4_model_training/venv/lib64/python3.12/site-packages/airflow/example_dags/example_trigger_controller_dag.py
[2026-05-04T00:59:02.698+0000] {processor.py:914} INFO - Processing file /home/ec2-user/environment/lab4_model_training/venv/lib64/python3.12/site-packages/airflow/example_dags/example_trigger_controller_dag.py for tasks to queue
[2026-05-04T00:59:02.699+0000] {logging_mixin.py:190} INFO - [2026-05-04T00:59:02.699+0000] {dagbag.py:588} INFO - Filling up the DagBag from /home/ec2-user/environment/lab4_model_training/venv/lib64/python3.12/site-packages/airflow/example_dags/example_trigger_controller_dag.py
[2026-05-04T00:59:02.705+0000] {processor.py:925} INFO - DAG(s) 'example_trigger_controller_dag' retrieved from /home/ec2-user/environment/lab4_model_training/venv/lib64/python3.12/site-packages/airflow/example_dags/example_trigger_controller_dag.py
[2026-05-04T00:59:02.716+0000] {logging_mixin.py:190} INFO - [2026-05-04T00:59:02.716+0000] {dag.py:3239} INFO - Sync 1 DAGs
[2026-05-04T00:59:02.731+0000] {logging_mixin.py:190} INFO - [2026-05-04T00:59:02.731+0000] {dag.py:4180} INFO - Setting next_dagrun for example_trigger_controller_dag to 2021-01-01 00:00:00+00:00, run_after=2021-01-01 00:00:00+00:00
[2026-05-04T00:59:02.748+0000] {processor.py:208} INFO - Processing /home/ec2-user/environment/lab4_model_training/venv/lib64/python3.12/site-packages/airflow/example_dags/example_trigger_controller_dag.py took 0.056 seconds
[2026-05-04T01:00:12.302+0000] {processor.py:186} INFO - Started process (PID=23408) to work on /home/ec2-user/environment/lab4_model_training/venv/lib64/python3.12/site-packages/airflow/example_dags/example_trigger_controller_dag.py
[2026-05-04T01:00:12.303+0000] {processor.py:914} INFO - Processing file /home/ec2-user/environment/lab4_model_training/venv/lib64/python3.12/site-packages/airflow/example_dags/example_trigger_controller_dag.py for tasks to queue
[2026-05-04T01:00:12.305+0000] {logging_mixin.py:190} INFO - [2026-05-04T01:00:12.305+0000] {dagbag.py:588} INFO - Filling up the DagBag from /home/ec2-user/environment/lab4_model_training/venv/lib64/python3.12/site-packages/airflow/example_dags/example_trigger_controller_dag.py
[2026-05-04T01:00:12.310+0000] {processor.py:925} INFO - DAG(s) 'example_trigger_controller_dag' retrieved from /home/ec2-user/environment/lab4_model_training/venv/lib64/python3.12/site-packages/airflow/example_dags/example_trigger_controller_dag.py
[2026-05-04T01:00:12.322+0000] {logging_mixin.py:190} INFO - [2026-05-04T01:00:12.321+0000] {dag.py:3239} INFO - Sync 1 DAGs
[2026-05-04T01:00:12.336+0000] {logging_mixin.py:190} INFO - [2026-05-04T01:00:12.336+0000] {dag.py:4180} INFO - Setting next_dagrun for example_trigger_controller_dag to 2021-01-01 00:00:00+00:00, run_after=2021-01-01 00:00:00+00:00
[2026-05-04T01:00:12.353+0000] {processor.py:208} INFO - Processing /home/ec2-user/environment/lab4_model_training/venv/lib64/python3.12/site-packages/airflow/example_dags/example_trigger_controller_dag.py took 0.056 seconds
[2026-05-04T01:01:22.790+0000] {processor.py:186} INFO - Started process (PID=23589) to work on /home/ec2-user/environment/lab4_model_training/venv/lib64/python3.12/site-packages/airflow/example_dags/example_trigger_controller_dag.py
[2026-05-04T01:01:22.791+0000] {processor.py:914} INFO - Processing file /home/ec2-user/environment/lab4_model_training/venv/lib64/python3.12/site-packages/airflow/example_dags/example_trigger_controller_dag.py for tasks to queue
[2026-05-04T01:01:22.793+0000] {logging_mixin.py:190} INFO - [2026-05-04T01:01:22.792+0000] {dagbag.py:588} INFO - Filling up the DagBag from /home/ec2-user/environment/lab4_model_training/venv/lib64/python3.12/site-packages/airflow/example_dags/example_trigger_controller_dag.py
[2026-05-04T01:01:22.798+0000] {processor.py:925} INFO - DAG(s) 'example_trigger_controller_dag' retrieved from /home/ec2-user/environment/lab4_model_training/venv/lib64/python3.12/site-packages/airflow/example_dags/example_trigger_controller_dag.py
[2026-05-04T01:01:22.809+0000] {logging_mixin.py:190} INFO - [2026-05-04T01:01:22.809+0000] {dag.py:3239} INFO - Sync 1 DAGs
[2026-05-04T01:01:22.824+0000] {logging_mixin.py:190} INFO - [2026-05-04T01:01:22.824+0000] {dag.py:4180} INFO - Setting next_dagrun for example_trigger_controller_dag to 2021-01-01 00:00:00+00:00, run_after=2021-01-01 00:00:00+00:00
[2026-05-04T01:01:22.842+0000] {processor.py:208} INFO - Processing /home/ec2-user/environment/lab4_model_training/venv/lib64/python3.12/site-packages/airflow/example_dags/example_trigger_controller_dag.py took 0.056 seconds
[2026-05-04T01:02:26.883+0000] {processor.py:186} INFO - Started process (PID=23678) to work on /home/ec2-user/environment/lab4_model_training/venv/lib64/python3.12/site-packages/airflow/example_dags/example_trigger_controller_dag.py
[2026-05-04T01:02:26.884+0000] {processor.py:914} INFO - Processing file /home/ec2-user/environment/lab4_model_training/venv/lib64/python3.12/site-packages/airflow/example_dags/example_trigger_controller_dag.py for tasks to queue
[2026-05-04T01:02:26.886+0000] {logging_mixin.py:190} INFO - [2026-05-04T01:02:26.885+0000] {dagbag.py:588} INFO - Filling up the DagBag from /home/ec2-user/environment/lab4_model_training/venv/lib64/python3.12/site-packages/airflow/example_dags/example_trigger_controller_dag.py
[2026-05-04T01:02:26.892+0000] {processor.py:925} INFO - DAG(s) 'example_trigger_controller_dag' retrieved from /home/ec2-user/environment/lab4_model_training/venv/lib64/python3.12/site-packages/airflow/example_dags/example_trigger_controller_dag.py
[2026-05-04T01:02:26.903+0000] {logging_mixin.py:190} INFO - [2026-05-04T01:02:26.903+0000] {dag.py:3239} INFO - Sync 1 DAGs
[2026-05-04T01:02:26.919+0000] {logging_mixin.py:190} INFO - [2026-05-04T01:02:26.919+0000] {dag.py:4180} INFO - Setting next_dagrun for example_trigger_controller_dag to 2021-01-01 00:00:00+00:00, run_after=2021-01-01 00:00:00+00:00
[2026-05-04T01:02:26.937+0000] {processor.py:208} INFO - Processing /home/ec2-user/environment/lab4_model_training/venv/lib64/python3.12/site-packages/airflow/example_dags/example_trigger_controller_dag.py took 0.058 seconds
[2026-05-04T01:03:32.490+0000] {processor.py:186} INFO - Started process (PID=23818) to work on /home/ec2-user/environment/lab4_model_training/venv/lib64/python3.12/site-packages/airflow/example_dags/example_trigger_controller_dag.py
[2026-05-04T01:03:32.491+0000] {processor.py:914} INFO - Processing file /home/ec2-user/environment/lab4_model_training/venv/lib64/python3.12/site-packages/airflow/example_dags/example_trigger_controller_dag.py for tasks to queue
[2026-05-04T01:03:32.493+0000] {logging_mixin.py:190} INFO - [2026-05-04T01:03:32.492+0000] {dagbag.py:588} INFO - Filling up the DagBag from /home/ec2-user/environment/lab4_model_training/venv/lib64/python3.12/site-packages/airflow/example_dags/example_trigger_controller_dag.py
[2026-05-04T01:03:32.498+0000] {processor.py:925} INFO - DAG(s) 'example_trigger_controller_dag' retrieved from /home/ec2-user/environment/lab4_model_training/venv/lib64/python3.12/site-packages/airflow/example_dags/example_trigger_controller_dag.py
[2026-05-04T01:03:32.509+0000] {logging_mixin.py:190} INFO - [2026-05-04T01:03:32.509+0000] {dag.py:3239} INFO - Sync 1 DAGs
[2026-05-04T01:03:32.524+0000] {logging_mixin.py:190} INFO - [2026-05-04T01:03:32.524+0000] {dag.py:4180} INFO - Setting next_dagrun for example_trigger_controller_dag to 2021-01-01 00:00:00+00:00, run_after=2021-01-01 00:00:00+00:00
[2026-05-04T01:03:32.541+0000] {processor.py:208} INFO - Processing /home/ec2-user/environment/lab4_model_training/venv/lib64/python3.12/site-packages/airflow/example_dags/example_trigger_controller_dag.py took 0.055 seconds
[2026-05-04T01:04:42.787+0000] {processor.py:186} INFO - Started process (PID=23956) to work on /home/ec2-user/environment/lab4_model_training/venv/lib64/python3.12/site-packages/airflow/example_dags/example_trigger_controller_dag.py
[2026-05-04T01:04:42.788+0000] {processor.py:914} INFO - Processing file /home/ec2-user/environment/lab4_model_training/venv/lib64/python3.12/site-packages/airflow/example_dags/example_trigger_controller_dag.py for tasks to queue
[2026-05-04T01:04:42.790+0000] {logging_mixin.py:190} INFO - [2026-05-04T01:04:42.790+0000] {dagbag.py:588} INFO - Filling up the DagBag from /home/ec2-user/environment/lab4_model_training/venv/lib64/python3.12/site-packages/airflow/example_dags/example_trigger_controller_dag.py
[2026-05-04T01:04:42.796+0000] {processor.py:925} INFO - DAG(s) 'example_trigger_controller_dag' retrieved from /home/ec2-user/environment/lab4_model_training/venv/lib64/python3.12/site-packages/airflow/example_dags/example_trigger_controller_dag.py
[2026-05-04T01:04:42.807+0000] {logging_mixin.py:190} INFO - [2026-05-04T01:04:42.806+0000] {dag.py:3239} INFO - Sync 1 DAGs
[2026-05-04T01:04:42.821+0000] {logging_mixin.py:190} INFO - [2026-05-04T01:04:42.821+0000] {dag.py:4180} INFO - Setting next_dagrun for example_trigger_controller_dag to 2021-01-01 00:00:00+00:00, run_after=2021-01-01 00:00:00+00:00
[2026-05-04T01:04:42.838+0000] {processor.py:208} INFO - Processing /home/ec2-user/environment/lab4_model_training/venv/lib64/python3.12/site-packages/airflow/example_dags/example_trigger_controller_dag.py took 0.055 seconds
[2026-05-04T01:05:46.829+0000] {processor.py:186} INFO - Started process (PID=24043) to work on /home/ec2-user/environment/lab4_model_training/venv/lib64/python3.12/site-packages/airflow/example_dags/example_trigger_controller_dag.py
[2026-05-04T01:05:46.830+0000] {processor.py:914} INFO - Processing file /home/ec2-user/environment/lab4_model_training/venv/lib64/python3.12/site-packages/airflow/example_dags/example_trigger_controller_dag.py for tasks to queue
[2026-05-04T01:05:46.832+0000] {logging_mixin.py:190} INFO - [2026-05-04T01:05:46.832+0000] {dagbag.py:588} INFO - Filling up the DagBag from /home/ec2-user/environment/lab4_model_training/venv/lib64/python3.12/site-packages/airflow/example_dags/example_trigger_controller_dag.py
[2026-05-04T01:05:46.838+0000] {processor.py:925} INFO - DAG(s) 'example_trigger_controller_dag' retrieved from /home/ec2-user/environment/lab4_model_training/venv/lib64/python3.12/site-packages/airflow/example_dags/example_trigger_controller_dag.py
[2026-05-04T01:05:46.849+0000] {logging_mixin.py:190} INFO - [2026-05-04T01:05:46.849+0000] {dag.py:3239} INFO - Sync 1 DAGs
[2026-05-04T01:05:46.864+0000] {logging_mixin.py:190} INFO - [2026-05-04T01:05:46.864+0000] {dag.py:4180} INFO - Setting next_dagrun for example_trigger_controller_dag to 2021-01-01 00:00:00+00:00, run_after=2021-01-01 00:00:00+00:00
[2026-05-04T01:05:46.881+0000] {processor.py:208} INFO - Processing /home/ec2-user/environment/lab4_model_training/venv/lib64/python3.12/site-packages/airflow/example_dags/example_trigger_controller_dag.py took 0.056 seconds
[2026-05-04T01:06:55.914+0000] {processor.py:186} INFO - Started process (PID=24182) to work on /home/ec2-user/environment/lab4_model_training/venv/lib64/python3.12/site-packages/airflow/example_dags/example_trigger_controller_dag.py
[2026-05-04T01:06:55.915+0000] {processor.py:914} INFO - Processing file /home/ec2-user/environment/lab4_model_training/venv/lib64/python3.12/site-packages/airflow/example_dags/example_trigger_controller_dag.py for tasks to queue
[2026-05-04T01:06:55.917+0000] {logging_mixin.py:190} INFO - [2026-05-04T01:06:55.916+0000] {dagbag.py:588} INFO - Filling up the DagBag from /home/ec2-user/environment/lab4_model_training/venv/lib64/python3.12/site-packages/airflow/example_dags/example_trigger_controller_dag.py
[2026-05-04T01:06:55.923+0000] {processor.py:925} INFO - DAG(s) 'example_trigger_controller_dag' retrieved from /home/ec2-user/environment/lab4_model_training/venv/lib64/python3.12/site-packages/airflow/example_dags/example_trigger_controller_dag.py
[2026-05-04T01:06:55.934+0000] {logging_mixin.py:190} INFO - [2026-05-04T01:06:55.934+0000] {dag.py:3239} INFO - Sync 1 DAGs
[2026-05-04T01:06:55.949+0000] {logging_mixin.py:190} INFO - [2026-05-04T01:06:55.949+0000] {dag.py:4180} INFO - Setting next_dagrun for example_trigger_controller_dag to 2021-01-01 00:00:00+00:00, run_after=2021-01-01 00:00:00+00:00
[2026-05-04T01:06:55.966+0000] {processor.py:208} INFO - Processing /home/ec2-user/environment/lab4_model_training/venv/lib64/python3.12/site-packages/airflow/example_dags/example_trigger_controller_dag.py took 0.057 seconds
[2026-05-04T01:08:04.121+0000] {processor.py:186} INFO - Started process (PID=24280) to work on /home/ec2-user/environment/lab4_model_training/venv/lib64/python3.12/site-packages/airflow/example_dags/example_trigger_controller_dag.py
[2026-05-04T01:08:04.122+0000] {processor.py:914} INFO - Processing file /home/ec2-user/environment/lab4_model_training/venv/lib64/python3.12/site-packages/airflow/example_dags/example_trigger_controller_dag.py for tasks to queue
[2026-05-04T01:08:04.124+0000] {logging_mixin.py:190} INFO - [2026-05-04T01:08:04.123+0000] {dagbag.py:588} INFO - Filling up the DagBag from /home/ec2-user/environment/lab4_model_training/venv/lib64/python3.12/site-packages/airflow/example_dags/example_trigger_controller_dag.py
[2026-05-04T01:08:04.129+0000] {processor.py:925} INFO - DAG(s) 'example_trigger_controller_dag' retrieved from /home/ec2-user/environment/lab4_model_training/venv/lib64/python3.12/site-packages/airflow/example_dags/example_trigger_controller_dag.py
[2026-05-04T01:08:04.141+0000] {logging_mixin.py:190} INFO - [2026-05-04T01:08:04.141+0000] {dag.py:3239} INFO - Sync 1 DAGs
[2026-05-04T01:08:04.156+0000] {logging_mixin.py:190} INFO - [2026-05-04T01:08:04.156+0000] {dag.py:4180} INFO - Setting next_dagrun for example_trigger_controller_dag to 2021-01-01 00:00:00+00:00, run_after=2021-01-01 00:00:00+00:00
[2026-05-04T01:08:04.173+0000] {processor.py:208} INFO - Processing /home/ec2-user/environment/lab4_model_training/venv/lib64/python3.12/site-packages/airflow/example_dags/example_trigger_controller_dag.py took 0.057 seconds
[2026-05-04T01:09:10.466+0000] {processor.py:186} INFO - Started process (PID=24422) to work on /home/ec2-user/environment/lab4_model_training/venv/lib64/python3.12/site-packages/airflow/example_dags/example_trigger_controller_dag.py
[2026-05-04T01:09:10.467+0000] {processor.py:914} INFO - Processing file /home/ec2-user/environment/lab4_model_training/venv/lib64/python3.12/site-packages/airflow/example_dags/example_trigger_controller_dag.py for tasks to queue
[2026-05-04T01:09:10.469+0000] {logging_mixin.py:190} INFO - [2026-05-04T01:09:10.469+0000] {dagbag.py:588} INFO - Filling up the DagBag from /home/ec2-user/environment/lab4_model_training/venv/lib64/python3.12/site-packages/airflow/example_dags/example_trigger_controller_dag.py
[2026-05-04T01:09:10.474+0000] {processor.py:925} INFO - DAG(s) 'example_trigger_controller_dag' retrieved from /home/ec2-user/environment/lab4_model_training/venv/lib64/python3.12/site-packages/airflow/example_dags/example_trigger_controller_dag.py
[2026-05-04T01:09:10.485+0000] {logging_mixin.py:190} INFO - [2026-05-04T01:09:10.485+0000] {dag.py:3239} INFO - Sync 1 DAGs
[2026-05-04T01:09:10.500+0000] {logging_mixin.py:190} INFO - [2026-05-04T01:09:10.500+0000] {dag.py:4180} INFO - Setting next_dagrun for example_trigger_controller_dag to 2021-01-01 00:00:00+00:00, run_after=2021-01-01 00:00:00+00:00
[2026-05-04T01:09:10.516+0000] {processor.py:208} INFO - Processing /home/ec2-user/environment/lab4_model_training/venv/lib64/python3.12/site-packages/airflow/example_dags/example_trigger_controller_dag.py took 0.055 seconds
[2026-05-04T01:10:19.950+0000] {processor.py:186} INFO - Started process (PID=25056) to work on /home/ec2-user/environment/lab4_model_training/venv/lib64/python3.12/site-packages/airflow/example_dags/example_trigger_controller_dag.py
[2026-05-04T01:10:19.951+0000] {processor.py:914} INFO - Processing file /home/ec2-user/environment/lab4_model_training/venv/lib64/python3.12/site-packages/airflow/example_dags/example_trigger_controller_dag.py for tasks to queue
[2026-05-04T01:10:19.953+0000] {logging_mixin.py:190} INFO - [2026-05-04T01:10:19.953+0000] {dagbag.py:588} INFO - Filling up the DagBag from /home/ec2-user/environment/lab4_model_training/venv/lib64/python3.12/site-packages/airflow/example_dags/example_trigger_controller_dag.py
[2026-05-04T01:10:19.959+0000] {processor.py:925} INFO - DAG(s) 'example_trigger_controller_dag' retrieved from /home/ec2-user/environment/lab4_model_training/venv/lib64/python3.12/site-packages/airflow/example_dags/example_trigger_controller_dag.py
[2026-05-04T01:10:19.971+0000] {logging_mixin.py:190} INFO - [2026-05-04T01:10:19.970+0000] {dag.py:3239} INFO - Sync 1 DAGs
[2026-05-04T01:10:19.986+0000] {logging_mixin.py:190} INFO - [2026-05-04T01:10:19.986+0000] {dag.py:4180} INFO - Setting next_dagrun for example_trigger_controller_dag to 2021-01-01 00:00:00+00:00, run_after=2021-01-01 00:00:00+00:00
[2026-05-04T01:10:20.118+0000] {processor.py:208} INFO - Processing /home/ec2-user/environment/lab4_model_training/venv/lib64/python3.12/site-packages/airflow/example_dags/example_trigger_controller_dag.py took 0.173 seconds
[2026-05-04T01:11:30.701+0000] {processor.py:186} INFO - Started process (PID=25611) to work on /home/ec2-user/environment/lab4_model_training/venv/lib64/python3.12/site-packages/airflow/example_dags/example_trigger_controller_dag.py
[2026-05-04T01:11:30.703+0000] {processor.py:914} INFO - Processing file /home/ec2-user/environment/lab4_model_training/venv/lib64/python3.12/site-packages/airflow/example_dags/example_trigger_controller_dag.py for tasks to queue
[2026-05-04T01:11:30.704+0000] {logging_mixin.py:190} INFO - [2026-05-04T01:11:30.704+0000] {dagbag.py:588} INFO - Filling up the DagBag from /home/ec2-user/environment/lab4_model_training/venv/lib64/python3.12/site-packages/airflow/example_dags/example_trigger_controller_dag.py
[2026-05-04T01:11:30.712+0000] {processor.py:925} INFO - DAG(s) 'example_trigger_controller_dag' retrieved from /home/ec2-user/environment/lab4_model_training/venv/lib64/python3.12/site-packages/airflow/example_dags/example_trigger_controller_dag.py
[2026-05-04T01:11:30.727+0000] {logging_mixin.py:190} INFO - [2026-05-04T01:11:30.727+0000] {dag.py:3239} INFO - Sync 1 DAGs
[2026-05-04T01:11:30.748+0000] {logging_mixin.py:190} INFO - [2026-05-04T01:11:30.748+0000] {dag.py:4180} INFO - Setting next_dagrun for example_trigger_controller_dag to 2021-01-01 00:00:00+00:00, run_after=2021-01-01 00:00:00+00:00
[2026-05-04T01:11:30.768+0000] {processor.py:208} INFO - Processing /home/ec2-user/environment/lab4_model_training/venv/lib64/python3.12/site-packages/airflow/example_dags/example_trigger_controller_dag.py took 0.072 seconds
[2026-05-04T01:12:40.822+0000] {processor.py:186} INFO - Started process (PID=26135) to work on /home/ec2-user/environment/lab4_model_training/venv/lib64/python3.12/site-packages/airflow/example_dags/example_trigger_controller_dag.py
[2026-05-04T01:12:40.824+0000] {processor.py:914} INFO - Processing file /home/ec2-user/environment/lab4_model_training/venv/lib64/python3.12/site-packages/airflow/example_dags/example_trigger_controller_dag.py for tasks to queue
[2026-05-04T01:12:40.826+0000] {logging_mixin.py:190} INFO - [2026-05-04T01:12:40.825+0000] {dagbag.py:588} INFO - Filling up the DagBag from /home/ec2-user/environment/lab4_model_training/venv/lib64/python3.12/site-packages/airflow/example_dags/example_trigger_controller_dag.py
[2026-05-04T01:12:40.831+0000] {processor.py:925} INFO - DAG(s) 'example_trigger_controller_dag' retrieved from /home/ec2-user/environment/lab4_model_training/venv/lib64/python3.12/site-packages/airflow/example_dags/example_trigger_controller_dag.py
[2026-05-04T01:12:40.843+0000] {logging_mixin.py:190} INFO - [2026-05-04T01:12:40.842+0000] {dag.py:3239} INFO - Sync 1 DAGs
[2026-05-04T01:12:40.857+0000] {logging_mixin.py:190} INFO - [2026-05-04T01:12:40.857+0000] {dag.py:4180} INFO - Setting next_dagrun for example_trigger_controller_dag to 2021-01-01 00:00:00+00:00, run_after=2021-01-01 00:00:00+00:00
[2026-05-04T01:12:40.876+0000] {processor.py:208} INFO - Processing /home/ec2-user/environment/lab4_model_training/venv/lib64/python3.12/site-packages/airflow/example_dags/example_trigger_controller_dag.py took 0.058 seconds
[2026-05-04T01:13:51.944+0000] {processor.py:186} INFO - Started process (PID=26637) to work on /home/ec2-user/environment/lab4_model_training/venv/lib64/python3.12/site-packages/airflow/example_dags/example_trigger_controller_dag.py
[2026-05-04T01:13:51.945+0000] {processor.py:914} INFO - Processing file /home/ec2-user/environment/lab4_model_training/venv/lib64/python3.12/site-packages/airflow/example_dags/example_trigger_controller_dag.py for tasks to queue
[2026-05-04T01:13:51.947+0000] {logging_mixin.py:190} INFO - [2026-05-04T01:13:51.946+0000] {dagbag.py:588} INFO - Filling up the DagBag from /home/ec2-user/environment/lab4_model_training/venv/lib64/python3.12/site-packages/airflow/example_dags/example_trigger_controller_dag.py
[2026-05-04T01:13:51.952+0000] {processor.py:925} INFO - DAG(s) 'example_trigger_controller_dag' retrieved from /home/ec2-user/environment/lab4_model_training/venv/lib64/python3.12/site-packages/airflow/example_dags/example_trigger_controller_dag.py
[2026-05-04T01:13:51.965+0000] {logging_mixin.py:190} INFO - [2026-05-04T01:13:51.965+0000] {dag.py:3239} INFO - Sync 1 DAGs
[2026-05-04T01:13:51.982+0000] {logging_mixin.py:190} INFO - [2026-05-04T01:13:51.981+0000] {dag.py:4180} INFO - Setting next_dagrun for example_trigger_controller_dag to 2021-01-01 00:00:00+00:00, run_after=2021-01-01 00:00:00+00:00
[2026-05-04T01:13:51.999+0000] {processor.py:208} INFO - Processing /home/ec2-user/environment/lab4_model_training/venv/lib64/python3.12/site-packages/airflow/example_dags/example_trigger_controller_dag.py took 0.060 seconds
[2026-05-04T01:15:05.219+0000] {processor.py:186} INFO - Started process (PID=27180) to work on /home/ec2-user/environment/lab4_model_training/venv/lib64/python3.12/site-packages/airflow/example_dags/example_trigger_controller_dag.py
[2026-05-04T01:15:05.220+0000] {processor.py:914} INFO - Processing file /home/ec2-user/environment/lab4_model_training/venv/lib64/python3.12/site-packages/airflow/example_dags/example_trigger_controller_dag.py for tasks to queue
[2026-05-04T01:15:05.223+0000] {logging_mixin.py:190} INFO - [2026-05-04T01:15:05.222+0000] {dagbag.py:588} INFO - Filling up the DagBag from /home/ec2-user/environment/lab4_model_training/venv/lib64/python3.12/site-packages/airflow/example_dags/example_trigger_controller_dag.py
[2026-05-04T01:15:05.228+0000] {processor.py:925} INFO - DAG(s) 'example_trigger_controller_dag' retrieved from /home/ec2-user/environment/lab4_model_training/venv/lib64/python3.12/site-packages/airflow/example_dags/example_trigger_controller_dag.py
[2026-05-04T01:15:05.348+0000] {logging_mixin.py:190} INFO - [2026-05-04T01:15:05.348+0000] {dag.py:3239} INFO - Sync 1 DAGs
[2026-05-04T01:15:05.362+0000] {logging_mixin.py:190} INFO - [2026-05-04T01:15:05.361+0000] {dag.py:4180} INFO - Setting next_dagrun for example_trigger_controller_dag to 2021-01-01 00:00:00+00:00, run_after=2021-01-01 00:00:00+00:00
[2026-05-04T01:15:05.378+0000] {processor.py:208} INFO - Processing /home/ec2-user/environment/lab4_model_training/venv/lib64/python3.12/site-packages/airflow/example_dags/example_trigger_controller_dag.py took 0.163 seconds
[2026-05-04T01:16:12.511+0000] {processor.py:186} INFO - Started process (PID=27672) to work on /home/ec2-user/environment/lab4_model_training/venv/lib64/python3.12/site-packages/airflow/example_dags/example_trigger_controller_dag.py
[2026-05-04T01:16:12.512+0000] {processor.py:914} INFO - Processing file /home/ec2-user/environment/lab4_model_training/venv/lib64/python3.12/site-packages/airflow/example_dags/example_trigger_controller_dag.py for tasks to queue
[2026-05-04T01:16:12.514+0000] {logging_mixin.py:190} INFO - [2026-05-04T01:16:12.513+0000] {dagbag.py:588} INFO - Filling up the DagBag from /home/ec2-user/environment/lab4_model_training/venv/lib64/python3.12/site-packages/airflow/example_dags/example_trigger_controller_dag.py
[2026-05-04T01:16:12.520+0000] {processor.py:925} INFO - DAG(s) 'example_trigger_controller_dag' retrieved from /home/ec2-user/environment/lab4_model_training/venv/lib64/python3.12/site-packages/airflow/example_dags/example_trigger_controller_dag.py
[2026-05-04T01:16:12.531+0000] {logging_mixin.py:190} INFO - [2026-05-04T01:16:12.531+0000] {dag.py:3239} INFO - Sync 1 DAGs
[2026-05-04T01:16:12.548+0000] {logging_mixin.py:190} INFO - [2026-05-04T01:16:12.548+0000] {dag.py:4180} INFO - Setting next_dagrun for example_trigger_controller_dag to 2021-01-01 00:00:00+00:00, run_after=2021-01-01 00:00:00+00:00
[2026-05-04T01:16:12.566+0000] {processor.py:208} INFO - Processing /home/ec2-user/environment/lab4_model_training/venv/lib64/python3.12/site-packages/airflow/example_dags/example_trigger_controller_dag.py took 0.060 seconds
[2026-05-04T01:17:14.109+0000] {processor.py:186} INFO - Started process (PID=28178) to work on /home/ec2-user/environment/lab4_model_training/venv/lib64/python3.12/site-packages/airflow/example_dags/example_trigger_controller_dag.py
[2026-05-04T01:17:14.110+0000] {processor.py:914} INFO - Processing file /home/ec2-user/environment/lab4_model_training/venv/lib64/python3.12/site-packages/airflow/example_dags/example_trigger_controller_dag.py for tasks to queue
[2026-05-04T01:17:14.112+0000] {logging_mixin.py:190} INFO - [2026-05-04T01:17:14.112+0000] {dagbag.py:588} INFO - Filling up the DagBag from /home/ec2-user/environment/lab4_model_training/venv/lib64/python3.12/site-packages/airflow/example_dags/example_trigger_controller_dag.py
[2026-05-04T01:17:14.120+0000] {processor.py:925} INFO - DAG(s) 'example_trigger_controller_dag' retrieved from /home/ec2-user/environment/lab4_model_training/venv/lib64/python3.12/site-packages/airflow/example_dags/example_trigger_controller_dag.py
[2026-05-04T01:17:14.134+0000] {logging_mixin.py:190} INFO - [2026-05-04T01:17:14.134+0000] {dag.py:3239} INFO - Sync 1 DAGs
[2026-05-04T01:17:14.155+0000] {logging_mixin.py:190} INFO - [2026-05-04T01:17:14.155+0000] {dag.py:4180} INFO - Setting next_dagrun for example_trigger_controller_dag to 2021-01-01 00:00:00+00:00, run_after=2021-01-01 00:00:00+00:00
[2026-05-04T01:17:14.178+0000] {processor.py:208} INFO - Processing /home/ec2-user/environment/lab4_model_training/venv/lib64/python3.12/site-packages/airflow/example_dags/example_trigger_controller_dag.py took 0.073 seconds
[2026-05-04T01:18:23.215+0000] {processor.py:186} INFO - Started process (PID=28700) to work on /home/ec2-user/environment/lab4_model_training/venv/lib64/python3.12/site-packages/airflow/example_dags/example_trigger_controller_dag.py
[2026-05-04T01:18:23.216+0000] {processor.py:914} INFO - Processing file /home/ec2-user/environment/lab4_model_training/venv/lib64/python3.12/site-packages/airflow/example_dags/example_trigger_controller_dag.py for tasks to queue
[2026-05-04T01:18:23.217+0000] {logging_mixin.py:190} INFO - [2026-05-04T01:18:23.217+0000] {dagbag.py:588} INFO - Filling up the DagBag from /home/ec2-user/environment/lab4_model_training/venv/lib64/python3.12/site-packages/airflow/example_dags/example_trigger_controller_dag.py
[2026-05-04T01:18:23.224+0000] {processor.py:925} INFO - DAG(s) 'example_trigger_controller_dag' retrieved from /home/ec2-user/environment/lab4_model_training/venv/lib64/python3.12/site-packages/airflow/example_dags/example_trigger_controller_dag.py
[2026-05-04T01:18:23.235+0000] {logging_mixin.py:190} INFO - [2026-05-04T01:18:23.235+0000] {dag.py:3239} INFO - Sync 1 DAGs
[2026-05-04T01:18:23.252+0000] {logging_mixin.py:190} INFO - [2026-05-04T01:18:23.252+0000] {dag.py:4180} INFO - Setting next_dagrun for example_trigger_controller_dag to 2021-01-01 00:00:00+00:00, run_after=2021-01-01 00:00:00+00:00
[2026-05-04T01:18:23.272+0000] {processor.py:208} INFO - Processing /home/ec2-user/environment/lab4_model_training/venv/lib64/python3.12/site-packages/airflow/example_dags/example_trigger_controller_dag.py took 0.062 seconds
[2026-05-04T01:19:29.196+0000] {processor.py:186} INFO - Started process (PID=29242) to work on /home/ec2-user/environment/lab4_model_training/venv/lib64/python3.12/site-packages/airflow/example_dags/example_trigger_controller_dag.py
[2026-05-04T01:19:29.197+0000] {processor.py:914} INFO - Processing file /home/ec2-user/environment/lab4_model_training/venv/lib64/python3.12/site-packages/airflow/example_dags/example_trigger_controller_dag.py for tasks to queue
[2026-05-04T01:19:29.199+0000] {logging_mixin.py:190} INFO - [2026-05-04T01:19:29.198+0000] {dagbag.py:588} INFO - Filling up the DagBag from /home/ec2-user/environment/lab4_model_training/venv/lib64/python3.12/site-packages/airflow/example_dags/example_trigger_controller_dag.py
[2026-05-04T01:19:29.206+0000] {processor.py:925} INFO - DAG(s) 'example_trigger_controller_dag' retrieved from /home/ec2-user/environment/lab4_model_training/venv/lib64/python3.12/site-packages/airflow/example_dags/example_trigger_controller_dag.py
[2026-05-04T01:19:29.224+0000] {logging_mixin.py:190} INFO - [2026-05-04T01:19:29.224+0000] {dag.py:3239} INFO - Sync 1 DAGs
[2026-05-04T01:19:29.251+0000] {logging_mixin.py:190} INFO - [2026-05-04T01:19:29.251+0000] {dag.py:4180} INFO - Setting next_dagrun for example_trigger_controller_dag to 2021-01-01 00:00:00+00:00, run_after=2021-01-01 00:00:00+00:00
[2026-05-04T01:19:29.282+0000] {processor.py:208} INFO - Processing /home/ec2-user/environment/lab4_model_training/venv/lib64/python3.12/site-packages/airflow/example_dags/example_trigger_controller_dag.py took 0.091 seconds
[2026-05-04T01:20:36.554+0000] {processor.py:186} INFO - Started process (PID=29818) to work on /home/ec2-user/environment/lab4_model_training/venv/lib64/python3.12/site-packages/airflow/example_dags/example_trigger_controller_dag.py
[2026-05-04T01:20:36.555+0000] {processor.py:914} INFO - Processing file /home/ec2-user/environment/lab4_model_training/venv/lib64/python3.12/site-packages/airflow/example_dags/example_trigger_controller_dag.py for tasks to queue
[2026-05-04T01:20:36.557+0000] {logging_mixin.py:190} INFO - [2026-05-04T01:20:36.556+0000] {dagbag.py:588} INFO - Filling up the DagBag from /home/ec2-user/environment/lab4_model_training/venv/lib64/python3.12/site-packages/airflow/example_dags/example_trigger_controller_dag.py
[2026-05-04T01:20:36.563+0000] {processor.py:925} INFO - DAG(s) 'example_trigger_controller_dag' retrieved from /home/ec2-user/environment/lab4_model_training/venv/lib64/python3.12/site-packages/airflow/example_dags/example_trigger_controller_dag.py
[2026-05-04T01:20:36.575+0000] {logging_mixin.py:190} INFO - [2026-05-04T01:20:36.575+0000] {dag.py:3239} INFO - Sync 1 DAGs
[2026-05-04T01:20:36.591+0000] {logging_mixin.py:190} INFO - [2026-05-04T01:20:36.591+0000] {dag.py:4180} INFO - Setting next_dagrun for example_trigger_controller_dag to 2021-01-01 00:00:00+00:00, run_after=2021-01-01 00:00:00+00:00
[2026-05-04T01:20:36.608+0000] {processor.py:208} INFO - Processing /home/ec2-user/environment/lab4_model_training/venv/lib64/python3.12/site-packages/airflow/example_dags/example_trigger_controller_dag.py took 0.059 seconds
[2026-05-04T01:21:37.416+0000] {processor.py:186} INFO - Started process (PID=30272) to work on /home/ec2-user/environment/lab4_model_training/venv/lib64/python3.12/site-packages/airflow/example_dags/example_trigger_controller_dag.py
[2026-05-04T01:21:37.417+0000] {processor.py:914} INFO - Processing file /home/ec2-user/environment/lab4_model_training/venv/lib64/python3.12/site-packages/airflow/example_dags/example_trigger_controller_dag.py for tasks to queue
[2026-05-04T01:21:37.419+0000] {logging_mixin.py:190} INFO - [2026-05-04T01:21:37.418+0000] {dagbag.py:588} INFO - Filling up the DagBag from /home/ec2-user/environment/lab4_model_training/venv/lib64/python3.12/site-packages/airflow/example_dags/example_trigger_controller_dag.py
[2026-05-04T01:21:37.426+0000] {processor.py:925} INFO - DAG(s) 'example_trigger_controller_dag' retrieved from /home/ec2-user/environment/lab4_model_training/venv/lib64/python3.12/site-packages/airflow/example_dags/example_trigger_controller_dag.py
[2026-05-04T01:21:37.441+0000] {logging_mixin.py:190} INFO - [2026-05-04T01:21:37.441+0000] {dag.py:3239} INFO - Sync 1 DAGs
[2026-05-04T01:21:37.461+0000] {logging_mixin.py:190} INFO - [2026-05-04T01:21:37.461+0000] {dag.py:4180} INFO - Setting next_dagrun for example_trigger_controller_dag to 2021-01-01 00:00:00+00:00, run_after=2021-01-01 00:00:00+00:00
[2026-05-04T01:21:37.483+0000] {processor.py:208} INFO - Processing /home/ec2-user/environment/lab4_model_training/venv/lib64/python3.12/site-packages/airflow/example_dags/example_trigger_controller_dag.py took 0.072 seconds
[2026-05-04T01:22:44.348+0000] {processor.py:186} INFO - Started process (PID=30566) to work on /home/ec2-user/environment/lab4_model_training/venv/lib64/python3.12/site-packages/airflow/example_dags/example_trigger_controller_dag.py
[2026-05-04T01:22:44.349+0000] {processor.py:914} INFO - Processing file /home/ec2-user/environment/lab4_model_training/venv/lib64/python3.12/site-packages/airflow/example_dags/example_trigger_controller_dag.py for tasks to queue
[2026-05-04T01:22:44.351+0000] {logging_mixin.py:190} INFO - [2026-05-04T01:22:44.351+0000] {dagbag.py:588} INFO - Filling up the DagBag from /home/ec2-user/environment/lab4_model_training/venv/lib64/python3.12/site-packages/airflow/example_dags/example_trigger_controller_dag.py
[2026-05-04T01:22:44.359+0000] {processor.py:925} INFO - DAG(s) 'example_trigger_controller_dag' retrieved from /home/ec2-user/environment/lab4_model_training/venv/lib64/python3.12/site-packages/airflow/example_dags/example_trigger_controller_dag.py
[2026-05-04T01:22:44.373+0000] {logging_mixin.py:190} INFO - [2026-05-04T01:22:44.373+0000] {dag.py:3239} INFO - Sync 1 DAGs
[2026-05-04T01:22:44.396+0000] {logging_mixin.py:190} INFO - [2026-05-04T01:22:44.395+0000] {dag.py:4180} INFO - Setting next_dagrun for example_trigger_controller_dag to 2021-01-01 00:00:00+00:00, run_after=2021-01-01 00:00:00+00:00
[2026-05-04T01:22:44.420+0000] {processor.py:208} INFO - Processing /home/ec2-user/environment/lab4_model_training/venv/lib64/python3.12/site-packages/airflow/example_dags/example_trigger_controller_dag.py took 0.077 seconds
[2026-05-04T01:23:46.629+0000] {processor.py:186} INFO - Started process (PID=30707) to work on /home/ec2-user/environment/lab4_model_training/venv/lib64/python3.12/site-packages/airflow/example_dags/example_trigger_controller_dag.py
[2026-05-04T01:23:46.630+0000] {processor.py:914} INFO - Processing file /home/ec2-user/environment/lab4_model_training/venv/lib64/python3.12/site-packages/airflow/example_dags/example_trigger_controller_dag.py for tasks to queue
[2026-05-04T01:23:46.632+0000] {logging_mixin.py:190} INFO - [2026-05-04T01:23:46.632+0000] {dagbag.py:588} INFO - Filling up the DagBag from /home/ec2-user/environment/lab4_model_training/venv/lib64/python3.12/site-packages/airflow/example_dags/example_trigger_controller_dag.py
[2026-05-04T01:23:46.638+0000] {processor.py:925} INFO - DAG(s) 'example_trigger_controller_dag' retrieved from /home/ec2-user/environment/lab4_model_training/venv/lib64/python3.12/site-packages/airflow/example_dags/example_trigger_controller_dag.py
[2026-05-04T01:23:46.650+0000] {logging_mixin.py:190} INFO - [2026-05-04T01:23:46.649+0000] {dag.py:3239} INFO - Sync 1 DAGs
[2026-05-04T01:23:46.665+0000] {logging_mixin.py:190} INFO - [2026-05-04T01:23:46.665+0000] {dag.py:4180} INFO - Setting next_dagrun for example_trigger_controller_dag to 2021-01-01 00:00:00+00:00, run_after=2021-01-01 00:00:00+00:00
[2026-05-04T01:23:46.683+0000] {processor.py:208} INFO - Processing /home/ec2-user/environment/lab4_model_training/venv/lib64/python3.12/site-packages/airflow/example_dags/example_trigger_controller_dag.py took 0.058 seconds
[2026-05-04T01:24:51.508+0000] {processor.py:186} INFO - Started process (PID=31171) to work on /home/ec2-user/environment/lab4_model_training/venv/lib64/python3.12/site-packages/airflow/example_dags/example_trigger_controller_dag.py
[2026-05-04T01:24:51.509+0000] {processor.py:914} INFO - Processing file /home/ec2-user/environment/lab4_model_training/venv/lib64/python3.12/site-packages/airflow/example_dags/example_trigger_controller_dag.py for tasks to queue
[2026-05-04T01:24:51.511+0000] {logging_mixin.py:190} INFO - [2026-05-04T01:24:51.511+0000] {dagbag.py:588} INFO - Filling up the DagBag from /home/ec2-user/environment/lab4_model_training/venv/lib64/python3.12/site-packages/airflow/example_dags/example_trigger_controller_dag.py
[2026-05-04T01:24:51.519+0000] {processor.py:925} INFO - DAG(s) 'example_trigger_controller_dag' retrieved from /home/ec2-user/environment/lab4_model_training/venv/lib64/python3.12/site-packages/airflow/example_dags/example_trigger_controller_dag.py
[2026-05-04T01:24:51.534+0000] {logging_mixin.py:190} INFO - [2026-05-04T01:24:51.534+0000] {dag.py:3239} INFO - Sync 1 DAGs
[2026-05-04T01:24:51.552+0000] {logging_mixin.py:190} INFO - [2026-05-04T01:24:51.552+0000] {dag.py:4180} INFO - Setting next_dagrun for example_trigger_controller_dag to 2021-01-01 00:00:00+00:00, run_after=2021-01-01 00:00:00+00:00
[2026-05-04T01:24:51.573+0000] {processor.py:208} INFO - Processing /home/ec2-user/environment/lab4_model_training/venv/lib64/python3.12/site-packages/airflow/example_dags/example_trigger_controller_dag.py took 0.070 seconds
[2026-05-04T01:25:59.602+0000] {processor.py:186} INFO - Started process (PID=31319) to work on /home/ec2-user/environment/lab4_model_training/venv/lib64/python3.12/site-packages/airflow/example_dags/example_trigger_controller_dag.py
[2026-05-04T01:25:59.603+0000] {processor.py:914} INFO - Processing file /home/ec2-user/environment/lab4_model_training/venv/lib64/python3.12/site-packages/airflow/example_dags/example_trigger_controller_dag.py for tasks to queue
[2026-05-04T01:25:59.605+0000] {logging_mixin.py:190} INFO - [2026-05-04T01:25:59.604+0000] {dagbag.py:588} INFO - Filling up the DagBag from /home/ec2-user/environment/lab4_model_training/venv/lib64/python3.12/site-packages/airflow/example_dags/example_trigger_controller_dag.py
[2026-05-04T01:25:59.610+0000] {processor.py:925} INFO - DAG(s) 'example_trigger_controller_dag' retrieved from /home/ec2-user/environment/lab4_model_training/venv/lib64/python3.12/site-packages/airflow/example_dags/example_trigger_controller_dag.py
[2026-05-04T01:25:59.623+0000] {logging_mixin.py:190} INFO - [2026-05-04T01:25:59.623+0000] {dag.py:3239} INFO - Sync 1 DAGs
[2026-05-04T01:25:59.638+0000] {logging_mixin.py:190} INFO - [2026-05-04T01:25:59.637+0000] {dag.py:4180} INFO - Setting next_dagrun for example_trigger_controller_dag to 2021-01-01 00:00:00+00:00, run_after=2021-01-01 00:00:00+00:00
[2026-05-04T01:25:59.655+0000] {processor.py:208} INFO - Processing /home/ec2-user/environment/lab4_model_training/venv/lib64/python3.12/site-packages/airflow/example_dags/example_trigger_controller_dag.py took 0.059 seconds
