[2026-05-04T00:20:45.124+0000] {processor.py:186} INFO - Started process (PID=12890) to work on /home/ec2-user/environment/lab4_model_training/venv/lib64/python3.12/site-packages/airflow/example_dags/example_time_delta_sensor_async.py
[2026-05-04T00:20:45.125+0000] {processor.py:914} INFO - Processing file /home/ec2-user/environment/lab4_model_training/venv/lib64/python3.12/site-packages/airflow/example_dags/example_time_delta_sensor_async.py for tasks to queue
[2026-05-04T00:20:45.127+0000] {logging_mixin.py:190} INFO - [2026-05-04T00:20:45.126+0000] {dagbag.py:588} INFO - Filling up the DagBag from /home/ec2-user/environment/lab4_model_training/venv/lib64/python3.12/site-packages/airflow/example_dags/example_time_delta_sensor_async.py
[2026-05-04T00:20:45.132+0000] {processor.py:925} INFO - DAG(s) 'example_time_delta_sensor_async' retrieved from /home/ec2-user/environment/lab4_model_training/venv/lib64/python3.12/site-packages/airflow/example_dags/example_time_delta_sensor_async.py
[2026-05-04T00:20:45.145+0000] {logging_mixin.py:190} INFO - [2026-05-04T00:20:45.145+0000] {dag.py:3239} INFO - Sync 1 DAGs
[2026-05-04T00:20:45.156+0000] {logging_mixin.py:190} INFO - [2026-05-04T00:20:45.156+0000] {dag.py:4180} INFO - Setting next_dagrun for example_time_delta_sensor_async to None, run_after=None
[2026-05-04T00:20:45.173+0000] {processor.py:208} INFO - Processing /home/ec2-user/environment/lab4_model_training/venv/lib64/python3.12/site-packages/airflow/example_dags/example_time_delta_sensor_async.py took 0.054 seconds
[2026-05-04T00:22:14.314+0000] {processor.py:186} INFO - Started process (PID=13598) to work on /home/ec2-user/environment/lab4_model_training/venv/lib64/python3.12/site-packages/airflow/example_dags/example_time_delta_sensor_async.py
[2026-05-04T00:22:14.315+0000] {processor.py:914} INFO - Processing file /home/ec2-user/environment/lab4_model_training/venv/lib64/python3.12/site-packages/airflow/example_dags/example_time_delta_sensor_async.py for tasks to queue
[2026-05-04T00:22:14.317+0000] {logging_mixin.py:190} INFO - [2026-05-04T00:22:14.317+0000] {dagbag.py:588} INFO - Filling up the DagBag from /home/ec2-user/environment/lab4_model_training/venv/lib64/python3.12/site-packages/airflow/example_dags/example_time_delta_sensor_async.py
[2026-05-04T00:22:14.323+0000] {processor.py:925} INFO - DAG(s) 'example_time_delta_sensor_async' retrieved from /home/ec2-user/environment/lab4_model_training/venv/lib64/python3.12/site-packages/airflow/example_dags/example_time_delta_sensor_async.py
[2026-05-04T00:22:14.335+0000] {logging_mixin.py:190} INFO - [2026-05-04T00:22:14.335+0000] {dag.py:3239} INFO - Sync 1 DAGs
[2026-05-04T00:22:14.345+0000] {logging_mixin.py:190} INFO - [2026-05-04T00:22:14.345+0000] {dag.py:4180} INFO - Setting next_dagrun for example_time_delta_sensor_async to None, run_after=None
[2026-05-04T00:22:14.364+0000] {processor.py:208} INFO - Processing /home/ec2-user/environment/lab4_model_training/venv/lib64/python3.12/site-packages/airflow/example_dags/example_time_delta_sensor_async.py took 0.054 seconds
[2026-05-04T00:23:31.780+0000] {processor.py:186} INFO - Started process (PID=14196) to work on /home/ec2-user/environment/lab4_model_training/venv/lib64/python3.12/site-packages/airflow/example_dags/example_time_delta_sensor_async.py
[2026-05-04T00:23:31.781+0000] {processor.py:914} INFO - Processing file /home/ec2-user/environment/lab4_model_training/venv/lib64/python3.12/site-packages/airflow/example_dags/example_time_delta_sensor_async.py for tasks to queue
[2026-05-04T00:23:31.782+0000] {logging_mixin.py:190} INFO - [2026-05-04T00:23:31.782+0000] {dagbag.py:588} INFO - Filling up the DagBag from /home/ec2-user/environment/lab4_model_training/venv/lib64/python3.12/site-packages/airflow/example_dags/example_time_delta_sensor_async.py
[2026-05-04T00:23:31.789+0000] {processor.py:925} INFO - DAG(s) 'example_time_delta_sensor_async' retrieved from /home/ec2-user/environment/lab4_model_training/venv/lib64/python3.12/site-packages/airflow/example_dags/example_time_delta_sensor_async.py
[2026-05-04T00:23:31.800+0000] {logging_mixin.py:190} INFO - [2026-05-04T00:23:31.799+0000] {dag.py:3239} INFO - Sync 1 DAGs
[2026-05-04T00:23:31.809+0000] {logging_mixin.py:190} INFO - [2026-05-04T00:23:31.809+0000] {dag.py:4180} INFO - Setting next_dagrun for example_time_delta_sensor_async to None, run_after=None
[2026-05-04T00:23:31.826+0000] {processor.py:208} INFO - Processing /home/ec2-user/environment/lab4_model_training/venv/lib64/python3.12/site-packages/airflow/example_dags/example_time_delta_sensor_async.py took 0.050 seconds
[2026-05-04T00:24:40.091+0000] {processor.py:186} INFO - Started process (PID=15072) to work on /home/ec2-user/environment/lab4_model_training/venv/lib64/python3.12/site-packages/airflow/example_dags/example_time_delta_sensor_async.py
[2026-05-04T00:24:40.092+0000] {processor.py:914} INFO - Processing file /home/ec2-user/environment/lab4_model_training/venv/lib64/python3.12/site-packages/airflow/example_dags/example_time_delta_sensor_async.py for tasks to queue
[2026-05-04T00:24:40.094+0000] {logging_mixin.py:190} INFO - [2026-05-04T00:24:40.094+0000] {dagbag.py:588} INFO - Filling up the DagBag from /home/ec2-user/environment/lab4_model_training/venv/lib64/python3.12/site-packages/airflow/example_dags/example_time_delta_sensor_async.py
[2026-05-04T00:24:40.102+0000] {processor.py:925} INFO - DAG(s) 'example_time_delta_sensor_async' retrieved from /home/ec2-user/environment/lab4_model_training/venv/lib64/python3.12/site-packages/airflow/example_dags/example_time_delta_sensor_async.py
[2026-05-04T00:24:40.116+0000] {logging_mixin.py:190} INFO - [2026-05-04T00:24:40.116+0000] {dag.py:3239} INFO - Sync 1 DAGs
[2026-05-04T00:24:40.127+0000] {logging_mixin.py:190} INFO - [2026-05-04T00:24:40.127+0000] {dag.py:4180} INFO - Setting next_dagrun for example_time_delta_sensor_async to None, run_after=None
[2026-05-04T00:24:40.150+0000] {processor.py:208} INFO - Processing /home/ec2-user/environment/lab4_model_training/venv/lib64/python3.12/site-packages/airflow/example_dags/example_time_delta_sensor_async.py took 0.064 seconds
[2026-05-04T00:25:46.125+0000] {processor.py:186} INFO - Started process (PID=15543) to work on /home/ec2-user/environment/lab4_model_training/venv/lib64/python3.12/site-packages/airflow/example_dags/example_time_delta_sensor_async.py
[2026-05-04T00:25:46.126+0000] {processor.py:914} INFO - Processing file /home/ec2-user/environment/lab4_model_training/venv/lib64/python3.12/site-packages/airflow/example_dags/example_time_delta_sensor_async.py for tasks to queue
[2026-05-04T00:25:46.127+0000] {logging_mixin.py:190} INFO - [2026-05-04T00:25:46.127+0000] {dagbag.py:588} INFO - Filling up the DagBag from /home/ec2-user/environment/lab4_model_training/venv/lib64/python3.12/site-packages/airflow/example_dags/example_time_delta_sensor_async.py
[2026-05-04T00:25:46.133+0000] {processor.py:925} INFO - DAG(s) 'example_time_delta_sensor_async' retrieved from /home/ec2-user/environment/lab4_model_training/venv/lib64/python3.12/site-packages/airflow/example_dags/example_time_delta_sensor_async.py
[2026-05-04T00:25:46.144+0000] {logging_mixin.py:190} INFO - [2026-05-04T00:25:46.144+0000] {dag.py:3239} INFO - Sync 1 DAGs
[2026-05-04T00:25:46.154+0000] {logging_mixin.py:190} INFO - [2026-05-04T00:25:46.154+0000] {dag.py:4180} INFO - Setting next_dagrun for example_time_delta_sensor_async to None, run_after=None
[2026-05-04T00:25:46.171+0000] {processor.py:208} INFO - Processing /home/ec2-user/environment/lab4_model_training/venv/lib64/python3.12/site-packages/airflow/example_dags/example_time_delta_sensor_async.py took 0.051 seconds
[2026-05-04T00:26:52.346+0000] {processor.py:186} INFO - Started process (PID=15995) to work on /home/ec2-user/environment/lab4_model_training/venv/lib64/python3.12/site-packages/airflow/example_dags/example_time_delta_sensor_async.py
[2026-05-04T00:26:52.348+0000] {processor.py:914} INFO - Processing file /home/ec2-user/environment/lab4_model_training/venv/lib64/python3.12/site-packages/airflow/example_dags/example_time_delta_sensor_async.py for tasks to queue
[2026-05-04T00:26:52.349+0000] {logging_mixin.py:190} INFO - [2026-05-04T00:26:52.349+0000] {dagbag.py:588} INFO - Filling up the DagBag from /home/ec2-user/environment/lab4_model_training/venv/lib64/python3.12/site-packages/airflow/example_dags/example_time_delta_sensor_async.py
[2026-05-04T00:26:52.356+0000] {processor.py:925} INFO - DAG(s) 'example_time_delta_sensor_async' retrieved from /home/ec2-user/environment/lab4_model_training/venv/lib64/python3.12/site-packages/airflow/example_dags/example_time_delta_sensor_async.py
[2026-05-04T00:26:52.368+0000] {logging_mixin.py:190} INFO - [2026-05-04T00:26:52.368+0000] {dag.py:3239} INFO - Sync 1 DAGs
[2026-05-04T00:26:52.379+0000] {logging_mixin.py:190} INFO - [2026-05-04T00:26:52.379+0000] {dag.py:4180} INFO - Setting next_dagrun for example_time_delta_sensor_async to None, run_after=None
[2026-05-04T00:26:52.397+0000] {processor.py:208} INFO - Processing /home/ec2-user/environment/lab4_model_training/venv/lib64/python3.12/site-packages/airflow/example_dags/example_time_delta_sensor_async.py took 0.055 seconds
[2026-05-04T00:27:59.168+0000] {processor.py:186} INFO - Started process (PID=16461) to work on /home/ec2-user/environment/lab4_model_training/venv/lib64/python3.12/site-packages/airflow/example_dags/example_time_delta_sensor_async.py
[2026-05-04T00:27:59.170+0000] {processor.py:914} INFO - Processing file /home/ec2-user/environment/lab4_model_training/venv/lib64/python3.12/site-packages/airflow/example_dags/example_time_delta_sensor_async.py for tasks to queue
[2026-05-04T00:27:59.171+0000] {logging_mixin.py:190} INFO - [2026-05-04T00:27:59.171+0000] {dagbag.py:588} INFO - Filling up the DagBag from /home/ec2-user/environment/lab4_model_training/venv/lib64/python3.12/site-packages/airflow/example_dags/example_time_delta_sensor_async.py
[2026-05-04T00:27:59.177+0000] {processor.py:925} INFO - DAG(s) 'example_time_delta_sensor_async' retrieved from /home/ec2-user/environment/lab4_model_training/venv/lib64/python3.12/site-packages/airflow/example_dags/example_time_delta_sensor_async.py
[2026-05-04T00:27:59.188+0000] {logging_mixin.py:190} INFO - [2026-05-04T00:27:59.188+0000] {dag.py:3239} INFO - Sync 1 DAGs
[2026-05-04T00:27:59.198+0000] {logging_mixin.py:190} INFO - [2026-05-04T00:27:59.198+0000] {dag.py:4180} INFO - Setting next_dagrun for example_time_delta_sensor_async to None, run_after=None
[2026-05-04T00:27:59.216+0000] {processor.py:208} INFO - Processing /home/ec2-user/environment/lab4_model_training/venv/lib64/python3.12/site-packages/airflow/example_dags/example_time_delta_sensor_async.py took 0.051 seconds
[2026-05-04T00:29:01.531+0000] {processor.py:186} INFO - Started process (PID=16909) to work on /home/ec2-user/environment/lab4_model_training/venv/lib64/python3.12/site-packages/airflow/example_dags/example_time_delta_sensor_async.py
[2026-05-04T00:29:01.532+0000] {processor.py:914} INFO - Processing file /home/ec2-user/environment/lab4_model_training/venv/lib64/python3.12/site-packages/airflow/example_dags/example_time_delta_sensor_async.py for tasks to queue
[2026-05-04T00:29:01.534+0000] {logging_mixin.py:190} INFO - [2026-05-04T00:29:01.533+0000] {dagbag.py:588} INFO - Filling up the DagBag from /home/ec2-user/environment/lab4_model_training/venv/lib64/python3.12/site-packages/airflow/example_dags/example_time_delta_sensor_async.py
[2026-05-04T00:29:01.540+0000] {processor.py:925} INFO - DAG(s) 'example_time_delta_sensor_async' retrieved from /home/ec2-user/environment/lab4_model_training/venv/lib64/python3.12/site-packages/airflow/example_dags/example_time_delta_sensor_async.py
[2026-05-04T00:29:01.552+0000] {logging_mixin.py:190} INFO - [2026-05-04T00:29:01.552+0000] {dag.py:3239} INFO - Sync 1 DAGs
[2026-05-04T00:29:01.562+0000] {logging_mixin.py:190} INFO - [2026-05-04T00:29:01.562+0000] {dag.py:4180} INFO - Setting next_dagrun for example_time_delta_sensor_async to None, run_after=None
[2026-05-04T00:29:01.580+0000] {processor.py:208} INFO - Processing /home/ec2-user/environment/lab4_model_training/venv/lib64/python3.12/site-packages/airflow/example_dags/example_time_delta_sensor_async.py took 0.054 seconds
[2026-05-04T00:30:07.620+0000] {processor.py:186} INFO - Started process (PID=17444) to work on /home/ec2-user/environment/lab4_model_training/venv/lib64/python3.12/site-packages/airflow/example_dags/example_time_delta_sensor_async.py
[2026-05-04T00:30:07.621+0000] {processor.py:914} INFO - Processing file /home/ec2-user/environment/lab4_model_training/venv/lib64/python3.12/site-packages/airflow/example_dags/example_time_delta_sensor_async.py for tasks to queue
[2026-05-04T00:30:07.623+0000] {logging_mixin.py:190} INFO - [2026-05-04T00:30:07.622+0000] {dagbag.py:588} INFO - Filling up the DagBag from /home/ec2-user/environment/lab4_model_training/venv/lib64/python3.12/site-packages/airflow/example_dags/example_time_delta_sensor_async.py
[2026-05-04T00:30:07.629+0000] {processor.py:925} INFO - DAG(s) 'example_time_delta_sensor_async' retrieved from /home/ec2-user/environment/lab4_model_training/venv/lib64/python3.12/site-packages/airflow/example_dags/example_time_delta_sensor_async.py
[2026-05-04T00:30:07.643+0000] {logging_mixin.py:190} INFO - [2026-05-04T00:30:07.643+0000] {dag.py:3239} INFO - Sync 1 DAGs
[2026-05-04T00:30:07.654+0000] {logging_mixin.py:190} INFO - [2026-05-04T00:30:07.654+0000] {dag.py:4180} INFO - Setting next_dagrun for example_time_delta_sensor_async to None, run_after=None
[2026-05-04T00:30:07.675+0000] {processor.py:208} INFO - Processing /home/ec2-user/environment/lab4_model_training/venv/lib64/python3.12/site-packages/airflow/example_dags/example_time_delta_sensor_async.py took 0.061 seconds
[2026-05-04T00:31:08.906+0000] {processor.py:186} INFO - Started process (PID=17910) to work on /home/ec2-user/environment/lab4_model_training/venv/lib64/python3.12/site-packages/airflow/example_dags/example_time_delta_sensor_async.py
[2026-05-04T00:31:08.907+0000] {processor.py:914} INFO - Processing file /home/ec2-user/environment/lab4_model_training/venv/lib64/python3.12/site-packages/airflow/example_dags/example_time_delta_sensor_async.py for tasks to queue
[2026-05-04T00:31:08.909+0000] {logging_mixin.py:190} INFO - [2026-05-04T00:31:08.908+0000] {dagbag.py:588} INFO - Filling up the DagBag from /home/ec2-user/environment/lab4_model_training/venv/lib64/python3.12/site-packages/airflow/example_dags/example_time_delta_sensor_async.py
[2026-05-04T00:31:08.915+0000] {processor.py:925} INFO - DAG(s) 'example_time_delta_sensor_async' retrieved from /home/ec2-user/environment/lab4_model_training/venv/lib64/python3.12/site-packages/airflow/example_dags/example_time_delta_sensor_async.py
[2026-05-04T00:31:08.929+0000] {logging_mixin.py:190} INFO - [2026-05-04T00:31:08.929+0000] {dag.py:3239} INFO - Sync 1 DAGs
[2026-05-04T00:31:08.939+0000] {logging_mixin.py:190} INFO - [2026-05-04T00:31:08.939+0000] {dag.py:4180} INFO - Setting next_dagrun for example_time_delta_sensor_async to None, run_after=None
[2026-05-04T00:31:08.960+0000] {processor.py:208} INFO - Processing /home/ec2-user/environment/lab4_model_training/venv/lib64/python3.12/site-packages/airflow/example_dags/example_time_delta_sensor_async.py took 0.060 seconds
[2026-05-04T00:32:13.842+0000] {processor.py:186} INFO - Started process (PID=18334) to work on /home/ec2-user/environment/lab4_model_training/venv/lib64/python3.12/site-packages/airflow/example_dags/example_time_delta_sensor_async.py
[2026-05-04T00:32:13.844+0000] {processor.py:914} INFO - Processing file /home/ec2-user/environment/lab4_model_training/venv/lib64/python3.12/site-packages/airflow/example_dags/example_time_delta_sensor_async.py for tasks to queue
[2026-05-04T00:32:13.846+0000] {logging_mixin.py:190} INFO - [2026-05-04T00:32:13.845+0000] {dagbag.py:588} INFO - Filling up the DagBag from /home/ec2-user/environment/lab4_model_training/venv/lib64/python3.12/site-packages/airflow/example_dags/example_time_delta_sensor_async.py
[2026-05-04T00:32:13.853+0000] {processor.py:925} INFO - DAG(s) 'example_time_delta_sensor_async' retrieved from /home/ec2-user/environment/lab4_model_training/venv/lib64/python3.12/site-packages/airflow/example_dags/example_time_delta_sensor_async.py
[2026-05-04T00:32:13.868+0000] {logging_mixin.py:190} INFO - [2026-05-04T00:32:13.868+0000] {dag.py:3239} INFO - Sync 1 DAGs
[2026-05-04T00:32:13.880+0000] {logging_mixin.py:190} INFO - [2026-05-04T00:32:13.879+0000] {dag.py:4180} INFO - Setting next_dagrun for example_time_delta_sensor_async to None, run_after=None
[2026-05-04T00:32:13.900+0000] {processor.py:208} INFO - Processing /home/ec2-user/environment/lab4_model_training/venv/lib64/python3.12/site-packages/airflow/example_dags/example_time_delta_sensor_async.py took 0.062 seconds
[2026-05-04T00:33:22.280+0000] {processor.py:186} INFO - Started process (PID=18842) to work on /home/ec2-user/environment/lab4_model_training/venv/lib64/python3.12/site-packages/airflow/example_dags/example_time_delta_sensor_async.py
[2026-05-04T00:33:22.281+0000] {processor.py:914} INFO - Processing file /home/ec2-user/environment/lab4_model_training/venv/lib64/python3.12/site-packages/airflow/example_dags/example_time_delta_sensor_async.py for tasks to queue
[2026-05-04T00:33:22.283+0000] {logging_mixin.py:190} INFO - [2026-05-04T00:33:22.282+0000] {dagbag.py:588} INFO - Filling up the DagBag from /home/ec2-user/environment/lab4_model_training/venv/lib64/python3.12/site-packages/airflow/example_dags/example_time_delta_sensor_async.py
[2026-05-04T00:33:22.290+0000] {processor.py:925} INFO - DAG(s) 'example_time_delta_sensor_async' retrieved from /home/ec2-user/environment/lab4_model_training/venv/lib64/python3.12/site-packages/airflow/example_dags/example_time_delta_sensor_async.py
[2026-05-04T00:33:22.306+0000] {logging_mixin.py:190} INFO - [2026-05-04T00:33:22.305+0000] {dag.py:3239} INFO - Sync 1 DAGs
[2026-05-04T00:33:22.321+0000] {logging_mixin.py:190} INFO - [2026-05-04T00:33:22.321+0000] {dag.py:4180} INFO - Setting next_dagrun for example_time_delta_sensor_async to None, run_after=None
[2026-05-04T00:33:22.345+0000] {processor.py:208} INFO - Processing /home/ec2-user/environment/lab4_model_training/venv/lib64/python3.12/site-packages/airflow/example_dags/example_time_delta_sensor_async.py took 0.071 seconds
[2026-05-04T00:34:25.426+0000] {processor.py:186} INFO - Started process (PID=19260) to work on /home/ec2-user/environment/lab4_model_training/venv/lib64/python3.12/site-packages/airflow/example_dags/example_time_delta_sensor_async.py
[2026-05-04T00:34:25.428+0000] {processor.py:914} INFO - Processing file /home/ec2-user/environment/lab4_model_training/venv/lib64/python3.12/site-packages/airflow/example_dags/example_time_delta_sensor_async.py for tasks to queue
[2026-05-04T00:34:25.429+0000] {logging_mixin.py:190} INFO - [2026-05-04T00:34:25.429+0000] {dagbag.py:588} INFO - Filling up the DagBag from /home/ec2-user/environment/lab4_model_training/venv/lib64/python3.12/site-packages/airflow/example_dags/example_time_delta_sensor_async.py
[2026-05-04T00:34:25.436+0000] {processor.py:925} INFO - DAG(s) 'example_time_delta_sensor_async' retrieved from /home/ec2-user/environment/lab4_model_training/venv/lib64/python3.12/site-packages/airflow/example_dags/example_time_delta_sensor_async.py
[2026-05-04T00:34:25.450+0000] {logging_mixin.py:190} INFO - [2026-05-04T00:34:25.450+0000] {dag.py:3239} INFO - Sync 1 DAGs
[2026-05-04T00:34:25.463+0000] {logging_mixin.py:190} INFO - [2026-05-04T00:34:25.463+0000] {dag.py:4180} INFO - Setting next_dagrun for example_time_delta_sensor_async to None, run_after=None
[2026-05-04T00:34:25.484+0000] {processor.py:208} INFO - Processing /home/ec2-user/environment/lab4_model_training/venv/lib64/python3.12/site-packages/airflow/example_dags/example_time_delta_sensor_async.py took 0.062 seconds
[2026-05-04T00:35:27.366+0000] {processor.py:186} INFO - Started process (PID=19711) to work on /home/ec2-user/environment/lab4_model_training/venv/lib64/python3.12/site-packages/airflow/example_dags/example_time_delta_sensor_async.py
[2026-05-04T00:35:27.367+0000] {processor.py:914} INFO - Processing file /home/ec2-user/environment/lab4_model_training/venv/lib64/python3.12/site-packages/airflow/example_dags/example_time_delta_sensor_async.py for tasks to queue
[2026-05-04T00:35:27.369+0000] {logging_mixin.py:190} INFO - [2026-05-04T00:35:27.368+0000] {dagbag.py:588} INFO - Filling up the DagBag from /home/ec2-user/environment/lab4_model_training/venv/lib64/python3.12/site-packages/airflow/example_dags/example_time_delta_sensor_async.py
[2026-05-04T00:35:27.377+0000] {processor.py:925} INFO - DAG(s) 'example_time_delta_sensor_async' retrieved from /home/ec2-user/environment/lab4_model_training/venv/lib64/python3.12/site-packages/airflow/example_dags/example_time_delta_sensor_async.py
[2026-05-04T00:35:27.390+0000] {logging_mixin.py:190} INFO - [2026-05-04T00:35:27.390+0000] {dag.py:3239} INFO - Sync 1 DAGs
[2026-05-04T00:35:27.401+0000] {logging_mixin.py:190} INFO - [2026-05-04T00:35:27.401+0000] {dag.py:4180} INFO - Setting next_dagrun for example_time_delta_sensor_async to None, run_after=None
[2026-05-04T00:35:27.422+0000] {processor.py:208} INFO - Processing /home/ec2-user/environment/lab4_model_training/venv/lib64/python3.12/site-packages/airflow/example_dags/example_time_delta_sensor_async.py took 0.060 seconds
[2026-05-04T00:36:29.150+0000] {processor.py:186} INFO - Started process (PID=20111) to work on /home/ec2-user/environment/lab4_model_training/venv/lib64/python3.12/site-packages/airflow/example_dags/example_time_delta_sensor_async.py
[2026-05-04T00:36:29.152+0000] {processor.py:914} INFO - Processing file /home/ec2-user/environment/lab4_model_training/venv/lib64/python3.12/site-packages/airflow/example_dags/example_time_delta_sensor_async.py for tasks to queue
[2026-05-04T00:36:29.154+0000] {logging_mixin.py:190} INFO - [2026-05-04T00:36:29.153+0000] {dagbag.py:588} INFO - Filling up the DagBag from /home/ec2-user/environment/lab4_model_training/venv/lib64/python3.12/site-packages/airflow/example_dags/example_time_delta_sensor_async.py
[2026-05-04T00:36:29.161+0000] {processor.py:925} INFO - DAG(s) 'example_time_delta_sensor_async' retrieved from /home/ec2-user/environment/lab4_model_training/venv/lib64/python3.12/site-packages/airflow/example_dags/example_time_delta_sensor_async.py
[2026-05-04T00:36:29.174+0000] {logging_mixin.py:190} INFO - [2026-05-04T00:36:29.174+0000] {dag.py:3239} INFO - Sync 1 DAGs
[2026-05-04T00:36:29.186+0000] {logging_mixin.py:190} INFO - [2026-05-04T00:36:29.186+0000] {dag.py:4180} INFO - Setting next_dagrun for example_time_delta_sensor_async to None, run_after=None
[2026-05-04T00:36:29.205+0000] {processor.py:208} INFO - Processing /home/ec2-user/environment/lab4_model_training/venv/lib64/python3.12/site-packages/airflow/example_dags/example_time_delta_sensor_async.py took 0.059 seconds
[2026-05-04T00:37:34.444+0000] {processor.py:186} INFO - Started process (PID=20239) to work on /home/ec2-user/environment/lab4_model_training/venv/lib64/python3.12/site-packages/airflow/example_dags/example_time_delta_sensor_async.py
[2026-05-04T00:37:34.445+0000] {processor.py:914} INFO - Processing file /home/ec2-user/environment/lab4_model_training/venv/lib64/python3.12/site-packages/airflow/example_dags/example_time_delta_sensor_async.py for tasks to queue
[2026-05-04T00:37:34.447+0000] {logging_mixin.py:190} INFO - [2026-05-04T00:37:34.447+0000] {dagbag.py:588} INFO - Filling up the DagBag from /home/ec2-user/environment/lab4_model_training/venv/lib64/python3.12/site-packages/airflow/example_dags/example_time_delta_sensor_async.py
[2026-05-04T00:37:34.453+0000] {processor.py:925} INFO - DAG(s) 'example_time_delta_sensor_async' retrieved from /home/ec2-user/environment/lab4_model_training/venv/lib64/python3.12/site-packages/airflow/example_dags/example_time_delta_sensor_async.py
[2026-05-04T00:37:34.464+0000] {logging_mixin.py:190} INFO - [2026-05-04T00:37:34.464+0000] {dag.py:3239} INFO - Sync 1 DAGs
[2026-05-04T00:37:34.474+0000] {logging_mixin.py:190} INFO - [2026-05-04T00:37:34.474+0000] {dag.py:4180} INFO - Setting next_dagrun for example_time_delta_sensor_async to None, run_after=None
[2026-05-04T00:37:34.492+0000] {processor.py:208} INFO - Processing /home/ec2-user/environment/lab4_model_training/venv/lib64/python3.12/site-packages/airflow/example_dags/example_time_delta_sensor_async.py took 0.052 seconds
[2026-05-04T00:38:40.734+0000] {processor.py:186} INFO - Started process (PID=20408) to work on /home/ec2-user/environment/lab4_model_training/venv/lib64/python3.12/site-packages/airflow/example_dags/example_time_delta_sensor_async.py
[2026-05-04T00:38:40.735+0000] {processor.py:914} INFO - Processing file /home/ec2-user/environment/lab4_model_training/venv/lib64/python3.12/site-packages/airflow/example_dags/example_time_delta_sensor_async.py for tasks to queue
[2026-05-04T00:38:40.737+0000] {logging_mixin.py:190} INFO - [2026-05-04T00:38:40.736+0000] {dagbag.py:588} INFO - Filling up the DagBag from /home/ec2-user/environment/lab4_model_training/venv/lib64/python3.12/site-packages/airflow/example_dags/example_time_delta_sensor_async.py
[2026-05-04T00:38:40.743+0000] {processor.py:925} INFO - DAG(s) 'example_time_delta_sensor_async' retrieved from /home/ec2-user/environment/lab4_model_training/venv/lib64/python3.12/site-packages/airflow/example_dags/example_time_delta_sensor_async.py
[2026-05-04T00:38:40.754+0000] {logging_mixin.py:190} INFO - [2026-05-04T00:38:40.754+0000] {dag.py:3239} INFO - Sync 1 DAGs
[2026-05-04T00:38:40.764+0000] {logging_mixin.py:190} INFO - [2026-05-04T00:38:40.763+0000] {dag.py:4180} INFO - Setting next_dagrun for example_time_delta_sensor_async to None, run_after=None
[2026-05-04T00:38:40.782+0000] {processor.py:208} INFO - Processing /home/ec2-user/environment/lab4_model_training/venv/lib64/python3.12/site-packages/airflow/example_dags/example_time_delta_sensor_async.py took 0.053 seconds
[2026-05-04T00:39:43.686+0000] {processor.py:186} INFO - Started process (PID=20498) to work on /home/ec2-user/environment/lab4_model_training/venv/lib64/python3.12/site-packages/airflow/example_dags/example_time_delta_sensor_async.py
[2026-05-04T00:39:43.687+0000] {processor.py:914} INFO - Processing file /home/ec2-user/environment/lab4_model_training/venv/lib64/python3.12/site-packages/airflow/example_dags/example_time_delta_sensor_async.py for tasks to queue
[2026-05-04T00:39:43.689+0000] {logging_mixin.py:190} INFO - [2026-05-04T00:39:43.689+0000] {dagbag.py:588} INFO - Filling up the DagBag from /home/ec2-user/environment/lab4_model_training/venv/lib64/python3.12/site-packages/airflow/example_dags/example_time_delta_sensor_async.py
[2026-05-04T00:39:43.695+0000] {processor.py:925} INFO - DAG(s) 'example_time_delta_sensor_async' retrieved from /home/ec2-user/environment/lab4_model_training/venv/lib64/python3.12/site-packages/airflow/example_dags/example_time_delta_sensor_async.py
[2026-05-04T00:39:43.707+0000] {logging_mixin.py:190} INFO - [2026-05-04T00:39:43.707+0000] {dag.py:3239} INFO - Sync 1 DAGs
[2026-05-04T00:39:43.716+0000] {logging_mixin.py:190} INFO - [2026-05-04T00:39:43.716+0000] {dag.py:4180} INFO - Setting next_dagrun for example_time_delta_sensor_async to None, run_after=None
[2026-05-04T00:39:43.734+0000] {processor.py:208} INFO - Processing /home/ec2-user/environment/lab4_model_training/venv/lib64/python3.12/site-packages/airflow/example_dags/example_time_delta_sensor_async.py took 0.052 seconds
[2026-05-04T00:40:44.659+0000] {processor.py:186} INFO - Started process (PID=20637) to work on /home/ec2-user/environment/lab4_model_training/venv/lib64/python3.12/site-packages/airflow/example_dags/example_time_delta_sensor_async.py
[2026-05-04T00:40:44.660+0000] {processor.py:914} INFO - Processing file /home/ec2-user/environment/lab4_model_training/venv/lib64/python3.12/site-packages/airflow/example_dags/example_time_delta_sensor_async.py for tasks to queue
[2026-05-04T00:40:44.662+0000] {logging_mixin.py:190} INFO - [2026-05-04T00:40:44.661+0000] {dagbag.py:588} INFO - Filling up the DagBag from /home/ec2-user/environment/lab4_model_training/venv/lib64/python3.12/site-packages/airflow/example_dags/example_time_delta_sensor_async.py
[2026-05-04T00:40:44.667+0000] {processor.py:925} INFO - DAG(s) 'example_time_delta_sensor_async' retrieved from /home/ec2-user/environment/lab4_model_training/venv/lib64/python3.12/site-packages/airflow/example_dags/example_time_delta_sensor_async.py
[2026-05-04T00:40:44.679+0000] {logging_mixin.py:190} INFO - [2026-05-04T00:40:44.679+0000] {dag.py:3239} INFO - Sync 1 DAGs
[2026-05-04T00:40:44.689+0000] {logging_mixin.py:190} INFO - [2026-05-04T00:40:44.689+0000] {dag.py:4180} INFO - Setting next_dagrun for example_time_delta_sensor_async to None, run_after=None
[2026-05-04T00:40:44.707+0000] {processor.py:208} INFO - Processing /home/ec2-user/environment/lab4_model_training/venv/lib64/python3.12/site-packages/airflow/example_dags/example_time_delta_sensor_async.py took 0.053 seconds
[2026-05-04T00:41:48.937+0000] {processor.py:186} INFO - Started process (PID=20776) to work on /home/ec2-user/environment/lab4_model_training/venv/lib64/python3.12/site-packages/airflow/example_dags/example_time_delta_sensor_async.py
[2026-05-04T00:41:48.938+0000] {processor.py:914} INFO - Processing file /home/ec2-user/environment/lab4_model_training/venv/lib64/python3.12/site-packages/airflow/example_dags/example_time_delta_sensor_async.py for tasks to queue
[2026-05-04T00:41:48.940+0000] {logging_mixin.py:190} INFO - [2026-05-04T00:41:48.940+0000] {dagbag.py:588} INFO - Filling up the DagBag from /home/ec2-user/environment/lab4_model_training/venv/lib64/python3.12/site-packages/airflow/example_dags/example_time_delta_sensor_async.py
[2026-05-04T00:41:48.946+0000] {processor.py:925} INFO - DAG(s) 'example_time_delta_sensor_async' retrieved from /home/ec2-user/environment/lab4_model_training/venv/lib64/python3.12/site-packages/airflow/example_dags/example_time_delta_sensor_async.py
[2026-05-04T00:41:48.958+0000] {logging_mixin.py:190} INFO - [2026-05-04T00:41:48.958+0000] {dag.py:3239} INFO - Sync 1 DAGs
[2026-05-04T00:41:48.968+0000] {logging_mixin.py:190} INFO - [2026-05-04T00:41:48.968+0000] {dag.py:4180} INFO - Setting next_dagrun for example_time_delta_sensor_async to None, run_after=None
[2026-05-04T00:41:48.985+0000] {processor.py:208} INFO - Processing /home/ec2-user/environment/lab4_model_training/venv/lib64/python3.12/site-packages/airflow/example_dags/example_time_delta_sensor_async.py took 0.053 seconds
[2026-05-04T00:42:54.765+0000] {processor.py:186} INFO - Started process (PID=20872) to work on /home/ec2-user/environment/lab4_model_training/venv/lib64/python3.12/site-packages/airflow/example_dags/example_time_delta_sensor_async.py
[2026-05-04T00:42:54.767+0000] {processor.py:914} INFO - Processing file /home/ec2-user/environment/lab4_model_training/venv/lib64/python3.12/site-packages/airflow/example_dags/example_time_delta_sensor_async.py for tasks to queue
[2026-05-04T00:42:54.768+0000] {logging_mixin.py:190} INFO - [2026-05-04T00:42:54.768+0000] {dagbag.py:588} INFO - Filling up the DagBag from /home/ec2-user/environment/lab4_model_training/venv/lib64/python3.12/site-packages/airflow/example_dags/example_time_delta_sensor_async.py
[2026-05-04T00:42:54.774+0000] {processor.py:925} INFO - DAG(s) 'example_time_delta_sensor_async' retrieved from /home/ec2-user/environment/lab4_model_training/venv/lib64/python3.12/site-packages/airflow/example_dags/example_time_delta_sensor_async.py
[2026-05-04T00:42:54.786+0000] {logging_mixin.py:190} INFO - [2026-05-04T00:42:54.786+0000] {dag.py:3239} INFO - Sync 1 DAGs
[2026-05-04T00:42:54.796+0000] {logging_mixin.py:190} INFO - [2026-05-04T00:42:54.796+0000] {dag.py:4180} INFO - Setting next_dagrun for example_time_delta_sensor_async to None, run_after=None
[2026-05-04T00:42:54.814+0000] {processor.py:208} INFO - Processing /home/ec2-user/environment/lab4_model_training/venv/lib64/python3.12/site-packages/airflow/example_dags/example_time_delta_sensor_async.py took 0.053 seconds
[2026-05-04T00:43:59.483+0000] {processor.py:186} INFO - Started process (PID=21037) to work on /home/ec2-user/environment/lab4_model_training/venv/lib64/python3.12/site-packages/airflow/example_dags/example_time_delta_sensor_async.py
[2026-05-04T00:43:59.485+0000] {processor.py:914} INFO - Processing file /home/ec2-user/environment/lab4_model_training/venv/lib64/python3.12/site-packages/airflow/example_dags/example_time_delta_sensor_async.py for tasks to queue
[2026-05-04T00:43:59.487+0000] {logging_mixin.py:190} INFO - [2026-05-04T00:43:59.486+0000] {dagbag.py:588} INFO - Filling up the DagBag from /home/ec2-user/environment/lab4_model_training/venv/lib64/python3.12/site-packages/airflow/example_dags/example_time_delta_sensor_async.py
[2026-05-04T00:43:59.492+0000] {processor.py:925} INFO - DAG(s) 'example_time_delta_sensor_async' retrieved from /home/ec2-user/environment/lab4_model_training/venv/lib64/python3.12/site-packages/airflow/example_dags/example_time_delta_sensor_async.py
[2026-05-04T00:43:59.504+0000] {logging_mixin.py:190} INFO - [2026-05-04T00:43:59.503+0000] {dag.py:3239} INFO - Sync 1 DAGs
[2026-05-04T00:43:59.513+0000] {logging_mixin.py:190} INFO - [2026-05-04T00:43:59.513+0000] {dag.py:4180} INFO - Setting next_dagrun for example_time_delta_sensor_async to None, run_after=None
[2026-05-04T00:43:59.530+0000] {processor.py:208} INFO - Processing /home/ec2-user/environment/lab4_model_training/venv/lib64/python3.12/site-packages/airflow/example_dags/example_time_delta_sensor_async.py took 0.051 seconds
[2026-05-04T00:45:03.555+0000] {processor.py:186} INFO - Started process (PID=21151) to work on /home/ec2-user/environment/lab4_model_training/venv/lib64/python3.12/site-packages/airflow/example_dags/example_time_delta_sensor_async.py
[2026-05-04T00:45:03.556+0000] {processor.py:914} INFO - Processing file /home/ec2-user/environment/lab4_model_training/venv/lib64/python3.12/site-packages/airflow/example_dags/example_time_delta_sensor_async.py for tasks to queue
[2026-05-04T00:45:03.558+0000] {logging_mixin.py:190} INFO - [2026-05-04T00:45:03.557+0000] {dagbag.py:588} INFO - Filling up the DagBag from /home/ec2-user/environment/lab4_model_training/venv/lib64/python3.12/site-packages/airflow/example_dags/example_time_delta_sensor_async.py
[2026-05-04T00:45:03.563+0000] {processor.py:925} INFO - DAG(s) 'example_time_delta_sensor_async' retrieved from /home/ec2-user/environment/lab4_model_training/venv/lib64/python3.12/site-packages/airflow/example_dags/example_time_delta_sensor_async.py
[2026-05-04T00:45:03.575+0000] {logging_mixin.py:190} INFO - [2026-05-04T00:45:03.574+0000] {dag.py:3239} INFO - Sync 1 DAGs
[2026-05-04T00:45:03.584+0000] {logging_mixin.py:190} INFO - [2026-05-04T00:45:03.584+0000] {dag.py:4180} INFO - Setting next_dagrun for example_time_delta_sensor_async to None, run_after=None
[2026-05-04T00:45:03.601+0000] {processor.py:208} INFO - Processing /home/ec2-user/environment/lab4_model_training/venv/lib64/python3.12/site-packages/airflow/example_dags/example_time_delta_sensor_async.py took 0.050 seconds
[2026-05-04T00:46:08.062+0000] {processor.py:186} INFO - Started process (PID=21288) to work on /home/ec2-user/environment/lab4_model_training/venv/lib64/python3.12/site-packages/airflow/example_dags/example_time_delta_sensor_async.py
[2026-05-04T00:46:08.063+0000] {processor.py:914} INFO - Processing file /home/ec2-user/environment/lab4_model_training/venv/lib64/python3.12/site-packages/airflow/example_dags/example_time_delta_sensor_async.py for tasks to queue
[2026-05-04T00:46:08.065+0000] {logging_mixin.py:190} INFO - [2026-05-04T00:46:08.065+0000] {dagbag.py:588} INFO - Filling up the DagBag from /home/ec2-user/environment/lab4_model_training/venv/lib64/python3.12/site-packages/airflow/example_dags/example_time_delta_sensor_async.py
[2026-05-04T00:46:08.071+0000] {processor.py:925} INFO - DAG(s) 'example_time_delta_sensor_async' retrieved from /home/ec2-user/environment/lab4_model_training/venv/lib64/python3.12/site-packages/airflow/example_dags/example_time_delta_sensor_async.py
[2026-05-04T00:46:08.082+0000] {logging_mixin.py:190} INFO - [2026-05-04T00:46:08.082+0000] {dag.py:3239} INFO - Sync 1 DAGs
[2026-05-04T00:46:08.092+0000] {logging_mixin.py:190} INFO - [2026-05-04T00:46:08.092+0000] {dag.py:4180} INFO - Setting next_dagrun for example_time_delta_sensor_async to None, run_after=None
[2026-05-04T00:46:08.109+0000] {processor.py:208} INFO - Processing /home/ec2-user/environment/lab4_model_training/venv/lib64/python3.12/site-packages/airflow/example_dags/example_time_delta_sensor_async.py took 0.051 seconds
[2026-05-04T00:47:11.881+0000] {processor.py:186} INFO - Started process (PID=21377) to work on /home/ec2-user/environment/lab4_model_training/venv/lib64/python3.12/site-packages/airflow/example_dags/example_time_delta_sensor_async.py
[2026-05-04T00:47:11.882+0000] {processor.py:914} INFO - Processing file /home/ec2-user/environment/lab4_model_training/venv/lib64/python3.12/site-packages/airflow/example_dags/example_time_delta_sensor_async.py for tasks to queue
[2026-05-04T00:47:11.884+0000] {logging_mixin.py:190} INFO - [2026-05-04T00:47:11.883+0000] {dagbag.py:588} INFO - Filling up the DagBag from /home/ec2-user/environment/lab4_model_training/venv/lib64/python3.12/site-packages/airflow/example_dags/example_time_delta_sensor_async.py
[2026-05-04T00:47:11.889+0000] {processor.py:925} INFO - DAG(s) 'example_time_delta_sensor_async' retrieved from /home/ec2-user/environment/lab4_model_training/venv/lib64/python3.12/site-packages/airflow/example_dags/example_time_delta_sensor_async.py
[2026-05-04T00:47:11.900+0000] {logging_mixin.py:190} INFO - [2026-05-04T00:47:11.900+0000] {dag.py:3239} INFO - Sync 1 DAGs
[2026-05-04T00:47:11.910+0000] {logging_mixin.py:190} INFO - [2026-05-04T00:47:11.909+0000] {dag.py:4180} INFO - Setting next_dagrun for example_time_delta_sensor_async to None, run_after=None
[2026-05-04T00:47:11.927+0000] {processor.py:208} INFO - Processing /home/ec2-user/environment/lab4_model_training/venv/lib64/python3.12/site-packages/airflow/example_dags/example_time_delta_sensor_async.py took 0.050 seconds
[2026-05-04T00:48:11.329+0000] {processor.py:186} INFO - Started process (PID=21510) to work on /home/ec2-user/environment/lab4_model_training/venv/lib64/python3.12/site-packages/airflow/example_dags/example_time_delta_sensor_async.py
[2026-05-04T00:48:11.330+0000] {processor.py:914} INFO - Processing file /home/ec2-user/environment/lab4_model_training/venv/lib64/python3.12/site-packages/airflow/example_dags/example_time_delta_sensor_async.py for tasks to queue
[2026-05-04T00:48:11.331+0000] {logging_mixin.py:190} INFO - [2026-05-04T00:48:11.331+0000] {dagbag.py:588} INFO - Filling up the DagBag from /home/ec2-user/environment/lab4_model_training/venv/lib64/python3.12/site-packages/airflow/example_dags/example_time_delta_sensor_async.py
[2026-05-04T00:48:11.337+0000] {processor.py:925} INFO - DAG(s) 'example_time_delta_sensor_async' retrieved from /home/ec2-user/environment/lab4_model_training/venv/lib64/python3.12/site-packages/airflow/example_dags/example_time_delta_sensor_async.py
[2026-05-04T00:48:11.348+0000] {logging_mixin.py:190} INFO - [2026-05-04T00:48:11.348+0000] {dag.py:3239} INFO - Sync 1 DAGs
[2026-05-04T00:48:11.358+0000] {logging_mixin.py:190} INFO - [2026-05-04T00:48:11.358+0000] {dag.py:4180} INFO - Setting next_dagrun for example_time_delta_sensor_async to None, run_after=None
[2026-05-04T00:48:11.375+0000] {processor.py:208} INFO - Processing /home/ec2-user/environment/lab4_model_training/venv/lib64/python3.12/site-packages/airflow/example_dags/example_time_delta_sensor_async.py took 0.050 seconds
[2026-05-04T00:49:18.333+0000] {processor.py:186} INFO - Started process (PID=21598) to work on /home/ec2-user/environment/lab4_model_training/venv/lib64/python3.12/site-packages/airflow/example_dags/example_time_delta_sensor_async.py
[2026-05-04T00:49:18.334+0000] {processor.py:914} INFO - Processing file /home/ec2-user/environment/lab4_model_training/venv/lib64/python3.12/site-packages/airflow/example_dags/example_time_delta_sensor_async.py for tasks to queue
[2026-05-04T00:49:18.336+0000] {logging_mixin.py:190} INFO - [2026-05-04T00:49:18.336+0000] {dagbag.py:588} INFO - Filling up the DagBag from /home/ec2-user/environment/lab4_model_training/venv/lib64/python3.12/site-packages/airflow/example_dags/example_time_delta_sensor_async.py
[2026-05-04T00:49:18.341+0000] {processor.py:925} INFO - DAG(s) 'example_time_delta_sensor_async' retrieved from /home/ec2-user/environment/lab4_model_training/venv/lib64/python3.12/site-packages/airflow/example_dags/example_time_delta_sensor_async.py
[2026-05-04T00:49:18.353+0000] {logging_mixin.py:190} INFO - [2026-05-04T00:49:18.353+0000] {dag.py:3239} INFO - Sync 1 DAGs
[2026-05-04T00:49:18.362+0000] {logging_mixin.py:190} INFO - [2026-05-04T00:49:18.362+0000] {dag.py:4180} INFO - Setting next_dagrun for example_time_delta_sensor_async to None, run_after=None
[2026-05-04T00:49:18.380+0000] {processor.py:208} INFO - Processing /home/ec2-user/environment/lab4_model_training/venv/lib64/python3.12/site-packages/airflow/example_dags/example_time_delta_sensor_async.py took 0.051 seconds
[2026-05-04T00:50:22.394+0000] {processor.py:186} INFO - Started process (PID=21927) to work on /home/ec2-user/environment/lab4_model_training/venv/lib64/python3.12/site-packages/airflow/example_dags/example_time_delta_sensor_async.py
[2026-05-04T00:50:22.395+0000] {processor.py:914} INFO - Processing file /home/ec2-user/environment/lab4_model_training/venv/lib64/python3.12/site-packages/airflow/example_dags/example_time_delta_sensor_async.py for tasks to queue
[2026-05-04T00:50:22.397+0000] {logging_mixin.py:190} INFO - [2026-05-04T00:50:22.396+0000] {dagbag.py:588} INFO - Filling up the DagBag from /home/ec2-user/environment/lab4_model_training/venv/lib64/python3.12/site-packages/airflow/example_dags/example_time_delta_sensor_async.py
[2026-05-04T00:50:22.402+0000] {processor.py:925} INFO - DAG(s) 'example_time_delta_sensor_async' retrieved from /home/ec2-user/environment/lab4_model_training/venv/lib64/python3.12/site-packages/airflow/example_dags/example_time_delta_sensor_async.py
[2026-05-04T00:50:22.414+0000] {logging_mixin.py:190} INFO - [2026-05-04T00:50:22.414+0000] {dag.py:3239} INFO - Sync 1 DAGs
[2026-05-04T00:50:22.423+0000] {logging_mixin.py:190} INFO - [2026-05-04T00:50:22.423+0000] {dag.py:4180} INFO - Setting next_dagrun for example_time_delta_sensor_async to None, run_after=None
[2026-05-04T00:50:22.440+0000] {processor.py:208} INFO - Processing /home/ec2-user/environment/lab4_model_training/venv/lib64/python3.12/site-packages/airflow/example_dags/example_time_delta_sensor_async.py took 0.051 seconds
[2026-05-04T00:51:28.935+0000] {processor.py:186} INFO - Started process (PID=22122) to work on /home/ec2-user/environment/lab4_model_training/venv/lib64/python3.12/site-packages/airflow/example_dags/example_time_delta_sensor_async.py
[2026-05-04T00:51:28.936+0000] {processor.py:914} INFO - Processing file /home/ec2-user/environment/lab4_model_training/venv/lib64/python3.12/site-packages/airflow/example_dags/example_time_delta_sensor_async.py for tasks to queue
[2026-05-04T00:51:28.938+0000] {logging_mixin.py:190} INFO - [2026-05-04T00:51:28.937+0000] {dagbag.py:588} INFO - Filling up the DagBag from /home/ec2-user/environment/lab4_model_training/venv/lib64/python3.12/site-packages/airflow/example_dags/example_time_delta_sensor_async.py
[2026-05-04T00:51:28.943+0000] {processor.py:925} INFO - DAG(s) 'example_time_delta_sensor_async' retrieved from /home/ec2-user/environment/lab4_model_training/venv/lib64/python3.12/site-packages/airflow/example_dags/example_time_delta_sensor_async.py
[2026-05-04T00:51:28.955+0000] {logging_mixin.py:190} INFO - [2026-05-04T00:51:28.955+0000] {dag.py:3239} INFO - Sync 1 DAGs
[2026-05-04T00:51:28.965+0000] {logging_mixin.py:190} INFO - [2026-05-04T00:51:28.964+0000] {dag.py:4180} INFO - Setting next_dagrun for example_time_delta_sensor_async to None, run_after=None
[2026-05-04T00:51:28.982+0000] {processor.py:208} INFO - Processing /home/ec2-user/environment/lab4_model_training/venv/lib64/python3.12/site-packages/airflow/example_dags/example_time_delta_sensor_async.py took 0.051 seconds
[2026-05-04T00:52:31.297+0000] {processor.py:186} INFO - Started process (PID=22320) to work on /home/ec2-user/environment/lab4_model_training/venv/lib64/python3.12/site-packages/airflow/example_dags/example_time_delta_sensor_async.py
[2026-05-04T00:52:31.298+0000] {processor.py:914} INFO - Processing file /home/ec2-user/environment/lab4_model_training/venv/lib64/python3.12/site-packages/airflow/example_dags/example_time_delta_sensor_async.py for tasks to queue
[2026-05-04T00:52:31.299+0000] {logging_mixin.py:190} INFO - [2026-05-04T00:52:31.299+0000] {dagbag.py:588} INFO - Filling up the DagBag from /home/ec2-user/environment/lab4_model_training/venv/lib64/python3.12/site-packages/airflow/example_dags/example_time_delta_sensor_async.py
[2026-05-04T00:52:31.305+0000] {processor.py:925} INFO - DAG(s) 'example_time_delta_sensor_async' retrieved from /home/ec2-user/environment/lab4_model_training/venv/lib64/python3.12/site-packages/airflow/example_dags/example_time_delta_sensor_async.py
[2026-05-04T00:52:31.316+0000] {logging_mixin.py:190} INFO - [2026-05-04T00:52:31.316+0000] {dag.py:3239} INFO - Sync 1 DAGs
[2026-05-04T00:52:31.326+0000] {logging_mixin.py:190} INFO - [2026-05-04T00:52:31.326+0000] {dag.py:4180} INFO - Setting next_dagrun for example_time_delta_sensor_async to None, run_after=None
[2026-05-04T00:52:31.344+0000] {processor.py:208} INFO - Processing /home/ec2-user/environment/lab4_model_training/venv/lib64/python3.12/site-packages/airflow/example_dags/example_time_delta_sensor_async.py took 0.051 seconds
[2026-05-04T00:53:34.078+0000] {processor.py:186} INFO - Started process (PID=22450) to work on /home/ec2-user/environment/lab4_model_training/venv/lib64/python3.12/site-packages/airflow/example_dags/example_time_delta_sensor_async.py
[2026-05-04T00:53:34.079+0000] {processor.py:914} INFO - Processing file /home/ec2-user/environment/lab4_model_training/venv/lib64/python3.12/site-packages/airflow/example_dags/example_time_delta_sensor_async.py for tasks to queue
[2026-05-04T00:53:34.080+0000] {logging_mixin.py:190} INFO - [2026-05-04T00:53:34.080+0000] {dagbag.py:588} INFO - Filling up the DagBag from /home/ec2-user/environment/lab4_model_training/venv/lib64/python3.12/site-packages/airflow/example_dags/example_time_delta_sensor_async.py
[2026-05-04T00:53:34.086+0000] {processor.py:925} INFO - DAG(s) 'example_time_delta_sensor_async' retrieved from /home/ec2-user/environment/lab4_model_training/venv/lib64/python3.12/site-packages/airflow/example_dags/example_time_delta_sensor_async.py
[2026-05-04T00:53:34.097+0000] {logging_mixin.py:190} INFO - [2026-05-04T00:53:34.097+0000] {dag.py:3239} INFO - Sync 1 DAGs
[2026-05-04T00:53:34.106+0000] {logging_mixin.py:190} INFO - [2026-05-04T00:53:34.106+0000] {dag.py:4180} INFO - Setting next_dagrun for example_time_delta_sensor_async to None, run_after=None
[2026-05-04T00:53:34.123+0000] {processor.py:208} INFO - Processing /home/ec2-user/environment/lab4_model_training/venv/lib64/python3.12/site-packages/airflow/example_dags/example_time_delta_sensor_async.py took 0.050 seconds
[2026-05-04T00:54:44.798+0000] {processor.py:186} INFO - Started process (PID=22648) to work on /home/ec2-user/environment/lab4_model_training/venv/lib64/python3.12/site-packages/airflow/example_dags/example_time_delta_sensor_async.py
[2026-05-04T00:54:44.800+0000] {processor.py:914} INFO - Processing file /home/ec2-user/environment/lab4_model_training/venv/lib64/python3.12/site-packages/airflow/example_dags/example_time_delta_sensor_async.py for tasks to queue
[2026-05-04T00:54:44.802+0000] {logging_mixin.py:190} INFO - [2026-05-04T00:54:44.801+0000] {dagbag.py:588} INFO - Filling up the DagBag from /home/ec2-user/environment/lab4_model_training/venv/lib64/python3.12/site-packages/airflow/example_dags/example_time_delta_sensor_async.py
[2026-05-04T00:54:44.807+0000] {processor.py:925} INFO - DAG(s) 'example_time_delta_sensor_async' retrieved from /home/ec2-user/environment/lab4_model_training/venv/lib64/python3.12/site-packages/airflow/example_dags/example_time_delta_sensor_async.py
[2026-05-04T00:54:44.819+0000] {logging_mixin.py:190} INFO - [2026-05-04T00:54:44.819+0000] {dag.py:3239} INFO - Sync 1 DAGs
[2026-05-04T00:54:44.829+0000] {logging_mixin.py:190} INFO - [2026-05-04T00:54:44.829+0000] {dag.py:4180} INFO - Setting next_dagrun for example_time_delta_sensor_async to None, run_after=None
[2026-05-04T00:54:44.847+0000] {processor.py:208} INFO - Processing /home/ec2-user/environment/lab4_model_training/venv/lib64/python3.12/site-packages/airflow/example_dags/example_time_delta_sensor_async.py took 0.053 seconds
[2026-05-04T00:55:45.584+0000] {processor.py:186} INFO - Started process (PID=22784) to work on /home/ec2-user/environment/lab4_model_training/venv/lib64/python3.12/site-packages/airflow/example_dags/example_time_delta_sensor_async.py
[2026-05-04T00:55:45.585+0000] {processor.py:914} INFO - Processing file /home/ec2-user/environment/lab4_model_training/venv/lib64/python3.12/site-packages/airflow/example_dags/example_time_delta_sensor_async.py for tasks to queue
[2026-05-04T00:55:45.587+0000] {logging_mixin.py:190} INFO - [2026-05-04T00:55:45.586+0000] {dagbag.py:588} INFO - Filling up the DagBag from /home/ec2-user/environment/lab4_model_training/venv/lib64/python3.12/site-packages/airflow/example_dags/example_time_delta_sensor_async.py
[2026-05-04T00:55:45.592+0000] {processor.py:925} INFO - DAG(s) 'example_time_delta_sensor_async' retrieved from /home/ec2-user/environment/lab4_model_training/venv/lib64/python3.12/site-packages/airflow/example_dags/example_time_delta_sensor_async.py
[2026-05-04T00:55:45.604+0000] {logging_mixin.py:190} INFO - [2026-05-04T00:55:45.604+0000] {dag.py:3239} INFO - Sync 1 DAGs
[2026-05-04T00:55:45.613+0000] {logging_mixin.py:190} INFO - [2026-05-04T00:55:45.613+0000] {dag.py:4180} INFO - Setting next_dagrun for example_time_delta_sensor_async to None, run_after=None
[2026-05-04T00:55:45.630+0000] {processor.py:208} INFO - Processing /home/ec2-user/environment/lab4_model_training/venv/lib64/python3.12/site-packages/airflow/example_dags/example_time_delta_sensor_async.py took 0.050 seconds
[2026-05-04T00:56:49.227+0000] {processor.py:186} INFO - Started process (PID=22953) to work on /home/ec2-user/environment/lab4_model_training/venv/lib64/python3.12/site-packages/airflow/example_dags/example_time_delta_sensor_async.py
[2026-05-04T00:56:49.229+0000] {processor.py:914} INFO - Processing file /home/ec2-user/environment/lab4_model_training/venv/lib64/python3.12/site-packages/airflow/example_dags/example_time_delta_sensor_async.py for tasks to queue
[2026-05-04T00:56:49.230+0000] {logging_mixin.py:190} INFO - [2026-05-04T00:56:49.230+0000] {dagbag.py:588} INFO - Filling up the DagBag from /home/ec2-user/environment/lab4_model_training/venv/lib64/python3.12/site-packages/airflow/example_dags/example_time_delta_sensor_async.py
[2026-05-04T00:56:49.235+0000] {processor.py:925} INFO - DAG(s) 'example_time_delta_sensor_async' retrieved from /home/ec2-user/environment/lab4_model_training/venv/lib64/python3.12/site-packages/airflow/example_dags/example_time_delta_sensor_async.py
[2026-05-04T00:56:49.246+0000] {logging_mixin.py:190} INFO - [2026-05-04T00:56:49.246+0000] {dag.py:3239} INFO - Sync 1 DAGs
[2026-05-04T00:56:49.256+0000] {logging_mixin.py:190} INFO - [2026-05-04T00:56:49.256+0000] {dag.py:4180} INFO - Setting next_dagrun for example_time_delta_sensor_async to None, run_after=None
[2026-05-04T00:56:49.273+0000] {processor.py:208} INFO - Processing /home/ec2-user/environment/lab4_model_training/venv/lib64/python3.12/site-packages/airflow/example_dags/example_time_delta_sensor_async.py took 0.050 seconds
[2026-05-04T00:57:56.545+0000] {processor.py:186} INFO - Started process (PID=23097) to work on /home/ec2-user/environment/lab4_model_training/venv/lib64/python3.12/site-packages/airflow/example_dags/example_time_delta_sensor_async.py
[2026-05-04T00:57:56.546+0000] {processor.py:914} INFO - Processing file /home/ec2-user/environment/lab4_model_training/venv/lib64/python3.12/site-packages/airflow/example_dags/example_time_delta_sensor_async.py for tasks to queue
[2026-05-04T00:57:56.548+0000] {logging_mixin.py:190} INFO - [2026-05-04T00:57:56.547+0000] {dagbag.py:588} INFO - Filling up the DagBag from /home/ec2-user/environment/lab4_model_training/venv/lib64/python3.12/site-packages/airflow/example_dags/example_time_delta_sensor_async.py
[2026-05-04T00:57:56.553+0000] {processor.py:925} INFO - DAG(s) 'example_time_delta_sensor_async' retrieved from /home/ec2-user/environment/lab4_model_training/venv/lib64/python3.12/site-packages/airflow/example_dags/example_time_delta_sensor_async.py
[2026-05-04T00:57:56.564+0000] {logging_mixin.py:190} INFO - [2026-05-04T00:57:56.564+0000] {dag.py:3239} INFO - Sync 1 DAGs
[2026-05-04T00:57:56.574+0000] {logging_mixin.py:190} INFO - [2026-05-04T00:57:56.573+0000] {dag.py:4180} INFO - Setting next_dagrun for example_time_delta_sensor_async to None, run_after=None
[2026-05-04T00:57:56.592+0000] {processor.py:208} INFO - Processing /home/ec2-user/environment/lab4_model_training/venv/lib64/python3.12/site-packages/airflow/example_dags/example_time_delta_sensor_async.py took 0.051 seconds
[2026-05-04T00:59:01.563+0000] {processor.py:186} INFO - Started process (PID=23246) to work on /home/ec2-user/environment/lab4_model_training/venv/lib64/python3.12/site-packages/airflow/example_dags/example_time_delta_sensor_async.py
[2026-05-04T00:59:01.564+0000] {processor.py:914} INFO - Processing file /home/ec2-user/environment/lab4_model_training/venv/lib64/python3.12/site-packages/airflow/example_dags/example_time_delta_sensor_async.py for tasks to queue
[2026-05-04T00:59:01.566+0000] {logging_mixin.py:190} INFO - [2026-05-04T00:59:01.565+0000] {dagbag.py:588} INFO - Filling up the DagBag from /home/ec2-user/environment/lab4_model_training/venv/lib64/python3.12/site-packages/airflow/example_dags/example_time_delta_sensor_async.py
[2026-05-04T00:59:01.571+0000] {processor.py:925} INFO - DAG(s) 'example_time_delta_sensor_async' retrieved from /home/ec2-user/environment/lab4_model_training/venv/lib64/python3.12/site-packages/airflow/example_dags/example_time_delta_sensor_async.py
[2026-05-04T00:59:01.583+0000] {logging_mixin.py:190} INFO - [2026-05-04T00:59:01.583+0000] {dag.py:3239} INFO - Sync 1 DAGs
[2026-05-04T00:59:01.593+0000] {logging_mixin.py:190} INFO - [2026-05-04T00:59:01.593+0000] {dag.py:4180} INFO - Setting next_dagrun for example_time_delta_sensor_async to None, run_after=None
[2026-05-04T00:59:01.611+0000] {processor.py:208} INFO - Processing /home/ec2-user/environment/lab4_model_training/venv/lib64/python3.12/site-packages/airflow/example_dags/example_time_delta_sensor_async.py took 0.053 seconds
[2026-05-04T01:00:12.080+0000] {processor.py:186} INFO - Started process (PID=23407) to work on /home/ec2-user/environment/lab4_model_training/venv/lib64/python3.12/site-packages/airflow/example_dags/example_time_delta_sensor_async.py
[2026-05-04T01:00:12.081+0000] {processor.py:914} INFO - Processing file /home/ec2-user/environment/lab4_model_training/venv/lib64/python3.12/site-packages/airflow/example_dags/example_time_delta_sensor_async.py for tasks to queue
[2026-05-04T01:00:12.083+0000] {logging_mixin.py:190} INFO - [2026-05-04T01:00:12.083+0000] {dagbag.py:588} INFO - Filling up the DagBag from /home/ec2-user/environment/lab4_model_training/venv/lib64/python3.12/site-packages/airflow/example_dags/example_time_delta_sensor_async.py
[2026-05-04T01:00:12.088+0000] {processor.py:925} INFO - DAG(s) 'example_time_delta_sensor_async' retrieved from /home/ec2-user/environment/lab4_model_training/venv/lib64/python3.12/site-packages/airflow/example_dags/example_time_delta_sensor_async.py
[2026-05-04T01:00:12.100+0000] {logging_mixin.py:190} INFO - [2026-05-04T01:00:12.100+0000] {dag.py:3239} INFO - Sync 1 DAGs
[2026-05-04T01:00:12.110+0000] {logging_mixin.py:190} INFO - [2026-05-04T01:00:12.110+0000] {dag.py:4180} INFO - Setting next_dagrun for example_time_delta_sensor_async to None, run_after=None
[2026-05-04T01:00:12.127+0000] {processor.py:208} INFO - Processing /home/ec2-user/environment/lab4_model_training/venv/lib64/python3.12/site-packages/airflow/example_dags/example_time_delta_sensor_async.py took 0.051 seconds
[2026-05-04T01:01:21.650+0000] {processor.py:186} INFO - Started process (PID=23588) to work on /home/ec2-user/environment/lab4_model_training/venv/lib64/python3.12/site-packages/airflow/example_dags/example_time_delta_sensor_async.py
[2026-05-04T01:01:21.651+0000] {processor.py:914} INFO - Processing file /home/ec2-user/environment/lab4_model_training/venv/lib64/python3.12/site-packages/airflow/example_dags/example_time_delta_sensor_async.py for tasks to queue
[2026-05-04T01:01:21.652+0000] {logging_mixin.py:190} INFO - [2026-05-04T01:01:21.652+0000] {dagbag.py:588} INFO - Filling up the DagBag from /home/ec2-user/environment/lab4_model_training/venv/lib64/python3.12/site-packages/airflow/example_dags/example_time_delta_sensor_async.py
[2026-05-04T01:01:21.658+0000] {processor.py:925} INFO - DAG(s) 'example_time_delta_sensor_async' retrieved from /home/ec2-user/environment/lab4_model_training/venv/lib64/python3.12/site-packages/airflow/example_dags/example_time_delta_sensor_async.py
[2026-05-04T01:01:21.669+0000] {logging_mixin.py:190} INFO - [2026-05-04T01:01:21.669+0000] {dag.py:3239} INFO - Sync 1 DAGs
[2026-05-04T01:01:21.678+0000] {logging_mixin.py:190} INFO - [2026-05-04T01:01:21.678+0000] {dag.py:4180} INFO - Setting next_dagrun for example_time_delta_sensor_async to None, run_after=None
[2026-05-04T01:01:21.694+0000] {processor.py:208} INFO - Processing /home/ec2-user/environment/lab4_model_training/venv/lib64/python3.12/site-packages/airflow/example_dags/example_time_delta_sensor_async.py took 0.049 seconds
[2026-05-04T01:02:26.711+0000] {processor.py:186} INFO - Started process (PID=23677) to work on /home/ec2-user/environment/lab4_model_training/venv/lib64/python3.12/site-packages/airflow/example_dags/example_time_delta_sensor_async.py
[2026-05-04T01:02:26.713+0000] {processor.py:914} INFO - Processing file /home/ec2-user/environment/lab4_model_training/venv/lib64/python3.12/site-packages/airflow/example_dags/example_time_delta_sensor_async.py for tasks to queue
[2026-05-04T01:02:26.714+0000] {logging_mixin.py:190} INFO - [2026-05-04T01:02:26.714+0000] {dagbag.py:588} INFO - Filling up the DagBag from /home/ec2-user/environment/lab4_model_training/venv/lib64/python3.12/site-packages/airflow/example_dags/example_time_delta_sensor_async.py
[2026-05-04T01:02:26.721+0000] {processor.py:925} INFO - DAG(s) 'example_time_delta_sensor_async' retrieved from /home/ec2-user/environment/lab4_model_training/venv/lib64/python3.12/site-packages/airflow/example_dags/example_time_delta_sensor_async.py
[2026-05-04T01:02:26.733+0000] {logging_mixin.py:190} INFO - [2026-05-04T01:02:26.733+0000] {dag.py:3239} INFO - Sync 1 DAGs
[2026-05-04T01:02:26.744+0000] {logging_mixin.py:190} INFO - [2026-05-04T01:02:26.744+0000] {dag.py:4180} INFO - Setting next_dagrun for example_time_delta_sensor_async to None, run_after=None
[2026-05-04T01:02:26.762+0000] {processor.py:208} INFO - Processing /home/ec2-user/environment/lab4_model_training/venv/lib64/python3.12/site-packages/airflow/example_dags/example_time_delta_sensor_async.py took 0.056 seconds
[2026-05-04T01:03:31.342+0000] {processor.py:186} INFO - Started process (PID=23817) to work on /home/ec2-user/environment/lab4_model_training/venv/lib64/python3.12/site-packages/airflow/example_dags/example_time_delta_sensor_async.py
[2026-05-04T01:03:31.343+0000] {processor.py:914} INFO - Processing file /home/ec2-user/environment/lab4_model_training/venv/lib64/python3.12/site-packages/airflow/example_dags/example_time_delta_sensor_async.py for tasks to queue
[2026-05-04T01:03:31.345+0000] {logging_mixin.py:190} INFO - [2026-05-04T01:03:31.344+0000] {dagbag.py:588} INFO - Filling up the DagBag from /home/ec2-user/environment/lab4_model_training/venv/lib64/python3.12/site-packages/airflow/example_dags/example_time_delta_sensor_async.py
[2026-05-04T01:03:31.351+0000] {processor.py:925} INFO - DAG(s) 'example_time_delta_sensor_async' retrieved from /home/ec2-user/environment/lab4_model_training/venv/lib64/python3.12/site-packages/airflow/example_dags/example_time_delta_sensor_async.py
[2026-05-04T01:03:31.362+0000] {logging_mixin.py:190} INFO - [2026-05-04T01:03:31.362+0000] {dag.py:3239} INFO - Sync 1 DAGs
[2026-05-04T01:03:31.372+0000] {logging_mixin.py:190} INFO - [2026-05-04T01:03:31.371+0000] {dag.py:4180} INFO - Setting next_dagrun for example_time_delta_sensor_async to None, run_after=None
[2026-05-04T01:03:31.388+0000] {processor.py:208} INFO - Processing /home/ec2-user/environment/lab4_model_training/venv/lib64/python3.12/site-packages/airflow/example_dags/example_time_delta_sensor_async.py took 0.051 seconds
[2026-05-04T01:04:41.655+0000] {processor.py:186} INFO - Started process (PID=23955) to work on /home/ec2-user/environment/lab4_model_training/venv/lib64/python3.12/site-packages/airflow/example_dags/example_time_delta_sensor_async.py
[2026-05-04T01:04:41.656+0000] {processor.py:914} INFO - Processing file /home/ec2-user/environment/lab4_model_training/venv/lib64/python3.12/site-packages/airflow/example_dags/example_time_delta_sensor_async.py for tasks to queue
[2026-05-04T01:04:41.658+0000] {logging_mixin.py:190} INFO - [2026-05-04T01:04:41.658+0000] {dagbag.py:588} INFO - Filling up the DagBag from /home/ec2-user/environment/lab4_model_training/venv/lib64/python3.12/site-packages/airflow/example_dags/example_time_delta_sensor_async.py
[2026-05-04T01:04:41.663+0000] {processor.py:925} INFO - DAG(s) 'example_time_delta_sensor_async' retrieved from /home/ec2-user/environment/lab4_model_training/venv/lib64/python3.12/site-packages/airflow/example_dags/example_time_delta_sensor_async.py
[2026-05-04T01:04:41.675+0000] {logging_mixin.py:190} INFO - [2026-05-04T01:04:41.675+0000] {dag.py:3239} INFO - Sync 1 DAGs
[2026-05-04T01:04:41.684+0000] {logging_mixin.py:190} INFO - [2026-05-04T01:04:41.684+0000] {dag.py:4180} INFO - Setting next_dagrun for example_time_delta_sensor_async to None, run_after=None
[2026-05-04T01:04:41.701+0000] {processor.py:208} INFO - Processing /home/ec2-user/environment/lab4_model_training/venv/lib64/python3.12/site-packages/airflow/example_dags/example_time_delta_sensor_async.py took 0.051 seconds
[2026-05-04T01:05:45.747+0000] {processor.py:186} INFO - Started process (PID=24042) to work on /home/ec2-user/environment/lab4_model_training/venv/lib64/python3.12/site-packages/airflow/example_dags/example_time_delta_sensor_async.py
[2026-05-04T01:05:45.748+0000] {processor.py:914} INFO - Processing file /home/ec2-user/environment/lab4_model_training/venv/lib64/python3.12/site-packages/airflow/example_dags/example_time_delta_sensor_async.py for tasks to queue
[2026-05-04T01:05:45.749+0000] {logging_mixin.py:190} INFO - [2026-05-04T01:05:45.749+0000] {dagbag.py:588} INFO - Filling up the DagBag from /home/ec2-user/environment/lab4_model_training/venv/lib64/python3.12/site-packages/airflow/example_dags/example_time_delta_sensor_async.py
[2026-05-04T01:05:45.755+0000] {processor.py:925} INFO - DAG(s) 'example_time_delta_sensor_async' retrieved from /home/ec2-user/environment/lab4_model_training/venv/lib64/python3.12/site-packages/airflow/example_dags/example_time_delta_sensor_async.py
[2026-05-04T01:05:45.766+0000] {logging_mixin.py:190} INFO - [2026-05-04T01:05:45.766+0000] {dag.py:3239} INFO - Sync 1 DAGs
[2026-05-04T01:05:45.776+0000] {logging_mixin.py:190} INFO - [2026-05-04T01:05:45.776+0000] {dag.py:4180} INFO - Setting next_dagrun for example_time_delta_sensor_async to None, run_after=None
[2026-05-04T01:05:45.792+0000] {processor.py:208} INFO - Processing /home/ec2-user/environment/lab4_model_training/venv/lib64/python3.12/site-packages/airflow/example_dags/example_time_delta_sensor_async.py took 0.050 seconds
[2026-05-04T01:06:54.770+0000] {processor.py:186} INFO - Started process (PID=24181) to work on /home/ec2-user/environment/lab4_model_training/venv/lib64/python3.12/site-packages/airflow/example_dags/example_time_delta_sensor_async.py
[2026-05-04T01:06:54.771+0000] {processor.py:914} INFO - Processing file /home/ec2-user/environment/lab4_model_training/venv/lib64/python3.12/site-packages/airflow/example_dags/example_time_delta_sensor_async.py for tasks to queue
[2026-05-04T01:06:54.773+0000] {logging_mixin.py:190} INFO - [2026-05-04T01:06:54.773+0000] {dagbag.py:588} INFO - Filling up the DagBag from /home/ec2-user/environment/lab4_model_training/venv/lib64/python3.12/site-packages/airflow/example_dags/example_time_delta_sensor_async.py
[2026-05-04T01:06:54.779+0000] {processor.py:925} INFO - DAG(s) 'example_time_delta_sensor_async' retrieved from /home/ec2-user/environment/lab4_model_training/venv/lib64/python3.12/site-packages/airflow/example_dags/example_time_delta_sensor_async.py
[2026-05-04T01:06:54.790+0000] {logging_mixin.py:190} INFO - [2026-05-04T01:06:54.790+0000] {dag.py:3239} INFO - Sync 1 DAGs
[2026-05-04T01:06:54.800+0000] {logging_mixin.py:190} INFO - [2026-05-04T01:06:54.800+0000] {dag.py:4180} INFO - Setting next_dagrun for example_time_delta_sensor_async to None, run_after=None
[2026-05-04T01:06:54.818+0000] {processor.py:208} INFO - Processing /home/ec2-user/environment/lab4_model_training/venv/lib64/python3.12/site-packages/airflow/example_dags/example_time_delta_sensor_async.py took 0.052 seconds
[2026-05-04T01:08:02.987+0000] {processor.py:186} INFO - Started process (PID=24279) to work on /home/ec2-user/environment/lab4_model_training/venv/lib64/python3.12/site-packages/airflow/example_dags/example_time_delta_sensor_async.py
[2026-05-04T01:08:02.988+0000] {processor.py:914} INFO - Processing file /home/ec2-user/environment/lab4_model_training/venv/lib64/python3.12/site-packages/airflow/example_dags/example_time_delta_sensor_async.py for tasks to queue
[2026-05-04T01:08:02.989+0000] {logging_mixin.py:190} INFO - [2026-05-04T01:08:02.989+0000] {dagbag.py:588} INFO - Filling up the DagBag from /home/ec2-user/environment/lab4_model_training/venv/lib64/python3.12/site-packages/airflow/example_dags/example_time_delta_sensor_async.py
[2026-05-04T01:08:02.995+0000] {processor.py:925} INFO - DAG(s) 'example_time_delta_sensor_async' retrieved from /home/ec2-user/environment/lab4_model_training/venv/lib64/python3.12/site-packages/airflow/example_dags/example_time_delta_sensor_async.py
[2026-05-04T01:08:03.006+0000] {logging_mixin.py:190} INFO - [2026-05-04T01:08:03.006+0000] {dag.py:3239} INFO - Sync 1 DAGs
[2026-05-04T01:08:03.016+0000] {logging_mixin.py:190} INFO - [2026-05-04T01:08:03.016+0000] {dag.py:4180} INFO - Setting next_dagrun for example_time_delta_sensor_async to None, run_after=None
[2026-05-04T01:08:03.033+0000] {processor.py:208} INFO - Processing /home/ec2-user/environment/lab4_model_training/venv/lib64/python3.12/site-packages/airflow/example_dags/example_time_delta_sensor_async.py took 0.050 seconds
[2026-05-04T01:09:09.332+0000] {processor.py:186} INFO - Started process (PID=24421) to work on /home/ec2-user/environment/lab4_model_training/venv/lib64/python3.12/site-packages/airflow/example_dags/example_time_delta_sensor_async.py
[2026-05-04T01:09:09.333+0000] {processor.py:914} INFO - Processing file /home/ec2-user/environment/lab4_model_training/venv/lib64/python3.12/site-packages/airflow/example_dags/example_time_delta_sensor_async.py for tasks to queue
[2026-05-04T01:09:09.335+0000] {logging_mixin.py:190} INFO - [2026-05-04T01:09:09.335+0000] {dagbag.py:588} INFO - Filling up the DagBag from /home/ec2-user/environment/lab4_model_training/venv/lib64/python3.12/site-packages/airflow/example_dags/example_time_delta_sensor_async.py
[2026-05-04T01:09:09.341+0000] {processor.py:925} INFO - DAG(s) 'example_time_delta_sensor_async' retrieved from /home/ec2-user/environment/lab4_model_training/venv/lib64/python3.12/site-packages/airflow/example_dags/example_time_delta_sensor_async.py
[2026-05-04T01:09:09.352+0000] {logging_mixin.py:190} INFO - [2026-05-04T01:09:09.352+0000] {dag.py:3239} INFO - Sync 1 DAGs
[2026-05-04T01:09:09.362+0000] {logging_mixin.py:190} INFO - [2026-05-04T01:09:09.362+0000] {dag.py:4180} INFO - Setting next_dagrun for example_time_delta_sensor_async to None, run_after=None
[2026-05-04T01:09:09.378+0000] {processor.py:208} INFO - Processing /home/ec2-user/environment/lab4_model_training/venv/lib64/python3.12/site-packages/airflow/example_dags/example_time_delta_sensor_async.py took 0.050 seconds
[2026-05-04T01:10:19.459+0000] {processor.py:186} INFO - Started process (PID=25055) to work on /home/ec2-user/environment/lab4_model_training/venv/lib64/python3.12/site-packages/airflow/example_dags/example_time_delta_sensor_async.py
[2026-05-04T01:10:19.460+0000] {processor.py:914} INFO - Processing file /home/ec2-user/environment/lab4_model_training/venv/lib64/python3.12/site-packages/airflow/example_dags/example_time_delta_sensor_async.py for tasks to queue
[2026-05-04T01:10:19.462+0000] {logging_mixin.py:190} INFO - [2026-05-04T01:10:19.462+0000] {dagbag.py:588} INFO - Filling up the DagBag from /home/ec2-user/environment/lab4_model_training/venv/lib64/python3.12/site-packages/airflow/example_dags/example_time_delta_sensor_async.py
[2026-05-04T01:10:19.468+0000] {processor.py:925} INFO - DAG(s) 'example_time_delta_sensor_async' retrieved from /home/ec2-user/environment/lab4_model_training/venv/lib64/python3.12/site-packages/airflow/example_dags/example_time_delta_sensor_async.py
[2026-05-04T01:10:19.479+0000] {logging_mixin.py:190} INFO - [2026-05-04T01:10:19.479+0000] {dag.py:3239} INFO - Sync 1 DAGs
[2026-05-04T01:10:19.490+0000] {logging_mixin.py:190} INFO - [2026-05-04T01:10:19.489+0000] {dag.py:4180} INFO - Setting next_dagrun for example_time_delta_sensor_async to None, run_after=None
[2026-05-04T01:10:19.507+0000] {processor.py:208} INFO - Processing /home/ec2-user/environment/lab4_model_training/venv/lib64/python3.12/site-packages/airflow/example_dags/example_time_delta_sensor_async.py took 0.053 seconds
[2026-05-04T01:11:29.567+0000] {processor.py:186} INFO - Started process (PID=25610) to work on /home/ec2-user/environment/lab4_model_training/venv/lib64/python3.12/site-packages/airflow/example_dags/example_time_delta_sensor_async.py
[2026-05-04T01:11:29.568+0000] {processor.py:914} INFO - Processing file /home/ec2-user/environment/lab4_model_training/venv/lib64/python3.12/site-packages/airflow/example_dags/example_time_delta_sensor_async.py for tasks to queue
[2026-05-04T01:11:29.570+0000] {logging_mixin.py:190} INFO - [2026-05-04T01:11:29.570+0000] {dagbag.py:588} INFO - Filling up the DagBag from /home/ec2-user/environment/lab4_model_training/venv/lib64/python3.12/site-packages/airflow/example_dags/example_time_delta_sensor_async.py
[2026-05-04T01:11:29.578+0000] {processor.py:925} INFO - DAG(s) 'example_time_delta_sensor_async' retrieved from /home/ec2-user/environment/lab4_model_training/venv/lib64/python3.12/site-packages/airflow/example_dags/example_time_delta_sensor_async.py
[2026-05-04T01:11:29.594+0000] {logging_mixin.py:190} INFO - [2026-05-04T01:11:29.593+0000] {dag.py:3239} INFO - Sync 1 DAGs
[2026-05-04T01:11:29.607+0000] {logging_mixin.py:190} INFO - [2026-05-04T01:11:29.607+0000] {dag.py:4180} INFO - Setting next_dagrun for example_time_delta_sensor_async to None, run_after=None
[2026-05-04T01:11:29.629+0000] {processor.py:208} INFO - Processing /home/ec2-user/environment/lab4_model_training/venv/lib64/python3.12/site-packages/airflow/example_dags/example_time_delta_sensor_async.py took 0.067 seconds
[2026-05-04T01:12:39.690+0000] {processor.py:186} INFO - Started process (PID=26134) to work on /home/ec2-user/environment/lab4_model_training/venv/lib64/python3.12/site-packages/airflow/example_dags/example_time_delta_sensor_async.py
[2026-05-04T01:12:39.691+0000] {processor.py:914} INFO - Processing file /home/ec2-user/environment/lab4_model_training/venv/lib64/python3.12/site-packages/airflow/example_dags/example_time_delta_sensor_async.py for tasks to queue
[2026-05-04T01:12:39.693+0000] {logging_mixin.py:190} INFO - [2026-05-04T01:12:39.693+0000] {dagbag.py:588} INFO - Filling up the DagBag from /home/ec2-user/environment/lab4_model_training/venv/lib64/python3.12/site-packages/airflow/example_dags/example_time_delta_sensor_async.py
[2026-05-04T01:12:39.699+0000] {processor.py:925} INFO - DAG(s) 'example_time_delta_sensor_async' retrieved from /home/ec2-user/environment/lab4_model_training/venv/lib64/python3.12/site-packages/airflow/example_dags/example_time_delta_sensor_async.py
[2026-05-04T01:12:39.711+0000] {logging_mixin.py:190} INFO - [2026-05-04T01:12:39.710+0000] {dag.py:3239} INFO - Sync 1 DAGs
[2026-05-04T01:12:39.721+0000] {logging_mixin.py:190} INFO - [2026-05-04T01:12:39.721+0000] {dag.py:4180} INFO - Setting next_dagrun for example_time_delta_sensor_async to None, run_after=None
[2026-05-04T01:12:39.738+0000] {processor.py:208} INFO - Processing /home/ec2-user/environment/lab4_model_training/venv/lib64/python3.12/site-packages/airflow/example_dags/example_time_delta_sensor_async.py took 0.052 seconds
[2026-05-04T01:13:51.795+0000] {processor.py:186} INFO - Started process (PID=26636) to work on /home/ec2-user/environment/lab4_model_training/venv/lib64/python3.12/site-packages/airflow/example_dags/example_time_delta_sensor_async.py
[2026-05-04T01:13:51.797+0000] {processor.py:914} INFO - Processing file /home/ec2-user/environment/lab4_model_training/venv/lib64/python3.12/site-packages/airflow/example_dags/example_time_delta_sensor_async.py for tasks to queue
[2026-05-04T01:13:51.798+0000] {logging_mixin.py:190} INFO - [2026-05-04T01:13:51.798+0000] {dagbag.py:588} INFO - Filling up the DagBag from /home/ec2-user/environment/lab4_model_training/venv/lib64/python3.12/site-packages/airflow/example_dags/example_time_delta_sensor_async.py
[2026-05-04T01:13:51.804+0000] {processor.py:925} INFO - DAG(s) 'example_time_delta_sensor_async' retrieved from /home/ec2-user/environment/lab4_model_training/venv/lib64/python3.12/site-packages/airflow/example_dags/example_time_delta_sensor_async.py
[2026-05-04T01:13:51.817+0000] {logging_mixin.py:190} INFO - [2026-05-04T01:13:51.817+0000] {dag.py:3239} INFO - Sync 1 DAGs
[2026-05-04T01:13:51.827+0000] {logging_mixin.py:190} INFO - [2026-05-04T01:13:51.827+0000] {dag.py:4180} INFO - Setting next_dagrun for example_time_delta_sensor_async to None, run_after=None
[2026-05-04T01:13:51.846+0000] {processor.py:208} INFO - Processing /home/ec2-user/environment/lab4_model_training/venv/lib64/python3.12/site-packages/airflow/example_dags/example_time_delta_sensor_async.py took 0.055 seconds
[2026-05-04T01:15:03.985+0000] {processor.py:186} INFO - Started process (PID=27179) to work on /home/ec2-user/environment/lab4_model_training/venv/lib64/python3.12/site-packages/airflow/example_dags/example_time_delta_sensor_async.py
[2026-05-04T01:15:03.986+0000] {processor.py:914} INFO - Processing file /home/ec2-user/environment/lab4_model_training/venv/lib64/python3.12/site-packages/airflow/example_dags/example_time_delta_sensor_async.py for tasks to queue
[2026-05-04T01:15:03.988+0000] {logging_mixin.py:190} INFO - [2026-05-04T01:15:03.988+0000] {dagbag.py:588} INFO - Filling up the DagBag from /home/ec2-user/environment/lab4_model_training/venv/lib64/python3.12/site-packages/airflow/example_dags/example_time_delta_sensor_async.py
[2026-05-04T01:15:03.994+0000] {processor.py:925} INFO - DAG(s) 'example_time_delta_sensor_async' retrieved from /home/ec2-user/environment/lab4_model_training/venv/lib64/python3.12/site-packages/airflow/example_dags/example_time_delta_sensor_async.py
[2026-05-04T01:15:04.006+0000] {logging_mixin.py:190} INFO - [2026-05-04T01:15:04.006+0000] {dag.py:3239} INFO - Sync 1 DAGs
[2026-05-04T01:15:04.121+0000] {logging_mixin.py:190} INFO - [2026-05-04T01:15:04.121+0000] {dag.py:4180} INFO - Setting next_dagrun for example_time_delta_sensor_async to None, run_after=None
[2026-05-04T01:15:04.137+0000] {processor.py:208} INFO - Processing /home/ec2-user/environment/lab4_model_training/venv/lib64/python3.12/site-packages/airflow/example_dags/example_time_delta_sensor_async.py took 0.156 seconds
[2026-05-04T01:16:12.181+0000] {processor.py:186} INFO - Started process (PID=27671) to work on /home/ec2-user/environment/lab4_model_training/venv/lib64/python3.12/site-packages/airflow/example_dags/example_time_delta_sensor_async.py
[2026-05-04T01:16:12.182+0000] {processor.py:914} INFO - Processing file /home/ec2-user/environment/lab4_model_training/venv/lib64/python3.12/site-packages/airflow/example_dags/example_time_delta_sensor_async.py for tasks to queue
[2026-05-04T01:16:12.184+0000] {logging_mixin.py:190} INFO - [2026-05-04T01:16:12.184+0000] {dagbag.py:588} INFO - Filling up the DagBag from /home/ec2-user/environment/lab4_model_training/venv/lib64/python3.12/site-packages/airflow/example_dags/example_time_delta_sensor_async.py
[2026-05-04T01:16:12.190+0000] {processor.py:925} INFO - DAG(s) 'example_time_delta_sensor_async' retrieved from /home/ec2-user/environment/lab4_model_training/venv/lib64/python3.12/site-packages/airflow/example_dags/example_time_delta_sensor_async.py
[2026-05-04T01:16:12.202+0000] {logging_mixin.py:190} INFO - [2026-05-04T01:16:12.202+0000] {dag.py:3239} INFO - Sync 1 DAGs
[2026-05-04T01:16:12.214+0000] {logging_mixin.py:190} INFO - [2026-05-04T01:16:12.214+0000] {dag.py:4180} INFO - Setting next_dagrun for example_time_delta_sensor_async to None, run_after=None
[2026-05-04T01:16:12.232+0000] {processor.py:208} INFO - Processing /home/ec2-user/environment/lab4_model_training/venv/lib64/python3.12/site-packages/airflow/example_dags/example_time_delta_sensor_async.py took 0.055 seconds
[2026-05-04T01:17:12.971+0000] {processor.py:186} INFO - Started process (PID=28156) to work on /home/ec2-user/environment/lab4_model_training/venv/lib64/python3.12/site-packages/airflow/example_dags/example_time_delta_sensor_async.py
[2026-05-04T01:17:12.972+0000] {processor.py:914} INFO - Processing file /home/ec2-user/environment/lab4_model_training/venv/lib64/python3.12/site-packages/airflow/example_dags/example_time_delta_sensor_async.py for tasks to queue
[2026-05-04T01:17:12.974+0000] {logging_mixin.py:190} INFO - [2026-05-04T01:17:12.974+0000] {dagbag.py:588} INFO - Filling up the DagBag from /home/ec2-user/environment/lab4_model_training/venv/lib64/python3.12/site-packages/airflow/example_dags/example_time_delta_sensor_async.py
[2026-05-04T01:17:12.980+0000] {processor.py:925} INFO - DAG(s) 'example_time_delta_sensor_async' retrieved from /home/ec2-user/environment/lab4_model_training/venv/lib64/python3.12/site-packages/airflow/example_dags/example_time_delta_sensor_async.py
[2026-05-04T01:17:12.993+0000] {logging_mixin.py:190} INFO - [2026-05-04T01:17:12.993+0000] {dag.py:3239} INFO - Sync 1 DAGs
[2026-05-04T01:17:13.004+0000] {logging_mixin.py:190} INFO - [2026-05-04T01:17:13.003+0000] {dag.py:4180} INFO - Setting next_dagrun for example_time_delta_sensor_async to None, run_after=None
[2026-05-04T01:17:13.024+0000] {processor.py:208} INFO - Processing /home/ec2-user/environment/lab4_model_training/venv/lib64/python3.12/site-packages/airflow/example_dags/example_time_delta_sensor_async.py took 0.058 seconds
[2026-05-04T01:18:22.072+0000] {processor.py:186} INFO - Started process (PID=28699) to work on /home/ec2-user/environment/lab4_model_training/venv/lib64/python3.12/site-packages/airflow/example_dags/example_time_delta_sensor_async.py
[2026-05-04T01:18:22.074+0000] {processor.py:914} INFO - Processing file /home/ec2-user/environment/lab4_model_training/venv/lib64/python3.12/site-packages/airflow/example_dags/example_time_delta_sensor_async.py for tasks to queue
[2026-05-04T01:18:22.075+0000] {logging_mixin.py:190} INFO - [2026-05-04T01:18:22.075+0000] {dagbag.py:588} INFO - Filling up the DagBag from /home/ec2-user/environment/lab4_model_training/venv/lib64/python3.12/site-packages/airflow/example_dags/example_time_delta_sensor_async.py
[2026-05-04T01:18:22.083+0000] {processor.py:925} INFO - DAG(s) 'example_time_delta_sensor_async' retrieved from /home/ec2-user/environment/lab4_model_training/venv/lib64/python3.12/site-packages/airflow/example_dags/example_time_delta_sensor_async.py
[2026-05-04T01:18:22.099+0000] {logging_mixin.py:190} INFO - [2026-05-04T01:18:22.099+0000] {dag.py:3239} INFO - Sync 1 DAGs
[2026-05-04T01:18:22.114+0000] {logging_mixin.py:190} INFO - [2026-05-04T01:18:22.113+0000] {dag.py:4180} INFO - Setting next_dagrun for example_time_delta_sensor_async to None, run_after=None
[2026-05-04T01:18:22.134+0000] {processor.py:208} INFO - Processing /home/ec2-user/environment/lab4_model_training/venv/lib64/python3.12/site-packages/airflow/example_dags/example_time_delta_sensor_async.py took 0.066 seconds
[2026-05-04T01:19:28.056+0000] {processor.py:186} INFO - Started process (PID=29241) to work on /home/ec2-user/environment/lab4_model_training/venv/lib64/python3.12/site-packages/airflow/example_dags/example_time_delta_sensor_async.py
[2026-05-04T01:19:28.057+0000] {processor.py:914} INFO - Processing file /home/ec2-user/environment/lab4_model_training/venv/lib64/python3.12/site-packages/airflow/example_dags/example_time_delta_sensor_async.py for tasks to queue
[2026-05-04T01:19:28.059+0000] {logging_mixin.py:190} INFO - [2026-05-04T01:19:28.059+0000] {dagbag.py:588} INFO - Filling up the DagBag from /home/ec2-user/environment/lab4_model_training/venv/lib64/python3.12/site-packages/airflow/example_dags/example_time_delta_sensor_async.py
[2026-05-04T01:19:28.066+0000] {processor.py:925} INFO - DAG(s) 'example_time_delta_sensor_async' retrieved from /home/ec2-user/environment/lab4_model_training/venv/lib64/python3.12/site-packages/airflow/example_dags/example_time_delta_sensor_async.py
[2026-05-04T01:19:28.078+0000] {logging_mixin.py:190} INFO - [2026-05-04T01:19:28.078+0000] {dag.py:3239} INFO - Sync 1 DAGs
[2026-05-04T01:19:28.088+0000] {logging_mixin.py:190} INFO - [2026-05-04T01:19:28.088+0000] {dag.py:4180} INFO - Setting next_dagrun for example_time_delta_sensor_async to None, run_after=None
[2026-05-04T01:19:28.106+0000] {processor.py:208} INFO - Processing /home/ec2-user/environment/lab4_model_training/venv/lib64/python3.12/site-packages/airflow/example_dags/example_time_delta_sensor_async.py took 0.055 seconds
[2026-05-04T01:20:35.421+0000] {processor.py:186} INFO - Started process (PID=29813) to work on /home/ec2-user/environment/lab4_model_training/venv/lib64/python3.12/site-packages/airflow/example_dags/example_time_delta_sensor_async.py
[2026-05-04T01:20:35.422+0000] {processor.py:914} INFO - Processing file /home/ec2-user/environment/lab4_model_training/venv/lib64/python3.12/site-packages/airflow/example_dags/example_time_delta_sensor_async.py for tasks to queue
[2026-05-04T01:20:35.424+0000] {logging_mixin.py:190} INFO - [2026-05-04T01:20:35.424+0000] {dagbag.py:588} INFO - Filling up the DagBag from /home/ec2-user/environment/lab4_model_training/venv/lib64/python3.12/site-packages/airflow/example_dags/example_time_delta_sensor_async.py
[2026-05-04T01:20:35.430+0000] {processor.py:925} INFO - DAG(s) 'example_time_delta_sensor_async' retrieved from /home/ec2-user/environment/lab4_model_training/venv/lib64/python3.12/site-packages/airflow/example_dags/example_time_delta_sensor_async.py
[2026-05-04T01:20:35.443+0000] {logging_mixin.py:190} INFO - [2026-05-04T01:20:35.442+0000] {dag.py:3239} INFO - Sync 1 DAGs
[2026-05-04T01:20:35.453+0000] {logging_mixin.py:190} INFO - [2026-05-04T01:20:35.452+0000] {dag.py:4180} INFO - Setting next_dagrun for example_time_delta_sensor_async to None, run_after=None
[2026-05-04T01:20:35.471+0000] {processor.py:208} INFO - Processing /home/ec2-user/environment/lab4_model_training/venv/lib64/python3.12/site-packages/airflow/example_dags/example_time_delta_sensor_async.py took 0.055 seconds
[2026-05-04T01:21:36.277+0000] {processor.py:186} INFO - Started process (PID=30270) to work on /home/ec2-user/environment/lab4_model_training/venv/lib64/python3.12/site-packages/airflow/example_dags/example_time_delta_sensor_async.py
[2026-05-04T01:21:36.279+0000] {processor.py:914} INFO - Processing file /home/ec2-user/environment/lab4_model_training/venv/lib64/python3.12/site-packages/airflow/example_dags/example_time_delta_sensor_async.py for tasks to queue
[2026-05-04T01:21:36.280+0000] {logging_mixin.py:190} INFO - [2026-05-04T01:21:36.280+0000] {dagbag.py:588} INFO - Filling up the DagBag from /home/ec2-user/environment/lab4_model_training/venv/lib64/python3.12/site-packages/airflow/example_dags/example_time_delta_sensor_async.py
[2026-05-04T01:21:36.286+0000] {processor.py:925} INFO - DAG(s) 'example_time_delta_sensor_async' retrieved from /home/ec2-user/environment/lab4_model_training/venv/lib64/python3.12/site-packages/airflow/example_dags/example_time_delta_sensor_async.py
[2026-05-04T01:21:36.298+0000] {logging_mixin.py:190} INFO - [2026-05-04T01:21:36.298+0000] {dag.py:3239} INFO - Sync 1 DAGs
[2026-05-04T01:21:36.312+0000] {logging_mixin.py:190} INFO - [2026-05-04T01:21:36.312+0000] {dag.py:4180} INFO - Setting next_dagrun for example_time_delta_sensor_async to None, run_after=None
[2026-05-04T01:21:36.343+0000] {processor.py:208} INFO - Processing /home/ec2-user/environment/lab4_model_training/venv/lib64/python3.12/site-packages/airflow/example_dags/example_time_delta_sensor_async.py took 0.070 seconds
[2026-05-04T01:22:43.205+0000] {processor.py:186} INFO - Started process (PID=30565) to work on /home/ec2-user/environment/lab4_model_training/venv/lib64/python3.12/site-packages/airflow/example_dags/example_time_delta_sensor_async.py
[2026-05-04T01:22:43.206+0000] {processor.py:914} INFO - Processing file /home/ec2-user/environment/lab4_model_training/venv/lib64/python3.12/site-packages/airflow/example_dags/example_time_delta_sensor_async.py for tasks to queue
[2026-05-04T01:22:43.208+0000] {logging_mixin.py:190} INFO - [2026-05-04T01:22:43.208+0000] {dagbag.py:588} INFO - Filling up the DagBag from /home/ec2-user/environment/lab4_model_training/venv/lib64/python3.12/site-packages/airflow/example_dags/example_time_delta_sensor_async.py
[2026-05-04T01:22:43.216+0000] {processor.py:925} INFO - DAG(s) 'example_time_delta_sensor_async' retrieved from /home/ec2-user/environment/lab4_model_training/venv/lib64/python3.12/site-packages/airflow/example_dags/example_time_delta_sensor_async.py
[2026-05-04T01:22:43.231+0000] {logging_mixin.py:190} INFO - [2026-05-04T01:22:43.231+0000] {dag.py:3239} INFO - Sync 1 DAGs
[2026-05-04T01:22:43.245+0000] {logging_mixin.py:190} INFO - [2026-05-04T01:22:43.245+0000] {dag.py:4180} INFO - Setting next_dagrun for example_time_delta_sensor_async to None, run_after=None
[2026-05-04T01:22:43.265+0000] {processor.py:208} INFO - Processing /home/ec2-user/environment/lab4_model_training/venv/lib64/python3.12/site-packages/airflow/example_dags/example_time_delta_sensor_async.py took 0.065 seconds
[2026-05-04T01:23:46.033+0000] {processor.py:186} INFO - Started process (PID=30706) to work on /home/ec2-user/environment/lab4_model_training/venv/lib64/python3.12/site-packages/airflow/example_dags/example_time_delta_sensor_async.py
[2026-05-04T01:23:46.034+0000] {processor.py:914} INFO - Processing file /home/ec2-user/environment/lab4_model_training/venv/lib64/python3.12/site-packages/airflow/example_dags/example_time_delta_sensor_async.py for tasks to queue
[2026-05-04T01:23:46.036+0000] {logging_mixin.py:190} INFO - [2026-05-04T01:23:46.036+0000] {dagbag.py:588} INFO - Filling up the DagBag from /home/ec2-user/environment/lab4_model_training/venv/lib64/python3.12/site-packages/airflow/example_dags/example_time_delta_sensor_async.py
[2026-05-04T01:23:46.042+0000] {processor.py:925} INFO - DAG(s) 'example_time_delta_sensor_async' retrieved from /home/ec2-user/environment/lab4_model_training/venv/lib64/python3.12/site-packages/airflow/example_dags/example_time_delta_sensor_async.py
[2026-05-04T01:23:46.054+0000] {logging_mixin.py:190} INFO - [2026-05-04T01:23:46.054+0000] {dag.py:3239} INFO - Sync 1 DAGs
[2026-05-04T01:23:46.064+0000] {logging_mixin.py:190} INFO - [2026-05-04T01:23:46.064+0000] {dag.py:4180} INFO - Setting next_dagrun for example_time_delta_sensor_async to None, run_after=None
[2026-05-04T01:23:46.081+0000] {processor.py:208} INFO - Processing /home/ec2-user/environment/lab4_model_training/venv/lib64/python3.12/site-packages/airflow/example_dags/example_time_delta_sensor_async.py took 0.053 seconds
