[2026-05-04T00:20:11.314+0000] {processor.py:186} INFO - Started process (PID=12680) to work on /home/ec2-user/environment/lab4_model_training/venv/lib64/python3.12/site-packages/airflow/example_dags/example_branch_operator.py
[2026-05-04T00:20:11.314+0000] {processor.py:914} INFO - Processing file /home/ec2-user/environment/lab4_model_training/venv/lib64/python3.12/site-packages/airflow/example_dags/example_branch_operator.py for tasks to queue
[2026-05-04T00:20:11.316+0000] {logging_mixin.py:190} INFO - [2026-05-04T00:20:11.316+0000] {dagbag.py:588} INFO - Filling up the DagBag from /home/ec2-user/environment/lab4_model_training/venv/lib64/python3.12/site-packages/airflow/example_dags/example_branch_operator.py
[2026-05-04T00:20:11.318+0000] {processor.py:927} WARNING - No viable dags retrieved from /home/ec2-user/environment/lab4_model_training/venv/lib64/python3.12/site-packages/airflow/example_dags/example_branch_operator.py
[2026-05-04T00:20:11.326+0000] {processor.py:208} INFO - Processing /home/ec2-user/environment/lab4_model_training/venv/lib64/python3.12/site-packages/airflow/example_dags/example_branch_operator.py took 0.017 seconds
[2026-05-04T00:21:14.998+0000] {processor.py:186} INFO - Started process (PID=13099) to work on /home/ec2-user/environment/lab4_model_training/venv/lib64/python3.12/site-packages/airflow/example_dags/example_branch_operator.py
[2026-05-04T00:21:14.999+0000] {processor.py:914} INFO - Processing file /home/ec2-user/environment/lab4_model_training/venv/lib64/python3.12/site-packages/airflow/example_dags/example_branch_operator.py for tasks to queue
[2026-05-04T00:21:15.001+0000] {logging_mixin.py:190} INFO - [2026-05-04T00:21:15.001+0000] {dagbag.py:588} INFO - Filling up the DagBag from /home/ec2-user/environment/lab4_model_training/venv/lib64/python3.12/site-packages/airflow/example_dags/example_branch_operator.py
[2026-05-04T00:21:15.004+0000] {processor.py:927} WARNING - No viable dags retrieved from /home/ec2-user/environment/lab4_model_training/venv/lib64/python3.12/site-packages/airflow/example_dags/example_branch_operator.py
[2026-05-04T00:21:15.015+0000] {processor.py:208} INFO - Processing /home/ec2-user/environment/lab4_model_training/venv/lib64/python3.12/site-packages/airflow/example_dags/example_branch_operator.py took 0.021 seconds
[2026-05-04T00:22:45.284+0000] {processor.py:186} INFO - Started process (PID=13793) to work on /home/ec2-user/environment/lab4_model_training/venv/lib64/python3.12/site-packages/airflow/example_dags/example_branch_operator.py
[2026-05-04T00:22:45.285+0000] {processor.py:914} INFO - Processing file /home/ec2-user/environment/lab4_model_training/venv/lib64/python3.12/site-packages/airflow/example_dags/example_branch_operator.py for tasks to queue
[2026-05-04T00:22:45.287+0000] {logging_mixin.py:190} INFO - [2026-05-04T00:22:45.287+0000] {dagbag.py:588} INFO - Filling up the DagBag from /home/ec2-user/environment/lab4_model_training/venv/lib64/python3.12/site-packages/airflow/example_dags/example_branch_operator.py
[2026-05-04T00:22:45.290+0000] {processor.py:927} WARNING - No viable dags retrieved from /home/ec2-user/environment/lab4_model_training/venv/lib64/python3.12/site-packages/airflow/example_dags/example_branch_operator.py
[2026-05-04T00:22:45.299+0000] {processor.py:208} INFO - Processing /home/ec2-user/environment/lab4_model_training/venv/lib64/python3.12/site-packages/airflow/example_dags/example_branch_operator.py took 0.020 seconds
[2026-05-04T00:23:26.353+0000] {processor.py:186} INFO - Started process (PID=14159) to work on /home/ec2-user/environment/lab4_model_training/venv/lib64/python3.12/site-packages/airflow/example_dags/example_branch_operator.py
[2026-05-04T00:23:26.355+0000] {processor.py:914} INFO - Processing file /home/ec2-user/environment/lab4_model_training/venv/lib64/python3.12/site-packages/airflow/example_dags/example_branch_operator.py for tasks to queue
[2026-05-04T00:23:26.356+0000] {logging_mixin.py:190} INFO - [2026-05-04T00:23:26.356+0000] {dagbag.py:588} INFO - Filling up the DagBag from /home/ec2-user/environment/lab4_model_training/venv/lib64/python3.12/site-packages/airflow/example_dags/example_branch_operator.py
[2026-05-04T00:23:26.358+0000] {processor.py:927} WARNING - No viable dags retrieved from /home/ec2-user/environment/lab4_model_training/venv/lib64/python3.12/site-packages/airflow/example_dags/example_branch_operator.py
[2026-05-04T00:23:26.366+0000] {processor.py:208} INFO - Processing /home/ec2-user/environment/lab4_model_training/venv/lib64/python3.12/site-packages/airflow/example_dags/example_branch_operator.py took 0.018 seconds
[2026-05-04T00:24:33.800+0000] {processor.py:186} INFO - Started process (PID=15029) to work on /home/ec2-user/environment/lab4_model_training/venv/lib64/python3.12/site-packages/airflow/example_dags/example_branch_operator.py
[2026-05-04T00:24:33.801+0000] {processor.py:914} INFO - Processing file /home/ec2-user/environment/lab4_model_training/venv/lib64/python3.12/site-packages/airflow/example_dags/example_branch_operator.py for tasks to queue
[2026-05-04T00:24:33.803+0000] {logging_mixin.py:190} INFO - [2026-05-04T00:24:33.803+0000] {dagbag.py:588} INFO - Filling up the DagBag from /home/ec2-user/environment/lab4_model_training/venv/lib64/python3.12/site-packages/airflow/example_dags/example_branch_operator.py
[2026-05-04T00:24:33.806+0000] {processor.py:927} WARNING - No viable dags retrieved from /home/ec2-user/environment/lab4_model_training/venv/lib64/python3.12/site-packages/airflow/example_dags/example_branch_operator.py
[2026-05-04T00:24:33.814+0000] {processor.py:208} INFO - Processing /home/ec2-user/environment/lab4_model_training/venv/lib64/python3.12/site-packages/airflow/example_dags/example_branch_operator.py took 0.018 seconds
[2026-05-04T00:25:40.234+0000] {processor.py:186} INFO - Started process (PID=15504) to work on /home/ec2-user/environment/lab4_model_training/venv/lib64/python3.12/site-packages/airflow/example_dags/example_branch_operator.py
[2026-05-04T00:25:40.235+0000] {processor.py:914} INFO - Processing file /home/ec2-user/environment/lab4_model_training/venv/lib64/python3.12/site-packages/airflow/example_dags/example_branch_operator.py for tasks to queue
[2026-05-04T00:25:40.237+0000] {logging_mixin.py:190} INFO - [2026-05-04T00:25:40.237+0000] {dagbag.py:588} INFO - Filling up the DagBag from /home/ec2-user/environment/lab4_model_training/venv/lib64/python3.12/site-packages/airflow/example_dags/example_branch_operator.py
[2026-05-04T00:25:40.240+0000] {processor.py:927} WARNING - No viable dags retrieved from /home/ec2-user/environment/lab4_model_training/venv/lib64/python3.12/site-packages/airflow/example_dags/example_branch_operator.py
[2026-05-04T00:25:40.250+0000] {processor.py:208} INFO - Processing /home/ec2-user/environment/lab4_model_training/venv/lib64/python3.12/site-packages/airflow/example_dags/example_branch_operator.py took 0.021 seconds
[2026-05-04T00:26:46.069+0000] {processor.py:186} INFO - Started process (PID=15953) to work on /home/ec2-user/environment/lab4_model_training/venv/lib64/python3.12/site-packages/airflow/example_dags/example_branch_operator.py
[2026-05-04T00:26:46.071+0000] {processor.py:914} INFO - Processing file /home/ec2-user/environment/lab4_model_training/venv/lib64/python3.12/site-packages/airflow/example_dags/example_branch_operator.py for tasks to queue
[2026-05-04T00:26:46.073+0000] {logging_mixin.py:190} INFO - [2026-05-04T00:26:46.072+0000] {dagbag.py:588} INFO - Filling up the DagBag from /home/ec2-user/environment/lab4_model_training/venv/lib64/python3.12/site-packages/airflow/example_dags/example_branch_operator.py
[2026-05-04T00:26:46.075+0000] {processor.py:927} WARNING - No viable dags retrieved from /home/ec2-user/environment/lab4_model_training/venv/lib64/python3.12/site-packages/airflow/example_dags/example_branch_operator.py
[2026-05-04T00:26:46.086+0000] {processor.py:208} INFO - Processing /home/ec2-user/environment/lab4_model_training/venv/lib64/python3.12/site-packages/airflow/example_dags/example_branch_operator.py took 0.021 seconds
[2026-05-04T00:27:52.886+0000] {processor.py:186} INFO - Started process (PID=16428) to work on /home/ec2-user/environment/lab4_model_training/venv/lib64/python3.12/site-packages/airflow/example_dags/example_branch_operator.py
[2026-05-04T00:27:52.887+0000] {processor.py:914} INFO - Processing file /home/ec2-user/environment/lab4_model_training/venv/lib64/python3.12/site-packages/airflow/example_dags/example_branch_operator.py for tasks to queue
[2026-05-04T00:27:52.889+0000] {logging_mixin.py:190} INFO - [2026-05-04T00:27:52.888+0000] {dagbag.py:588} INFO - Filling up the DagBag from /home/ec2-user/environment/lab4_model_training/venv/lib64/python3.12/site-packages/airflow/example_dags/example_branch_operator.py
[2026-05-04T00:27:52.891+0000] {processor.py:927} WARNING - No viable dags retrieved from /home/ec2-user/environment/lab4_model_training/venv/lib64/python3.12/site-packages/airflow/example_dags/example_branch_operator.py
[2026-05-04T00:27:52.899+0000] {processor.py:208} INFO - Processing /home/ec2-user/environment/lab4_model_training/venv/lib64/python3.12/site-packages/airflow/example_dags/example_branch_operator.py took 0.018 seconds
[2026-05-04T00:28:56.390+0000] {processor.py:186} INFO - Started process (PID=16864) to work on /home/ec2-user/environment/lab4_model_training/venv/lib64/python3.12/site-packages/airflow/example_dags/example_branch_operator.py
[2026-05-04T00:28:56.392+0000] {processor.py:914} INFO - Processing file /home/ec2-user/environment/lab4_model_training/venv/lib64/python3.12/site-packages/airflow/example_dags/example_branch_operator.py for tasks to queue
[2026-05-04T00:28:56.393+0000] {logging_mixin.py:190} INFO - [2026-05-04T00:28:56.393+0000] {dagbag.py:588} INFO - Filling up the DagBag from /home/ec2-user/environment/lab4_model_training/venv/lib64/python3.12/site-packages/airflow/example_dags/example_branch_operator.py
[2026-05-04T00:28:56.396+0000] {processor.py:927} WARNING - No viable dags retrieved from /home/ec2-user/environment/lab4_model_training/venv/lib64/python3.12/site-packages/airflow/example_dags/example_branch_operator.py
[2026-05-04T00:28:56.404+0000] {processor.py:208} INFO - Processing /home/ec2-user/environment/lab4_model_training/venv/lib64/python3.12/site-packages/airflow/example_dags/example_branch_operator.py took 0.018 seconds
[2026-05-04T00:30:02.068+0000] {processor.py:186} INFO - Started process (PID=17410) to work on /home/ec2-user/environment/lab4_model_training/venv/lib64/python3.12/site-packages/airflow/example_dags/example_branch_operator.py
[2026-05-04T00:30:02.070+0000] {processor.py:914} INFO - Processing file /home/ec2-user/environment/lab4_model_training/venv/lib64/python3.12/site-packages/airflow/example_dags/example_branch_operator.py for tasks to queue
[2026-05-04T00:30:02.071+0000] {logging_mixin.py:190} INFO - [2026-05-04T00:30:02.071+0000] {dagbag.py:588} INFO - Filling up the DagBag from /home/ec2-user/environment/lab4_model_training/venv/lib64/python3.12/site-packages/airflow/example_dags/example_branch_operator.py
[2026-05-04T00:30:02.075+0000] {processor.py:927} WARNING - No viable dags retrieved from /home/ec2-user/environment/lab4_model_training/venv/lib64/python3.12/site-packages/airflow/example_dags/example_branch_operator.py
[2026-05-04T00:30:02.084+0000] {processor.py:208} INFO - Processing /home/ec2-user/environment/lab4_model_training/venv/lib64/python3.12/site-packages/airflow/example_dags/example_branch_operator.py took 0.021 seconds
[2026-05-04T00:31:02.742+0000] {processor.py:186} INFO - Started process (PID=17875) to work on /home/ec2-user/environment/lab4_model_training/venv/lib64/python3.12/site-packages/airflow/example_dags/example_branch_operator.py
[2026-05-04T00:31:02.744+0000] {processor.py:914} INFO - Processing file /home/ec2-user/environment/lab4_model_training/venv/lib64/python3.12/site-packages/airflow/example_dags/example_branch_operator.py for tasks to queue
[2026-05-04T00:31:02.746+0000] {logging_mixin.py:190} INFO - [2026-05-04T00:31:02.746+0000] {dagbag.py:588} INFO - Filling up the DagBag from /home/ec2-user/environment/lab4_model_training/venv/lib64/python3.12/site-packages/airflow/example_dags/example_branch_operator.py
[2026-05-04T00:31:02.751+0000] {processor.py:927} WARNING - No viable dags retrieved from /home/ec2-user/environment/lab4_model_training/venv/lib64/python3.12/site-packages/airflow/example_dags/example_branch_operator.py
[2026-05-04T00:31:02.762+0000] {processor.py:208} INFO - Processing /home/ec2-user/environment/lab4_model_training/venv/lib64/python3.12/site-packages/airflow/example_dags/example_branch_operator.py took 0.028 seconds
[2026-05-04T00:32:07.487+0000] {processor.py:186} INFO - Started process (PID=18296) to work on /home/ec2-user/environment/lab4_model_training/venv/lib64/python3.12/site-packages/airflow/example_dags/example_branch_operator.py
[2026-05-04T00:32:07.488+0000] {processor.py:914} INFO - Processing file /home/ec2-user/environment/lab4_model_training/venv/lib64/python3.12/site-packages/airflow/example_dags/example_branch_operator.py for tasks to queue
[2026-05-04T00:32:07.489+0000] {logging_mixin.py:190} INFO - [2026-05-04T00:32:07.489+0000] {dagbag.py:588} INFO - Filling up the DagBag from /home/ec2-user/environment/lab4_model_training/venv/lib64/python3.12/site-packages/airflow/example_dags/example_branch_operator.py
[2026-05-04T00:32:07.492+0000] {processor.py:927} WARNING - No viable dags retrieved from /home/ec2-user/environment/lab4_model_training/venv/lib64/python3.12/site-packages/airflow/example_dags/example_branch_operator.py
[2026-05-04T00:32:07.500+0000] {processor.py:208} INFO - Processing /home/ec2-user/environment/lab4_model_training/venv/lib64/python3.12/site-packages/airflow/example_dags/example_branch_operator.py took 0.017 seconds
[2026-05-04T00:33:15.468+0000] {processor.py:186} INFO - Started process (PID=18801) to work on /home/ec2-user/environment/lab4_model_training/venv/lib64/python3.12/site-packages/airflow/example_dags/example_branch_operator.py
[2026-05-04T00:33:15.469+0000] {processor.py:914} INFO - Processing file /home/ec2-user/environment/lab4_model_training/venv/lib64/python3.12/site-packages/airflow/example_dags/example_branch_operator.py for tasks to queue
[2026-05-04T00:33:15.471+0000] {logging_mixin.py:190} INFO - [2026-05-04T00:33:15.471+0000] {dagbag.py:588} INFO - Filling up the DagBag from /home/ec2-user/environment/lab4_model_training/venv/lib64/python3.12/site-packages/airflow/example_dags/example_branch_operator.py
[2026-05-04T00:33:15.473+0000] {processor.py:927} WARNING - No viable dags retrieved from /home/ec2-user/environment/lab4_model_training/venv/lib64/python3.12/site-packages/airflow/example_dags/example_branch_operator.py
[2026-05-04T00:33:15.482+0000] {processor.py:208} INFO - Processing /home/ec2-user/environment/lab4_model_training/venv/lib64/python3.12/site-packages/airflow/example_dags/example_branch_operator.py took 0.018 seconds
[2026-05-04T00:34:19.155+0000] {processor.py:186} INFO - Started process (PID=19216) to work on /home/ec2-user/environment/lab4_model_training/venv/lib64/python3.12/site-packages/airflow/example_dags/example_branch_operator.py
[2026-05-04T00:34:19.157+0000] {processor.py:914} INFO - Processing file /home/ec2-user/environment/lab4_model_training/venv/lib64/python3.12/site-packages/airflow/example_dags/example_branch_operator.py for tasks to queue
[2026-05-04T00:34:19.159+0000] {logging_mixin.py:190} INFO - [2026-05-04T00:34:19.158+0000] {dagbag.py:588} INFO - Filling up the DagBag from /home/ec2-user/environment/lab4_model_training/venv/lib64/python3.12/site-packages/airflow/example_dags/example_branch_operator.py
[2026-05-04T00:34:19.162+0000] {processor.py:927} WARNING - No viable dags retrieved from /home/ec2-user/environment/lab4_model_training/venv/lib64/python3.12/site-packages/airflow/example_dags/example_branch_operator.py
[2026-05-04T00:34:19.172+0000] {processor.py:208} INFO - Processing /home/ec2-user/environment/lab4_model_training/venv/lib64/python3.12/site-packages/airflow/example_dags/example_branch_operator.py took 0.021 seconds
[2026-05-04T00:35:20.584+0000] {processor.py:186} INFO - Started process (PID=19650) to work on /home/ec2-user/environment/lab4_model_training/venv/lib64/python3.12/site-packages/airflow/example_dags/example_branch_operator.py
[2026-05-04T00:35:20.586+0000] {processor.py:914} INFO - Processing file /home/ec2-user/environment/lab4_model_training/venv/lib64/python3.12/site-packages/airflow/example_dags/example_branch_operator.py for tasks to queue
[2026-05-04T00:35:20.588+0000] {logging_mixin.py:190} INFO - [2026-05-04T00:35:20.587+0000] {dagbag.py:588} INFO - Filling up the DagBag from /home/ec2-user/environment/lab4_model_training/venv/lib64/python3.12/site-packages/airflow/example_dags/example_branch_operator.py
[2026-05-04T00:35:20.591+0000] {processor.py:927} WARNING - No viable dags retrieved from /home/ec2-user/environment/lab4_model_training/venv/lib64/python3.12/site-packages/airflow/example_dags/example_branch_operator.py
[2026-05-04T00:35:20.601+0000] {processor.py:208} INFO - Processing /home/ec2-user/environment/lab4_model_training/venv/lib64/python3.12/site-packages/airflow/example_dags/example_branch_operator.py took 0.021 seconds
[2026-05-04T00:36:22.385+0000] {processor.py:186} INFO - Started process (PID=20055) to work on /home/ec2-user/environment/lab4_model_training/venv/lib64/python3.12/site-packages/airflow/example_dags/example_branch_operator.py
[2026-05-04T00:36:22.386+0000] {processor.py:914} INFO - Processing file /home/ec2-user/environment/lab4_model_training/venv/lib64/python3.12/site-packages/airflow/example_dags/example_branch_operator.py for tasks to queue
[2026-05-04T00:36:22.388+0000] {logging_mixin.py:190} INFO - [2026-05-04T00:36:22.387+0000] {dagbag.py:588} INFO - Filling up the DagBag from /home/ec2-user/environment/lab4_model_training/venv/lib64/python3.12/site-packages/airflow/example_dags/example_branch_operator.py
[2026-05-04T00:36:22.391+0000] {processor.py:927} WARNING - No viable dags retrieved from /home/ec2-user/environment/lab4_model_training/venv/lib64/python3.12/site-packages/airflow/example_dags/example_branch_operator.py
[2026-05-04T00:36:22.398+0000] {processor.py:208} INFO - Processing /home/ec2-user/environment/lab4_model_training/venv/lib64/python3.12/site-packages/airflow/example_dags/example_branch_operator.py took 0.018 seconds
[2026-05-04T00:37:27.035+0000] {processor.py:186} INFO - Started process (PID=20232) to work on /home/ec2-user/environment/lab4_model_training/venv/lib64/python3.12/site-packages/airflow/example_dags/example_branch_operator.py
[2026-05-04T00:37:27.037+0000] {processor.py:914} INFO - Processing file /home/ec2-user/environment/lab4_model_training/venv/lib64/python3.12/site-packages/airflow/example_dags/example_branch_operator.py for tasks to queue
[2026-05-04T00:37:27.038+0000] {logging_mixin.py:190} INFO - [2026-05-04T00:37:27.038+0000] {dagbag.py:588} INFO - Filling up the DagBag from /home/ec2-user/environment/lab4_model_training/venv/lib64/python3.12/site-packages/airflow/example_dags/example_branch_operator.py
[2026-05-04T00:37:27.041+0000] {processor.py:927} WARNING - No viable dags retrieved from /home/ec2-user/environment/lab4_model_training/venv/lib64/python3.12/site-packages/airflow/example_dags/example_branch_operator.py
[2026-05-04T00:37:27.049+0000] {processor.py:208} INFO - Processing /home/ec2-user/environment/lab4_model_training/venv/lib64/python3.12/site-packages/airflow/example_dags/example_branch_operator.py took 0.018 seconds
[2026-05-04T00:38:34.451+0000] {processor.py:186} INFO - Started process (PID=20401) to work on /home/ec2-user/environment/lab4_model_training/venv/lib64/python3.12/site-packages/airflow/example_dags/example_branch_operator.py
[2026-05-04T00:38:34.452+0000] {processor.py:914} INFO - Processing file /home/ec2-user/environment/lab4_model_training/venv/lib64/python3.12/site-packages/airflow/example_dags/example_branch_operator.py for tasks to queue
[2026-05-04T00:38:34.454+0000] {logging_mixin.py:190} INFO - [2026-05-04T00:38:34.453+0000] {dagbag.py:588} INFO - Filling up the DagBag from /home/ec2-user/environment/lab4_model_training/venv/lib64/python3.12/site-packages/airflow/example_dags/example_branch_operator.py
[2026-05-04T00:38:34.456+0000] {processor.py:927} WARNING - No viable dags retrieved from /home/ec2-user/environment/lab4_model_training/venv/lib64/python3.12/site-packages/airflow/example_dags/example_branch_operator.py
[2026-05-04T00:38:34.464+0000] {processor.py:208} INFO - Processing /home/ec2-user/environment/lab4_model_training/venv/lib64/python3.12/site-packages/airflow/example_dags/example_branch_operator.py took 0.018 seconds
[2026-05-04T00:39:37.401+0000] {processor.py:186} INFO - Started process (PID=20491) to work on /home/ec2-user/environment/lab4_model_training/venv/lib64/python3.12/site-packages/airflow/example_dags/example_branch_operator.py
[2026-05-04T00:39:37.402+0000] {processor.py:914} INFO - Processing file /home/ec2-user/environment/lab4_model_training/venv/lib64/python3.12/site-packages/airflow/example_dags/example_branch_operator.py for tasks to queue
[2026-05-04T00:39:37.403+0000] {logging_mixin.py:190} INFO - [2026-05-04T00:39:37.403+0000] {dagbag.py:588} INFO - Filling up the DagBag from /home/ec2-user/environment/lab4_model_training/venv/lib64/python3.12/site-packages/airflow/example_dags/example_branch_operator.py
[2026-05-04T00:39:37.405+0000] {processor.py:927} WARNING - No viable dags retrieved from /home/ec2-user/environment/lab4_model_training/venv/lib64/python3.12/site-packages/airflow/example_dags/example_branch_operator.py
[2026-05-04T00:39:37.413+0000] {processor.py:208} INFO - Processing /home/ec2-user/environment/lab4_model_training/venv/lib64/python3.12/site-packages/airflow/example_dags/example_branch_operator.py took 0.018 seconds
[2026-05-04T00:40:37.249+0000] {processor.py:186} INFO - Started process (PID=20630) to work on /home/ec2-user/environment/lab4_model_training/venv/lib64/python3.12/site-packages/airflow/example_dags/example_branch_operator.py
[2026-05-04T00:40:37.250+0000] {processor.py:914} INFO - Processing file /home/ec2-user/environment/lab4_model_training/venv/lib64/python3.12/site-packages/airflow/example_dags/example_branch_operator.py for tasks to queue
[2026-05-04T00:40:37.252+0000] {logging_mixin.py:190} INFO - [2026-05-04T00:40:37.251+0000] {dagbag.py:588} INFO - Filling up the DagBag from /home/ec2-user/environment/lab4_model_training/venv/lib64/python3.12/site-packages/airflow/example_dags/example_branch_operator.py
[2026-05-04T00:40:37.254+0000] {processor.py:927} WARNING - No viable dags retrieved from /home/ec2-user/environment/lab4_model_training/venv/lib64/python3.12/site-packages/airflow/example_dags/example_branch_operator.py
[2026-05-04T00:40:37.262+0000] {processor.py:208} INFO - Processing /home/ec2-user/environment/lab4_model_training/venv/lib64/python3.12/site-packages/airflow/example_dags/example_branch_operator.py took 0.018 seconds
[2026-05-04T00:41:42.288+0000] {processor.py:186} INFO - Started process (PID=20769) to work on /home/ec2-user/environment/lab4_model_training/venv/lib64/python3.12/site-packages/airflow/example_dags/example_branch_operator.py
[2026-05-04T00:41:42.289+0000] {processor.py:914} INFO - Processing file /home/ec2-user/environment/lab4_model_training/venv/lib64/python3.12/site-packages/airflow/example_dags/example_branch_operator.py for tasks to queue
[2026-05-04T00:41:42.291+0000] {logging_mixin.py:190} INFO - [2026-05-04T00:41:42.290+0000] {dagbag.py:588} INFO - Filling up the DagBag from /home/ec2-user/environment/lab4_model_training/venv/lib64/python3.12/site-packages/airflow/example_dags/example_branch_operator.py
[2026-05-04T00:41:42.293+0000] {processor.py:927} WARNING - No viable dags retrieved from /home/ec2-user/environment/lab4_model_training/venv/lib64/python3.12/site-packages/airflow/example_dags/example_branch_operator.py
[2026-05-04T00:41:42.301+0000] {processor.py:208} INFO - Processing /home/ec2-user/environment/lab4_model_training/venv/lib64/python3.12/site-packages/airflow/example_dags/example_branch_operator.py took 0.018 seconds
[2026-05-04T00:42:47.655+0000] {processor.py:186} INFO - Started process (PID=20865) to work on /home/ec2-user/environment/lab4_model_training/venv/lib64/python3.12/site-packages/airflow/example_dags/example_branch_operator.py
[2026-05-04T00:42:47.656+0000] {processor.py:914} INFO - Processing file /home/ec2-user/environment/lab4_model_training/venv/lib64/python3.12/site-packages/airflow/example_dags/example_branch_operator.py for tasks to queue
[2026-05-04T00:42:47.658+0000] {logging_mixin.py:190} INFO - [2026-05-04T00:42:47.658+0000] {dagbag.py:588} INFO - Filling up the DagBag from /home/ec2-user/environment/lab4_model_training/venv/lib64/python3.12/site-packages/airflow/example_dags/example_branch_operator.py
[2026-05-04T00:42:47.660+0000] {processor.py:927} WARNING - No viable dags retrieved from /home/ec2-user/environment/lab4_model_training/venv/lib64/python3.12/site-packages/airflow/example_dags/example_branch_operator.py
[2026-05-04T00:42:47.668+0000] {processor.py:208} INFO - Processing /home/ec2-user/environment/lab4_model_training/venv/lib64/python3.12/site-packages/airflow/example_dags/example_branch_operator.py took 0.018 seconds
[2026-05-04T00:43:52.501+0000] {processor.py:186} INFO - Started process (PID=21030) to work on /home/ec2-user/environment/lab4_model_training/venv/lib64/python3.12/site-packages/airflow/example_dags/example_branch_operator.py
[2026-05-04T00:43:52.502+0000] {processor.py:914} INFO - Processing file /home/ec2-user/environment/lab4_model_training/venv/lib64/python3.12/site-packages/airflow/example_dags/example_branch_operator.py for tasks to queue
[2026-05-04T00:43:52.504+0000] {logging_mixin.py:190} INFO - [2026-05-04T00:43:52.504+0000] {dagbag.py:588} INFO - Filling up the DagBag from /home/ec2-user/environment/lab4_model_training/venv/lib64/python3.12/site-packages/airflow/example_dags/example_branch_operator.py
[2026-05-04T00:43:52.506+0000] {processor.py:927} WARNING - No viable dags retrieved from /home/ec2-user/environment/lab4_model_training/venv/lib64/python3.12/site-packages/airflow/example_dags/example_branch_operator.py
[2026-05-04T00:43:52.514+0000] {processor.py:208} INFO - Processing /home/ec2-user/environment/lab4_model_training/venv/lib64/python3.12/site-packages/airflow/example_dags/example_branch_operator.py took 0.017 seconds
[2026-05-04T00:44:57.030+0000] {processor.py:186} INFO - Started process (PID=21135) to work on /home/ec2-user/environment/lab4_model_training/venv/lib64/python3.12/site-packages/airflow/example_dags/example_branch_operator.py
[2026-05-04T00:44:57.032+0000] {processor.py:914} INFO - Processing file /home/ec2-user/environment/lab4_model_training/venv/lib64/python3.12/site-packages/airflow/example_dags/example_branch_operator.py for tasks to queue
[2026-05-04T00:44:57.033+0000] {logging_mixin.py:190} INFO - [2026-05-04T00:44:57.033+0000] {dagbag.py:588} INFO - Filling up the DagBag from /home/ec2-user/environment/lab4_model_training/venv/lib64/python3.12/site-packages/airflow/example_dags/example_branch_operator.py
[2026-05-04T00:44:57.035+0000] {processor.py:927} WARNING - No viable dags retrieved from /home/ec2-user/environment/lab4_model_training/venv/lib64/python3.12/site-packages/airflow/example_dags/example_branch_operator.py
[2026-05-04T00:44:57.043+0000] {processor.py:208} INFO - Processing /home/ec2-user/environment/lab4_model_training/venv/lib64/python3.12/site-packages/airflow/example_dags/example_branch_operator.py took 0.017 seconds
[2026-05-04T00:46:01.867+0000] {processor.py:186} INFO - Started process (PID=21281) to work on /home/ec2-user/environment/lab4_model_training/venv/lib64/python3.12/site-packages/airflow/example_dags/example_branch_operator.py
[2026-05-04T00:46:01.868+0000] {processor.py:914} INFO - Processing file /home/ec2-user/environment/lab4_model_training/venv/lib64/python3.12/site-packages/airflow/example_dags/example_branch_operator.py for tasks to queue
[2026-05-04T00:46:01.869+0000] {logging_mixin.py:190} INFO - [2026-05-04T00:46:01.869+0000] {dagbag.py:588} INFO - Filling up the DagBag from /home/ec2-user/environment/lab4_model_training/venv/lib64/python3.12/site-packages/airflow/example_dags/example_branch_operator.py
[2026-05-04T00:46:01.871+0000] {processor.py:927} WARNING - No viable dags retrieved from /home/ec2-user/environment/lab4_model_training/venv/lib64/python3.12/site-packages/airflow/example_dags/example_branch_operator.py
[2026-05-04T00:46:01.879+0000] {processor.py:208} INFO - Processing /home/ec2-user/environment/lab4_model_training/venv/lib64/python3.12/site-packages/airflow/example_dags/example_branch_operator.py took 0.017 seconds
[2026-05-04T00:47:05.598+0000] {processor.py:186} INFO - Started process (PID=21370) to work on /home/ec2-user/environment/lab4_model_training/venv/lib64/python3.12/site-packages/airflow/example_dags/example_branch_operator.py
[2026-05-04T00:47:05.599+0000] {processor.py:914} INFO - Processing file /home/ec2-user/environment/lab4_model_training/venv/lib64/python3.12/site-packages/airflow/example_dags/example_branch_operator.py for tasks to queue
[2026-05-04T00:47:05.601+0000] {logging_mixin.py:190} INFO - [2026-05-04T00:47:05.601+0000] {dagbag.py:588} INFO - Filling up the DagBag from /home/ec2-user/environment/lab4_model_training/venv/lib64/python3.12/site-packages/airflow/example_dags/example_branch_operator.py
[2026-05-04T00:47:05.603+0000] {processor.py:927} WARNING - No viable dags retrieved from /home/ec2-user/environment/lab4_model_training/venv/lib64/python3.12/site-packages/airflow/example_dags/example_branch_operator.py
[2026-05-04T00:47:05.611+0000] {processor.py:208} INFO - Processing /home/ec2-user/environment/lab4_model_training/venv/lib64/python3.12/site-packages/airflow/example_dags/example_branch_operator.py took 0.017 seconds
[2026-05-04T00:48:06.099+0000] {processor.py:186} INFO - Started process (PID=21503) to work on /home/ec2-user/environment/lab4_model_training/venv/lib64/python3.12/site-packages/airflow/example_dags/example_branch_operator.py
[2026-05-04T00:48:06.100+0000] {processor.py:914} INFO - Processing file /home/ec2-user/environment/lab4_model_training/venv/lib64/python3.12/site-packages/airflow/example_dags/example_branch_operator.py for tasks to queue
[2026-05-04T00:48:06.102+0000] {logging_mixin.py:190} INFO - [2026-05-04T00:48:06.101+0000] {dagbag.py:588} INFO - Filling up the DagBag from /home/ec2-user/environment/lab4_model_training/venv/lib64/python3.12/site-packages/airflow/example_dags/example_branch_operator.py
[2026-05-04T00:48:06.104+0000] {processor.py:927} WARNING - No viable dags retrieved from /home/ec2-user/environment/lab4_model_training/venv/lib64/python3.12/site-packages/airflow/example_dags/example_branch_operator.py
[2026-05-04T00:48:06.111+0000] {processor.py:208} INFO - Processing /home/ec2-user/environment/lab4_model_training/venv/lib64/python3.12/site-packages/airflow/example_dags/example_branch_operator.py took 0.017 seconds
[2026-05-04T00:49:11.476+0000] {processor.py:186} INFO - Started process (PID=21591) to work on /home/ec2-user/environment/lab4_model_training/venv/lib64/python3.12/site-packages/airflow/example_dags/example_branch_operator.py
[2026-05-04T00:49:11.477+0000] {processor.py:914} INFO - Processing file /home/ec2-user/environment/lab4_model_training/venv/lib64/python3.12/site-packages/airflow/example_dags/example_branch_operator.py for tasks to queue
[2026-05-04T00:49:11.479+0000] {logging_mixin.py:190} INFO - [2026-05-04T00:49:11.478+0000] {dagbag.py:588} INFO - Filling up the DagBag from /home/ec2-user/environment/lab4_model_training/venv/lib64/python3.12/site-packages/airflow/example_dags/example_branch_operator.py
[2026-05-04T00:49:11.481+0000] {processor.py:927} WARNING - No viable dags retrieved from /home/ec2-user/environment/lab4_model_training/venv/lib64/python3.12/site-packages/airflow/example_dags/example_branch_operator.py
[2026-05-04T00:49:11.491+0000] {processor.py:208} INFO - Processing /home/ec2-user/environment/lab4_model_training/venv/lib64/python3.12/site-packages/airflow/example_dags/example_branch_operator.py took 0.020 seconds
[2026-05-04T00:50:16.298+0000] {processor.py:186} INFO - Started process (PID=21751) to work on /home/ec2-user/environment/lab4_model_training/venv/lib64/python3.12/site-packages/airflow/example_dags/example_branch_operator.py
[2026-05-04T00:50:16.300+0000] {processor.py:914} INFO - Processing file /home/ec2-user/environment/lab4_model_training/venv/lib64/python3.12/site-packages/airflow/example_dags/example_branch_operator.py for tasks to queue
[2026-05-04T00:50:16.302+0000] {logging_mixin.py:190} INFO - [2026-05-04T00:50:16.301+0000] {dagbag.py:588} INFO - Filling up the DagBag from /home/ec2-user/environment/lab4_model_training/venv/lib64/python3.12/site-packages/airflow/example_dags/example_branch_operator.py
[2026-05-04T00:50:16.304+0000] {processor.py:927} WARNING - No viable dags retrieved from /home/ec2-user/environment/lab4_model_training/venv/lib64/python3.12/site-packages/airflow/example_dags/example_branch_operator.py
[2026-05-04T00:50:16.311+0000] {processor.py:208} INFO - Processing /home/ec2-user/environment/lab4_model_training/venv/lib64/python3.12/site-packages/airflow/example_dags/example_branch_operator.py took 0.017 seconds
[2026-05-04T00:51:21.512+0000] {processor.py:186} INFO - Started process (PID=22115) to work on /home/ec2-user/environment/lab4_model_training/venv/lib64/python3.12/site-packages/airflow/example_dags/example_branch_operator.py
[2026-05-04T00:51:21.514+0000] {processor.py:914} INFO - Processing file /home/ec2-user/environment/lab4_model_training/venv/lib64/python3.12/site-packages/airflow/example_dags/example_branch_operator.py for tasks to queue
[2026-05-04T00:51:21.515+0000] {logging_mixin.py:190} INFO - [2026-05-04T00:51:21.515+0000] {dagbag.py:588} INFO - Filling up the DagBag from /home/ec2-user/environment/lab4_model_training/venv/lib64/python3.12/site-packages/airflow/example_dags/example_branch_operator.py
[2026-05-04T00:51:21.517+0000] {processor.py:927} WARNING - No viable dags retrieved from /home/ec2-user/environment/lab4_model_training/venv/lib64/python3.12/site-packages/airflow/example_dags/example_branch_operator.py
[2026-05-04T00:51:21.525+0000] {processor.py:208} INFO - Processing /home/ec2-user/environment/lab4_model_training/venv/lib64/python3.12/site-packages/airflow/example_dags/example_branch_operator.py took 0.017 seconds
[2026-05-04T00:52:23.880+0000] {processor.py:186} INFO - Started process (PID=22260) to work on /home/ec2-user/environment/lab4_model_training/venv/lib64/python3.12/site-packages/airflow/example_dags/example_branch_operator.py
[2026-05-04T00:52:23.881+0000] {processor.py:914} INFO - Processing file /home/ec2-user/environment/lab4_model_training/venv/lib64/python3.12/site-packages/airflow/example_dags/example_branch_operator.py for tasks to queue
[2026-05-04T00:52:23.882+0000] {logging_mixin.py:190} INFO - [2026-05-04T00:52:23.882+0000] {dagbag.py:588} INFO - Filling up the DagBag from /home/ec2-user/environment/lab4_model_training/venv/lib64/python3.12/site-packages/airflow/example_dags/example_branch_operator.py
[2026-05-04T00:52:23.884+0000] {processor.py:927} WARNING - No viable dags retrieved from /home/ec2-user/environment/lab4_model_training/venv/lib64/python3.12/site-packages/airflow/example_dags/example_branch_operator.py
[2026-05-04T00:52:23.892+0000] {processor.py:208} INFO - Processing /home/ec2-user/environment/lab4_model_training/venv/lib64/python3.12/site-packages/airflow/example_dags/example_branch_operator.py took 0.017 seconds
[2026-05-04T00:53:26.789+0000] {processor.py:186} INFO - Started process (PID=22436) to work on /home/ec2-user/environment/lab4_model_training/venv/lib64/python3.12/site-packages/airflow/example_dags/example_branch_operator.py
[2026-05-04T00:53:26.790+0000] {processor.py:914} INFO - Processing file /home/ec2-user/environment/lab4_model_training/venv/lib64/python3.12/site-packages/airflow/example_dags/example_branch_operator.py for tasks to queue
[2026-05-04T00:53:26.791+0000] {logging_mixin.py:190} INFO - [2026-05-04T00:53:26.791+0000] {dagbag.py:588} INFO - Filling up the DagBag from /home/ec2-user/environment/lab4_model_training/venv/lib64/python3.12/site-packages/airflow/example_dags/example_branch_operator.py
[2026-05-04T00:53:26.794+0000] {processor.py:927} WARNING - No viable dags retrieved from /home/ec2-user/environment/lab4_model_training/venv/lib64/python3.12/site-packages/airflow/example_dags/example_branch_operator.py
[2026-05-04T00:53:26.801+0000] {processor.py:208} INFO - Processing /home/ec2-user/environment/lab4_model_training/venv/lib64/python3.12/site-packages/airflow/example_dags/example_branch_operator.py took 0.017 seconds
[2026-05-04T00:54:38.270+0000] {processor.py:186} INFO - Started process (PID=22635) to work on /home/ec2-user/environment/lab4_model_training/venv/lib64/python3.12/site-packages/airflow/example_dags/example_branch_operator.py
[2026-05-04T00:54:38.272+0000] {processor.py:914} INFO - Processing file /home/ec2-user/environment/lab4_model_training/venv/lib64/python3.12/site-packages/airflow/example_dags/example_branch_operator.py for tasks to queue
[2026-05-04T00:54:38.273+0000] {logging_mixin.py:190} INFO - [2026-05-04T00:54:38.273+0000] {dagbag.py:588} INFO - Filling up the DagBag from /home/ec2-user/environment/lab4_model_training/venv/lib64/python3.12/site-packages/airflow/example_dags/example_branch_operator.py
[2026-05-04T00:54:38.275+0000] {processor.py:927} WARNING - No viable dags retrieved from /home/ec2-user/environment/lab4_model_training/venv/lib64/python3.12/site-packages/airflow/example_dags/example_branch_operator.py
[2026-05-04T00:54:38.283+0000] {processor.py:208} INFO - Processing /home/ec2-user/environment/lab4_model_training/venv/lib64/python3.12/site-packages/airflow/example_dags/example_branch_operator.py took 0.018 seconds
[2026-05-04T00:55:38.177+0000] {processor.py:186} INFO - Started process (PID=22777) to work on /home/ec2-user/environment/lab4_model_training/venv/lib64/python3.12/site-packages/airflow/example_dags/example_branch_operator.py
[2026-05-04T00:55:38.179+0000] {processor.py:914} INFO - Processing file /home/ec2-user/environment/lab4_model_training/venv/lib64/python3.12/site-packages/airflow/example_dags/example_branch_operator.py for tasks to queue
[2026-05-04T00:55:38.180+0000] {logging_mixin.py:190} INFO - [2026-05-04T00:55:38.180+0000] {dagbag.py:588} INFO - Filling up the DagBag from /home/ec2-user/environment/lab4_model_training/venv/lib64/python3.12/site-packages/airflow/example_dags/example_branch_operator.py
[2026-05-04T00:55:38.182+0000] {processor.py:927} WARNING - No viable dags retrieved from /home/ec2-user/environment/lab4_model_training/venv/lib64/python3.12/site-packages/airflow/example_dags/example_branch_operator.py
[2026-05-04T00:55:38.190+0000] {processor.py:208} INFO - Processing /home/ec2-user/environment/lab4_model_training/venv/lib64/python3.12/site-packages/airflow/example_dags/example_branch_operator.py took 0.017 seconds
[2026-05-04T00:56:42.422+0000] {processor.py:186} INFO - Started process (PID=22946) to work on /home/ec2-user/environment/lab4_model_training/venv/lib64/python3.12/site-packages/airflow/example_dags/example_branch_operator.py
[2026-05-04T00:56:42.423+0000] {processor.py:914} INFO - Processing file /home/ec2-user/environment/lab4_model_training/venv/lib64/python3.12/site-packages/airflow/example_dags/example_branch_operator.py for tasks to queue
[2026-05-04T00:56:42.424+0000] {logging_mixin.py:190} INFO - [2026-05-04T00:56:42.424+0000] {dagbag.py:588} INFO - Filling up the DagBag from /home/ec2-user/environment/lab4_model_training/venv/lib64/python3.12/site-packages/airflow/example_dags/example_branch_operator.py
[2026-05-04T00:56:42.426+0000] {processor.py:927} WARNING - No viable dags retrieved from /home/ec2-user/environment/lab4_model_training/venv/lib64/python3.12/site-packages/airflow/example_dags/example_branch_operator.py
[2026-05-04T00:56:42.434+0000] {processor.py:208} INFO - Processing /home/ec2-user/environment/lab4_model_training/venv/lib64/python3.12/site-packages/airflow/example_dags/example_branch_operator.py took 0.017 seconds
[2026-05-04T00:57:50.115+0000] {processor.py:186} INFO - Started process (PID=23077) to work on /home/ec2-user/environment/lab4_model_training/venv/lib64/python3.12/site-packages/airflow/example_dags/example_branch_operator.py
[2026-05-04T00:57:50.116+0000] {processor.py:914} INFO - Processing file /home/ec2-user/environment/lab4_model_training/venv/lib64/python3.12/site-packages/airflow/example_dags/example_branch_operator.py for tasks to queue
[2026-05-04T00:57:50.117+0000] {logging_mixin.py:190} INFO - [2026-05-04T00:57:50.117+0000] {dagbag.py:588} INFO - Filling up the DagBag from /home/ec2-user/environment/lab4_model_training/venv/lib64/python3.12/site-packages/airflow/example_dags/example_branch_operator.py
[2026-05-04T00:57:50.120+0000] {processor.py:927} WARNING - No viable dags retrieved from /home/ec2-user/environment/lab4_model_training/venv/lib64/python3.12/site-packages/airflow/example_dags/example_branch_operator.py
[2026-05-04T00:57:50.127+0000] {processor.py:208} INFO - Processing /home/ec2-user/environment/lab4_model_training/venv/lib64/python3.12/site-packages/airflow/example_dags/example_branch_operator.py took 0.017 seconds
[2026-05-04T00:58:54.701+0000] {processor.py:186} INFO - Started process (PID=23239) to work on /home/ec2-user/environment/lab4_model_training/venv/lib64/python3.12/site-packages/airflow/example_dags/example_branch_operator.py
[2026-05-04T00:58:54.702+0000] {processor.py:914} INFO - Processing file /home/ec2-user/environment/lab4_model_training/venv/lib64/python3.12/site-packages/airflow/example_dags/example_branch_operator.py for tasks to queue
[2026-05-04T00:58:54.704+0000] {logging_mixin.py:190} INFO - [2026-05-04T00:58:54.703+0000] {dagbag.py:588} INFO - Filling up the DagBag from /home/ec2-user/environment/lab4_model_training/venv/lib64/python3.12/site-packages/airflow/example_dags/example_branch_operator.py
[2026-05-04T00:58:54.706+0000] {processor.py:927} WARNING - No viable dags retrieved from /home/ec2-user/environment/lab4_model_training/venv/lib64/python3.12/site-packages/airflow/example_dags/example_branch_operator.py
[2026-05-04T00:58:54.714+0000] {processor.py:208} INFO - Processing /home/ec2-user/environment/lab4_model_training/venv/lib64/python3.12/site-packages/airflow/example_dags/example_branch_operator.py took 0.017 seconds
[2026-05-04T01:00:05.354+0000] {processor.py:186} INFO - Started process (PID=23400) to work on /home/ec2-user/environment/lab4_model_training/venv/lib64/python3.12/site-packages/airflow/example_dags/example_branch_operator.py
[2026-05-04T01:00:05.355+0000] {processor.py:914} INFO - Processing file /home/ec2-user/environment/lab4_model_training/venv/lib64/python3.12/site-packages/airflow/example_dags/example_branch_operator.py for tasks to queue
[2026-05-04T01:00:05.357+0000] {logging_mixin.py:190} INFO - [2026-05-04T01:00:05.356+0000] {dagbag.py:588} INFO - Filling up the DagBag from /home/ec2-user/environment/lab4_model_training/venv/lib64/python3.12/site-packages/airflow/example_dags/example_branch_operator.py
[2026-05-04T01:00:05.359+0000] {processor.py:927} WARNING - No viable dags retrieved from /home/ec2-user/environment/lab4_model_training/venv/lib64/python3.12/site-packages/airflow/example_dags/example_branch_operator.py
[2026-05-04T01:00:05.367+0000] {processor.py:208} INFO - Processing /home/ec2-user/environment/lab4_model_training/venv/lib64/python3.12/site-packages/airflow/example_dags/example_branch_operator.py took 0.017 seconds
[2026-05-04T01:01:13.102+0000] {processor.py:186} INFO - Started process (PID=23580) to work on /home/ec2-user/environment/lab4_model_training/venv/lib64/python3.12/site-packages/airflow/example_dags/example_branch_operator.py
[2026-05-04T01:01:13.104+0000] {processor.py:914} INFO - Processing file /home/ec2-user/environment/lab4_model_training/venv/lib64/python3.12/site-packages/airflow/example_dags/example_branch_operator.py for tasks to queue
[2026-05-04T01:01:13.105+0000] {logging_mixin.py:190} INFO - [2026-05-04T01:01:13.105+0000] {dagbag.py:588} INFO - Filling up the DagBag from /home/ec2-user/environment/lab4_model_training/venv/lib64/python3.12/site-packages/airflow/example_dags/example_branch_operator.py
[2026-05-04T01:01:13.107+0000] {processor.py:927} WARNING - No viable dags retrieved from /home/ec2-user/environment/lab4_model_training/venv/lib64/python3.12/site-packages/airflow/example_dags/example_branch_operator.py
[2026-05-04T01:01:13.116+0000] {processor.py:208} INFO - Processing /home/ec2-user/environment/lab4_model_training/venv/lib64/python3.12/site-packages/airflow/example_dags/example_branch_operator.py took 0.017 seconds
[2026-05-04T01:02:19.287+0000] {processor.py:186} INFO - Started process (PID=23669) to work on /home/ec2-user/environment/lab4_model_training/venv/lib64/python3.12/site-packages/airflow/example_dags/example_branch_operator.py
[2026-05-04T01:02:19.289+0000] {processor.py:914} INFO - Processing file /home/ec2-user/environment/lab4_model_training/venv/lib64/python3.12/site-packages/airflow/example_dags/example_branch_operator.py for tasks to queue
[2026-05-04T01:02:19.290+0000] {logging_mixin.py:190} INFO - [2026-05-04T01:02:19.290+0000] {dagbag.py:588} INFO - Filling up the DagBag from /home/ec2-user/environment/lab4_model_training/venv/lib64/python3.12/site-packages/airflow/example_dags/example_branch_operator.py
[2026-05-04T01:02:19.293+0000] {processor.py:927} WARNING - No viable dags retrieved from /home/ec2-user/environment/lab4_model_training/venv/lib64/python3.12/site-packages/airflow/example_dags/example_branch_operator.py
[2026-05-04T01:02:19.301+0000] {processor.py:208} INFO - Processing /home/ec2-user/environment/lab4_model_training/venv/lib64/python3.12/site-packages/airflow/example_dags/example_branch_operator.py took 0.018 seconds
[2026-05-04T01:03:23.331+0000] {processor.py:186} INFO - Started process (PID=23809) to work on /home/ec2-user/environment/lab4_model_training/venv/lib64/python3.12/site-packages/airflow/example_dags/example_branch_operator.py
[2026-05-04T01:03:23.332+0000] {processor.py:914} INFO - Processing file /home/ec2-user/environment/lab4_model_training/venv/lib64/python3.12/site-packages/airflow/example_dags/example_branch_operator.py for tasks to queue
[2026-05-04T01:03:23.334+0000] {logging_mixin.py:190} INFO - [2026-05-04T01:03:23.334+0000] {dagbag.py:588} INFO - Filling up the DagBag from /home/ec2-user/environment/lab4_model_training/venv/lib64/python3.12/site-packages/airflow/example_dags/example_branch_operator.py
[2026-05-04T01:03:23.336+0000] {processor.py:927} WARNING - No viable dags retrieved from /home/ec2-user/environment/lab4_model_training/venv/lib64/python3.12/site-packages/airflow/example_dags/example_branch_operator.py
[2026-05-04T01:03:23.344+0000] {processor.py:208} INFO - Processing /home/ec2-user/environment/lab4_model_training/venv/lib64/python3.12/site-packages/airflow/example_dags/example_branch_operator.py took 0.017 seconds
[2026-05-04T01:04:33.840+0000] {processor.py:186} INFO - Started process (PID=23947) to work on /home/ec2-user/environment/lab4_model_training/venv/lib64/python3.12/site-packages/airflow/example_dags/example_branch_operator.py
[2026-05-04T01:04:33.842+0000] {processor.py:914} INFO - Processing file /home/ec2-user/environment/lab4_model_training/venv/lib64/python3.12/site-packages/airflow/example_dags/example_branch_operator.py for tasks to queue
[2026-05-04T01:04:33.844+0000] {logging_mixin.py:190} INFO - [2026-05-04T01:04:33.843+0000] {dagbag.py:588} INFO - Filling up the DagBag from /home/ec2-user/environment/lab4_model_training/venv/lib64/python3.12/site-packages/airflow/example_dags/example_branch_operator.py
[2026-05-04T01:04:33.846+0000] {processor.py:927} WARNING - No viable dags retrieved from /home/ec2-user/environment/lab4_model_training/venv/lib64/python3.12/site-packages/airflow/example_dags/example_branch_operator.py
[2026-05-04T01:04:33.853+0000] {processor.py:208} INFO - Processing /home/ec2-user/environment/lab4_model_training/venv/lib64/python3.12/site-packages/airflow/example_dags/example_branch_operator.py took 0.017 seconds
[2026-05-04T01:05:37.340+0000] {processor.py:186} INFO - Started process (PID=24034) to work on /home/ec2-user/environment/lab4_model_training/venv/lib64/python3.12/site-packages/airflow/example_dags/example_branch_operator.py
[2026-05-04T01:05:37.341+0000] {processor.py:914} INFO - Processing file /home/ec2-user/environment/lab4_model_training/venv/lib64/python3.12/site-packages/airflow/example_dags/example_branch_operator.py for tasks to queue
[2026-05-04T01:05:37.343+0000] {logging_mixin.py:190} INFO - [2026-05-04T01:05:37.342+0000] {dagbag.py:588} INFO - Filling up the DagBag from /home/ec2-user/environment/lab4_model_training/venv/lib64/python3.12/site-packages/airflow/example_dags/example_branch_operator.py
[2026-05-04T01:05:37.345+0000] {processor.py:927} WARNING - No viable dags retrieved from /home/ec2-user/environment/lab4_model_training/venv/lib64/python3.12/site-packages/airflow/example_dags/example_branch_operator.py
[2026-05-04T01:05:37.353+0000] {processor.py:208} INFO - Processing /home/ec2-user/environment/lab4_model_training/venv/lib64/python3.12/site-packages/airflow/example_dags/example_branch_operator.py took 0.018 seconds
[2026-05-04T01:06:46.296+0000] {processor.py:186} INFO - Started process (PID=24173) to work on /home/ec2-user/environment/lab4_model_training/venv/lib64/python3.12/site-packages/airflow/example_dags/example_branch_operator.py
[2026-05-04T01:06:46.297+0000] {processor.py:914} INFO - Processing file /home/ec2-user/environment/lab4_model_training/venv/lib64/python3.12/site-packages/airflow/example_dags/example_branch_operator.py for tasks to queue
[2026-05-04T01:06:46.299+0000] {logging_mixin.py:190} INFO - [2026-05-04T01:06:46.299+0000] {dagbag.py:588} INFO - Filling up the DagBag from /home/ec2-user/environment/lab4_model_training/venv/lib64/python3.12/site-packages/airflow/example_dags/example_branch_operator.py
[2026-05-04T01:06:46.301+0000] {processor.py:927} WARNING - No viable dags retrieved from /home/ec2-user/environment/lab4_model_training/venv/lib64/python3.12/site-packages/airflow/example_dags/example_branch_operator.py
[2026-05-04T01:06:46.309+0000] {processor.py:208} INFO - Processing /home/ec2-user/environment/lab4_model_training/venv/lib64/python3.12/site-packages/airflow/example_dags/example_branch_operator.py took 0.017 seconds
[2026-05-04T01:07:54.884+0000] {processor.py:186} INFO - Started process (PID=24262) to work on /home/ec2-user/environment/lab4_model_training/venv/lib64/python3.12/site-packages/airflow/example_dags/example_branch_operator.py
[2026-05-04T01:07:54.885+0000] {processor.py:914} INFO - Processing file /home/ec2-user/environment/lab4_model_training/venv/lib64/python3.12/site-packages/airflow/example_dags/example_branch_operator.py for tasks to queue
[2026-05-04T01:07:54.887+0000] {logging_mixin.py:190} INFO - [2026-05-04T01:07:54.886+0000] {dagbag.py:588} INFO - Filling up the DagBag from /home/ec2-user/environment/lab4_model_training/venv/lib64/python3.12/site-packages/airflow/example_dags/example_branch_operator.py
[2026-05-04T01:07:54.889+0000] {processor.py:927} WARNING - No viable dags retrieved from /home/ec2-user/environment/lab4_model_training/venv/lib64/python3.12/site-packages/airflow/example_dags/example_branch_operator.py
[2026-05-04T01:07:54.897+0000] {processor.py:208} INFO - Processing /home/ec2-user/environment/lab4_model_training/venv/lib64/python3.12/site-packages/airflow/example_dags/example_branch_operator.py took 0.017 seconds
[2026-05-04T01:09:01.528+0000] {processor.py:186} INFO - Started process (PID=24413) to work on /home/ec2-user/environment/lab4_model_training/venv/lib64/python3.12/site-packages/airflow/example_dags/example_branch_operator.py
[2026-05-04T01:09:01.529+0000] {processor.py:914} INFO - Processing file /home/ec2-user/environment/lab4_model_training/venv/lib64/python3.12/site-packages/airflow/example_dags/example_branch_operator.py for tasks to queue
[2026-05-04T01:09:01.530+0000] {logging_mixin.py:190} INFO - [2026-05-04T01:09:01.530+0000] {dagbag.py:588} INFO - Filling up the DagBag from /home/ec2-user/environment/lab4_model_training/venv/lib64/python3.12/site-packages/airflow/example_dags/example_branch_operator.py
[2026-05-04T01:09:01.532+0000] {processor.py:927} WARNING - No viable dags retrieved from /home/ec2-user/environment/lab4_model_training/venv/lib64/python3.12/site-packages/airflow/example_dags/example_branch_operator.py
[2026-05-04T01:09:01.540+0000] {processor.py:208} INFO - Processing /home/ec2-user/environment/lab4_model_training/venv/lib64/python3.12/site-packages/airflow/example_dags/example_branch_operator.py took 0.018 seconds
[2026-05-04T01:10:10.510+0000] {processor.py:186} INFO - Started process (PID=24996) to work on /home/ec2-user/environment/lab4_model_training/venv/lib64/python3.12/site-packages/airflow/example_dags/example_branch_operator.py
[2026-05-04T01:10:10.511+0000] {processor.py:914} INFO - Processing file /home/ec2-user/environment/lab4_model_training/venv/lib64/python3.12/site-packages/airflow/example_dags/example_branch_operator.py for tasks to queue
[2026-05-04T01:10:10.513+0000] {logging_mixin.py:190} INFO - [2026-05-04T01:10:10.513+0000] {dagbag.py:588} INFO - Filling up the DagBag from /home/ec2-user/environment/lab4_model_training/venv/lib64/python3.12/site-packages/airflow/example_dags/example_branch_operator.py
[2026-05-04T01:10:10.515+0000] {processor.py:927} WARNING - No viable dags retrieved from /home/ec2-user/environment/lab4_model_training/venv/lib64/python3.12/site-packages/airflow/example_dags/example_branch_operator.py
[2026-05-04T01:10:10.524+0000] {processor.py:208} INFO - Processing /home/ec2-user/environment/lab4_model_training/venv/lib64/python3.12/site-packages/airflow/example_dags/example_branch_operator.py took 0.018 seconds
[2026-05-04T01:11:21.169+0000] {processor.py:186} INFO - Started process (PID=25569) to work on /home/ec2-user/environment/lab4_model_training/venv/lib64/python3.12/site-packages/airflow/example_dags/example_branch_operator.py
[2026-05-04T01:11:21.170+0000] {processor.py:914} INFO - Processing file /home/ec2-user/environment/lab4_model_training/venv/lib64/python3.12/site-packages/airflow/example_dags/example_branch_operator.py for tasks to queue
[2026-05-04T01:11:21.171+0000] {logging_mixin.py:190} INFO - [2026-05-04T01:11:21.171+0000] {dagbag.py:588} INFO - Filling up the DagBag from /home/ec2-user/environment/lab4_model_training/venv/lib64/python3.12/site-packages/airflow/example_dags/example_branch_operator.py
[2026-05-04T01:11:21.174+0000] {processor.py:927} WARNING - No viable dags retrieved from /home/ec2-user/environment/lab4_model_training/venv/lib64/python3.12/site-packages/airflow/example_dags/example_branch_operator.py
[2026-05-04T01:11:21.182+0000] {processor.py:208} INFO - Processing /home/ec2-user/environment/lab4_model_training/venv/lib64/python3.12/site-packages/airflow/example_dags/example_branch_operator.py took 0.017 seconds
[2026-05-04T01:12:31.885+0000] {processor.py:186} INFO - Started process (PID=26086) to work on /home/ec2-user/environment/lab4_model_training/venv/lib64/python3.12/site-packages/airflow/example_dags/example_branch_operator.py
[2026-05-04T01:12:31.886+0000] {processor.py:914} INFO - Processing file /home/ec2-user/environment/lab4_model_training/venv/lib64/python3.12/site-packages/airflow/example_dags/example_branch_operator.py for tasks to queue
[2026-05-04T01:12:31.888+0000] {logging_mixin.py:190} INFO - [2026-05-04T01:12:31.887+0000] {dagbag.py:588} INFO - Filling up the DagBag from /home/ec2-user/environment/lab4_model_training/venv/lib64/python3.12/site-packages/airflow/example_dags/example_branch_operator.py
[2026-05-04T01:12:31.890+0000] {processor.py:927} WARNING - No viable dags retrieved from /home/ec2-user/environment/lab4_model_training/venv/lib64/python3.12/site-packages/airflow/example_dags/example_branch_operator.py
[2026-05-04T01:12:31.901+0000] {processor.py:208} INFO - Processing /home/ec2-user/environment/lab4_model_training/venv/lib64/python3.12/site-packages/airflow/example_dags/example_branch_operator.py took 0.020 seconds
[2026-05-04T01:13:43.083+0000] {processor.py:186} INFO - Started process (PID=26569) to work on /home/ec2-user/environment/lab4_model_training/venv/lib64/python3.12/site-packages/airflow/example_dags/example_branch_operator.py
[2026-05-04T01:13:43.084+0000] {processor.py:914} INFO - Processing file /home/ec2-user/environment/lab4_model_training/venv/lib64/python3.12/site-packages/airflow/example_dags/example_branch_operator.py for tasks to queue
[2026-05-04T01:13:43.086+0000] {logging_mixin.py:190} INFO - [2026-05-04T01:13:43.086+0000] {dagbag.py:588} INFO - Filling up the DagBag from /home/ec2-user/environment/lab4_model_training/venv/lib64/python3.12/site-packages/airflow/example_dags/example_branch_operator.py
[2026-05-04T01:13:43.089+0000] {processor.py:927} WARNING - No viable dags retrieved from /home/ec2-user/environment/lab4_model_training/venv/lib64/python3.12/site-packages/airflow/example_dags/example_branch_operator.py
[2026-05-04T01:13:43.099+0000] {processor.py:208} INFO - Processing /home/ec2-user/environment/lab4_model_training/venv/lib64/python3.12/site-packages/airflow/example_dags/example_branch_operator.py took 0.021 seconds
[2026-05-04T01:14:55.108+0000] {processor.py:186} INFO - Started process (PID=27122) to work on /home/ec2-user/environment/lab4_model_training/venv/lib64/python3.12/site-packages/airflow/example_dags/example_branch_operator.py
[2026-05-04T01:14:55.109+0000] {processor.py:914} INFO - Processing file /home/ec2-user/environment/lab4_model_training/venv/lib64/python3.12/site-packages/airflow/example_dags/example_branch_operator.py for tasks to queue
[2026-05-04T01:14:55.111+0000] {logging_mixin.py:190} INFO - [2026-05-04T01:14:55.111+0000] {dagbag.py:588} INFO - Filling up the DagBag from /home/ec2-user/environment/lab4_model_training/venv/lib64/python3.12/site-packages/airflow/example_dags/example_branch_operator.py
[2026-05-04T01:14:55.114+0000] {processor.py:927} WARNING - No viable dags retrieved from /home/ec2-user/environment/lab4_model_training/venv/lib64/python3.12/site-packages/airflow/example_dags/example_branch_operator.py
[2026-05-04T01:14:55.123+0000] {processor.py:208} INFO - Processing /home/ec2-user/environment/lab4_model_training/venv/lib64/python3.12/site-packages/airflow/example_dags/example_branch_operator.py took 0.020 seconds
[2026-05-04T01:16:05.039+0000] {processor.py:186} INFO - Started process (PID=27635) to work on /home/ec2-user/environment/lab4_model_training/venv/lib64/python3.12/site-packages/airflow/example_dags/example_branch_operator.py
[2026-05-04T01:16:05.041+0000] {processor.py:914} INFO - Processing file /home/ec2-user/environment/lab4_model_training/venv/lib64/python3.12/site-packages/airflow/example_dags/example_branch_operator.py for tasks to queue
[2026-05-04T01:16:05.043+0000] {logging_mixin.py:190} INFO - [2026-05-04T01:16:05.043+0000] {dagbag.py:588} INFO - Filling up the DagBag from /home/ec2-user/environment/lab4_model_training/venv/lib64/python3.12/site-packages/airflow/example_dags/example_branch_operator.py
[2026-05-04T01:16:05.045+0000] {processor.py:927} WARNING - No viable dags retrieved from /home/ec2-user/environment/lab4_model_training/venv/lib64/python3.12/site-packages/airflow/example_dags/example_branch_operator.py
[2026-05-04T01:16:05.054+0000] {processor.py:208} INFO - Processing /home/ec2-user/environment/lab4_model_training/venv/lib64/python3.12/site-packages/airflow/example_dags/example_branch_operator.py took 0.019 seconds
[2026-05-04T01:17:04.716+0000] {processor.py:186} INFO - Started process (PID=28112) to work on /home/ec2-user/environment/lab4_model_training/venv/lib64/python3.12/site-packages/airflow/example_dags/example_branch_operator.py
[2026-05-04T01:17:04.718+0000] {processor.py:914} INFO - Processing file /home/ec2-user/environment/lab4_model_training/venv/lib64/python3.12/site-packages/airflow/example_dags/example_branch_operator.py for tasks to queue
[2026-05-04T01:17:04.719+0000] {logging_mixin.py:190} INFO - [2026-05-04T01:17:04.719+0000] {dagbag.py:588} INFO - Filling up the DagBag from /home/ec2-user/environment/lab4_model_training/venv/lib64/python3.12/site-packages/airflow/example_dags/example_branch_operator.py
[2026-05-04T01:17:04.722+0000] {processor.py:927} WARNING - No viable dags retrieved from /home/ec2-user/environment/lab4_model_training/venv/lib64/python3.12/site-packages/airflow/example_dags/example_branch_operator.py
[2026-05-04T01:17:04.730+0000] {processor.py:208} INFO - Processing /home/ec2-user/environment/lab4_model_training/venv/lib64/python3.12/site-packages/airflow/example_dags/example_branch_operator.py took 0.018 seconds
[2026-05-04T01:18:13.792+0000] {processor.py:186} INFO - Started process (PID=28660) to work on /home/ec2-user/environment/lab4_model_training/venv/lib64/python3.12/site-packages/airflow/example_dags/example_branch_operator.py
[2026-05-04T01:18:13.793+0000] {processor.py:914} INFO - Processing file /home/ec2-user/environment/lab4_model_training/venv/lib64/python3.12/site-packages/airflow/example_dags/example_branch_operator.py for tasks to queue
[2026-05-04T01:18:13.795+0000] {logging_mixin.py:190} INFO - [2026-05-04T01:18:13.795+0000] {dagbag.py:588} INFO - Filling up the DagBag from /home/ec2-user/environment/lab4_model_training/venv/lib64/python3.12/site-packages/airflow/example_dags/example_branch_operator.py
[2026-05-04T01:18:13.798+0000] {processor.py:927} WARNING - No viable dags retrieved from /home/ec2-user/environment/lab4_model_training/venv/lib64/python3.12/site-packages/airflow/example_dags/example_branch_operator.py
[2026-05-04T01:18:13.809+0000] {processor.py:208} INFO - Processing /home/ec2-user/environment/lab4_model_training/venv/lib64/python3.12/site-packages/airflow/example_dags/example_branch_operator.py took 0.021 seconds
[2026-05-04T01:19:20.597+0000] {processor.py:186} INFO - Started process (PID=29174) to work on /home/ec2-user/environment/lab4_model_training/venv/lib64/python3.12/site-packages/airflow/example_dags/example_branch_operator.py
[2026-05-04T01:19:20.598+0000] {processor.py:914} INFO - Processing file /home/ec2-user/environment/lab4_model_training/venv/lib64/python3.12/site-packages/airflow/example_dags/example_branch_operator.py for tasks to queue
[2026-05-04T01:19:20.600+0000] {logging_mixin.py:190} INFO - [2026-05-04T01:19:20.599+0000] {dagbag.py:588} INFO - Filling up the DagBag from /home/ec2-user/environment/lab4_model_training/venv/lib64/python3.12/site-packages/airflow/example_dags/example_branch_operator.py
[2026-05-04T01:19:20.602+0000] {processor.py:927} WARNING - No viable dags retrieved from /home/ec2-user/environment/lab4_model_training/venv/lib64/python3.12/site-packages/airflow/example_dags/example_branch_operator.py
[2026-05-04T01:19:20.610+0000] {processor.py:208} INFO - Processing /home/ec2-user/environment/lab4_model_training/venv/lib64/python3.12/site-packages/airflow/example_dags/example_branch_operator.py took 0.018 seconds
[2026-05-04T01:20:27.502+0000] {processor.py:186} INFO - Started process (PID=29777) to work on /home/ec2-user/environment/lab4_model_training/venv/lib64/python3.12/site-packages/airflow/example_dags/example_branch_operator.py
[2026-05-04T01:20:27.503+0000] {processor.py:914} INFO - Processing file /home/ec2-user/environment/lab4_model_training/venv/lib64/python3.12/site-packages/airflow/example_dags/example_branch_operator.py for tasks to queue
[2026-05-04T01:20:27.505+0000] {logging_mixin.py:190} INFO - [2026-05-04T01:20:27.505+0000] {dagbag.py:588} INFO - Filling up the DagBag from /home/ec2-user/environment/lab4_model_training/venv/lib64/python3.12/site-packages/airflow/example_dags/example_branch_operator.py
[2026-05-04T01:20:27.508+0000] {processor.py:927} WARNING - No viable dags retrieved from /home/ec2-user/environment/lab4_model_training/venv/lib64/python3.12/site-packages/airflow/example_dags/example_branch_operator.py
[2026-05-04T01:20:27.519+0000] {processor.py:208} INFO - Processing /home/ec2-user/environment/lab4_model_training/venv/lib64/python3.12/site-packages/airflow/example_dags/example_branch_operator.py took 0.022 seconds
[2026-05-04T01:21:28.070+0000] {processor.py:186} INFO - Started process (PID=30155) to work on /home/ec2-user/environment/lab4_model_training/venv/lib64/python3.12/site-packages/airflow/example_dags/example_branch_operator.py
[2026-05-04T01:21:28.071+0000] {processor.py:914} INFO - Processing file /home/ec2-user/environment/lab4_model_training/venv/lib64/python3.12/site-packages/airflow/example_dags/example_branch_operator.py for tasks to queue
[2026-05-04T01:21:28.073+0000] {logging_mixin.py:190} INFO - [2026-05-04T01:21:28.073+0000] {dagbag.py:588} INFO - Filling up the DagBag from /home/ec2-user/environment/lab4_model_training/venv/lib64/python3.12/site-packages/airflow/example_dags/example_branch_operator.py
[2026-05-04T01:21:28.076+0000] {processor.py:927} WARNING - No viable dags retrieved from /home/ec2-user/environment/lab4_model_training/venv/lib64/python3.12/site-packages/airflow/example_dags/example_branch_operator.py
[2026-05-04T01:21:28.086+0000] {processor.py:208} INFO - Processing /home/ec2-user/environment/lab4_model_training/venv/lib64/python3.12/site-packages/airflow/example_dags/example_branch_operator.py took 0.022 seconds
[2026-05-04T01:22:35.196+0000] {processor.py:186} INFO - Started process (PID=30557) to work on /home/ec2-user/environment/lab4_model_training/venv/lib64/python3.12/site-packages/airflow/example_dags/example_branch_operator.py
[2026-05-04T01:22:35.198+0000] {processor.py:914} INFO - Processing file /home/ec2-user/environment/lab4_model_training/venv/lib64/python3.12/site-packages/airflow/example_dags/example_branch_operator.py for tasks to queue
[2026-05-04T01:22:35.199+0000] {logging_mixin.py:190} INFO - [2026-05-04T01:22:35.199+0000] {dagbag.py:588} INFO - Filling up the DagBag from /home/ec2-user/environment/lab4_model_training/venv/lib64/python3.12/site-packages/airflow/example_dags/example_branch_operator.py
[2026-05-04T01:22:35.202+0000] {processor.py:927} WARNING - No viable dags retrieved from /home/ec2-user/environment/lab4_model_training/venv/lib64/python3.12/site-packages/airflow/example_dags/example_branch_operator.py
[2026-05-04T01:22:35.210+0000] {processor.py:208} INFO - Processing /home/ec2-user/environment/lab4_model_training/venv/lib64/python3.12/site-packages/airflow/example_dags/example_branch_operator.py took 0.018 seconds
[2026-05-04T01:23:38.618+0000] {processor.py:186} INFO - Started process (PID=30695) to work on /home/ec2-user/environment/lab4_model_training/venv/lib64/python3.12/site-packages/airflow/example_dags/example_branch_operator.py
[2026-05-04T01:23:38.620+0000] {processor.py:914} INFO - Processing file /home/ec2-user/environment/lab4_model_training/venv/lib64/python3.12/site-packages/airflow/example_dags/example_branch_operator.py for tasks to queue
[2026-05-04T01:23:38.621+0000] {logging_mixin.py:190} INFO - [2026-05-04T01:23:38.621+0000] {dagbag.py:588} INFO - Filling up the DagBag from /home/ec2-user/environment/lab4_model_training/venv/lib64/python3.12/site-packages/airflow/example_dags/example_branch_operator.py
[2026-05-04T01:23:38.624+0000] {processor.py:927} WARNING - No viable dags retrieved from /home/ec2-user/environment/lab4_model_training/venv/lib64/python3.12/site-packages/airflow/example_dags/example_branch_operator.py
[2026-05-04T01:23:38.632+0000] {processor.py:208} INFO - Processing /home/ec2-user/environment/lab4_model_training/venv/lib64/python3.12/site-packages/airflow/example_dags/example_branch_operator.py took 0.018 seconds
