[2026-05-04T00:20:14.040+0000] {processor.py:186} INFO - Started process (PID=12689) to work on /home/ec2-user/environment/lab4_model_training/venv/lib64/python3.12/site-packages/airflow/example_dags/example_complex.py
[2026-05-04T00:20:14.041+0000] {processor.py:914} INFO - Processing file /home/ec2-user/environment/lab4_model_training/venv/lib64/python3.12/site-packages/airflow/example_dags/example_complex.py for tasks to queue
[2026-05-04T00:20:14.043+0000] {logging_mixin.py:190} INFO - [2026-05-04T00:20:14.042+0000] {dagbag.py:588} INFO - Filling up the DagBag from /home/ec2-user/environment/lab4_model_training/venv/lib64/python3.12/site-packages/airflow/example_dags/example_complex.py
[2026-05-04T00:20:14.054+0000] {processor.py:925} INFO - DAG(s) 'example_complex' retrieved from /home/ec2-user/environment/lab4_model_training/venv/lib64/python3.12/site-packages/airflow/example_dags/example_complex.py
[2026-05-04T00:20:14.081+0000] {logging_mixin.py:190} INFO - [2026-05-04T00:20:14.081+0000] {dag.py:3239} INFO - Sync 1 DAGs
[2026-05-04T00:20:14.091+0000] {logging_mixin.py:190} INFO - [2026-05-04T00:20:14.091+0000] {dag.py:4180} INFO - Setting next_dagrun for example_complex to None, run_after=None
[2026-05-04T00:20:14.109+0000] {processor.py:208} INFO - Processing /home/ec2-user/environment/lab4_model_training/venv/lib64/python3.12/site-packages/airflow/example_dags/example_complex.py took 0.074 seconds
[2026-05-04T00:21:18.128+0000] {processor.py:186} INFO - Started process (PID=13104) to work on /home/ec2-user/environment/lab4_model_training/venv/lib64/python3.12/site-packages/airflow/example_dags/example_complex.py
[2026-05-04T00:21:18.129+0000] {processor.py:914} INFO - Processing file /home/ec2-user/environment/lab4_model_training/venv/lib64/python3.12/site-packages/airflow/example_dags/example_complex.py for tasks to queue
[2026-05-04T00:21:18.131+0000] {logging_mixin.py:190} INFO - [2026-05-04T00:21:18.131+0000] {dagbag.py:588} INFO - Filling up the DagBag from /home/ec2-user/environment/lab4_model_training/venv/lib64/python3.12/site-packages/airflow/example_dags/example_complex.py
[2026-05-04T00:21:18.141+0000] {processor.py:925} INFO - DAG(s) 'example_complex' retrieved from /home/ec2-user/environment/lab4_model_training/venv/lib64/python3.12/site-packages/airflow/example_dags/example_complex.py
[2026-05-04T00:21:18.162+0000] {logging_mixin.py:190} INFO - [2026-05-04T00:21:18.162+0000] {dag.py:3239} INFO - Sync 1 DAGs
[2026-05-04T00:21:18.172+0000] {logging_mixin.py:190} INFO - [2026-05-04T00:21:18.172+0000] {dag.py:4180} INFO - Setting next_dagrun for example_complex to None, run_after=None
[2026-05-04T00:21:18.189+0000] {processor.py:208} INFO - Processing /home/ec2-user/environment/lab4_model_training/venv/lib64/python3.12/site-packages/airflow/example_dags/example_complex.py took 0.065 seconds
[2026-05-04T00:22:48.696+0000] {processor.py:186} INFO - Started process (PID=13822) to work on /home/ec2-user/environment/lab4_model_training/venv/lib64/python3.12/site-packages/airflow/example_dags/example_complex.py
[2026-05-04T00:22:48.697+0000] {processor.py:914} INFO - Processing file /home/ec2-user/environment/lab4_model_training/venv/lib64/python3.12/site-packages/airflow/example_dags/example_complex.py for tasks to queue
[2026-05-04T00:22:48.699+0000] {logging_mixin.py:190} INFO - [2026-05-04T00:22:48.699+0000] {dagbag.py:588} INFO - Filling up the DagBag from /home/ec2-user/environment/lab4_model_training/venv/lib64/python3.12/site-packages/airflow/example_dags/example_complex.py
[2026-05-04T00:22:48.714+0000] {processor.py:925} INFO - DAG(s) 'example_complex' retrieved from /home/ec2-user/environment/lab4_model_training/venv/lib64/python3.12/site-packages/airflow/example_dags/example_complex.py
[2026-05-04T00:22:48.739+0000] {logging_mixin.py:190} INFO - [2026-05-04T00:22:48.739+0000] {dag.py:3239} INFO - Sync 1 DAGs
[2026-05-04T00:22:48.750+0000] {logging_mixin.py:190} INFO - [2026-05-04T00:22:48.750+0000] {dag.py:4180} INFO - Setting next_dagrun for example_complex to None, run_after=None
[2026-05-04T00:22:48.773+0000] {processor.py:208} INFO - Processing /home/ec2-user/environment/lab4_model_training/venv/lib64/python3.12/site-packages/airflow/example_dags/example_complex.py took 0.082 seconds
[2026-05-04T00:23:57.590+0000] {processor.py:186} INFO - Started process (PID=14370) to work on /home/ec2-user/environment/lab4_model_training/venv/lib64/python3.12/site-packages/airflow/example_dags/example_complex.py
[2026-05-04T00:23:57.591+0000] {processor.py:914} INFO - Processing file /home/ec2-user/environment/lab4_model_training/venv/lib64/python3.12/site-packages/airflow/example_dags/example_complex.py for tasks to queue
[2026-05-04T00:23:57.593+0000] {logging_mixin.py:190} INFO - [2026-05-04T00:23:57.592+0000] {dagbag.py:588} INFO - Filling up the DagBag from /home/ec2-user/environment/lab4_model_training/venv/lib64/python3.12/site-packages/airflow/example_dags/example_complex.py
[2026-05-04T00:23:57.607+0000] {processor.py:925} INFO - DAG(s) 'example_complex' retrieved from /home/ec2-user/environment/lab4_model_training/venv/lib64/python3.12/site-packages/airflow/example_dags/example_complex.py
[2026-05-04T00:23:57.629+0000] {logging_mixin.py:190} INFO - [2026-05-04T00:23:57.629+0000] {dag.py:3239} INFO - Sync 1 DAGs
[2026-05-04T00:23:57.639+0000] {logging_mixin.py:190} INFO - [2026-05-04T00:23:57.639+0000] {dag.py:4180} INFO - Setting next_dagrun for example_complex to None, run_after=None
[2026-05-04T00:23:57.657+0000] {processor.py:208} INFO - Processing /home/ec2-user/environment/lab4_model_training/venv/lib64/python3.12/site-packages/airflow/example_dags/example_complex.py took 0.072 seconds
[2026-05-04T00:25:06.433+0000] {processor.py:186} INFO - Started process (PID=15242) to work on /home/ec2-user/environment/lab4_model_training/venv/lib64/python3.12/site-packages/airflow/example_dags/example_complex.py
[2026-05-04T00:25:06.434+0000] {processor.py:914} INFO - Processing file /home/ec2-user/environment/lab4_model_training/venv/lib64/python3.12/site-packages/airflow/example_dags/example_complex.py for tasks to queue
[2026-05-04T00:25:06.436+0000] {logging_mixin.py:190} INFO - [2026-05-04T00:25:06.436+0000] {dagbag.py:588} INFO - Filling up the DagBag from /home/ec2-user/environment/lab4_model_training/venv/lib64/python3.12/site-packages/airflow/example_dags/example_complex.py
[2026-05-04T00:25:06.450+0000] {processor.py:925} INFO - DAG(s) 'example_complex' retrieved from /home/ec2-user/environment/lab4_model_training/venv/lib64/python3.12/site-packages/airflow/example_dags/example_complex.py
[2026-05-04T00:25:06.472+0000] {logging_mixin.py:190} INFO - [2026-05-04T00:25:06.472+0000] {dag.py:3239} INFO - Sync 1 DAGs
[2026-05-04T00:25:06.483+0000] {logging_mixin.py:190} INFO - [2026-05-04T00:25:06.483+0000] {dag.py:4180} INFO - Setting next_dagrun for example_complex to None, run_after=None
[2026-05-04T00:25:06.504+0000] {processor.py:208} INFO - Processing /home/ec2-user/environment/lab4_model_training/venv/lib64/python3.12/site-packages/airflow/example_dags/example_complex.py took 0.075 seconds
[2026-05-04T00:26:09.546+0000] {processor.py:186} INFO - Started process (PID=15707) to work on /home/ec2-user/environment/lab4_model_training/venv/lib64/python3.12/site-packages/airflow/example_dags/example_complex.py
[2026-05-04T00:26:09.547+0000] {processor.py:914} INFO - Processing file /home/ec2-user/environment/lab4_model_training/venv/lib64/python3.12/site-packages/airflow/example_dags/example_complex.py for tasks to queue
[2026-05-04T00:26:09.549+0000] {logging_mixin.py:190} INFO - [2026-05-04T00:26:09.549+0000] {dagbag.py:588} INFO - Filling up the DagBag from /home/ec2-user/environment/lab4_model_training/venv/lib64/python3.12/site-packages/airflow/example_dags/example_complex.py
[2026-05-04T00:26:09.559+0000] {processor.py:925} INFO - DAG(s) 'example_complex' retrieved from /home/ec2-user/environment/lab4_model_training/venv/lib64/python3.12/site-packages/airflow/example_dags/example_complex.py
[2026-05-04T00:26:09.580+0000] {logging_mixin.py:190} INFO - [2026-05-04T00:26:09.580+0000] {dag.py:3239} INFO - Sync 1 DAGs
[2026-05-04T00:26:09.590+0000] {logging_mixin.py:190} INFO - [2026-05-04T00:26:09.590+0000] {dag.py:4180} INFO - Setting next_dagrun for example_complex to None, run_after=None
[2026-05-04T00:26:09.608+0000] {processor.py:208} INFO - Processing /home/ec2-user/environment/lab4_model_training/venv/lib64/python3.12/site-packages/airflow/example_dags/example_complex.py took 0.067 seconds
[2026-05-04T00:27:17.742+0000] {processor.py:186} INFO - Started process (PID=16161) to work on /home/ec2-user/environment/lab4_model_training/venv/lib64/python3.12/site-packages/airflow/example_dags/example_complex.py
[2026-05-04T00:27:17.743+0000] {processor.py:914} INFO - Processing file /home/ec2-user/environment/lab4_model_training/venv/lib64/python3.12/site-packages/airflow/example_dags/example_complex.py for tasks to queue
[2026-05-04T00:27:17.745+0000] {logging_mixin.py:190} INFO - [2026-05-04T00:27:17.744+0000] {dagbag.py:588} INFO - Filling up the DagBag from /home/ec2-user/environment/lab4_model_training/venv/lib64/python3.12/site-packages/airflow/example_dags/example_complex.py
[2026-05-04T00:27:17.754+0000] {processor.py:925} INFO - DAG(s) 'example_complex' retrieved from /home/ec2-user/environment/lab4_model_training/venv/lib64/python3.12/site-packages/airflow/example_dags/example_complex.py
[2026-05-04T00:27:17.775+0000] {logging_mixin.py:190} INFO - [2026-05-04T00:27:17.775+0000] {dag.py:3239} INFO - Sync 1 DAGs
[2026-05-04T00:27:17.785+0000] {logging_mixin.py:190} INFO - [2026-05-04T00:27:17.785+0000] {dag.py:4180} INFO - Setting next_dagrun for example_complex to None, run_after=None
[2026-05-04T00:27:17.803+0000] {processor.py:208} INFO - Processing /home/ec2-user/environment/lab4_model_training/venv/lib64/python3.12/site-packages/airflow/example_dags/example_complex.py took 0.065 seconds
[2026-05-04T00:28:22.569+0000] {processor.py:186} INFO - Started process (PID=16639) to work on /home/ec2-user/environment/lab4_model_training/venv/lib64/python3.12/site-packages/airflow/example_dags/example_complex.py
[2026-05-04T00:28:22.570+0000] {processor.py:914} INFO - Processing file /home/ec2-user/environment/lab4_model_training/venv/lib64/python3.12/site-packages/airflow/example_dags/example_complex.py for tasks to queue
[2026-05-04T00:28:22.572+0000] {logging_mixin.py:190} INFO - [2026-05-04T00:28:22.571+0000] {dagbag.py:588} INFO - Filling up the DagBag from /home/ec2-user/environment/lab4_model_training/venv/lib64/python3.12/site-packages/airflow/example_dags/example_complex.py
[2026-05-04T00:28:22.582+0000] {processor.py:925} INFO - DAG(s) 'example_complex' retrieved from /home/ec2-user/environment/lab4_model_training/venv/lib64/python3.12/site-packages/airflow/example_dags/example_complex.py
[2026-05-04T00:28:22.604+0000] {logging_mixin.py:190} INFO - [2026-05-04T00:28:22.603+0000] {dag.py:3239} INFO - Sync 1 DAGs
[2026-05-04T00:28:22.614+0000] {logging_mixin.py:190} INFO - [2026-05-04T00:28:22.614+0000] {dag.py:4180} INFO - Setting next_dagrun for example_complex to None, run_after=None
[2026-05-04T00:28:22.634+0000] {processor.py:208} INFO - Processing /home/ec2-user/environment/lab4_model_training/venv/lib64/python3.12/site-packages/airflow/example_dags/example_complex.py took 0.069 seconds
[2026-05-04T00:29:23.382+0000] {processor.py:186} INFO - Started process (PID=17142) to work on /home/ec2-user/environment/lab4_model_training/venv/lib64/python3.12/site-packages/airflow/example_dags/example_complex.py
[2026-05-04T00:29:23.383+0000] {processor.py:914} INFO - Processing file /home/ec2-user/environment/lab4_model_training/venv/lib64/python3.12/site-packages/airflow/example_dags/example_complex.py for tasks to queue
[2026-05-04T00:29:23.385+0000] {logging_mixin.py:190} INFO - [2026-05-04T00:29:23.384+0000] {dagbag.py:588} INFO - Filling up the DagBag from /home/ec2-user/environment/lab4_model_training/venv/lib64/python3.12/site-packages/airflow/example_dags/example_complex.py
[2026-05-04T00:29:23.395+0000] {processor.py:925} INFO - DAG(s) 'example_complex' retrieved from /home/ec2-user/environment/lab4_model_training/venv/lib64/python3.12/site-packages/airflow/example_dags/example_complex.py
[2026-05-04T00:29:23.416+0000] {logging_mixin.py:190} INFO - [2026-05-04T00:29:23.416+0000] {dag.py:3239} INFO - Sync 1 DAGs
[2026-05-04T00:29:23.427+0000] {logging_mixin.py:190} INFO - [2026-05-04T00:29:23.427+0000] {dag.py:4180} INFO - Setting next_dagrun for example_complex to None, run_after=None
[2026-05-04T00:29:23.444+0000] {processor.py:208} INFO - Processing /home/ec2-user/environment/lab4_model_training/venv/lib64/python3.12/site-packages/airflow/example_dags/example_complex.py took 0.067 seconds
[2026-05-04T00:30:05.235+0000] {processor.py:186} INFO - Started process (PID=17439) to work on /home/ec2-user/environment/lab4_model_training/venv/lib64/python3.12/site-packages/airflow/example_dags/example_complex.py
[2026-05-04T00:30:05.237+0000] {processor.py:914} INFO - Processing file /home/ec2-user/environment/lab4_model_training/venv/lib64/python3.12/site-packages/airflow/example_dags/example_complex.py for tasks to queue
[2026-05-04T00:30:05.239+0000] {logging_mixin.py:190} INFO - [2026-05-04T00:30:05.239+0000] {dagbag.py:588} INFO - Filling up the DagBag from /home/ec2-user/environment/lab4_model_training/venv/lib64/python3.12/site-packages/airflow/example_dags/example_complex.py
[2026-05-04T00:30:05.253+0000] {processor.py:925} INFO - DAG(s) 'example_complex' retrieved from /home/ec2-user/environment/lab4_model_training/venv/lib64/python3.12/site-packages/airflow/example_dags/example_complex.py
[2026-05-04T00:30:05.279+0000] {logging_mixin.py:190} INFO - [2026-05-04T00:30:05.279+0000] {dag.py:3239} INFO - Sync 1 DAGs
[2026-05-04T00:30:05.291+0000] {logging_mixin.py:190} INFO - [2026-05-04T00:30:05.291+0000] {dag.py:4180} INFO - Setting next_dagrun for example_complex to None, run_after=None
[2026-05-04T00:30:05.312+0000] {processor.py:208} INFO - Processing /home/ec2-user/environment/lab4_model_training/venv/lib64/python3.12/site-packages/airflow/example_dags/example_complex.py took 0.085 seconds
[2026-05-04T00:31:06.141+0000] {processor.py:186} INFO - Started process (PID=17879) to work on /home/ec2-user/environment/lab4_model_training/venv/lib64/python3.12/site-packages/airflow/example_dags/example_complex.py
[2026-05-04T00:31:06.142+0000] {processor.py:914} INFO - Processing file /home/ec2-user/environment/lab4_model_training/venv/lib64/python3.12/site-packages/airflow/example_dags/example_complex.py for tasks to queue
[2026-05-04T00:31:06.144+0000] {logging_mixin.py:190} INFO - [2026-05-04T00:31:06.143+0000] {dagbag.py:588} INFO - Filling up the DagBag from /home/ec2-user/environment/lab4_model_training/venv/lib64/python3.12/site-packages/airflow/example_dags/example_complex.py
[2026-05-04T00:31:06.154+0000] {processor.py:925} INFO - DAG(s) 'example_complex' retrieved from /home/ec2-user/environment/lab4_model_training/venv/lib64/python3.12/site-packages/airflow/example_dags/example_complex.py
[2026-05-04T00:31:06.176+0000] {logging_mixin.py:190} INFO - [2026-05-04T00:31:06.176+0000] {dag.py:3239} INFO - Sync 1 DAGs
[2026-05-04T00:31:06.186+0000] {logging_mixin.py:190} INFO - [2026-05-04T00:31:06.186+0000] {dag.py:4180} INFO - Setting next_dagrun for example_complex to None, run_after=None
[2026-05-04T00:31:06.205+0000] {processor.py:208} INFO - Processing /home/ec2-user/environment/lab4_model_training/venv/lib64/python3.12/site-packages/airflow/example_dags/example_complex.py took 0.068 seconds
[2026-05-04T00:32:10.191+0000] {processor.py:186} INFO - Started process (PID=18320) to work on /home/ec2-user/environment/lab4_model_training/venv/lib64/python3.12/site-packages/airflow/example_dags/example_complex.py
[2026-05-04T00:32:10.193+0000] {processor.py:914} INFO - Processing file /home/ec2-user/environment/lab4_model_training/venv/lib64/python3.12/site-packages/airflow/example_dags/example_complex.py for tasks to queue
[2026-05-04T00:32:10.195+0000] {logging_mixin.py:190} INFO - [2026-05-04T00:32:10.194+0000] {dagbag.py:588} INFO - Filling up the DagBag from /home/ec2-user/environment/lab4_model_training/venv/lib64/python3.12/site-packages/airflow/example_dags/example_complex.py
[2026-05-04T00:32:10.208+0000] {processor.py:925} INFO - DAG(s) 'example_complex' retrieved from /home/ec2-user/environment/lab4_model_training/venv/lib64/python3.12/site-packages/airflow/example_dags/example_complex.py
[2026-05-04T00:32:10.230+0000] {logging_mixin.py:190} INFO - [2026-05-04T00:32:10.230+0000] {dag.py:3239} INFO - Sync 1 DAGs
[2026-05-04T00:32:10.244+0000] {logging_mixin.py:190} INFO - [2026-05-04T00:32:10.243+0000] {dag.py:4180} INFO - Setting next_dagrun for example_complex to None, run_after=None
[2026-05-04T00:32:10.266+0000] {processor.py:208} INFO - Processing /home/ec2-user/environment/lab4_model_training/venv/lib64/python3.12/site-packages/airflow/example_dags/example_complex.py took 0.082 seconds
[2026-05-04T00:33:18.330+0000] {processor.py:186} INFO - Started process (PID=18805) to work on /home/ec2-user/environment/lab4_model_training/venv/lib64/python3.12/site-packages/airflow/example_dags/example_complex.py
[2026-05-04T00:33:18.331+0000] {processor.py:914} INFO - Processing file /home/ec2-user/environment/lab4_model_training/venv/lib64/python3.12/site-packages/airflow/example_dags/example_complex.py for tasks to queue
[2026-05-04T00:33:18.333+0000] {logging_mixin.py:190} INFO - [2026-05-04T00:33:18.333+0000] {dagbag.py:588} INFO - Filling up the DagBag from /home/ec2-user/environment/lab4_model_training/venv/lib64/python3.12/site-packages/airflow/example_dags/example_complex.py
[2026-05-04T00:33:18.344+0000] {processor.py:925} INFO - DAG(s) 'example_complex' retrieved from /home/ec2-user/environment/lab4_model_training/venv/lib64/python3.12/site-packages/airflow/example_dags/example_complex.py
[2026-05-04T00:33:18.365+0000] {logging_mixin.py:190} INFO - [2026-05-04T00:33:18.365+0000] {dag.py:3239} INFO - Sync 1 DAGs
[2026-05-04T00:33:18.376+0000] {logging_mixin.py:190} INFO - [2026-05-04T00:33:18.376+0000] {dag.py:4180} INFO - Setting next_dagrun for example_complex to None, run_after=None
[2026-05-04T00:33:18.393+0000] {processor.py:208} INFO - Processing /home/ec2-user/environment/lab4_model_training/venv/lib64/python3.12/site-packages/airflow/example_dags/example_complex.py took 0.067 seconds
[2026-05-04T00:34:21.328+0000] {processor.py:186} INFO - Started process (PID=19230) to work on /home/ec2-user/environment/lab4_model_training/venv/lib64/python3.12/site-packages/airflow/example_dags/example_complex.py
[2026-05-04T00:34:21.329+0000] {processor.py:914} INFO - Processing file /home/ec2-user/environment/lab4_model_training/venv/lib64/python3.12/site-packages/airflow/example_dags/example_complex.py for tasks to queue
[2026-05-04T00:34:21.331+0000] {logging_mixin.py:190} INFO - [2026-05-04T00:34:21.331+0000] {dagbag.py:588} INFO - Filling up the DagBag from /home/ec2-user/environment/lab4_model_training/venv/lib64/python3.12/site-packages/airflow/example_dags/example_complex.py
[2026-05-04T00:34:21.345+0000] {processor.py:925} INFO - DAG(s) 'example_complex' retrieved from /home/ec2-user/environment/lab4_model_training/venv/lib64/python3.12/site-packages/airflow/example_dags/example_complex.py
[2026-05-04T00:34:21.368+0000] {logging_mixin.py:190} INFO - [2026-05-04T00:34:21.367+0000] {dag.py:3239} INFO - Sync 1 DAGs
[2026-05-04T00:34:21.379+0000] {logging_mixin.py:190} INFO - [2026-05-04T00:34:21.378+0000] {dag.py:4180} INFO - Setting next_dagrun for example_complex to None, run_after=None
[2026-05-04T00:34:21.398+0000] {processor.py:208} INFO - Processing /home/ec2-user/environment/lab4_model_training/venv/lib64/python3.12/site-packages/airflow/example_dags/example_complex.py took 0.074 seconds
[2026-05-04T00:35:23.394+0000] {processor.py:186} INFO - Started process (PID=19679) to work on /home/ec2-user/environment/lab4_model_training/venv/lib64/python3.12/site-packages/airflow/example_dags/example_complex.py
[2026-05-04T00:35:23.396+0000] {processor.py:914} INFO - Processing file /home/ec2-user/environment/lab4_model_training/venv/lib64/python3.12/site-packages/airflow/example_dags/example_complex.py for tasks to queue
[2026-05-04T00:35:23.398+0000] {logging_mixin.py:190} INFO - [2026-05-04T00:35:23.397+0000] {dagbag.py:588} INFO - Filling up the DagBag from /home/ec2-user/environment/lab4_model_training/venv/lib64/python3.12/site-packages/airflow/example_dags/example_complex.py
[2026-05-04T00:35:23.412+0000] {processor.py:925} INFO - DAG(s) 'example_complex' retrieved from /home/ec2-user/environment/lab4_model_training/venv/lib64/python3.12/site-packages/airflow/example_dags/example_complex.py
[2026-05-04T00:35:23.434+0000] {logging_mixin.py:190} INFO - [2026-05-04T00:35:23.434+0000] {dag.py:3239} INFO - Sync 1 DAGs
[2026-05-04T00:35:23.445+0000] {logging_mixin.py:190} INFO - [2026-05-04T00:35:23.444+0000] {dag.py:4180} INFO - Setting next_dagrun for example_complex to None, run_after=None
[2026-05-04T00:35:23.465+0000] {processor.py:208} INFO - Processing /home/ec2-user/environment/lab4_model_training/venv/lib64/python3.12/site-packages/airflow/example_dags/example_complex.py took 0.074 seconds
[2026-05-04T00:36:25.152+0000] {processor.py:186} INFO - Started process (PID=20058) to work on /home/ec2-user/environment/lab4_model_training/venv/lib64/python3.12/site-packages/airflow/example_dags/example_complex.py
[2026-05-04T00:36:25.153+0000] {processor.py:914} INFO - Processing file /home/ec2-user/environment/lab4_model_training/venv/lib64/python3.12/site-packages/airflow/example_dags/example_complex.py for tasks to queue
[2026-05-04T00:36:25.155+0000] {logging_mixin.py:190} INFO - [2026-05-04T00:36:25.154+0000] {dagbag.py:588} INFO - Filling up the DagBag from /home/ec2-user/environment/lab4_model_training/venv/lib64/python3.12/site-packages/airflow/example_dags/example_complex.py
[2026-05-04T00:36:25.168+0000] {processor.py:925} INFO - DAG(s) 'example_complex' retrieved from /home/ec2-user/environment/lab4_model_training/venv/lib64/python3.12/site-packages/airflow/example_dags/example_complex.py
[2026-05-04T00:36:25.192+0000] {logging_mixin.py:190} INFO - [2026-05-04T00:36:25.191+0000] {dag.py:3239} INFO - Sync 1 DAGs
[2026-05-04T00:36:25.203+0000] {logging_mixin.py:190} INFO - [2026-05-04T00:36:25.203+0000] {dag.py:4180} INFO - Setting next_dagrun for example_complex to None, run_after=None
[2026-05-04T00:36:25.223+0000] {processor.py:208} INFO - Processing /home/ec2-user/environment/lab4_model_training/venv/lib64/python3.12/site-packages/airflow/example_dags/example_complex.py took 0.076 seconds
[2026-05-04T00:37:30.446+0000] {processor.py:186} INFO - Started process (PID=20235) to work on /home/ec2-user/environment/lab4_model_training/venv/lib64/python3.12/site-packages/airflow/example_dags/example_complex.py
[2026-05-04T00:37:30.447+0000] {processor.py:914} INFO - Processing file /home/ec2-user/environment/lab4_model_training/venv/lib64/python3.12/site-packages/airflow/example_dags/example_complex.py for tasks to queue
[2026-05-04T00:37:30.449+0000] {logging_mixin.py:190} INFO - [2026-05-04T00:37:30.449+0000] {dagbag.py:588} INFO - Filling up the DagBag from /home/ec2-user/environment/lab4_model_training/venv/lib64/python3.12/site-packages/airflow/example_dags/example_complex.py
[2026-05-04T00:37:30.458+0000] {processor.py:925} INFO - DAG(s) 'example_complex' retrieved from /home/ec2-user/environment/lab4_model_training/venv/lib64/python3.12/site-packages/airflow/example_dags/example_complex.py
[2026-05-04T00:37:30.480+0000] {logging_mixin.py:190} INFO - [2026-05-04T00:37:30.480+0000] {dag.py:3239} INFO - Sync 1 DAGs
[2026-05-04T00:37:30.490+0000] {logging_mixin.py:190} INFO - [2026-05-04T00:37:30.489+0000] {dag.py:4180} INFO - Setting next_dagrun for example_complex to None, run_after=None
[2026-05-04T00:37:30.507+0000] {processor.py:208} INFO - Processing /home/ec2-user/environment/lab4_model_training/venv/lib64/python3.12/site-packages/airflow/example_dags/example_complex.py took 0.065 seconds
[2026-05-04T00:38:37.308+0000] {processor.py:186} INFO - Started process (PID=20404) to work on /home/ec2-user/environment/lab4_model_training/venv/lib64/python3.12/site-packages/airflow/example_dags/example_complex.py
[2026-05-04T00:38:37.310+0000] {processor.py:914} INFO - Processing file /home/ec2-user/environment/lab4_model_training/venv/lib64/python3.12/site-packages/airflow/example_dags/example_complex.py for tasks to queue
[2026-05-04T00:38:37.311+0000] {logging_mixin.py:190} INFO - [2026-05-04T00:38:37.311+0000] {dagbag.py:588} INFO - Filling up the DagBag from /home/ec2-user/environment/lab4_model_training/venv/lib64/python3.12/site-packages/airflow/example_dags/example_complex.py
[2026-05-04T00:38:37.321+0000] {processor.py:925} INFO - DAG(s) 'example_complex' retrieved from /home/ec2-user/environment/lab4_model_training/venv/lib64/python3.12/site-packages/airflow/example_dags/example_complex.py
[2026-05-04T00:38:37.342+0000] {logging_mixin.py:190} INFO - [2026-05-04T00:38:37.342+0000] {dag.py:3239} INFO - Sync 1 DAGs
[2026-05-04T00:38:37.351+0000] {logging_mixin.py:190} INFO - [2026-05-04T00:38:37.351+0000] {dag.py:4180} INFO - Setting next_dagrun for example_complex to None, run_after=None
[2026-05-04T00:38:37.370+0000] {processor.py:208} INFO - Processing /home/ec2-user/environment/lab4_model_training/venv/lib64/python3.12/site-packages/airflow/example_dags/example_complex.py took 0.065 seconds
[2026-05-04T00:39:39.512+0000] {processor.py:186} INFO - Started process (PID=20494) to work on /home/ec2-user/environment/lab4_model_training/venv/lib64/python3.12/site-packages/airflow/example_dags/example_complex.py
[2026-05-04T00:39:39.513+0000] {processor.py:914} INFO - Processing file /home/ec2-user/environment/lab4_model_training/venv/lib64/python3.12/site-packages/airflow/example_dags/example_complex.py for tasks to queue
[2026-05-04T00:39:39.515+0000] {logging_mixin.py:190} INFO - [2026-05-04T00:39:39.514+0000] {dagbag.py:588} INFO - Filling up the DagBag from /home/ec2-user/environment/lab4_model_training/venv/lib64/python3.12/site-packages/airflow/example_dags/example_complex.py
[2026-05-04T00:39:39.525+0000] {processor.py:925} INFO - DAG(s) 'example_complex' retrieved from /home/ec2-user/environment/lab4_model_training/venv/lib64/python3.12/site-packages/airflow/example_dags/example_complex.py
[2026-05-04T00:39:39.545+0000] {logging_mixin.py:190} INFO - [2026-05-04T00:39:39.545+0000] {dag.py:3239} INFO - Sync 1 DAGs
[2026-05-04T00:39:39.556+0000] {logging_mixin.py:190} INFO - [2026-05-04T00:39:39.555+0000] {dag.py:4180} INFO - Setting next_dagrun for example_complex to None, run_after=None
[2026-05-04T00:39:39.574+0000] {processor.py:208} INFO - Processing /home/ec2-user/environment/lab4_model_training/venv/lib64/python3.12/site-packages/airflow/example_dags/example_complex.py took 0.066 seconds
[2026-05-04T00:40:40.114+0000] {processor.py:186} INFO - Started process (PID=20633) to work on /home/ec2-user/environment/lab4_model_training/venv/lib64/python3.12/site-packages/airflow/example_dags/example_complex.py
[2026-05-04T00:40:40.115+0000] {processor.py:914} INFO - Processing file /home/ec2-user/environment/lab4_model_training/venv/lib64/python3.12/site-packages/airflow/example_dags/example_complex.py for tasks to queue
[2026-05-04T00:40:40.117+0000] {logging_mixin.py:190} INFO - [2026-05-04T00:40:40.117+0000] {dagbag.py:588} INFO - Filling up the DagBag from /home/ec2-user/environment/lab4_model_training/venv/lib64/python3.12/site-packages/airflow/example_dags/example_complex.py
[2026-05-04T00:40:40.131+0000] {processor.py:925} INFO - DAG(s) 'example_complex' retrieved from /home/ec2-user/environment/lab4_model_training/venv/lib64/python3.12/site-packages/airflow/example_dags/example_complex.py
[2026-05-04T00:40:40.155+0000] {logging_mixin.py:190} INFO - [2026-05-04T00:40:40.154+0000] {dag.py:3239} INFO - Sync 1 DAGs
[2026-05-04T00:40:40.166+0000] {logging_mixin.py:190} INFO - [2026-05-04T00:40:40.166+0000] {dag.py:4180} INFO - Setting next_dagrun for example_complex to None, run_after=None
[2026-05-04T00:40:40.184+0000] {processor.py:208} INFO - Processing /home/ec2-user/environment/lab4_model_training/venv/lib64/python3.12/site-packages/airflow/example_dags/example_complex.py took 0.074 seconds
[2026-05-04T00:41:44.928+0000] {processor.py:186} INFO - Started process (PID=20772) to work on /home/ec2-user/environment/lab4_model_training/venv/lib64/python3.12/site-packages/airflow/example_dags/example_complex.py
[2026-05-04T00:41:44.929+0000] {processor.py:914} INFO - Processing file /home/ec2-user/environment/lab4_model_training/venv/lib64/python3.12/site-packages/airflow/example_dags/example_complex.py for tasks to queue
[2026-05-04T00:41:44.931+0000] {logging_mixin.py:190} INFO - [2026-05-04T00:41:44.931+0000] {dagbag.py:588} INFO - Filling up the DagBag from /home/ec2-user/environment/lab4_model_training/venv/lib64/python3.12/site-packages/airflow/example_dags/example_complex.py
[2026-05-04T00:41:44.941+0000] {processor.py:925} INFO - DAG(s) 'example_complex' retrieved from /home/ec2-user/environment/lab4_model_training/venv/lib64/python3.12/site-packages/airflow/example_dags/example_complex.py
[2026-05-04T00:41:44.962+0000] {logging_mixin.py:190} INFO - [2026-05-04T00:41:44.962+0000] {dag.py:3239} INFO - Sync 1 DAGs
[2026-05-04T00:41:44.973+0000] {logging_mixin.py:190} INFO - [2026-05-04T00:41:44.972+0000] {dag.py:4180} INFO - Setting next_dagrun for example_complex to None, run_after=None
[2026-05-04T00:41:44.991+0000] {processor.py:208} INFO - Processing /home/ec2-user/environment/lab4_model_training/venv/lib64/python3.12/site-packages/airflow/example_dags/example_complex.py took 0.068 seconds
[2026-05-04T00:42:50.521+0000] {processor.py:186} INFO - Started process (PID=20868) to work on /home/ec2-user/environment/lab4_model_training/venv/lib64/python3.12/site-packages/airflow/example_dags/example_complex.py
[2026-05-04T00:42:50.522+0000] {processor.py:914} INFO - Processing file /home/ec2-user/environment/lab4_model_training/venv/lib64/python3.12/site-packages/airflow/example_dags/example_complex.py for tasks to queue
[2026-05-04T00:42:50.524+0000] {logging_mixin.py:190} INFO - [2026-05-04T00:42:50.524+0000] {dagbag.py:588} INFO - Filling up the DagBag from /home/ec2-user/environment/lab4_model_training/venv/lib64/python3.12/site-packages/airflow/example_dags/example_complex.py
[2026-05-04T00:42:50.534+0000] {processor.py:925} INFO - DAG(s) 'example_complex' retrieved from /home/ec2-user/environment/lab4_model_training/venv/lib64/python3.12/site-packages/airflow/example_dags/example_complex.py
[2026-05-04T00:42:50.555+0000] {logging_mixin.py:190} INFO - [2026-05-04T00:42:50.555+0000] {dag.py:3239} INFO - Sync 1 DAGs
[2026-05-04T00:42:50.566+0000] {logging_mixin.py:190} INFO - [2026-05-04T00:42:50.566+0000] {dag.py:4180} INFO - Setting next_dagrun for example_complex to None, run_after=None
[2026-05-04T00:42:50.583+0000] {processor.py:208} INFO - Processing /home/ec2-user/environment/lab4_model_training/venv/lib64/python3.12/site-packages/airflow/example_dags/example_complex.py took 0.066 seconds
[2026-05-04T00:43:55.526+0000] {processor.py:186} INFO - Started process (PID=21033) to work on /home/ec2-user/environment/lab4_model_training/venv/lib64/python3.12/site-packages/airflow/example_dags/example_complex.py
[2026-05-04T00:43:55.527+0000] {processor.py:914} INFO - Processing file /home/ec2-user/environment/lab4_model_training/venv/lib64/python3.12/site-packages/airflow/example_dags/example_complex.py for tasks to queue
[2026-05-04T00:43:55.529+0000] {logging_mixin.py:190} INFO - [2026-05-04T00:43:55.528+0000] {dagbag.py:588} INFO - Filling up the DagBag from /home/ec2-user/environment/lab4_model_training/venv/lib64/python3.12/site-packages/airflow/example_dags/example_complex.py
[2026-05-04T00:43:55.539+0000] {processor.py:925} INFO - DAG(s) 'example_complex' retrieved from /home/ec2-user/environment/lab4_model_training/venv/lib64/python3.12/site-packages/airflow/example_dags/example_complex.py
[2026-05-04T00:43:55.562+0000] {logging_mixin.py:190} INFO - [2026-05-04T00:43:55.562+0000] {dag.py:3239} INFO - Sync 1 DAGs
[2026-05-04T00:43:55.572+0000] {logging_mixin.py:190} INFO - [2026-05-04T00:43:55.572+0000] {dag.py:4180} INFO - Setting next_dagrun for example_complex to None, run_after=None
[2026-05-04T00:43:55.589+0000] {processor.py:208} INFO - Processing /home/ec2-user/environment/lab4_model_training/venv/lib64/python3.12/site-packages/airflow/example_dags/example_complex.py took 0.069 seconds
[2026-05-04T00:45:00.082+0000] {processor.py:186} INFO - Started process (PID=21138) to work on /home/ec2-user/environment/lab4_model_training/venv/lib64/python3.12/site-packages/airflow/example_dags/example_complex.py
[2026-05-04T00:45:00.084+0000] {processor.py:914} INFO - Processing file /home/ec2-user/environment/lab4_model_training/venv/lib64/python3.12/site-packages/airflow/example_dags/example_complex.py for tasks to queue
[2026-05-04T00:45:00.085+0000] {logging_mixin.py:190} INFO - [2026-05-04T00:45:00.085+0000] {dagbag.py:588} INFO - Filling up the DagBag from /home/ec2-user/environment/lab4_model_training/venv/lib64/python3.12/site-packages/airflow/example_dags/example_complex.py
[2026-05-04T00:45:00.095+0000] {processor.py:925} INFO - DAG(s) 'example_complex' retrieved from /home/ec2-user/environment/lab4_model_training/venv/lib64/python3.12/site-packages/airflow/example_dags/example_complex.py
[2026-05-04T00:45:00.116+0000] {logging_mixin.py:190} INFO - [2026-05-04T00:45:00.116+0000] {dag.py:3239} INFO - Sync 1 DAGs
[2026-05-04T00:45:00.126+0000] {logging_mixin.py:190} INFO - [2026-05-04T00:45:00.126+0000] {dag.py:4180} INFO - Setting next_dagrun for example_complex to None, run_after=None
[2026-05-04T00:45:00.144+0000] {processor.py:208} INFO - Processing /home/ec2-user/environment/lab4_model_training/venv/lib64/python3.12/site-packages/airflow/example_dags/example_complex.py took 0.066 seconds
[2026-05-04T00:46:04.366+0000] {processor.py:186} INFO - Started process (PID=21284) to work on /home/ec2-user/environment/lab4_model_training/venv/lib64/python3.12/site-packages/airflow/example_dags/example_complex.py
[2026-05-04T00:46:04.368+0000] {processor.py:914} INFO - Processing file /home/ec2-user/environment/lab4_model_training/venv/lib64/python3.12/site-packages/airflow/example_dags/example_complex.py for tasks to queue
[2026-05-04T00:46:04.369+0000] {logging_mixin.py:190} INFO - [2026-05-04T00:46:04.369+0000] {dagbag.py:588} INFO - Filling up the DagBag from /home/ec2-user/environment/lab4_model_training/venv/lib64/python3.12/site-packages/airflow/example_dags/example_complex.py
[2026-05-04T00:46:04.378+0000] {processor.py:925} INFO - DAG(s) 'example_complex' retrieved from /home/ec2-user/environment/lab4_model_training/venv/lib64/python3.12/site-packages/airflow/example_dags/example_complex.py
[2026-05-04T00:46:04.399+0000] {logging_mixin.py:190} INFO - [2026-05-04T00:46:04.399+0000] {dag.py:3239} INFO - Sync 1 DAGs
[2026-05-04T00:46:04.409+0000] {logging_mixin.py:190} INFO - [2026-05-04T00:46:04.408+0000] {dag.py:4180} INFO - Setting next_dagrun for example_complex to None, run_after=None
[2026-05-04T00:46:04.425+0000] {processor.py:208} INFO - Processing /home/ec2-user/environment/lab4_model_training/venv/lib64/python3.12/site-packages/airflow/example_dags/example_complex.py took 0.063 seconds
[2026-05-04T00:47:08.454+0000] {processor.py:186} INFO - Started process (PID=21373) to work on /home/ec2-user/environment/lab4_model_training/venv/lib64/python3.12/site-packages/airflow/example_dags/example_complex.py
[2026-05-04T00:47:08.455+0000] {processor.py:914} INFO - Processing file /home/ec2-user/environment/lab4_model_training/venv/lib64/python3.12/site-packages/airflow/example_dags/example_complex.py for tasks to queue
[2026-05-04T00:47:08.457+0000] {logging_mixin.py:190} INFO - [2026-05-04T00:47:08.457+0000] {dagbag.py:588} INFO - Filling up the DagBag from /home/ec2-user/environment/lab4_model_training/venv/lib64/python3.12/site-packages/airflow/example_dags/example_complex.py
[2026-05-04T00:47:08.466+0000] {processor.py:925} INFO - DAG(s) 'example_complex' retrieved from /home/ec2-user/environment/lab4_model_training/venv/lib64/python3.12/site-packages/airflow/example_dags/example_complex.py
[2026-05-04T00:47:08.487+0000] {logging_mixin.py:190} INFO - [2026-05-04T00:47:08.487+0000] {dag.py:3239} INFO - Sync 1 DAGs
[2026-05-04T00:47:08.497+0000] {logging_mixin.py:190} INFO - [2026-05-04T00:47:08.497+0000] {dag.py:4180} INFO - Setting next_dagrun for example_complex to None, run_after=None
[2026-05-04T00:47:08.514+0000] {processor.py:208} INFO - Processing /home/ec2-user/environment/lab4_model_training/venv/lib64/python3.12/site-packages/airflow/example_dags/example_complex.py took 0.064 seconds
[2026-05-04T00:48:07.832+0000] {processor.py:186} INFO - Started process (PID=21506) to work on /home/ec2-user/environment/lab4_model_training/venv/lib64/python3.12/site-packages/airflow/example_dags/example_complex.py
[2026-05-04T00:48:07.833+0000] {processor.py:914} INFO - Processing file /home/ec2-user/environment/lab4_model_training/venv/lib64/python3.12/site-packages/airflow/example_dags/example_complex.py for tasks to queue
[2026-05-04T00:48:07.835+0000] {logging_mixin.py:190} INFO - [2026-05-04T00:48:07.834+0000] {dagbag.py:588} INFO - Filling up the DagBag from /home/ec2-user/environment/lab4_model_training/venv/lib64/python3.12/site-packages/airflow/example_dags/example_complex.py
[2026-05-04T00:48:07.844+0000] {processor.py:925} INFO - DAG(s) 'example_complex' retrieved from /home/ec2-user/environment/lab4_model_training/venv/lib64/python3.12/site-packages/airflow/example_dags/example_complex.py
[2026-05-04T00:48:07.865+0000] {logging_mixin.py:190} INFO - [2026-05-04T00:48:07.865+0000] {dag.py:3239} INFO - Sync 1 DAGs
[2026-05-04T00:48:07.875+0000] {logging_mixin.py:190} INFO - [2026-05-04T00:48:07.875+0000] {dag.py:4180} INFO - Setting next_dagrun for example_complex to None, run_after=None
[2026-05-04T00:48:07.892+0000] {processor.py:208} INFO - Processing /home/ec2-user/environment/lab4_model_training/venv/lib64/python3.12/site-packages/airflow/example_dags/example_complex.py took 0.064 seconds
[2026-05-04T00:49:14.875+0000] {processor.py:186} INFO - Started process (PID=21594) to work on /home/ec2-user/environment/lab4_model_training/venv/lib64/python3.12/site-packages/airflow/example_dags/example_complex.py
[2026-05-04T00:49:14.876+0000] {processor.py:914} INFO - Processing file /home/ec2-user/environment/lab4_model_training/venv/lib64/python3.12/site-packages/airflow/example_dags/example_complex.py for tasks to queue
[2026-05-04T00:49:14.878+0000] {logging_mixin.py:190} INFO - [2026-05-04T00:49:14.877+0000] {dagbag.py:588} INFO - Filling up the DagBag from /home/ec2-user/environment/lab4_model_training/venv/lib64/python3.12/site-packages/airflow/example_dags/example_complex.py
[2026-05-04T00:49:14.887+0000] {processor.py:925} INFO - DAG(s) 'example_complex' retrieved from /home/ec2-user/environment/lab4_model_training/venv/lib64/python3.12/site-packages/airflow/example_dags/example_complex.py
[2026-05-04T00:49:14.908+0000] {logging_mixin.py:190} INFO - [2026-05-04T00:49:14.908+0000] {dag.py:3239} INFO - Sync 1 DAGs
[2026-05-04T00:49:14.917+0000] {logging_mixin.py:190} INFO - [2026-05-04T00:49:14.917+0000] {dag.py:4180} INFO - Setting next_dagrun for example_complex to None, run_after=None
[2026-05-04T00:49:14.934+0000] {processor.py:208} INFO - Processing /home/ec2-user/environment/lab4_model_training/venv/lib64/python3.12/site-packages/airflow/example_dags/example_complex.py took 0.063 seconds
[2026-05-04T00:50:18.036+0000] {processor.py:186} INFO - Started process (PID=21851) to work on /home/ec2-user/environment/lab4_model_training/venv/lib64/python3.12/site-packages/airflow/example_dags/example_complex.py
[2026-05-04T00:50:18.037+0000] {processor.py:914} INFO - Processing file /home/ec2-user/environment/lab4_model_training/venv/lib64/python3.12/site-packages/airflow/example_dags/example_complex.py for tasks to queue
[2026-05-04T00:50:18.039+0000] {logging_mixin.py:190} INFO - [2026-05-04T00:50:18.039+0000] {dagbag.py:588} INFO - Filling up the DagBag from /home/ec2-user/environment/lab4_model_training/venv/lib64/python3.12/site-packages/airflow/example_dags/example_complex.py
[2026-05-04T00:50:18.048+0000] {processor.py:925} INFO - DAG(s) 'example_complex' retrieved from /home/ec2-user/environment/lab4_model_training/venv/lib64/python3.12/site-packages/airflow/example_dags/example_complex.py
[2026-05-04T00:50:18.069+0000] {logging_mixin.py:190} INFO - [2026-05-04T00:50:18.069+0000] {dag.py:3239} INFO - Sync 1 DAGs
[2026-05-04T00:50:18.081+0000] {logging_mixin.py:190} INFO - [2026-05-04T00:50:18.081+0000] {dag.py:4180} INFO - Setting next_dagrun for example_complex to None, run_after=None
[2026-05-04T00:50:18.099+0000] {processor.py:208} INFO - Processing /home/ec2-user/environment/lab4_model_training/venv/lib64/python3.12/site-packages/airflow/example_dags/example_complex.py took 0.067 seconds
[2026-05-04T00:51:24.569+0000] {processor.py:186} INFO - Started process (PID=22118) to work on /home/ec2-user/environment/lab4_model_training/venv/lib64/python3.12/site-packages/airflow/example_dags/example_complex.py
[2026-05-04T00:51:24.571+0000] {processor.py:914} INFO - Processing file /home/ec2-user/environment/lab4_model_training/venv/lib64/python3.12/site-packages/airflow/example_dags/example_complex.py for tasks to queue
[2026-05-04T00:51:24.572+0000] {logging_mixin.py:190} INFO - [2026-05-04T00:51:24.572+0000] {dagbag.py:588} INFO - Filling up the DagBag from /home/ec2-user/environment/lab4_model_training/venv/lib64/python3.12/site-packages/airflow/example_dags/example_complex.py
[2026-05-04T00:51:24.581+0000] {processor.py:925} INFO - DAG(s) 'example_complex' retrieved from /home/ec2-user/environment/lab4_model_training/venv/lib64/python3.12/site-packages/airflow/example_dags/example_complex.py
[2026-05-04T00:51:24.602+0000] {logging_mixin.py:190} INFO - [2026-05-04T00:51:24.602+0000] {dag.py:3239} INFO - Sync 1 DAGs
[2026-05-04T00:51:24.612+0000] {logging_mixin.py:190} INFO - [2026-05-04T00:51:24.612+0000] {dag.py:4180} INFO - Setting next_dagrun for example_complex to None, run_after=None
[2026-05-04T00:51:24.629+0000] {processor.py:208} INFO - Processing /home/ec2-user/environment/lab4_model_training/venv/lib64/python3.12/site-packages/airflow/example_dags/example_complex.py took 0.064 seconds
[2026-05-04T00:52:27.289+0000] {processor.py:186} INFO - Started process (PID=22263) to work on /home/ec2-user/environment/lab4_model_training/venv/lib64/python3.12/site-packages/airflow/example_dags/example_complex.py
[2026-05-04T00:52:27.290+0000] {processor.py:914} INFO - Processing file /home/ec2-user/environment/lab4_model_training/venv/lib64/python3.12/site-packages/airflow/example_dags/example_complex.py for tasks to queue
[2026-05-04T00:52:27.292+0000] {logging_mixin.py:190} INFO - [2026-05-04T00:52:27.292+0000] {dagbag.py:588} INFO - Filling up the DagBag from /home/ec2-user/environment/lab4_model_training/venv/lib64/python3.12/site-packages/airflow/example_dags/example_complex.py
[2026-05-04T00:52:27.301+0000] {processor.py:925} INFO - DAG(s) 'example_complex' retrieved from /home/ec2-user/environment/lab4_model_training/venv/lib64/python3.12/site-packages/airflow/example_dags/example_complex.py
[2026-05-04T00:52:27.322+0000] {logging_mixin.py:190} INFO - [2026-05-04T00:52:27.322+0000] {dag.py:3239} INFO - Sync 1 DAGs
[2026-05-04T00:52:27.332+0000] {logging_mixin.py:190} INFO - [2026-05-04T00:52:27.331+0000] {dag.py:4180} INFO - Setting next_dagrun for example_complex to None, run_after=None
[2026-05-04T00:52:27.349+0000] {processor.py:208} INFO - Processing /home/ec2-user/environment/lab4_model_training/venv/lib64/python3.12/site-packages/airflow/example_dags/example_complex.py took 0.065 seconds
[2026-05-04T00:53:30.209+0000] {processor.py:186} INFO - Started process (PID=22441) to work on /home/ec2-user/environment/lab4_model_training/venv/lib64/python3.12/site-packages/airflow/example_dags/example_complex.py
[2026-05-04T00:53:30.210+0000] {processor.py:914} INFO - Processing file /home/ec2-user/environment/lab4_model_training/venv/lib64/python3.12/site-packages/airflow/example_dags/example_complex.py for tasks to queue
[2026-05-04T00:53:30.212+0000] {logging_mixin.py:190} INFO - [2026-05-04T00:53:30.212+0000] {dagbag.py:588} INFO - Filling up the DagBag from /home/ec2-user/environment/lab4_model_training/venv/lib64/python3.12/site-packages/airflow/example_dags/example_complex.py
[2026-05-04T00:53:30.221+0000] {processor.py:925} INFO - DAG(s) 'example_complex' retrieved from /home/ec2-user/environment/lab4_model_training/venv/lib64/python3.12/site-packages/airflow/example_dags/example_complex.py
[2026-05-04T00:53:30.242+0000] {logging_mixin.py:190} INFO - [2026-05-04T00:53:30.242+0000] {dag.py:3239} INFO - Sync 1 DAGs
[2026-05-04T00:53:30.252+0000] {logging_mixin.py:190} INFO - [2026-05-04T00:53:30.251+0000] {dag.py:4180} INFO - Setting next_dagrun for example_complex to None, run_after=None
[2026-05-04T00:53:30.268+0000] {processor.py:208} INFO - Processing /home/ec2-user/environment/lab4_model_training/venv/lib64/python3.12/site-packages/airflow/example_dags/example_complex.py took 0.064 seconds
[2026-05-04T00:54:40.799+0000] {processor.py:186} INFO - Started process (PID=22644) to work on /home/ec2-user/environment/lab4_model_training/venv/lib64/python3.12/site-packages/airflow/example_dags/example_complex.py
[2026-05-04T00:54:40.800+0000] {processor.py:914} INFO - Processing file /home/ec2-user/environment/lab4_model_training/venv/lib64/python3.12/site-packages/airflow/example_dags/example_complex.py for tasks to queue
[2026-05-04T00:54:40.802+0000] {logging_mixin.py:190} INFO - [2026-05-04T00:54:40.802+0000] {dagbag.py:588} INFO - Filling up the DagBag from /home/ec2-user/environment/lab4_model_training/venv/lib64/python3.12/site-packages/airflow/example_dags/example_complex.py
[2026-05-04T00:54:40.812+0000] {processor.py:925} INFO - DAG(s) 'example_complex' retrieved from /home/ec2-user/environment/lab4_model_training/venv/lib64/python3.12/site-packages/airflow/example_dags/example_complex.py
[2026-05-04T00:54:40.832+0000] {logging_mixin.py:190} INFO - [2026-05-04T00:54:40.832+0000] {dag.py:3239} INFO - Sync 1 DAGs
[2026-05-04T00:54:40.842+0000] {logging_mixin.py:190} INFO - [2026-05-04T00:54:40.842+0000] {dag.py:4180} INFO - Setting next_dagrun for example_complex to None, run_after=None
[2026-05-04T00:54:40.860+0000] {processor.py:208} INFO - Processing /home/ec2-user/environment/lab4_model_training/venv/lib64/python3.12/site-packages/airflow/example_dags/example_complex.py took 0.065 seconds
[2026-05-04T00:55:41.693+0000] {processor.py:186} INFO - Started process (PID=22780) to work on /home/ec2-user/environment/lab4_model_training/venv/lib64/python3.12/site-packages/airflow/example_dags/example_complex.py
[2026-05-04T00:55:41.694+0000] {processor.py:914} INFO - Processing file /home/ec2-user/environment/lab4_model_training/venv/lib64/python3.12/site-packages/airflow/example_dags/example_complex.py for tasks to queue
[2026-05-04T00:55:41.696+0000] {logging_mixin.py:190} INFO - [2026-05-04T00:55:41.696+0000] {dagbag.py:588} INFO - Filling up the DagBag from /home/ec2-user/environment/lab4_model_training/venv/lib64/python3.12/site-packages/airflow/example_dags/example_complex.py
[2026-05-04T00:55:41.706+0000] {processor.py:925} INFO - DAG(s) 'example_complex' retrieved from /home/ec2-user/environment/lab4_model_training/venv/lib64/python3.12/site-packages/airflow/example_dags/example_complex.py
[2026-05-04T00:55:41.727+0000] {logging_mixin.py:190} INFO - [2026-05-04T00:55:41.727+0000] {dag.py:3239} INFO - Sync 1 DAGs
[2026-05-04T00:55:41.737+0000] {logging_mixin.py:190} INFO - [2026-05-04T00:55:41.737+0000] {dag.py:4180} INFO - Setting next_dagrun for example_complex to None, run_after=None
[2026-05-04T00:55:41.754+0000] {processor.py:208} INFO - Processing /home/ec2-user/environment/lab4_model_training/venv/lib64/python3.12/site-packages/airflow/example_dags/example_complex.py took 0.065 seconds
[2026-05-04T00:56:45.297+0000] {processor.py:186} INFO - Started process (PID=22949) to work on /home/ec2-user/environment/lab4_model_training/venv/lib64/python3.12/site-packages/airflow/example_dags/example_complex.py
[2026-05-04T00:56:45.298+0000] {processor.py:914} INFO - Processing file /home/ec2-user/environment/lab4_model_training/venv/lib64/python3.12/site-packages/airflow/example_dags/example_complex.py for tasks to queue
[2026-05-04T00:56:45.299+0000] {logging_mixin.py:190} INFO - [2026-05-04T00:56:45.299+0000] {dagbag.py:588} INFO - Filling up the DagBag from /home/ec2-user/environment/lab4_model_training/venv/lib64/python3.12/site-packages/airflow/example_dags/example_complex.py
[2026-05-04T00:56:45.309+0000] {processor.py:925} INFO - DAG(s) 'example_complex' retrieved from /home/ec2-user/environment/lab4_model_training/venv/lib64/python3.12/site-packages/airflow/example_dags/example_complex.py
[2026-05-04T00:56:45.330+0000] {logging_mixin.py:190} INFO - [2026-05-04T00:56:45.329+0000] {dag.py:3239} INFO - Sync 1 DAGs
[2026-05-04T00:56:45.340+0000] {logging_mixin.py:190} INFO - [2026-05-04T00:56:45.340+0000] {dag.py:4180} INFO - Setting next_dagrun for example_complex to None, run_after=None
[2026-05-04T00:56:45.356+0000] {processor.py:208} INFO - Processing /home/ec2-user/environment/lab4_model_training/venv/lib64/python3.12/site-packages/airflow/example_dags/example_complex.py took 0.064 seconds
[2026-05-04T00:57:52.546+0000] {processor.py:186} INFO - Started process (PID=23089) to work on /home/ec2-user/environment/lab4_model_training/venv/lib64/python3.12/site-packages/airflow/example_dags/example_complex.py
[2026-05-04T00:57:52.548+0000] {processor.py:914} INFO - Processing file /home/ec2-user/environment/lab4_model_training/venv/lib64/python3.12/site-packages/airflow/example_dags/example_complex.py for tasks to queue
[2026-05-04T00:57:52.549+0000] {logging_mixin.py:190} INFO - [2026-05-04T00:57:52.549+0000] {dagbag.py:588} INFO - Filling up the DagBag from /home/ec2-user/environment/lab4_model_training/venv/lib64/python3.12/site-packages/airflow/example_dags/example_complex.py
[2026-05-04T00:57:52.558+0000] {processor.py:925} INFO - DAG(s) 'example_complex' retrieved from /home/ec2-user/environment/lab4_model_training/venv/lib64/python3.12/site-packages/airflow/example_dags/example_complex.py
[2026-05-04T00:57:52.580+0000] {logging_mixin.py:190} INFO - [2026-05-04T00:57:52.580+0000] {dag.py:3239} INFO - Sync 1 DAGs
[2026-05-04T00:57:52.590+0000] {logging_mixin.py:190} INFO - [2026-05-04T00:57:52.590+0000] {dag.py:4180} INFO - Setting next_dagrun for example_complex to None, run_after=None
[2026-05-04T00:57:52.608+0000] {processor.py:208} INFO - Processing /home/ec2-user/environment/lab4_model_training/venv/lib64/python3.12/site-packages/airflow/example_dags/example_complex.py took 0.067 seconds
[2026-05-04T00:58:58.116+0000] {processor.py:186} INFO - Started process (PID=23242) to work on /home/ec2-user/environment/lab4_model_training/venv/lib64/python3.12/site-packages/airflow/example_dags/example_complex.py
[2026-05-04T00:58:58.118+0000] {processor.py:914} INFO - Processing file /home/ec2-user/environment/lab4_model_training/venv/lib64/python3.12/site-packages/airflow/example_dags/example_complex.py for tasks to queue
[2026-05-04T00:58:58.119+0000] {logging_mixin.py:190} INFO - [2026-05-04T00:58:58.119+0000] {dagbag.py:588} INFO - Filling up the DagBag from /home/ec2-user/environment/lab4_model_training/venv/lib64/python3.12/site-packages/airflow/example_dags/example_complex.py
[2026-05-04T00:58:58.130+0000] {processor.py:925} INFO - DAG(s) 'example_complex' retrieved from /home/ec2-user/environment/lab4_model_training/venv/lib64/python3.12/site-packages/airflow/example_dags/example_complex.py
[2026-05-04T00:58:58.153+0000] {logging_mixin.py:190} INFO - [2026-05-04T00:58:58.152+0000] {dag.py:3239} INFO - Sync 1 DAGs
[2026-05-04T00:58:58.163+0000] {logging_mixin.py:190} INFO - [2026-05-04T00:58:58.162+0000] {dag.py:4180} INFO - Setting next_dagrun for example_complex to None, run_after=None
[2026-05-04T00:58:58.181+0000] {processor.py:208} INFO - Processing /home/ec2-user/environment/lab4_model_training/venv/lib64/python3.12/site-packages/airflow/example_dags/example_complex.py took 0.069 seconds
[2026-05-04T01:00:08.221+0000] {processor.py:186} INFO - Started process (PID=23403) to work on /home/ec2-user/environment/lab4_model_training/venv/lib64/python3.12/site-packages/airflow/example_dags/example_complex.py
[2026-05-04T01:00:08.222+0000] {processor.py:914} INFO - Processing file /home/ec2-user/environment/lab4_model_training/venv/lib64/python3.12/site-packages/airflow/example_dags/example_complex.py for tasks to queue
[2026-05-04T01:00:08.224+0000] {logging_mixin.py:190} INFO - [2026-05-04T01:00:08.224+0000] {dagbag.py:588} INFO - Filling up the DagBag from /home/ec2-user/environment/lab4_model_training/venv/lib64/python3.12/site-packages/airflow/example_dags/example_complex.py
[2026-05-04T01:00:08.234+0000] {processor.py:925} INFO - DAG(s) 'example_complex' retrieved from /home/ec2-user/environment/lab4_model_training/venv/lib64/python3.12/site-packages/airflow/example_dags/example_complex.py
[2026-05-04T01:00:08.254+0000] {logging_mixin.py:190} INFO - [2026-05-04T01:00:08.254+0000] {dag.py:3239} INFO - Sync 1 DAGs
[2026-05-04T01:00:08.264+0000] {logging_mixin.py:190} INFO - [2026-05-04T01:00:08.264+0000] {dag.py:4180} INFO - Setting next_dagrun for example_complex to None, run_after=None
[2026-05-04T01:00:08.281+0000] {processor.py:208} INFO - Processing /home/ec2-user/environment/lab4_model_training/venv/lib64/python3.12/site-packages/airflow/example_dags/example_complex.py took 0.065 seconds
[2026-05-04T01:01:16.509+0000] {processor.py:186} INFO - Started process (PID=23583) to work on /home/ec2-user/environment/lab4_model_training/venv/lib64/python3.12/site-packages/airflow/example_dags/example_complex.py
[2026-05-04T01:01:16.510+0000] {processor.py:914} INFO - Processing file /home/ec2-user/environment/lab4_model_training/venv/lib64/python3.12/site-packages/airflow/example_dags/example_complex.py for tasks to queue
[2026-05-04T01:01:16.512+0000] {logging_mixin.py:190} INFO - [2026-05-04T01:01:16.511+0000] {dagbag.py:588} INFO - Filling up the DagBag from /home/ec2-user/environment/lab4_model_training/venv/lib64/python3.12/site-packages/airflow/example_dags/example_complex.py
[2026-05-04T01:01:16.521+0000] {processor.py:925} INFO - DAG(s) 'example_complex' retrieved from /home/ec2-user/environment/lab4_model_training/venv/lib64/python3.12/site-packages/airflow/example_dags/example_complex.py
[2026-05-04T01:01:16.541+0000] {logging_mixin.py:190} INFO - [2026-05-04T01:01:16.541+0000] {dag.py:3239} INFO - Sync 1 DAGs
[2026-05-04T01:01:16.551+0000] {logging_mixin.py:190} INFO - [2026-05-04T01:01:16.551+0000] {dag.py:4180} INFO - Setting next_dagrun for example_complex to None, run_after=None
[2026-05-04T01:01:16.568+0000] {processor.py:208} INFO - Processing /home/ec2-user/environment/lab4_model_training/venv/lib64/python3.12/site-packages/airflow/example_dags/example_complex.py took 0.064 seconds
[2026-05-04T01:02:22.699+0000] {processor.py:186} INFO - Started process (PID=23672) to work on /home/ec2-user/environment/lab4_model_training/venv/lib64/python3.12/site-packages/airflow/example_dags/example_complex.py
[2026-05-04T01:02:22.700+0000] {processor.py:914} INFO - Processing file /home/ec2-user/environment/lab4_model_training/venv/lib64/python3.12/site-packages/airflow/example_dags/example_complex.py for tasks to queue
[2026-05-04T01:02:22.702+0000] {logging_mixin.py:190} INFO - [2026-05-04T01:02:22.702+0000] {dagbag.py:588} INFO - Filling up the DagBag from /home/ec2-user/environment/lab4_model_training/venv/lib64/python3.12/site-packages/airflow/example_dags/example_complex.py
[2026-05-04T01:02:22.711+0000] {processor.py:925} INFO - DAG(s) 'example_complex' retrieved from /home/ec2-user/environment/lab4_model_training/venv/lib64/python3.12/site-packages/airflow/example_dags/example_complex.py
[2026-05-04T01:02:22.733+0000] {logging_mixin.py:190} INFO - [2026-05-04T01:02:22.733+0000] {dag.py:3239} INFO - Sync 1 DAGs
[2026-05-04T01:02:22.743+0000] {logging_mixin.py:190} INFO - [2026-05-04T01:02:22.743+0000] {dag.py:4180} INFO - Setting next_dagrun for example_complex to None, run_after=None
[2026-05-04T01:02:22.760+0000] {processor.py:208} INFO - Processing /home/ec2-user/environment/lab4_model_training/venv/lib64/python3.12/site-packages/airflow/example_dags/example_complex.py took 0.066 seconds
[2026-05-04T01:03:26.199+0000] {processor.py:186} INFO - Started process (PID=23812) to work on /home/ec2-user/environment/lab4_model_training/venv/lib64/python3.12/site-packages/airflow/example_dags/example_complex.py
[2026-05-04T01:03:26.200+0000] {processor.py:914} INFO - Processing file /home/ec2-user/environment/lab4_model_training/venv/lib64/python3.12/site-packages/airflow/example_dags/example_complex.py for tasks to queue
[2026-05-04T01:03:26.202+0000] {logging_mixin.py:190} INFO - [2026-05-04T01:03:26.201+0000] {dagbag.py:588} INFO - Filling up the DagBag from /home/ec2-user/environment/lab4_model_training/venv/lib64/python3.12/site-packages/airflow/example_dags/example_complex.py
[2026-05-04T01:03:26.211+0000] {processor.py:925} INFO - DAG(s) 'example_complex' retrieved from /home/ec2-user/environment/lab4_model_training/venv/lib64/python3.12/site-packages/airflow/example_dags/example_complex.py
[2026-05-04T01:03:26.232+0000] {logging_mixin.py:190} INFO - [2026-05-04T01:03:26.232+0000] {dag.py:3239} INFO - Sync 1 DAGs
[2026-05-04T01:03:26.242+0000] {logging_mixin.py:190} INFO - [2026-05-04T01:03:26.242+0000] {dag.py:4180} INFO - Setting next_dagrun for example_complex to None, run_after=None
[2026-05-04T01:03:26.260+0000] {processor.py:208} INFO - Processing /home/ec2-user/environment/lab4_model_training/venv/lib64/python3.12/site-packages/airflow/example_dags/example_complex.py took 0.066 seconds
[2026-05-04T01:04:36.402+0000] {processor.py:186} INFO - Started process (PID=23950) to work on /home/ec2-user/environment/lab4_model_training/venv/lib64/python3.12/site-packages/airflow/example_dags/example_complex.py
[2026-05-04T01:04:36.403+0000] {processor.py:914} INFO - Processing file /home/ec2-user/environment/lab4_model_training/venv/lib64/python3.12/site-packages/airflow/example_dags/example_complex.py for tasks to queue
[2026-05-04T01:04:36.404+0000] {logging_mixin.py:190} INFO - [2026-05-04T01:04:36.404+0000] {dagbag.py:588} INFO - Filling up the DagBag from /home/ec2-user/environment/lab4_model_training/venv/lib64/python3.12/site-packages/airflow/example_dags/example_complex.py
[2026-05-04T01:04:36.413+0000] {processor.py:925} INFO - DAG(s) 'example_complex' retrieved from /home/ec2-user/environment/lab4_model_training/venv/lib64/python3.12/site-packages/airflow/example_dags/example_complex.py
[2026-05-04T01:04:36.435+0000] {logging_mixin.py:190} INFO - [2026-05-04T01:04:36.434+0000] {dag.py:3239} INFO - Sync 1 DAGs
[2026-05-04T01:04:36.444+0000] {logging_mixin.py:190} INFO - [2026-05-04T01:04:36.444+0000] {dag.py:4180} INFO - Setting next_dagrun for example_complex to None, run_after=None
[2026-05-04T01:04:36.462+0000] {processor.py:208} INFO - Processing /home/ec2-user/environment/lab4_model_training/venv/lib64/python3.12/site-packages/airflow/example_dags/example_complex.py took 0.065 seconds
[2026-05-04T01:05:40.746+0000] {processor.py:186} INFO - Started process (PID=24037) to work on /home/ec2-user/environment/lab4_model_training/venv/lib64/python3.12/site-packages/airflow/example_dags/example_complex.py
[2026-05-04T01:05:40.747+0000] {processor.py:914} INFO - Processing file /home/ec2-user/environment/lab4_model_training/venv/lib64/python3.12/site-packages/airflow/example_dags/example_complex.py for tasks to queue
[2026-05-04T01:05:40.748+0000] {logging_mixin.py:190} INFO - [2026-05-04T01:05:40.748+0000] {dagbag.py:588} INFO - Filling up the DagBag from /home/ec2-user/environment/lab4_model_training/venv/lib64/python3.12/site-packages/airflow/example_dags/example_complex.py
[2026-05-04T01:05:40.758+0000] {processor.py:925} INFO - DAG(s) 'example_complex' retrieved from /home/ec2-user/environment/lab4_model_training/venv/lib64/python3.12/site-packages/airflow/example_dags/example_complex.py
[2026-05-04T01:05:40.778+0000] {logging_mixin.py:190} INFO - [2026-05-04T01:05:40.778+0000] {dag.py:3239} INFO - Sync 1 DAGs
[2026-05-04T01:05:40.788+0000] {logging_mixin.py:190} INFO - [2026-05-04T01:05:40.788+0000] {dag.py:4180} INFO - Setting next_dagrun for example_complex to None, run_after=None
[2026-05-04T01:05:40.806+0000] {processor.py:208} INFO - Processing /home/ec2-user/environment/lab4_model_training/venv/lib64/python3.12/site-packages/airflow/example_dags/example_complex.py took 0.065 seconds
[2026-05-04T01:06:49.629+0000] {processor.py:186} INFO - Started process (PID=24176) to work on /home/ec2-user/environment/lab4_model_training/venv/lib64/python3.12/site-packages/airflow/example_dags/example_complex.py
[2026-05-04T01:06:49.630+0000] {processor.py:914} INFO - Processing file /home/ec2-user/environment/lab4_model_training/venv/lib64/python3.12/site-packages/airflow/example_dags/example_complex.py for tasks to queue
[2026-05-04T01:06:49.631+0000] {logging_mixin.py:190} INFO - [2026-05-04T01:06:49.631+0000] {dagbag.py:588} INFO - Filling up the DagBag from /home/ec2-user/environment/lab4_model_training/venv/lib64/python3.12/site-packages/airflow/example_dags/example_complex.py
[2026-05-04T01:06:49.641+0000] {processor.py:925} INFO - DAG(s) 'example_complex' retrieved from /home/ec2-user/environment/lab4_model_training/venv/lib64/python3.12/site-packages/airflow/example_dags/example_complex.py
[2026-05-04T01:06:49.662+0000] {logging_mixin.py:190} INFO - [2026-05-04T01:06:49.662+0000] {dag.py:3239} INFO - Sync 1 DAGs
[2026-05-04T01:06:49.672+0000] {logging_mixin.py:190} INFO - [2026-05-04T01:06:49.671+0000] {dag.py:4180} INFO - Setting next_dagrun for example_complex to None, run_after=None
[2026-05-04T01:06:49.689+0000] {processor.py:208} INFO - Processing /home/ec2-user/environment/lab4_model_training/venv/lib64/python3.12/site-packages/airflow/example_dags/example_complex.py took 0.065 seconds
[2026-05-04T01:07:58.287+0000] {processor.py:186} INFO - Started process (PID=24265) to work on /home/ec2-user/environment/lab4_model_training/venv/lib64/python3.12/site-packages/airflow/example_dags/example_complex.py
[2026-05-04T01:07:58.288+0000] {processor.py:914} INFO - Processing file /home/ec2-user/environment/lab4_model_training/venv/lib64/python3.12/site-packages/airflow/example_dags/example_complex.py for tasks to queue
[2026-05-04T01:07:58.289+0000] {logging_mixin.py:190} INFO - [2026-05-04T01:07:58.289+0000] {dagbag.py:588} INFO - Filling up the DagBag from /home/ec2-user/environment/lab4_model_training/venv/lib64/python3.12/site-packages/airflow/example_dags/example_complex.py
[2026-05-04T01:07:58.298+0000] {processor.py:925} INFO - DAG(s) 'example_complex' retrieved from /home/ec2-user/environment/lab4_model_training/venv/lib64/python3.12/site-packages/airflow/example_dags/example_complex.py
[2026-05-04T01:07:58.320+0000] {logging_mixin.py:190} INFO - [2026-05-04T01:07:58.320+0000] {dag.py:3239} INFO - Sync 1 DAGs
[2026-05-04T01:07:58.330+0000] {logging_mixin.py:190} INFO - [2026-05-04T01:07:58.329+0000] {dag.py:4180} INFO - Setting next_dagrun for example_complex to None, run_after=None
[2026-05-04T01:07:58.347+0000] {processor.py:208} INFO - Processing /home/ec2-user/environment/lab4_model_training/venv/lib64/python3.12/site-packages/airflow/example_dags/example_complex.py took 0.066 seconds
[2026-05-04T01:09:03.456+0000] {processor.py:186} INFO - Started process (PID=24416) to work on /home/ec2-user/environment/lab4_model_training/venv/lib64/python3.12/site-packages/airflow/example_dags/example_complex.py
[2026-05-04T01:09:03.457+0000] {processor.py:914} INFO - Processing file /home/ec2-user/environment/lab4_model_training/venv/lib64/python3.12/site-packages/airflow/example_dags/example_complex.py for tasks to queue
[2026-05-04T01:09:03.458+0000] {logging_mixin.py:190} INFO - [2026-05-04T01:09:03.458+0000] {dagbag.py:588} INFO - Filling up the DagBag from /home/ec2-user/environment/lab4_model_training/venv/lib64/python3.12/site-packages/airflow/example_dags/example_complex.py
[2026-05-04T01:09:03.468+0000] {processor.py:925} INFO - DAG(s) 'example_complex' retrieved from /home/ec2-user/environment/lab4_model_training/venv/lib64/python3.12/site-packages/airflow/example_dags/example_complex.py
[2026-05-04T01:09:03.489+0000] {logging_mixin.py:190} INFO - [2026-05-04T01:09:03.488+0000] {dag.py:3239} INFO - Sync 1 DAGs
[2026-05-04T01:09:03.499+0000] {logging_mixin.py:190} INFO - [2026-05-04T01:09:03.499+0000] {dag.py:4180} INFO - Setting next_dagrun for example_complex to None, run_after=None
[2026-05-04T01:09:03.515+0000] {processor.py:208} INFO - Processing /home/ec2-user/environment/lab4_model_training/venv/lib64/python3.12/site-packages/airflow/example_dags/example_complex.py took 0.064 seconds
[2026-05-04T01:10:13.922+0000] {processor.py:186} INFO - Started process (PID=25006) to work on /home/ec2-user/environment/lab4_model_training/venv/lib64/python3.12/site-packages/airflow/example_dags/example_complex.py
[2026-05-04T01:10:13.923+0000] {processor.py:914} INFO - Processing file /home/ec2-user/environment/lab4_model_training/venv/lib64/python3.12/site-packages/airflow/example_dags/example_complex.py for tasks to queue
[2026-05-04T01:10:13.925+0000] {logging_mixin.py:190} INFO - [2026-05-04T01:10:13.925+0000] {dagbag.py:588} INFO - Filling up the DagBag from /home/ec2-user/environment/lab4_model_training/venv/lib64/python3.12/site-packages/airflow/example_dags/example_complex.py
[2026-05-04T01:10:13.936+0000] {processor.py:925} INFO - DAG(s) 'example_complex' retrieved from /home/ec2-user/environment/lab4_model_training/venv/lib64/python3.12/site-packages/airflow/example_dags/example_complex.py
[2026-05-04T01:10:13.959+0000] {logging_mixin.py:190} INFO - [2026-05-04T01:10:13.959+0000] {dag.py:3239} INFO - Sync 1 DAGs
[2026-05-04T01:10:13.971+0000] {logging_mixin.py:190} INFO - [2026-05-04T01:10:13.971+0000] {dag.py:4180} INFO - Setting next_dagrun for example_complex to None, run_after=None
[2026-05-04T01:10:14.128+0000] {processor.py:208} INFO - Processing /home/ec2-user/environment/lab4_model_training/venv/lib64/python3.12/site-packages/airflow/example_dags/example_complex.py took 0.211 seconds
[2026-05-04T01:11:23.863+0000] {processor.py:186} INFO - Started process (PID=25578) to work on /home/ec2-user/environment/lab4_model_training/venv/lib64/python3.12/site-packages/airflow/example_dags/example_complex.py
[2026-05-04T01:11:23.864+0000] {processor.py:914} INFO - Processing file /home/ec2-user/environment/lab4_model_training/venv/lib64/python3.12/site-packages/airflow/example_dags/example_complex.py for tasks to queue
[2026-05-04T01:11:23.866+0000] {logging_mixin.py:190} INFO - [2026-05-04T01:11:23.866+0000] {dagbag.py:588} INFO - Filling up the DagBag from /home/ec2-user/environment/lab4_model_training/venv/lib64/python3.12/site-packages/airflow/example_dags/example_complex.py
[2026-05-04T01:11:23.876+0000] {processor.py:925} INFO - DAG(s) 'example_complex' retrieved from /home/ec2-user/environment/lab4_model_training/venv/lib64/python3.12/site-packages/airflow/example_dags/example_complex.py
[2026-05-04T01:11:23.897+0000] {logging_mixin.py:190} INFO - [2026-05-04T01:11:23.896+0000] {dag.py:3239} INFO - Sync 1 DAGs
[2026-05-04T01:11:23.906+0000] {logging_mixin.py:190} INFO - [2026-05-04T01:11:23.906+0000] {dag.py:4180} INFO - Setting next_dagrun for example_complex to None, run_after=None
[2026-05-04T01:11:23.924+0000] {processor.py:208} INFO - Processing /home/ec2-user/environment/lab4_model_training/venv/lib64/python3.12/site-packages/airflow/example_dags/example_complex.py took 0.065 seconds
[2026-05-04T01:12:34.547+0000] {processor.py:186} INFO - Started process (PID=26089) to work on /home/ec2-user/environment/lab4_model_training/venv/lib64/python3.12/site-packages/airflow/example_dags/example_complex.py
[2026-05-04T01:12:34.548+0000] {processor.py:914} INFO - Processing file /home/ec2-user/environment/lab4_model_training/venv/lib64/python3.12/site-packages/airflow/example_dags/example_complex.py for tasks to queue
[2026-05-04T01:12:34.550+0000] {logging_mixin.py:190} INFO - [2026-05-04T01:12:34.550+0000] {dagbag.py:588} INFO - Filling up the DagBag from /home/ec2-user/environment/lab4_model_training/venv/lib64/python3.12/site-packages/airflow/example_dags/example_complex.py
[2026-05-04T01:12:34.560+0000] {processor.py:925} INFO - DAG(s) 'example_complex' retrieved from /home/ec2-user/environment/lab4_model_training/venv/lib64/python3.12/site-packages/airflow/example_dags/example_complex.py
[2026-05-04T01:12:34.581+0000] {logging_mixin.py:190} INFO - [2026-05-04T01:12:34.581+0000] {dag.py:3239} INFO - Sync 1 DAGs
[2026-05-04T01:12:34.591+0000] {logging_mixin.py:190} INFO - [2026-05-04T01:12:34.591+0000] {dag.py:4180} INFO - Setting next_dagrun for example_complex to None, run_after=None
[2026-05-04T01:12:34.609+0000] {processor.py:208} INFO - Processing /home/ec2-user/environment/lab4_model_training/venv/lib64/python3.12/site-packages/airflow/example_dags/example_complex.py took 0.067 seconds
[2026-05-04T01:13:46.487+0000] {processor.py:186} INFO - Started process (PID=26598) to work on /home/ec2-user/environment/lab4_model_training/venv/lib64/python3.12/site-packages/airflow/example_dags/example_complex.py
[2026-05-04T01:13:46.488+0000] {processor.py:914} INFO - Processing file /home/ec2-user/environment/lab4_model_training/venv/lib64/python3.12/site-packages/airflow/example_dags/example_complex.py for tasks to queue
[2026-05-04T01:13:46.490+0000] {logging_mixin.py:190} INFO - [2026-05-04T01:13:46.489+0000] {dagbag.py:588} INFO - Filling up the DagBag from /home/ec2-user/environment/lab4_model_training/venv/lib64/python3.12/site-packages/airflow/example_dags/example_complex.py
[2026-05-04T01:13:46.504+0000] {processor.py:925} INFO - DAG(s) 'example_complex' retrieved from /home/ec2-user/environment/lab4_model_training/venv/lib64/python3.12/site-packages/airflow/example_dags/example_complex.py
[2026-05-04T01:13:46.534+0000] {logging_mixin.py:190} INFO - [2026-05-04T01:13:46.533+0000] {dag.py:3239} INFO - Sync 1 DAGs
[2026-05-04T01:13:46.547+0000] {logging_mixin.py:190} INFO - [2026-05-04T01:13:46.547+0000] {dag.py:4180} INFO - Setting next_dagrun for example_complex to None, run_after=None
[2026-05-04T01:13:46.571+0000] {processor.py:208} INFO - Processing /home/ec2-user/environment/lab4_model_training/venv/lib64/python3.12/site-packages/airflow/example_dags/example_complex.py took 0.089 seconds
[2026-05-04T01:14:58.625+0000] {processor.py:186} INFO - Started process (PID=27135) to work on /home/ec2-user/environment/lab4_model_training/venv/lib64/python3.12/site-packages/airflow/example_dags/example_complex.py
[2026-05-04T01:14:58.626+0000] {processor.py:914} INFO - Processing file /home/ec2-user/environment/lab4_model_training/venv/lib64/python3.12/site-packages/airflow/example_dags/example_complex.py for tasks to queue
[2026-05-04T01:14:58.628+0000] {logging_mixin.py:190} INFO - [2026-05-04T01:14:58.628+0000] {dagbag.py:588} INFO - Filling up the DagBag from /home/ec2-user/environment/lab4_model_training/venv/lib64/python3.12/site-packages/airflow/example_dags/example_complex.py
[2026-05-04T01:14:58.637+0000] {processor.py:925} INFO - DAG(s) 'example_complex' retrieved from /home/ec2-user/environment/lab4_model_training/venv/lib64/python3.12/site-packages/airflow/example_dags/example_complex.py
[2026-05-04T01:14:58.767+0000] {logging_mixin.py:190} INFO - [2026-05-04T01:14:58.767+0000] {dag.py:3239} INFO - Sync 1 DAGs
[2026-05-04T01:14:58.775+0000] {logging_mixin.py:190} INFO - [2026-05-04T01:14:58.775+0000] {dag.py:4180} INFO - Setting next_dagrun for example_complex to None, run_after=None
[2026-05-04T01:14:58.792+0000] {processor.py:208} INFO - Processing /home/ec2-user/environment/lab4_model_training/venv/lib64/python3.12/site-packages/airflow/example_dags/example_complex.py took 0.172 seconds
[2026-05-04T01:16:07.905+0000] {processor.py:186} INFO - Started process (PID=27639) to work on /home/ec2-user/environment/lab4_model_training/venv/lib64/python3.12/site-packages/airflow/example_dags/example_complex.py
[2026-05-04T01:16:07.907+0000] {processor.py:914} INFO - Processing file /home/ec2-user/environment/lab4_model_training/venv/lib64/python3.12/site-packages/airflow/example_dags/example_complex.py for tasks to queue
[2026-05-04T01:16:07.909+0000] {logging_mixin.py:190} INFO - [2026-05-04T01:16:07.908+0000] {dagbag.py:588} INFO - Filling up the DagBag from /home/ec2-user/environment/lab4_model_training/venv/lib64/python3.12/site-packages/airflow/example_dags/example_complex.py
[2026-05-04T01:16:07.923+0000] {processor.py:925} INFO - DAG(s) 'example_complex' retrieved from /home/ec2-user/environment/lab4_model_training/venv/lib64/python3.12/site-packages/airflow/example_dags/example_complex.py
[2026-05-04T01:16:07.955+0000] {logging_mixin.py:190} INFO - [2026-05-04T01:16:07.954+0000] {dag.py:3239} INFO - Sync 1 DAGs
[2026-05-04T01:16:07.968+0000] {logging_mixin.py:190} INFO - [2026-05-04T01:16:07.967+0000] {dag.py:4180} INFO - Setting next_dagrun for example_complex to None, run_after=None
[2026-05-04T01:16:07.989+0000] {processor.py:208} INFO - Processing /home/ec2-user/environment/lab4_model_training/venv/lib64/python3.12/site-packages/airflow/example_dags/example_complex.py took 0.088 seconds
[2026-05-04T01:17:08.136+0000] {processor.py:186} INFO - Started process (PID=28136) to work on /home/ec2-user/environment/lab4_model_training/venv/lib64/python3.12/site-packages/airflow/example_dags/example_complex.py
[2026-05-04T01:17:08.137+0000] {processor.py:914} INFO - Processing file /home/ec2-user/environment/lab4_model_training/venv/lib64/python3.12/site-packages/airflow/example_dags/example_complex.py for tasks to queue
[2026-05-04T01:17:08.139+0000] {logging_mixin.py:190} INFO - [2026-05-04T01:17:08.139+0000] {dagbag.py:588} INFO - Filling up the DagBag from /home/ec2-user/environment/lab4_model_training/venv/lib64/python3.12/site-packages/airflow/example_dags/example_complex.py
[2026-05-04T01:17:08.150+0000] {processor.py:925} INFO - DAG(s) 'example_complex' retrieved from /home/ec2-user/environment/lab4_model_training/venv/lib64/python3.12/site-packages/airflow/example_dags/example_complex.py
[2026-05-04T01:17:08.179+0000] {logging_mixin.py:190} INFO - [2026-05-04T01:17:08.179+0000] {dag.py:3239} INFO - Sync 1 DAGs
[2026-05-04T01:17:08.192+0000] {logging_mixin.py:190} INFO - [2026-05-04T01:17:08.192+0000] {dag.py:4180} INFO - Setting next_dagrun for example_complex to None, run_after=None
[2026-05-04T01:17:08.217+0000] {processor.py:208} INFO - Processing /home/ec2-user/environment/lab4_model_training/venv/lib64/python3.12/site-packages/airflow/example_dags/example_complex.py took 0.085 seconds
[2026-05-04T01:18:16.929+0000] {processor.py:186} INFO - Started process (PID=28663) to work on /home/ec2-user/environment/lab4_model_training/venv/lib64/python3.12/site-packages/airflow/example_dags/example_complex.py
[2026-05-04T01:18:16.930+0000] {processor.py:914} INFO - Processing file /home/ec2-user/environment/lab4_model_training/venv/lib64/python3.12/site-packages/airflow/example_dags/example_complex.py for tasks to queue
[2026-05-04T01:18:16.932+0000] {logging_mixin.py:190} INFO - [2026-05-04T01:18:16.931+0000] {dagbag.py:588} INFO - Filling up the DagBag from /home/ec2-user/environment/lab4_model_training/venv/lib64/python3.12/site-packages/airflow/example_dags/example_complex.py
[2026-05-04T01:18:16.946+0000] {processor.py:925} INFO - DAG(s) 'example_complex' retrieved from /home/ec2-user/environment/lab4_model_training/venv/lib64/python3.12/site-packages/airflow/example_dags/example_complex.py
[2026-05-04T01:18:16.976+0000] {logging_mixin.py:190} INFO - [2026-05-04T01:18:16.976+0000] {dag.py:3239} INFO - Sync 1 DAGs
[2026-05-04T01:18:16.989+0000] {logging_mixin.py:190} INFO - [2026-05-04T01:18:16.989+0000] {dag.py:4180} INFO - Setting next_dagrun for example_complex to None, run_after=None
[2026-05-04T01:18:17.008+0000] {processor.py:208} INFO - Processing /home/ec2-user/environment/lab4_model_training/venv/lib64/python3.12/site-packages/airflow/example_dags/example_complex.py took 0.084 seconds
[2026-05-04T01:19:24.009+0000] {processor.py:186} INFO - Started process (PID=29210) to work on /home/ec2-user/environment/lab4_model_training/venv/lib64/python3.12/site-packages/airflow/example_dags/example_complex.py
[2026-05-04T01:19:24.010+0000] {processor.py:914} INFO - Processing file /home/ec2-user/environment/lab4_model_training/venv/lib64/python3.12/site-packages/airflow/example_dags/example_complex.py for tasks to queue
[2026-05-04T01:19:24.012+0000] {logging_mixin.py:190} INFO - [2026-05-04T01:19:24.011+0000] {dagbag.py:588} INFO - Filling up the DagBag from /home/ec2-user/environment/lab4_model_training/venv/lib64/python3.12/site-packages/airflow/example_dags/example_complex.py
[2026-05-04T01:19:24.021+0000] {processor.py:925} INFO - DAG(s) 'example_complex' retrieved from /home/ec2-user/environment/lab4_model_training/venv/lib64/python3.12/site-packages/airflow/example_dags/example_complex.py
[2026-05-04T01:19:24.044+0000] {logging_mixin.py:190} INFO - [2026-05-04T01:19:24.044+0000] {dag.py:3239} INFO - Sync 1 DAGs
[2026-05-04T01:19:24.055+0000] {logging_mixin.py:190} INFO - [2026-05-04T01:19:24.054+0000] {dag.py:4180} INFO - Setting next_dagrun for example_complex to None, run_after=None
[2026-05-04T01:19:24.072+0000] {processor.py:208} INFO - Processing /home/ec2-user/environment/lab4_model_training/venv/lib64/python3.12/site-packages/airflow/example_dags/example_complex.py took 0.067 seconds
[2026-05-04T01:20:29.708+0000] {processor.py:186} INFO - Started process (PID=29781) to work on /home/ec2-user/environment/lab4_model_training/venv/lib64/python3.12/site-packages/airflow/example_dags/example_complex.py
[2026-05-04T01:20:29.710+0000] {processor.py:914} INFO - Processing file /home/ec2-user/environment/lab4_model_training/venv/lib64/python3.12/site-packages/airflow/example_dags/example_complex.py for tasks to queue
[2026-05-04T01:20:29.712+0000] {logging_mixin.py:190} INFO - [2026-05-04T01:20:29.712+0000] {dagbag.py:588} INFO - Filling up the DagBag from /home/ec2-user/environment/lab4_model_training/venv/lib64/python3.12/site-packages/airflow/example_dags/example_complex.py
[2026-05-04T01:20:29.726+0000] {processor.py:925} INFO - DAG(s) 'example_complex' retrieved from /home/ec2-user/environment/lab4_model_training/venv/lib64/python3.12/site-packages/airflow/example_dags/example_complex.py
[2026-05-04T01:20:29.756+0000] {logging_mixin.py:190} INFO - [2026-05-04T01:20:29.756+0000] {dag.py:3239} INFO - Sync 1 DAGs
[2026-05-04T01:20:29.768+0000] {logging_mixin.py:190} INFO - [2026-05-04T01:20:29.768+0000] {dag.py:4180} INFO - Setting next_dagrun for example_complex to None, run_after=None
[2026-05-04T01:20:29.788+0000] {processor.py:208} INFO - Processing /home/ec2-user/environment/lab4_model_training/venv/lib64/python3.12/site-packages/airflow/example_dags/example_complex.py took 0.084 seconds
[2026-05-04T01:21:31.126+0000] {processor.py:186} INFO - Started process (PID=30238) to work on /home/ec2-user/environment/lab4_model_training/venv/lib64/python3.12/site-packages/airflow/example_dags/example_complex.py
[2026-05-04T01:21:31.128+0000] {processor.py:914} INFO - Processing file /home/ec2-user/environment/lab4_model_training/venv/lib64/python3.12/site-packages/airflow/example_dags/example_complex.py for tasks to queue
[2026-05-04T01:21:31.130+0000] {logging_mixin.py:190} INFO - [2026-05-04T01:21:31.129+0000] {dagbag.py:588} INFO - Filling up the DagBag from /home/ec2-user/environment/lab4_model_training/venv/lib64/python3.12/site-packages/airflow/example_dags/example_complex.py
[2026-05-04T01:21:31.139+0000] {processor.py:925} INFO - DAG(s) 'example_complex' retrieved from /home/ec2-user/environment/lab4_model_training/venv/lib64/python3.12/site-packages/airflow/example_dags/example_complex.py
[2026-05-04T01:21:31.159+0000] {logging_mixin.py:190} INFO - [2026-05-04T01:21:31.159+0000] {dag.py:3239} INFO - Sync 1 DAGs
[2026-05-04T01:21:31.170+0000] {logging_mixin.py:190} INFO - [2026-05-04T01:21:31.170+0000] {dag.py:4180} INFO - Setting next_dagrun for example_complex to None, run_after=None
[2026-05-04T01:21:31.188+0000] {processor.py:208} INFO - Processing /home/ec2-user/environment/lab4_model_training/venv/lib64/python3.12/site-packages/airflow/example_dags/example_complex.py took 0.066 seconds
[2026-05-04T01:22:38.061+0000] {processor.py:186} INFO - Started process (PID=30560) to work on /home/ec2-user/environment/lab4_model_training/venv/lib64/python3.12/site-packages/airflow/example_dags/example_complex.py
[2026-05-04T01:22:38.063+0000] {processor.py:914} INFO - Processing file /home/ec2-user/environment/lab4_model_training/venv/lib64/python3.12/site-packages/airflow/example_dags/example_complex.py for tasks to queue
[2026-05-04T01:22:38.064+0000] {logging_mixin.py:190} INFO - [2026-05-04T01:22:38.064+0000] {dagbag.py:588} INFO - Filling up the DagBag from /home/ec2-user/environment/lab4_model_training/venv/lib64/python3.12/site-packages/airflow/example_dags/example_complex.py
[2026-05-04T01:22:38.075+0000] {processor.py:925} INFO - DAG(s) 'example_complex' retrieved from /home/ec2-user/environment/lab4_model_training/venv/lib64/python3.12/site-packages/airflow/example_dags/example_complex.py
[2026-05-04T01:22:38.098+0000] {logging_mixin.py:190} INFO - [2026-05-04T01:22:38.098+0000] {dag.py:3239} INFO - Sync 1 DAGs
[2026-05-04T01:22:38.109+0000] {logging_mixin.py:190} INFO - [2026-05-04T01:22:38.109+0000] {dag.py:4180} INFO - Setting next_dagrun for example_complex to None, run_after=None
[2026-05-04T01:22:38.128+0000] {processor.py:208} INFO - Processing /home/ec2-user/environment/lab4_model_training/venv/lib64/python3.12/site-packages/airflow/example_dags/example_complex.py took 0.071 seconds
[2026-05-04T01:23:41.486+0000] {processor.py:186} INFO - Started process (PID=30701) to work on /home/ec2-user/environment/lab4_model_training/venv/lib64/python3.12/site-packages/airflow/example_dags/example_complex.py
[2026-05-04T01:23:41.487+0000] {processor.py:914} INFO - Processing file /home/ec2-user/environment/lab4_model_training/venv/lib64/python3.12/site-packages/airflow/example_dags/example_complex.py for tasks to queue
[2026-05-04T01:23:41.489+0000] {logging_mixin.py:190} INFO - [2026-05-04T01:23:41.489+0000] {dagbag.py:588} INFO - Filling up the DagBag from /home/ec2-user/environment/lab4_model_training/venv/lib64/python3.12/site-packages/airflow/example_dags/example_complex.py
[2026-05-04T01:23:41.499+0000] {processor.py:925} INFO - DAG(s) 'example_complex' retrieved from /home/ec2-user/environment/lab4_model_training/venv/lib64/python3.12/site-packages/airflow/example_dags/example_complex.py
[2026-05-04T01:23:41.522+0000] {logging_mixin.py:190} INFO - [2026-05-04T01:23:41.522+0000] {dag.py:3239} INFO - Sync 1 DAGs
[2026-05-04T01:23:41.533+0000] {logging_mixin.py:190} INFO - [2026-05-04T01:23:41.532+0000] {dag.py:4180} INFO - Setting next_dagrun for example_complex to None, run_after=None
[2026-05-04T01:23:41.551+0000] {processor.py:208} INFO - Processing /home/ec2-user/environment/lab4_model_training/venv/lib64/python3.12/site-packages/airflow/example_dags/example_complex.py took 0.069 seconds
