[2026-05-04T00:20:15.174+0000] {processor.py:186} INFO - Started process (PID=12690) to work on /home/ec2-user/environment/lab4_model_training/venv/lib64/python3.12/site-packages/airflow/example_dags/example_dag_decorator.py
[2026-05-04T00:20:15.175+0000] {processor.py:914} INFO - Processing file /home/ec2-user/environment/lab4_model_training/venv/lib64/python3.12/site-packages/airflow/example_dags/example_dag_decorator.py for tasks to queue
[2026-05-04T00:20:15.176+0000] {logging_mixin.py:190} INFO - [2026-05-04T00:20:15.176+0000] {dagbag.py:588} INFO - Filling up the DagBag from /home/ec2-user/environment/lab4_model_training/venv/lib64/python3.12/site-packages/airflow/example_dags/example_dag_decorator.py
[2026-05-04T00:20:15.246+0000] {processor.py:925} INFO - DAG(s) 'example_dag_decorator' retrieved from /home/ec2-user/environment/lab4_model_training/venv/lib64/python3.12/site-packages/airflow/example_dags/example_dag_decorator.py
[2026-05-04T00:20:15.330+0000] {logging_mixin.py:190} INFO - [2026-05-04T00:20:15.330+0000] {dag.py:3239} INFO - Sync 1 DAGs
[2026-05-04T00:20:15.338+0000] {logging_mixin.py:190} INFO - [2026-05-04T00:20:15.338+0000] {dag.py:4180} INFO - Setting next_dagrun for example_dag_decorator to None, run_after=None
[2026-05-04T00:20:15.357+0000] {processor.py:208} INFO - Processing /home/ec2-user/environment/lab4_model_training/venv/lib64/python3.12/site-packages/airflow/example_dags/example_dag_decorator.py took 0.187 seconds
[2026-05-04T00:21:18.859+0000] {processor.py:186} INFO - Started process (PID=13109) to work on /home/ec2-user/environment/lab4_model_training/venv/lib64/python3.12/site-packages/airflow/example_dags/example_dag_decorator.py
[2026-05-04T00:21:18.860+0000] {processor.py:914} INFO - Processing file /home/ec2-user/environment/lab4_model_training/venv/lib64/python3.12/site-packages/airflow/example_dags/example_dag_decorator.py for tasks to queue
[2026-05-04T00:21:18.862+0000] {logging_mixin.py:190} INFO - [2026-05-04T00:21:18.862+0000] {dagbag.py:588} INFO - Filling up the DagBag from /home/ec2-user/environment/lab4_model_training/venv/lib64/python3.12/site-packages/airflow/example_dags/example_dag_decorator.py
[2026-05-04T00:21:18.929+0000] {processor.py:925} INFO - DAG(s) 'example_dag_decorator' retrieved from /home/ec2-user/environment/lab4_model_training/venv/lib64/python3.12/site-packages/airflow/example_dags/example_dag_decorator.py
[2026-05-04T00:21:19.006+0000] {logging_mixin.py:190} INFO - [2026-05-04T00:21:19.006+0000] {dag.py:3239} INFO - Sync 1 DAGs
[2026-05-04T00:21:19.016+0000] {logging_mixin.py:190} INFO - [2026-05-04T00:21:19.015+0000] {dag.py:4180} INFO - Setting next_dagrun for example_dag_decorator to None, run_after=None
[2026-05-04T00:21:19.032+0000] {processor.py:208} INFO - Processing /home/ec2-user/environment/lab4_model_training/venv/lib64/python3.12/site-packages/airflow/example_dags/example_dag_decorator.py took 0.178 seconds
[2026-05-04T00:22:49.835+0000] {processor.py:186} INFO - Started process (PID=13823) to work on /home/ec2-user/environment/lab4_model_training/venv/lib64/python3.12/site-packages/airflow/example_dags/example_dag_decorator.py
[2026-05-04T00:22:49.836+0000] {processor.py:914} INFO - Processing file /home/ec2-user/environment/lab4_model_training/venv/lib64/python3.12/site-packages/airflow/example_dags/example_dag_decorator.py for tasks to queue
[2026-05-04T00:22:49.838+0000] {logging_mixin.py:190} INFO - [2026-05-04T00:22:49.838+0000] {dagbag.py:588} INFO - Filling up the DagBag from /home/ec2-user/environment/lab4_model_training/venv/lib64/python3.12/site-packages/airflow/example_dags/example_dag_decorator.py
[2026-05-04T00:22:49.951+0000] {processor.py:925} INFO - DAG(s) 'example_dag_decorator' retrieved from /home/ec2-user/environment/lab4_model_training/venv/lib64/python3.12/site-packages/airflow/example_dags/example_dag_decorator.py
[2026-05-04T00:22:50.032+0000] {logging_mixin.py:190} INFO - [2026-05-04T00:22:50.032+0000] {dag.py:3239} INFO - Sync 1 DAGs
[2026-05-04T00:22:50.040+0000] {logging_mixin.py:190} INFO - [2026-05-04T00:22:50.040+0000] {dag.py:4180} INFO - Setting next_dagrun for example_dag_decorator to None, run_after=None
[2026-05-04T00:22:50.059+0000] {processor.py:208} INFO - Processing /home/ec2-user/environment/lab4_model_training/venv/lib64/python3.12/site-packages/airflow/example_dags/example_dag_decorator.py took 0.229 seconds
[2026-05-04T00:23:58.733+0000] {processor.py:186} INFO - Started process (PID=14376) to work on /home/ec2-user/environment/lab4_model_training/venv/lib64/python3.12/site-packages/airflow/example_dags/example_dag_decorator.py
[2026-05-04T00:23:58.734+0000] {processor.py:914} INFO - Processing file /home/ec2-user/environment/lab4_model_training/venv/lib64/python3.12/site-packages/airflow/example_dags/example_dag_decorator.py for tasks to queue
[2026-05-04T00:23:58.736+0000] {logging_mixin.py:190} INFO - [2026-05-04T00:23:58.736+0000] {dagbag.py:588} INFO - Filling up the DagBag from /home/ec2-user/environment/lab4_model_training/venv/lib64/python3.12/site-packages/airflow/example_dags/example_dag_decorator.py
[2026-05-04T00:23:58.806+0000] {processor.py:925} INFO - DAG(s) 'example_dag_decorator' retrieved from /home/ec2-user/environment/lab4_model_training/venv/lib64/python3.12/site-packages/airflow/example_dags/example_dag_decorator.py
[2026-05-04T00:23:58.889+0000] {logging_mixin.py:190} INFO - [2026-05-04T00:23:58.889+0000] {dag.py:3239} INFO - Sync 1 DAGs
[2026-05-04T00:23:58.898+0000] {logging_mixin.py:190} INFO - [2026-05-04T00:23:58.898+0000] {dag.py:4180} INFO - Setting next_dagrun for example_dag_decorator to None, run_after=None
[2026-05-04T00:23:58.916+0000] {processor.py:208} INFO - Processing /home/ec2-user/environment/lab4_model_training/venv/lib64/python3.12/site-packages/airflow/example_dags/example_dag_decorator.py took 0.188 seconds
[2026-05-04T00:25:07.579+0000] {processor.py:186} INFO - Started process (PID=15264) to work on /home/ec2-user/environment/lab4_model_training/venv/lib64/python3.12/site-packages/airflow/example_dags/example_dag_decorator.py
[2026-05-04T00:25:07.580+0000] {processor.py:914} INFO - Processing file /home/ec2-user/environment/lab4_model_training/venv/lib64/python3.12/site-packages/airflow/example_dags/example_dag_decorator.py for tasks to queue
[2026-05-04T00:25:07.582+0000] {logging_mixin.py:190} INFO - [2026-05-04T00:25:07.582+0000] {dagbag.py:588} INFO - Filling up the DagBag from /home/ec2-user/environment/lab4_model_training/venv/lib64/python3.12/site-packages/airflow/example_dags/example_dag_decorator.py
[2026-05-04T00:25:07.655+0000] {processor.py:925} INFO - DAG(s) 'example_dag_decorator' retrieved from /home/ec2-user/environment/lab4_model_training/venv/lib64/python3.12/site-packages/airflow/example_dags/example_dag_decorator.py
[2026-05-04T00:25:07.748+0000] {logging_mixin.py:190} INFO - [2026-05-04T00:25:07.748+0000] {dag.py:3239} INFO - Sync 1 DAGs
[2026-05-04T00:25:07.760+0000] {logging_mixin.py:190} INFO - [2026-05-04T00:25:07.760+0000] {dag.py:4180} INFO - Setting next_dagrun for example_dag_decorator to None, run_after=None
[2026-05-04T00:25:07.779+0000] {processor.py:208} INFO - Processing /home/ec2-user/environment/lab4_model_training/venv/lib64/python3.12/site-packages/airflow/example_dags/example_dag_decorator.py took 0.205 seconds
[2026-05-04T00:26:10.686+0000] {processor.py:186} INFO - Started process (PID=15729) to work on /home/ec2-user/environment/lab4_model_training/venv/lib64/python3.12/site-packages/airflow/example_dags/example_dag_decorator.py
[2026-05-04T00:26:10.687+0000] {processor.py:914} INFO - Processing file /home/ec2-user/environment/lab4_model_training/venv/lib64/python3.12/site-packages/airflow/example_dags/example_dag_decorator.py for tasks to queue
[2026-05-04T00:26:10.690+0000] {logging_mixin.py:190} INFO - [2026-05-04T00:26:10.689+0000] {dagbag.py:588} INFO - Filling up the DagBag from /home/ec2-user/environment/lab4_model_training/venv/lib64/python3.12/site-packages/airflow/example_dags/example_dag_decorator.py
[2026-05-04T00:26:10.770+0000] {processor.py:925} INFO - DAG(s) 'example_dag_decorator' retrieved from /home/ec2-user/environment/lab4_model_training/venv/lib64/python3.12/site-packages/airflow/example_dags/example_dag_decorator.py
[2026-05-04T00:26:10.850+0000] {logging_mixin.py:190} INFO - [2026-05-04T00:26:10.849+0000] {dag.py:3239} INFO - Sync 1 DAGs
[2026-05-04T00:26:10.859+0000] {logging_mixin.py:190} INFO - [2026-05-04T00:26:10.859+0000] {dag.py:4180} INFO - Setting next_dagrun for example_dag_decorator to None, run_after=None
[2026-05-04T00:26:10.877+0000] {processor.py:208} INFO - Processing /home/ec2-user/environment/lab4_model_training/venv/lib64/python3.12/site-packages/airflow/example_dags/example_dag_decorator.py took 0.197 seconds
[2026-05-04T00:27:18.876+0000] {processor.py:186} INFO - Started process (PID=16162) to work on /home/ec2-user/environment/lab4_model_training/venv/lib64/python3.12/site-packages/airflow/example_dags/example_dag_decorator.py
[2026-05-04T00:27:18.877+0000] {processor.py:914} INFO - Processing file /home/ec2-user/environment/lab4_model_training/venv/lib64/python3.12/site-packages/airflow/example_dags/example_dag_decorator.py for tasks to queue
[2026-05-04T00:27:18.879+0000] {logging_mixin.py:190} INFO - [2026-05-04T00:27:18.879+0000] {dagbag.py:588} INFO - Filling up the DagBag from /home/ec2-user/environment/lab4_model_training/venv/lib64/python3.12/site-packages/airflow/example_dags/example_dag_decorator.py
[2026-05-04T00:27:18.948+0000] {processor.py:925} INFO - DAG(s) 'example_dag_decorator' retrieved from /home/ec2-user/environment/lab4_model_training/venv/lib64/python3.12/site-packages/airflow/example_dags/example_dag_decorator.py
[2026-05-04T00:27:19.027+0000] {logging_mixin.py:190} INFO - [2026-05-04T00:27:19.026+0000] {dag.py:3239} INFO - Sync 1 DAGs
[2026-05-04T00:27:19.035+0000] {logging_mixin.py:190} INFO - [2026-05-04T00:27:19.035+0000] {dag.py:4180} INFO - Setting next_dagrun for example_dag_decorator to None, run_after=None
[2026-05-04T00:27:19.053+0000] {processor.py:208} INFO - Processing /home/ec2-user/environment/lab4_model_training/venv/lib64/python3.12/site-packages/airflow/example_dags/example_dag_decorator.py took 0.182 seconds
[2026-05-04T00:28:23.709+0000] {processor.py:186} INFO - Started process (PID=16640) to work on /home/ec2-user/environment/lab4_model_training/venv/lib64/python3.12/site-packages/airflow/example_dags/example_dag_decorator.py
[2026-05-04T00:28:23.710+0000] {processor.py:914} INFO - Processing file /home/ec2-user/environment/lab4_model_training/venv/lib64/python3.12/site-packages/airflow/example_dags/example_dag_decorator.py for tasks to queue
[2026-05-04T00:28:23.712+0000] {logging_mixin.py:190} INFO - [2026-05-04T00:28:23.712+0000] {dagbag.py:588} INFO - Filling up the DagBag from /home/ec2-user/environment/lab4_model_training/venv/lib64/python3.12/site-packages/airflow/example_dags/example_dag_decorator.py
[2026-05-04T00:28:23.780+0000] {processor.py:925} INFO - DAG(s) 'example_dag_decorator' retrieved from /home/ec2-user/environment/lab4_model_training/venv/lib64/python3.12/site-packages/airflow/example_dags/example_dag_decorator.py
[2026-05-04T00:28:23.864+0000] {logging_mixin.py:190} INFO - [2026-05-04T00:28:23.864+0000] {dag.py:3239} INFO - Sync 1 DAGs
[2026-05-04T00:28:23.872+0000] {logging_mixin.py:190} INFO - [2026-05-04T00:28:23.872+0000] {dag.py:4180} INFO - Setting next_dagrun for example_dag_decorator to None, run_after=None
[2026-05-04T00:28:23.890+0000] {processor.py:208} INFO - Processing /home/ec2-user/environment/lab4_model_training/venv/lib64/python3.12/site-packages/airflow/example_dags/example_dag_decorator.py took 0.185 seconds
[2026-05-04T00:29:24.527+0000] {processor.py:186} INFO - Started process (PID=17148) to work on /home/ec2-user/environment/lab4_model_training/venv/lib64/python3.12/site-packages/airflow/example_dags/example_dag_decorator.py
[2026-05-04T00:29:24.528+0000] {processor.py:914} INFO - Processing file /home/ec2-user/environment/lab4_model_training/venv/lib64/python3.12/site-packages/airflow/example_dags/example_dag_decorator.py for tasks to queue
[2026-05-04T00:29:24.530+0000] {logging_mixin.py:190} INFO - [2026-05-04T00:29:24.529+0000] {dagbag.py:588} INFO - Filling up the DagBag from /home/ec2-user/environment/lab4_model_training/venv/lib64/python3.12/site-packages/airflow/example_dags/example_dag_decorator.py
[2026-05-04T00:29:24.615+0000] {processor.py:925} INFO - DAG(s) 'example_dag_decorator' retrieved from /home/ec2-user/environment/lab4_model_training/venv/lib64/python3.12/site-packages/airflow/example_dags/example_dag_decorator.py
[2026-05-04T00:29:24.697+0000] {logging_mixin.py:190} INFO - [2026-05-04T00:29:24.697+0000] {dag.py:3239} INFO - Sync 1 DAGs
[2026-05-04T00:29:24.706+0000] {logging_mixin.py:190} INFO - [2026-05-04T00:29:24.706+0000] {dag.py:4180} INFO - Setting next_dagrun for example_dag_decorator to None, run_after=None
[2026-05-04T00:29:24.723+0000] {processor.py:208} INFO - Processing /home/ec2-user/environment/lab4_model_training/venv/lib64/python3.12/site-packages/airflow/example_dags/example_dag_decorator.py took 0.200 seconds
[2026-05-04T00:30:30.858+0000] {processor.py:186} INFO - Started process (PID=17655) to work on /home/ec2-user/environment/lab4_model_training/venv/lib64/python3.12/site-packages/airflow/example_dags/example_dag_decorator.py
[2026-05-04T00:30:30.859+0000] {processor.py:914} INFO - Processing file /home/ec2-user/environment/lab4_model_training/venv/lib64/python3.12/site-packages/airflow/example_dags/example_dag_decorator.py for tasks to queue
[2026-05-04T00:30:30.861+0000] {logging_mixin.py:190} INFO - [2026-05-04T00:30:30.861+0000] {dagbag.py:588} INFO - Filling up the DagBag from /home/ec2-user/environment/lab4_model_training/venv/lib64/python3.12/site-packages/airflow/example_dags/example_dag_decorator.py
[2026-05-04T00:30:30.927+0000] {processor.py:925} INFO - DAG(s) 'example_dag_decorator' retrieved from /home/ec2-user/environment/lab4_model_training/venv/lib64/python3.12/site-packages/airflow/example_dags/example_dag_decorator.py
[2026-05-04T00:30:31.010+0000] {logging_mixin.py:190} INFO - [2026-05-04T00:30:31.010+0000] {dag.py:3239} INFO - Sync 1 DAGs
[2026-05-04T00:30:31.018+0000] {logging_mixin.py:190} INFO - [2026-05-04T00:30:31.018+0000] {dag.py:4180} INFO - Setting next_dagrun for example_dag_decorator to None, run_after=None
[2026-05-04T00:30:31.036+0000] {processor.py:208} INFO - Processing /home/ec2-user/environment/lab4_model_training/venv/lib64/python3.12/site-packages/airflow/example_dags/example_dag_decorator.py took 0.183 seconds
[2026-05-04T00:31:34.211+0000] {processor.py:186} INFO - Started process (PID=18067) to work on /home/ec2-user/environment/lab4_model_training/venv/lib64/python3.12/site-packages/airflow/example_dags/example_dag_decorator.py
[2026-05-04T00:31:34.212+0000] {processor.py:914} INFO - Processing file /home/ec2-user/environment/lab4_model_training/venv/lib64/python3.12/site-packages/airflow/example_dags/example_dag_decorator.py for tasks to queue
[2026-05-04T00:31:34.214+0000] {logging_mixin.py:190} INFO - [2026-05-04T00:31:34.214+0000] {dagbag.py:588} INFO - Filling up the DagBag from /home/ec2-user/environment/lab4_model_training/venv/lib64/python3.12/site-packages/airflow/example_dags/example_dag_decorator.py
[2026-05-04T00:31:34.292+0000] {processor.py:925} INFO - DAG(s) 'example_dag_decorator' retrieved from /home/ec2-user/environment/lab4_model_training/venv/lib64/python3.12/site-packages/airflow/example_dags/example_dag_decorator.py
[2026-05-04T00:31:34.375+0000] {logging_mixin.py:190} INFO - [2026-05-04T00:31:34.375+0000] {dag.py:3239} INFO - Sync 1 DAGs
[2026-05-04T00:31:34.387+0000] {logging_mixin.py:190} INFO - [2026-05-04T00:31:34.387+0000] {dag.py:4180} INFO - Setting next_dagrun for example_dag_decorator to None, run_after=None
[2026-05-04T00:31:34.408+0000] {processor.py:208} INFO - Processing /home/ec2-user/environment/lab4_model_training/venv/lib64/python3.12/site-packages/airflow/example_dags/example_dag_decorator.py took 0.203 seconds
[2026-05-04T00:32:41.646+0000] {processor.py:186} INFO - Started process (PID=18563) to work on /home/ec2-user/environment/lab4_model_training/venv/lib64/python3.12/site-packages/airflow/example_dags/example_dag_decorator.py
[2026-05-04T00:32:41.647+0000] {processor.py:914} INFO - Processing file /home/ec2-user/environment/lab4_model_training/venv/lib64/python3.12/site-packages/airflow/example_dags/example_dag_decorator.py for tasks to queue
[2026-05-04T00:32:41.649+0000] {logging_mixin.py:190} INFO - [2026-05-04T00:32:41.648+0000] {dagbag.py:588} INFO - Filling up the DagBag from /home/ec2-user/environment/lab4_model_training/venv/lib64/python3.12/site-packages/airflow/example_dags/example_dag_decorator.py
[2026-05-04T00:32:41.727+0000] {processor.py:925} INFO - DAG(s) 'example_dag_decorator' retrieved from /home/ec2-user/environment/lab4_model_training/venv/lib64/python3.12/site-packages/airflow/example_dags/example_dag_decorator.py
[2026-05-04T00:32:41.836+0000] {logging_mixin.py:190} INFO - [2026-05-04T00:32:41.836+0000] {dag.py:3239} INFO - Sync 1 DAGs
[2026-05-04T00:32:41.846+0000] {logging_mixin.py:190} INFO - [2026-05-04T00:32:41.846+0000] {dag.py:4180} INFO - Setting next_dagrun for example_dag_decorator to None, run_after=None
[2026-05-04T00:32:41.863+0000] {processor.py:208} INFO - Processing /home/ec2-user/environment/lab4_model_training/venv/lib64/python3.12/site-packages/airflow/example_dags/example_dag_decorator.py took 0.222 seconds
[2026-05-04T00:33:50.044+0000] {processor.py:186} INFO - Started process (PID=19031) to work on /home/ec2-user/environment/lab4_model_training/venv/lib64/python3.12/site-packages/airflow/example_dags/example_dag_decorator.py
[2026-05-04T00:33:50.046+0000] {processor.py:914} INFO - Processing file /home/ec2-user/environment/lab4_model_training/venv/lib64/python3.12/site-packages/airflow/example_dags/example_dag_decorator.py for tasks to queue
[2026-05-04T00:33:50.049+0000] {logging_mixin.py:190} INFO - [2026-05-04T00:33:50.048+0000] {dagbag.py:588} INFO - Filling up the DagBag from /home/ec2-user/environment/lab4_model_training/venv/lib64/python3.12/site-packages/airflow/example_dags/example_dag_decorator.py
[2026-05-04T00:33:50.157+0000] {processor.py:925} INFO - DAG(s) 'example_dag_decorator' retrieved from /home/ec2-user/environment/lab4_model_training/venv/lib64/python3.12/site-packages/airflow/example_dags/example_dag_decorator.py
[2026-05-04T00:33:50.275+0000] {logging_mixin.py:190} INFO - [2026-05-04T00:33:50.275+0000] {dag.py:3239} INFO - Sync 1 DAGs
[2026-05-04T00:33:50.287+0000] {logging_mixin.py:190} INFO - [2026-05-04T00:33:50.287+0000] {dag.py:4180} INFO - Setting next_dagrun for example_dag_decorator to None, run_after=None
[2026-05-04T00:33:50.311+0000] {processor.py:208} INFO - Processing /home/ec2-user/environment/lab4_model_training/venv/lib64/python3.12/site-packages/airflow/example_dags/example_dag_decorator.py took 0.271 seconds
[2026-05-04T00:34:51.443+0000] {processor.py:186} INFO - Started process (PID=19454) to work on /home/ec2-user/environment/lab4_model_training/venv/lib64/python3.12/site-packages/airflow/example_dags/example_dag_decorator.py
[2026-05-04T00:34:51.444+0000] {processor.py:914} INFO - Processing file /home/ec2-user/environment/lab4_model_training/venv/lib64/python3.12/site-packages/airflow/example_dags/example_dag_decorator.py for tasks to queue
[2026-05-04T00:34:51.446+0000] {logging_mixin.py:190} INFO - [2026-05-04T00:34:51.446+0000] {dagbag.py:588} INFO - Filling up the DagBag from /home/ec2-user/environment/lab4_model_training/venv/lib64/python3.12/site-packages/airflow/example_dags/example_dag_decorator.py
[2026-05-04T00:34:51.517+0000] {processor.py:925} INFO - DAG(s) 'example_dag_decorator' retrieved from /home/ec2-user/environment/lab4_model_training/venv/lib64/python3.12/site-packages/airflow/example_dags/example_dag_decorator.py
[2026-05-04T00:34:51.595+0000] {logging_mixin.py:190} INFO - [2026-05-04T00:34:51.595+0000] {dag.py:3239} INFO - Sync 1 DAGs
[2026-05-04T00:34:51.603+0000] {logging_mixin.py:190} INFO - [2026-05-04T00:34:51.603+0000] {dag.py:4180} INFO - Setting next_dagrun for example_dag_decorator to None, run_after=None
[2026-05-04T00:34:51.620+0000] {processor.py:208} INFO - Processing /home/ec2-user/environment/lab4_model_training/venv/lib64/python3.12/site-packages/airflow/example_dags/example_dag_decorator.py took 0.181 seconds
[2026-05-04T00:35:51.910+0000] {processor.py:186} INFO - Started process (PID=19863) to work on /home/ec2-user/environment/lab4_model_training/venv/lib64/python3.12/site-packages/airflow/example_dags/example_dag_decorator.py
[2026-05-04T00:35:51.911+0000] {processor.py:914} INFO - Processing file /home/ec2-user/environment/lab4_model_training/venv/lib64/python3.12/site-packages/airflow/example_dags/example_dag_decorator.py for tasks to queue
[2026-05-04T00:35:51.913+0000] {logging_mixin.py:190} INFO - [2026-05-04T00:35:51.913+0000] {dagbag.py:588} INFO - Filling up the DagBag from /home/ec2-user/environment/lab4_model_training/venv/lib64/python3.12/site-packages/airflow/example_dags/example_dag_decorator.py
[2026-05-04T00:35:51.988+0000] {processor.py:925} INFO - DAG(s) 'example_dag_decorator' retrieved from /home/ec2-user/environment/lab4_model_training/venv/lib64/python3.12/site-packages/airflow/example_dags/example_dag_decorator.py
[2026-05-04T00:35:52.098+0000] {logging_mixin.py:190} INFO - [2026-05-04T00:35:52.098+0000] {dag.py:3239} INFO - Sync 1 DAGs
[2026-05-04T00:35:52.111+0000] {logging_mixin.py:190} INFO - [2026-05-04T00:35:52.110+0000] {dag.py:4180} INFO - Setting next_dagrun for example_dag_decorator to None, run_after=None
[2026-05-04T00:35:52.132+0000] {processor.py:208} INFO - Processing /home/ec2-user/environment/lab4_model_training/venv/lib64/python3.12/site-packages/airflow/example_dags/example_dag_decorator.py took 0.227 seconds
[2026-05-04T00:36:57.210+0000] {processor.py:186} INFO - Started process (PID=20149) to work on /home/ec2-user/environment/lab4_model_training/venv/lib64/python3.12/site-packages/airflow/example_dags/example_dag_decorator.py
[2026-05-04T00:36:57.211+0000] {processor.py:914} INFO - Processing file /home/ec2-user/environment/lab4_model_training/venv/lib64/python3.12/site-packages/airflow/example_dags/example_dag_decorator.py for tasks to queue
[2026-05-04T00:36:57.214+0000] {logging_mixin.py:190} INFO - [2026-05-04T00:36:57.213+0000] {dagbag.py:588} INFO - Filling up the DagBag from /home/ec2-user/environment/lab4_model_training/venv/lib64/python3.12/site-packages/airflow/example_dags/example_dag_decorator.py
[2026-05-04T00:36:57.285+0000] {processor.py:925} INFO - DAG(s) 'example_dag_decorator' retrieved from /home/ec2-user/environment/lab4_model_training/venv/lib64/python3.12/site-packages/airflow/example_dags/example_dag_decorator.py
[2026-05-04T00:36:57.365+0000] {logging_mixin.py:190} INFO - [2026-05-04T00:36:57.365+0000] {dag.py:3239} INFO - Sync 1 DAGs
[2026-05-04T00:36:57.375+0000] {logging_mixin.py:190} INFO - [2026-05-04T00:36:57.375+0000] {dag.py:4180} INFO - Setting next_dagrun for example_dag_decorator to None, run_after=None
[2026-05-04T00:36:57.395+0000] {processor.py:208} INFO - Processing /home/ec2-user/environment/lab4_model_training/venv/lib64/python3.12/site-packages/airflow/example_dags/example_dag_decorator.py took 0.189 seconds
[2026-05-04T00:38:00.966+0000] {processor.py:186} INFO - Started process (PID=20275) to work on /home/ec2-user/environment/lab4_model_training/venv/lib64/python3.12/site-packages/airflow/example_dags/example_dag_decorator.py
[2026-05-04T00:38:00.967+0000] {processor.py:914} INFO - Processing file /home/ec2-user/environment/lab4_model_training/venv/lib64/python3.12/site-packages/airflow/example_dags/example_dag_decorator.py for tasks to queue
[2026-05-04T00:38:00.969+0000] {logging_mixin.py:190} INFO - [2026-05-04T00:38:00.968+0000] {dagbag.py:588} INFO - Filling up the DagBag from /home/ec2-user/environment/lab4_model_training/venv/lib64/python3.12/site-packages/airflow/example_dags/example_dag_decorator.py
[2026-05-04T00:38:01.038+0000] {processor.py:925} INFO - DAG(s) 'example_dag_decorator' retrieved from /home/ec2-user/environment/lab4_model_training/venv/lib64/python3.12/site-packages/airflow/example_dags/example_dag_decorator.py
[2026-05-04T00:38:01.116+0000] {logging_mixin.py:190} INFO - [2026-05-04T00:38:01.116+0000] {dag.py:3239} INFO - Sync 1 DAGs
[2026-05-04T00:38:01.125+0000] {logging_mixin.py:190} INFO - [2026-05-04T00:38:01.125+0000] {dag.py:4180} INFO - Setting next_dagrun for example_dag_decorator to None, run_after=None
[2026-05-04T00:38:01.142+0000] {processor.py:208} INFO - Processing /home/ec2-user/environment/lab4_model_training/venv/lib64/python3.12/site-packages/airflow/example_dags/example_dag_decorator.py took 0.181 seconds
[2026-05-04T00:39:04.475+0000] {processor.py:186} INFO - Started process (PID=20454) to work on /home/ec2-user/environment/lab4_model_training/venv/lib64/python3.12/site-packages/airflow/example_dags/example_dag_decorator.py
[2026-05-04T00:39:04.476+0000] {processor.py:914} INFO - Processing file /home/ec2-user/environment/lab4_model_training/venv/lib64/python3.12/site-packages/airflow/example_dags/example_dag_decorator.py for tasks to queue
[2026-05-04T00:39:04.478+0000] {logging_mixin.py:190} INFO - [2026-05-04T00:39:04.478+0000] {dagbag.py:588} INFO - Filling up the DagBag from /home/ec2-user/environment/lab4_model_training/venv/lib64/python3.12/site-packages/airflow/example_dags/example_dag_decorator.py
[2026-05-04T00:39:04.551+0000] {processor.py:925} INFO - DAG(s) 'example_dag_decorator' retrieved from /home/ec2-user/environment/lab4_model_training/venv/lib64/python3.12/site-packages/airflow/example_dags/example_dag_decorator.py
[2026-05-04T00:39:04.630+0000] {logging_mixin.py:190} INFO - [2026-05-04T00:39:04.630+0000] {dag.py:3239} INFO - Sync 1 DAGs
[2026-05-04T00:39:04.640+0000] {logging_mixin.py:190} INFO - [2026-05-04T00:39:04.640+0000] {dag.py:4180} INFO - Setting next_dagrun for example_dag_decorator to None, run_after=None
[2026-05-04T00:39:04.660+0000] {processor.py:208} INFO - Processing /home/ec2-user/environment/lab4_model_training/venv/lib64/python3.12/site-packages/airflow/example_dags/example_dag_decorator.py took 0.190 seconds
[2026-05-04T00:40:07.555+0000] {processor.py:186} INFO - Started process (PID=20548) to work on /home/ec2-user/environment/lab4_model_training/venv/lib64/python3.12/site-packages/airflow/example_dags/example_dag_decorator.py
[2026-05-04T00:40:07.556+0000] {processor.py:914} INFO - Processing file /home/ec2-user/environment/lab4_model_training/venv/lib64/python3.12/site-packages/airflow/example_dags/example_dag_decorator.py for tasks to queue
[2026-05-04T00:40:07.558+0000] {logging_mixin.py:190} INFO - [2026-05-04T00:40:07.557+0000] {dagbag.py:588} INFO - Filling up the DagBag from /home/ec2-user/environment/lab4_model_training/venv/lib64/python3.12/site-packages/airflow/example_dags/example_dag_decorator.py
[2026-05-04T00:40:07.624+0000] {processor.py:925} INFO - DAG(s) 'example_dag_decorator' retrieved from /home/ec2-user/environment/lab4_model_training/venv/lib64/python3.12/site-packages/airflow/example_dags/example_dag_decorator.py
[2026-05-04T00:40:07.702+0000] {logging_mixin.py:190} INFO - [2026-05-04T00:40:07.702+0000] {dag.py:3239} INFO - Sync 1 DAGs
[2026-05-04T00:40:07.712+0000] {logging_mixin.py:190} INFO - [2026-05-04T00:40:07.711+0000] {dag.py:4180} INFO - Setting next_dagrun for example_dag_decorator to None, run_after=None
[2026-05-04T00:40:07.729+0000] {processor.py:208} INFO - Processing /home/ec2-user/environment/lab4_model_training/venv/lib64/python3.12/site-packages/airflow/example_dags/example_dag_decorator.py took 0.179 seconds
[2026-05-04T00:41:11.682+0000] {processor.py:186} INFO - Started process (PID=20686) to work on /home/ec2-user/environment/lab4_model_training/venv/lib64/python3.12/site-packages/airflow/example_dags/example_dag_decorator.py
[2026-05-04T00:41:11.684+0000] {processor.py:914} INFO - Processing file /home/ec2-user/environment/lab4_model_training/venv/lib64/python3.12/site-packages/airflow/example_dags/example_dag_decorator.py for tasks to queue
[2026-05-04T00:41:11.686+0000] {logging_mixin.py:190} INFO - [2026-05-04T00:41:11.685+0000] {dagbag.py:588} INFO - Filling up the DagBag from /home/ec2-user/environment/lab4_model_training/venv/lib64/python3.12/site-packages/airflow/example_dags/example_dag_decorator.py
[2026-05-04T00:41:11.758+0000] {processor.py:925} INFO - DAG(s) 'example_dag_decorator' retrieved from /home/ec2-user/environment/lab4_model_training/venv/lib64/python3.12/site-packages/airflow/example_dags/example_dag_decorator.py
[2026-05-04T00:41:11.840+0000] {logging_mixin.py:190} INFO - [2026-05-04T00:41:11.840+0000] {dag.py:3239} INFO - Sync 1 DAGs
[2026-05-04T00:41:11.850+0000] {logging_mixin.py:190} INFO - [2026-05-04T00:41:11.850+0000] {dag.py:4180} INFO - Setting next_dagrun for example_dag_decorator to None, run_after=None
[2026-05-04T00:41:11.872+0000] {processor.py:208} INFO - Processing /home/ec2-user/environment/lab4_model_training/venv/lib64/python3.12/site-packages/airflow/example_dags/example_dag_decorator.py took 0.194 seconds
[2026-05-04T00:42:15.652+0000] {processor.py:186} INFO - Started process (PID=20827) to work on /home/ec2-user/environment/lab4_model_training/venv/lib64/python3.12/site-packages/airflow/example_dags/example_dag_decorator.py
[2026-05-04T00:42:15.653+0000] {processor.py:914} INFO - Processing file /home/ec2-user/environment/lab4_model_training/venv/lib64/python3.12/site-packages/airflow/example_dags/example_dag_decorator.py for tasks to queue
[2026-05-04T00:42:15.655+0000] {logging_mixin.py:190} INFO - [2026-05-04T00:42:15.655+0000] {dagbag.py:588} INFO - Filling up the DagBag from /home/ec2-user/environment/lab4_model_training/venv/lib64/python3.12/site-packages/airflow/example_dags/example_dag_decorator.py
[2026-05-04T00:42:15.725+0000] {processor.py:925} INFO - DAG(s) 'example_dag_decorator' retrieved from /home/ec2-user/environment/lab4_model_training/venv/lib64/python3.12/site-packages/airflow/example_dags/example_dag_decorator.py
[2026-05-04T00:42:15.803+0000] {logging_mixin.py:190} INFO - [2026-05-04T00:42:15.803+0000] {dag.py:3239} INFO - Sync 1 DAGs
[2026-05-04T00:42:15.812+0000] {logging_mixin.py:190} INFO - [2026-05-04T00:42:15.812+0000] {dag.py:4180} INFO - Setting next_dagrun for example_dag_decorator to None, run_after=None
[2026-05-04T00:42:15.830+0000] {processor.py:208} INFO - Processing /home/ec2-user/environment/lab4_model_training/venv/lib64/python3.12/site-packages/airflow/example_dags/example_dag_decorator.py took 0.183 seconds
[2026-05-04T00:43:21.629+0000] {processor.py:186} INFO - Started process (PID=20920) to work on /home/ec2-user/environment/lab4_model_training/venv/lib64/python3.12/site-packages/airflow/example_dags/example_dag_decorator.py
[2026-05-04T00:43:21.630+0000] {processor.py:914} INFO - Processing file /home/ec2-user/environment/lab4_model_training/venv/lib64/python3.12/site-packages/airflow/example_dags/example_dag_decorator.py for tasks to queue
[2026-05-04T00:43:21.632+0000] {logging_mixin.py:190} INFO - [2026-05-04T00:43:21.631+0000] {dagbag.py:588} INFO - Filling up the DagBag from /home/ec2-user/environment/lab4_model_training/venv/lib64/python3.12/site-packages/airflow/example_dags/example_dag_decorator.py
[2026-05-04T00:43:21.703+0000] {processor.py:925} INFO - DAG(s) 'example_dag_decorator' retrieved from /home/ec2-user/environment/lab4_model_training/venv/lib64/python3.12/site-packages/airflow/example_dags/example_dag_decorator.py
[2026-05-04T00:43:21.785+0000] {logging_mixin.py:190} INFO - [2026-05-04T00:43:21.784+0000] {dag.py:3239} INFO - Sync 1 DAGs
[2026-05-04T00:43:21.796+0000] {logging_mixin.py:190} INFO - [2026-05-04T00:43:21.796+0000] {dag.py:4180} INFO - Setting next_dagrun for example_dag_decorator to None, run_after=None
[2026-05-04T00:43:21.816+0000] {processor.py:208} INFO - Processing /home/ec2-user/environment/lab4_model_training/venv/lib64/python3.12/site-packages/airflow/example_dags/example_dag_decorator.py took 0.193 seconds
[2026-05-04T00:44:24.047+0000] {processor.py:186} INFO - Started process (PID=21098) to work on /home/ec2-user/environment/lab4_model_training/venv/lib64/python3.12/site-packages/airflow/example_dags/example_dag_decorator.py
[2026-05-04T00:44:24.048+0000] {processor.py:914} INFO - Processing file /home/ec2-user/environment/lab4_model_training/venv/lib64/python3.12/site-packages/airflow/example_dags/example_dag_decorator.py for tasks to queue
[2026-05-04T00:44:24.050+0000] {logging_mixin.py:190} INFO - [2026-05-04T00:44:24.050+0000] {dagbag.py:588} INFO - Filling up the DagBag from /home/ec2-user/environment/lab4_model_training/venv/lib64/python3.12/site-packages/airflow/example_dags/example_dag_decorator.py
[2026-05-04T00:44:24.116+0000] {processor.py:925} INFO - DAG(s) 'example_dag_decorator' retrieved from /home/ec2-user/environment/lab4_model_training/venv/lib64/python3.12/site-packages/airflow/example_dags/example_dag_decorator.py
[2026-05-04T00:44:24.193+0000] {logging_mixin.py:190} INFO - [2026-05-04T00:44:24.192+0000] {dag.py:3239} INFO - Sync 1 DAGs
[2026-05-04T00:44:24.201+0000] {logging_mixin.py:190} INFO - [2026-05-04T00:44:24.201+0000] {dag.py:4180} INFO - Setting next_dagrun for example_dag_decorator to None, run_after=None
[2026-05-04T00:44:24.218+0000] {processor.py:208} INFO - Processing /home/ec2-user/environment/lab4_model_training/venv/lib64/python3.12/site-packages/airflow/example_dags/example_dag_decorator.py took 0.175 seconds
[2026-05-04T00:45:26.918+0000] {processor.py:186} INFO - Started process (PID=21185) to work on /home/ec2-user/environment/lab4_model_training/venv/lib64/python3.12/site-packages/airflow/example_dags/example_dag_decorator.py
[2026-05-04T00:45:26.920+0000] {processor.py:914} INFO - Processing file /home/ec2-user/environment/lab4_model_training/venv/lib64/python3.12/site-packages/airflow/example_dags/example_dag_decorator.py for tasks to queue
[2026-05-04T00:45:26.922+0000] {logging_mixin.py:190} INFO - [2026-05-04T00:45:26.921+0000] {dagbag.py:588} INFO - Filling up the DagBag from /home/ec2-user/environment/lab4_model_training/venv/lib64/python3.12/site-packages/airflow/example_dags/example_dag_decorator.py
[2026-05-04T00:45:26.991+0000] {processor.py:925} INFO - DAG(s) 'example_dag_decorator' retrieved from /home/ec2-user/environment/lab4_model_training/venv/lib64/python3.12/site-packages/airflow/example_dags/example_dag_decorator.py
[2026-05-04T00:45:27.071+0000] {logging_mixin.py:190} INFO - [2026-05-04T00:45:27.071+0000] {dag.py:3239} INFO - Sync 1 DAGs
[2026-05-04T00:45:27.079+0000] {logging_mixin.py:190} INFO - [2026-05-04T00:45:27.079+0000] {dag.py:4180} INFO - Setting next_dagrun for example_dag_decorator to None, run_after=None
[2026-05-04T00:45:27.096+0000] {processor.py:208} INFO - Processing /home/ec2-user/environment/lab4_model_training/venv/lib64/python3.12/site-packages/airflow/example_dags/example_dag_decorator.py took 0.182 seconds
[2026-05-04T00:46:29.435+0000] {processor.py:186} INFO - Started process (PID=21321) to work on /home/ec2-user/environment/lab4_model_training/venv/lib64/python3.12/site-packages/airflow/example_dags/example_dag_decorator.py
[2026-05-04T00:46:29.436+0000] {processor.py:914} INFO - Processing file /home/ec2-user/environment/lab4_model_training/venv/lib64/python3.12/site-packages/airflow/example_dags/example_dag_decorator.py for tasks to queue
[2026-05-04T00:46:29.438+0000] {logging_mixin.py:190} INFO - [2026-05-04T00:46:29.438+0000] {dagbag.py:588} INFO - Filling up the DagBag from /home/ec2-user/environment/lab4_model_training/venv/lib64/python3.12/site-packages/airflow/example_dags/example_dag_decorator.py
[2026-05-04T00:46:29.505+0000] {processor.py:925} INFO - DAG(s) 'example_dag_decorator' retrieved from /home/ec2-user/environment/lab4_model_training/venv/lib64/python3.12/site-packages/airflow/example_dags/example_dag_decorator.py
[2026-05-04T00:46:29.584+0000] {logging_mixin.py:190} INFO - [2026-05-04T00:46:29.584+0000] {dag.py:3239} INFO - Sync 1 DAGs
[2026-05-04T00:46:29.592+0000] {logging_mixin.py:190} INFO - [2026-05-04T00:46:29.592+0000] {dag.py:4180} INFO - Setting next_dagrun for example_dag_decorator to None, run_after=None
[2026-05-04T00:46:29.609+0000] {processor.py:208} INFO - Processing /home/ec2-user/environment/lab4_model_training/venv/lib64/python3.12/site-packages/airflow/example_dags/example_dag_decorator.py took 0.179 seconds
[2026-05-04T00:47:33.809+0000] {processor.py:186} INFO - Started process (PID=21461) to work on /home/ec2-user/environment/lab4_model_training/venv/lib64/python3.12/site-packages/airflow/example_dags/example_dag_decorator.py
[2026-05-04T00:47:33.810+0000] {processor.py:914} INFO - Processing file /home/ec2-user/environment/lab4_model_training/venv/lib64/python3.12/site-packages/airflow/example_dags/example_dag_decorator.py for tasks to queue
[2026-05-04T00:47:33.812+0000] {logging_mixin.py:190} INFO - [2026-05-04T00:47:33.812+0000] {dagbag.py:588} INFO - Filling up the DagBag from /home/ec2-user/environment/lab4_model_training/venv/lib64/python3.12/site-packages/airflow/example_dags/example_dag_decorator.py
[2026-05-04T00:47:33.878+0000] {processor.py:925} INFO - DAG(s) 'example_dag_decorator' retrieved from /home/ec2-user/environment/lab4_model_training/venv/lib64/python3.12/site-packages/airflow/example_dags/example_dag_decorator.py
[2026-05-04T00:47:33.956+0000] {logging_mixin.py:190} INFO - [2026-05-04T00:47:33.956+0000] {dag.py:3239} INFO - Sync 1 DAGs
[2026-05-04T00:47:33.964+0000] {logging_mixin.py:190} INFO - [2026-05-04T00:47:33.964+0000] {dag.py:4180} INFO - Setting next_dagrun for example_dag_decorator to None, run_after=None
[2026-05-04T00:47:33.981+0000] {processor.py:208} INFO - Processing /home/ec2-user/environment/lab4_model_training/venv/lib64/python3.12/site-packages/airflow/example_dags/example_dag_decorator.py took 0.176 seconds
[2026-05-04T00:48:36.128+0000] {processor.py:186} INFO - Started process (PID=21544) to work on /home/ec2-user/environment/lab4_model_training/venv/lib64/python3.12/site-packages/airflow/example_dags/example_dag_decorator.py
[2026-05-04T00:48:36.129+0000] {processor.py:914} INFO - Processing file /home/ec2-user/environment/lab4_model_training/venv/lib64/python3.12/site-packages/airflow/example_dags/example_dag_decorator.py for tasks to queue
[2026-05-04T00:48:36.130+0000] {logging_mixin.py:190} INFO - [2026-05-04T00:48:36.130+0000] {dagbag.py:588} INFO - Filling up the DagBag from /home/ec2-user/environment/lab4_model_training/venv/lib64/python3.12/site-packages/airflow/example_dags/example_dag_decorator.py
[2026-05-04T00:48:36.199+0000] {processor.py:925} INFO - DAG(s) 'example_dag_decorator' retrieved from /home/ec2-user/environment/lab4_model_training/venv/lib64/python3.12/site-packages/airflow/example_dags/example_dag_decorator.py
[2026-05-04T00:48:36.278+0000] {logging_mixin.py:190} INFO - [2026-05-04T00:48:36.277+0000] {dag.py:3239} INFO - Sync 1 DAGs
[2026-05-04T00:48:36.399+0000] {logging_mixin.py:190} INFO - [2026-05-04T00:48:36.399+0000] {dag.py:4180} INFO - Setting next_dagrun for example_dag_decorator to None, run_after=None
[2026-05-04T00:48:36.416+0000] {processor.py:208} INFO - Processing /home/ec2-user/environment/lab4_model_training/venv/lib64/python3.12/site-packages/airflow/example_dags/example_dag_decorator.py took 0.293 seconds
[2026-05-04T00:49:43.100+0000] {processor.py:186} INFO - Started process (PID=21683) to work on /home/ec2-user/environment/lab4_model_training/venv/lib64/python3.12/site-packages/airflow/example_dags/example_dag_decorator.py
[2026-05-04T00:49:43.101+0000] {processor.py:914} INFO - Processing file /home/ec2-user/environment/lab4_model_training/venv/lib64/python3.12/site-packages/airflow/example_dags/example_dag_decorator.py for tasks to queue
[2026-05-04T00:49:43.102+0000] {logging_mixin.py:190} INFO - [2026-05-04T00:49:43.102+0000] {dagbag.py:588} INFO - Filling up the DagBag from /home/ec2-user/environment/lab4_model_training/venv/lib64/python3.12/site-packages/airflow/example_dags/example_dag_decorator.py
[2026-05-04T00:49:43.169+0000] {processor.py:925} INFO - DAG(s) 'example_dag_decorator' retrieved from /home/ec2-user/environment/lab4_model_training/venv/lib64/python3.12/site-packages/airflow/example_dags/example_dag_decorator.py
[2026-05-04T00:49:43.247+0000] {logging_mixin.py:190} INFO - [2026-05-04T00:49:43.247+0000] {dag.py:3239} INFO - Sync 1 DAGs
[2026-05-04T00:49:43.254+0000] {logging_mixin.py:190} INFO - [2026-05-04T00:49:43.254+0000] {dag.py:4180} INFO - Setting next_dagrun for example_dag_decorator to None, run_after=None
[2026-05-04T00:49:43.272+0000] {processor.py:208} INFO - Processing /home/ec2-user/environment/lab4_model_training/venv/lib64/python3.12/site-packages/airflow/example_dags/example_dag_decorator.py took 0.177 seconds
[2026-05-04T00:50:46.987+0000] {processor.py:186} INFO - Started process (PID=21972) to work on /home/ec2-user/environment/lab4_model_training/venv/lib64/python3.12/site-packages/airflow/example_dags/example_dag_decorator.py
[2026-05-04T00:50:46.988+0000] {processor.py:914} INFO - Processing file /home/ec2-user/environment/lab4_model_training/venv/lib64/python3.12/site-packages/airflow/example_dags/example_dag_decorator.py for tasks to queue
[2026-05-04T00:50:46.990+0000] {logging_mixin.py:190} INFO - [2026-05-04T00:50:46.989+0000] {dagbag.py:588} INFO - Filling up the DagBag from /home/ec2-user/environment/lab4_model_training/venv/lib64/python3.12/site-packages/airflow/example_dags/example_dag_decorator.py
[2026-05-04T00:50:47.057+0000] {processor.py:925} INFO - DAG(s) 'example_dag_decorator' retrieved from /home/ec2-user/environment/lab4_model_training/venv/lib64/python3.12/site-packages/airflow/example_dags/example_dag_decorator.py
[2026-05-04T00:50:47.134+0000] {logging_mixin.py:190} INFO - [2026-05-04T00:50:47.134+0000] {dag.py:3239} INFO - Sync 1 DAGs
[2026-05-04T00:50:47.142+0000] {logging_mixin.py:190} INFO - [2026-05-04T00:50:47.142+0000] {dag.py:4180} INFO - Setting next_dagrun for example_dag_decorator to None, run_after=None
[2026-05-04T00:50:47.160+0000] {processor.py:208} INFO - Processing /home/ec2-user/environment/lab4_model_training/venv/lib64/python3.12/site-packages/airflow/example_dags/example_dag_decorator.py took 0.177 seconds
[2026-05-04T00:51:54.062+0000] {processor.py:186} INFO - Started process (PID=22199) to work on /home/ec2-user/environment/lab4_model_training/venv/lib64/python3.12/site-packages/airflow/example_dags/example_dag_decorator.py
[2026-05-04T00:51:54.064+0000] {processor.py:914} INFO - Processing file /home/ec2-user/environment/lab4_model_training/venv/lib64/python3.12/site-packages/airflow/example_dags/example_dag_decorator.py for tasks to queue
[2026-05-04T00:51:54.065+0000] {logging_mixin.py:190} INFO - [2026-05-04T00:51:54.065+0000] {dagbag.py:588} INFO - Filling up the DagBag from /home/ec2-user/environment/lab4_model_training/venv/lib64/python3.12/site-packages/airflow/example_dags/example_dag_decorator.py
[2026-05-04T00:51:54.135+0000] {processor.py:925} INFO - DAG(s) 'example_dag_decorator' retrieved from /home/ec2-user/environment/lab4_model_training/venv/lib64/python3.12/site-packages/airflow/example_dags/example_dag_decorator.py
[2026-05-04T00:51:54.226+0000] {logging_mixin.py:190} INFO - [2026-05-04T00:51:54.225+0000] {dag.py:3239} INFO - Sync 1 DAGs
[2026-05-04T00:51:54.235+0000] {logging_mixin.py:190} INFO - [2026-05-04T00:51:54.235+0000] {dag.py:4180} INFO - Setting next_dagrun for example_dag_decorator to None, run_after=None
[2026-05-04T00:51:54.253+0000] {processor.py:208} INFO - Processing /home/ec2-user/environment/lab4_model_training/venv/lib64/python3.12/site-packages/airflow/example_dags/example_dag_decorator.py took 0.195 seconds
[2026-05-04T00:52:55.732+0000] {processor.py:186} INFO - Started process (PID=22371) to work on /home/ec2-user/environment/lab4_model_training/venv/lib64/python3.12/site-packages/airflow/example_dags/example_dag_decorator.py
[2026-05-04T00:52:55.733+0000] {processor.py:914} INFO - Processing file /home/ec2-user/environment/lab4_model_training/venv/lib64/python3.12/site-packages/airflow/example_dags/example_dag_decorator.py for tasks to queue
[2026-05-04T00:52:55.735+0000] {logging_mixin.py:190} INFO - [2026-05-04T00:52:55.734+0000] {dagbag.py:588} INFO - Filling up the DagBag from /home/ec2-user/environment/lab4_model_training/venv/lib64/python3.12/site-packages/airflow/example_dags/example_dag_decorator.py
[2026-05-04T00:52:55.802+0000] {processor.py:925} INFO - DAG(s) 'example_dag_decorator' retrieved from /home/ec2-user/environment/lab4_model_training/venv/lib64/python3.12/site-packages/airflow/example_dags/example_dag_decorator.py
[2026-05-04T00:52:55.881+0000] {logging_mixin.py:190} INFO - [2026-05-04T00:52:55.881+0000] {dag.py:3239} INFO - Sync 1 DAGs
[2026-05-04T00:52:56.005+0000] {logging_mixin.py:190} INFO - [2026-05-04T00:52:56.005+0000] {dag.py:4180} INFO - Setting next_dagrun for example_dag_decorator to None, run_after=None
[2026-05-04T00:52:56.022+0000] {processor.py:208} INFO - Processing /home/ec2-user/environment/lab4_model_training/venv/lib64/python3.12/site-packages/airflow/example_dags/example_dag_decorator.py took 0.294 seconds
[2026-05-04T00:54:00.826+0000] {processor.py:186} INFO - Started process (PID=22503) to work on /home/ec2-user/environment/lab4_model_training/venv/lib64/python3.12/site-packages/airflow/example_dags/example_dag_decorator.py
[2026-05-04T00:54:00.827+0000] {processor.py:914} INFO - Processing file /home/ec2-user/environment/lab4_model_training/venv/lib64/python3.12/site-packages/airflow/example_dags/example_dag_decorator.py for tasks to queue
[2026-05-04T00:54:00.828+0000] {logging_mixin.py:190} INFO - [2026-05-04T00:54:00.828+0000] {dagbag.py:588} INFO - Filling up the DagBag from /home/ec2-user/environment/lab4_model_training/venv/lib64/python3.12/site-packages/airflow/example_dags/example_dag_decorator.py
[2026-05-04T00:54:00.894+0000] {processor.py:925} INFO - DAG(s) 'example_dag_decorator' retrieved from /home/ec2-user/environment/lab4_model_training/venv/lib64/python3.12/site-packages/airflow/example_dags/example_dag_decorator.py
[2026-05-04T00:54:00.975+0000] {logging_mixin.py:190} INFO - [2026-05-04T00:54:00.974+0000] {dag.py:3239} INFO - Sync 1 DAGs
[2026-05-04T00:54:01.126+0000] {logging_mixin.py:190} INFO - [2026-05-04T00:54:01.126+0000] {dag.py:4180} INFO - Setting next_dagrun for example_dag_decorator to None, run_after=None
[2026-05-04T00:54:01.143+0000] {processor.py:208} INFO - Processing /home/ec2-user/environment/lab4_model_training/venv/lib64/python3.12/site-packages/airflow/example_dags/example_dag_decorator.py took 0.322 seconds
[2026-05-04T00:55:06.362+0000] {processor.py:186} INFO - Started process (PID=22731) to work on /home/ec2-user/environment/lab4_model_training/venv/lib64/python3.12/site-packages/airflow/example_dags/example_dag_decorator.py
[2026-05-04T00:55:06.363+0000] {processor.py:914} INFO - Processing file /home/ec2-user/environment/lab4_model_training/venv/lib64/python3.12/site-packages/airflow/example_dags/example_dag_decorator.py for tasks to queue
[2026-05-04T00:55:06.364+0000] {logging_mixin.py:190} INFO - [2026-05-04T00:55:06.364+0000] {dagbag.py:588} INFO - Filling up the DagBag from /home/ec2-user/environment/lab4_model_training/venv/lib64/python3.12/site-packages/airflow/example_dags/example_dag_decorator.py
[2026-05-04T00:55:06.432+0000] {processor.py:925} INFO - DAG(s) 'example_dag_decorator' retrieved from /home/ec2-user/environment/lab4_model_training/venv/lib64/python3.12/site-packages/airflow/example_dags/example_dag_decorator.py
[2026-05-04T00:55:06.511+0000] {logging_mixin.py:190} INFO - [2026-05-04T00:55:06.510+0000] {dag.py:3239} INFO - Sync 1 DAGs
[2026-05-04T00:55:06.519+0000] {logging_mixin.py:190} INFO - [2026-05-04T00:55:06.519+0000] {dag.py:4180} INFO - Setting next_dagrun for example_dag_decorator to None, run_after=None
[2026-05-04T00:55:06.663+0000] {processor.py:208} INFO - Processing /home/ec2-user/environment/lab4_model_training/venv/lib64/python3.12/site-packages/airflow/example_dags/example_dag_decorator.py took 0.306 seconds
[2026-05-04T00:56:07.446+0000] {processor.py:186} INFO - Started process (PID=22841) to work on /home/ec2-user/environment/lab4_model_training/venv/lib64/python3.12/site-packages/airflow/example_dags/example_dag_decorator.py
[2026-05-04T00:56:07.447+0000] {processor.py:914} INFO - Processing file /home/ec2-user/environment/lab4_model_training/venv/lib64/python3.12/site-packages/airflow/example_dags/example_dag_decorator.py for tasks to queue
[2026-05-04T00:56:07.449+0000] {logging_mixin.py:190} INFO - [2026-05-04T00:56:07.448+0000] {dagbag.py:588} INFO - Filling up the DagBag from /home/ec2-user/environment/lab4_model_training/venv/lib64/python3.12/site-packages/airflow/example_dags/example_dag_decorator.py
[2026-05-04T00:56:07.516+0000] {processor.py:925} INFO - DAG(s) 'example_dag_decorator' retrieved from /home/ec2-user/environment/lab4_model_training/venv/lib64/python3.12/site-packages/airflow/example_dags/example_dag_decorator.py
[2026-05-04T00:56:07.593+0000] {logging_mixin.py:190} INFO - [2026-05-04T00:56:07.593+0000] {dag.py:3239} INFO - Sync 1 DAGs
[2026-05-04T00:56:07.601+0000] {logging_mixin.py:190} INFO - [2026-05-04T00:56:07.601+0000] {dag.py:4180} INFO - Setting next_dagrun for example_dag_decorator to None, run_after=None
[2026-05-04T00:56:07.618+0000] {processor.py:208} INFO - Processing /home/ec2-user/environment/lab4_model_training/venv/lib64/python3.12/site-packages/airflow/example_dags/example_dag_decorator.py took 0.176 seconds
[2026-05-04T00:57:15.350+0000] {processor.py:186} INFO - Started process (PID=23024) to work on /home/ec2-user/environment/lab4_model_training/venv/lib64/python3.12/site-packages/airflow/example_dags/example_dag_decorator.py
[2026-05-04T00:57:15.351+0000] {processor.py:914} INFO - Processing file /home/ec2-user/environment/lab4_model_training/venv/lib64/python3.12/site-packages/airflow/example_dags/example_dag_decorator.py for tasks to queue
[2026-05-04T00:57:15.353+0000] {logging_mixin.py:190} INFO - [2026-05-04T00:57:15.352+0000] {dagbag.py:588} INFO - Filling up the DagBag from /home/ec2-user/environment/lab4_model_training/venv/lib64/python3.12/site-packages/airflow/example_dags/example_dag_decorator.py
[2026-05-04T00:57:15.420+0000] {processor.py:925} INFO - DAG(s) 'example_dag_decorator' retrieved from /home/ec2-user/environment/lab4_model_training/venv/lib64/python3.12/site-packages/airflow/example_dags/example_dag_decorator.py
[2026-05-04T00:57:15.435+0000] {logging_mixin.py:190} INFO - [2026-05-04T00:57:15.435+0000] {dag.py:3239} INFO - Sync 1 DAGs
[2026-05-04T00:57:15.445+0000] {logging_mixin.py:190} INFO - [2026-05-04T00:57:15.445+0000] {dag.py:4180} INFO - Setting next_dagrun for example_dag_decorator to None, run_after=None
[2026-05-04T00:57:15.462+0000] {processor.py:208} INFO - Processing /home/ec2-user/environment/lab4_model_training/venv/lib64/python3.12/site-packages/airflow/example_dags/example_dag_decorator.py took 0.116 seconds
[2026-05-04T00:58:19.384+0000] {processor.py:186} INFO - Started process (PID=23147) to work on /home/ec2-user/environment/lab4_model_training/venv/lib64/python3.12/site-packages/airflow/example_dags/example_dag_decorator.py
[2026-05-04T00:58:19.385+0000] {processor.py:914} INFO - Processing file /home/ec2-user/environment/lab4_model_training/venv/lib64/python3.12/site-packages/airflow/example_dags/example_dag_decorator.py for tasks to queue
[2026-05-04T00:58:19.386+0000] {logging_mixin.py:190} INFO - [2026-05-04T00:58:19.386+0000] {dagbag.py:588} INFO - Filling up the DagBag from /home/ec2-user/environment/lab4_model_training/venv/lib64/python3.12/site-packages/airflow/example_dags/example_dag_decorator.py
[2026-05-04T00:58:19.454+0000] {processor.py:925} INFO - DAG(s) 'example_dag_decorator' retrieved from /home/ec2-user/environment/lab4_model_training/venv/lib64/python3.12/site-packages/airflow/example_dags/example_dag_decorator.py
[2026-05-04T00:58:19.659+0000] {logging_mixin.py:190} INFO - [2026-05-04T00:58:19.659+0000] {dag.py:3239} INFO - Sync 1 DAGs
[2026-05-04T00:58:19.667+0000] {logging_mixin.py:190} INFO - [2026-05-04T00:58:19.666+0000] {dag.py:4180} INFO - Setting next_dagrun for example_dag_decorator to None, run_after=None
[2026-05-04T00:58:19.683+0000] {processor.py:208} INFO - Processing /home/ec2-user/environment/lab4_model_training/venv/lib64/python3.12/site-packages/airflow/example_dags/example_dag_decorator.py took 0.304 seconds
[2026-05-04T00:59:27.676+0000] {processor.py:186} INFO - Started process (PID=23301) to work on /home/ec2-user/environment/lab4_model_training/venv/lib64/python3.12/site-packages/airflow/example_dags/example_dag_decorator.py
[2026-05-04T00:59:27.677+0000] {processor.py:914} INFO - Processing file /home/ec2-user/environment/lab4_model_training/venv/lib64/python3.12/site-packages/airflow/example_dags/example_dag_decorator.py for tasks to queue
[2026-05-04T00:59:27.679+0000] {logging_mixin.py:190} INFO - [2026-05-04T00:59:27.679+0000] {dagbag.py:588} INFO - Filling up the DagBag from /home/ec2-user/environment/lab4_model_training/venv/lib64/python3.12/site-packages/airflow/example_dags/example_dag_decorator.py
[2026-05-04T00:59:27.746+0000] {processor.py:925} INFO - DAG(s) 'example_dag_decorator' retrieved from /home/ec2-user/environment/lab4_model_training/venv/lib64/python3.12/site-packages/airflow/example_dags/example_dag_decorator.py
[2026-05-04T00:59:27.823+0000] {logging_mixin.py:190} INFO - [2026-05-04T00:59:27.823+0000] {dag.py:3239} INFO - Sync 1 DAGs
[2026-05-04T00:59:27.932+0000] {logging_mixin.py:190} INFO - [2026-05-04T00:59:27.932+0000] {dag.py:4180} INFO - Setting next_dagrun for example_dag_decorator to None, run_after=None
[2026-05-04T00:59:27.948+0000] {processor.py:208} INFO - Processing /home/ec2-user/environment/lab4_model_training/venv/lib64/python3.12/site-packages/airflow/example_dags/example_dag_decorator.py took 0.276 seconds
[2026-05-04T01:00:34.759+0000] {processor.py:186} INFO - Started process (PID=23449) to work on /home/ec2-user/environment/lab4_model_training/venv/lib64/python3.12/site-packages/airflow/example_dags/example_dag_decorator.py
[2026-05-04T01:00:34.760+0000] {processor.py:914} INFO - Processing file /home/ec2-user/environment/lab4_model_training/venv/lib64/python3.12/site-packages/airflow/example_dags/example_dag_decorator.py for tasks to queue
[2026-05-04T01:00:34.761+0000] {logging_mixin.py:190} INFO - [2026-05-04T01:00:34.761+0000] {dagbag.py:588} INFO - Filling up the DagBag from /home/ec2-user/environment/lab4_model_training/venv/lib64/python3.12/site-packages/airflow/example_dags/example_dag_decorator.py
[2026-05-04T01:00:34.828+0000] {processor.py:925} INFO - DAG(s) 'example_dag_decorator' retrieved from /home/ec2-user/environment/lab4_model_training/venv/lib64/python3.12/site-packages/airflow/example_dags/example_dag_decorator.py
[2026-05-04T01:00:35.028+0000] {logging_mixin.py:190} INFO - [2026-05-04T01:00:35.027+0000] {dag.py:3239} INFO - Sync 1 DAGs
[2026-05-04T01:00:35.036+0000] {logging_mixin.py:190} INFO - [2026-05-04T01:00:35.036+0000] {dag.py:4180} INFO - Setting next_dagrun for example_dag_decorator to None, run_after=None
[2026-05-04T01:00:35.052+0000] {processor.py:208} INFO - Processing /home/ec2-user/environment/lab4_model_training/venv/lib64/python3.12/site-packages/airflow/example_dags/example_dag_decorator.py took 0.298 seconds
[2026-05-04T01:01:17.651+0000] {processor.py:186} INFO - Started process (PID=23584) to work on /home/ec2-user/environment/lab4_model_training/venv/lib64/python3.12/site-packages/airflow/example_dags/example_dag_decorator.py
[2026-05-04T01:01:17.652+0000] {processor.py:914} INFO - Processing file /home/ec2-user/environment/lab4_model_training/venv/lib64/python3.12/site-packages/airflow/example_dags/example_dag_decorator.py for tasks to queue
[2026-05-04T01:01:17.653+0000] {logging_mixin.py:190} INFO - [2026-05-04T01:01:17.653+0000] {dagbag.py:588} INFO - Filling up the DagBag from /home/ec2-user/environment/lab4_model_training/venv/lib64/python3.12/site-packages/airflow/example_dags/example_dag_decorator.py
[2026-05-04T01:01:17.719+0000] {processor.py:925} INFO - DAG(s) 'example_dag_decorator' retrieved from /home/ec2-user/environment/lab4_model_training/venv/lib64/python3.12/site-packages/airflow/example_dags/example_dag_decorator.py
[2026-05-04T01:01:17.733+0000] {logging_mixin.py:190} INFO - [2026-05-04T01:01:17.733+0000] {dag.py:3239} INFO - Sync 1 DAGs
[2026-05-04T01:01:17.742+0000] {logging_mixin.py:190} INFO - [2026-05-04T01:01:17.742+0000] {dag.py:4180} INFO - Setting next_dagrun for example_dag_decorator to None, run_after=None
[2026-05-04T01:01:17.759+0000] {processor.py:208} INFO - Processing /home/ec2-user/environment/lab4_model_training/venv/lib64/python3.12/site-packages/airflow/example_dags/example_dag_decorator.py took 0.113 seconds
[2026-05-04T01:02:23.832+0000] {processor.py:186} INFO - Started process (PID=23673) to work on /home/ec2-user/environment/lab4_model_training/venv/lib64/python3.12/site-packages/airflow/example_dags/example_dag_decorator.py
[2026-05-04T01:02:23.833+0000] {processor.py:914} INFO - Processing file /home/ec2-user/environment/lab4_model_training/venv/lib64/python3.12/site-packages/airflow/example_dags/example_dag_decorator.py for tasks to queue
[2026-05-04T01:02:23.835+0000] {logging_mixin.py:190} INFO - [2026-05-04T01:02:23.834+0000] {dagbag.py:588} INFO - Filling up the DagBag from /home/ec2-user/environment/lab4_model_training/venv/lib64/python3.12/site-packages/airflow/example_dags/example_dag_decorator.py
[2026-05-04T01:02:23.902+0000] {processor.py:925} INFO - DAG(s) 'example_dag_decorator' retrieved from /home/ec2-user/environment/lab4_model_training/venv/lib64/python3.12/site-packages/airflow/example_dags/example_dag_decorator.py
[2026-05-04T01:02:23.916+0000] {logging_mixin.py:190} INFO - [2026-05-04T01:02:23.916+0000] {dag.py:3239} INFO - Sync 1 DAGs
[2026-05-04T01:02:23.926+0000] {logging_mixin.py:190} INFO - [2026-05-04T01:02:23.926+0000] {dag.py:4180} INFO - Setting next_dagrun for example_dag_decorator to None, run_after=None
[2026-05-04T01:02:23.943+0000] {processor.py:208} INFO - Processing /home/ec2-user/environment/lab4_model_training/venv/lib64/python3.12/site-packages/airflow/example_dags/example_dag_decorator.py took 0.115 seconds
[2026-05-04T01:03:27.344+0000] {processor.py:186} INFO - Started process (PID=23813) to work on /home/ec2-user/environment/lab4_model_training/venv/lib64/python3.12/site-packages/airflow/example_dags/example_dag_decorator.py
[2026-05-04T01:03:27.345+0000] {processor.py:914} INFO - Processing file /home/ec2-user/environment/lab4_model_training/venv/lib64/python3.12/site-packages/airflow/example_dags/example_dag_decorator.py for tasks to queue
[2026-05-04T01:03:27.347+0000] {logging_mixin.py:190} INFO - [2026-05-04T01:03:27.347+0000] {dagbag.py:588} INFO - Filling up the DagBag from /home/ec2-user/environment/lab4_model_training/venv/lib64/python3.12/site-packages/airflow/example_dags/example_dag_decorator.py
[2026-05-04T01:03:27.414+0000] {processor.py:925} INFO - DAG(s) 'example_dag_decorator' retrieved from /home/ec2-user/environment/lab4_model_training/venv/lib64/python3.12/site-packages/airflow/example_dags/example_dag_decorator.py
[2026-05-04T01:03:27.613+0000] {logging_mixin.py:190} INFO - [2026-05-04T01:03:27.613+0000] {dag.py:3239} INFO - Sync 1 DAGs
[2026-05-04T01:03:27.620+0000] {logging_mixin.py:190} INFO - [2026-05-04T01:03:27.620+0000] {dag.py:4180} INFO - Setting next_dagrun for example_dag_decorator to None, run_after=None
[2026-05-04T01:03:27.636+0000] {processor.py:208} INFO - Processing /home/ec2-user/environment/lab4_model_training/venv/lib64/python3.12/site-packages/airflow/example_dags/example_dag_decorator.py took 0.297 seconds
[2026-05-04T01:04:37.539+0000] {processor.py:186} INFO - Started process (PID=23951) to work on /home/ec2-user/environment/lab4_model_training/venv/lib64/python3.12/site-packages/airflow/example_dags/example_dag_decorator.py
[2026-05-04T01:04:37.540+0000] {processor.py:914} INFO - Processing file /home/ec2-user/environment/lab4_model_training/venv/lib64/python3.12/site-packages/airflow/example_dags/example_dag_decorator.py for tasks to queue
[2026-05-04T01:04:37.541+0000] {logging_mixin.py:190} INFO - [2026-05-04T01:04:37.541+0000] {dagbag.py:588} INFO - Filling up the DagBag from /home/ec2-user/environment/lab4_model_training/venv/lib64/python3.12/site-packages/airflow/example_dags/example_dag_decorator.py
[2026-05-04T01:04:37.609+0000] {processor.py:925} INFO - DAG(s) 'example_dag_decorator' retrieved from /home/ec2-user/environment/lab4_model_training/venv/lib64/python3.12/site-packages/airflow/example_dags/example_dag_decorator.py
[2026-05-04T01:04:37.808+0000] {logging_mixin.py:190} INFO - [2026-05-04T01:04:37.808+0000] {dag.py:3239} INFO - Sync 1 DAGs
[2026-05-04T01:04:37.816+0000] {logging_mixin.py:190} INFO - [2026-05-04T01:04:37.816+0000] {dag.py:4180} INFO - Setting next_dagrun for example_dag_decorator to None, run_after=None
[2026-05-04T01:04:37.833+0000] {processor.py:208} INFO - Processing /home/ec2-user/environment/lab4_model_training/venv/lib64/python3.12/site-packages/airflow/example_dags/example_dag_decorator.py took 0.299 seconds
[2026-05-04T01:05:41.486+0000] {processor.py:186} INFO - Started process (PID=24038) to work on /home/ec2-user/environment/lab4_model_training/venv/lib64/python3.12/site-packages/airflow/example_dags/example_dag_decorator.py
[2026-05-04T01:05:41.488+0000] {processor.py:914} INFO - Processing file /home/ec2-user/environment/lab4_model_training/venv/lib64/python3.12/site-packages/airflow/example_dags/example_dag_decorator.py for tasks to queue
[2026-05-04T01:05:41.489+0000] {logging_mixin.py:190} INFO - [2026-05-04T01:05:41.489+0000] {dagbag.py:588} INFO - Filling up the DagBag from /home/ec2-user/environment/lab4_model_training/venv/lib64/python3.12/site-packages/airflow/example_dags/example_dag_decorator.py
[2026-05-04T01:05:41.556+0000] {processor.py:925} INFO - DAG(s) 'example_dag_decorator' retrieved from /home/ec2-user/environment/lab4_model_training/venv/lib64/python3.12/site-packages/airflow/example_dags/example_dag_decorator.py
[2026-05-04T01:05:41.748+0000] {logging_mixin.py:190} INFO - [2026-05-04T01:05:41.748+0000] {dag.py:3239} INFO - Sync 1 DAGs
[2026-05-04T01:05:41.756+0000] {logging_mixin.py:190} INFO - [2026-05-04T01:05:41.756+0000] {dag.py:4180} INFO - Setting next_dagrun for example_dag_decorator to None, run_after=None
[2026-05-04T01:05:41.773+0000] {processor.py:208} INFO - Processing /home/ec2-user/environment/lab4_model_training/venv/lib64/python3.12/site-packages/airflow/example_dags/example_dag_decorator.py took 0.291 seconds
[2026-05-04T01:06:50.771+0000] {processor.py:186} INFO - Started process (PID=24177) to work on /home/ec2-user/environment/lab4_model_training/venv/lib64/python3.12/site-packages/airflow/example_dags/example_dag_decorator.py
[2026-05-04T01:06:50.772+0000] {processor.py:914} INFO - Processing file /home/ec2-user/environment/lab4_model_training/venv/lib64/python3.12/site-packages/airflow/example_dags/example_dag_decorator.py for tasks to queue
[2026-05-04T01:06:50.773+0000] {logging_mixin.py:190} INFO - [2026-05-04T01:06:50.773+0000] {dagbag.py:588} INFO - Filling up the DagBag from /home/ec2-user/environment/lab4_model_training/venv/lib64/python3.12/site-packages/airflow/example_dags/example_dag_decorator.py
[2026-05-04T01:06:50.963+0000] {processor.py:925} INFO - DAG(s) 'example_dag_decorator' retrieved from /home/ec2-user/environment/lab4_model_training/venv/lib64/python3.12/site-packages/airflow/example_dags/example_dag_decorator.py
[2026-05-04T01:06:51.036+0000] {logging_mixin.py:190} INFO - [2026-05-04T01:06:51.035+0000] {dag.py:3239} INFO - Sync 1 DAGs
[2026-05-04T01:06:51.043+0000] {logging_mixin.py:190} INFO - [2026-05-04T01:06:51.043+0000] {dag.py:4180} INFO - Setting next_dagrun for example_dag_decorator to None, run_after=None
[2026-05-04T01:06:51.060+0000] {processor.py:208} INFO - Processing /home/ec2-user/environment/lab4_model_training/venv/lib64/python3.12/site-packages/airflow/example_dags/example_dag_decorator.py took 0.294 seconds
[2026-05-04T01:07:58.883+0000] {processor.py:186} INFO - Started process (PID=24266) to work on /home/ec2-user/environment/lab4_model_training/venv/lib64/python3.12/site-packages/airflow/example_dags/example_dag_decorator.py
[2026-05-04T01:07:58.885+0000] {processor.py:914} INFO - Processing file /home/ec2-user/environment/lab4_model_training/venv/lib64/python3.12/site-packages/airflow/example_dags/example_dag_decorator.py for tasks to queue
[2026-05-04T01:07:58.886+0000] {logging_mixin.py:190} INFO - [2026-05-04T01:07:58.886+0000] {dagbag.py:588} INFO - Filling up the DagBag from /home/ec2-user/environment/lab4_model_training/venv/lib64/python3.12/site-packages/airflow/example_dags/example_dag_decorator.py
[2026-05-04T01:07:59.089+0000] {processor.py:925} INFO - DAG(s) 'example_dag_decorator' retrieved from /home/ec2-user/environment/lab4_model_training/venv/lib64/python3.12/site-packages/airflow/example_dags/example_dag_decorator.py
[2026-05-04T01:07:59.162+0000] {logging_mixin.py:190} INFO - [2026-05-04T01:07:59.162+0000] {dag.py:3239} INFO - Sync 1 DAGs
[2026-05-04T01:07:59.169+0000] {logging_mixin.py:190} INFO - [2026-05-04T01:07:59.169+0000] {dag.py:4180} INFO - Setting next_dagrun for example_dag_decorator to None, run_after=None
[2026-05-04T01:07:59.185+0000] {processor.py:208} INFO - Processing /home/ec2-user/environment/lab4_model_training/venv/lib64/python3.12/site-packages/airflow/example_dags/example_dag_decorator.py took 0.306 seconds
[2026-05-04T01:09:04.589+0000] {processor.py:186} INFO - Started process (PID=24417) to work on /home/ec2-user/environment/lab4_model_training/venv/lib64/python3.12/site-packages/airflow/example_dags/example_dag_decorator.py
[2026-05-04T01:09:04.591+0000] {processor.py:914} INFO - Processing file /home/ec2-user/environment/lab4_model_training/venv/lib64/python3.12/site-packages/airflow/example_dags/example_dag_decorator.py for tasks to queue
[2026-05-04T01:09:04.592+0000] {logging_mixin.py:190} INFO - [2026-05-04T01:09:04.592+0000] {dagbag.py:588} INFO - Filling up the DagBag from /home/ec2-user/environment/lab4_model_training/venv/lib64/python3.12/site-packages/airflow/example_dags/example_dag_decorator.py
[2026-05-04T01:09:04.659+0000] {processor.py:925} INFO - DAG(s) 'example_dag_decorator' retrieved from /home/ec2-user/environment/lab4_model_training/venv/lib64/python3.12/site-packages/airflow/example_dags/example_dag_decorator.py
[2026-05-04T01:09:04.834+0000] {logging_mixin.py:190} INFO - [2026-05-04T01:09:04.834+0000] {dag.py:3239} INFO - Sync 1 DAGs
[2026-05-04T01:09:04.841+0000] {logging_mixin.py:190} INFO - [2026-05-04T01:09:04.841+0000] {dag.py:4180} INFO - Setting next_dagrun for example_dag_decorator to None, run_after=None
[2026-05-04T01:09:04.857+0000] {processor.py:208} INFO - Processing /home/ec2-user/environment/lab4_model_training/venv/lib64/python3.12/site-packages/airflow/example_dags/example_dag_decorator.py took 0.272 seconds
[2026-05-04T01:10:14.507+0000] {processor.py:186} INFO - Started process (PID=25007) to work on /home/ec2-user/environment/lab4_model_training/venv/lib64/python3.12/site-packages/airflow/example_dags/example_dag_decorator.py
[2026-05-04T01:10:14.508+0000] {processor.py:914} INFO - Processing file /home/ec2-user/environment/lab4_model_training/venv/lib64/python3.12/site-packages/airflow/example_dags/example_dag_decorator.py for tasks to queue
[2026-05-04T01:10:14.510+0000] {logging_mixin.py:190} INFO - [2026-05-04T01:10:14.510+0000] {dagbag.py:588} INFO - Filling up the DagBag from /home/ec2-user/environment/lab4_model_training/venv/lib64/python3.12/site-packages/airflow/example_dags/example_dag_decorator.py
[2026-05-04T01:10:14.585+0000] {processor.py:925} INFO - DAG(s) 'example_dag_decorator' retrieved from /home/ec2-user/environment/lab4_model_training/venv/lib64/python3.12/site-packages/airflow/example_dags/example_dag_decorator.py
[2026-05-04T01:10:14.787+0000] {logging_mixin.py:190} INFO - [2026-05-04T01:10:14.787+0000] {dag.py:3239} INFO - Sync 1 DAGs
[2026-05-04T01:10:14.795+0000] {logging_mixin.py:190} INFO - [2026-05-04T01:10:14.795+0000] {dag.py:4180} INFO - Setting next_dagrun for example_dag_decorator to None, run_after=None
[2026-05-04T01:10:14.812+0000] {processor.py:208} INFO - Processing /home/ec2-user/environment/lab4_model_training/venv/lib64/python3.12/site-packages/airflow/example_dags/example_dag_decorator.py took 0.310 seconds
[2026-05-04T01:11:25.000+0000] {processor.py:186} INFO - Started process (PID=25579) to work on /home/ec2-user/environment/lab4_model_training/venv/lib64/python3.12/site-packages/airflow/example_dags/example_dag_decorator.py
[2026-05-04T01:11:25.002+0000] {processor.py:914} INFO - Processing file /home/ec2-user/environment/lab4_model_training/venv/lib64/python3.12/site-packages/airflow/example_dags/example_dag_decorator.py for tasks to queue
[2026-05-04T01:11:25.003+0000] {logging_mixin.py:190} INFO - [2026-05-04T01:11:25.003+0000] {dagbag.py:588} INFO - Filling up the DagBag from /home/ec2-user/environment/lab4_model_training/venv/lib64/python3.12/site-packages/airflow/example_dags/example_dag_decorator.py
[2026-05-04T01:11:25.187+0000] {processor.py:925} INFO - DAG(s) 'example_dag_decorator' retrieved from /home/ec2-user/environment/lab4_model_training/venv/lib64/python3.12/site-packages/airflow/example_dags/example_dag_decorator.py
[2026-05-04T01:11:25.260+0000] {logging_mixin.py:190} INFO - [2026-05-04T01:11:25.260+0000] {dag.py:3239} INFO - Sync 1 DAGs
[2026-05-04T01:11:25.269+0000] {logging_mixin.py:190} INFO - [2026-05-04T01:11:25.268+0000] {dag.py:4180} INFO - Setting next_dagrun for example_dag_decorator to None, run_after=None
[2026-05-04T01:11:25.285+0000] {processor.py:208} INFO - Processing /home/ec2-user/environment/lab4_model_training/venv/lib64/python3.12/site-packages/airflow/example_dags/example_dag_decorator.py took 0.289 seconds
[2026-05-04T01:12:35.027+0000] {processor.py:186} INFO - Started process (PID=26091) to work on /home/ec2-user/environment/lab4_model_training/venv/lib64/python3.12/site-packages/airflow/example_dags/example_dag_decorator.py
[2026-05-04T01:12:35.028+0000] {processor.py:914} INFO - Processing file /home/ec2-user/environment/lab4_model_training/venv/lib64/python3.12/site-packages/airflow/example_dags/example_dag_decorator.py for tasks to queue
[2026-05-04T01:12:35.030+0000] {logging_mixin.py:190} INFO - [2026-05-04T01:12:35.030+0000] {dagbag.py:588} INFO - Filling up the DagBag from /home/ec2-user/environment/lab4_model_training/venv/lib64/python3.12/site-packages/airflow/example_dags/example_dag_decorator.py
[2026-05-04T01:12:35.261+0000] {processor.py:925} INFO - DAG(s) 'example_dag_decorator' retrieved from /home/ec2-user/environment/lab4_model_training/venv/lib64/python3.12/site-packages/airflow/example_dags/example_dag_decorator.py
[2026-05-04T01:12:35.369+0000] {logging_mixin.py:190} INFO - [2026-05-04T01:12:35.369+0000] {dag.py:3239} INFO - Sync 1 DAGs
[2026-05-04T01:12:35.381+0000] {logging_mixin.py:190} INFO - [2026-05-04T01:12:35.381+0000] {dag.py:4180} INFO - Setting next_dagrun for example_dag_decorator to None, run_after=None
[2026-05-04T01:12:35.402+0000] {processor.py:208} INFO - Processing /home/ec2-user/environment/lab4_model_training/venv/lib64/python3.12/site-packages/airflow/example_dags/example_dag_decorator.py took 0.380 seconds
[2026-05-04T01:13:46.941+0000] {processor.py:186} INFO - Started process (PID=26600) to work on /home/ec2-user/environment/lab4_model_training/venv/lib64/python3.12/site-packages/airflow/example_dags/example_dag_decorator.py
[2026-05-04T01:13:46.942+0000] {processor.py:914} INFO - Processing file /home/ec2-user/environment/lab4_model_training/venv/lib64/python3.12/site-packages/airflow/example_dags/example_dag_decorator.py for tasks to queue
[2026-05-04T01:13:46.944+0000] {logging_mixin.py:190} INFO - [2026-05-04T01:13:46.944+0000] {dagbag.py:588} INFO - Filling up the DagBag from /home/ec2-user/environment/lab4_model_training/venv/lib64/python3.12/site-packages/airflow/example_dags/example_dag_decorator.py
[2026-05-04T01:13:47.156+0000] {processor.py:925} INFO - DAG(s) 'example_dag_decorator' retrieved from /home/ec2-user/environment/lab4_model_training/venv/lib64/python3.12/site-packages/airflow/example_dags/example_dag_decorator.py
[2026-05-04T01:13:47.233+0000] {logging_mixin.py:190} INFO - [2026-05-04T01:13:47.233+0000] {dag.py:3239} INFO - Sync 1 DAGs
[2026-05-04T01:13:47.244+0000] {logging_mixin.py:190} INFO - [2026-05-04T01:13:47.243+0000] {dag.py:4180} INFO - Setting next_dagrun for example_dag_decorator to None, run_after=None
[2026-05-04T01:13:47.263+0000] {processor.py:208} INFO - Processing /home/ec2-user/environment/lab4_model_training/venv/lib64/python3.12/site-packages/airflow/example_dags/example_dag_decorator.py took 0.326 seconds
[2026-05-04T01:14:59.082+0000] {processor.py:186} INFO - Started process (PID=27136) to work on /home/ec2-user/environment/lab4_model_training/venv/lib64/python3.12/site-packages/airflow/example_dags/example_dag_decorator.py
[2026-05-04T01:14:59.083+0000] {processor.py:914} INFO - Processing file /home/ec2-user/environment/lab4_model_training/venv/lib64/python3.12/site-packages/airflow/example_dags/example_dag_decorator.py for tasks to queue
[2026-05-04T01:14:59.085+0000] {logging_mixin.py:190} INFO - [2026-05-04T01:14:59.084+0000] {dagbag.py:588} INFO - Filling up the DagBag from /home/ec2-user/environment/lab4_model_training/venv/lib64/python3.12/site-packages/airflow/example_dags/example_dag_decorator.py
[2026-05-04T01:14:59.264+0000] {processor.py:925} INFO - DAG(s) 'example_dag_decorator' retrieved from /home/ec2-user/environment/lab4_model_training/venv/lib64/python3.12/site-packages/airflow/example_dags/example_dag_decorator.py
[2026-05-04T01:14:59.337+0000] {logging_mixin.py:190} INFO - [2026-05-04T01:14:59.337+0000] {dag.py:3239} INFO - Sync 1 DAGs
[2026-05-04T01:14:59.344+0000] {logging_mixin.py:190} INFO - [2026-05-04T01:14:59.344+0000] {dag.py:4180} INFO - Setting next_dagrun for example_dag_decorator to None, run_after=None
[2026-05-04T01:14:59.361+0000] {processor.py:208} INFO - Processing /home/ec2-user/environment/lab4_model_training/venv/lib64/python3.12/site-packages/airflow/example_dags/example_dag_decorator.py took 0.284 seconds
[2026-05-04T01:16:09.048+0000] {processor.py:186} INFO - Started process (PID=27640) to work on /home/ec2-user/environment/lab4_model_training/venv/lib64/python3.12/site-packages/airflow/example_dags/example_dag_decorator.py
[2026-05-04T01:16:09.049+0000] {processor.py:914} INFO - Processing file /home/ec2-user/environment/lab4_model_training/venv/lib64/python3.12/site-packages/airflow/example_dags/example_dag_decorator.py for tasks to queue
[2026-05-04T01:16:09.051+0000] {logging_mixin.py:190} INFO - [2026-05-04T01:16:09.051+0000] {dagbag.py:588} INFO - Filling up the DagBag from /home/ec2-user/environment/lab4_model_training/venv/lib64/python3.12/site-packages/airflow/example_dags/example_dag_decorator.py
[2026-05-04T01:16:09.119+0000] {processor.py:925} INFO - DAG(s) 'example_dag_decorator' retrieved from /home/ec2-user/environment/lab4_model_training/venv/lib64/python3.12/site-packages/airflow/example_dags/example_dag_decorator.py
[2026-05-04T01:16:09.197+0000] {logging_mixin.py:190} INFO - [2026-05-04T01:16:09.197+0000] {dag.py:3239} INFO - Sync 1 DAGs
[2026-05-04T01:16:09.206+0000] {logging_mixin.py:190} INFO - [2026-05-04T01:16:09.206+0000] {dag.py:4180} INFO - Setting next_dagrun for example_dag_decorator to None, run_after=None
[2026-05-04T01:16:09.224+0000] {processor.py:208} INFO - Processing /home/ec2-user/environment/lab4_model_training/venv/lib64/python3.12/site-packages/airflow/example_dags/example_dag_decorator.py took 0.180 seconds
[2026-05-04T01:17:09.277+0000] {processor.py:186} INFO - Started process (PID=28143) to work on /home/ec2-user/environment/lab4_model_training/venv/lib64/python3.12/site-packages/airflow/example_dags/example_dag_decorator.py
[2026-05-04T01:17:09.279+0000] {processor.py:914} INFO - Processing file /home/ec2-user/environment/lab4_model_training/venv/lib64/python3.12/site-packages/airflow/example_dags/example_dag_decorator.py for tasks to queue
[2026-05-04T01:17:09.280+0000] {logging_mixin.py:190} INFO - [2026-05-04T01:17:09.280+0000] {dagbag.py:588} INFO - Filling up the DagBag from /home/ec2-user/environment/lab4_model_training/venv/lib64/python3.12/site-packages/airflow/example_dags/example_dag_decorator.py
[2026-05-04T01:17:09.385+0000] {processor.py:925} INFO - DAG(s) 'example_dag_decorator' retrieved from /home/ec2-user/environment/lab4_model_training/venv/lib64/python3.12/site-packages/airflow/example_dags/example_dag_decorator.py
[2026-05-04T01:17:09.508+0000] {logging_mixin.py:190} INFO - [2026-05-04T01:17:09.507+0000] {dag.py:3239} INFO - Sync 1 DAGs
[2026-05-04T01:17:09.520+0000] {logging_mixin.py:190} INFO - [2026-05-04T01:17:09.520+0000] {dag.py:4180} INFO - Setting next_dagrun for example_dag_decorator to None, run_after=None
[2026-05-04T01:17:09.543+0000] {processor.py:208} INFO - Processing /home/ec2-user/environment/lab4_model_training/venv/lib64/python3.12/site-packages/airflow/example_dags/example_dag_decorator.py took 0.273 seconds
[2026-05-04T01:18:18.074+0000] {processor.py:186} INFO - Started process (PID=28689) to work on /home/ec2-user/environment/lab4_model_training/venv/lib64/python3.12/site-packages/airflow/example_dags/example_dag_decorator.py
[2026-05-04T01:18:18.075+0000] {processor.py:914} INFO - Processing file /home/ec2-user/environment/lab4_model_training/venv/lib64/python3.12/site-packages/airflow/example_dags/example_dag_decorator.py for tasks to queue
[2026-05-04T01:18:18.077+0000] {logging_mixin.py:190} INFO - [2026-05-04T01:18:18.077+0000] {dagbag.py:588} INFO - Filling up the DagBag from /home/ec2-user/environment/lab4_model_training/venv/lib64/python3.12/site-packages/airflow/example_dags/example_dag_decorator.py
[2026-05-04T01:18:18.147+0000] {processor.py:925} INFO - DAG(s) 'example_dag_decorator' retrieved from /home/ec2-user/environment/lab4_model_training/venv/lib64/python3.12/site-packages/airflow/example_dags/example_dag_decorator.py
[2026-05-04T01:18:18.239+0000] {logging_mixin.py:190} INFO - [2026-05-04T01:18:18.239+0000] {dag.py:3239} INFO - Sync 1 DAGs
[2026-05-04T01:18:18.251+0000] {logging_mixin.py:190} INFO - [2026-05-04T01:18:18.251+0000] {dag.py:4180} INFO - Setting next_dagrun for example_dag_decorator to None, run_after=None
[2026-05-04T01:18:18.272+0000] {processor.py:208} INFO - Processing /home/ec2-user/environment/lab4_model_training/venv/lib64/python3.12/site-packages/airflow/example_dags/example_dag_decorator.py took 0.203 seconds
[2026-05-04T01:19:24.596+0000] {processor.py:186} INFO - Started process (PID=29211) to work on /home/ec2-user/environment/lab4_model_training/venv/lib64/python3.12/site-packages/airflow/example_dags/example_dag_decorator.py
[2026-05-04T01:19:24.598+0000] {processor.py:914} INFO - Processing file /home/ec2-user/environment/lab4_model_training/venv/lib64/python3.12/site-packages/airflow/example_dags/example_dag_decorator.py for tasks to queue
[2026-05-04T01:19:24.599+0000] {logging_mixin.py:190} INFO - [2026-05-04T01:19:24.599+0000] {dagbag.py:588} INFO - Filling up the DagBag from /home/ec2-user/environment/lab4_model_training/venv/lib64/python3.12/site-packages/airflow/example_dags/example_dag_decorator.py
[2026-05-04T01:19:24.666+0000] {processor.py:925} INFO - DAG(s) 'example_dag_decorator' retrieved from /home/ec2-user/environment/lab4_model_training/venv/lib64/python3.12/site-packages/airflow/example_dags/example_dag_decorator.py
[2026-05-04T01:19:24.744+0000] {logging_mixin.py:190} INFO - [2026-05-04T01:19:24.744+0000] {dag.py:3239} INFO - Sync 1 DAGs
[2026-05-04T01:19:24.754+0000] {logging_mixin.py:190} INFO - [2026-05-04T01:19:24.754+0000] {dag.py:4180} INFO - Setting next_dagrun for example_dag_decorator to None, run_after=None
[2026-05-04T01:19:24.771+0000] {processor.py:208} INFO - Processing /home/ec2-user/environment/lab4_model_training/venv/lib64/python3.12/site-packages/airflow/example_dags/example_dag_decorator.py took 0.179 seconds
[2026-05-04T01:20:30.844+0000] {processor.py:186} INFO - Started process (PID=29782) to work on /home/ec2-user/environment/lab4_model_training/venv/lib64/python3.12/site-packages/airflow/example_dags/example_dag_decorator.py
[2026-05-04T01:20:30.845+0000] {processor.py:914} INFO - Processing file /home/ec2-user/environment/lab4_model_training/venv/lib64/python3.12/site-packages/airflow/example_dags/example_dag_decorator.py for tasks to queue
[2026-05-04T01:20:30.848+0000] {logging_mixin.py:190} INFO - [2026-05-04T01:20:30.847+0000] {dagbag.py:588} INFO - Filling up the DagBag from /home/ec2-user/environment/lab4_model_training/venv/lib64/python3.12/site-packages/airflow/example_dags/example_dag_decorator.py
[2026-05-04T01:20:30.923+0000] {processor.py:925} INFO - DAG(s) 'example_dag_decorator' retrieved from /home/ec2-user/environment/lab4_model_training/venv/lib64/python3.12/site-packages/airflow/example_dags/example_dag_decorator.py
[2026-05-04T01:20:31.004+0000] {logging_mixin.py:190} INFO - [2026-05-04T01:20:31.004+0000] {dag.py:3239} INFO - Sync 1 DAGs
[2026-05-04T01:20:31.013+0000] {logging_mixin.py:190} INFO - [2026-05-04T01:20:31.012+0000] {dag.py:4180} INFO - Setting next_dagrun for example_dag_decorator to None, run_after=None
[2026-05-04T01:20:31.031+0000] {processor.py:208} INFO - Processing /home/ec2-user/environment/lab4_model_training/venv/lib64/python3.12/site-packages/airflow/example_dags/example_dag_decorator.py took 0.192 seconds
[2026-05-04T01:21:32.260+0000] {processor.py:186} INFO - Started process (PID=30240) to work on /home/ec2-user/environment/lab4_model_training/venv/lib64/python3.12/site-packages/airflow/example_dags/example_dag_decorator.py
[2026-05-04T01:21:32.261+0000] {processor.py:914} INFO - Processing file /home/ec2-user/environment/lab4_model_training/venv/lib64/python3.12/site-packages/airflow/example_dags/example_dag_decorator.py for tasks to queue
[2026-05-04T01:21:32.263+0000] {logging_mixin.py:190} INFO - [2026-05-04T01:21:32.262+0000] {dagbag.py:588} INFO - Filling up the DagBag from /home/ec2-user/environment/lab4_model_training/venv/lib64/python3.12/site-packages/airflow/example_dags/example_dag_decorator.py
[2026-05-04T01:21:32.330+0000] {processor.py:925} INFO - DAG(s) 'example_dag_decorator' retrieved from /home/ec2-user/environment/lab4_model_training/venv/lib64/python3.12/site-packages/airflow/example_dags/example_dag_decorator.py
[2026-05-04T01:21:32.408+0000] {logging_mixin.py:190} INFO - [2026-05-04T01:21:32.408+0000] {dag.py:3239} INFO - Sync 1 DAGs
[2026-05-04T01:21:32.417+0000] {logging_mixin.py:190} INFO - [2026-05-04T01:21:32.417+0000] {dag.py:4180} INFO - Setting next_dagrun for example_dag_decorator to None, run_after=None
[2026-05-04T01:21:32.434+0000] {processor.py:208} INFO - Processing /home/ec2-user/environment/lab4_model_training/venv/lib64/python3.12/site-packages/airflow/example_dags/example_dag_decorator.py took 0.179 seconds
[2026-05-04T01:22:39.208+0000] {processor.py:186} INFO - Started process (PID=30561) to work on /home/ec2-user/environment/lab4_model_training/venv/lib64/python3.12/site-packages/airflow/example_dags/example_dag_decorator.py
[2026-05-04T01:22:39.209+0000] {processor.py:914} INFO - Processing file /home/ec2-user/environment/lab4_model_training/venv/lib64/python3.12/site-packages/airflow/example_dags/example_dag_decorator.py for tasks to queue
[2026-05-04T01:22:39.210+0000] {logging_mixin.py:190} INFO - [2026-05-04T01:22:39.210+0000] {dagbag.py:588} INFO - Filling up the DagBag from /home/ec2-user/environment/lab4_model_training/venv/lib64/python3.12/site-packages/airflow/example_dags/example_dag_decorator.py
[2026-05-04T01:22:39.279+0000] {processor.py:925} INFO - DAG(s) 'example_dag_decorator' retrieved from /home/ec2-user/environment/lab4_model_training/venv/lib64/python3.12/site-packages/airflow/example_dags/example_dag_decorator.py
[2026-05-04T01:22:39.362+0000] {logging_mixin.py:190} INFO - [2026-05-04T01:22:39.362+0000] {dag.py:3239} INFO - Sync 1 DAGs
[2026-05-04T01:22:39.372+0000] {logging_mixin.py:190} INFO - [2026-05-04T01:22:39.371+0000] {dag.py:4180} INFO - Setting next_dagrun for example_dag_decorator to None, run_after=None
[2026-05-04T01:22:39.389+0000] {processor.py:208} INFO - Processing /home/ec2-user/environment/lab4_model_training/venv/lib64/python3.12/site-packages/airflow/example_dags/example_dag_decorator.py took 0.187 seconds
[2026-05-04T01:23:42.073+0000] {processor.py:186} INFO - Started process (PID=30702) to work on /home/ec2-user/environment/lab4_model_training/venv/lib64/python3.12/site-packages/airflow/example_dags/example_dag_decorator.py
[2026-05-04T01:23:42.074+0000] {processor.py:914} INFO - Processing file /home/ec2-user/environment/lab4_model_training/venv/lib64/python3.12/site-packages/airflow/example_dags/example_dag_decorator.py for tasks to queue
[2026-05-04T01:23:42.076+0000] {logging_mixin.py:190} INFO - [2026-05-04T01:23:42.076+0000] {dagbag.py:588} INFO - Filling up the DagBag from /home/ec2-user/environment/lab4_model_training/venv/lib64/python3.12/site-packages/airflow/example_dags/example_dag_decorator.py
[2026-05-04T01:23:42.145+0000] {processor.py:925} INFO - DAG(s) 'example_dag_decorator' retrieved from /home/ec2-user/environment/lab4_model_training/venv/lib64/python3.12/site-packages/airflow/example_dags/example_dag_decorator.py
[2026-05-04T01:23:42.226+0000] {logging_mixin.py:190} INFO - [2026-05-04T01:23:42.225+0000] {dag.py:3239} INFO - Sync 1 DAGs
[2026-05-04T01:23:42.238+0000] {logging_mixin.py:190} INFO - [2026-05-04T01:23:42.238+0000] {dag.py:4180} INFO - Setting next_dagrun for example_dag_decorator to None, run_after=None
[2026-05-04T01:23:42.259+0000] {processor.py:208} INFO - Processing /home/ec2-user/environment/lab4_model_training/venv/lib64/python3.12/site-packages/airflow/example_dags/example_dag_decorator.py took 0.191 seconds
