[2026-05-04T00:20:52.554+0000] {processor.py:186} INFO - Started process (PID=12935) to work on /home/ec2-user/environment/lab4_model_training/venv/lib64/python3.12/site-packages/airflow/example_dags/tutorial_dag.py
[2026-05-04T00:20:52.555+0000] {processor.py:914} INFO - Processing file /home/ec2-user/environment/lab4_model_training/venv/lib64/python3.12/site-packages/airflow/example_dags/tutorial_dag.py for tasks to queue
[2026-05-04T00:20:52.556+0000] {logging_mixin.py:190} INFO - [2026-05-04T00:20:52.556+0000] {dagbag.py:588} INFO - Filling up the DagBag from /home/ec2-user/environment/lab4_model_training/venv/lib64/python3.12/site-packages/airflow/example_dags/tutorial_dag.py
[2026-05-04T00:20:52.563+0000] {processor.py:925} INFO - DAG(s) 'tutorial_dag' retrieved from /home/ec2-user/environment/lab4_model_training/venv/lib64/python3.12/site-packages/airflow/example_dags/tutorial_dag.py
[2026-05-04T00:20:52.576+0000] {logging_mixin.py:190} INFO - [2026-05-04T00:20:52.576+0000] {dag.py:3239} INFO - Sync 1 DAGs
[2026-05-04T00:20:52.589+0000] {logging_mixin.py:190} INFO - [2026-05-04T00:20:52.589+0000] {dag.py:4180} INFO - Setting next_dagrun for tutorial_dag to None, run_after=None
[2026-05-04T00:20:52.606+0000] {processor.py:208} INFO - Processing /home/ec2-user/environment/lab4_model_training/venv/lib64/python3.12/site-packages/airflow/example_dags/tutorial_dag.py took 0.056 seconds
[2026-05-04T00:22:23.990+0000] {processor.py:186} INFO - Started process (PID=13644) to work on /home/ec2-user/environment/lab4_model_training/venv/lib64/python3.12/site-packages/airflow/example_dags/tutorial_dag.py
[2026-05-04T00:22:23.991+0000] {processor.py:914} INFO - Processing file /home/ec2-user/environment/lab4_model_training/venv/lib64/python3.12/site-packages/airflow/example_dags/tutorial_dag.py for tasks to queue
[2026-05-04T00:22:23.993+0000] {logging_mixin.py:190} INFO - [2026-05-04T00:22:23.993+0000] {dagbag.py:588} INFO - Filling up the DagBag from /home/ec2-user/environment/lab4_model_training/venv/lib64/python3.12/site-packages/airflow/example_dags/tutorial_dag.py
[2026-05-04T00:22:23.999+0000] {processor.py:925} INFO - DAG(s) 'tutorial_dag' retrieved from /home/ec2-user/environment/lab4_model_training/venv/lib64/python3.12/site-packages/airflow/example_dags/tutorial_dag.py
[2026-05-04T00:22:24.011+0000] {logging_mixin.py:190} INFO - [2026-05-04T00:22:24.011+0000] {dag.py:3239} INFO - Sync 1 DAGs
[2026-05-04T00:22:24.021+0000] {logging_mixin.py:190} INFO - [2026-05-04T00:22:24.021+0000] {dag.py:4180} INFO - Setting next_dagrun for tutorial_dag to None, run_after=None
[2026-05-04T00:22:24.039+0000] {processor.py:208} INFO - Processing /home/ec2-user/environment/lab4_model_training/venv/lib64/python3.12/site-packages/airflow/example_dags/tutorial_dag.py took 0.054 seconds
[2026-05-04T00:23:39.197+0000] {processor.py:186} INFO - Started process (PID=14230) to work on /home/ec2-user/environment/lab4_model_training/venv/lib64/python3.12/site-packages/airflow/example_dags/tutorial_dag.py
[2026-05-04T00:23:39.198+0000] {processor.py:914} INFO - Processing file /home/ec2-user/environment/lab4_model_training/venv/lib64/python3.12/site-packages/airflow/example_dags/tutorial_dag.py for tasks to queue
[2026-05-04T00:23:39.200+0000] {logging_mixin.py:190} INFO - [2026-05-04T00:23:39.200+0000] {dagbag.py:588} INFO - Filling up the DagBag from /home/ec2-user/environment/lab4_model_training/venv/lib64/python3.12/site-packages/airflow/example_dags/tutorial_dag.py
[2026-05-04T00:23:39.206+0000] {processor.py:925} INFO - DAG(s) 'tutorial_dag' retrieved from /home/ec2-user/environment/lab4_model_training/venv/lib64/python3.12/site-packages/airflow/example_dags/tutorial_dag.py
[2026-05-04T00:23:39.217+0000] {logging_mixin.py:190} INFO - [2026-05-04T00:23:39.217+0000] {dag.py:3239} INFO - Sync 1 DAGs
[2026-05-04T00:23:39.227+0000] {logging_mixin.py:190} INFO - [2026-05-04T00:23:39.227+0000] {dag.py:4180} INFO - Setting next_dagrun for tutorial_dag to None, run_after=None
[2026-05-04T00:23:39.244+0000] {processor.py:208} INFO - Processing /home/ec2-user/environment/lab4_model_training/venv/lib64/python3.12/site-packages/airflow/example_dags/tutorial_dag.py took 0.052 seconds
[2026-05-04T00:24:47.366+0000] {processor.py:186} INFO - Started process (PID=15116) to work on /home/ec2-user/environment/lab4_model_training/venv/lib64/python3.12/site-packages/airflow/example_dags/tutorial_dag.py
[2026-05-04T00:24:47.368+0000] {processor.py:914} INFO - Processing file /home/ec2-user/environment/lab4_model_training/venv/lib64/python3.12/site-packages/airflow/example_dags/tutorial_dag.py for tasks to queue
[2026-05-04T00:24:47.369+0000] {logging_mixin.py:190} INFO - [2026-05-04T00:24:47.369+0000] {dagbag.py:588} INFO - Filling up the DagBag from /home/ec2-user/environment/lab4_model_training/venv/lib64/python3.12/site-packages/airflow/example_dags/tutorial_dag.py
[2026-05-04T00:24:47.376+0000] {processor.py:925} INFO - DAG(s) 'tutorial_dag' retrieved from /home/ec2-user/environment/lab4_model_training/venv/lib64/python3.12/site-packages/airflow/example_dags/tutorial_dag.py
[2026-05-04T00:24:47.387+0000] {logging_mixin.py:190} INFO - [2026-05-04T00:24:47.386+0000] {dag.py:3239} INFO - Sync 1 DAGs
[2026-05-04T00:24:47.396+0000] {logging_mixin.py:190} INFO - [2026-05-04T00:24:47.396+0000] {dag.py:4180} INFO - Setting next_dagrun for tutorial_dag to None, run_after=None
[2026-05-04T00:24:47.413+0000] {processor.py:208} INFO - Processing /home/ec2-user/environment/lab4_model_training/venv/lib64/python3.12/site-packages/airflow/example_dags/tutorial_dag.py took 0.051 seconds
[2026-05-04T00:25:53.215+0000] {processor.py:186} INFO - Started process (PID=15581) to work on /home/ec2-user/environment/lab4_model_training/venv/lib64/python3.12/site-packages/airflow/example_dags/tutorial_dag.py
[2026-05-04T00:25:53.216+0000] {processor.py:914} INFO - Processing file /home/ec2-user/environment/lab4_model_training/venv/lib64/python3.12/site-packages/airflow/example_dags/tutorial_dag.py for tasks to queue
[2026-05-04T00:25:53.219+0000] {logging_mixin.py:190} INFO - [2026-05-04T00:25:53.218+0000] {dagbag.py:588} INFO - Filling up the DagBag from /home/ec2-user/environment/lab4_model_training/venv/lib64/python3.12/site-packages/airflow/example_dags/tutorial_dag.py
[2026-05-04T00:25:53.227+0000] {processor.py:925} INFO - DAG(s) 'tutorial_dag' retrieved from /home/ec2-user/environment/lab4_model_training/venv/lib64/python3.12/site-packages/airflow/example_dags/tutorial_dag.py
[2026-05-04T00:25:53.240+0000] {logging_mixin.py:190} INFO - [2026-05-04T00:25:53.240+0000] {dag.py:3239} INFO - Sync 1 DAGs
[2026-05-04T00:25:53.251+0000] {logging_mixin.py:190} INFO - [2026-05-04T00:25:53.251+0000] {dag.py:4180} INFO - Setting next_dagrun for tutorial_dag to None, run_after=None
[2026-05-04T00:25:53.273+0000] {processor.py:208} INFO - Processing /home/ec2-user/environment/lab4_model_training/venv/lib64/python3.12/site-packages/airflow/example_dags/tutorial_dag.py took 0.062 seconds
[2026-05-04T00:26:59.546+0000] {processor.py:186} INFO - Started process (PID=16030) to work on /home/ec2-user/environment/lab4_model_training/venv/lib64/python3.12/site-packages/airflow/example_dags/tutorial_dag.py
[2026-05-04T00:26:59.547+0000] {processor.py:914} INFO - Processing file /home/ec2-user/environment/lab4_model_training/venv/lib64/python3.12/site-packages/airflow/example_dags/tutorial_dag.py for tasks to queue
[2026-05-04T00:26:59.550+0000] {logging_mixin.py:190} INFO - [2026-05-04T00:26:59.549+0000] {dagbag.py:588} INFO - Filling up the DagBag from /home/ec2-user/environment/lab4_model_training/venv/lib64/python3.12/site-packages/airflow/example_dags/tutorial_dag.py
[2026-05-04T00:26:59.557+0000] {processor.py:925} INFO - DAG(s) 'tutorial_dag' retrieved from /home/ec2-user/environment/lab4_model_training/venv/lib64/python3.12/site-packages/airflow/example_dags/tutorial_dag.py
[2026-05-04T00:26:59.572+0000] {logging_mixin.py:190} INFO - [2026-05-04T00:26:59.571+0000] {dag.py:3239} INFO - Sync 1 DAGs
[2026-05-04T00:26:59.583+0000] {logging_mixin.py:190} INFO - [2026-05-04T00:26:59.583+0000] {dag.py:4180} INFO - Setting next_dagrun for tutorial_dag to None, run_after=None
[2026-05-04T00:26:59.603+0000] {processor.py:208} INFO - Processing /home/ec2-user/environment/lab4_model_training/venv/lib64/python3.12/site-packages/airflow/example_dags/tutorial_dag.py took 0.061 seconds
[2026-05-04T00:28:06.584+0000] {processor.py:186} INFO - Started process (PID=16542) to work on /home/ec2-user/environment/lab4_model_training/venv/lib64/python3.12/site-packages/airflow/example_dags/tutorial_dag.py
[2026-05-04T00:28:06.585+0000] {processor.py:914} INFO - Processing file /home/ec2-user/environment/lab4_model_training/venv/lib64/python3.12/site-packages/airflow/example_dags/tutorial_dag.py for tasks to queue
[2026-05-04T00:28:06.588+0000] {logging_mixin.py:190} INFO - [2026-05-04T00:28:06.587+0000] {dagbag.py:588} INFO - Filling up the DagBag from /home/ec2-user/environment/lab4_model_training/venv/lib64/python3.12/site-packages/airflow/example_dags/tutorial_dag.py
[2026-05-04T00:28:06.596+0000] {processor.py:925} INFO - DAG(s) 'tutorial_dag' retrieved from /home/ec2-user/environment/lab4_model_training/venv/lib64/python3.12/site-packages/airflow/example_dags/tutorial_dag.py
[2026-05-04T00:28:06.612+0000] {logging_mixin.py:190} INFO - [2026-05-04T00:28:06.612+0000] {dag.py:3239} INFO - Sync 1 DAGs
[2026-05-04T00:28:06.624+0000] {logging_mixin.py:190} INFO - [2026-05-04T00:28:06.624+0000] {dag.py:4180} INFO - Setting next_dagrun for tutorial_dag to None, run_after=None
[2026-05-04T00:28:06.646+0000] {processor.py:208} INFO - Processing /home/ec2-user/environment/lab4_model_training/venv/lib64/python3.12/site-packages/airflow/example_dags/tutorial_dag.py took 0.066 seconds
[2026-05-04T00:29:07.481+0000] {processor.py:186} INFO - Started process (PID=16957) to work on /home/ec2-user/environment/lab4_model_training/venv/lib64/python3.12/site-packages/airflow/example_dags/tutorial_dag.py
[2026-05-04T00:29:07.482+0000] {processor.py:914} INFO - Processing file /home/ec2-user/environment/lab4_model_training/venv/lib64/python3.12/site-packages/airflow/example_dags/tutorial_dag.py for tasks to queue
[2026-05-04T00:29:07.484+0000] {logging_mixin.py:190} INFO - [2026-05-04T00:29:07.484+0000] {dagbag.py:588} INFO - Filling up the DagBag from /home/ec2-user/environment/lab4_model_training/venv/lib64/python3.12/site-packages/airflow/example_dags/tutorial_dag.py
[2026-05-04T00:29:07.491+0000] {processor.py:925} INFO - DAG(s) 'tutorial_dag' retrieved from /home/ec2-user/environment/lab4_model_training/venv/lib64/python3.12/site-packages/airflow/example_dags/tutorial_dag.py
[2026-05-04T00:29:07.502+0000] {logging_mixin.py:190} INFO - [2026-05-04T00:29:07.502+0000] {dag.py:3239} INFO - Sync 1 DAGs
[2026-05-04T00:29:07.512+0000] {logging_mixin.py:190} INFO - [2026-05-04T00:29:07.512+0000] {dag.py:4180} INFO - Setting next_dagrun for tutorial_dag to None, run_after=None
[2026-05-04T00:29:07.529+0000] {processor.py:208} INFO - Processing /home/ec2-user/environment/lab4_model_training/venv/lib64/python3.12/site-packages/airflow/example_dags/tutorial_dag.py took 0.052 seconds
[2026-05-04T00:30:15.171+0000] {processor.py:186} INFO - Started process (PID=17515) to work on /home/ec2-user/environment/lab4_model_training/venv/lib64/python3.12/site-packages/airflow/example_dags/tutorial_dag.py
[2026-05-04T00:30:15.172+0000] {processor.py:914} INFO - Processing file /home/ec2-user/environment/lab4_model_training/venv/lib64/python3.12/site-packages/airflow/example_dags/tutorial_dag.py for tasks to queue
[2026-05-04T00:30:15.173+0000] {logging_mixin.py:190} INFO - [2026-05-04T00:30:15.173+0000] {dagbag.py:588} INFO - Filling up the DagBag from /home/ec2-user/environment/lab4_model_training/venv/lib64/python3.12/site-packages/airflow/example_dags/tutorial_dag.py
[2026-05-04T00:30:15.180+0000] {processor.py:925} INFO - DAG(s) 'tutorial_dag' retrieved from /home/ec2-user/environment/lab4_model_training/venv/lib64/python3.12/site-packages/airflow/example_dags/tutorial_dag.py
[2026-05-04T00:30:15.192+0000] {logging_mixin.py:190} INFO - [2026-05-04T00:30:15.191+0000] {dag.py:3239} INFO - Sync 1 DAGs
[2026-05-04T00:30:15.205+0000] {logging_mixin.py:190} INFO - [2026-05-04T00:30:15.205+0000] {dag.py:4180} INFO - Setting next_dagrun for tutorial_dag to None, run_after=None
[2026-05-04T00:30:15.227+0000] {processor.py:208} INFO - Processing /home/ec2-user/environment/lab4_model_training/venv/lib64/python3.12/site-packages/airflow/example_dags/tutorial_dag.py took 0.061 seconds
[2026-05-04T00:31:16.042+0000] {processor.py:186} INFO - Started process (PID=17948) to work on /home/ec2-user/environment/lab4_model_training/venv/lib64/python3.12/site-packages/airflow/example_dags/tutorial_dag.py
[2026-05-04T00:31:16.043+0000] {processor.py:914} INFO - Processing file /home/ec2-user/environment/lab4_model_training/venv/lib64/python3.12/site-packages/airflow/example_dags/tutorial_dag.py for tasks to queue
[2026-05-04T00:31:16.045+0000] {logging_mixin.py:190} INFO - [2026-05-04T00:31:16.044+0000] {dagbag.py:588} INFO - Filling up the DagBag from /home/ec2-user/environment/lab4_model_training/venv/lib64/python3.12/site-packages/airflow/example_dags/tutorial_dag.py
[2026-05-04T00:31:16.051+0000] {processor.py:925} INFO - DAG(s) 'tutorial_dag' retrieved from /home/ec2-user/environment/lab4_model_training/venv/lib64/python3.12/site-packages/airflow/example_dags/tutorial_dag.py
[2026-05-04T00:31:16.063+0000] {logging_mixin.py:190} INFO - [2026-05-04T00:31:16.063+0000] {dag.py:3239} INFO - Sync 1 DAGs
[2026-05-04T00:31:16.073+0000] {logging_mixin.py:190} INFO - [2026-05-04T00:31:16.073+0000] {dag.py:4180} INFO - Setting next_dagrun for tutorial_dag to None, run_after=None
[2026-05-04T00:31:16.092+0000] {processor.py:208} INFO - Processing /home/ec2-user/environment/lab4_model_training/venv/lib64/python3.12/site-packages/airflow/example_dags/tutorial_dag.py took 0.055 seconds
[2026-05-04T00:32:20.710+0000] {processor.py:186} INFO - Started process (PID=18374) to work on /home/ec2-user/environment/lab4_model_training/venv/lib64/python3.12/site-packages/airflow/example_dags/tutorial_dag.py
[2026-05-04T00:32:20.711+0000] {processor.py:914} INFO - Processing file /home/ec2-user/environment/lab4_model_training/venv/lib64/python3.12/site-packages/airflow/example_dags/tutorial_dag.py for tasks to queue
[2026-05-04T00:32:20.713+0000] {logging_mixin.py:190} INFO - [2026-05-04T00:32:20.713+0000] {dagbag.py:588} INFO - Filling up the DagBag from /home/ec2-user/environment/lab4_model_training/venv/lib64/python3.12/site-packages/airflow/example_dags/tutorial_dag.py
[2026-05-04T00:32:20.720+0000] {processor.py:925} INFO - DAG(s) 'tutorial_dag' retrieved from /home/ec2-user/environment/lab4_model_training/venv/lib64/python3.12/site-packages/airflow/example_dags/tutorial_dag.py
[2026-05-04T00:32:20.731+0000] {logging_mixin.py:190} INFO - [2026-05-04T00:32:20.731+0000] {dag.py:3239} INFO - Sync 1 DAGs
[2026-05-04T00:32:20.741+0000] {logging_mixin.py:190} INFO - [2026-05-04T00:32:20.741+0000] {dag.py:4180} INFO - Setting next_dagrun for tutorial_dag to None, run_after=None
[2026-05-04T00:32:20.759+0000] {processor.py:208} INFO - Processing /home/ec2-user/environment/lab4_model_training/venv/lib64/python3.12/site-packages/airflow/example_dags/tutorial_dag.py took 0.053 seconds
[2026-05-04T00:33:29.701+0000] {processor.py:186} INFO - Started process (PID=18880) to work on /home/ec2-user/environment/lab4_model_training/venv/lib64/python3.12/site-packages/airflow/example_dags/tutorial_dag.py
[2026-05-04T00:33:29.702+0000] {processor.py:914} INFO - Processing file /home/ec2-user/environment/lab4_model_training/venv/lib64/python3.12/site-packages/airflow/example_dags/tutorial_dag.py for tasks to queue
[2026-05-04T00:33:29.704+0000] {logging_mixin.py:190} INFO - [2026-05-04T00:33:29.704+0000] {dagbag.py:588} INFO - Filling up the DagBag from /home/ec2-user/environment/lab4_model_training/venv/lib64/python3.12/site-packages/airflow/example_dags/tutorial_dag.py
[2026-05-04T00:33:29.710+0000] {processor.py:925} INFO - DAG(s) 'tutorial_dag' retrieved from /home/ec2-user/environment/lab4_model_training/venv/lib64/python3.12/site-packages/airflow/example_dags/tutorial_dag.py
[2026-05-04T00:33:29.722+0000] {logging_mixin.py:190} INFO - [2026-05-04T00:33:29.721+0000] {dag.py:3239} INFO - Sync 1 DAGs
[2026-05-04T00:33:29.731+0000] {logging_mixin.py:190} INFO - [2026-05-04T00:33:29.731+0000] {dag.py:4180} INFO - Setting next_dagrun for tutorial_dag to None, run_after=None
[2026-05-04T00:33:29.749+0000] {processor.py:208} INFO - Processing /home/ec2-user/environment/lab4_model_training/venv/lib64/python3.12/site-packages/airflow/example_dags/tutorial_dag.py took 0.053 seconds
[2026-05-04T00:34:32.298+0000] {processor.py:186} INFO - Started process (PID=19344) to work on /home/ec2-user/environment/lab4_model_training/venv/lib64/python3.12/site-packages/airflow/example_dags/tutorial_dag.py
[2026-05-04T00:34:32.299+0000] {processor.py:914} INFO - Processing file /home/ec2-user/environment/lab4_model_training/venv/lib64/python3.12/site-packages/airflow/example_dags/tutorial_dag.py for tasks to queue
[2026-05-04T00:34:32.301+0000] {logging_mixin.py:190} INFO - [2026-05-04T00:34:32.301+0000] {dagbag.py:588} INFO - Filling up the DagBag from /home/ec2-user/environment/lab4_model_training/venv/lib64/python3.12/site-packages/airflow/example_dags/tutorial_dag.py
[2026-05-04T00:34:32.309+0000] {processor.py:925} INFO - DAG(s) 'tutorial_dag' retrieved from /home/ec2-user/environment/lab4_model_training/venv/lib64/python3.12/site-packages/airflow/example_dags/tutorial_dag.py
[2026-05-04T00:34:32.323+0000] {logging_mixin.py:190} INFO - [2026-05-04T00:34:32.323+0000] {dag.py:3239} INFO - Sync 1 DAGs
[2026-05-04T00:34:32.334+0000] {logging_mixin.py:190} INFO - [2026-05-04T00:34:32.334+0000] {dag.py:4180} INFO - Setting next_dagrun for tutorial_dag to None, run_after=None
[2026-05-04T00:34:32.355+0000] {processor.py:208} INFO - Processing /home/ec2-user/environment/lab4_model_training/venv/lib64/python3.12/site-packages/airflow/example_dags/tutorial_dag.py took 0.062 seconds
[2026-05-04T00:35:34.667+0000] {processor.py:186} INFO - Started process (PID=19754) to work on /home/ec2-user/environment/lab4_model_training/venv/lib64/python3.12/site-packages/airflow/example_dags/tutorial_dag.py
[2026-05-04T00:35:34.669+0000] {processor.py:914} INFO - Processing file /home/ec2-user/environment/lab4_model_training/venv/lib64/python3.12/site-packages/airflow/example_dags/tutorial_dag.py for tasks to queue
[2026-05-04T00:35:34.671+0000] {logging_mixin.py:190} INFO - [2026-05-04T00:35:34.671+0000] {dagbag.py:588} INFO - Filling up the DagBag from /home/ec2-user/environment/lab4_model_training/venv/lib64/python3.12/site-packages/airflow/example_dags/tutorial_dag.py
[2026-05-04T00:35:34.678+0000] {processor.py:925} INFO - DAG(s) 'tutorial_dag' retrieved from /home/ec2-user/environment/lab4_model_training/venv/lib64/python3.12/site-packages/airflow/example_dags/tutorial_dag.py
[2026-05-04T00:35:34.693+0000] {logging_mixin.py:190} INFO - [2026-05-04T00:35:34.693+0000] {dag.py:3239} INFO - Sync 1 DAGs
[2026-05-04T00:35:34.706+0000] {logging_mixin.py:190} INFO - [2026-05-04T00:35:34.706+0000] {dag.py:4180} INFO - Setting next_dagrun for tutorial_dag to None, run_after=None
[2026-05-04T00:35:34.737+0000] {processor.py:208} INFO - Processing /home/ec2-user/environment/lab4_model_training/venv/lib64/python3.12/site-packages/airflow/example_dags/tutorial_dag.py took 0.075 seconds
[2026-05-04T00:36:36.385+0000] {processor.py:186} INFO - Started process (PID=20118) to work on /home/ec2-user/environment/lab4_model_training/venv/lib64/python3.12/site-packages/airflow/example_dags/tutorial_dag.py
[2026-05-04T00:36:36.386+0000] {processor.py:914} INFO - Processing file /home/ec2-user/environment/lab4_model_training/venv/lib64/python3.12/site-packages/airflow/example_dags/tutorial_dag.py for tasks to queue
[2026-05-04T00:36:36.387+0000] {logging_mixin.py:190} INFO - [2026-05-04T00:36:36.387+0000] {dagbag.py:588} INFO - Filling up the DagBag from /home/ec2-user/environment/lab4_model_training/venv/lib64/python3.12/site-packages/airflow/example_dags/tutorial_dag.py
[2026-05-04T00:36:36.394+0000] {processor.py:925} INFO - DAG(s) 'tutorial_dag' retrieved from /home/ec2-user/environment/lab4_model_training/venv/lib64/python3.12/site-packages/airflow/example_dags/tutorial_dag.py
[2026-05-04T00:36:36.406+0000] {logging_mixin.py:190} INFO - [2026-05-04T00:36:36.405+0000] {dag.py:3239} INFO - Sync 1 DAGs
[2026-05-04T00:36:36.415+0000] {logging_mixin.py:190} INFO - [2026-05-04T00:36:36.415+0000] {dag.py:4180} INFO - Setting next_dagrun for tutorial_dag to None, run_after=None
[2026-05-04T00:36:36.434+0000] {processor.py:208} INFO - Processing /home/ec2-user/environment/lab4_model_training/venv/lib64/python3.12/site-packages/airflow/example_dags/tutorial_dag.py took 0.053 seconds
[2026-05-04T00:37:41.319+0000] {processor.py:186} INFO - Started process (PID=20246) to work on /home/ec2-user/environment/lab4_model_training/venv/lib64/python3.12/site-packages/airflow/example_dags/tutorial_dag.py
[2026-05-04T00:37:41.320+0000] {processor.py:914} INFO - Processing file /home/ec2-user/environment/lab4_model_training/venv/lib64/python3.12/site-packages/airflow/example_dags/tutorial_dag.py for tasks to queue
[2026-05-04T00:37:41.322+0000] {logging_mixin.py:190} INFO - [2026-05-04T00:37:41.322+0000] {dagbag.py:588} INFO - Filling up the DagBag from /home/ec2-user/environment/lab4_model_training/venv/lib64/python3.12/site-packages/airflow/example_dags/tutorial_dag.py
[2026-05-04T00:37:41.329+0000] {processor.py:925} INFO - DAG(s) 'tutorial_dag' retrieved from /home/ec2-user/environment/lab4_model_training/venv/lib64/python3.12/site-packages/airflow/example_dags/tutorial_dag.py
[2026-05-04T00:37:41.341+0000] {logging_mixin.py:190} INFO - [2026-05-04T00:37:41.341+0000] {dag.py:3239} INFO - Sync 1 DAGs
[2026-05-04T00:37:41.351+0000] {logging_mixin.py:190} INFO - [2026-05-04T00:37:41.351+0000] {dag.py:4180} INFO - Setting next_dagrun for tutorial_dag to None, run_after=None
[2026-05-04T00:37:41.370+0000] {processor.py:208} INFO - Processing /home/ec2-user/environment/lab4_model_training/venv/lib64/python3.12/site-packages/airflow/example_dags/tutorial_dag.py took 0.055 seconds
[2026-05-04T00:38:47.446+0000] {processor.py:186} INFO - Started process (PID=20415) to work on /home/ec2-user/environment/lab4_model_training/venv/lib64/python3.12/site-packages/airflow/example_dags/tutorial_dag.py
[2026-05-04T00:38:47.447+0000] {processor.py:914} INFO - Processing file /home/ec2-user/environment/lab4_model_training/venv/lib64/python3.12/site-packages/airflow/example_dags/tutorial_dag.py for tasks to queue
[2026-05-04T00:38:47.449+0000] {logging_mixin.py:190} INFO - [2026-05-04T00:38:47.449+0000] {dagbag.py:588} INFO - Filling up the DagBag from /home/ec2-user/environment/lab4_model_training/venv/lib64/python3.12/site-packages/airflow/example_dags/tutorial_dag.py
[2026-05-04T00:38:47.457+0000] {processor.py:925} INFO - DAG(s) 'tutorial_dag' retrieved from /home/ec2-user/environment/lab4_model_training/venv/lib64/python3.12/site-packages/airflow/example_dags/tutorial_dag.py
[2026-05-04T00:38:47.471+0000] {logging_mixin.py:190} INFO - [2026-05-04T00:38:47.471+0000] {dag.py:3239} INFO - Sync 1 DAGs
[2026-05-04T00:38:47.483+0000] {logging_mixin.py:190} INFO - [2026-05-04T00:38:47.482+0000] {dag.py:4180} INFO - Setting next_dagrun for tutorial_dag to None, run_after=None
[2026-05-04T00:38:47.506+0000] {processor.py:208} INFO - Processing /home/ec2-user/environment/lab4_model_training/venv/lib64/python3.12/site-packages/airflow/example_dags/tutorial_dag.py took 0.065 seconds
[2026-05-04T00:39:50.393+0000] {processor.py:186} INFO - Started process (PID=20505) to work on /home/ec2-user/environment/lab4_model_training/venv/lib64/python3.12/site-packages/airflow/example_dags/tutorial_dag.py
[2026-05-04T00:39:50.395+0000] {processor.py:914} INFO - Processing file /home/ec2-user/environment/lab4_model_training/venv/lib64/python3.12/site-packages/airflow/example_dags/tutorial_dag.py for tasks to queue
[2026-05-04T00:39:50.397+0000] {logging_mixin.py:190} INFO - [2026-05-04T00:39:50.396+0000] {dagbag.py:588} INFO - Filling up the DagBag from /home/ec2-user/environment/lab4_model_training/venv/lib64/python3.12/site-packages/airflow/example_dags/tutorial_dag.py
[2026-05-04T00:39:50.403+0000] {processor.py:925} INFO - DAG(s) 'tutorial_dag' retrieved from /home/ec2-user/environment/lab4_model_training/venv/lib64/python3.12/site-packages/airflow/example_dags/tutorial_dag.py
[2026-05-04T00:39:50.415+0000] {logging_mixin.py:190} INFO - [2026-05-04T00:39:50.415+0000] {dag.py:3239} INFO - Sync 1 DAGs
[2026-05-04T00:39:50.425+0000] {logging_mixin.py:190} INFO - [2026-05-04T00:39:50.425+0000] {dag.py:4180} INFO - Setting next_dagrun for tutorial_dag to None, run_after=None
[2026-05-04T00:39:50.442+0000] {processor.py:208} INFO - Processing /home/ec2-user/environment/lab4_model_training/venv/lib64/python3.12/site-packages/airflow/example_dags/tutorial_dag.py took 0.053 seconds
[2026-05-04T00:40:51.418+0000] {processor.py:186} INFO - Started process (PID=20644) to work on /home/ec2-user/environment/lab4_model_training/venv/lib64/python3.12/site-packages/airflow/example_dags/tutorial_dag.py
[2026-05-04T00:40:51.419+0000] {processor.py:914} INFO - Processing file /home/ec2-user/environment/lab4_model_training/venv/lib64/python3.12/site-packages/airflow/example_dags/tutorial_dag.py for tasks to queue
[2026-05-04T00:40:51.421+0000] {logging_mixin.py:190} INFO - [2026-05-04T00:40:51.421+0000] {dagbag.py:588} INFO - Filling up the DagBag from /home/ec2-user/environment/lab4_model_training/venv/lib64/python3.12/site-packages/airflow/example_dags/tutorial_dag.py
[2026-05-04T00:40:51.427+0000] {processor.py:925} INFO - DAG(s) 'tutorial_dag' retrieved from /home/ec2-user/environment/lab4_model_training/venv/lib64/python3.12/site-packages/airflow/example_dags/tutorial_dag.py
[2026-05-04T00:40:51.440+0000] {logging_mixin.py:190} INFO - [2026-05-04T00:40:51.439+0000] {dag.py:3239} INFO - Sync 1 DAGs
[2026-05-04T00:40:51.450+0000] {logging_mixin.py:190} INFO - [2026-05-04T00:40:51.450+0000] {dag.py:4180} INFO - Setting next_dagrun for tutorial_dag to None, run_after=None
[2026-05-04T00:40:51.467+0000] {processor.py:208} INFO - Processing /home/ec2-user/environment/lab4_model_training/venv/lib64/python3.12/site-packages/airflow/example_dags/tutorial_dag.py took 0.054 seconds
[2026-05-04T00:41:55.924+0000] {processor.py:186} INFO - Started process (PID=20783) to work on /home/ec2-user/environment/lab4_model_training/venv/lib64/python3.12/site-packages/airflow/example_dags/tutorial_dag.py
[2026-05-04T00:41:55.925+0000] {processor.py:914} INFO - Processing file /home/ec2-user/environment/lab4_model_training/venv/lib64/python3.12/site-packages/airflow/example_dags/tutorial_dag.py for tasks to queue
[2026-05-04T00:41:55.927+0000] {logging_mixin.py:190} INFO - [2026-05-04T00:41:55.926+0000] {dagbag.py:588} INFO - Filling up the DagBag from /home/ec2-user/environment/lab4_model_training/venv/lib64/python3.12/site-packages/airflow/example_dags/tutorial_dag.py
[2026-05-04T00:41:55.933+0000] {processor.py:925} INFO - DAG(s) 'tutorial_dag' retrieved from /home/ec2-user/environment/lab4_model_training/venv/lib64/python3.12/site-packages/airflow/example_dags/tutorial_dag.py
[2026-05-04T00:41:55.945+0000] {logging_mixin.py:190} INFO - [2026-05-04T00:41:55.945+0000] {dag.py:3239} INFO - Sync 1 DAGs
[2026-05-04T00:41:55.955+0000] {logging_mixin.py:190} INFO - [2026-05-04T00:41:55.955+0000] {dag.py:4180} INFO - Setting next_dagrun for tutorial_dag to None, run_after=None
[2026-05-04T00:41:55.973+0000] {processor.py:208} INFO - Processing /home/ec2-user/environment/lab4_model_training/venv/lib64/python3.12/site-packages/airflow/example_dags/tutorial_dag.py took 0.054 seconds
[2026-05-04T00:43:01.498+0000] {processor.py:186} INFO - Started process (PID=20879) to work on /home/ec2-user/environment/lab4_model_training/venv/lib64/python3.12/site-packages/airflow/example_dags/tutorial_dag.py
[2026-05-04T00:43:01.499+0000] {processor.py:914} INFO - Processing file /home/ec2-user/environment/lab4_model_training/venv/lib64/python3.12/site-packages/airflow/example_dags/tutorial_dag.py for tasks to queue
[2026-05-04T00:43:01.501+0000] {logging_mixin.py:190} INFO - [2026-05-04T00:43:01.501+0000] {dagbag.py:588} INFO - Filling up the DagBag from /home/ec2-user/environment/lab4_model_training/venv/lib64/python3.12/site-packages/airflow/example_dags/tutorial_dag.py
[2026-05-04T00:43:01.509+0000] {processor.py:925} INFO - DAG(s) 'tutorial_dag' retrieved from /home/ec2-user/environment/lab4_model_training/venv/lib64/python3.12/site-packages/airflow/example_dags/tutorial_dag.py
[2026-05-04T00:43:01.523+0000] {logging_mixin.py:190} INFO - [2026-05-04T00:43:01.523+0000] {dag.py:3239} INFO - Sync 1 DAGs
[2026-05-04T00:43:01.535+0000] {logging_mixin.py:190} INFO - [2026-05-04T00:43:01.535+0000] {dag.py:4180} INFO - Setting next_dagrun for tutorial_dag to None, run_after=None
[2026-05-04T00:43:01.555+0000] {processor.py:208} INFO - Processing /home/ec2-user/environment/lab4_model_training/venv/lib64/python3.12/site-packages/airflow/example_dags/tutorial_dag.py took 0.062 seconds
[2026-05-04T00:44:06.895+0000] {processor.py:186} INFO - Started process (PID=21069) to work on /home/ec2-user/environment/lab4_model_training/venv/lib64/python3.12/site-packages/airflow/example_dags/tutorial_dag.py
[2026-05-04T00:44:06.897+0000] {processor.py:914} INFO - Processing file /home/ec2-user/environment/lab4_model_training/venv/lib64/python3.12/site-packages/airflow/example_dags/tutorial_dag.py for tasks to queue
[2026-05-04T00:44:06.898+0000] {logging_mixin.py:190} INFO - [2026-05-04T00:44:06.898+0000] {dagbag.py:588} INFO - Filling up the DagBag from /home/ec2-user/environment/lab4_model_training/venv/lib64/python3.12/site-packages/airflow/example_dags/tutorial_dag.py
[2026-05-04T00:44:06.904+0000] {processor.py:925} INFO - DAG(s) 'tutorial_dag' retrieved from /home/ec2-user/environment/lab4_model_training/venv/lib64/python3.12/site-packages/airflow/example_dags/tutorial_dag.py
[2026-05-04T00:44:06.918+0000] {logging_mixin.py:190} INFO - [2026-05-04T00:44:06.918+0000] {dag.py:3239} INFO - Sync 1 DAGs
[2026-05-04T00:44:06.930+0000] {logging_mixin.py:190} INFO - [2026-05-04T00:44:06.929+0000] {dag.py:4180} INFO - Setting next_dagrun for tutorial_dag to None, run_after=None
[2026-05-04T00:44:06.948+0000] {processor.py:208} INFO - Processing /home/ec2-user/environment/lab4_model_training/venv/lib64/python3.12/site-packages/airflow/example_dags/tutorial_dag.py took 0.058 seconds
[2026-05-04T00:45:09.782+0000] {processor.py:186} INFO - Started process (PID=21158) to work on /home/ec2-user/environment/lab4_model_training/venv/lib64/python3.12/site-packages/airflow/example_dags/tutorial_dag.py
[2026-05-04T00:45:09.783+0000] {processor.py:914} INFO - Processing file /home/ec2-user/environment/lab4_model_training/venv/lib64/python3.12/site-packages/airflow/example_dags/tutorial_dag.py for tasks to queue
[2026-05-04T00:45:09.785+0000] {logging_mixin.py:190} INFO - [2026-05-04T00:45:09.785+0000] {dagbag.py:588} INFO - Filling up the DagBag from /home/ec2-user/environment/lab4_model_training/venv/lib64/python3.12/site-packages/airflow/example_dags/tutorial_dag.py
[2026-05-04T00:45:09.791+0000] {processor.py:925} INFO - DAG(s) 'tutorial_dag' retrieved from /home/ec2-user/environment/lab4_model_training/venv/lib64/python3.12/site-packages/airflow/example_dags/tutorial_dag.py
[2026-05-04T00:45:09.802+0000] {logging_mixin.py:190} INFO - [2026-05-04T00:45:09.802+0000] {dag.py:3239} INFO - Sync 1 DAGs
[2026-05-04T00:45:09.812+0000] {logging_mixin.py:190} INFO - [2026-05-04T00:45:09.812+0000] {dag.py:4180} INFO - Setting next_dagrun for tutorial_dag to None, run_after=None
[2026-05-04T00:45:09.828+0000] {processor.py:208} INFO - Processing /home/ec2-user/environment/lab4_model_training/venv/lib64/python3.12/site-packages/airflow/example_dags/tutorial_dag.py took 0.050 seconds
[2026-05-04T00:46:13.599+0000] {processor.py:186} INFO - Started process (PID=21295) to work on /home/ec2-user/environment/lab4_model_training/venv/lib64/python3.12/site-packages/airflow/example_dags/tutorial_dag.py
[2026-05-04T00:46:13.600+0000] {processor.py:914} INFO - Processing file /home/ec2-user/environment/lab4_model_training/venv/lib64/python3.12/site-packages/airflow/example_dags/tutorial_dag.py for tasks to queue
[2026-05-04T00:46:13.602+0000] {logging_mixin.py:190} INFO - [2026-05-04T00:46:13.601+0000] {dagbag.py:588} INFO - Filling up the DagBag from /home/ec2-user/environment/lab4_model_training/venv/lib64/python3.12/site-packages/airflow/example_dags/tutorial_dag.py
[2026-05-04T00:46:13.608+0000] {processor.py:925} INFO - DAG(s) 'tutorial_dag' retrieved from /home/ec2-user/environment/lab4_model_training/venv/lib64/python3.12/site-packages/airflow/example_dags/tutorial_dag.py
[2026-05-04T00:46:13.619+0000] {logging_mixin.py:190} INFO - [2026-05-04T00:46:13.619+0000] {dag.py:3239} INFO - Sync 1 DAGs
[2026-05-04T00:46:13.629+0000] {logging_mixin.py:190} INFO - [2026-05-04T00:46:13.628+0000] {dag.py:4180} INFO - Setting next_dagrun for tutorial_dag to None, run_after=None
[2026-05-04T00:46:13.646+0000] {processor.py:208} INFO - Processing /home/ec2-user/environment/lab4_model_training/venv/lib64/python3.12/site-packages/airflow/example_dags/tutorial_dag.py took 0.051 seconds
[2026-05-04T00:47:17.456+0000] {processor.py:186} INFO - Started process (PID=21384) to work on /home/ec2-user/environment/lab4_model_training/venv/lib64/python3.12/site-packages/airflow/example_dags/tutorial_dag.py
[2026-05-04T00:47:17.457+0000] {processor.py:914} INFO - Processing file /home/ec2-user/environment/lab4_model_training/venv/lib64/python3.12/site-packages/airflow/example_dags/tutorial_dag.py for tasks to queue
[2026-05-04T00:47:17.458+0000] {logging_mixin.py:190} INFO - [2026-05-04T00:47:17.458+0000] {dagbag.py:588} INFO - Filling up the DagBag from /home/ec2-user/environment/lab4_model_training/venv/lib64/python3.12/site-packages/airflow/example_dags/tutorial_dag.py
[2026-05-04T00:47:17.465+0000] {processor.py:925} INFO - DAG(s) 'tutorial_dag' retrieved from /home/ec2-user/environment/lab4_model_training/venv/lib64/python3.12/site-packages/airflow/example_dags/tutorial_dag.py
[2026-05-04T00:47:17.477+0000] {logging_mixin.py:190} INFO - [2026-05-04T00:47:17.476+0000] {dag.py:3239} INFO - Sync 1 DAGs
[2026-05-04T00:47:17.487+0000] {logging_mixin.py:190} INFO - [2026-05-04T00:47:17.487+0000] {dag.py:4180} INFO - Setting next_dagrun for tutorial_dag to None, run_after=None
[2026-05-04T00:47:17.504+0000] {processor.py:208} INFO - Processing /home/ec2-user/environment/lab4_model_training/venv/lib64/python3.12/site-packages/airflow/example_dags/tutorial_dag.py took 0.054 seconds
[2026-05-04T00:48:17.828+0000] {processor.py:186} INFO - Started process (PID=21517) to work on /home/ec2-user/environment/lab4_model_training/venv/lib64/python3.12/site-packages/airflow/example_dags/tutorial_dag.py
[2026-05-04T00:48:17.829+0000] {processor.py:914} INFO - Processing file /home/ec2-user/environment/lab4_model_training/venv/lib64/python3.12/site-packages/airflow/example_dags/tutorial_dag.py for tasks to queue
[2026-05-04T00:48:17.831+0000] {logging_mixin.py:190} INFO - [2026-05-04T00:48:17.831+0000] {dagbag.py:588} INFO - Filling up the DagBag from /home/ec2-user/environment/lab4_model_training/venv/lib64/python3.12/site-packages/airflow/example_dags/tutorial_dag.py
[2026-05-04T00:48:17.837+0000] {processor.py:925} INFO - DAG(s) 'tutorial_dag' retrieved from /home/ec2-user/environment/lab4_model_training/venv/lib64/python3.12/site-packages/airflow/example_dags/tutorial_dag.py
[2026-05-04T00:48:17.848+0000] {logging_mixin.py:190} INFO - [2026-05-04T00:48:17.848+0000] {dag.py:3239} INFO - Sync 1 DAGs
[2026-05-04T00:48:17.857+0000] {logging_mixin.py:190} INFO - [2026-05-04T00:48:17.857+0000] {dag.py:4180} INFO - Setting next_dagrun for tutorial_dag to None, run_after=None
[2026-05-04T00:48:17.874+0000] {processor.py:208} INFO - Processing /home/ec2-user/environment/lab4_model_training/venv/lib64/python3.12/site-packages/airflow/example_dags/tutorial_dag.py took 0.051 seconds
[2026-05-04T00:49:25.619+0000] {processor.py:186} INFO - Started process (PID=21606) to work on /home/ec2-user/environment/lab4_model_training/venv/lib64/python3.12/site-packages/airflow/example_dags/tutorial_dag.py
[2026-05-04T00:49:25.620+0000] {processor.py:914} INFO - Processing file /home/ec2-user/environment/lab4_model_training/venv/lib64/python3.12/site-packages/airflow/example_dags/tutorial_dag.py for tasks to queue
[2026-05-04T00:49:25.622+0000] {logging_mixin.py:190} INFO - [2026-05-04T00:49:25.622+0000] {dagbag.py:588} INFO - Filling up the DagBag from /home/ec2-user/environment/lab4_model_training/venv/lib64/python3.12/site-packages/airflow/example_dags/tutorial_dag.py
[2026-05-04T00:49:25.628+0000] {processor.py:925} INFO - DAG(s) 'tutorial_dag' retrieved from /home/ec2-user/environment/lab4_model_training/venv/lib64/python3.12/site-packages/airflow/example_dags/tutorial_dag.py
[2026-05-04T00:49:25.640+0000] {logging_mixin.py:190} INFO - [2026-05-04T00:49:25.639+0000] {dag.py:3239} INFO - Sync 1 DAGs
[2026-05-04T00:49:25.649+0000] {logging_mixin.py:190} INFO - [2026-05-04T00:49:25.649+0000] {dag.py:4180} INFO - Setting next_dagrun for tutorial_dag to None, run_after=None
[2026-05-04T00:49:25.666+0000] {processor.py:208} INFO - Processing /home/ec2-user/environment/lab4_model_training/venv/lib64/python3.12/site-packages/airflow/example_dags/tutorial_dag.py took 0.050 seconds
[2026-05-04T00:50:29.464+0000] {processor.py:186} INFO - Started process (PID=21934) to work on /home/ec2-user/environment/lab4_model_training/venv/lib64/python3.12/site-packages/airflow/example_dags/tutorial_dag.py
[2026-05-04T00:50:29.466+0000] {processor.py:914} INFO - Processing file /home/ec2-user/environment/lab4_model_training/venv/lib64/python3.12/site-packages/airflow/example_dags/tutorial_dag.py for tasks to queue
[2026-05-04T00:50:29.467+0000] {logging_mixin.py:190} INFO - [2026-05-04T00:50:29.467+0000] {dagbag.py:588} INFO - Filling up the DagBag from /home/ec2-user/environment/lab4_model_training/venv/lib64/python3.12/site-packages/airflow/example_dags/tutorial_dag.py
[2026-05-04T00:50:29.473+0000] {processor.py:925} INFO - DAG(s) 'tutorial_dag' retrieved from /home/ec2-user/environment/lab4_model_training/venv/lib64/python3.12/site-packages/airflow/example_dags/tutorial_dag.py
[2026-05-04T00:50:29.485+0000] {logging_mixin.py:190} INFO - [2026-05-04T00:50:29.484+0000] {dag.py:3239} INFO - Sync 1 DAGs
[2026-05-04T00:50:29.495+0000] {logging_mixin.py:190} INFO - [2026-05-04T00:50:29.495+0000] {dag.py:4180} INFO - Setting next_dagrun for tutorial_dag to None, run_after=None
[2026-05-04T00:50:29.512+0000] {processor.py:208} INFO - Processing /home/ec2-user/environment/lab4_model_training/venv/lib64/python3.12/site-packages/airflow/example_dags/tutorial_dag.py took 0.052 seconds
[2026-05-04T00:51:34.861+0000] {processor.py:186} INFO - Started process (PID=22160) to work on /home/ec2-user/environment/lab4_model_training/venv/lib64/python3.12/site-packages/airflow/example_dags/tutorial_dag.py
[2026-05-04T00:51:34.863+0000] {processor.py:914} INFO - Processing file /home/ec2-user/environment/lab4_model_training/venv/lib64/python3.12/site-packages/airflow/example_dags/tutorial_dag.py for tasks to queue
[2026-05-04T00:51:34.864+0000] {logging_mixin.py:190} INFO - [2026-05-04T00:51:34.864+0000] {dagbag.py:588} INFO - Filling up the DagBag from /home/ec2-user/environment/lab4_model_training/venv/lib64/python3.12/site-packages/airflow/example_dags/tutorial_dag.py
[2026-05-04T00:51:34.870+0000] {processor.py:925} INFO - DAG(s) 'tutorial_dag' retrieved from /home/ec2-user/environment/lab4_model_training/venv/lib64/python3.12/site-packages/airflow/example_dags/tutorial_dag.py
[2026-05-04T00:51:34.882+0000] {logging_mixin.py:190} INFO - [2026-05-04T00:51:34.882+0000] {dag.py:3239} INFO - Sync 1 DAGs
[2026-05-04T00:51:34.891+0000] {logging_mixin.py:190} INFO - [2026-05-04T00:51:34.891+0000] {dag.py:4180} INFO - Setting next_dagrun for tutorial_dag to None, run_after=None
[2026-05-04T00:51:34.909+0000] {processor.py:208} INFO - Processing /home/ec2-user/environment/lab4_model_training/venv/lib64/python3.12/site-packages/airflow/example_dags/tutorial_dag.py took 0.052 seconds
[2026-05-04T00:52:38.706+0000] {processor.py:186} INFO - Started process (PID=22334) to work on /home/ec2-user/environment/lab4_model_training/venv/lib64/python3.12/site-packages/airflow/example_dags/tutorial_dag.py
[2026-05-04T00:52:38.708+0000] {processor.py:914} INFO - Processing file /home/ec2-user/environment/lab4_model_training/venv/lib64/python3.12/site-packages/airflow/example_dags/tutorial_dag.py for tasks to queue
[2026-05-04T00:52:38.709+0000] {logging_mixin.py:190} INFO - [2026-05-04T00:52:38.709+0000] {dagbag.py:588} INFO - Filling up the DagBag from /home/ec2-user/environment/lab4_model_training/venv/lib64/python3.12/site-packages/airflow/example_dags/tutorial_dag.py
[2026-05-04T00:52:38.715+0000] {processor.py:925} INFO - DAG(s) 'tutorial_dag' retrieved from /home/ec2-user/environment/lab4_model_training/venv/lib64/python3.12/site-packages/airflow/example_dags/tutorial_dag.py
[2026-05-04T00:52:38.727+0000] {logging_mixin.py:190} INFO - [2026-05-04T00:52:38.726+0000] {dag.py:3239} INFO - Sync 1 DAGs
[2026-05-04T00:52:38.736+0000] {logging_mixin.py:190} INFO - [2026-05-04T00:52:38.736+0000] {dag.py:4180} INFO - Setting next_dagrun for tutorial_dag to None, run_after=None
[2026-05-04T00:52:38.753+0000] {processor.py:208} INFO - Processing /home/ec2-user/environment/lab4_model_training/venv/lib64/python3.12/site-packages/airflow/example_dags/tutorial_dag.py took 0.052 seconds
[2026-05-04T00:53:40.490+0000] {processor.py:186} INFO - Started process (PID=22460) to work on /home/ec2-user/environment/lab4_model_training/venv/lib64/python3.12/site-packages/airflow/example_dags/tutorial_dag.py
[2026-05-04T00:53:40.491+0000] {processor.py:914} INFO - Processing file /home/ec2-user/environment/lab4_model_training/venv/lib64/python3.12/site-packages/airflow/example_dags/tutorial_dag.py for tasks to queue
[2026-05-04T00:53:40.493+0000] {logging_mixin.py:190} INFO - [2026-05-04T00:53:40.492+0000] {dagbag.py:588} INFO - Filling up the DagBag from /home/ec2-user/environment/lab4_model_training/venv/lib64/python3.12/site-packages/airflow/example_dags/tutorial_dag.py
[2026-05-04T00:53:40.500+0000] {processor.py:925} INFO - DAG(s) 'tutorial_dag' retrieved from /home/ec2-user/environment/lab4_model_training/venv/lib64/python3.12/site-packages/airflow/example_dags/tutorial_dag.py
[2026-05-04T00:53:40.513+0000] {logging_mixin.py:190} INFO - [2026-05-04T00:53:40.513+0000] {dag.py:3239} INFO - Sync 1 DAGs
[2026-05-04T00:53:40.523+0000] {logging_mixin.py:190} INFO - [2026-05-04T00:53:40.523+0000] {dag.py:4180} INFO - Setting next_dagrun for tutorial_dag to None, run_after=None
[2026-05-04T00:53:40.543+0000] {processor.py:208} INFO - Processing /home/ec2-user/environment/lab4_model_training/venv/lib64/python3.12/site-packages/airflow/example_dags/tutorial_dag.py took 0.058 seconds
[2026-05-04T00:54:50.287+0000] {processor.py:186} INFO - Started process (PID=22677) to work on /home/ec2-user/environment/lab4_model_training/venv/lib64/python3.12/site-packages/airflow/example_dags/tutorial_dag.py
[2026-05-04T00:54:50.288+0000] {processor.py:914} INFO - Processing file /home/ec2-user/environment/lab4_model_training/venv/lib64/python3.12/site-packages/airflow/example_dags/tutorial_dag.py for tasks to queue
[2026-05-04T00:54:50.290+0000] {logging_mixin.py:190} INFO - [2026-05-04T00:54:50.290+0000] {dagbag.py:588} INFO - Filling up the DagBag from /home/ec2-user/environment/lab4_model_training/venv/lib64/python3.12/site-packages/airflow/example_dags/tutorial_dag.py
[2026-05-04T00:54:50.296+0000] {processor.py:925} INFO - DAG(s) 'tutorial_dag' retrieved from /home/ec2-user/environment/lab4_model_training/venv/lib64/python3.12/site-packages/airflow/example_dags/tutorial_dag.py
[2026-05-04T00:54:50.307+0000] {logging_mixin.py:190} INFO - [2026-05-04T00:54:50.307+0000] {dag.py:3239} INFO - Sync 1 DAGs
[2026-05-04T00:54:50.317+0000] {logging_mixin.py:190} INFO - [2026-05-04T00:54:50.317+0000] {dag.py:4180} INFO - Setting next_dagrun for tutorial_dag to None, run_after=None
[2026-05-04T00:54:50.334+0000] {processor.py:208} INFO - Processing /home/ec2-user/environment/lab4_model_training/venv/lib64/python3.12/site-packages/airflow/example_dags/tutorial_dag.py took 0.051 seconds
[2026-05-04T00:55:51.032+0000] {processor.py:186} INFO - Started process (PID=22797) to work on /home/ec2-user/environment/lab4_model_training/venv/lib64/python3.12/site-packages/airflow/example_dags/tutorial_dag.py
[2026-05-04T00:55:51.033+0000] {processor.py:914} INFO - Processing file /home/ec2-user/environment/lab4_model_training/venv/lib64/python3.12/site-packages/airflow/example_dags/tutorial_dag.py for tasks to queue
[2026-05-04T00:55:51.034+0000] {logging_mixin.py:190} INFO - [2026-05-04T00:55:51.034+0000] {dagbag.py:588} INFO - Filling up the DagBag from /home/ec2-user/environment/lab4_model_training/venv/lib64/python3.12/site-packages/airflow/example_dags/tutorial_dag.py
[2026-05-04T00:55:51.041+0000] {processor.py:925} INFO - DAG(s) 'tutorial_dag' retrieved from /home/ec2-user/environment/lab4_model_training/venv/lib64/python3.12/site-packages/airflow/example_dags/tutorial_dag.py
[2026-05-04T00:55:51.051+0000] {logging_mixin.py:190} INFO - [2026-05-04T00:55:51.051+0000] {dag.py:3239} INFO - Sync 1 DAGs
[2026-05-04T00:55:51.061+0000] {logging_mixin.py:190} INFO - [2026-05-04T00:55:51.061+0000] {dag.py:4180} INFO - Setting next_dagrun for tutorial_dag to None, run_after=None
[2026-05-04T00:55:51.077+0000] {processor.py:208} INFO - Processing /home/ec2-user/environment/lab4_model_training/venv/lib64/python3.12/site-packages/airflow/example_dags/tutorial_dag.py took 0.050 seconds
[2026-05-04T00:56:56.645+0000] {processor.py:186} INFO - Started process (PID=22970) to work on /home/ec2-user/environment/lab4_model_training/venv/lib64/python3.12/site-packages/airflow/example_dags/tutorial_dag.py
[2026-05-04T00:56:56.646+0000] {processor.py:914} INFO - Processing file /home/ec2-user/environment/lab4_model_training/venv/lib64/python3.12/site-packages/airflow/example_dags/tutorial_dag.py for tasks to queue
[2026-05-04T00:56:56.648+0000] {logging_mixin.py:190} INFO - [2026-05-04T00:56:56.647+0000] {dagbag.py:588} INFO - Filling up the DagBag from /home/ec2-user/environment/lab4_model_training/venv/lib64/python3.12/site-packages/airflow/example_dags/tutorial_dag.py
[2026-05-04T00:56:56.654+0000] {processor.py:925} INFO - DAG(s) 'tutorial_dag' retrieved from /home/ec2-user/environment/lab4_model_training/venv/lib64/python3.12/site-packages/airflow/example_dags/tutorial_dag.py
[2026-05-04T00:56:56.668+0000] {logging_mixin.py:190} INFO - [2026-05-04T00:56:56.668+0000] {dag.py:3239} INFO - Sync 1 DAGs
[2026-05-04T00:56:56.681+0000] {logging_mixin.py:190} INFO - [2026-05-04T00:56:56.681+0000] {dag.py:4180} INFO - Setting next_dagrun for tutorial_dag to None, run_after=None
[2026-05-04T00:56:56.704+0000] {processor.py:208} INFO - Processing /home/ec2-user/environment/lab4_model_training/venv/lib64/python3.12/site-packages/airflow/example_dags/tutorial_dag.py took 0.064 seconds
[2026-05-04T00:58:02.828+0000] {processor.py:186} INFO - Started process (PID=23116) to work on /home/ec2-user/environment/lab4_model_training/venv/lib64/python3.12/site-packages/airflow/example_dags/tutorial_dag.py
[2026-05-04T00:58:02.830+0000] {processor.py:914} INFO - Processing file /home/ec2-user/environment/lab4_model_training/venv/lib64/python3.12/site-packages/airflow/example_dags/tutorial_dag.py for tasks to queue
[2026-05-04T00:58:02.832+0000] {logging_mixin.py:190} INFO - [2026-05-04T00:58:02.831+0000] {dagbag.py:588} INFO - Filling up the DagBag from /home/ec2-user/environment/lab4_model_training/venv/lib64/python3.12/site-packages/airflow/example_dags/tutorial_dag.py
[2026-05-04T00:58:02.837+0000] {processor.py:925} INFO - DAG(s) 'tutorial_dag' retrieved from /home/ec2-user/environment/lab4_model_training/venv/lib64/python3.12/site-packages/airflow/example_dags/tutorial_dag.py
[2026-05-04T00:58:02.849+0000] {logging_mixin.py:190} INFO - [2026-05-04T00:58:02.849+0000] {dag.py:3239} INFO - Sync 1 DAGs
[2026-05-04T00:58:02.858+0000] {logging_mixin.py:190} INFO - [2026-05-04T00:58:02.858+0000] {dag.py:4180} INFO - Setting next_dagrun for tutorial_dag to None, run_after=None
[2026-05-04T00:58:02.876+0000] {processor.py:208} INFO - Processing /home/ec2-user/environment/lab4_model_training/venv/lib64/python3.12/site-packages/airflow/example_dags/tutorial_dag.py took 0.052 seconds
[2026-05-04T00:59:09.251+0000] {processor.py:186} INFO - Started process (PID=23265) to work on /home/ec2-user/environment/lab4_model_training/venv/lib64/python3.12/site-packages/airflow/example_dags/tutorial_dag.py
[2026-05-04T00:59:09.252+0000] {processor.py:914} INFO - Processing file /home/ec2-user/environment/lab4_model_training/venv/lib64/python3.12/site-packages/airflow/example_dags/tutorial_dag.py for tasks to queue
[2026-05-04T00:59:09.254+0000] {logging_mixin.py:190} INFO - [2026-05-04T00:59:09.253+0000] {dagbag.py:588} INFO - Filling up the DagBag from /home/ec2-user/environment/lab4_model_training/venv/lib64/python3.12/site-packages/airflow/example_dags/tutorial_dag.py
[2026-05-04T00:59:09.259+0000] {processor.py:925} INFO - DAG(s) 'tutorial_dag' retrieved from /home/ec2-user/environment/lab4_model_training/venv/lib64/python3.12/site-packages/airflow/example_dags/tutorial_dag.py
[2026-05-04T00:59:09.271+0000] {logging_mixin.py:190} INFO - [2026-05-04T00:59:09.271+0000] {dag.py:3239} INFO - Sync 1 DAGs
[2026-05-04T00:59:09.281+0000] {logging_mixin.py:190} INFO - [2026-05-04T00:59:09.281+0000] {dag.py:4180} INFO - Setting next_dagrun for tutorial_dag to None, run_after=None
[2026-05-04T00:59:09.298+0000] {processor.py:208} INFO - Processing /home/ec2-user/environment/lab4_model_training/venv/lib64/python3.12/site-packages/airflow/example_dags/tutorial_dag.py took 0.052 seconds
[2026-05-04T01:00:17.907+0000] {processor.py:186} INFO - Started process (PID=23414) to work on /home/ec2-user/environment/lab4_model_training/venv/lib64/python3.12/site-packages/airflow/example_dags/tutorial_dag.py
[2026-05-04T01:00:17.908+0000] {processor.py:914} INFO - Processing file /home/ec2-user/environment/lab4_model_training/venv/lib64/python3.12/site-packages/airflow/example_dags/tutorial_dag.py for tasks to queue
[2026-05-04T01:00:17.909+0000] {logging_mixin.py:190} INFO - [2026-05-04T01:00:17.909+0000] {dagbag.py:588} INFO - Filling up the DagBag from /home/ec2-user/environment/lab4_model_training/venv/lib64/python3.12/site-packages/airflow/example_dags/tutorial_dag.py
[2026-05-04T01:00:17.916+0000] {processor.py:925} INFO - DAG(s) 'tutorial_dag' retrieved from /home/ec2-user/environment/lab4_model_training/venv/lib64/python3.12/site-packages/airflow/example_dags/tutorial_dag.py
[2026-05-04T01:00:17.927+0000] {logging_mixin.py:190} INFO - [2026-05-04T01:00:17.927+0000] {dag.py:3239} INFO - Sync 1 DAGs
[2026-05-04T01:00:17.936+0000] {logging_mixin.py:190} INFO - [2026-05-04T01:00:17.936+0000] {dag.py:4180} INFO - Setting next_dagrun for tutorial_dag to None, run_after=None
[2026-05-04T01:00:17.953+0000] {processor.py:208} INFO - Processing /home/ec2-user/environment/lab4_model_training/venv/lib64/python3.12/site-packages/airflow/example_dags/tutorial_dag.py took 0.051 seconds
[2026-05-04T01:01:27.933+0000] {processor.py:186} INFO - Started process (PID=23595) to work on /home/ec2-user/environment/lab4_model_training/venv/lib64/python3.12/site-packages/airflow/example_dags/tutorial_dag.py
[2026-05-04T01:01:27.934+0000] {processor.py:914} INFO - Processing file /home/ec2-user/environment/lab4_model_training/venv/lib64/python3.12/site-packages/airflow/example_dags/tutorial_dag.py for tasks to queue
[2026-05-04T01:01:27.936+0000] {logging_mixin.py:190} INFO - [2026-05-04T01:01:27.936+0000] {dagbag.py:588} INFO - Filling up the DagBag from /home/ec2-user/environment/lab4_model_training/venv/lib64/python3.12/site-packages/airflow/example_dags/tutorial_dag.py
[2026-05-04T01:01:27.941+0000] {processor.py:925} INFO - DAG(s) 'tutorial_dag' retrieved from /home/ec2-user/environment/lab4_model_training/venv/lib64/python3.12/site-packages/airflow/example_dags/tutorial_dag.py
[2026-05-04T01:01:27.953+0000] {logging_mixin.py:190} INFO - [2026-05-04T01:01:27.953+0000] {dag.py:3239} INFO - Sync 1 DAGs
[2026-05-04T01:01:27.963+0000] {logging_mixin.py:190} INFO - [2026-05-04T01:01:27.963+0000] {dag.py:4180} INFO - Setting next_dagrun for tutorial_dag to None, run_after=None
[2026-05-04T01:01:27.979+0000] {processor.py:208} INFO - Processing /home/ec2-user/environment/lab4_model_training/venv/lib64/python3.12/site-packages/airflow/example_dags/tutorial_dag.py took 0.051 seconds
[2026-05-04T01:02:32.982+0000] {processor.py:186} INFO - Started process (PID=23732) to work on /home/ec2-user/environment/lab4_model_training/venv/lib64/python3.12/site-packages/airflow/example_dags/tutorial_dag.py
[2026-05-04T01:02:32.983+0000] {processor.py:914} INFO - Processing file /home/ec2-user/environment/lab4_model_training/venv/lib64/python3.12/site-packages/airflow/example_dags/tutorial_dag.py for tasks to queue
[2026-05-04T01:02:32.985+0000] {logging_mixin.py:190} INFO - [2026-05-04T01:02:32.985+0000] {dagbag.py:588} INFO - Filling up the DagBag from /home/ec2-user/environment/lab4_model_training/venv/lib64/python3.12/site-packages/airflow/example_dags/tutorial_dag.py
[2026-05-04T01:02:32.991+0000] {processor.py:925} INFO - DAG(s) 'tutorial_dag' retrieved from /home/ec2-user/environment/lab4_model_training/venv/lib64/python3.12/site-packages/airflow/example_dags/tutorial_dag.py
[2026-05-04T01:02:33.003+0000] {logging_mixin.py:190} INFO - [2026-05-04T01:02:33.003+0000] {dag.py:3239} INFO - Sync 1 DAGs
[2026-05-04T01:02:33.012+0000] {logging_mixin.py:190} INFO - [2026-05-04T01:02:33.012+0000] {dag.py:4180} INFO - Setting next_dagrun for tutorial_dag to None, run_after=None
[2026-05-04T01:02:33.029+0000] {processor.py:208} INFO - Processing /home/ec2-user/environment/lab4_model_training/venv/lib64/python3.12/site-packages/airflow/example_dags/tutorial_dag.py took 0.052 seconds
[2026-05-04T01:03:38.766+0000] {processor.py:186} INFO - Started process (PID=23824) to work on /home/ec2-user/environment/lab4_model_training/venv/lib64/python3.12/site-packages/airflow/example_dags/tutorial_dag.py
[2026-05-04T01:03:38.768+0000] {processor.py:914} INFO - Processing file /home/ec2-user/environment/lab4_model_training/venv/lib64/python3.12/site-packages/airflow/example_dags/tutorial_dag.py for tasks to queue
[2026-05-04T01:03:38.769+0000] {logging_mixin.py:190} INFO - [2026-05-04T01:03:38.769+0000] {dagbag.py:588} INFO - Filling up the DagBag from /home/ec2-user/environment/lab4_model_training/venv/lib64/python3.12/site-packages/airflow/example_dags/tutorial_dag.py
[2026-05-04T01:03:38.776+0000] {processor.py:925} INFO - DAG(s) 'tutorial_dag' retrieved from /home/ec2-user/environment/lab4_model_training/venv/lib64/python3.12/site-packages/airflow/example_dags/tutorial_dag.py
[2026-05-04T01:03:38.787+0000] {logging_mixin.py:190} INFO - [2026-05-04T01:03:38.787+0000] {dag.py:3239} INFO - Sync 1 DAGs
[2026-05-04T01:03:38.797+0000] {logging_mixin.py:190} INFO - [2026-05-04T01:03:38.796+0000] {dag.py:4180} INFO - Setting next_dagrun for tutorial_dag to None, run_after=None
[2026-05-04T01:03:38.813+0000] {processor.py:208} INFO - Processing /home/ec2-user/environment/lab4_model_training/venv/lib64/python3.12/site-packages/airflow/example_dags/tutorial_dag.py took 0.051 seconds
[2026-05-04T01:04:47.678+0000] {processor.py:186} INFO - Started process (PID=23962) to work on /home/ec2-user/environment/lab4_model_training/venv/lib64/python3.12/site-packages/airflow/example_dags/tutorial_dag.py
[2026-05-04T01:04:47.679+0000] {processor.py:914} INFO - Processing file /home/ec2-user/environment/lab4_model_training/venv/lib64/python3.12/site-packages/airflow/example_dags/tutorial_dag.py for tasks to queue
[2026-05-04T01:04:47.681+0000] {logging_mixin.py:190} INFO - [2026-05-04T01:04:47.681+0000] {dagbag.py:588} INFO - Filling up the DagBag from /home/ec2-user/environment/lab4_model_training/venv/lib64/python3.12/site-packages/airflow/example_dags/tutorial_dag.py
[2026-05-04T01:04:47.687+0000] {processor.py:925} INFO - DAG(s) 'tutorial_dag' retrieved from /home/ec2-user/environment/lab4_model_training/venv/lib64/python3.12/site-packages/airflow/example_dags/tutorial_dag.py
[2026-05-04T01:04:47.698+0000] {logging_mixin.py:190} INFO - [2026-05-04T01:04:47.698+0000] {dag.py:3239} INFO - Sync 1 DAGs
[2026-05-04T01:04:47.707+0000] {logging_mixin.py:190} INFO - [2026-05-04T01:04:47.707+0000] {dag.py:4180} INFO - Setting next_dagrun for tutorial_dag to None, run_after=None
[2026-05-04T01:04:47.725+0000] {processor.py:208} INFO - Processing /home/ec2-user/environment/lab4_model_training/venv/lib64/python3.12/site-packages/airflow/example_dags/tutorial_dag.py took 0.052 seconds
[2026-05-04T01:05:53.114+0000] {processor.py:186} INFO - Started process (PID=24049) to work on /home/ec2-user/environment/lab4_model_training/venv/lib64/python3.12/site-packages/airflow/example_dags/tutorial_dag.py
[2026-05-04T01:05:53.115+0000] {processor.py:914} INFO - Processing file /home/ec2-user/environment/lab4_model_training/venv/lib64/python3.12/site-packages/airflow/example_dags/tutorial_dag.py for tasks to queue
[2026-05-04T01:05:53.117+0000] {logging_mixin.py:190} INFO - [2026-05-04T01:05:53.117+0000] {dagbag.py:588} INFO - Filling up the DagBag from /home/ec2-user/environment/lab4_model_training/venv/lib64/python3.12/site-packages/airflow/example_dags/tutorial_dag.py
[2026-05-04T01:05:53.123+0000] {processor.py:925} INFO - DAG(s) 'tutorial_dag' retrieved from /home/ec2-user/environment/lab4_model_training/venv/lib64/python3.12/site-packages/airflow/example_dags/tutorial_dag.py
[2026-05-04T01:05:53.135+0000] {logging_mixin.py:190} INFO - [2026-05-04T01:05:53.135+0000] {dag.py:3239} INFO - Sync 1 DAGs
[2026-05-04T01:05:53.145+0000] {logging_mixin.py:190} INFO - [2026-05-04T01:05:53.145+0000] {dag.py:4180} INFO - Setting next_dagrun for tutorial_dag to None, run_after=None
[2026-05-04T01:05:53.163+0000] {processor.py:208} INFO - Processing /home/ec2-user/environment/lab4_model_training/venv/lib64/python3.12/site-packages/airflow/example_dags/tutorial_dag.py took 0.053 seconds
[2026-05-04T01:07:01.057+0000] {processor.py:186} INFO - Started process (PID=24188) to work on /home/ec2-user/environment/lab4_model_training/venv/lib64/python3.12/site-packages/airflow/example_dags/tutorial_dag.py
[2026-05-04T01:07:01.058+0000] {processor.py:914} INFO - Processing file /home/ec2-user/environment/lab4_model_training/venv/lib64/python3.12/site-packages/airflow/example_dags/tutorial_dag.py for tasks to queue
[2026-05-04T01:07:01.060+0000] {logging_mixin.py:190} INFO - [2026-05-04T01:07:01.060+0000] {dagbag.py:588} INFO - Filling up the DagBag from /home/ec2-user/environment/lab4_model_training/venv/lib64/python3.12/site-packages/airflow/example_dags/tutorial_dag.py
[2026-05-04T01:07:01.066+0000] {processor.py:925} INFO - DAG(s) 'tutorial_dag' retrieved from /home/ec2-user/environment/lab4_model_training/venv/lib64/python3.12/site-packages/airflow/example_dags/tutorial_dag.py
[2026-05-04T01:07:01.078+0000] {logging_mixin.py:190} INFO - [2026-05-04T01:07:01.078+0000] {dag.py:3239} INFO - Sync 1 DAGs
[2026-05-04T01:07:01.088+0000] {logging_mixin.py:190} INFO - [2026-05-04T01:07:01.088+0000] {dag.py:4180} INFO - Setting next_dagrun for tutorial_dag to None, run_after=None
[2026-05-04T01:07:01.106+0000] {processor.py:208} INFO - Processing /home/ec2-user/environment/lab4_model_training/venv/lib64/python3.12/site-packages/airflow/example_dags/tutorial_dag.py took 0.053 seconds
[2026-05-04T01:08:09.469+0000] {processor.py:186} INFO - Started process (PID=24286) to work on /home/ec2-user/environment/lab4_model_training/venv/lib64/python3.12/site-packages/airflow/example_dags/tutorial_dag.py
[2026-05-04T01:08:09.470+0000] {processor.py:914} INFO - Processing file /home/ec2-user/environment/lab4_model_training/venv/lib64/python3.12/site-packages/airflow/example_dags/tutorial_dag.py for tasks to queue
[2026-05-04T01:08:09.472+0000] {logging_mixin.py:190} INFO - [2026-05-04T01:08:09.472+0000] {dagbag.py:588} INFO - Filling up the DagBag from /home/ec2-user/environment/lab4_model_training/venv/lib64/python3.12/site-packages/airflow/example_dags/tutorial_dag.py
[2026-05-04T01:08:09.479+0000] {processor.py:925} INFO - DAG(s) 'tutorial_dag' retrieved from /home/ec2-user/environment/lab4_model_training/venv/lib64/python3.12/site-packages/airflow/example_dags/tutorial_dag.py
[2026-05-04T01:08:09.491+0000] {logging_mixin.py:190} INFO - [2026-05-04T01:08:09.491+0000] {dag.py:3239} INFO - Sync 1 DAGs
[2026-05-04T01:08:09.501+0000] {logging_mixin.py:190} INFO - [2026-05-04T01:08:09.501+0000] {dag.py:4180} INFO - Setting next_dagrun for tutorial_dag to None, run_after=None
[2026-05-04T01:08:09.519+0000] {processor.py:208} INFO - Processing /home/ec2-user/environment/lab4_model_training/venv/lib64/python3.12/site-packages/airflow/example_dags/tutorial_dag.py took 0.054 seconds
[2026-05-04T01:09:16.489+0000] {processor.py:186} INFO - Started process (PID=24428) to work on /home/ec2-user/environment/lab4_model_training/venv/lib64/python3.12/site-packages/airflow/example_dags/tutorial_dag.py
[2026-05-04T01:09:16.491+0000] {processor.py:914} INFO - Processing file /home/ec2-user/environment/lab4_model_training/venv/lib64/python3.12/site-packages/airflow/example_dags/tutorial_dag.py for tasks to queue
[2026-05-04T01:09:16.492+0000] {logging_mixin.py:190} INFO - [2026-05-04T01:09:16.492+0000] {dagbag.py:588} INFO - Filling up the DagBag from /home/ec2-user/environment/lab4_model_training/venv/lib64/python3.12/site-packages/airflow/example_dags/tutorial_dag.py
[2026-05-04T01:09:16.498+0000] {processor.py:925} INFO - DAG(s) 'tutorial_dag' retrieved from /home/ec2-user/environment/lab4_model_training/venv/lib64/python3.12/site-packages/airflow/example_dags/tutorial_dag.py
[2026-05-04T01:09:16.509+0000] {logging_mixin.py:190} INFO - [2026-05-04T01:09:16.509+0000] {dag.py:3239} INFO - Sync 1 DAGs
[2026-05-04T01:09:16.519+0000] {logging_mixin.py:190} INFO - [2026-05-04T01:09:16.519+0000] {dag.py:4180} INFO - Setting next_dagrun for tutorial_dag to None, run_after=None
[2026-05-04T01:09:16.536+0000] {processor.py:208} INFO - Processing /home/ec2-user/environment/lab4_model_training/venv/lib64/python3.12/site-packages/airflow/example_dags/tutorial_dag.py took 0.051 seconds
[2026-05-04T01:10:26.436+0000] {processor.py:186} INFO - Started process (PID=25100) to work on /home/ec2-user/environment/lab4_model_training/venv/lib64/python3.12/site-packages/airflow/example_dags/tutorial_dag.py
[2026-05-04T01:10:26.437+0000] {processor.py:914} INFO - Processing file /home/ec2-user/environment/lab4_model_training/venv/lib64/python3.12/site-packages/airflow/example_dags/tutorial_dag.py for tasks to queue
[2026-05-04T01:10:26.439+0000] {logging_mixin.py:190} INFO - [2026-05-04T01:10:26.438+0000] {dagbag.py:588} INFO - Filling up the DagBag from /home/ec2-user/environment/lab4_model_training/venv/lib64/python3.12/site-packages/airflow/example_dags/tutorial_dag.py
[2026-05-04T01:10:26.445+0000] {processor.py:925} INFO - DAG(s) 'tutorial_dag' retrieved from /home/ec2-user/environment/lab4_model_training/venv/lib64/python3.12/site-packages/airflow/example_dags/tutorial_dag.py
[2026-05-04T01:10:26.457+0000] {logging_mixin.py:190} INFO - [2026-05-04T01:10:26.457+0000] {dag.py:3239} INFO - Sync 1 DAGs
[2026-05-04T01:10:26.467+0000] {logging_mixin.py:190} INFO - [2026-05-04T01:10:26.467+0000] {dag.py:4180} INFO - Setting next_dagrun for tutorial_dag to None, run_after=None
[2026-05-04T01:10:26.607+0000] {processor.py:208} INFO - Processing /home/ec2-user/environment/lab4_model_training/venv/lib64/python3.12/site-packages/airflow/example_dags/tutorial_dag.py took 0.176 seconds
[2026-05-04T01:11:36.372+0000] {processor.py:186} INFO - Started process (PID=25648) to work on /home/ec2-user/environment/lab4_model_training/venv/lib64/python3.12/site-packages/airflow/example_dags/tutorial_dag.py
[2026-05-04T01:11:36.373+0000] {processor.py:914} INFO - Processing file /home/ec2-user/environment/lab4_model_training/venv/lib64/python3.12/site-packages/airflow/example_dags/tutorial_dag.py for tasks to queue
[2026-05-04T01:11:36.375+0000] {logging_mixin.py:190} INFO - [2026-05-04T01:11:36.374+0000] {dagbag.py:588} INFO - Filling up the DagBag from /home/ec2-user/environment/lab4_model_training/venv/lib64/python3.12/site-packages/airflow/example_dags/tutorial_dag.py
[2026-05-04T01:11:36.382+0000] {processor.py:925} INFO - DAG(s) 'tutorial_dag' retrieved from /home/ec2-user/environment/lab4_model_training/venv/lib64/python3.12/site-packages/airflow/example_dags/tutorial_dag.py
[2026-05-04T01:11:36.398+0000] {logging_mixin.py:190} INFO - [2026-05-04T01:11:36.397+0000] {dag.py:3239} INFO - Sync 1 DAGs
[2026-05-04T01:11:36.411+0000] {logging_mixin.py:190} INFO - [2026-05-04T01:11:36.411+0000] {dag.py:4180} INFO - Setting next_dagrun for tutorial_dag to None, run_after=None
[2026-05-04T01:11:36.432+0000] {processor.py:208} INFO - Processing /home/ec2-user/environment/lab4_model_training/venv/lib64/python3.12/site-packages/airflow/example_dags/tutorial_dag.py took 0.065 seconds
[2026-05-04T01:12:46.598+0000] {processor.py:186} INFO - Started process (PID=26168) to work on /home/ec2-user/environment/lab4_model_training/venv/lib64/python3.12/site-packages/airflow/example_dags/tutorial_dag.py
[2026-05-04T01:12:46.599+0000] {processor.py:914} INFO - Processing file /home/ec2-user/environment/lab4_model_training/venv/lib64/python3.12/site-packages/airflow/example_dags/tutorial_dag.py for tasks to queue
[2026-05-04T01:12:46.601+0000] {logging_mixin.py:190} INFO - [2026-05-04T01:12:46.601+0000] {dagbag.py:588} INFO - Filling up the DagBag from /home/ec2-user/environment/lab4_model_training/venv/lib64/python3.12/site-packages/airflow/example_dags/tutorial_dag.py
[2026-05-04T01:12:46.607+0000] {processor.py:925} INFO - DAG(s) 'tutorial_dag' retrieved from /home/ec2-user/environment/lab4_model_training/venv/lib64/python3.12/site-packages/airflow/example_dags/tutorial_dag.py
[2026-05-04T01:12:46.619+0000] {logging_mixin.py:190} INFO - [2026-05-04T01:12:46.619+0000] {dag.py:3239} INFO - Sync 1 DAGs
[2026-05-04T01:12:46.629+0000] {logging_mixin.py:190} INFO - [2026-05-04T01:12:46.629+0000] {dag.py:4180} INFO - Setting next_dagrun for tutorial_dag to None, run_after=None
[2026-05-04T01:12:46.647+0000] {processor.py:208} INFO - Processing /home/ec2-user/environment/lab4_model_training/venv/lib64/python3.12/site-packages/airflow/example_dags/tutorial_dag.py took 0.053 seconds
[2026-05-04T01:13:57.384+0000] {processor.py:186} INFO - Started process (PID=26679) to work on /home/ec2-user/environment/lab4_model_training/venv/lib64/python3.12/site-packages/airflow/example_dags/tutorial_dag.py
[2026-05-04T01:13:57.386+0000] {processor.py:914} INFO - Processing file /home/ec2-user/environment/lab4_model_training/venv/lib64/python3.12/site-packages/airflow/example_dags/tutorial_dag.py for tasks to queue
[2026-05-04T01:13:57.387+0000] {logging_mixin.py:190} INFO - [2026-05-04T01:13:57.387+0000] {dagbag.py:588} INFO - Filling up the DagBag from /home/ec2-user/environment/lab4_model_training/venv/lib64/python3.12/site-packages/airflow/example_dags/tutorial_dag.py
[2026-05-04T01:13:57.394+0000] {processor.py:925} INFO - DAG(s) 'tutorial_dag' retrieved from /home/ec2-user/environment/lab4_model_training/venv/lib64/python3.12/site-packages/airflow/example_dags/tutorial_dag.py
[2026-05-04T01:13:57.407+0000] {logging_mixin.py:190} INFO - [2026-05-04T01:13:57.406+0000] {dag.py:3239} INFO - Sync 1 DAGs
[2026-05-04T01:13:57.417+0000] {logging_mixin.py:190} INFO - [2026-05-04T01:13:57.417+0000] {dag.py:4180} INFO - Setting next_dagrun for tutorial_dag to None, run_after=None
[2026-05-04T01:13:57.436+0000] {processor.py:208} INFO - Processing /home/ec2-user/environment/lab4_model_training/venv/lib64/python3.12/site-packages/airflow/example_dags/tutorial_dag.py took 0.056 seconds
[2026-05-04T01:15:10.654+0000] {processor.py:186} INFO - Started process (PID=27213) to work on /home/ec2-user/environment/lab4_model_training/venv/lib64/python3.12/site-packages/airflow/example_dags/tutorial_dag.py
[2026-05-04T01:15:10.655+0000] {processor.py:914} INFO - Processing file /home/ec2-user/environment/lab4_model_training/venv/lib64/python3.12/site-packages/airflow/example_dags/tutorial_dag.py for tasks to queue
[2026-05-04T01:15:10.657+0000] {logging_mixin.py:190} INFO - [2026-05-04T01:15:10.656+0000] {dagbag.py:588} INFO - Filling up the DagBag from /home/ec2-user/environment/lab4_model_training/venv/lib64/python3.12/site-packages/airflow/example_dags/tutorial_dag.py
[2026-05-04T01:15:10.663+0000] {processor.py:925} INFO - DAG(s) 'tutorial_dag' retrieved from /home/ec2-user/environment/lab4_model_training/venv/lib64/python3.12/site-packages/airflow/example_dags/tutorial_dag.py
[2026-05-04T01:15:10.805+0000] {logging_mixin.py:190} INFO - [2026-05-04T01:15:10.805+0000] {dag.py:3239} INFO - Sync 1 DAGs
[2026-05-04T01:15:10.814+0000] {logging_mixin.py:190} INFO - [2026-05-04T01:15:10.814+0000] {dag.py:4180} INFO - Setting next_dagrun for tutorial_dag to None, run_after=None
[2026-05-04T01:15:10.831+0000] {processor.py:208} INFO - Processing /home/ec2-user/environment/lab4_model_training/venv/lib64/python3.12/site-packages/airflow/example_dags/tutorial_dag.py took 0.181 seconds
[2026-05-04T01:16:17.799+0000] {processor.py:186} INFO - Started process (PID=27709) to work on /home/ec2-user/environment/lab4_model_training/venv/lib64/python3.12/site-packages/airflow/example_dags/tutorial_dag.py
[2026-05-04T01:16:17.800+0000] {processor.py:914} INFO - Processing file /home/ec2-user/environment/lab4_model_training/venv/lib64/python3.12/site-packages/airflow/example_dags/tutorial_dag.py for tasks to queue
[2026-05-04T01:16:17.803+0000] {logging_mixin.py:190} INFO - [2026-05-04T01:16:17.802+0000] {dagbag.py:588} INFO - Filling up the DagBag from /home/ec2-user/environment/lab4_model_training/venv/lib64/python3.12/site-packages/airflow/example_dags/tutorial_dag.py
[2026-05-04T01:16:17.810+0000] {processor.py:925} INFO - DAG(s) 'tutorial_dag' retrieved from /home/ec2-user/environment/lab4_model_training/venv/lib64/python3.12/site-packages/airflow/example_dags/tutorial_dag.py
[2026-05-04T01:16:17.827+0000] {logging_mixin.py:190} INFO - [2026-05-04T01:16:17.827+0000] {dag.py:3239} INFO - Sync 1 DAGs
[2026-05-04T01:16:17.842+0000] {logging_mixin.py:190} INFO - [2026-05-04T01:16:17.842+0000] {dag.py:4180} INFO - Setting next_dagrun for tutorial_dag to None, run_after=None
[2026-05-04T01:16:17.864+0000] {processor.py:208} INFO - Processing /home/ec2-user/environment/lab4_model_training/venv/lib64/python3.12/site-packages/airflow/example_dags/tutorial_dag.py took 0.070 seconds
[2026-05-04T01:17:20.206+0000] {processor.py:186} INFO - Started process (PID=28255) to work on /home/ec2-user/environment/lab4_model_training/venv/lib64/python3.12/site-packages/airflow/example_dags/tutorial_dag.py
[2026-05-04T01:17:20.208+0000] {processor.py:914} INFO - Processing file /home/ec2-user/environment/lab4_model_training/venv/lib64/python3.12/site-packages/airflow/example_dags/tutorial_dag.py for tasks to queue
[2026-05-04T01:17:20.210+0000] {logging_mixin.py:190} INFO - [2026-05-04T01:17:20.210+0000] {dagbag.py:588} INFO - Filling up the DagBag from /home/ec2-user/environment/lab4_model_training/venv/lib64/python3.12/site-packages/airflow/example_dags/tutorial_dag.py
[2026-05-04T01:17:20.218+0000] {processor.py:925} INFO - DAG(s) 'tutorial_dag' retrieved from /home/ec2-user/environment/lab4_model_training/venv/lib64/python3.12/site-packages/airflow/example_dags/tutorial_dag.py
[2026-05-04T01:17:20.235+0000] {logging_mixin.py:190} INFO - [2026-05-04T01:17:20.235+0000] {dag.py:3239} INFO - Sync 1 DAGs
[2026-05-04T01:17:20.251+0000] {logging_mixin.py:190} INFO - [2026-05-04T01:17:20.251+0000] {dag.py:4180} INFO - Setting next_dagrun for tutorial_dag to None, run_after=None
[2026-05-04T01:17:20.276+0000] {processor.py:208} INFO - Processing /home/ec2-user/environment/lab4_model_training/venv/lib64/python3.12/site-packages/airflow/example_dags/tutorial_dag.py took 0.076 seconds
[2026-05-04T01:18:28.360+0000] {processor.py:186} INFO - Started process (PID=28782) to work on /home/ec2-user/environment/lab4_model_training/venv/lib64/python3.12/site-packages/airflow/example_dags/tutorial_dag.py
[2026-05-04T01:18:28.361+0000] {processor.py:914} INFO - Processing file /home/ec2-user/environment/lab4_model_training/venv/lib64/python3.12/site-packages/airflow/example_dags/tutorial_dag.py for tasks to queue
[2026-05-04T01:18:28.363+0000] {logging_mixin.py:190} INFO - [2026-05-04T01:18:28.363+0000] {dagbag.py:588} INFO - Filling up the DagBag from /home/ec2-user/environment/lab4_model_training/venv/lib64/python3.12/site-packages/airflow/example_dags/tutorial_dag.py
[2026-05-04T01:18:28.369+0000] {processor.py:925} INFO - DAG(s) 'tutorial_dag' retrieved from /home/ec2-user/environment/lab4_model_training/venv/lib64/python3.12/site-packages/airflow/example_dags/tutorial_dag.py
[2026-05-04T01:18:28.382+0000] {logging_mixin.py:190} INFO - [2026-05-04T01:18:28.382+0000] {dag.py:3239} INFO - Sync 1 DAGs
[2026-05-04T01:18:28.393+0000] {logging_mixin.py:190} INFO - [2026-05-04T01:18:28.392+0000] {dag.py:4180} INFO - Setting next_dagrun for tutorial_dag to None, run_after=None
[2026-05-04T01:18:28.410+0000] {processor.py:208} INFO - Processing /home/ec2-user/environment/lab4_model_training/venv/lib64/python3.12/site-packages/airflow/example_dags/tutorial_dag.py took 0.055 seconds
[2026-05-04T01:19:34.985+0000] {processor.py:186} INFO - Started process (PID=29279) to work on /home/ec2-user/environment/lab4_model_training/venv/lib64/python3.12/site-packages/airflow/example_dags/tutorial_dag.py
[2026-05-04T01:19:34.986+0000] {processor.py:914} INFO - Processing file /home/ec2-user/environment/lab4_model_training/venv/lib64/python3.12/site-packages/airflow/example_dags/tutorial_dag.py for tasks to queue
[2026-05-04T01:19:34.989+0000] {logging_mixin.py:190} INFO - [2026-05-04T01:19:34.989+0000] {dagbag.py:588} INFO - Filling up the DagBag from /home/ec2-user/environment/lab4_model_training/venv/lib64/python3.12/site-packages/airflow/example_dags/tutorial_dag.py
[2026-05-04T01:19:34.997+0000] {processor.py:925} INFO - DAG(s) 'tutorial_dag' retrieved from /home/ec2-user/environment/lab4_model_training/venv/lib64/python3.12/site-packages/airflow/example_dags/tutorial_dag.py
[2026-05-04T01:19:35.014+0000] {logging_mixin.py:190} INFO - [2026-05-04T01:19:35.013+0000] {dag.py:3239} INFO - Sync 1 DAGs
[2026-05-04T01:19:35.038+0000] {logging_mixin.py:190} INFO - [2026-05-04T01:19:35.038+0000] {dag.py:4180} INFO - Setting next_dagrun for tutorial_dag to None, run_after=None
[2026-05-04T01:19:35.075+0000] {processor.py:208} INFO - Processing /home/ec2-user/environment/lab4_model_training/venv/lib64/python3.12/site-packages/airflow/example_dags/tutorial_dag.py took 0.095 seconds
[2026-05-04T01:20:42.128+0000] {processor.py:186} INFO - Started process (PID=29851) to work on /home/ec2-user/environment/lab4_model_training/venv/lib64/python3.12/site-packages/airflow/example_dags/tutorial_dag.py
[2026-05-04T01:20:42.130+0000] {processor.py:914} INFO - Processing file /home/ec2-user/environment/lab4_model_training/venv/lib64/python3.12/site-packages/airflow/example_dags/tutorial_dag.py for tasks to queue
[2026-05-04T01:20:42.132+0000] {logging_mixin.py:190} INFO - [2026-05-04T01:20:42.131+0000] {dagbag.py:588} INFO - Filling up the DagBag from /home/ec2-user/environment/lab4_model_training/venv/lib64/python3.12/site-packages/airflow/example_dags/tutorial_dag.py
[2026-05-04T01:20:42.138+0000] {processor.py:925} INFO - DAG(s) 'tutorial_dag' retrieved from /home/ec2-user/environment/lab4_model_training/venv/lib64/python3.12/site-packages/airflow/example_dags/tutorial_dag.py
[2026-05-04T01:20:42.150+0000] {logging_mixin.py:190} INFO - [2026-05-04T01:20:42.150+0000] {dag.py:3239} INFO - Sync 1 DAGs
[2026-05-04T01:20:42.160+0000] {logging_mixin.py:190} INFO - [2026-05-04T01:20:42.159+0000] {dag.py:4180} INFO - Setting next_dagrun for tutorial_dag to None, run_after=None
[2026-05-04T01:20:42.177+0000] {processor.py:208} INFO - Processing /home/ec2-user/environment/lab4_model_training/venv/lib64/python3.12/site-packages/airflow/example_dags/tutorial_dag.py took 0.053 seconds
[2026-05-04T01:21:43.208+0000] {processor.py:186} INFO - Started process (PID=30309) to work on /home/ec2-user/environment/lab4_model_training/venv/lib64/python3.12/site-packages/airflow/example_dags/tutorial_dag.py
[2026-05-04T01:21:43.209+0000] {processor.py:914} INFO - Processing file /home/ec2-user/environment/lab4_model_training/venv/lib64/python3.12/site-packages/airflow/example_dags/tutorial_dag.py for tasks to queue
[2026-05-04T01:21:43.211+0000] {logging_mixin.py:190} INFO - [2026-05-04T01:21:43.211+0000] {dagbag.py:588} INFO - Filling up the DagBag from /home/ec2-user/environment/lab4_model_training/venv/lib64/python3.12/site-packages/airflow/example_dags/tutorial_dag.py
[2026-05-04T01:21:43.217+0000] {processor.py:925} INFO - DAG(s) 'tutorial_dag' retrieved from /home/ec2-user/environment/lab4_model_training/venv/lib64/python3.12/site-packages/airflow/example_dags/tutorial_dag.py
[2026-05-04T01:21:43.229+0000] {logging_mixin.py:190} INFO - [2026-05-04T01:21:43.229+0000] {dag.py:3239} INFO - Sync 1 DAGs
[2026-05-04T01:21:43.239+0000] {logging_mixin.py:190} INFO - [2026-05-04T01:21:43.239+0000] {dag.py:4180} INFO - Setting next_dagrun for tutorial_dag to None, run_after=None
[2026-05-04T01:21:43.257+0000] {processor.py:208} INFO - Processing /home/ec2-user/environment/lab4_model_training/venv/lib64/python3.12/site-packages/airflow/example_dags/tutorial_dag.py took 0.053 seconds
[2026-05-04T01:22:50.513+0000] {processor.py:186} INFO - Started process (PID=30572) to work on /home/ec2-user/environment/lab4_model_training/venv/lib64/python3.12/site-packages/airflow/example_dags/tutorial_dag.py
[2026-05-04T01:22:50.514+0000] {processor.py:914} INFO - Processing file /home/ec2-user/environment/lab4_model_training/venv/lib64/python3.12/site-packages/airflow/example_dags/tutorial_dag.py for tasks to queue
[2026-05-04T01:22:50.517+0000] {logging_mixin.py:190} INFO - [2026-05-04T01:22:50.516+0000] {dagbag.py:588} INFO - Filling up the DagBag from /home/ec2-user/environment/lab4_model_training/venv/lib64/python3.12/site-packages/airflow/example_dags/tutorial_dag.py
[2026-05-04T01:22:50.524+0000] {processor.py:925} INFO - DAG(s) 'tutorial_dag' retrieved from /home/ec2-user/environment/lab4_model_training/venv/lib64/python3.12/site-packages/airflow/example_dags/tutorial_dag.py
[2026-05-04T01:22:50.540+0000] {logging_mixin.py:190} INFO - [2026-05-04T01:22:50.540+0000] {dag.py:3239} INFO - Sync 1 DAGs
[2026-05-04T01:22:50.555+0000] {logging_mixin.py:190} INFO - [2026-05-04T01:22:50.554+0000] {dag.py:4180} INFO - Setting next_dagrun for tutorial_dag to None, run_after=None
[2026-05-04T01:22:50.575+0000] {processor.py:208} INFO - Processing /home/ec2-user/environment/lab4_model_training/venv/lib64/python3.12/site-packages/airflow/example_dags/tutorial_dag.py took 0.067 seconds
[2026-05-04T01:23:52.311+0000] {processor.py:186} INFO - Started process (PID=30720) to work on /home/ec2-user/environment/lab4_model_training/venv/lib64/python3.12/site-packages/airflow/example_dags/tutorial_dag.py
[2026-05-04T01:23:52.312+0000] {processor.py:914} INFO - Processing file /home/ec2-user/environment/lab4_model_training/venv/lib64/python3.12/site-packages/airflow/example_dags/tutorial_dag.py for tasks to queue
[2026-05-04T01:23:52.314+0000] {logging_mixin.py:190} INFO - [2026-05-04T01:23:52.314+0000] {dagbag.py:588} INFO - Filling up the DagBag from /home/ec2-user/environment/lab4_model_training/venv/lib64/python3.12/site-packages/airflow/example_dags/tutorial_dag.py
[2026-05-04T01:23:52.320+0000] {processor.py:925} INFO - DAG(s) 'tutorial_dag' retrieved from /home/ec2-user/environment/lab4_model_training/venv/lib64/python3.12/site-packages/airflow/example_dags/tutorial_dag.py
[2026-05-04T01:23:52.332+0000] {logging_mixin.py:190} INFO - [2026-05-04T01:23:52.332+0000] {dag.py:3239} INFO - Sync 1 DAGs
[2026-05-04T01:23:52.343+0000] {logging_mixin.py:190} INFO - [2026-05-04T01:23:52.342+0000] {dag.py:4180} INFO - Setting next_dagrun for tutorial_dag to None, run_after=None
[2026-05-04T01:23:52.360+0000] {processor.py:208} INFO - Processing /home/ec2-user/environment/lab4_model_training/venv/lib64/python3.12/site-packages/airflow/example_dags/tutorial_dag.py took 0.054 seconds
[2026-05-04T01:24:57.786+0000] {processor.py:186} INFO - Started process (PID=31181) to work on /home/ec2-user/environment/lab4_model_training/venv/lib64/python3.12/site-packages/airflow/example_dags/tutorial_dag.py
[2026-05-04T01:24:57.788+0000] {processor.py:914} INFO - Processing file /home/ec2-user/environment/lab4_model_training/venv/lib64/python3.12/site-packages/airflow/example_dags/tutorial_dag.py for tasks to queue
[2026-05-04T01:24:57.790+0000] {logging_mixin.py:190} INFO - [2026-05-04T01:24:57.789+0000] {dagbag.py:588} INFO - Filling up the DagBag from /home/ec2-user/environment/lab4_model_training/venv/lib64/python3.12/site-packages/airflow/example_dags/tutorial_dag.py
[2026-05-04T01:24:57.796+0000] {processor.py:925} INFO - DAG(s) 'tutorial_dag' retrieved from /home/ec2-user/environment/lab4_model_training/venv/lib64/python3.12/site-packages/airflow/example_dags/tutorial_dag.py
[2026-05-04T01:24:57.807+0000] {logging_mixin.py:190} INFO - [2026-05-04T01:24:57.807+0000] {dag.py:3239} INFO - Sync 1 DAGs
[2026-05-04T01:24:57.818+0000] {logging_mixin.py:190} INFO - [2026-05-04T01:24:57.818+0000] {dag.py:4180} INFO - Setting next_dagrun for tutorial_dag to None, run_after=None
[2026-05-04T01:24:57.835+0000] {processor.py:208} INFO - Processing /home/ec2-user/environment/lab4_model_training/venv/lib64/python3.12/site-packages/airflow/example_dags/tutorial_dag.py took 0.054 seconds
[2026-05-04T01:26:05.834+0000] {processor.py:186} INFO - Started process (PID=31337) to work on /home/ec2-user/environment/lab4_model_training/venv/lib64/python3.12/site-packages/airflow/example_dags/tutorial_dag.py
[2026-05-04T01:26:05.835+0000] {processor.py:914} INFO - Processing file /home/ec2-user/environment/lab4_model_training/venv/lib64/python3.12/site-packages/airflow/example_dags/tutorial_dag.py for tasks to queue
[2026-05-04T01:26:05.838+0000] {logging_mixin.py:190} INFO - [2026-05-04T01:26:05.837+0000] {dagbag.py:588} INFO - Filling up the DagBag from /home/ec2-user/environment/lab4_model_training/venv/lib64/python3.12/site-packages/airflow/example_dags/tutorial_dag.py
[2026-05-04T01:26:05.843+0000] {processor.py:925} INFO - DAG(s) 'tutorial_dag' retrieved from /home/ec2-user/environment/lab4_model_training/venv/lib64/python3.12/site-packages/airflow/example_dags/tutorial_dag.py
[2026-05-04T01:26:05.856+0000] {logging_mixin.py:190} INFO - [2026-05-04T01:26:05.855+0000] {dag.py:3239} INFO - Sync 1 DAGs
[2026-05-04T01:26:05.865+0000] {logging_mixin.py:190} INFO - [2026-05-04T01:26:05.865+0000] {dag.py:4180} INFO - Setting next_dagrun for tutorial_dag to None, run_after=None
[2026-05-04T01:26:05.884+0000] {processor.py:208} INFO - Processing /home/ec2-user/environment/lab4_model_training/venv/lib64/python3.12/site-packages/airflow/example_dags/tutorial_dag.py took 0.054 seconds
