[2026-05-04T00:20:53.522+0000] {processor.py:186} INFO - Started process (PID=12936) to work on /home/ec2-user/environment/lab4_model_training/venv/lib64/python3.12/site-packages/airflow/example_dags/tutorial_objectstorage.py
[2026-05-04T00:20:53.522+0000] {processor.py:914} INFO - Processing file /home/ec2-user/environment/lab4_model_training/venv/lib64/python3.12/site-packages/airflow/example_dags/tutorial_objectstorage.py for tasks to queue
[2026-05-04T00:20:53.524+0000] {logging_mixin.py:190} INFO - [2026-05-04T00:20:53.524+0000] {dagbag.py:588} INFO - Filling up the DagBag from /home/ec2-user/environment/lab4_model_training/venv/lib64/python3.12/site-packages/airflow/example_dags/tutorial_objectstorage.py
[2026-05-04T00:20:53.532+0000] {processor.py:925} INFO - DAG(s) 'tutorial_objectstorage' retrieved from /home/ec2-user/environment/lab4_model_training/venv/lib64/python3.12/site-packages/airflow/example_dags/tutorial_objectstorage.py
[2026-05-04T00:20:53.542+0000] {logging_mixin.py:190} INFO - [2026-05-04T00:20:53.542+0000] {dag.py:3239} INFO - Sync 1 DAGs
[2026-05-04T00:20:53.553+0000] {logging_mixin.py:190} INFO - [2026-05-04T00:20:53.553+0000] {dag.py:4180} INFO - Setting next_dagrun for tutorial_objectstorage to None, run_after=None
[2026-05-04T00:20:53.572+0000] {processor.py:208} INFO - Processing /home/ec2-user/environment/lab4_model_training/venv/lib64/python3.12/site-packages/airflow/example_dags/tutorial_objectstorage.py took 0.054 seconds
[2026-05-04T00:22:25.138+0000] {processor.py:186} INFO - Started process (PID=13666) to work on /home/ec2-user/environment/lab4_model_training/venv/lib64/python3.12/site-packages/airflow/example_dags/tutorial_objectstorage.py
[2026-05-04T00:22:25.140+0000] {processor.py:914} INFO - Processing file /home/ec2-user/environment/lab4_model_training/venv/lib64/python3.12/site-packages/airflow/example_dags/tutorial_objectstorage.py for tasks to queue
[2026-05-04T00:22:25.142+0000] {logging_mixin.py:190} INFO - [2026-05-04T00:22:25.141+0000] {dagbag.py:588} INFO - Filling up the DagBag from /home/ec2-user/environment/lab4_model_training/venv/lib64/python3.12/site-packages/airflow/example_dags/tutorial_objectstorage.py
[2026-05-04T00:22:25.152+0000] {processor.py:925} INFO - DAG(s) 'tutorial_objectstorage' retrieved from /home/ec2-user/environment/lab4_model_training/venv/lib64/python3.12/site-packages/airflow/example_dags/tutorial_objectstorage.py
[2026-05-04T00:22:25.165+0000] {logging_mixin.py:190} INFO - [2026-05-04T00:22:25.165+0000] {dag.py:3239} INFO - Sync 1 DAGs
[2026-05-04T00:22:25.178+0000] {logging_mixin.py:190} INFO - [2026-05-04T00:22:25.178+0000] {dag.py:4180} INFO - Setting next_dagrun for tutorial_objectstorage to None, run_after=None
[2026-05-04T00:22:25.199+0000] {processor.py:208} INFO - Processing /home/ec2-user/environment/lab4_model_training/venv/lib64/python3.12/site-packages/airflow/example_dags/tutorial_objectstorage.py took 0.067 seconds
[2026-05-04T00:23:40.331+0000] {processor.py:186} INFO - Started process (PID=14252) to work on /home/ec2-user/environment/lab4_model_training/venv/lib64/python3.12/site-packages/airflow/example_dags/tutorial_objectstorage.py
[2026-05-04T00:23:40.332+0000] {processor.py:914} INFO - Processing file /home/ec2-user/environment/lab4_model_training/venv/lib64/python3.12/site-packages/airflow/example_dags/tutorial_objectstorage.py for tasks to queue
[2026-05-04T00:23:40.334+0000] {logging_mixin.py:190} INFO - [2026-05-04T00:23:40.334+0000] {dagbag.py:588} INFO - Filling up the DagBag from /home/ec2-user/environment/lab4_model_training/venv/lib64/python3.12/site-packages/airflow/example_dags/tutorial_objectstorage.py
[2026-05-04T00:23:40.342+0000] {processor.py:925} INFO - DAG(s) 'tutorial_objectstorage' retrieved from /home/ec2-user/environment/lab4_model_training/venv/lib64/python3.12/site-packages/airflow/example_dags/tutorial_objectstorage.py
[2026-05-04T00:23:40.354+0000] {logging_mixin.py:190} INFO - [2026-05-04T00:23:40.354+0000] {dag.py:3239} INFO - Sync 1 DAGs
[2026-05-04T00:23:40.363+0000] {logging_mixin.py:190} INFO - [2026-05-04T00:23:40.363+0000] {dag.py:4180} INFO - Setting next_dagrun for tutorial_objectstorage to None, run_after=None
[2026-05-04T00:23:40.383+0000] {processor.py:208} INFO - Processing /home/ec2-user/environment/lab4_model_training/venv/lib64/python3.12/site-packages/airflow/example_dags/tutorial_objectstorage.py took 0.056 seconds
[2026-05-04T00:24:47.948+0000] {processor.py:186} INFO - Started process (PID=15117) to work on /home/ec2-user/environment/lab4_model_training/venv/lib64/python3.12/site-packages/airflow/example_dags/tutorial_objectstorage.py
[2026-05-04T00:24:47.949+0000] {processor.py:914} INFO - Processing file /home/ec2-user/environment/lab4_model_training/venv/lib64/python3.12/site-packages/airflow/example_dags/tutorial_objectstorage.py for tasks to queue
[2026-05-04T00:24:47.951+0000] {logging_mixin.py:190} INFO - [2026-05-04T00:24:47.951+0000] {dagbag.py:588} INFO - Filling up the DagBag from /home/ec2-user/environment/lab4_model_training/venv/lib64/python3.12/site-packages/airflow/example_dags/tutorial_objectstorage.py
[2026-05-04T00:24:47.959+0000] {processor.py:925} INFO - DAG(s) 'tutorial_objectstorage' retrieved from /home/ec2-user/environment/lab4_model_training/venv/lib64/python3.12/site-packages/airflow/example_dags/tutorial_objectstorage.py
[2026-05-04T00:24:47.970+0000] {logging_mixin.py:190} INFO - [2026-05-04T00:24:47.970+0000] {dag.py:3239} INFO - Sync 1 DAGs
[2026-05-04T00:24:47.979+0000] {logging_mixin.py:190} INFO - [2026-05-04T00:24:47.979+0000] {dag.py:4180} INFO - Setting next_dagrun for tutorial_objectstorage to None, run_after=None
[2026-05-04T00:24:47.998+0000] {processor.py:208} INFO - Processing /home/ec2-user/environment/lab4_model_training/venv/lib64/python3.12/site-packages/airflow/example_dags/tutorial_objectstorage.py took 0.054 seconds
[2026-05-04T00:25:54.353+0000] {processor.py:186} INFO - Started process (PID=15608) to work on /home/ec2-user/environment/lab4_model_training/venv/lib64/python3.12/site-packages/airflow/example_dags/tutorial_objectstorage.py
[2026-05-04T00:25:54.355+0000] {processor.py:914} INFO - Processing file /home/ec2-user/environment/lab4_model_training/venv/lib64/python3.12/site-packages/airflow/example_dags/tutorial_objectstorage.py for tasks to queue
[2026-05-04T00:25:54.357+0000] {logging_mixin.py:190} INFO - [2026-05-04T00:25:54.357+0000] {dagbag.py:588} INFO - Filling up the DagBag from /home/ec2-user/environment/lab4_model_training/venv/lib64/python3.12/site-packages/airflow/example_dags/tutorial_objectstorage.py
[2026-05-04T00:25:54.366+0000] {processor.py:925} INFO - DAG(s) 'tutorial_objectstorage' retrieved from /home/ec2-user/environment/lab4_model_training/venv/lib64/python3.12/site-packages/airflow/example_dags/tutorial_objectstorage.py
[2026-05-04T00:25:54.381+0000] {logging_mixin.py:190} INFO - [2026-05-04T00:25:54.381+0000] {dag.py:3239} INFO - Sync 1 DAGs
[2026-05-04T00:25:54.392+0000] {logging_mixin.py:190} INFO - [2026-05-04T00:25:54.392+0000] {dag.py:4180} INFO - Setting next_dagrun for tutorial_objectstorage to None, run_after=None
[2026-05-04T00:25:54.414+0000] {processor.py:208} INFO - Processing /home/ec2-user/environment/lab4_model_training/venv/lib64/python3.12/site-packages/airflow/example_dags/tutorial_objectstorage.py took 0.065 seconds
[2026-05-04T00:27:00.212+0000] {processor.py:186} INFO - Started process (PID=16031) to work on /home/ec2-user/environment/lab4_model_training/venv/lib64/python3.12/site-packages/airflow/example_dags/tutorial_objectstorage.py
[2026-05-04T00:27:00.213+0000] {processor.py:914} INFO - Processing file /home/ec2-user/environment/lab4_model_training/venv/lib64/python3.12/site-packages/airflow/example_dags/tutorial_objectstorage.py for tasks to queue
[2026-05-04T00:27:00.215+0000] {logging_mixin.py:190} INFO - [2026-05-04T00:27:00.215+0000] {dagbag.py:588} INFO - Filling up the DagBag from /home/ec2-user/environment/lab4_model_training/venv/lib64/python3.12/site-packages/airflow/example_dags/tutorial_objectstorage.py
[2026-05-04T00:27:00.225+0000] {processor.py:925} INFO - DAG(s) 'tutorial_objectstorage' retrieved from /home/ec2-user/environment/lab4_model_training/venv/lib64/python3.12/site-packages/airflow/example_dags/tutorial_objectstorage.py
[2026-05-04T00:27:00.240+0000] {logging_mixin.py:190} INFO - [2026-05-04T00:27:00.239+0000] {dag.py:3239} INFO - Sync 1 DAGs
[2026-05-04T00:27:00.251+0000] {logging_mixin.py:190} INFO - [2026-05-04T00:27:00.251+0000] {dag.py:4180} INFO - Setting next_dagrun for tutorial_objectstorage to None, run_after=None
[2026-05-04T00:27:00.271+0000] {processor.py:208} INFO - Processing /home/ec2-user/environment/lab4_model_training/venv/lib64/python3.12/site-packages/airflow/example_dags/tutorial_objectstorage.py took 0.063 seconds
[2026-05-04T00:28:07.210+0000] {processor.py:186} INFO - Started process (PID=16547) to work on /home/ec2-user/environment/lab4_model_training/venv/lib64/python3.12/site-packages/airflow/example_dags/tutorial_objectstorage.py
[2026-05-04T00:28:07.212+0000] {processor.py:914} INFO - Processing file /home/ec2-user/environment/lab4_model_training/venv/lib64/python3.12/site-packages/airflow/example_dags/tutorial_objectstorage.py for tasks to queue
[2026-05-04T00:28:07.213+0000] {logging_mixin.py:190} INFO - [2026-05-04T00:28:07.213+0000] {dagbag.py:588} INFO - Filling up the DagBag from /home/ec2-user/environment/lab4_model_training/venv/lib64/python3.12/site-packages/airflow/example_dags/tutorial_objectstorage.py
[2026-05-04T00:28:07.221+0000] {processor.py:925} INFO - DAG(s) 'tutorial_objectstorage' retrieved from /home/ec2-user/environment/lab4_model_training/venv/lib64/python3.12/site-packages/airflow/example_dags/tutorial_objectstorage.py
[2026-05-04T00:28:07.236+0000] {logging_mixin.py:190} INFO - [2026-05-04T00:28:07.235+0000] {dag.py:3239} INFO - Sync 1 DAGs
[2026-05-04T00:28:07.248+0000] {logging_mixin.py:190} INFO - [2026-05-04T00:28:07.247+0000] {dag.py:4180} INFO - Setting next_dagrun for tutorial_objectstorage to None, run_after=None
[2026-05-04T00:28:07.269+0000] {processor.py:208} INFO - Processing /home/ec2-user/environment/lab4_model_training/venv/lib64/python3.12/site-packages/airflow/example_dags/tutorial_objectstorage.py took 0.063 seconds
[2026-05-04T00:29:08.619+0000] {processor.py:186} INFO - Started process (PID=16958) to work on /home/ec2-user/environment/lab4_model_training/venv/lib64/python3.12/site-packages/airflow/example_dags/tutorial_objectstorage.py
[2026-05-04T00:29:08.620+0000] {processor.py:914} INFO - Processing file /home/ec2-user/environment/lab4_model_training/venv/lib64/python3.12/site-packages/airflow/example_dags/tutorial_objectstorage.py for tasks to queue
[2026-05-04T00:29:08.622+0000] {logging_mixin.py:190} INFO - [2026-05-04T00:29:08.622+0000] {dagbag.py:588} INFO - Filling up the DagBag from /home/ec2-user/environment/lab4_model_training/venv/lib64/python3.12/site-packages/airflow/example_dags/tutorial_objectstorage.py
[2026-05-04T00:29:08.631+0000] {processor.py:925} INFO - DAG(s) 'tutorial_objectstorage' retrieved from /home/ec2-user/environment/lab4_model_training/venv/lib64/python3.12/site-packages/airflow/example_dags/tutorial_objectstorage.py
[2026-05-04T00:29:08.644+0000] {logging_mixin.py:190} INFO - [2026-05-04T00:29:08.644+0000] {dag.py:3239} INFO - Sync 1 DAGs
[2026-05-04T00:29:08.655+0000] {logging_mixin.py:190} INFO - [2026-05-04T00:29:08.655+0000] {dag.py:4180} INFO - Setting next_dagrun for tutorial_objectstorage to None, run_after=None
[2026-05-04T00:29:08.674+0000] {processor.py:208} INFO - Processing /home/ec2-user/environment/lab4_model_training/venv/lib64/python3.12/site-packages/airflow/example_dags/tutorial_objectstorage.py took 0.060 seconds
[2026-05-04T00:30:15.367+0000] {processor.py:186} INFO - Started process (PID=17516) to work on /home/ec2-user/environment/lab4_model_training/venv/lib64/python3.12/site-packages/airflow/example_dags/tutorial_objectstorage.py
[2026-05-04T00:30:15.368+0000] {processor.py:914} INFO - Processing file /home/ec2-user/environment/lab4_model_training/venv/lib64/python3.12/site-packages/airflow/example_dags/tutorial_objectstorage.py for tasks to queue
[2026-05-04T00:30:15.370+0000] {logging_mixin.py:190} INFO - [2026-05-04T00:30:15.370+0000] {dagbag.py:588} INFO - Filling up the DagBag from /home/ec2-user/environment/lab4_model_training/venv/lib64/python3.12/site-packages/airflow/example_dags/tutorial_objectstorage.py
[2026-05-04T00:30:15.378+0000] {processor.py:925} INFO - DAG(s) 'tutorial_objectstorage' retrieved from /home/ec2-user/environment/lab4_model_training/venv/lib64/python3.12/site-packages/airflow/example_dags/tutorial_objectstorage.py
[2026-05-04T00:30:15.389+0000] {logging_mixin.py:190} INFO - [2026-05-04T00:30:15.389+0000] {dag.py:3239} INFO - Sync 1 DAGs
[2026-05-04T00:30:15.399+0000] {logging_mixin.py:190} INFO - [2026-05-04T00:30:15.399+0000] {dag.py:4180} INFO - Setting next_dagrun for tutorial_objectstorage to None, run_after=None
[2026-05-04T00:30:15.416+0000] {processor.py:208} INFO - Processing /home/ec2-user/environment/lab4_model_training/venv/lib64/python3.12/site-packages/airflow/example_dags/tutorial_objectstorage.py took 0.053 seconds
[2026-05-04T00:31:16.880+0000] {processor.py:186} INFO - Started process (PID=17949) to work on /home/ec2-user/environment/lab4_model_training/venv/lib64/python3.12/site-packages/airflow/example_dags/tutorial_objectstorage.py
[2026-05-04T00:31:16.881+0000] {processor.py:914} INFO - Processing file /home/ec2-user/environment/lab4_model_training/venv/lib64/python3.12/site-packages/airflow/example_dags/tutorial_objectstorage.py for tasks to queue
[2026-05-04T00:31:16.883+0000] {logging_mixin.py:190} INFO - [2026-05-04T00:31:16.882+0000] {dagbag.py:588} INFO - Filling up the DagBag from /home/ec2-user/environment/lab4_model_training/venv/lib64/python3.12/site-packages/airflow/example_dags/tutorial_objectstorage.py
[2026-05-04T00:31:16.890+0000] {processor.py:925} INFO - DAG(s) 'tutorial_objectstorage' retrieved from /home/ec2-user/environment/lab4_model_training/venv/lib64/python3.12/site-packages/airflow/example_dags/tutorial_objectstorage.py
[2026-05-04T00:31:16.901+0000] {logging_mixin.py:190} INFO - [2026-05-04T00:31:16.901+0000] {dag.py:3239} INFO - Sync 1 DAGs
[2026-05-04T00:31:16.911+0000] {logging_mixin.py:190} INFO - [2026-05-04T00:31:16.911+0000] {dag.py:4180} INFO - Setting next_dagrun for tutorial_objectstorage to None, run_after=None
[2026-05-04T00:31:16.931+0000] {processor.py:208} INFO - Processing /home/ec2-user/environment/lab4_model_training/venv/lib64/python3.12/site-packages/airflow/example_dags/tutorial_objectstorage.py took 0.056 seconds
[2026-05-04T00:32:21.854+0000] {processor.py:186} INFO - Started process (PID=18396) to work on /home/ec2-user/environment/lab4_model_training/venv/lib64/python3.12/site-packages/airflow/example_dags/tutorial_objectstorage.py
[2026-05-04T00:32:21.855+0000] {processor.py:914} INFO - Processing file /home/ec2-user/environment/lab4_model_training/venv/lib64/python3.12/site-packages/airflow/example_dags/tutorial_objectstorage.py for tasks to queue
[2026-05-04T00:32:21.857+0000] {logging_mixin.py:190} INFO - [2026-05-04T00:32:21.857+0000] {dagbag.py:588} INFO - Filling up the DagBag from /home/ec2-user/environment/lab4_model_training/venv/lib64/python3.12/site-packages/airflow/example_dags/tutorial_objectstorage.py
[2026-05-04T00:32:21.865+0000] {processor.py:925} INFO - DAG(s) 'tutorial_objectstorage' retrieved from /home/ec2-user/environment/lab4_model_training/venv/lib64/python3.12/site-packages/airflow/example_dags/tutorial_objectstorage.py
[2026-05-04T00:32:21.876+0000] {logging_mixin.py:190} INFO - [2026-05-04T00:32:21.876+0000] {dag.py:3239} INFO - Sync 1 DAGs
[2026-05-04T00:32:21.887+0000] {logging_mixin.py:190} INFO - [2026-05-04T00:32:21.887+0000] {dag.py:4180} INFO - Setting next_dagrun for tutorial_objectstorage to None, run_after=None
[2026-05-04T00:32:21.905+0000] {processor.py:208} INFO - Processing /home/ec2-user/environment/lab4_model_training/venv/lib64/python3.12/site-packages/airflow/example_dags/tutorial_objectstorage.py took 0.056 seconds
[2026-05-04T00:33:30.142+0000] {processor.py:186} INFO - Started process (PID=18881) to work on /home/ec2-user/environment/lab4_model_training/venv/lib64/python3.12/site-packages/airflow/example_dags/tutorial_objectstorage.py
[2026-05-04T00:33:30.143+0000] {processor.py:914} INFO - Processing file /home/ec2-user/environment/lab4_model_training/venv/lib64/python3.12/site-packages/airflow/example_dags/tutorial_objectstorage.py for tasks to queue
[2026-05-04T00:33:30.146+0000] {logging_mixin.py:190} INFO - [2026-05-04T00:33:30.145+0000] {dagbag.py:588} INFO - Filling up the DagBag from /home/ec2-user/environment/lab4_model_training/venv/lib64/python3.12/site-packages/airflow/example_dags/tutorial_objectstorage.py
[2026-05-04T00:33:30.153+0000] {processor.py:925} INFO - DAG(s) 'tutorial_objectstorage' retrieved from /home/ec2-user/environment/lab4_model_training/venv/lib64/python3.12/site-packages/airflow/example_dags/tutorial_objectstorage.py
[2026-05-04T00:33:30.165+0000] {logging_mixin.py:190} INFO - [2026-05-04T00:33:30.165+0000] {dag.py:3239} INFO - Sync 1 DAGs
[2026-05-04T00:33:30.175+0000] {logging_mixin.py:190} INFO - [2026-05-04T00:33:30.175+0000] {dag.py:4180} INFO - Setting next_dagrun for tutorial_objectstorage to None, run_after=None
[2026-05-04T00:33:30.193+0000] {processor.py:208} INFO - Processing /home/ec2-user/environment/lab4_model_training/venv/lib64/python3.12/site-packages/airflow/example_dags/tutorial_objectstorage.py took 0.055 seconds
[2026-05-04T00:34:33.440+0000] {processor.py:186} INFO - Started process (PID=19345) to work on /home/ec2-user/environment/lab4_model_training/venv/lib64/python3.12/site-packages/airflow/example_dags/tutorial_objectstorage.py
[2026-05-04T00:34:33.442+0000] {processor.py:914} INFO - Processing file /home/ec2-user/environment/lab4_model_training/venv/lib64/python3.12/site-packages/airflow/example_dags/tutorial_objectstorage.py for tasks to queue
[2026-05-04T00:34:33.444+0000] {logging_mixin.py:190} INFO - [2026-05-04T00:34:33.443+0000] {dagbag.py:588} INFO - Filling up the DagBag from /home/ec2-user/environment/lab4_model_training/venv/lib64/python3.12/site-packages/airflow/example_dags/tutorial_objectstorage.py
[2026-05-04T00:34:33.453+0000] {processor.py:925} INFO - DAG(s) 'tutorial_objectstorage' retrieved from /home/ec2-user/environment/lab4_model_training/venv/lib64/python3.12/site-packages/airflow/example_dags/tutorial_objectstorage.py
[2026-05-04T00:34:33.468+0000] {logging_mixin.py:190} INFO - [2026-05-04T00:34:33.467+0000] {dag.py:3239} INFO - Sync 1 DAGs
[2026-05-04T00:34:33.478+0000] {logging_mixin.py:190} INFO - [2026-05-04T00:34:33.478+0000] {dag.py:4180} INFO - Setting next_dagrun for tutorial_objectstorage to None, run_after=None
[2026-05-04T00:34:33.499+0000] {processor.py:208} INFO - Processing /home/ec2-user/environment/lab4_model_training/venv/lib64/python3.12/site-packages/airflow/example_dags/tutorial_objectstorage.py took 0.064 seconds
[2026-05-04T00:35:35.372+0000] {processor.py:186} INFO - Started process (PID=19756) to work on /home/ec2-user/environment/lab4_model_training/venv/lib64/python3.12/site-packages/airflow/example_dags/tutorial_objectstorage.py
[2026-05-04T00:35:35.374+0000] {processor.py:914} INFO - Processing file /home/ec2-user/environment/lab4_model_training/venv/lib64/python3.12/site-packages/airflow/example_dags/tutorial_objectstorage.py for tasks to queue
[2026-05-04T00:35:35.376+0000] {logging_mixin.py:190} INFO - [2026-05-04T00:35:35.375+0000] {dagbag.py:588} INFO - Filling up the DagBag from /home/ec2-user/environment/lab4_model_training/venv/lib64/python3.12/site-packages/airflow/example_dags/tutorial_objectstorage.py
[2026-05-04T00:35:35.384+0000] {processor.py:925} INFO - DAG(s) 'tutorial_objectstorage' retrieved from /home/ec2-user/environment/lab4_model_training/venv/lib64/python3.12/site-packages/airflow/example_dags/tutorial_objectstorage.py
[2026-05-04T00:35:35.397+0000] {logging_mixin.py:190} INFO - [2026-05-04T00:35:35.397+0000] {dag.py:3239} INFO - Sync 1 DAGs
[2026-05-04T00:35:35.408+0000] {logging_mixin.py:190} INFO - [2026-05-04T00:35:35.408+0000] {dag.py:4180} INFO - Setting next_dagrun for tutorial_objectstorage to None, run_after=None
[2026-05-04T00:35:35.428+0000] {processor.py:208} INFO - Processing /home/ec2-user/environment/lab4_model_training/venv/lib64/python3.12/site-packages/airflow/example_dags/tutorial_objectstorage.py took 0.061 seconds
[2026-05-04T00:36:37.520+0000] {processor.py:186} INFO - Started process (PID=20119) to work on /home/ec2-user/environment/lab4_model_training/venv/lib64/python3.12/site-packages/airflow/example_dags/tutorial_objectstorage.py
[2026-05-04T00:36:37.521+0000] {processor.py:914} INFO - Processing file /home/ec2-user/environment/lab4_model_training/venv/lib64/python3.12/site-packages/airflow/example_dags/tutorial_objectstorage.py for tasks to queue
[2026-05-04T00:36:37.523+0000] {logging_mixin.py:190} INFO - [2026-05-04T00:36:37.523+0000] {dagbag.py:588} INFO - Filling up the DagBag from /home/ec2-user/environment/lab4_model_training/venv/lib64/python3.12/site-packages/airflow/example_dags/tutorial_objectstorage.py
[2026-05-04T00:36:37.533+0000] {processor.py:925} INFO - DAG(s) 'tutorial_objectstorage' retrieved from /home/ec2-user/environment/lab4_model_training/venv/lib64/python3.12/site-packages/airflow/example_dags/tutorial_objectstorage.py
[2026-05-04T00:36:37.545+0000] {logging_mixin.py:190} INFO - [2026-05-04T00:36:37.545+0000] {dag.py:3239} INFO - Sync 1 DAGs
[2026-05-04T00:36:37.558+0000] {logging_mixin.py:190} INFO - [2026-05-04T00:36:37.558+0000] {dag.py:4180} INFO - Setting next_dagrun for tutorial_objectstorage to None, run_after=None
[2026-05-04T00:36:37.581+0000] {processor.py:208} INFO - Processing /home/ec2-user/environment/lab4_model_training/venv/lib64/python3.12/site-packages/airflow/example_dags/tutorial_objectstorage.py took 0.065 seconds
[2026-05-04T00:37:42.462+0000] {processor.py:186} INFO - Started process (PID=20247) to work on /home/ec2-user/environment/lab4_model_training/venv/lib64/python3.12/site-packages/airflow/example_dags/tutorial_objectstorage.py
[2026-05-04T00:37:42.463+0000] {processor.py:914} INFO - Processing file /home/ec2-user/environment/lab4_model_training/venv/lib64/python3.12/site-packages/airflow/example_dags/tutorial_objectstorage.py for tasks to queue
[2026-05-04T00:37:42.465+0000] {logging_mixin.py:190} INFO - [2026-05-04T00:37:42.465+0000] {dagbag.py:588} INFO - Filling up the DagBag from /home/ec2-user/environment/lab4_model_training/venv/lib64/python3.12/site-packages/airflow/example_dags/tutorial_objectstorage.py
[2026-05-04T00:37:42.473+0000] {processor.py:925} INFO - DAG(s) 'tutorial_objectstorage' retrieved from /home/ec2-user/environment/lab4_model_training/venv/lib64/python3.12/site-packages/airflow/example_dags/tutorial_objectstorage.py
[2026-05-04T00:37:42.484+0000] {logging_mixin.py:190} INFO - [2026-05-04T00:37:42.484+0000] {dag.py:3239} INFO - Sync 1 DAGs
[2026-05-04T00:37:42.494+0000] {logging_mixin.py:190} INFO - [2026-05-04T00:37:42.494+0000] {dag.py:4180} INFO - Setting next_dagrun for tutorial_objectstorage to None, run_after=None
[2026-05-04T00:37:42.513+0000] {processor.py:208} INFO - Processing /home/ec2-user/environment/lab4_model_training/venv/lib64/python3.12/site-packages/airflow/example_dags/tutorial_objectstorage.py took 0.055 seconds
[2026-05-04T00:38:48.578+0000] {processor.py:186} INFO - Started process (PID=20416) to work on /home/ec2-user/environment/lab4_model_training/venv/lib64/python3.12/site-packages/airflow/example_dags/tutorial_objectstorage.py
[2026-05-04T00:38:48.579+0000] {processor.py:914} INFO - Processing file /home/ec2-user/environment/lab4_model_training/venv/lib64/python3.12/site-packages/airflow/example_dags/tutorial_objectstorage.py for tasks to queue
[2026-05-04T00:38:48.581+0000] {logging_mixin.py:190} INFO - [2026-05-04T00:38:48.581+0000] {dagbag.py:588} INFO - Filling up the DagBag from /home/ec2-user/environment/lab4_model_training/venv/lib64/python3.12/site-packages/airflow/example_dags/tutorial_objectstorage.py
[2026-05-04T00:38:48.589+0000] {processor.py:925} INFO - DAG(s) 'tutorial_objectstorage' retrieved from /home/ec2-user/environment/lab4_model_training/venv/lib64/python3.12/site-packages/airflow/example_dags/tutorial_objectstorage.py
[2026-05-04T00:38:48.603+0000] {logging_mixin.py:190} INFO - [2026-05-04T00:38:48.603+0000] {dag.py:3239} INFO - Sync 1 DAGs
[2026-05-04T00:38:48.614+0000] {logging_mixin.py:190} INFO - [2026-05-04T00:38:48.614+0000] {dag.py:4180} INFO - Setting next_dagrun for tutorial_objectstorage to None, run_after=None
[2026-05-04T00:38:48.634+0000] {processor.py:208} INFO - Processing /home/ec2-user/environment/lab4_model_training/venv/lib64/python3.12/site-packages/airflow/example_dags/tutorial_objectstorage.py took 0.060 seconds
[2026-05-04T00:39:51.527+0000] {processor.py:186} INFO - Started process (PID=20510) to work on /home/ec2-user/environment/lab4_model_training/venv/lib64/python3.12/site-packages/airflow/example_dags/tutorial_objectstorage.py
[2026-05-04T00:39:51.528+0000] {processor.py:914} INFO - Processing file /home/ec2-user/environment/lab4_model_training/venv/lib64/python3.12/site-packages/airflow/example_dags/tutorial_objectstorage.py for tasks to queue
[2026-05-04T00:39:51.530+0000] {logging_mixin.py:190} INFO - [2026-05-04T00:39:51.530+0000] {dagbag.py:588} INFO - Filling up the DagBag from /home/ec2-user/environment/lab4_model_training/venv/lib64/python3.12/site-packages/airflow/example_dags/tutorial_objectstorage.py
[2026-05-04T00:39:51.540+0000] {processor.py:925} INFO - DAG(s) 'tutorial_objectstorage' retrieved from /home/ec2-user/environment/lab4_model_training/venv/lib64/python3.12/site-packages/airflow/example_dags/tutorial_objectstorage.py
[2026-05-04T00:39:51.556+0000] {logging_mixin.py:190} INFO - [2026-05-04T00:39:51.555+0000] {dag.py:3239} INFO - Sync 1 DAGs
[2026-05-04T00:39:51.567+0000] {logging_mixin.py:190} INFO - [2026-05-04T00:39:51.567+0000] {dag.py:4180} INFO - Setting next_dagrun for tutorial_objectstorage to None, run_after=None
[2026-05-04T00:39:51.587+0000] {processor.py:208} INFO - Processing /home/ec2-user/environment/lab4_model_training/venv/lib64/python3.12/site-packages/airflow/example_dags/tutorial_objectstorage.py took 0.064 seconds
[2026-05-04T00:40:52.552+0000] {processor.py:186} INFO - Started process (PID=20645) to work on /home/ec2-user/environment/lab4_model_training/venv/lib64/python3.12/site-packages/airflow/example_dags/tutorial_objectstorage.py
[2026-05-04T00:40:52.554+0000] {processor.py:914} INFO - Processing file /home/ec2-user/environment/lab4_model_training/venv/lib64/python3.12/site-packages/airflow/example_dags/tutorial_objectstorage.py for tasks to queue
[2026-05-04T00:40:52.556+0000] {logging_mixin.py:190} INFO - [2026-05-04T00:40:52.555+0000] {dagbag.py:588} INFO - Filling up the DagBag from /home/ec2-user/environment/lab4_model_training/venv/lib64/python3.12/site-packages/airflow/example_dags/tutorial_objectstorage.py
[2026-05-04T00:40:52.563+0000] {processor.py:925} INFO - DAG(s) 'tutorial_objectstorage' retrieved from /home/ec2-user/environment/lab4_model_training/venv/lib64/python3.12/site-packages/airflow/example_dags/tutorial_objectstorage.py
[2026-05-04T00:40:52.574+0000] {logging_mixin.py:190} INFO - [2026-05-04T00:40:52.574+0000] {dag.py:3239} INFO - Sync 1 DAGs
[2026-05-04T00:40:52.584+0000] {logging_mixin.py:190} INFO - [2026-05-04T00:40:52.584+0000] {dag.py:4180} INFO - Setting next_dagrun for tutorial_objectstorage to None, run_after=None
[2026-05-04T00:40:52.602+0000] {processor.py:208} INFO - Processing /home/ec2-user/environment/lab4_model_training/venv/lib64/python3.12/site-packages/airflow/example_dags/tutorial_objectstorage.py took 0.054 seconds
[2026-05-04T00:41:57.058+0000] {processor.py:186} INFO - Started process (PID=20784) to work on /home/ec2-user/environment/lab4_model_training/venv/lib64/python3.12/site-packages/airflow/example_dags/tutorial_objectstorage.py
[2026-05-04T00:41:57.060+0000] {processor.py:914} INFO - Processing file /home/ec2-user/environment/lab4_model_training/venv/lib64/python3.12/site-packages/airflow/example_dags/tutorial_objectstorage.py for tasks to queue
[2026-05-04T00:41:57.061+0000] {logging_mixin.py:190} INFO - [2026-05-04T00:41:57.061+0000] {dagbag.py:588} INFO - Filling up the DagBag from /home/ec2-user/environment/lab4_model_training/venv/lib64/python3.12/site-packages/airflow/example_dags/tutorial_objectstorage.py
[2026-05-04T00:41:57.069+0000] {processor.py:925} INFO - DAG(s) 'tutorial_objectstorage' retrieved from /home/ec2-user/environment/lab4_model_training/venv/lib64/python3.12/site-packages/airflow/example_dags/tutorial_objectstorage.py
[2026-05-04T00:41:57.081+0000] {logging_mixin.py:190} INFO - [2026-05-04T00:41:57.081+0000] {dag.py:3239} INFO - Sync 1 DAGs
[2026-05-04T00:41:57.091+0000] {logging_mixin.py:190} INFO - [2026-05-04T00:41:57.091+0000] {dag.py:4180} INFO - Setting next_dagrun for tutorial_objectstorage to None, run_after=None
[2026-05-04T00:41:57.109+0000] {processor.py:208} INFO - Processing /home/ec2-user/environment/lab4_model_training/venv/lib64/python3.12/site-packages/airflow/example_dags/tutorial_objectstorage.py took 0.055 seconds
[2026-05-04T00:43:02.634+0000] {processor.py:186} INFO - Started process (PID=20892) to work on /home/ec2-user/environment/lab4_model_training/venv/lib64/python3.12/site-packages/airflow/example_dags/tutorial_objectstorage.py
[2026-05-04T00:43:02.635+0000] {processor.py:914} INFO - Processing file /home/ec2-user/environment/lab4_model_training/venv/lib64/python3.12/site-packages/airflow/example_dags/tutorial_objectstorage.py for tasks to queue
[2026-05-04T00:43:02.637+0000] {logging_mixin.py:190} INFO - [2026-05-04T00:43:02.637+0000] {dagbag.py:588} INFO - Filling up the DagBag from /home/ec2-user/environment/lab4_model_training/venv/lib64/python3.12/site-packages/airflow/example_dags/tutorial_objectstorage.py
[2026-05-04T00:43:02.644+0000] {processor.py:925} INFO - DAG(s) 'tutorial_objectstorage' retrieved from /home/ec2-user/environment/lab4_model_training/venv/lib64/python3.12/site-packages/airflow/example_dags/tutorial_objectstorage.py
[2026-05-04T00:43:02.656+0000] {logging_mixin.py:190} INFO - [2026-05-04T00:43:02.655+0000] {dag.py:3239} INFO - Sync 1 DAGs
[2026-05-04T00:43:02.666+0000] {logging_mixin.py:190} INFO - [2026-05-04T00:43:02.665+0000] {dag.py:4180} INFO - Setting next_dagrun for tutorial_objectstorage to None, run_after=None
[2026-05-04T00:43:02.684+0000] {processor.py:208} INFO - Processing /home/ec2-user/environment/lab4_model_training/venv/lib64/python3.12/site-packages/airflow/example_dags/tutorial_objectstorage.py took 0.054 seconds
[2026-05-04T00:44:08.029+0000] {processor.py:186} INFO - Started process (PID=21070) to work on /home/ec2-user/environment/lab4_model_training/venv/lib64/python3.12/site-packages/airflow/example_dags/tutorial_objectstorage.py
[2026-05-04T00:44:08.031+0000] {processor.py:914} INFO - Processing file /home/ec2-user/environment/lab4_model_training/venv/lib64/python3.12/site-packages/airflow/example_dags/tutorial_objectstorage.py for tasks to queue
[2026-05-04T00:44:08.032+0000] {logging_mixin.py:190} INFO - [2026-05-04T00:44:08.032+0000] {dagbag.py:588} INFO - Filling up the DagBag from /home/ec2-user/environment/lab4_model_training/venv/lib64/python3.12/site-packages/airflow/example_dags/tutorial_objectstorage.py
[2026-05-04T00:44:08.039+0000] {processor.py:925} INFO - DAG(s) 'tutorial_objectstorage' retrieved from /home/ec2-user/environment/lab4_model_training/venv/lib64/python3.12/site-packages/airflow/example_dags/tutorial_objectstorage.py
[2026-05-04T00:44:08.050+0000] {logging_mixin.py:190} INFO - [2026-05-04T00:44:08.050+0000] {dag.py:3239} INFO - Sync 1 DAGs
[2026-05-04T00:44:08.059+0000] {logging_mixin.py:190} INFO - [2026-05-04T00:44:08.059+0000] {dag.py:4180} INFO - Setting next_dagrun for tutorial_objectstorage to None, run_after=None
[2026-05-04T00:44:08.076+0000] {processor.py:208} INFO - Processing /home/ec2-user/environment/lab4_model_training/venv/lib64/python3.12/site-packages/airflow/example_dags/tutorial_objectstorage.py took 0.051 seconds
[2026-05-04T00:45:10.919+0000] {processor.py:186} INFO - Started process (PID=21159) to work on /home/ec2-user/environment/lab4_model_training/venv/lib64/python3.12/site-packages/airflow/example_dags/tutorial_objectstorage.py
[2026-05-04T00:45:10.920+0000] {processor.py:914} INFO - Processing file /home/ec2-user/environment/lab4_model_training/venv/lib64/python3.12/site-packages/airflow/example_dags/tutorial_objectstorage.py for tasks to queue
[2026-05-04T00:45:10.922+0000] {logging_mixin.py:190} INFO - [2026-05-04T00:45:10.922+0000] {dagbag.py:588} INFO - Filling up the DagBag from /home/ec2-user/environment/lab4_model_training/venv/lib64/python3.12/site-packages/airflow/example_dags/tutorial_objectstorage.py
[2026-05-04T00:45:10.929+0000] {processor.py:925} INFO - DAG(s) 'tutorial_objectstorage' retrieved from /home/ec2-user/environment/lab4_model_training/venv/lib64/python3.12/site-packages/airflow/example_dags/tutorial_objectstorage.py
[2026-05-04T00:45:10.940+0000] {logging_mixin.py:190} INFO - [2026-05-04T00:45:10.940+0000] {dag.py:3239} INFO - Sync 1 DAGs
[2026-05-04T00:45:10.949+0000] {logging_mixin.py:190} INFO - [2026-05-04T00:45:10.949+0000] {dag.py:4180} INFO - Setting next_dagrun for tutorial_objectstorage to None, run_after=None
[2026-05-04T00:45:10.966+0000] {processor.py:208} INFO - Processing /home/ec2-user/environment/lab4_model_training/venv/lib64/python3.12/site-packages/airflow/example_dags/tutorial_objectstorage.py took 0.051 seconds
[2026-05-04T00:46:14.503+0000] {processor.py:186} INFO - Started process (PID=21296) to work on /home/ec2-user/environment/lab4_model_training/venv/lib64/python3.12/site-packages/airflow/example_dags/tutorial_objectstorage.py
[2026-05-04T00:46:14.504+0000] {processor.py:914} INFO - Processing file /home/ec2-user/environment/lab4_model_training/venv/lib64/python3.12/site-packages/airflow/example_dags/tutorial_objectstorage.py for tasks to queue
[2026-05-04T00:46:14.505+0000] {logging_mixin.py:190} INFO - [2026-05-04T00:46:14.505+0000] {dagbag.py:588} INFO - Filling up the DagBag from /home/ec2-user/environment/lab4_model_training/venv/lib64/python3.12/site-packages/airflow/example_dags/tutorial_objectstorage.py
[2026-05-04T00:46:14.512+0000] {processor.py:925} INFO - DAG(s) 'tutorial_objectstorage' retrieved from /home/ec2-user/environment/lab4_model_training/venv/lib64/python3.12/site-packages/airflow/example_dags/tutorial_objectstorage.py
[2026-05-04T00:46:14.524+0000] {logging_mixin.py:190} INFO - [2026-05-04T00:46:14.524+0000] {dag.py:3239} INFO - Sync 1 DAGs
[2026-05-04T00:46:14.534+0000] {logging_mixin.py:190} INFO - [2026-05-04T00:46:14.534+0000] {dag.py:4180} INFO - Setting next_dagrun for tutorial_objectstorage to None, run_after=None
[2026-05-04T00:46:14.551+0000] {processor.py:208} INFO - Processing /home/ec2-user/environment/lab4_model_training/venv/lib64/python3.12/site-packages/airflow/example_dags/tutorial_objectstorage.py took 0.053 seconds
[2026-05-04T00:47:18.592+0000] {processor.py:186} INFO - Started process (PID=21385) to work on /home/ec2-user/environment/lab4_model_training/venv/lib64/python3.12/site-packages/airflow/example_dags/tutorial_objectstorage.py
[2026-05-04T00:47:18.594+0000] {processor.py:914} INFO - Processing file /home/ec2-user/environment/lab4_model_training/venv/lib64/python3.12/site-packages/airflow/example_dags/tutorial_objectstorage.py for tasks to queue
[2026-05-04T00:47:18.595+0000] {logging_mixin.py:190} INFO - [2026-05-04T00:47:18.595+0000] {dagbag.py:588} INFO - Filling up the DagBag from /home/ec2-user/environment/lab4_model_training/venv/lib64/python3.12/site-packages/airflow/example_dags/tutorial_objectstorage.py
[2026-05-04T00:47:18.603+0000] {processor.py:925} INFO - DAG(s) 'tutorial_objectstorage' retrieved from /home/ec2-user/environment/lab4_model_training/venv/lib64/python3.12/site-packages/airflow/example_dags/tutorial_objectstorage.py
[2026-05-04T00:47:18.614+0000] {logging_mixin.py:190} INFO - [2026-05-04T00:47:18.613+0000] {dag.py:3239} INFO - Sync 1 DAGs
[2026-05-04T00:47:18.623+0000] {logging_mixin.py:190} INFO - [2026-05-04T00:47:18.623+0000] {dag.py:4180} INFO - Setting next_dagrun for tutorial_objectstorage to None, run_after=None
[2026-05-04T00:47:18.641+0000] {processor.py:208} INFO - Processing /home/ec2-user/environment/lab4_model_training/venv/lib64/python3.12/site-packages/airflow/example_dags/tutorial_objectstorage.py took 0.053 seconds
[2026-05-04T00:48:18.119+0000] {processor.py:186} INFO - Started process (PID=21518) to work on /home/ec2-user/environment/lab4_model_training/venv/lib64/python3.12/site-packages/airflow/example_dags/tutorial_objectstorage.py
[2026-05-04T00:48:18.121+0000] {processor.py:914} INFO - Processing file /home/ec2-user/environment/lab4_model_training/venv/lib64/python3.12/site-packages/airflow/example_dags/tutorial_objectstorage.py for tasks to queue
[2026-05-04T00:48:18.122+0000] {logging_mixin.py:190} INFO - [2026-05-04T00:48:18.122+0000] {dagbag.py:588} INFO - Filling up the DagBag from /home/ec2-user/environment/lab4_model_training/venv/lib64/python3.12/site-packages/airflow/example_dags/tutorial_objectstorage.py
[2026-05-04T00:48:18.129+0000] {processor.py:925} INFO - DAG(s) 'tutorial_objectstorage' retrieved from /home/ec2-user/environment/lab4_model_training/venv/lib64/python3.12/site-packages/airflow/example_dags/tutorial_objectstorage.py
[2026-05-04T00:48:18.140+0000] {logging_mixin.py:190} INFO - [2026-05-04T00:48:18.140+0000] {dag.py:3239} INFO - Sync 1 DAGs
[2026-05-04T00:48:18.149+0000] {logging_mixin.py:190} INFO - [2026-05-04T00:48:18.149+0000] {dag.py:4180} INFO - Setting next_dagrun for tutorial_objectstorage to None, run_after=None
[2026-05-04T00:48:18.166+0000] {processor.py:208} INFO - Processing /home/ec2-user/environment/lab4_model_training/venv/lib64/python3.12/site-packages/airflow/example_dags/tutorial_objectstorage.py took 0.051 seconds
[2026-05-04T00:49:26.762+0000] {processor.py:186} INFO - Started process (PID=21607) to work on /home/ec2-user/environment/lab4_model_training/venv/lib64/python3.12/site-packages/airflow/example_dags/tutorial_objectstorage.py
[2026-05-04T00:49:26.763+0000] {processor.py:914} INFO - Processing file /home/ec2-user/environment/lab4_model_training/venv/lib64/python3.12/site-packages/airflow/example_dags/tutorial_objectstorage.py for tasks to queue
[2026-05-04T00:49:26.764+0000] {logging_mixin.py:190} INFO - [2026-05-04T00:49:26.764+0000] {dagbag.py:588} INFO - Filling up the DagBag from /home/ec2-user/environment/lab4_model_training/venv/lib64/python3.12/site-packages/airflow/example_dags/tutorial_objectstorage.py
[2026-05-04T00:49:26.772+0000] {processor.py:925} INFO - DAG(s) 'tutorial_objectstorage' retrieved from /home/ec2-user/environment/lab4_model_training/venv/lib64/python3.12/site-packages/airflow/example_dags/tutorial_objectstorage.py
[2026-05-04T00:49:26.782+0000] {logging_mixin.py:190} INFO - [2026-05-04T00:49:26.782+0000] {dag.py:3239} INFO - Sync 1 DAGs
[2026-05-04T00:49:26.792+0000] {logging_mixin.py:190} INFO - [2026-05-04T00:49:26.792+0000] {dag.py:4180} INFO - Setting next_dagrun for tutorial_objectstorage to None, run_after=None
[2026-05-04T00:49:26.808+0000] {processor.py:208} INFO - Processing /home/ec2-user/environment/lab4_model_training/venv/lib64/python3.12/site-packages/airflow/example_dags/tutorial_objectstorage.py took 0.051 seconds
[2026-05-04T00:50:30.599+0000] {processor.py:186} INFO - Started process (PID=21936) to work on /home/ec2-user/environment/lab4_model_training/venv/lib64/python3.12/site-packages/airflow/example_dags/tutorial_objectstorage.py
[2026-05-04T00:50:30.600+0000] {processor.py:914} INFO - Processing file /home/ec2-user/environment/lab4_model_training/venv/lib64/python3.12/site-packages/airflow/example_dags/tutorial_objectstorage.py for tasks to queue
[2026-05-04T00:50:30.601+0000] {logging_mixin.py:190} INFO - [2026-05-04T00:50:30.601+0000] {dagbag.py:588} INFO - Filling up the DagBag from /home/ec2-user/environment/lab4_model_training/venv/lib64/python3.12/site-packages/airflow/example_dags/tutorial_objectstorage.py
[2026-05-04T00:50:30.608+0000] {processor.py:925} INFO - DAG(s) 'tutorial_objectstorage' retrieved from /home/ec2-user/environment/lab4_model_training/venv/lib64/python3.12/site-packages/airflow/example_dags/tutorial_objectstorage.py
[2026-05-04T00:50:30.619+0000] {logging_mixin.py:190} INFO - [2026-05-04T00:50:30.619+0000] {dag.py:3239} INFO - Sync 1 DAGs
[2026-05-04T00:50:30.629+0000] {logging_mixin.py:190} INFO - [2026-05-04T00:50:30.629+0000] {dag.py:4180} INFO - Setting next_dagrun for tutorial_objectstorage to None, run_after=None
[2026-05-04T00:50:30.646+0000] {processor.py:208} INFO - Processing /home/ec2-user/environment/lab4_model_training/venv/lib64/python3.12/site-packages/airflow/example_dags/tutorial_objectstorage.py took 0.052 seconds
[2026-05-04T00:51:35.997+0000] {processor.py:186} INFO - Started process (PID=22161) to work on /home/ec2-user/environment/lab4_model_training/venv/lib64/python3.12/site-packages/airflow/example_dags/tutorial_objectstorage.py
[2026-05-04T00:51:35.998+0000] {processor.py:914} INFO - Processing file /home/ec2-user/environment/lab4_model_training/venv/lib64/python3.12/site-packages/airflow/example_dags/tutorial_objectstorage.py for tasks to queue
[2026-05-04T00:51:35.999+0000] {logging_mixin.py:190} INFO - [2026-05-04T00:51:35.999+0000] {dagbag.py:588} INFO - Filling up the DagBag from /home/ec2-user/environment/lab4_model_training/venv/lib64/python3.12/site-packages/airflow/example_dags/tutorial_objectstorage.py
[2026-05-04T00:51:36.006+0000] {processor.py:925} INFO - DAG(s) 'tutorial_objectstorage' retrieved from /home/ec2-user/environment/lab4_model_training/venv/lib64/python3.12/site-packages/airflow/example_dags/tutorial_objectstorage.py
[2026-05-04T00:51:36.017+0000] {logging_mixin.py:190} INFO - [2026-05-04T00:51:36.017+0000] {dag.py:3239} INFO - Sync 1 DAGs
[2026-05-04T00:51:36.028+0000] {logging_mixin.py:190} INFO - [2026-05-04T00:51:36.028+0000] {dag.py:4180} INFO - Setting next_dagrun for tutorial_objectstorage to None, run_after=None
[2026-05-04T00:51:36.045+0000] {processor.py:208} INFO - Processing /home/ec2-user/environment/lab4_model_training/venv/lib64/python3.12/site-packages/airflow/example_dags/tutorial_objectstorage.py took 0.053 seconds
[2026-05-04T00:52:39.305+0000] {processor.py:186} INFO - Started process (PID=22335) to work on /home/ec2-user/environment/lab4_model_training/venv/lib64/python3.12/site-packages/airflow/example_dags/tutorial_objectstorage.py
[2026-05-04T00:52:39.306+0000] {processor.py:914} INFO - Processing file /home/ec2-user/environment/lab4_model_training/venv/lib64/python3.12/site-packages/airflow/example_dags/tutorial_objectstorage.py for tasks to queue
[2026-05-04T00:52:39.308+0000] {logging_mixin.py:190} INFO - [2026-05-04T00:52:39.307+0000] {dagbag.py:588} INFO - Filling up the DagBag from /home/ec2-user/environment/lab4_model_training/venv/lib64/python3.12/site-packages/airflow/example_dags/tutorial_objectstorage.py
[2026-05-04T00:52:39.314+0000] {processor.py:925} INFO - DAG(s) 'tutorial_objectstorage' retrieved from /home/ec2-user/environment/lab4_model_training/venv/lib64/python3.12/site-packages/airflow/example_dags/tutorial_objectstorage.py
[2026-05-04T00:52:39.325+0000] {logging_mixin.py:190} INFO - [2026-05-04T00:52:39.325+0000] {dag.py:3239} INFO - Sync 1 DAGs
[2026-05-04T00:52:39.335+0000] {logging_mixin.py:190} INFO - [2026-05-04T00:52:39.335+0000] {dag.py:4180} INFO - Setting next_dagrun for tutorial_objectstorage to None, run_after=None
[2026-05-04T00:52:39.352+0000] {processor.py:208} INFO - Processing /home/ec2-user/environment/lab4_model_training/venv/lib64/python3.12/site-packages/airflow/example_dags/tutorial_objectstorage.py took 0.052 seconds
[2026-05-04T00:53:41.626+0000] {processor.py:186} INFO - Started process (PID=22461) to work on /home/ec2-user/environment/lab4_model_training/venv/lib64/python3.12/site-packages/airflow/example_dags/tutorial_objectstorage.py
[2026-05-04T00:53:41.628+0000] {processor.py:914} INFO - Processing file /home/ec2-user/environment/lab4_model_training/venv/lib64/python3.12/site-packages/airflow/example_dags/tutorial_objectstorage.py for tasks to queue
[2026-05-04T00:53:41.629+0000] {logging_mixin.py:190} INFO - [2026-05-04T00:53:41.629+0000] {dagbag.py:588} INFO - Filling up the DagBag from /home/ec2-user/environment/lab4_model_training/venv/lib64/python3.12/site-packages/airflow/example_dags/tutorial_objectstorage.py
[2026-05-04T00:53:41.636+0000] {processor.py:925} INFO - DAG(s) 'tutorial_objectstorage' retrieved from /home/ec2-user/environment/lab4_model_training/venv/lib64/python3.12/site-packages/airflow/example_dags/tutorial_objectstorage.py
[2026-05-04T00:53:41.648+0000] {logging_mixin.py:190} INFO - [2026-05-04T00:53:41.648+0000] {dag.py:3239} INFO - Sync 1 DAGs
[2026-05-04T00:53:41.659+0000] {logging_mixin.py:190} INFO - [2026-05-04T00:53:41.658+0000] {dag.py:4180} INFO - Setting next_dagrun for tutorial_objectstorage to None, run_after=None
[2026-05-04T00:53:41.677+0000] {processor.py:208} INFO - Processing /home/ec2-user/environment/lab4_model_training/venv/lib64/python3.12/site-packages/airflow/example_dags/tutorial_objectstorage.py took 0.055 seconds
[2026-05-04T00:54:51.423+0000] {processor.py:186} INFO - Started process (PID=22678) to work on /home/ec2-user/environment/lab4_model_training/venv/lib64/python3.12/site-packages/airflow/example_dags/tutorial_objectstorage.py
[2026-05-04T00:54:51.424+0000] {processor.py:914} INFO - Processing file /home/ec2-user/environment/lab4_model_training/venv/lib64/python3.12/site-packages/airflow/example_dags/tutorial_objectstorage.py for tasks to queue
[2026-05-04T00:54:51.426+0000] {logging_mixin.py:190} INFO - [2026-05-04T00:54:51.425+0000] {dagbag.py:588} INFO - Filling up the DagBag from /home/ec2-user/environment/lab4_model_training/venv/lib64/python3.12/site-packages/airflow/example_dags/tutorial_objectstorage.py
[2026-05-04T00:54:51.433+0000] {processor.py:925} INFO - DAG(s) 'tutorial_objectstorage' retrieved from /home/ec2-user/environment/lab4_model_training/venv/lib64/python3.12/site-packages/airflow/example_dags/tutorial_objectstorage.py
[2026-05-04T00:54:51.444+0000] {logging_mixin.py:190} INFO - [2026-05-04T00:54:51.444+0000] {dag.py:3239} INFO - Sync 1 DAGs
[2026-05-04T00:54:51.454+0000] {logging_mixin.py:190} INFO - [2026-05-04T00:54:51.453+0000] {dag.py:4180} INFO - Setting next_dagrun for tutorial_objectstorage to None, run_after=None
[2026-05-04T00:54:51.470+0000] {processor.py:208} INFO - Processing /home/ec2-user/environment/lab4_model_training/venv/lib64/python3.12/site-packages/airflow/example_dags/tutorial_objectstorage.py took 0.052 seconds
[2026-05-04T00:55:52.168+0000] {processor.py:186} INFO - Started process (PID=22802) to work on /home/ec2-user/environment/lab4_model_training/venv/lib64/python3.12/site-packages/airflow/example_dags/tutorial_objectstorage.py
[2026-05-04T00:55:52.169+0000] {processor.py:914} INFO - Processing file /home/ec2-user/environment/lab4_model_training/venv/lib64/python3.12/site-packages/airflow/example_dags/tutorial_objectstorage.py for tasks to queue
[2026-05-04T00:55:52.171+0000] {logging_mixin.py:190} INFO - [2026-05-04T00:55:52.170+0000] {dagbag.py:588} INFO - Filling up the DagBag from /home/ec2-user/environment/lab4_model_training/venv/lib64/python3.12/site-packages/airflow/example_dags/tutorial_objectstorage.py
[2026-05-04T00:55:52.177+0000] {processor.py:925} INFO - DAG(s) 'tutorial_objectstorage' retrieved from /home/ec2-user/environment/lab4_model_training/venv/lib64/python3.12/site-packages/airflow/example_dags/tutorial_objectstorage.py
[2026-05-04T00:55:52.189+0000] {logging_mixin.py:190} INFO - [2026-05-04T00:55:52.189+0000] {dag.py:3239} INFO - Sync 1 DAGs
[2026-05-04T00:55:52.198+0000] {logging_mixin.py:190} INFO - [2026-05-04T00:55:52.198+0000] {dag.py:4180} INFO - Setting next_dagrun for tutorial_objectstorage to None, run_after=None
[2026-05-04T00:55:52.215+0000] {processor.py:208} INFO - Processing /home/ec2-user/environment/lab4_model_training/venv/lib64/python3.12/site-packages/airflow/example_dags/tutorial_objectstorage.py took 0.052 seconds
[2026-05-04T00:56:57.779+0000] {processor.py:186} INFO - Started process (PID=22971) to work on /home/ec2-user/environment/lab4_model_training/venv/lib64/python3.12/site-packages/airflow/example_dags/tutorial_objectstorage.py
[2026-05-04T00:56:57.780+0000] {processor.py:914} INFO - Processing file /home/ec2-user/environment/lab4_model_training/venv/lib64/python3.12/site-packages/airflow/example_dags/tutorial_objectstorage.py for tasks to queue
[2026-05-04T00:56:57.781+0000] {logging_mixin.py:190} INFO - [2026-05-04T00:56:57.781+0000] {dagbag.py:588} INFO - Filling up the DagBag from /home/ec2-user/environment/lab4_model_training/venv/lib64/python3.12/site-packages/airflow/example_dags/tutorial_objectstorage.py
[2026-05-04T00:56:57.789+0000] {processor.py:925} INFO - DAG(s) 'tutorial_objectstorage' retrieved from /home/ec2-user/environment/lab4_model_training/venv/lib64/python3.12/site-packages/airflow/example_dags/tutorial_objectstorage.py
[2026-05-04T00:56:57.800+0000] {logging_mixin.py:190} INFO - [2026-05-04T00:56:57.800+0000] {dag.py:3239} INFO - Sync 1 DAGs
[2026-05-04T00:56:57.809+0000] {logging_mixin.py:190} INFO - [2026-05-04T00:56:57.809+0000] {dag.py:4180} INFO - Setting next_dagrun for tutorial_objectstorage to None, run_after=None
[2026-05-04T00:56:57.826+0000] {processor.py:208} INFO - Processing /home/ec2-user/environment/lab4_model_training/venv/lib64/python3.12/site-packages/airflow/example_dags/tutorial_objectstorage.py took 0.051 seconds
[2026-05-04T00:58:03.964+0000] {processor.py:186} INFO - Started process (PID=23117) to work on /home/ec2-user/environment/lab4_model_training/venv/lib64/python3.12/site-packages/airflow/example_dags/tutorial_objectstorage.py
[2026-05-04T00:58:03.965+0000] {processor.py:914} INFO - Processing file /home/ec2-user/environment/lab4_model_training/venv/lib64/python3.12/site-packages/airflow/example_dags/tutorial_objectstorage.py for tasks to queue
[2026-05-04T00:58:03.967+0000] {logging_mixin.py:190} INFO - [2026-05-04T00:58:03.966+0000] {dagbag.py:588} INFO - Filling up the DagBag from /home/ec2-user/environment/lab4_model_training/venv/lib64/python3.12/site-packages/airflow/example_dags/tutorial_objectstorage.py
[2026-05-04T00:58:03.974+0000] {processor.py:925} INFO - DAG(s) 'tutorial_objectstorage' retrieved from /home/ec2-user/environment/lab4_model_training/venv/lib64/python3.12/site-packages/airflow/example_dags/tutorial_objectstorage.py
[2026-05-04T00:58:03.984+0000] {logging_mixin.py:190} INFO - [2026-05-04T00:58:03.984+0000] {dag.py:3239} INFO - Sync 1 DAGs
[2026-05-04T00:58:03.994+0000] {logging_mixin.py:190} INFO - [2026-05-04T00:58:03.994+0000] {dag.py:4180} INFO - Setting next_dagrun for tutorial_objectstorage to None, run_after=None
[2026-05-04T00:58:04.011+0000] {processor.py:208} INFO - Processing /home/ec2-user/environment/lab4_model_training/venv/lib64/python3.12/site-packages/airflow/example_dags/tutorial_objectstorage.py took 0.052 seconds
[2026-05-04T00:59:10.106+0000] {processor.py:186} INFO - Started process (PID=23266) to work on /home/ec2-user/environment/lab4_model_training/venv/lib64/python3.12/site-packages/airflow/example_dags/tutorial_objectstorage.py
[2026-05-04T00:59:10.107+0000] {processor.py:914} INFO - Processing file /home/ec2-user/environment/lab4_model_training/venv/lib64/python3.12/site-packages/airflow/example_dags/tutorial_objectstorage.py for tasks to queue
[2026-05-04T00:59:10.108+0000] {logging_mixin.py:190} INFO - [2026-05-04T00:59:10.108+0000] {dagbag.py:588} INFO - Filling up the DagBag from /home/ec2-user/environment/lab4_model_training/venv/lib64/python3.12/site-packages/airflow/example_dags/tutorial_objectstorage.py
[2026-05-04T00:59:10.116+0000] {processor.py:925} INFO - DAG(s) 'tutorial_objectstorage' retrieved from /home/ec2-user/environment/lab4_model_training/venv/lib64/python3.12/site-packages/airflow/example_dags/tutorial_objectstorage.py
[2026-05-04T00:59:10.128+0000] {logging_mixin.py:190} INFO - [2026-05-04T00:59:10.127+0000] {dag.py:3239} INFO - Sync 1 DAGs
[2026-05-04T00:59:10.137+0000] {logging_mixin.py:190} INFO - [2026-05-04T00:59:10.137+0000] {dag.py:4180} INFO - Setting next_dagrun for tutorial_objectstorage to None, run_after=None
[2026-05-04T00:59:10.155+0000] {processor.py:208} INFO - Processing /home/ec2-user/environment/lab4_model_training/venv/lib64/python3.12/site-packages/airflow/example_dags/tutorial_objectstorage.py took 0.053 seconds
[2026-05-04T01:00:18.505+0000] {processor.py:186} INFO - Started process (PID=23415) to work on /home/ec2-user/environment/lab4_model_training/venv/lib64/python3.12/site-packages/airflow/example_dags/tutorial_objectstorage.py
[2026-05-04T01:00:18.506+0000] {processor.py:914} INFO - Processing file /home/ec2-user/environment/lab4_model_training/venv/lib64/python3.12/site-packages/airflow/example_dags/tutorial_objectstorage.py for tasks to queue
[2026-05-04T01:00:18.508+0000] {logging_mixin.py:190} INFO - [2026-05-04T01:00:18.508+0000] {dagbag.py:588} INFO - Filling up the DagBag from /home/ec2-user/environment/lab4_model_training/venv/lib64/python3.12/site-packages/airflow/example_dags/tutorial_objectstorage.py
[2026-05-04T01:00:18.516+0000] {processor.py:925} INFO - DAG(s) 'tutorial_objectstorage' retrieved from /home/ec2-user/environment/lab4_model_training/venv/lib64/python3.12/site-packages/airflow/example_dags/tutorial_objectstorage.py
[2026-05-04T01:00:18.526+0000] {logging_mixin.py:190} INFO - [2026-05-04T01:00:18.526+0000] {dag.py:3239} INFO - Sync 1 DAGs
[2026-05-04T01:00:18.536+0000] {logging_mixin.py:190} INFO - [2026-05-04T01:00:18.536+0000] {dag.py:4180} INFO - Setting next_dagrun for tutorial_objectstorage to None, run_after=None
[2026-05-04T01:00:18.554+0000] {processor.py:208} INFO - Processing /home/ec2-user/environment/lab4_model_training/venv/lib64/python3.12/site-packages/airflow/example_dags/tutorial_objectstorage.py took 0.053 seconds
[2026-05-04T01:01:29.071+0000] {processor.py:186} INFO - Started process (PID=23596) to work on /home/ec2-user/environment/lab4_model_training/venv/lib64/python3.12/site-packages/airflow/example_dags/tutorial_objectstorage.py
[2026-05-04T01:01:29.072+0000] {processor.py:914} INFO - Processing file /home/ec2-user/environment/lab4_model_training/venv/lib64/python3.12/site-packages/airflow/example_dags/tutorial_objectstorage.py for tasks to queue
[2026-05-04T01:01:29.074+0000] {logging_mixin.py:190} INFO - [2026-05-04T01:01:29.073+0000] {dagbag.py:588} INFO - Filling up the DagBag from /home/ec2-user/environment/lab4_model_training/venv/lib64/python3.12/site-packages/airflow/example_dags/tutorial_objectstorage.py
[2026-05-04T01:01:29.081+0000] {processor.py:925} INFO - DAG(s) 'tutorial_objectstorage' retrieved from /home/ec2-user/environment/lab4_model_training/venv/lib64/python3.12/site-packages/airflow/example_dags/tutorial_objectstorage.py
[2026-05-04T01:01:29.091+0000] {logging_mixin.py:190} INFO - [2026-05-04T01:01:29.091+0000] {dag.py:3239} INFO - Sync 1 DAGs
[2026-05-04T01:01:29.101+0000] {logging_mixin.py:190} INFO - [2026-05-04T01:01:29.100+0000] {dag.py:4180} INFO - Setting next_dagrun for tutorial_objectstorage to None, run_after=None
[2026-05-04T01:01:29.117+0000] {processor.py:208} INFO - Processing /home/ec2-user/environment/lab4_model_training/venv/lib64/python3.12/site-packages/airflow/example_dags/tutorial_objectstorage.py took 0.051 seconds
[2026-05-04T01:02:34.115+0000] {processor.py:186} INFO - Started process (PID=23733) to work on /home/ec2-user/environment/lab4_model_training/venv/lib64/python3.12/site-packages/airflow/example_dags/tutorial_objectstorage.py
[2026-05-04T01:02:34.116+0000] {processor.py:914} INFO - Processing file /home/ec2-user/environment/lab4_model_training/venv/lib64/python3.12/site-packages/airflow/example_dags/tutorial_objectstorage.py for tasks to queue
[2026-05-04T01:02:34.118+0000] {logging_mixin.py:190} INFO - [2026-05-04T01:02:34.117+0000] {dagbag.py:588} INFO - Filling up the DagBag from /home/ec2-user/environment/lab4_model_training/venv/lib64/python3.12/site-packages/airflow/example_dags/tutorial_objectstorage.py
[2026-05-04T01:02:34.125+0000] {processor.py:925} INFO - DAG(s) 'tutorial_objectstorage' retrieved from /home/ec2-user/environment/lab4_model_training/venv/lib64/python3.12/site-packages/airflow/example_dags/tutorial_objectstorage.py
[2026-05-04T01:02:34.136+0000] {logging_mixin.py:190} INFO - [2026-05-04T01:02:34.135+0000] {dag.py:3239} INFO - Sync 1 DAGs
[2026-05-04T01:02:34.145+0000] {logging_mixin.py:190} INFO - [2026-05-04T01:02:34.145+0000] {dag.py:4180} INFO - Setting next_dagrun for tutorial_objectstorage to None, run_after=None
[2026-05-04T01:02:34.162+0000] {processor.py:208} INFO - Processing /home/ec2-user/environment/lab4_model_training/venv/lib64/python3.12/site-packages/airflow/example_dags/tutorial_objectstorage.py took 0.051 seconds
[2026-05-04T01:03:39.900+0000] {processor.py:186} INFO - Started process (PID=23825) to work on /home/ec2-user/environment/lab4_model_training/venv/lib64/python3.12/site-packages/airflow/example_dags/tutorial_objectstorage.py
[2026-05-04T01:03:39.901+0000] {processor.py:914} INFO - Processing file /home/ec2-user/environment/lab4_model_training/venv/lib64/python3.12/site-packages/airflow/example_dags/tutorial_objectstorage.py for tasks to queue
[2026-05-04T01:03:39.903+0000] {logging_mixin.py:190} INFO - [2026-05-04T01:03:39.903+0000] {dagbag.py:588} INFO - Filling up the DagBag from /home/ec2-user/environment/lab4_model_training/venv/lib64/python3.12/site-packages/airflow/example_dags/tutorial_objectstorage.py
[2026-05-04T01:03:39.910+0000] {processor.py:925} INFO - DAG(s) 'tutorial_objectstorage' retrieved from /home/ec2-user/environment/lab4_model_training/venv/lib64/python3.12/site-packages/airflow/example_dags/tutorial_objectstorage.py
[2026-05-04T01:03:39.921+0000] {logging_mixin.py:190} INFO - [2026-05-04T01:03:39.921+0000] {dag.py:3239} INFO - Sync 1 DAGs
[2026-05-04T01:03:39.931+0000] {logging_mixin.py:190} INFO - [2026-05-04T01:03:39.931+0000] {dag.py:4180} INFO - Setting next_dagrun for tutorial_objectstorage to None, run_after=None
[2026-05-04T01:03:39.947+0000] {processor.py:208} INFO - Processing /home/ec2-user/environment/lab4_model_training/venv/lib64/python3.12/site-packages/airflow/example_dags/tutorial_objectstorage.py took 0.051 seconds
[2026-05-04T01:04:48.812+0000] {processor.py:186} INFO - Started process (PID=23963) to work on /home/ec2-user/environment/lab4_model_training/venv/lib64/python3.12/site-packages/airflow/example_dags/tutorial_objectstorage.py
[2026-05-04T01:04:48.814+0000] {processor.py:914} INFO - Processing file /home/ec2-user/environment/lab4_model_training/venv/lib64/python3.12/site-packages/airflow/example_dags/tutorial_objectstorage.py for tasks to queue
[2026-05-04T01:04:48.815+0000] {logging_mixin.py:190} INFO - [2026-05-04T01:04:48.815+0000] {dagbag.py:588} INFO - Filling up the DagBag from /home/ec2-user/environment/lab4_model_training/venv/lib64/python3.12/site-packages/airflow/example_dags/tutorial_objectstorage.py
[2026-05-04T01:04:48.822+0000] {processor.py:925} INFO - DAG(s) 'tutorial_objectstorage' retrieved from /home/ec2-user/environment/lab4_model_training/venv/lib64/python3.12/site-packages/airflow/example_dags/tutorial_objectstorage.py
[2026-05-04T01:04:48.834+0000] {logging_mixin.py:190} INFO - [2026-05-04T01:04:48.833+0000] {dag.py:3239} INFO - Sync 1 DAGs
[2026-05-04T01:04:48.844+0000] {logging_mixin.py:190} INFO - [2026-05-04T01:04:48.843+0000] {dag.py:4180} INFO - Setting next_dagrun for tutorial_objectstorage to None, run_after=None
[2026-05-04T01:04:48.861+0000] {processor.py:208} INFO - Processing /home/ec2-user/environment/lab4_model_training/venv/lib64/python3.12/site-packages/airflow/example_dags/tutorial_objectstorage.py took 0.054 seconds
[2026-05-04T01:05:54.248+0000] {processor.py:186} INFO - Started process (PID=24050) to work on /home/ec2-user/environment/lab4_model_training/venv/lib64/python3.12/site-packages/airflow/example_dags/tutorial_objectstorage.py
[2026-05-04T01:05:54.249+0000] {processor.py:914} INFO - Processing file /home/ec2-user/environment/lab4_model_training/venv/lib64/python3.12/site-packages/airflow/example_dags/tutorial_objectstorage.py for tasks to queue
[2026-05-04T01:05:54.251+0000] {logging_mixin.py:190} INFO - [2026-05-04T01:05:54.251+0000] {dagbag.py:588} INFO - Filling up the DagBag from /home/ec2-user/environment/lab4_model_training/venv/lib64/python3.12/site-packages/airflow/example_dags/tutorial_objectstorage.py
[2026-05-04T01:05:54.258+0000] {processor.py:925} INFO - DAG(s) 'tutorial_objectstorage' retrieved from /home/ec2-user/environment/lab4_model_training/venv/lib64/python3.12/site-packages/airflow/example_dags/tutorial_objectstorage.py
[2026-05-04T01:05:54.269+0000] {logging_mixin.py:190} INFO - [2026-05-04T01:05:54.269+0000] {dag.py:3239} INFO - Sync 1 DAGs
[2026-05-04T01:05:54.279+0000] {logging_mixin.py:190} INFO - [2026-05-04T01:05:54.279+0000] {dag.py:4180} INFO - Setting next_dagrun for tutorial_objectstorage to None, run_after=None
[2026-05-04T01:05:54.295+0000] {processor.py:208} INFO - Processing /home/ec2-user/environment/lab4_model_training/venv/lib64/python3.12/site-packages/airflow/example_dags/tutorial_objectstorage.py took 0.051 seconds
[2026-05-04T01:07:01.436+0000] {processor.py:186} INFO - Started process (PID=24198) to work on /home/ec2-user/environment/lab4_model_training/venv/lib64/python3.12/site-packages/airflow/example_dags/tutorial_objectstorage.py
[2026-05-04T01:07:01.437+0000] {processor.py:914} INFO - Processing file /home/ec2-user/environment/lab4_model_training/venv/lib64/python3.12/site-packages/airflow/example_dags/tutorial_objectstorage.py for tasks to queue
[2026-05-04T01:07:01.439+0000] {logging_mixin.py:190} INFO - [2026-05-04T01:07:01.438+0000] {dagbag.py:588} INFO - Filling up the DagBag from /home/ec2-user/environment/lab4_model_training/venv/lib64/python3.12/site-packages/airflow/example_dags/tutorial_objectstorage.py
[2026-05-04T01:07:01.446+0000] {processor.py:925} INFO - DAG(s) 'tutorial_objectstorage' retrieved from /home/ec2-user/environment/lab4_model_training/venv/lib64/python3.12/site-packages/airflow/example_dags/tutorial_objectstorage.py
[2026-05-04T01:07:01.458+0000] {logging_mixin.py:190} INFO - [2026-05-04T01:07:01.458+0000] {dag.py:3239} INFO - Sync 1 DAGs
[2026-05-04T01:07:01.468+0000] {logging_mixin.py:190} INFO - [2026-05-04T01:07:01.468+0000] {dag.py:4180} INFO - Setting next_dagrun for tutorial_objectstorage to None, run_after=None
[2026-05-04T01:07:01.486+0000] {processor.py:208} INFO - Processing /home/ec2-user/environment/lab4_model_training/venv/lib64/python3.12/site-packages/airflow/example_dags/tutorial_objectstorage.py took 0.054 seconds
[2026-05-04T01:08:09.949+0000] {processor.py:186} INFO - Started process (PID=24287) to work on /home/ec2-user/environment/lab4_model_training/venv/lib64/python3.12/site-packages/airflow/example_dags/tutorial_objectstorage.py
[2026-05-04T01:08:09.950+0000] {processor.py:914} INFO - Processing file /home/ec2-user/environment/lab4_model_training/venv/lib64/python3.12/site-packages/airflow/example_dags/tutorial_objectstorage.py for tasks to queue
[2026-05-04T01:08:09.952+0000] {logging_mixin.py:190} INFO - [2026-05-04T01:08:09.952+0000] {dagbag.py:588} INFO - Filling up the DagBag from /home/ec2-user/environment/lab4_model_training/venv/lib64/python3.12/site-packages/airflow/example_dags/tutorial_objectstorage.py
[2026-05-04T01:08:09.960+0000] {processor.py:925} INFO - DAG(s) 'tutorial_objectstorage' retrieved from /home/ec2-user/environment/lab4_model_training/venv/lib64/python3.12/site-packages/airflow/example_dags/tutorial_objectstorage.py
[2026-05-04T01:08:09.972+0000] {logging_mixin.py:190} INFO - [2026-05-04T01:08:09.972+0000] {dag.py:3239} INFO - Sync 1 DAGs
[2026-05-04T01:08:09.982+0000] {logging_mixin.py:190} INFO - [2026-05-04T01:08:09.982+0000] {dag.py:4180} INFO - Setting next_dagrun for tutorial_objectstorage to None, run_after=None
[2026-05-04T01:08:10.001+0000] {processor.py:208} INFO - Processing /home/ec2-user/environment/lab4_model_training/venv/lib64/python3.12/site-packages/airflow/example_dags/tutorial_objectstorage.py took 0.056 seconds
[2026-05-04T01:09:17.342+0000] {processor.py:186} INFO - Started process (PID=24429) to work on /home/ec2-user/environment/lab4_model_training/venv/lib64/python3.12/site-packages/airflow/example_dags/tutorial_objectstorage.py
[2026-05-04T01:09:17.343+0000] {processor.py:914} INFO - Processing file /home/ec2-user/environment/lab4_model_training/venv/lib64/python3.12/site-packages/airflow/example_dags/tutorial_objectstorage.py for tasks to queue
[2026-05-04T01:09:17.345+0000] {logging_mixin.py:190} INFO - [2026-05-04T01:09:17.344+0000] {dagbag.py:588} INFO - Filling up the DagBag from /home/ec2-user/environment/lab4_model_training/venv/lib64/python3.12/site-packages/airflow/example_dags/tutorial_objectstorage.py
[2026-05-04T01:09:17.352+0000] {processor.py:925} INFO - DAG(s) 'tutorial_objectstorage' retrieved from /home/ec2-user/environment/lab4_model_training/venv/lib64/python3.12/site-packages/airflow/example_dags/tutorial_objectstorage.py
[2026-05-04T01:09:17.363+0000] {logging_mixin.py:190} INFO - [2026-05-04T01:09:17.363+0000] {dag.py:3239} INFO - Sync 1 DAGs
[2026-05-04T01:09:17.373+0000] {logging_mixin.py:190} INFO - [2026-05-04T01:09:17.373+0000] {dag.py:4180} INFO - Setting next_dagrun for tutorial_objectstorage to None, run_after=None
[2026-05-04T01:09:17.390+0000] {processor.py:208} INFO - Processing /home/ec2-user/environment/lab4_model_training/venv/lib64/python3.12/site-packages/airflow/example_dags/tutorial_objectstorage.py took 0.052 seconds
[2026-05-04T01:10:27.670+0000] {processor.py:186} INFO - Started process (PID=25122) to work on /home/ec2-user/environment/lab4_model_training/venv/lib64/python3.12/site-packages/airflow/example_dags/tutorial_objectstorage.py
[2026-05-04T01:10:27.672+0000] {processor.py:914} INFO - Processing file /home/ec2-user/environment/lab4_model_training/venv/lib64/python3.12/site-packages/airflow/example_dags/tutorial_objectstorage.py for tasks to queue
[2026-05-04T01:10:27.674+0000] {logging_mixin.py:190} INFO - [2026-05-04T01:10:27.673+0000] {dagbag.py:588} INFO - Filling up the DagBag from /home/ec2-user/environment/lab4_model_training/venv/lib64/python3.12/site-packages/airflow/example_dags/tutorial_objectstorage.py
[2026-05-04T01:10:27.683+0000] {processor.py:925} INFO - DAG(s) 'tutorial_objectstorage' retrieved from /home/ec2-user/environment/lab4_model_training/venv/lib64/python3.12/site-packages/airflow/example_dags/tutorial_objectstorage.py
[2026-05-04T01:10:27.698+0000] {logging_mixin.py:190} INFO - [2026-05-04T01:10:27.697+0000] {dag.py:3239} INFO - Sync 1 DAGs
[2026-05-04T01:10:27.713+0000] {logging_mixin.py:190} INFO - [2026-05-04T01:10:27.712+0000] {dag.py:4180} INFO - Setting next_dagrun for tutorial_objectstorage to None, run_after=None
[2026-05-04T01:10:27.858+0000] {processor.py:208} INFO - Processing /home/ec2-user/environment/lab4_model_training/venv/lib64/python3.12/site-packages/airflow/example_dags/tutorial_objectstorage.py took 0.192 seconds
[2026-05-04T01:11:37.509+0000] {processor.py:186} INFO - Started process (PID=25670) to work on /home/ec2-user/environment/lab4_model_training/venv/lib64/python3.12/site-packages/airflow/example_dags/tutorial_objectstorage.py
[2026-05-04T01:11:37.510+0000] {processor.py:914} INFO - Processing file /home/ec2-user/environment/lab4_model_training/venv/lib64/python3.12/site-packages/airflow/example_dags/tutorial_objectstorage.py for tasks to queue
[2026-05-04T01:11:37.512+0000] {logging_mixin.py:190} INFO - [2026-05-04T01:11:37.512+0000] {dagbag.py:588} INFO - Filling up the DagBag from /home/ec2-user/environment/lab4_model_training/venv/lib64/python3.12/site-packages/airflow/example_dags/tutorial_objectstorage.py
[2026-05-04T01:11:37.521+0000] {processor.py:925} INFO - DAG(s) 'tutorial_objectstorage' retrieved from /home/ec2-user/environment/lab4_model_training/venv/lib64/python3.12/site-packages/airflow/example_dags/tutorial_objectstorage.py
[2026-05-04T01:11:37.537+0000] {logging_mixin.py:190} INFO - [2026-05-04T01:11:37.537+0000] {dag.py:3239} INFO - Sync 1 DAGs
[2026-05-04T01:11:37.551+0000] {logging_mixin.py:190} INFO - [2026-05-04T01:11:37.551+0000] {dag.py:4180} INFO - Setting next_dagrun for tutorial_objectstorage to None, run_after=None
[2026-05-04T01:11:37.571+0000] {processor.py:208} INFO - Processing /home/ec2-user/environment/lab4_model_training/venv/lib64/python3.12/site-packages/airflow/example_dags/tutorial_objectstorage.py took 0.067 seconds
[2026-05-04T01:12:47.712+0000] {processor.py:186} INFO - Started process (PID=26195) to work on /home/ec2-user/environment/lab4_model_training/venv/lib64/python3.12/site-packages/airflow/example_dags/tutorial_objectstorage.py
[2026-05-04T01:12:47.714+0000] {processor.py:914} INFO - Processing file /home/ec2-user/environment/lab4_model_training/venv/lib64/python3.12/site-packages/airflow/example_dags/tutorial_objectstorage.py for tasks to queue
[2026-05-04T01:12:47.715+0000] {logging_mixin.py:190} INFO - [2026-05-04T01:12:47.715+0000] {dagbag.py:588} INFO - Filling up the DagBag from /home/ec2-user/environment/lab4_model_training/venv/lib64/python3.12/site-packages/airflow/example_dags/tutorial_objectstorage.py
[2026-05-04T01:12:47.726+0000] {processor.py:925} INFO - DAG(s) 'tutorial_objectstorage' retrieved from /home/ec2-user/environment/lab4_model_training/venv/lib64/python3.12/site-packages/airflow/example_dags/tutorial_objectstorage.py
[2026-05-04T01:12:47.741+0000] {logging_mixin.py:190} INFO - [2026-05-04T01:12:47.741+0000] {dag.py:3239} INFO - Sync 1 DAGs
[2026-05-04T01:12:47.756+0000] {logging_mixin.py:190} INFO - [2026-05-04T01:12:47.756+0000] {dag.py:4180} INFO - Setting next_dagrun for tutorial_objectstorage to None, run_after=None
[2026-05-04T01:12:47.779+0000] {processor.py:208} INFO - Processing /home/ec2-user/environment/lab4_model_training/venv/lib64/python3.12/site-packages/airflow/example_dags/tutorial_objectstorage.py took 0.072 seconds
[2026-05-04T01:13:57.534+0000] {processor.py:186} INFO - Started process (PID=26680) to work on /home/ec2-user/environment/lab4_model_training/venv/lib64/python3.12/site-packages/airflow/example_dags/tutorial_objectstorage.py
[2026-05-04T01:13:57.536+0000] {processor.py:914} INFO - Processing file /home/ec2-user/environment/lab4_model_training/venv/lib64/python3.12/site-packages/airflow/example_dags/tutorial_objectstorage.py for tasks to queue
[2026-05-04T01:13:57.538+0000] {logging_mixin.py:190} INFO - [2026-05-04T01:13:57.538+0000] {dagbag.py:588} INFO - Filling up the DagBag from /home/ec2-user/environment/lab4_model_training/venv/lib64/python3.12/site-packages/airflow/example_dags/tutorial_objectstorage.py
[2026-05-04T01:13:57.547+0000] {processor.py:925} INFO - DAG(s) 'tutorial_objectstorage' retrieved from /home/ec2-user/environment/lab4_model_training/venv/lib64/python3.12/site-packages/airflow/example_dags/tutorial_objectstorage.py
[2026-05-04T01:13:57.563+0000] {logging_mixin.py:190} INFO - [2026-05-04T01:13:57.563+0000] {dag.py:3239} INFO - Sync 1 DAGs
[2026-05-04T01:13:57.578+0000] {logging_mixin.py:190} INFO - [2026-05-04T01:13:57.578+0000] {dag.py:4180} INFO - Setting next_dagrun for tutorial_objectstorage to None, run_after=None
[2026-05-04T01:13:57.600+0000] {processor.py:208} INFO - Processing /home/ec2-user/environment/lab4_model_training/venv/lib64/python3.12/site-packages/airflow/example_dags/tutorial_objectstorage.py took 0.070 seconds
[2026-05-04T01:15:11.901+0000] {processor.py:186} INFO - Started process (PID=27240) to work on /home/ec2-user/environment/lab4_model_training/venv/lib64/python3.12/site-packages/airflow/example_dags/tutorial_objectstorage.py
[2026-05-04T01:15:11.902+0000] {processor.py:914} INFO - Processing file /home/ec2-user/environment/lab4_model_training/venv/lib64/python3.12/site-packages/airflow/example_dags/tutorial_objectstorage.py for tasks to queue
[2026-05-04T01:15:11.905+0000] {logging_mixin.py:190} INFO - [2026-05-04T01:15:11.904+0000] {dagbag.py:588} INFO - Filling up the DagBag from /home/ec2-user/environment/lab4_model_training/venv/lib64/python3.12/site-packages/airflow/example_dags/tutorial_objectstorage.py
[2026-05-04T01:15:11.914+0000] {processor.py:925} INFO - DAG(s) 'tutorial_objectstorage' retrieved from /home/ec2-user/environment/lab4_model_training/venv/lib64/python3.12/site-packages/airflow/example_dags/tutorial_objectstorage.py
[2026-05-04T01:15:12.054+0000] {logging_mixin.py:190} INFO - [2026-05-04T01:15:12.053+0000] {dag.py:3239} INFO - Sync 1 DAGs
[2026-05-04T01:15:12.063+0000] {logging_mixin.py:190} INFO - [2026-05-04T01:15:12.063+0000] {dag.py:4180} INFO - Setting next_dagrun for tutorial_objectstorage to None, run_after=None
[2026-05-04T01:15:12.080+0000] {processor.py:208} INFO - Processing /home/ec2-user/environment/lab4_model_training/venv/lib64/python3.12/site-packages/airflow/example_dags/tutorial_objectstorage.py took 0.185 seconds
[2026-05-04T01:16:18.193+0000] {processor.py:186} INFO - Started process (PID=27710) to work on /home/ec2-user/environment/lab4_model_training/venv/lib64/python3.12/site-packages/airflow/example_dags/tutorial_objectstorage.py
[2026-05-04T01:16:18.194+0000] {processor.py:914} INFO - Processing file /home/ec2-user/environment/lab4_model_training/venv/lib64/python3.12/site-packages/airflow/example_dags/tutorial_objectstorage.py for tasks to queue
[2026-05-04T01:16:18.196+0000] {logging_mixin.py:190} INFO - [2026-05-04T01:16:18.196+0000] {dagbag.py:588} INFO - Filling up the DagBag from /home/ec2-user/environment/lab4_model_training/venv/lib64/python3.12/site-packages/airflow/example_dags/tutorial_objectstorage.py
[2026-05-04T01:16:18.204+0000] {processor.py:925} INFO - DAG(s) 'tutorial_objectstorage' retrieved from /home/ec2-user/environment/lab4_model_training/venv/lib64/python3.12/site-packages/airflow/example_dags/tutorial_objectstorage.py
[2026-05-04T01:16:18.217+0000] {logging_mixin.py:190} INFO - [2026-05-04T01:16:18.217+0000] {dag.py:3239} INFO - Sync 1 DAGs
[2026-05-04T01:16:18.227+0000] {logging_mixin.py:190} INFO - [2026-05-04T01:16:18.227+0000] {dag.py:4180} INFO - Setting next_dagrun for tutorial_objectstorage to None, run_after=None
[2026-05-04T01:16:18.245+0000] {processor.py:208} INFO - Processing /home/ec2-user/environment/lab4_model_training/venv/lib64/python3.12/site-packages/airflow/example_dags/tutorial_objectstorage.py took 0.057 seconds
[2026-05-04T01:17:21.356+0000] {processor.py:186} INFO - Started process (PID=28268) to work on /home/ec2-user/environment/lab4_model_training/venv/lib64/python3.12/site-packages/airflow/example_dags/tutorial_objectstorage.py
[2026-05-04T01:17:21.357+0000] {processor.py:914} INFO - Processing file /home/ec2-user/environment/lab4_model_training/venv/lib64/python3.12/site-packages/airflow/example_dags/tutorial_objectstorage.py for tasks to queue
[2026-05-04T01:17:21.359+0000] {logging_mixin.py:190} INFO - [2026-05-04T01:17:21.359+0000] {dagbag.py:588} INFO - Filling up the DagBag from /home/ec2-user/environment/lab4_model_training/venv/lib64/python3.12/site-packages/airflow/example_dags/tutorial_objectstorage.py
[2026-05-04T01:17:21.369+0000] {processor.py:925} INFO - DAG(s) 'tutorial_objectstorage' retrieved from /home/ec2-user/environment/lab4_model_training/venv/lib64/python3.12/site-packages/airflow/example_dags/tutorial_objectstorage.py
[2026-05-04T01:17:21.393+0000] {logging_mixin.py:190} INFO - [2026-05-04T01:17:21.392+0000] {dag.py:3239} INFO - Sync 1 DAGs
[2026-05-04T01:17:21.407+0000] {logging_mixin.py:190} INFO - [2026-05-04T01:17:21.407+0000] {dag.py:4180} INFO - Setting next_dagrun for tutorial_objectstorage to None, run_after=None
[2026-05-04T01:17:21.432+0000] {processor.py:208} INFO - Processing /home/ec2-user/environment/lab4_model_training/venv/lib64/python3.12/site-packages/airflow/example_dags/tutorial_objectstorage.py took 0.082 seconds
[2026-05-04T01:18:29.494+0000] {processor.py:186} INFO - Started process (PID=28810) to work on /home/ec2-user/environment/lab4_model_training/venv/lib64/python3.12/site-packages/airflow/example_dags/tutorial_objectstorage.py
[2026-05-04T01:18:29.496+0000] {processor.py:914} INFO - Processing file /home/ec2-user/environment/lab4_model_training/venv/lib64/python3.12/site-packages/airflow/example_dags/tutorial_objectstorage.py for tasks to queue
[2026-05-04T01:18:29.498+0000] {logging_mixin.py:190} INFO - [2026-05-04T01:18:29.497+0000] {dagbag.py:588} INFO - Filling up the DagBag from /home/ec2-user/environment/lab4_model_training/venv/lib64/python3.12/site-packages/airflow/example_dags/tutorial_objectstorage.py
[2026-05-04T01:18:29.506+0000] {processor.py:925} INFO - DAG(s) 'tutorial_objectstorage' retrieved from /home/ec2-user/environment/lab4_model_training/venv/lib64/python3.12/site-packages/airflow/example_dags/tutorial_objectstorage.py
[2026-05-04T01:18:29.523+0000] {logging_mixin.py:190} INFO - [2026-05-04T01:18:29.522+0000] {dag.py:3239} INFO - Sync 1 DAGs
[2026-05-04T01:18:29.537+0000] {logging_mixin.py:190} INFO - [2026-05-04T01:18:29.537+0000] {dag.py:4180} INFO - Setting next_dagrun for tutorial_objectstorage to None, run_after=None
[2026-05-04T01:18:29.559+0000] {processor.py:208} INFO - Processing /home/ec2-user/environment/lab4_model_training/venv/lib64/python3.12/site-packages/airflow/example_dags/tutorial_objectstorage.py took 0.070 seconds
[2026-05-04T01:19:36.149+0000] {processor.py:186} INFO - Started process (PID=29281) to work on /home/ec2-user/environment/lab4_model_training/venv/lib64/python3.12/site-packages/airflow/example_dags/tutorial_objectstorage.py
[2026-05-04T01:19:36.150+0000] {processor.py:914} INFO - Processing file /home/ec2-user/environment/lab4_model_training/venv/lib64/python3.12/site-packages/airflow/example_dags/tutorial_objectstorage.py for tasks to queue
[2026-05-04T01:19:36.153+0000] {logging_mixin.py:190} INFO - [2026-05-04T01:19:36.152+0000] {dagbag.py:588} INFO - Filling up the DagBag from /home/ec2-user/environment/lab4_model_training/venv/lib64/python3.12/site-packages/airflow/example_dags/tutorial_objectstorage.py
[2026-05-04T01:19:36.162+0000] {processor.py:925} INFO - DAG(s) 'tutorial_objectstorage' retrieved from /home/ec2-user/environment/lab4_model_training/venv/lib64/python3.12/site-packages/airflow/example_dags/tutorial_objectstorage.py
[2026-05-04T01:19:36.177+0000] {logging_mixin.py:190} INFO - [2026-05-04T01:19:36.177+0000] {dag.py:3239} INFO - Sync 1 DAGs
[2026-05-04T01:19:36.192+0000] {logging_mixin.py:190} INFO - [2026-05-04T01:19:36.191+0000] {dag.py:4180} INFO - Setting next_dagrun for tutorial_objectstorage to None, run_after=None
[2026-05-04T01:19:36.213+0000] {processor.py:208} INFO - Processing /home/ec2-user/environment/lab4_model_training/venv/lib64/python3.12/site-packages/airflow/example_dags/tutorial_objectstorage.py took 0.068 seconds
[2026-05-04T01:20:42.650+0000] {processor.py:186} INFO - Started process (PID=29873) to work on /home/ec2-user/environment/lab4_model_training/venv/lib64/python3.12/site-packages/airflow/example_dags/tutorial_objectstorage.py
[2026-05-04T01:20:42.653+0000] {processor.py:914} INFO - Processing file /home/ec2-user/environment/lab4_model_training/venv/lib64/python3.12/site-packages/airflow/example_dags/tutorial_objectstorage.py for tasks to queue
[2026-05-04T01:20:42.655+0000] {logging_mixin.py:190} INFO - [2026-05-04T01:20:42.654+0000] {dagbag.py:588} INFO - Filling up the DagBag from /home/ec2-user/environment/lab4_model_training/venv/lib64/python3.12/site-packages/airflow/example_dags/tutorial_objectstorage.py
[2026-05-04T01:20:42.664+0000] {processor.py:925} INFO - DAG(s) 'tutorial_objectstorage' retrieved from /home/ec2-user/environment/lab4_model_training/venv/lib64/python3.12/site-packages/airflow/example_dags/tutorial_objectstorage.py
[2026-05-04T01:20:42.677+0000] {logging_mixin.py:190} INFO - [2026-05-04T01:20:42.676+0000] {dag.py:3239} INFO - Sync 1 DAGs
[2026-05-04T01:20:42.687+0000] {logging_mixin.py:190} INFO - [2026-05-04T01:20:42.687+0000] {dag.py:4180} INFO - Setting next_dagrun for tutorial_objectstorage to None, run_after=None
[2026-05-04T01:20:42.706+0000] {processor.py:208} INFO - Processing /home/ec2-user/environment/lab4_model_training/venv/lib64/python3.12/site-packages/airflow/example_dags/tutorial_objectstorage.py took 0.062 seconds
[2026-05-04T01:21:44.344+0000] {processor.py:186} INFO - Started process (PID=30310) to work on /home/ec2-user/environment/lab4_model_training/venv/lib64/python3.12/site-packages/airflow/example_dags/tutorial_objectstorage.py
[2026-05-04T01:21:44.345+0000] {processor.py:914} INFO - Processing file /home/ec2-user/environment/lab4_model_training/venv/lib64/python3.12/site-packages/airflow/example_dags/tutorial_objectstorage.py for tasks to queue
[2026-05-04T01:21:44.347+0000] {logging_mixin.py:190} INFO - [2026-05-04T01:21:44.346+0000] {dagbag.py:588} INFO - Filling up the DagBag from /home/ec2-user/environment/lab4_model_training/venv/lib64/python3.12/site-packages/airflow/example_dags/tutorial_objectstorage.py
[2026-05-04T01:21:44.354+0000] {processor.py:925} INFO - DAG(s) 'tutorial_objectstorage' retrieved from /home/ec2-user/environment/lab4_model_training/venv/lib64/python3.12/site-packages/airflow/example_dags/tutorial_objectstorage.py
[2026-05-04T01:21:44.366+0000] {logging_mixin.py:190} INFO - [2026-05-04T01:21:44.366+0000] {dag.py:3239} INFO - Sync 1 DAGs
[2026-05-04T01:21:44.376+0000] {logging_mixin.py:190} INFO - [2026-05-04T01:21:44.376+0000] {dag.py:4180} INFO - Setting next_dagrun for tutorial_objectstorage to None, run_after=None
[2026-05-04T01:21:44.394+0000] {processor.py:208} INFO - Processing /home/ec2-user/environment/lab4_model_training/venv/lib64/python3.12/site-packages/airflow/example_dags/tutorial_objectstorage.py took 0.054 seconds
[2026-05-04T01:22:51.650+0000] {processor.py:186} INFO - Started process (PID=30573) to work on /home/ec2-user/environment/lab4_model_training/venv/lib64/python3.12/site-packages/airflow/example_dags/tutorial_objectstorage.py
[2026-05-04T01:22:51.651+0000] {processor.py:914} INFO - Processing file /home/ec2-user/environment/lab4_model_training/venv/lib64/python3.12/site-packages/airflow/example_dags/tutorial_objectstorage.py for tasks to queue
[2026-05-04T01:22:51.653+0000] {logging_mixin.py:190} INFO - [2026-05-04T01:22:51.652+0000] {dagbag.py:588} INFO - Filling up the DagBag from /home/ec2-user/environment/lab4_model_training/venv/lib64/python3.12/site-packages/airflow/example_dags/tutorial_objectstorage.py
[2026-05-04T01:22:51.660+0000] {processor.py:925} INFO - DAG(s) 'tutorial_objectstorage' retrieved from /home/ec2-user/environment/lab4_model_training/venv/lib64/python3.12/site-packages/airflow/example_dags/tutorial_objectstorage.py
[2026-05-04T01:22:51.672+0000] {logging_mixin.py:190} INFO - [2026-05-04T01:22:51.672+0000] {dag.py:3239} INFO - Sync 1 DAGs
[2026-05-04T01:22:51.682+0000] {logging_mixin.py:190} INFO - [2026-05-04T01:22:51.682+0000] {dag.py:4180} INFO - Setting next_dagrun for tutorial_objectstorage to None, run_after=None
[2026-05-04T01:22:51.700+0000] {processor.py:208} INFO - Processing /home/ec2-user/environment/lab4_model_training/venv/lib64/python3.12/site-packages/airflow/example_dags/tutorial_objectstorage.py took 0.055 seconds
[2026-05-04T01:23:53.448+0000] {processor.py:186} INFO - Started process (PID=30747) to work on /home/ec2-user/environment/lab4_model_training/venv/lib64/python3.12/site-packages/airflow/example_dags/tutorial_objectstorage.py
[2026-05-04T01:23:53.449+0000] {processor.py:914} INFO - Processing file /home/ec2-user/environment/lab4_model_training/venv/lib64/python3.12/site-packages/airflow/example_dags/tutorial_objectstorage.py for tasks to queue
[2026-05-04T01:23:53.451+0000] {logging_mixin.py:190} INFO - [2026-05-04T01:23:53.451+0000] {dagbag.py:588} INFO - Filling up the DagBag from /home/ec2-user/environment/lab4_model_training/venv/lib64/python3.12/site-packages/airflow/example_dags/tutorial_objectstorage.py
[2026-05-04T01:23:53.459+0000] {processor.py:925} INFO - DAG(s) 'tutorial_objectstorage' retrieved from /home/ec2-user/environment/lab4_model_training/venv/lib64/python3.12/site-packages/airflow/example_dags/tutorial_objectstorage.py
[2026-05-04T01:23:53.471+0000] {logging_mixin.py:190} INFO - [2026-05-04T01:23:53.471+0000] {dag.py:3239} INFO - Sync 1 DAGs
[2026-05-04T01:23:53.481+0000] {logging_mixin.py:190} INFO - [2026-05-04T01:23:53.481+0000] {dag.py:4180} INFO - Setting next_dagrun for tutorial_objectstorage to None, run_after=None
[2026-05-04T01:23:53.499+0000] {processor.py:208} INFO - Processing /home/ec2-user/environment/lab4_model_training/venv/lib64/python3.12/site-packages/airflow/example_dags/tutorial_objectstorage.py took 0.056 seconds
