[2026-03-12T00:48:37.757+0000] {local_task_job_runner.py:123} INFO - ::group::Pre task execution logs
[2026-03-12T00:48:37.765+0000] {taskinstance.py:2612} INFO - Dependencies all met for dep_context=non-requeueable deps ti=<TaskInstance: ml_pipeline.generate_data manual__2026-03-12T00:48:33.612163+00:00 [queued]>
[2026-03-12T00:48:37.768+0000] {taskinstance.py:2612} INFO - Dependencies all met for dep_context=requeueable deps ti=<TaskInstance: ml_pipeline.generate_data manual__2026-03-12T00:48:33.612163+00:00 [queued]>
[2026-03-12T00:48:37.769+0000] {taskinstance.py:2865} INFO - Starting attempt 1 of 2
[2026-03-12T00:48:37.780+0000] {taskinstance.py:2888} INFO - Executing <Task(PythonOperator): generate_data> on 2026-03-12 00:48:33.612163+00:00
[2026-03-12T00:48:37.785+0000] {standard_task_runner.py:72} INFO - Started process 5583 to run task
[2026-03-12T00:48:37.787+0000] {standard_task_runner.py:104} INFO - Running: ['airflow', 'tasks', 'run', 'ml_pipeline', 'generate_data', 'manual__2026-03-12T00:48:33.612163+00:00', '--job-id', '4', '--raw', '--subdir', 'DAGS_FOLDER/ml_pipeline_dag.py', '--cfg-path', '/tmp/tmpnughci42']
[2026-03-12T00:48:37.788+0000] {standard_task_runner.py:105} INFO - Job 4: Subtask generate_data
[2026-03-12T00:48:37.814+0000] {task_command.py:467} INFO - Running <TaskInstance: ml_pipeline.generate_data manual__2026-03-12T00:48:33.612163+00:00 [running]> on host ip-172-31-28-134.ec2.internal
[2026-03-12T00:48:37.858+0000] {taskinstance.py:3131} INFO - Exporting env vars: AIRFLOW_CTX_DAG_OWNER='airflow' AIRFLOW_CTX_DAG_ID='ml_pipeline' AIRFLOW_CTX_TASK_ID='generate_data' AIRFLOW_CTX_EXECUTION_DATE='2026-03-12T00:48:33.612163+00:00' AIRFLOW_CTX_TRY_NUMBER='1' AIRFLOW_CTX_DAG_RUN_ID='manual__2026-03-12T00:48:33.612163+00:00'
[2026-03-12T00:48:37.859+0000] {logging_mixin.py:190} INFO - Task instance is in running state
[2026-03-12T00:48:37.859+0000] {logging_mixin.py:190} INFO -  Previous state of the Task instance: queued
[2026-03-12T00:48:37.859+0000] {logging_mixin.py:190} INFO - Current task name:generate_data state:running start_date:2026-03-12 00:48:37.765254+00:00
[2026-03-12T00:48:37.859+0000] {logging_mixin.py:190} INFO - Dag name:ml_pipeline and current dag run status:running
[2026-03-12T00:48:37.860+0000] {taskinstance.py:731} INFO - ::endgroup::
[2026-03-12T00:48:37.868+0000] {logging_mixin.py:190} INFO - [ml_pipeline.data] Saved dataset to data/iris.csv
[2026-03-12T00:48:37.868+0000] {python.py:240} INFO - Done. Returned value was: data/iris.csv
[2026-03-12T00:48:37.880+0000] {taskinstance.py:340} INFO - ::group::Post task execution logs
[2026-03-12T00:48:37.880+0000] {taskinstance.py:352} INFO - Marking task as SUCCESS. dag_id=ml_pipeline, task_id=generate_data, run_id=manual__2026-03-12T00:48:33.612163+00:00, execution_date=20260312T004833, start_date=20260312T004837, end_date=20260312T004837
[2026-03-12T00:48:37.888+0000] {logging_mixin.py:190} INFO - Task instance in success state
[2026-03-12T00:48:37.888+0000] {logging_mixin.py:190} INFO -  Previous state of the Task instance: running
[2026-03-12T00:48:37.888+0000] {logging_mixin.py:190} INFO - Dag name:ml_pipeline queued_at:2026-03-12 00:48:33.622111+00:00
[2026-03-12T00:48:37.889+0000] {logging_mixin.py:190} INFO - Task hostname:ip-172-31-28-134.ec2.internal operator:PythonOperator
[2026-03-12T00:48:37.894+0000] {local_task_job_runner.py:266} INFO - Task exited with return code 0
[2026-03-12T00:48:37.906+0000] {taskinstance.py:3900} INFO - 1 downstream tasks scheduled from follow-on schedule check
[2026-03-12T00:48:37.911+0000] {local_task_job_runner.py:245} INFO - ::endgroup::
