[2026-05-03T22:50:10.037+0000] {processor.py:186} INFO - Started process (PID=57724) to work on /home/ec2-user/environment/lab4_model_training/venv/lib64/python3.12/site-packages/airflow/example_dags/example_xcomargs.py
[2026-05-03T22:50:10.037+0000] {processor.py:914} INFO - Processing file /home/ec2-user/environment/lab4_model_training/venv/lib64/python3.12/site-packages/airflow/example_dags/example_xcomargs.py for tasks to queue
[2026-05-03T22:50:10.039+0000] {logging_mixin.py:190} INFO - [2026-05-03T22:50:10.038+0000] {dagbag.py:588} INFO - Filling up the DagBag from /home/ec2-user/environment/lab4_model_training/venv/lib64/python3.12/site-packages/airflow/example_dags/example_xcomargs.py
[2026-05-03T22:50:10.047+0000] {processor.py:925} INFO - DAG(s) 'example_xcom_args', 'example_xcom_args_with_operators' retrieved from /home/ec2-user/environment/lab4_model_training/venv/lib64/python3.12/site-packages/airflow/example_dags/example_xcomargs.py
[2026-05-03T22:50:10.060+0000] {logging_mixin.py:190} INFO - [2026-05-03T22:50:10.060+0000] {dag.py:3239} INFO - Sync 2 DAGs
[2026-05-03T22:50:10.070+0000] {logging_mixin.py:190} INFO - [2026-05-03T22:50:10.070+0000] {dag.py:4180} INFO - Setting next_dagrun for example_xcom_args to None, run_after=None
[2026-05-03T22:50:10.073+0000] {logging_mixin.py:190} INFO - [2026-05-03T22:50:10.073+0000] {dag.py:4180} INFO - Setting next_dagrun for example_xcom_args_with_operators to None, run_after=None
[2026-05-03T22:50:10.089+0000] {processor.py:208} INFO - Processing /home/ec2-user/environment/lab4_model_training/venv/lib64/python3.12/site-packages/airflow/example_dags/example_xcomargs.py took 0.056 seconds
[2026-05-03T22:51:20.152+0000] {processor.py:186} INFO - Started process (PID=57899) to work on /home/ec2-user/environment/lab4_model_training/venv/lib64/python3.12/site-packages/airflow/example_dags/example_xcomargs.py
[2026-05-03T22:51:20.153+0000] {processor.py:914} INFO - Processing file /home/ec2-user/environment/lab4_model_training/venv/lib64/python3.12/site-packages/airflow/example_dags/example_xcomargs.py for tasks to queue
[2026-05-03T22:51:20.155+0000] {logging_mixin.py:190} INFO - [2026-05-03T22:51:20.155+0000] {dagbag.py:588} INFO - Filling up the DagBag from /home/ec2-user/environment/lab4_model_training/venv/lib64/python3.12/site-packages/airflow/example_dags/example_xcomargs.py
[2026-05-03T22:51:20.164+0000] {processor.py:925} INFO - DAG(s) 'example_xcom_args_with_operators', 'example_xcom_args' retrieved from /home/ec2-user/environment/lab4_model_training/venv/lib64/python3.12/site-packages/airflow/example_dags/example_xcomargs.py
[2026-05-03T22:51:20.178+0000] {logging_mixin.py:190} INFO - [2026-05-03T22:51:20.177+0000] {dag.py:3239} INFO - Sync 2 DAGs
[2026-05-03T22:51:20.187+0000] {logging_mixin.py:190} INFO - [2026-05-03T22:51:20.187+0000] {dag.py:4180} INFO - Setting next_dagrun for example_xcom_args to None, run_after=None
[2026-05-03T22:51:20.190+0000] {logging_mixin.py:190} INFO - [2026-05-03T22:51:20.190+0000] {dag.py:4180} INFO - Setting next_dagrun for example_xcom_args_with_operators to None, run_after=None
[2026-05-03T22:51:20.205+0000] {processor.py:208} INFO - Processing /home/ec2-user/environment/lab4_model_training/venv/lib64/python3.12/site-packages/airflow/example_dags/example_xcomargs.py took 0.058 seconds
[2026-05-03T22:52:21.983+0000] {processor.py:186} INFO - Started process (PID=58075) to work on /home/ec2-user/environment/lab4_model_training/venv/lib64/python3.12/site-packages/airflow/example_dags/example_xcomargs.py
[2026-05-03T22:52:21.984+0000] {processor.py:914} INFO - Processing file /home/ec2-user/environment/lab4_model_training/venv/lib64/python3.12/site-packages/airflow/example_dags/example_xcomargs.py for tasks to queue
[2026-05-03T22:52:21.986+0000] {logging_mixin.py:190} INFO - [2026-05-03T22:52:21.986+0000] {dagbag.py:588} INFO - Filling up the DagBag from /home/ec2-user/environment/lab4_model_training/venv/lib64/python3.12/site-packages/airflow/example_dags/example_xcomargs.py
[2026-05-03T22:52:21.997+0000] {processor.py:925} INFO - DAG(s) 'example_xcom_args_with_operators', 'example_xcom_args' retrieved from /home/ec2-user/environment/lab4_model_training/venv/lib64/python3.12/site-packages/airflow/example_dags/example_xcomargs.py
[2026-05-03T22:52:22.012+0000] {logging_mixin.py:190} INFO - [2026-05-03T22:52:22.012+0000] {dag.py:3239} INFO - Sync 2 DAGs
[2026-05-03T22:52:22.021+0000] {logging_mixin.py:190} INFO - [2026-05-03T22:52:22.021+0000] {dag.py:4180} INFO - Setting next_dagrun for example_xcom_args to None, run_after=None
[2026-05-03T22:52:22.023+0000] {logging_mixin.py:190} INFO - [2026-05-03T22:52:22.023+0000] {dag.py:4180} INFO - Setting next_dagrun for example_xcom_args_with_operators to None, run_after=None
[2026-05-03T22:52:22.039+0000] {processor.py:208} INFO - Processing /home/ec2-user/environment/lab4_model_training/venv/lib64/python3.12/site-packages/airflow/example_dags/example_xcomargs.py took 0.060 seconds
[2026-05-03T22:53:27.258+0000] {processor.py:186} INFO - Started process (PID=58267) to work on /home/ec2-user/environment/lab4_model_training/venv/lib64/python3.12/site-packages/airflow/example_dags/example_xcomargs.py
[2026-05-03T22:53:27.259+0000] {processor.py:914} INFO - Processing file /home/ec2-user/environment/lab4_model_training/venv/lib64/python3.12/site-packages/airflow/example_dags/example_xcomargs.py for tasks to queue
[2026-05-03T22:53:27.261+0000] {logging_mixin.py:190} INFO - [2026-05-03T22:53:27.260+0000] {dagbag.py:588} INFO - Filling up the DagBag from /home/ec2-user/environment/lab4_model_training/venv/lib64/python3.12/site-packages/airflow/example_dags/example_xcomargs.py
[2026-05-03T22:53:27.268+0000] {processor.py:925} INFO - DAG(s) 'example_xcom_args_with_operators', 'example_xcom_args' retrieved from /home/ec2-user/environment/lab4_model_training/venv/lib64/python3.12/site-packages/airflow/example_dags/example_xcomargs.py
[2026-05-03T22:53:27.283+0000] {logging_mixin.py:190} INFO - [2026-05-03T22:53:27.282+0000] {dag.py:3239} INFO - Sync 2 DAGs
[2026-05-03T22:53:27.292+0000] {logging_mixin.py:190} INFO - [2026-05-03T22:53:27.292+0000] {dag.py:4180} INFO - Setting next_dagrun for example_xcom_args to None, run_after=None
[2026-05-03T22:53:27.295+0000] {logging_mixin.py:190} INFO - [2026-05-03T22:53:27.295+0000] {dag.py:4180} INFO - Setting next_dagrun for example_xcom_args_with_operators to None, run_after=None
[2026-05-03T22:53:27.310+0000] {processor.py:208} INFO - Processing /home/ec2-user/environment/lab4_model_training/venv/lib64/python3.12/site-packages/airflow/example_dags/example_xcomargs.py took 0.058 seconds
[2026-05-03T22:54:31.139+0000] {processor.py:186} INFO - Started process (PID=58564) to work on /home/ec2-user/environment/lab4_model_training/venv/lib64/python3.12/site-packages/airflow/example_dags/example_xcomargs.py
[2026-05-03T22:54:31.140+0000] {processor.py:914} INFO - Processing file /home/ec2-user/environment/lab4_model_training/venv/lib64/python3.12/site-packages/airflow/example_dags/example_xcomargs.py for tasks to queue
[2026-05-03T22:54:31.142+0000] {logging_mixin.py:190} INFO - [2026-05-03T22:54:31.141+0000] {dagbag.py:588} INFO - Filling up the DagBag from /home/ec2-user/environment/lab4_model_training/venv/lib64/python3.12/site-packages/airflow/example_dags/example_xcomargs.py
[2026-05-03T22:54:31.150+0000] {processor.py:925} INFO - DAG(s) 'example_xcom_args', 'example_xcom_args_with_operators' retrieved from /home/ec2-user/environment/lab4_model_training/venv/lib64/python3.12/site-packages/airflow/example_dags/example_xcomargs.py
[2026-05-03T22:54:31.164+0000] {logging_mixin.py:190} INFO - [2026-05-03T22:54:31.164+0000] {dag.py:3239} INFO - Sync 2 DAGs
[2026-05-03T22:54:31.173+0000] {logging_mixin.py:190} INFO - [2026-05-03T22:54:31.173+0000] {dag.py:4180} INFO - Setting next_dagrun for example_xcom_args to None, run_after=None
[2026-05-03T22:54:31.176+0000] {logging_mixin.py:190} INFO - [2026-05-03T22:54:31.175+0000] {dag.py:4180} INFO - Setting next_dagrun for example_xcom_args_with_operators to None, run_after=None
[2026-05-03T22:54:31.191+0000] {processor.py:208} INFO - Processing /home/ec2-user/environment/lab4_model_training/venv/lib64/python3.12/site-packages/airflow/example_dags/example_xcomargs.py took 0.056 seconds
[2026-05-03T22:55:36.713+0000] {processor.py:186} INFO - Started process (PID=58680) to work on /home/ec2-user/environment/lab4_model_training/venv/lib64/python3.12/site-packages/airflow/example_dags/example_xcomargs.py
[2026-05-03T22:55:36.715+0000] {processor.py:914} INFO - Processing file /home/ec2-user/environment/lab4_model_training/venv/lib64/python3.12/site-packages/airflow/example_dags/example_xcomargs.py for tasks to queue
[2026-05-03T22:55:36.716+0000] {logging_mixin.py:190} INFO - [2026-05-03T22:55:36.716+0000] {dagbag.py:588} INFO - Filling up the DagBag from /home/ec2-user/environment/lab4_model_training/venv/lib64/python3.12/site-packages/airflow/example_dags/example_xcomargs.py
[2026-05-03T22:55:36.724+0000] {processor.py:925} INFO - DAG(s) 'example_xcom_args_with_operators', 'example_xcom_args' retrieved from /home/ec2-user/environment/lab4_model_training/venv/lib64/python3.12/site-packages/airflow/example_dags/example_xcomargs.py
[2026-05-03T22:55:36.738+0000] {logging_mixin.py:190} INFO - [2026-05-03T22:55:36.738+0000] {dag.py:3239} INFO - Sync 2 DAGs
[2026-05-03T22:55:36.748+0000] {logging_mixin.py:190} INFO - [2026-05-03T22:55:36.748+0000] {dag.py:4180} INFO - Setting next_dagrun for example_xcom_args to None, run_after=None
[2026-05-03T22:55:36.750+0000] {logging_mixin.py:190} INFO - [2026-05-03T22:55:36.750+0000] {dag.py:4180} INFO - Setting next_dagrun for example_xcom_args_with_operators to None, run_after=None
[2026-05-03T22:55:36.765+0000] {processor.py:208} INFO - Processing /home/ec2-user/environment/lab4_model_training/venv/lib64/python3.12/site-packages/airflow/example_dags/example_xcomargs.py took 0.057 seconds
[2026-05-03T22:56:40.974+0000] {processor.py:186} INFO - Started process (PID=58847) to work on /home/ec2-user/environment/lab4_model_training/venv/lib64/python3.12/site-packages/airflow/example_dags/example_xcomargs.py
[2026-05-03T22:56:40.975+0000] {processor.py:914} INFO - Processing file /home/ec2-user/environment/lab4_model_training/venv/lib64/python3.12/site-packages/airflow/example_dags/example_xcomargs.py for tasks to queue
[2026-05-03T22:56:40.977+0000] {logging_mixin.py:190} INFO - [2026-05-03T22:56:40.977+0000] {dagbag.py:588} INFO - Filling up the DagBag from /home/ec2-user/environment/lab4_model_training/venv/lib64/python3.12/site-packages/airflow/example_dags/example_xcomargs.py
[2026-05-03T22:56:40.985+0000] {processor.py:925} INFO - DAG(s) 'example_xcom_args', 'example_xcom_args_with_operators' retrieved from /home/ec2-user/environment/lab4_model_training/venv/lib64/python3.12/site-packages/airflow/example_dags/example_xcomargs.py
[2026-05-03T22:56:40.998+0000] {logging_mixin.py:190} INFO - [2026-05-03T22:56:40.998+0000] {dag.py:3239} INFO - Sync 2 DAGs
[2026-05-03T22:56:41.008+0000] {logging_mixin.py:190} INFO - [2026-05-03T22:56:41.008+0000] {dag.py:4180} INFO - Setting next_dagrun for example_xcom_args to None, run_after=None
[2026-05-03T22:56:41.010+0000] {logging_mixin.py:190} INFO - [2026-05-03T22:56:41.010+0000] {dag.py:4180} INFO - Setting next_dagrun for example_xcom_args_with_operators to None, run_after=None
[2026-05-03T22:56:41.024+0000] {processor.py:208} INFO - Processing /home/ec2-user/environment/lab4_model_training/venv/lib64/python3.12/site-packages/airflow/example_dags/example_xcomargs.py took 0.054 seconds
[2026-05-03T22:57:47.371+0000] {processor.py:186} INFO - Started process (PID=59097) to work on /home/ec2-user/environment/lab4_model_training/venv/lib64/python3.12/site-packages/airflow/example_dags/example_xcomargs.py
[2026-05-03T22:57:47.372+0000] {processor.py:914} INFO - Processing file /home/ec2-user/environment/lab4_model_training/venv/lib64/python3.12/site-packages/airflow/example_dags/example_xcomargs.py for tasks to queue
[2026-05-03T22:57:47.374+0000] {logging_mixin.py:190} INFO - [2026-05-03T22:57:47.374+0000] {dagbag.py:588} INFO - Filling up the DagBag from /home/ec2-user/environment/lab4_model_training/venv/lib64/python3.12/site-packages/airflow/example_dags/example_xcomargs.py
[2026-05-03T22:57:47.382+0000] {processor.py:925} INFO - DAG(s) 'example_xcom_args', 'example_xcom_args_with_operators' retrieved from /home/ec2-user/environment/lab4_model_training/venv/lib64/python3.12/site-packages/airflow/example_dags/example_xcomargs.py
[2026-05-03T22:57:47.396+0000] {logging_mixin.py:190} INFO - [2026-05-03T22:57:47.396+0000] {dag.py:3239} INFO - Sync 2 DAGs
[2026-05-03T22:57:47.406+0000] {logging_mixin.py:190} INFO - [2026-05-03T22:57:47.406+0000] {dag.py:4180} INFO - Setting next_dagrun for example_xcom_args to None, run_after=None
[2026-05-03T22:57:47.408+0000] {logging_mixin.py:190} INFO - [2026-05-03T22:57:47.408+0000] {dag.py:4180} INFO - Setting next_dagrun for example_xcom_args_with_operators to None, run_after=None
[2026-05-03T22:57:47.423+0000] {processor.py:208} INFO - Processing /home/ec2-user/environment/lab4_model_training/venv/lib64/python3.12/site-packages/airflow/example_dags/example_xcomargs.py took 0.056 seconds
[2026-05-03T22:58:53.175+0000] {processor.py:186} INFO - Started process (PID=59388) to work on /home/ec2-user/environment/lab4_model_training/venv/lib64/python3.12/site-packages/airflow/example_dags/example_xcomargs.py
[2026-05-03T22:58:53.176+0000] {processor.py:914} INFO - Processing file /home/ec2-user/environment/lab4_model_training/venv/lib64/python3.12/site-packages/airflow/example_dags/example_xcomargs.py for tasks to queue
[2026-05-03T22:58:53.178+0000] {logging_mixin.py:190} INFO - [2026-05-03T22:58:53.178+0000] {dagbag.py:588} INFO - Filling up the DagBag from /home/ec2-user/environment/lab4_model_training/venv/lib64/python3.12/site-packages/airflow/example_dags/example_xcomargs.py
[2026-05-03T22:58:53.186+0000] {processor.py:925} INFO - DAG(s) 'example_xcom_args', 'example_xcom_args_with_operators' retrieved from /home/ec2-user/environment/lab4_model_training/venv/lib64/python3.12/site-packages/airflow/example_dags/example_xcomargs.py
[2026-05-03T22:58:53.200+0000] {logging_mixin.py:190} INFO - [2026-05-03T22:58:53.200+0000] {dag.py:3239} INFO - Sync 2 DAGs
[2026-05-03T22:58:53.210+0000] {logging_mixin.py:190} INFO - [2026-05-03T22:58:53.210+0000] {dag.py:4180} INFO - Setting next_dagrun for example_xcom_args to None, run_after=None
[2026-05-03T22:58:53.212+0000] {logging_mixin.py:190} INFO - [2026-05-03T22:58:53.212+0000] {dag.py:4180} INFO - Setting next_dagrun for example_xcom_args_with_operators to None, run_after=None
[2026-05-03T22:58:53.227+0000] {processor.py:208} INFO - Processing /home/ec2-user/environment/lab4_model_training/venv/lib64/python3.12/site-packages/airflow/example_dags/example_xcomargs.py took 0.057 seconds
[2026-05-03T23:00:01.596+0000] {processor.py:186} INFO - Started process (PID=59743) to work on /home/ec2-user/environment/lab4_model_training/venv/lib64/python3.12/site-packages/airflow/example_dags/example_xcomargs.py
[2026-05-03T23:00:01.597+0000] {processor.py:914} INFO - Processing file /home/ec2-user/environment/lab4_model_training/venv/lib64/python3.12/site-packages/airflow/example_dags/example_xcomargs.py for tasks to queue
[2026-05-03T23:00:01.599+0000] {logging_mixin.py:190} INFO - [2026-05-03T23:00:01.599+0000] {dagbag.py:588} INFO - Filling up the DagBag from /home/ec2-user/environment/lab4_model_training/venv/lib64/python3.12/site-packages/airflow/example_dags/example_xcomargs.py
[2026-05-03T23:00:01.607+0000] {processor.py:925} INFO - DAG(s) 'example_xcom_args', 'example_xcom_args_with_operators' retrieved from /home/ec2-user/environment/lab4_model_training/venv/lib64/python3.12/site-packages/airflow/example_dags/example_xcomargs.py
[2026-05-03T23:00:01.621+0000] {logging_mixin.py:190} INFO - [2026-05-03T23:00:01.621+0000] {dag.py:3239} INFO - Sync 2 DAGs
[2026-05-03T23:00:01.630+0000] {logging_mixin.py:190} INFO - [2026-05-03T23:00:01.630+0000] {dag.py:4180} INFO - Setting next_dagrun for example_xcom_args to None, run_after=None
[2026-05-03T23:00:01.632+0000] {logging_mixin.py:190} INFO - [2026-05-03T23:00:01.632+0000] {dag.py:4180} INFO - Setting next_dagrun for example_xcom_args_with_operators to None, run_after=None
[2026-05-03T23:00:01.648+0000] {processor.py:208} INFO - Processing /home/ec2-user/environment/lab4_model_training/venv/lib64/python3.12/site-packages/airflow/example_dags/example_xcomargs.py took 0.056 seconds
[2026-05-03T23:01:07.171+0000] {processor.py:186} INFO - Started process (PID=60000) to work on /home/ec2-user/environment/lab4_model_training/venv/lib64/python3.12/site-packages/airflow/example_dags/example_xcomargs.py
[2026-05-03T23:01:07.172+0000] {processor.py:914} INFO - Processing file /home/ec2-user/environment/lab4_model_training/venv/lib64/python3.12/site-packages/airflow/example_dags/example_xcomargs.py for tasks to queue
[2026-05-03T23:01:07.174+0000] {logging_mixin.py:190} INFO - [2026-05-03T23:01:07.174+0000] {dagbag.py:588} INFO - Filling up the DagBag from /home/ec2-user/environment/lab4_model_training/venv/lib64/python3.12/site-packages/airflow/example_dags/example_xcomargs.py
[2026-05-03T23:01:07.182+0000] {processor.py:925} INFO - DAG(s) 'example_xcom_args', 'example_xcom_args_with_operators' retrieved from /home/ec2-user/environment/lab4_model_training/venv/lib64/python3.12/site-packages/airflow/example_dags/example_xcomargs.py
[2026-05-03T23:01:07.195+0000] {logging_mixin.py:190} INFO - [2026-05-03T23:01:07.195+0000] {dag.py:3239} INFO - Sync 2 DAGs
[2026-05-03T23:01:07.205+0000] {logging_mixin.py:190} INFO - [2026-05-03T23:01:07.205+0000] {dag.py:4180} INFO - Setting next_dagrun for example_xcom_args to None, run_after=None
[2026-05-03T23:01:07.207+0000] {logging_mixin.py:190} INFO - [2026-05-03T23:01:07.207+0000] {dag.py:4180} INFO - Setting next_dagrun for example_xcom_args_with_operators to None, run_after=None
[2026-05-03T23:01:07.222+0000] {processor.py:208} INFO - Processing /home/ec2-user/environment/lab4_model_training/venv/lib64/python3.12/site-packages/airflow/example_dags/example_xcomargs.py took 0.055 seconds
[2026-05-03T23:02:13.115+0000] {processor.py:186} INFO - Started process (PID=60332) to work on /home/ec2-user/environment/lab4_model_training/venv/lib64/python3.12/site-packages/airflow/example_dags/example_xcomargs.py
[2026-05-03T23:02:13.117+0000] {processor.py:914} INFO - Processing file /home/ec2-user/environment/lab4_model_training/venv/lib64/python3.12/site-packages/airflow/example_dags/example_xcomargs.py for tasks to queue
[2026-05-03T23:02:13.118+0000] {logging_mixin.py:190} INFO - [2026-05-03T23:02:13.118+0000] {dagbag.py:588} INFO - Filling up the DagBag from /home/ec2-user/environment/lab4_model_training/venv/lib64/python3.12/site-packages/airflow/example_dags/example_xcomargs.py
[2026-05-03T23:02:13.126+0000] {processor.py:925} INFO - DAG(s) 'example_xcom_args', 'example_xcom_args_with_operators' retrieved from /home/ec2-user/environment/lab4_model_training/venv/lib64/python3.12/site-packages/airflow/example_dags/example_xcomargs.py
[2026-05-03T23:02:13.140+0000] {logging_mixin.py:190} INFO - [2026-05-03T23:02:13.140+0000] {dag.py:3239} INFO - Sync 2 DAGs
[2026-05-03T23:02:13.149+0000] {logging_mixin.py:190} INFO - [2026-05-03T23:02:13.149+0000] {dag.py:4180} INFO - Setting next_dagrun for example_xcom_args to None, run_after=None
[2026-05-03T23:02:13.151+0000] {logging_mixin.py:190} INFO - [2026-05-03T23:02:13.151+0000] {dag.py:4180} INFO - Setting next_dagrun for example_xcom_args_with_operators to None, run_after=None
[2026-05-03T23:02:13.166+0000] {processor.py:208} INFO - Processing /home/ec2-user/environment/lab4_model_training/venv/lib64/python3.12/site-packages/airflow/example_dags/example_xcomargs.py took 0.055 seconds
[2026-05-03T23:03:13.374+0000] {processor.py:186} INFO - Started process (PID=60594) to work on /home/ec2-user/environment/lab4_model_training/venv/lib64/python3.12/site-packages/airflow/example_dags/example_xcomargs.py
[2026-05-03T23:03:13.375+0000] {processor.py:914} INFO - Processing file /home/ec2-user/environment/lab4_model_training/venv/lib64/python3.12/site-packages/airflow/example_dags/example_xcomargs.py for tasks to queue
[2026-05-03T23:03:13.377+0000] {logging_mixin.py:190} INFO - [2026-05-03T23:03:13.377+0000] {dagbag.py:588} INFO - Filling up the DagBag from /home/ec2-user/environment/lab4_model_training/venv/lib64/python3.12/site-packages/airflow/example_dags/example_xcomargs.py
[2026-05-03T23:03:13.386+0000] {processor.py:925} INFO - DAG(s) 'example_xcom_args_with_operators', 'example_xcom_args' retrieved from /home/ec2-user/environment/lab4_model_training/venv/lib64/python3.12/site-packages/airflow/example_dags/example_xcomargs.py
[2026-05-03T23:03:13.400+0000] {logging_mixin.py:190} INFO - [2026-05-03T23:03:13.400+0000] {dag.py:3239} INFO - Sync 2 DAGs
[2026-05-03T23:03:13.410+0000] {logging_mixin.py:190} INFO - [2026-05-03T23:03:13.410+0000] {dag.py:4180} INFO - Setting next_dagrun for example_xcom_args to None, run_after=None
[2026-05-03T23:03:13.412+0000] {logging_mixin.py:190} INFO - [2026-05-03T23:03:13.412+0000] {dag.py:4180} INFO - Setting next_dagrun for example_xcom_args_with_operators to None, run_after=None
[2026-05-03T23:03:13.428+0000] {processor.py:208} INFO - Processing /home/ec2-user/environment/lab4_model_training/venv/lib64/python3.12/site-packages/airflow/example_dags/example_xcomargs.py took 0.058 seconds
[2026-05-03T23:04:15.804+0000] {processor.py:186} INFO - Started process (PID=60918) to work on /home/ec2-user/environment/lab4_model_training/venv/lib64/python3.12/site-packages/airflow/example_dags/example_xcomargs.py
[2026-05-03T23:04:15.805+0000] {processor.py:914} INFO - Processing file /home/ec2-user/environment/lab4_model_training/venv/lib64/python3.12/site-packages/airflow/example_dags/example_xcomargs.py for tasks to queue
[2026-05-03T23:04:15.807+0000] {logging_mixin.py:190} INFO - [2026-05-03T23:04:15.807+0000] {dagbag.py:588} INFO - Filling up the DagBag from /home/ec2-user/environment/lab4_model_training/venv/lib64/python3.12/site-packages/airflow/example_dags/example_xcomargs.py
[2026-05-03T23:04:15.815+0000] {processor.py:925} INFO - DAG(s) 'example_xcom_args_with_operators', 'example_xcom_args' retrieved from /home/ec2-user/environment/lab4_model_training/venv/lib64/python3.12/site-packages/airflow/example_dags/example_xcomargs.py
[2026-05-03T23:04:15.828+0000] {logging_mixin.py:190} INFO - [2026-05-03T23:04:15.828+0000] {dag.py:3239} INFO - Sync 2 DAGs
[2026-05-03T23:04:15.838+0000] {logging_mixin.py:190} INFO - [2026-05-03T23:04:15.838+0000] {dag.py:4180} INFO - Setting next_dagrun for example_xcom_args to None, run_after=None
[2026-05-03T23:04:15.841+0000] {logging_mixin.py:190} INFO - [2026-05-03T23:04:15.840+0000] {dag.py:4180} INFO - Setting next_dagrun for example_xcom_args_with_operators to None, run_after=None
[2026-05-03T23:04:15.855+0000] {processor.py:208} INFO - Processing /home/ec2-user/environment/lab4_model_training/venv/lib64/python3.12/site-packages/airflow/example_dags/example_xcomargs.py took 0.056 seconds
[2026-05-03T23:05:22.992+0000] {processor.py:186} INFO - Started process (PID=61172) to work on /home/ec2-user/environment/lab4_model_training/venv/lib64/python3.12/site-packages/airflow/example_dags/example_xcomargs.py
[2026-05-03T23:05:22.994+0000] {processor.py:914} INFO - Processing file /home/ec2-user/environment/lab4_model_training/venv/lib64/python3.12/site-packages/airflow/example_dags/example_xcomargs.py for tasks to queue
[2026-05-03T23:05:22.996+0000] {logging_mixin.py:190} INFO - [2026-05-03T23:05:22.995+0000] {dagbag.py:588} INFO - Filling up the DagBag from /home/ec2-user/environment/lab4_model_training/venv/lib64/python3.12/site-packages/airflow/example_dags/example_xcomargs.py
[2026-05-03T23:05:23.003+0000] {processor.py:925} INFO - DAG(s) 'example_xcom_args', 'example_xcom_args_with_operators' retrieved from /home/ec2-user/environment/lab4_model_training/venv/lib64/python3.12/site-packages/airflow/example_dags/example_xcomargs.py
[2026-05-03T23:05:23.017+0000] {logging_mixin.py:190} INFO - [2026-05-03T23:05:23.017+0000] {dag.py:3239} INFO - Sync 2 DAGs
[2026-05-03T23:05:23.027+0000] {logging_mixin.py:190} INFO - [2026-05-03T23:05:23.027+0000] {dag.py:4180} INFO - Setting next_dagrun for example_xcom_args to None, run_after=None
[2026-05-03T23:05:23.029+0000] {logging_mixin.py:190} INFO - [2026-05-03T23:05:23.029+0000] {dag.py:4180} INFO - Setting next_dagrun for example_xcom_args_with_operators to None, run_after=None
[2026-05-03T23:05:23.043+0000] {processor.py:208} INFO - Processing /home/ec2-user/environment/lab4_model_training/venv/lib64/python3.12/site-packages/airflow/example_dags/example_xcomargs.py took 0.055 seconds
[2026-05-03T23:06:24.250+0000] {processor.py:186} INFO - Started process (PID=61447) to work on /home/ec2-user/environment/lab4_model_training/venv/lib64/python3.12/site-packages/airflow/example_dags/example_xcomargs.py
[2026-05-03T23:06:24.251+0000] {processor.py:914} INFO - Processing file /home/ec2-user/environment/lab4_model_training/venv/lib64/python3.12/site-packages/airflow/example_dags/example_xcomargs.py for tasks to queue
[2026-05-03T23:06:24.252+0000] {logging_mixin.py:190} INFO - [2026-05-03T23:06:24.252+0000] {dagbag.py:588} INFO - Filling up the DagBag from /home/ec2-user/environment/lab4_model_training/venv/lib64/python3.12/site-packages/airflow/example_dags/example_xcomargs.py
[2026-05-03T23:06:24.260+0000] {processor.py:925} INFO - DAG(s) 'example_xcom_args', 'example_xcom_args_with_operators' retrieved from /home/ec2-user/environment/lab4_model_training/venv/lib64/python3.12/site-packages/airflow/example_dags/example_xcomargs.py
[2026-05-03T23:06:24.274+0000] {logging_mixin.py:190} INFO - [2026-05-03T23:06:24.274+0000] {dag.py:3239} INFO - Sync 2 DAGs
[2026-05-03T23:06:24.283+0000] {logging_mixin.py:190} INFO - [2026-05-03T23:06:24.283+0000] {dag.py:4180} INFO - Setting next_dagrun for example_xcom_args to None, run_after=None
[2026-05-03T23:06:24.286+0000] {logging_mixin.py:190} INFO - [2026-05-03T23:06:24.286+0000] {dag.py:4180} INFO - Setting next_dagrun for example_xcom_args_with_operators to None, run_after=None
[2026-05-03T23:06:24.300+0000] {processor.py:208} INFO - Processing /home/ec2-user/environment/lab4_model_training/venv/lib64/python3.12/site-packages/airflow/example_dags/example_xcomargs.py took 0.055 seconds
[2026-05-03T23:07:27.578+0000] {processor.py:186} INFO - Started process (PID=61679) to work on /home/ec2-user/environment/lab4_model_training/venv/lib64/python3.12/site-packages/airflow/example_dags/example_xcomargs.py
[2026-05-03T23:07:27.579+0000] {processor.py:914} INFO - Processing file /home/ec2-user/environment/lab4_model_training/venv/lib64/python3.12/site-packages/airflow/example_dags/example_xcomargs.py for tasks to queue
[2026-05-03T23:07:27.581+0000] {logging_mixin.py:190} INFO - [2026-05-03T23:07:27.580+0000] {dagbag.py:588} INFO - Filling up the DagBag from /home/ec2-user/environment/lab4_model_training/venv/lib64/python3.12/site-packages/airflow/example_dags/example_xcomargs.py
[2026-05-03T23:07:27.588+0000] {processor.py:925} INFO - DAG(s) 'example_xcom_args', 'example_xcom_args_with_operators' retrieved from /home/ec2-user/environment/lab4_model_training/venv/lib64/python3.12/site-packages/airflow/example_dags/example_xcomargs.py
[2026-05-03T23:07:27.602+0000] {logging_mixin.py:190} INFO - [2026-05-03T23:07:27.602+0000] {dag.py:3239} INFO - Sync 2 DAGs
[2026-05-03T23:07:27.612+0000] {logging_mixin.py:190} INFO - [2026-05-03T23:07:27.612+0000] {dag.py:4180} INFO - Setting next_dagrun for example_xcom_args to None, run_after=None
[2026-05-03T23:07:27.614+0000] {logging_mixin.py:190} INFO - [2026-05-03T23:07:27.614+0000] {dag.py:4180} INFO - Setting next_dagrun for example_xcom_args_with_operators to None, run_after=None
[2026-05-03T23:07:27.630+0000] {processor.py:208} INFO - Processing /home/ec2-user/environment/lab4_model_training/venv/lib64/python3.12/site-packages/airflow/example_dags/example_xcomargs.py took 0.057 seconds
[2026-05-03T23:08:31.410+0000] {processor.py:186} INFO - Started process (PID=61991) to work on /home/ec2-user/environment/lab4_model_training/venv/lib64/python3.12/site-packages/airflow/example_dags/example_xcomargs.py
[2026-05-03T23:08:31.411+0000] {processor.py:914} INFO - Processing file /home/ec2-user/environment/lab4_model_training/venv/lib64/python3.12/site-packages/airflow/example_dags/example_xcomargs.py for tasks to queue
[2026-05-03T23:08:31.413+0000] {logging_mixin.py:190} INFO - [2026-05-03T23:08:31.413+0000] {dagbag.py:588} INFO - Filling up the DagBag from /home/ec2-user/environment/lab4_model_training/venv/lib64/python3.12/site-packages/airflow/example_dags/example_xcomargs.py
[2026-05-03T23:08:31.421+0000] {processor.py:925} INFO - DAG(s) 'example_xcom_args', 'example_xcom_args_with_operators' retrieved from /home/ec2-user/environment/lab4_model_training/venv/lib64/python3.12/site-packages/airflow/example_dags/example_xcomargs.py
[2026-05-03T23:08:31.435+0000] {logging_mixin.py:190} INFO - [2026-05-03T23:08:31.434+0000] {dag.py:3239} INFO - Sync 2 DAGs
[2026-05-03T23:08:31.444+0000] {logging_mixin.py:190} INFO - [2026-05-03T23:08:31.444+0000] {dag.py:4180} INFO - Setting next_dagrun for example_xcom_args to None, run_after=None
[2026-05-03T23:08:31.446+0000] {logging_mixin.py:190} INFO - [2026-05-03T23:08:31.446+0000] {dag.py:4180} INFO - Setting next_dagrun for example_xcom_args_with_operators to None, run_after=None
[2026-05-03T23:08:31.461+0000] {processor.py:208} INFO - Processing /home/ec2-user/environment/lab4_model_training/venv/lib64/python3.12/site-packages/airflow/example_dags/example_xcomargs.py took 0.055 seconds
[2026-05-03T23:09:37.382+0000] {processor.py:186} INFO - Started process (PID=62248) to work on /home/ec2-user/environment/lab4_model_training/venv/lib64/python3.12/site-packages/airflow/example_dags/example_xcomargs.py
[2026-05-03T23:09:37.383+0000] {processor.py:914} INFO - Processing file /home/ec2-user/environment/lab4_model_training/venv/lib64/python3.12/site-packages/airflow/example_dags/example_xcomargs.py for tasks to queue
[2026-05-03T23:09:37.385+0000] {logging_mixin.py:190} INFO - [2026-05-03T23:09:37.385+0000] {dagbag.py:588} INFO - Filling up the DagBag from /home/ec2-user/environment/lab4_model_training/venv/lib64/python3.12/site-packages/airflow/example_dags/example_xcomargs.py
[2026-05-03T23:09:37.393+0000] {processor.py:925} INFO - DAG(s) 'example_xcom_args', 'example_xcom_args_with_operators' retrieved from /home/ec2-user/environment/lab4_model_training/venv/lib64/python3.12/site-packages/airflow/example_dags/example_xcomargs.py
[2026-05-03T23:09:37.407+0000] {logging_mixin.py:190} INFO - [2026-05-03T23:09:37.407+0000] {dag.py:3239} INFO - Sync 2 DAGs
[2026-05-03T23:09:37.416+0000] {logging_mixin.py:190} INFO - [2026-05-03T23:09:37.416+0000] {dag.py:4180} INFO - Setting next_dagrun for example_xcom_args to None, run_after=None
[2026-05-03T23:09:37.419+0000] {logging_mixin.py:190} INFO - [2026-05-03T23:09:37.419+0000] {dag.py:4180} INFO - Setting next_dagrun for example_xcom_args_with_operators to None, run_after=None
[2026-05-03T23:09:37.434+0000] {processor.py:208} INFO - Processing /home/ec2-user/environment/lab4_model_training/venv/lib64/python3.12/site-packages/airflow/example_dags/example_xcomargs.py took 0.057 seconds
[2026-05-03T23:10:42.919+0000] {processor.py:186} INFO - Started process (PID=62445) to work on /home/ec2-user/environment/lab4_model_training/venv/lib64/python3.12/site-packages/airflow/example_dags/example_xcomargs.py
[2026-05-03T23:10:42.920+0000] {processor.py:914} INFO - Processing file /home/ec2-user/environment/lab4_model_training/venv/lib64/python3.12/site-packages/airflow/example_dags/example_xcomargs.py for tasks to queue
[2026-05-03T23:10:42.922+0000] {logging_mixin.py:190} INFO - [2026-05-03T23:10:42.922+0000] {dagbag.py:588} INFO - Filling up the DagBag from /home/ec2-user/environment/lab4_model_training/venv/lib64/python3.12/site-packages/airflow/example_dags/example_xcomargs.py
[2026-05-03T23:10:42.930+0000] {processor.py:925} INFO - DAG(s) 'example_xcom_args', 'example_xcom_args_with_operators' retrieved from /home/ec2-user/environment/lab4_model_training/venv/lib64/python3.12/site-packages/airflow/example_dags/example_xcomargs.py
[2026-05-03T23:10:42.944+0000] {logging_mixin.py:190} INFO - [2026-05-03T23:10:42.943+0000] {dag.py:3239} INFO - Sync 2 DAGs
[2026-05-03T23:10:42.953+0000] {logging_mixin.py:190} INFO - [2026-05-03T23:10:42.953+0000] {dag.py:4180} INFO - Setting next_dagrun for example_xcom_args to None, run_after=None
[2026-05-03T23:10:42.955+0000] {logging_mixin.py:190} INFO - [2026-05-03T23:10:42.955+0000] {dag.py:4180} INFO - Setting next_dagrun for example_xcom_args_with_operators to None, run_after=None
[2026-05-03T23:10:42.970+0000] {processor.py:208} INFO - Processing /home/ec2-user/environment/lab4_model_training/venv/lib64/python3.12/site-packages/airflow/example_dags/example_xcomargs.py took 0.055 seconds
[2026-05-03T23:11:46.547+0000] {processor.py:186} INFO - Started process (PID=62643) to work on /home/ec2-user/environment/lab4_model_training/venv/lib64/python3.12/site-packages/airflow/example_dags/example_xcomargs.py
[2026-05-03T23:11:46.548+0000] {processor.py:914} INFO - Processing file /home/ec2-user/environment/lab4_model_training/venv/lib64/python3.12/site-packages/airflow/example_dags/example_xcomargs.py for tasks to queue
[2026-05-03T23:11:46.550+0000] {logging_mixin.py:190} INFO - [2026-05-03T23:11:46.549+0000] {dagbag.py:588} INFO - Filling up the DagBag from /home/ec2-user/environment/lab4_model_training/venv/lib64/python3.12/site-packages/airflow/example_dags/example_xcomargs.py
[2026-05-03T23:11:46.558+0000] {processor.py:925} INFO - DAG(s) 'example_xcom_args_with_operators', 'example_xcom_args' retrieved from /home/ec2-user/environment/lab4_model_training/venv/lib64/python3.12/site-packages/airflow/example_dags/example_xcomargs.py
[2026-05-03T23:11:46.571+0000] {logging_mixin.py:190} INFO - [2026-05-03T23:11:46.571+0000] {dag.py:3239} INFO - Sync 2 DAGs
[2026-05-03T23:11:46.581+0000] {logging_mixin.py:190} INFO - [2026-05-03T23:11:46.581+0000] {dag.py:4180} INFO - Setting next_dagrun for example_xcom_args to None, run_after=None
[2026-05-03T23:11:46.584+0000] {logging_mixin.py:190} INFO - [2026-05-03T23:11:46.584+0000] {dag.py:4180} INFO - Setting next_dagrun for example_xcom_args_with_operators to None, run_after=None
[2026-05-03T23:11:46.599+0000] {processor.py:208} INFO - Processing /home/ec2-user/environment/lab4_model_training/venv/lib64/python3.12/site-packages/airflow/example_dags/example_xcomargs.py took 0.057 seconds
[2026-05-03T23:12:55.005+0000] {processor.py:186} INFO - Started process (PID=62803) to work on /home/ec2-user/environment/lab4_model_training/venv/lib64/python3.12/site-packages/airflow/example_dags/example_xcomargs.py
[2026-05-03T23:12:55.006+0000] {processor.py:914} INFO - Processing file /home/ec2-user/environment/lab4_model_training/venv/lib64/python3.12/site-packages/airflow/example_dags/example_xcomargs.py for tasks to queue
[2026-05-03T23:12:55.008+0000] {logging_mixin.py:190} INFO - [2026-05-03T23:12:55.008+0000] {dagbag.py:588} INFO - Filling up the DagBag from /home/ec2-user/environment/lab4_model_training/venv/lib64/python3.12/site-packages/airflow/example_dags/example_xcomargs.py
[2026-05-03T23:12:55.016+0000] {processor.py:925} INFO - DAG(s) 'example_xcom_args_with_operators', 'example_xcom_args' retrieved from /home/ec2-user/environment/lab4_model_training/venv/lib64/python3.12/site-packages/airflow/example_dags/example_xcomargs.py
[2026-05-03T23:12:55.029+0000] {logging_mixin.py:190} INFO - [2026-05-03T23:12:55.029+0000] {dag.py:3239} INFO - Sync 2 DAGs
[2026-05-03T23:12:55.039+0000] {logging_mixin.py:190} INFO - [2026-05-03T23:12:55.039+0000] {dag.py:4180} INFO - Setting next_dagrun for example_xcom_args to None, run_after=None
[2026-05-03T23:12:55.041+0000] {logging_mixin.py:190} INFO - [2026-05-03T23:12:55.041+0000] {dag.py:4180} INFO - Setting next_dagrun for example_xcom_args_with_operators to None, run_after=None
[2026-05-03T23:12:55.056+0000] {processor.py:208} INFO - Processing /home/ec2-user/environment/lab4_model_training/venv/lib64/python3.12/site-packages/airflow/example_dags/example_xcomargs.py took 0.056 seconds
[2026-05-03T23:14:00.655+0000] {processor.py:186} INFO - Started process (PID=63024) to work on /home/ec2-user/environment/lab4_model_training/venv/lib64/python3.12/site-packages/airflow/example_dags/example_xcomargs.py
[2026-05-03T23:14:00.656+0000] {processor.py:914} INFO - Processing file /home/ec2-user/environment/lab4_model_training/venv/lib64/python3.12/site-packages/airflow/example_dags/example_xcomargs.py for tasks to queue
[2026-05-03T23:14:00.657+0000] {logging_mixin.py:190} INFO - [2026-05-03T23:14:00.657+0000] {dagbag.py:588} INFO - Filling up the DagBag from /home/ec2-user/environment/lab4_model_training/venv/lib64/python3.12/site-packages/airflow/example_dags/example_xcomargs.py
[2026-05-03T23:14:00.665+0000] {processor.py:925} INFO - DAG(s) 'example_xcom_args_with_operators', 'example_xcom_args' retrieved from /home/ec2-user/environment/lab4_model_training/venv/lib64/python3.12/site-packages/airflow/example_dags/example_xcomargs.py
[2026-05-03T23:14:00.679+0000] {logging_mixin.py:190} INFO - [2026-05-03T23:14:00.679+0000] {dag.py:3239} INFO - Sync 2 DAGs
[2026-05-03T23:14:00.689+0000] {logging_mixin.py:190} INFO - [2026-05-03T23:14:00.689+0000] {dag.py:4180} INFO - Setting next_dagrun for example_xcom_args to None, run_after=None
[2026-05-03T23:14:00.691+0000] {logging_mixin.py:190} INFO - [2026-05-03T23:14:00.691+0000] {dag.py:4180} INFO - Setting next_dagrun for example_xcom_args_with_operators to None, run_after=None
[2026-05-03T23:14:00.706+0000] {processor.py:208} INFO - Processing /home/ec2-user/environment/lab4_model_training/venv/lib64/python3.12/site-packages/airflow/example_dags/example_xcomargs.py took 0.056 seconds
[2026-05-03T23:15:05.622+0000] {processor.py:186} INFO - Started process (PID=63239) to work on /home/ec2-user/environment/lab4_model_training/venv/lib64/python3.12/site-packages/airflow/example_dags/example_xcomargs.py
[2026-05-03T23:15:05.623+0000] {processor.py:914} INFO - Processing file /home/ec2-user/environment/lab4_model_training/venv/lib64/python3.12/site-packages/airflow/example_dags/example_xcomargs.py for tasks to queue
[2026-05-03T23:15:05.624+0000] {logging_mixin.py:190} INFO - [2026-05-03T23:15:05.624+0000] {dagbag.py:588} INFO - Filling up the DagBag from /home/ec2-user/environment/lab4_model_training/venv/lib64/python3.12/site-packages/airflow/example_dags/example_xcomargs.py
[2026-05-03T23:15:05.633+0000] {processor.py:925} INFO - DAG(s) 'example_xcom_args', 'example_xcom_args_with_operators' retrieved from /home/ec2-user/environment/lab4_model_training/venv/lib64/python3.12/site-packages/airflow/example_dags/example_xcomargs.py
[2026-05-03T23:15:05.647+0000] {logging_mixin.py:190} INFO - [2026-05-03T23:15:05.646+0000] {dag.py:3239} INFO - Sync 2 DAGs
[2026-05-03T23:15:05.656+0000] {logging_mixin.py:190} INFO - [2026-05-03T23:15:05.656+0000] {dag.py:4180} INFO - Setting next_dagrun for example_xcom_args to None, run_after=None
[2026-05-03T23:15:05.659+0000] {logging_mixin.py:190} INFO - [2026-05-03T23:15:05.659+0000] {dag.py:4180} INFO - Setting next_dagrun for example_xcom_args_with_operators to None, run_after=None
[2026-05-03T23:15:05.674+0000] {processor.py:208} INFO - Processing /home/ec2-user/environment/lab4_model_training/venv/lib64/python3.12/site-packages/airflow/example_dags/example_xcomargs.py took 0.057 seconds
[2026-05-03T23:16:08.503+0000] {processor.py:186} INFO - Started process (PID=63446) to work on /home/ec2-user/environment/lab4_model_training/venv/lib64/python3.12/site-packages/airflow/example_dags/example_xcomargs.py
[2026-05-03T23:16:08.505+0000] {processor.py:914} INFO - Processing file /home/ec2-user/environment/lab4_model_training/venv/lib64/python3.12/site-packages/airflow/example_dags/example_xcomargs.py for tasks to queue
[2026-05-03T23:16:08.506+0000] {logging_mixin.py:190} INFO - [2026-05-03T23:16:08.506+0000] {dagbag.py:588} INFO - Filling up the DagBag from /home/ec2-user/environment/lab4_model_training/venv/lib64/python3.12/site-packages/airflow/example_dags/example_xcomargs.py
[2026-05-03T23:16:08.514+0000] {processor.py:925} INFO - DAG(s) 'example_xcom_args_with_operators', 'example_xcom_args' retrieved from /home/ec2-user/environment/lab4_model_training/venv/lib64/python3.12/site-packages/airflow/example_dags/example_xcomargs.py
[2026-05-03T23:16:08.528+0000] {logging_mixin.py:190} INFO - [2026-05-03T23:16:08.528+0000] {dag.py:3239} INFO - Sync 2 DAGs
[2026-05-03T23:16:08.538+0000] {logging_mixin.py:190} INFO - [2026-05-03T23:16:08.538+0000] {dag.py:4180} INFO - Setting next_dagrun for example_xcom_args to None, run_after=None
[2026-05-03T23:16:08.540+0000] {logging_mixin.py:190} INFO - [2026-05-03T23:16:08.540+0000] {dag.py:4180} INFO - Setting next_dagrun for example_xcom_args_with_operators to None, run_after=None
[2026-05-03T23:16:08.555+0000] {processor.py:208} INFO - Processing /home/ec2-user/environment/lab4_model_training/venv/lib64/python3.12/site-packages/airflow/example_dags/example_xcomargs.py took 0.057 seconds
[2026-05-03T23:17:39.750+0000] {processor.py:186} INFO - Started process (PID=63713) to work on /home/ec2-user/environment/lab4_model_training/venv/lib64/python3.12/site-packages/airflow/example_dags/example_xcomargs.py
[2026-05-03T23:17:39.751+0000] {processor.py:914} INFO - Processing file /home/ec2-user/environment/lab4_model_training/venv/lib64/python3.12/site-packages/airflow/example_dags/example_xcomargs.py for tasks to queue
[2026-05-03T23:17:39.752+0000] {logging_mixin.py:190} INFO - [2026-05-03T23:17:39.752+0000] {dagbag.py:588} INFO - Filling up the DagBag from /home/ec2-user/environment/lab4_model_training/venv/lib64/python3.12/site-packages/airflow/example_dags/example_xcomargs.py
[2026-05-03T23:17:39.760+0000] {processor.py:925} INFO - DAG(s) 'example_xcom_args_with_operators', 'example_xcom_args' retrieved from /home/ec2-user/environment/lab4_model_training/venv/lib64/python3.12/site-packages/airflow/example_dags/example_xcomargs.py
[2026-05-03T23:17:39.774+0000] {logging_mixin.py:190} INFO - [2026-05-03T23:17:39.774+0000] {dag.py:3239} INFO - Sync 2 DAGs
[2026-05-03T23:17:39.783+0000] {logging_mixin.py:190} INFO - [2026-05-03T23:17:39.783+0000] {dag.py:4180} INFO - Setting next_dagrun for example_xcom_args to None, run_after=None
[2026-05-03T23:17:39.786+0000] {logging_mixin.py:190} INFO - [2026-05-03T23:17:39.786+0000] {dag.py:4180} INFO - Setting next_dagrun for example_xcom_args_with_operators to None, run_after=None
[2026-05-03T23:17:39.800+0000] {processor.py:208} INFO - Processing /home/ec2-user/environment/lab4_model_training/venv/lib64/python3.12/site-packages/airflow/example_dags/example_xcomargs.py took 0.055 seconds
[2026-05-03T23:18:45.406+0000] {processor.py:186} INFO - Started process (PID=63885) to work on /home/ec2-user/environment/lab4_model_training/venv/lib64/python3.12/site-packages/airflow/example_dags/example_xcomargs.py
[2026-05-03T23:18:45.407+0000] {processor.py:914} INFO - Processing file /home/ec2-user/environment/lab4_model_training/venv/lib64/python3.12/site-packages/airflow/example_dags/example_xcomargs.py for tasks to queue
[2026-05-03T23:18:45.409+0000] {logging_mixin.py:190} INFO - [2026-05-03T23:18:45.409+0000] {dagbag.py:588} INFO - Filling up the DagBag from /home/ec2-user/environment/lab4_model_training/venv/lib64/python3.12/site-packages/airflow/example_dags/example_xcomargs.py
[2026-05-03T23:18:45.417+0000] {processor.py:925} INFO - DAG(s) 'example_xcom_args_with_operators', 'example_xcom_args' retrieved from /home/ec2-user/environment/lab4_model_training/venv/lib64/python3.12/site-packages/airflow/example_dags/example_xcomargs.py
[2026-05-03T23:18:45.431+0000] {logging_mixin.py:190} INFO - [2026-05-03T23:18:45.431+0000] {dag.py:3239} INFO - Sync 2 DAGs
[2026-05-03T23:18:45.440+0000] {logging_mixin.py:190} INFO - [2026-05-03T23:18:45.440+0000] {dag.py:4180} INFO - Setting next_dagrun for example_xcom_args to None, run_after=None
[2026-05-03T23:18:45.443+0000] {logging_mixin.py:190} INFO - [2026-05-03T23:18:45.443+0000] {dag.py:4180} INFO - Setting next_dagrun for example_xcom_args_with_operators to None, run_after=None
[2026-05-03T23:18:45.457+0000] {processor.py:208} INFO - Processing /home/ec2-user/environment/lab4_model_training/venv/lib64/python3.12/site-packages/airflow/example_dags/example_xcomargs.py took 0.055 seconds
[2026-05-03T23:19:48.038+0000] {processor.py:186} INFO - Started process (PID=64002) to work on /home/ec2-user/environment/lab4_model_training/venv/lib64/python3.12/site-packages/airflow/example_dags/example_xcomargs.py
[2026-05-03T23:19:48.039+0000] {processor.py:914} INFO - Processing file /home/ec2-user/environment/lab4_model_training/venv/lib64/python3.12/site-packages/airflow/example_dags/example_xcomargs.py for tasks to queue
[2026-05-03T23:19:48.041+0000] {logging_mixin.py:190} INFO - [2026-05-03T23:19:48.041+0000] {dagbag.py:588} INFO - Filling up the DagBag from /home/ec2-user/environment/lab4_model_training/venv/lib64/python3.12/site-packages/airflow/example_dags/example_xcomargs.py
[2026-05-03T23:19:48.049+0000] {processor.py:925} INFO - DAG(s) 'example_xcom_args_with_operators', 'example_xcom_args' retrieved from /home/ec2-user/environment/lab4_model_training/venv/lib64/python3.12/site-packages/airflow/example_dags/example_xcomargs.py
[2026-05-03T23:19:48.063+0000] {logging_mixin.py:190} INFO - [2026-05-03T23:19:48.063+0000] {dag.py:3239} INFO - Sync 2 DAGs
[2026-05-03T23:19:48.073+0000] {logging_mixin.py:190} INFO - [2026-05-03T23:19:48.073+0000] {dag.py:4180} INFO - Setting next_dagrun for example_xcom_args to None, run_after=None
[2026-05-03T23:19:48.075+0000] {logging_mixin.py:190} INFO - [2026-05-03T23:19:48.075+0000] {dag.py:4180} INFO - Setting next_dagrun for example_xcom_args_with_operators to None, run_after=None
[2026-05-03T23:19:48.090+0000] {processor.py:208} INFO - Processing /home/ec2-user/environment/lab4_model_training/venv/lib64/python3.12/site-packages/airflow/example_dags/example_xcomargs.py took 0.056 seconds
[2026-05-03T23:20:58.126+0000] {processor.py:186} INFO - Started process (PID=64194) to work on /home/ec2-user/environment/lab4_model_training/venv/lib64/python3.12/site-packages/airflow/example_dags/example_xcomargs.py
[2026-05-03T23:20:58.127+0000] {processor.py:914} INFO - Processing file /home/ec2-user/environment/lab4_model_training/venv/lib64/python3.12/site-packages/airflow/example_dags/example_xcomargs.py for tasks to queue
[2026-05-03T23:20:58.129+0000] {logging_mixin.py:190} INFO - [2026-05-03T23:20:58.128+0000] {dagbag.py:588} INFO - Filling up the DagBag from /home/ec2-user/environment/lab4_model_training/venv/lib64/python3.12/site-packages/airflow/example_dags/example_xcomargs.py
[2026-05-03T23:20:58.137+0000] {processor.py:925} INFO - DAG(s) 'example_xcom_args', 'example_xcom_args_with_operators' retrieved from /home/ec2-user/environment/lab4_model_training/venv/lib64/python3.12/site-packages/airflow/example_dags/example_xcomargs.py
[2026-05-03T23:20:58.151+0000] {logging_mixin.py:190} INFO - [2026-05-03T23:20:58.151+0000] {dag.py:3239} INFO - Sync 2 DAGs
[2026-05-03T23:20:58.162+0000] {logging_mixin.py:190} INFO - [2026-05-03T23:20:58.161+0000] {dag.py:4180} INFO - Setting next_dagrun for example_xcom_args to None, run_after=None
[2026-05-03T23:20:58.164+0000] {logging_mixin.py:190} INFO - [2026-05-03T23:20:58.164+0000] {dag.py:4180} INFO - Setting next_dagrun for example_xcom_args_with_operators to None, run_after=None
[2026-05-03T23:20:58.179+0000] {processor.py:208} INFO - Processing /home/ec2-user/environment/lab4_model_training/venv/lib64/python3.12/site-packages/airflow/example_dags/example_xcomargs.py took 0.058 seconds
[2026-05-03T23:22:34.323+0000] {processor.py:186} INFO - Started process (PID=64475) to work on /home/ec2-user/environment/lab4_model_training/venv/lib64/python3.12/site-packages/airflow/example_dags/example_xcomargs.py
[2026-05-03T23:22:34.325+0000] {processor.py:914} INFO - Processing file /home/ec2-user/environment/lab4_model_training/venv/lib64/python3.12/site-packages/airflow/example_dags/example_xcomargs.py for tasks to queue
[2026-05-03T23:22:34.326+0000] {logging_mixin.py:190} INFO - [2026-05-03T23:22:34.326+0000] {dagbag.py:588} INFO - Filling up the DagBag from /home/ec2-user/environment/lab4_model_training/venv/lib64/python3.12/site-packages/airflow/example_dags/example_xcomargs.py
[2026-05-03T23:22:34.335+0000] {processor.py:925} INFO - DAG(s) 'example_xcom_args', 'example_xcom_args_with_operators' retrieved from /home/ec2-user/environment/lab4_model_training/venv/lib64/python3.12/site-packages/airflow/example_dags/example_xcomargs.py
[2026-05-03T23:22:34.349+0000] {logging_mixin.py:190} INFO - [2026-05-03T23:22:34.349+0000] {dag.py:3239} INFO - Sync 2 DAGs
[2026-05-03T23:22:34.359+0000] {logging_mixin.py:190} INFO - [2026-05-03T23:22:34.359+0000] {dag.py:4180} INFO - Setting next_dagrun for example_xcom_args to None, run_after=None
[2026-05-03T23:22:34.362+0000] {logging_mixin.py:190} INFO - [2026-05-03T23:22:34.361+0000] {dag.py:4180} INFO - Setting next_dagrun for example_xcom_args_with_operators to None, run_after=None
[2026-05-03T23:22:34.377+0000] {processor.py:208} INFO - Processing /home/ec2-user/environment/lab4_model_training/venv/lib64/python3.12/site-packages/airflow/example_dags/example_xcomargs.py took 0.058 seconds
[2026-05-03T23:23:40.058+0000] {processor.py:186} INFO - Started process (PID=64616) to work on /home/ec2-user/environment/lab4_model_training/venv/lib64/python3.12/site-packages/airflow/example_dags/example_xcomargs.py
[2026-05-03T23:23:40.059+0000] {processor.py:914} INFO - Processing file /home/ec2-user/environment/lab4_model_training/venv/lib64/python3.12/site-packages/airflow/example_dags/example_xcomargs.py for tasks to queue
[2026-05-03T23:23:40.060+0000] {logging_mixin.py:190} INFO - [2026-05-03T23:23:40.060+0000] {dagbag.py:588} INFO - Filling up the DagBag from /home/ec2-user/environment/lab4_model_training/venv/lib64/python3.12/site-packages/airflow/example_dags/example_xcomargs.py
[2026-05-03T23:23:40.068+0000] {processor.py:925} INFO - DAG(s) 'example_xcom_args_with_operators', 'example_xcom_args' retrieved from /home/ec2-user/environment/lab4_model_training/venv/lib64/python3.12/site-packages/airflow/example_dags/example_xcomargs.py
[2026-05-03T23:23:40.082+0000] {logging_mixin.py:190} INFO - [2026-05-03T23:23:40.082+0000] {dag.py:3239} INFO - Sync 2 DAGs
[2026-05-03T23:23:40.092+0000] {logging_mixin.py:190} INFO - [2026-05-03T23:23:40.092+0000] {dag.py:4180} INFO - Setting next_dagrun for example_xcom_args to None, run_after=None
[2026-05-03T23:23:40.095+0000] {logging_mixin.py:190} INFO - [2026-05-03T23:23:40.095+0000] {dag.py:4180} INFO - Setting next_dagrun for example_xcom_args_with_operators to None, run_after=None
[2026-05-03T23:23:40.109+0000] {processor.py:208} INFO - Processing /home/ec2-user/environment/lab4_model_training/venv/lib64/python3.12/site-packages/airflow/example_dags/example_xcomargs.py took 0.057 seconds
[2026-05-03T23:24:46.063+0000] {processor.py:186} INFO - Started process (PID=64859) to work on /home/ec2-user/environment/lab4_model_training/venv/lib64/python3.12/site-packages/airflow/example_dags/example_xcomargs.py
[2026-05-03T23:24:46.064+0000] {processor.py:914} INFO - Processing file /home/ec2-user/environment/lab4_model_training/venv/lib64/python3.12/site-packages/airflow/example_dags/example_xcomargs.py for tasks to queue
[2026-05-03T23:24:46.066+0000] {logging_mixin.py:190} INFO - [2026-05-03T23:24:46.065+0000] {dagbag.py:588} INFO - Filling up the DagBag from /home/ec2-user/environment/lab4_model_training/venv/lib64/python3.12/site-packages/airflow/example_dags/example_xcomargs.py
[2026-05-03T23:24:46.074+0000] {processor.py:925} INFO - DAG(s) 'example_xcom_args', 'example_xcom_args_with_operators' retrieved from /home/ec2-user/environment/lab4_model_training/venv/lib64/python3.12/site-packages/airflow/example_dags/example_xcomargs.py
[2026-05-03T23:24:46.089+0000] {logging_mixin.py:190} INFO - [2026-05-03T23:24:46.089+0000] {dag.py:3239} INFO - Sync 2 DAGs
[2026-05-03T23:24:46.098+0000] {logging_mixin.py:190} INFO - [2026-05-03T23:24:46.098+0000] {dag.py:4180} INFO - Setting next_dagrun for example_xcom_args to None, run_after=None
[2026-05-03T23:24:46.101+0000] {logging_mixin.py:190} INFO - [2026-05-03T23:24:46.100+0000] {dag.py:4180} INFO - Setting next_dagrun for example_xcom_args_with_operators to None, run_after=None
[2026-05-03T23:24:46.116+0000] {processor.py:208} INFO - Processing /home/ec2-user/environment/lab4_model_training/venv/lib64/python3.12/site-packages/airflow/example_dags/example_xcomargs.py took 0.057 seconds
[2026-05-03T23:25:51.028+0000] {processor.py:186} INFO - Started process (PID=65036) to work on /home/ec2-user/environment/lab4_model_training/venv/lib64/python3.12/site-packages/airflow/example_dags/example_xcomargs.py
[2026-05-03T23:25:51.029+0000] {processor.py:914} INFO - Processing file /home/ec2-user/environment/lab4_model_training/venv/lib64/python3.12/site-packages/airflow/example_dags/example_xcomargs.py for tasks to queue
[2026-05-03T23:25:51.031+0000] {logging_mixin.py:190} INFO - [2026-05-03T23:25:51.030+0000] {dagbag.py:588} INFO - Filling up the DagBag from /home/ec2-user/environment/lab4_model_training/venv/lib64/python3.12/site-packages/airflow/example_dags/example_xcomargs.py
[2026-05-03T23:25:51.039+0000] {processor.py:925} INFO - DAG(s) 'example_xcom_args_with_operators', 'example_xcom_args' retrieved from /home/ec2-user/environment/lab4_model_training/venv/lib64/python3.12/site-packages/airflow/example_dags/example_xcomargs.py
[2026-05-03T23:25:51.053+0000] {logging_mixin.py:190} INFO - [2026-05-03T23:25:51.053+0000] {dag.py:3239} INFO - Sync 2 DAGs
[2026-05-03T23:25:51.063+0000] {logging_mixin.py:190} INFO - [2026-05-03T23:25:51.063+0000] {dag.py:4180} INFO - Setting next_dagrun for example_xcom_args to None, run_after=None
[2026-05-03T23:25:51.065+0000] {logging_mixin.py:190} INFO - [2026-05-03T23:25:51.065+0000] {dag.py:4180} INFO - Setting next_dagrun for example_xcom_args_with_operators to None, run_after=None
[2026-05-03T23:25:51.081+0000] {processor.py:208} INFO - Processing /home/ec2-user/environment/lab4_model_training/venv/lib64/python3.12/site-packages/airflow/example_dags/example_xcomargs.py took 0.058 seconds
