[2026-05-03T22:49:46.475+0000] {processor.py:186} INFO - Started process (PID=57673) to work on /home/ec2-user/environment/lab4_model_training/venv/lib64/python3.12/site-packages/airflow/example_dags/example_outlet_event_extra.py
[2026-05-03T22:49:46.476+0000] {processor.py:914} INFO - Processing file /home/ec2-user/environment/lab4_model_training/venv/lib64/python3.12/site-packages/airflow/example_dags/example_outlet_event_extra.py for tasks to queue
[2026-05-03T22:49:46.478+0000] {logging_mixin.py:190} INFO - [2026-05-03T22:49:46.478+0000] {dagbag.py:588} INFO - Filling up the DagBag from /home/ec2-user/environment/lab4_model_training/venv/lib64/python3.12/site-packages/airflow/example_dags/example_outlet_event_extra.py
[2026-05-03T22:49:46.568+0000] {processor.py:925} INFO - DAG(s) 'dataset_with_extra_by_yield', 'dataset_with_extra_from_classic_operator', 'dataset_with_extra_by_context' retrieved from /home/ec2-user/environment/lab4_model_training/venv/lib64/python3.12/site-packages/airflow/example_dags/example_outlet_event_extra.py
[2026-05-03T22:49:46.584+0000] {logging_mixin.py:190} INFO - [2026-05-03T22:49:46.584+0000] {dag.py:3239} INFO - Sync 3 DAGs
[2026-05-03T22:49:46.600+0000] {logging_mixin.py:190} INFO - [2026-05-03T22:49:46.600+0000] {dag.py:4180} INFO - Setting next_dagrun for dataset_with_extra_by_context to 2026-05-02 00:00:00+00:00, run_after=2026-05-03 00:00:00+00:00
[2026-05-03T22:49:46.603+0000] {logging_mixin.py:190} INFO - [2026-05-03T22:49:46.603+0000] {dag.py:4180} INFO - Setting next_dagrun for dataset_with_extra_by_yield to 2026-05-02 00:00:00+00:00, run_after=2026-05-03 00:00:00+00:00
[2026-05-03T22:49:46.605+0000] {logging_mixin.py:190} INFO - [2026-05-03T22:49:46.605+0000] {dag.py:4180} INFO - Setting next_dagrun for dataset_with_extra_from_classic_operator to 2026-05-02 00:00:00+00:00, run_after=2026-05-03 00:00:00+00:00
[2026-05-03T22:49:46.624+0000] {processor.py:208} INFO - Processing /home/ec2-user/environment/lab4_model_training/venv/lib64/python3.12/site-packages/airflow/example_dags/example_outlet_event_extra.py took 0.154 seconds
[2026-05-03T22:50:52.075+0000] {processor.py:186} INFO - Started process (PID=57850) to work on /home/ec2-user/environment/lab4_model_training/venv/lib64/python3.12/site-packages/airflow/example_dags/example_outlet_event_extra.py
[2026-05-03T22:50:52.076+0000] {processor.py:914} INFO - Processing file /home/ec2-user/environment/lab4_model_training/venv/lib64/python3.12/site-packages/airflow/example_dags/example_outlet_event_extra.py for tasks to queue
[2026-05-03T22:50:52.078+0000] {logging_mixin.py:190} INFO - [2026-05-03T22:50:52.077+0000] {dagbag.py:588} INFO - Filling up the DagBag from /home/ec2-user/environment/lab4_model_training/venv/lib64/python3.12/site-packages/airflow/example_dags/example_outlet_event_extra.py
[2026-05-03T22:50:52.166+0000] {processor.py:925} INFO - DAG(s) 'dataset_with_extra_by_context', 'dataset_with_extra_by_yield', 'dataset_with_extra_from_classic_operator' retrieved from /home/ec2-user/environment/lab4_model_training/venv/lib64/python3.12/site-packages/airflow/example_dags/example_outlet_event_extra.py
[2026-05-03T22:50:52.181+0000] {logging_mixin.py:190} INFO - [2026-05-03T22:50:52.181+0000] {dag.py:3239} INFO - Sync 3 DAGs
[2026-05-03T22:50:52.197+0000] {logging_mixin.py:190} INFO - [2026-05-03T22:50:52.197+0000] {dag.py:4180} INFO - Setting next_dagrun for dataset_with_extra_by_context to 2026-05-02 00:00:00+00:00, run_after=2026-05-03 00:00:00+00:00
[2026-05-03T22:50:52.200+0000] {logging_mixin.py:190} INFO - [2026-05-03T22:50:52.200+0000] {dag.py:4180} INFO - Setting next_dagrun for dataset_with_extra_by_yield to 2026-05-02 00:00:00+00:00, run_after=2026-05-03 00:00:00+00:00
[2026-05-03T22:50:52.202+0000] {logging_mixin.py:190} INFO - [2026-05-03T22:50:52.202+0000] {dag.py:4180} INFO - Setting next_dagrun for dataset_with_extra_from_classic_operator to 2026-05-02 00:00:00+00:00, run_after=2026-05-03 00:00:00+00:00
[2026-05-03T22:50:52.219+0000] {processor.py:208} INFO - Processing /home/ec2-user/environment/lab4_model_training/venv/lib64/python3.12/site-packages/airflow/example_dags/example_outlet_event_extra.py took 0.149 seconds
[2026-05-03T22:51:53.901+0000] {processor.py:186} INFO - Started process (PID=58014) to work on /home/ec2-user/environment/lab4_model_training/venv/lib64/python3.12/site-packages/airflow/example_dags/example_outlet_event_extra.py
[2026-05-03T22:51:53.902+0000] {processor.py:914} INFO - Processing file /home/ec2-user/environment/lab4_model_training/venv/lib64/python3.12/site-packages/airflow/example_dags/example_outlet_event_extra.py for tasks to queue
[2026-05-03T22:51:53.903+0000] {logging_mixin.py:190} INFO - [2026-05-03T22:51:53.903+0000] {dagbag.py:588} INFO - Filling up the DagBag from /home/ec2-user/environment/lab4_model_training/venv/lib64/python3.12/site-packages/airflow/example_dags/example_outlet_event_extra.py
[2026-05-03T22:51:53.993+0000] {processor.py:925} INFO - DAG(s) 'dataset_with_extra_by_yield', 'dataset_with_extra_by_context', 'dataset_with_extra_from_classic_operator' retrieved from /home/ec2-user/environment/lab4_model_training/venv/lib64/python3.12/site-packages/airflow/example_dags/example_outlet_event_extra.py
[2026-05-03T22:51:54.008+0000] {logging_mixin.py:190} INFO - [2026-05-03T22:51:54.008+0000] {dag.py:3239} INFO - Sync 3 DAGs
[2026-05-03T22:51:54.026+0000] {logging_mixin.py:190} INFO - [2026-05-03T22:51:54.026+0000] {dag.py:4180} INFO - Setting next_dagrun for dataset_with_extra_by_context to 2026-05-02 00:00:00+00:00, run_after=2026-05-03 00:00:00+00:00
[2026-05-03T22:51:54.029+0000] {logging_mixin.py:190} INFO - [2026-05-03T22:51:54.029+0000] {dag.py:4180} INFO - Setting next_dagrun for dataset_with_extra_by_yield to 2026-05-02 00:00:00+00:00, run_after=2026-05-03 00:00:00+00:00
[2026-05-03T22:51:54.030+0000] {logging_mixin.py:190} INFO - [2026-05-03T22:51:54.030+0000] {dag.py:4180} INFO - Setting next_dagrun for dataset_with_extra_from_classic_operator to 2026-05-02 00:00:00+00:00, run_after=2026-05-03 00:00:00+00:00
[2026-05-03T22:51:54.049+0000] {processor.py:208} INFO - Processing /home/ec2-user/environment/lab4_model_training/venv/lib64/python3.12/site-packages/airflow/example_dags/example_outlet_event_extra.py took 0.152 seconds
[2026-05-03T22:53:01.082+0000] {processor.py:186} INFO - Started process (PID=58191) to work on /home/ec2-user/environment/lab4_model_training/venv/lib64/python3.12/site-packages/airflow/example_dags/example_outlet_event_extra.py
[2026-05-03T22:53:01.083+0000] {processor.py:914} INFO - Processing file /home/ec2-user/environment/lab4_model_training/venv/lib64/python3.12/site-packages/airflow/example_dags/example_outlet_event_extra.py for tasks to queue
[2026-05-03T22:53:01.084+0000] {logging_mixin.py:190} INFO - [2026-05-03T22:53:01.084+0000] {dagbag.py:588} INFO - Filling up the DagBag from /home/ec2-user/environment/lab4_model_training/venv/lib64/python3.12/site-packages/airflow/example_dags/example_outlet_event_extra.py
[2026-05-03T22:53:01.173+0000] {processor.py:925} INFO - DAG(s) 'dataset_with_extra_from_classic_operator', 'dataset_with_extra_by_yield', 'dataset_with_extra_by_context' retrieved from /home/ec2-user/environment/lab4_model_training/venv/lib64/python3.12/site-packages/airflow/example_dags/example_outlet_event_extra.py
[2026-05-03T22:53:01.188+0000] {logging_mixin.py:190} INFO - [2026-05-03T22:53:01.187+0000] {dag.py:3239} INFO - Sync 3 DAGs
[2026-05-03T22:53:01.204+0000] {logging_mixin.py:190} INFO - [2026-05-03T22:53:01.204+0000] {dag.py:4180} INFO - Setting next_dagrun for dataset_with_extra_by_context to 2026-05-02 00:00:00+00:00, run_after=2026-05-03 00:00:00+00:00
[2026-05-03T22:53:01.208+0000] {logging_mixin.py:190} INFO - [2026-05-03T22:53:01.208+0000] {dag.py:4180} INFO - Setting next_dagrun for dataset_with_extra_by_yield to 2026-05-02 00:00:00+00:00, run_after=2026-05-03 00:00:00+00:00
[2026-05-03T22:53:01.210+0000] {logging_mixin.py:190} INFO - [2026-05-03T22:53:01.210+0000] {dag.py:4180} INFO - Setting next_dagrun for dataset_with_extra_from_classic_operator to 2026-05-02 00:00:00+00:00, run_after=2026-05-03 00:00:00+00:00
[2026-05-03T22:53:01.227+0000] {processor.py:208} INFO - Processing /home/ec2-user/environment/lab4_model_training/venv/lib64/python3.12/site-packages/airflow/example_dags/example_outlet_event_extra.py took 0.150 seconds
[2026-05-03T22:54:04.185+0000] {processor.py:186} INFO - Started process (PID=58485) to work on /home/ec2-user/environment/lab4_model_training/venv/lib64/python3.12/site-packages/airflow/example_dags/example_outlet_event_extra.py
[2026-05-03T22:54:04.187+0000] {processor.py:914} INFO - Processing file /home/ec2-user/environment/lab4_model_training/venv/lib64/python3.12/site-packages/airflow/example_dags/example_outlet_event_extra.py for tasks to queue
[2026-05-03T22:54:04.188+0000] {logging_mixin.py:190} INFO - [2026-05-03T22:54:04.188+0000] {dagbag.py:588} INFO - Filling up the DagBag from /home/ec2-user/environment/lab4_model_training/venv/lib64/python3.12/site-packages/airflow/example_dags/example_outlet_event_extra.py
[2026-05-03T22:54:04.278+0000] {processor.py:925} INFO - DAG(s) 'dataset_with_extra_by_context', 'dataset_with_extra_by_yield', 'dataset_with_extra_from_classic_operator' retrieved from /home/ec2-user/environment/lab4_model_training/venv/lib64/python3.12/site-packages/airflow/example_dags/example_outlet_event_extra.py
[2026-05-03T22:54:04.294+0000] {logging_mixin.py:190} INFO - [2026-05-03T22:54:04.293+0000] {dag.py:3239} INFO - Sync 3 DAGs
[2026-05-03T22:54:04.311+0000] {logging_mixin.py:190} INFO - [2026-05-03T22:54:04.311+0000] {dag.py:4180} INFO - Setting next_dagrun for dataset_with_extra_by_context to 2026-05-02 00:00:00+00:00, run_after=2026-05-03 00:00:00+00:00
[2026-05-03T22:54:04.315+0000] {logging_mixin.py:190} INFO - [2026-05-03T22:54:04.315+0000] {dag.py:4180} INFO - Setting next_dagrun for dataset_with_extra_by_yield to 2026-05-02 00:00:00+00:00, run_after=2026-05-03 00:00:00+00:00
[2026-05-03T22:54:04.316+0000] {logging_mixin.py:190} INFO - [2026-05-03T22:54:04.316+0000] {dag.py:4180} INFO - Setting next_dagrun for dataset_with_extra_from_classic_operator to 2026-05-02 00:00:00+00:00, run_after=2026-05-03 00:00:00+00:00
[2026-05-03T22:54:04.335+0000] {processor.py:208} INFO - Processing /home/ec2-user/environment/lab4_model_training/venv/lib64/python3.12/site-packages/airflow/example_dags/example_outlet_event_extra.py took 0.154 seconds
[2026-05-03T22:55:08.477+0000] {processor.py:186} INFO - Started process (PID=58642) to work on /home/ec2-user/environment/lab4_model_training/venv/lib64/python3.12/site-packages/airflow/example_dags/example_outlet_event_extra.py
[2026-05-03T22:55:08.478+0000] {processor.py:914} INFO - Processing file /home/ec2-user/environment/lab4_model_training/venv/lib64/python3.12/site-packages/airflow/example_dags/example_outlet_event_extra.py for tasks to queue
[2026-05-03T22:55:08.480+0000] {logging_mixin.py:190} INFO - [2026-05-03T22:55:08.479+0000] {dagbag.py:588} INFO - Filling up the DagBag from /home/ec2-user/environment/lab4_model_training/venv/lib64/python3.12/site-packages/airflow/example_dags/example_outlet_event_extra.py
[2026-05-03T22:55:08.569+0000] {processor.py:925} INFO - DAG(s) 'dataset_with_extra_by_context', 'dataset_with_extra_by_yield', 'dataset_with_extra_from_classic_operator' retrieved from /home/ec2-user/environment/lab4_model_training/venv/lib64/python3.12/site-packages/airflow/example_dags/example_outlet_event_extra.py
[2026-05-03T22:55:08.584+0000] {logging_mixin.py:190} INFO - [2026-05-03T22:55:08.584+0000] {dag.py:3239} INFO - Sync 3 DAGs
[2026-05-03T22:55:08.600+0000] {logging_mixin.py:190} INFO - [2026-05-03T22:55:08.600+0000] {dag.py:4180} INFO - Setting next_dagrun for dataset_with_extra_by_context to 2026-05-02 00:00:00+00:00, run_after=2026-05-03 00:00:00+00:00
[2026-05-03T22:55:08.604+0000] {logging_mixin.py:190} INFO - [2026-05-03T22:55:08.604+0000] {dag.py:4180} INFO - Setting next_dagrun for dataset_with_extra_by_yield to 2026-05-02 00:00:00+00:00, run_after=2026-05-03 00:00:00+00:00
[2026-05-03T22:55:08.605+0000] {logging_mixin.py:190} INFO - [2026-05-03T22:55:08.605+0000] {dag.py:4180} INFO - Setting next_dagrun for dataset_with_extra_from_classic_operator to 2026-05-02 00:00:00+00:00, run_after=2026-05-03 00:00:00+00:00
[2026-05-03T22:55:08.624+0000] {processor.py:208} INFO - Processing /home/ec2-user/environment/lab4_model_training/venv/lib64/python3.12/site-packages/airflow/example_dags/example_outlet_event_extra.py took 0.152 seconds
[2026-05-03T22:56:15.632+0000] {processor.py:186} INFO - Started process (PID=58808) to work on /home/ec2-user/environment/lab4_model_training/venv/lib64/python3.12/site-packages/airflow/example_dags/example_outlet_event_extra.py
[2026-05-03T22:56:15.633+0000] {processor.py:914} INFO - Processing file /home/ec2-user/environment/lab4_model_training/venv/lib64/python3.12/site-packages/airflow/example_dags/example_outlet_event_extra.py for tasks to queue
[2026-05-03T22:56:15.634+0000] {logging_mixin.py:190} INFO - [2026-05-03T22:56:15.634+0000] {dagbag.py:588} INFO - Filling up the DagBag from /home/ec2-user/environment/lab4_model_training/venv/lib64/python3.12/site-packages/airflow/example_dags/example_outlet_event_extra.py
[2026-05-03T22:56:15.723+0000] {processor.py:925} INFO - DAG(s) 'dataset_with_extra_by_context', 'dataset_with_extra_by_yield', 'dataset_with_extra_from_classic_operator' retrieved from /home/ec2-user/environment/lab4_model_training/venv/lib64/python3.12/site-packages/airflow/example_dags/example_outlet_event_extra.py
[2026-05-03T22:56:15.738+0000] {logging_mixin.py:190} INFO - [2026-05-03T22:56:15.738+0000] {dag.py:3239} INFO - Sync 3 DAGs
[2026-05-03T22:56:15.754+0000] {logging_mixin.py:190} INFO - [2026-05-03T22:56:15.754+0000] {dag.py:4180} INFO - Setting next_dagrun for dataset_with_extra_by_context to 2026-05-02 00:00:00+00:00, run_after=2026-05-03 00:00:00+00:00
[2026-05-03T22:56:15.757+0000] {logging_mixin.py:190} INFO - [2026-05-03T22:56:15.757+0000] {dag.py:4180} INFO - Setting next_dagrun for dataset_with_extra_by_yield to 2026-05-02 00:00:00+00:00, run_after=2026-05-03 00:00:00+00:00
[2026-05-03T22:56:15.759+0000] {logging_mixin.py:190} INFO - [2026-05-03T22:56:15.759+0000] {dag.py:4180} INFO - Setting next_dagrun for dataset_with_extra_from_classic_operator to 2026-05-02 00:00:00+00:00, run_after=2026-05-03 00:00:00+00:00
[2026-05-03T22:56:15.778+0000] {processor.py:208} INFO - Processing /home/ec2-user/environment/lab4_model_training/venv/lib64/python3.12/site-packages/airflow/example_dags/example_outlet_event_extra.py took 0.150 seconds
[2026-05-03T22:57:21.661+0000] {processor.py:186} INFO - Started process (PID=58943) to work on /home/ec2-user/environment/lab4_model_training/venv/lib64/python3.12/site-packages/airflow/example_dags/example_outlet_event_extra.py
[2026-05-03T22:57:21.662+0000] {processor.py:914} INFO - Processing file /home/ec2-user/environment/lab4_model_training/venv/lib64/python3.12/site-packages/airflow/example_dags/example_outlet_event_extra.py for tasks to queue
[2026-05-03T22:57:21.664+0000] {logging_mixin.py:190} INFO - [2026-05-03T22:57:21.663+0000] {dagbag.py:588} INFO - Filling up the DagBag from /home/ec2-user/environment/lab4_model_training/venv/lib64/python3.12/site-packages/airflow/example_dags/example_outlet_event_extra.py
[2026-05-03T22:57:21.752+0000] {processor.py:925} INFO - DAG(s) 'dataset_with_extra_by_yield', 'dataset_with_extra_by_context', 'dataset_with_extra_from_classic_operator' retrieved from /home/ec2-user/environment/lab4_model_training/venv/lib64/python3.12/site-packages/airflow/example_dags/example_outlet_event_extra.py
[2026-05-03T22:57:21.767+0000] {logging_mixin.py:190} INFO - [2026-05-03T22:57:21.767+0000] {dag.py:3239} INFO - Sync 3 DAGs
[2026-05-03T22:57:21.782+0000] {logging_mixin.py:190} INFO - [2026-05-03T22:57:21.782+0000] {dag.py:4180} INFO - Setting next_dagrun for dataset_with_extra_by_context to 2026-05-02 00:00:00+00:00, run_after=2026-05-03 00:00:00+00:00
[2026-05-03T22:57:21.785+0000] {logging_mixin.py:190} INFO - [2026-05-03T22:57:21.785+0000] {dag.py:4180} INFO - Setting next_dagrun for dataset_with_extra_by_yield to 2026-05-02 00:00:00+00:00, run_after=2026-05-03 00:00:00+00:00
[2026-05-03T22:57:21.787+0000] {logging_mixin.py:190} INFO - [2026-05-03T22:57:21.787+0000] {dag.py:4180} INFO - Setting next_dagrun for dataset_with_extra_from_classic_operator to 2026-05-02 00:00:00+00:00, run_after=2026-05-03 00:00:00+00:00
[2026-05-03T22:57:21.804+0000] {processor.py:208} INFO - Processing /home/ec2-user/environment/lab4_model_training/venv/lib64/python3.12/site-packages/airflow/example_dags/example_outlet_event_extra.py took 0.148 seconds
[2026-05-03T22:58:27.560+0000] {processor.py:186} INFO - Started process (PID=59289) to work on /home/ec2-user/environment/lab4_model_training/venv/lib64/python3.12/site-packages/airflow/example_dags/example_outlet_event_extra.py
[2026-05-03T22:58:27.561+0000] {processor.py:914} INFO - Processing file /home/ec2-user/environment/lab4_model_training/venv/lib64/python3.12/site-packages/airflow/example_dags/example_outlet_event_extra.py for tasks to queue
[2026-05-03T22:58:27.563+0000] {logging_mixin.py:190} INFO - [2026-05-03T22:58:27.563+0000] {dagbag.py:588} INFO - Filling up the DagBag from /home/ec2-user/environment/lab4_model_training/venv/lib64/python3.12/site-packages/airflow/example_dags/example_outlet_event_extra.py
[2026-05-03T22:58:27.653+0000] {processor.py:925} INFO - DAG(s) 'dataset_with_extra_from_classic_operator', 'dataset_with_extra_by_context', 'dataset_with_extra_by_yield' retrieved from /home/ec2-user/environment/lab4_model_training/venv/lib64/python3.12/site-packages/airflow/example_dags/example_outlet_event_extra.py
[2026-05-03T22:58:27.668+0000] {logging_mixin.py:190} INFO - [2026-05-03T22:58:27.668+0000] {dag.py:3239} INFO - Sync 3 DAGs
[2026-05-03T22:58:27.684+0000] {logging_mixin.py:190} INFO - [2026-05-03T22:58:27.684+0000] {dag.py:4180} INFO - Setting next_dagrun for dataset_with_extra_by_context to 2026-05-02 00:00:00+00:00, run_after=2026-05-03 00:00:00+00:00
[2026-05-03T22:58:27.687+0000] {logging_mixin.py:190} INFO - [2026-05-03T22:58:27.687+0000] {dag.py:4180} INFO - Setting next_dagrun for dataset_with_extra_by_yield to 2026-05-02 00:00:00+00:00, run_after=2026-05-03 00:00:00+00:00
[2026-05-03T22:58:27.689+0000] {logging_mixin.py:190} INFO - [2026-05-03T22:58:27.689+0000] {dag.py:4180} INFO - Setting next_dagrun for dataset_with_extra_from_classic_operator to 2026-05-02 00:00:00+00:00, run_after=2026-05-03 00:00:00+00:00
[2026-05-03T22:58:27.707+0000] {processor.py:208} INFO - Processing /home/ec2-user/environment/lab4_model_training/venv/lib64/python3.12/site-packages/airflow/example_dags/example_outlet_event_extra.py took 0.151 seconds
[2026-05-03T22:59:33.917+0000] {processor.py:186} INFO - Started process (PID=59573) to work on /home/ec2-user/environment/lab4_model_training/venv/lib64/python3.12/site-packages/airflow/example_dags/example_outlet_event_extra.py
[2026-05-03T22:59:33.918+0000] {processor.py:914} INFO - Processing file /home/ec2-user/environment/lab4_model_training/venv/lib64/python3.12/site-packages/airflow/example_dags/example_outlet_event_extra.py for tasks to queue
[2026-05-03T22:59:33.920+0000] {logging_mixin.py:190} INFO - [2026-05-03T22:59:33.920+0000] {dagbag.py:588} INFO - Filling up the DagBag from /home/ec2-user/environment/lab4_model_training/venv/lib64/python3.12/site-packages/airflow/example_dags/example_outlet_event_extra.py
[2026-05-03T22:59:34.010+0000] {processor.py:925} INFO - DAG(s) 'dataset_with_extra_by_context', 'dataset_with_extra_from_classic_operator', 'dataset_with_extra_by_yield' retrieved from /home/ec2-user/environment/lab4_model_training/venv/lib64/python3.12/site-packages/airflow/example_dags/example_outlet_event_extra.py
[2026-05-03T22:59:34.029+0000] {logging_mixin.py:190} INFO - [2026-05-03T22:59:34.028+0000] {dag.py:3239} INFO - Sync 3 DAGs
[2026-05-03T22:59:34.046+0000] {logging_mixin.py:190} INFO - [2026-05-03T22:59:34.045+0000] {dag.py:4180} INFO - Setting next_dagrun for dataset_with_extra_by_context to 2026-05-02 00:00:00+00:00, run_after=2026-05-03 00:00:00+00:00
[2026-05-03T22:59:34.049+0000] {logging_mixin.py:190} INFO - [2026-05-03T22:59:34.049+0000] {dag.py:4180} INFO - Setting next_dagrun for dataset_with_extra_by_yield to 2026-05-02 00:00:00+00:00, run_after=2026-05-03 00:00:00+00:00
[2026-05-03T22:59:34.051+0000] {logging_mixin.py:190} INFO - [2026-05-03T22:59:34.051+0000] {dag.py:4180} INFO - Setting next_dagrun for dataset_with_extra_from_classic_operator to 2026-05-02 00:00:00+00:00, run_after=2026-05-03 00:00:00+00:00
[2026-05-03T22:59:34.068+0000] {processor.py:208} INFO - Processing /home/ec2-user/environment/lab4_model_training/venv/lib64/python3.12/site-packages/airflow/example_dags/example_outlet_event_extra.py took 0.156 seconds
[2026-05-03T23:00:37.572+0000] {processor.py:186} INFO - Started process (PID=59879) to work on /home/ec2-user/environment/lab4_model_training/venv/lib64/python3.12/site-packages/airflow/example_dags/example_outlet_event_extra.py
[2026-05-03T23:00:37.573+0000] {processor.py:914} INFO - Processing file /home/ec2-user/environment/lab4_model_training/venv/lib64/python3.12/site-packages/airflow/example_dags/example_outlet_event_extra.py for tasks to queue
[2026-05-03T23:00:37.575+0000] {logging_mixin.py:190} INFO - [2026-05-03T23:00:37.575+0000] {dagbag.py:588} INFO - Filling up the DagBag from /home/ec2-user/environment/lab4_model_training/venv/lib64/python3.12/site-packages/airflow/example_dags/example_outlet_event_extra.py
[2026-05-03T23:00:37.664+0000] {processor.py:925} INFO - DAG(s) 'dataset_with_extra_by_context', 'dataset_with_extra_from_classic_operator', 'dataset_with_extra_by_yield' retrieved from /home/ec2-user/environment/lab4_model_training/venv/lib64/python3.12/site-packages/airflow/example_dags/example_outlet_event_extra.py
[2026-05-03T23:00:37.679+0000] {logging_mixin.py:190} INFO - [2026-05-03T23:00:37.679+0000] {dag.py:3239} INFO - Sync 3 DAGs
[2026-05-03T23:00:37.695+0000] {logging_mixin.py:190} INFO - [2026-05-03T23:00:37.694+0000] {dag.py:4180} INFO - Setting next_dagrun for dataset_with_extra_by_context to 2026-05-02 00:00:00+00:00, run_after=2026-05-03 00:00:00+00:00
[2026-05-03T23:00:37.698+0000] {logging_mixin.py:190} INFO - [2026-05-03T23:00:37.698+0000] {dag.py:4180} INFO - Setting next_dagrun for dataset_with_extra_by_yield to 2026-05-02 00:00:00+00:00, run_after=2026-05-03 00:00:00+00:00
[2026-05-03T23:00:37.699+0000] {logging_mixin.py:190} INFO - [2026-05-03T23:00:37.699+0000] {dag.py:4180} INFO - Setting next_dagrun for dataset_with_extra_from_classic_operator to 2026-05-02 00:00:00+00:00, run_after=2026-05-03 00:00:00+00:00
[2026-05-03T23:00:37.717+0000] {processor.py:208} INFO - Processing /home/ec2-user/environment/lab4_model_training/venv/lib64/python3.12/site-packages/airflow/example_dags/example_outlet_event_extra.py took 0.149 seconds
[2026-05-03T23:01:45.104+0000] {processor.py:186} INFO - Started process (PID=60206) to work on /home/ec2-user/environment/lab4_model_training/venv/lib64/python3.12/site-packages/airflow/example_dags/example_outlet_event_extra.py
[2026-05-03T23:01:45.106+0000] {processor.py:914} INFO - Processing file /home/ec2-user/environment/lab4_model_training/venv/lib64/python3.12/site-packages/airflow/example_dags/example_outlet_event_extra.py for tasks to queue
[2026-05-03T23:01:45.107+0000] {logging_mixin.py:190} INFO - [2026-05-03T23:01:45.107+0000] {dagbag.py:588} INFO - Filling up the DagBag from /home/ec2-user/environment/lab4_model_training/venv/lib64/python3.12/site-packages/airflow/example_dags/example_outlet_event_extra.py
[2026-05-03T23:01:45.194+0000] {processor.py:925} INFO - DAG(s) 'dataset_with_extra_by_context', 'dataset_with_extra_from_classic_operator', 'dataset_with_extra_by_yield' retrieved from /home/ec2-user/environment/lab4_model_training/venv/lib64/python3.12/site-packages/airflow/example_dags/example_outlet_event_extra.py
[2026-05-03T23:01:45.209+0000] {logging_mixin.py:190} INFO - [2026-05-03T23:01:45.209+0000] {dag.py:3239} INFO - Sync 3 DAGs
[2026-05-03T23:01:45.225+0000] {logging_mixin.py:190} INFO - [2026-05-03T23:01:45.225+0000] {dag.py:4180} INFO - Setting next_dagrun for dataset_with_extra_by_context to 2026-05-02 00:00:00+00:00, run_after=2026-05-03 00:00:00+00:00
[2026-05-03T23:01:45.228+0000] {logging_mixin.py:190} INFO - [2026-05-03T23:01:45.228+0000] {dag.py:4180} INFO - Setting next_dagrun for dataset_with_extra_by_yield to 2026-05-02 00:00:00+00:00, run_after=2026-05-03 00:00:00+00:00
[2026-05-03T23:01:45.230+0000] {logging_mixin.py:190} INFO - [2026-05-03T23:01:45.230+0000] {dag.py:4180} INFO - Setting next_dagrun for dataset_with_extra_from_classic_operator to 2026-05-02 00:00:00+00:00, run_after=2026-05-03 00:00:00+00:00
[2026-05-03T23:01:45.248+0000] {processor.py:208} INFO - Processing /home/ec2-user/environment/lab4_model_training/venv/lib64/python3.12/site-packages/airflow/example_dags/example_outlet_event_extra.py took 0.147 seconds
[2026-05-03T23:02:48.808+0000] {processor.py:186} INFO - Started process (PID=60483) to work on /home/ec2-user/environment/lab4_model_training/venv/lib64/python3.12/site-packages/airflow/example_dags/example_outlet_event_extra.py
[2026-05-03T23:02:48.809+0000] {processor.py:914} INFO - Processing file /home/ec2-user/environment/lab4_model_training/venv/lib64/python3.12/site-packages/airflow/example_dags/example_outlet_event_extra.py for tasks to queue
[2026-05-03T23:02:48.811+0000] {logging_mixin.py:190} INFO - [2026-05-03T23:02:48.810+0000] {dagbag.py:588} INFO - Filling up the DagBag from /home/ec2-user/environment/lab4_model_training/venv/lib64/python3.12/site-packages/airflow/example_dags/example_outlet_event_extra.py
[2026-05-03T23:02:48.900+0000] {processor.py:925} INFO - DAG(s) 'dataset_with_extra_from_classic_operator', 'dataset_with_extra_by_yield', 'dataset_with_extra_by_context' retrieved from /home/ec2-user/environment/lab4_model_training/venv/lib64/python3.12/site-packages/airflow/example_dags/example_outlet_event_extra.py
[2026-05-03T23:02:48.916+0000] {logging_mixin.py:190} INFO - [2026-05-03T23:02:48.916+0000] {dag.py:3239} INFO - Sync 3 DAGs
[2026-05-03T23:02:48.933+0000] {logging_mixin.py:190} INFO - [2026-05-03T23:02:48.932+0000] {dag.py:4180} INFO - Setting next_dagrun for dataset_with_extra_by_context to 2026-05-02 00:00:00+00:00, run_after=2026-05-03 00:00:00+00:00
[2026-05-03T23:02:48.936+0000] {logging_mixin.py:190} INFO - [2026-05-03T23:02:48.936+0000] {dag.py:4180} INFO - Setting next_dagrun for dataset_with_extra_by_yield to 2026-05-02 00:00:00+00:00, run_after=2026-05-03 00:00:00+00:00
[2026-05-03T23:02:48.938+0000] {logging_mixin.py:190} INFO - [2026-05-03T23:02:48.938+0000] {dag.py:4180} INFO - Setting next_dagrun for dataset_with_extra_from_classic_operator to 2026-05-02 00:00:00+00:00, run_after=2026-05-03 00:00:00+00:00
[2026-05-03T23:02:48.956+0000] {processor.py:208} INFO - Processing /home/ec2-user/environment/lab4_model_training/venv/lib64/python3.12/site-packages/airflow/example_dags/example_outlet_event_extra.py took 0.152 seconds
[2026-05-03T23:03:48.570+0000] {processor.py:186} INFO - Started process (PID=60797) to work on /home/ec2-user/environment/lab4_model_training/venv/lib64/python3.12/site-packages/airflow/example_dags/example_outlet_event_extra.py
[2026-05-03T23:03:48.571+0000] {processor.py:914} INFO - Processing file /home/ec2-user/environment/lab4_model_training/venv/lib64/python3.12/site-packages/airflow/example_dags/example_outlet_event_extra.py for tasks to queue
[2026-05-03T23:03:48.572+0000] {logging_mixin.py:190} INFO - [2026-05-03T23:03:48.572+0000] {dagbag.py:588} INFO - Filling up the DagBag from /home/ec2-user/environment/lab4_model_training/venv/lib64/python3.12/site-packages/airflow/example_dags/example_outlet_event_extra.py
[2026-05-03T23:03:48.662+0000] {processor.py:925} INFO - DAG(s) 'dataset_with_extra_by_yield', 'dataset_with_extra_by_context', 'dataset_with_extra_from_classic_operator' retrieved from /home/ec2-user/environment/lab4_model_training/venv/lib64/python3.12/site-packages/airflow/example_dags/example_outlet_event_extra.py
[2026-05-03T23:03:48.677+0000] {logging_mixin.py:190} INFO - [2026-05-03T23:03:48.677+0000] {dag.py:3239} INFO - Sync 3 DAGs
[2026-05-03T23:03:48.694+0000] {logging_mixin.py:190} INFO - [2026-05-03T23:03:48.694+0000] {dag.py:4180} INFO - Setting next_dagrun for dataset_with_extra_by_context to 2026-05-02 00:00:00+00:00, run_after=2026-05-03 00:00:00+00:00
[2026-05-03T23:03:48.698+0000] {logging_mixin.py:190} INFO - [2026-05-03T23:03:48.698+0000] {dag.py:4180} INFO - Setting next_dagrun for dataset_with_extra_by_yield to 2026-05-02 00:00:00+00:00, run_after=2026-05-03 00:00:00+00:00
[2026-05-03T23:03:48.700+0000] {logging_mixin.py:190} INFO - [2026-05-03T23:03:48.700+0000] {dag.py:4180} INFO - Setting next_dagrun for dataset_with_extra_from_classic_operator to 2026-05-02 00:00:00+00:00, run_after=2026-05-03 00:00:00+00:00
[2026-05-03T23:03:48.717+0000] {processor.py:208} INFO - Processing /home/ec2-user/environment/lab4_model_training/venv/lib64/python3.12/site-packages/airflow/example_dags/example_outlet_event_extra.py took 0.152 seconds
[2026-05-03T23:04:56.154+0000] {processor.py:186} INFO - Started process (PID=61050) to work on /home/ec2-user/environment/lab4_model_training/venv/lib64/python3.12/site-packages/airflow/example_dags/example_outlet_event_extra.py
[2026-05-03T23:04:56.155+0000] {processor.py:914} INFO - Processing file /home/ec2-user/environment/lab4_model_training/venv/lib64/python3.12/site-packages/airflow/example_dags/example_outlet_event_extra.py for tasks to queue
[2026-05-03T23:04:56.156+0000] {logging_mixin.py:190} INFO - [2026-05-03T23:04:56.156+0000] {dagbag.py:588} INFO - Filling up the DagBag from /home/ec2-user/environment/lab4_model_training/venv/lib64/python3.12/site-packages/airflow/example_dags/example_outlet_event_extra.py
[2026-05-03T23:04:56.244+0000] {processor.py:925} INFO - DAG(s) 'dataset_with_extra_by_yield', 'dataset_with_extra_by_context', 'dataset_with_extra_from_classic_operator' retrieved from /home/ec2-user/environment/lab4_model_training/venv/lib64/python3.12/site-packages/airflow/example_dags/example_outlet_event_extra.py
[2026-05-03T23:04:56.259+0000] {logging_mixin.py:190} INFO - [2026-05-03T23:04:56.259+0000] {dag.py:3239} INFO - Sync 3 DAGs
[2026-05-03T23:04:56.276+0000] {logging_mixin.py:190} INFO - [2026-05-03T23:04:56.276+0000] {dag.py:4180} INFO - Setting next_dagrun for dataset_with_extra_by_context to 2026-05-02 00:00:00+00:00, run_after=2026-05-03 00:00:00+00:00
[2026-05-03T23:04:56.279+0000] {logging_mixin.py:190} INFO - [2026-05-03T23:04:56.279+0000] {dag.py:4180} INFO - Setting next_dagrun for dataset_with_extra_by_yield to 2026-05-02 00:00:00+00:00, run_after=2026-05-03 00:00:00+00:00
[2026-05-03T23:04:56.281+0000] {logging_mixin.py:190} INFO - [2026-05-03T23:04:56.281+0000] {dag.py:4180} INFO - Setting next_dagrun for dataset_with_extra_from_classic_operator to 2026-05-02 00:00:00+00:00, run_after=2026-05-03 00:00:00+00:00
[2026-05-03T23:04:56.299+0000] {processor.py:208} INFO - Processing /home/ec2-user/environment/lab4_model_training/venv/lib64/python3.12/site-packages/airflow/example_dags/example_outlet_event_extra.py took 0.150 seconds
[2026-05-03T23:05:59.848+0000] {processor.py:186} INFO - Started process (PID=61349) to work on /home/ec2-user/environment/lab4_model_training/venv/lib64/python3.12/site-packages/airflow/example_dags/example_outlet_event_extra.py
[2026-05-03T23:05:59.850+0000] {processor.py:914} INFO - Processing file /home/ec2-user/environment/lab4_model_training/venv/lib64/python3.12/site-packages/airflow/example_dags/example_outlet_event_extra.py for tasks to queue
[2026-05-03T23:05:59.851+0000] {logging_mixin.py:190} INFO - [2026-05-03T23:05:59.851+0000] {dagbag.py:588} INFO - Filling up the DagBag from /home/ec2-user/environment/lab4_model_training/venv/lib64/python3.12/site-packages/airflow/example_dags/example_outlet_event_extra.py
[2026-05-03T23:05:59.936+0000] {processor.py:925} INFO - DAG(s) 'dataset_with_extra_from_classic_operator', 'dataset_with_extra_by_context', 'dataset_with_extra_by_yield' retrieved from /home/ec2-user/environment/lab4_model_training/venv/lib64/python3.12/site-packages/airflow/example_dags/example_outlet_event_extra.py
[2026-05-03T23:05:59.951+0000] {logging_mixin.py:190} INFO - [2026-05-03T23:05:59.950+0000] {dag.py:3239} INFO - Sync 3 DAGs
[2026-05-03T23:05:59.967+0000] {logging_mixin.py:190} INFO - [2026-05-03T23:05:59.967+0000] {dag.py:4180} INFO - Setting next_dagrun for dataset_with_extra_by_context to 2026-05-02 00:00:00+00:00, run_after=2026-05-03 00:00:00+00:00
[2026-05-03T23:05:59.970+0000] {logging_mixin.py:190} INFO - [2026-05-03T23:05:59.970+0000] {dag.py:4180} INFO - Setting next_dagrun for dataset_with_extra_by_yield to 2026-05-02 00:00:00+00:00, run_after=2026-05-03 00:00:00+00:00
[2026-05-03T23:05:59.973+0000] {logging_mixin.py:190} INFO - [2026-05-03T23:05:59.973+0000] {dag.py:4180} INFO - Setting next_dagrun for dataset_with_extra_from_classic_operator to 2026-05-02 00:00:00+00:00, run_after=2026-05-03 00:00:00+00:00
[2026-05-03T23:05:59.991+0000] {processor.py:208} INFO - Processing /home/ec2-user/environment/lab4_model_training/venv/lib64/python3.12/site-packages/airflow/example_dags/example_outlet_event_extra.py took 0.147 seconds
[2026-05-03T23:07:02.155+0000] {processor.py:186} INFO - Started process (PID=61585) to work on /home/ec2-user/environment/lab4_model_training/venv/lib64/python3.12/site-packages/airflow/example_dags/example_outlet_event_extra.py
[2026-05-03T23:07:02.156+0000] {processor.py:914} INFO - Processing file /home/ec2-user/environment/lab4_model_training/venv/lib64/python3.12/site-packages/airflow/example_dags/example_outlet_event_extra.py for tasks to queue
[2026-05-03T23:07:02.158+0000] {logging_mixin.py:190} INFO - [2026-05-03T23:07:02.157+0000] {dagbag.py:588} INFO - Filling up the DagBag from /home/ec2-user/environment/lab4_model_training/venv/lib64/python3.12/site-packages/airflow/example_dags/example_outlet_event_extra.py
[2026-05-03T23:07:02.242+0000] {processor.py:925} INFO - DAG(s) 'dataset_with_extra_by_context', 'dataset_with_extra_by_yield', 'dataset_with_extra_from_classic_operator' retrieved from /home/ec2-user/environment/lab4_model_training/venv/lib64/python3.12/site-packages/airflow/example_dags/example_outlet_event_extra.py
[2026-05-03T23:07:02.257+0000] {logging_mixin.py:190} INFO - [2026-05-03T23:07:02.257+0000] {dag.py:3239} INFO - Sync 3 DAGs
[2026-05-03T23:07:02.273+0000] {logging_mixin.py:190} INFO - [2026-05-03T23:07:02.273+0000] {dag.py:4180} INFO - Setting next_dagrun for dataset_with_extra_by_context to 2026-05-02 00:00:00+00:00, run_after=2026-05-03 00:00:00+00:00
[2026-05-03T23:07:02.276+0000] {logging_mixin.py:190} INFO - [2026-05-03T23:07:02.276+0000] {dag.py:4180} INFO - Setting next_dagrun for dataset_with_extra_by_yield to 2026-05-02 00:00:00+00:00, run_after=2026-05-03 00:00:00+00:00
[2026-05-03T23:07:02.278+0000] {logging_mixin.py:190} INFO - [2026-05-03T23:07:02.278+0000] {dag.py:4180} INFO - Setting next_dagrun for dataset_with_extra_from_classic_operator to 2026-05-02 00:00:00+00:00, run_after=2026-05-03 00:00:00+00:00
[2026-05-03T23:07:02.296+0000] {processor.py:208} INFO - Processing /home/ec2-user/environment/lab4_model_training/venv/lib64/python3.12/site-packages/airflow/example_dags/example_outlet_event_extra.py took 0.145 seconds
[2026-05-03T23:08:07.970+0000] {processor.py:186} INFO - Started process (PID=61919) to work on /home/ec2-user/environment/lab4_model_training/venv/lib64/python3.12/site-packages/airflow/example_dags/example_outlet_event_extra.py
[2026-05-03T23:08:07.971+0000] {processor.py:914} INFO - Processing file /home/ec2-user/environment/lab4_model_training/venv/lib64/python3.12/site-packages/airflow/example_dags/example_outlet_event_extra.py for tasks to queue
[2026-05-03T23:08:07.973+0000] {logging_mixin.py:190} INFO - [2026-05-03T23:08:07.972+0000] {dagbag.py:588} INFO - Filling up the DagBag from /home/ec2-user/environment/lab4_model_training/venv/lib64/python3.12/site-packages/airflow/example_dags/example_outlet_event_extra.py
[2026-05-03T23:08:08.059+0000] {processor.py:925} INFO - DAG(s) 'dataset_with_extra_by_context', 'dataset_with_extra_from_classic_operator', 'dataset_with_extra_by_yield' retrieved from /home/ec2-user/environment/lab4_model_training/venv/lib64/python3.12/site-packages/airflow/example_dags/example_outlet_event_extra.py
[2026-05-03T23:08:08.074+0000] {logging_mixin.py:190} INFO - [2026-05-03T23:08:08.073+0000] {dag.py:3239} INFO - Sync 3 DAGs
[2026-05-03T23:08:08.089+0000] {logging_mixin.py:190} INFO - [2026-05-03T23:08:08.089+0000] {dag.py:4180} INFO - Setting next_dagrun for dataset_with_extra_by_context to 2026-05-02 00:00:00+00:00, run_after=2026-05-03 00:00:00+00:00
[2026-05-03T23:08:08.093+0000] {logging_mixin.py:190} INFO - [2026-05-03T23:08:08.093+0000] {dag.py:4180} INFO - Setting next_dagrun for dataset_with_extra_by_yield to 2026-05-02 00:00:00+00:00, run_after=2026-05-03 00:00:00+00:00
[2026-05-03T23:08:08.094+0000] {logging_mixin.py:190} INFO - [2026-05-03T23:08:08.094+0000] {dag.py:4180} INFO - Setting next_dagrun for dataset_with_extra_from_classic_operator to 2026-05-02 00:00:00+00:00, run_after=2026-05-03 00:00:00+00:00
[2026-05-03T23:08:08.112+0000] {processor.py:208} INFO - Processing /home/ec2-user/environment/lab4_model_training/venv/lib64/python3.12/site-packages/airflow/example_dags/example_outlet_event_extra.py took 0.146 seconds
[2026-05-03T23:09:12.303+0000] {processor.py:186} INFO - Started process (PID=62156) to work on /home/ec2-user/environment/lab4_model_training/venv/lib64/python3.12/site-packages/airflow/example_dags/example_outlet_event_extra.py
[2026-05-03T23:09:12.304+0000] {processor.py:914} INFO - Processing file /home/ec2-user/environment/lab4_model_training/venv/lib64/python3.12/site-packages/airflow/example_dags/example_outlet_event_extra.py for tasks to queue
[2026-05-03T23:09:12.305+0000] {logging_mixin.py:190} INFO - [2026-05-03T23:09:12.305+0000] {dagbag.py:588} INFO - Filling up the DagBag from /home/ec2-user/environment/lab4_model_training/venv/lib64/python3.12/site-packages/airflow/example_dags/example_outlet_event_extra.py
[2026-05-03T23:09:12.391+0000] {processor.py:925} INFO - DAG(s) 'dataset_with_extra_from_classic_operator', 'dataset_with_extra_by_context', 'dataset_with_extra_by_yield' retrieved from /home/ec2-user/environment/lab4_model_training/venv/lib64/python3.12/site-packages/airflow/example_dags/example_outlet_event_extra.py
[2026-05-03T23:09:12.407+0000] {logging_mixin.py:190} INFO - [2026-05-03T23:09:12.407+0000] {dag.py:3239} INFO - Sync 3 DAGs
[2026-05-03T23:09:12.423+0000] {logging_mixin.py:190} INFO - [2026-05-03T23:09:12.423+0000] {dag.py:4180} INFO - Setting next_dagrun for dataset_with_extra_by_context to 2026-05-02 00:00:00+00:00, run_after=2026-05-03 00:00:00+00:00
[2026-05-03T23:09:12.426+0000] {logging_mixin.py:190} INFO - [2026-05-03T23:09:12.426+0000] {dag.py:4180} INFO - Setting next_dagrun for dataset_with_extra_by_yield to 2026-05-02 00:00:00+00:00, run_after=2026-05-03 00:00:00+00:00
[2026-05-03T23:09:12.428+0000] {logging_mixin.py:190} INFO - [2026-05-03T23:09:12.428+0000] {dag.py:4180} INFO - Setting next_dagrun for dataset_with_extra_from_classic_operator to 2026-05-02 00:00:00+00:00, run_after=2026-05-03 00:00:00+00:00
[2026-05-03T23:09:12.446+0000] {processor.py:208} INFO - Processing /home/ec2-user/environment/lab4_model_training/venv/lib64/python3.12/site-packages/airflow/example_dags/example_outlet_event_extra.py took 0.148 seconds
[2026-05-03T23:10:14.924+0000] {processor.py:186} INFO - Started process (PID=62337) to work on /home/ec2-user/environment/lab4_model_training/venv/lib64/python3.12/site-packages/airflow/example_dags/example_outlet_event_extra.py
[2026-05-03T23:10:14.926+0000] {processor.py:914} INFO - Processing file /home/ec2-user/environment/lab4_model_training/venv/lib64/python3.12/site-packages/airflow/example_dags/example_outlet_event_extra.py for tasks to queue
[2026-05-03T23:10:14.927+0000] {logging_mixin.py:190} INFO - [2026-05-03T23:10:14.927+0000] {dagbag.py:588} INFO - Filling up the DagBag from /home/ec2-user/environment/lab4_model_training/venv/lib64/python3.12/site-packages/airflow/example_dags/example_outlet_event_extra.py
[2026-05-03T23:10:15.012+0000] {processor.py:925} INFO - DAG(s) 'dataset_with_extra_from_classic_operator', 'dataset_with_extra_by_context', 'dataset_with_extra_by_yield' retrieved from /home/ec2-user/environment/lab4_model_training/venv/lib64/python3.12/site-packages/airflow/example_dags/example_outlet_event_extra.py
[2026-05-03T23:10:15.029+0000] {logging_mixin.py:190} INFO - [2026-05-03T23:10:15.029+0000] {dag.py:3239} INFO - Sync 3 DAGs
[2026-05-03T23:10:15.046+0000] {logging_mixin.py:190} INFO - [2026-05-03T23:10:15.046+0000] {dag.py:4180} INFO - Setting next_dagrun for dataset_with_extra_by_context to 2026-05-02 00:00:00+00:00, run_after=2026-05-03 00:00:00+00:00
[2026-05-03T23:10:15.049+0000] {logging_mixin.py:190} INFO - [2026-05-03T23:10:15.049+0000] {dag.py:4180} INFO - Setting next_dagrun for dataset_with_extra_by_yield to 2026-05-02 00:00:00+00:00, run_after=2026-05-03 00:00:00+00:00
[2026-05-03T23:10:15.051+0000] {logging_mixin.py:190} INFO - [2026-05-03T23:10:15.051+0000] {dag.py:4180} INFO - Setting next_dagrun for dataset_with_extra_from_classic_operator to 2026-05-02 00:00:00+00:00, run_after=2026-05-03 00:00:00+00:00
[2026-05-03T23:10:15.068+0000] {processor.py:208} INFO - Processing /home/ec2-user/environment/lab4_model_training/venv/lib64/python3.12/site-packages/airflow/example_dags/example_outlet_event_extra.py took 0.149 seconds
[2026-05-03T23:11:21.832+0000] {processor.py:186} INFO - Started process (PID=62547) to work on /home/ec2-user/environment/lab4_model_training/venv/lib64/python3.12/site-packages/airflow/example_dags/example_outlet_event_extra.py
[2026-05-03T23:11:21.834+0000] {processor.py:914} INFO - Processing file /home/ec2-user/environment/lab4_model_training/venv/lib64/python3.12/site-packages/airflow/example_dags/example_outlet_event_extra.py for tasks to queue
[2026-05-03T23:11:21.835+0000] {logging_mixin.py:190} INFO - [2026-05-03T23:11:21.835+0000] {dagbag.py:588} INFO - Filling up the DagBag from /home/ec2-user/environment/lab4_model_training/venv/lib64/python3.12/site-packages/airflow/example_dags/example_outlet_event_extra.py
[2026-05-03T23:11:21.918+0000] {processor.py:925} INFO - DAG(s) 'dataset_with_extra_by_yield', 'dataset_with_extra_from_classic_operator', 'dataset_with_extra_by_context' retrieved from /home/ec2-user/environment/lab4_model_training/venv/lib64/python3.12/site-packages/airflow/example_dags/example_outlet_event_extra.py
[2026-05-03T23:11:21.934+0000] {logging_mixin.py:190} INFO - [2026-05-03T23:11:21.934+0000] {dag.py:3239} INFO - Sync 3 DAGs
[2026-05-03T23:11:21.950+0000] {logging_mixin.py:190} INFO - [2026-05-03T23:11:21.950+0000] {dag.py:4180} INFO - Setting next_dagrun for dataset_with_extra_by_context to 2026-05-02 00:00:00+00:00, run_after=2026-05-03 00:00:00+00:00
[2026-05-03T23:11:21.954+0000] {logging_mixin.py:190} INFO - [2026-05-03T23:11:21.954+0000] {dag.py:4180} INFO - Setting next_dagrun for dataset_with_extra_by_yield to 2026-05-02 00:00:00+00:00, run_after=2026-05-03 00:00:00+00:00
[2026-05-03T23:11:21.955+0000] {logging_mixin.py:190} INFO - [2026-05-03T23:11:21.955+0000] {dag.py:4180} INFO - Setting next_dagrun for dataset_with_extra_from_classic_operator to 2026-05-02 00:00:00+00:00, run_after=2026-05-03 00:00:00+00:00
[2026-05-03T23:11:21.973+0000] {processor.py:208} INFO - Processing /home/ec2-user/environment/lab4_model_training/venv/lib64/python3.12/site-packages/airflow/example_dags/example_outlet_event_extra.py took 0.145 seconds
[2026-05-03T23:12:27.111+0000] {processor.py:186} INFO - Started process (PID=62732) to work on /home/ec2-user/environment/lab4_model_training/venv/lib64/python3.12/site-packages/airflow/example_dags/example_outlet_event_extra.py
[2026-05-03T23:12:27.112+0000] {processor.py:914} INFO - Processing file /home/ec2-user/environment/lab4_model_training/venv/lib64/python3.12/site-packages/airflow/example_dags/example_outlet_event_extra.py for tasks to queue
[2026-05-03T23:12:27.114+0000] {logging_mixin.py:190} INFO - [2026-05-03T23:12:27.114+0000] {dagbag.py:588} INFO - Filling up the DagBag from /home/ec2-user/environment/lab4_model_training/venv/lib64/python3.12/site-packages/airflow/example_dags/example_outlet_event_extra.py
[2026-05-03T23:12:27.198+0000] {processor.py:925} INFO - DAG(s) 'dataset_with_extra_by_yield', 'dataset_with_extra_by_context', 'dataset_with_extra_from_classic_operator' retrieved from /home/ec2-user/environment/lab4_model_training/venv/lib64/python3.12/site-packages/airflow/example_dags/example_outlet_event_extra.py
[2026-05-03T23:12:27.212+0000] {logging_mixin.py:190} INFO - [2026-05-03T23:12:27.212+0000] {dag.py:3239} INFO - Sync 3 DAGs
[2026-05-03T23:12:27.229+0000] {logging_mixin.py:190} INFO - [2026-05-03T23:12:27.229+0000] {dag.py:4180} INFO - Setting next_dagrun for dataset_with_extra_by_context to 2026-05-02 00:00:00+00:00, run_after=2026-05-03 00:00:00+00:00
[2026-05-03T23:12:27.233+0000] {logging_mixin.py:190} INFO - [2026-05-03T23:12:27.232+0000] {dag.py:4180} INFO - Setting next_dagrun for dataset_with_extra_by_yield to 2026-05-02 00:00:00+00:00, run_after=2026-05-03 00:00:00+00:00
[2026-05-03T23:12:27.234+0000] {logging_mixin.py:190} INFO - [2026-05-03T23:12:27.234+0000] {dag.py:4180} INFO - Setting next_dagrun for dataset_with_extra_from_classic_operator to 2026-05-02 00:00:00+00:00, run_after=2026-05-03 00:00:00+00:00
[2026-05-03T23:12:27.252+0000] {processor.py:208} INFO - Processing /home/ec2-user/environment/lab4_model_training/venv/lib64/python3.12/site-packages/airflow/example_dags/example_outlet_event_extra.py took 0.145 seconds
[2026-05-03T23:13:34.950+0000] {processor.py:186} INFO - Started process (PID=62917) to work on /home/ec2-user/environment/lab4_model_training/venv/lib64/python3.12/site-packages/airflow/example_dags/example_outlet_event_extra.py
[2026-05-03T23:13:34.951+0000] {processor.py:914} INFO - Processing file /home/ec2-user/environment/lab4_model_training/venv/lib64/python3.12/site-packages/airflow/example_dags/example_outlet_event_extra.py for tasks to queue
[2026-05-03T23:13:34.952+0000] {logging_mixin.py:190} INFO - [2026-05-03T23:13:34.952+0000] {dagbag.py:588} INFO - Filling up the DagBag from /home/ec2-user/environment/lab4_model_training/venv/lib64/python3.12/site-packages/airflow/example_dags/example_outlet_event_extra.py
[2026-05-03T23:13:35.037+0000] {processor.py:925} INFO - DAG(s) 'dataset_with_extra_by_yield', 'dataset_with_extra_by_context', 'dataset_with_extra_from_classic_operator' retrieved from /home/ec2-user/environment/lab4_model_training/venv/lib64/python3.12/site-packages/airflow/example_dags/example_outlet_event_extra.py
[2026-05-03T23:13:35.052+0000] {logging_mixin.py:190} INFO - [2026-05-03T23:13:35.052+0000] {dag.py:3239} INFO - Sync 3 DAGs
[2026-05-03T23:13:35.069+0000] {logging_mixin.py:190} INFO - [2026-05-03T23:13:35.069+0000] {dag.py:4180} INFO - Setting next_dagrun for dataset_with_extra_by_context to 2026-05-02 00:00:00+00:00, run_after=2026-05-03 00:00:00+00:00
[2026-05-03T23:13:35.072+0000] {logging_mixin.py:190} INFO - [2026-05-03T23:13:35.072+0000] {dag.py:4180} INFO - Setting next_dagrun for dataset_with_extra_by_yield to 2026-05-02 00:00:00+00:00, run_after=2026-05-03 00:00:00+00:00
[2026-05-03T23:13:35.074+0000] {logging_mixin.py:190} INFO - [2026-05-03T23:13:35.073+0000] {dag.py:4180} INFO - Setting next_dagrun for dataset_with_extra_from_classic_operator to 2026-05-02 00:00:00+00:00, run_after=2026-05-03 00:00:00+00:00
[2026-05-03T23:13:35.091+0000] {processor.py:208} INFO - Processing /home/ec2-user/environment/lab4_model_training/venv/lib64/python3.12/site-packages/airflow/example_dags/example_outlet_event_extra.py took 0.146 seconds
[2026-05-03T23:14:39.688+0000] {processor.py:186} INFO - Started process (PID=63112) to work on /home/ec2-user/environment/lab4_model_training/venv/lib64/python3.12/site-packages/airflow/example_dags/example_outlet_event_extra.py
[2026-05-03T23:14:39.689+0000] {processor.py:914} INFO - Processing file /home/ec2-user/environment/lab4_model_training/venv/lib64/python3.12/site-packages/airflow/example_dags/example_outlet_event_extra.py for tasks to queue
[2026-05-03T23:14:39.691+0000] {logging_mixin.py:190} INFO - [2026-05-03T23:14:39.691+0000] {dagbag.py:588} INFO - Filling up the DagBag from /home/ec2-user/environment/lab4_model_training/venv/lib64/python3.12/site-packages/airflow/example_dags/example_outlet_event_extra.py
[2026-05-03T23:14:39.775+0000] {processor.py:925} INFO - DAG(s) 'dataset_with_extra_from_classic_operator', 'dataset_with_extra_by_context', 'dataset_with_extra_by_yield' retrieved from /home/ec2-user/environment/lab4_model_training/venv/lib64/python3.12/site-packages/airflow/example_dags/example_outlet_event_extra.py
[2026-05-03T23:14:39.789+0000] {logging_mixin.py:190} INFO - [2026-05-03T23:14:39.789+0000] {dag.py:3239} INFO - Sync 3 DAGs
[2026-05-03T23:14:39.806+0000] {logging_mixin.py:190} INFO - [2026-05-03T23:14:39.806+0000] {dag.py:4180} INFO - Setting next_dagrun for dataset_with_extra_by_context to 2026-05-02 00:00:00+00:00, run_after=2026-05-03 00:00:00+00:00
[2026-05-03T23:14:39.809+0000] {logging_mixin.py:190} INFO - [2026-05-03T23:14:39.809+0000] {dag.py:4180} INFO - Setting next_dagrun for dataset_with_extra_by_yield to 2026-05-02 00:00:00+00:00, run_after=2026-05-03 00:00:00+00:00
[2026-05-03T23:14:39.811+0000] {logging_mixin.py:190} INFO - [2026-05-03T23:14:39.811+0000] {dag.py:4180} INFO - Setting next_dagrun for dataset_with_extra_from_classic_operator to 2026-05-02 00:00:00+00:00, run_after=2026-05-03 00:00:00+00:00
[2026-05-03T23:14:39.830+0000] {processor.py:208} INFO - Processing /home/ec2-user/environment/lab4_model_training/venv/lib64/python3.12/site-packages/airflow/example_dags/example_outlet_event_extra.py took 0.145 seconds
[2026-05-03T23:15:42.594+0000] {processor.py:186} INFO - Started process (PID=63345) to work on /home/ec2-user/environment/lab4_model_training/venv/lib64/python3.12/site-packages/airflow/example_dags/example_outlet_event_extra.py
[2026-05-03T23:15:42.596+0000] {processor.py:914} INFO - Processing file /home/ec2-user/environment/lab4_model_training/venv/lib64/python3.12/site-packages/airflow/example_dags/example_outlet_event_extra.py for tasks to queue
[2026-05-03T23:15:42.597+0000] {logging_mixin.py:190} INFO - [2026-05-03T23:15:42.597+0000] {dagbag.py:588} INFO - Filling up the DagBag from /home/ec2-user/environment/lab4_model_training/venv/lib64/python3.12/site-packages/airflow/example_dags/example_outlet_event_extra.py
[2026-05-03T23:15:42.682+0000] {processor.py:925} INFO - DAG(s) 'dataset_with_extra_by_context', 'dataset_with_extra_by_yield', 'dataset_with_extra_from_classic_operator' retrieved from /home/ec2-user/environment/lab4_model_training/venv/lib64/python3.12/site-packages/airflow/example_dags/example_outlet_event_extra.py
[2026-05-03T23:15:42.697+0000] {logging_mixin.py:190} INFO - [2026-05-03T23:15:42.697+0000] {dag.py:3239} INFO - Sync 3 DAGs
[2026-05-03T23:15:42.713+0000] {logging_mixin.py:190} INFO - [2026-05-03T23:15:42.713+0000] {dag.py:4180} INFO - Setting next_dagrun for dataset_with_extra_by_context to 2026-05-02 00:00:00+00:00, run_after=2026-05-03 00:00:00+00:00
[2026-05-03T23:15:42.716+0000] {logging_mixin.py:190} INFO - [2026-05-03T23:15:42.716+0000] {dag.py:4180} INFO - Setting next_dagrun for dataset_with_extra_by_yield to 2026-05-02 00:00:00+00:00, run_after=2026-05-03 00:00:00+00:00
[2026-05-03T23:15:42.718+0000] {logging_mixin.py:190} INFO - [2026-05-03T23:15:42.717+0000] {dag.py:4180} INFO - Setting next_dagrun for dataset_with_extra_from_classic_operator to 2026-05-02 00:00:00+00:00, run_after=2026-05-03 00:00:00+00:00
[2026-05-03T23:15:42.736+0000] {processor.py:208} INFO - Processing /home/ec2-user/environment/lab4_model_training/venv/lib64/python3.12/site-packages/airflow/example_dags/example_outlet_event_extra.py took 0.146 seconds
[2026-05-03T23:17:06.293+0000] {processor.py:186} INFO - Started process (PID=63664) to work on /home/ec2-user/environment/lab4_model_training/venv/lib64/python3.12/site-packages/airflow/example_dags/example_outlet_event_extra.py
[2026-05-03T23:17:06.294+0000] {processor.py:914} INFO - Processing file /home/ec2-user/environment/lab4_model_training/venv/lib64/python3.12/site-packages/airflow/example_dags/example_outlet_event_extra.py for tasks to queue
[2026-05-03T23:17:06.296+0000] {logging_mixin.py:190} INFO - [2026-05-03T23:17:06.296+0000] {dagbag.py:588} INFO - Filling up the DagBag from /home/ec2-user/environment/lab4_model_training/venv/lib64/python3.12/site-packages/airflow/example_dags/example_outlet_event_extra.py
[2026-05-03T23:17:06.382+0000] {processor.py:925} INFO - DAG(s) 'dataset_with_extra_from_classic_operator', 'dataset_with_extra_by_yield', 'dataset_with_extra_by_context' retrieved from /home/ec2-user/environment/lab4_model_training/venv/lib64/python3.12/site-packages/airflow/example_dags/example_outlet_event_extra.py
[2026-05-03T23:17:06.397+0000] {logging_mixin.py:190} INFO - [2026-05-03T23:17:06.397+0000] {dag.py:3239} INFO - Sync 3 DAGs
[2026-05-03T23:17:06.413+0000] {logging_mixin.py:190} INFO - [2026-05-03T23:17:06.413+0000] {dag.py:4180} INFO - Setting next_dagrun for dataset_with_extra_by_context to 2026-05-02 00:00:00+00:00, run_after=2026-05-03 00:00:00+00:00
[2026-05-03T23:17:06.417+0000] {logging_mixin.py:190} INFO - [2026-05-03T23:17:06.417+0000] {dag.py:4180} INFO - Setting next_dagrun for dataset_with_extra_by_yield to 2026-05-02 00:00:00+00:00, run_after=2026-05-03 00:00:00+00:00
[2026-05-03T23:17:06.418+0000] {logging_mixin.py:190} INFO - [2026-05-03T23:17:06.418+0000] {dag.py:4180} INFO - Setting next_dagrun for dataset_with_extra_from_classic_operator to 2026-05-02 00:00:00+00:00, run_after=2026-05-03 00:00:00+00:00
[2026-05-03T23:17:06.440+0000] {processor.py:208} INFO - Processing /home/ec2-user/environment/lab4_model_training/venv/lib64/python3.12/site-packages/airflow/example_dags/example_outlet_event_extra.py took 0.151 seconds
[2026-05-03T23:18:11.412+0000] {processor.py:186} INFO - Started process (PID=63782) to work on /home/ec2-user/environment/lab4_model_training/venv/lib64/python3.12/site-packages/airflow/example_dags/example_outlet_event_extra.py
[2026-05-03T23:18:11.413+0000] {processor.py:914} INFO - Processing file /home/ec2-user/environment/lab4_model_training/venv/lib64/python3.12/site-packages/airflow/example_dags/example_outlet_event_extra.py for tasks to queue
[2026-05-03T23:18:11.415+0000] {logging_mixin.py:190} INFO - [2026-05-03T23:18:11.415+0000] {dagbag.py:588} INFO - Filling up the DagBag from /home/ec2-user/environment/lab4_model_training/venv/lib64/python3.12/site-packages/airflow/example_dags/example_outlet_event_extra.py
[2026-05-03T23:18:11.500+0000] {processor.py:925} INFO - DAG(s) 'dataset_with_extra_by_yield', 'dataset_with_extra_from_classic_operator', 'dataset_with_extra_by_context' retrieved from /home/ec2-user/environment/lab4_model_training/venv/lib64/python3.12/site-packages/airflow/example_dags/example_outlet_event_extra.py
[2026-05-03T23:18:11.516+0000] {logging_mixin.py:190} INFO - [2026-05-03T23:18:11.516+0000] {dag.py:3239} INFO - Sync 3 DAGs
[2026-05-03T23:18:11.532+0000] {logging_mixin.py:190} INFO - [2026-05-03T23:18:11.532+0000] {dag.py:4180} INFO - Setting next_dagrun for dataset_with_extra_by_context to 2026-05-02 00:00:00+00:00, run_after=2026-05-03 00:00:00+00:00
[2026-05-03T23:18:11.536+0000] {logging_mixin.py:190} INFO - [2026-05-03T23:18:11.536+0000] {dag.py:4180} INFO - Setting next_dagrun for dataset_with_extra_by_yield to 2026-05-02 00:00:00+00:00, run_after=2026-05-03 00:00:00+00:00
[2026-05-03T23:18:11.537+0000] {logging_mixin.py:190} INFO - [2026-05-03T23:18:11.537+0000] {dag.py:4180} INFO - Setting next_dagrun for dataset_with_extra_from_classic_operator to 2026-05-02 00:00:00+00:00, run_after=2026-05-03 00:00:00+00:00
[2026-05-03T23:18:11.555+0000] {processor.py:208} INFO - Processing /home/ec2-user/environment/lab4_model_training/venv/lib64/python3.12/site-packages/airflow/example_dags/example_outlet_event_extra.py took 0.148 seconds
[2026-05-03T23:19:15.808+0000] {processor.py:186} INFO - Started process (PID=63953) to work on /home/ec2-user/environment/lab4_model_training/venv/lib64/python3.12/site-packages/airflow/example_dags/example_outlet_event_extra.py
[2026-05-03T23:19:15.810+0000] {processor.py:914} INFO - Processing file /home/ec2-user/environment/lab4_model_training/venv/lib64/python3.12/site-packages/airflow/example_dags/example_outlet_event_extra.py for tasks to queue
[2026-05-03T23:19:15.811+0000] {logging_mixin.py:190} INFO - [2026-05-03T23:19:15.811+0000] {dagbag.py:588} INFO - Filling up the DagBag from /home/ec2-user/environment/lab4_model_training/venv/lib64/python3.12/site-packages/airflow/example_dags/example_outlet_event_extra.py
[2026-05-03T23:19:15.895+0000] {processor.py:925} INFO - DAG(s) 'dataset_with_extra_by_yield', 'dataset_with_extra_from_classic_operator', 'dataset_with_extra_by_context' retrieved from /home/ec2-user/environment/lab4_model_training/venv/lib64/python3.12/site-packages/airflow/example_dags/example_outlet_event_extra.py
[2026-05-03T23:19:15.909+0000] {logging_mixin.py:190} INFO - [2026-05-03T23:19:15.909+0000] {dag.py:3239} INFO - Sync 3 DAGs
[2026-05-03T23:19:16.035+0000] {logging_mixin.py:190} INFO - [2026-05-03T23:19:16.035+0000] {dag.py:4180} INFO - Setting next_dagrun for dataset_with_extra_by_context to 2026-05-02 00:00:00+00:00, run_after=2026-05-03 00:00:00+00:00
[2026-05-03T23:19:16.038+0000] {logging_mixin.py:190} INFO - [2026-05-03T23:19:16.038+0000] {dag.py:4180} INFO - Setting next_dagrun for dataset_with_extra_by_yield to 2026-05-02 00:00:00+00:00, run_after=2026-05-03 00:00:00+00:00
[2026-05-03T23:19:16.040+0000] {logging_mixin.py:190} INFO - [2026-05-03T23:19:16.039+0000] {dag.py:4180} INFO - Setting next_dagrun for dataset_with_extra_from_classic_operator to 2026-05-02 00:00:00+00:00, run_after=2026-05-03 00:00:00+00:00
[2026-05-03T23:19:16.056+0000] {processor.py:208} INFO - Processing /home/ec2-user/environment/lab4_model_training/venv/lib64/python3.12/site-packages/airflow/example_dags/example_outlet_event_extra.py took 0.252 seconds
[2026-05-03T23:20:19.594+0000] {processor.py:186} INFO - Started process (PID=64075) to work on /home/ec2-user/environment/lab4_model_training/venv/lib64/python3.12/site-packages/airflow/example_dags/example_outlet_event_extra.py
[2026-05-03T23:20:19.595+0000] {processor.py:914} INFO - Processing file /home/ec2-user/environment/lab4_model_training/venv/lib64/python3.12/site-packages/airflow/example_dags/example_outlet_event_extra.py for tasks to queue
[2026-05-03T23:20:19.597+0000] {logging_mixin.py:190} INFO - [2026-05-03T23:20:19.597+0000] {dagbag.py:588} INFO - Filling up the DagBag from /home/ec2-user/environment/lab4_model_training/venv/lib64/python3.12/site-packages/airflow/example_dags/example_outlet_event_extra.py
[2026-05-03T23:20:19.682+0000] {processor.py:925} INFO - DAG(s) 'dataset_with_extra_by_yield', 'dataset_with_extra_from_classic_operator', 'dataset_with_extra_by_context' retrieved from /home/ec2-user/environment/lab4_model_training/venv/lib64/python3.12/site-packages/airflow/example_dags/example_outlet_event_extra.py
[2026-05-03T23:20:19.697+0000] {logging_mixin.py:190} INFO - [2026-05-03T23:20:19.697+0000] {dag.py:3239} INFO - Sync 3 DAGs
[2026-05-03T23:20:19.713+0000] {logging_mixin.py:190} INFO - [2026-05-03T23:20:19.713+0000] {dag.py:4180} INFO - Setting next_dagrun for dataset_with_extra_by_context to 2026-05-02 00:00:00+00:00, run_after=2026-05-03 00:00:00+00:00
[2026-05-03T23:20:19.716+0000] {logging_mixin.py:190} INFO - [2026-05-03T23:20:19.716+0000] {dag.py:4180} INFO - Setting next_dagrun for dataset_with_extra_by_yield to 2026-05-02 00:00:00+00:00, run_after=2026-05-03 00:00:00+00:00
[2026-05-03T23:20:19.718+0000] {logging_mixin.py:190} INFO - [2026-05-03T23:20:19.718+0000] {dag.py:4180} INFO - Setting next_dagrun for dataset_with_extra_from_classic_operator to 2026-05-02 00:00:00+00:00, run_after=2026-05-03 00:00:00+00:00
[2026-05-03T23:20:19.842+0000] {processor.py:208} INFO - Processing /home/ec2-user/environment/lab4_model_training/venv/lib64/python3.12/site-packages/airflow/example_dags/example_outlet_event_extra.py took 0.252 seconds
[2026-05-03T23:21:46.701+0000] {processor.py:186} INFO - Started process (PID=64381) to work on /home/ec2-user/environment/lab4_model_training/venv/lib64/python3.12/site-packages/airflow/example_dags/example_outlet_event_extra.py
[2026-05-03T23:21:46.703+0000] {processor.py:914} INFO - Processing file /home/ec2-user/environment/lab4_model_training/venv/lib64/python3.12/site-packages/airflow/example_dags/example_outlet_event_extra.py for tasks to queue
[2026-05-03T23:21:46.704+0000] {logging_mixin.py:190} INFO - [2026-05-03T23:21:46.704+0000] {dagbag.py:588} INFO - Filling up the DagBag from /home/ec2-user/environment/lab4_model_training/venv/lib64/python3.12/site-packages/airflow/example_dags/example_outlet_event_extra.py
[2026-05-03T23:21:46.788+0000] {processor.py:925} INFO - DAG(s) 'dataset_with_extra_by_yield', 'dataset_with_extra_by_context', 'dataset_with_extra_from_classic_operator' retrieved from /home/ec2-user/environment/lab4_model_training/venv/lib64/python3.12/site-packages/airflow/example_dags/example_outlet_event_extra.py
[2026-05-03T23:21:46.803+0000] {logging_mixin.py:190} INFO - [2026-05-03T23:21:46.803+0000] {dag.py:3239} INFO - Sync 3 DAGs
[2026-05-03T23:21:46.819+0000] {logging_mixin.py:190} INFO - [2026-05-03T23:21:46.819+0000] {dag.py:4180} INFO - Setting next_dagrun for dataset_with_extra_by_context to 2026-05-02 00:00:00+00:00, run_after=2026-05-03 00:00:00+00:00
[2026-05-03T23:21:46.823+0000] {logging_mixin.py:190} INFO - [2026-05-03T23:21:46.823+0000] {dag.py:4180} INFO - Setting next_dagrun for dataset_with_extra_by_yield to 2026-05-02 00:00:00+00:00, run_after=2026-05-03 00:00:00+00:00
[2026-05-03T23:21:46.825+0000] {logging_mixin.py:190} INFO - [2026-05-03T23:21:46.825+0000] {dag.py:4180} INFO - Setting next_dagrun for dataset_with_extra_from_classic_operator to 2026-05-02 00:00:00+00:00, run_after=2026-05-03 00:00:00+00:00
[2026-05-03T23:21:46.843+0000] {processor.py:208} INFO - Processing /home/ec2-user/environment/lab4_model_training/venv/lib64/python3.12/site-packages/airflow/example_dags/example_outlet_event_extra.py took 0.146 seconds
[2026-05-03T23:23:03.665+0000] {processor.py:186} INFO - Started process (PID=64552) to work on /home/ec2-user/environment/lab4_model_training/venv/lib64/python3.12/site-packages/airflow/example_dags/example_outlet_event_extra.py
[2026-05-03T23:23:03.666+0000] {processor.py:914} INFO - Processing file /home/ec2-user/environment/lab4_model_training/venv/lib64/python3.12/site-packages/airflow/example_dags/example_outlet_event_extra.py for tasks to queue
[2026-05-03T23:23:03.667+0000] {logging_mixin.py:190} INFO - [2026-05-03T23:23:03.667+0000] {dagbag.py:588} INFO - Filling up the DagBag from /home/ec2-user/environment/lab4_model_training/venv/lib64/python3.12/site-packages/airflow/example_dags/example_outlet_event_extra.py
[2026-05-03T23:23:03.752+0000] {processor.py:925} INFO - DAG(s) 'dataset_with_extra_by_context', 'dataset_with_extra_by_yield', 'dataset_with_extra_from_classic_operator' retrieved from /home/ec2-user/environment/lab4_model_training/venv/lib64/python3.12/site-packages/airflow/example_dags/example_outlet_event_extra.py
[2026-05-03T23:23:03.766+0000] {logging_mixin.py:190} INFO - [2026-05-03T23:23:03.766+0000] {dag.py:3239} INFO - Sync 3 DAGs
[2026-05-03T23:23:03.782+0000] {logging_mixin.py:190} INFO - [2026-05-03T23:23:03.782+0000] {dag.py:4180} INFO - Setting next_dagrun for dataset_with_extra_by_context to 2026-05-02 00:00:00+00:00, run_after=2026-05-03 00:00:00+00:00
[2026-05-03T23:23:03.785+0000] {logging_mixin.py:190} INFO - [2026-05-03T23:23:03.785+0000] {dag.py:4180} INFO - Setting next_dagrun for dataset_with_extra_by_yield to 2026-05-02 00:00:00+00:00, run_after=2026-05-03 00:00:00+00:00
[2026-05-03T23:23:03.787+0000] {logging_mixin.py:190} INFO - [2026-05-03T23:23:03.787+0000] {dag.py:4180} INFO - Setting next_dagrun for dataset_with_extra_from_classic_operator to 2026-05-02 00:00:00+00:00, run_after=2026-05-03 00:00:00+00:00
[2026-05-03T23:23:03.804+0000] {processor.py:208} INFO - Processing /home/ec2-user/environment/lab4_model_training/venv/lib64/python3.12/site-packages/airflow/example_dags/example_outlet_event_extra.py took 0.143 seconds
[2026-05-03T23:24:08.887+0000] {processor.py:186} INFO - Started process (PID=64745) to work on /home/ec2-user/environment/lab4_model_training/venv/lib64/python3.12/site-packages/airflow/example_dags/example_outlet_event_extra.py
[2026-05-03T23:24:08.888+0000] {processor.py:914} INFO - Processing file /home/ec2-user/environment/lab4_model_training/venv/lib64/python3.12/site-packages/airflow/example_dags/example_outlet_event_extra.py for tasks to queue
[2026-05-03T23:24:08.889+0000] {logging_mixin.py:190} INFO - [2026-05-03T23:24:08.889+0000] {dagbag.py:588} INFO - Filling up the DagBag from /home/ec2-user/environment/lab4_model_training/venv/lib64/python3.12/site-packages/airflow/example_dags/example_outlet_event_extra.py
[2026-05-03T23:24:08.974+0000] {processor.py:925} INFO - DAG(s) 'dataset_with_extra_from_classic_operator', 'dataset_with_extra_by_context', 'dataset_with_extra_by_yield' retrieved from /home/ec2-user/environment/lab4_model_training/venv/lib64/python3.12/site-packages/airflow/example_dags/example_outlet_event_extra.py
[2026-05-03T23:24:08.989+0000] {logging_mixin.py:190} INFO - [2026-05-03T23:24:08.989+0000] {dag.py:3239} INFO - Sync 3 DAGs
[2026-05-03T23:24:09.111+0000] {logging_mixin.py:190} INFO - [2026-05-03T23:24:09.110+0000] {dag.py:4180} INFO - Setting next_dagrun for dataset_with_extra_by_context to 2026-05-02 00:00:00+00:00, run_after=2026-05-03 00:00:00+00:00
[2026-05-03T23:24:09.114+0000] {logging_mixin.py:190} INFO - [2026-05-03T23:24:09.114+0000] {dag.py:4180} INFO - Setting next_dagrun for dataset_with_extra_by_yield to 2026-05-02 00:00:00+00:00, run_after=2026-05-03 00:00:00+00:00
[2026-05-03T23:24:09.116+0000] {logging_mixin.py:190} INFO - [2026-05-03T23:24:09.116+0000] {dag.py:4180} INFO - Setting next_dagrun for dataset_with_extra_from_classic_operator to 2026-05-02 00:00:00+00:00, run_after=2026-05-03 00:00:00+00:00
[2026-05-03T23:24:09.133+0000] {processor.py:208} INFO - Processing /home/ec2-user/environment/lab4_model_training/venv/lib64/python3.12/site-packages/airflow/example_dags/example_outlet_event_extra.py took 0.250 seconds
[2026-05-03T23:25:13.606+0000] {processor.py:186} INFO - Started process (PID=64920) to work on /home/ec2-user/environment/lab4_model_training/venv/lib64/python3.12/site-packages/airflow/example_dags/example_outlet_event_extra.py
[2026-05-03T23:25:13.607+0000] {processor.py:914} INFO - Processing file /home/ec2-user/environment/lab4_model_training/venv/lib64/python3.12/site-packages/airflow/example_dags/example_outlet_event_extra.py for tasks to queue
[2026-05-03T23:25:13.609+0000] {logging_mixin.py:190} INFO - [2026-05-03T23:25:13.608+0000] {dagbag.py:588} INFO - Filling up the DagBag from /home/ec2-user/environment/lab4_model_training/venv/lib64/python3.12/site-packages/airflow/example_dags/example_outlet_event_extra.py
[2026-05-03T23:25:13.695+0000] {processor.py:925} INFO - DAG(s) 'dataset_with_extra_from_classic_operator', 'dataset_with_extra_by_context', 'dataset_with_extra_by_yield' retrieved from /home/ec2-user/environment/lab4_model_training/venv/lib64/python3.12/site-packages/airflow/example_dags/example_outlet_event_extra.py
[2026-05-03T23:25:13.710+0000] {logging_mixin.py:190} INFO - [2026-05-03T23:25:13.710+0000] {dag.py:3239} INFO - Sync 3 DAGs
[2026-05-03T23:25:13.726+0000] {logging_mixin.py:190} INFO - [2026-05-03T23:25:13.726+0000] {dag.py:4180} INFO - Setting next_dagrun for dataset_with_extra_by_context to 2026-05-02 00:00:00+00:00, run_after=2026-05-03 00:00:00+00:00
[2026-05-03T23:25:13.729+0000] {logging_mixin.py:190} INFO - [2026-05-03T23:25:13.729+0000] {dag.py:4180} INFO - Setting next_dagrun for dataset_with_extra_by_yield to 2026-05-02 00:00:00+00:00, run_after=2026-05-03 00:00:00+00:00
[2026-05-03T23:25:13.731+0000] {logging_mixin.py:190} INFO - [2026-05-03T23:25:13.731+0000] {dag.py:4180} INFO - Setting next_dagrun for dataset_with_extra_from_classic_operator to 2026-05-02 00:00:00+00:00, run_after=2026-05-03 00:00:00+00:00
[2026-05-03T23:25:13.750+0000] {processor.py:208} INFO - Processing /home/ec2-user/environment/lab4_model_training/venv/lib64/python3.12/site-packages/airflow/example_dags/example_outlet_event_extra.py took 0.149 seconds
[2026-05-03T23:26:23.915+0000] {processor.py:186} INFO - Started process (PID=65121) to work on /home/ec2-user/environment/lab4_model_training/venv/lib64/python3.12/site-packages/airflow/example_dags/example_outlet_event_extra.py
[2026-05-03T23:26:23.916+0000] {processor.py:914} INFO - Processing file /home/ec2-user/environment/lab4_model_training/venv/lib64/python3.12/site-packages/airflow/example_dags/example_outlet_event_extra.py for tasks to queue
[2026-05-03T23:26:23.918+0000] {logging_mixin.py:190} INFO - [2026-05-03T23:26:23.918+0000] {dagbag.py:588} INFO - Filling up the DagBag from /home/ec2-user/environment/lab4_model_training/venv/lib64/python3.12/site-packages/airflow/example_dags/example_outlet_event_extra.py
[2026-05-03T23:26:24.111+0000] {processor.py:925} INFO - DAG(s) 'dataset_with_extra_by_context', 'dataset_with_extra_from_classic_operator', 'dataset_with_extra_by_yield' retrieved from /home/ec2-user/environment/lab4_model_training/venv/lib64/python3.12/site-packages/airflow/example_dags/example_outlet_event_extra.py
[2026-05-03T23:26:24.123+0000] {logging_mixin.py:190} INFO - [2026-05-03T23:26:24.123+0000] {dag.py:3239} INFO - Sync 3 DAGs
[2026-05-03T23:26:24.137+0000] {logging_mixin.py:190} INFO - [2026-05-03T23:26:24.137+0000] {dag.py:4180} INFO - Setting next_dagrun for dataset_with_extra_by_context to 2026-05-02 00:00:00+00:00, run_after=2026-05-03 00:00:00+00:00
[2026-05-03T23:26:24.140+0000] {logging_mixin.py:190} INFO - [2026-05-03T23:26:24.140+0000] {dag.py:4180} INFO - Setting next_dagrun for dataset_with_extra_by_yield to 2026-05-02 00:00:00+00:00, run_after=2026-05-03 00:00:00+00:00
[2026-05-03T23:26:24.142+0000] {logging_mixin.py:190} INFO - [2026-05-03T23:26:24.141+0000] {dag.py:4180} INFO - Setting next_dagrun for dataset_with_extra_from_classic_operator to 2026-05-02 00:00:00+00:00, run_after=2026-05-03 00:00:00+00:00
[2026-05-03T23:26:24.158+0000] {processor.py:208} INFO - Processing /home/ec2-user/environment/lab4_model_training/venv/lib64/python3.12/site-packages/airflow/example_dags/example_outlet_event_extra.py took 0.248 seconds
