[2026-05-03T22:49:53.360+0000] {processor.py:186} INFO - Started process (PID=57687) to work on /home/ec2-user/environment/lab4_model_training/venv/lib64/python3.12/site-packages/airflow/example_dags/example_setup_teardown.py
[2026-05-03T22:49:53.360+0000] {processor.py:914} INFO - Processing file /home/ec2-user/environment/lab4_model_training/venv/lib64/python3.12/site-packages/airflow/example_dags/example_setup_teardown.py for tasks to queue
[2026-05-03T22:49:53.362+0000] {logging_mixin.py:190} INFO - [2026-05-03T22:49:53.362+0000] {dagbag.py:588} INFO - Filling up the DagBag from /home/ec2-user/environment/lab4_model_training/venv/lib64/python3.12/site-packages/airflow/example_dags/example_setup_teardown.py
[2026-05-03T22:49:53.369+0000] {processor.py:925} INFO - DAG(s) 'example_setup_teardown' retrieved from /home/ec2-user/environment/lab4_model_training/venv/lib64/python3.12/site-packages/airflow/example_dags/example_setup_teardown.py
[2026-05-03T22:49:53.382+0000] {logging_mixin.py:190} INFO - [2026-05-03T22:49:53.382+0000] {dag.py:3239} INFO - Sync 1 DAGs
[2026-05-03T22:49:53.392+0000] {logging_mixin.py:190} INFO - [2026-05-03T22:49:53.392+0000] {dag.py:4180} INFO - Setting next_dagrun for example_setup_teardown to None, run_after=None
[2026-05-03T22:49:53.409+0000] {processor.py:208} INFO - Processing /home/ec2-user/environment/lab4_model_training/venv/lib64/python3.12/site-packages/airflow/example_dags/example_setup_teardown.py took 0.053 seconds
[2026-05-03T22:51:00.722+0000] {processor.py:186} INFO - Started process (PID=57858) to work on /home/ec2-user/environment/lab4_model_training/venv/lib64/python3.12/site-packages/airflow/example_dags/example_setup_teardown.py
[2026-05-03T22:51:00.723+0000] {processor.py:914} INFO - Processing file /home/ec2-user/environment/lab4_model_training/venv/lib64/python3.12/site-packages/airflow/example_dags/example_setup_teardown.py for tasks to queue
[2026-05-03T22:51:00.724+0000] {logging_mixin.py:190} INFO - [2026-05-03T22:51:00.724+0000] {dagbag.py:588} INFO - Filling up the DagBag from /home/ec2-user/environment/lab4_model_training/venv/lib64/python3.12/site-packages/airflow/example_dags/example_setup_teardown.py
[2026-05-03T22:51:00.731+0000] {processor.py:925} INFO - DAG(s) 'example_setup_teardown' retrieved from /home/ec2-user/environment/lab4_model_training/venv/lib64/python3.12/site-packages/airflow/example_dags/example_setup_teardown.py
[2026-05-03T22:51:00.743+0000] {logging_mixin.py:190} INFO - [2026-05-03T22:51:00.743+0000] {dag.py:3239} INFO - Sync 1 DAGs
[2026-05-03T22:51:00.753+0000] {logging_mixin.py:190} INFO - [2026-05-03T22:51:00.753+0000] {dag.py:4180} INFO - Setting next_dagrun for example_setup_teardown to None, run_after=None
[2026-05-03T22:51:00.768+0000] {processor.py:208} INFO - Processing /home/ec2-user/environment/lab4_model_training/venv/lib64/python3.12/site-packages/airflow/example_dags/example_setup_teardown.py took 0.051 seconds
[2026-05-03T22:52:02.552+0000] {processor.py:186} INFO - Started process (PID=58035) to work on /home/ec2-user/environment/lab4_model_training/venv/lib64/python3.12/site-packages/airflow/example_dags/example_setup_teardown.py
[2026-05-03T22:52:02.553+0000] {processor.py:914} INFO - Processing file /home/ec2-user/environment/lab4_model_training/venv/lib64/python3.12/site-packages/airflow/example_dags/example_setup_teardown.py for tasks to queue
[2026-05-03T22:52:02.554+0000] {logging_mixin.py:190} INFO - [2026-05-03T22:52:02.554+0000] {dagbag.py:588} INFO - Filling up the DagBag from /home/ec2-user/environment/lab4_model_training/venv/lib64/python3.12/site-packages/airflow/example_dags/example_setup_teardown.py
[2026-05-03T22:52:02.562+0000] {processor.py:925} INFO - DAG(s) 'example_setup_teardown' retrieved from /home/ec2-user/environment/lab4_model_training/venv/lib64/python3.12/site-packages/airflow/example_dags/example_setup_teardown.py
[2026-05-03T22:52:02.574+0000] {logging_mixin.py:190} INFO - [2026-05-03T22:52:02.574+0000] {dag.py:3239} INFO - Sync 1 DAGs
[2026-05-03T22:52:02.583+0000] {logging_mixin.py:190} INFO - [2026-05-03T22:52:02.583+0000] {dag.py:4180} INFO - Setting next_dagrun for example_setup_teardown to None, run_after=None
[2026-05-03T22:52:02.600+0000] {processor.py:208} INFO - Processing /home/ec2-user/environment/lab4_model_training/venv/lib64/python3.12/site-packages/airflow/example_dags/example_setup_teardown.py took 0.052 seconds
[2026-05-03T22:53:09.086+0000] {processor.py:186} INFO - Started process (PID=58215) to work on /home/ec2-user/environment/lab4_model_training/venv/lib64/python3.12/site-packages/airflow/example_dags/example_setup_teardown.py
[2026-05-03T22:53:09.087+0000] {processor.py:914} INFO - Processing file /home/ec2-user/environment/lab4_model_training/venv/lib64/python3.12/site-packages/airflow/example_dags/example_setup_teardown.py for tasks to queue
[2026-05-03T22:53:09.088+0000] {logging_mixin.py:190} INFO - [2026-05-03T22:53:09.088+0000] {dagbag.py:588} INFO - Filling up the DagBag from /home/ec2-user/environment/lab4_model_training/venv/lib64/python3.12/site-packages/airflow/example_dags/example_setup_teardown.py
[2026-05-03T22:53:09.095+0000] {processor.py:925} INFO - DAG(s) 'example_setup_teardown' retrieved from /home/ec2-user/environment/lab4_model_training/venv/lib64/python3.12/site-packages/airflow/example_dags/example_setup_teardown.py
[2026-05-03T22:53:09.107+0000] {logging_mixin.py:190} INFO - [2026-05-03T22:53:09.107+0000] {dag.py:3239} INFO - Sync 1 DAGs
[2026-05-03T22:53:09.117+0000] {logging_mixin.py:190} INFO - [2026-05-03T22:53:09.117+0000] {dag.py:4180} INFO - Setting next_dagrun for example_setup_teardown to None, run_after=None
[2026-05-03T22:53:09.133+0000] {processor.py:208} INFO - Processing /home/ec2-user/environment/lab4_model_training/venv/lib64/python3.12/site-packages/airflow/example_dags/example_setup_teardown.py took 0.052 seconds
[2026-05-03T22:54:12.026+0000] {processor.py:186} INFO - Started process (PID=58510) to work on /home/ec2-user/environment/lab4_model_training/venv/lib64/python3.12/site-packages/airflow/example_dags/example_setup_teardown.py
[2026-05-03T22:54:12.028+0000] {processor.py:914} INFO - Processing file /home/ec2-user/environment/lab4_model_training/venv/lib64/python3.12/site-packages/airflow/example_dags/example_setup_teardown.py for tasks to queue
[2026-05-03T22:54:12.029+0000] {logging_mixin.py:190} INFO - [2026-05-03T22:54:12.029+0000] {dagbag.py:588} INFO - Filling up the DagBag from /home/ec2-user/environment/lab4_model_training/venv/lib64/python3.12/site-packages/airflow/example_dags/example_setup_teardown.py
[2026-05-03T22:54:12.036+0000] {processor.py:925} INFO - DAG(s) 'example_setup_teardown' retrieved from /home/ec2-user/environment/lab4_model_training/venv/lib64/python3.12/site-packages/airflow/example_dags/example_setup_teardown.py
[2026-05-03T22:54:12.048+0000] {logging_mixin.py:190} INFO - [2026-05-03T22:54:12.048+0000] {dag.py:3239} INFO - Sync 1 DAGs
[2026-05-03T22:54:12.058+0000] {logging_mixin.py:190} INFO - [2026-05-03T22:54:12.058+0000] {dag.py:4180} INFO - Setting next_dagrun for example_setup_teardown to None, run_after=None
[2026-05-03T22:54:12.074+0000] {processor.py:208} INFO - Processing /home/ec2-user/environment/lab4_model_training/venv/lib64/python3.12/site-packages/airflow/example_dags/example_setup_teardown.py took 0.053 seconds
[2026-05-03T22:55:16.279+0000] {processor.py:186} INFO - Started process (PID=58650) to work on /home/ec2-user/environment/lab4_model_training/venv/lib64/python3.12/site-packages/airflow/example_dags/example_setup_teardown.py
[2026-05-03T22:55:16.280+0000] {processor.py:914} INFO - Processing file /home/ec2-user/environment/lab4_model_training/venv/lib64/python3.12/site-packages/airflow/example_dags/example_setup_teardown.py for tasks to queue
[2026-05-03T22:55:16.282+0000] {logging_mixin.py:190} INFO - [2026-05-03T22:55:16.282+0000] {dagbag.py:588} INFO - Filling up the DagBag from /home/ec2-user/environment/lab4_model_training/venv/lib64/python3.12/site-packages/airflow/example_dags/example_setup_teardown.py
[2026-05-03T22:55:16.289+0000] {processor.py:925} INFO - DAG(s) 'example_setup_teardown' retrieved from /home/ec2-user/environment/lab4_model_training/venv/lib64/python3.12/site-packages/airflow/example_dags/example_setup_teardown.py
[2026-05-03T22:55:16.301+0000] {logging_mixin.py:190} INFO - [2026-05-03T22:55:16.301+0000] {dag.py:3239} INFO - Sync 1 DAGs
[2026-05-03T22:55:16.311+0000] {logging_mixin.py:190} INFO - [2026-05-03T22:55:16.311+0000] {dag.py:4180} INFO - Setting next_dagrun for example_setup_teardown to None, run_after=None
[2026-05-03T22:55:16.328+0000] {processor.py:208} INFO - Processing /home/ec2-user/environment/lab4_model_training/venv/lib64/python3.12/site-packages/airflow/example_dags/example_setup_teardown.py took 0.053 seconds
[2026-05-03T22:56:23.188+0000] {processor.py:186} INFO - Started process (PID=58816) to work on /home/ec2-user/environment/lab4_model_training/venv/lib64/python3.12/site-packages/airflow/example_dags/example_setup_teardown.py
[2026-05-03T22:56:23.190+0000] {processor.py:914} INFO - Processing file /home/ec2-user/environment/lab4_model_training/venv/lib64/python3.12/site-packages/airflow/example_dags/example_setup_teardown.py for tasks to queue
[2026-05-03T22:56:23.191+0000] {logging_mixin.py:190} INFO - [2026-05-03T22:56:23.191+0000] {dagbag.py:588} INFO - Filling up the DagBag from /home/ec2-user/environment/lab4_model_training/venv/lib64/python3.12/site-packages/airflow/example_dags/example_setup_teardown.py
[2026-05-03T22:56:23.198+0000] {processor.py:925} INFO - DAG(s) 'example_setup_teardown' retrieved from /home/ec2-user/environment/lab4_model_training/venv/lib64/python3.12/site-packages/airflow/example_dags/example_setup_teardown.py
[2026-05-03T22:56:23.210+0000] {logging_mixin.py:190} INFO - [2026-05-03T22:56:23.210+0000] {dag.py:3239} INFO - Sync 1 DAGs
[2026-05-03T22:56:23.219+0000] {logging_mixin.py:190} INFO - [2026-05-03T22:56:23.219+0000] {dag.py:4180} INFO - Setting next_dagrun for example_setup_teardown to None, run_after=None
[2026-05-03T22:56:23.236+0000] {processor.py:208} INFO - Processing /home/ec2-user/environment/lab4_model_training/venv/lib64/python3.12/site-packages/airflow/example_dags/example_setup_teardown.py took 0.051 seconds
[2026-05-03T22:57:28.150+0000] {processor.py:186} INFO - Started process (PID=58978) to work on /home/ec2-user/environment/lab4_model_training/venv/lib64/python3.12/site-packages/airflow/example_dags/example_setup_teardown.py
[2026-05-03T22:57:28.151+0000] {processor.py:914} INFO - Processing file /home/ec2-user/environment/lab4_model_training/venv/lib64/python3.12/site-packages/airflow/example_dags/example_setup_teardown.py for tasks to queue
[2026-05-03T22:57:28.153+0000] {logging_mixin.py:190} INFO - [2026-05-03T22:57:28.153+0000] {dagbag.py:588} INFO - Filling up the DagBag from /home/ec2-user/environment/lab4_model_training/venv/lib64/python3.12/site-packages/airflow/example_dags/example_setup_teardown.py
[2026-05-03T22:57:28.160+0000] {processor.py:925} INFO - DAG(s) 'example_setup_teardown' retrieved from /home/ec2-user/environment/lab4_model_training/venv/lib64/python3.12/site-packages/airflow/example_dags/example_setup_teardown.py
[2026-05-03T22:57:28.172+0000] {logging_mixin.py:190} INFO - [2026-05-03T22:57:28.172+0000] {dag.py:3239} INFO - Sync 1 DAGs
[2026-05-03T22:57:28.182+0000] {logging_mixin.py:190} INFO - [2026-05-03T22:57:28.182+0000] {dag.py:4180} INFO - Setting next_dagrun for example_setup_teardown to None, run_after=None
[2026-05-03T22:57:28.198+0000] {processor.py:208} INFO - Processing /home/ec2-user/environment/lab4_model_training/venv/lib64/python3.12/site-packages/airflow/example_dags/example_setup_teardown.py took 0.053 seconds
[2026-05-03T22:58:34.395+0000] {processor.py:186} INFO - Started process (PID=59314) to work on /home/ec2-user/environment/lab4_model_training/venv/lib64/python3.12/site-packages/airflow/example_dags/example_setup_teardown.py
[2026-05-03T22:58:34.397+0000] {processor.py:914} INFO - Processing file /home/ec2-user/environment/lab4_model_training/venv/lib64/python3.12/site-packages/airflow/example_dags/example_setup_teardown.py for tasks to queue
[2026-05-03T22:58:34.398+0000] {logging_mixin.py:190} INFO - [2026-05-03T22:58:34.398+0000] {dagbag.py:588} INFO - Filling up the DagBag from /home/ec2-user/environment/lab4_model_training/venv/lib64/python3.12/site-packages/airflow/example_dags/example_setup_teardown.py
[2026-05-03T22:58:34.405+0000] {processor.py:925} INFO - DAG(s) 'example_setup_teardown' retrieved from /home/ec2-user/environment/lab4_model_training/venv/lib64/python3.12/site-packages/airflow/example_dags/example_setup_teardown.py
[2026-05-03T22:58:34.418+0000] {logging_mixin.py:190} INFO - [2026-05-03T22:58:34.418+0000] {dag.py:3239} INFO - Sync 1 DAGs
[2026-05-03T22:58:34.427+0000] {logging_mixin.py:190} INFO - [2026-05-03T22:58:34.427+0000] {dag.py:4180} INFO - Setting next_dagrun for example_setup_teardown to None, run_after=None
[2026-05-03T22:58:34.444+0000] {processor.py:208} INFO - Processing /home/ec2-user/environment/lab4_model_training/venv/lib64/python3.12/site-packages/airflow/example_dags/example_setup_teardown.py took 0.052 seconds
[2026-05-03T22:59:41.784+0000] {processor.py:186} INFO - Started process (PID=59606) to work on /home/ec2-user/environment/lab4_model_training/venv/lib64/python3.12/site-packages/airflow/example_dags/example_setup_teardown.py
[2026-05-03T22:59:41.786+0000] {processor.py:914} INFO - Processing file /home/ec2-user/environment/lab4_model_training/venv/lib64/python3.12/site-packages/airflow/example_dags/example_setup_teardown.py for tasks to queue
[2026-05-03T22:59:41.787+0000] {logging_mixin.py:190} INFO - [2026-05-03T22:59:41.787+0000] {dagbag.py:588} INFO - Filling up the DagBag from /home/ec2-user/environment/lab4_model_training/venv/lib64/python3.12/site-packages/airflow/example_dags/example_setup_teardown.py
[2026-05-03T22:59:41.794+0000] {processor.py:925} INFO - DAG(s) 'example_setup_teardown' retrieved from /home/ec2-user/environment/lab4_model_training/venv/lib64/python3.12/site-packages/airflow/example_dags/example_setup_teardown.py
[2026-05-03T22:59:41.806+0000] {logging_mixin.py:190} INFO - [2026-05-03T22:59:41.806+0000] {dag.py:3239} INFO - Sync 1 DAGs
[2026-05-03T22:59:41.816+0000] {logging_mixin.py:190} INFO - [2026-05-03T22:59:41.816+0000] {dag.py:4180} INFO - Setting next_dagrun for example_setup_teardown to None, run_after=None
[2026-05-03T22:59:41.832+0000] {processor.py:208} INFO - Processing /home/ec2-user/environment/lab4_model_training/venv/lib64/python3.12/site-packages/airflow/example_dags/example_setup_teardown.py took 0.053 seconds
[2026-05-03T23:00:45.769+0000] {processor.py:186} INFO - Started process (PID=59909) to work on /home/ec2-user/environment/lab4_model_training/venv/lib64/python3.12/site-packages/airflow/example_dags/example_setup_teardown.py
[2026-05-03T23:00:45.770+0000] {processor.py:914} INFO - Processing file /home/ec2-user/environment/lab4_model_training/venv/lib64/python3.12/site-packages/airflow/example_dags/example_setup_teardown.py for tasks to queue
[2026-05-03T23:00:45.772+0000] {logging_mixin.py:190} INFO - [2026-05-03T23:00:45.772+0000] {dagbag.py:588} INFO - Filling up the DagBag from /home/ec2-user/environment/lab4_model_training/venv/lib64/python3.12/site-packages/airflow/example_dags/example_setup_teardown.py
[2026-05-03T23:00:45.779+0000] {processor.py:925} INFO - DAG(s) 'example_setup_teardown' retrieved from /home/ec2-user/environment/lab4_model_training/venv/lib64/python3.12/site-packages/airflow/example_dags/example_setup_teardown.py
[2026-05-03T23:00:45.791+0000] {logging_mixin.py:190} INFO - [2026-05-03T23:00:45.791+0000] {dag.py:3239} INFO - Sync 1 DAGs
[2026-05-03T23:00:45.801+0000] {logging_mixin.py:190} INFO - [2026-05-03T23:00:45.800+0000] {dag.py:4180} INFO - Setting next_dagrun for example_setup_teardown to None, run_after=None
[2026-05-03T23:00:45.818+0000] {processor.py:208} INFO - Processing /home/ec2-user/environment/lab4_model_training/venv/lib64/python3.12/site-packages/airflow/example_dags/example_setup_teardown.py took 0.053 seconds
[2026-05-03T23:01:53.754+0000] {processor.py:186} INFO - Started process (PID=60250) to work on /home/ec2-user/environment/lab4_model_training/venv/lib64/python3.12/site-packages/airflow/example_dags/example_setup_teardown.py
[2026-05-03T23:01:53.755+0000] {processor.py:914} INFO - Processing file /home/ec2-user/environment/lab4_model_training/venv/lib64/python3.12/site-packages/airflow/example_dags/example_setup_teardown.py for tasks to queue
[2026-05-03T23:01:53.757+0000] {logging_mixin.py:190} INFO - [2026-05-03T23:01:53.757+0000] {dagbag.py:588} INFO - Filling up the DagBag from /home/ec2-user/environment/lab4_model_training/venv/lib64/python3.12/site-packages/airflow/example_dags/example_setup_teardown.py
[2026-05-03T23:01:53.763+0000] {processor.py:925} INFO - DAG(s) 'example_setup_teardown' retrieved from /home/ec2-user/environment/lab4_model_training/venv/lib64/python3.12/site-packages/airflow/example_dags/example_setup_teardown.py
[2026-05-03T23:01:53.775+0000] {logging_mixin.py:190} INFO - [2026-05-03T23:01:53.775+0000] {dag.py:3239} INFO - Sync 1 DAGs
[2026-05-03T23:01:53.786+0000] {logging_mixin.py:190} INFO - [2026-05-03T23:01:53.785+0000] {dag.py:4180} INFO - Setting next_dagrun for example_setup_teardown to None, run_after=None
[2026-05-03T23:01:53.802+0000] {processor.py:208} INFO - Processing /home/ec2-user/environment/lab4_model_training/venv/lib64/python3.12/site-packages/airflow/example_dags/example_setup_teardown.py took 0.052 seconds
[2026-05-03T23:02:56.501+0000] {processor.py:186} INFO - Started process (PID=60516) to work on /home/ec2-user/environment/lab4_model_training/venv/lib64/python3.12/site-packages/airflow/example_dags/example_setup_teardown.py
[2026-05-03T23:02:56.502+0000] {processor.py:914} INFO - Processing file /home/ec2-user/environment/lab4_model_training/venv/lib64/python3.12/site-packages/airflow/example_dags/example_setup_teardown.py for tasks to queue
[2026-05-03T23:02:56.504+0000] {logging_mixin.py:190} INFO - [2026-05-03T23:02:56.503+0000] {dagbag.py:588} INFO - Filling up the DagBag from /home/ec2-user/environment/lab4_model_training/venv/lib64/python3.12/site-packages/airflow/example_dags/example_setup_teardown.py
[2026-05-03T23:02:56.511+0000] {processor.py:925} INFO - DAG(s) 'example_setup_teardown' retrieved from /home/ec2-user/environment/lab4_model_training/venv/lib64/python3.12/site-packages/airflow/example_dags/example_setup_teardown.py
[2026-05-03T23:02:56.523+0000] {logging_mixin.py:190} INFO - [2026-05-03T23:02:56.523+0000] {dag.py:3239} INFO - Sync 1 DAGs
[2026-05-03T23:02:56.533+0000] {logging_mixin.py:190} INFO - [2026-05-03T23:02:56.533+0000] {dag.py:4180} INFO - Setting next_dagrun for example_setup_teardown to None, run_after=None
[2026-05-03T23:02:56.551+0000] {processor.py:208} INFO - Processing /home/ec2-user/environment/lab4_model_training/venv/lib64/python3.12/site-packages/airflow/example_dags/example_setup_teardown.py took 0.055 seconds
[2026-05-03T23:03:56.181+0000] {processor.py:186} INFO - Started process (PID=60825) to work on /home/ec2-user/environment/lab4_model_training/venv/lib64/python3.12/site-packages/airflow/example_dags/example_setup_teardown.py
[2026-05-03T23:03:56.182+0000] {processor.py:914} INFO - Processing file /home/ec2-user/environment/lab4_model_training/venv/lib64/python3.12/site-packages/airflow/example_dags/example_setup_teardown.py for tasks to queue
[2026-05-03T23:03:56.184+0000] {logging_mixin.py:190} INFO - [2026-05-03T23:03:56.183+0000] {dagbag.py:588} INFO - Filling up the DagBag from /home/ec2-user/environment/lab4_model_training/venv/lib64/python3.12/site-packages/airflow/example_dags/example_setup_teardown.py
[2026-05-03T23:03:56.191+0000] {processor.py:925} INFO - DAG(s) 'example_setup_teardown' retrieved from /home/ec2-user/environment/lab4_model_training/venv/lib64/python3.12/site-packages/airflow/example_dags/example_setup_teardown.py
[2026-05-03T23:03:56.203+0000] {logging_mixin.py:190} INFO - [2026-05-03T23:03:56.203+0000] {dag.py:3239} INFO - Sync 1 DAGs
[2026-05-03T23:03:56.213+0000] {logging_mixin.py:190} INFO - [2026-05-03T23:03:56.213+0000] {dag.py:4180} INFO - Setting next_dagrun for example_setup_teardown to None, run_after=None
[2026-05-03T23:03:56.230+0000] {processor.py:208} INFO - Processing /home/ec2-user/environment/lab4_model_training/venv/lib64/python3.12/site-packages/airflow/example_dags/example_setup_teardown.py took 0.053 seconds
[2026-05-03T23:05:04.170+0000] {processor.py:186} INFO - Started process (PID=61096) to work on /home/ec2-user/environment/lab4_model_training/venv/lib64/python3.12/site-packages/airflow/example_dags/example_setup_teardown.py
[2026-05-03T23:05:04.171+0000] {processor.py:914} INFO - Processing file /home/ec2-user/environment/lab4_model_training/venv/lib64/python3.12/site-packages/airflow/example_dags/example_setup_teardown.py for tasks to queue
[2026-05-03T23:05:04.173+0000] {logging_mixin.py:190} INFO - [2026-05-03T23:05:04.172+0000] {dagbag.py:588} INFO - Filling up the DagBag from /home/ec2-user/environment/lab4_model_training/venv/lib64/python3.12/site-packages/airflow/example_dags/example_setup_teardown.py
[2026-05-03T23:05:04.185+0000] {processor.py:925} INFO - DAG(s) 'example_setup_teardown' retrieved from /home/ec2-user/environment/lab4_model_training/venv/lib64/python3.12/site-packages/airflow/example_dags/example_setup_teardown.py
[2026-05-03T23:05:04.197+0000] {logging_mixin.py:190} INFO - [2026-05-03T23:05:04.196+0000] {dag.py:3239} INFO - Sync 1 DAGs
[2026-05-03T23:05:04.205+0000] {logging_mixin.py:190} INFO - [2026-05-03T23:05:04.205+0000] {dag.py:4180} INFO - Setting next_dagrun for example_setup_teardown to None, run_after=None
[2026-05-03T23:05:04.222+0000] {processor.py:208} INFO - Processing /home/ec2-user/environment/lab4_model_training/venv/lib64/python3.12/site-packages/airflow/example_dags/example_setup_teardown.py took 0.057 seconds
[2026-05-03T23:06:06.560+0000] {processor.py:186} INFO - Started process (PID=61387) to work on /home/ec2-user/environment/lab4_model_training/venv/lib64/python3.12/site-packages/airflow/example_dags/example_setup_teardown.py
[2026-05-03T23:06:06.561+0000] {processor.py:914} INFO - Processing file /home/ec2-user/environment/lab4_model_training/venv/lib64/python3.12/site-packages/airflow/example_dags/example_setup_teardown.py for tasks to queue
[2026-05-03T23:06:06.562+0000] {logging_mixin.py:190} INFO - [2026-05-03T23:06:06.562+0000] {dagbag.py:588} INFO - Filling up the DagBag from /home/ec2-user/environment/lab4_model_training/venv/lib64/python3.12/site-packages/airflow/example_dags/example_setup_teardown.py
[2026-05-03T23:06:06.569+0000] {processor.py:925} INFO - DAG(s) 'example_setup_teardown' retrieved from /home/ec2-user/environment/lab4_model_training/venv/lib64/python3.12/site-packages/airflow/example_dags/example_setup_teardown.py
[2026-05-03T23:06:06.582+0000] {logging_mixin.py:190} INFO - [2026-05-03T23:06:06.581+0000] {dag.py:3239} INFO - Sync 1 DAGs
[2026-05-03T23:06:06.591+0000] {logging_mixin.py:190} INFO - [2026-05-03T23:06:06.591+0000] {dag.py:4180} INFO - Setting next_dagrun for example_setup_teardown to None, run_after=None
[2026-05-03T23:06:06.608+0000] {processor.py:208} INFO - Processing /home/ec2-user/environment/lab4_model_training/venv/lib64/python3.12/site-packages/airflow/example_dags/example_setup_teardown.py took 0.053 seconds
[2026-05-03T23:07:09.671+0000] {processor.py:186} INFO - Started process (PID=61611) to work on /home/ec2-user/environment/lab4_model_training/venv/lib64/python3.12/site-packages/airflow/example_dags/example_setup_teardown.py
[2026-05-03T23:07:09.672+0000] {processor.py:914} INFO - Processing file /home/ec2-user/environment/lab4_model_training/venv/lib64/python3.12/site-packages/airflow/example_dags/example_setup_teardown.py for tasks to queue
[2026-05-03T23:07:09.674+0000] {logging_mixin.py:190} INFO - [2026-05-03T23:07:09.674+0000] {dagbag.py:588} INFO - Filling up the DagBag from /home/ec2-user/environment/lab4_model_training/venv/lib64/python3.12/site-packages/airflow/example_dags/example_setup_teardown.py
[2026-05-03T23:07:09.681+0000] {processor.py:925} INFO - DAG(s) 'example_setup_teardown' retrieved from /home/ec2-user/environment/lab4_model_training/venv/lib64/python3.12/site-packages/airflow/example_dags/example_setup_teardown.py
[2026-05-03T23:07:09.693+0000] {logging_mixin.py:190} INFO - [2026-05-03T23:07:09.693+0000] {dag.py:3239} INFO - Sync 1 DAGs
[2026-05-03T23:07:09.702+0000] {logging_mixin.py:190} INFO - [2026-05-03T23:07:09.702+0000] {dag.py:4180} INFO - Setting next_dagrun for example_setup_teardown to None, run_after=None
[2026-05-03T23:07:09.718+0000] {processor.py:208} INFO - Processing /home/ec2-user/environment/lab4_model_training/venv/lib64/python3.12/site-packages/airflow/example_dags/example_setup_teardown.py took 0.051 seconds
[2026-05-03T23:08:14.846+0000] {processor.py:186} INFO - Started process (PID=61949) to work on /home/ec2-user/environment/lab4_model_training/venv/lib64/python3.12/site-packages/airflow/example_dags/example_setup_teardown.py
[2026-05-03T23:08:14.847+0000] {processor.py:914} INFO - Processing file /home/ec2-user/environment/lab4_model_training/venv/lib64/python3.12/site-packages/airflow/example_dags/example_setup_teardown.py for tasks to queue
[2026-05-03T23:08:14.849+0000] {logging_mixin.py:190} INFO - [2026-05-03T23:08:14.849+0000] {dagbag.py:588} INFO - Filling up the DagBag from /home/ec2-user/environment/lab4_model_training/venv/lib64/python3.12/site-packages/airflow/example_dags/example_setup_teardown.py
[2026-05-03T23:08:14.855+0000] {processor.py:925} INFO - DAG(s) 'example_setup_teardown' retrieved from /home/ec2-user/environment/lab4_model_training/venv/lib64/python3.12/site-packages/airflow/example_dags/example_setup_teardown.py
[2026-05-03T23:08:14.867+0000] {logging_mixin.py:190} INFO - [2026-05-03T23:08:14.867+0000] {dag.py:3239} INFO - Sync 1 DAGs
[2026-05-03T23:08:14.877+0000] {logging_mixin.py:190} INFO - [2026-05-03T23:08:14.877+0000] {dag.py:4180} INFO - Setting next_dagrun for example_setup_teardown to None, run_after=None
[2026-05-03T23:08:14.893+0000] {processor.py:208} INFO - Processing /home/ec2-user/environment/lab4_model_training/venv/lib64/python3.12/site-packages/airflow/example_dags/example_setup_teardown.py took 0.051 seconds
[2026-05-03T23:09:19.974+0000] {processor.py:186} INFO - Started process (PID=62196) to work on /home/ec2-user/environment/lab4_model_training/venv/lib64/python3.12/site-packages/airflow/example_dags/example_setup_teardown.py
[2026-05-03T23:09:19.975+0000] {processor.py:914} INFO - Processing file /home/ec2-user/environment/lab4_model_training/venv/lib64/python3.12/site-packages/airflow/example_dags/example_setup_teardown.py for tasks to queue
[2026-05-03T23:09:19.976+0000] {logging_mixin.py:190} INFO - [2026-05-03T23:09:19.976+0000] {dagbag.py:588} INFO - Filling up the DagBag from /home/ec2-user/environment/lab4_model_training/venv/lib64/python3.12/site-packages/airflow/example_dags/example_setup_teardown.py
[2026-05-03T23:09:19.983+0000] {processor.py:925} INFO - DAG(s) 'example_setup_teardown' retrieved from /home/ec2-user/environment/lab4_model_training/venv/lib64/python3.12/site-packages/airflow/example_dags/example_setup_teardown.py
[2026-05-03T23:09:19.996+0000] {logging_mixin.py:190} INFO - [2026-05-03T23:09:19.996+0000] {dag.py:3239} INFO - Sync 1 DAGs
[2026-05-03T23:09:20.005+0000] {logging_mixin.py:190} INFO - [2026-05-03T23:09:20.005+0000] {dag.py:4180} INFO - Setting next_dagrun for example_setup_teardown to None, run_after=None
[2026-05-03T23:09:20.022+0000] {processor.py:208} INFO - Processing /home/ec2-user/environment/lab4_model_training/venv/lib64/python3.12/site-packages/airflow/example_dags/example_setup_teardown.py took 0.053 seconds
[2026-05-03T23:10:23.577+0000] {processor.py:186} INFO - Started process (PID=62404) to work on /home/ec2-user/environment/lab4_model_training/venv/lib64/python3.12/site-packages/airflow/example_dags/example_setup_teardown.py
[2026-05-03T23:10:23.578+0000] {processor.py:914} INFO - Processing file /home/ec2-user/environment/lab4_model_training/venv/lib64/python3.12/site-packages/airflow/example_dags/example_setup_teardown.py for tasks to queue
[2026-05-03T23:10:23.580+0000] {logging_mixin.py:190} INFO - [2026-05-03T23:10:23.579+0000] {dagbag.py:588} INFO - Filling up the DagBag from /home/ec2-user/environment/lab4_model_training/venv/lib64/python3.12/site-packages/airflow/example_dags/example_setup_teardown.py
[2026-05-03T23:10:23.586+0000] {processor.py:925} INFO - DAG(s) 'example_setup_teardown' retrieved from /home/ec2-user/environment/lab4_model_training/venv/lib64/python3.12/site-packages/airflow/example_dags/example_setup_teardown.py
[2026-05-03T23:10:23.598+0000] {logging_mixin.py:190} INFO - [2026-05-03T23:10:23.598+0000] {dag.py:3239} INFO - Sync 1 DAGs
[2026-05-03T23:10:23.607+0000] {logging_mixin.py:190} INFO - [2026-05-03T23:10:23.607+0000] {dag.py:4180} INFO - Setting next_dagrun for example_setup_teardown to None, run_after=None
[2026-05-03T23:10:23.624+0000] {processor.py:208} INFO - Processing /home/ec2-user/environment/lab4_model_training/venv/lib64/python3.12/site-packages/airflow/example_dags/example_setup_teardown.py took 0.051 seconds
[2026-05-03T23:11:28.715+0000] {processor.py:186} INFO - Started process (PID=62561) to work on /home/ec2-user/environment/lab4_model_training/venv/lib64/python3.12/site-packages/airflow/example_dags/example_setup_teardown.py
[2026-05-03T23:11:28.716+0000] {processor.py:914} INFO - Processing file /home/ec2-user/environment/lab4_model_training/venv/lib64/python3.12/site-packages/airflow/example_dags/example_setup_teardown.py for tasks to queue
[2026-05-03T23:11:28.718+0000] {logging_mixin.py:190} INFO - [2026-05-03T23:11:28.718+0000] {dagbag.py:588} INFO - Filling up the DagBag from /home/ec2-user/environment/lab4_model_training/venv/lib64/python3.12/site-packages/airflow/example_dags/example_setup_teardown.py
[2026-05-03T23:11:28.724+0000] {processor.py:925} INFO - DAG(s) 'example_setup_teardown' retrieved from /home/ec2-user/environment/lab4_model_training/venv/lib64/python3.12/site-packages/airflow/example_dags/example_setup_teardown.py
[2026-05-03T23:11:28.736+0000] {logging_mixin.py:190} INFO - [2026-05-03T23:11:28.736+0000] {dag.py:3239} INFO - Sync 1 DAGs
[2026-05-03T23:11:28.745+0000] {logging_mixin.py:190} INFO - [2026-05-03T23:11:28.745+0000] {dag.py:4180} INFO - Setting next_dagrun for example_setup_teardown to None, run_after=None
[2026-05-03T23:11:28.763+0000] {processor.py:208} INFO - Processing /home/ec2-user/environment/lab4_model_training/venv/lib64/python3.12/site-packages/airflow/example_dags/example_setup_teardown.py took 0.052 seconds
[2026-05-03T23:12:35.411+0000] {processor.py:186} INFO - Started process (PID=62757) to work on /home/ec2-user/environment/lab4_model_training/venv/lib64/python3.12/site-packages/airflow/example_dags/example_setup_teardown.py
[2026-05-03T23:12:35.412+0000] {processor.py:914} INFO - Processing file /home/ec2-user/environment/lab4_model_training/venv/lib64/python3.12/site-packages/airflow/example_dags/example_setup_teardown.py for tasks to queue
[2026-05-03T23:12:35.414+0000] {logging_mixin.py:190} INFO - [2026-05-03T23:12:35.413+0000] {dagbag.py:588} INFO - Filling up the DagBag from /home/ec2-user/environment/lab4_model_training/venv/lib64/python3.12/site-packages/airflow/example_dags/example_setup_teardown.py
[2026-05-03T23:12:35.420+0000] {processor.py:925} INFO - DAG(s) 'example_setup_teardown' retrieved from /home/ec2-user/environment/lab4_model_training/venv/lib64/python3.12/site-packages/airflow/example_dags/example_setup_teardown.py
[2026-05-03T23:12:35.432+0000] {logging_mixin.py:190} INFO - [2026-05-03T23:12:35.431+0000] {dag.py:3239} INFO - Sync 1 DAGs
[2026-05-03T23:12:35.441+0000] {logging_mixin.py:190} INFO - [2026-05-03T23:12:35.441+0000] {dag.py:4180} INFO - Setting next_dagrun for example_setup_teardown to None, run_after=None
[2026-05-03T23:12:35.458+0000] {processor.py:208} INFO - Processing /home/ec2-user/environment/lab4_model_training/venv/lib64/python3.12/site-packages/airflow/example_dags/example_setup_teardown.py took 0.051 seconds
[2026-05-03T23:13:42.547+0000] {processor.py:186} INFO - Started process (PID=62936) to work on /home/ec2-user/environment/lab4_model_training/venv/lib64/python3.12/site-packages/airflow/example_dags/example_setup_teardown.py
[2026-05-03T23:13:42.548+0000] {processor.py:914} INFO - Processing file /home/ec2-user/environment/lab4_model_training/venv/lib64/python3.12/site-packages/airflow/example_dags/example_setup_teardown.py for tasks to queue
[2026-05-03T23:13:42.550+0000] {logging_mixin.py:190} INFO - [2026-05-03T23:13:42.549+0000] {dagbag.py:588} INFO - Filling up the DagBag from /home/ec2-user/environment/lab4_model_training/venv/lib64/python3.12/site-packages/airflow/example_dags/example_setup_teardown.py
[2026-05-03T23:13:42.556+0000] {processor.py:925} INFO - DAG(s) 'example_setup_teardown' retrieved from /home/ec2-user/environment/lab4_model_training/venv/lib64/python3.12/site-packages/airflow/example_dags/example_setup_teardown.py
[2026-05-03T23:13:42.568+0000] {logging_mixin.py:190} INFO - [2026-05-03T23:13:42.568+0000] {dag.py:3239} INFO - Sync 1 DAGs
[2026-05-03T23:13:42.578+0000] {logging_mixin.py:190} INFO - [2026-05-03T23:13:42.578+0000] {dag.py:4180} INFO - Setting next_dagrun for example_setup_teardown to None, run_after=None
[2026-05-03T23:13:42.594+0000] {processor.py:208} INFO - Processing /home/ec2-user/environment/lab4_model_training/venv/lib64/python3.12/site-packages/airflow/example_dags/example_setup_teardown.py took 0.051 seconds
[2026-05-03T23:14:47.830+0000] {processor.py:186} INFO - Started process (PID=63145) to work on /home/ec2-user/environment/lab4_model_training/venv/lib64/python3.12/site-packages/airflow/example_dags/example_setup_teardown.py
[2026-05-03T23:14:47.831+0000] {processor.py:914} INFO - Processing file /home/ec2-user/environment/lab4_model_training/venv/lib64/python3.12/site-packages/airflow/example_dags/example_setup_teardown.py for tasks to queue
[2026-05-03T23:14:47.833+0000] {logging_mixin.py:190} INFO - [2026-05-03T23:14:47.832+0000] {dagbag.py:588} INFO - Filling up the DagBag from /home/ec2-user/environment/lab4_model_training/venv/lib64/python3.12/site-packages/airflow/example_dags/example_setup_teardown.py
[2026-05-03T23:14:47.839+0000] {processor.py:925} INFO - DAG(s) 'example_setup_teardown' retrieved from /home/ec2-user/environment/lab4_model_training/venv/lib64/python3.12/site-packages/airflow/example_dags/example_setup_teardown.py
[2026-05-03T23:14:47.851+0000] {logging_mixin.py:190} INFO - [2026-05-03T23:14:47.851+0000] {dag.py:3239} INFO - Sync 1 DAGs
[2026-05-03T23:14:47.861+0000] {logging_mixin.py:190} INFO - [2026-05-03T23:14:47.860+0000] {dag.py:4180} INFO - Setting next_dagrun for example_setup_teardown to None, run_after=None
[2026-05-03T23:14:47.876+0000] {processor.py:208} INFO - Processing /home/ec2-user/environment/lab4_model_training/venv/lib64/python3.12/site-packages/airflow/example_dags/example_setup_teardown.py took 0.051 seconds
[2026-05-03T23:15:50.264+0000] {processor.py:186} INFO - Started process (PID=63406) to work on /home/ec2-user/environment/lab4_model_training/venv/lib64/python3.12/site-packages/airflow/example_dags/example_setup_teardown.py
[2026-05-03T23:15:50.265+0000] {processor.py:914} INFO - Processing file /home/ec2-user/environment/lab4_model_training/venv/lib64/python3.12/site-packages/airflow/example_dags/example_setup_teardown.py for tasks to queue
[2026-05-03T23:15:50.267+0000] {logging_mixin.py:190} INFO - [2026-05-03T23:15:50.267+0000] {dagbag.py:588} INFO - Filling up the DagBag from /home/ec2-user/environment/lab4_model_training/venv/lib64/python3.12/site-packages/airflow/example_dags/example_setup_teardown.py
[2026-05-03T23:15:50.274+0000] {processor.py:925} INFO - DAG(s) 'example_setup_teardown' retrieved from /home/ec2-user/environment/lab4_model_training/venv/lib64/python3.12/site-packages/airflow/example_dags/example_setup_teardown.py
[2026-05-03T23:15:50.285+0000] {logging_mixin.py:190} INFO - [2026-05-03T23:15:50.285+0000] {dag.py:3239} INFO - Sync 1 DAGs
[2026-05-03T23:15:50.295+0000] {logging_mixin.py:190} INFO - [2026-05-03T23:15:50.295+0000] {dag.py:4180} INFO - Setting next_dagrun for example_setup_teardown to None, run_after=None
[2026-05-03T23:15:50.312+0000] {processor.py:208} INFO - Processing /home/ec2-user/environment/lab4_model_training/venv/lib64/python3.12/site-packages/airflow/example_dags/example_setup_teardown.py took 0.052 seconds
[2026-05-03T23:17:14.631+0000] {processor.py:186} INFO - Started process (PID=63672) to work on /home/ec2-user/environment/lab4_model_training/venv/lib64/python3.12/site-packages/airflow/example_dags/example_setup_teardown.py
[2026-05-03T23:17:14.632+0000] {processor.py:914} INFO - Processing file /home/ec2-user/environment/lab4_model_training/venv/lib64/python3.12/site-packages/airflow/example_dags/example_setup_teardown.py for tasks to queue
[2026-05-03T23:17:14.634+0000] {logging_mixin.py:190} INFO - [2026-05-03T23:17:14.634+0000] {dagbag.py:588} INFO - Filling up the DagBag from /home/ec2-user/environment/lab4_model_training/venv/lib64/python3.12/site-packages/airflow/example_dags/example_setup_teardown.py
[2026-05-03T23:17:14.641+0000] {processor.py:925} INFO - DAG(s) 'example_setup_teardown' retrieved from /home/ec2-user/environment/lab4_model_training/venv/lib64/python3.12/site-packages/airflow/example_dags/example_setup_teardown.py
[2026-05-03T23:17:14.653+0000] {logging_mixin.py:190} INFO - [2026-05-03T23:17:14.652+0000] {dag.py:3239} INFO - Sync 1 DAGs
[2026-05-03T23:17:14.662+0000] {logging_mixin.py:190} INFO - [2026-05-03T23:17:14.662+0000] {dag.py:4180} INFO - Setting next_dagrun for example_setup_teardown to None, run_after=None
[2026-05-03T23:17:14.678+0000] {processor.py:208} INFO - Processing /home/ec2-user/environment/lab4_model_training/venv/lib64/python3.12/site-packages/airflow/example_dags/example_setup_teardown.py took 0.051 seconds
[2026-05-03T23:18:18.275+0000] {processor.py:186} INFO - Started process (PID=63790) to work on /home/ec2-user/environment/lab4_model_training/venv/lib64/python3.12/site-packages/airflow/example_dags/example_setup_teardown.py
[2026-05-03T23:18:18.276+0000] {processor.py:914} INFO - Processing file /home/ec2-user/environment/lab4_model_training/venv/lib64/python3.12/site-packages/airflow/example_dags/example_setup_teardown.py for tasks to queue
[2026-05-03T23:18:18.278+0000] {logging_mixin.py:190} INFO - [2026-05-03T23:18:18.277+0000] {dagbag.py:588} INFO - Filling up the DagBag from /home/ec2-user/environment/lab4_model_training/venv/lib64/python3.12/site-packages/airflow/example_dags/example_setup_teardown.py
[2026-05-03T23:18:18.284+0000] {processor.py:925} INFO - DAG(s) 'example_setup_teardown' retrieved from /home/ec2-user/environment/lab4_model_training/venv/lib64/python3.12/site-packages/airflow/example_dags/example_setup_teardown.py
[2026-05-03T23:18:18.296+0000] {logging_mixin.py:190} INFO - [2026-05-03T23:18:18.296+0000] {dag.py:3239} INFO - Sync 1 DAGs
[2026-05-03T23:18:18.306+0000] {logging_mixin.py:190} INFO - [2026-05-03T23:18:18.305+0000] {dag.py:4180} INFO - Setting next_dagrun for example_setup_teardown to None, run_after=None
[2026-05-03T23:18:18.322+0000] {processor.py:208} INFO - Processing /home/ec2-user/environment/lab4_model_training/venv/lib64/python3.12/site-packages/airflow/example_dags/example_setup_teardown.py took 0.050 seconds
[2026-05-03T23:19:23.570+0000] {processor.py:186} INFO - Started process (PID=63961) to work on /home/ec2-user/environment/lab4_model_training/venv/lib64/python3.12/site-packages/airflow/example_dags/example_setup_teardown.py
[2026-05-03T23:19:23.571+0000] {processor.py:914} INFO - Processing file /home/ec2-user/environment/lab4_model_training/venv/lib64/python3.12/site-packages/airflow/example_dags/example_setup_teardown.py for tasks to queue
[2026-05-03T23:19:23.573+0000] {logging_mixin.py:190} INFO - [2026-05-03T23:19:23.573+0000] {dagbag.py:588} INFO - Filling up the DagBag from /home/ec2-user/environment/lab4_model_training/venv/lib64/python3.12/site-packages/airflow/example_dags/example_setup_teardown.py
[2026-05-03T23:19:23.579+0000] {processor.py:925} INFO - DAG(s) 'example_setup_teardown' retrieved from /home/ec2-user/environment/lab4_model_training/venv/lib64/python3.12/site-packages/airflow/example_dags/example_setup_teardown.py
[2026-05-03T23:19:23.591+0000] {logging_mixin.py:190} INFO - [2026-05-03T23:19:23.591+0000] {dag.py:3239} INFO - Sync 1 DAGs
[2026-05-03T23:19:23.600+0000] {logging_mixin.py:190} INFO - [2026-05-03T23:19:23.600+0000] {dag.py:4180} INFO - Setting next_dagrun for example_setup_teardown to None, run_after=None
[2026-05-03T23:19:23.617+0000] {processor.py:208} INFO - Processing /home/ec2-user/environment/lab4_model_training/venv/lib64/python3.12/site-packages/airflow/example_dags/example_setup_teardown.py took 0.051 seconds
[2026-05-03T23:20:28.440+0000] {processor.py:186} INFO - Started process (PID=64139) to work on /home/ec2-user/environment/lab4_model_training/venv/lib64/python3.12/site-packages/airflow/example_dags/example_setup_teardown.py
[2026-05-03T23:20:28.441+0000] {processor.py:914} INFO - Processing file /home/ec2-user/environment/lab4_model_training/venv/lib64/python3.12/site-packages/airflow/example_dags/example_setup_teardown.py for tasks to queue
[2026-05-03T23:20:28.443+0000] {logging_mixin.py:190} INFO - [2026-05-03T23:20:28.442+0000] {dagbag.py:588} INFO - Filling up the DagBag from /home/ec2-user/environment/lab4_model_training/venv/lib64/python3.12/site-packages/airflow/example_dags/example_setup_teardown.py
[2026-05-03T23:20:28.450+0000] {processor.py:925} INFO - DAG(s) 'example_setup_teardown' retrieved from /home/ec2-user/environment/lab4_model_training/venv/lib64/python3.12/site-packages/airflow/example_dags/example_setup_teardown.py
[2026-05-03T23:20:28.462+0000] {logging_mixin.py:190} INFO - [2026-05-03T23:20:28.462+0000] {dag.py:3239} INFO - Sync 1 DAGs
[2026-05-03T23:20:28.472+0000] {logging_mixin.py:190} INFO - [2026-05-03T23:20:28.472+0000] {dag.py:4180} INFO - Setting next_dagrun for example_setup_teardown to None, run_after=None
[2026-05-03T23:20:28.488+0000] {processor.py:208} INFO - Processing /home/ec2-user/environment/lab4_model_training/venv/lib64/python3.12/site-packages/airflow/example_dags/example_setup_teardown.py took 0.053 seconds
[2026-05-03T23:21:54.814+0000] {processor.py:186} INFO - Started process (PID=64389) to work on /home/ec2-user/environment/lab4_model_training/venv/lib64/python3.12/site-packages/airflow/example_dags/example_setup_teardown.py
[2026-05-03T23:21:54.816+0000] {processor.py:914} INFO - Processing file /home/ec2-user/environment/lab4_model_training/venv/lib64/python3.12/site-packages/airflow/example_dags/example_setup_teardown.py for tasks to queue
[2026-05-03T23:21:54.817+0000] {logging_mixin.py:190} INFO - [2026-05-03T23:21:54.817+0000] {dagbag.py:588} INFO - Filling up the DagBag from /home/ec2-user/environment/lab4_model_training/venv/lib64/python3.12/site-packages/airflow/example_dags/example_setup_teardown.py
[2026-05-03T23:21:54.825+0000] {processor.py:925} INFO - DAG(s) 'example_setup_teardown' retrieved from /home/ec2-user/environment/lab4_model_training/venv/lib64/python3.12/site-packages/airflow/example_dags/example_setup_teardown.py
[2026-05-03T23:21:54.837+0000] {logging_mixin.py:190} INFO - [2026-05-03T23:21:54.837+0000] {dag.py:3239} INFO - Sync 1 DAGs
[2026-05-03T23:21:54.847+0000] {logging_mixin.py:190} INFO - [2026-05-03T23:21:54.847+0000] {dag.py:4180} INFO - Setting next_dagrun for example_setup_teardown to None, run_after=None
[2026-05-03T23:21:54.864+0000] {processor.py:208} INFO - Processing /home/ec2-user/environment/lab4_model_training/venv/lib64/python3.12/site-packages/airflow/example_dags/example_setup_teardown.py took 0.054 seconds
[2026-05-03T23:23:11.183+0000] {processor.py:186} INFO - Started process (PID=64560) to work on /home/ec2-user/environment/lab4_model_training/venv/lib64/python3.12/site-packages/airflow/example_dags/example_setup_teardown.py
[2026-05-03T23:23:11.184+0000] {processor.py:914} INFO - Processing file /home/ec2-user/environment/lab4_model_training/venv/lib64/python3.12/site-packages/airflow/example_dags/example_setup_teardown.py for tasks to queue
[2026-05-03T23:23:11.185+0000] {logging_mixin.py:190} INFO - [2026-05-03T23:23:11.185+0000] {dagbag.py:588} INFO - Filling up the DagBag from /home/ec2-user/environment/lab4_model_training/venv/lib64/python3.12/site-packages/airflow/example_dags/example_setup_teardown.py
[2026-05-03T23:23:11.192+0000] {processor.py:925} INFO - DAG(s) 'example_setup_teardown' retrieved from /home/ec2-user/environment/lab4_model_training/venv/lib64/python3.12/site-packages/airflow/example_dags/example_setup_teardown.py
[2026-05-03T23:23:11.205+0000] {logging_mixin.py:190} INFO - [2026-05-03T23:23:11.205+0000] {dag.py:3239} INFO - Sync 1 DAGs
[2026-05-03T23:23:11.215+0000] {logging_mixin.py:190} INFO - [2026-05-03T23:23:11.215+0000] {dag.py:4180} INFO - Setting next_dagrun for example_setup_teardown to None, run_after=None
[2026-05-03T23:23:11.232+0000] {processor.py:208} INFO - Processing /home/ec2-user/environment/lab4_model_training/venv/lib64/python3.12/site-packages/airflow/example_dags/example_setup_teardown.py took 0.054 seconds
[2026-05-03T23:24:16.298+0000] {processor.py:186} INFO - Started process (PID=64757) to work on /home/ec2-user/environment/lab4_model_training/venv/lib64/python3.12/site-packages/airflow/example_dags/example_setup_teardown.py
[2026-05-03T23:24:16.299+0000] {processor.py:914} INFO - Processing file /home/ec2-user/environment/lab4_model_training/venv/lib64/python3.12/site-packages/airflow/example_dags/example_setup_teardown.py for tasks to queue
[2026-05-03T23:24:16.300+0000] {logging_mixin.py:190} INFO - [2026-05-03T23:24:16.300+0000] {dagbag.py:588} INFO - Filling up the DagBag from /home/ec2-user/environment/lab4_model_training/venv/lib64/python3.12/site-packages/airflow/example_dags/example_setup_teardown.py
[2026-05-03T23:24:16.307+0000] {processor.py:925} INFO - DAG(s) 'example_setup_teardown' retrieved from /home/ec2-user/environment/lab4_model_training/venv/lib64/python3.12/site-packages/airflow/example_dags/example_setup_teardown.py
[2026-05-03T23:24:16.319+0000] {logging_mixin.py:190} INFO - [2026-05-03T23:24:16.318+0000] {dag.py:3239} INFO - Sync 1 DAGs
[2026-05-03T23:24:16.328+0000] {logging_mixin.py:190} INFO - [2026-05-03T23:24:16.328+0000] {dag.py:4180} INFO - Setting next_dagrun for example_setup_teardown to None, run_after=None
[2026-05-03T23:24:16.345+0000] {processor.py:208} INFO - Processing /home/ec2-user/environment/lab4_model_training/venv/lib64/python3.12/site-packages/airflow/example_dags/example_setup_teardown.py took 0.051 seconds
[2026-05-03T23:25:21.516+0000] {processor.py:186} INFO - Started process (PID=64932) to work on /home/ec2-user/environment/lab4_model_training/venv/lib64/python3.12/site-packages/airflow/example_dags/example_setup_teardown.py
[2026-05-03T23:25:21.517+0000] {processor.py:914} INFO - Processing file /home/ec2-user/environment/lab4_model_training/venv/lib64/python3.12/site-packages/airflow/example_dags/example_setup_teardown.py for tasks to queue
[2026-05-03T23:25:21.519+0000] {logging_mixin.py:190} INFO - [2026-05-03T23:25:21.518+0000] {dagbag.py:588} INFO - Filling up the DagBag from /home/ec2-user/environment/lab4_model_training/venv/lib64/python3.12/site-packages/airflow/example_dags/example_setup_teardown.py
[2026-05-03T23:25:21.526+0000] {processor.py:925} INFO - DAG(s) 'example_setup_teardown' retrieved from /home/ec2-user/environment/lab4_model_training/venv/lib64/python3.12/site-packages/airflow/example_dags/example_setup_teardown.py
[2026-05-03T23:25:21.538+0000] {logging_mixin.py:190} INFO - [2026-05-03T23:25:21.538+0000] {dag.py:3239} INFO - Sync 1 DAGs
[2026-05-03T23:25:21.548+0000] {logging_mixin.py:190} INFO - [2026-05-03T23:25:21.548+0000] {dag.py:4180} INFO - Setting next_dagrun for example_setup_teardown to None, run_after=None
[2026-05-03T23:25:21.565+0000] {processor.py:208} INFO - Processing /home/ec2-user/environment/lab4_model_training/venv/lib64/python3.12/site-packages/airflow/example_dags/example_setup_teardown.py took 0.054 seconds
