[2026-05-03T22:50:03.200+0000] {processor.py:186} INFO - Started process (PID=57717) to work on /home/ec2-user/environment/lab4_model_training/venv/lib64/python3.12/site-packages/airflow/example_dags/example_task_group.py
[2026-05-03T22:50:03.201+0000] {processor.py:914} INFO - Processing file /home/ec2-user/environment/lab4_model_training/venv/lib64/python3.12/site-packages/airflow/example_dags/example_task_group.py for tasks to queue
[2026-05-03T22:50:03.203+0000] {logging_mixin.py:190} INFO - [2026-05-03T22:50:03.203+0000] {dagbag.py:588} INFO - Filling up the DagBag from /home/ec2-user/environment/lab4_model_training/venv/lib64/python3.12/site-packages/airflow/example_dags/example_task_group.py
[2026-05-03T22:50:03.210+0000] {processor.py:925} INFO - DAG(s) 'example_task_group' retrieved from /home/ec2-user/environment/lab4_model_training/venv/lib64/python3.12/site-packages/airflow/example_dags/example_task_group.py
[2026-05-03T22:50:03.223+0000] {logging_mixin.py:190} INFO - [2026-05-03T22:50:03.223+0000] {dag.py:3239} INFO - Sync 1 DAGs
[2026-05-03T22:50:03.234+0000] {logging_mixin.py:190} INFO - [2026-05-03T22:50:03.233+0000] {dag.py:4180} INFO - Setting next_dagrun for example_task_group to None, run_after=None
[2026-05-03T22:50:03.251+0000] {processor.py:208} INFO - Processing /home/ec2-user/environment/lab4_model_training/venv/lib64/python3.12/site-packages/airflow/example_dags/example_task_group.py took 0.055 seconds
[2026-05-03T22:51:13.104+0000] {processor.py:186} INFO - Started process (PID=57888) to work on /home/ec2-user/environment/lab4_model_training/venv/lib64/python3.12/site-packages/airflow/example_dags/example_task_group.py
[2026-05-03T22:51:13.105+0000] {processor.py:914} INFO - Processing file /home/ec2-user/environment/lab4_model_training/venv/lib64/python3.12/site-packages/airflow/example_dags/example_task_group.py for tasks to queue
[2026-05-03T22:51:13.107+0000] {logging_mixin.py:190} INFO - [2026-05-03T22:51:13.107+0000] {dagbag.py:588} INFO - Filling up the DagBag from /home/ec2-user/environment/lab4_model_training/venv/lib64/python3.12/site-packages/airflow/example_dags/example_task_group.py
[2026-05-03T22:51:13.114+0000] {processor.py:925} INFO - DAG(s) 'example_task_group' retrieved from /home/ec2-user/environment/lab4_model_training/venv/lib64/python3.12/site-packages/airflow/example_dags/example_task_group.py
[2026-05-03T22:51:13.127+0000] {logging_mixin.py:190} INFO - [2026-05-03T22:51:13.127+0000] {dag.py:3239} INFO - Sync 1 DAGs
[2026-05-03T22:51:13.138+0000] {logging_mixin.py:190} INFO - [2026-05-03T22:51:13.138+0000] {dag.py:4180} INFO - Setting next_dagrun for example_task_group to None, run_after=None
[2026-05-03T22:51:13.154+0000] {processor.py:208} INFO - Processing /home/ec2-user/environment/lab4_model_training/venv/lib64/python3.12/site-packages/airflow/example_dags/example_task_group.py took 0.055 seconds
[2026-05-03T22:52:14.568+0000] {processor.py:186} INFO - Started process (PID=58053) to work on /home/ec2-user/environment/lab4_model_training/venv/lib64/python3.12/site-packages/airflow/example_dags/example_task_group.py
[2026-05-03T22:52:14.569+0000] {processor.py:914} INFO - Processing file /home/ec2-user/environment/lab4_model_training/venv/lib64/python3.12/site-packages/airflow/example_dags/example_task_group.py for tasks to queue
[2026-05-03T22:52:14.570+0000] {logging_mixin.py:190} INFO - [2026-05-03T22:52:14.570+0000] {dagbag.py:588} INFO - Filling up the DagBag from /home/ec2-user/environment/lab4_model_training/venv/lib64/python3.12/site-packages/airflow/example_dags/example_task_group.py
[2026-05-03T22:52:14.577+0000] {processor.py:925} INFO - DAG(s) 'example_task_group' retrieved from /home/ec2-user/environment/lab4_model_training/venv/lib64/python3.12/site-packages/airflow/example_dags/example_task_group.py
[2026-05-03T22:52:14.590+0000] {logging_mixin.py:190} INFO - [2026-05-03T22:52:14.590+0000] {dag.py:3239} INFO - Sync 1 DAGs
[2026-05-03T22:52:14.599+0000] {logging_mixin.py:190} INFO - [2026-05-03T22:52:14.599+0000] {dag.py:4180} INFO - Setting next_dagrun for example_task_group to None, run_after=None
[2026-05-03T22:52:14.615+0000] {processor.py:208} INFO - Processing /home/ec2-user/environment/lab4_model_training/venv/lib64/python3.12/site-packages/airflow/example_dags/example_task_group.py took 0.052 seconds
[2026-05-03T22:53:21.783+0000] {processor.py:186} INFO - Started process (PID=58247) to work on /home/ec2-user/environment/lab4_model_training/venv/lib64/python3.12/site-packages/airflow/example_dags/example_task_group.py
[2026-05-03T22:53:21.784+0000] {processor.py:914} INFO - Processing file /home/ec2-user/environment/lab4_model_training/venv/lib64/python3.12/site-packages/airflow/example_dags/example_task_group.py for tasks to queue
[2026-05-03T22:53:21.786+0000] {logging_mixin.py:190} INFO - [2026-05-03T22:53:21.785+0000] {dagbag.py:588} INFO - Filling up the DagBag from /home/ec2-user/environment/lab4_model_training/venv/lib64/python3.12/site-packages/airflow/example_dags/example_task_group.py
[2026-05-03T22:53:21.793+0000] {processor.py:925} INFO - DAG(s) 'example_task_group' retrieved from /home/ec2-user/environment/lab4_model_training/venv/lib64/python3.12/site-packages/airflow/example_dags/example_task_group.py
[2026-05-03T22:53:21.805+0000] {logging_mixin.py:190} INFO - [2026-05-03T22:53:21.805+0000] {dag.py:3239} INFO - Sync 1 DAGs
[2026-05-03T22:53:21.814+0000] {logging_mixin.py:190} INFO - [2026-05-03T22:53:21.814+0000] {dag.py:4180} INFO - Setting next_dagrun for example_task_group to None, run_after=None
[2026-05-03T22:53:21.830+0000] {processor.py:208} INFO - Processing /home/ec2-user/environment/lab4_model_training/venv/lib64/python3.12/site-packages/airflow/example_dags/example_task_group.py took 0.051 seconds
[2026-05-03T22:54:24.127+0000] {processor.py:186} INFO - Started process (PID=58557) to work on /home/ec2-user/environment/lab4_model_training/venv/lib64/python3.12/site-packages/airflow/example_dags/example_task_group.py
[2026-05-03T22:54:24.128+0000] {processor.py:914} INFO - Processing file /home/ec2-user/environment/lab4_model_training/venv/lib64/python3.12/site-packages/airflow/example_dags/example_task_group.py for tasks to queue
[2026-05-03T22:54:24.129+0000] {logging_mixin.py:190} INFO - [2026-05-03T22:54:24.129+0000] {dagbag.py:588} INFO - Filling up the DagBag from /home/ec2-user/environment/lab4_model_training/venv/lib64/python3.12/site-packages/airflow/example_dags/example_task_group.py
[2026-05-03T22:54:24.137+0000] {processor.py:925} INFO - DAG(s) 'example_task_group' retrieved from /home/ec2-user/environment/lab4_model_training/venv/lib64/python3.12/site-packages/airflow/example_dags/example_task_group.py
[2026-05-03T22:54:24.150+0000] {logging_mixin.py:190} INFO - [2026-05-03T22:54:24.150+0000] {dag.py:3239} INFO - Sync 1 DAGs
[2026-05-03T22:54:24.159+0000] {logging_mixin.py:190} INFO - [2026-05-03T22:54:24.159+0000] {dag.py:4180} INFO - Setting next_dagrun for example_task_group to None, run_after=None
[2026-05-03T22:54:24.176+0000] {processor.py:208} INFO - Processing /home/ec2-user/environment/lab4_model_training/venv/lib64/python3.12/site-packages/airflow/example_dags/example_task_group.py took 0.054 seconds
[2026-05-03T22:55:29.822+0000] {processor.py:186} INFO - Started process (PID=58673) to work on /home/ec2-user/environment/lab4_model_training/venv/lib64/python3.12/site-packages/airflow/example_dags/example_task_group.py
[2026-05-03T22:55:29.824+0000] {processor.py:914} INFO - Processing file /home/ec2-user/environment/lab4_model_training/venv/lib64/python3.12/site-packages/airflow/example_dags/example_task_group.py for tasks to queue
[2026-05-03T22:55:29.825+0000] {logging_mixin.py:190} INFO - [2026-05-03T22:55:29.825+0000] {dagbag.py:588} INFO - Filling up the DagBag from /home/ec2-user/environment/lab4_model_training/venv/lib64/python3.12/site-packages/airflow/example_dags/example_task_group.py
[2026-05-03T22:55:29.833+0000] {processor.py:925} INFO - DAG(s) 'example_task_group' retrieved from /home/ec2-user/environment/lab4_model_training/venv/lib64/python3.12/site-packages/airflow/example_dags/example_task_group.py
[2026-05-03T22:55:29.846+0000] {logging_mixin.py:190} INFO - [2026-05-03T22:55:29.846+0000] {dag.py:3239} INFO - Sync 1 DAGs
[2026-05-03T22:55:29.855+0000] {logging_mixin.py:190} INFO - [2026-05-03T22:55:29.855+0000] {dag.py:4180} INFO - Setting next_dagrun for example_task_group to None, run_after=None
[2026-05-03T22:55:29.873+0000] {processor.py:208} INFO - Processing /home/ec2-user/environment/lab4_model_training/venv/lib64/python3.12/site-packages/airflow/example_dags/example_task_group.py took 0.055 seconds
[2026-05-03T22:56:35.063+0000] {processor.py:186} INFO - Started process (PID=58840) to work on /home/ec2-user/environment/lab4_model_training/venv/lib64/python3.12/site-packages/airflow/example_dags/example_task_group.py
[2026-05-03T22:56:35.064+0000] {processor.py:914} INFO - Processing file /home/ec2-user/environment/lab4_model_training/venv/lib64/python3.12/site-packages/airflow/example_dags/example_task_group.py for tasks to queue
[2026-05-03T22:56:35.065+0000] {logging_mixin.py:190} INFO - [2026-05-03T22:56:35.065+0000] {dagbag.py:588} INFO - Filling up the DagBag from /home/ec2-user/environment/lab4_model_training/venv/lib64/python3.12/site-packages/airflow/example_dags/example_task_group.py
[2026-05-03T22:56:35.072+0000] {processor.py:925} INFO - DAG(s) 'example_task_group' retrieved from /home/ec2-user/environment/lab4_model_training/venv/lib64/python3.12/site-packages/airflow/example_dags/example_task_group.py
[2026-05-03T22:56:35.085+0000] {logging_mixin.py:190} INFO - [2026-05-03T22:56:35.085+0000] {dag.py:3239} INFO - Sync 1 DAGs
[2026-05-03T22:56:35.094+0000] {logging_mixin.py:190} INFO - [2026-05-03T22:56:35.094+0000] {dag.py:4180} INFO - Setting next_dagrun for example_task_group to None, run_after=None
[2026-05-03T22:56:35.111+0000] {processor.py:208} INFO - Processing /home/ec2-user/environment/lab4_model_training/venv/lib64/python3.12/site-packages/airflow/example_dags/example_task_group.py took 0.053 seconds
[2026-05-03T22:57:40.194+0000] {processor.py:186} INFO - Started process (PID=59018) to work on /home/ec2-user/environment/lab4_model_training/venv/lib64/python3.12/site-packages/airflow/example_dags/example_task_group.py
[2026-05-03T22:57:40.195+0000] {processor.py:914} INFO - Processing file /home/ec2-user/environment/lab4_model_training/venv/lib64/python3.12/site-packages/airflow/example_dags/example_task_group.py for tasks to queue
[2026-05-03T22:57:40.197+0000] {logging_mixin.py:190} INFO - [2026-05-03T22:57:40.197+0000] {dagbag.py:588} INFO - Filling up the DagBag from /home/ec2-user/environment/lab4_model_training/venv/lib64/python3.12/site-packages/airflow/example_dags/example_task_group.py
[2026-05-03T22:57:40.204+0000] {processor.py:925} INFO - DAG(s) 'example_task_group' retrieved from /home/ec2-user/environment/lab4_model_training/venv/lib64/python3.12/site-packages/airflow/example_dags/example_task_group.py
[2026-05-03T22:57:40.217+0000] {logging_mixin.py:190} INFO - [2026-05-03T22:57:40.217+0000] {dag.py:3239} INFO - Sync 1 DAGs
[2026-05-03T22:57:40.227+0000] {logging_mixin.py:190} INFO - [2026-05-03T22:57:40.227+0000] {dag.py:4180} INFO - Setting next_dagrun for example_task_group to None, run_after=None
[2026-05-03T22:57:40.243+0000] {processor.py:208} INFO - Processing /home/ec2-user/environment/lab4_model_training/venv/lib64/python3.12/site-packages/airflow/example_dags/example_task_group.py took 0.054 seconds
[2026-05-03T22:58:45.913+0000] {processor.py:186} INFO - Started process (PID=59362) to work on /home/ec2-user/environment/lab4_model_training/venv/lib64/python3.12/site-packages/airflow/example_dags/example_task_group.py
[2026-05-03T22:58:45.915+0000] {processor.py:914} INFO - Processing file /home/ec2-user/environment/lab4_model_training/venv/lib64/python3.12/site-packages/airflow/example_dags/example_task_group.py for tasks to queue
[2026-05-03T22:58:45.916+0000] {logging_mixin.py:190} INFO - [2026-05-03T22:58:45.916+0000] {dagbag.py:588} INFO - Filling up the DagBag from /home/ec2-user/environment/lab4_model_training/venv/lib64/python3.12/site-packages/airflow/example_dags/example_task_group.py
[2026-05-03T22:58:45.923+0000] {processor.py:925} INFO - DAG(s) 'example_task_group' retrieved from /home/ec2-user/environment/lab4_model_training/venv/lib64/python3.12/site-packages/airflow/example_dags/example_task_group.py
[2026-05-03T22:58:45.937+0000] {logging_mixin.py:190} INFO - [2026-05-03T22:58:45.937+0000] {dag.py:3239} INFO - Sync 1 DAGs
[2026-05-03T22:58:45.948+0000] {logging_mixin.py:190} INFO - [2026-05-03T22:58:45.948+0000] {dag.py:4180} INFO - Setting next_dagrun for example_task_group to None, run_after=None
[2026-05-03T22:58:45.966+0000] {processor.py:208} INFO - Processing /home/ec2-user/environment/lab4_model_training/venv/lib64/python3.12/site-packages/airflow/example_dags/example_task_group.py took 0.057 seconds
[2026-05-03T22:59:54.188+0000] {processor.py:186} INFO - Started process (PID=59700) to work on /home/ec2-user/environment/lab4_model_training/venv/lib64/python3.12/site-packages/airflow/example_dags/example_task_group.py
[2026-05-03T22:59:54.190+0000] {processor.py:914} INFO - Processing file /home/ec2-user/environment/lab4_model_training/venv/lib64/python3.12/site-packages/airflow/example_dags/example_task_group.py for tasks to queue
[2026-05-03T22:59:54.191+0000] {logging_mixin.py:190} INFO - [2026-05-03T22:59:54.191+0000] {dagbag.py:588} INFO - Filling up the DagBag from /home/ec2-user/environment/lab4_model_training/venv/lib64/python3.12/site-packages/airflow/example_dags/example_task_group.py
[2026-05-03T22:59:54.199+0000] {processor.py:925} INFO - DAG(s) 'example_task_group' retrieved from /home/ec2-user/environment/lab4_model_training/venv/lib64/python3.12/site-packages/airflow/example_dags/example_task_group.py
[2026-05-03T22:59:54.213+0000] {logging_mixin.py:190} INFO - [2026-05-03T22:59:54.212+0000] {dag.py:3239} INFO - Sync 1 DAGs
[2026-05-03T22:59:54.222+0000] {logging_mixin.py:190} INFO - [2026-05-03T22:59:54.222+0000] {dag.py:4180} INFO - Setting next_dagrun for example_task_group to None, run_after=None
[2026-05-03T22:59:54.239+0000] {processor.py:208} INFO - Processing /home/ec2-user/environment/lab4_model_training/venv/lib64/python3.12/site-packages/airflow/example_dags/example_task_group.py took 0.056 seconds
[2026-05-03T23:00:59.769+0000] {processor.py:186} INFO - Started process (PID=59958) to work on /home/ec2-user/environment/lab4_model_training/venv/lib64/python3.12/site-packages/airflow/example_dags/example_task_group.py
[2026-05-03T23:00:59.771+0000] {processor.py:914} INFO - Processing file /home/ec2-user/environment/lab4_model_training/venv/lib64/python3.12/site-packages/airflow/example_dags/example_task_group.py for tasks to queue
[2026-05-03T23:00:59.772+0000] {logging_mixin.py:190} INFO - [2026-05-03T23:00:59.772+0000] {dagbag.py:588} INFO - Filling up the DagBag from /home/ec2-user/environment/lab4_model_training/venv/lib64/python3.12/site-packages/airflow/example_dags/example_task_group.py
[2026-05-03T23:00:59.779+0000] {processor.py:925} INFO - DAG(s) 'example_task_group' retrieved from /home/ec2-user/environment/lab4_model_training/venv/lib64/python3.12/site-packages/airflow/example_dags/example_task_group.py
[2026-05-03T23:00:59.792+0000] {logging_mixin.py:190} INFO - [2026-05-03T23:00:59.792+0000] {dag.py:3239} INFO - Sync 1 DAGs
[2026-05-03T23:00:59.802+0000] {logging_mixin.py:190} INFO - [2026-05-03T23:00:59.801+0000] {dag.py:4180} INFO - Setting next_dagrun for example_task_group to None, run_after=None
[2026-05-03T23:00:59.818+0000] {processor.py:208} INFO - Processing /home/ec2-user/environment/lab4_model_training/venv/lib64/python3.12/site-packages/airflow/example_dags/example_task_group.py took 0.053 seconds
[2026-05-03T23:02:05.698+0000] {processor.py:186} INFO - Started process (PID=60315) to work on /home/ec2-user/environment/lab4_model_training/venv/lib64/python3.12/site-packages/airflow/example_dags/example_task_group.py
[2026-05-03T23:02:05.699+0000] {processor.py:914} INFO - Processing file /home/ec2-user/environment/lab4_model_training/venv/lib64/python3.12/site-packages/airflow/example_dags/example_task_group.py for tasks to queue
[2026-05-03T23:02:05.701+0000] {logging_mixin.py:190} INFO - [2026-05-03T23:02:05.700+0000] {dagbag.py:588} INFO - Filling up the DagBag from /home/ec2-user/environment/lab4_model_training/venv/lib64/python3.12/site-packages/airflow/example_dags/example_task_group.py
[2026-05-03T23:02:05.707+0000] {processor.py:925} INFO - DAG(s) 'example_task_group' retrieved from /home/ec2-user/environment/lab4_model_training/venv/lib64/python3.12/site-packages/airflow/example_dags/example_task_group.py
[2026-05-03T23:02:05.720+0000] {logging_mixin.py:190} INFO - [2026-05-03T23:02:05.720+0000] {dag.py:3239} INFO - Sync 1 DAGs
[2026-05-03T23:02:05.730+0000] {logging_mixin.py:190} INFO - [2026-05-03T23:02:05.730+0000] {dag.py:4180} INFO - Setting next_dagrun for example_task_group to None, run_after=None
[2026-05-03T23:02:05.746+0000] {processor.py:208} INFO - Processing /home/ec2-user/environment/lab4_model_training/venv/lib64/python3.12/site-packages/airflow/example_dags/example_task_group.py took 0.053 seconds
[2026-05-03T23:03:06.635+0000] {processor.py:186} INFO - Started process (PID=60572) to work on /home/ec2-user/environment/lab4_model_training/venv/lib64/python3.12/site-packages/airflow/example_dags/example_task_group.py
[2026-05-03T23:03:06.636+0000] {processor.py:914} INFO - Processing file /home/ec2-user/environment/lab4_model_training/venv/lib64/python3.12/site-packages/airflow/example_dags/example_task_group.py for tasks to queue
[2026-05-03T23:03:06.637+0000] {logging_mixin.py:190} INFO - [2026-05-03T23:03:06.637+0000] {dagbag.py:588} INFO - Filling up the DagBag from /home/ec2-user/environment/lab4_model_training/venv/lib64/python3.12/site-packages/airflow/example_dags/example_task_group.py
[2026-05-03T23:03:06.645+0000] {processor.py:925} INFO - DAG(s) 'example_task_group' retrieved from /home/ec2-user/environment/lab4_model_training/venv/lib64/python3.12/site-packages/airflow/example_dags/example_task_group.py
[2026-05-03T23:03:06.658+0000] {logging_mixin.py:190} INFO - [2026-05-03T23:03:06.657+0000] {dag.py:3239} INFO - Sync 1 DAGs
[2026-05-03T23:03:06.667+0000] {logging_mixin.py:190} INFO - [2026-05-03T23:03:06.667+0000] {dag.py:4180} INFO - Setting next_dagrun for example_task_group to None, run_after=None
[2026-05-03T23:03:06.684+0000] {processor.py:208} INFO - Processing /home/ec2-user/environment/lab4_model_training/venv/lib64/python3.12/site-packages/airflow/example_dags/example_task_group.py took 0.053 seconds
[2026-05-03T23:04:08.585+0000] {processor.py:186} INFO - Started process (PID=60886) to work on /home/ec2-user/environment/lab4_model_training/venv/lib64/python3.12/site-packages/airflow/example_dags/example_task_group.py
[2026-05-03T23:04:08.586+0000] {processor.py:914} INFO - Processing file /home/ec2-user/environment/lab4_model_training/venv/lib64/python3.12/site-packages/airflow/example_dags/example_task_group.py for tasks to queue
[2026-05-03T23:04:08.587+0000] {logging_mixin.py:190} INFO - [2026-05-03T23:04:08.587+0000] {dagbag.py:588} INFO - Filling up the DagBag from /home/ec2-user/environment/lab4_model_training/venv/lib64/python3.12/site-packages/airflow/example_dags/example_task_group.py
[2026-05-03T23:04:08.595+0000] {processor.py:925} INFO - DAG(s) 'example_task_group' retrieved from /home/ec2-user/environment/lab4_model_training/venv/lib64/python3.12/site-packages/airflow/example_dags/example_task_group.py
[2026-05-03T23:04:08.608+0000] {logging_mixin.py:190} INFO - [2026-05-03T23:04:08.608+0000] {dag.py:3239} INFO - Sync 1 DAGs
[2026-05-03T23:04:08.618+0000] {logging_mixin.py:190} INFO - [2026-05-03T23:04:08.618+0000] {dag.py:4180} INFO - Setting next_dagrun for example_task_group to None, run_after=None
[2026-05-03T23:04:08.634+0000] {processor.py:208} INFO - Processing /home/ec2-user/environment/lab4_model_training/venv/lib64/python3.12/site-packages/airflow/example_dags/example_task_group.py took 0.054 seconds
[2026-05-03T23:05:16.721+0000] {processor.py:186} INFO - Started process (PID=61150) to work on /home/ec2-user/environment/lab4_model_training/venv/lib64/python3.12/site-packages/airflow/example_dags/example_task_group.py
[2026-05-03T23:05:16.722+0000] {processor.py:914} INFO - Processing file /home/ec2-user/environment/lab4_model_training/venv/lib64/python3.12/site-packages/airflow/example_dags/example_task_group.py for tasks to queue
[2026-05-03T23:05:16.723+0000] {logging_mixin.py:190} INFO - [2026-05-03T23:05:16.723+0000] {dagbag.py:588} INFO - Filling up the DagBag from /home/ec2-user/environment/lab4_model_training/venv/lib64/python3.12/site-packages/airflow/example_dags/example_task_group.py
[2026-05-03T23:05:16.730+0000] {processor.py:925} INFO - DAG(s) 'example_task_group' retrieved from /home/ec2-user/environment/lab4_model_training/venv/lib64/python3.12/site-packages/airflow/example_dags/example_task_group.py
[2026-05-03T23:05:16.744+0000] {logging_mixin.py:190} INFO - [2026-05-03T23:05:16.744+0000] {dag.py:3239} INFO - Sync 1 DAGs
[2026-05-03T23:05:16.754+0000] {logging_mixin.py:190} INFO - [2026-05-03T23:05:16.754+0000] {dag.py:4180} INFO - Setting next_dagrun for example_task_group to None, run_after=None
[2026-05-03T23:05:16.771+0000] {processor.py:208} INFO - Processing /home/ec2-user/environment/lab4_model_training/venv/lib64/python3.12/site-packages/airflow/example_dags/example_task_group.py took 0.055 seconds
[2026-05-03T23:06:17.976+0000] {processor.py:186} INFO - Started process (PID=61429) to work on /home/ec2-user/environment/lab4_model_training/venv/lib64/python3.12/site-packages/airflow/example_dags/example_task_group.py
[2026-05-03T23:06:17.978+0000] {processor.py:914} INFO - Processing file /home/ec2-user/environment/lab4_model_training/venv/lib64/python3.12/site-packages/airflow/example_dags/example_task_group.py for tasks to queue
[2026-05-03T23:06:17.979+0000] {logging_mixin.py:190} INFO - [2026-05-03T23:06:17.979+0000] {dagbag.py:588} INFO - Filling up the DagBag from /home/ec2-user/environment/lab4_model_training/venv/lib64/python3.12/site-packages/airflow/example_dags/example_task_group.py
[2026-05-03T23:06:17.986+0000] {processor.py:925} INFO - DAG(s) 'example_task_group' retrieved from /home/ec2-user/environment/lab4_model_training/venv/lib64/python3.12/site-packages/airflow/example_dags/example_task_group.py
[2026-05-03T23:06:17.999+0000] {logging_mixin.py:190} INFO - [2026-05-03T23:06:17.999+0000] {dag.py:3239} INFO - Sync 1 DAGs
[2026-05-03T23:06:18.008+0000] {logging_mixin.py:190} INFO - [2026-05-03T23:06:18.008+0000] {dag.py:4180} INFO - Setting next_dagrun for example_task_group to None, run_after=None
[2026-05-03T23:06:18.025+0000] {processor.py:208} INFO - Processing /home/ec2-user/environment/lab4_model_training/venv/lib64/python3.12/site-packages/airflow/example_dags/example_task_group.py took 0.053 seconds
[2026-05-03T23:07:20.693+0000] {processor.py:186} INFO - Started process (PID=61649) to work on /home/ec2-user/environment/lab4_model_training/venv/lib64/python3.12/site-packages/airflow/example_dags/example_task_group.py
[2026-05-03T23:07:20.694+0000] {processor.py:914} INFO - Processing file /home/ec2-user/environment/lab4_model_training/venv/lib64/python3.12/site-packages/airflow/example_dags/example_task_group.py for tasks to queue
[2026-05-03T23:07:20.695+0000] {logging_mixin.py:190} INFO - [2026-05-03T23:07:20.695+0000] {dagbag.py:588} INFO - Filling up the DagBag from /home/ec2-user/environment/lab4_model_training/venv/lib64/python3.12/site-packages/airflow/example_dags/example_task_group.py
[2026-05-03T23:07:20.702+0000] {processor.py:925} INFO - DAG(s) 'example_task_group' retrieved from /home/ec2-user/environment/lab4_model_training/venv/lib64/python3.12/site-packages/airflow/example_dags/example_task_group.py
[2026-05-03T23:07:20.715+0000] {logging_mixin.py:190} INFO - [2026-05-03T23:07:20.714+0000] {dag.py:3239} INFO - Sync 1 DAGs
[2026-05-03T23:07:20.724+0000] {logging_mixin.py:190} INFO - [2026-05-03T23:07:20.724+0000] {dag.py:4180} INFO - Setting next_dagrun for example_task_group to None, run_after=None
[2026-05-03T23:07:20.740+0000] {processor.py:208} INFO - Processing /home/ec2-user/environment/lab4_model_training/venv/lib64/python3.12/site-packages/airflow/example_dags/example_task_group.py took 0.052 seconds
[2026-05-03T23:08:25.128+0000] {processor.py:186} INFO - Started process (PID=61974) to work on /home/ec2-user/environment/lab4_model_training/venv/lib64/python3.12/site-packages/airflow/example_dags/example_task_group.py
[2026-05-03T23:08:25.129+0000] {processor.py:914} INFO - Processing file /home/ec2-user/environment/lab4_model_training/venv/lib64/python3.12/site-packages/airflow/example_dags/example_task_group.py for tasks to queue
[2026-05-03T23:08:25.131+0000] {logging_mixin.py:190} INFO - [2026-05-03T23:08:25.130+0000] {dagbag.py:588} INFO - Filling up the DagBag from /home/ec2-user/environment/lab4_model_training/venv/lib64/python3.12/site-packages/airflow/example_dags/example_task_group.py
[2026-05-03T23:08:25.138+0000] {processor.py:925} INFO - DAG(s) 'example_task_group' retrieved from /home/ec2-user/environment/lab4_model_training/venv/lib64/python3.12/site-packages/airflow/example_dags/example_task_group.py
[2026-05-03T23:08:25.151+0000] {logging_mixin.py:190} INFO - [2026-05-03T23:08:25.151+0000] {dag.py:3239} INFO - Sync 1 DAGs
[2026-05-03T23:08:25.160+0000] {logging_mixin.py:190} INFO - [2026-05-03T23:08:25.160+0000] {dag.py:4180} INFO - Setting next_dagrun for example_task_group to None, run_after=None
[2026-05-03T23:08:25.176+0000] {processor.py:208} INFO - Processing /home/ec2-user/environment/lab4_model_training/venv/lib64/python3.12/site-packages/airflow/example_dags/example_task_group.py took 0.052 seconds
[2026-05-03T23:09:31.257+0000] {processor.py:186} INFO - Started process (PID=62238) to work on /home/ec2-user/environment/lab4_model_training/venv/lib64/python3.12/site-packages/airflow/example_dags/example_task_group.py
[2026-05-03T23:09:31.258+0000] {processor.py:914} INFO - Processing file /home/ec2-user/environment/lab4_model_training/venv/lib64/python3.12/site-packages/airflow/example_dags/example_task_group.py for tasks to queue
[2026-05-03T23:09:31.260+0000] {logging_mixin.py:190} INFO - [2026-05-03T23:09:31.260+0000] {dagbag.py:588} INFO - Filling up the DagBag from /home/ec2-user/environment/lab4_model_training/venv/lib64/python3.12/site-packages/airflow/example_dags/example_task_group.py
[2026-05-03T23:09:31.267+0000] {processor.py:925} INFO - DAG(s) 'example_task_group' retrieved from /home/ec2-user/environment/lab4_model_training/venv/lib64/python3.12/site-packages/airflow/example_dags/example_task_group.py
[2026-05-03T23:09:31.281+0000] {logging_mixin.py:190} INFO - [2026-05-03T23:09:31.280+0000] {dag.py:3239} INFO - Sync 1 DAGs
[2026-05-03T23:09:31.290+0000] {logging_mixin.py:190} INFO - [2026-05-03T23:09:31.290+0000] {dag.py:4180} INFO - Setting next_dagrun for example_task_group to None, run_after=None
[2026-05-03T23:09:31.307+0000] {processor.py:208} INFO - Processing /home/ec2-user/environment/lab4_model_training/venv/lib64/python3.12/site-packages/airflow/example_dags/example_task_group.py took 0.054 seconds
[2026-05-03T23:10:35.503+0000] {processor.py:186} INFO - Started process (PID=62438) to work on /home/ec2-user/environment/lab4_model_training/venv/lib64/python3.12/site-packages/airflow/example_dags/example_task_group.py
[2026-05-03T23:10:35.504+0000] {processor.py:914} INFO - Processing file /home/ec2-user/environment/lab4_model_training/venv/lib64/python3.12/site-packages/airflow/example_dags/example_task_group.py for tasks to queue
[2026-05-03T23:10:35.506+0000] {logging_mixin.py:190} INFO - [2026-05-03T23:10:35.505+0000] {dagbag.py:588} INFO - Filling up the DagBag from /home/ec2-user/environment/lab4_model_training/venv/lib64/python3.12/site-packages/airflow/example_dags/example_task_group.py
[2026-05-03T23:10:35.513+0000] {processor.py:925} INFO - DAG(s) 'example_task_group' retrieved from /home/ec2-user/environment/lab4_model_training/venv/lib64/python3.12/site-packages/airflow/example_dags/example_task_group.py
[2026-05-03T23:10:35.525+0000] {logging_mixin.py:190} INFO - [2026-05-03T23:10:35.525+0000] {dag.py:3239} INFO - Sync 1 DAGs
[2026-05-03T23:10:35.535+0000] {logging_mixin.py:190} INFO - [2026-05-03T23:10:35.535+0000] {dag.py:4180} INFO - Setting next_dagrun for example_task_group to None, run_after=None
[2026-05-03T23:10:35.551+0000] {processor.py:208} INFO - Processing /home/ec2-user/environment/lab4_model_training/venv/lib64/python3.12/site-packages/airflow/example_dags/example_task_group.py took 0.053 seconds
[2026-05-03T23:11:40.131+0000] {processor.py:186} INFO - Started process (PID=62584) to work on /home/ec2-user/environment/lab4_model_training/venv/lib64/python3.12/site-packages/airflow/example_dags/example_task_group.py
[2026-05-03T23:11:40.132+0000] {processor.py:914} INFO - Processing file /home/ec2-user/environment/lab4_model_training/venv/lib64/python3.12/site-packages/airflow/example_dags/example_task_group.py for tasks to queue
[2026-05-03T23:11:40.134+0000] {logging_mixin.py:190} INFO - [2026-05-03T23:11:40.133+0000] {dagbag.py:588} INFO - Filling up the DagBag from /home/ec2-user/environment/lab4_model_training/venv/lib64/python3.12/site-packages/airflow/example_dags/example_task_group.py
[2026-05-03T23:11:40.141+0000] {processor.py:925} INFO - DAG(s) 'example_task_group' retrieved from /home/ec2-user/environment/lab4_model_training/venv/lib64/python3.12/site-packages/airflow/example_dags/example_task_group.py
[2026-05-03T23:11:40.154+0000] {logging_mixin.py:190} INFO - [2026-05-03T23:11:40.153+0000] {dag.py:3239} INFO - Sync 1 DAGs
[2026-05-03T23:11:40.163+0000] {logging_mixin.py:190} INFO - [2026-05-03T23:11:40.163+0000] {dag.py:4180} INFO - Setting next_dagrun for example_task_group to None, run_after=None
[2026-05-03T23:11:40.180+0000] {processor.py:208} INFO - Processing /home/ec2-user/environment/lab4_model_training/venv/lib64/python3.12/site-packages/airflow/example_dags/example_task_group.py took 0.053 seconds
[2026-05-03T23:12:47.381+0000] {processor.py:186} INFO - Started process (PID=62789) to work on /home/ec2-user/environment/lab4_model_training/venv/lib64/python3.12/site-packages/airflow/example_dags/example_task_group.py
[2026-05-03T23:12:47.383+0000] {processor.py:914} INFO - Processing file /home/ec2-user/environment/lab4_model_training/venv/lib64/python3.12/site-packages/airflow/example_dags/example_task_group.py for tasks to queue
[2026-05-03T23:12:47.384+0000] {logging_mixin.py:190} INFO - [2026-05-03T23:12:47.384+0000] {dagbag.py:588} INFO - Filling up the DagBag from /home/ec2-user/environment/lab4_model_training/venv/lib64/python3.12/site-packages/airflow/example_dags/example_task_group.py
[2026-05-03T23:12:47.391+0000] {processor.py:925} INFO - DAG(s) 'example_task_group' retrieved from /home/ec2-user/environment/lab4_model_training/venv/lib64/python3.12/site-packages/airflow/example_dags/example_task_group.py
[2026-05-03T23:12:47.403+0000] {logging_mixin.py:190} INFO - [2026-05-03T23:12:47.403+0000] {dag.py:3239} INFO - Sync 1 DAGs
[2026-05-03T23:12:47.413+0000] {logging_mixin.py:190} INFO - [2026-05-03T23:12:47.413+0000] {dag.py:4180} INFO - Setting next_dagrun for example_task_group to None, run_after=None
[2026-05-03T23:12:47.429+0000] {processor.py:208} INFO - Processing /home/ec2-user/environment/lab4_model_training/venv/lib64/python3.12/site-packages/airflow/example_dags/example_task_group.py took 0.052 seconds
[2026-05-03T23:13:53.238+0000] {processor.py:186} INFO - Started process (PID=63011) to work on /home/ec2-user/environment/lab4_model_training/venv/lib64/python3.12/site-packages/airflow/example_dags/example_task_group.py
[2026-05-03T23:13:53.239+0000] {processor.py:914} INFO - Processing file /home/ec2-user/environment/lab4_model_training/venv/lib64/python3.12/site-packages/airflow/example_dags/example_task_group.py for tasks to queue
[2026-05-03T23:13:53.241+0000] {logging_mixin.py:190} INFO - [2026-05-03T23:13:53.240+0000] {dagbag.py:588} INFO - Filling up the DagBag from /home/ec2-user/environment/lab4_model_training/venv/lib64/python3.12/site-packages/airflow/example_dags/example_task_group.py
[2026-05-03T23:13:53.247+0000] {processor.py:925} INFO - DAG(s) 'example_task_group' retrieved from /home/ec2-user/environment/lab4_model_training/venv/lib64/python3.12/site-packages/airflow/example_dags/example_task_group.py
[2026-05-03T23:13:53.260+0000] {logging_mixin.py:190} INFO - [2026-05-03T23:13:53.260+0000] {dag.py:3239} INFO - Sync 1 DAGs
[2026-05-03T23:13:53.270+0000] {logging_mixin.py:190} INFO - [2026-05-03T23:13:53.270+0000] {dag.py:4180} INFO - Setting next_dagrun for example_task_group to None, run_after=None
[2026-05-03T23:13:53.286+0000] {processor.py:208} INFO - Processing /home/ec2-user/environment/lab4_model_training/venv/lib64/python3.12/site-packages/airflow/example_dags/example_task_group.py took 0.053 seconds
[2026-05-03T23:14:58.602+0000] {processor.py:186} INFO - Started process (PID=63193) to work on /home/ec2-user/environment/lab4_model_training/venv/lib64/python3.12/site-packages/airflow/example_dags/example_task_group.py
[2026-05-03T23:14:58.603+0000] {processor.py:914} INFO - Processing file /home/ec2-user/environment/lab4_model_training/venv/lib64/python3.12/site-packages/airflow/example_dags/example_task_group.py for tasks to queue
[2026-05-03T23:14:58.605+0000] {logging_mixin.py:190} INFO - [2026-05-03T23:14:58.605+0000] {dagbag.py:588} INFO - Filling up the DagBag from /home/ec2-user/environment/lab4_model_training/venv/lib64/python3.12/site-packages/airflow/example_dags/example_task_group.py
[2026-05-03T23:14:58.613+0000] {processor.py:925} INFO - DAG(s) 'example_task_group' retrieved from /home/ec2-user/environment/lab4_model_training/venv/lib64/python3.12/site-packages/airflow/example_dags/example_task_group.py
[2026-05-03T23:14:58.626+0000] {logging_mixin.py:190} INFO - [2026-05-03T23:14:58.626+0000] {dag.py:3239} INFO - Sync 1 DAGs
[2026-05-03T23:14:58.636+0000] {logging_mixin.py:190} INFO - [2026-05-03T23:14:58.636+0000] {dag.py:4180} INFO - Setting next_dagrun for example_task_group to None, run_after=None
[2026-05-03T23:14:58.653+0000] {processor.py:208} INFO - Processing /home/ec2-user/environment/lab4_model_training/venv/lib64/python3.12/site-packages/airflow/example_dags/example_task_group.py took 0.055 seconds
[2026-05-03T23:16:01.532+0000] {processor.py:186} INFO - Started process (PID=63423) to work on /home/ec2-user/environment/lab4_model_training/venv/lib64/python3.12/site-packages/airflow/example_dags/example_task_group.py
[2026-05-03T23:16:01.533+0000] {processor.py:914} INFO - Processing file /home/ec2-user/environment/lab4_model_training/venv/lib64/python3.12/site-packages/airflow/example_dags/example_task_group.py for tasks to queue
[2026-05-03T23:16:01.535+0000] {logging_mixin.py:190} INFO - [2026-05-03T23:16:01.534+0000] {dagbag.py:588} INFO - Filling up the DagBag from /home/ec2-user/environment/lab4_model_training/venv/lib64/python3.12/site-packages/airflow/example_dags/example_task_group.py
[2026-05-03T23:16:01.542+0000] {processor.py:925} INFO - DAG(s) 'example_task_group' retrieved from /home/ec2-user/environment/lab4_model_training/venv/lib64/python3.12/site-packages/airflow/example_dags/example_task_group.py
[2026-05-03T23:16:01.556+0000] {logging_mixin.py:190} INFO - [2026-05-03T23:16:01.556+0000] {dag.py:3239} INFO - Sync 1 DAGs
[2026-05-03T23:16:01.565+0000] {logging_mixin.py:190} INFO - [2026-05-03T23:16:01.565+0000] {dag.py:4180} INFO - Setting next_dagrun for example_task_group to None, run_after=None
[2026-05-03T23:16:01.583+0000] {processor.py:208} INFO - Processing /home/ec2-user/environment/lab4_model_training/venv/lib64/python3.12/site-packages/airflow/example_dags/example_task_group.py took 0.056 seconds
[2026-05-03T23:17:21.746+0000] {processor.py:186} INFO - Started process (PID=63683) to work on /home/ec2-user/environment/lab4_model_training/venv/lib64/python3.12/site-packages/airflow/example_dags/example_task_group.py
[2026-05-03T23:17:21.748+0000] {processor.py:914} INFO - Processing file /home/ec2-user/environment/lab4_model_training/venv/lib64/python3.12/site-packages/airflow/example_dags/example_task_group.py for tasks to queue
[2026-05-03T23:17:21.749+0000] {logging_mixin.py:190} INFO - [2026-05-03T23:17:21.749+0000] {dagbag.py:588} INFO - Filling up the DagBag from /home/ec2-user/environment/lab4_model_training/venv/lib64/python3.12/site-packages/airflow/example_dags/example_task_group.py
[2026-05-03T23:17:21.756+0000] {processor.py:925} INFO - DAG(s) 'example_task_group' retrieved from /home/ec2-user/environment/lab4_model_training/venv/lib64/python3.12/site-packages/airflow/example_dags/example_task_group.py
[2026-05-03T23:17:21.769+0000] {logging_mixin.py:190} INFO - [2026-05-03T23:17:21.769+0000] {dag.py:3239} INFO - Sync 1 DAGs
[2026-05-03T23:17:21.778+0000] {logging_mixin.py:190} INFO - [2026-05-03T23:17:21.778+0000] {dag.py:4180} INFO - Setting next_dagrun for example_task_group to None, run_after=None
[2026-05-03T23:17:21.795+0000] {processor.py:208} INFO - Processing /home/ec2-user/environment/lab4_model_training/venv/lib64/python3.12/site-packages/airflow/example_dags/example_task_group.py took 0.053 seconds
[2026-05-03T23:18:25.721+0000] {processor.py:186} INFO - Started process (PID=63801) to work on /home/ec2-user/environment/lab4_model_training/venv/lib64/python3.12/site-packages/airflow/example_dags/example_task_group.py
[2026-05-03T23:18:25.722+0000] {processor.py:914} INFO - Processing file /home/ec2-user/environment/lab4_model_training/venv/lib64/python3.12/site-packages/airflow/example_dags/example_task_group.py for tasks to queue
[2026-05-03T23:18:25.724+0000] {logging_mixin.py:190} INFO - [2026-05-03T23:18:25.724+0000] {dagbag.py:588} INFO - Filling up the DagBag from /home/ec2-user/environment/lab4_model_training/venv/lib64/python3.12/site-packages/airflow/example_dags/example_task_group.py
[2026-05-03T23:18:25.730+0000] {processor.py:925} INFO - DAG(s) 'example_task_group' retrieved from /home/ec2-user/environment/lab4_model_training/venv/lib64/python3.12/site-packages/airflow/example_dags/example_task_group.py
[2026-05-03T23:18:25.743+0000] {logging_mixin.py:190} INFO - [2026-05-03T23:18:25.743+0000] {dag.py:3239} INFO - Sync 1 DAGs
[2026-05-03T23:18:25.753+0000] {logging_mixin.py:190} INFO - [2026-05-03T23:18:25.753+0000] {dag.py:4180} INFO - Setting next_dagrun for example_task_group to None, run_after=None
[2026-05-03T23:18:25.769+0000] {processor.py:208} INFO - Processing /home/ec2-user/environment/lab4_model_training/venv/lib64/python3.12/site-packages/airflow/example_dags/example_task_group.py took 0.053 seconds
[2026-05-03T23:19:30.122+0000] {processor.py:186} INFO - Started process (PID=63972) to work on /home/ec2-user/environment/lab4_model_training/venv/lib64/python3.12/site-packages/airflow/example_dags/example_task_group.py
[2026-05-03T23:19:30.123+0000] {processor.py:914} INFO - Processing file /home/ec2-user/environment/lab4_model_training/venv/lib64/python3.12/site-packages/airflow/example_dags/example_task_group.py for tasks to queue
[2026-05-03T23:19:30.124+0000] {logging_mixin.py:190} INFO - [2026-05-03T23:19:30.124+0000] {dagbag.py:588} INFO - Filling up the DagBag from /home/ec2-user/environment/lab4_model_training/venv/lib64/python3.12/site-packages/airflow/example_dags/example_task_group.py
[2026-05-03T23:19:30.131+0000] {processor.py:925} INFO - DAG(s) 'example_task_group' retrieved from /home/ec2-user/environment/lab4_model_training/venv/lib64/python3.12/site-packages/airflow/example_dags/example_task_group.py
[2026-05-03T23:19:30.144+0000] {logging_mixin.py:190} INFO - [2026-05-03T23:19:30.144+0000] {dag.py:3239} INFO - Sync 1 DAGs
[2026-05-03T23:19:30.153+0000] {logging_mixin.py:190} INFO - [2026-05-03T23:19:30.153+0000] {dag.py:4180} INFO - Setting next_dagrun for example_task_group to None, run_after=None
[2026-05-03T23:19:30.170+0000] {processor.py:208} INFO - Processing /home/ec2-user/environment/lab4_model_training/venv/lib64/python3.12/site-packages/airflow/example_dags/example_task_group.py took 0.053 seconds
[2026-05-03T23:20:35.310+0000] {processor.py:186} INFO - Started process (PID=64153) to work on /home/ec2-user/environment/lab4_model_training/venv/lib64/python3.12/site-packages/airflow/example_dags/example_task_group.py
[2026-05-03T23:20:35.311+0000] {processor.py:914} INFO - Processing file /home/ec2-user/environment/lab4_model_training/venv/lib64/python3.12/site-packages/airflow/example_dags/example_task_group.py for tasks to queue
[2026-05-03T23:20:35.313+0000] {logging_mixin.py:190} INFO - [2026-05-03T23:20:35.313+0000] {dagbag.py:588} INFO - Filling up the DagBag from /home/ec2-user/environment/lab4_model_training/venv/lib64/python3.12/site-packages/airflow/example_dags/example_task_group.py
[2026-05-03T23:20:35.320+0000] {processor.py:925} INFO - DAG(s) 'example_task_group' retrieved from /home/ec2-user/environment/lab4_model_training/venv/lib64/python3.12/site-packages/airflow/example_dags/example_task_group.py
[2026-05-03T23:20:35.333+0000] {logging_mixin.py:190} INFO - [2026-05-03T23:20:35.333+0000] {dag.py:3239} INFO - Sync 1 DAGs
[2026-05-03T23:20:35.343+0000] {logging_mixin.py:190} INFO - [2026-05-03T23:20:35.343+0000] {dag.py:4180} INFO - Setting next_dagrun for example_task_group to None, run_after=None
[2026-05-03T23:20:35.359+0000] {processor.py:208} INFO - Processing /home/ec2-user/environment/lab4_model_training/venv/lib64/python3.12/site-packages/airflow/example_dags/example_task_group.py took 0.054 seconds
[2026-05-03T23:22:04.580+0000] {processor.py:186} INFO - Started process (PID=64425) to work on /home/ec2-user/environment/lab4_model_training/venv/lib64/python3.12/site-packages/airflow/example_dags/example_task_group.py
[2026-05-03T23:22:04.581+0000] {processor.py:914} INFO - Processing file /home/ec2-user/environment/lab4_model_training/venv/lib64/python3.12/site-packages/airflow/example_dags/example_task_group.py for tasks to queue
[2026-05-03T23:22:04.584+0000] {logging_mixin.py:190} INFO - [2026-05-03T23:22:04.583+0000] {dagbag.py:588} INFO - Filling up the DagBag from /home/ec2-user/environment/lab4_model_training/venv/lib64/python3.12/site-packages/airflow/example_dags/example_task_group.py
[2026-05-03T23:22:04.590+0000] {processor.py:925} INFO - DAG(s) 'example_task_group' retrieved from /home/ec2-user/environment/lab4_model_training/venv/lib64/python3.12/site-packages/airflow/example_dags/example_task_group.py
[2026-05-03T23:22:04.603+0000] {logging_mixin.py:190} INFO - [2026-05-03T23:22:04.603+0000] {dag.py:3239} INFO - Sync 1 DAGs
[2026-05-03T23:22:04.613+0000] {logging_mixin.py:190} INFO - [2026-05-03T23:22:04.613+0000] {dag.py:4180} INFO - Setting next_dagrun for example_task_group to None, run_after=None
[2026-05-03T23:22:04.630+0000] {processor.py:208} INFO - Processing /home/ec2-user/environment/lab4_model_training/venv/lib64/python3.12/site-packages/airflow/example_dags/example_task_group.py took 0.054 seconds
[2026-05-03T23:23:18.589+0000] {processor.py:186} INFO - Started process (PID=64571) to work on /home/ec2-user/environment/lab4_model_training/venv/lib64/python3.12/site-packages/airflow/example_dags/example_task_group.py
[2026-05-03T23:23:18.591+0000] {processor.py:914} INFO - Processing file /home/ec2-user/environment/lab4_model_training/venv/lib64/python3.12/site-packages/airflow/example_dags/example_task_group.py for tasks to queue
[2026-05-03T23:23:18.593+0000] {logging_mixin.py:190} INFO - [2026-05-03T23:23:18.592+0000] {dagbag.py:588} INFO - Filling up the DagBag from /home/ec2-user/environment/lab4_model_training/venv/lib64/python3.12/site-packages/airflow/example_dags/example_task_group.py
[2026-05-03T23:23:18.600+0000] {processor.py:925} INFO - DAG(s) 'example_task_group' retrieved from /home/ec2-user/environment/lab4_model_training/venv/lib64/python3.12/site-packages/airflow/example_dags/example_task_group.py
[2026-05-03T23:23:18.613+0000] {logging_mixin.py:190} INFO - [2026-05-03T23:23:18.613+0000] {dag.py:3239} INFO - Sync 1 DAGs
[2026-05-03T23:23:18.623+0000] {logging_mixin.py:190} INFO - [2026-05-03T23:23:18.623+0000] {dag.py:4180} INFO - Setting next_dagrun for example_task_group to None, run_after=None
[2026-05-03T23:23:18.640+0000] {processor.py:208} INFO - Processing /home/ec2-user/environment/lab4_model_training/venv/lib64/python3.12/site-packages/airflow/example_dags/example_task_group.py took 0.055 seconds
[2026-05-03T23:24:22.570+0000] {processor.py:186} INFO - Started process (PID=64788) to work on /home/ec2-user/environment/lab4_model_training/venv/lib64/python3.12/site-packages/airflow/example_dags/example_task_group.py
[2026-05-03T23:24:22.571+0000] {processor.py:914} INFO - Processing file /home/ec2-user/environment/lab4_model_training/venv/lib64/python3.12/site-packages/airflow/example_dags/example_task_group.py for tasks to queue
[2026-05-03T23:24:22.573+0000] {logging_mixin.py:190} INFO - [2026-05-03T23:24:22.573+0000] {dagbag.py:588} INFO - Filling up the DagBag from /home/ec2-user/environment/lab4_model_training/venv/lib64/python3.12/site-packages/airflow/example_dags/example_task_group.py
[2026-05-03T23:24:22.581+0000] {processor.py:925} INFO - DAG(s) 'example_task_group' retrieved from /home/ec2-user/environment/lab4_model_training/venv/lib64/python3.12/site-packages/airflow/example_dags/example_task_group.py
[2026-05-03T23:24:22.594+0000] {logging_mixin.py:190} INFO - [2026-05-03T23:24:22.593+0000] {dag.py:3239} INFO - Sync 1 DAGs
[2026-05-03T23:24:22.603+0000] {logging_mixin.py:190} INFO - [2026-05-03T23:24:22.603+0000] {dag.py:4180} INFO - Setting next_dagrun for example_task_group to None, run_after=None
[2026-05-03T23:24:22.621+0000] {processor.py:208} INFO - Processing /home/ec2-user/environment/lab4_model_training/venv/lib64/python3.12/site-packages/airflow/example_dags/example_task_group.py took 0.055 seconds
[2026-05-03T23:25:26.851+0000] {processor.py:186} INFO - Started process (PID=64940) to work on /home/ec2-user/environment/lab4_model_training/venv/lib64/python3.12/site-packages/airflow/example_dags/example_task_group.py
[2026-05-03T23:25:26.852+0000] {processor.py:914} INFO - Processing file /home/ec2-user/environment/lab4_model_training/venv/lib64/python3.12/site-packages/airflow/example_dags/example_task_group.py for tasks to queue
[2026-05-03T23:25:26.854+0000] {logging_mixin.py:190} INFO - [2026-05-03T23:25:26.853+0000] {dagbag.py:588} INFO - Filling up the DagBag from /home/ec2-user/environment/lab4_model_training/venv/lib64/python3.12/site-packages/airflow/example_dags/example_task_group.py
[2026-05-03T23:25:26.861+0000] {processor.py:925} INFO - DAG(s) 'example_task_group' retrieved from /home/ec2-user/environment/lab4_model_training/venv/lib64/python3.12/site-packages/airflow/example_dags/example_task_group.py
[2026-05-03T23:25:26.874+0000] {logging_mixin.py:190} INFO - [2026-05-03T23:25:26.874+0000] {dag.py:3239} INFO - Sync 1 DAGs
[2026-05-03T23:25:26.885+0000] {logging_mixin.py:190} INFO - [2026-05-03T23:25:26.884+0000] {dag.py:4180} INFO - Setting next_dagrun for example_task_group to None, run_after=None
[2026-05-03T23:25:26.901+0000] {processor.py:208} INFO - Processing /home/ec2-user/environment/lab4_model_training/venv/lib64/python3.12/site-packages/airflow/example_dags/example_task_group.py took 0.056 seconds
