[2026-05-03T22:49:52.218+0000] {processor.py:186} INFO - Started process (PID=57686) to work on /home/ec2-user/environment/lab4_model_training/venv/lib64/python3.12/site-packages/airflow/example_dags/example_sensors.py
[2026-05-03T22:49:52.219+0000] {processor.py:914} INFO - Processing file /home/ec2-user/environment/lab4_model_training/venv/lib64/python3.12/site-packages/airflow/example_dags/example_sensors.py for tasks to queue
[2026-05-03T22:49:52.220+0000] {logging_mixin.py:190} INFO - [2026-05-03T22:49:52.220+0000] {dagbag.py:588} INFO - Filling up the DagBag from /home/ec2-user/environment/lab4_model_training/venv/lib64/python3.12/site-packages/airflow/example_dags/example_sensors.py
[2026-05-03T22:49:52.229+0000] {processor.py:925} INFO - DAG(s) 'example_sensors' retrieved from /home/ec2-user/environment/lab4_model_training/venv/lib64/python3.12/site-packages/airflow/example_dags/example_sensors.py
[2026-05-03T22:49:52.246+0000] {logging_mixin.py:190} INFO - [2026-05-03T22:49:52.246+0000] {dag.py:3239} INFO - Sync 1 DAGs
[2026-05-03T22:49:52.256+0000] {logging_mixin.py:190} INFO - [2026-05-03T22:49:52.256+0000] {dag.py:4180} INFO - Setting next_dagrun for example_sensors to None, run_after=None
[2026-05-03T22:49:52.273+0000] {processor.py:208} INFO - Processing /home/ec2-user/environment/lab4_model_training/venv/lib64/python3.12/site-packages/airflow/example_dags/example_sensors.py took 0.058 seconds
[2026-05-03T22:50:59.590+0000] {processor.py:186} INFO - Started process (PID=57857) to work on /home/ec2-user/environment/lab4_model_training/venv/lib64/python3.12/site-packages/airflow/example_dags/example_sensors.py
[2026-05-03T22:50:59.591+0000] {processor.py:914} INFO - Processing file /home/ec2-user/environment/lab4_model_training/venv/lib64/python3.12/site-packages/airflow/example_dags/example_sensors.py for tasks to queue
[2026-05-03T22:50:59.592+0000] {logging_mixin.py:190} INFO - [2026-05-03T22:50:59.592+0000] {dagbag.py:588} INFO - Filling up the DagBag from /home/ec2-user/environment/lab4_model_training/venv/lib64/python3.12/site-packages/airflow/example_dags/example_sensors.py
[2026-05-03T22:50:59.601+0000] {processor.py:925} INFO - DAG(s) 'example_sensors' retrieved from /home/ec2-user/environment/lab4_model_training/venv/lib64/python3.12/site-packages/airflow/example_dags/example_sensors.py
[2026-05-03T22:50:59.617+0000] {logging_mixin.py:190} INFO - [2026-05-03T22:50:59.617+0000] {dag.py:3239} INFO - Sync 1 DAGs
[2026-05-03T22:50:59.626+0000] {logging_mixin.py:190} INFO - [2026-05-03T22:50:59.626+0000] {dag.py:4180} INFO - Setting next_dagrun for example_sensors to None, run_after=None
[2026-05-03T22:50:59.643+0000] {processor.py:208} INFO - Processing /home/ec2-user/environment/lab4_model_training/venv/lib64/python3.12/site-packages/airflow/example_dags/example_sensors.py took 0.058 seconds
[2026-05-03T22:52:01.418+0000] {processor.py:186} INFO - Started process (PID=58021) to work on /home/ec2-user/environment/lab4_model_training/venv/lib64/python3.12/site-packages/airflow/example_dags/example_sensors.py
[2026-05-03T22:52:01.419+0000] {processor.py:914} INFO - Processing file /home/ec2-user/environment/lab4_model_training/venv/lib64/python3.12/site-packages/airflow/example_dags/example_sensors.py for tasks to queue
[2026-05-03T22:52:01.421+0000] {logging_mixin.py:190} INFO - [2026-05-03T22:52:01.421+0000] {dagbag.py:588} INFO - Filling up the DagBag from /home/ec2-user/environment/lab4_model_training/venv/lib64/python3.12/site-packages/airflow/example_dags/example_sensors.py
[2026-05-03T22:52:01.430+0000] {processor.py:925} INFO - DAG(s) 'example_sensors' retrieved from /home/ec2-user/environment/lab4_model_training/venv/lib64/python3.12/site-packages/airflow/example_dags/example_sensors.py
[2026-05-03T22:52:01.446+0000] {logging_mixin.py:190} INFO - [2026-05-03T22:52:01.446+0000] {dag.py:3239} INFO - Sync 1 DAGs
[2026-05-03T22:52:01.456+0000] {logging_mixin.py:190} INFO - [2026-05-03T22:52:01.456+0000] {dag.py:4180} INFO - Setting next_dagrun for example_sensors to None, run_after=None
[2026-05-03T22:52:01.473+0000] {processor.py:208} INFO - Processing /home/ec2-user/environment/lab4_model_training/venv/lib64/python3.12/site-packages/airflow/example_dags/example_sensors.py took 0.058 seconds
[2026-05-03T22:53:07.956+0000] {processor.py:186} INFO - Started process (PID=58214) to work on /home/ec2-user/environment/lab4_model_training/venv/lib64/python3.12/site-packages/airflow/example_dags/example_sensors.py
[2026-05-03T22:53:07.957+0000] {processor.py:914} INFO - Processing file /home/ec2-user/environment/lab4_model_training/venv/lib64/python3.12/site-packages/airflow/example_dags/example_sensors.py for tasks to queue
[2026-05-03T22:53:07.958+0000] {logging_mixin.py:190} INFO - [2026-05-03T22:53:07.958+0000] {dagbag.py:588} INFO - Filling up the DagBag from /home/ec2-user/environment/lab4_model_training/venv/lib64/python3.12/site-packages/airflow/example_dags/example_sensors.py
[2026-05-03T22:53:07.967+0000] {processor.py:925} INFO - DAG(s) 'example_sensors' retrieved from /home/ec2-user/environment/lab4_model_training/venv/lib64/python3.12/site-packages/airflow/example_dags/example_sensors.py
[2026-05-03T22:53:07.984+0000] {logging_mixin.py:190} INFO - [2026-05-03T22:53:07.983+0000] {dag.py:3239} INFO - Sync 1 DAGs
[2026-05-03T22:53:07.993+0000] {logging_mixin.py:190} INFO - [2026-05-03T22:53:07.992+0000] {dag.py:4180} INFO - Setting next_dagrun for example_sensors to None, run_after=None
[2026-05-03T22:53:08.010+0000] {processor.py:208} INFO - Processing /home/ec2-user/environment/lab4_model_training/venv/lib64/python3.12/site-packages/airflow/example_dags/example_sensors.py took 0.058 seconds
[2026-05-03T22:54:10.891+0000] {processor.py:186} INFO - Started process (PID=58506) to work on /home/ec2-user/environment/lab4_model_training/venv/lib64/python3.12/site-packages/airflow/example_dags/example_sensors.py
[2026-05-03T22:54:10.892+0000] {processor.py:914} INFO - Processing file /home/ec2-user/environment/lab4_model_training/venv/lib64/python3.12/site-packages/airflow/example_dags/example_sensors.py for tasks to queue
[2026-05-03T22:54:10.893+0000] {logging_mixin.py:190} INFO - [2026-05-03T22:54:10.893+0000] {dagbag.py:588} INFO - Filling up the DagBag from /home/ec2-user/environment/lab4_model_training/venv/lib64/python3.12/site-packages/airflow/example_dags/example_sensors.py
[2026-05-03T22:54:10.902+0000] {processor.py:925} INFO - DAG(s) 'example_sensors' retrieved from /home/ec2-user/environment/lab4_model_training/venv/lib64/python3.12/site-packages/airflow/example_dags/example_sensors.py
[2026-05-03T22:54:10.919+0000] {logging_mixin.py:190} INFO - [2026-05-03T22:54:10.919+0000] {dag.py:3239} INFO - Sync 1 DAGs
[2026-05-03T22:54:10.928+0000] {logging_mixin.py:190} INFO - [2026-05-03T22:54:10.928+0000] {dag.py:4180} INFO - Setting next_dagrun for example_sensors to None, run_after=None
[2026-05-03T22:54:10.944+0000] {processor.py:208} INFO - Processing /home/ec2-user/environment/lab4_model_training/venv/lib64/python3.12/site-packages/airflow/example_dags/example_sensors.py took 0.058 seconds
[2026-05-03T22:55:15.679+0000] {processor.py:186} INFO - Started process (PID=58649) to work on /home/ec2-user/environment/lab4_model_training/venv/lib64/python3.12/site-packages/airflow/example_dags/example_sensors.py
[2026-05-03T22:55:15.681+0000] {processor.py:914} INFO - Processing file /home/ec2-user/environment/lab4_model_training/venv/lib64/python3.12/site-packages/airflow/example_dags/example_sensors.py for tasks to queue
[2026-05-03T22:55:15.682+0000] {logging_mixin.py:190} INFO - [2026-05-03T22:55:15.682+0000] {dagbag.py:588} INFO - Filling up the DagBag from /home/ec2-user/environment/lab4_model_training/venv/lib64/python3.12/site-packages/airflow/example_dags/example_sensors.py
[2026-05-03T22:55:15.691+0000] {processor.py:925} INFO - DAG(s) 'example_sensors' retrieved from /home/ec2-user/environment/lab4_model_training/venv/lib64/python3.12/site-packages/airflow/example_dags/example_sensors.py
[2026-05-03T22:55:15.708+0000] {logging_mixin.py:190} INFO - [2026-05-03T22:55:15.708+0000] {dag.py:3239} INFO - Sync 1 DAGs
[2026-05-03T22:55:15.717+0000] {logging_mixin.py:190} INFO - [2026-05-03T22:55:15.717+0000] {dag.py:4180} INFO - Setting next_dagrun for example_sensors to None, run_after=None
[2026-05-03T22:55:15.735+0000] {processor.py:208} INFO - Processing /home/ec2-user/environment/lab4_model_training/venv/lib64/python3.12/site-packages/airflow/example_dags/example_sensors.py took 0.060 seconds
[2026-05-03T22:56:22.433+0000] {processor.py:186} INFO - Started process (PID=58815) to work on /home/ec2-user/environment/lab4_model_training/venv/lib64/python3.12/site-packages/airflow/example_dags/example_sensors.py
[2026-05-03T22:56:22.434+0000] {processor.py:914} INFO - Processing file /home/ec2-user/environment/lab4_model_training/venv/lib64/python3.12/site-packages/airflow/example_dags/example_sensors.py for tasks to queue
[2026-05-03T22:56:22.435+0000] {logging_mixin.py:190} INFO - [2026-05-03T22:56:22.435+0000] {dagbag.py:588} INFO - Filling up the DagBag from /home/ec2-user/environment/lab4_model_training/venv/lib64/python3.12/site-packages/airflow/example_dags/example_sensors.py
[2026-05-03T22:56:22.444+0000] {processor.py:925} INFO - DAG(s) 'example_sensors' retrieved from /home/ec2-user/environment/lab4_model_training/venv/lib64/python3.12/site-packages/airflow/example_dags/example_sensors.py
[2026-05-03T22:56:22.460+0000] {logging_mixin.py:190} INFO - [2026-05-03T22:56:22.460+0000] {dag.py:3239} INFO - Sync 1 DAGs
[2026-05-03T22:56:22.470+0000] {logging_mixin.py:190} INFO - [2026-05-03T22:56:22.470+0000] {dag.py:4180} INFO - Setting next_dagrun for example_sensors to None, run_after=None
[2026-05-03T22:56:22.486+0000] {processor.py:208} INFO - Processing /home/ec2-user/environment/lab4_model_training/venv/lib64/python3.12/site-packages/airflow/example_dags/example_sensors.py took 0.058 seconds
[2026-05-03T22:57:27.014+0000] {processor.py:186} INFO - Started process (PID=58970) to work on /home/ec2-user/environment/lab4_model_training/venv/lib64/python3.12/site-packages/airflow/example_dags/example_sensors.py
[2026-05-03T22:57:27.015+0000] {processor.py:914} INFO - Processing file /home/ec2-user/environment/lab4_model_training/venv/lib64/python3.12/site-packages/airflow/example_dags/example_sensors.py for tasks to queue
[2026-05-03T22:57:27.017+0000] {logging_mixin.py:190} INFO - [2026-05-03T22:57:27.017+0000] {dagbag.py:588} INFO - Filling up the DagBag from /home/ec2-user/environment/lab4_model_training/venv/lib64/python3.12/site-packages/airflow/example_dags/example_sensors.py
[2026-05-03T22:57:27.026+0000] {processor.py:925} INFO - DAG(s) 'example_sensors' retrieved from /home/ec2-user/environment/lab4_model_training/venv/lib64/python3.12/site-packages/airflow/example_dags/example_sensors.py
[2026-05-03T22:57:27.043+0000] {logging_mixin.py:190} INFO - [2026-05-03T22:57:27.043+0000] {dag.py:3239} INFO - Sync 1 DAGs
[2026-05-03T22:57:27.053+0000] {logging_mixin.py:190} INFO - [2026-05-03T22:57:27.053+0000] {dag.py:4180} INFO - Setting next_dagrun for example_sensors to None, run_after=None
[2026-05-03T22:57:27.070+0000] {processor.py:208} INFO - Processing /home/ec2-user/environment/lab4_model_training/venv/lib64/python3.12/site-packages/airflow/example_dags/example_sensors.py took 0.061 seconds
[2026-05-03T22:58:33.255+0000] {processor.py:186} INFO - Started process (PID=59307) to work on /home/ec2-user/environment/lab4_model_training/venv/lib64/python3.12/site-packages/airflow/example_dags/example_sensors.py
[2026-05-03T22:58:33.256+0000] {processor.py:914} INFO - Processing file /home/ec2-user/environment/lab4_model_training/venv/lib64/python3.12/site-packages/airflow/example_dags/example_sensors.py for tasks to queue
[2026-05-03T22:58:33.257+0000] {logging_mixin.py:190} INFO - [2026-05-03T22:58:33.257+0000] {dagbag.py:588} INFO - Filling up the DagBag from /home/ec2-user/environment/lab4_model_training/venv/lib64/python3.12/site-packages/airflow/example_dags/example_sensors.py
[2026-05-03T22:58:33.266+0000] {processor.py:925} INFO - DAG(s) 'example_sensors' retrieved from /home/ec2-user/environment/lab4_model_training/venv/lib64/python3.12/site-packages/airflow/example_dags/example_sensors.py
[2026-05-03T22:58:33.283+0000] {logging_mixin.py:190} INFO - [2026-05-03T22:58:33.283+0000] {dag.py:3239} INFO - Sync 1 DAGs
[2026-05-03T22:58:33.292+0000] {logging_mixin.py:190} INFO - [2026-05-03T22:58:33.292+0000] {dag.py:4180} INFO - Setting next_dagrun for example_sensors to None, run_after=None
[2026-05-03T22:58:33.309+0000] {processor.py:208} INFO - Processing /home/ec2-user/environment/lab4_model_training/venv/lib64/python3.12/site-packages/airflow/example_dags/example_sensors.py took 0.059 seconds
[2026-05-03T22:59:41.143+0000] {processor.py:186} INFO - Started process (PID=59601) to work on /home/ec2-user/environment/lab4_model_training/venv/lib64/python3.12/site-packages/airflow/example_dags/example_sensors.py
[2026-05-03T22:59:41.144+0000] {processor.py:914} INFO - Processing file /home/ec2-user/environment/lab4_model_training/venv/lib64/python3.12/site-packages/airflow/example_dags/example_sensors.py for tasks to queue
[2026-05-03T22:59:41.146+0000] {logging_mixin.py:190} INFO - [2026-05-03T22:59:41.146+0000] {dagbag.py:588} INFO - Filling up the DagBag from /home/ec2-user/environment/lab4_model_training/venv/lib64/python3.12/site-packages/airflow/example_dags/example_sensors.py
[2026-05-03T22:59:41.155+0000] {processor.py:925} INFO - DAG(s) 'example_sensors' retrieved from /home/ec2-user/environment/lab4_model_training/venv/lib64/python3.12/site-packages/airflow/example_dags/example_sensors.py
[2026-05-03T22:59:41.171+0000] {logging_mixin.py:190} INFO - [2026-05-03T22:59:41.171+0000] {dag.py:3239} INFO - Sync 1 DAGs
[2026-05-03T22:59:41.180+0000] {logging_mixin.py:190} INFO - [2026-05-03T22:59:41.180+0000] {dag.py:4180} INFO - Setting next_dagrun for example_sensors to None, run_after=None
[2026-05-03T22:59:41.197+0000] {processor.py:208} INFO - Processing /home/ec2-user/environment/lab4_model_training/venv/lib64/python3.12/site-packages/airflow/example_dags/example_sensors.py took 0.057 seconds
[2026-05-03T23:00:44.635+0000] {processor.py:186} INFO - Started process (PID=59902) to work on /home/ec2-user/environment/lab4_model_training/venv/lib64/python3.12/site-packages/airflow/example_dags/example_sensors.py
[2026-05-03T23:00:44.636+0000] {processor.py:914} INFO - Processing file /home/ec2-user/environment/lab4_model_training/venv/lib64/python3.12/site-packages/airflow/example_dags/example_sensors.py for tasks to queue
[2026-05-03T23:00:44.638+0000] {logging_mixin.py:190} INFO - [2026-05-03T23:00:44.637+0000] {dagbag.py:588} INFO - Filling up the DagBag from /home/ec2-user/environment/lab4_model_training/venv/lib64/python3.12/site-packages/airflow/example_dags/example_sensors.py
[2026-05-03T23:00:44.646+0000] {processor.py:925} INFO - DAG(s) 'example_sensors' retrieved from /home/ec2-user/environment/lab4_model_training/venv/lib64/python3.12/site-packages/airflow/example_dags/example_sensors.py
[2026-05-03T23:00:44.662+0000] {logging_mixin.py:190} INFO - [2026-05-03T23:00:44.662+0000] {dag.py:3239} INFO - Sync 1 DAGs
[2026-05-03T23:00:44.672+0000] {logging_mixin.py:190} INFO - [2026-05-03T23:00:44.672+0000] {dag.py:4180} INFO - Setting next_dagrun for example_sensors to None, run_after=None
[2026-05-03T23:00:44.689+0000] {processor.py:208} INFO - Processing /home/ec2-user/environment/lab4_model_training/venv/lib64/python3.12/site-packages/airflow/example_dags/example_sensors.py took 0.059 seconds
[2026-05-03T23:01:52.621+0000] {processor.py:186} INFO - Started process (PID=60246) to work on /home/ec2-user/environment/lab4_model_training/venv/lib64/python3.12/site-packages/airflow/example_dags/example_sensors.py
[2026-05-03T23:01:52.622+0000] {processor.py:914} INFO - Processing file /home/ec2-user/environment/lab4_model_training/venv/lib64/python3.12/site-packages/airflow/example_dags/example_sensors.py for tasks to queue
[2026-05-03T23:01:52.624+0000] {logging_mixin.py:190} INFO - [2026-05-03T23:01:52.624+0000] {dagbag.py:588} INFO - Filling up the DagBag from /home/ec2-user/environment/lab4_model_training/venv/lib64/python3.12/site-packages/airflow/example_dags/example_sensors.py
[2026-05-03T23:01:52.632+0000] {processor.py:925} INFO - DAG(s) 'example_sensors' retrieved from /home/ec2-user/environment/lab4_model_training/venv/lib64/python3.12/site-packages/airflow/example_dags/example_sensors.py
[2026-05-03T23:01:52.648+0000] {logging_mixin.py:190} INFO - [2026-05-03T23:01:52.648+0000] {dag.py:3239} INFO - Sync 1 DAGs
[2026-05-03T23:01:52.658+0000] {logging_mixin.py:190} INFO - [2026-05-03T23:01:52.658+0000] {dag.py:4180} INFO - Setting next_dagrun for example_sensors to None, run_after=None
[2026-05-03T23:01:52.674+0000] {processor.py:208} INFO - Processing /home/ec2-user/environment/lab4_model_training/venv/lib64/python3.12/site-packages/airflow/example_dags/example_sensors.py took 0.057 seconds
[2026-05-03T23:02:55.366+0000] {processor.py:186} INFO - Started process (PID=60509) to work on /home/ec2-user/environment/lab4_model_training/venv/lib64/python3.12/site-packages/airflow/example_dags/example_sensors.py
[2026-05-03T23:02:55.367+0000] {processor.py:914} INFO - Processing file /home/ec2-user/environment/lab4_model_training/venv/lib64/python3.12/site-packages/airflow/example_dags/example_sensors.py for tasks to queue
[2026-05-03T23:02:55.369+0000] {logging_mixin.py:190} INFO - [2026-05-03T23:02:55.369+0000] {dagbag.py:588} INFO - Filling up the DagBag from /home/ec2-user/environment/lab4_model_training/venv/lib64/python3.12/site-packages/airflow/example_dags/example_sensors.py
[2026-05-03T23:02:55.378+0000] {processor.py:925} INFO - DAG(s) 'example_sensors' retrieved from /home/ec2-user/environment/lab4_model_training/venv/lib64/python3.12/site-packages/airflow/example_dags/example_sensors.py
[2026-05-03T23:02:55.395+0000] {logging_mixin.py:190} INFO - [2026-05-03T23:02:55.395+0000] {dag.py:3239} INFO - Sync 1 DAGs
[2026-05-03T23:02:55.405+0000] {logging_mixin.py:190} INFO - [2026-05-03T23:02:55.405+0000] {dag.py:4180} INFO - Setting next_dagrun for example_sensors to None, run_after=None
[2026-05-03T23:02:55.422+0000] {processor.py:208} INFO - Processing /home/ec2-user/environment/lab4_model_training/venv/lib64/python3.12/site-packages/airflow/example_dags/example_sensors.py took 0.061 seconds
[2026-05-03T23:03:55.238+0000] {processor.py:186} INFO - Started process (PID=60824) to work on /home/ec2-user/environment/lab4_model_training/venv/lib64/python3.12/site-packages/airflow/example_dags/example_sensors.py
[2026-05-03T23:03:55.239+0000] {processor.py:914} INFO - Processing file /home/ec2-user/environment/lab4_model_training/venv/lib64/python3.12/site-packages/airflow/example_dags/example_sensors.py for tasks to queue
[2026-05-03T23:03:55.240+0000] {logging_mixin.py:190} INFO - [2026-05-03T23:03:55.240+0000] {dagbag.py:588} INFO - Filling up the DagBag from /home/ec2-user/environment/lab4_model_training/venv/lib64/python3.12/site-packages/airflow/example_dags/example_sensors.py
[2026-05-03T23:03:55.249+0000] {processor.py:925} INFO - DAG(s) 'example_sensors' retrieved from /home/ec2-user/environment/lab4_model_training/venv/lib64/python3.12/site-packages/airflow/example_dags/example_sensors.py
[2026-05-03T23:03:55.265+0000] {logging_mixin.py:190} INFO - [2026-05-03T23:03:55.265+0000] {dag.py:3239} INFO - Sync 1 DAGs
[2026-05-03T23:03:55.275+0000] {logging_mixin.py:190} INFO - [2026-05-03T23:03:55.275+0000] {dag.py:4180} INFO - Setting next_dagrun for example_sensors to None, run_after=None
[2026-05-03T23:03:55.291+0000] {processor.py:208} INFO - Processing /home/ec2-user/environment/lab4_model_training/venv/lib64/python3.12/site-packages/airflow/example_dags/example_sensors.py took 0.059 seconds
[2026-05-03T23:05:03.028+0000] {processor.py:186} INFO - Started process (PID=61091) to work on /home/ec2-user/environment/lab4_model_training/venv/lib64/python3.12/site-packages/airflow/example_dags/example_sensors.py
[2026-05-03T23:05:03.030+0000] {processor.py:914} INFO - Processing file /home/ec2-user/environment/lab4_model_training/venv/lib64/python3.12/site-packages/airflow/example_dags/example_sensors.py for tasks to queue
[2026-05-03T23:05:03.031+0000] {logging_mixin.py:190} INFO - [2026-05-03T23:05:03.031+0000] {dagbag.py:588} INFO - Filling up the DagBag from /home/ec2-user/environment/lab4_model_training/venv/lib64/python3.12/site-packages/airflow/example_dags/example_sensors.py
[2026-05-03T23:05:03.045+0000] {processor.py:925} INFO - DAG(s) 'example_sensors' retrieved from /home/ec2-user/environment/lab4_model_training/venv/lib64/python3.12/site-packages/airflow/example_dags/example_sensors.py
[2026-05-03T23:05:03.061+0000] {logging_mixin.py:190} INFO - [2026-05-03T23:05:03.061+0000] {dag.py:3239} INFO - Sync 1 DAGs
[2026-05-03T23:05:03.070+0000] {logging_mixin.py:190} INFO - [2026-05-03T23:05:03.070+0000] {dag.py:4180} INFO - Setting next_dagrun for example_sensors to None, run_after=None
[2026-05-03T23:05:03.086+0000] {processor.py:208} INFO - Processing /home/ec2-user/environment/lab4_model_training/venv/lib64/python3.12/site-packages/airflow/example_dags/example_sensors.py took 0.062 seconds
[2026-05-03T23:06:05.414+0000] {processor.py:186} INFO - Started process (PID=61383) to work on /home/ec2-user/environment/lab4_model_training/venv/lib64/python3.12/site-packages/airflow/example_dags/example_sensors.py
[2026-05-03T23:06:05.415+0000] {processor.py:914} INFO - Processing file /home/ec2-user/environment/lab4_model_training/venv/lib64/python3.12/site-packages/airflow/example_dags/example_sensors.py for tasks to queue
[2026-05-03T23:06:05.417+0000] {logging_mixin.py:190} INFO - [2026-05-03T23:06:05.416+0000] {dagbag.py:588} INFO - Filling up the DagBag from /home/ec2-user/environment/lab4_model_training/venv/lib64/python3.12/site-packages/airflow/example_dags/example_sensors.py
[2026-05-03T23:06:05.425+0000] {processor.py:925} INFO - DAG(s) 'example_sensors' retrieved from /home/ec2-user/environment/lab4_model_training/venv/lib64/python3.12/site-packages/airflow/example_dags/example_sensors.py
[2026-05-03T23:06:05.441+0000] {logging_mixin.py:190} INFO - [2026-05-03T23:06:05.441+0000] {dag.py:3239} INFO - Sync 1 DAGs
[2026-05-03T23:06:05.450+0000] {logging_mixin.py:190} INFO - [2026-05-03T23:06:05.450+0000] {dag.py:4180} INFO - Setting next_dagrun for example_sensors to None, run_after=None
[2026-05-03T23:06:05.467+0000] {processor.py:208} INFO - Processing /home/ec2-user/environment/lab4_model_training/venv/lib64/python3.12/site-packages/airflow/example_dags/example_sensors.py took 0.057 seconds
[2026-05-03T23:07:08.540+0000] {processor.py:186} INFO - Started process (PID=61607) to work on /home/ec2-user/environment/lab4_model_training/venv/lib64/python3.12/site-packages/airflow/example_dags/example_sensors.py
[2026-05-03T23:07:08.541+0000] {processor.py:914} INFO - Processing file /home/ec2-user/environment/lab4_model_training/venv/lib64/python3.12/site-packages/airflow/example_dags/example_sensors.py for tasks to queue
[2026-05-03T23:07:08.542+0000] {logging_mixin.py:190} INFO - [2026-05-03T23:07:08.542+0000] {dagbag.py:588} INFO - Filling up the DagBag from /home/ec2-user/environment/lab4_model_training/venv/lib64/python3.12/site-packages/airflow/example_dags/example_sensors.py
[2026-05-03T23:07:08.551+0000] {processor.py:925} INFO - DAG(s) 'example_sensors' retrieved from /home/ec2-user/environment/lab4_model_training/venv/lib64/python3.12/site-packages/airflow/example_dags/example_sensors.py
[2026-05-03T23:07:08.567+0000] {logging_mixin.py:190} INFO - [2026-05-03T23:07:08.567+0000] {dag.py:3239} INFO - Sync 1 DAGs
[2026-05-03T23:07:08.576+0000] {logging_mixin.py:190} INFO - [2026-05-03T23:07:08.576+0000] {dag.py:4180} INFO - Setting next_dagrun for example_sensors to None, run_after=None
[2026-05-03T23:07:08.593+0000] {processor.py:208} INFO - Processing /home/ec2-user/environment/lab4_model_training/venv/lib64/python3.12/site-packages/airflow/example_dags/example_sensors.py took 0.057 seconds
[2026-05-03T23:08:14.637+0000] {processor.py:186} INFO - Started process (PID=61948) to work on /home/ec2-user/environment/lab4_model_training/venv/lib64/python3.12/site-packages/airflow/example_dags/example_sensors.py
[2026-05-03T23:08:14.638+0000] {processor.py:914} INFO - Processing file /home/ec2-user/environment/lab4_model_training/venv/lib64/python3.12/site-packages/airflow/example_dags/example_sensors.py for tasks to queue
[2026-05-03T23:08:14.640+0000] {logging_mixin.py:190} INFO - [2026-05-03T23:08:14.639+0000] {dagbag.py:588} INFO - Filling up the DagBag from /home/ec2-user/environment/lab4_model_training/venv/lib64/python3.12/site-packages/airflow/example_dags/example_sensors.py
[2026-05-03T23:08:14.648+0000] {processor.py:925} INFO - DAG(s) 'example_sensors' retrieved from /home/ec2-user/environment/lab4_model_training/venv/lib64/python3.12/site-packages/airflow/example_dags/example_sensors.py
[2026-05-03T23:08:14.664+0000] {logging_mixin.py:190} INFO - [2026-05-03T23:08:14.664+0000] {dag.py:3239} INFO - Sync 1 DAGs
[2026-05-03T23:08:14.673+0000] {logging_mixin.py:190} INFO - [2026-05-03T23:08:14.673+0000] {dag.py:4180} INFO - Setting next_dagrun for example_sensors to None, run_after=None
[2026-05-03T23:08:14.690+0000] {processor.py:208} INFO - Processing /home/ec2-user/environment/lab4_model_training/venv/lib64/python3.12/site-packages/airflow/example_dags/example_sensors.py took 0.058 seconds
[2026-05-03T23:09:19.831+0000] {processor.py:186} INFO - Started process (PID=62195) to work on /home/ec2-user/environment/lab4_model_training/venv/lib64/python3.12/site-packages/airflow/example_dags/example_sensors.py
[2026-05-03T23:09:19.832+0000] {processor.py:914} INFO - Processing file /home/ec2-user/environment/lab4_model_training/venv/lib64/python3.12/site-packages/airflow/example_dags/example_sensors.py for tasks to queue
[2026-05-03T23:09:19.834+0000] {logging_mixin.py:190} INFO - [2026-05-03T23:09:19.833+0000] {dagbag.py:588} INFO - Filling up the DagBag from /home/ec2-user/environment/lab4_model_training/venv/lib64/python3.12/site-packages/airflow/example_dags/example_sensors.py
[2026-05-03T23:09:19.842+0000] {processor.py:925} INFO - DAG(s) 'example_sensors' retrieved from /home/ec2-user/environment/lab4_model_training/venv/lib64/python3.12/site-packages/airflow/example_dags/example_sensors.py
[2026-05-03T23:09:19.859+0000] {logging_mixin.py:190} INFO - [2026-05-03T23:09:19.859+0000] {dag.py:3239} INFO - Sync 1 DAGs
[2026-05-03T23:09:19.869+0000] {logging_mixin.py:190} INFO - [2026-05-03T23:09:19.868+0000] {dag.py:4180} INFO - Setting next_dagrun for example_sensors to None, run_after=None
[2026-05-03T23:09:19.885+0000] {processor.py:208} INFO - Processing /home/ec2-user/environment/lab4_model_training/venv/lib64/python3.12/site-packages/airflow/example_dags/example_sensors.py took 0.059 seconds
[2026-05-03T23:10:22.444+0000] {processor.py:186} INFO - Started process (PID=62350) to work on /home/ec2-user/environment/lab4_model_training/venv/lib64/python3.12/site-packages/airflow/example_dags/example_sensors.py
[2026-05-03T23:10:22.445+0000] {processor.py:914} INFO - Processing file /home/ec2-user/environment/lab4_model_training/venv/lib64/python3.12/site-packages/airflow/example_dags/example_sensors.py for tasks to queue
[2026-05-03T23:10:22.447+0000] {logging_mixin.py:190} INFO - [2026-05-03T23:10:22.447+0000] {dagbag.py:588} INFO - Filling up the DagBag from /home/ec2-user/environment/lab4_model_training/venv/lib64/python3.12/site-packages/airflow/example_dags/example_sensors.py
[2026-05-03T23:10:22.456+0000] {processor.py:925} INFO - DAG(s) 'example_sensors' retrieved from /home/ec2-user/environment/lab4_model_training/venv/lib64/python3.12/site-packages/airflow/example_dags/example_sensors.py
[2026-05-03T23:10:22.472+0000] {logging_mixin.py:190} INFO - [2026-05-03T23:10:22.472+0000] {dag.py:3239} INFO - Sync 1 DAGs
[2026-05-03T23:10:22.482+0000] {logging_mixin.py:190} INFO - [2026-05-03T23:10:22.482+0000] {dag.py:4180} INFO - Setting next_dagrun for example_sensors to None, run_after=None
[2026-05-03T23:10:22.499+0000] {processor.py:208} INFO - Processing /home/ec2-user/environment/lab4_model_training/venv/lib64/python3.12/site-packages/airflow/example_dags/example_sensors.py took 0.059 seconds
[2026-05-03T23:11:27.574+0000] {processor.py:186} INFO - Started process (PID=62558) to work on /home/ec2-user/environment/lab4_model_training/venv/lib64/python3.12/site-packages/airflow/example_dags/example_sensors.py
[2026-05-03T23:11:27.575+0000] {processor.py:914} INFO - Processing file /home/ec2-user/environment/lab4_model_training/venv/lib64/python3.12/site-packages/airflow/example_dags/example_sensors.py for tasks to queue
[2026-05-03T23:11:27.578+0000] {logging_mixin.py:190} INFO - [2026-05-03T23:11:27.577+0000] {dagbag.py:588} INFO - Filling up the DagBag from /home/ec2-user/environment/lab4_model_training/venv/lib64/python3.12/site-packages/airflow/example_dags/example_sensors.py
[2026-05-03T23:11:27.586+0000] {processor.py:925} INFO - DAG(s) 'example_sensors' retrieved from /home/ec2-user/environment/lab4_model_training/venv/lib64/python3.12/site-packages/airflow/example_dags/example_sensors.py
[2026-05-03T23:11:27.602+0000] {logging_mixin.py:190} INFO - [2026-05-03T23:11:27.602+0000] {dag.py:3239} INFO - Sync 1 DAGs
[2026-05-03T23:11:27.612+0000] {logging_mixin.py:190} INFO - [2026-05-03T23:11:27.612+0000] {dag.py:4180} INFO - Setting next_dagrun for example_sensors to None, run_after=None
[2026-05-03T23:11:27.628+0000] {processor.py:208} INFO - Processing /home/ec2-user/environment/lab4_model_training/venv/lib64/python3.12/site-packages/airflow/example_dags/example_sensors.py took 0.058 seconds
[2026-05-03T23:12:34.812+0000] {processor.py:186} INFO - Started process (PID=62756) to work on /home/ec2-user/environment/lab4_model_training/venv/lib64/python3.12/site-packages/airflow/example_dags/example_sensors.py
[2026-05-03T23:12:34.813+0000] {processor.py:914} INFO - Processing file /home/ec2-user/environment/lab4_model_training/venv/lib64/python3.12/site-packages/airflow/example_dags/example_sensors.py for tasks to queue
[2026-05-03T23:12:34.814+0000] {logging_mixin.py:190} INFO - [2026-05-03T23:12:34.814+0000] {dagbag.py:588} INFO - Filling up the DagBag from /home/ec2-user/environment/lab4_model_training/venv/lib64/python3.12/site-packages/airflow/example_dags/example_sensors.py
[2026-05-03T23:12:34.823+0000] {processor.py:925} INFO - DAG(s) 'example_sensors' retrieved from /home/ec2-user/environment/lab4_model_training/venv/lib64/python3.12/site-packages/airflow/example_dags/example_sensors.py
[2026-05-03T23:12:34.839+0000] {logging_mixin.py:190} INFO - [2026-05-03T23:12:34.839+0000] {dag.py:3239} INFO - Sync 1 DAGs
[2026-05-03T23:12:34.848+0000] {logging_mixin.py:190} INFO - [2026-05-03T23:12:34.848+0000] {dag.py:4180} INFO - Setting next_dagrun for example_sensors to None, run_after=None
[2026-05-03T23:12:34.864+0000] {processor.py:208} INFO - Processing /home/ec2-user/environment/lab4_model_training/venv/lib64/python3.12/site-packages/airflow/example_dags/example_sensors.py took 0.057 seconds
[2026-05-03T23:13:41.413+0000] {processor.py:186} INFO - Started process (PID=62935) to work on /home/ec2-user/environment/lab4_model_training/venv/lib64/python3.12/site-packages/airflow/example_dags/example_sensors.py
[2026-05-03T23:13:41.414+0000] {processor.py:914} INFO - Processing file /home/ec2-user/environment/lab4_model_training/venv/lib64/python3.12/site-packages/airflow/example_dags/example_sensors.py for tasks to queue
[2026-05-03T23:13:41.416+0000] {logging_mixin.py:190} INFO - [2026-05-03T23:13:41.416+0000] {dagbag.py:588} INFO - Filling up the DagBag from /home/ec2-user/environment/lab4_model_training/venv/lib64/python3.12/site-packages/airflow/example_dags/example_sensors.py
[2026-05-03T23:13:41.425+0000] {processor.py:925} INFO - DAG(s) 'example_sensors' retrieved from /home/ec2-user/environment/lab4_model_training/venv/lib64/python3.12/site-packages/airflow/example_dags/example_sensors.py
[2026-05-03T23:13:41.441+0000] {logging_mixin.py:190} INFO - [2026-05-03T23:13:41.441+0000] {dag.py:3239} INFO - Sync 1 DAGs
[2026-05-03T23:13:41.450+0000] {logging_mixin.py:190} INFO - [2026-05-03T23:13:41.450+0000] {dag.py:4180} INFO - Setting next_dagrun for example_sensors to None, run_after=None
[2026-05-03T23:13:41.468+0000] {processor.py:208} INFO - Processing /home/ec2-user/environment/lab4_model_training/venv/lib64/python3.12/site-packages/airflow/example_dags/example_sensors.py took 0.059 seconds
[2026-05-03T23:14:46.696+0000] {processor.py:186} INFO - Started process (PID=63135) to work on /home/ec2-user/environment/lab4_model_training/venv/lib64/python3.12/site-packages/airflow/example_dags/example_sensors.py
[2026-05-03T23:14:46.698+0000] {processor.py:914} INFO - Processing file /home/ec2-user/environment/lab4_model_training/venv/lib64/python3.12/site-packages/airflow/example_dags/example_sensors.py for tasks to queue
[2026-05-03T23:14:46.699+0000] {logging_mixin.py:190} INFO - [2026-05-03T23:14:46.699+0000] {dagbag.py:588} INFO - Filling up the DagBag from /home/ec2-user/environment/lab4_model_training/venv/lib64/python3.12/site-packages/airflow/example_dags/example_sensors.py
[2026-05-03T23:14:46.708+0000] {processor.py:925} INFO - DAG(s) 'example_sensors' retrieved from /home/ec2-user/environment/lab4_model_training/venv/lib64/python3.12/site-packages/airflow/example_dags/example_sensors.py
[2026-05-03T23:14:46.724+0000] {logging_mixin.py:190} INFO - [2026-05-03T23:14:46.724+0000] {dag.py:3239} INFO - Sync 1 DAGs
[2026-05-03T23:14:46.734+0000] {logging_mixin.py:190} INFO - [2026-05-03T23:14:46.733+0000] {dag.py:4180} INFO - Setting next_dagrun for example_sensors to None, run_after=None
[2026-05-03T23:14:46.750+0000] {processor.py:208} INFO - Processing /home/ec2-user/environment/lab4_model_training/venv/lib64/python3.12/site-packages/airflow/example_dags/example_sensors.py took 0.058 seconds
[2026-05-03T23:15:49.128+0000] {processor.py:186} INFO - Started process (PID=63405) to work on /home/ec2-user/environment/lab4_model_training/venv/lib64/python3.12/site-packages/airflow/example_dags/example_sensors.py
[2026-05-03T23:15:49.129+0000] {processor.py:914} INFO - Processing file /home/ec2-user/environment/lab4_model_training/venv/lib64/python3.12/site-packages/airflow/example_dags/example_sensors.py for tasks to queue
[2026-05-03T23:15:49.131+0000] {logging_mixin.py:190} INFO - [2026-05-03T23:15:49.130+0000] {dagbag.py:588} INFO - Filling up the DagBag from /home/ec2-user/environment/lab4_model_training/venv/lib64/python3.12/site-packages/airflow/example_dags/example_sensors.py
[2026-05-03T23:15:49.140+0000] {processor.py:925} INFO - DAG(s) 'example_sensors' retrieved from /home/ec2-user/environment/lab4_model_training/venv/lib64/python3.12/site-packages/airflow/example_dags/example_sensors.py
[2026-05-03T23:15:49.157+0000] {logging_mixin.py:190} INFO - [2026-05-03T23:15:49.157+0000] {dag.py:3239} INFO - Sync 1 DAGs
[2026-05-03T23:15:49.166+0000] {logging_mixin.py:190} INFO - [2026-05-03T23:15:49.166+0000] {dag.py:4180} INFO - Setting next_dagrun for example_sensors to None, run_after=None
[2026-05-03T23:15:49.183+0000] {processor.py:208} INFO - Processing /home/ec2-user/environment/lab4_model_training/venv/lib64/python3.12/site-packages/airflow/example_dags/example_sensors.py took 0.060 seconds
[2026-05-03T23:17:13.748+0000] {processor.py:186} INFO - Started process (PID=63671) to work on /home/ec2-user/environment/lab4_model_training/venv/lib64/python3.12/site-packages/airflow/example_dags/example_sensors.py
[2026-05-03T23:17:13.749+0000] {processor.py:914} INFO - Processing file /home/ec2-user/environment/lab4_model_training/venv/lib64/python3.12/site-packages/airflow/example_dags/example_sensors.py for tasks to queue
[2026-05-03T23:17:13.751+0000] {logging_mixin.py:190} INFO - [2026-05-03T23:17:13.750+0000] {dagbag.py:588} INFO - Filling up the DagBag from /home/ec2-user/environment/lab4_model_training/venv/lib64/python3.12/site-packages/airflow/example_dags/example_sensors.py
[2026-05-03T23:17:13.759+0000] {processor.py:925} INFO - DAG(s) 'example_sensors' retrieved from /home/ec2-user/environment/lab4_model_training/venv/lib64/python3.12/site-packages/airflow/example_dags/example_sensors.py
[2026-05-03T23:17:13.775+0000] {logging_mixin.py:190} INFO - [2026-05-03T23:17:13.775+0000] {dag.py:3239} INFO - Sync 1 DAGs
[2026-05-03T23:17:13.784+0000] {logging_mixin.py:190} INFO - [2026-05-03T23:17:13.784+0000] {dag.py:4180} INFO - Setting next_dagrun for example_sensors to None, run_after=None
[2026-05-03T23:17:13.801+0000] {processor.py:208} INFO - Processing /home/ec2-user/environment/lab4_model_training/venv/lib64/python3.12/site-packages/airflow/example_dags/example_sensors.py took 0.057 seconds
[2026-05-03T23:18:17.967+0000] {processor.py:186} INFO - Started process (PID=63789) to work on /home/ec2-user/environment/lab4_model_training/venv/lib64/python3.12/site-packages/airflow/example_dags/example_sensors.py
[2026-05-03T23:18:17.968+0000] {processor.py:914} INFO - Processing file /home/ec2-user/environment/lab4_model_training/venv/lib64/python3.12/site-packages/airflow/example_dags/example_sensors.py for tasks to queue
[2026-05-03T23:18:17.970+0000] {logging_mixin.py:190} INFO - [2026-05-03T23:18:17.970+0000] {dagbag.py:588} INFO - Filling up the DagBag from /home/ec2-user/environment/lab4_model_training/venv/lib64/python3.12/site-packages/airflow/example_dags/example_sensors.py
[2026-05-03T23:18:17.979+0000] {processor.py:925} INFO - DAG(s) 'example_sensors' retrieved from /home/ec2-user/environment/lab4_model_training/venv/lib64/python3.12/site-packages/airflow/example_dags/example_sensors.py
[2026-05-03T23:18:17.995+0000] {logging_mixin.py:190} INFO - [2026-05-03T23:18:17.995+0000] {dag.py:3239} INFO - Sync 1 DAGs
[2026-05-03T23:18:18.005+0000] {logging_mixin.py:190} INFO - [2026-05-03T23:18:18.005+0000] {dag.py:4180} INFO - Setting next_dagrun for example_sensors to None, run_after=None
[2026-05-03T23:18:18.021+0000] {processor.py:208} INFO - Processing /home/ec2-user/environment/lab4_model_training/venv/lib64/python3.12/site-packages/airflow/example_dags/example_sensors.py took 0.058 seconds
[2026-05-03T23:19:22.424+0000] {processor.py:186} INFO - Started process (PID=63960) to work on /home/ec2-user/environment/lab4_model_training/venv/lib64/python3.12/site-packages/airflow/example_dags/example_sensors.py
[2026-05-03T23:19:22.425+0000] {processor.py:914} INFO - Processing file /home/ec2-user/environment/lab4_model_training/venv/lib64/python3.12/site-packages/airflow/example_dags/example_sensors.py for tasks to queue
[2026-05-03T23:19:22.427+0000] {logging_mixin.py:190} INFO - [2026-05-03T23:19:22.427+0000] {dagbag.py:588} INFO - Filling up the DagBag from /home/ec2-user/environment/lab4_model_training/venv/lib64/python3.12/site-packages/airflow/example_dags/example_sensors.py
[2026-05-03T23:19:22.435+0000] {processor.py:925} INFO - DAG(s) 'example_sensors' retrieved from /home/ec2-user/environment/lab4_model_training/venv/lib64/python3.12/site-packages/airflow/example_dags/example_sensors.py
[2026-05-03T23:19:22.451+0000] {logging_mixin.py:190} INFO - [2026-05-03T23:19:22.451+0000] {dag.py:3239} INFO - Sync 1 DAGs
[2026-05-03T23:19:22.460+0000] {logging_mixin.py:190} INFO - [2026-05-03T23:19:22.460+0000] {dag.py:4180} INFO - Setting next_dagrun for example_sensors to None, run_after=None
[2026-05-03T23:19:22.477+0000] {processor.py:208} INFO - Processing /home/ec2-user/environment/lab4_model_training/venv/lib64/python3.12/site-packages/airflow/example_dags/example_sensors.py took 0.057 seconds
[2026-05-03T23:20:27.296+0000] {processor.py:186} INFO - Started process (PID=64138) to work on /home/ec2-user/environment/lab4_model_training/venv/lib64/python3.12/site-packages/airflow/example_dags/example_sensors.py
[2026-05-03T23:20:27.297+0000] {processor.py:914} INFO - Processing file /home/ec2-user/environment/lab4_model_training/venv/lib64/python3.12/site-packages/airflow/example_dags/example_sensors.py for tasks to queue
[2026-05-03T23:20:27.298+0000] {logging_mixin.py:190} INFO - [2026-05-03T23:20:27.298+0000] {dagbag.py:588} INFO - Filling up the DagBag from /home/ec2-user/environment/lab4_model_training/venv/lib64/python3.12/site-packages/airflow/example_dags/example_sensors.py
[2026-05-03T23:20:27.308+0000] {processor.py:925} INFO - DAG(s) 'example_sensors' retrieved from /home/ec2-user/environment/lab4_model_training/venv/lib64/python3.12/site-packages/airflow/example_dags/example_sensors.py
[2026-05-03T23:20:27.324+0000] {logging_mixin.py:190} INFO - [2026-05-03T23:20:27.324+0000] {dag.py:3239} INFO - Sync 1 DAGs
[2026-05-03T23:20:27.334+0000] {logging_mixin.py:190} INFO - [2026-05-03T23:20:27.334+0000] {dag.py:4180} INFO - Setting next_dagrun for example_sensors to None, run_after=None
[2026-05-03T23:20:27.350+0000] {processor.py:208} INFO - Processing /home/ec2-user/environment/lab4_model_training/venv/lib64/python3.12/site-packages/airflow/example_dags/example_sensors.py took 0.059 seconds
[2026-05-03T23:21:53.972+0000] {processor.py:186} INFO - Started process (PID=64388) to work on /home/ec2-user/environment/lab4_model_training/venv/lib64/python3.12/site-packages/airflow/example_dags/example_sensors.py
[2026-05-03T23:21:53.973+0000] {processor.py:914} INFO - Processing file /home/ec2-user/environment/lab4_model_training/venv/lib64/python3.12/site-packages/airflow/example_dags/example_sensors.py for tasks to queue
[2026-05-03T23:21:53.975+0000] {logging_mixin.py:190} INFO - [2026-05-03T23:21:53.974+0000] {dagbag.py:588} INFO - Filling up the DagBag from /home/ec2-user/environment/lab4_model_training/venv/lib64/python3.12/site-packages/airflow/example_dags/example_sensors.py
[2026-05-03T23:21:53.983+0000] {processor.py:925} INFO - DAG(s) 'example_sensors' retrieved from /home/ec2-user/environment/lab4_model_training/venv/lib64/python3.12/site-packages/airflow/example_dags/example_sensors.py
[2026-05-03T23:21:54.000+0000] {logging_mixin.py:190} INFO - [2026-05-03T23:21:54.000+0000] {dag.py:3239} INFO - Sync 1 DAGs
[2026-05-03T23:21:54.010+0000] {logging_mixin.py:190} INFO - [2026-05-03T23:21:54.010+0000] {dag.py:4180} INFO - Setting next_dagrun for example_sensors to None, run_after=None
[2026-05-03T23:21:54.027+0000] {processor.py:208} INFO - Processing /home/ec2-user/environment/lab4_model_training/venv/lib64/python3.12/site-packages/airflow/example_dags/example_sensors.py took 0.060 seconds
[2026-05-03T23:23:10.048+0000] {processor.py:186} INFO - Started process (PID=64559) to work on /home/ec2-user/environment/lab4_model_training/venv/lib64/python3.12/site-packages/airflow/example_dags/example_sensors.py
[2026-05-03T23:23:10.050+0000] {processor.py:914} INFO - Processing file /home/ec2-user/environment/lab4_model_training/venv/lib64/python3.12/site-packages/airflow/example_dags/example_sensors.py for tasks to queue
[2026-05-03T23:23:10.051+0000] {logging_mixin.py:190} INFO - [2026-05-03T23:23:10.051+0000] {dagbag.py:588} INFO - Filling up the DagBag from /home/ec2-user/environment/lab4_model_training/venv/lib64/python3.12/site-packages/airflow/example_dags/example_sensors.py
[2026-05-03T23:23:10.060+0000] {processor.py:925} INFO - DAG(s) 'example_sensors' retrieved from /home/ec2-user/environment/lab4_model_training/venv/lib64/python3.12/site-packages/airflow/example_dags/example_sensors.py
[2026-05-03T23:23:10.077+0000] {logging_mixin.py:190} INFO - [2026-05-03T23:23:10.076+0000] {dag.py:3239} INFO - Sync 1 DAGs
[2026-05-03T23:23:10.086+0000] {logging_mixin.py:190} INFO - [2026-05-03T23:23:10.086+0000] {dag.py:4180} INFO - Setting next_dagrun for example_sensors to None, run_after=None
[2026-05-03T23:23:10.103+0000] {processor.py:208} INFO - Processing /home/ec2-user/environment/lab4_model_training/venv/lib64/python3.12/site-packages/airflow/example_dags/example_sensors.py took 0.059 seconds
[2026-05-03T23:24:15.164+0000] {processor.py:186} INFO - Started process (PID=64756) to work on /home/ec2-user/environment/lab4_model_training/venv/lib64/python3.12/site-packages/airflow/example_dags/example_sensors.py
[2026-05-03T23:24:15.166+0000] {processor.py:914} INFO - Processing file /home/ec2-user/environment/lab4_model_training/venv/lib64/python3.12/site-packages/airflow/example_dags/example_sensors.py for tasks to queue
[2026-05-03T23:24:15.167+0000] {logging_mixin.py:190} INFO - [2026-05-03T23:24:15.167+0000] {dagbag.py:588} INFO - Filling up the DagBag from /home/ec2-user/environment/lab4_model_training/venv/lib64/python3.12/site-packages/airflow/example_dags/example_sensors.py
[2026-05-03T23:24:15.175+0000] {processor.py:925} INFO - DAG(s) 'example_sensors' retrieved from /home/ec2-user/environment/lab4_model_training/venv/lib64/python3.12/site-packages/airflow/example_dags/example_sensors.py
[2026-05-03T23:24:15.192+0000] {logging_mixin.py:190} INFO - [2026-05-03T23:24:15.191+0000] {dag.py:3239} INFO - Sync 1 DAGs
[2026-05-03T23:24:15.201+0000] {logging_mixin.py:190} INFO - [2026-05-03T23:24:15.201+0000] {dag.py:4180} INFO - Setting next_dagrun for example_sensors to None, run_after=None
[2026-05-03T23:24:15.218+0000] {processor.py:208} INFO - Processing /home/ec2-user/environment/lab4_model_training/venv/lib64/python3.12/site-packages/airflow/example_dags/example_sensors.py took 0.058 seconds
[2026-05-03T23:25:21.123+0000] {processor.py:186} INFO - Started process (PID=64931) to work on /home/ec2-user/environment/lab4_model_training/venv/lib64/python3.12/site-packages/airflow/example_dags/example_sensors.py
[2026-05-03T23:25:21.124+0000] {processor.py:914} INFO - Processing file /home/ec2-user/environment/lab4_model_training/venv/lib64/python3.12/site-packages/airflow/example_dags/example_sensors.py for tasks to queue
[2026-05-03T23:25:21.125+0000] {logging_mixin.py:190} INFO - [2026-05-03T23:25:21.125+0000] {dagbag.py:588} INFO - Filling up the DagBag from /home/ec2-user/environment/lab4_model_training/venv/lib64/python3.12/site-packages/airflow/example_dags/example_sensors.py
[2026-05-03T23:25:21.135+0000] {processor.py:925} INFO - DAG(s) 'example_sensors' retrieved from /home/ec2-user/environment/lab4_model_training/venv/lib64/python3.12/site-packages/airflow/example_dags/example_sensors.py
[2026-05-03T23:25:21.151+0000] {logging_mixin.py:190} INFO - [2026-05-03T23:25:21.151+0000] {dag.py:3239} INFO - Sync 1 DAGs
[2026-05-03T23:25:21.161+0000] {logging_mixin.py:190} INFO - [2026-05-03T23:25:21.161+0000] {dag.py:4180} INFO - Setting next_dagrun for example_sensors to None, run_after=None
[2026-05-03T23:25:21.177+0000] {processor.py:208} INFO - Processing /home/ec2-user/environment/lab4_model_training/venv/lib64/python3.12/site-packages/airflow/example_dags/example_sensors.py took 0.059 seconds
