[2026-05-03T22:49:25.438+0000] {processor.py:186} INFO - Started process (PID=57642) to work on /home/ec2-user/environment/lab4_model_training/venv/lib64/python3.12/site-packages/airflow/example_dags/example_branch_datetime_operator.py
[2026-05-03T22:49:25.439+0000] {processor.py:914} INFO - Processing file /home/ec2-user/environment/lab4_model_training/venv/lib64/python3.12/site-packages/airflow/example_dags/example_branch_datetime_operator.py for tasks to queue
[2026-05-03T22:49:25.441+0000] {logging_mixin.py:190} INFO - [2026-05-03T22:49:25.440+0000] {dagbag.py:588} INFO - Filling up the DagBag from /home/ec2-user/environment/lab4_model_training/venv/lib64/python3.12/site-packages/airflow/example_dags/example_branch_datetime_operator.py
[2026-05-03T22:49:25.453+0000] {processor.py:925} INFO - DAG(s) 'example_branch_datetime_operator_2', 'example_branch_datetime_operator', 'example_branch_datetime_operator_3' retrieved from /home/ec2-user/environment/lab4_model_training/venv/lib64/python3.12/site-packages/airflow/example_dags/example_branch_datetime_operator.py
[2026-05-03T22:49:25.474+0000] {logging_mixin.py:190} INFO - [2026-05-03T22:49:25.474+0000] {dag.py:3239} INFO - Sync 3 DAGs
[2026-05-03T22:49:25.491+0000] {logging_mixin.py:190} INFO - [2026-05-03T22:49:25.490+0000] {dag.py:4180} INFO - Setting next_dagrun for example_branch_datetime_operator to 2026-05-02 00:00:00+00:00, run_after=2026-05-03 00:00:00+00:00
[2026-05-03T22:49:25.494+0000] {logging_mixin.py:190} INFO - [2026-05-03T22:49:25.494+0000] {dag.py:4180} INFO - Setting next_dagrun for example_branch_datetime_operator_2 to 2026-05-02 00:00:00+00:00, run_after=2026-05-03 00:00:00+00:00
[2026-05-03T22:49:25.495+0000] {logging_mixin.py:190} INFO - [2026-05-03T22:49:25.495+0000] {dag.py:4180} INFO - Setting next_dagrun for example_branch_datetime_operator_3 to 2026-05-02 00:00:00+00:00, run_after=2026-05-03 00:00:00+00:00
[2026-05-03T22:49:25.511+0000] {processor.py:208} INFO - Processing /home/ec2-user/environment/lab4_model_training/venv/lib64/python3.12/site-packages/airflow/example_dags/example_branch_datetime_operator.py took 0.077 seconds
[2026-05-03T22:50:31.008+0000] {processor.py:186} INFO - Started process (PID=57815) to work on /home/ec2-user/environment/lab4_model_training/venv/lib64/python3.12/site-packages/airflow/example_dags/example_branch_datetime_operator.py
[2026-05-03T22:50:31.010+0000] {processor.py:914} INFO - Processing file /home/ec2-user/environment/lab4_model_training/venv/lib64/python3.12/site-packages/airflow/example_dags/example_branch_datetime_operator.py for tasks to queue
[2026-05-03T22:50:31.011+0000] {logging_mixin.py:190} INFO - [2026-05-03T22:50:31.011+0000] {dagbag.py:588} INFO - Filling up the DagBag from /home/ec2-user/environment/lab4_model_training/venv/lib64/python3.12/site-packages/airflow/example_dags/example_branch_datetime_operator.py
[2026-05-03T22:50:31.021+0000] {processor.py:925} INFO - DAG(s) 'example_branch_datetime_operator_2', 'example_branch_datetime_operator_3', 'example_branch_datetime_operator' retrieved from /home/ec2-user/environment/lab4_model_training/venv/lib64/python3.12/site-packages/airflow/example_dags/example_branch_datetime_operator.py
[2026-05-03T22:50:31.037+0000] {logging_mixin.py:190} INFO - [2026-05-03T22:50:31.037+0000] {dag.py:3239} INFO - Sync 3 DAGs
[2026-05-03T22:50:31.053+0000] {logging_mixin.py:190} INFO - [2026-05-03T22:50:31.053+0000] {dag.py:4180} INFO - Setting next_dagrun for example_branch_datetime_operator to 2026-05-02 00:00:00+00:00, run_after=2026-05-03 00:00:00+00:00
[2026-05-03T22:50:31.057+0000] {logging_mixin.py:190} INFO - [2026-05-03T22:50:31.057+0000] {dag.py:4180} INFO - Setting next_dagrun for example_branch_datetime_operator_2 to 2026-05-02 00:00:00+00:00, run_after=2026-05-03 00:00:00+00:00
[2026-05-03T22:50:31.059+0000] {logging_mixin.py:190} INFO - [2026-05-03T22:50:31.059+0000] {dag.py:4180} INFO - Setting next_dagrun for example_branch_datetime_operator_3 to 2026-05-02 00:00:00+00:00, run_after=2026-05-03 00:00:00+00:00
[2026-05-03T22:50:31.073+0000] {processor.py:208} INFO - Processing /home/ec2-user/environment/lab4_model_training/venv/lib64/python3.12/site-packages/airflow/example_dags/example_branch_datetime_operator.py took 0.069 seconds
[2026-05-03T22:51:07.598+0000] {processor.py:186} INFO - Started process (PID=57881) to work on /home/ec2-user/environment/lab4_model_training/venv/lib64/python3.12/site-packages/airflow/example_dags/example_branch_datetime_operator.py
[2026-05-03T22:51:07.599+0000] {processor.py:914} INFO - Processing file /home/ec2-user/environment/lab4_model_training/venv/lib64/python3.12/site-packages/airflow/example_dags/example_branch_datetime_operator.py for tasks to queue
[2026-05-03T22:51:07.601+0000] {logging_mixin.py:190} INFO - [2026-05-03T22:51:07.600+0000] {dagbag.py:588} INFO - Filling up the DagBag from /home/ec2-user/environment/lab4_model_training/venv/lib64/python3.12/site-packages/airflow/example_dags/example_branch_datetime_operator.py
[2026-05-03T22:51:07.611+0000] {processor.py:925} INFO - DAG(s) 'example_branch_datetime_operator_3', 'example_branch_datetime_operator', 'example_branch_datetime_operator_2' retrieved from /home/ec2-user/environment/lab4_model_training/venv/lib64/python3.12/site-packages/airflow/example_dags/example_branch_datetime_operator.py
[2026-05-03T22:51:07.627+0000] {logging_mixin.py:190} INFO - [2026-05-03T22:51:07.627+0000] {dag.py:3239} INFO - Sync 3 DAGs
[2026-05-03T22:51:07.644+0000] {logging_mixin.py:190} INFO - [2026-05-03T22:51:07.644+0000] {dag.py:4180} INFO - Setting next_dagrun for example_branch_datetime_operator to 2026-05-02 00:00:00+00:00, run_after=2026-05-03 00:00:00+00:00
[2026-05-03T22:51:07.647+0000] {logging_mixin.py:190} INFO - [2026-05-03T22:51:07.647+0000] {dag.py:4180} INFO - Setting next_dagrun for example_branch_datetime_operator_2 to 2026-05-02 00:00:00+00:00, run_after=2026-05-03 00:00:00+00:00
[2026-05-03T22:51:07.649+0000] {logging_mixin.py:190} INFO - [2026-05-03T22:51:07.648+0000] {dag.py:4180} INFO - Setting next_dagrun for example_branch_datetime_operator_3 to 2026-05-02 00:00:00+00:00, run_after=2026-05-03 00:00:00+00:00
[2026-05-03T22:51:07.664+0000] {processor.py:208} INFO - Processing /home/ec2-user/environment/lab4_model_training/venv/lib64/python3.12/site-packages/airflow/example_dags/example_branch_datetime_operator.py took 0.070 seconds
[2026-05-03T22:52:07.693+0000] {processor.py:186} INFO - Started process (PID=58045) to work on /home/ec2-user/environment/lab4_model_training/venv/lib64/python3.12/site-packages/airflow/example_dags/example_branch_datetime_operator.py
[2026-05-03T22:52:07.694+0000] {processor.py:914} INFO - Processing file /home/ec2-user/environment/lab4_model_training/venv/lib64/python3.12/site-packages/airflow/example_dags/example_branch_datetime_operator.py for tasks to queue
[2026-05-03T22:52:07.695+0000] {logging_mixin.py:190} INFO - [2026-05-03T22:52:07.695+0000] {dagbag.py:588} INFO - Filling up the DagBag from /home/ec2-user/environment/lab4_model_training/venv/lib64/python3.12/site-packages/airflow/example_dags/example_branch_datetime_operator.py
[2026-05-03T22:52:07.705+0000] {processor.py:925} INFO - DAG(s) 'example_branch_datetime_operator_2', 'example_branch_datetime_operator', 'example_branch_datetime_operator_3' retrieved from /home/ec2-user/environment/lab4_model_training/venv/lib64/python3.12/site-packages/airflow/example_dags/example_branch_datetime_operator.py
[2026-05-03T22:52:07.721+0000] {logging_mixin.py:190} INFO - [2026-05-03T22:52:07.721+0000] {dag.py:3239} INFO - Sync 3 DAGs
[2026-05-03T22:52:07.737+0000] {logging_mixin.py:190} INFO - [2026-05-03T22:52:07.737+0000] {dag.py:4180} INFO - Setting next_dagrun for example_branch_datetime_operator to 2026-05-02 00:00:00+00:00, run_after=2026-05-03 00:00:00+00:00
[2026-05-03T22:52:07.741+0000] {logging_mixin.py:190} INFO - [2026-05-03T22:52:07.741+0000] {dag.py:4180} INFO - Setting next_dagrun for example_branch_datetime_operator_2 to 2026-05-02 00:00:00+00:00, run_after=2026-05-03 00:00:00+00:00
[2026-05-03T22:52:07.742+0000] {logging_mixin.py:190} INFO - [2026-05-03T22:52:07.742+0000] {dag.py:4180} INFO - Setting next_dagrun for example_branch_datetime_operator_3 to 2026-05-02 00:00:00+00:00, run_after=2026-05-03 00:00:00+00:00
[2026-05-03T22:52:07.757+0000] {processor.py:208} INFO - Processing /home/ec2-user/environment/lab4_model_training/venv/lib64/python3.12/site-packages/airflow/example_dags/example_branch_datetime_operator.py took 0.069 seconds
[2026-05-03T22:52:42.222+0000] {processor.py:186} INFO - Started process (PID=58126) to work on /home/ec2-user/environment/lab4_model_training/venv/lib64/python3.12/site-packages/airflow/example_dags/example_branch_datetime_operator.py
[2026-05-03T22:52:42.223+0000] {processor.py:914} INFO - Processing file /home/ec2-user/environment/lab4_model_training/venv/lib64/python3.12/site-packages/airflow/example_dags/example_branch_datetime_operator.py for tasks to queue
[2026-05-03T22:52:42.224+0000] {logging_mixin.py:190} INFO - [2026-05-03T22:52:42.224+0000] {dagbag.py:588} INFO - Filling up the DagBag from /home/ec2-user/environment/lab4_model_training/venv/lib64/python3.12/site-packages/airflow/example_dags/example_branch_datetime_operator.py
[2026-05-03T22:52:42.235+0000] {processor.py:925} INFO - DAG(s) 'example_branch_datetime_operator_3', 'example_branch_datetime_operator_2', 'example_branch_datetime_operator' retrieved from /home/ec2-user/environment/lab4_model_training/venv/lib64/python3.12/site-packages/airflow/example_dags/example_branch_datetime_operator.py
[2026-05-03T22:52:42.251+0000] {logging_mixin.py:190} INFO - [2026-05-03T22:52:42.251+0000] {dag.py:3239} INFO - Sync 3 DAGs
[2026-05-03T22:52:42.268+0000] {logging_mixin.py:190} INFO - [2026-05-03T22:52:42.268+0000] {dag.py:4180} INFO - Setting next_dagrun for example_branch_datetime_operator to 2026-05-02 00:00:00+00:00, run_after=2026-05-03 00:00:00+00:00
[2026-05-03T22:52:42.272+0000] {logging_mixin.py:190} INFO - [2026-05-03T22:52:42.272+0000] {dag.py:4180} INFO - Setting next_dagrun for example_branch_datetime_operator_2 to 2026-05-02 00:00:00+00:00, run_after=2026-05-03 00:00:00+00:00
[2026-05-03T22:52:42.273+0000] {logging_mixin.py:190} INFO - [2026-05-03T22:52:42.273+0000] {dag.py:4180} INFO - Setting next_dagrun for example_branch_datetime_operator_3 to 2026-05-02 00:00:00+00:00, run_after=2026-05-03 00:00:00+00:00
[2026-05-03T22:52:42.289+0000] {processor.py:208} INFO - Processing /home/ec2-user/environment/lab4_model_training/venv/lib64/python3.12/site-packages/airflow/example_dags/example_branch_datetime_operator.py took 0.071 seconds
[2026-05-03T22:53:15.985+0000] {processor.py:186} INFO - Started process (PID=58227) to work on /home/ec2-user/environment/lab4_model_training/venv/lib64/python3.12/site-packages/airflow/example_dags/example_branch_datetime_operator.py
[2026-05-03T22:53:15.987+0000] {processor.py:914} INFO - Processing file /home/ec2-user/environment/lab4_model_training/venv/lib64/python3.12/site-packages/airflow/example_dags/example_branch_datetime_operator.py for tasks to queue
[2026-05-03T22:53:15.988+0000] {logging_mixin.py:190} INFO - [2026-05-03T22:53:15.988+0000] {dagbag.py:588} INFO - Filling up the DagBag from /home/ec2-user/environment/lab4_model_training/venv/lib64/python3.12/site-packages/airflow/example_dags/example_branch_datetime_operator.py
[2026-05-03T22:53:15.998+0000] {processor.py:925} INFO - DAG(s) 'example_branch_datetime_operator', 'example_branch_datetime_operator_3', 'example_branch_datetime_operator_2' retrieved from /home/ec2-user/environment/lab4_model_training/venv/lib64/python3.12/site-packages/airflow/example_dags/example_branch_datetime_operator.py
[2026-05-03T22:53:16.014+0000] {logging_mixin.py:190} INFO - [2026-05-03T22:53:16.014+0000] {dag.py:3239} INFO - Sync 3 DAGs
[2026-05-03T22:53:16.030+0000] {logging_mixin.py:190} INFO - [2026-05-03T22:53:16.030+0000] {dag.py:4180} INFO - Setting next_dagrun for example_branch_datetime_operator to 2026-05-02 00:00:00+00:00, run_after=2026-05-03 00:00:00+00:00
[2026-05-03T22:53:16.033+0000] {logging_mixin.py:190} INFO - [2026-05-03T22:53:16.033+0000] {dag.py:4180} INFO - Setting next_dagrun for example_branch_datetime_operator_2 to 2026-05-02 00:00:00+00:00, run_after=2026-05-03 00:00:00+00:00
[2026-05-03T22:53:16.035+0000] {logging_mixin.py:190} INFO - [2026-05-03T22:53:16.035+0000] {dag.py:4180} INFO - Setting next_dagrun for example_branch_datetime_operator_3 to 2026-05-02 00:00:00+00:00, run_after=2026-05-03 00:00:00+00:00
[2026-05-03T22:53:16.049+0000] {processor.py:208} INFO - Processing /home/ec2-user/environment/lab4_model_training/venv/lib64/python3.12/site-packages/airflow/example_dags/example_branch_datetime_operator.py took 0.068 seconds
[2026-05-03T22:54:19.068+0000] {processor.py:186} INFO - Started process (PID=58545) to work on /home/ec2-user/environment/lab4_model_training/venv/lib64/python3.12/site-packages/airflow/example_dags/example_branch_datetime_operator.py
[2026-05-03T22:54:19.069+0000] {processor.py:914} INFO - Processing file /home/ec2-user/environment/lab4_model_training/venv/lib64/python3.12/site-packages/airflow/example_dags/example_branch_datetime_operator.py for tasks to queue
[2026-05-03T22:54:19.071+0000] {logging_mixin.py:190} INFO - [2026-05-03T22:54:19.070+0000] {dagbag.py:588} INFO - Filling up the DagBag from /home/ec2-user/environment/lab4_model_training/venv/lib64/python3.12/site-packages/airflow/example_dags/example_branch_datetime_operator.py
[2026-05-03T22:54:19.081+0000] {processor.py:925} INFO - DAG(s) 'example_branch_datetime_operator', 'example_branch_datetime_operator_2', 'example_branch_datetime_operator_3' retrieved from /home/ec2-user/environment/lab4_model_training/venv/lib64/python3.12/site-packages/airflow/example_dags/example_branch_datetime_operator.py
[2026-05-03T22:54:19.097+0000] {logging_mixin.py:190} INFO - [2026-05-03T22:54:19.097+0000] {dag.py:3239} INFO - Sync 3 DAGs
[2026-05-03T22:54:19.113+0000] {logging_mixin.py:190} INFO - [2026-05-03T22:54:19.113+0000] {dag.py:4180} INFO - Setting next_dagrun for example_branch_datetime_operator to 2026-05-02 00:00:00+00:00, run_after=2026-05-03 00:00:00+00:00
[2026-05-03T22:54:19.116+0000] {logging_mixin.py:190} INFO - [2026-05-03T22:54:19.116+0000] {dag.py:4180} INFO - Setting next_dagrun for example_branch_datetime_operator_2 to 2026-05-02 00:00:00+00:00, run_after=2026-05-03 00:00:00+00:00
[2026-05-03T22:54:19.118+0000] {logging_mixin.py:190} INFO - [2026-05-03T22:54:19.118+0000] {dag.py:4180} INFO - Setting next_dagrun for example_branch_datetime_operator_3 to 2026-05-02 00:00:00+00:00, run_after=2026-05-03 00:00:00+00:00
[2026-05-03T22:54:19.133+0000] {processor.py:208} INFO - Processing /home/ec2-user/environment/lab4_model_training/venv/lib64/python3.12/site-packages/airflow/example_dags/example_branch_datetime_operator.py took 0.070 seconds
[2026-05-03T22:55:23.053+0000] {processor.py:186} INFO - Started process (PID=58667) to work on /home/ec2-user/environment/lab4_model_training/venv/lib64/python3.12/site-packages/airflow/example_dags/example_branch_datetime_operator.py
[2026-05-03T22:55:23.055+0000] {processor.py:914} INFO - Processing file /home/ec2-user/environment/lab4_model_training/venv/lib64/python3.12/site-packages/airflow/example_dags/example_branch_datetime_operator.py for tasks to queue
[2026-05-03T22:55:23.056+0000] {logging_mixin.py:190} INFO - [2026-05-03T22:55:23.056+0000] {dagbag.py:588} INFO - Filling up the DagBag from /home/ec2-user/environment/lab4_model_training/venv/lib64/python3.12/site-packages/airflow/example_dags/example_branch_datetime_operator.py
[2026-05-03T22:55:23.066+0000] {processor.py:925} INFO - DAG(s) 'example_branch_datetime_operator', 'example_branch_datetime_operator_2', 'example_branch_datetime_operator_3' retrieved from /home/ec2-user/environment/lab4_model_training/venv/lib64/python3.12/site-packages/airflow/example_dags/example_branch_datetime_operator.py
[2026-05-03T22:55:23.082+0000] {logging_mixin.py:190} INFO - [2026-05-03T22:55:23.082+0000] {dag.py:3239} INFO - Sync 3 DAGs
[2026-05-03T22:55:23.098+0000] {logging_mixin.py:190} INFO - [2026-05-03T22:55:23.098+0000] {dag.py:4180} INFO - Setting next_dagrun for example_branch_datetime_operator to 2026-05-02 00:00:00+00:00, run_after=2026-05-03 00:00:00+00:00
[2026-05-03T22:55:23.102+0000] {logging_mixin.py:190} INFO - [2026-05-03T22:55:23.102+0000] {dag.py:4180} INFO - Setting next_dagrun for example_branch_datetime_operator_2 to 2026-05-02 00:00:00+00:00, run_after=2026-05-03 00:00:00+00:00
[2026-05-03T22:55:23.103+0000] {logging_mixin.py:190} INFO - [2026-05-03T22:55:23.103+0000] {dag.py:4180} INFO - Setting next_dagrun for example_branch_datetime_operator_3 to 2026-05-02 00:00:00+00:00, run_after=2026-05-03 00:00:00+00:00
[2026-05-03T22:55:23.118+0000] {processor.py:208} INFO - Processing /home/ec2-user/environment/lab4_model_training/venv/lib64/python3.12/site-packages/airflow/example_dags/example_branch_datetime_operator.py took 0.070 seconds
[2026-05-03T22:55:56.701+0000] {processor.py:186} INFO - Started process (PID=58773) to work on /home/ec2-user/environment/lab4_model_training/venv/lib64/python3.12/site-packages/airflow/example_dags/example_branch_datetime_operator.py
[2026-05-03T22:55:56.702+0000] {processor.py:914} INFO - Processing file /home/ec2-user/environment/lab4_model_training/venv/lib64/python3.12/site-packages/airflow/example_dags/example_branch_datetime_operator.py for tasks to queue
[2026-05-03T22:55:56.703+0000] {logging_mixin.py:190} INFO - [2026-05-03T22:55:56.703+0000] {dagbag.py:588} INFO - Filling up the DagBag from /home/ec2-user/environment/lab4_model_training/venv/lib64/python3.12/site-packages/airflow/example_dags/example_branch_datetime_operator.py
[2026-05-03T22:55:56.713+0000] {processor.py:925} INFO - DAG(s) 'example_branch_datetime_operator_2', 'example_branch_datetime_operator_3', 'example_branch_datetime_operator' retrieved from /home/ec2-user/environment/lab4_model_training/venv/lib64/python3.12/site-packages/airflow/example_dags/example_branch_datetime_operator.py
[2026-05-03T22:55:56.729+0000] {logging_mixin.py:190} INFO - [2026-05-03T22:55:56.729+0000] {dag.py:3239} INFO - Sync 3 DAGs
[2026-05-03T22:55:56.745+0000] {logging_mixin.py:190} INFO - [2026-05-03T22:55:56.745+0000] {dag.py:4180} INFO - Setting next_dagrun for example_branch_datetime_operator to 2026-05-02 00:00:00+00:00, run_after=2026-05-03 00:00:00+00:00
[2026-05-03T22:55:56.749+0000] {logging_mixin.py:190} INFO - [2026-05-03T22:55:56.749+0000] {dag.py:4180} INFO - Setting next_dagrun for example_branch_datetime_operator_2 to 2026-05-02 00:00:00+00:00, run_after=2026-05-03 00:00:00+00:00
[2026-05-03T22:55:56.751+0000] {logging_mixin.py:190} INFO - [2026-05-03T22:55:56.750+0000] {dag.py:4180} INFO - Setting next_dagrun for example_branch_datetime_operator_3 to 2026-05-02 00:00:00+00:00, run_after=2026-05-03 00:00:00+00:00
[2026-05-03T22:55:56.765+0000] {processor.py:208} INFO - Processing /home/ec2-user/environment/lab4_model_training/venv/lib64/python3.12/site-packages/airflow/example_dags/example_branch_datetime_operator.py took 0.069 seconds
[2026-05-03T22:56:29.164+0000] {processor.py:186} INFO - Started process (PID=58833) to work on /home/ec2-user/environment/lab4_model_training/venv/lib64/python3.12/site-packages/airflow/example_dags/example_branch_datetime_operator.py
[2026-05-03T22:56:29.165+0000] {processor.py:914} INFO - Processing file /home/ec2-user/environment/lab4_model_training/venv/lib64/python3.12/site-packages/airflow/example_dags/example_branch_datetime_operator.py for tasks to queue
[2026-05-03T22:56:29.166+0000] {logging_mixin.py:190} INFO - [2026-05-03T22:56:29.166+0000] {dagbag.py:588} INFO - Filling up the DagBag from /home/ec2-user/environment/lab4_model_training/venv/lib64/python3.12/site-packages/airflow/example_dags/example_branch_datetime_operator.py
[2026-05-03T22:56:29.176+0000] {processor.py:925} INFO - DAG(s) 'example_branch_datetime_operator', 'example_branch_datetime_operator_2', 'example_branch_datetime_operator_3' retrieved from /home/ec2-user/environment/lab4_model_training/venv/lib64/python3.12/site-packages/airflow/example_dags/example_branch_datetime_operator.py
[2026-05-03T22:56:29.191+0000] {logging_mixin.py:190} INFO - [2026-05-03T22:56:29.191+0000] {dag.py:3239} INFO - Sync 3 DAGs
[2026-05-03T22:56:29.207+0000] {logging_mixin.py:190} INFO - [2026-05-03T22:56:29.207+0000] {dag.py:4180} INFO - Setting next_dagrun for example_branch_datetime_operator to 2026-05-02 00:00:00+00:00, run_after=2026-05-03 00:00:00+00:00
[2026-05-03T22:56:29.210+0000] {logging_mixin.py:190} INFO - [2026-05-03T22:56:29.210+0000] {dag.py:4180} INFO - Setting next_dagrun for example_branch_datetime_operator_2 to 2026-05-02 00:00:00+00:00, run_after=2026-05-03 00:00:00+00:00
[2026-05-03T22:56:29.212+0000] {logging_mixin.py:190} INFO - [2026-05-03T22:56:29.212+0000] {dag.py:4180} INFO - Setting next_dagrun for example_branch_datetime_operator_3 to 2026-05-02 00:00:00+00:00, run_after=2026-05-03 00:00:00+00:00
[2026-05-03T22:56:29.227+0000] {processor.py:208} INFO - Processing /home/ec2-user/environment/lab4_model_training/venv/lib64/python3.12/site-packages/airflow/example_dags/example_branch_datetime_operator.py took 0.067 seconds
[2026-05-03T22:57:02.105+0000] {processor.py:186} INFO - Started process (PID=58907) to work on /home/ec2-user/environment/lab4_model_training/venv/lib64/python3.12/site-packages/airflow/example_dags/example_branch_datetime_operator.py
[2026-05-03T22:57:02.106+0000] {processor.py:914} INFO - Processing file /home/ec2-user/environment/lab4_model_training/venv/lib64/python3.12/site-packages/airflow/example_dags/example_branch_datetime_operator.py for tasks to queue
[2026-05-03T22:57:02.108+0000] {logging_mixin.py:190} INFO - [2026-05-03T22:57:02.108+0000] {dagbag.py:588} INFO - Filling up the DagBag from /home/ec2-user/environment/lab4_model_training/venv/lib64/python3.12/site-packages/airflow/example_dags/example_branch_datetime_operator.py
[2026-05-03T22:57:02.117+0000] {processor.py:925} INFO - DAG(s) 'example_branch_datetime_operator_3', 'example_branch_datetime_operator_2', 'example_branch_datetime_operator' retrieved from /home/ec2-user/environment/lab4_model_training/venv/lib64/python3.12/site-packages/airflow/example_dags/example_branch_datetime_operator.py
[2026-05-03T22:57:02.133+0000] {logging_mixin.py:190} INFO - [2026-05-03T22:57:02.133+0000] {dag.py:3239} INFO - Sync 3 DAGs
[2026-05-03T22:57:02.149+0000] {logging_mixin.py:190} INFO - [2026-05-03T22:57:02.149+0000] {dag.py:4180} INFO - Setting next_dagrun for example_branch_datetime_operator to 2026-05-02 00:00:00+00:00, run_after=2026-05-03 00:00:00+00:00
[2026-05-03T22:57:02.153+0000] {logging_mixin.py:190} INFO - [2026-05-03T22:57:02.152+0000] {dag.py:4180} INFO - Setting next_dagrun for example_branch_datetime_operator_2 to 2026-05-02 00:00:00+00:00, run_after=2026-05-03 00:00:00+00:00
[2026-05-03T22:57:02.154+0000] {logging_mixin.py:190} INFO - [2026-05-03T22:57:02.154+0000] {dag.py:4180} INFO - Setting next_dagrun for example_branch_datetime_operator_3 to 2026-05-02 00:00:00+00:00, run_after=2026-05-03 00:00:00+00:00
[2026-05-03T22:57:02.169+0000] {processor.py:208} INFO - Processing /home/ec2-user/environment/lab4_model_training/venv/lib64/python3.12/site-packages/airflow/example_dags/example_branch_datetime_operator.py took 0.069 seconds
[2026-05-03T22:58:08.691+0000] {processor.py:186} INFO - Started process (PID=59206) to work on /home/ec2-user/environment/lab4_model_training/venv/lib64/python3.12/site-packages/airflow/example_dags/example_branch_datetime_operator.py
[2026-05-03T22:58:08.693+0000] {processor.py:914} INFO - Processing file /home/ec2-user/environment/lab4_model_training/venv/lib64/python3.12/site-packages/airflow/example_dags/example_branch_datetime_operator.py for tasks to queue
[2026-05-03T22:58:08.694+0000] {logging_mixin.py:190} INFO - [2026-05-03T22:58:08.694+0000] {dagbag.py:588} INFO - Filling up the DagBag from /home/ec2-user/environment/lab4_model_training/venv/lib64/python3.12/site-packages/airflow/example_dags/example_branch_datetime_operator.py
[2026-05-03T22:58:08.704+0000] {processor.py:925} INFO - DAG(s) 'example_branch_datetime_operator_3', 'example_branch_datetime_operator_2', 'example_branch_datetime_operator' retrieved from /home/ec2-user/environment/lab4_model_training/venv/lib64/python3.12/site-packages/airflow/example_dags/example_branch_datetime_operator.py
[2026-05-03T22:58:08.720+0000] {logging_mixin.py:190} INFO - [2026-05-03T22:58:08.720+0000] {dag.py:3239} INFO - Sync 3 DAGs
[2026-05-03T22:58:08.737+0000] {logging_mixin.py:190} INFO - [2026-05-03T22:58:08.737+0000] {dag.py:4180} INFO - Setting next_dagrun for example_branch_datetime_operator to 2026-05-02 00:00:00+00:00, run_after=2026-05-03 00:00:00+00:00
[2026-05-03T22:58:08.740+0000] {logging_mixin.py:190} INFO - [2026-05-03T22:58:08.740+0000] {dag.py:4180} INFO - Setting next_dagrun for example_branch_datetime_operator_2 to 2026-05-02 00:00:00+00:00, run_after=2026-05-03 00:00:00+00:00
[2026-05-03T22:58:08.742+0000] {logging_mixin.py:190} INFO - [2026-05-03T22:58:08.742+0000] {dag.py:4180} INFO - Setting next_dagrun for example_branch_datetime_operator_3 to 2026-05-02 00:00:00+00:00, run_after=2026-05-03 00:00:00+00:00
[2026-05-03T22:58:08.758+0000] {processor.py:208} INFO - Processing /home/ec2-user/environment/lab4_model_training/venv/lib64/python3.12/site-packages/airflow/example_dags/example_branch_datetime_operator.py took 0.071 seconds
[2026-05-03T22:59:14.207+0000] {processor.py:186} INFO - Started process (PID=59497) to work on /home/ec2-user/environment/lab4_model_training/venv/lib64/python3.12/site-packages/airflow/example_dags/example_branch_datetime_operator.py
[2026-05-03T22:59:14.208+0000] {processor.py:914} INFO - Processing file /home/ec2-user/environment/lab4_model_training/venv/lib64/python3.12/site-packages/airflow/example_dags/example_branch_datetime_operator.py for tasks to queue
[2026-05-03T22:59:14.210+0000] {logging_mixin.py:190} INFO - [2026-05-03T22:59:14.209+0000] {dagbag.py:588} INFO - Filling up the DagBag from /home/ec2-user/environment/lab4_model_training/venv/lib64/python3.12/site-packages/airflow/example_dags/example_branch_datetime_operator.py
[2026-05-03T22:59:14.220+0000] {processor.py:925} INFO - DAG(s) 'example_branch_datetime_operator', 'example_branch_datetime_operator_2', 'example_branch_datetime_operator_3' retrieved from /home/ec2-user/environment/lab4_model_training/venv/lib64/python3.12/site-packages/airflow/example_dags/example_branch_datetime_operator.py
[2026-05-03T22:59:14.236+0000] {logging_mixin.py:190} INFO - [2026-05-03T22:59:14.236+0000] {dag.py:3239} INFO - Sync 3 DAGs
[2026-05-03T22:59:14.253+0000] {logging_mixin.py:190} INFO - [2026-05-03T22:59:14.253+0000] {dag.py:4180} INFO - Setting next_dagrun for example_branch_datetime_operator to 2026-05-02 00:00:00+00:00, run_after=2026-05-03 00:00:00+00:00
[2026-05-03T22:59:14.256+0000] {logging_mixin.py:190} INFO - [2026-05-03T22:59:14.256+0000] {dag.py:4180} INFO - Setting next_dagrun for example_branch_datetime_operator_2 to 2026-05-02 00:00:00+00:00, run_after=2026-05-03 00:00:00+00:00
[2026-05-03T22:59:14.258+0000] {logging_mixin.py:190} INFO - [2026-05-03T22:59:14.258+0000] {dag.py:4180} INFO - Setting next_dagrun for example_branch_datetime_operator_3 to 2026-05-02 00:00:00+00:00, run_after=2026-05-03 00:00:00+00:00
[2026-05-03T22:59:14.274+0000] {processor.py:208} INFO - Processing /home/ec2-user/environment/lab4_model_training/venv/lib64/python3.12/site-packages/airflow/example_dags/example_branch_datetime_operator.py took 0.071 seconds
[2026-05-03T22:59:48.559+0000] {processor.py:186} INFO - Started process (PID=59683) to work on /home/ec2-user/environment/lab4_model_training/venv/lib64/python3.12/site-packages/airflow/example_dags/example_branch_datetime_operator.py
[2026-05-03T22:59:48.560+0000] {processor.py:914} INFO - Processing file /home/ec2-user/environment/lab4_model_training/venv/lib64/python3.12/site-packages/airflow/example_dags/example_branch_datetime_operator.py for tasks to queue
[2026-05-03T22:59:48.562+0000] {logging_mixin.py:190} INFO - [2026-05-03T22:59:48.561+0000] {dagbag.py:588} INFO - Filling up the DagBag from /home/ec2-user/environment/lab4_model_training/venv/lib64/python3.12/site-packages/airflow/example_dags/example_branch_datetime_operator.py
[2026-05-03T22:59:48.571+0000] {processor.py:925} INFO - DAG(s) 'example_branch_datetime_operator_3', 'example_branch_datetime_operator', 'example_branch_datetime_operator_2' retrieved from /home/ec2-user/environment/lab4_model_training/venv/lib64/python3.12/site-packages/airflow/example_dags/example_branch_datetime_operator.py
[2026-05-03T22:59:48.587+0000] {logging_mixin.py:190} INFO - [2026-05-03T22:59:48.587+0000] {dag.py:3239} INFO - Sync 3 DAGs
[2026-05-03T22:59:48.603+0000] {logging_mixin.py:190} INFO - [2026-05-03T22:59:48.603+0000] {dag.py:4180} INFO - Setting next_dagrun for example_branch_datetime_operator to 2026-05-02 00:00:00+00:00, run_after=2026-05-03 00:00:00+00:00
[2026-05-03T22:59:48.606+0000] {logging_mixin.py:190} INFO - [2026-05-03T22:59:48.606+0000] {dag.py:4180} INFO - Setting next_dagrun for example_branch_datetime_operator_2 to 2026-05-02 00:00:00+00:00, run_after=2026-05-03 00:00:00+00:00
[2026-05-03T22:59:48.608+0000] {logging_mixin.py:190} INFO - [2026-05-03T22:59:48.608+0000] {dag.py:4180} INFO - Setting next_dagrun for example_branch_datetime_operator_3 to 2026-05-02 00:00:00+00:00, run_after=2026-05-03 00:00:00+00:00
[2026-05-03T22:59:48.622+0000] {processor.py:208} INFO - Processing /home/ec2-user/environment/lab4_model_training/venv/lib64/python3.12/site-packages/airflow/example_dags/example_branch_datetime_operator.py took 0.068 seconds
[2026-05-03T23:00:53.097+0000] {processor.py:186} INFO - Started process (PID=59923) to work on /home/ec2-user/environment/lab4_model_training/venv/lib64/python3.12/site-packages/airflow/example_dags/example_branch_datetime_operator.py
[2026-05-03T23:00:53.098+0000] {processor.py:914} INFO - Processing file /home/ec2-user/environment/lab4_model_training/venv/lib64/python3.12/site-packages/airflow/example_dags/example_branch_datetime_operator.py for tasks to queue
[2026-05-03T23:00:53.100+0000] {logging_mixin.py:190} INFO - [2026-05-03T23:00:53.100+0000] {dagbag.py:588} INFO - Filling up the DagBag from /home/ec2-user/environment/lab4_model_training/venv/lib64/python3.12/site-packages/airflow/example_dags/example_branch_datetime_operator.py
[2026-05-03T23:00:53.110+0000] {processor.py:925} INFO - DAG(s) 'example_branch_datetime_operator_3', 'example_branch_datetime_operator', 'example_branch_datetime_operator_2' retrieved from /home/ec2-user/environment/lab4_model_training/venv/lib64/python3.12/site-packages/airflow/example_dags/example_branch_datetime_operator.py
[2026-05-03T23:00:53.125+0000] {logging_mixin.py:190} INFO - [2026-05-03T23:00:53.125+0000] {dag.py:3239} INFO - Sync 3 DAGs
[2026-05-03T23:00:53.141+0000] {logging_mixin.py:190} INFO - [2026-05-03T23:00:53.141+0000] {dag.py:4180} INFO - Setting next_dagrun for example_branch_datetime_operator to 2026-05-02 00:00:00+00:00, run_after=2026-05-03 00:00:00+00:00
[2026-05-03T23:00:53.145+0000] {logging_mixin.py:190} INFO - [2026-05-03T23:00:53.145+0000] {dag.py:4180} INFO - Setting next_dagrun for example_branch_datetime_operator_2 to 2026-05-02 00:00:00+00:00, run_after=2026-05-03 00:00:00+00:00
[2026-05-03T23:00:53.146+0000] {logging_mixin.py:190} INFO - [2026-05-03T23:00:53.146+0000] {dag.py:4180} INFO - Setting next_dagrun for example_branch_datetime_operator_3 to 2026-05-02 00:00:00+00:00, run_after=2026-05-03 00:00:00+00:00
[2026-05-03T23:00:53.161+0000] {processor.py:208} INFO - Processing /home/ec2-user/environment/lab4_model_training/venv/lib64/python3.12/site-packages/airflow/example_dags/example_branch_datetime_operator.py took 0.068 seconds
[2026-05-03T23:01:26.802+0000] {processor.py:186} INFO - Started process (PID=60089) to work on /home/ec2-user/environment/lab4_model_training/venv/lib64/python3.12/site-packages/airflow/example_dags/example_branch_datetime_operator.py
[2026-05-03T23:01:26.802+0000] {processor.py:914} INFO - Processing file /home/ec2-user/environment/lab4_model_training/venv/lib64/python3.12/site-packages/airflow/example_dags/example_branch_datetime_operator.py for tasks to queue
[2026-05-03T23:01:26.803+0000] {logging_mixin.py:190} INFO - [2026-05-03T23:01:26.803+0000] {dagbag.py:588} INFO - Filling up the DagBag from /home/ec2-user/environment/lab4_model_training/venv/lib64/python3.12/site-packages/airflow/example_dags/example_branch_datetime_operator.py
[2026-05-03T23:01:26.813+0000] {processor.py:925} INFO - DAG(s) 'example_branch_datetime_operator_2', 'example_branch_datetime_operator_3', 'example_branch_datetime_operator' retrieved from /home/ec2-user/environment/lab4_model_training/venv/lib64/python3.12/site-packages/airflow/example_dags/example_branch_datetime_operator.py
[2026-05-03T23:01:26.829+0000] {logging_mixin.py:190} INFO - [2026-05-03T23:01:26.829+0000] {dag.py:3239} INFO - Sync 3 DAGs
[2026-05-03T23:01:26.846+0000] {logging_mixin.py:190} INFO - [2026-05-03T23:01:26.846+0000] {dag.py:4180} INFO - Setting next_dagrun for example_branch_datetime_operator to 2026-05-02 00:00:00+00:00, run_after=2026-05-03 00:00:00+00:00
[2026-05-03T23:01:26.850+0000] {logging_mixin.py:190} INFO - [2026-05-03T23:01:26.849+0000] {dag.py:4180} INFO - Setting next_dagrun for example_branch_datetime_operator_2 to 2026-05-02 00:00:00+00:00, run_after=2026-05-03 00:00:00+00:00
[2026-05-03T23:01:26.851+0000] {logging_mixin.py:190} INFO - [2026-05-03T23:01:26.851+0000] {dag.py:4180} INFO - Setting next_dagrun for example_branch_datetime_operator_3 to 2026-05-02 00:00:00+00:00, run_after=2026-05-03 00:00:00+00:00
[2026-05-03T23:01:26.866+0000] {processor.py:208} INFO - Processing /home/ec2-user/environment/lab4_model_training/venv/lib64/python3.12/site-packages/airflow/example_dags/example_branch_datetime_operator.py took 0.068 seconds
[2026-05-03T23:02:00.348+0000] {processor.py:186} INFO - Started process (PID=60278) to work on /home/ec2-user/environment/lab4_model_training/venv/lib64/python3.12/site-packages/airflow/example_dags/example_branch_datetime_operator.py
[2026-05-03T23:02:00.349+0000] {processor.py:914} INFO - Processing file /home/ec2-user/environment/lab4_model_training/venv/lib64/python3.12/site-packages/airflow/example_dags/example_branch_datetime_operator.py for tasks to queue
[2026-05-03T23:02:00.350+0000] {logging_mixin.py:190} INFO - [2026-05-03T23:02:00.350+0000] {dagbag.py:588} INFO - Filling up the DagBag from /home/ec2-user/environment/lab4_model_training/venv/lib64/python3.12/site-packages/airflow/example_dags/example_branch_datetime_operator.py
[2026-05-03T23:02:00.360+0000] {processor.py:925} INFO - DAG(s) 'example_branch_datetime_operator', 'example_branch_datetime_operator_3', 'example_branch_datetime_operator_2' retrieved from /home/ec2-user/environment/lab4_model_training/venv/lib64/python3.12/site-packages/airflow/example_dags/example_branch_datetime_operator.py
[2026-05-03T23:02:00.376+0000] {logging_mixin.py:190} INFO - [2026-05-03T23:02:00.376+0000] {dag.py:3239} INFO - Sync 3 DAGs
[2026-05-03T23:02:00.392+0000] {logging_mixin.py:190} INFO - [2026-05-03T23:02:00.392+0000] {dag.py:4180} INFO - Setting next_dagrun for example_branch_datetime_operator to 2026-05-02 00:00:00+00:00, run_after=2026-05-03 00:00:00+00:00
[2026-05-03T23:02:00.395+0000] {logging_mixin.py:190} INFO - [2026-05-03T23:02:00.395+0000] {dag.py:4180} INFO - Setting next_dagrun for example_branch_datetime_operator_2 to 2026-05-02 00:00:00+00:00, run_after=2026-05-03 00:00:00+00:00
[2026-05-03T23:02:00.397+0000] {logging_mixin.py:190} INFO - [2026-05-03T23:02:00.397+0000] {dag.py:4180} INFO - Setting next_dagrun for example_branch_datetime_operator_3 to 2026-05-02 00:00:00+00:00, run_after=2026-05-03 00:00:00+00:00
[2026-05-03T23:02:00.412+0000] {processor.py:208} INFO - Processing /home/ec2-user/environment/lab4_model_training/venv/lib64/python3.12/site-packages/airflow/example_dags/example_branch_datetime_operator.py took 0.069 seconds
[2026-05-03T23:03:00.888+0000] {processor.py:186} INFO - Started process (PID=60541) to work on /home/ec2-user/environment/lab4_model_training/venv/lib64/python3.12/site-packages/airflow/example_dags/example_branch_datetime_operator.py
[2026-05-03T23:03:00.889+0000] {processor.py:914} INFO - Processing file /home/ec2-user/environment/lab4_model_training/venv/lib64/python3.12/site-packages/airflow/example_dags/example_branch_datetime_operator.py for tasks to queue
[2026-05-03T23:03:00.891+0000] {logging_mixin.py:190} INFO - [2026-05-03T23:03:00.890+0000] {dagbag.py:588} INFO - Filling up the DagBag from /home/ec2-user/environment/lab4_model_training/venv/lib64/python3.12/site-packages/airflow/example_dags/example_branch_datetime_operator.py
[2026-05-03T23:03:00.901+0000] {processor.py:925} INFO - DAG(s) 'example_branch_datetime_operator_2', 'example_branch_datetime_operator_3', 'example_branch_datetime_operator' retrieved from /home/ec2-user/environment/lab4_model_training/venv/lib64/python3.12/site-packages/airflow/example_dags/example_branch_datetime_operator.py
[2026-05-03T23:03:00.917+0000] {logging_mixin.py:190} INFO - [2026-05-03T23:03:00.917+0000] {dag.py:3239} INFO - Sync 3 DAGs
[2026-05-03T23:03:00.934+0000] {logging_mixin.py:190} INFO - [2026-05-03T23:03:00.933+0000] {dag.py:4180} INFO - Setting next_dagrun for example_branch_datetime_operator to 2026-05-02 00:00:00+00:00, run_after=2026-05-03 00:00:00+00:00
[2026-05-03T23:03:00.937+0000] {logging_mixin.py:190} INFO - [2026-05-03T23:03:00.937+0000] {dag.py:4180} INFO - Setting next_dagrun for example_branch_datetime_operator_2 to 2026-05-02 00:00:00+00:00, run_after=2026-05-03 00:00:00+00:00
[2026-05-03T23:03:00.939+0000] {logging_mixin.py:190} INFO - [2026-05-03T23:03:00.939+0000] {dag.py:4180} INFO - Setting next_dagrun for example_branch_datetime_operator_3 to 2026-05-02 00:00:00+00:00, run_after=2026-05-03 00:00:00+00:00
[2026-05-03T23:03:00.954+0000] {processor.py:208} INFO - Processing /home/ec2-user/environment/lab4_model_training/venv/lib64/python3.12/site-packages/airflow/example_dags/example_branch_datetime_operator.py took 0.070 seconds
[2026-05-03T23:04:01.435+0000] {processor.py:186} INFO - Started process (PID=60859) to work on /home/ec2-user/environment/lab4_model_training/venv/lib64/python3.12/site-packages/airflow/example_dags/example_branch_datetime_operator.py
[2026-05-03T23:04:01.437+0000] {processor.py:914} INFO - Processing file /home/ec2-user/environment/lab4_model_training/venv/lib64/python3.12/site-packages/airflow/example_dags/example_branch_datetime_operator.py for tasks to queue
[2026-05-03T23:04:01.438+0000] {logging_mixin.py:190} INFO - [2026-05-03T23:04:01.438+0000] {dagbag.py:588} INFO - Filling up the DagBag from /home/ec2-user/environment/lab4_model_training/venv/lib64/python3.12/site-packages/airflow/example_dags/example_branch_datetime_operator.py
[2026-05-03T23:04:01.448+0000] {processor.py:925} INFO - DAG(s) 'example_branch_datetime_operator_3', 'example_branch_datetime_operator', 'example_branch_datetime_operator_2' retrieved from /home/ec2-user/environment/lab4_model_training/venv/lib64/python3.12/site-packages/airflow/example_dags/example_branch_datetime_operator.py
[2026-05-03T23:04:01.464+0000] {logging_mixin.py:190} INFO - [2026-05-03T23:04:01.464+0000] {dag.py:3239} INFO - Sync 3 DAGs
[2026-05-03T23:04:01.481+0000] {logging_mixin.py:190} INFO - [2026-05-03T23:04:01.480+0000] {dag.py:4180} INFO - Setting next_dagrun for example_branch_datetime_operator to 2026-05-02 00:00:00+00:00, run_after=2026-05-03 00:00:00+00:00
[2026-05-03T23:04:01.484+0000] {logging_mixin.py:190} INFO - [2026-05-03T23:04:01.484+0000] {dag.py:4180} INFO - Setting next_dagrun for example_branch_datetime_operator_2 to 2026-05-02 00:00:00+00:00, run_after=2026-05-03 00:00:00+00:00
[2026-05-03T23:04:01.485+0000] {logging_mixin.py:190} INFO - [2026-05-03T23:04:01.485+0000] {dag.py:4180} INFO - Setting next_dagrun for example_branch_datetime_operator_3 to 2026-05-02 00:00:00+00:00, run_after=2026-05-03 00:00:00+00:00
[2026-05-03T23:04:01.500+0000] {processor.py:208} INFO - Processing /home/ec2-user/environment/lab4_model_training/venv/lib64/python3.12/site-packages/airflow/example_dags/example_branch_datetime_operator.py took 0.070 seconds
[2026-05-03T23:04:36.721+0000] {processor.py:186} INFO - Started process (PID=60992) to work on /home/ec2-user/environment/lab4_model_training/venv/lib64/python3.12/site-packages/airflow/example_dags/example_branch_datetime_operator.py
[2026-05-03T23:04:36.722+0000] {processor.py:914} INFO - Processing file /home/ec2-user/environment/lab4_model_training/venv/lib64/python3.12/site-packages/airflow/example_dags/example_branch_datetime_operator.py for tasks to queue
[2026-05-03T23:04:36.723+0000] {logging_mixin.py:190} INFO - [2026-05-03T23:04:36.723+0000] {dagbag.py:588} INFO - Filling up the DagBag from /home/ec2-user/environment/lab4_model_training/venv/lib64/python3.12/site-packages/airflow/example_dags/example_branch_datetime_operator.py
[2026-05-03T23:04:36.733+0000] {processor.py:925} INFO - DAG(s) 'example_branch_datetime_operator_2', 'example_branch_datetime_operator_3', 'example_branch_datetime_operator' retrieved from /home/ec2-user/environment/lab4_model_training/venv/lib64/python3.12/site-packages/airflow/example_dags/example_branch_datetime_operator.py
[2026-05-03T23:04:36.748+0000] {logging_mixin.py:190} INFO - [2026-05-03T23:04:36.748+0000] {dag.py:3239} INFO - Sync 3 DAGs
[2026-05-03T23:04:36.765+0000] {logging_mixin.py:190} INFO - [2026-05-03T23:04:36.765+0000] {dag.py:4180} INFO - Setting next_dagrun for example_branch_datetime_operator to 2026-05-02 00:00:00+00:00, run_after=2026-05-03 00:00:00+00:00
[2026-05-03T23:04:36.768+0000] {logging_mixin.py:190} INFO - [2026-05-03T23:04:36.768+0000] {dag.py:4180} INFO - Setting next_dagrun for example_branch_datetime_operator_2 to 2026-05-02 00:00:00+00:00, run_after=2026-05-03 00:00:00+00:00
[2026-05-03T23:04:36.770+0000] {logging_mixin.py:190} INFO - [2026-05-03T23:04:36.770+0000] {dag.py:4180} INFO - Setting next_dagrun for example_branch_datetime_operator_3 to 2026-05-02 00:00:00+00:00, run_after=2026-05-03 00:00:00+00:00
[2026-05-03T23:04:36.784+0000] {processor.py:208} INFO - Processing /home/ec2-user/environment/lab4_model_training/venv/lib64/python3.12/site-packages/airflow/example_dags/example_branch_datetime_operator.py took 0.069 seconds
[2026-05-03T23:05:10.445+0000] {processor.py:186} INFO - Started process (PID=61122) to work on /home/ec2-user/environment/lab4_model_training/venv/lib64/python3.12/site-packages/airflow/example_dags/example_branch_datetime_operator.py
[2026-05-03T23:05:10.446+0000] {processor.py:914} INFO - Processing file /home/ec2-user/environment/lab4_model_training/venv/lib64/python3.12/site-packages/airflow/example_dags/example_branch_datetime_operator.py for tasks to queue
[2026-05-03T23:05:10.448+0000] {logging_mixin.py:190} INFO - [2026-05-03T23:05:10.448+0000] {dagbag.py:588} INFO - Filling up the DagBag from /home/ec2-user/environment/lab4_model_training/venv/lib64/python3.12/site-packages/airflow/example_dags/example_branch_datetime_operator.py
[2026-05-03T23:05:10.457+0000] {processor.py:925} INFO - DAG(s) 'example_branch_datetime_operator_3', 'example_branch_datetime_operator_2', 'example_branch_datetime_operator' retrieved from /home/ec2-user/environment/lab4_model_training/venv/lib64/python3.12/site-packages/airflow/example_dags/example_branch_datetime_operator.py
[2026-05-03T23:05:10.473+0000] {logging_mixin.py:190} INFO - [2026-05-03T23:05:10.473+0000] {dag.py:3239} INFO - Sync 3 DAGs
[2026-05-03T23:05:10.489+0000] {logging_mixin.py:190} INFO - [2026-05-03T23:05:10.489+0000] {dag.py:4180} INFO - Setting next_dagrun for example_branch_datetime_operator to 2026-05-02 00:00:00+00:00, run_after=2026-05-03 00:00:00+00:00
[2026-05-03T23:05:10.492+0000] {logging_mixin.py:190} INFO - [2026-05-03T23:05:10.492+0000] {dag.py:4180} INFO - Setting next_dagrun for example_branch_datetime_operator_2 to 2026-05-02 00:00:00+00:00, run_after=2026-05-03 00:00:00+00:00
[2026-05-03T23:05:10.494+0000] {logging_mixin.py:190} INFO - [2026-05-03T23:05:10.494+0000] {dag.py:4180} INFO - Setting next_dagrun for example_branch_datetime_operator_3 to 2026-05-02 00:00:00+00:00, run_after=2026-05-03 00:00:00+00:00
[2026-05-03T23:05:10.508+0000] {processor.py:208} INFO - Processing /home/ec2-user/environment/lab4_model_training/venv/lib64/python3.12/site-packages/airflow/example_dags/example_branch_datetime_operator.py took 0.067 seconds
[2026-05-03T23:06:11.699+0000] {processor.py:186} INFO - Started process (PID=61401) to work on /home/ec2-user/environment/lab4_model_training/venv/lib64/python3.12/site-packages/airflow/example_dags/example_branch_datetime_operator.py
[2026-05-03T23:06:11.700+0000] {processor.py:914} INFO - Processing file /home/ec2-user/environment/lab4_model_training/venv/lib64/python3.12/site-packages/airflow/example_dags/example_branch_datetime_operator.py for tasks to queue
[2026-05-03T23:06:11.701+0000] {logging_mixin.py:190} INFO - [2026-05-03T23:06:11.701+0000] {dagbag.py:588} INFO - Filling up the DagBag from /home/ec2-user/environment/lab4_model_training/venv/lib64/python3.12/site-packages/airflow/example_dags/example_branch_datetime_operator.py
[2026-05-03T23:06:11.711+0000] {processor.py:925} INFO - DAG(s) 'example_branch_datetime_operator', 'example_branch_datetime_operator_2', 'example_branch_datetime_operator_3' retrieved from /home/ec2-user/environment/lab4_model_training/venv/lib64/python3.12/site-packages/airflow/example_dags/example_branch_datetime_operator.py
[2026-05-03T23:06:11.727+0000] {logging_mixin.py:190} INFO - [2026-05-03T23:06:11.727+0000] {dag.py:3239} INFO - Sync 3 DAGs
[2026-05-03T23:06:11.743+0000] {logging_mixin.py:190} INFO - [2026-05-03T23:06:11.743+0000] {dag.py:4180} INFO - Setting next_dagrun for example_branch_datetime_operator to 2026-05-02 00:00:00+00:00, run_after=2026-05-03 00:00:00+00:00
[2026-05-03T23:06:11.746+0000] {logging_mixin.py:190} INFO - [2026-05-03T23:06:11.746+0000] {dag.py:4180} INFO - Setting next_dagrun for example_branch_datetime_operator_2 to 2026-05-02 00:00:00+00:00, run_after=2026-05-03 00:00:00+00:00
[2026-05-03T23:06:11.747+0000] {logging_mixin.py:190} INFO - [2026-05-03T23:06:11.747+0000] {dag.py:4180} INFO - Setting next_dagrun for example_branch_datetime_operator_3 to 2026-05-02 00:00:00+00:00, run_after=2026-05-03 00:00:00+00:00
[2026-05-03T23:06:11.762+0000] {processor.py:208} INFO - Processing /home/ec2-user/environment/lab4_model_training/venv/lib64/python3.12/site-packages/airflow/example_dags/example_branch_datetime_operator.py took 0.068 seconds
[2026-05-03T23:07:14.916+0000] {processor.py:186} INFO - Started process (PID=61627) to work on /home/ec2-user/environment/lab4_model_training/venv/lib64/python3.12/site-packages/airflow/example_dags/example_branch_datetime_operator.py
[2026-05-03T23:07:14.917+0000] {processor.py:914} INFO - Processing file /home/ec2-user/environment/lab4_model_training/venv/lib64/python3.12/site-packages/airflow/example_dags/example_branch_datetime_operator.py for tasks to queue
[2026-05-03T23:07:14.918+0000] {logging_mixin.py:190} INFO - [2026-05-03T23:07:14.918+0000] {dagbag.py:588} INFO - Filling up the DagBag from /home/ec2-user/environment/lab4_model_training/venv/lib64/python3.12/site-packages/airflow/example_dags/example_branch_datetime_operator.py
[2026-05-03T23:07:14.928+0000] {processor.py:925} INFO - DAG(s) 'example_branch_datetime_operator_3', 'example_branch_datetime_operator', 'example_branch_datetime_operator_2' retrieved from /home/ec2-user/environment/lab4_model_training/venv/lib64/python3.12/site-packages/airflow/example_dags/example_branch_datetime_operator.py
[2026-05-03T23:07:14.944+0000] {logging_mixin.py:190} INFO - [2026-05-03T23:07:14.944+0000] {dag.py:3239} INFO - Sync 3 DAGs
[2026-05-03T23:07:14.960+0000] {logging_mixin.py:190} INFO - [2026-05-03T23:07:14.960+0000] {dag.py:4180} INFO - Setting next_dagrun for example_branch_datetime_operator to 2026-05-02 00:00:00+00:00, run_after=2026-05-03 00:00:00+00:00
[2026-05-03T23:07:14.963+0000] {logging_mixin.py:190} INFO - [2026-05-03T23:07:14.963+0000] {dag.py:4180} INFO - Setting next_dagrun for example_branch_datetime_operator_2 to 2026-05-02 00:00:00+00:00, run_after=2026-05-03 00:00:00+00:00
[2026-05-03T23:07:14.965+0000] {logging_mixin.py:190} INFO - [2026-05-03T23:07:14.965+0000] {dag.py:4180} INFO - Setting next_dagrun for example_branch_datetime_operator_3 to 2026-05-02 00:00:00+00:00, run_after=2026-05-03 00:00:00+00:00
[2026-05-03T23:07:14.979+0000] {processor.py:208} INFO - Processing /home/ec2-user/environment/lab4_model_training/venv/lib64/python3.12/site-packages/airflow/example_dags/example_branch_datetime_operator.py took 0.068 seconds
[2026-05-03T23:07:48.446+0000] {processor.py:186} INFO - Started process (PID=61833) to work on /home/ec2-user/environment/lab4_model_training/venv/lib64/python3.12/site-packages/airflow/example_dags/example_branch_datetime_operator.py
[2026-05-03T23:07:48.447+0000] {processor.py:914} INFO - Processing file /home/ec2-user/environment/lab4_model_training/venv/lib64/python3.12/site-packages/airflow/example_dags/example_branch_datetime_operator.py for tasks to queue
[2026-05-03T23:07:48.449+0000] {logging_mixin.py:190} INFO - [2026-05-03T23:07:48.448+0000] {dagbag.py:588} INFO - Filling up the DagBag from /home/ec2-user/environment/lab4_model_training/venv/lib64/python3.12/site-packages/airflow/example_dags/example_branch_datetime_operator.py
[2026-05-03T23:07:48.458+0000] {processor.py:925} INFO - DAG(s) 'example_branch_datetime_operator', 'example_branch_datetime_operator_3', 'example_branch_datetime_operator_2' retrieved from /home/ec2-user/environment/lab4_model_training/venv/lib64/python3.12/site-packages/airflow/example_dags/example_branch_datetime_operator.py
[2026-05-03T23:07:48.474+0000] {logging_mixin.py:190} INFO - [2026-05-03T23:07:48.474+0000] {dag.py:3239} INFO - Sync 3 DAGs
[2026-05-03T23:07:48.491+0000] {logging_mixin.py:190} INFO - [2026-05-03T23:07:48.491+0000] {dag.py:4180} INFO - Setting next_dagrun for example_branch_datetime_operator to 2026-05-02 00:00:00+00:00, run_after=2026-05-03 00:00:00+00:00
[2026-05-03T23:07:48.494+0000] {logging_mixin.py:190} INFO - [2026-05-03T23:07:48.494+0000] {dag.py:4180} INFO - Setting next_dagrun for example_branch_datetime_operator_2 to 2026-05-02 00:00:00+00:00, run_after=2026-05-03 00:00:00+00:00
[2026-05-03T23:07:48.496+0000] {logging_mixin.py:190} INFO - [2026-05-03T23:07:48.496+0000] {dag.py:4180} INFO - Setting next_dagrun for example_branch_datetime_operator_3 to 2026-05-02 00:00:00+00:00, run_after=2026-05-03 00:00:00+00:00
[2026-05-03T23:07:48.511+0000] {processor.py:208} INFO - Processing /home/ec2-user/environment/lab4_model_training/venv/lib64/python3.12/site-packages/airflow/example_dags/example_branch_datetime_operator.py took 0.069 seconds
[2026-05-03T23:08:51.736+0000] {processor.py:186} INFO - Started process (PID=62025) to work on /home/ec2-user/environment/lab4_model_training/venv/lib64/python3.12/site-packages/airflow/example_dags/example_branch_datetime_operator.py
[2026-05-03T23:08:51.737+0000] {processor.py:914} INFO - Processing file /home/ec2-user/environment/lab4_model_training/venv/lib64/python3.12/site-packages/airflow/example_dags/example_branch_datetime_operator.py for tasks to queue
[2026-05-03T23:08:51.738+0000] {logging_mixin.py:190} INFO - [2026-05-03T23:08:51.738+0000] {dagbag.py:588} INFO - Filling up the DagBag from /home/ec2-user/environment/lab4_model_training/venv/lib64/python3.12/site-packages/airflow/example_dags/example_branch_datetime_operator.py
[2026-05-03T23:08:51.747+0000] {processor.py:925} INFO - DAG(s) 'example_branch_datetime_operator_3', 'example_branch_datetime_operator', 'example_branch_datetime_operator_2' retrieved from /home/ec2-user/environment/lab4_model_training/venv/lib64/python3.12/site-packages/airflow/example_dags/example_branch_datetime_operator.py
[2026-05-03T23:08:51.763+0000] {logging_mixin.py:190} INFO - [2026-05-03T23:08:51.763+0000] {dag.py:3239} INFO - Sync 3 DAGs
[2026-05-03T23:08:51.779+0000] {logging_mixin.py:190} INFO - [2026-05-03T23:08:51.779+0000] {dag.py:4180} INFO - Setting next_dagrun for example_branch_datetime_operator to 2026-05-02 00:00:00+00:00, run_after=2026-05-03 00:00:00+00:00
[2026-05-03T23:08:51.783+0000] {logging_mixin.py:190} INFO - [2026-05-03T23:08:51.782+0000] {dag.py:4180} INFO - Setting next_dagrun for example_branch_datetime_operator_2 to 2026-05-02 00:00:00+00:00, run_after=2026-05-03 00:00:00+00:00
[2026-05-03T23:08:51.784+0000] {logging_mixin.py:190} INFO - [2026-05-03T23:08:51.784+0000] {dag.py:4180} INFO - Setting next_dagrun for example_branch_datetime_operator_3 to 2026-05-02 00:00:00+00:00, run_after=2026-05-03 00:00:00+00:00
[2026-05-03T23:08:51.798+0000] {processor.py:208} INFO - Processing /home/ec2-user/environment/lab4_model_training/venv/lib64/python3.12/site-packages/airflow/example_dags/example_branch_datetime_operator.py took 0.067 seconds
[2026-05-03T23:09:25.030+0000] {processor.py:186} INFO - Started process (PID=62214) to work on /home/ec2-user/environment/lab4_model_training/venv/lib64/python3.12/site-packages/airflow/example_dags/example_branch_datetime_operator.py
[2026-05-03T23:09:25.031+0000] {processor.py:914} INFO - Processing file /home/ec2-user/environment/lab4_model_training/venv/lib64/python3.12/site-packages/airflow/example_dags/example_branch_datetime_operator.py for tasks to queue
[2026-05-03T23:09:25.032+0000] {logging_mixin.py:190} INFO - [2026-05-03T23:09:25.032+0000] {dagbag.py:588} INFO - Filling up the DagBag from /home/ec2-user/environment/lab4_model_training/venv/lib64/python3.12/site-packages/airflow/example_dags/example_branch_datetime_operator.py
[2026-05-03T23:09:25.042+0000] {processor.py:925} INFO - DAG(s) 'example_branch_datetime_operator', 'example_branch_datetime_operator_2', 'example_branch_datetime_operator_3' retrieved from /home/ec2-user/environment/lab4_model_training/venv/lib64/python3.12/site-packages/airflow/example_dags/example_branch_datetime_operator.py
[2026-05-03T23:09:25.059+0000] {logging_mixin.py:190} INFO - [2026-05-03T23:09:25.058+0000] {dag.py:3239} INFO - Sync 3 DAGs
[2026-05-03T23:09:25.075+0000] {logging_mixin.py:190} INFO - [2026-05-03T23:09:25.075+0000] {dag.py:4180} INFO - Setting next_dagrun for example_branch_datetime_operator to 2026-05-02 00:00:00+00:00, run_after=2026-05-03 00:00:00+00:00
[2026-05-03T23:09:25.078+0000] {logging_mixin.py:190} INFO - [2026-05-03T23:09:25.078+0000] {dag.py:4180} INFO - Setting next_dagrun for example_branch_datetime_operator_2 to 2026-05-02 00:00:00+00:00, run_after=2026-05-03 00:00:00+00:00
[2026-05-03T23:09:25.080+0000] {logging_mixin.py:190} INFO - [2026-05-03T23:09:25.080+0000] {dag.py:4180} INFO - Setting next_dagrun for example_branch_datetime_operator_3 to 2026-05-02 00:00:00+00:00, run_after=2026-05-03 00:00:00+00:00
[2026-05-03T23:09:25.095+0000] {processor.py:208} INFO - Processing /home/ec2-user/environment/lab4_model_training/venv/lib64/python3.12/site-packages/airflow/example_dags/example_branch_datetime_operator.py took 0.069 seconds
[2026-05-03T23:10:29.117+0000] {processor.py:186} INFO - Started process (PID=62420) to work on /home/ec2-user/environment/lab4_model_training/venv/lib64/python3.12/site-packages/airflow/example_dags/example_branch_datetime_operator.py
[2026-05-03T23:10:29.118+0000] {processor.py:914} INFO - Processing file /home/ec2-user/environment/lab4_model_training/venv/lib64/python3.12/site-packages/airflow/example_dags/example_branch_datetime_operator.py for tasks to queue
[2026-05-03T23:10:29.120+0000] {logging_mixin.py:190} INFO - [2026-05-03T23:10:29.119+0000] {dagbag.py:588} INFO - Filling up the DagBag from /home/ec2-user/environment/lab4_model_training/venv/lib64/python3.12/site-packages/airflow/example_dags/example_branch_datetime_operator.py
[2026-05-03T23:10:29.129+0000] {processor.py:925} INFO - DAG(s) 'example_branch_datetime_operator_3', 'example_branch_datetime_operator_2', 'example_branch_datetime_operator' retrieved from /home/ec2-user/environment/lab4_model_training/venv/lib64/python3.12/site-packages/airflow/example_dags/example_branch_datetime_operator.py
[2026-05-03T23:10:29.145+0000] {logging_mixin.py:190} INFO - [2026-05-03T23:10:29.145+0000] {dag.py:3239} INFO - Sync 3 DAGs
[2026-05-03T23:10:29.162+0000] {logging_mixin.py:190} INFO - [2026-05-03T23:10:29.161+0000] {dag.py:4180} INFO - Setting next_dagrun for example_branch_datetime_operator to 2026-05-02 00:00:00+00:00, run_after=2026-05-03 00:00:00+00:00
[2026-05-03T23:10:29.165+0000] {logging_mixin.py:190} INFO - [2026-05-03T23:10:29.165+0000] {dag.py:4180} INFO - Setting next_dagrun for example_branch_datetime_operator_2 to 2026-05-02 00:00:00+00:00, run_after=2026-05-03 00:00:00+00:00
[2026-05-03T23:10:29.166+0000] {logging_mixin.py:190} INFO - [2026-05-03T23:10:29.166+0000] {dag.py:4180} INFO - Setting next_dagrun for example_branch_datetime_operator_3 to 2026-05-02 00:00:00+00:00, run_after=2026-05-03 00:00:00+00:00
[2026-05-03T23:10:29.181+0000] {processor.py:208} INFO - Processing /home/ec2-user/environment/lab4_model_training/venv/lib64/python3.12/site-packages/airflow/example_dags/example_branch_datetime_operator.py took 0.069 seconds
[2026-05-03T23:11:02.971+0000] {processor.py:186} INFO - Started process (PID=62519) to work on /home/ec2-user/environment/lab4_model_training/venv/lib64/python3.12/site-packages/airflow/example_dags/example_branch_datetime_operator.py
[2026-05-03T23:11:02.972+0000] {processor.py:914} INFO - Processing file /home/ec2-user/environment/lab4_model_training/venv/lib64/python3.12/site-packages/airflow/example_dags/example_branch_datetime_operator.py for tasks to queue
[2026-05-03T23:11:02.974+0000] {logging_mixin.py:190} INFO - [2026-05-03T23:11:02.973+0000] {dagbag.py:588} INFO - Filling up the DagBag from /home/ec2-user/environment/lab4_model_training/venv/lib64/python3.12/site-packages/airflow/example_dags/example_branch_datetime_operator.py
[2026-05-03T23:11:02.983+0000] {processor.py:925} INFO - DAG(s) 'example_branch_datetime_operator_2', 'example_branch_datetime_operator', 'example_branch_datetime_operator_3' retrieved from /home/ec2-user/environment/lab4_model_training/venv/lib64/python3.12/site-packages/airflow/example_dags/example_branch_datetime_operator.py
[2026-05-03T23:11:02.999+0000] {logging_mixin.py:190} INFO - [2026-05-03T23:11:02.999+0000] {dag.py:3239} INFO - Sync 3 DAGs
[2026-05-03T23:11:03.015+0000] {logging_mixin.py:190} INFO - [2026-05-03T23:11:03.015+0000] {dag.py:4180} INFO - Setting next_dagrun for example_branch_datetime_operator to 2026-05-02 00:00:00+00:00, run_after=2026-05-03 00:00:00+00:00
[2026-05-03T23:11:03.019+0000] {logging_mixin.py:190} INFO - [2026-05-03T23:11:03.018+0000] {dag.py:4180} INFO - Setting next_dagrun for example_branch_datetime_operator_2 to 2026-05-02 00:00:00+00:00, run_after=2026-05-03 00:00:00+00:00
[2026-05-03T23:11:03.020+0000] {logging_mixin.py:190} INFO - [2026-05-03T23:11:03.020+0000] {dag.py:4180} INFO - Setting next_dagrun for example_branch_datetime_operator_3 to 2026-05-02 00:00:00+00:00, run_after=2026-05-03 00:00:00+00:00
[2026-05-03T23:11:03.035+0000] {processor.py:208} INFO - Processing /home/ec2-user/environment/lab4_model_training/venv/lib64/python3.12/site-packages/airflow/example_dags/example_branch_datetime_operator.py took 0.068 seconds
[2026-05-03T23:12:07.343+0000] {processor.py:186} INFO - Started process (PID=62703) to work on /home/ec2-user/environment/lab4_model_training/venv/lib64/python3.12/site-packages/airflow/example_dags/example_branch_datetime_operator.py
[2026-05-03T23:12:07.344+0000] {processor.py:914} INFO - Processing file /home/ec2-user/environment/lab4_model_training/venv/lib64/python3.12/site-packages/airflow/example_dags/example_branch_datetime_operator.py for tasks to queue
[2026-05-03T23:12:07.345+0000] {logging_mixin.py:190} INFO - [2026-05-03T23:12:07.345+0000] {dagbag.py:588} INFO - Filling up the DagBag from /home/ec2-user/environment/lab4_model_training/venv/lib64/python3.12/site-packages/airflow/example_dags/example_branch_datetime_operator.py
[2026-05-03T23:12:07.356+0000] {processor.py:925} INFO - DAG(s) 'example_branch_datetime_operator', 'example_branch_datetime_operator_3', 'example_branch_datetime_operator_2' retrieved from /home/ec2-user/environment/lab4_model_training/venv/lib64/python3.12/site-packages/airflow/example_dags/example_branch_datetime_operator.py
[2026-05-03T23:12:07.373+0000] {logging_mixin.py:190} INFO - [2026-05-03T23:12:07.373+0000] {dag.py:3239} INFO - Sync 3 DAGs
[2026-05-03T23:12:07.391+0000] {logging_mixin.py:190} INFO - [2026-05-03T23:12:07.391+0000] {dag.py:4180} INFO - Setting next_dagrun for example_branch_datetime_operator to 2026-05-02 00:00:00+00:00, run_after=2026-05-03 00:00:00+00:00
[2026-05-03T23:12:07.395+0000] {logging_mixin.py:190} INFO - [2026-05-03T23:12:07.395+0000] {dag.py:4180} INFO - Setting next_dagrun for example_branch_datetime_operator_2 to 2026-05-02 00:00:00+00:00, run_after=2026-05-03 00:00:00+00:00
[2026-05-03T23:12:07.396+0000] {logging_mixin.py:190} INFO - [2026-05-03T23:12:07.396+0000] {dag.py:4180} INFO - Setting next_dagrun for example_branch_datetime_operator_3 to 2026-05-02 00:00:00+00:00, run_after=2026-05-03 00:00:00+00:00
[2026-05-03T23:12:07.413+0000] {processor.py:208} INFO - Processing /home/ec2-user/environment/lab4_model_training/venv/lib64/python3.12/site-packages/airflow/example_dags/example_branch_datetime_operator.py took 0.075 seconds
[2026-05-03T23:12:40.552+0000] {processor.py:186} INFO - Started process (PID=62770) to work on /home/ec2-user/environment/lab4_model_training/venv/lib64/python3.12/site-packages/airflow/example_dags/example_branch_datetime_operator.py
[2026-05-03T23:12:40.553+0000] {processor.py:914} INFO - Processing file /home/ec2-user/environment/lab4_model_training/venv/lib64/python3.12/site-packages/airflow/example_dags/example_branch_datetime_operator.py for tasks to queue
[2026-05-03T23:12:40.555+0000] {logging_mixin.py:190} INFO - [2026-05-03T23:12:40.554+0000] {dagbag.py:588} INFO - Filling up the DagBag from /home/ec2-user/environment/lab4_model_training/venv/lib64/python3.12/site-packages/airflow/example_dags/example_branch_datetime_operator.py
[2026-05-03T23:12:40.564+0000] {processor.py:925} INFO - DAG(s) 'example_branch_datetime_operator', 'example_branch_datetime_operator_2', 'example_branch_datetime_operator_3' retrieved from /home/ec2-user/environment/lab4_model_training/venv/lib64/python3.12/site-packages/airflow/example_dags/example_branch_datetime_operator.py
[2026-05-03T23:12:40.581+0000] {logging_mixin.py:190} INFO - [2026-05-03T23:12:40.581+0000] {dag.py:3239} INFO - Sync 3 DAGs
[2026-05-03T23:12:40.598+0000] {logging_mixin.py:190} INFO - [2026-05-03T23:12:40.598+0000] {dag.py:4180} INFO - Setting next_dagrun for example_branch_datetime_operator to 2026-05-02 00:00:00+00:00, run_after=2026-05-03 00:00:00+00:00
[2026-05-03T23:12:40.601+0000] {logging_mixin.py:190} INFO - [2026-05-03T23:12:40.601+0000] {dag.py:4180} INFO - Setting next_dagrun for example_branch_datetime_operator_2 to 2026-05-02 00:00:00+00:00, run_after=2026-05-03 00:00:00+00:00
[2026-05-03T23:12:40.603+0000] {logging_mixin.py:190} INFO - [2026-05-03T23:12:40.603+0000] {dag.py:4180} INFO - Setting next_dagrun for example_branch_datetime_operator_3 to 2026-05-02 00:00:00+00:00, run_after=2026-05-03 00:00:00+00:00
[2026-05-03T23:12:40.618+0000] {processor.py:208} INFO - Processing /home/ec2-user/environment/lab4_model_training/venv/lib64/python3.12/site-packages/airflow/example_dags/example_branch_datetime_operator.py took 0.070 seconds
[2026-05-03T23:13:15.460+0000] {processor.py:186} INFO - Started process (PID=62871) to work on /home/ec2-user/environment/lab4_model_training/venv/lib64/python3.12/site-packages/airflow/example_dags/example_branch_datetime_operator.py
[2026-05-03T23:13:15.461+0000] {processor.py:914} INFO - Processing file /home/ec2-user/environment/lab4_model_training/venv/lib64/python3.12/site-packages/airflow/example_dags/example_branch_datetime_operator.py for tasks to queue
[2026-05-03T23:13:15.463+0000] {logging_mixin.py:190} INFO - [2026-05-03T23:13:15.463+0000] {dagbag.py:588} INFO - Filling up the DagBag from /home/ec2-user/environment/lab4_model_training/venv/lib64/python3.12/site-packages/airflow/example_dags/example_branch_datetime_operator.py
[2026-05-03T23:13:15.473+0000] {processor.py:925} INFO - DAG(s) 'example_branch_datetime_operator_2', 'example_branch_datetime_operator_3', 'example_branch_datetime_operator' retrieved from /home/ec2-user/environment/lab4_model_training/venv/lib64/python3.12/site-packages/airflow/example_dags/example_branch_datetime_operator.py
[2026-05-03T23:13:15.489+0000] {logging_mixin.py:190} INFO - [2026-05-03T23:13:15.488+0000] {dag.py:3239} INFO - Sync 3 DAGs
[2026-05-03T23:13:15.505+0000] {logging_mixin.py:190} INFO - [2026-05-03T23:13:15.504+0000] {dag.py:4180} INFO - Setting next_dagrun for example_branch_datetime_operator to 2026-05-02 00:00:00+00:00, run_after=2026-05-03 00:00:00+00:00
[2026-05-03T23:13:15.508+0000] {logging_mixin.py:190} INFO - [2026-05-03T23:13:15.508+0000] {dag.py:4180} INFO - Setting next_dagrun for example_branch_datetime_operator_2 to 2026-05-02 00:00:00+00:00, run_after=2026-05-03 00:00:00+00:00
[2026-05-03T23:13:15.509+0000] {logging_mixin.py:190} INFO - [2026-05-03T23:13:15.509+0000] {dag.py:4180} INFO - Setting next_dagrun for example_branch_datetime_operator_3 to 2026-05-02 00:00:00+00:00, run_after=2026-05-03 00:00:00+00:00
[2026-05-03T23:13:15.523+0000] {processor.py:208} INFO - Processing /home/ec2-user/environment/lab4_model_training/venv/lib64/python3.12/site-packages/airflow/example_dags/example_branch_datetime_operator.py took 0.068 seconds
[2026-05-03T23:14:20.987+0000] {processor.py:186} INFO - Started process (PID=63074) to work on /home/ec2-user/environment/lab4_model_training/venv/lib64/python3.12/site-packages/airflow/example_dags/example_branch_datetime_operator.py
[2026-05-03T23:14:20.988+0000] {processor.py:914} INFO - Processing file /home/ec2-user/environment/lab4_model_training/venv/lib64/python3.12/site-packages/airflow/example_dags/example_branch_datetime_operator.py for tasks to queue
[2026-05-03T23:14:20.989+0000] {logging_mixin.py:190} INFO - [2026-05-03T23:14:20.989+0000] {dagbag.py:588} INFO - Filling up the DagBag from /home/ec2-user/environment/lab4_model_training/venv/lib64/python3.12/site-packages/airflow/example_dags/example_branch_datetime_operator.py
[2026-05-03T23:14:20.999+0000] {processor.py:925} INFO - DAG(s) 'example_branch_datetime_operator', 'example_branch_datetime_operator_2', 'example_branch_datetime_operator_3' retrieved from /home/ec2-user/environment/lab4_model_training/venv/lib64/python3.12/site-packages/airflow/example_dags/example_branch_datetime_operator.py
[2026-05-03T23:14:21.015+0000] {logging_mixin.py:190} INFO - [2026-05-03T23:14:21.015+0000] {dag.py:3239} INFO - Sync 3 DAGs
[2026-05-03T23:14:21.031+0000] {logging_mixin.py:190} INFO - [2026-05-03T23:14:21.031+0000] {dag.py:4180} INFO - Setting next_dagrun for example_branch_datetime_operator to 2026-05-02 00:00:00+00:00, run_after=2026-05-03 00:00:00+00:00
[2026-05-03T23:14:21.034+0000] {logging_mixin.py:190} INFO - [2026-05-03T23:14:21.034+0000] {dag.py:4180} INFO - Setting next_dagrun for example_branch_datetime_operator_2 to 2026-05-02 00:00:00+00:00, run_after=2026-05-03 00:00:00+00:00
[2026-05-03T23:14:21.035+0000] {logging_mixin.py:190} INFO - [2026-05-03T23:14:21.035+0000] {dag.py:4180} INFO - Setting next_dagrun for example_branch_datetime_operator_3 to 2026-05-02 00:00:00+00:00, run_after=2026-05-03 00:00:00+00:00
[2026-05-03T23:14:21.050+0000] {processor.py:208} INFO - Processing /home/ec2-user/environment/lab4_model_training/venv/lib64/python3.12/site-packages/airflow/example_dags/example_branch_datetime_operator.py took 0.068 seconds
[2026-05-03T23:15:23.097+0000] {processor.py:186} INFO - Started process (PID=63303) to work on /home/ec2-user/environment/lab4_model_training/venv/lib64/python3.12/site-packages/airflow/example_dags/example_branch_datetime_operator.py
[2026-05-03T23:15:23.098+0000] {processor.py:914} INFO - Processing file /home/ec2-user/environment/lab4_model_training/venv/lib64/python3.12/site-packages/airflow/example_dags/example_branch_datetime_operator.py for tasks to queue
[2026-05-03T23:15:23.100+0000] {logging_mixin.py:190} INFO - [2026-05-03T23:15:23.100+0000] {dagbag.py:588} INFO - Filling up the DagBag from /home/ec2-user/environment/lab4_model_training/venv/lib64/python3.12/site-packages/airflow/example_dags/example_branch_datetime_operator.py
[2026-05-03T23:15:23.110+0000] {processor.py:925} INFO - DAG(s) 'example_branch_datetime_operator_2', 'example_branch_datetime_operator', 'example_branch_datetime_operator_3' retrieved from /home/ec2-user/environment/lab4_model_training/venv/lib64/python3.12/site-packages/airflow/example_dags/example_branch_datetime_operator.py
[2026-05-03T23:15:23.126+0000] {logging_mixin.py:190} INFO - [2026-05-03T23:15:23.126+0000] {dag.py:3239} INFO - Sync 3 DAGs
[2026-05-03T23:15:23.143+0000] {logging_mixin.py:190} INFO - [2026-05-03T23:15:23.143+0000] {dag.py:4180} INFO - Setting next_dagrun for example_branch_datetime_operator to 2026-05-02 00:00:00+00:00, run_after=2026-05-03 00:00:00+00:00
[2026-05-03T23:15:23.147+0000] {logging_mixin.py:190} INFO - [2026-05-03T23:15:23.147+0000] {dag.py:4180} INFO - Setting next_dagrun for example_branch_datetime_operator_2 to 2026-05-02 00:00:00+00:00, run_after=2026-05-03 00:00:00+00:00
[2026-05-03T23:15:23.149+0000] {logging_mixin.py:190} INFO - [2026-05-03T23:15:23.148+0000] {dag.py:4180} INFO - Setting next_dagrun for example_branch_datetime_operator_3 to 2026-05-02 00:00:00+00:00, run_after=2026-05-03 00:00:00+00:00
[2026-05-03T23:15:23.163+0000] {processor.py:208} INFO - Processing /home/ec2-user/environment/lab4_model_training/venv/lib64/python3.12/site-packages/airflow/example_dags/example_branch_datetime_operator.py took 0.071 seconds
[2026-05-03T23:16:45.631+0000] {processor.py:186} INFO - Started process (PID=63545) to work on /home/ec2-user/environment/lab4_model_training/venv/lib64/python3.12/site-packages/airflow/example_dags/example_branch_datetime_operator.py
[2026-05-03T23:16:45.632+0000] {processor.py:914} INFO - Processing file /home/ec2-user/environment/lab4_model_training/venv/lib64/python3.12/site-packages/airflow/example_dags/example_branch_datetime_operator.py for tasks to queue
[2026-05-03T23:16:45.633+0000] {logging_mixin.py:190} INFO - [2026-05-03T23:16:45.633+0000] {dagbag.py:588} INFO - Filling up the DagBag from /home/ec2-user/environment/lab4_model_training/venv/lib64/python3.12/site-packages/airflow/example_dags/example_branch_datetime_operator.py
[2026-05-03T23:16:45.643+0000] {processor.py:925} INFO - DAG(s) 'example_branch_datetime_operator_3', 'example_branch_datetime_operator', 'example_branch_datetime_operator_2' retrieved from /home/ec2-user/environment/lab4_model_training/venv/lib64/python3.12/site-packages/airflow/example_dags/example_branch_datetime_operator.py
[2026-05-03T23:16:45.660+0000] {logging_mixin.py:190} INFO - [2026-05-03T23:16:45.660+0000] {dag.py:3239} INFO - Sync 3 DAGs
[2026-05-03T23:16:45.676+0000] {logging_mixin.py:190} INFO - [2026-05-03T23:16:45.676+0000] {dag.py:4180} INFO - Setting next_dagrun for example_branch_datetime_operator to 2026-05-02 00:00:00+00:00, run_after=2026-05-03 00:00:00+00:00
[2026-05-03T23:16:45.680+0000] {logging_mixin.py:190} INFO - [2026-05-03T23:16:45.679+0000] {dag.py:4180} INFO - Setting next_dagrun for example_branch_datetime_operator_2 to 2026-05-02 00:00:00+00:00, run_after=2026-05-03 00:00:00+00:00
[2026-05-03T23:16:45.681+0000] {logging_mixin.py:190} INFO - [2026-05-03T23:16:45.681+0000] {dag.py:4180} INFO - Setting next_dagrun for example_branch_datetime_operator_3 to 2026-05-02 00:00:00+00:00, run_after=2026-05-03 00:00:00+00:00
[2026-05-03T23:16:45.697+0000] {processor.py:208} INFO - Processing /home/ec2-user/environment/lab4_model_training/venv/lib64/python3.12/site-packages/airflow/example_dags/example_branch_datetime_operator.py took 0.071 seconds
[2026-05-03T23:17:28.462+0000] {processor.py:186} INFO - Started process (PID=63691) to work on /home/ec2-user/environment/lab4_model_training/venv/lib64/python3.12/site-packages/airflow/example_dags/example_branch_datetime_operator.py
[2026-05-03T23:17:28.463+0000] {processor.py:914} INFO - Processing file /home/ec2-user/environment/lab4_model_training/venv/lib64/python3.12/site-packages/airflow/example_dags/example_branch_datetime_operator.py for tasks to queue
[2026-05-03T23:17:28.465+0000] {logging_mixin.py:190} INFO - [2026-05-03T23:17:28.465+0000] {dagbag.py:588} INFO - Filling up the DagBag from /home/ec2-user/environment/lab4_model_training/venv/lib64/python3.12/site-packages/airflow/example_dags/example_branch_datetime_operator.py
[2026-05-03T23:17:28.475+0000] {processor.py:925} INFO - DAG(s) 'example_branch_datetime_operator', 'example_branch_datetime_operator_3', 'example_branch_datetime_operator_2' retrieved from /home/ec2-user/environment/lab4_model_training/venv/lib64/python3.12/site-packages/airflow/example_dags/example_branch_datetime_operator.py
[2026-05-03T23:17:28.491+0000] {logging_mixin.py:190} INFO - [2026-05-03T23:17:28.491+0000] {dag.py:3239} INFO - Sync 3 DAGs
[2026-05-03T23:17:28.509+0000] {logging_mixin.py:190} INFO - [2026-05-03T23:17:28.509+0000] {dag.py:4180} INFO - Setting next_dagrun for example_branch_datetime_operator to 2026-05-02 00:00:00+00:00, run_after=2026-05-03 00:00:00+00:00
[2026-05-03T23:17:28.512+0000] {logging_mixin.py:190} INFO - [2026-05-03T23:17:28.512+0000] {dag.py:4180} INFO - Setting next_dagrun for example_branch_datetime_operator_2 to 2026-05-02 00:00:00+00:00, run_after=2026-05-03 00:00:00+00:00
[2026-05-03T23:17:28.513+0000] {logging_mixin.py:190} INFO - [2026-05-03T23:17:28.513+0000] {dag.py:4180} INFO - Setting next_dagrun for example_branch_datetime_operator_3 to 2026-05-02 00:00:00+00:00, run_after=2026-05-03 00:00:00+00:00
[2026-05-03T23:17:28.528+0000] {processor.py:208} INFO - Processing /home/ec2-user/environment/lab4_model_training/venv/lib64/python3.12/site-packages/airflow/example_dags/example_branch_datetime_operator.py took 0.071 seconds
[2026-05-03T23:18:33.695+0000] {processor.py:186} INFO - Started process (PID=63815) to work on /home/ec2-user/environment/lab4_model_training/venv/lib64/python3.12/site-packages/airflow/example_dags/example_branch_datetime_operator.py
[2026-05-03T23:18:33.696+0000] {processor.py:914} INFO - Processing file /home/ec2-user/environment/lab4_model_training/venv/lib64/python3.12/site-packages/airflow/example_dags/example_branch_datetime_operator.py for tasks to queue
[2026-05-03T23:18:33.698+0000] {logging_mixin.py:190} INFO - [2026-05-03T23:18:33.698+0000] {dagbag.py:588} INFO - Filling up the DagBag from /home/ec2-user/environment/lab4_model_training/venv/lib64/python3.12/site-packages/airflow/example_dags/example_branch_datetime_operator.py
[2026-05-03T23:18:33.708+0000] {processor.py:925} INFO - DAG(s) 'example_branch_datetime_operator_3', 'example_branch_datetime_operator_2', 'example_branch_datetime_operator' retrieved from /home/ec2-user/environment/lab4_model_training/venv/lib64/python3.12/site-packages/airflow/example_dags/example_branch_datetime_operator.py
[2026-05-03T23:18:33.723+0000] {logging_mixin.py:190} INFO - [2026-05-03T23:18:33.723+0000] {dag.py:3239} INFO - Sync 3 DAGs
[2026-05-03T23:18:33.740+0000] {logging_mixin.py:190} INFO - [2026-05-03T23:18:33.740+0000] {dag.py:4180} INFO - Setting next_dagrun for example_branch_datetime_operator to 2026-05-02 00:00:00+00:00, run_after=2026-05-03 00:00:00+00:00
[2026-05-03T23:18:33.743+0000] {logging_mixin.py:190} INFO - [2026-05-03T23:18:33.743+0000] {dag.py:4180} INFO - Setting next_dagrun for example_branch_datetime_operator_2 to 2026-05-02 00:00:00+00:00, run_after=2026-05-03 00:00:00+00:00
[2026-05-03T23:18:33.744+0000] {logging_mixin.py:190} INFO - [2026-05-03T23:18:33.744+0000] {dag.py:4180} INFO - Setting next_dagrun for example_branch_datetime_operator_3 to 2026-05-02 00:00:00+00:00, run_after=2026-05-03 00:00:00+00:00
[2026-05-03T23:18:33.759+0000] {processor.py:208} INFO - Processing /home/ec2-user/environment/lab4_model_training/venv/lib64/python3.12/site-packages/airflow/example_dags/example_branch_datetime_operator.py took 0.068 seconds
[2026-05-03T23:19:36.599+0000] {processor.py:186} INFO - Started process (PID=63986) to work on /home/ec2-user/environment/lab4_model_training/venv/lib64/python3.12/site-packages/airflow/example_dags/example_branch_datetime_operator.py
[2026-05-03T23:19:36.600+0000] {processor.py:914} INFO - Processing file /home/ec2-user/environment/lab4_model_training/venv/lib64/python3.12/site-packages/airflow/example_dags/example_branch_datetime_operator.py for tasks to queue
[2026-05-03T23:19:36.601+0000] {logging_mixin.py:190} INFO - [2026-05-03T23:19:36.601+0000] {dagbag.py:588} INFO - Filling up the DagBag from /home/ec2-user/environment/lab4_model_training/venv/lib64/python3.12/site-packages/airflow/example_dags/example_branch_datetime_operator.py
[2026-05-03T23:19:36.611+0000] {processor.py:925} INFO - DAG(s) 'example_branch_datetime_operator', 'example_branch_datetime_operator_3', 'example_branch_datetime_operator_2' retrieved from /home/ec2-user/environment/lab4_model_training/venv/lib64/python3.12/site-packages/airflow/example_dags/example_branch_datetime_operator.py
[2026-05-03T23:19:36.627+0000] {logging_mixin.py:190} INFO - [2026-05-03T23:19:36.627+0000] {dag.py:3239} INFO - Sync 3 DAGs
[2026-05-03T23:19:36.644+0000] {logging_mixin.py:190} INFO - [2026-05-03T23:19:36.644+0000] {dag.py:4180} INFO - Setting next_dagrun for example_branch_datetime_operator to 2026-05-02 00:00:00+00:00, run_after=2026-05-03 00:00:00+00:00
[2026-05-03T23:19:36.647+0000] {logging_mixin.py:190} INFO - [2026-05-03T23:19:36.647+0000] {dag.py:4180} INFO - Setting next_dagrun for example_branch_datetime_operator_2 to 2026-05-02 00:00:00+00:00, run_after=2026-05-03 00:00:00+00:00
[2026-05-03T23:19:36.648+0000] {logging_mixin.py:190} INFO - [2026-05-03T23:19:36.648+0000] {dag.py:4180} INFO - Setting next_dagrun for example_branch_datetime_operator_3 to 2026-05-02 00:00:00+00:00, run_after=2026-05-03 00:00:00+00:00
[2026-05-03T23:19:36.663+0000] {processor.py:208} INFO - Processing /home/ec2-user/environment/lab4_model_training/venv/lib64/python3.12/site-packages/airflow/example_dags/example_branch_datetime_operator.py took 0.069 seconds
[2026-05-03T23:20:43.529+0000] {processor.py:186} INFO - Started process (PID=64171) to work on /home/ec2-user/environment/lab4_model_training/venv/lib64/python3.12/site-packages/airflow/example_dags/example_branch_datetime_operator.py
[2026-05-03T23:20:43.530+0000] {processor.py:914} INFO - Processing file /home/ec2-user/environment/lab4_model_training/venv/lib64/python3.12/site-packages/airflow/example_dags/example_branch_datetime_operator.py for tasks to queue
[2026-05-03T23:20:43.531+0000] {logging_mixin.py:190} INFO - [2026-05-03T23:20:43.531+0000] {dagbag.py:588} INFO - Filling up the DagBag from /home/ec2-user/environment/lab4_model_training/venv/lib64/python3.12/site-packages/airflow/example_dags/example_branch_datetime_operator.py
[2026-05-03T23:20:43.541+0000] {processor.py:925} INFO - DAG(s) 'example_branch_datetime_operator', 'example_branch_datetime_operator_2', 'example_branch_datetime_operator_3' retrieved from /home/ec2-user/environment/lab4_model_training/venv/lib64/python3.12/site-packages/airflow/example_dags/example_branch_datetime_operator.py
[2026-05-03T23:20:43.557+0000] {logging_mixin.py:190} INFO - [2026-05-03T23:20:43.557+0000] {dag.py:3239} INFO - Sync 3 DAGs
[2026-05-03T23:20:43.574+0000] {logging_mixin.py:190} INFO - [2026-05-03T23:20:43.574+0000] {dag.py:4180} INFO - Setting next_dagrun for example_branch_datetime_operator to 2026-05-02 00:00:00+00:00, run_after=2026-05-03 00:00:00+00:00
[2026-05-03T23:20:43.578+0000] {logging_mixin.py:190} INFO - [2026-05-03T23:20:43.578+0000] {dag.py:4180} INFO - Setting next_dagrun for example_branch_datetime_operator_2 to 2026-05-02 00:00:00+00:00, run_after=2026-05-03 00:00:00+00:00
[2026-05-03T23:20:43.579+0000] {logging_mixin.py:190} INFO - [2026-05-03T23:20:43.579+0000] {dag.py:4180} INFO - Setting next_dagrun for example_branch_datetime_operator_3 to 2026-05-02 00:00:00+00:00, run_after=2026-05-03 00:00:00+00:00
[2026-05-03T23:20:43.594+0000] {processor.py:208} INFO - Processing /home/ec2-user/environment/lab4_model_training/venv/lib64/python3.12/site-packages/airflow/example_dags/example_branch_datetime_operator.py took 0.070 seconds
[2026-05-03T23:21:17.934+0000] {processor.py:186} INFO - Started process (PID=64247) to work on /home/ec2-user/environment/lab4_model_training/venv/lib64/python3.12/site-packages/airflow/example_dags/example_branch_datetime_operator.py
[2026-05-03T23:21:17.935+0000] {processor.py:914} INFO - Processing file /home/ec2-user/environment/lab4_model_training/venv/lib64/python3.12/site-packages/airflow/example_dags/example_branch_datetime_operator.py for tasks to queue
[2026-05-03T23:21:17.936+0000] {logging_mixin.py:190} INFO - [2026-05-03T23:21:17.936+0000] {dagbag.py:588} INFO - Filling up the DagBag from /home/ec2-user/environment/lab4_model_training/venv/lib64/python3.12/site-packages/airflow/example_dags/example_branch_datetime_operator.py
[2026-05-03T23:21:17.946+0000] {processor.py:925} INFO - DAG(s) 'example_branch_datetime_operator_2', 'example_branch_datetime_operator_3', 'example_branch_datetime_operator' retrieved from /home/ec2-user/environment/lab4_model_training/venv/lib64/python3.12/site-packages/airflow/example_dags/example_branch_datetime_operator.py
[2026-05-03T23:21:17.966+0000] {logging_mixin.py:190} INFO - [2026-05-03T23:21:17.966+0000] {dag.py:3239} INFO - Sync 3 DAGs
[2026-05-03T23:21:17.983+0000] {logging_mixin.py:190} INFO - [2026-05-03T23:21:17.982+0000] {dag.py:4180} INFO - Setting next_dagrun for example_branch_datetime_operator to 2026-05-02 00:00:00+00:00, run_after=2026-05-03 00:00:00+00:00
[2026-05-03T23:21:17.986+0000] {logging_mixin.py:190} INFO - [2026-05-03T23:21:17.986+0000] {dag.py:4180} INFO - Setting next_dagrun for example_branch_datetime_operator_2 to 2026-05-02 00:00:00+00:00, run_after=2026-05-03 00:00:00+00:00
[2026-05-03T23:21:17.988+0000] {logging_mixin.py:190} INFO - [2026-05-03T23:21:17.988+0000] {dag.py:4180} INFO - Setting next_dagrun for example_branch_datetime_operator_3 to 2026-05-02 00:00:00+00:00, run_after=2026-05-03 00:00:00+00:00
[2026-05-03T23:21:18.002+0000] {processor.py:208} INFO - Processing /home/ec2-user/environment/lab4_model_training/venv/lib64/python3.12/site-packages/airflow/example_dags/example_branch_datetime_operator.py took 0.073 seconds
[2026-05-03T23:22:13.588+0000] {processor.py:186} INFO - Started process (PID=64442) to work on /home/ec2-user/environment/lab4_model_training/venv/lib64/python3.12/site-packages/airflow/example_dags/example_branch_datetime_operator.py
[2026-05-03T23:22:13.589+0000] {processor.py:914} INFO - Processing file /home/ec2-user/environment/lab4_model_training/venv/lib64/python3.12/site-packages/airflow/example_dags/example_branch_datetime_operator.py for tasks to queue
[2026-05-03T23:22:13.591+0000] {logging_mixin.py:190} INFO - [2026-05-03T23:22:13.590+0000] {dagbag.py:588} INFO - Filling up the DagBag from /home/ec2-user/environment/lab4_model_training/venv/lib64/python3.12/site-packages/airflow/example_dags/example_branch_datetime_operator.py
[2026-05-03T23:22:13.601+0000] {processor.py:925} INFO - DAG(s) 'example_branch_datetime_operator', 'example_branch_datetime_operator_3', 'example_branch_datetime_operator_2' retrieved from /home/ec2-user/environment/lab4_model_training/venv/lib64/python3.12/site-packages/airflow/example_dags/example_branch_datetime_operator.py
[2026-05-03T23:22:13.617+0000] {logging_mixin.py:190} INFO - [2026-05-03T23:22:13.617+0000] {dag.py:3239} INFO - Sync 3 DAGs
[2026-05-03T23:22:13.633+0000] {logging_mixin.py:190} INFO - [2026-05-03T23:22:13.633+0000] {dag.py:4180} INFO - Setting next_dagrun for example_branch_datetime_operator to 2026-05-02 00:00:00+00:00, run_after=2026-05-03 00:00:00+00:00
[2026-05-03T23:22:13.637+0000] {logging_mixin.py:190} INFO - [2026-05-03T23:22:13.636+0000] {dag.py:4180} INFO - Setting next_dagrun for example_branch_datetime_operator_2 to 2026-05-02 00:00:00+00:00, run_after=2026-05-03 00:00:00+00:00
[2026-05-03T23:22:13.638+0000] {logging_mixin.py:190} INFO - [2026-05-03T23:22:13.638+0000] {dag.py:4180} INFO - Setting next_dagrun for example_branch_datetime_operator_3 to 2026-05-02 00:00:00+00:00, run_after=2026-05-03 00:00:00+00:00
[2026-05-03T23:22:13.653+0000] {processor.py:208} INFO - Processing /home/ec2-user/environment/lab4_model_training/venv/lib64/python3.12/site-packages/airflow/example_dags/example_branch_datetime_operator.py took 0.070 seconds
[2026-05-03T23:22:54.609+0000] {processor.py:186} INFO - Started process (PID=64520) to work on /home/ec2-user/environment/lab4_model_training/venv/lib64/python3.12/site-packages/airflow/example_dags/example_branch_datetime_operator.py
[2026-05-03T23:22:54.610+0000] {processor.py:914} INFO - Processing file /home/ec2-user/environment/lab4_model_training/venv/lib64/python3.12/site-packages/airflow/example_dags/example_branch_datetime_operator.py for tasks to queue
[2026-05-03T23:22:54.611+0000] {logging_mixin.py:190} INFO - [2026-05-03T23:22:54.611+0000] {dagbag.py:588} INFO - Filling up the DagBag from /home/ec2-user/environment/lab4_model_training/venv/lib64/python3.12/site-packages/airflow/example_dags/example_branch_datetime_operator.py
[2026-05-03T23:22:54.621+0000] {processor.py:925} INFO - DAG(s) 'example_branch_datetime_operator_2', 'example_branch_datetime_operator_3', 'example_branch_datetime_operator' retrieved from /home/ec2-user/environment/lab4_model_training/venv/lib64/python3.12/site-packages/airflow/example_dags/example_branch_datetime_operator.py
[2026-05-03T23:22:54.637+0000] {logging_mixin.py:190} INFO - [2026-05-03T23:22:54.637+0000] {dag.py:3239} INFO - Sync 3 DAGs
[2026-05-03T23:22:54.654+0000] {logging_mixin.py:190} INFO - [2026-05-03T23:22:54.654+0000] {dag.py:4180} INFO - Setting next_dagrun for example_branch_datetime_operator to 2026-05-02 00:00:00+00:00, run_after=2026-05-03 00:00:00+00:00
[2026-05-03T23:22:54.657+0000] {logging_mixin.py:190} INFO - [2026-05-03T23:22:54.657+0000] {dag.py:4180} INFO - Setting next_dagrun for example_branch_datetime_operator_2 to 2026-05-02 00:00:00+00:00, run_after=2026-05-03 00:00:00+00:00
[2026-05-03T23:22:54.659+0000] {logging_mixin.py:190} INFO - [2026-05-03T23:22:54.658+0000] {dag.py:4180} INFO - Setting next_dagrun for example_branch_datetime_operator_3 to 2026-05-02 00:00:00+00:00, run_after=2026-05-03 00:00:00+00:00
[2026-05-03T23:22:54.674+0000] {processor.py:208} INFO - Processing /home/ec2-user/environment/lab4_model_training/venv/lib64/python3.12/site-packages/airflow/example_dags/example_branch_datetime_operator.py took 0.069 seconds
[2026-05-03T23:23:59.483+0000] {processor.py:186} INFO - Started process (PID=64708) to work on /home/ec2-user/environment/lab4_model_training/venv/lib64/python3.12/site-packages/airflow/example_dags/example_branch_datetime_operator.py
[2026-05-03T23:23:59.484+0000] {processor.py:914} INFO - Processing file /home/ec2-user/environment/lab4_model_training/venv/lib64/python3.12/site-packages/airflow/example_dags/example_branch_datetime_operator.py for tasks to queue
[2026-05-03T23:23:59.486+0000] {logging_mixin.py:190} INFO - [2026-05-03T23:23:59.486+0000] {dagbag.py:588} INFO - Filling up the DagBag from /home/ec2-user/environment/lab4_model_training/venv/lib64/python3.12/site-packages/airflow/example_dags/example_branch_datetime_operator.py
[2026-05-03T23:23:59.496+0000] {processor.py:925} INFO - DAG(s) 'example_branch_datetime_operator', 'example_branch_datetime_operator_2', 'example_branch_datetime_operator_3' retrieved from /home/ec2-user/environment/lab4_model_training/venv/lib64/python3.12/site-packages/airflow/example_dags/example_branch_datetime_operator.py
[2026-05-03T23:23:59.513+0000] {logging_mixin.py:190} INFO - [2026-05-03T23:23:59.513+0000] {dag.py:3239} INFO - Sync 3 DAGs
[2026-05-03T23:23:59.530+0000] {logging_mixin.py:190} INFO - [2026-05-03T23:23:59.530+0000] {dag.py:4180} INFO - Setting next_dagrun for example_branch_datetime_operator to 2026-05-02 00:00:00+00:00, run_after=2026-05-03 00:00:00+00:00
[2026-05-03T23:23:59.533+0000] {logging_mixin.py:190} INFO - [2026-05-03T23:23:59.533+0000] {dag.py:4180} INFO - Setting next_dagrun for example_branch_datetime_operator_2 to 2026-05-02 00:00:00+00:00, run_after=2026-05-03 00:00:00+00:00
[2026-05-03T23:23:59.535+0000] {logging_mixin.py:190} INFO - [2026-05-03T23:23:59.535+0000] {dag.py:4180} INFO - Setting next_dagrun for example_branch_datetime_operator_3 to 2026-05-02 00:00:00+00:00, run_after=2026-05-03 00:00:00+00:00
[2026-05-03T23:23:59.550+0000] {processor.py:208} INFO - Processing /home/ec2-user/environment/lab4_model_training/venv/lib64/python3.12/site-packages/airflow/example_dags/example_branch_datetime_operator.py took 0.071 seconds
[2026-05-03T23:25:04.464+0000] {processor.py:186} INFO - Started process (PID=64910) to work on /home/ec2-user/environment/lab4_model_training/venv/lib64/python3.12/site-packages/airflow/example_dags/example_branch_datetime_operator.py
[2026-05-03T23:25:04.466+0000] {processor.py:914} INFO - Processing file /home/ec2-user/environment/lab4_model_training/venv/lib64/python3.12/site-packages/airflow/example_dags/example_branch_datetime_operator.py for tasks to queue
[2026-05-03T23:25:04.467+0000] {logging_mixin.py:190} INFO - [2026-05-03T23:25:04.467+0000] {dagbag.py:588} INFO - Filling up the DagBag from /home/ec2-user/environment/lab4_model_training/venv/lib64/python3.12/site-packages/airflow/example_dags/example_branch_datetime_operator.py
[2026-05-03T23:25:04.477+0000] {processor.py:925} INFO - DAG(s) 'example_branch_datetime_operator_2', 'example_branch_datetime_operator_3', 'example_branch_datetime_operator' retrieved from /home/ec2-user/environment/lab4_model_training/venv/lib64/python3.12/site-packages/airflow/example_dags/example_branch_datetime_operator.py
[2026-05-03T23:25:04.493+0000] {logging_mixin.py:190} INFO - [2026-05-03T23:25:04.493+0000] {dag.py:3239} INFO - Sync 3 DAGs
[2026-05-03T23:25:04.510+0000] {logging_mixin.py:190} INFO - [2026-05-03T23:25:04.510+0000] {dag.py:4180} INFO - Setting next_dagrun for example_branch_datetime_operator to 2026-05-02 00:00:00+00:00, run_after=2026-05-03 00:00:00+00:00
[2026-05-03T23:25:04.513+0000] {logging_mixin.py:190} INFO - [2026-05-03T23:25:04.513+0000] {dag.py:4180} INFO - Setting next_dagrun for example_branch_datetime_operator_2 to 2026-05-02 00:00:00+00:00, run_after=2026-05-03 00:00:00+00:00
[2026-05-03T23:25:04.515+0000] {logging_mixin.py:190} INFO - [2026-05-03T23:25:04.515+0000] {dag.py:4180} INFO - Setting next_dagrun for example_branch_datetime_operator_3 to 2026-05-02 00:00:00+00:00, run_after=2026-05-03 00:00:00+00:00
[2026-05-03T23:25:04.530+0000] {processor.py:208} INFO - Processing /home/ec2-user/environment/lab4_model_training/venv/lib64/python3.12/site-packages/airflow/example_dags/example_branch_datetime_operator.py took 0.070 seconds
[2026-05-03T23:26:11.355+0000] {processor.py:186} INFO - Started process (PID=65104) to work on /home/ec2-user/environment/lab4_model_training/venv/lib64/python3.12/site-packages/airflow/example_dags/example_branch_datetime_operator.py
[2026-05-03T23:26:11.356+0000] {processor.py:914} INFO - Processing file /home/ec2-user/environment/lab4_model_training/venv/lib64/python3.12/site-packages/airflow/example_dags/example_branch_datetime_operator.py for tasks to queue
[2026-05-03T23:26:11.358+0000] {logging_mixin.py:190} INFO - [2026-05-03T23:26:11.357+0000] {dagbag.py:588} INFO - Filling up the DagBag from /home/ec2-user/environment/lab4_model_training/venv/lib64/python3.12/site-packages/airflow/example_dags/example_branch_datetime_operator.py
[2026-05-03T23:26:11.367+0000] {processor.py:925} INFO - DAG(s) 'example_branch_datetime_operator_3', 'example_branch_datetime_operator_2', 'example_branch_datetime_operator' retrieved from /home/ec2-user/environment/lab4_model_training/venv/lib64/python3.12/site-packages/airflow/example_dags/example_branch_datetime_operator.py
[2026-05-03T23:26:11.383+0000] {logging_mixin.py:190} INFO - [2026-05-03T23:26:11.383+0000] {dag.py:3239} INFO - Sync 3 DAGs
[2026-05-03T23:26:11.400+0000] {logging_mixin.py:190} INFO - [2026-05-03T23:26:11.400+0000] {dag.py:4180} INFO - Setting next_dagrun for example_branch_datetime_operator to 2026-05-02 00:00:00+00:00, run_after=2026-05-03 00:00:00+00:00
[2026-05-03T23:26:11.403+0000] {logging_mixin.py:190} INFO - [2026-05-03T23:26:11.403+0000] {dag.py:4180} INFO - Setting next_dagrun for example_branch_datetime_operator_2 to 2026-05-02 00:00:00+00:00, run_after=2026-05-03 00:00:00+00:00
[2026-05-03T23:26:11.405+0000] {logging_mixin.py:190} INFO - [2026-05-03T23:26:11.405+0000] {dag.py:4180} INFO - Setting next_dagrun for example_branch_datetime_operator_3 to 2026-05-02 00:00:00+00:00, run_after=2026-05-03 00:00:00+00:00
[2026-05-03T23:26:11.420+0000] {processor.py:208} INFO - Processing /home/ec2-user/environment/lab4_model_training/venv/lib64/python3.12/site-packages/airflow/example_dags/example_branch_datetime_operator.py took 0.070 seconds
