[2026-05-03T22:49:48.219+0000] {processor.py:186} INFO - Started process (PID=57675) to work on /home/ec2-user/environment/lab4_model_training/venv/lib64/python3.12/site-packages/airflow/example_dags/example_params_ui_tutorial.py
[2026-05-03T22:49:48.219+0000] {processor.py:914} INFO - Processing file /home/ec2-user/environment/lab4_model_training/venv/lib64/python3.12/site-packages/airflow/example_dags/example_params_ui_tutorial.py for tasks to queue
[2026-05-03T22:49:48.221+0000] {logging_mixin.py:190} INFO - [2026-05-03T22:49:48.220+0000] {dagbag.py:588} INFO - Filling up the DagBag from /home/ec2-user/environment/lab4_model_training/venv/lib64/python3.12/site-packages/airflow/example_dags/example_params_ui_tutorial.py
[2026-05-03T22:49:48.229+0000] {processor.py:925} INFO - DAG(s) 'example_params_ui_tutorial' retrieved from /home/ec2-user/environment/lab4_model_training/venv/lib64/python3.12/site-packages/airflow/example_dags/example_params_ui_tutorial.py
[2026-05-03T22:49:48.322+0000] {logging_mixin.py:190} INFO - [2026-05-03T22:49:48.322+0000] {dag.py:3239} INFO - Sync 1 DAGs
[2026-05-03T22:49:48.331+0000] {logging_mixin.py:190} INFO - [2026-05-03T22:49:48.331+0000] {dag.py:4180} INFO - Setting next_dagrun for example_params_ui_tutorial to None, run_after=None
[2026-05-03T22:49:48.348+0000] {processor.py:208} INFO - Processing /home/ec2-user/environment/lab4_model_training/venv/lib64/python3.12/site-packages/airflow/example_dags/example_params_ui_tutorial.py took 0.134 seconds
[2026-05-03T22:50:53.969+0000] {processor.py:186} INFO - Started process (PID=57852) to work on /home/ec2-user/environment/lab4_model_training/venv/lib64/python3.12/site-packages/airflow/example_dags/example_params_ui_tutorial.py
[2026-05-03T22:50:53.970+0000] {processor.py:914} INFO - Processing file /home/ec2-user/environment/lab4_model_training/venv/lib64/python3.12/site-packages/airflow/example_dags/example_params_ui_tutorial.py for tasks to queue
[2026-05-03T22:50:53.972+0000] {logging_mixin.py:190} INFO - [2026-05-03T22:50:53.972+0000] {dagbag.py:588} INFO - Filling up the DagBag from /home/ec2-user/environment/lab4_model_training/venv/lib64/python3.12/site-packages/airflow/example_dags/example_params_ui_tutorial.py
[2026-05-03T22:50:53.979+0000] {processor.py:925} INFO - DAG(s) 'example_params_ui_tutorial' retrieved from /home/ec2-user/environment/lab4_model_training/venv/lib64/python3.12/site-packages/airflow/example_dags/example_params_ui_tutorial.py
[2026-05-03T22:50:54.009+0000] {logging_mixin.py:190} INFO - [2026-05-03T22:50:54.009+0000] {dag.py:3239} INFO - Sync 1 DAGs
[2026-05-03T22:50:54.019+0000] {logging_mixin.py:190} INFO - [2026-05-03T22:50:54.018+0000] {dag.py:4180} INFO - Setting next_dagrun for example_params_ui_tutorial to None, run_after=None
[2026-05-03T22:50:54.035+0000] {processor.py:208} INFO - Processing /home/ec2-user/environment/lab4_model_training/venv/lib64/python3.12/site-packages/airflow/example_dags/example_params_ui_tutorial.py took 0.070 seconds
[2026-05-03T22:51:56.277+0000] {processor.py:186} INFO - Started process (PID=58016) to work on /home/ec2-user/environment/lab4_model_training/venv/lib64/python3.12/site-packages/airflow/example_dags/example_params_ui_tutorial.py
[2026-05-03T22:51:56.278+0000] {processor.py:914} INFO - Processing file /home/ec2-user/environment/lab4_model_training/venv/lib64/python3.12/site-packages/airflow/example_dags/example_params_ui_tutorial.py for tasks to queue
[2026-05-03T22:51:56.280+0000] {logging_mixin.py:190} INFO - [2026-05-03T22:51:56.280+0000] {dagbag.py:588} INFO - Filling up the DagBag from /home/ec2-user/environment/lab4_model_training/venv/lib64/python3.12/site-packages/airflow/example_dags/example_params_ui_tutorial.py
[2026-05-03T22:51:56.287+0000] {processor.py:925} INFO - DAG(s) 'example_params_ui_tutorial' retrieved from /home/ec2-user/environment/lab4_model_training/venv/lib64/python3.12/site-packages/airflow/example_dags/example_params_ui_tutorial.py
[2026-05-03T22:51:56.317+0000] {logging_mixin.py:190} INFO - [2026-05-03T22:51:56.317+0000] {dag.py:3239} INFO - Sync 1 DAGs
[2026-05-03T22:51:56.327+0000] {logging_mixin.py:190} INFO - [2026-05-03T22:51:56.327+0000] {dag.py:4180} INFO - Setting next_dagrun for example_params_ui_tutorial to None, run_after=None
[2026-05-03T22:51:56.344+0000] {processor.py:208} INFO - Processing /home/ec2-user/environment/lab4_model_training/venv/lib64/python3.12/site-packages/airflow/example_dags/example_params_ui_tutorial.py took 0.071 seconds
[2026-05-03T22:53:02.814+0000] {processor.py:186} INFO - Started process (PID=58198) to work on /home/ec2-user/environment/lab4_model_training/venv/lib64/python3.12/site-packages/airflow/example_dags/example_params_ui_tutorial.py
[2026-05-03T22:53:02.816+0000] {processor.py:914} INFO - Processing file /home/ec2-user/environment/lab4_model_training/venv/lib64/python3.12/site-packages/airflow/example_dags/example_params_ui_tutorial.py for tasks to queue
[2026-05-03T22:53:02.817+0000] {logging_mixin.py:190} INFO - [2026-05-03T22:53:02.817+0000] {dagbag.py:588} INFO - Filling up the DagBag from /home/ec2-user/environment/lab4_model_training/venv/lib64/python3.12/site-packages/airflow/example_dags/example_params_ui_tutorial.py
[2026-05-03T22:53:02.824+0000] {processor.py:925} INFO - DAG(s) 'example_params_ui_tutorial' retrieved from /home/ec2-user/environment/lab4_model_training/venv/lib64/python3.12/site-packages/airflow/example_dags/example_params_ui_tutorial.py
[2026-05-03T22:53:02.854+0000] {logging_mixin.py:190} INFO - [2026-05-03T22:53:02.854+0000] {dag.py:3239} INFO - Sync 1 DAGs
[2026-05-03T22:53:02.864+0000] {logging_mixin.py:190} INFO - [2026-05-03T22:53:02.863+0000] {dag.py:4180} INFO - Setting next_dagrun for example_params_ui_tutorial to None, run_after=None
[2026-05-03T22:53:02.880+0000] {processor.py:208} INFO - Processing /home/ec2-user/environment/lab4_model_training/venv/lib64/python3.12/site-packages/airflow/example_dags/example_params_ui_tutorial.py took 0.070 seconds
[2026-05-03T22:54:06.565+0000] {processor.py:186} INFO - Started process (PID=58493) to work on /home/ec2-user/environment/lab4_model_training/venv/lib64/python3.12/site-packages/airflow/example_dags/example_params_ui_tutorial.py
[2026-05-03T22:54:06.566+0000] {processor.py:914} INFO - Processing file /home/ec2-user/environment/lab4_model_training/venv/lib64/python3.12/site-packages/airflow/example_dags/example_params_ui_tutorial.py for tasks to queue
[2026-05-03T22:54:06.567+0000] {logging_mixin.py:190} INFO - [2026-05-03T22:54:06.567+0000] {dagbag.py:588} INFO - Filling up the DagBag from /home/ec2-user/environment/lab4_model_training/venv/lib64/python3.12/site-packages/airflow/example_dags/example_params_ui_tutorial.py
[2026-05-03T22:54:06.575+0000] {processor.py:925} INFO - DAG(s) 'example_params_ui_tutorial' retrieved from /home/ec2-user/environment/lab4_model_training/venv/lib64/python3.12/site-packages/airflow/example_dags/example_params_ui_tutorial.py
[2026-05-03T22:54:06.605+0000] {logging_mixin.py:190} INFO - [2026-05-03T22:54:06.605+0000] {dag.py:3239} INFO - Sync 1 DAGs
[2026-05-03T22:54:06.615+0000] {logging_mixin.py:190} INFO - [2026-05-03T22:54:06.615+0000] {dag.py:4180} INFO - Setting next_dagrun for example_params_ui_tutorial to None, run_after=None
[2026-05-03T22:54:06.632+0000] {processor.py:208} INFO - Processing /home/ec2-user/environment/lab4_model_training/venv/lib64/python3.12/site-packages/airflow/example_dags/example_params_ui_tutorial.py took 0.073 seconds
[2026-05-03T22:55:10.155+0000] {processor.py:186} INFO - Started process (PID=58644) to work on /home/ec2-user/environment/lab4_model_training/venv/lib64/python3.12/site-packages/airflow/example_dags/example_params_ui_tutorial.py
[2026-05-03T22:55:10.156+0000] {processor.py:914} INFO - Processing file /home/ec2-user/environment/lab4_model_training/venv/lib64/python3.12/site-packages/airflow/example_dags/example_params_ui_tutorial.py for tasks to queue
[2026-05-03T22:55:10.158+0000] {logging_mixin.py:190} INFO - [2026-05-03T22:55:10.158+0000] {dagbag.py:588} INFO - Filling up the DagBag from /home/ec2-user/environment/lab4_model_training/venv/lib64/python3.12/site-packages/airflow/example_dags/example_params_ui_tutorial.py
[2026-05-03T22:55:10.165+0000] {processor.py:925} INFO - DAG(s) 'example_params_ui_tutorial' retrieved from /home/ec2-user/environment/lab4_model_training/venv/lib64/python3.12/site-packages/airflow/example_dags/example_params_ui_tutorial.py
[2026-05-03T22:55:10.195+0000] {logging_mixin.py:190} INFO - [2026-05-03T22:55:10.195+0000] {dag.py:3239} INFO - Sync 1 DAGs
[2026-05-03T22:55:10.205+0000] {logging_mixin.py:190} INFO - [2026-05-03T22:55:10.205+0000] {dag.py:4180} INFO - Setting next_dagrun for example_params_ui_tutorial to None, run_after=None
[2026-05-03T22:55:10.222+0000] {processor.py:208} INFO - Processing /home/ec2-user/environment/lab4_model_training/venv/lib64/python3.12/site-packages/airflow/example_dags/example_params_ui_tutorial.py took 0.071 seconds
[2026-05-03T22:56:17.998+0000] {processor.py:186} INFO - Started process (PID=58810) to work on /home/ec2-user/environment/lab4_model_training/venv/lib64/python3.12/site-packages/airflow/example_dags/example_params_ui_tutorial.py
[2026-05-03T22:56:17.999+0000] {processor.py:914} INFO - Processing file /home/ec2-user/environment/lab4_model_training/venv/lib64/python3.12/site-packages/airflow/example_dags/example_params_ui_tutorial.py for tasks to queue
[2026-05-03T22:56:18.001+0000] {logging_mixin.py:190} INFO - [2026-05-03T22:56:18.001+0000] {dagbag.py:588} INFO - Filling up the DagBag from /home/ec2-user/environment/lab4_model_training/venv/lib64/python3.12/site-packages/airflow/example_dags/example_params_ui_tutorial.py
[2026-05-03T22:56:18.008+0000] {processor.py:925} INFO - DAG(s) 'example_params_ui_tutorial' retrieved from /home/ec2-user/environment/lab4_model_training/venv/lib64/python3.12/site-packages/airflow/example_dags/example_params_ui_tutorial.py
[2026-05-03T22:56:18.038+0000] {logging_mixin.py:190} INFO - [2026-05-03T22:56:18.037+0000] {dag.py:3239} INFO - Sync 1 DAGs
[2026-05-03T22:56:18.047+0000] {logging_mixin.py:190} INFO - [2026-05-03T22:56:18.047+0000] {dag.py:4180} INFO - Setting next_dagrun for example_params_ui_tutorial to None, run_after=None
[2026-05-03T22:56:18.063+0000] {processor.py:208} INFO - Processing /home/ec2-user/environment/lab4_model_training/venv/lib64/python3.12/site-packages/airflow/example_dags/example_params_ui_tutorial.py took 0.069 seconds
[2026-05-03T22:57:23.193+0000] {processor.py:186} INFO - Started process (PID=58949) to work on /home/ec2-user/environment/lab4_model_training/venv/lib64/python3.12/site-packages/airflow/example_dags/example_params_ui_tutorial.py
[2026-05-03T22:57:23.194+0000] {processor.py:914} INFO - Processing file /home/ec2-user/environment/lab4_model_training/venv/lib64/python3.12/site-packages/airflow/example_dags/example_params_ui_tutorial.py for tasks to queue
[2026-05-03T22:57:23.195+0000] {logging_mixin.py:190} INFO - [2026-05-03T22:57:23.195+0000] {dagbag.py:588} INFO - Filling up the DagBag from /home/ec2-user/environment/lab4_model_training/venv/lib64/python3.12/site-packages/airflow/example_dags/example_params_ui_tutorial.py
[2026-05-03T22:57:23.203+0000] {processor.py:925} INFO - DAG(s) 'example_params_ui_tutorial' retrieved from /home/ec2-user/environment/lab4_model_training/venv/lib64/python3.12/site-packages/airflow/example_dags/example_params_ui_tutorial.py
[2026-05-03T22:57:23.235+0000] {logging_mixin.py:190} INFO - [2026-05-03T22:57:23.235+0000] {dag.py:3239} INFO - Sync 1 DAGs
[2026-05-03T22:57:23.245+0000] {logging_mixin.py:190} INFO - [2026-05-03T22:57:23.245+0000] {dag.py:4180} INFO - Setting next_dagrun for example_params_ui_tutorial to None, run_after=None
[2026-05-03T22:57:23.263+0000] {processor.py:208} INFO - Processing /home/ec2-user/environment/lab4_model_training/venv/lib64/python3.12/site-packages/airflow/example_dags/example_params_ui_tutorial.py took 0.074 seconds
[2026-05-03T22:58:29.257+0000] {processor.py:186} INFO - Started process (PID=59295) to work on /home/ec2-user/environment/lab4_model_training/venv/lib64/python3.12/site-packages/airflow/example_dags/example_params_ui_tutorial.py
[2026-05-03T22:58:29.258+0000] {processor.py:914} INFO - Processing file /home/ec2-user/environment/lab4_model_training/venv/lib64/python3.12/site-packages/airflow/example_dags/example_params_ui_tutorial.py for tasks to queue
[2026-05-03T22:58:29.260+0000] {logging_mixin.py:190} INFO - [2026-05-03T22:58:29.260+0000] {dagbag.py:588} INFO - Filling up the DagBag from /home/ec2-user/environment/lab4_model_training/venv/lib64/python3.12/site-packages/airflow/example_dags/example_params_ui_tutorial.py
[2026-05-03T22:58:29.267+0000] {processor.py:925} INFO - DAG(s) 'example_params_ui_tutorial' retrieved from /home/ec2-user/environment/lab4_model_training/venv/lib64/python3.12/site-packages/airflow/example_dags/example_params_ui_tutorial.py
[2026-05-03T22:58:29.298+0000] {logging_mixin.py:190} INFO - [2026-05-03T22:58:29.298+0000] {dag.py:3239} INFO - Sync 1 DAGs
[2026-05-03T22:58:29.308+0000] {logging_mixin.py:190} INFO - [2026-05-03T22:58:29.307+0000] {dag.py:4180} INFO - Setting next_dagrun for example_params_ui_tutorial to None, run_after=None
[2026-05-03T22:58:29.324+0000] {processor.py:208} INFO - Processing /home/ec2-user/environment/lab4_model_training/venv/lib64/python3.12/site-packages/airflow/example_dags/example_params_ui_tutorial.py took 0.072 seconds
[2026-05-03T22:59:36.003+0000] {processor.py:186} INFO - Started process (PID=59582) to work on /home/ec2-user/environment/lab4_model_training/venv/lib64/python3.12/site-packages/airflow/example_dags/example_params_ui_tutorial.py
[2026-05-03T22:59:36.004+0000] {processor.py:914} INFO - Processing file /home/ec2-user/environment/lab4_model_training/venv/lib64/python3.12/site-packages/airflow/example_dags/example_params_ui_tutorial.py for tasks to queue
[2026-05-03T22:59:36.006+0000] {logging_mixin.py:190} INFO - [2026-05-03T22:59:36.005+0000] {dagbag.py:588} INFO - Filling up the DagBag from /home/ec2-user/environment/lab4_model_training/venv/lib64/python3.12/site-packages/airflow/example_dags/example_params_ui_tutorial.py
[2026-05-03T22:59:36.013+0000] {processor.py:925} INFO - DAG(s) 'example_params_ui_tutorial' retrieved from /home/ec2-user/environment/lab4_model_training/venv/lib64/python3.12/site-packages/airflow/example_dags/example_params_ui_tutorial.py
[2026-05-03T22:59:36.042+0000] {logging_mixin.py:190} INFO - [2026-05-03T22:59:36.042+0000] {dag.py:3239} INFO - Sync 1 DAGs
[2026-05-03T22:59:36.052+0000] {logging_mixin.py:190} INFO - [2026-05-03T22:59:36.052+0000] {dag.py:4180} INFO - Setting next_dagrun for example_params_ui_tutorial to None, run_after=None
[2026-05-03T22:59:36.068+0000] {processor.py:208} INFO - Processing /home/ec2-user/environment/lab4_model_training/venv/lib64/python3.12/site-packages/airflow/example_dags/example_params_ui_tutorial.py took 0.070 seconds
[2026-05-03T23:00:39.948+0000] {processor.py:186} INFO - Started process (PID=59886) to work on /home/ec2-user/environment/lab4_model_training/venv/lib64/python3.12/site-packages/airflow/example_dags/example_params_ui_tutorial.py
[2026-05-03T23:00:39.949+0000] {processor.py:914} INFO - Processing file /home/ec2-user/environment/lab4_model_training/venv/lib64/python3.12/site-packages/airflow/example_dags/example_params_ui_tutorial.py for tasks to queue
[2026-05-03T23:00:39.950+0000] {logging_mixin.py:190} INFO - [2026-05-03T23:00:39.950+0000] {dagbag.py:588} INFO - Filling up the DagBag from /home/ec2-user/environment/lab4_model_training/venv/lib64/python3.12/site-packages/airflow/example_dags/example_params_ui_tutorial.py
[2026-05-03T23:00:39.958+0000] {processor.py:925} INFO - DAG(s) 'example_params_ui_tutorial' retrieved from /home/ec2-user/environment/lab4_model_training/venv/lib64/python3.12/site-packages/airflow/example_dags/example_params_ui_tutorial.py
[2026-05-03T23:00:39.987+0000] {logging_mixin.py:190} INFO - [2026-05-03T23:00:39.987+0000] {dag.py:3239} INFO - Sync 1 DAGs
[2026-05-03T23:00:39.997+0000] {logging_mixin.py:190} INFO - [2026-05-03T23:00:39.997+0000] {dag.py:4180} INFO - Setting next_dagrun for example_params_ui_tutorial to None, run_after=None
[2026-05-03T23:00:40.013+0000] {processor.py:208} INFO - Processing /home/ec2-user/environment/lab4_model_training/venv/lib64/python3.12/site-packages/airflow/example_dags/example_params_ui_tutorial.py took 0.070 seconds
[2026-05-03T23:01:47.483+0000] {processor.py:186} INFO - Started process (PID=60233) to work on /home/ec2-user/environment/lab4_model_training/venv/lib64/python3.12/site-packages/airflow/example_dags/example_params_ui_tutorial.py
[2026-05-03T23:01:47.484+0000] {processor.py:914} INFO - Processing file /home/ec2-user/environment/lab4_model_training/venv/lib64/python3.12/site-packages/airflow/example_dags/example_params_ui_tutorial.py for tasks to queue
[2026-05-03T23:01:47.485+0000] {logging_mixin.py:190} INFO - [2026-05-03T23:01:47.485+0000] {dagbag.py:588} INFO - Filling up the DagBag from /home/ec2-user/environment/lab4_model_training/venv/lib64/python3.12/site-packages/airflow/example_dags/example_params_ui_tutorial.py
[2026-05-03T23:01:47.492+0000] {processor.py:925} INFO - DAG(s) 'example_params_ui_tutorial' retrieved from /home/ec2-user/environment/lab4_model_training/venv/lib64/python3.12/site-packages/airflow/example_dags/example_params_ui_tutorial.py
[2026-05-03T23:01:47.521+0000] {logging_mixin.py:190} INFO - [2026-05-03T23:01:47.521+0000] {dag.py:3239} INFO - Sync 1 DAGs
[2026-05-03T23:01:47.532+0000] {logging_mixin.py:190} INFO - [2026-05-03T23:01:47.532+0000] {dag.py:4180} INFO - Setting next_dagrun for example_params_ui_tutorial to None, run_after=None
[2026-05-03T23:01:47.548+0000] {processor.py:208} INFO - Processing /home/ec2-user/environment/lab4_model_training/venv/lib64/python3.12/site-packages/airflow/example_dags/example_params_ui_tutorial.py took 0.070 seconds
[2026-05-03T23:02:51.176+0000] {processor.py:186} INFO - Started process (PID=60491) to work on /home/ec2-user/environment/lab4_model_training/venv/lib64/python3.12/site-packages/airflow/example_dags/example_params_ui_tutorial.py
[2026-05-03T23:02:51.177+0000] {processor.py:914} INFO - Processing file /home/ec2-user/environment/lab4_model_training/venv/lib64/python3.12/site-packages/airflow/example_dags/example_params_ui_tutorial.py for tasks to queue
[2026-05-03T23:02:51.179+0000] {logging_mixin.py:190} INFO - [2026-05-03T23:02:51.178+0000] {dagbag.py:588} INFO - Filling up the DagBag from /home/ec2-user/environment/lab4_model_training/venv/lib64/python3.12/site-packages/airflow/example_dags/example_params_ui_tutorial.py
[2026-05-03T23:02:51.186+0000] {processor.py:925} INFO - DAG(s) 'example_params_ui_tutorial' retrieved from /home/ec2-user/environment/lab4_model_training/venv/lib64/python3.12/site-packages/airflow/example_dags/example_params_ui_tutorial.py
[2026-05-03T23:02:51.217+0000] {logging_mixin.py:190} INFO - [2026-05-03T23:02:51.216+0000] {dag.py:3239} INFO - Sync 1 DAGs
[2026-05-03T23:02:51.227+0000] {logging_mixin.py:190} INFO - [2026-05-03T23:02:51.227+0000] {dag.py:4180} INFO - Setting next_dagrun for example_params_ui_tutorial to None, run_after=None
[2026-05-03T23:02:51.244+0000] {processor.py:208} INFO - Processing /home/ec2-user/environment/lab4_model_training/venv/lib64/python3.12/site-packages/airflow/example_dags/example_params_ui_tutorial.py took 0.073 seconds
[2026-05-03T23:03:50.095+0000] {processor.py:186} INFO - Started process (PID=60804) to work on /home/ec2-user/environment/lab4_model_training/venv/lib64/python3.12/site-packages/airflow/example_dags/example_params_ui_tutorial.py
[2026-05-03T23:03:50.096+0000] {processor.py:914} INFO - Processing file /home/ec2-user/environment/lab4_model_training/venv/lib64/python3.12/site-packages/airflow/example_dags/example_params_ui_tutorial.py for tasks to queue
[2026-05-03T23:03:50.098+0000] {logging_mixin.py:190} INFO - [2026-05-03T23:03:50.097+0000] {dagbag.py:588} INFO - Filling up the DagBag from /home/ec2-user/environment/lab4_model_training/venv/lib64/python3.12/site-packages/airflow/example_dags/example_params_ui_tutorial.py
[2026-05-03T23:03:50.105+0000] {processor.py:925} INFO - DAG(s) 'example_params_ui_tutorial' retrieved from /home/ec2-user/environment/lab4_model_training/venv/lib64/python3.12/site-packages/airflow/example_dags/example_params_ui_tutorial.py
[2026-05-03T23:03:50.136+0000] {logging_mixin.py:190} INFO - [2026-05-03T23:03:50.135+0000] {dag.py:3239} INFO - Sync 1 DAGs
[2026-05-03T23:03:50.146+0000] {logging_mixin.py:190} INFO - [2026-05-03T23:03:50.146+0000] {dag.py:4180} INFO - Setting next_dagrun for example_params_ui_tutorial to None, run_after=None
[2026-05-03T23:03:50.163+0000] {processor.py:208} INFO - Processing /home/ec2-user/environment/lab4_model_training/venv/lib64/python3.12/site-packages/airflow/example_dags/example_params_ui_tutorial.py took 0.073 seconds
[2026-05-03T23:04:57.887+0000] {processor.py:186} INFO - Started process (PID=61058) to work on /home/ec2-user/environment/lab4_model_training/venv/lib64/python3.12/site-packages/airflow/example_dags/example_params_ui_tutorial.py
[2026-05-03T23:04:57.888+0000] {processor.py:914} INFO - Processing file /home/ec2-user/environment/lab4_model_training/venv/lib64/python3.12/site-packages/airflow/example_dags/example_params_ui_tutorial.py for tasks to queue
[2026-05-03T23:04:57.889+0000] {logging_mixin.py:190} INFO - [2026-05-03T23:04:57.889+0000] {dagbag.py:588} INFO - Filling up the DagBag from /home/ec2-user/environment/lab4_model_training/venv/lib64/python3.12/site-packages/airflow/example_dags/example_params_ui_tutorial.py
[2026-05-03T23:04:57.896+0000] {processor.py:925} INFO - DAG(s) 'example_params_ui_tutorial' retrieved from /home/ec2-user/environment/lab4_model_training/venv/lib64/python3.12/site-packages/airflow/example_dags/example_params_ui_tutorial.py
[2026-05-03T23:04:57.926+0000] {logging_mixin.py:190} INFO - [2026-05-03T23:04:57.925+0000] {dag.py:3239} INFO - Sync 1 DAGs
[2026-05-03T23:04:57.935+0000] {logging_mixin.py:190} INFO - [2026-05-03T23:04:57.935+0000] {dag.py:4180} INFO - Setting next_dagrun for example_params_ui_tutorial to None, run_after=None
[2026-05-03T23:04:57.951+0000] {processor.py:208} INFO - Processing /home/ec2-user/environment/lab4_model_training/venv/lib64/python3.12/site-packages/airflow/example_dags/example_params_ui_tutorial.py took 0.069 seconds
[2026-05-03T23:06:01.417+0000] {processor.py:186} INFO - Started process (PID=61359) to work on /home/ec2-user/environment/lab4_model_training/venv/lib64/python3.12/site-packages/airflow/example_dags/example_params_ui_tutorial.py
[2026-05-03T23:06:01.418+0000] {processor.py:914} INFO - Processing file /home/ec2-user/environment/lab4_model_training/venv/lib64/python3.12/site-packages/airflow/example_dags/example_params_ui_tutorial.py for tasks to queue
[2026-05-03T23:06:01.420+0000] {logging_mixin.py:190} INFO - [2026-05-03T23:06:01.419+0000] {dagbag.py:588} INFO - Filling up the DagBag from /home/ec2-user/environment/lab4_model_training/venv/lib64/python3.12/site-packages/airflow/example_dags/example_params_ui_tutorial.py
[2026-05-03T23:06:01.427+0000] {processor.py:925} INFO - DAG(s) 'example_params_ui_tutorial' retrieved from /home/ec2-user/environment/lab4_model_training/venv/lib64/python3.12/site-packages/airflow/example_dags/example_params_ui_tutorial.py
[2026-05-03T23:06:01.458+0000] {logging_mixin.py:190} INFO - [2026-05-03T23:06:01.458+0000] {dag.py:3239} INFO - Sync 1 DAGs
[2026-05-03T23:06:01.468+0000] {logging_mixin.py:190} INFO - [2026-05-03T23:06:01.468+0000] {dag.py:4180} INFO - Setting next_dagrun for example_params_ui_tutorial to None, run_after=None
[2026-05-03T23:06:01.485+0000] {processor.py:208} INFO - Processing /home/ec2-user/environment/lab4_model_training/venv/lib64/python3.12/site-packages/airflow/example_dags/example_params_ui_tutorial.py took 0.072 seconds
[2026-05-03T23:07:03.649+0000] {processor.py:186} INFO - Started process (PID=61592) to work on /home/ec2-user/environment/lab4_model_training/venv/lib64/python3.12/site-packages/airflow/example_dags/example_params_ui_tutorial.py
[2026-05-03T23:07:03.650+0000] {processor.py:914} INFO - Processing file /home/ec2-user/environment/lab4_model_training/venv/lib64/python3.12/site-packages/airflow/example_dags/example_params_ui_tutorial.py for tasks to queue
[2026-05-03T23:07:03.651+0000] {logging_mixin.py:190} INFO - [2026-05-03T23:07:03.651+0000] {dagbag.py:588} INFO - Filling up the DagBag from /home/ec2-user/environment/lab4_model_training/venv/lib64/python3.12/site-packages/airflow/example_dags/example_params_ui_tutorial.py
[2026-05-03T23:07:03.658+0000] {processor.py:925} INFO - DAG(s) 'example_params_ui_tutorial' retrieved from /home/ec2-user/environment/lab4_model_training/venv/lib64/python3.12/site-packages/airflow/example_dags/example_params_ui_tutorial.py
[2026-05-03T23:07:03.688+0000] {logging_mixin.py:190} INFO - [2026-05-03T23:07:03.688+0000] {dag.py:3239} INFO - Sync 1 DAGs
[2026-05-03T23:07:03.698+0000] {logging_mixin.py:190} INFO - [2026-05-03T23:07:03.698+0000] {dag.py:4180} INFO - Setting next_dagrun for example_params_ui_tutorial to None, run_after=None
[2026-05-03T23:07:03.714+0000] {processor.py:208} INFO - Processing /home/ec2-user/environment/lab4_model_training/venv/lib64/python3.12/site-packages/airflow/example_dags/example_params_ui_tutorial.py took 0.070 seconds
[2026-05-03T23:08:09.707+0000] {processor.py:186} INFO - Started process (PID=61926) to work on /home/ec2-user/environment/lab4_model_training/venv/lib64/python3.12/site-packages/airflow/example_dags/example_params_ui_tutorial.py
[2026-05-03T23:08:09.708+0000] {processor.py:914} INFO - Processing file /home/ec2-user/environment/lab4_model_training/venv/lib64/python3.12/site-packages/airflow/example_dags/example_params_ui_tutorial.py for tasks to queue
[2026-05-03T23:08:09.709+0000] {logging_mixin.py:190} INFO - [2026-05-03T23:08:09.709+0000] {dagbag.py:588} INFO - Filling up the DagBag from /home/ec2-user/environment/lab4_model_training/venv/lib64/python3.12/site-packages/airflow/example_dags/example_params_ui_tutorial.py
[2026-05-03T23:08:09.716+0000] {processor.py:925} INFO - DAG(s) 'example_params_ui_tutorial' retrieved from /home/ec2-user/environment/lab4_model_training/venv/lib64/python3.12/site-packages/airflow/example_dags/example_params_ui_tutorial.py
[2026-05-03T23:08:09.746+0000] {logging_mixin.py:190} INFO - [2026-05-03T23:08:09.746+0000] {dag.py:3239} INFO - Sync 1 DAGs
[2026-05-03T23:08:09.755+0000] {logging_mixin.py:190} INFO - [2026-05-03T23:08:09.755+0000] {dag.py:4180} INFO - Setting next_dagrun for example_params_ui_tutorial to None, run_after=None
[2026-05-03T23:08:09.771+0000] {processor.py:208} INFO - Processing /home/ec2-user/environment/lab4_model_training/venv/lib64/python3.12/site-packages/airflow/example_dags/example_params_ui_tutorial.py took 0.070 seconds
[2026-05-03T23:09:14.222+0000] {processor.py:186} INFO - Started process (PID=62158) to work on /home/ec2-user/environment/lab4_model_training/venv/lib64/python3.12/site-packages/airflow/example_dags/example_params_ui_tutorial.py
[2026-05-03T23:09:14.223+0000] {processor.py:914} INFO - Processing file /home/ec2-user/environment/lab4_model_training/venv/lib64/python3.12/site-packages/airflow/example_dags/example_params_ui_tutorial.py for tasks to queue
[2026-05-03T23:09:14.224+0000] {logging_mixin.py:190} INFO - [2026-05-03T23:09:14.224+0000] {dagbag.py:588} INFO - Filling up the DagBag from /home/ec2-user/environment/lab4_model_training/venv/lib64/python3.12/site-packages/airflow/example_dags/example_params_ui_tutorial.py
[2026-05-03T23:09:14.232+0000] {processor.py:925} INFO - DAG(s) 'example_params_ui_tutorial' retrieved from /home/ec2-user/environment/lab4_model_training/venv/lib64/python3.12/site-packages/airflow/example_dags/example_params_ui_tutorial.py
[2026-05-03T23:09:14.261+0000] {logging_mixin.py:190} INFO - [2026-05-03T23:09:14.261+0000] {dag.py:3239} INFO - Sync 1 DAGs
[2026-05-03T23:09:14.271+0000] {logging_mixin.py:190} INFO - [2026-05-03T23:09:14.271+0000] {dag.py:4180} INFO - Setting next_dagrun for example_params_ui_tutorial to None, run_after=None
[2026-05-03T23:09:14.288+0000] {processor.py:208} INFO - Processing /home/ec2-user/environment/lab4_model_training/venv/lib64/python3.12/site-packages/airflow/example_dags/example_params_ui_tutorial.py took 0.071 seconds
[2026-05-03T23:10:17.301+0000] {processor.py:186} INFO - Started process (PID=62343) to work on /home/ec2-user/environment/lab4_model_training/venv/lib64/python3.12/site-packages/airflow/example_dags/example_params_ui_tutorial.py
[2026-05-03T23:10:17.302+0000] {processor.py:914} INFO - Processing file /home/ec2-user/environment/lab4_model_training/venv/lib64/python3.12/site-packages/airflow/example_dags/example_params_ui_tutorial.py for tasks to queue
[2026-05-03T23:10:17.304+0000] {logging_mixin.py:190} INFO - [2026-05-03T23:10:17.303+0000] {dagbag.py:588} INFO - Filling up the DagBag from /home/ec2-user/environment/lab4_model_training/venv/lib64/python3.12/site-packages/airflow/example_dags/example_params_ui_tutorial.py
[2026-05-03T23:10:17.311+0000] {processor.py:925} INFO - DAG(s) 'example_params_ui_tutorial' retrieved from /home/ec2-user/environment/lab4_model_training/venv/lib64/python3.12/site-packages/airflow/example_dags/example_params_ui_tutorial.py
[2026-05-03T23:10:17.341+0000] {logging_mixin.py:190} INFO - [2026-05-03T23:10:17.341+0000] {dag.py:3239} INFO - Sync 1 DAGs
[2026-05-03T23:10:17.351+0000] {logging_mixin.py:190} INFO - [2026-05-03T23:10:17.351+0000] {dag.py:4180} INFO - Setting next_dagrun for example_params_ui_tutorial to None, run_after=None
[2026-05-03T23:10:17.368+0000] {processor.py:208} INFO - Processing /home/ec2-user/environment/lab4_model_training/venv/lib64/python3.12/site-packages/airflow/example_dags/example_params_ui_tutorial.py took 0.072 seconds
[2026-05-03T23:11:23.574+0000] {processor.py:186} INFO - Started process (PID=62549) to work on /home/ec2-user/environment/lab4_model_training/venv/lib64/python3.12/site-packages/airflow/example_dags/example_params_ui_tutorial.py
[2026-05-03T23:11:23.575+0000] {processor.py:914} INFO - Processing file /home/ec2-user/environment/lab4_model_training/venv/lib64/python3.12/site-packages/airflow/example_dags/example_params_ui_tutorial.py for tasks to queue
[2026-05-03T23:11:23.577+0000] {logging_mixin.py:190} INFO - [2026-05-03T23:11:23.576+0000] {dagbag.py:588} INFO - Filling up the DagBag from /home/ec2-user/environment/lab4_model_training/venv/lib64/python3.12/site-packages/airflow/example_dags/example_params_ui_tutorial.py
[2026-05-03T23:11:23.584+0000] {processor.py:925} INFO - DAG(s) 'example_params_ui_tutorial' retrieved from /home/ec2-user/environment/lab4_model_training/venv/lib64/python3.12/site-packages/airflow/example_dags/example_params_ui_tutorial.py
[2026-05-03T23:11:23.613+0000] {logging_mixin.py:190} INFO - [2026-05-03T23:11:23.613+0000] {dag.py:3239} INFO - Sync 1 DAGs
[2026-05-03T23:11:23.624+0000] {logging_mixin.py:190} INFO - [2026-05-03T23:11:23.623+0000] {dag.py:4180} INFO - Setting next_dagrun for example_params_ui_tutorial to None, run_after=None
[2026-05-03T23:11:23.640+0000] {processor.py:208} INFO - Processing /home/ec2-user/environment/lab4_model_training/venv/lib64/python3.12/site-packages/airflow/example_dags/example_params_ui_tutorial.py took 0.070 seconds
[2026-05-03T23:12:29.484+0000] {processor.py:186} INFO - Started process (PID=62746) to work on /home/ec2-user/environment/lab4_model_training/venv/lib64/python3.12/site-packages/airflow/example_dags/example_params_ui_tutorial.py
[2026-05-03T23:12:29.485+0000] {processor.py:914} INFO - Processing file /home/ec2-user/environment/lab4_model_training/venv/lib64/python3.12/site-packages/airflow/example_dags/example_params_ui_tutorial.py for tasks to queue
[2026-05-03T23:12:29.486+0000] {logging_mixin.py:190} INFO - [2026-05-03T23:12:29.486+0000] {dagbag.py:588} INFO - Filling up the DagBag from /home/ec2-user/environment/lab4_model_training/venv/lib64/python3.12/site-packages/airflow/example_dags/example_params_ui_tutorial.py
[2026-05-03T23:12:29.493+0000] {processor.py:925} INFO - DAG(s) 'example_params_ui_tutorial' retrieved from /home/ec2-user/environment/lab4_model_training/venv/lib64/python3.12/site-packages/airflow/example_dags/example_params_ui_tutorial.py
[2026-05-03T23:12:29.523+0000] {logging_mixin.py:190} INFO - [2026-05-03T23:12:29.523+0000] {dag.py:3239} INFO - Sync 1 DAGs
[2026-05-03T23:12:29.532+0000] {logging_mixin.py:190} INFO - [2026-05-03T23:12:29.532+0000] {dag.py:4180} INFO - Setting next_dagrun for example_params_ui_tutorial to None, run_after=None
[2026-05-03T23:12:29.549+0000] {processor.py:208} INFO - Processing /home/ec2-user/environment/lab4_model_training/venv/lib64/python3.12/site-packages/airflow/example_dags/example_params_ui_tutorial.py took 0.070 seconds
[2026-05-03T23:13:37.319+0000] {processor.py:186} INFO - Started process (PID=62922) to work on /home/ec2-user/environment/lab4_model_training/venv/lib64/python3.12/site-packages/airflow/example_dags/example_params_ui_tutorial.py
[2026-05-03T23:13:37.320+0000] {processor.py:914} INFO - Processing file /home/ec2-user/environment/lab4_model_training/venv/lib64/python3.12/site-packages/airflow/example_dags/example_params_ui_tutorial.py for tasks to queue
[2026-05-03T23:13:37.322+0000] {logging_mixin.py:190} INFO - [2026-05-03T23:13:37.322+0000] {dagbag.py:588} INFO - Filling up the DagBag from /home/ec2-user/environment/lab4_model_training/venv/lib64/python3.12/site-packages/airflow/example_dags/example_params_ui_tutorial.py
[2026-05-03T23:13:37.329+0000] {processor.py:925} INFO - DAG(s) 'example_params_ui_tutorial' retrieved from /home/ec2-user/environment/lab4_model_training/venv/lib64/python3.12/site-packages/airflow/example_dags/example_params_ui_tutorial.py
[2026-05-03T23:13:37.359+0000] {logging_mixin.py:190} INFO - [2026-05-03T23:13:37.359+0000] {dag.py:3239} INFO - Sync 1 DAGs
[2026-05-03T23:13:37.368+0000] {logging_mixin.py:190} INFO - [2026-05-03T23:13:37.368+0000] {dag.py:4180} INFO - Setting next_dagrun for example_params_ui_tutorial to None, run_after=None
[2026-05-03T23:13:37.385+0000] {processor.py:208} INFO - Processing /home/ec2-user/environment/lab4_model_training/venv/lib64/python3.12/site-packages/airflow/example_dags/example_params_ui_tutorial.py took 0.070 seconds
[2026-05-03T23:14:41.556+0000] {processor.py:186} INFO - Started process (PID=63119) to work on /home/ec2-user/environment/lab4_model_training/venv/lib64/python3.12/site-packages/airflow/example_dags/example_params_ui_tutorial.py
[2026-05-03T23:14:41.557+0000] {processor.py:914} INFO - Processing file /home/ec2-user/environment/lab4_model_training/venv/lib64/python3.12/site-packages/airflow/example_dags/example_params_ui_tutorial.py for tasks to queue
[2026-05-03T23:14:41.558+0000] {logging_mixin.py:190} INFO - [2026-05-03T23:14:41.558+0000] {dagbag.py:588} INFO - Filling up the DagBag from /home/ec2-user/environment/lab4_model_training/venv/lib64/python3.12/site-packages/airflow/example_dags/example_params_ui_tutorial.py
[2026-05-03T23:14:41.566+0000] {processor.py:925} INFO - DAG(s) 'example_params_ui_tutorial' retrieved from /home/ec2-user/environment/lab4_model_training/venv/lib64/python3.12/site-packages/airflow/example_dags/example_params_ui_tutorial.py
[2026-05-03T23:14:41.596+0000] {logging_mixin.py:190} INFO - [2026-05-03T23:14:41.596+0000] {dag.py:3239} INFO - Sync 1 DAGs
[2026-05-03T23:14:41.606+0000] {logging_mixin.py:190} INFO - [2026-05-03T23:14:41.606+0000] {dag.py:4180} INFO - Setting next_dagrun for example_params_ui_tutorial to None, run_after=None
[2026-05-03T23:14:41.622+0000] {processor.py:208} INFO - Processing /home/ec2-user/environment/lab4_model_training/venv/lib64/python3.12/site-packages/airflow/example_dags/example_params_ui_tutorial.py took 0.071 seconds
[2026-05-03T23:15:44.971+0000] {processor.py:186} INFO - Started process (PID=63396) to work on /home/ec2-user/environment/lab4_model_training/venv/lib64/python3.12/site-packages/airflow/example_dags/example_params_ui_tutorial.py
[2026-05-03T23:15:44.972+0000] {processor.py:914} INFO - Processing file /home/ec2-user/environment/lab4_model_training/venv/lib64/python3.12/site-packages/airflow/example_dags/example_params_ui_tutorial.py for tasks to queue
[2026-05-03T23:15:44.973+0000] {logging_mixin.py:190} INFO - [2026-05-03T23:15:44.973+0000] {dagbag.py:588} INFO - Filling up the DagBag from /home/ec2-user/environment/lab4_model_training/venv/lib64/python3.12/site-packages/airflow/example_dags/example_params_ui_tutorial.py
[2026-05-03T23:15:44.981+0000] {processor.py:925} INFO - DAG(s) 'example_params_ui_tutorial' retrieved from /home/ec2-user/environment/lab4_model_training/venv/lib64/python3.12/site-packages/airflow/example_dags/example_params_ui_tutorial.py
[2026-05-03T23:15:45.011+0000] {logging_mixin.py:190} INFO - [2026-05-03T23:15:45.011+0000] {dag.py:3239} INFO - Sync 1 DAGs
[2026-05-03T23:15:45.021+0000] {logging_mixin.py:190} INFO - [2026-05-03T23:15:45.021+0000] {dag.py:4180} INFO - Setting next_dagrun for example_params_ui_tutorial to None, run_after=None
[2026-05-03T23:15:45.038+0000] {processor.py:208} INFO - Processing /home/ec2-user/environment/lab4_model_training/venv/lib64/python3.12/site-packages/airflow/example_dags/example_params_ui_tutorial.py took 0.072 seconds
[2026-05-03T23:17:08.172+0000] {processor.py:186} INFO - Started process (PID=63666) to work on /home/ec2-user/environment/lab4_model_training/venv/lib64/python3.12/site-packages/airflow/example_dags/example_params_ui_tutorial.py
[2026-05-03T23:17:08.173+0000] {processor.py:914} INFO - Processing file /home/ec2-user/environment/lab4_model_training/venv/lib64/python3.12/site-packages/airflow/example_dags/example_params_ui_tutorial.py for tasks to queue
[2026-05-03T23:17:08.175+0000] {logging_mixin.py:190} INFO - [2026-05-03T23:17:08.175+0000] {dagbag.py:588} INFO - Filling up the DagBag from /home/ec2-user/environment/lab4_model_training/venv/lib64/python3.12/site-packages/airflow/example_dags/example_params_ui_tutorial.py
[2026-05-03T23:17:08.183+0000] {processor.py:925} INFO - DAG(s) 'example_params_ui_tutorial' retrieved from /home/ec2-user/environment/lab4_model_training/venv/lib64/python3.12/site-packages/airflow/example_dags/example_params_ui_tutorial.py
[2026-05-03T23:17:08.214+0000] {logging_mixin.py:190} INFO - [2026-05-03T23:17:08.214+0000] {dag.py:3239} INFO - Sync 1 DAGs
[2026-05-03T23:17:08.224+0000] {logging_mixin.py:190} INFO - [2026-05-03T23:17:08.224+0000] {dag.py:4180} INFO - Setting next_dagrun for example_params_ui_tutorial to None, run_after=None
[2026-05-03T23:17:08.241+0000] {processor.py:208} INFO - Processing /home/ec2-user/environment/lab4_model_training/venv/lib64/python3.12/site-packages/airflow/example_dags/example_params_ui_tutorial.py took 0.074 seconds
[2026-05-03T23:18:13.125+0000] {processor.py:186} INFO - Started process (PID=63784) to work on /home/ec2-user/environment/lab4_model_training/venv/lib64/python3.12/site-packages/airflow/example_dags/example_params_ui_tutorial.py
[2026-05-03T23:18:13.126+0000] {processor.py:914} INFO - Processing file /home/ec2-user/environment/lab4_model_training/venv/lib64/python3.12/site-packages/airflow/example_dags/example_params_ui_tutorial.py for tasks to queue
[2026-05-03T23:18:13.128+0000] {logging_mixin.py:190} INFO - [2026-05-03T23:18:13.127+0000] {dagbag.py:588} INFO - Filling up the DagBag from /home/ec2-user/environment/lab4_model_training/venv/lib64/python3.12/site-packages/airflow/example_dags/example_params_ui_tutorial.py
[2026-05-03T23:18:13.134+0000] {processor.py:925} INFO - DAG(s) 'example_params_ui_tutorial' retrieved from /home/ec2-user/environment/lab4_model_training/venv/lib64/python3.12/site-packages/airflow/example_dags/example_params_ui_tutorial.py
[2026-05-03T23:18:13.164+0000] {logging_mixin.py:190} INFO - [2026-05-03T23:18:13.164+0000] {dag.py:3239} INFO - Sync 1 DAGs
[2026-05-03T23:18:13.174+0000] {logging_mixin.py:190} INFO - [2026-05-03T23:18:13.174+0000] {dag.py:4180} INFO - Setting next_dagrun for example_params_ui_tutorial to None, run_after=None
[2026-05-03T23:18:13.190+0000] {processor.py:208} INFO - Processing /home/ec2-user/environment/lab4_model_training/venv/lib64/python3.12/site-packages/airflow/example_dags/example_params_ui_tutorial.py took 0.070 seconds
[2026-05-03T23:19:17.744+0000] {processor.py:186} INFO - Started process (PID=63955) to work on /home/ec2-user/environment/lab4_model_training/venv/lib64/python3.12/site-packages/airflow/example_dags/example_params_ui_tutorial.py
[2026-05-03T23:19:17.745+0000] {processor.py:914} INFO - Processing file /home/ec2-user/environment/lab4_model_training/venv/lib64/python3.12/site-packages/airflow/example_dags/example_params_ui_tutorial.py for tasks to queue
[2026-05-03T23:19:17.746+0000] {logging_mixin.py:190} INFO - [2026-05-03T23:19:17.746+0000] {dagbag.py:588} INFO - Filling up the DagBag from /home/ec2-user/environment/lab4_model_training/venv/lib64/python3.12/site-packages/airflow/example_dags/example_params_ui_tutorial.py
[2026-05-03T23:19:17.754+0000] {processor.py:925} INFO - DAG(s) 'example_params_ui_tutorial' retrieved from /home/ec2-user/environment/lab4_model_training/venv/lib64/python3.12/site-packages/airflow/example_dags/example_params_ui_tutorial.py
[2026-05-03T23:19:17.783+0000] {logging_mixin.py:190} INFO - [2026-05-03T23:19:17.783+0000] {dag.py:3239} INFO - Sync 1 DAGs
[2026-05-03T23:19:17.793+0000] {logging_mixin.py:190} INFO - [2026-05-03T23:19:17.793+0000] {dag.py:4180} INFO - Setting next_dagrun for example_params_ui_tutorial to None, run_after=None
[2026-05-03T23:19:17.809+0000] {processor.py:208} INFO - Processing /home/ec2-user/environment/lab4_model_training/venv/lib64/python3.12/site-packages/airflow/example_dags/example_params_ui_tutorial.py took 0.070 seconds
[2026-05-03T23:20:22.084+0000] {processor.py:186} INFO - Started process (PID=64077) to work on /home/ec2-user/environment/lab4_model_training/venv/lib64/python3.12/site-packages/airflow/example_dags/example_params_ui_tutorial.py
[2026-05-03T23:20:22.086+0000] {processor.py:914} INFO - Processing file /home/ec2-user/environment/lab4_model_training/venv/lib64/python3.12/site-packages/airflow/example_dags/example_params_ui_tutorial.py for tasks to queue
[2026-05-03T23:20:22.088+0000] {logging_mixin.py:190} INFO - [2026-05-03T23:20:22.087+0000] {dagbag.py:588} INFO - Filling up the DagBag from /home/ec2-user/environment/lab4_model_training/venv/lib64/python3.12/site-packages/airflow/example_dags/example_params_ui_tutorial.py
[2026-05-03T23:20:22.095+0000] {processor.py:925} INFO - DAG(s) 'example_params_ui_tutorial' retrieved from /home/ec2-user/environment/lab4_model_training/venv/lib64/python3.12/site-packages/airflow/example_dags/example_params_ui_tutorial.py
[2026-05-03T23:20:22.125+0000] {logging_mixin.py:190} INFO - [2026-05-03T23:20:22.125+0000] {dag.py:3239} INFO - Sync 1 DAGs
[2026-05-03T23:20:22.135+0000] {logging_mixin.py:190} INFO - [2026-05-03T23:20:22.135+0000] {dag.py:4180} INFO - Setting next_dagrun for example_params_ui_tutorial to None, run_after=None
[2026-05-03T23:20:22.152+0000] {processor.py:208} INFO - Processing /home/ec2-user/environment/lab4_model_training/venv/lib64/python3.12/site-packages/airflow/example_dags/example_params_ui_tutorial.py took 0.072 seconds
[2026-05-03T23:21:49.084+0000] {processor.py:186} INFO - Started process (PID=64383) to work on /home/ec2-user/environment/lab4_model_training/venv/lib64/python3.12/site-packages/airflow/example_dags/example_params_ui_tutorial.py
[2026-05-03T23:21:49.085+0000] {processor.py:914} INFO - Processing file /home/ec2-user/environment/lab4_model_training/venv/lib64/python3.12/site-packages/airflow/example_dags/example_params_ui_tutorial.py for tasks to queue
[2026-05-03T23:21:49.087+0000] {logging_mixin.py:190} INFO - [2026-05-03T23:21:49.087+0000] {dagbag.py:588} INFO - Filling up the DagBag from /home/ec2-user/environment/lab4_model_training/venv/lib64/python3.12/site-packages/airflow/example_dags/example_params_ui_tutorial.py
[2026-05-03T23:21:49.095+0000] {processor.py:925} INFO - DAG(s) 'example_params_ui_tutorial' retrieved from /home/ec2-user/environment/lab4_model_training/venv/lib64/python3.12/site-packages/airflow/example_dags/example_params_ui_tutorial.py
[2026-05-03T23:21:49.125+0000] {logging_mixin.py:190} INFO - [2026-05-03T23:21:49.125+0000] {dag.py:3239} INFO - Sync 1 DAGs
[2026-05-03T23:21:49.135+0000] {logging_mixin.py:190} INFO - [2026-05-03T23:21:49.135+0000] {dag.py:4180} INFO - Setting next_dagrun for example_params_ui_tutorial to None, run_after=None
[2026-05-03T23:21:49.152+0000] {processor.py:208} INFO - Processing /home/ec2-user/environment/lab4_model_training/venv/lib64/python3.12/site-packages/airflow/example_dags/example_params_ui_tutorial.py took 0.072 seconds
[2026-05-03T23:23:06.042+0000] {processor.py:186} INFO - Started process (PID=64554) to work on /home/ec2-user/environment/lab4_model_training/venv/lib64/python3.12/site-packages/airflow/example_dags/example_params_ui_tutorial.py
[2026-05-03T23:23:06.044+0000] {processor.py:914} INFO - Processing file /home/ec2-user/environment/lab4_model_training/venv/lib64/python3.12/site-packages/airflow/example_dags/example_params_ui_tutorial.py for tasks to queue
[2026-05-03T23:23:06.045+0000] {logging_mixin.py:190} INFO - [2026-05-03T23:23:06.045+0000] {dagbag.py:588} INFO - Filling up the DagBag from /home/ec2-user/environment/lab4_model_training/venv/lib64/python3.12/site-packages/airflow/example_dags/example_params_ui_tutorial.py
[2026-05-03T23:23:06.053+0000] {processor.py:925} INFO - DAG(s) 'example_params_ui_tutorial' retrieved from /home/ec2-user/environment/lab4_model_training/venv/lib64/python3.12/site-packages/airflow/example_dags/example_params_ui_tutorial.py
[2026-05-03T23:23:06.083+0000] {logging_mixin.py:190} INFO - [2026-05-03T23:23:06.083+0000] {dag.py:3239} INFO - Sync 1 DAGs
[2026-05-03T23:23:06.093+0000] {logging_mixin.py:190} INFO - [2026-05-03T23:23:06.093+0000] {dag.py:4180} INFO - Setting next_dagrun for example_params_ui_tutorial to None, run_after=None
[2026-05-03T23:23:06.109+0000] {processor.py:208} INFO - Processing /home/ec2-user/environment/lab4_model_training/venv/lib64/python3.12/site-packages/airflow/example_dags/example_params_ui_tutorial.py took 0.072 seconds
[2026-05-03T23:24:09.804+0000] {processor.py:186} INFO - Started process (PID=64747) to work on /home/ec2-user/environment/lab4_model_training/venv/lib64/python3.12/site-packages/airflow/example_dags/example_params_ui_tutorial.py
[2026-05-03T23:24:09.805+0000] {processor.py:914} INFO - Processing file /home/ec2-user/environment/lab4_model_training/venv/lib64/python3.12/site-packages/airflow/example_dags/example_params_ui_tutorial.py for tasks to queue
[2026-05-03T23:24:09.807+0000] {logging_mixin.py:190} INFO - [2026-05-03T23:24:09.806+0000] {dagbag.py:588} INFO - Filling up the DagBag from /home/ec2-user/environment/lab4_model_training/venv/lib64/python3.12/site-packages/airflow/example_dags/example_params_ui_tutorial.py
[2026-05-03T23:24:09.813+0000] {processor.py:925} INFO - DAG(s) 'example_params_ui_tutorial' retrieved from /home/ec2-user/environment/lab4_model_training/venv/lib64/python3.12/site-packages/airflow/example_dags/example_params_ui_tutorial.py
[2026-05-03T23:24:09.842+0000] {logging_mixin.py:190} INFO - [2026-05-03T23:24:09.842+0000] {dag.py:3239} INFO - Sync 1 DAGs
[2026-05-03T23:24:09.852+0000] {logging_mixin.py:190} INFO - [2026-05-03T23:24:09.852+0000] {dag.py:4180} INFO - Setting next_dagrun for example_params_ui_tutorial to None, run_after=None
[2026-05-03T23:24:09.869+0000] {processor.py:208} INFO - Processing /home/ec2-user/environment/lab4_model_training/venv/lib64/python3.12/site-packages/airflow/example_dags/example_params_ui_tutorial.py took 0.069 seconds
[2026-05-03T23:25:15.983+0000] {processor.py:186} INFO - Started process (PID=64926) to work on /home/ec2-user/environment/lab4_model_training/venv/lib64/python3.12/site-packages/airflow/example_dags/example_params_ui_tutorial.py
[2026-05-03T23:25:15.984+0000] {processor.py:914} INFO - Processing file /home/ec2-user/environment/lab4_model_training/venv/lib64/python3.12/site-packages/airflow/example_dags/example_params_ui_tutorial.py for tasks to queue
[2026-05-03T23:25:15.985+0000] {logging_mixin.py:190} INFO - [2026-05-03T23:25:15.985+0000] {dagbag.py:588} INFO - Filling up the DagBag from /home/ec2-user/environment/lab4_model_training/venv/lib64/python3.12/site-packages/airflow/example_dags/example_params_ui_tutorial.py
[2026-05-03T23:25:15.993+0000] {processor.py:925} INFO - DAG(s) 'example_params_ui_tutorial' retrieved from /home/ec2-user/environment/lab4_model_training/venv/lib64/python3.12/site-packages/airflow/example_dags/example_params_ui_tutorial.py
[2026-05-03T23:25:16.024+0000] {logging_mixin.py:190} INFO - [2026-05-03T23:25:16.023+0000] {dag.py:3239} INFO - Sync 1 DAGs
[2026-05-03T23:25:16.033+0000] {logging_mixin.py:190} INFO - [2026-05-03T23:25:16.033+0000] {dag.py:4180} INFO - Setting next_dagrun for example_params_ui_tutorial to None, run_after=None
[2026-05-03T23:25:16.050+0000] {processor.py:208} INFO - Processing /home/ec2-user/environment/lab4_model_training/venv/lib64/python3.12/site-packages/airflow/example_dags/example_params_ui_tutorial.py took 0.072 seconds
