[2026-05-03T22:49:41.338+0000] {processor.py:186} INFO - Started process (PID=57663) to work on /home/ec2-user/environment/lab4_model_training/venv/lib64/python3.12/site-packages/airflow/example_dags/example_inlet_event_extra.py
[2026-05-03T22:49:41.338+0000] {processor.py:914} INFO - Processing file /home/ec2-user/environment/lab4_model_training/venv/lib64/python3.12/site-packages/airflow/example_dags/example_inlet_event_extra.py for tasks to queue
[2026-05-03T22:49:41.340+0000] {logging_mixin.py:190} INFO - [2026-05-03T22:49:41.340+0000] {dagbag.py:588} INFO - Filling up the DagBag from /home/ec2-user/environment/lab4_model_training/venv/lib64/python3.12/site-packages/airflow/example_dags/example_inlet_event_extra.py
[2026-05-03T22:49:41.430+0000] {processor.py:925} INFO - DAG(s) 'read_dataset_event', 'read_dataset_event_from_classic' retrieved from /home/ec2-user/environment/lab4_model_training/venv/lib64/python3.12/site-packages/airflow/example_dags/example_inlet_event_extra.py
[2026-05-03T22:49:41.445+0000] {logging_mixin.py:190} INFO - [2026-05-03T22:49:41.445+0000] {dag.py:3239} INFO - Sync 2 DAGs
[2026-05-03T22:49:41.461+0000] {logging_mixin.py:190} INFO - [2026-05-03T22:49:41.461+0000] {dag.py:4180} INFO - Setting next_dagrun for read_dataset_event to 2026-05-02 00:00:00+00:00, run_after=2026-05-03 00:00:00+00:00
[2026-05-03T22:49:41.464+0000] {logging_mixin.py:190} INFO - [2026-05-03T22:49:41.464+0000] {dag.py:4180} INFO - Setting next_dagrun for read_dataset_event_from_classic to 2026-05-02 00:00:00+00:00, run_after=2026-05-03 00:00:00+00:00
[2026-05-03T22:49:41.481+0000] {processor.py:208} INFO - Processing /home/ec2-user/environment/lab4_model_training/venv/lib64/python3.12/site-packages/airflow/example_dags/example_inlet_event_extra.py took 0.148 seconds
[2026-05-03T22:50:46.131+0000] {processor.py:186} INFO - Started process (PID=57834) to work on /home/ec2-user/environment/lab4_model_training/venv/lib64/python3.12/site-packages/airflow/example_dags/example_inlet_event_extra.py
[2026-05-03T22:50:46.132+0000] {processor.py:914} INFO - Processing file /home/ec2-user/environment/lab4_model_training/venv/lib64/python3.12/site-packages/airflow/example_dags/example_inlet_event_extra.py for tasks to queue
[2026-05-03T22:50:46.133+0000] {logging_mixin.py:190} INFO - [2026-05-03T22:50:46.133+0000] {dagbag.py:588} INFO - Filling up the DagBag from /home/ec2-user/environment/lab4_model_training/venv/lib64/python3.12/site-packages/airflow/example_dags/example_inlet_event_extra.py
[2026-05-03T22:50:46.221+0000] {processor.py:925} INFO - DAG(s) 'read_dataset_event', 'read_dataset_event_from_classic' retrieved from /home/ec2-user/environment/lab4_model_training/venv/lib64/python3.12/site-packages/airflow/example_dags/example_inlet_event_extra.py
[2026-05-03T22:50:46.234+0000] {logging_mixin.py:190} INFO - [2026-05-03T22:50:46.234+0000] {dag.py:3239} INFO - Sync 2 DAGs
[2026-05-03T22:50:46.251+0000] {logging_mixin.py:190} INFO - [2026-05-03T22:50:46.251+0000] {dag.py:4180} INFO - Setting next_dagrun for read_dataset_event to 2026-05-02 00:00:00+00:00, run_after=2026-05-03 00:00:00+00:00
[2026-05-03T22:50:46.254+0000] {logging_mixin.py:190} INFO - [2026-05-03T22:50:46.254+0000] {dag.py:4180} INFO - Setting next_dagrun for read_dataset_event_from_classic to 2026-05-02 00:00:00+00:00, run_after=2026-05-03 00:00:00+00:00
[2026-05-03T22:50:46.269+0000] {processor.py:208} INFO - Processing /home/ec2-user/environment/lab4_model_training/venv/lib64/python3.12/site-packages/airflow/example_dags/example_inlet_event_extra.py took 0.142 seconds
[2026-05-03T22:51:48.659+0000] {processor.py:186} INFO - Started process (PID=58002) to work on /home/ec2-user/environment/lab4_model_training/venv/lib64/python3.12/site-packages/airflow/example_dags/example_inlet_event_extra.py
[2026-05-03T22:51:48.660+0000] {processor.py:914} INFO - Processing file /home/ec2-user/environment/lab4_model_training/venv/lib64/python3.12/site-packages/airflow/example_dags/example_inlet_event_extra.py for tasks to queue
[2026-05-03T22:51:48.661+0000] {logging_mixin.py:190} INFO - [2026-05-03T22:51:48.661+0000] {dagbag.py:588} INFO - Filling up the DagBag from /home/ec2-user/environment/lab4_model_training/venv/lib64/python3.12/site-packages/airflow/example_dags/example_inlet_event_extra.py
[2026-05-03T22:51:48.749+0000] {processor.py:925} INFO - DAG(s) 'read_dataset_event_from_classic', 'read_dataset_event' retrieved from /home/ec2-user/environment/lab4_model_training/venv/lib64/python3.12/site-packages/airflow/example_dags/example_inlet_event_extra.py
[2026-05-03T22:51:48.762+0000] {logging_mixin.py:190} INFO - [2026-05-03T22:51:48.762+0000] {dag.py:3239} INFO - Sync 2 DAGs
[2026-05-03T22:51:48.783+0000] {logging_mixin.py:190} INFO - [2026-05-03T22:51:48.782+0000] {dag.py:4180} INFO - Setting next_dagrun for read_dataset_event to 2026-05-02 00:00:00+00:00, run_after=2026-05-03 00:00:00+00:00
[2026-05-03T22:51:48.786+0000] {logging_mixin.py:190} INFO - [2026-05-03T22:51:48.786+0000] {dag.py:4180} INFO - Setting next_dagrun for read_dataset_event_from_classic to 2026-05-02 00:00:00+00:00, run_after=2026-05-03 00:00:00+00:00
[2026-05-03T22:51:48.801+0000] {processor.py:208} INFO - Processing /home/ec2-user/environment/lab4_model_training/venv/lib64/python3.12/site-packages/airflow/example_dags/example_inlet_event_extra.py took 0.146 seconds
[2026-05-03T22:52:54.474+0000] {processor.py:186} INFO - Started process (PID=58166) to work on /home/ec2-user/environment/lab4_model_training/venv/lib64/python3.12/site-packages/airflow/example_dags/example_inlet_event_extra.py
[2026-05-03T22:52:54.475+0000] {processor.py:914} INFO - Processing file /home/ec2-user/environment/lab4_model_training/venv/lib64/python3.12/site-packages/airflow/example_dags/example_inlet_event_extra.py for tasks to queue
[2026-05-03T22:52:54.477+0000] {logging_mixin.py:190} INFO - [2026-05-03T22:52:54.477+0000] {dagbag.py:588} INFO - Filling up the DagBag from /home/ec2-user/environment/lab4_model_training/venv/lib64/python3.12/site-packages/airflow/example_dags/example_inlet_event_extra.py
[2026-05-03T22:52:54.565+0000] {processor.py:925} INFO - DAG(s) 'read_dataset_event', 'read_dataset_event_from_classic' retrieved from /home/ec2-user/environment/lab4_model_training/venv/lib64/python3.12/site-packages/airflow/example_dags/example_inlet_event_extra.py
[2026-05-03T22:52:54.578+0000] {logging_mixin.py:190} INFO - [2026-05-03T22:52:54.578+0000] {dag.py:3239} INFO - Sync 2 DAGs
[2026-05-03T22:52:54.595+0000] {logging_mixin.py:190} INFO - [2026-05-03T22:52:54.595+0000] {dag.py:4180} INFO - Setting next_dagrun for read_dataset_event to 2026-05-02 00:00:00+00:00, run_after=2026-05-03 00:00:00+00:00
[2026-05-03T22:52:54.598+0000] {logging_mixin.py:190} INFO - [2026-05-03T22:52:54.598+0000] {dag.py:4180} INFO - Setting next_dagrun for read_dataset_event_from_classic to 2026-05-02 00:00:00+00:00, run_after=2026-05-03 00:00:00+00:00
[2026-05-03T22:52:54.613+0000] {processor.py:208} INFO - Processing /home/ec2-user/environment/lab4_model_training/venv/lib64/python3.12/site-packages/airflow/example_dags/example_inlet_event_extra.py took 0.144 seconds
[2026-05-03T22:53:58.796+0000] {processor.py:186} INFO - Started process (PID=58447) to work on /home/ec2-user/environment/lab4_model_training/venv/lib64/python3.12/site-packages/airflow/example_dags/example_inlet_event_extra.py
[2026-05-03T22:53:58.797+0000] {processor.py:914} INFO - Processing file /home/ec2-user/environment/lab4_model_training/venv/lib64/python3.12/site-packages/airflow/example_dags/example_inlet_event_extra.py for tasks to queue
[2026-05-03T22:53:58.798+0000] {logging_mixin.py:190} INFO - [2026-05-03T22:53:58.798+0000] {dagbag.py:588} INFO - Filling up the DagBag from /home/ec2-user/environment/lab4_model_training/venv/lib64/python3.12/site-packages/airflow/example_dags/example_inlet_event_extra.py
[2026-05-03T22:53:58.886+0000] {processor.py:925} INFO - DAG(s) 'read_dataset_event', 'read_dataset_event_from_classic' retrieved from /home/ec2-user/environment/lab4_model_training/venv/lib64/python3.12/site-packages/airflow/example_dags/example_inlet_event_extra.py
[2026-05-03T22:53:58.898+0000] {logging_mixin.py:190} INFO - [2026-05-03T22:53:58.898+0000] {dag.py:3239} INFO - Sync 2 DAGs
[2026-05-03T22:53:58.914+0000] {logging_mixin.py:190} INFO - [2026-05-03T22:53:58.914+0000] {dag.py:4180} INFO - Setting next_dagrun for read_dataset_event to 2026-05-02 00:00:00+00:00, run_after=2026-05-03 00:00:00+00:00
[2026-05-03T22:53:58.917+0000] {logging_mixin.py:190} INFO - [2026-05-03T22:53:58.917+0000] {dag.py:4180} INFO - Setting next_dagrun for read_dataset_event_from_classic to 2026-05-02 00:00:00+00:00, run_after=2026-05-03 00:00:00+00:00
[2026-05-03T22:53:58.933+0000] {processor.py:208} INFO - Processing /home/ec2-user/environment/lab4_model_training/venv/lib64/python3.12/site-packages/airflow/example_dags/example_inlet_event_extra.py took 0.142 seconds
[2026-05-03T22:55:03.132+0000] {processor.py:186} INFO - Started process (PID=58632) to work on /home/ec2-user/environment/lab4_model_training/venv/lib64/python3.12/site-packages/airflow/example_dags/example_inlet_event_extra.py
[2026-05-03T22:55:03.133+0000] {processor.py:914} INFO - Processing file /home/ec2-user/environment/lab4_model_training/venv/lib64/python3.12/site-packages/airflow/example_dags/example_inlet_event_extra.py for tasks to queue
[2026-05-03T22:55:03.135+0000] {logging_mixin.py:190} INFO - [2026-05-03T22:55:03.135+0000] {dagbag.py:588} INFO - Filling up the DagBag from /home/ec2-user/environment/lab4_model_training/venv/lib64/python3.12/site-packages/airflow/example_dags/example_inlet_event_extra.py
[2026-05-03T22:55:03.223+0000] {processor.py:925} INFO - DAG(s) 'read_dataset_event_from_classic', 'read_dataset_event' retrieved from /home/ec2-user/environment/lab4_model_training/venv/lib64/python3.12/site-packages/airflow/example_dags/example_inlet_event_extra.py
[2026-05-03T22:55:03.236+0000] {logging_mixin.py:190} INFO - [2026-05-03T22:55:03.236+0000] {dag.py:3239} INFO - Sync 2 DAGs
[2026-05-03T22:55:03.252+0000] {logging_mixin.py:190} INFO - [2026-05-03T22:55:03.252+0000] {dag.py:4180} INFO - Setting next_dagrun for read_dataset_event to 2026-05-02 00:00:00+00:00, run_after=2026-05-03 00:00:00+00:00
[2026-05-03T22:55:03.256+0000] {logging_mixin.py:190} INFO - [2026-05-03T22:55:03.256+0000] {dag.py:4180} INFO - Setting next_dagrun for read_dataset_event_from_classic to 2026-05-02 00:00:00+00:00, run_after=2026-05-03 00:00:00+00:00
[2026-05-03T22:55:03.271+0000] {processor.py:208} INFO - Processing /home/ec2-user/environment/lab4_model_training/venv/lib64/python3.12/site-packages/airflow/example_dags/example_inlet_event_extra.py took 0.143 seconds
[2026-05-03T22:56:10.030+0000] {processor.py:186} INFO - Started process (PID=58802) to work on /home/ec2-user/environment/lab4_model_training/venv/lib64/python3.12/site-packages/airflow/example_dags/example_inlet_event_extra.py
[2026-05-03T22:56:10.031+0000] {processor.py:914} INFO - Processing file /home/ec2-user/environment/lab4_model_training/venv/lib64/python3.12/site-packages/airflow/example_dags/example_inlet_event_extra.py for tasks to queue
[2026-05-03T22:56:10.032+0000] {logging_mixin.py:190} INFO - [2026-05-03T22:56:10.032+0000] {dagbag.py:588} INFO - Filling up the DagBag from /home/ec2-user/environment/lab4_model_training/venv/lib64/python3.12/site-packages/airflow/example_dags/example_inlet_event_extra.py
[2026-05-03T22:56:10.119+0000] {processor.py:925} INFO - DAG(s) 'read_dataset_event', 'read_dataset_event_from_classic' retrieved from /home/ec2-user/environment/lab4_model_training/venv/lib64/python3.12/site-packages/airflow/example_dags/example_inlet_event_extra.py
[2026-05-03T22:56:10.132+0000] {logging_mixin.py:190} INFO - [2026-05-03T22:56:10.132+0000] {dag.py:3239} INFO - Sync 2 DAGs
[2026-05-03T22:56:10.147+0000] {logging_mixin.py:190} INFO - [2026-05-03T22:56:10.147+0000] {dag.py:4180} INFO - Setting next_dagrun for read_dataset_event to 2026-05-02 00:00:00+00:00, run_after=2026-05-03 00:00:00+00:00
[2026-05-03T22:56:10.150+0000] {logging_mixin.py:190} INFO - [2026-05-03T22:56:10.150+0000] {dag.py:4180} INFO - Setting next_dagrun for read_dataset_event_from_classic to 2026-05-02 00:00:00+00:00, run_after=2026-05-03 00:00:00+00:00
[2026-05-03T22:56:10.165+0000] {processor.py:208} INFO - Processing /home/ec2-user/environment/lab4_model_training/venv/lib64/python3.12/site-packages/airflow/example_dags/example_inlet_event_extra.py took 0.139 seconds
[2026-05-03T22:57:15.279+0000] {processor.py:186} INFO - Started process (PID=58927) to work on /home/ec2-user/environment/lab4_model_training/venv/lib64/python3.12/site-packages/airflow/example_dags/example_inlet_event_extra.py
[2026-05-03T22:57:15.280+0000] {processor.py:914} INFO - Processing file /home/ec2-user/environment/lab4_model_training/venv/lib64/python3.12/site-packages/airflow/example_dags/example_inlet_event_extra.py for tasks to queue
[2026-05-03T22:57:15.281+0000] {logging_mixin.py:190} INFO - [2026-05-03T22:57:15.281+0000] {dagbag.py:588} INFO - Filling up the DagBag from /home/ec2-user/environment/lab4_model_training/venv/lib64/python3.12/site-packages/airflow/example_dags/example_inlet_event_extra.py
[2026-05-03T22:57:15.369+0000] {processor.py:925} INFO - DAG(s) 'read_dataset_event_from_classic', 'read_dataset_event' retrieved from /home/ec2-user/environment/lab4_model_training/venv/lib64/python3.12/site-packages/airflow/example_dags/example_inlet_event_extra.py
[2026-05-03T22:57:15.381+0000] {logging_mixin.py:190} INFO - [2026-05-03T22:57:15.381+0000] {dag.py:3239} INFO - Sync 2 DAGs
[2026-05-03T22:57:15.397+0000] {logging_mixin.py:190} INFO - [2026-05-03T22:57:15.397+0000] {dag.py:4180} INFO - Setting next_dagrun for read_dataset_event to 2026-05-02 00:00:00+00:00, run_after=2026-05-03 00:00:00+00:00
[2026-05-03T22:57:15.400+0000] {logging_mixin.py:190} INFO - [2026-05-03T22:57:15.400+0000] {dag.py:4180} INFO - Setting next_dagrun for read_dataset_event_from_classic to 2026-05-02 00:00:00+00:00, run_after=2026-05-03 00:00:00+00:00
[2026-05-03T22:57:15.415+0000] {processor.py:208} INFO - Processing /home/ec2-user/environment/lab4_model_training/venv/lib64/python3.12/site-packages/airflow/example_dags/example_inlet_event_extra.py took 0.141 seconds
[2026-05-03T22:58:21.769+0000] {processor.py:186} INFO - Started process (PID=59272) to work on /home/ec2-user/environment/lab4_model_training/venv/lib64/python3.12/site-packages/airflow/example_dags/example_inlet_event_extra.py
[2026-05-03T22:58:21.770+0000] {processor.py:914} INFO - Processing file /home/ec2-user/environment/lab4_model_training/venv/lib64/python3.12/site-packages/airflow/example_dags/example_inlet_event_extra.py for tasks to queue
[2026-05-03T22:58:21.772+0000] {logging_mixin.py:190} INFO - [2026-05-03T22:58:21.772+0000] {dagbag.py:588} INFO - Filling up the DagBag from /home/ec2-user/environment/lab4_model_training/venv/lib64/python3.12/site-packages/airflow/example_dags/example_inlet_event_extra.py
[2026-05-03T22:58:21.860+0000] {processor.py:925} INFO - DAG(s) 'read_dataset_event', 'read_dataset_event_from_classic' retrieved from /home/ec2-user/environment/lab4_model_training/venv/lib64/python3.12/site-packages/airflow/example_dags/example_inlet_event_extra.py
[2026-05-03T22:58:21.873+0000] {logging_mixin.py:190} INFO - [2026-05-03T22:58:21.873+0000] {dag.py:3239} INFO - Sync 2 DAGs
[2026-05-03T22:58:21.889+0000] {logging_mixin.py:190} INFO - [2026-05-03T22:58:21.889+0000] {dag.py:4180} INFO - Setting next_dagrun for read_dataset_event to 2026-05-02 00:00:00+00:00, run_after=2026-05-03 00:00:00+00:00
[2026-05-03T22:58:21.892+0000] {logging_mixin.py:190} INFO - [2026-05-03T22:58:21.892+0000] {dag.py:4180} INFO - Setting next_dagrun for read_dataset_event_from_classic to 2026-05-02 00:00:00+00:00, run_after=2026-05-03 00:00:00+00:00
[2026-05-03T22:58:21.907+0000] {processor.py:208} INFO - Processing /home/ec2-user/environment/lab4_model_training/venv/lib64/python3.12/site-packages/airflow/example_dags/example_inlet_event_extra.py took 0.142 seconds
[2026-05-03T22:59:27.996+0000] {processor.py:186} INFO - Started process (PID=59547) to work on /home/ec2-user/environment/lab4_model_training/venv/lib64/python3.12/site-packages/airflow/example_dags/example_inlet_event_extra.py
[2026-05-03T22:59:27.997+0000] {processor.py:914} INFO - Processing file /home/ec2-user/environment/lab4_model_training/venv/lib64/python3.12/site-packages/airflow/example_dags/example_inlet_event_extra.py for tasks to queue
[2026-05-03T22:59:27.999+0000] {logging_mixin.py:190} INFO - [2026-05-03T22:59:27.999+0000] {dagbag.py:588} INFO - Filling up the DagBag from /home/ec2-user/environment/lab4_model_training/venv/lib64/python3.12/site-packages/airflow/example_dags/example_inlet_event_extra.py
[2026-05-03T22:59:28.088+0000] {processor.py:925} INFO - DAG(s) 'read_dataset_event_from_classic', 'read_dataset_event' retrieved from /home/ec2-user/environment/lab4_model_training/venv/lib64/python3.12/site-packages/airflow/example_dags/example_inlet_event_extra.py
[2026-05-03T22:59:28.100+0000] {logging_mixin.py:190} INFO - [2026-05-03T22:59:28.100+0000] {dag.py:3239} INFO - Sync 2 DAGs
[2026-05-03T22:59:28.116+0000] {logging_mixin.py:190} INFO - [2026-05-03T22:59:28.116+0000] {dag.py:4180} INFO - Setting next_dagrun for read_dataset_event to 2026-05-02 00:00:00+00:00, run_after=2026-05-03 00:00:00+00:00
[2026-05-03T22:59:28.119+0000] {logging_mixin.py:190} INFO - [2026-05-03T22:59:28.119+0000] {dag.py:4180} INFO - Setting next_dagrun for read_dataset_event_from_classic to 2026-05-02 00:00:00+00:00, run_after=2026-05-03 00:00:00+00:00
[2026-05-03T22:59:28.134+0000] {processor.py:208} INFO - Processing /home/ec2-user/environment/lab4_model_training/venv/lib64/python3.12/site-packages/airflow/example_dags/example_inlet_event_extra.py took 0.142 seconds
[2026-05-03T23:00:31.813+0000] {processor.py:186} INFO - Started process (PID=59859) to work on /home/ec2-user/environment/lab4_model_training/venv/lib64/python3.12/site-packages/airflow/example_dags/example_inlet_event_extra.py
[2026-05-03T23:00:31.814+0000] {processor.py:914} INFO - Processing file /home/ec2-user/environment/lab4_model_training/venv/lib64/python3.12/site-packages/airflow/example_dags/example_inlet_event_extra.py for tasks to queue
[2026-05-03T23:00:31.816+0000] {logging_mixin.py:190} INFO - [2026-05-03T23:00:31.816+0000] {dagbag.py:588} INFO - Filling up the DagBag from /home/ec2-user/environment/lab4_model_training/venv/lib64/python3.12/site-packages/airflow/example_dags/example_inlet_event_extra.py
[2026-05-03T23:00:31.902+0000] {processor.py:925} INFO - DAG(s) 'read_dataset_event', 'read_dataset_event_from_classic' retrieved from /home/ec2-user/environment/lab4_model_training/venv/lib64/python3.12/site-packages/airflow/example_dags/example_inlet_event_extra.py
[2026-05-03T23:00:31.915+0000] {logging_mixin.py:190} INFO - [2026-05-03T23:00:31.915+0000] {dag.py:3239} INFO - Sync 2 DAGs
[2026-05-03T23:00:31.931+0000] {logging_mixin.py:190} INFO - [2026-05-03T23:00:31.931+0000] {dag.py:4180} INFO - Setting next_dagrun for read_dataset_event to 2026-05-02 00:00:00+00:00, run_after=2026-05-03 00:00:00+00:00
[2026-05-03T23:00:31.934+0000] {logging_mixin.py:190} INFO - [2026-05-03T23:00:31.934+0000] {dag.py:4180} INFO - Setting next_dagrun for read_dataset_event_from_classic to 2026-05-02 00:00:00+00:00, run_after=2026-05-03 00:00:00+00:00
[2026-05-03T23:00:31.948+0000] {processor.py:208} INFO - Processing /home/ec2-user/environment/lab4_model_training/venv/lib64/python3.12/site-packages/airflow/example_dags/example_inlet_event_extra.py took 0.139 seconds
[2026-05-03T23:01:39.361+0000] {processor.py:186} INFO - Started process (PID=60128) to work on /home/ec2-user/environment/lab4_model_training/venv/lib64/python3.12/site-packages/airflow/example_dags/example_inlet_event_extra.py
[2026-05-03T23:01:39.362+0000] {processor.py:914} INFO - Processing file /home/ec2-user/environment/lab4_model_training/venv/lib64/python3.12/site-packages/airflow/example_dags/example_inlet_event_extra.py for tasks to queue
[2026-05-03T23:01:39.363+0000] {logging_mixin.py:190} INFO - [2026-05-03T23:01:39.363+0000] {dagbag.py:588} INFO - Filling up the DagBag from /home/ec2-user/environment/lab4_model_training/venv/lib64/python3.12/site-packages/airflow/example_dags/example_inlet_event_extra.py
[2026-05-03T23:01:39.450+0000] {processor.py:925} INFO - DAG(s) 'read_dataset_event', 'read_dataset_event_from_classic' retrieved from /home/ec2-user/environment/lab4_model_training/venv/lib64/python3.12/site-packages/airflow/example_dags/example_inlet_event_extra.py
[2026-05-03T23:01:39.463+0000] {logging_mixin.py:190} INFO - [2026-05-03T23:01:39.463+0000] {dag.py:3239} INFO - Sync 2 DAGs
[2026-05-03T23:01:39.480+0000] {logging_mixin.py:190} INFO - [2026-05-03T23:01:39.479+0000] {dag.py:4180} INFO - Setting next_dagrun for read_dataset_event to 2026-05-02 00:00:00+00:00, run_after=2026-05-03 00:00:00+00:00
[2026-05-03T23:01:39.483+0000] {logging_mixin.py:190} INFO - [2026-05-03T23:01:39.483+0000] {dag.py:4180} INFO - Setting next_dagrun for read_dataset_event_from_classic to 2026-05-02 00:00:00+00:00, run_after=2026-05-03 00:00:00+00:00
[2026-05-03T23:01:39.498+0000] {processor.py:208} INFO - Processing /home/ec2-user/environment/lab4_model_training/venv/lib64/python3.12/site-packages/airflow/example_dags/example_inlet_event_extra.py took 0.142 seconds
[2026-05-03T23:02:43.665+0000] {processor.py:186} INFO - Started process (PID=60466) to work on /home/ec2-user/environment/lab4_model_training/venv/lib64/python3.12/site-packages/airflow/example_dags/example_inlet_event_extra.py
[2026-05-03T23:02:43.666+0000] {processor.py:914} INFO - Processing file /home/ec2-user/environment/lab4_model_training/venv/lib64/python3.12/site-packages/airflow/example_dags/example_inlet_event_extra.py for tasks to queue
[2026-05-03T23:02:43.668+0000] {logging_mixin.py:190} INFO - [2026-05-03T23:02:43.667+0000] {dagbag.py:588} INFO - Filling up the DagBag from /home/ec2-user/environment/lab4_model_training/venv/lib64/python3.12/site-packages/airflow/example_dags/example_inlet_event_extra.py
[2026-05-03T23:02:43.756+0000] {processor.py:925} INFO - DAG(s) 'read_dataset_event', 'read_dataset_event_from_classic' retrieved from /home/ec2-user/environment/lab4_model_training/venv/lib64/python3.12/site-packages/airflow/example_dags/example_inlet_event_extra.py
[2026-05-03T23:02:43.768+0000] {logging_mixin.py:190} INFO - [2026-05-03T23:02:43.768+0000] {dag.py:3239} INFO - Sync 2 DAGs
[2026-05-03T23:02:43.786+0000] {logging_mixin.py:190} INFO - [2026-05-03T23:02:43.786+0000] {dag.py:4180} INFO - Setting next_dagrun for read_dataset_event to 2026-05-02 00:00:00+00:00, run_after=2026-05-03 00:00:00+00:00
[2026-05-03T23:02:43.789+0000] {logging_mixin.py:190} INFO - [2026-05-03T23:02:43.789+0000] {dag.py:4180} INFO - Setting next_dagrun for read_dataset_event_from_classic to 2026-05-02 00:00:00+00:00, run_after=2026-05-03 00:00:00+00:00
[2026-05-03T23:02:43.804+0000] {processor.py:208} INFO - Processing /home/ec2-user/environment/lab4_model_training/venv/lib64/python3.12/site-packages/airflow/example_dags/example_inlet_event_extra.py took 0.144 seconds
[2026-05-03T23:03:43.219+0000] {processor.py:186} INFO - Started process (PID=60718) to work on /home/ec2-user/environment/lab4_model_training/venv/lib64/python3.12/site-packages/airflow/example_dags/example_inlet_event_extra.py
[2026-05-03T23:03:43.220+0000] {processor.py:914} INFO - Processing file /home/ec2-user/environment/lab4_model_training/venv/lib64/python3.12/site-packages/airflow/example_dags/example_inlet_event_extra.py for tasks to queue
[2026-05-03T23:03:43.222+0000] {logging_mixin.py:190} INFO - [2026-05-03T23:03:43.221+0000] {dagbag.py:588} INFO - Filling up the DagBag from /home/ec2-user/environment/lab4_model_training/venv/lib64/python3.12/site-packages/airflow/example_dags/example_inlet_event_extra.py
[2026-05-03T23:03:43.311+0000] {processor.py:925} INFO - DAG(s) 'read_dataset_event', 'read_dataset_event_from_classic' retrieved from /home/ec2-user/environment/lab4_model_training/venv/lib64/python3.12/site-packages/airflow/example_dags/example_inlet_event_extra.py
[2026-05-03T23:03:43.324+0000] {logging_mixin.py:190} INFO - [2026-05-03T23:03:43.324+0000] {dag.py:3239} INFO - Sync 2 DAGs
[2026-05-03T23:03:43.342+0000] {logging_mixin.py:190} INFO - [2026-05-03T23:03:43.341+0000] {dag.py:4180} INFO - Setting next_dagrun for read_dataset_event to 2026-05-02 00:00:00+00:00, run_after=2026-05-03 00:00:00+00:00
[2026-05-03T23:03:43.345+0000] {logging_mixin.py:190} INFO - [2026-05-03T23:03:43.345+0000] {dag.py:4180} INFO - Setting next_dagrun for read_dataset_event_from_classic to 2026-05-02 00:00:00+00:00, run_after=2026-05-03 00:00:00+00:00
[2026-05-03T23:03:43.361+0000] {processor.py:208} INFO - Processing /home/ec2-user/environment/lab4_model_training/venv/lib64/python3.12/site-packages/airflow/example_dags/example_inlet_event_extra.py took 0.147 seconds
[2026-05-03T23:04:49.879+0000] {processor.py:186} INFO - Started process (PID=61031) to work on /home/ec2-user/environment/lab4_model_training/venv/lib64/python3.12/site-packages/airflow/example_dags/example_inlet_event_extra.py
[2026-05-03T23:04:49.880+0000] {processor.py:914} INFO - Processing file /home/ec2-user/environment/lab4_model_training/venv/lib64/python3.12/site-packages/airflow/example_dags/example_inlet_event_extra.py for tasks to queue
[2026-05-03T23:04:49.882+0000] {logging_mixin.py:190} INFO - [2026-05-03T23:04:49.881+0000] {dagbag.py:588} INFO - Filling up the DagBag from /home/ec2-user/environment/lab4_model_training/venv/lib64/python3.12/site-packages/airflow/example_dags/example_inlet_event_extra.py
[2026-05-03T23:04:49.968+0000] {processor.py:925} INFO - DAG(s) 'read_dataset_event_from_classic', 'read_dataset_event' retrieved from /home/ec2-user/environment/lab4_model_training/venv/lib64/python3.12/site-packages/airflow/example_dags/example_inlet_event_extra.py
[2026-05-03T23:04:49.980+0000] {logging_mixin.py:190} INFO - [2026-05-03T23:04:49.980+0000] {dag.py:3239} INFO - Sync 2 DAGs
[2026-05-03T23:04:49.995+0000] {logging_mixin.py:190} INFO - [2026-05-03T23:04:49.995+0000] {dag.py:4180} INFO - Setting next_dagrun for read_dataset_event to 2026-05-02 00:00:00+00:00, run_after=2026-05-03 00:00:00+00:00
[2026-05-03T23:04:49.998+0000] {logging_mixin.py:190} INFO - [2026-05-03T23:04:49.998+0000] {dag.py:4180} INFO - Setting next_dagrun for read_dataset_event_from_classic to 2026-05-02 00:00:00+00:00, run_after=2026-05-03 00:00:00+00:00
[2026-05-03T23:04:50.015+0000] {processor.py:208} INFO - Processing /home/ec2-user/environment/lab4_model_training/venv/lib64/python3.12/site-packages/airflow/example_dags/example_inlet_event_extra.py took 0.140 seconds
[2026-05-03T23:05:54.529+0000] {processor.py:186} INFO - Started process (PID=61332) to work on /home/ec2-user/environment/lab4_model_training/venv/lib64/python3.12/site-packages/airflow/example_dags/example_inlet_event_extra.py
[2026-05-03T23:05:54.531+0000] {processor.py:914} INFO - Processing file /home/ec2-user/environment/lab4_model_training/venv/lib64/python3.12/site-packages/airflow/example_dags/example_inlet_event_extra.py for tasks to queue
[2026-05-03T23:05:54.532+0000] {logging_mixin.py:190} INFO - [2026-05-03T23:05:54.532+0000] {dagbag.py:588} INFO - Filling up the DagBag from /home/ec2-user/environment/lab4_model_training/venv/lib64/python3.12/site-packages/airflow/example_dags/example_inlet_event_extra.py
[2026-05-03T23:05:54.615+0000] {processor.py:925} INFO - DAG(s) 'read_dataset_event', 'read_dataset_event_from_classic' retrieved from /home/ec2-user/environment/lab4_model_training/venv/lib64/python3.12/site-packages/airflow/example_dags/example_inlet_event_extra.py
[2026-05-03T23:05:54.628+0000] {logging_mixin.py:190} INFO - [2026-05-03T23:05:54.628+0000] {dag.py:3239} INFO - Sync 2 DAGs
[2026-05-03T23:05:54.643+0000] {logging_mixin.py:190} INFO - [2026-05-03T23:05:54.643+0000] {dag.py:4180} INFO - Setting next_dagrun for read_dataset_event to 2026-05-02 00:00:00+00:00, run_after=2026-05-03 00:00:00+00:00
[2026-05-03T23:05:54.647+0000] {logging_mixin.py:190} INFO - [2026-05-03T23:05:54.646+0000] {dag.py:4180} INFO - Setting next_dagrun for read_dataset_event_from_classic to 2026-05-02 00:00:00+00:00, run_after=2026-05-03 00:00:00+00:00
[2026-05-03T23:05:54.661+0000] {processor.py:208} INFO - Processing /home/ec2-user/environment/lab4_model_training/venv/lib64/python3.12/site-packages/airflow/example_dags/example_inlet_event_extra.py took 0.136 seconds
[2026-05-03T23:06:56.416+0000] {processor.py:186} INFO - Started process (PID=61541) to work on /home/ec2-user/environment/lab4_model_training/venv/lib64/python3.12/site-packages/airflow/example_dags/example_inlet_event_extra.py
[2026-05-03T23:06:56.417+0000] {processor.py:914} INFO - Processing file /home/ec2-user/environment/lab4_model_training/venv/lib64/python3.12/site-packages/airflow/example_dags/example_inlet_event_extra.py for tasks to queue
[2026-05-03T23:06:56.419+0000] {logging_mixin.py:190} INFO - [2026-05-03T23:06:56.418+0000] {dagbag.py:588} INFO - Filling up the DagBag from /home/ec2-user/environment/lab4_model_training/venv/lib64/python3.12/site-packages/airflow/example_dags/example_inlet_event_extra.py
[2026-05-03T23:06:56.503+0000] {processor.py:925} INFO - DAG(s) 'read_dataset_event_from_classic', 'read_dataset_event' retrieved from /home/ec2-user/environment/lab4_model_training/venv/lib64/python3.12/site-packages/airflow/example_dags/example_inlet_event_extra.py
[2026-05-03T23:06:56.516+0000] {logging_mixin.py:190} INFO - [2026-05-03T23:06:56.515+0000] {dag.py:3239} INFO - Sync 2 DAGs
[2026-05-03T23:06:56.532+0000] {logging_mixin.py:190} INFO - [2026-05-03T23:06:56.531+0000] {dag.py:4180} INFO - Setting next_dagrun for read_dataset_event to 2026-05-02 00:00:00+00:00, run_after=2026-05-03 00:00:00+00:00
[2026-05-03T23:06:56.535+0000] {logging_mixin.py:190} INFO - [2026-05-03T23:06:56.535+0000] {dag.py:4180} INFO - Setting next_dagrun for read_dataset_event_from_classic to 2026-05-02 00:00:00+00:00, run_after=2026-05-03 00:00:00+00:00
[2026-05-03T23:06:56.550+0000] {processor.py:208} INFO - Processing /home/ec2-user/environment/lab4_model_training/venv/lib64/python3.12/site-packages/airflow/example_dags/example_inlet_event_extra.py took 0.139 seconds
[2026-05-03T23:08:02.133+0000] {processor.py:186} INFO - Started process (PID=61901) to work on /home/ec2-user/environment/lab4_model_training/venv/lib64/python3.12/site-packages/airflow/example_dags/example_inlet_event_extra.py
[2026-05-03T23:08:02.135+0000] {processor.py:914} INFO - Processing file /home/ec2-user/environment/lab4_model_training/venv/lib64/python3.12/site-packages/airflow/example_dags/example_inlet_event_extra.py for tasks to queue
[2026-05-03T23:08:02.136+0000] {logging_mixin.py:190} INFO - [2026-05-03T23:08:02.136+0000] {dagbag.py:588} INFO - Filling up the DagBag from /home/ec2-user/environment/lab4_model_training/venv/lib64/python3.12/site-packages/airflow/example_dags/example_inlet_event_extra.py
[2026-05-03T23:08:02.220+0000] {processor.py:925} INFO - DAG(s) 'read_dataset_event', 'read_dataset_event_from_classic' retrieved from /home/ec2-user/environment/lab4_model_training/venv/lib64/python3.12/site-packages/airflow/example_dags/example_inlet_event_extra.py
[2026-05-03T23:08:02.233+0000] {logging_mixin.py:190} INFO - [2026-05-03T23:08:02.233+0000] {dag.py:3239} INFO - Sync 2 DAGs
[2026-05-03T23:08:02.249+0000] {logging_mixin.py:190} INFO - [2026-05-03T23:08:02.248+0000] {dag.py:4180} INFO - Setting next_dagrun for read_dataset_event to 2026-05-02 00:00:00+00:00, run_after=2026-05-03 00:00:00+00:00
[2026-05-03T23:08:02.252+0000] {logging_mixin.py:190} INFO - [2026-05-03T23:08:02.252+0000] {dag.py:4180} INFO - Setting next_dagrun for read_dataset_event_from_classic to 2026-05-02 00:00:00+00:00, run_after=2026-05-03 00:00:00+00:00
[2026-05-03T23:08:02.268+0000] {processor.py:208} INFO - Processing /home/ec2-user/environment/lab4_model_training/venv/lib64/python3.12/site-packages/airflow/example_dags/example_inlet_event_extra.py took 0.139 seconds
[2026-05-03T23:09:05.972+0000] {processor.py:186} INFO - Started process (PID=62061) to work on /home/ec2-user/environment/lab4_model_training/venv/lib64/python3.12/site-packages/airflow/example_dags/example_inlet_event_extra.py
[2026-05-03T23:09:05.973+0000] {processor.py:914} INFO - Processing file /home/ec2-user/environment/lab4_model_training/venv/lib64/python3.12/site-packages/airflow/example_dags/example_inlet_event_extra.py for tasks to queue
[2026-05-03T23:09:05.975+0000] {logging_mixin.py:190} INFO - [2026-05-03T23:09:05.974+0000] {dagbag.py:588} INFO - Filling up the DagBag from /home/ec2-user/environment/lab4_model_training/venv/lib64/python3.12/site-packages/airflow/example_dags/example_inlet_event_extra.py
[2026-05-03T23:09:06.057+0000] {processor.py:925} INFO - DAG(s) 'read_dataset_event_from_classic', 'read_dataset_event' retrieved from /home/ec2-user/environment/lab4_model_training/venv/lib64/python3.12/site-packages/airflow/example_dags/example_inlet_event_extra.py
[2026-05-03T23:09:06.070+0000] {logging_mixin.py:190} INFO - [2026-05-03T23:09:06.070+0000] {dag.py:3239} INFO - Sync 2 DAGs
[2026-05-03T23:09:06.087+0000] {logging_mixin.py:190} INFO - [2026-05-03T23:09:06.087+0000] {dag.py:4180} INFO - Setting next_dagrun for read_dataset_event to 2026-05-02 00:00:00+00:00, run_after=2026-05-03 00:00:00+00:00
[2026-05-03T23:09:06.090+0000] {logging_mixin.py:190} INFO - [2026-05-03T23:09:06.090+0000] {dag.py:4180} INFO - Setting next_dagrun for read_dataset_event_from_classic to 2026-05-02 00:00:00+00:00, run_after=2026-05-03 00:00:00+00:00
[2026-05-03T23:09:06.105+0000] {processor.py:208} INFO - Processing /home/ec2-user/environment/lab4_model_training/venv/lib64/python3.12/site-packages/airflow/example_dags/example_inlet_event_extra.py took 0.138 seconds
[2026-05-03T23:10:08.553+0000] {processor.py:186} INFO - Started process (PID=62331) to work on /home/ec2-user/environment/lab4_model_training/venv/lib64/python3.12/site-packages/airflow/example_dags/example_inlet_event_extra.py
[2026-05-03T23:10:08.554+0000] {processor.py:914} INFO - Processing file /home/ec2-user/environment/lab4_model_training/venv/lib64/python3.12/site-packages/airflow/example_dags/example_inlet_event_extra.py for tasks to queue
[2026-05-03T23:10:08.556+0000] {logging_mixin.py:190} INFO - [2026-05-03T23:10:08.556+0000] {dagbag.py:588} INFO - Filling up the DagBag from /home/ec2-user/environment/lab4_model_training/venv/lib64/python3.12/site-packages/airflow/example_dags/example_inlet_event_extra.py
[2026-05-03T23:10:08.640+0000] {processor.py:925} INFO - DAG(s) 'read_dataset_event_from_classic', 'read_dataset_event' retrieved from /home/ec2-user/environment/lab4_model_training/venv/lib64/python3.12/site-packages/airflow/example_dags/example_inlet_event_extra.py
[2026-05-03T23:10:08.654+0000] {logging_mixin.py:190} INFO - [2026-05-03T23:10:08.653+0000] {dag.py:3239} INFO - Sync 2 DAGs
[2026-05-03T23:10:08.670+0000] {logging_mixin.py:190} INFO - [2026-05-03T23:10:08.670+0000] {dag.py:4180} INFO - Setting next_dagrun for read_dataset_event to 2026-05-02 00:00:00+00:00, run_after=2026-05-03 00:00:00+00:00
[2026-05-03T23:10:08.674+0000] {logging_mixin.py:190} INFO - [2026-05-03T23:10:08.673+0000] {dag.py:4180} INFO - Setting next_dagrun for read_dataset_event_from_classic to 2026-05-02 00:00:00+00:00, run_after=2026-05-03 00:00:00+00:00
[2026-05-03T23:10:08.689+0000] {processor.py:208} INFO - Processing /home/ec2-user/environment/lab4_model_training/venv/lib64/python3.12/site-packages/airflow/example_dags/example_inlet_event_extra.py took 0.141 seconds
[2026-05-03T23:11:14.921+0000] {processor.py:186} INFO - Started process (PID=62533) to work on /home/ec2-user/environment/lab4_model_training/venv/lib64/python3.12/site-packages/airflow/example_dags/example_inlet_event_extra.py
[2026-05-03T23:11:14.922+0000] {processor.py:914} INFO - Processing file /home/ec2-user/environment/lab4_model_training/venv/lib64/python3.12/site-packages/airflow/example_dags/example_inlet_event_extra.py for tasks to queue
[2026-05-03T23:11:14.924+0000] {logging_mixin.py:190} INFO - [2026-05-03T23:11:14.924+0000] {dagbag.py:588} INFO - Filling up the DagBag from /home/ec2-user/environment/lab4_model_training/venv/lib64/python3.12/site-packages/airflow/example_dags/example_inlet_event_extra.py
[2026-05-03T23:11:15.006+0000] {processor.py:925} INFO - DAG(s) 'read_dataset_event_from_classic', 'read_dataset_event' retrieved from /home/ec2-user/environment/lab4_model_training/venv/lib64/python3.12/site-packages/airflow/example_dags/example_inlet_event_extra.py
[2026-05-03T23:11:15.018+0000] {logging_mixin.py:190} INFO - [2026-05-03T23:11:15.018+0000] {dag.py:3239} INFO - Sync 2 DAGs
[2026-05-03T23:11:15.035+0000] {logging_mixin.py:190} INFO - [2026-05-03T23:11:15.034+0000] {dag.py:4180} INFO - Setting next_dagrun for read_dataset_event to 2026-05-02 00:00:00+00:00, run_after=2026-05-03 00:00:00+00:00
[2026-05-03T23:11:15.038+0000] {logging_mixin.py:190} INFO - [2026-05-03T23:11:15.038+0000] {dag.py:4180} INFO - Setting next_dagrun for read_dataset_event_from_classic to 2026-05-02 00:00:00+00:00, run_after=2026-05-03 00:00:00+00:00
[2026-05-03T23:11:15.053+0000] {processor.py:208} INFO - Processing /home/ec2-user/environment/lab4_model_training/venv/lib64/python3.12/site-packages/airflow/example_dags/example_inlet_event_extra.py took 0.136 seconds
[2026-05-03T23:12:21.128+0000] {processor.py:186} INFO - Started process (PID=62726) to work on /home/ec2-user/environment/lab4_model_training/venv/lib64/python3.12/site-packages/airflow/example_dags/example_inlet_event_extra.py
[2026-05-03T23:12:21.129+0000] {processor.py:914} INFO - Processing file /home/ec2-user/environment/lab4_model_training/venv/lib64/python3.12/site-packages/airflow/example_dags/example_inlet_event_extra.py for tasks to queue
[2026-05-03T23:12:21.131+0000] {logging_mixin.py:190} INFO - [2026-05-03T23:12:21.130+0000] {dagbag.py:588} INFO - Filling up the DagBag from /home/ec2-user/environment/lab4_model_training/venv/lib64/python3.12/site-packages/airflow/example_dags/example_inlet_event_extra.py
[2026-05-03T23:12:21.213+0000] {processor.py:925} INFO - DAG(s) 'read_dataset_event', 'read_dataset_event_from_classic' retrieved from /home/ec2-user/environment/lab4_model_training/venv/lib64/python3.12/site-packages/airflow/example_dags/example_inlet_event_extra.py
[2026-05-03T23:12:21.225+0000] {logging_mixin.py:190} INFO - [2026-05-03T23:12:21.225+0000] {dag.py:3239} INFO - Sync 2 DAGs
[2026-05-03T23:12:21.242+0000] {logging_mixin.py:190} INFO - [2026-05-03T23:12:21.242+0000] {dag.py:4180} INFO - Setting next_dagrun for read_dataset_event to 2026-05-02 00:00:00+00:00, run_after=2026-05-03 00:00:00+00:00
[2026-05-03T23:12:21.245+0000] {logging_mixin.py:190} INFO - [2026-05-03T23:12:21.245+0000] {dag.py:4180} INFO - Setting next_dagrun for read_dataset_event_from_classic to 2026-05-02 00:00:00+00:00, run_after=2026-05-03 00:00:00+00:00
[2026-05-03T23:12:21.259+0000] {processor.py:208} INFO - Processing /home/ec2-user/environment/lab4_model_training/venv/lib64/python3.12/site-packages/airflow/example_dags/example_inlet_event_extra.py took 0.136 seconds
[2026-05-03T23:13:28.674+0000] {processor.py:186} INFO - Started process (PID=62896) to work on /home/ec2-user/environment/lab4_model_training/venv/lib64/python3.12/site-packages/airflow/example_dags/example_inlet_event_extra.py
[2026-05-03T23:13:28.675+0000] {processor.py:914} INFO - Processing file /home/ec2-user/environment/lab4_model_training/venv/lib64/python3.12/site-packages/airflow/example_dags/example_inlet_event_extra.py for tasks to queue
[2026-05-03T23:13:28.677+0000] {logging_mixin.py:190} INFO - [2026-05-03T23:13:28.676+0000] {dagbag.py:588} INFO - Filling up the DagBag from /home/ec2-user/environment/lab4_model_training/venv/lib64/python3.12/site-packages/airflow/example_dags/example_inlet_event_extra.py
[2026-05-03T23:13:28.759+0000] {processor.py:925} INFO - DAG(s) 'read_dataset_event_from_classic', 'read_dataset_event' retrieved from /home/ec2-user/environment/lab4_model_training/venv/lib64/python3.12/site-packages/airflow/example_dags/example_inlet_event_extra.py
[2026-05-03T23:13:28.771+0000] {logging_mixin.py:190} INFO - [2026-05-03T23:13:28.771+0000] {dag.py:3239} INFO - Sync 2 DAGs
[2026-05-03T23:13:28.788+0000] {logging_mixin.py:190} INFO - [2026-05-03T23:13:28.788+0000] {dag.py:4180} INFO - Setting next_dagrun for read_dataset_event to 2026-05-02 00:00:00+00:00, run_after=2026-05-03 00:00:00+00:00
[2026-05-03T23:13:28.791+0000] {logging_mixin.py:190} INFO - [2026-05-03T23:13:28.791+0000] {dag.py:4180} INFO - Setting next_dagrun for read_dataset_event_from_classic to 2026-05-02 00:00:00+00:00, run_after=2026-05-03 00:00:00+00:00
[2026-05-03T23:13:28.806+0000] {processor.py:208} INFO - Processing /home/ec2-user/environment/lab4_model_training/venv/lib64/python3.12/site-packages/airflow/example_dags/example_inlet_event_extra.py took 0.137 seconds
[2026-05-03T23:14:34.669+0000] {processor.py:186} INFO - Started process (PID=63098) to work on /home/ec2-user/environment/lab4_model_training/venv/lib64/python3.12/site-packages/airflow/example_dags/example_inlet_event_extra.py
[2026-05-03T23:14:34.670+0000] {processor.py:914} INFO - Processing file /home/ec2-user/environment/lab4_model_training/venv/lib64/python3.12/site-packages/airflow/example_dags/example_inlet_event_extra.py for tasks to queue
[2026-05-03T23:14:34.672+0000] {logging_mixin.py:190} INFO - [2026-05-03T23:14:34.671+0000] {dagbag.py:588} INFO - Filling up the DagBag from /home/ec2-user/environment/lab4_model_training/venv/lib64/python3.12/site-packages/airflow/example_dags/example_inlet_event_extra.py
[2026-05-03T23:14:34.755+0000] {processor.py:925} INFO - DAG(s) 'read_dataset_event_from_classic', 'read_dataset_event' retrieved from /home/ec2-user/environment/lab4_model_training/venv/lib64/python3.12/site-packages/airflow/example_dags/example_inlet_event_extra.py
[2026-05-03T23:14:34.767+0000] {logging_mixin.py:190} INFO - [2026-05-03T23:14:34.767+0000] {dag.py:3239} INFO - Sync 2 DAGs
[2026-05-03T23:14:34.782+0000] {logging_mixin.py:190} INFO - [2026-05-03T23:14:34.782+0000] {dag.py:4180} INFO - Setting next_dagrun for read_dataset_event to 2026-05-02 00:00:00+00:00, run_after=2026-05-03 00:00:00+00:00
[2026-05-03T23:14:34.786+0000] {logging_mixin.py:190} INFO - [2026-05-03T23:14:34.786+0000] {dag.py:4180} INFO - Setting next_dagrun for read_dataset_event_from_classic to 2026-05-02 00:00:00+00:00, run_after=2026-05-03 00:00:00+00:00
[2026-05-03T23:14:34.802+0000] {processor.py:208} INFO - Processing /home/ec2-user/environment/lab4_model_training/venv/lib64/python3.12/site-packages/airflow/example_dags/example_inlet_event_extra.py took 0.137 seconds
[2026-05-03T23:15:37.481+0000] {processor.py:186} INFO - Started process (PID=63339) to work on /home/ec2-user/environment/lab4_model_training/venv/lib64/python3.12/site-packages/airflow/example_dags/example_inlet_event_extra.py
[2026-05-03T23:15:37.482+0000] {processor.py:914} INFO - Processing file /home/ec2-user/environment/lab4_model_training/venv/lib64/python3.12/site-packages/airflow/example_dags/example_inlet_event_extra.py for tasks to queue
[2026-05-03T23:15:37.484+0000] {logging_mixin.py:190} INFO - [2026-05-03T23:15:37.484+0000] {dagbag.py:588} INFO - Filling up the DagBag from /home/ec2-user/environment/lab4_model_training/venv/lib64/python3.12/site-packages/airflow/example_dags/example_inlet_event_extra.py
[2026-05-03T23:15:37.568+0000] {processor.py:925} INFO - DAG(s) 'read_dataset_event', 'read_dataset_event_from_classic' retrieved from /home/ec2-user/environment/lab4_model_training/venv/lib64/python3.12/site-packages/airflow/example_dags/example_inlet_event_extra.py
[2026-05-03T23:15:37.580+0000] {logging_mixin.py:190} INFO - [2026-05-03T23:15:37.579+0000] {dag.py:3239} INFO - Sync 2 DAGs
[2026-05-03T23:15:37.596+0000] {logging_mixin.py:190} INFO - [2026-05-03T23:15:37.595+0000] {dag.py:4180} INFO - Setting next_dagrun for read_dataset_event to 2026-05-02 00:00:00+00:00, run_after=2026-05-03 00:00:00+00:00
[2026-05-03T23:15:37.599+0000] {logging_mixin.py:190} INFO - [2026-05-03T23:15:37.599+0000] {dag.py:4180} INFO - Setting next_dagrun for read_dataset_event_from_classic to 2026-05-02 00:00:00+00:00, run_after=2026-05-03 00:00:00+00:00
[2026-05-03T23:15:37.614+0000] {processor.py:208} INFO - Processing /home/ec2-user/environment/lab4_model_training/venv/lib64/python3.12/site-packages/airflow/example_dags/example_inlet_event_extra.py took 0.138 seconds
[2026-05-03T23:16:59.888+0000] {processor.py:186} INFO - Started process (PID=63642) to work on /home/ec2-user/environment/lab4_model_training/venv/lib64/python3.12/site-packages/airflow/example_dags/example_inlet_event_extra.py
[2026-05-03T23:16:59.889+0000] {processor.py:914} INFO - Processing file /home/ec2-user/environment/lab4_model_training/venv/lib64/python3.12/site-packages/airflow/example_dags/example_inlet_event_extra.py for tasks to queue
[2026-05-03T23:16:59.891+0000] {logging_mixin.py:190} INFO - [2026-05-03T23:16:59.890+0000] {dagbag.py:588} INFO - Filling up the DagBag from /home/ec2-user/environment/lab4_model_training/venv/lib64/python3.12/site-packages/airflow/example_dags/example_inlet_event_extra.py
[2026-05-03T23:16:59.975+0000] {processor.py:925} INFO - DAG(s) 'read_dataset_event', 'read_dataset_event_from_classic' retrieved from /home/ec2-user/environment/lab4_model_training/venv/lib64/python3.12/site-packages/airflow/example_dags/example_inlet_event_extra.py
[2026-05-03T23:16:59.987+0000] {logging_mixin.py:190} INFO - [2026-05-03T23:16:59.987+0000] {dag.py:3239} INFO - Sync 2 DAGs
[2026-05-03T23:17:00.003+0000] {logging_mixin.py:190} INFO - [2026-05-03T23:17:00.003+0000] {dag.py:4180} INFO - Setting next_dagrun for read_dataset_event to 2026-05-02 00:00:00+00:00, run_after=2026-05-03 00:00:00+00:00
[2026-05-03T23:17:00.006+0000] {logging_mixin.py:190} INFO - [2026-05-03T23:17:00.006+0000] {dag.py:4180} INFO - Setting next_dagrun for read_dataset_event_from_classic to 2026-05-02 00:00:00+00:00, run_after=2026-05-03 00:00:00+00:00
[2026-05-03T23:17:00.021+0000] {processor.py:208} INFO - Processing /home/ec2-user/environment/lab4_model_training/venv/lib64/python3.12/site-packages/airflow/example_dags/example_inlet_event_extra.py took 0.137 seconds
[2026-05-03T23:18:06.260+0000] {processor.py:186} INFO - Started process (PID=63772) to work on /home/ec2-user/environment/lab4_model_training/venv/lib64/python3.12/site-packages/airflow/example_dags/example_inlet_event_extra.py
[2026-05-03T23:18:06.261+0000] {processor.py:914} INFO - Processing file /home/ec2-user/environment/lab4_model_training/venv/lib64/python3.12/site-packages/airflow/example_dags/example_inlet_event_extra.py for tasks to queue
[2026-05-03T23:18:06.263+0000] {logging_mixin.py:190} INFO - [2026-05-03T23:18:06.263+0000] {dagbag.py:588} INFO - Filling up the DagBag from /home/ec2-user/environment/lab4_model_training/venv/lib64/python3.12/site-packages/airflow/example_dags/example_inlet_event_extra.py
[2026-05-03T23:18:06.346+0000] {processor.py:925} INFO - DAG(s) 'read_dataset_event_from_classic', 'read_dataset_event' retrieved from /home/ec2-user/environment/lab4_model_training/venv/lib64/python3.12/site-packages/airflow/example_dags/example_inlet_event_extra.py
[2026-05-03T23:18:06.358+0000] {logging_mixin.py:190} INFO - [2026-05-03T23:18:06.358+0000] {dag.py:3239} INFO - Sync 2 DAGs
[2026-05-03T23:18:06.375+0000] {logging_mixin.py:190} INFO - [2026-05-03T23:18:06.375+0000] {dag.py:4180} INFO - Setting next_dagrun for read_dataset_event to 2026-05-02 00:00:00+00:00, run_after=2026-05-03 00:00:00+00:00
[2026-05-03T23:18:06.378+0000] {logging_mixin.py:190} INFO - [2026-05-03T23:18:06.378+0000] {dag.py:4180} INFO - Setting next_dagrun for read_dataset_event_from_classic to 2026-05-02 00:00:00+00:00, run_after=2026-05-03 00:00:00+00:00
[2026-05-03T23:18:06.394+0000] {processor.py:208} INFO - Processing /home/ec2-user/environment/lab4_model_training/venv/lib64/python3.12/site-packages/airflow/example_dags/example_inlet_event_extra.py took 0.138 seconds
[2026-05-03T23:19:09.831+0000] {processor.py:186} INFO - Started process (PID=63947) to work on /home/ec2-user/environment/lab4_model_training/venv/lib64/python3.12/site-packages/airflow/example_dags/example_inlet_event_extra.py
[2026-05-03T23:19:09.833+0000] {processor.py:914} INFO - Processing file /home/ec2-user/environment/lab4_model_training/venv/lib64/python3.12/site-packages/airflow/example_dags/example_inlet_event_extra.py for tasks to queue
[2026-05-03T23:19:09.834+0000] {logging_mixin.py:190} INFO - [2026-05-03T23:19:09.834+0000] {dagbag.py:588} INFO - Filling up the DagBag from /home/ec2-user/environment/lab4_model_training/venv/lib64/python3.12/site-packages/airflow/example_dags/example_inlet_event_extra.py
[2026-05-03T23:19:09.916+0000] {processor.py:925} INFO - DAG(s) 'read_dataset_event_from_classic', 'read_dataset_event' retrieved from /home/ec2-user/environment/lab4_model_training/venv/lib64/python3.12/site-packages/airflow/example_dags/example_inlet_event_extra.py
[2026-05-03T23:19:09.928+0000] {logging_mixin.py:190} INFO - [2026-05-03T23:19:09.928+0000] {dag.py:3239} INFO - Sync 2 DAGs
[2026-05-03T23:19:09.946+0000] {logging_mixin.py:190} INFO - [2026-05-03T23:19:09.946+0000] {dag.py:4180} INFO - Setting next_dagrun for read_dataset_event to 2026-05-02 00:00:00+00:00, run_after=2026-05-03 00:00:00+00:00
[2026-05-03T23:19:09.949+0000] {logging_mixin.py:190} INFO - [2026-05-03T23:19:09.949+0000] {dag.py:4180} INFO - Setting next_dagrun for read_dataset_event_from_classic to 2026-05-02 00:00:00+00:00, run_after=2026-05-03 00:00:00+00:00
[2026-05-03T23:19:10.081+0000] {processor.py:208} INFO - Processing /home/ec2-user/environment/lab4_model_training/venv/lib64/python3.12/site-packages/airflow/example_dags/example_inlet_event_extra.py took 0.254 seconds
[2026-05-03T23:20:13.450+0000] {processor.py:186} INFO - Started process (PID=64069) to work on /home/ec2-user/environment/lab4_model_training/venv/lib64/python3.12/site-packages/airflow/example_dags/example_inlet_event_extra.py
[2026-05-03T23:20:13.451+0000] {processor.py:914} INFO - Processing file /home/ec2-user/environment/lab4_model_training/venv/lib64/python3.12/site-packages/airflow/example_dags/example_inlet_event_extra.py for tasks to queue
[2026-05-03T23:20:13.453+0000] {logging_mixin.py:190} INFO - [2026-05-03T23:20:13.452+0000] {dagbag.py:588} INFO - Filling up the DagBag from /home/ec2-user/environment/lab4_model_training/venv/lib64/python3.12/site-packages/airflow/example_dags/example_inlet_event_extra.py
[2026-05-03T23:20:13.539+0000] {processor.py:925} INFO - DAG(s) 'read_dataset_event', 'read_dataset_event_from_classic' retrieved from /home/ec2-user/environment/lab4_model_training/venv/lib64/python3.12/site-packages/airflow/example_dags/example_inlet_event_extra.py
[2026-05-03T23:20:13.551+0000] {logging_mixin.py:190} INFO - [2026-05-03T23:20:13.551+0000] {dag.py:3239} INFO - Sync 2 DAGs
[2026-05-03T23:20:13.567+0000] {logging_mixin.py:190} INFO - [2026-05-03T23:20:13.567+0000] {dag.py:4180} INFO - Setting next_dagrun for read_dataset_event to 2026-05-02 00:00:00+00:00, run_after=2026-05-03 00:00:00+00:00
[2026-05-03T23:20:13.570+0000] {logging_mixin.py:190} INFO - [2026-05-03T23:20:13.570+0000] {dag.py:4180} INFO - Setting next_dagrun for read_dataset_event_from_classic to 2026-05-02 00:00:00+00:00, run_after=2026-05-03 00:00:00+00:00
[2026-05-03T23:20:13.584+0000] {processor.py:208} INFO - Processing /home/ec2-user/environment/lab4_model_training/venv/lib64/python3.12/site-packages/airflow/example_dags/example_inlet_event_extra.py took 0.139 seconds
[2026-05-03T23:21:22.959+0000] {processor.py:186} INFO - Started process (PID=64252) to work on /home/ec2-user/environment/lab4_model_training/venv/lib64/python3.12/site-packages/airflow/example_dags/example_inlet_event_extra.py
[2026-05-03T23:21:22.960+0000] {processor.py:914} INFO - Processing file /home/ec2-user/environment/lab4_model_training/venv/lib64/python3.12/site-packages/airflow/example_dags/example_inlet_event_extra.py for tasks to queue
[2026-05-03T23:21:22.962+0000] {logging_mixin.py:190} INFO - [2026-05-03T23:21:22.961+0000] {dagbag.py:588} INFO - Filling up the DagBag from /home/ec2-user/environment/lab4_model_training/venv/lib64/python3.12/site-packages/airflow/example_dags/example_inlet_event_extra.py
[2026-05-03T23:21:23.049+0000] {processor.py:925} INFO - DAG(s) 'read_dataset_event_from_classic', 'read_dataset_event' retrieved from /home/ec2-user/environment/lab4_model_training/venv/lib64/python3.12/site-packages/airflow/example_dags/example_inlet_event_extra.py
[2026-05-03T23:21:23.061+0000] {logging_mixin.py:190} INFO - [2026-05-03T23:21:23.061+0000] {dag.py:3239} INFO - Sync 2 DAGs
[2026-05-03T23:21:23.077+0000] {logging_mixin.py:190} INFO - [2026-05-03T23:21:23.077+0000] {dag.py:4180} INFO - Setting next_dagrun for read_dataset_event to 2026-05-02 00:00:00+00:00, run_after=2026-05-03 00:00:00+00:00
[2026-05-03T23:21:23.080+0000] {logging_mixin.py:190} INFO - [2026-05-03T23:21:23.080+0000] {dag.py:4180} INFO - Setting next_dagrun for read_dataset_event_from_classic to 2026-05-02 00:00:00+00:00, run_after=2026-05-03 00:00:00+00:00
[2026-05-03T23:21:23.096+0000] {processor.py:208} INFO - Processing /home/ec2-user/environment/lab4_model_training/venv/lib64/python3.12/site-packages/airflow/example_dags/example_inlet_event_extra.py took 0.141 seconds
[2026-05-03T23:22:28.497+0000] {processor.py:186} INFO - Started process (PID=64461) to work on /home/ec2-user/environment/lab4_model_training/venv/lib64/python3.12/site-packages/airflow/example_dags/example_inlet_event_extra.py
[2026-05-03T23:22:28.498+0000] {processor.py:914} INFO - Processing file /home/ec2-user/environment/lab4_model_training/venv/lib64/python3.12/site-packages/airflow/example_dags/example_inlet_event_extra.py for tasks to queue
[2026-05-03T23:22:28.500+0000] {logging_mixin.py:190} INFO - [2026-05-03T23:22:28.500+0000] {dagbag.py:588} INFO - Filling up the DagBag from /home/ec2-user/environment/lab4_model_training/venv/lib64/python3.12/site-packages/airflow/example_dags/example_inlet_event_extra.py
[2026-05-03T23:22:28.583+0000] {processor.py:925} INFO - DAG(s) 'read_dataset_event_from_classic', 'read_dataset_event' retrieved from /home/ec2-user/environment/lab4_model_training/venv/lib64/python3.12/site-packages/airflow/example_dags/example_inlet_event_extra.py
[2026-05-03T23:22:28.596+0000] {logging_mixin.py:190} INFO - [2026-05-03T23:22:28.596+0000] {dag.py:3239} INFO - Sync 2 DAGs
[2026-05-03T23:22:28.718+0000] {logging_mixin.py:190} INFO - [2026-05-03T23:22:28.718+0000] {dag.py:4180} INFO - Setting next_dagrun for read_dataset_event to 2026-05-02 00:00:00+00:00, run_after=2026-05-03 00:00:00+00:00
[2026-05-03T23:22:28.721+0000] {logging_mixin.py:190} INFO - [2026-05-03T23:22:28.721+0000] {dag.py:4180} INFO - Setting next_dagrun for read_dataset_event_from_classic to 2026-05-02 00:00:00+00:00, run_after=2026-05-03 00:00:00+00:00
[2026-05-03T23:22:28.736+0000] {processor.py:208} INFO - Processing /home/ec2-user/environment/lab4_model_training/venv/lib64/python3.12/site-packages/airflow/example_dags/example_inlet_event_extra.py took 0.243 seconds
[2026-05-03T23:23:36.057+0000] {processor.py:186} INFO - Started process (PID=64611) to work on /home/ec2-user/environment/lab4_model_training/venv/lib64/python3.12/site-packages/airflow/example_dags/example_inlet_event_extra.py
[2026-05-03T23:23:36.058+0000] {processor.py:914} INFO - Processing file /home/ec2-user/environment/lab4_model_training/venv/lib64/python3.12/site-packages/airflow/example_dags/example_inlet_event_extra.py for tasks to queue
[2026-05-03T23:23:36.060+0000] {logging_mixin.py:190} INFO - [2026-05-03T23:23:36.060+0000] {dagbag.py:588} INFO - Filling up the DagBag from /home/ec2-user/environment/lab4_model_training/venv/lib64/python3.12/site-packages/airflow/example_dags/example_inlet_event_extra.py
[2026-05-03T23:23:36.144+0000] {processor.py:925} INFO - DAG(s) 'read_dataset_event_from_classic', 'read_dataset_event' retrieved from /home/ec2-user/environment/lab4_model_training/venv/lib64/python3.12/site-packages/airflow/example_dags/example_inlet_event_extra.py
[2026-05-03T23:23:36.156+0000] {logging_mixin.py:190} INFO - [2026-05-03T23:23:36.156+0000] {dag.py:3239} INFO - Sync 2 DAGs
[2026-05-03T23:23:36.173+0000] {logging_mixin.py:190} INFO - [2026-05-03T23:23:36.172+0000] {dag.py:4180} INFO - Setting next_dagrun for read_dataset_event to 2026-05-02 00:00:00+00:00, run_after=2026-05-03 00:00:00+00:00
[2026-05-03T23:23:36.176+0000] {logging_mixin.py:190} INFO - [2026-05-03T23:23:36.176+0000] {dag.py:4180} INFO - Setting next_dagrun for read_dataset_event_from_classic to 2026-05-02 00:00:00+00:00, run_after=2026-05-03 00:00:00+00:00
[2026-05-03T23:23:36.191+0000] {processor.py:208} INFO - Processing /home/ec2-user/environment/lab4_model_training/venv/lib64/python3.12/site-packages/airflow/example_dags/example_inlet_event_extra.py took 0.139 seconds
[2026-05-03T23:24:40.729+0000] {processor.py:186} INFO - Started process (PID=64845) to work on /home/ec2-user/environment/lab4_model_training/venv/lib64/python3.12/site-packages/airflow/example_dags/example_inlet_event_extra.py
[2026-05-03T23:24:40.730+0000] {processor.py:914} INFO - Processing file /home/ec2-user/environment/lab4_model_training/venv/lib64/python3.12/site-packages/airflow/example_dags/example_inlet_event_extra.py for tasks to queue
[2026-05-03T23:24:40.732+0000] {logging_mixin.py:190} INFO - [2026-05-03T23:24:40.731+0000] {dagbag.py:588} INFO - Filling up the DagBag from /home/ec2-user/environment/lab4_model_training/venv/lib64/python3.12/site-packages/airflow/example_dags/example_inlet_event_extra.py
[2026-05-03T23:24:40.816+0000] {processor.py:925} INFO - DAG(s) 'read_dataset_event', 'read_dataset_event_from_classic' retrieved from /home/ec2-user/environment/lab4_model_training/venv/lib64/python3.12/site-packages/airflow/example_dags/example_inlet_event_extra.py
[2026-05-03T23:24:40.829+0000] {logging_mixin.py:190} INFO - [2026-05-03T23:24:40.828+0000] {dag.py:3239} INFO - Sync 2 DAGs
[2026-05-03T23:24:40.845+0000] {logging_mixin.py:190} INFO - [2026-05-03T23:24:40.844+0000] {dag.py:4180} INFO - Setting next_dagrun for read_dataset_event to 2026-05-02 00:00:00+00:00, run_after=2026-05-03 00:00:00+00:00
[2026-05-03T23:24:40.848+0000] {logging_mixin.py:190} INFO - [2026-05-03T23:24:40.848+0000] {dag.py:4180} INFO - Setting next_dagrun for read_dataset_event_from_classic to 2026-05-02 00:00:00+00:00, run_after=2026-05-03 00:00:00+00:00
[2026-05-03T23:24:40.863+0000] {processor.py:208} INFO - Processing /home/ec2-user/environment/lab4_model_training/venv/lib64/python3.12/site-packages/airflow/example_dags/example_inlet_event_extra.py took 0.138 seconds
[2026-05-03T23:25:45.887+0000] {processor.py:186} INFO - Started process (PID=65031) to work on /home/ec2-user/environment/lab4_model_training/venv/lib64/python3.12/site-packages/airflow/example_dags/example_inlet_event_extra.py
[2026-05-03T23:25:45.888+0000] {processor.py:914} INFO - Processing file /home/ec2-user/environment/lab4_model_training/venv/lib64/python3.12/site-packages/airflow/example_dags/example_inlet_event_extra.py for tasks to queue
[2026-05-03T23:25:45.889+0000] {logging_mixin.py:190} INFO - [2026-05-03T23:25:45.889+0000] {dagbag.py:588} INFO - Filling up the DagBag from /home/ec2-user/environment/lab4_model_training/venv/lib64/python3.12/site-packages/airflow/example_dags/example_inlet_event_extra.py
[2026-05-03T23:25:45.973+0000] {processor.py:925} INFO - DAG(s) 'read_dataset_event', 'read_dataset_event_from_classic' retrieved from /home/ec2-user/environment/lab4_model_training/venv/lib64/python3.12/site-packages/airflow/example_dags/example_inlet_event_extra.py
[2026-05-03T23:25:45.986+0000] {logging_mixin.py:190} INFO - [2026-05-03T23:25:45.985+0000] {dag.py:3239} INFO - Sync 2 DAGs
[2026-05-03T23:25:46.119+0000] {logging_mixin.py:190} INFO - [2026-05-03T23:25:46.119+0000] {dag.py:4180} INFO - Setting next_dagrun for read_dataset_event to 2026-05-02 00:00:00+00:00, run_after=2026-05-03 00:00:00+00:00
[2026-05-03T23:25:46.122+0000] {logging_mixin.py:190} INFO - [2026-05-03T23:25:46.122+0000] {dag.py:4180} INFO - Setting next_dagrun for read_dataset_event_from_classic to 2026-05-02 00:00:00+00:00, run_after=2026-05-03 00:00:00+00:00
[2026-05-03T23:25:46.137+0000] {processor.py:208} INFO - Processing /home/ec2-user/environment/lab4_model_training/venv/lib64/python3.12/site-packages/airflow/example_dags/example_inlet_event_extra.py took 0.255 seconds
