[2026-05-03T22:50:06.039+0000] {processor.py:186} INFO - Started process (PID=57720) to work on /home/ec2-user/environment/lab4_model_training/venv/lib64/python3.12/site-packages/airflow/example_dags/example_trigger_controller_dag.py
[2026-05-03T22:50:06.040+0000] {processor.py:914} INFO - Processing file /home/ec2-user/environment/lab4_model_training/venv/lib64/python3.12/site-packages/airflow/example_dags/example_trigger_controller_dag.py for tasks to queue
[2026-05-03T22:50:06.041+0000] {logging_mixin.py:190} INFO - [2026-05-03T22:50:06.041+0000] {dagbag.py:588} INFO - Filling up the DagBag from /home/ec2-user/environment/lab4_model_training/venv/lib64/python3.12/site-packages/airflow/example_dags/example_trigger_controller_dag.py
[2026-05-03T22:50:06.046+0000] {processor.py:925} INFO - DAG(s) 'example_trigger_controller_dag' retrieved from /home/ec2-user/environment/lab4_model_training/venv/lib64/python3.12/site-packages/airflow/example_dags/example_trigger_controller_dag.py
[2026-05-03T22:50:06.061+0000] {logging_mixin.py:190} INFO - [2026-05-03T22:50:06.061+0000] {dag.py:3239} INFO - Sync 1 DAGs
[2026-05-03T22:50:06.076+0000] {logging_mixin.py:190} INFO - [2026-05-03T22:50:06.076+0000] {dag.py:4180} INFO - Setting next_dagrun for example_trigger_controller_dag to 2021-01-01 00:00:00+00:00, run_after=2021-01-01 00:00:00+00:00
[2026-05-03T22:50:06.093+0000] {processor.py:208} INFO - Processing /home/ec2-user/environment/lab4_model_training/venv/lib64/python3.12/site-packages/airflow/example_dags/example_trigger_controller_dag.py took 0.058 seconds
[2026-05-03T22:51:16.505+0000] {processor.py:186} INFO - Started process (PID=57891) to work on /home/ec2-user/environment/lab4_model_training/venv/lib64/python3.12/site-packages/airflow/example_dags/example_trigger_controller_dag.py
[2026-05-03T22:51:16.506+0000] {processor.py:914} INFO - Processing file /home/ec2-user/environment/lab4_model_training/venv/lib64/python3.12/site-packages/airflow/example_dags/example_trigger_controller_dag.py for tasks to queue
[2026-05-03T22:51:16.508+0000] {logging_mixin.py:190} INFO - [2026-05-03T22:51:16.508+0000] {dagbag.py:588} INFO - Filling up the DagBag from /home/ec2-user/environment/lab4_model_training/venv/lib64/python3.12/site-packages/airflow/example_dags/example_trigger_controller_dag.py
[2026-05-03T22:51:16.513+0000] {processor.py:925} INFO - DAG(s) 'example_trigger_controller_dag' retrieved from /home/ec2-user/environment/lab4_model_training/venv/lib64/python3.12/site-packages/airflow/example_dags/example_trigger_controller_dag.py
[2026-05-03T22:51:16.525+0000] {logging_mixin.py:190} INFO - [2026-05-03T22:51:16.525+0000] {dag.py:3239} INFO - Sync 1 DAGs
[2026-05-03T22:51:16.540+0000] {logging_mixin.py:190} INFO - [2026-05-03T22:51:16.540+0000] {dag.py:4180} INFO - Setting next_dagrun for example_trigger_controller_dag to 2021-01-01 00:00:00+00:00, run_after=2021-01-01 00:00:00+00:00
[2026-05-03T22:51:16.557+0000] {processor.py:208} INFO - Processing /home/ec2-user/environment/lab4_model_training/venv/lib64/python3.12/site-packages/airflow/example_dags/example_trigger_controller_dag.py took 0.056 seconds
[2026-05-03T22:52:17.976+0000] {processor.py:186} INFO - Started process (PID=58063) to work on /home/ec2-user/environment/lab4_model_training/venv/lib64/python3.12/site-packages/airflow/example_dags/example_trigger_controller_dag.py
[2026-05-03T22:52:17.977+0000] {processor.py:914} INFO - Processing file /home/ec2-user/environment/lab4_model_training/venv/lib64/python3.12/site-packages/airflow/example_dags/example_trigger_controller_dag.py for tasks to queue
[2026-05-03T22:52:17.979+0000] {logging_mixin.py:190} INFO - [2026-05-03T22:52:17.978+0000] {dagbag.py:588} INFO - Filling up the DagBag from /home/ec2-user/environment/lab4_model_training/venv/lib64/python3.12/site-packages/airflow/example_dags/example_trigger_controller_dag.py
[2026-05-03T22:52:17.984+0000] {processor.py:925} INFO - DAG(s) 'example_trigger_controller_dag' retrieved from /home/ec2-user/environment/lab4_model_training/venv/lib64/python3.12/site-packages/airflow/example_dags/example_trigger_controller_dag.py
[2026-05-03T22:52:17.996+0000] {logging_mixin.py:190} INFO - [2026-05-03T22:52:17.995+0000] {dag.py:3239} INFO - Sync 1 DAGs
[2026-05-03T22:52:18.011+0000] {logging_mixin.py:190} INFO - [2026-05-03T22:52:18.010+0000] {dag.py:4180} INFO - Setting next_dagrun for example_trigger_controller_dag to 2021-01-01 00:00:00+00:00, run_after=2021-01-01 00:00:00+00:00
[2026-05-03T22:52:18.028+0000] {processor.py:208} INFO - Processing /home/ec2-user/environment/lab4_model_training/venv/lib64/python3.12/site-packages/airflow/example_dags/example_trigger_controller_dag.py took 0.057 seconds
[2026-05-03T22:53:23.992+0000] {processor.py:186} INFO - Started process (PID=58253) to work on /home/ec2-user/environment/lab4_model_training/venv/lib64/python3.12/site-packages/airflow/example_dags/example_trigger_controller_dag.py
[2026-05-03T22:53:23.993+0000] {processor.py:914} INFO - Processing file /home/ec2-user/environment/lab4_model_training/venv/lib64/python3.12/site-packages/airflow/example_dags/example_trigger_controller_dag.py for tasks to queue
[2026-05-03T22:53:23.994+0000] {logging_mixin.py:190} INFO - [2026-05-03T22:53:23.994+0000] {dagbag.py:588} INFO - Filling up the DagBag from /home/ec2-user/environment/lab4_model_training/venv/lib64/python3.12/site-packages/airflow/example_dags/example_trigger_controller_dag.py
[2026-05-03T22:53:24.000+0000] {processor.py:925} INFO - DAG(s) 'example_trigger_controller_dag' retrieved from /home/ec2-user/environment/lab4_model_training/venv/lib64/python3.12/site-packages/airflow/example_dags/example_trigger_controller_dag.py
[2026-05-03T22:53:24.010+0000] {logging_mixin.py:190} INFO - [2026-05-03T22:53:24.010+0000] {dag.py:3239} INFO - Sync 1 DAGs
[2026-05-03T22:53:24.025+0000] {logging_mixin.py:190} INFO - [2026-05-03T22:53:24.025+0000] {dag.py:4180} INFO - Setting next_dagrun for example_trigger_controller_dag to 2021-01-01 00:00:00+00:00, run_after=2021-01-01 00:00:00+00:00
[2026-05-03T22:53:24.044+0000] {processor.py:208} INFO - Processing /home/ec2-user/environment/lab4_model_training/venv/lib64/python3.12/site-packages/airflow/example_dags/example_trigger_controller_dag.py took 0.057 seconds
[2026-05-03T22:54:26.938+0000] {processor.py:186} INFO - Started process (PID=58560) to work on /home/ec2-user/environment/lab4_model_training/venv/lib64/python3.12/site-packages/airflow/example_dags/example_trigger_controller_dag.py
[2026-05-03T22:54:26.939+0000] {processor.py:914} INFO - Processing file /home/ec2-user/environment/lab4_model_training/venv/lib64/python3.12/site-packages/airflow/example_dags/example_trigger_controller_dag.py for tasks to queue
[2026-05-03T22:54:26.941+0000] {logging_mixin.py:190} INFO - [2026-05-03T22:54:26.940+0000] {dagbag.py:588} INFO - Filling up the DagBag from /home/ec2-user/environment/lab4_model_training/venv/lib64/python3.12/site-packages/airflow/example_dags/example_trigger_controller_dag.py
[2026-05-03T22:54:26.947+0000] {processor.py:925} INFO - DAG(s) 'example_trigger_controller_dag' retrieved from /home/ec2-user/environment/lab4_model_training/venv/lib64/python3.12/site-packages/airflow/example_dags/example_trigger_controller_dag.py
[2026-05-03T22:54:26.959+0000] {logging_mixin.py:190} INFO - [2026-05-03T22:54:26.958+0000] {dag.py:3239} INFO - Sync 1 DAGs
[2026-05-03T22:54:26.974+0000] {logging_mixin.py:190} INFO - [2026-05-03T22:54:26.974+0000] {dag.py:4180} INFO - Setting next_dagrun for example_trigger_controller_dag to 2021-01-01 00:00:00+00:00, run_after=2021-01-01 00:00:00+00:00
[2026-05-03T22:54:26.991+0000] {processor.py:208} INFO - Processing /home/ec2-user/environment/lab4_model_training/venv/lib64/python3.12/site-packages/airflow/example_dags/example_trigger_controller_dag.py took 0.058 seconds
[2026-05-03T22:55:32.712+0000] {processor.py:186} INFO - Started process (PID=58676) to work on /home/ec2-user/environment/lab4_model_training/venv/lib64/python3.12/site-packages/airflow/example_dags/example_trigger_controller_dag.py
[2026-05-03T22:55:32.713+0000] {processor.py:914} INFO - Processing file /home/ec2-user/environment/lab4_model_training/venv/lib64/python3.12/site-packages/airflow/example_dags/example_trigger_controller_dag.py for tasks to queue
[2026-05-03T22:55:32.715+0000] {logging_mixin.py:190} INFO - [2026-05-03T22:55:32.715+0000] {dagbag.py:588} INFO - Filling up the DagBag from /home/ec2-user/environment/lab4_model_training/venv/lib64/python3.12/site-packages/airflow/example_dags/example_trigger_controller_dag.py
[2026-05-03T22:55:32.721+0000] {processor.py:925} INFO - DAG(s) 'example_trigger_controller_dag' retrieved from /home/ec2-user/environment/lab4_model_training/venv/lib64/python3.12/site-packages/airflow/example_dags/example_trigger_controller_dag.py
[2026-05-03T22:55:32.732+0000] {logging_mixin.py:190} INFO - [2026-05-03T22:55:32.732+0000] {dag.py:3239} INFO - Sync 1 DAGs
[2026-05-03T22:55:32.747+0000] {logging_mixin.py:190} INFO - [2026-05-03T22:55:32.747+0000] {dag.py:4180} INFO - Setting next_dagrun for example_trigger_controller_dag to 2021-01-01 00:00:00+00:00, run_after=2021-01-01 00:00:00+00:00
[2026-05-03T22:55:32.763+0000] {processor.py:208} INFO - Processing /home/ec2-user/environment/lab4_model_training/venv/lib64/python3.12/site-packages/airflow/example_dags/example_trigger_controller_dag.py took 0.056 seconds
[2026-05-03T22:56:38.462+0000] {processor.py:186} INFO - Started process (PID=58843) to work on /home/ec2-user/environment/lab4_model_training/venv/lib64/python3.12/site-packages/airflow/example_dags/example_trigger_controller_dag.py
[2026-05-03T22:56:38.463+0000] {processor.py:914} INFO - Processing file /home/ec2-user/environment/lab4_model_training/venv/lib64/python3.12/site-packages/airflow/example_dags/example_trigger_controller_dag.py for tasks to queue
[2026-05-03T22:56:38.464+0000] {logging_mixin.py:190} INFO - [2026-05-03T22:56:38.464+0000] {dagbag.py:588} INFO - Filling up the DagBag from /home/ec2-user/environment/lab4_model_training/venv/lib64/python3.12/site-packages/airflow/example_dags/example_trigger_controller_dag.py
[2026-05-03T22:56:38.470+0000] {processor.py:925} INFO - DAG(s) 'example_trigger_controller_dag' retrieved from /home/ec2-user/environment/lab4_model_training/venv/lib64/python3.12/site-packages/airflow/example_dags/example_trigger_controller_dag.py
[2026-05-03T22:56:38.480+0000] {logging_mixin.py:190} INFO - [2026-05-03T22:56:38.480+0000] {dag.py:3239} INFO - Sync 1 DAGs
[2026-05-03T22:56:38.495+0000] {logging_mixin.py:190} INFO - [2026-05-03T22:56:38.495+0000] {dag.py:4180} INFO - Setting next_dagrun for example_trigger_controller_dag to 2021-01-01 00:00:00+00:00, run_after=2021-01-01 00:00:00+00:00
[2026-05-03T22:56:38.511+0000] {processor.py:208} INFO - Processing /home/ec2-user/environment/lab4_model_training/venv/lib64/python3.12/site-packages/airflow/example_dags/example_trigger_controller_dag.py took 0.053 seconds
[2026-05-03T22:57:43.284+0000] {processor.py:186} INFO - Started process (PID=59032) to work on /home/ec2-user/environment/lab4_model_training/venv/lib64/python3.12/site-packages/airflow/example_dags/example_trigger_controller_dag.py
[2026-05-03T22:57:43.285+0000] {processor.py:914} INFO - Processing file /home/ec2-user/environment/lab4_model_training/venv/lib64/python3.12/site-packages/airflow/example_dags/example_trigger_controller_dag.py for tasks to queue
[2026-05-03T22:57:43.287+0000] {logging_mixin.py:190} INFO - [2026-05-03T22:57:43.287+0000] {dagbag.py:588} INFO - Filling up the DagBag from /home/ec2-user/environment/lab4_model_training/venv/lib64/python3.12/site-packages/airflow/example_dags/example_trigger_controller_dag.py
[2026-05-03T22:57:43.293+0000] {processor.py:925} INFO - DAG(s) 'example_trigger_controller_dag' retrieved from /home/ec2-user/environment/lab4_model_training/venv/lib64/python3.12/site-packages/airflow/example_dags/example_trigger_controller_dag.py
[2026-05-03T22:57:43.304+0000] {logging_mixin.py:190} INFO - [2026-05-03T22:57:43.304+0000] {dag.py:3239} INFO - Sync 1 DAGs
[2026-05-03T22:57:43.319+0000] {logging_mixin.py:190} INFO - [2026-05-03T22:57:43.318+0000] {dag.py:4180} INFO - Setting next_dagrun for example_trigger_controller_dag to 2021-01-01 00:00:00+00:00, run_after=2021-01-01 00:00:00+00:00
[2026-05-03T22:57:43.336+0000] {processor.py:208} INFO - Processing /home/ec2-user/environment/lab4_model_training/venv/lib64/python3.12/site-packages/airflow/example_dags/example_trigger_controller_dag.py took 0.056 seconds
[2026-05-03T22:58:48.781+0000] {processor.py:186} INFO - Started process (PID=59374) to work on /home/ec2-user/environment/lab4_model_training/venv/lib64/python3.12/site-packages/airflow/example_dags/example_trigger_controller_dag.py
[2026-05-03T22:58:48.782+0000] {processor.py:914} INFO - Processing file /home/ec2-user/environment/lab4_model_training/venv/lib64/python3.12/site-packages/airflow/example_dags/example_trigger_controller_dag.py for tasks to queue
[2026-05-03T22:58:48.784+0000] {logging_mixin.py:190} INFO - [2026-05-03T22:58:48.784+0000] {dagbag.py:588} INFO - Filling up the DagBag from /home/ec2-user/environment/lab4_model_training/venv/lib64/python3.12/site-packages/airflow/example_dags/example_trigger_controller_dag.py
[2026-05-03T22:58:48.790+0000] {processor.py:925} INFO - DAG(s) 'example_trigger_controller_dag' retrieved from /home/ec2-user/environment/lab4_model_training/venv/lib64/python3.12/site-packages/airflow/example_dags/example_trigger_controller_dag.py
[2026-05-03T22:58:48.802+0000] {logging_mixin.py:190} INFO - [2026-05-03T22:58:48.801+0000] {dag.py:3239} INFO - Sync 1 DAGs
[2026-05-03T22:58:48.817+0000] {logging_mixin.py:190} INFO - [2026-05-03T22:58:48.816+0000] {dag.py:4180} INFO - Setting next_dagrun for example_trigger_controller_dag to 2021-01-01 00:00:00+00:00, run_after=2021-01-01 00:00:00+00:00
[2026-05-03T22:58:48.833+0000] {processor.py:208} INFO - Processing /home/ec2-user/environment/lab4_model_training/venv/lib64/python3.12/site-packages/airflow/example_dags/example_trigger_controller_dag.py took 0.057 seconds
[2026-05-03T22:59:57.597+0000] {processor.py:186} INFO - Started process (PID=59715) to work on /home/ec2-user/environment/lab4_model_training/venv/lib64/python3.12/site-packages/airflow/example_dags/example_trigger_controller_dag.py
[2026-05-03T22:59:57.598+0000] {processor.py:914} INFO - Processing file /home/ec2-user/environment/lab4_model_training/venv/lib64/python3.12/site-packages/airflow/example_dags/example_trigger_controller_dag.py for tasks to queue
[2026-05-03T22:59:57.599+0000] {logging_mixin.py:190} INFO - [2026-05-03T22:59:57.599+0000] {dagbag.py:588} INFO - Filling up the DagBag from /home/ec2-user/environment/lab4_model_training/venv/lib64/python3.12/site-packages/airflow/example_dags/example_trigger_controller_dag.py
[2026-05-03T22:59:57.605+0000] {processor.py:925} INFO - DAG(s) 'example_trigger_controller_dag' retrieved from /home/ec2-user/environment/lab4_model_training/venv/lib64/python3.12/site-packages/airflow/example_dags/example_trigger_controller_dag.py
[2026-05-03T22:59:57.615+0000] {logging_mixin.py:190} INFO - [2026-05-03T22:59:57.615+0000] {dag.py:3239} INFO - Sync 1 DAGs
[2026-05-03T22:59:57.630+0000] {logging_mixin.py:190} INFO - [2026-05-03T22:59:57.630+0000] {dag.py:4180} INFO - Setting next_dagrun for example_trigger_controller_dag to 2021-01-01 00:00:00+00:00, run_after=2021-01-01 00:00:00+00:00
[2026-05-03T22:59:57.646+0000] {processor.py:208} INFO - Processing /home/ec2-user/environment/lab4_model_training/venv/lib64/python3.12/site-packages/airflow/example_dags/example_trigger_controller_dag.py took 0.054 seconds
[2026-05-03T23:01:03.170+0000] {processor.py:186} INFO - Started process (PID=59986) to work on /home/ec2-user/environment/lab4_model_training/venv/lib64/python3.12/site-packages/airflow/example_dags/example_trigger_controller_dag.py
[2026-05-03T23:01:03.171+0000] {processor.py:914} INFO - Processing file /home/ec2-user/environment/lab4_model_training/venv/lib64/python3.12/site-packages/airflow/example_dags/example_trigger_controller_dag.py for tasks to queue
[2026-05-03T23:01:03.173+0000] {logging_mixin.py:190} INFO - [2026-05-03T23:01:03.173+0000] {dagbag.py:588} INFO - Filling up the DagBag from /home/ec2-user/environment/lab4_model_training/venv/lib64/python3.12/site-packages/airflow/example_dags/example_trigger_controller_dag.py
[2026-05-03T23:01:03.179+0000] {processor.py:925} INFO - DAG(s) 'example_trigger_controller_dag' retrieved from /home/ec2-user/environment/lab4_model_training/venv/lib64/python3.12/site-packages/airflow/example_dags/example_trigger_controller_dag.py
[2026-05-03T23:01:03.190+0000] {logging_mixin.py:190} INFO - [2026-05-03T23:01:03.190+0000] {dag.py:3239} INFO - Sync 1 DAGs
[2026-05-03T23:01:03.205+0000] {logging_mixin.py:190} INFO - [2026-05-03T23:01:03.205+0000] {dag.py:4180} INFO - Setting next_dagrun for example_trigger_controller_dag to 2021-01-01 00:00:00+00:00, run_after=2021-01-01 00:00:00+00:00
[2026-05-03T23:01:03.221+0000] {processor.py:208} INFO - Processing /home/ec2-user/environment/lab4_model_training/venv/lib64/python3.12/site-packages/airflow/example_dags/example_trigger_controller_dag.py took 0.055 seconds
[2026-05-03T23:02:09.106+0000] {processor.py:186} INFO - Started process (PID=60328) to work on /home/ec2-user/environment/lab4_model_training/venv/lib64/python3.12/site-packages/airflow/example_dags/example_trigger_controller_dag.py
[2026-05-03T23:02:09.107+0000] {processor.py:914} INFO - Processing file /home/ec2-user/environment/lab4_model_training/venv/lib64/python3.12/site-packages/airflow/example_dags/example_trigger_controller_dag.py for tasks to queue
[2026-05-03T23:02:09.109+0000] {logging_mixin.py:190} INFO - [2026-05-03T23:02:09.108+0000] {dagbag.py:588} INFO - Filling up the DagBag from /home/ec2-user/environment/lab4_model_training/venv/lib64/python3.12/site-packages/airflow/example_dags/example_trigger_controller_dag.py
[2026-05-03T23:02:09.114+0000] {processor.py:925} INFO - DAG(s) 'example_trigger_controller_dag' retrieved from /home/ec2-user/environment/lab4_model_training/venv/lib64/python3.12/site-packages/airflow/example_dags/example_trigger_controller_dag.py
[2026-05-03T23:02:09.125+0000] {logging_mixin.py:190} INFO - [2026-05-03T23:02:09.125+0000] {dag.py:3239} INFO - Sync 1 DAGs
[2026-05-03T23:02:09.140+0000] {logging_mixin.py:190} INFO - [2026-05-03T23:02:09.140+0000] {dag.py:4180} INFO - Setting next_dagrun for example_trigger_controller_dag to 2021-01-01 00:00:00+00:00, run_after=2021-01-01 00:00:00+00:00
[2026-05-03T23:02:09.157+0000] {processor.py:208} INFO - Processing /home/ec2-user/environment/lab4_model_training/venv/lib64/python3.12/site-packages/airflow/example_dags/example_trigger_controller_dag.py took 0.056 seconds
[2026-05-03T23:03:09.375+0000] {processor.py:186} INFO - Started process (PID=60580) to work on /home/ec2-user/environment/lab4_model_training/venv/lib64/python3.12/site-packages/airflow/example_dags/example_trigger_controller_dag.py
[2026-05-03T23:03:09.376+0000] {processor.py:914} INFO - Processing file /home/ec2-user/environment/lab4_model_training/venv/lib64/python3.12/site-packages/airflow/example_dags/example_trigger_controller_dag.py for tasks to queue
[2026-05-03T23:03:09.377+0000] {logging_mixin.py:190} INFO - [2026-05-03T23:03:09.377+0000] {dagbag.py:588} INFO - Filling up the DagBag from /home/ec2-user/environment/lab4_model_training/venv/lib64/python3.12/site-packages/airflow/example_dags/example_trigger_controller_dag.py
[2026-05-03T23:03:09.384+0000] {processor.py:925} INFO - DAG(s) 'example_trigger_controller_dag' retrieved from /home/ec2-user/environment/lab4_model_training/venv/lib64/python3.12/site-packages/airflow/example_dags/example_trigger_controller_dag.py
[2026-05-03T23:03:09.395+0000] {logging_mixin.py:190} INFO - [2026-05-03T23:03:09.395+0000] {dag.py:3239} INFO - Sync 1 DAGs
[2026-05-03T23:03:09.410+0000] {logging_mixin.py:190} INFO - [2026-05-03T23:03:09.410+0000] {dag.py:4180} INFO - Setting next_dagrun for example_trigger_controller_dag to 2021-01-01 00:00:00+00:00, run_after=2021-01-01 00:00:00+00:00
[2026-05-03T23:03:09.427+0000] {processor.py:208} INFO - Processing /home/ec2-user/environment/lab4_model_training/venv/lib64/python3.12/site-packages/airflow/example_dags/example_trigger_controller_dag.py took 0.057 seconds
[2026-05-03T23:04:11.804+0000] {processor.py:186} INFO - Started process (PID=60895) to work on /home/ec2-user/environment/lab4_model_training/venv/lib64/python3.12/site-packages/airflow/example_dags/example_trigger_controller_dag.py
[2026-05-03T23:04:11.806+0000] {processor.py:914} INFO - Processing file /home/ec2-user/environment/lab4_model_training/venv/lib64/python3.12/site-packages/airflow/example_dags/example_trigger_controller_dag.py for tasks to queue
[2026-05-03T23:04:11.807+0000] {logging_mixin.py:190} INFO - [2026-05-03T23:04:11.807+0000] {dagbag.py:588} INFO - Filling up the DagBag from /home/ec2-user/environment/lab4_model_training/venv/lib64/python3.12/site-packages/airflow/example_dags/example_trigger_controller_dag.py
[2026-05-03T23:04:11.813+0000] {processor.py:925} INFO - DAG(s) 'example_trigger_controller_dag' retrieved from /home/ec2-user/environment/lab4_model_training/venv/lib64/python3.12/site-packages/airflow/example_dags/example_trigger_controller_dag.py
[2026-05-03T23:04:11.825+0000] {logging_mixin.py:190} INFO - [2026-05-03T23:04:11.824+0000] {dag.py:3239} INFO - Sync 1 DAGs
[2026-05-03T23:04:11.839+0000] {logging_mixin.py:190} INFO - [2026-05-03T23:04:11.839+0000] {dag.py:4180} INFO - Setting next_dagrun for example_trigger_controller_dag to 2021-01-01 00:00:00+00:00, run_after=2021-01-01 00:00:00+00:00
[2026-05-03T23:04:11.858+0000] {processor.py:208} INFO - Processing /home/ec2-user/environment/lab4_model_training/venv/lib64/python3.12/site-packages/airflow/example_dags/example_trigger_controller_dag.py took 0.058 seconds
[2026-05-03T23:05:18.453+0000] {processor.py:186} INFO - Started process (PID=61157) to work on /home/ec2-user/environment/lab4_model_training/venv/lib64/python3.12/site-packages/airflow/example_dags/example_trigger_controller_dag.py
[2026-05-03T23:05:18.454+0000] {processor.py:914} INFO - Processing file /home/ec2-user/environment/lab4_model_training/venv/lib64/python3.12/site-packages/airflow/example_dags/example_trigger_controller_dag.py for tasks to queue
[2026-05-03T23:05:18.456+0000] {logging_mixin.py:190} INFO - [2026-05-03T23:05:18.455+0000] {dagbag.py:588} INFO - Filling up the DagBag from /home/ec2-user/environment/lab4_model_training/venv/lib64/python3.12/site-packages/airflow/example_dags/example_trigger_controller_dag.py
[2026-05-03T23:05:18.461+0000] {processor.py:925} INFO - DAG(s) 'example_trigger_controller_dag' retrieved from /home/ec2-user/environment/lab4_model_training/venv/lib64/python3.12/site-packages/airflow/example_dags/example_trigger_controller_dag.py
[2026-05-03T23:05:18.472+0000] {logging_mixin.py:190} INFO - [2026-05-03T23:05:18.472+0000] {dag.py:3239} INFO - Sync 1 DAGs
[2026-05-03T23:05:18.487+0000] {logging_mixin.py:190} INFO - [2026-05-03T23:05:18.487+0000] {dag.py:4180} INFO - Setting next_dagrun for example_trigger_controller_dag to 2021-01-01 00:00:00+00:00, run_after=2021-01-01 00:00:00+00:00
[2026-05-03T23:05:18.503+0000] {processor.py:208} INFO - Processing /home/ec2-user/environment/lab4_model_training/venv/lib64/python3.12/site-packages/airflow/example_dags/example_trigger_controller_dag.py took 0.055 seconds
[2026-05-03T23:06:20.094+0000] {processor.py:186} INFO - Started process (PID=61434) to work on /home/ec2-user/environment/lab4_model_training/venv/lib64/python3.12/site-packages/airflow/example_dags/example_trigger_controller_dag.py
[2026-05-03T23:06:20.095+0000] {processor.py:914} INFO - Processing file /home/ec2-user/environment/lab4_model_training/venv/lib64/python3.12/site-packages/airflow/example_dags/example_trigger_controller_dag.py for tasks to queue
[2026-05-03T23:06:20.097+0000] {logging_mixin.py:190} INFO - [2026-05-03T23:06:20.096+0000] {dagbag.py:588} INFO - Filling up the DagBag from /home/ec2-user/environment/lab4_model_training/venv/lib64/python3.12/site-packages/airflow/example_dags/example_trigger_controller_dag.py
[2026-05-03T23:06:20.102+0000] {processor.py:925} INFO - DAG(s) 'example_trigger_controller_dag' retrieved from /home/ec2-user/environment/lab4_model_training/venv/lib64/python3.12/site-packages/airflow/example_dags/example_trigger_controller_dag.py
[2026-05-03T23:06:20.113+0000] {logging_mixin.py:190} INFO - [2026-05-03T23:06:20.113+0000] {dag.py:3239} INFO - Sync 1 DAGs
[2026-05-03T23:06:20.128+0000] {logging_mixin.py:190} INFO - [2026-05-03T23:06:20.127+0000] {dag.py:4180} INFO - Setting next_dagrun for example_trigger_controller_dag to 2021-01-01 00:00:00+00:00, run_after=2021-01-01 00:00:00+00:00
[2026-05-03T23:06:20.143+0000] {processor.py:208} INFO - Processing /home/ec2-user/environment/lab4_model_training/venv/lib64/python3.12/site-packages/airflow/example_dags/example_trigger_controller_dag.py took 0.054 seconds
[2026-05-03T23:07:23.738+0000] {processor.py:186} INFO - Started process (PID=61656) to work on /home/ec2-user/environment/lab4_model_training/venv/lib64/python3.12/site-packages/airflow/example_dags/example_trigger_controller_dag.py
[2026-05-03T23:07:23.739+0000] {processor.py:914} INFO - Processing file /home/ec2-user/environment/lab4_model_training/venv/lib64/python3.12/site-packages/airflow/example_dags/example_trigger_controller_dag.py for tasks to queue
[2026-05-03T23:07:23.741+0000] {logging_mixin.py:190} INFO - [2026-05-03T23:07:23.740+0000] {dagbag.py:588} INFO - Filling up the DagBag from /home/ec2-user/environment/lab4_model_training/venv/lib64/python3.12/site-packages/airflow/example_dags/example_trigger_controller_dag.py
[2026-05-03T23:07:23.746+0000] {processor.py:925} INFO - DAG(s) 'example_trigger_controller_dag' retrieved from /home/ec2-user/environment/lab4_model_training/venv/lib64/python3.12/site-packages/airflow/example_dags/example_trigger_controller_dag.py
[2026-05-03T23:07:23.757+0000] {logging_mixin.py:190} INFO - [2026-05-03T23:07:23.757+0000] {dag.py:3239} INFO - Sync 1 DAGs
[2026-05-03T23:07:23.772+0000] {logging_mixin.py:190} INFO - [2026-05-03T23:07:23.771+0000] {dag.py:4180} INFO - Setting next_dagrun for example_trigger_controller_dag to 2021-01-01 00:00:00+00:00, run_after=2021-01-01 00:00:00+00:00
[2026-05-03T23:07:23.788+0000] {processor.py:208} INFO - Processing /home/ec2-user/environment/lab4_model_training/venv/lib64/python3.12/site-packages/airflow/example_dags/example_trigger_controller_dag.py took 0.054 seconds
[2026-05-03T23:08:27.713+0000] {processor.py:186} INFO - Started process (PID=61983) to work on /home/ec2-user/environment/lab4_model_training/venv/lib64/python3.12/site-packages/airflow/example_dags/example_trigger_controller_dag.py
[2026-05-03T23:08:27.715+0000] {processor.py:914} INFO - Processing file /home/ec2-user/environment/lab4_model_training/venv/lib64/python3.12/site-packages/airflow/example_dags/example_trigger_controller_dag.py for tasks to queue
[2026-05-03T23:08:27.716+0000] {logging_mixin.py:190} INFO - [2026-05-03T23:08:27.716+0000] {dagbag.py:588} INFO - Filling up the DagBag from /home/ec2-user/environment/lab4_model_training/venv/lib64/python3.12/site-packages/airflow/example_dags/example_trigger_controller_dag.py
[2026-05-03T23:08:27.722+0000] {processor.py:925} INFO - DAG(s) 'example_trigger_controller_dag' retrieved from /home/ec2-user/environment/lab4_model_training/venv/lib64/python3.12/site-packages/airflow/example_dags/example_trigger_controller_dag.py
[2026-05-03T23:08:27.732+0000] {logging_mixin.py:190} INFO - [2026-05-03T23:08:27.732+0000] {dag.py:3239} INFO - Sync 1 DAGs
[2026-05-03T23:08:27.747+0000] {logging_mixin.py:190} INFO - [2026-05-03T23:08:27.747+0000] {dag.py:4180} INFO - Setting next_dagrun for example_trigger_controller_dag to 2021-01-01 00:00:00+00:00, run_after=2021-01-01 00:00:00+00:00
[2026-05-03T23:08:27.763+0000] {processor.py:208} INFO - Processing /home/ec2-user/environment/lab4_model_training/venv/lib64/python3.12/site-packages/airflow/example_dags/example_trigger_controller_dag.py took 0.054 seconds
[2026-05-03T23:09:33.356+0000] {processor.py:186} INFO - Started process (PID=62242) to work on /home/ec2-user/environment/lab4_model_training/venv/lib64/python3.12/site-packages/airflow/example_dags/example_trigger_controller_dag.py
[2026-05-03T23:09:33.357+0000] {processor.py:914} INFO - Processing file /home/ec2-user/environment/lab4_model_training/venv/lib64/python3.12/site-packages/airflow/example_dags/example_trigger_controller_dag.py for tasks to queue
[2026-05-03T23:09:33.358+0000] {logging_mixin.py:190} INFO - [2026-05-03T23:09:33.358+0000] {dagbag.py:588} INFO - Filling up the DagBag from /home/ec2-user/environment/lab4_model_training/venv/lib64/python3.12/site-packages/airflow/example_dags/example_trigger_controller_dag.py
[2026-05-03T23:09:33.364+0000] {processor.py:925} INFO - DAG(s) 'example_trigger_controller_dag' retrieved from /home/ec2-user/environment/lab4_model_training/venv/lib64/python3.12/site-packages/airflow/example_dags/example_trigger_controller_dag.py
[2026-05-03T23:09:33.375+0000] {logging_mixin.py:190} INFO - [2026-05-03T23:09:33.375+0000] {dag.py:3239} INFO - Sync 1 DAGs
[2026-05-03T23:09:33.391+0000] {logging_mixin.py:190} INFO - [2026-05-03T23:09:33.391+0000] {dag.py:4180} INFO - Setting next_dagrun for example_trigger_controller_dag to 2021-01-01 00:00:00+00:00, run_after=2021-01-01 00:00:00+00:00
[2026-05-03T23:09:33.407+0000] {processor.py:208} INFO - Processing /home/ec2-user/environment/lab4_model_training/venv/lib64/python3.12/site-packages/airflow/example_dags/example_trigger_controller_dag.py took 0.057 seconds
[2026-05-03T23:10:38.715+0000] {processor.py:186} INFO - Started process (PID=62441) to work on /home/ec2-user/environment/lab4_model_training/venv/lib64/python3.12/site-packages/airflow/example_dags/example_trigger_controller_dag.py
[2026-05-03T23:10:38.716+0000] {processor.py:914} INFO - Processing file /home/ec2-user/environment/lab4_model_training/venv/lib64/python3.12/site-packages/airflow/example_dags/example_trigger_controller_dag.py for tasks to queue
[2026-05-03T23:10:38.717+0000] {logging_mixin.py:190} INFO - [2026-05-03T23:10:38.717+0000] {dagbag.py:588} INFO - Filling up the DagBag from /home/ec2-user/environment/lab4_model_training/venv/lib64/python3.12/site-packages/airflow/example_dags/example_trigger_controller_dag.py
[2026-05-03T23:10:38.723+0000] {processor.py:925} INFO - DAG(s) 'example_trigger_controller_dag' retrieved from /home/ec2-user/environment/lab4_model_training/venv/lib64/python3.12/site-packages/airflow/example_dags/example_trigger_controller_dag.py
[2026-05-03T23:10:38.734+0000] {logging_mixin.py:190} INFO - [2026-05-03T23:10:38.734+0000] {dag.py:3239} INFO - Sync 1 DAGs
[2026-05-03T23:10:38.748+0000] {logging_mixin.py:190} INFO - [2026-05-03T23:10:38.748+0000] {dag.py:4180} INFO - Setting next_dagrun for example_trigger_controller_dag to 2021-01-01 00:00:00+00:00, run_after=2021-01-01 00:00:00+00:00
[2026-05-03T23:10:38.765+0000] {processor.py:208} INFO - Processing /home/ec2-user/environment/lab4_model_training/venv/lib64/python3.12/site-packages/airflow/example_dags/example_trigger_controller_dag.py took 0.054 seconds
[2026-05-03T23:11:42.997+0000] {processor.py:186} INFO - Started process (PID=62587) to work on /home/ec2-user/environment/lab4_model_training/venv/lib64/python3.12/site-packages/airflow/example_dags/example_trigger_controller_dag.py
[2026-05-03T23:11:42.998+0000] {processor.py:914} INFO - Processing file /home/ec2-user/environment/lab4_model_training/venv/lib64/python3.12/site-packages/airflow/example_dags/example_trigger_controller_dag.py for tasks to queue
[2026-05-03T23:11:43.000+0000] {logging_mixin.py:190} INFO - [2026-05-03T23:11:42.999+0000] {dagbag.py:588} INFO - Filling up the DagBag from /home/ec2-user/environment/lab4_model_training/venv/lib64/python3.12/site-packages/airflow/example_dags/example_trigger_controller_dag.py
[2026-05-03T23:11:43.005+0000] {processor.py:925} INFO - DAG(s) 'example_trigger_controller_dag' retrieved from /home/ec2-user/environment/lab4_model_training/venv/lib64/python3.12/site-packages/airflow/example_dags/example_trigger_controller_dag.py
[2026-05-03T23:11:43.016+0000] {logging_mixin.py:190} INFO - [2026-05-03T23:11:43.016+0000] {dag.py:3239} INFO - Sync 1 DAGs
[2026-05-03T23:11:43.031+0000] {logging_mixin.py:190} INFO - [2026-05-03T23:11:43.031+0000] {dag.py:4180} INFO - Setting next_dagrun for example_trigger_controller_dag to 2021-01-01 00:00:00+00:00, run_after=2021-01-01 00:00:00+00:00
[2026-05-03T23:11:43.047+0000] {processor.py:208} INFO - Processing /home/ec2-user/environment/lab4_model_training/venv/lib64/python3.12/site-packages/airflow/example_dags/example_trigger_controller_dag.py took 0.054 seconds
[2026-05-03T23:12:50.780+0000] {processor.py:186} INFO - Started process (PID=62799) to work on /home/ec2-user/environment/lab4_model_training/venv/lib64/python3.12/site-packages/airflow/example_dags/example_trigger_controller_dag.py
[2026-05-03T23:12:50.781+0000] {processor.py:914} INFO - Processing file /home/ec2-user/environment/lab4_model_training/venv/lib64/python3.12/site-packages/airflow/example_dags/example_trigger_controller_dag.py for tasks to queue
[2026-05-03T23:12:50.782+0000] {logging_mixin.py:190} INFO - [2026-05-03T23:12:50.782+0000] {dagbag.py:588} INFO - Filling up the DagBag from /home/ec2-user/environment/lab4_model_training/venv/lib64/python3.12/site-packages/airflow/example_dags/example_trigger_controller_dag.py
[2026-05-03T23:12:50.788+0000] {processor.py:925} INFO - DAG(s) 'example_trigger_controller_dag' retrieved from /home/ec2-user/environment/lab4_model_training/venv/lib64/python3.12/site-packages/airflow/example_dags/example_trigger_controller_dag.py
[2026-05-03T23:12:50.799+0000] {logging_mixin.py:190} INFO - [2026-05-03T23:12:50.799+0000] {dag.py:3239} INFO - Sync 1 DAGs
[2026-05-03T23:12:50.814+0000] {logging_mixin.py:190} INFO - [2026-05-03T23:12:50.814+0000] {dag.py:4180} INFO - Setting next_dagrun for example_trigger_controller_dag to 2021-01-01 00:00:00+00:00, run_after=2021-01-01 00:00:00+00:00
[2026-05-03T23:12:50.831+0000] {processor.py:208} INFO - Processing /home/ec2-user/environment/lab4_model_training/venv/lib64/python3.12/site-packages/airflow/example_dags/example_trigger_controller_dag.py took 0.055 seconds
[2026-05-03T23:13:56.548+0000] {processor.py:186} INFO - Started process (PID=63014) to work on /home/ec2-user/environment/lab4_model_training/venv/lib64/python3.12/site-packages/airflow/example_dags/example_trigger_controller_dag.py
[2026-05-03T23:13:56.549+0000] {processor.py:914} INFO - Processing file /home/ec2-user/environment/lab4_model_training/venv/lib64/python3.12/site-packages/airflow/example_dags/example_trigger_controller_dag.py for tasks to queue
[2026-05-03T23:13:56.551+0000] {logging_mixin.py:190} INFO - [2026-05-03T23:13:56.551+0000] {dagbag.py:588} INFO - Filling up the DagBag from /home/ec2-user/environment/lab4_model_training/venv/lib64/python3.12/site-packages/airflow/example_dags/example_trigger_controller_dag.py
[2026-05-03T23:13:56.556+0000] {processor.py:925} INFO - DAG(s) 'example_trigger_controller_dag' retrieved from /home/ec2-user/environment/lab4_model_training/venv/lib64/python3.12/site-packages/airflow/example_dags/example_trigger_controller_dag.py
[2026-05-03T23:13:56.567+0000] {logging_mixin.py:190} INFO - [2026-05-03T23:13:56.567+0000] {dag.py:3239} INFO - Sync 1 DAGs
[2026-05-03T23:13:56.582+0000] {logging_mixin.py:190} INFO - [2026-05-03T23:13:56.582+0000] {dag.py:4180} INFO - Setting next_dagrun for example_trigger_controller_dag to 2021-01-01 00:00:00+00:00, run_after=2021-01-01 00:00:00+00:00
[2026-05-03T23:13:56.599+0000] {processor.py:208} INFO - Processing /home/ec2-user/environment/lab4_model_training/venv/lib64/python3.12/site-packages/airflow/example_dags/example_trigger_controller_dag.py took 0.055 seconds
[2026-05-03T23:15:01.080+0000] {processor.py:186} INFO - Started process (PID=63202) to work on /home/ec2-user/environment/lab4_model_training/venv/lib64/python3.12/site-packages/airflow/example_dags/example_trigger_controller_dag.py
[2026-05-03T23:15:01.081+0000] {processor.py:914} INFO - Processing file /home/ec2-user/environment/lab4_model_training/venv/lib64/python3.12/site-packages/airflow/example_dags/example_trigger_controller_dag.py for tasks to queue
[2026-05-03T23:15:01.082+0000] {logging_mixin.py:190} INFO - [2026-05-03T23:15:01.082+0000] {dagbag.py:588} INFO - Filling up the DagBag from /home/ec2-user/environment/lab4_model_training/venv/lib64/python3.12/site-packages/airflow/example_dags/example_trigger_controller_dag.py
[2026-05-03T23:15:01.088+0000] {processor.py:925} INFO - DAG(s) 'example_trigger_controller_dag' retrieved from /home/ec2-user/environment/lab4_model_training/venv/lib64/python3.12/site-packages/airflow/example_dags/example_trigger_controller_dag.py
[2026-05-03T23:15:01.099+0000] {logging_mixin.py:190} INFO - [2026-05-03T23:15:01.099+0000] {dag.py:3239} INFO - Sync 1 DAGs
[2026-05-03T23:15:01.114+0000] {logging_mixin.py:190} INFO - [2026-05-03T23:15:01.114+0000] {dag.py:4180} INFO - Setting next_dagrun for example_trigger_controller_dag to 2021-01-01 00:00:00+00:00, run_after=2021-01-01 00:00:00+00:00
[2026-05-03T23:15:01.132+0000] {processor.py:208} INFO - Processing /home/ec2-user/environment/lab4_model_training/venv/lib64/python3.12/site-packages/airflow/example_dags/example_trigger_controller_dag.py took 0.057 seconds
[2026-05-03T23:16:04.504+0000] {processor.py:186} INFO - Started process (PID=63442) to work on /home/ec2-user/environment/lab4_model_training/venv/lib64/python3.12/site-packages/airflow/example_dags/example_trigger_controller_dag.py
[2026-05-03T23:16:04.505+0000] {processor.py:914} INFO - Processing file /home/ec2-user/environment/lab4_model_training/venv/lib64/python3.12/site-packages/airflow/example_dags/example_trigger_controller_dag.py for tasks to queue
[2026-05-03T23:16:04.506+0000] {logging_mixin.py:190} INFO - [2026-05-03T23:16:04.506+0000] {dagbag.py:588} INFO - Filling up the DagBag from /home/ec2-user/environment/lab4_model_training/venv/lib64/python3.12/site-packages/airflow/example_dags/example_trigger_controller_dag.py
[2026-05-03T23:16:04.512+0000] {processor.py:925} INFO - DAG(s) 'example_trigger_controller_dag' retrieved from /home/ec2-user/environment/lab4_model_training/venv/lib64/python3.12/site-packages/airflow/example_dags/example_trigger_controller_dag.py
[2026-05-03T23:16:04.523+0000] {logging_mixin.py:190} INFO - [2026-05-03T23:16:04.523+0000] {dag.py:3239} INFO - Sync 1 DAGs
[2026-05-03T23:16:04.538+0000] {logging_mixin.py:190} INFO - [2026-05-03T23:16:04.538+0000] {dag.py:4180} INFO - Setting next_dagrun for example_trigger_controller_dag to 2021-01-01 00:00:00+00:00, run_after=2021-01-01 00:00:00+00:00
[2026-05-03T23:16:04.554+0000] {processor.py:208} INFO - Processing /home/ec2-user/environment/lab4_model_training/venv/lib64/python3.12/site-packages/airflow/example_dags/example_trigger_controller_dag.py took 0.056 seconds
[2026-05-03T23:17:24.282+0000] {processor.py:186} INFO - Started process (PID=63686) to work on /home/ec2-user/environment/lab4_model_training/venv/lib64/python3.12/site-packages/airflow/example_dags/example_trigger_controller_dag.py
[2026-05-03T23:17:24.283+0000] {processor.py:914} INFO - Processing file /home/ec2-user/environment/lab4_model_training/venv/lib64/python3.12/site-packages/airflow/example_dags/example_trigger_controller_dag.py for tasks to queue
[2026-05-03T23:17:24.285+0000] {logging_mixin.py:190} INFO - [2026-05-03T23:17:24.285+0000] {dagbag.py:588} INFO - Filling up the DagBag from /home/ec2-user/environment/lab4_model_training/venv/lib64/python3.12/site-packages/airflow/example_dags/example_trigger_controller_dag.py
[2026-05-03T23:17:24.290+0000] {processor.py:925} INFO - DAG(s) 'example_trigger_controller_dag' retrieved from /home/ec2-user/environment/lab4_model_training/venv/lib64/python3.12/site-packages/airflow/example_dags/example_trigger_controller_dag.py
[2026-05-03T23:17:24.301+0000] {logging_mixin.py:190} INFO - [2026-05-03T23:17:24.301+0000] {dag.py:3239} INFO - Sync 1 DAGs
[2026-05-03T23:17:24.315+0000] {logging_mixin.py:190} INFO - [2026-05-03T23:17:24.315+0000] {dag.py:4180} INFO - Setting next_dagrun for example_trigger_controller_dag to 2021-01-01 00:00:00+00:00, run_after=2021-01-01 00:00:00+00:00
[2026-05-03T23:17:24.331+0000] {processor.py:208} INFO - Processing /home/ec2-user/environment/lab4_model_training/venv/lib64/python3.12/site-packages/airflow/example_dags/example_trigger_controller_dag.py took 0.054 seconds
[2026-05-03T23:18:28.577+0000] {processor.py:186} INFO - Started process (PID=63804) to work on /home/ec2-user/environment/lab4_model_training/venv/lib64/python3.12/site-packages/airflow/example_dags/example_trigger_controller_dag.py
[2026-05-03T23:18:28.578+0000] {processor.py:914} INFO - Processing file /home/ec2-user/environment/lab4_model_training/venv/lib64/python3.12/site-packages/airflow/example_dags/example_trigger_controller_dag.py for tasks to queue
[2026-05-03T23:18:28.580+0000] {logging_mixin.py:190} INFO - [2026-05-03T23:18:28.580+0000] {dagbag.py:588} INFO - Filling up the DagBag from /home/ec2-user/environment/lab4_model_training/venv/lib64/python3.12/site-packages/airflow/example_dags/example_trigger_controller_dag.py
[2026-05-03T23:18:28.585+0000] {processor.py:925} INFO - DAG(s) 'example_trigger_controller_dag' retrieved from /home/ec2-user/environment/lab4_model_training/venv/lib64/python3.12/site-packages/airflow/example_dags/example_trigger_controller_dag.py
[2026-05-03T23:18:28.596+0000] {logging_mixin.py:190} INFO - [2026-05-03T23:18:28.596+0000] {dag.py:3239} INFO - Sync 1 DAGs
[2026-05-03T23:18:28.611+0000] {logging_mixin.py:190} INFO - [2026-05-03T23:18:28.611+0000] {dag.py:4180} INFO - Setting next_dagrun for example_trigger_controller_dag to 2021-01-01 00:00:00+00:00, run_after=2021-01-01 00:00:00+00:00
[2026-05-03T23:18:28.627+0000] {processor.py:208} INFO - Processing /home/ec2-user/environment/lab4_model_training/venv/lib64/python3.12/site-packages/airflow/example_dags/example_trigger_controller_dag.py took 0.054 seconds
[2026-05-03T23:19:31.742+0000] {processor.py:186} INFO - Started process (PID=63981) to work on /home/ec2-user/environment/lab4_model_training/venv/lib64/python3.12/site-packages/airflow/example_dags/example_trigger_controller_dag.py
[2026-05-03T23:19:31.743+0000] {processor.py:914} INFO - Processing file /home/ec2-user/environment/lab4_model_training/venv/lib64/python3.12/site-packages/airflow/example_dags/example_trigger_controller_dag.py for tasks to queue
[2026-05-03T23:19:31.744+0000] {logging_mixin.py:190} INFO - [2026-05-03T23:19:31.744+0000] {dagbag.py:588} INFO - Filling up the DagBag from /home/ec2-user/environment/lab4_model_training/venv/lib64/python3.12/site-packages/airflow/example_dags/example_trigger_controller_dag.py
[2026-05-03T23:19:31.750+0000] {processor.py:925} INFO - DAG(s) 'example_trigger_controller_dag' retrieved from /home/ec2-user/environment/lab4_model_training/venv/lib64/python3.12/site-packages/airflow/example_dags/example_trigger_controller_dag.py
[2026-05-03T23:19:31.761+0000] {logging_mixin.py:190} INFO - [2026-05-03T23:19:31.761+0000] {dag.py:3239} INFO - Sync 1 DAGs
[2026-05-03T23:19:31.776+0000] {logging_mixin.py:190} INFO - [2026-05-03T23:19:31.776+0000] {dag.py:4180} INFO - Setting next_dagrun for example_trigger_controller_dag to 2021-01-01 00:00:00+00:00, run_after=2021-01-01 00:00:00+00:00
[2026-05-03T23:19:31.793+0000] {processor.py:208} INFO - Processing /home/ec2-user/environment/lab4_model_training/venv/lib64/python3.12/site-packages/airflow/example_dags/example_trigger_controller_dag.py took 0.056 seconds
[2026-05-03T23:20:38.514+0000] {processor.py:186} INFO - Started process (PID=64156) to work on /home/ec2-user/environment/lab4_model_training/venv/lib64/python3.12/site-packages/airflow/example_dags/example_trigger_controller_dag.py
[2026-05-03T23:20:38.515+0000] {processor.py:914} INFO - Processing file /home/ec2-user/environment/lab4_model_training/venv/lib64/python3.12/site-packages/airflow/example_dags/example_trigger_controller_dag.py for tasks to queue
[2026-05-03T23:20:38.517+0000] {logging_mixin.py:190} INFO - [2026-05-03T23:20:38.517+0000] {dagbag.py:588} INFO - Filling up the DagBag from /home/ec2-user/environment/lab4_model_training/venv/lib64/python3.12/site-packages/airflow/example_dags/example_trigger_controller_dag.py
[2026-05-03T23:20:38.523+0000] {processor.py:925} INFO - DAG(s) 'example_trigger_controller_dag' retrieved from /home/ec2-user/environment/lab4_model_training/venv/lib64/python3.12/site-packages/airflow/example_dags/example_trigger_controller_dag.py
[2026-05-03T23:20:38.535+0000] {logging_mixin.py:190} INFO - [2026-05-03T23:20:38.534+0000] {dag.py:3239} INFO - Sync 1 DAGs
[2026-05-03T23:20:38.549+0000] {logging_mixin.py:190} INFO - [2026-05-03T23:20:38.549+0000] {dag.py:4180} INFO - Setting next_dagrun for example_trigger_controller_dag to 2021-01-01 00:00:00+00:00, run_after=2021-01-01 00:00:00+00:00
[2026-05-03T23:20:38.566+0000] {processor.py:208} INFO - Processing /home/ec2-user/environment/lab4_model_training/venv/lib64/python3.12/site-packages/airflow/example_dags/example_trigger_controller_dag.py took 0.056 seconds
[2026-05-03T23:22:06.837+0000] {processor.py:186} INFO - Started process (PID=64428) to work on /home/ec2-user/environment/lab4_model_training/venv/lib64/python3.12/site-packages/airflow/example_dags/example_trigger_controller_dag.py
[2026-05-03T23:22:06.838+0000] {processor.py:914} INFO - Processing file /home/ec2-user/environment/lab4_model_training/venv/lib64/python3.12/site-packages/airflow/example_dags/example_trigger_controller_dag.py for tasks to queue
[2026-05-03T23:22:06.840+0000] {logging_mixin.py:190} INFO - [2026-05-03T23:22:06.840+0000] {dagbag.py:588} INFO - Filling up the DagBag from /home/ec2-user/environment/lab4_model_training/venv/lib64/python3.12/site-packages/airflow/example_dags/example_trigger_controller_dag.py
[2026-05-03T23:22:06.845+0000] {processor.py:925} INFO - DAG(s) 'example_trigger_controller_dag' retrieved from /home/ec2-user/environment/lab4_model_training/venv/lib64/python3.12/site-packages/airflow/example_dags/example_trigger_controller_dag.py
[2026-05-03T23:22:06.857+0000] {logging_mixin.py:190} INFO - [2026-05-03T23:22:06.857+0000] {dag.py:3239} INFO - Sync 1 DAGs
[2026-05-03T23:22:06.872+0000] {logging_mixin.py:190} INFO - [2026-05-03T23:22:06.872+0000] {dag.py:4180} INFO - Setting next_dagrun for example_trigger_controller_dag to 2021-01-01 00:00:00+00:00, run_after=2021-01-01 00:00:00+00:00
[2026-05-03T23:22:06.889+0000] {processor.py:208} INFO - Processing /home/ec2-user/environment/lab4_model_training/venv/lib64/python3.12/site-packages/airflow/example_dags/example_trigger_controller_dag.py took 0.056 seconds
[2026-05-03T23:23:20.330+0000] {processor.py:186} INFO - Started process (PID=64574) to work on /home/ec2-user/environment/lab4_model_training/venv/lib64/python3.12/site-packages/airflow/example_dags/example_trigger_controller_dag.py
[2026-05-03T23:23:20.332+0000] {processor.py:914} INFO - Processing file /home/ec2-user/environment/lab4_model_training/venv/lib64/python3.12/site-packages/airflow/example_dags/example_trigger_controller_dag.py for tasks to queue
[2026-05-03T23:23:20.334+0000] {logging_mixin.py:190} INFO - [2026-05-03T23:23:20.334+0000] {dagbag.py:588} INFO - Filling up the DagBag from /home/ec2-user/environment/lab4_model_training/venv/lib64/python3.12/site-packages/airflow/example_dags/example_trigger_controller_dag.py
[2026-05-03T23:23:20.339+0000] {processor.py:925} INFO - DAG(s) 'example_trigger_controller_dag' retrieved from /home/ec2-user/environment/lab4_model_training/venv/lib64/python3.12/site-packages/airflow/example_dags/example_trigger_controller_dag.py
[2026-05-03T23:23:20.351+0000] {logging_mixin.py:190} INFO - [2026-05-03T23:23:20.351+0000] {dag.py:3239} INFO - Sync 1 DAGs
[2026-05-03T23:23:20.366+0000] {logging_mixin.py:190} INFO - [2026-05-03T23:23:20.365+0000] {dag.py:4180} INFO - Setting next_dagrun for example_trigger_controller_dag to 2021-01-01 00:00:00+00:00, run_after=2021-01-01 00:00:00+00:00
[2026-05-03T23:23:20.382+0000] {processor.py:208} INFO - Processing /home/ec2-user/environment/lab4_model_training/venv/lib64/python3.12/site-packages/airflow/example_dags/example_trigger_controller_dag.py took 0.056 seconds
[2026-05-03T23:24:25.976+0000] {processor.py:186} INFO - Started process (PID=64794) to work on /home/ec2-user/environment/lab4_model_training/venv/lib64/python3.12/site-packages/airflow/example_dags/example_trigger_controller_dag.py
[2026-05-03T23:24:25.977+0000] {processor.py:914} INFO - Processing file /home/ec2-user/environment/lab4_model_training/venv/lib64/python3.12/site-packages/airflow/example_dags/example_trigger_controller_dag.py for tasks to queue
[2026-05-03T23:24:25.979+0000] {logging_mixin.py:190} INFO - [2026-05-03T23:24:25.979+0000] {dagbag.py:588} INFO - Filling up the DagBag from /home/ec2-user/environment/lab4_model_training/venv/lib64/python3.12/site-packages/airflow/example_dags/example_trigger_controller_dag.py
[2026-05-03T23:24:25.984+0000] {processor.py:925} INFO - DAG(s) 'example_trigger_controller_dag' retrieved from /home/ec2-user/environment/lab4_model_training/venv/lib64/python3.12/site-packages/airflow/example_dags/example_trigger_controller_dag.py
[2026-05-03T23:24:25.996+0000] {logging_mixin.py:190} INFO - [2026-05-03T23:24:25.995+0000] {dag.py:3239} INFO - Sync 1 DAGs
[2026-05-03T23:24:26.011+0000] {logging_mixin.py:190} INFO - [2026-05-03T23:24:26.011+0000] {dag.py:4180} INFO - Setting next_dagrun for example_trigger_controller_dag to 2021-01-01 00:00:00+00:00, run_after=2021-01-01 00:00:00+00:00
[2026-05-03T23:24:26.028+0000] {processor.py:208} INFO - Processing /home/ec2-user/environment/lab4_model_training/venv/lib64/python3.12/site-packages/airflow/example_dags/example_trigger_controller_dag.py took 0.057 seconds
[2026-05-03T23:25:30.260+0000] {processor.py:186} INFO - Started process (PID=64948) to work on /home/ec2-user/environment/lab4_model_training/venv/lib64/python3.12/site-packages/airflow/example_dags/example_trigger_controller_dag.py
[2026-05-03T23:25:30.261+0000] {processor.py:914} INFO - Processing file /home/ec2-user/environment/lab4_model_training/venv/lib64/python3.12/site-packages/airflow/example_dags/example_trigger_controller_dag.py for tasks to queue
[2026-05-03T23:25:30.263+0000] {logging_mixin.py:190} INFO - [2026-05-03T23:25:30.263+0000] {dagbag.py:588} INFO - Filling up the DagBag from /home/ec2-user/environment/lab4_model_training/venv/lib64/python3.12/site-packages/airflow/example_dags/example_trigger_controller_dag.py
[2026-05-03T23:25:30.268+0000] {processor.py:925} INFO - DAG(s) 'example_trigger_controller_dag' retrieved from /home/ec2-user/environment/lab4_model_training/venv/lib64/python3.12/site-packages/airflow/example_dags/example_trigger_controller_dag.py
[2026-05-03T23:25:30.280+0000] {logging_mixin.py:190} INFO - [2026-05-03T23:25:30.279+0000] {dag.py:3239} INFO - Sync 1 DAGs
[2026-05-03T23:25:30.295+0000] {logging_mixin.py:190} INFO - [2026-05-03T23:25:30.294+0000] {dag.py:4180} INFO - Setting next_dagrun for example_trigger_controller_dag to 2021-01-01 00:00:00+00:00, run_after=2021-01-01 00:00:00+00:00
[2026-05-03T23:25:30.312+0000] {processor.py:208} INFO - Processing /home/ec2-user/environment/lab4_model_training/venv/lib64/python3.12/site-packages/airflow/example_dags/example_trigger_controller_dag.py took 0.056 seconds
