[2026-05-03T22:49:54.493+0000] {processor.py:186} INFO - Started process (PID=57688) to work on /home/ec2-user/environment/lab4_model_training/venv/lib64/python3.12/site-packages/airflow/example_dags/example_setup_teardown_taskflow.py
[2026-05-03T22:49:54.493+0000] {processor.py:914} INFO - Processing file /home/ec2-user/environment/lab4_model_training/venv/lib64/python3.12/site-packages/airflow/example_dags/example_setup_teardown_taskflow.py for tasks to queue
[2026-05-03T22:49:54.495+0000] {logging_mixin.py:190} INFO - [2026-05-03T22:49:54.495+0000] {dagbag.py:588} INFO - Filling up the DagBag from /home/ec2-user/environment/lab4_model_training/venv/lib64/python3.12/site-packages/airflow/example_dags/example_setup_teardown_taskflow.py
[2026-05-03T22:49:54.504+0000] {processor.py:925} INFO - DAG(s) 'example_setup_teardown_taskflow' retrieved from /home/ec2-user/environment/lab4_model_training/venv/lib64/python3.12/site-packages/airflow/example_dags/example_setup_teardown_taskflow.py
[2026-05-03T22:49:54.518+0000] {logging_mixin.py:190} INFO - [2026-05-03T22:49:54.518+0000] {dag.py:3239} INFO - Sync 1 DAGs
[2026-05-03T22:49:54.528+0000] {logging_mixin.py:190} INFO - [2026-05-03T22:49:54.528+0000] {dag.py:4180} INFO - Setting next_dagrun for example_setup_teardown_taskflow to None, run_after=None
[2026-05-03T22:49:54.545+0000] {processor.py:208} INFO - Processing /home/ec2-user/environment/lab4_model_training/venv/lib64/python3.12/site-packages/airflow/example_dags/example_setup_teardown_taskflow.py took 0.057 seconds
[2026-05-03T22:51:01.855+0000] {processor.py:186} INFO - Started process (PID=57859) to work on /home/ec2-user/environment/lab4_model_training/venv/lib64/python3.12/site-packages/airflow/example_dags/example_setup_teardown_taskflow.py
[2026-05-03T22:51:01.857+0000] {processor.py:914} INFO - Processing file /home/ec2-user/environment/lab4_model_training/venv/lib64/python3.12/site-packages/airflow/example_dags/example_setup_teardown_taskflow.py for tasks to queue
[2026-05-03T22:51:01.858+0000] {logging_mixin.py:190} INFO - [2026-05-03T22:51:01.858+0000] {dagbag.py:588} INFO - Filling up the DagBag from /home/ec2-user/environment/lab4_model_training/venv/lib64/python3.12/site-packages/airflow/example_dags/example_setup_teardown_taskflow.py
[2026-05-03T22:51:01.866+0000] {processor.py:925} INFO - DAG(s) 'example_setup_teardown_taskflow' retrieved from /home/ec2-user/environment/lab4_model_training/venv/lib64/python3.12/site-packages/airflow/example_dags/example_setup_teardown_taskflow.py
[2026-05-03T22:51:01.879+0000] {logging_mixin.py:190} INFO - [2026-05-03T22:51:01.879+0000] {dag.py:3239} INFO - Sync 1 DAGs
[2026-05-03T22:51:01.889+0000] {logging_mixin.py:190} INFO - [2026-05-03T22:51:01.889+0000] {dag.py:4180} INFO - Setting next_dagrun for example_setup_teardown_taskflow to None, run_after=None
[2026-05-03T22:51:01.906+0000] {processor.py:208} INFO - Processing /home/ec2-user/environment/lab4_model_training/venv/lib64/python3.12/site-packages/airflow/example_dags/example_setup_teardown_taskflow.py took 0.055 seconds
[2026-05-03T22:52:03.685+0000] {processor.py:186} INFO - Started process (PID=58041) to work on /home/ec2-user/environment/lab4_model_training/venv/lib64/python3.12/site-packages/airflow/example_dags/example_setup_teardown_taskflow.py
[2026-05-03T22:52:03.687+0000] {processor.py:914} INFO - Processing file /home/ec2-user/environment/lab4_model_training/venv/lib64/python3.12/site-packages/airflow/example_dags/example_setup_teardown_taskflow.py for tasks to queue
[2026-05-03T22:52:03.688+0000] {logging_mixin.py:190} INFO - [2026-05-03T22:52:03.688+0000] {dagbag.py:588} INFO - Filling up the DagBag from /home/ec2-user/environment/lab4_model_training/venv/lib64/python3.12/site-packages/airflow/example_dags/example_setup_teardown_taskflow.py
[2026-05-03T22:52:03.697+0000] {processor.py:925} INFO - DAG(s) 'example_setup_teardown_taskflow' retrieved from /home/ec2-user/environment/lab4_model_training/venv/lib64/python3.12/site-packages/airflow/example_dags/example_setup_teardown_taskflow.py
[2026-05-03T22:52:03.710+0000] {logging_mixin.py:190} INFO - [2026-05-03T22:52:03.710+0000] {dag.py:3239} INFO - Sync 1 DAGs
[2026-05-03T22:52:03.720+0000] {logging_mixin.py:190} INFO - [2026-05-03T22:52:03.719+0000] {dag.py:4180} INFO - Setting next_dagrun for example_setup_teardown_taskflow to None, run_after=None
[2026-05-03T22:52:03.735+0000] {processor.py:208} INFO - Processing /home/ec2-user/environment/lab4_model_training/venv/lib64/python3.12/site-packages/airflow/example_dags/example_setup_teardown_taskflow.py took 0.054 seconds
[2026-05-03T22:53:10.220+0000] {processor.py:186} INFO - Started process (PID=58220) to work on /home/ec2-user/environment/lab4_model_training/venv/lib64/python3.12/site-packages/airflow/example_dags/example_setup_teardown_taskflow.py
[2026-05-03T22:53:10.221+0000] {processor.py:914} INFO - Processing file /home/ec2-user/environment/lab4_model_training/venv/lib64/python3.12/site-packages/airflow/example_dags/example_setup_teardown_taskflow.py for tasks to queue
[2026-05-03T22:53:10.223+0000] {logging_mixin.py:190} INFO - [2026-05-03T22:53:10.223+0000] {dagbag.py:588} INFO - Filling up the DagBag from /home/ec2-user/environment/lab4_model_training/venv/lib64/python3.12/site-packages/airflow/example_dags/example_setup_teardown_taskflow.py
[2026-05-03T22:53:10.232+0000] {processor.py:925} INFO - DAG(s) 'example_setup_teardown_taskflow' retrieved from /home/ec2-user/environment/lab4_model_training/venv/lib64/python3.12/site-packages/airflow/example_dags/example_setup_teardown_taskflow.py
[2026-05-03T22:53:10.244+0000] {logging_mixin.py:190} INFO - [2026-05-03T22:53:10.244+0000] {dag.py:3239} INFO - Sync 1 DAGs
[2026-05-03T22:53:10.254+0000] {logging_mixin.py:190} INFO - [2026-05-03T22:53:10.254+0000] {dag.py:4180} INFO - Setting next_dagrun for example_setup_teardown_taskflow to None, run_after=None
[2026-05-03T22:53:10.271+0000] {processor.py:208} INFO - Processing /home/ec2-user/environment/lab4_model_training/venv/lib64/python3.12/site-packages/airflow/example_dags/example_setup_teardown_taskflow.py took 0.055 seconds
[2026-05-03T22:54:13.158+0000] {processor.py:186} INFO - Started process (PID=58511) to work on /home/ec2-user/environment/lab4_model_training/venv/lib64/python3.12/site-packages/airflow/example_dags/example_setup_teardown_taskflow.py
[2026-05-03T22:54:13.160+0000] {processor.py:914} INFO - Processing file /home/ec2-user/environment/lab4_model_training/venv/lib64/python3.12/site-packages/airflow/example_dags/example_setup_teardown_taskflow.py for tasks to queue
[2026-05-03T22:54:13.161+0000] {logging_mixin.py:190} INFO - [2026-05-03T22:54:13.161+0000] {dagbag.py:588} INFO - Filling up the DagBag from /home/ec2-user/environment/lab4_model_training/venv/lib64/python3.12/site-packages/airflow/example_dags/example_setup_teardown_taskflow.py
[2026-05-03T22:54:13.170+0000] {processor.py:925} INFO - DAG(s) 'example_setup_teardown_taskflow' retrieved from /home/ec2-user/environment/lab4_model_training/venv/lib64/python3.12/site-packages/airflow/example_dags/example_setup_teardown_taskflow.py
[2026-05-03T22:54:13.183+0000] {logging_mixin.py:190} INFO - [2026-05-03T22:54:13.183+0000] {dag.py:3239} INFO - Sync 1 DAGs
[2026-05-03T22:54:13.193+0000] {logging_mixin.py:190} INFO - [2026-05-03T22:54:13.193+0000] {dag.py:4180} INFO - Setting next_dagrun for example_setup_teardown_taskflow to None, run_after=None
[2026-05-03T22:54:13.210+0000] {processor.py:208} INFO - Processing /home/ec2-user/environment/lab4_model_training/venv/lib64/python3.12/site-packages/airflow/example_dags/example_setup_teardown_taskflow.py took 0.057 seconds
[2026-05-03T22:55:17.420+0000] {processor.py:186} INFO - Started process (PID=58651) to work on /home/ec2-user/environment/lab4_model_training/venv/lib64/python3.12/site-packages/airflow/example_dags/example_setup_teardown_taskflow.py
[2026-05-03T22:55:17.421+0000] {processor.py:914} INFO - Processing file /home/ec2-user/environment/lab4_model_training/venv/lib64/python3.12/site-packages/airflow/example_dags/example_setup_teardown_taskflow.py for tasks to queue
[2026-05-03T22:55:17.423+0000] {logging_mixin.py:190} INFO - [2026-05-03T22:55:17.423+0000] {dagbag.py:588} INFO - Filling up the DagBag from /home/ec2-user/environment/lab4_model_training/venv/lib64/python3.12/site-packages/airflow/example_dags/example_setup_teardown_taskflow.py
[2026-05-03T22:55:17.432+0000] {processor.py:925} INFO - DAG(s) 'example_setup_teardown_taskflow' retrieved from /home/ec2-user/environment/lab4_model_training/venv/lib64/python3.12/site-packages/airflow/example_dags/example_setup_teardown_taskflow.py
[2026-05-03T22:55:17.445+0000] {logging_mixin.py:190} INFO - [2026-05-03T22:55:17.445+0000] {dag.py:3239} INFO - Sync 1 DAGs
[2026-05-03T22:55:17.455+0000] {logging_mixin.py:190} INFO - [2026-05-03T22:55:17.455+0000] {dag.py:4180} INFO - Setting next_dagrun for example_setup_teardown_taskflow to None, run_after=None
[2026-05-03T22:55:17.472+0000] {processor.py:208} INFO - Processing /home/ec2-user/environment/lab4_model_training/venv/lib64/python3.12/site-packages/airflow/example_dags/example_setup_teardown_taskflow.py took 0.056 seconds
[2026-05-03T22:56:23.641+0000] {processor.py:186} INFO - Started process (PID=58817) to work on /home/ec2-user/environment/lab4_model_training/venv/lib64/python3.12/site-packages/airflow/example_dags/example_setup_teardown_taskflow.py
[2026-05-03T22:56:23.642+0000] {processor.py:914} INFO - Processing file /home/ec2-user/environment/lab4_model_training/venv/lib64/python3.12/site-packages/airflow/example_dags/example_setup_teardown_taskflow.py for tasks to queue
[2026-05-03T22:56:23.643+0000] {logging_mixin.py:190} INFO - [2026-05-03T22:56:23.643+0000] {dagbag.py:588} INFO - Filling up the DagBag from /home/ec2-user/environment/lab4_model_training/venv/lib64/python3.12/site-packages/airflow/example_dags/example_setup_teardown_taskflow.py
[2026-05-03T22:56:23.651+0000] {processor.py:925} INFO - DAG(s) 'example_setup_teardown_taskflow' retrieved from /home/ec2-user/environment/lab4_model_training/venv/lib64/python3.12/site-packages/airflow/example_dags/example_setup_teardown_taskflow.py
[2026-05-03T22:56:23.664+0000] {logging_mixin.py:190} INFO - [2026-05-03T22:56:23.664+0000] {dag.py:3239} INFO - Sync 1 DAGs
[2026-05-03T22:56:23.674+0000] {logging_mixin.py:190} INFO - [2026-05-03T22:56:23.674+0000] {dag.py:4180} INFO - Setting next_dagrun for example_setup_teardown_taskflow to None, run_after=None
[2026-05-03T22:56:23.691+0000] {processor.py:208} INFO - Processing /home/ec2-user/environment/lab4_model_training/venv/lib64/python3.12/site-packages/airflow/example_dags/example_setup_teardown_taskflow.py took 0.055 seconds
[2026-05-03T22:57:29.284+0000] {processor.py:186} INFO - Started process (PID=58981) to work on /home/ec2-user/environment/lab4_model_training/venv/lib64/python3.12/site-packages/airflow/example_dags/example_setup_teardown_taskflow.py
[2026-05-03T22:57:29.285+0000] {processor.py:914} INFO - Processing file /home/ec2-user/environment/lab4_model_training/venv/lib64/python3.12/site-packages/airflow/example_dags/example_setup_teardown_taskflow.py for tasks to queue
[2026-05-03T22:57:29.287+0000] {logging_mixin.py:190} INFO - [2026-05-03T22:57:29.286+0000] {dagbag.py:588} INFO - Filling up the DagBag from /home/ec2-user/environment/lab4_model_training/venv/lib64/python3.12/site-packages/airflow/example_dags/example_setup_teardown_taskflow.py
[2026-05-03T22:57:29.296+0000] {processor.py:925} INFO - DAG(s) 'example_setup_teardown_taskflow' retrieved from /home/ec2-user/environment/lab4_model_training/venv/lib64/python3.12/site-packages/airflow/example_dags/example_setup_teardown_taskflow.py
[2026-05-03T22:57:29.309+0000] {logging_mixin.py:190} INFO - [2026-05-03T22:57:29.308+0000] {dag.py:3239} INFO - Sync 1 DAGs
[2026-05-03T22:57:29.319+0000] {logging_mixin.py:190} INFO - [2026-05-03T22:57:29.319+0000] {dag.py:4180} INFO - Setting next_dagrun for example_setup_teardown_taskflow to None, run_after=None
[2026-05-03T22:57:29.335+0000] {processor.py:208} INFO - Processing /home/ec2-user/environment/lab4_model_training/venv/lib64/python3.12/site-packages/airflow/example_dags/example_setup_teardown_taskflow.py took 0.056 seconds
[2026-05-03T22:58:35.529+0000] {processor.py:186} INFO - Started process (PID=59318) to work on /home/ec2-user/environment/lab4_model_training/venv/lib64/python3.12/site-packages/airflow/example_dags/example_setup_teardown_taskflow.py
[2026-05-03T22:58:35.530+0000] {processor.py:914} INFO - Processing file /home/ec2-user/environment/lab4_model_training/venv/lib64/python3.12/site-packages/airflow/example_dags/example_setup_teardown_taskflow.py for tasks to queue
[2026-05-03T22:58:35.532+0000] {logging_mixin.py:190} INFO - [2026-05-03T22:58:35.532+0000] {dagbag.py:588} INFO - Filling up the DagBag from /home/ec2-user/environment/lab4_model_training/venv/lib64/python3.12/site-packages/airflow/example_dags/example_setup_teardown_taskflow.py
[2026-05-03T22:58:35.540+0000] {processor.py:925} INFO - DAG(s) 'example_setup_teardown_taskflow' retrieved from /home/ec2-user/environment/lab4_model_training/venv/lib64/python3.12/site-packages/airflow/example_dags/example_setup_teardown_taskflow.py
[2026-05-03T22:58:35.554+0000] {logging_mixin.py:190} INFO - [2026-05-03T22:58:35.554+0000] {dag.py:3239} INFO - Sync 1 DAGs
[2026-05-03T22:58:35.564+0000] {logging_mixin.py:190} INFO - [2026-05-03T22:58:35.564+0000] {dag.py:4180} INFO - Setting next_dagrun for example_setup_teardown_taskflow to None, run_after=None
[2026-05-03T22:58:35.580+0000] {processor.py:208} INFO - Processing /home/ec2-user/environment/lab4_model_training/venv/lib64/python3.12/site-packages/airflow/example_dags/example_setup_teardown_taskflow.py took 0.056 seconds
[2026-05-03T22:59:42.921+0000] {processor.py:186} INFO - Started process (PID=59612) to work on /home/ec2-user/environment/lab4_model_training/venv/lib64/python3.12/site-packages/airflow/example_dags/example_setup_teardown_taskflow.py
[2026-05-03T22:59:42.922+0000] {processor.py:914} INFO - Processing file /home/ec2-user/environment/lab4_model_training/venv/lib64/python3.12/site-packages/airflow/example_dags/example_setup_teardown_taskflow.py for tasks to queue
[2026-05-03T22:59:42.924+0000] {logging_mixin.py:190} INFO - [2026-05-03T22:59:42.923+0000] {dagbag.py:588} INFO - Filling up the DagBag from /home/ec2-user/environment/lab4_model_training/venv/lib64/python3.12/site-packages/airflow/example_dags/example_setup_teardown_taskflow.py
[2026-05-03T22:59:42.932+0000] {processor.py:925} INFO - DAG(s) 'example_setup_teardown_taskflow' retrieved from /home/ec2-user/environment/lab4_model_training/venv/lib64/python3.12/site-packages/airflow/example_dags/example_setup_teardown_taskflow.py
[2026-05-03T22:59:42.945+0000] {logging_mixin.py:190} INFO - [2026-05-03T22:59:42.945+0000] {dag.py:3239} INFO - Sync 1 DAGs
[2026-05-03T22:59:42.955+0000] {logging_mixin.py:190} INFO - [2026-05-03T22:59:42.955+0000] {dag.py:4180} INFO - Setting next_dagrun for example_setup_teardown_taskflow to None, run_after=None
[2026-05-03T22:59:42.971+0000] {processor.py:208} INFO - Processing /home/ec2-user/environment/lab4_model_training/venv/lib64/python3.12/site-packages/airflow/example_dags/example_setup_teardown_taskflow.py took 0.055 seconds
[2026-05-03T23:00:46.903+0000] {processor.py:186} INFO - Started process (PID=59910) to work on /home/ec2-user/environment/lab4_model_training/venv/lib64/python3.12/site-packages/airflow/example_dags/example_setup_teardown_taskflow.py
[2026-05-03T23:00:46.904+0000] {processor.py:914} INFO - Processing file /home/ec2-user/environment/lab4_model_training/venv/lib64/python3.12/site-packages/airflow/example_dags/example_setup_teardown_taskflow.py for tasks to queue
[2026-05-03T23:00:46.906+0000] {logging_mixin.py:190} INFO - [2026-05-03T23:00:46.905+0000] {dagbag.py:588} INFO - Filling up the DagBag from /home/ec2-user/environment/lab4_model_training/venv/lib64/python3.12/site-packages/airflow/example_dags/example_setup_teardown_taskflow.py
[2026-05-03T23:00:46.914+0000] {processor.py:925} INFO - DAG(s) 'example_setup_teardown_taskflow' retrieved from /home/ec2-user/environment/lab4_model_training/venv/lib64/python3.12/site-packages/airflow/example_dags/example_setup_teardown_taskflow.py
[2026-05-03T23:00:46.928+0000] {logging_mixin.py:190} INFO - [2026-05-03T23:00:46.927+0000] {dag.py:3239} INFO - Sync 1 DAGs
[2026-05-03T23:00:46.937+0000] {logging_mixin.py:190} INFO - [2026-05-03T23:00:46.937+0000] {dag.py:4180} INFO - Setting next_dagrun for example_setup_teardown_taskflow to None, run_after=None
[2026-05-03T23:00:46.954+0000] {processor.py:208} INFO - Processing /home/ec2-user/environment/lab4_model_training/venv/lib64/python3.12/site-packages/airflow/example_dags/example_setup_teardown_taskflow.py took 0.055 seconds
[2026-05-03T23:01:54.428+0000] {processor.py:186} INFO - Started process (PID=60253) to work on /home/ec2-user/environment/lab4_model_training/venv/lib64/python3.12/site-packages/airflow/example_dags/example_setup_teardown_taskflow.py
[2026-05-03T23:01:54.429+0000] {processor.py:914} INFO - Processing file /home/ec2-user/environment/lab4_model_training/venv/lib64/python3.12/site-packages/airflow/example_dags/example_setup_teardown_taskflow.py for tasks to queue
[2026-05-03T23:01:54.431+0000] {logging_mixin.py:190} INFO - [2026-05-03T23:01:54.430+0000] {dagbag.py:588} INFO - Filling up the DagBag from /home/ec2-user/environment/lab4_model_training/venv/lib64/python3.12/site-packages/airflow/example_dags/example_setup_teardown_taskflow.py
[2026-05-03T23:01:54.439+0000] {processor.py:925} INFO - DAG(s) 'example_setup_teardown_taskflow' retrieved from /home/ec2-user/environment/lab4_model_training/venv/lib64/python3.12/site-packages/airflow/example_dags/example_setup_teardown_taskflow.py
[2026-05-03T23:01:54.453+0000] {logging_mixin.py:190} INFO - [2026-05-03T23:01:54.453+0000] {dag.py:3239} INFO - Sync 1 DAGs
[2026-05-03T23:01:54.462+0000] {logging_mixin.py:190} INFO - [2026-05-03T23:01:54.462+0000] {dag.py:4180} INFO - Setting next_dagrun for example_setup_teardown_taskflow to None, run_after=None
[2026-05-03T23:01:54.480+0000] {processor.py:208} INFO - Processing /home/ec2-user/environment/lab4_model_training/venv/lib64/python3.12/site-packages/airflow/example_dags/example_setup_teardown_taskflow.py took 0.056 seconds
[2026-05-03T23:02:57.636+0000] {processor.py:186} INFO - Started process (PID=60524) to work on /home/ec2-user/environment/lab4_model_training/venv/lib64/python3.12/site-packages/airflow/example_dags/example_setup_teardown_taskflow.py
[2026-05-03T23:02:57.637+0000] {processor.py:914} INFO - Processing file /home/ec2-user/environment/lab4_model_training/venv/lib64/python3.12/site-packages/airflow/example_dags/example_setup_teardown_taskflow.py for tasks to queue
[2026-05-03T23:02:57.638+0000] {logging_mixin.py:190} INFO - [2026-05-03T23:02:57.638+0000] {dagbag.py:588} INFO - Filling up the DagBag from /home/ec2-user/environment/lab4_model_training/venv/lib64/python3.12/site-packages/airflow/example_dags/example_setup_teardown_taskflow.py
[2026-05-03T23:02:57.647+0000] {processor.py:925} INFO - DAG(s) 'example_setup_teardown_taskflow' retrieved from /home/ec2-user/environment/lab4_model_training/venv/lib64/python3.12/site-packages/airflow/example_dags/example_setup_teardown_taskflow.py
[2026-05-03T23:02:57.661+0000] {logging_mixin.py:190} INFO - [2026-05-03T23:02:57.661+0000] {dag.py:3239} INFO - Sync 1 DAGs
[2026-05-03T23:02:57.670+0000] {logging_mixin.py:190} INFO - [2026-05-03T23:02:57.670+0000] {dag.py:4180} INFO - Setting next_dagrun for example_setup_teardown_taskflow to None, run_after=None
[2026-05-03T23:02:57.688+0000] {processor.py:208} INFO - Processing /home/ec2-user/environment/lab4_model_training/venv/lib64/python3.12/site-packages/airflow/example_dags/example_setup_teardown_taskflow.py took 0.056 seconds
[2026-05-03T23:03:57.316+0000] {processor.py:186} INFO - Started process (PID=60834) to work on /home/ec2-user/environment/lab4_model_training/venv/lib64/python3.12/site-packages/airflow/example_dags/example_setup_teardown_taskflow.py
[2026-05-03T23:03:57.317+0000] {processor.py:914} INFO - Processing file /home/ec2-user/environment/lab4_model_training/venv/lib64/python3.12/site-packages/airflow/example_dags/example_setup_teardown_taskflow.py for tasks to queue
[2026-05-03T23:03:57.319+0000] {logging_mixin.py:190} INFO - [2026-05-03T23:03:57.319+0000] {dagbag.py:588} INFO - Filling up the DagBag from /home/ec2-user/environment/lab4_model_training/venv/lib64/python3.12/site-packages/airflow/example_dags/example_setup_teardown_taskflow.py
[2026-05-03T23:03:57.328+0000] {processor.py:925} INFO - DAG(s) 'example_setup_teardown_taskflow' retrieved from /home/ec2-user/environment/lab4_model_training/venv/lib64/python3.12/site-packages/airflow/example_dags/example_setup_teardown_taskflow.py
[2026-05-03T23:03:57.342+0000] {logging_mixin.py:190} INFO - [2026-05-03T23:03:57.342+0000] {dag.py:3239} INFO - Sync 1 DAGs
[2026-05-03T23:03:57.351+0000] {logging_mixin.py:190} INFO - [2026-05-03T23:03:57.351+0000] {dag.py:4180} INFO - Setting next_dagrun for example_setup_teardown_taskflow to None, run_after=None
[2026-05-03T23:03:57.368+0000] {processor.py:208} INFO - Processing /home/ec2-user/environment/lab4_model_training/venv/lib64/python3.12/site-packages/airflow/example_dags/example_setup_teardown_taskflow.py took 0.057 seconds
[2026-05-03T23:05:05.309+0000] {processor.py:186} INFO - Started process (PID=61102) to work on /home/ec2-user/environment/lab4_model_training/venv/lib64/python3.12/site-packages/airflow/example_dags/example_setup_teardown_taskflow.py
[2026-05-03T23:05:05.310+0000] {processor.py:914} INFO - Processing file /home/ec2-user/environment/lab4_model_training/venv/lib64/python3.12/site-packages/airflow/example_dags/example_setup_teardown_taskflow.py for tasks to queue
[2026-05-03T23:05:05.312+0000] {logging_mixin.py:190} INFO - [2026-05-03T23:05:05.311+0000] {dagbag.py:588} INFO - Filling up the DagBag from /home/ec2-user/environment/lab4_model_training/venv/lib64/python3.12/site-packages/airflow/example_dags/example_setup_teardown_taskflow.py
[2026-05-03T23:05:05.320+0000] {processor.py:925} INFO - DAG(s) 'example_setup_teardown_taskflow' retrieved from /home/ec2-user/environment/lab4_model_training/venv/lib64/python3.12/site-packages/airflow/example_dags/example_setup_teardown_taskflow.py
[2026-05-03T23:05:05.333+0000] {logging_mixin.py:190} INFO - [2026-05-03T23:05:05.333+0000] {dag.py:3239} INFO - Sync 1 DAGs
[2026-05-03T23:05:05.342+0000] {logging_mixin.py:190} INFO - [2026-05-03T23:05:05.342+0000] {dag.py:4180} INFO - Setting next_dagrun for example_setup_teardown_taskflow to None, run_after=None
[2026-05-03T23:05:05.359+0000] {processor.py:208} INFO - Processing /home/ec2-user/environment/lab4_model_training/venv/lib64/python3.12/site-packages/airflow/example_dags/example_setup_teardown_taskflow.py took 0.054 seconds
[2026-05-03T23:06:07.692+0000] {processor.py:186} INFO - Started process (PID=61389) to work on /home/ec2-user/environment/lab4_model_training/venv/lib64/python3.12/site-packages/airflow/example_dags/example_setup_teardown_taskflow.py
[2026-05-03T23:06:07.693+0000] {processor.py:914} INFO - Processing file /home/ec2-user/environment/lab4_model_training/venv/lib64/python3.12/site-packages/airflow/example_dags/example_setup_teardown_taskflow.py for tasks to queue
[2026-05-03T23:06:07.694+0000] {logging_mixin.py:190} INFO - [2026-05-03T23:06:07.694+0000] {dagbag.py:588} INFO - Filling up the DagBag from /home/ec2-user/environment/lab4_model_training/venv/lib64/python3.12/site-packages/airflow/example_dags/example_setup_teardown_taskflow.py
[2026-05-03T23:06:07.703+0000] {processor.py:925} INFO - DAG(s) 'example_setup_teardown_taskflow' retrieved from /home/ec2-user/environment/lab4_model_training/venv/lib64/python3.12/site-packages/airflow/example_dags/example_setup_teardown_taskflow.py
[2026-05-03T23:06:07.716+0000] {logging_mixin.py:190} INFO - [2026-05-03T23:06:07.715+0000] {dag.py:3239} INFO - Sync 1 DAGs
[2026-05-03T23:06:07.725+0000] {logging_mixin.py:190} INFO - [2026-05-03T23:06:07.725+0000] {dag.py:4180} INFO - Setting next_dagrun for example_setup_teardown_taskflow to None, run_after=None
[2026-05-03T23:06:07.741+0000] {processor.py:208} INFO - Processing /home/ec2-user/environment/lab4_model_training/venv/lib64/python3.12/site-packages/airflow/example_dags/example_setup_teardown_taskflow.py took 0.054 seconds
[2026-05-03T23:07:10.558+0000] {processor.py:186} INFO - Started process (PID=61614) to work on /home/ec2-user/environment/lab4_model_training/venv/lib64/python3.12/site-packages/airflow/example_dags/example_setup_teardown_taskflow.py
[2026-05-03T23:07:10.559+0000] {processor.py:914} INFO - Processing file /home/ec2-user/environment/lab4_model_training/venv/lib64/python3.12/site-packages/airflow/example_dags/example_setup_teardown_taskflow.py for tasks to queue
[2026-05-03T23:07:10.561+0000] {logging_mixin.py:190} INFO - [2026-05-03T23:07:10.561+0000] {dagbag.py:588} INFO - Filling up the DagBag from /home/ec2-user/environment/lab4_model_training/venv/lib64/python3.12/site-packages/airflow/example_dags/example_setup_teardown_taskflow.py
[2026-05-03T23:07:10.570+0000] {processor.py:925} INFO - DAG(s) 'example_setup_teardown_taskflow' retrieved from /home/ec2-user/environment/lab4_model_training/venv/lib64/python3.12/site-packages/airflow/example_dags/example_setup_teardown_taskflow.py
[2026-05-03T23:07:10.583+0000] {logging_mixin.py:190} INFO - [2026-05-03T23:07:10.583+0000] {dag.py:3239} INFO - Sync 1 DAGs
[2026-05-03T23:07:10.592+0000] {logging_mixin.py:190} INFO - [2026-05-03T23:07:10.592+0000] {dag.py:4180} INFO - Setting next_dagrun for example_setup_teardown_taskflow to None, run_after=None
[2026-05-03T23:07:10.608+0000] {processor.py:208} INFO - Processing /home/ec2-user/environment/lab4_model_training/venv/lib64/python3.12/site-packages/airflow/example_dags/example_setup_teardown_taskflow.py took 0.054 seconds
[2026-05-03T23:08:15.991+0000] {processor.py:186} INFO - Started process (PID=61958) to work on /home/ec2-user/environment/lab4_model_training/venv/lib64/python3.12/site-packages/airflow/example_dags/example_setup_teardown_taskflow.py
[2026-05-03T23:08:15.992+0000] {processor.py:914} INFO - Processing file /home/ec2-user/environment/lab4_model_training/venv/lib64/python3.12/site-packages/airflow/example_dags/example_setup_teardown_taskflow.py for tasks to queue
[2026-05-03T23:08:15.993+0000] {logging_mixin.py:190} INFO - [2026-05-03T23:08:15.993+0000] {dagbag.py:588} INFO - Filling up the DagBag from /home/ec2-user/environment/lab4_model_training/venv/lib64/python3.12/site-packages/airflow/example_dags/example_setup_teardown_taskflow.py
[2026-05-03T23:08:16.002+0000] {processor.py:925} INFO - DAG(s) 'example_setup_teardown_taskflow' retrieved from /home/ec2-user/environment/lab4_model_training/venv/lib64/python3.12/site-packages/airflow/example_dags/example_setup_teardown_taskflow.py
[2026-05-03T23:08:16.015+0000] {logging_mixin.py:190} INFO - [2026-05-03T23:08:16.014+0000] {dag.py:3239} INFO - Sync 1 DAGs
[2026-05-03T23:08:16.024+0000] {logging_mixin.py:190} INFO - [2026-05-03T23:08:16.024+0000] {dag.py:4180} INFO - Setting next_dagrun for example_setup_teardown_taskflow to None, run_after=None
[2026-05-03T23:08:16.041+0000] {processor.py:208} INFO - Processing /home/ec2-user/environment/lab4_model_training/venv/lib64/python3.12/site-packages/airflow/example_dags/example_setup_teardown_taskflow.py took 0.055 seconds
[2026-05-03T23:09:21.114+0000] {processor.py:186} INFO - Started process (PID=62199) to work on /home/ec2-user/environment/lab4_model_training/venv/lib64/python3.12/site-packages/airflow/example_dags/example_setup_teardown_taskflow.py
[2026-05-03T23:09:21.115+0000] {processor.py:914} INFO - Processing file /home/ec2-user/environment/lab4_model_training/venv/lib64/python3.12/site-packages/airflow/example_dags/example_setup_teardown_taskflow.py for tasks to queue
[2026-05-03T23:09:21.117+0000] {logging_mixin.py:190} INFO - [2026-05-03T23:09:21.116+0000] {dagbag.py:588} INFO - Filling up the DagBag from /home/ec2-user/environment/lab4_model_training/venv/lib64/python3.12/site-packages/airflow/example_dags/example_setup_teardown_taskflow.py
[2026-05-03T23:09:21.125+0000] {processor.py:925} INFO - DAG(s) 'example_setup_teardown_taskflow' retrieved from /home/ec2-user/environment/lab4_model_training/venv/lib64/python3.12/site-packages/airflow/example_dags/example_setup_teardown_taskflow.py
[2026-05-03T23:09:21.139+0000] {logging_mixin.py:190} INFO - [2026-05-03T23:09:21.139+0000] {dag.py:3239} INFO - Sync 1 DAGs
[2026-05-03T23:09:21.149+0000] {logging_mixin.py:190} INFO - [2026-05-03T23:09:21.149+0000] {dag.py:4180} INFO - Setting next_dagrun for example_setup_teardown_taskflow to None, run_after=None
[2026-05-03T23:09:21.165+0000] {processor.py:208} INFO - Processing /home/ec2-user/environment/lab4_model_training/venv/lib64/python3.12/site-packages/airflow/example_dags/example_setup_teardown_taskflow.py took 0.056 seconds
[2026-05-03T23:10:24.230+0000] {processor.py:186} INFO - Started process (PID=62405) to work on /home/ec2-user/environment/lab4_model_training/venv/lib64/python3.12/site-packages/airflow/example_dags/example_setup_teardown_taskflow.py
[2026-05-03T23:10:24.231+0000] {processor.py:914} INFO - Processing file /home/ec2-user/environment/lab4_model_training/venv/lib64/python3.12/site-packages/airflow/example_dags/example_setup_teardown_taskflow.py for tasks to queue
[2026-05-03T23:10:24.233+0000] {logging_mixin.py:190} INFO - [2026-05-03T23:10:24.232+0000] {dagbag.py:588} INFO - Filling up the DagBag from /home/ec2-user/environment/lab4_model_training/venv/lib64/python3.12/site-packages/airflow/example_dags/example_setup_teardown_taskflow.py
[2026-05-03T23:10:24.241+0000] {processor.py:925} INFO - DAG(s) 'example_setup_teardown_taskflow' retrieved from /home/ec2-user/environment/lab4_model_training/venv/lib64/python3.12/site-packages/airflow/example_dags/example_setup_teardown_taskflow.py
[2026-05-03T23:10:24.254+0000] {logging_mixin.py:190} INFO - [2026-05-03T23:10:24.254+0000] {dag.py:3239} INFO - Sync 1 DAGs
[2026-05-03T23:10:24.264+0000] {logging_mixin.py:190} INFO - [2026-05-03T23:10:24.264+0000] {dag.py:4180} INFO - Setting next_dagrun for example_setup_teardown_taskflow to None, run_after=None
[2026-05-03T23:10:24.280+0000] {processor.py:208} INFO - Processing /home/ec2-user/environment/lab4_model_training/venv/lib64/python3.12/site-packages/airflow/example_dags/example_setup_teardown_taskflow.py took 0.055 seconds
[2026-05-03T23:11:29.848+0000] {processor.py:186} INFO - Started process (PID=62562) to work on /home/ec2-user/environment/lab4_model_training/venv/lib64/python3.12/site-packages/airflow/example_dags/example_setup_teardown_taskflow.py
[2026-05-03T23:11:29.849+0000] {processor.py:914} INFO - Processing file /home/ec2-user/environment/lab4_model_training/venv/lib64/python3.12/site-packages/airflow/example_dags/example_setup_teardown_taskflow.py for tasks to queue
[2026-05-03T23:11:29.851+0000] {logging_mixin.py:190} INFO - [2026-05-03T23:11:29.850+0000] {dagbag.py:588} INFO - Filling up the DagBag from /home/ec2-user/environment/lab4_model_training/venv/lib64/python3.12/site-packages/airflow/example_dags/example_setup_teardown_taskflow.py
[2026-05-03T23:11:29.859+0000] {processor.py:925} INFO - DAG(s) 'example_setup_teardown_taskflow' retrieved from /home/ec2-user/environment/lab4_model_training/venv/lib64/python3.12/site-packages/airflow/example_dags/example_setup_teardown_taskflow.py
[2026-05-03T23:11:29.872+0000] {logging_mixin.py:190} INFO - [2026-05-03T23:11:29.872+0000] {dag.py:3239} INFO - Sync 1 DAGs
[2026-05-03T23:11:29.882+0000] {logging_mixin.py:190} INFO - [2026-05-03T23:11:29.882+0000] {dag.py:4180} INFO - Setting next_dagrun for example_setup_teardown_taskflow to None, run_after=None
[2026-05-03T23:11:29.898+0000] {processor.py:208} INFO - Processing /home/ec2-user/environment/lab4_model_training/venv/lib64/python3.12/site-packages/airflow/example_dags/example_setup_teardown_taskflow.py took 0.055 seconds
[2026-05-03T23:12:36.111+0000] {processor.py:186} INFO - Started process (PID=62764) to work on /home/ec2-user/environment/lab4_model_training/venv/lib64/python3.12/site-packages/airflow/example_dags/example_setup_teardown_taskflow.py
[2026-05-03T23:12:36.112+0000] {processor.py:914} INFO - Processing file /home/ec2-user/environment/lab4_model_training/venv/lib64/python3.12/site-packages/airflow/example_dags/example_setup_teardown_taskflow.py for tasks to queue
[2026-05-03T23:12:36.114+0000] {logging_mixin.py:190} INFO - [2026-05-03T23:12:36.114+0000] {dagbag.py:588} INFO - Filling up the DagBag from /home/ec2-user/environment/lab4_model_training/venv/lib64/python3.12/site-packages/airflow/example_dags/example_setup_teardown_taskflow.py
[2026-05-03T23:12:36.123+0000] {processor.py:925} INFO - DAG(s) 'example_setup_teardown_taskflow' retrieved from /home/ec2-user/environment/lab4_model_training/venv/lib64/python3.12/site-packages/airflow/example_dags/example_setup_teardown_taskflow.py
[2026-05-03T23:12:36.136+0000] {logging_mixin.py:190} INFO - [2026-05-03T23:12:36.135+0000] {dag.py:3239} INFO - Sync 1 DAGs
[2026-05-03T23:12:36.145+0000] {logging_mixin.py:190} INFO - [2026-05-03T23:12:36.145+0000] {dag.py:4180} INFO - Setting next_dagrun for example_setup_teardown_taskflow to None, run_after=None
[2026-05-03T23:12:36.162+0000] {processor.py:208} INFO - Processing /home/ec2-user/environment/lab4_model_training/venv/lib64/python3.12/site-packages/airflow/example_dags/example_setup_teardown_taskflow.py took 0.055 seconds
[2026-05-03T23:13:42.956+0000] {processor.py:186} INFO - Started process (PID=62937) to work on /home/ec2-user/environment/lab4_model_training/venv/lib64/python3.12/site-packages/airflow/example_dags/example_setup_teardown_taskflow.py
[2026-05-03T23:13:42.957+0000] {processor.py:914} INFO - Processing file /home/ec2-user/environment/lab4_model_training/venv/lib64/python3.12/site-packages/airflow/example_dags/example_setup_teardown_taskflow.py for tasks to queue
[2026-05-03T23:13:42.958+0000] {logging_mixin.py:190} INFO - [2026-05-03T23:13:42.958+0000] {dagbag.py:588} INFO - Filling up the DagBag from /home/ec2-user/environment/lab4_model_training/venv/lib64/python3.12/site-packages/airflow/example_dags/example_setup_teardown_taskflow.py
[2026-05-03T23:13:42.967+0000] {processor.py:925} INFO - DAG(s) 'example_setup_teardown_taskflow' retrieved from /home/ec2-user/environment/lab4_model_training/venv/lib64/python3.12/site-packages/airflow/example_dags/example_setup_teardown_taskflow.py
[2026-05-03T23:13:42.979+0000] {logging_mixin.py:190} INFO - [2026-05-03T23:13:42.979+0000] {dag.py:3239} INFO - Sync 1 DAGs
[2026-05-03T23:13:42.989+0000] {logging_mixin.py:190} INFO - [2026-05-03T23:13:42.989+0000] {dag.py:4180} INFO - Setting next_dagrun for example_setup_teardown_taskflow to None, run_after=None
[2026-05-03T23:13:43.005+0000] {processor.py:208} INFO - Processing /home/ec2-user/environment/lab4_model_training/venv/lib64/python3.12/site-packages/airflow/example_dags/example_setup_teardown_taskflow.py took 0.054 seconds
[2026-05-03T23:14:48.467+0000] {processor.py:186} INFO - Started process (PID=63146) to work on /home/ec2-user/environment/lab4_model_training/venv/lib64/python3.12/site-packages/airflow/example_dags/example_setup_teardown_taskflow.py
[2026-05-03T23:14:48.468+0000] {processor.py:914} INFO - Processing file /home/ec2-user/environment/lab4_model_training/venv/lib64/python3.12/site-packages/airflow/example_dags/example_setup_teardown_taskflow.py for tasks to queue
[2026-05-03T23:14:48.469+0000] {logging_mixin.py:190} INFO - [2026-05-03T23:14:48.469+0000] {dagbag.py:588} INFO - Filling up the DagBag from /home/ec2-user/environment/lab4_model_training/venv/lib64/python3.12/site-packages/airflow/example_dags/example_setup_teardown_taskflow.py
[2026-05-03T23:14:48.478+0000] {processor.py:925} INFO - DAG(s) 'example_setup_teardown_taskflow' retrieved from /home/ec2-user/environment/lab4_model_training/venv/lib64/python3.12/site-packages/airflow/example_dags/example_setup_teardown_taskflow.py
[2026-05-03T23:14:48.492+0000] {logging_mixin.py:190} INFO - [2026-05-03T23:14:48.492+0000] {dag.py:3239} INFO - Sync 1 DAGs
[2026-05-03T23:14:48.501+0000] {logging_mixin.py:190} INFO - [2026-05-03T23:14:48.501+0000] {dag.py:4180} INFO - Setting next_dagrun for example_setup_teardown_taskflow to None, run_after=None
[2026-05-03T23:14:48.518+0000] {processor.py:208} INFO - Processing /home/ec2-user/environment/lab4_model_training/venv/lib64/python3.12/site-packages/airflow/example_dags/example_setup_teardown_taskflow.py took 0.056 seconds
[2026-05-03T23:15:51.396+0000] {processor.py:186} INFO - Started process (PID=63407) to work on /home/ec2-user/environment/lab4_model_training/venv/lib64/python3.12/site-packages/airflow/example_dags/example_setup_teardown_taskflow.py
[2026-05-03T23:15:51.397+0000] {processor.py:914} INFO - Processing file /home/ec2-user/environment/lab4_model_training/venv/lib64/python3.12/site-packages/airflow/example_dags/example_setup_teardown_taskflow.py for tasks to queue
[2026-05-03T23:15:51.399+0000] {logging_mixin.py:190} INFO - [2026-05-03T23:15:51.398+0000] {dagbag.py:588} INFO - Filling up the DagBag from /home/ec2-user/environment/lab4_model_training/venv/lib64/python3.12/site-packages/airflow/example_dags/example_setup_teardown_taskflow.py
[2026-05-03T23:15:51.407+0000] {processor.py:925} INFO - DAG(s) 'example_setup_teardown_taskflow' retrieved from /home/ec2-user/environment/lab4_model_training/venv/lib64/python3.12/site-packages/airflow/example_dags/example_setup_teardown_taskflow.py
[2026-05-03T23:15:51.421+0000] {logging_mixin.py:190} INFO - [2026-05-03T23:15:51.421+0000] {dag.py:3239} INFO - Sync 1 DAGs
[2026-05-03T23:15:51.431+0000] {logging_mixin.py:190} INFO - [2026-05-03T23:15:51.431+0000] {dag.py:4180} INFO - Setting next_dagrun for example_setup_teardown_taskflow to None, run_after=None
[2026-05-03T23:15:51.447+0000] {processor.py:208} INFO - Processing /home/ec2-user/environment/lab4_model_training/venv/lib64/python3.12/site-packages/airflow/example_dags/example_setup_teardown_taskflow.py took 0.056 seconds
[2026-05-03T23:17:15.444+0000] {processor.py:186} INFO - Started process (PID=63673) to work on /home/ec2-user/environment/lab4_model_training/venv/lib64/python3.12/site-packages/airflow/example_dags/example_setup_teardown_taskflow.py
[2026-05-03T23:17:15.445+0000] {processor.py:914} INFO - Processing file /home/ec2-user/environment/lab4_model_training/venv/lib64/python3.12/site-packages/airflow/example_dags/example_setup_teardown_taskflow.py for tasks to queue
[2026-05-03T23:17:15.447+0000] {logging_mixin.py:190} INFO - [2026-05-03T23:17:15.446+0000] {dagbag.py:588} INFO - Filling up the DagBag from /home/ec2-user/environment/lab4_model_training/venv/lib64/python3.12/site-packages/airflow/example_dags/example_setup_teardown_taskflow.py
[2026-05-03T23:17:15.455+0000] {processor.py:925} INFO - DAG(s) 'example_setup_teardown_taskflow' retrieved from /home/ec2-user/environment/lab4_model_training/venv/lib64/python3.12/site-packages/airflow/example_dags/example_setup_teardown_taskflow.py
[2026-05-03T23:17:15.468+0000] {logging_mixin.py:190} INFO - [2026-05-03T23:17:15.468+0000] {dag.py:3239} INFO - Sync 1 DAGs
[2026-05-03T23:17:15.477+0000] {logging_mixin.py:190} INFO - [2026-05-03T23:17:15.477+0000] {dag.py:4180} INFO - Setting next_dagrun for example_setup_teardown_taskflow to None, run_after=None
[2026-05-03T23:17:15.493+0000] {processor.py:208} INFO - Processing /home/ec2-user/environment/lab4_model_training/venv/lib64/python3.12/site-packages/airflow/example_dags/example_setup_teardown_taskflow.py took 0.054 seconds
[2026-05-03T23:18:19.426+0000] {processor.py:186} INFO - Started process (PID=63791) to work on /home/ec2-user/environment/lab4_model_training/venv/lib64/python3.12/site-packages/airflow/example_dags/example_setup_teardown_taskflow.py
[2026-05-03T23:18:19.427+0000] {processor.py:914} INFO - Processing file /home/ec2-user/environment/lab4_model_training/venv/lib64/python3.12/site-packages/airflow/example_dags/example_setup_teardown_taskflow.py for tasks to queue
[2026-05-03T23:18:19.429+0000] {logging_mixin.py:190} INFO - [2026-05-03T23:18:19.428+0000] {dagbag.py:588} INFO - Filling up the DagBag from /home/ec2-user/environment/lab4_model_training/venv/lib64/python3.12/site-packages/airflow/example_dags/example_setup_teardown_taskflow.py
[2026-05-03T23:18:19.437+0000] {processor.py:925} INFO - DAG(s) 'example_setup_teardown_taskflow' retrieved from /home/ec2-user/environment/lab4_model_training/venv/lib64/python3.12/site-packages/airflow/example_dags/example_setup_teardown_taskflow.py
[2026-05-03T23:18:19.450+0000] {logging_mixin.py:190} INFO - [2026-05-03T23:18:19.450+0000] {dag.py:3239} INFO - Sync 1 DAGs
[2026-05-03T23:18:19.460+0000] {logging_mixin.py:190} INFO - [2026-05-03T23:18:19.459+0000] {dag.py:4180} INFO - Setting next_dagrun for example_setup_teardown_taskflow to None, run_after=None
[2026-05-03T23:18:19.476+0000] {processor.py:208} INFO - Processing /home/ec2-user/environment/lab4_model_training/venv/lib64/python3.12/site-packages/airflow/example_dags/example_setup_teardown_taskflow.py took 0.054 seconds
[2026-05-03T23:19:24.425+0000] {processor.py:186} INFO - Started process (PID=63962) to work on /home/ec2-user/environment/lab4_model_training/venv/lib64/python3.12/site-packages/airflow/example_dags/example_setup_teardown_taskflow.py
[2026-05-03T23:19:24.427+0000] {processor.py:914} INFO - Processing file /home/ec2-user/environment/lab4_model_training/venv/lib64/python3.12/site-packages/airflow/example_dags/example_setup_teardown_taskflow.py for tasks to queue
[2026-05-03T23:19:24.428+0000] {logging_mixin.py:190} INFO - [2026-05-03T23:19:24.428+0000] {dagbag.py:588} INFO - Filling up the DagBag from /home/ec2-user/environment/lab4_model_training/venv/lib64/python3.12/site-packages/airflow/example_dags/example_setup_teardown_taskflow.py
[2026-05-03T23:19:24.437+0000] {processor.py:925} INFO - DAG(s) 'example_setup_teardown_taskflow' retrieved from /home/ec2-user/environment/lab4_model_training/venv/lib64/python3.12/site-packages/airflow/example_dags/example_setup_teardown_taskflow.py
[2026-05-03T23:19:24.450+0000] {logging_mixin.py:190} INFO - [2026-05-03T23:19:24.450+0000] {dag.py:3239} INFO - Sync 1 DAGs
[2026-05-03T23:19:24.459+0000] {logging_mixin.py:190} INFO - [2026-05-03T23:19:24.459+0000] {dag.py:4180} INFO - Setting next_dagrun for example_setup_teardown_taskflow to None, run_after=None
[2026-05-03T23:19:24.476+0000] {processor.py:208} INFO - Processing /home/ec2-user/environment/lab4_model_training/venv/lib64/python3.12/site-packages/airflow/example_dags/example_setup_teardown_taskflow.py took 0.055 seconds
[2026-05-03T23:20:29.007+0000] {processor.py:186} INFO - Started process (PID=64140) to work on /home/ec2-user/environment/lab4_model_training/venv/lib64/python3.12/site-packages/airflow/example_dags/example_setup_teardown_taskflow.py
[2026-05-03T23:20:29.008+0000] {processor.py:914} INFO - Processing file /home/ec2-user/environment/lab4_model_training/venv/lib64/python3.12/site-packages/airflow/example_dags/example_setup_teardown_taskflow.py for tasks to queue
[2026-05-03T23:20:29.009+0000] {logging_mixin.py:190} INFO - [2026-05-03T23:20:29.009+0000] {dagbag.py:588} INFO - Filling up the DagBag from /home/ec2-user/environment/lab4_model_training/venv/lib64/python3.12/site-packages/airflow/example_dags/example_setup_teardown_taskflow.py
[2026-05-03T23:20:29.018+0000] {processor.py:925} INFO - DAG(s) 'example_setup_teardown_taskflow' retrieved from /home/ec2-user/environment/lab4_model_training/venv/lib64/python3.12/site-packages/airflow/example_dags/example_setup_teardown_taskflow.py
[2026-05-03T23:20:29.031+0000] {logging_mixin.py:190} INFO - [2026-05-03T23:20:29.031+0000] {dag.py:3239} INFO - Sync 1 DAGs
[2026-05-03T23:20:29.041+0000] {logging_mixin.py:190} INFO - [2026-05-03T23:20:29.041+0000] {dag.py:4180} INFO - Setting next_dagrun for example_setup_teardown_taskflow to None, run_after=None
[2026-05-03T23:20:29.058+0000] {processor.py:208} INFO - Processing /home/ec2-user/environment/lab4_model_training/venv/lib64/python3.12/site-packages/airflow/example_dags/example_setup_teardown_taskflow.py took 0.056 seconds
[2026-05-03T23:21:55.956+0000] {processor.py:186} INFO - Started process (PID=64390) to work on /home/ec2-user/environment/lab4_model_training/venv/lib64/python3.12/site-packages/airflow/example_dags/example_setup_teardown_taskflow.py
[2026-05-03T23:21:55.957+0000] {processor.py:914} INFO - Processing file /home/ec2-user/environment/lab4_model_training/venv/lib64/python3.12/site-packages/airflow/example_dags/example_setup_teardown_taskflow.py for tasks to queue
[2026-05-03T23:21:55.959+0000] {logging_mixin.py:190} INFO - [2026-05-03T23:21:55.959+0000] {dagbag.py:588} INFO - Filling up the DagBag from /home/ec2-user/environment/lab4_model_training/venv/lib64/python3.12/site-packages/airflow/example_dags/example_setup_teardown_taskflow.py
[2026-05-03T23:21:55.968+0000] {processor.py:925} INFO - DAG(s) 'example_setup_teardown_taskflow' retrieved from /home/ec2-user/environment/lab4_model_training/venv/lib64/python3.12/site-packages/airflow/example_dags/example_setup_teardown_taskflow.py
[2026-05-03T23:21:55.981+0000] {logging_mixin.py:190} INFO - [2026-05-03T23:21:55.981+0000] {dag.py:3239} INFO - Sync 1 DAGs
[2026-05-03T23:21:55.991+0000] {logging_mixin.py:190} INFO - [2026-05-03T23:21:55.991+0000] {dag.py:4180} INFO - Setting next_dagrun for example_setup_teardown_taskflow to None, run_after=None
[2026-05-03T23:21:56.007+0000] {processor.py:208} INFO - Processing /home/ec2-user/environment/lab4_model_training/venv/lib64/python3.12/site-packages/airflow/example_dags/example_setup_teardown_taskflow.py took 0.056 seconds
[2026-05-03T23:23:12.316+0000] {processor.py:186} INFO - Started process (PID=64561) to work on /home/ec2-user/environment/lab4_model_training/venv/lib64/python3.12/site-packages/airflow/example_dags/example_setup_teardown_taskflow.py
[2026-05-03T23:23:12.317+0000] {processor.py:914} INFO - Processing file /home/ec2-user/environment/lab4_model_training/venv/lib64/python3.12/site-packages/airflow/example_dags/example_setup_teardown_taskflow.py for tasks to queue
[2026-05-03T23:23:12.319+0000] {logging_mixin.py:190} INFO - [2026-05-03T23:23:12.318+0000] {dagbag.py:588} INFO - Filling up the DagBag from /home/ec2-user/environment/lab4_model_training/venv/lib64/python3.12/site-packages/airflow/example_dags/example_setup_teardown_taskflow.py
[2026-05-03T23:23:12.328+0000] {processor.py:925} INFO - DAG(s) 'example_setup_teardown_taskflow' retrieved from /home/ec2-user/environment/lab4_model_training/venv/lib64/python3.12/site-packages/airflow/example_dags/example_setup_teardown_taskflow.py
[2026-05-03T23:23:12.341+0000] {logging_mixin.py:190} INFO - [2026-05-03T23:23:12.341+0000] {dag.py:3239} INFO - Sync 1 DAGs
[2026-05-03T23:23:12.351+0000] {logging_mixin.py:190} INFO - [2026-05-03T23:23:12.351+0000] {dag.py:4180} INFO - Setting next_dagrun for example_setup_teardown_taskflow to None, run_after=None
[2026-05-03T23:23:12.368+0000] {processor.py:208} INFO - Processing /home/ec2-user/environment/lab4_model_training/venv/lib64/python3.12/site-packages/airflow/example_dags/example_setup_teardown_taskflow.py took 0.056 seconds
[2026-05-03T23:24:16.897+0000] {processor.py:186} INFO - Started process (PID=64758) to work on /home/ec2-user/environment/lab4_model_training/venv/lib64/python3.12/site-packages/airflow/example_dags/example_setup_teardown_taskflow.py
[2026-05-03T23:24:16.898+0000] {processor.py:914} INFO - Processing file /home/ec2-user/environment/lab4_model_training/venv/lib64/python3.12/site-packages/airflow/example_dags/example_setup_teardown_taskflow.py for tasks to queue
[2026-05-03T23:24:16.900+0000] {logging_mixin.py:190} INFO - [2026-05-03T23:24:16.899+0000] {dagbag.py:588} INFO - Filling up the DagBag from /home/ec2-user/environment/lab4_model_training/venv/lib64/python3.12/site-packages/airflow/example_dags/example_setup_teardown_taskflow.py
[2026-05-03T23:24:16.908+0000] {processor.py:925} INFO - DAG(s) 'example_setup_teardown_taskflow' retrieved from /home/ec2-user/environment/lab4_model_training/venv/lib64/python3.12/site-packages/airflow/example_dags/example_setup_teardown_taskflow.py
[2026-05-03T23:24:16.922+0000] {logging_mixin.py:190} INFO - [2026-05-03T23:24:16.921+0000] {dag.py:3239} INFO - Sync 1 DAGs
[2026-05-03T23:24:16.931+0000] {logging_mixin.py:190} INFO - [2026-05-03T23:24:16.931+0000] {dag.py:4180} INFO - Setting next_dagrun for example_setup_teardown_taskflow to None, run_after=None
[2026-05-03T23:24:16.948+0000] {processor.py:208} INFO - Processing /home/ec2-user/environment/lab4_model_training/venv/lib64/python3.12/site-packages/airflow/example_dags/example_setup_teardown_taskflow.py took 0.056 seconds
[2026-05-03T23:25:22.652+0000] {processor.py:186} INFO - Started process (PID=64933) to work on /home/ec2-user/environment/lab4_model_training/venv/lib64/python3.12/site-packages/airflow/example_dags/example_setup_teardown_taskflow.py
[2026-05-03T23:25:22.653+0000] {processor.py:914} INFO - Processing file /home/ec2-user/environment/lab4_model_training/venv/lib64/python3.12/site-packages/airflow/example_dags/example_setup_teardown_taskflow.py for tasks to queue
[2026-05-03T23:25:22.655+0000] {logging_mixin.py:190} INFO - [2026-05-03T23:25:22.655+0000] {dagbag.py:588} INFO - Filling up the DagBag from /home/ec2-user/environment/lab4_model_training/venv/lib64/python3.12/site-packages/airflow/example_dags/example_setup_teardown_taskflow.py
[2026-05-03T23:25:22.663+0000] {processor.py:925} INFO - DAG(s) 'example_setup_teardown_taskflow' retrieved from /home/ec2-user/environment/lab4_model_training/venv/lib64/python3.12/site-packages/airflow/example_dags/example_setup_teardown_taskflow.py
[2026-05-03T23:25:22.677+0000] {logging_mixin.py:190} INFO - [2026-05-03T23:25:22.677+0000] {dag.py:3239} INFO - Sync 1 DAGs
[2026-05-03T23:25:22.687+0000] {logging_mixin.py:190} INFO - [2026-05-03T23:25:22.687+0000] {dag.py:4180} INFO - Setting next_dagrun for example_setup_teardown_taskflow to None, run_after=None
[2026-05-03T23:25:22.703+0000] {processor.py:208} INFO - Processing /home/ec2-user/environment/lab4_model_training/venv/lib64/python3.12/site-packages/airflow/example_dags/example_setup_teardown_taskflow.py took 0.056 seconds
