[2026-05-03T22:49:51.719+0000] {processor.py:186} INFO - Started process (PID=57684) to work on /home/ec2-user/environment/lab4_model_training/venv/lib64/python3.12/site-packages/airflow/example_dags/example_python_operator.py
[2026-05-03T22:49:51.720+0000] {processor.py:914} INFO - Processing file /home/ec2-user/environment/lab4_model_training/venv/lib64/python3.12/site-packages/airflow/example_dags/example_python_operator.py for tasks to queue
[2026-05-03T22:49:51.721+0000] {logging_mixin.py:190} INFO - [2026-05-03T22:49:51.721+0000] {dagbag.py:588} INFO - Filling up the DagBag from /home/ec2-user/environment/lab4_model_training/venv/lib64/python3.12/site-packages/airflow/example_dags/example_python_operator.py
[2026-05-03T22:49:51.726+0000] {logging_mixin.py:190} INFO - [2026-05-03T22:49:51.726+0000] {example_python_operator.py:93} WARNING - The virtalenv_python example task requires virtualenv, please install it.
[2026-05-03T22:49:51.729+0000] {processor.py:925} INFO - DAG(s) 'example_python_operator' retrieved from /home/ec2-user/environment/lab4_model_training/venv/lib64/python3.12/site-packages/airflow/example_dags/example_python_operator.py
[2026-05-03T22:49:51.742+0000] {logging_mixin.py:190} INFO - [2026-05-03T22:49:51.741+0000] {dag.py:3239} INFO - Sync 1 DAGs
[2026-05-03T22:49:51.752+0000] {logging_mixin.py:190} INFO - [2026-05-03T22:49:51.752+0000] {dag.py:4180} INFO - Setting next_dagrun for example_python_operator to None, run_after=None
[2026-05-03T22:49:51.769+0000] {processor.py:208} INFO - Processing /home/ec2-user/environment/lab4_model_training/venv/lib64/python3.12/site-packages/airflow/example_dags/example_python_operator.py took 0.054 seconds
[2026-05-03T22:50:57.316+0000] {processor.py:186} INFO - Started process (PID=57855) to work on /home/ec2-user/environment/lab4_model_training/venv/lib64/python3.12/site-packages/airflow/example_dags/example_python_operator.py
[2026-05-03T22:50:57.317+0000] {processor.py:914} INFO - Processing file /home/ec2-user/environment/lab4_model_training/venv/lib64/python3.12/site-packages/airflow/example_dags/example_python_operator.py for tasks to queue
[2026-05-03T22:50:57.318+0000] {logging_mixin.py:190} INFO - [2026-05-03T22:50:57.318+0000] {dagbag.py:588} INFO - Filling up the DagBag from /home/ec2-user/environment/lab4_model_training/venv/lib64/python3.12/site-packages/airflow/example_dags/example_python_operator.py
[2026-05-03T22:50:57.324+0000] {logging_mixin.py:190} INFO - [2026-05-03T22:50:57.324+0000] {example_python_operator.py:93} WARNING - The virtalenv_python example task requires virtualenv, please install it.
[2026-05-03T22:50:57.326+0000] {processor.py:925} INFO - DAG(s) 'example_python_operator' retrieved from /home/ec2-user/environment/lab4_model_training/venv/lib64/python3.12/site-packages/airflow/example_dags/example_python_operator.py
[2026-05-03T22:50:57.338+0000] {logging_mixin.py:190} INFO - [2026-05-03T22:50:57.338+0000] {dag.py:3239} INFO - Sync 1 DAGs
[2026-05-03T22:50:57.347+0000] {logging_mixin.py:190} INFO - [2026-05-03T22:50:57.347+0000] {dag.py:4180} INFO - Setting next_dagrun for example_python_operator to None, run_after=None
[2026-05-03T22:50:57.364+0000] {processor.py:208} INFO - Processing /home/ec2-user/environment/lab4_model_training/venv/lib64/python3.12/site-packages/airflow/example_dags/example_python_operator.py took 0.053 seconds
[2026-05-03T22:51:59.144+0000] {processor.py:186} INFO - Started process (PID=58019) to work on /home/ec2-user/environment/lab4_model_training/venv/lib64/python3.12/site-packages/airflow/example_dags/example_python_operator.py
[2026-05-03T22:51:59.145+0000] {processor.py:914} INFO - Processing file /home/ec2-user/environment/lab4_model_training/venv/lib64/python3.12/site-packages/airflow/example_dags/example_python_operator.py for tasks to queue
[2026-05-03T22:51:59.146+0000] {logging_mixin.py:190} INFO - [2026-05-03T22:51:59.146+0000] {dagbag.py:588} INFO - Filling up the DagBag from /home/ec2-user/environment/lab4_model_training/venv/lib64/python3.12/site-packages/airflow/example_dags/example_python_operator.py
[2026-05-03T22:51:59.151+0000] {logging_mixin.py:190} INFO - [2026-05-03T22:51:59.151+0000] {example_python_operator.py:93} WARNING - The virtalenv_python example task requires virtualenv, please install it.
[2026-05-03T22:51:59.154+0000] {processor.py:925} INFO - DAG(s) 'example_python_operator' retrieved from /home/ec2-user/environment/lab4_model_training/venv/lib64/python3.12/site-packages/airflow/example_dags/example_python_operator.py
[2026-05-03T22:51:59.166+0000] {logging_mixin.py:190} INFO - [2026-05-03T22:51:59.166+0000] {dag.py:3239} INFO - Sync 1 DAGs
[2026-05-03T22:51:59.176+0000] {logging_mixin.py:190} INFO - [2026-05-03T22:51:59.175+0000] {dag.py:4180} INFO - Setting next_dagrun for example_python_operator to None, run_after=None
[2026-05-03T22:51:59.191+0000] {processor.py:208} INFO - Processing /home/ec2-user/environment/lab4_model_training/venv/lib64/python3.12/site-packages/airflow/example_dags/example_python_operator.py took 0.052 seconds
[2026-05-03T22:53:05.851+0000] {processor.py:186} INFO - Started process (PID=58208) to work on /home/ec2-user/environment/lab4_model_training/venv/lib64/python3.12/site-packages/airflow/example_dags/example_python_operator.py
[2026-05-03T22:53:05.852+0000] {processor.py:914} INFO - Processing file /home/ec2-user/environment/lab4_model_training/venv/lib64/python3.12/site-packages/airflow/example_dags/example_python_operator.py for tasks to queue
[2026-05-03T22:53:05.854+0000] {logging_mixin.py:190} INFO - [2026-05-03T22:53:05.853+0000] {dagbag.py:588} INFO - Filling up the DagBag from /home/ec2-user/environment/lab4_model_training/venv/lib64/python3.12/site-packages/airflow/example_dags/example_python_operator.py
[2026-05-03T22:53:05.859+0000] {logging_mixin.py:190} INFO - [2026-05-03T22:53:05.859+0000] {example_python_operator.py:93} WARNING - The virtalenv_python example task requires virtualenv, please install it.
[2026-05-03T22:53:05.861+0000] {processor.py:925} INFO - DAG(s) 'example_python_operator' retrieved from /home/ec2-user/environment/lab4_model_training/venv/lib64/python3.12/site-packages/airflow/example_dags/example_python_operator.py
[2026-05-03T22:53:05.873+0000] {logging_mixin.py:190} INFO - [2026-05-03T22:53:05.873+0000] {dag.py:3239} INFO - Sync 1 DAGs
[2026-05-03T22:53:05.883+0000] {logging_mixin.py:190} INFO - [2026-05-03T22:53:05.882+0000] {dag.py:4180} INFO - Setting next_dagrun for example_python_operator to None, run_after=None
[2026-05-03T22:53:05.899+0000] {processor.py:208} INFO - Processing /home/ec2-user/environment/lab4_model_training/venv/lib64/python3.12/site-packages/airflow/example_dags/example_python_operator.py took 0.052 seconds
[2026-05-03T22:54:09.428+0000] {processor.py:186} INFO - Started process (PID=58502) to work on /home/ec2-user/environment/lab4_model_training/venv/lib64/python3.12/site-packages/airflow/example_dags/example_python_operator.py
[2026-05-03T22:54:09.430+0000] {processor.py:914} INFO - Processing file /home/ec2-user/environment/lab4_model_training/venv/lib64/python3.12/site-packages/airflow/example_dags/example_python_operator.py for tasks to queue
[2026-05-03T22:54:09.431+0000] {logging_mixin.py:190} INFO - [2026-05-03T22:54:09.431+0000] {dagbag.py:588} INFO - Filling up the DagBag from /home/ec2-user/environment/lab4_model_training/venv/lib64/python3.12/site-packages/airflow/example_dags/example_python_operator.py
[2026-05-03T22:54:09.436+0000] {logging_mixin.py:190} INFO - [2026-05-03T22:54:09.436+0000] {example_python_operator.py:93} WARNING - The virtalenv_python example task requires virtualenv, please install it.
[2026-05-03T22:54:09.438+0000] {processor.py:925} INFO - DAG(s) 'example_python_operator' retrieved from /home/ec2-user/environment/lab4_model_training/venv/lib64/python3.12/site-packages/airflow/example_dags/example_python_operator.py
[2026-05-03T22:54:09.451+0000] {logging_mixin.py:190} INFO - [2026-05-03T22:54:09.451+0000] {dag.py:3239} INFO - Sync 1 DAGs
[2026-05-03T22:54:09.461+0000] {logging_mixin.py:190} INFO - [2026-05-03T22:54:09.461+0000] {dag.py:4180} INFO - Setting next_dagrun for example_python_operator to None, run_after=None
[2026-05-03T22:54:09.478+0000] {processor.py:208} INFO - Processing /home/ec2-user/environment/lab4_model_training/venv/lib64/python3.12/site-packages/airflow/example_dags/example_python_operator.py took 0.055 seconds
[2026-05-03T22:55:13.413+0000] {processor.py:186} INFO - Started process (PID=58647) to work on /home/ec2-user/environment/lab4_model_training/venv/lib64/python3.12/site-packages/airflow/example_dags/example_python_operator.py
[2026-05-03T22:55:13.414+0000] {processor.py:914} INFO - Processing file /home/ec2-user/environment/lab4_model_training/venv/lib64/python3.12/site-packages/airflow/example_dags/example_python_operator.py for tasks to queue
[2026-05-03T22:55:13.416+0000] {logging_mixin.py:190} INFO - [2026-05-03T22:55:13.415+0000] {dagbag.py:588} INFO - Filling up the DagBag from /home/ec2-user/environment/lab4_model_training/venv/lib64/python3.12/site-packages/airflow/example_dags/example_python_operator.py
[2026-05-03T22:55:13.421+0000] {logging_mixin.py:190} INFO - [2026-05-03T22:55:13.421+0000] {example_python_operator.py:93} WARNING - The virtalenv_python example task requires virtualenv, please install it.
[2026-05-03T22:55:13.423+0000] {processor.py:925} INFO - DAG(s) 'example_python_operator' retrieved from /home/ec2-user/environment/lab4_model_training/venv/lib64/python3.12/site-packages/airflow/example_dags/example_python_operator.py
[2026-05-03T22:55:13.436+0000] {logging_mixin.py:190} INFO - [2026-05-03T22:55:13.436+0000] {dag.py:3239} INFO - Sync 1 DAGs
[2026-05-03T22:55:13.446+0000] {logging_mixin.py:190} INFO - [2026-05-03T22:55:13.446+0000] {dag.py:4180} INFO - Setting next_dagrun for example_python_operator to None, run_after=None
[2026-05-03T22:55:13.463+0000] {processor.py:208} INFO - Processing /home/ec2-user/environment/lab4_model_training/venv/lib64/python3.12/site-packages/airflow/example_dags/example_python_operator.py took 0.054 seconds
[2026-05-03T22:56:20.166+0000] {processor.py:186} INFO - Started process (PID=58813) to work on /home/ec2-user/environment/lab4_model_training/venv/lib64/python3.12/site-packages/airflow/example_dags/example_python_operator.py
[2026-05-03T22:56:20.167+0000] {processor.py:914} INFO - Processing file /home/ec2-user/environment/lab4_model_training/venv/lib64/python3.12/site-packages/airflow/example_dags/example_python_operator.py for tasks to queue
[2026-05-03T22:56:20.168+0000] {logging_mixin.py:190} INFO - [2026-05-03T22:56:20.168+0000] {dagbag.py:588} INFO - Filling up the DagBag from /home/ec2-user/environment/lab4_model_training/venv/lib64/python3.12/site-packages/airflow/example_dags/example_python_operator.py
[2026-05-03T22:56:20.173+0000] {logging_mixin.py:190} INFO - [2026-05-03T22:56:20.173+0000] {example_python_operator.py:93} WARNING - The virtalenv_python example task requires virtualenv, please install it.
[2026-05-03T22:56:20.175+0000] {processor.py:925} INFO - DAG(s) 'example_python_operator' retrieved from /home/ec2-user/environment/lab4_model_training/venv/lib64/python3.12/site-packages/airflow/example_dags/example_python_operator.py
[2026-05-03T22:56:20.187+0000] {logging_mixin.py:190} INFO - [2026-05-03T22:56:20.187+0000] {dag.py:3239} INFO - Sync 1 DAGs
[2026-05-03T22:56:20.197+0000] {logging_mixin.py:190} INFO - [2026-05-03T22:56:20.196+0000] {dag.py:4180} INFO - Setting next_dagrun for example_python_operator to None, run_after=None
[2026-05-03T22:56:20.213+0000] {processor.py:208} INFO - Processing /home/ec2-user/environment/lab4_model_training/venv/lib64/python3.12/site-packages/airflow/example_dags/example_python_operator.py took 0.051 seconds
[2026-05-03T22:57:25.660+0000] {processor.py:186} INFO - Started process (PID=58966) to work on /home/ec2-user/environment/lab4_model_training/venv/lib64/python3.12/site-packages/airflow/example_dags/example_python_operator.py
[2026-05-03T22:57:25.661+0000] {processor.py:914} INFO - Processing file /home/ec2-user/environment/lab4_model_training/venv/lib64/python3.12/site-packages/airflow/example_dags/example_python_operator.py for tasks to queue
[2026-05-03T22:57:25.663+0000] {logging_mixin.py:190} INFO - [2026-05-03T22:57:25.663+0000] {dagbag.py:588} INFO - Filling up the DagBag from /home/ec2-user/environment/lab4_model_training/venv/lib64/python3.12/site-packages/airflow/example_dags/example_python_operator.py
[2026-05-03T22:57:25.668+0000] {logging_mixin.py:190} INFO - [2026-05-03T22:57:25.668+0000] {example_python_operator.py:93} WARNING - The virtalenv_python example task requires virtualenv, please install it.
[2026-05-03T22:57:25.670+0000] {processor.py:925} INFO - DAG(s) 'example_python_operator' retrieved from /home/ec2-user/environment/lab4_model_training/venv/lib64/python3.12/site-packages/airflow/example_dags/example_python_operator.py
[2026-05-03T22:57:25.683+0000] {logging_mixin.py:190} INFO - [2026-05-03T22:57:25.683+0000] {dag.py:3239} INFO - Sync 1 DAGs
[2026-05-03T22:57:25.692+0000] {logging_mixin.py:190} INFO - [2026-05-03T22:57:25.692+0000] {dag.py:4180} INFO - Setting next_dagrun for example_python_operator to None, run_after=None
[2026-05-03T22:57:25.710+0000] {processor.py:208} INFO - Processing /home/ec2-user/environment/lab4_model_training/venv/lib64/python3.12/site-packages/airflow/example_dags/example_python_operator.py took 0.053 seconds
[2026-05-03T22:58:31.902+0000] {processor.py:186} INFO - Started process (PID=59302) to work on /home/ec2-user/environment/lab4_model_training/venv/lib64/python3.12/site-packages/airflow/example_dags/example_python_operator.py
[2026-05-03T22:58:31.904+0000] {processor.py:914} INFO - Processing file /home/ec2-user/environment/lab4_model_training/venv/lib64/python3.12/site-packages/airflow/example_dags/example_python_operator.py for tasks to queue
[2026-05-03T22:58:31.906+0000] {logging_mixin.py:190} INFO - [2026-05-03T22:58:31.905+0000] {dagbag.py:588} INFO - Filling up the DagBag from /home/ec2-user/environment/lab4_model_training/venv/lib64/python3.12/site-packages/airflow/example_dags/example_python_operator.py
[2026-05-03T22:58:31.911+0000] {logging_mixin.py:190} INFO - [2026-05-03T22:58:31.911+0000] {example_python_operator.py:93} WARNING - The virtalenv_python example task requires virtualenv, please install it.
[2026-05-03T22:58:31.913+0000] {processor.py:925} INFO - DAG(s) 'example_python_operator' retrieved from /home/ec2-user/environment/lab4_model_training/venv/lib64/python3.12/site-packages/airflow/example_dags/example_python_operator.py
[2026-05-03T22:58:31.926+0000] {logging_mixin.py:190} INFO - [2026-05-03T22:58:31.926+0000] {dag.py:3239} INFO - Sync 1 DAGs
[2026-05-03T22:58:31.935+0000] {logging_mixin.py:190} INFO - [2026-05-03T22:58:31.935+0000] {dag.py:4180} INFO - Setting next_dagrun for example_python_operator to None, run_after=None
[2026-05-03T22:58:31.952+0000] {processor.py:208} INFO - Processing /home/ec2-user/environment/lab4_model_training/venv/lib64/python3.12/site-packages/airflow/example_dags/example_python_operator.py took 0.054 seconds
[2026-05-03T22:59:39.410+0000] {processor.py:186} INFO - Started process (PID=59594) to work on /home/ec2-user/environment/lab4_model_training/venv/lib64/python3.12/site-packages/airflow/example_dags/example_python_operator.py
[2026-05-03T22:59:39.412+0000] {processor.py:914} INFO - Processing file /home/ec2-user/environment/lab4_model_training/venv/lib64/python3.12/site-packages/airflow/example_dags/example_python_operator.py for tasks to queue
[2026-05-03T22:59:39.413+0000] {logging_mixin.py:190} INFO - [2026-05-03T22:59:39.413+0000] {dagbag.py:588} INFO - Filling up the DagBag from /home/ec2-user/environment/lab4_model_training/venv/lib64/python3.12/site-packages/airflow/example_dags/example_python_operator.py
[2026-05-03T22:59:39.418+0000] {logging_mixin.py:190} INFO - [2026-05-03T22:59:39.418+0000] {example_python_operator.py:93} WARNING - The virtalenv_python example task requires virtualenv, please install it.
[2026-05-03T22:59:39.420+0000] {processor.py:925} INFO - DAG(s) 'example_python_operator' retrieved from /home/ec2-user/environment/lab4_model_training/venv/lib64/python3.12/site-packages/airflow/example_dags/example_python_operator.py
[2026-05-03T22:59:39.433+0000] {logging_mixin.py:190} INFO - [2026-05-03T22:59:39.433+0000] {dag.py:3239} INFO - Sync 1 DAGs
[2026-05-03T22:59:39.443+0000] {logging_mixin.py:190} INFO - [2026-05-03T22:59:39.443+0000] {dag.py:4180} INFO - Setting next_dagrun for example_python_operator to None, run_after=None
[2026-05-03T22:59:39.459+0000] {processor.py:208} INFO - Processing /home/ec2-user/environment/lab4_model_training/venv/lib64/python3.12/site-packages/airflow/example_dags/example_python_operator.py took 0.053 seconds
[2026-05-03T23:00:42.815+0000] {processor.py:186} INFO - Started process (PID=59891) to work on /home/ec2-user/environment/lab4_model_training/venv/lib64/python3.12/site-packages/airflow/example_dags/example_python_operator.py
[2026-05-03T23:00:42.816+0000] {processor.py:914} INFO - Processing file /home/ec2-user/environment/lab4_model_training/venv/lib64/python3.12/site-packages/airflow/example_dags/example_python_operator.py for tasks to queue
[2026-05-03T23:00:42.817+0000] {logging_mixin.py:190} INFO - [2026-05-03T23:00:42.817+0000] {dagbag.py:588} INFO - Filling up the DagBag from /home/ec2-user/environment/lab4_model_training/venv/lib64/python3.12/site-packages/airflow/example_dags/example_python_operator.py
[2026-05-03T23:00:42.822+0000] {logging_mixin.py:190} INFO - [2026-05-03T23:00:42.822+0000] {example_python_operator.py:93} WARNING - The virtalenv_python example task requires virtualenv, please install it.
[2026-05-03T23:00:42.825+0000] {processor.py:925} INFO - DAG(s) 'example_python_operator' retrieved from /home/ec2-user/environment/lab4_model_training/venv/lib64/python3.12/site-packages/airflow/example_dags/example_python_operator.py
[2026-05-03T23:00:42.837+0000] {logging_mixin.py:190} INFO - [2026-05-03T23:00:42.837+0000] {dag.py:3239} INFO - Sync 1 DAGs
[2026-05-03T23:00:42.847+0000] {logging_mixin.py:190} INFO - [2026-05-03T23:00:42.847+0000] {dag.py:4180} INFO - Setting next_dagrun for example_python_operator to None, run_after=None
[2026-05-03T23:00:42.863+0000] {processor.py:208} INFO - Processing /home/ec2-user/environment/lab4_model_training/venv/lib64/python3.12/site-packages/airflow/example_dags/example_python_operator.py took 0.052 seconds
[2026-05-03T23:01:50.346+0000] {processor.py:186} INFO - Started process (PID=60236) to work on /home/ec2-user/environment/lab4_model_training/venv/lib64/python3.12/site-packages/airflow/example_dags/example_python_operator.py
[2026-05-03T23:01:50.348+0000] {processor.py:914} INFO - Processing file /home/ec2-user/environment/lab4_model_training/venv/lib64/python3.12/site-packages/airflow/example_dags/example_python_operator.py for tasks to queue
[2026-05-03T23:01:50.349+0000] {logging_mixin.py:190} INFO - [2026-05-03T23:01:50.349+0000] {dagbag.py:588} INFO - Filling up the DagBag from /home/ec2-user/environment/lab4_model_training/venv/lib64/python3.12/site-packages/airflow/example_dags/example_python_operator.py
[2026-05-03T23:01:50.354+0000] {logging_mixin.py:190} INFO - [2026-05-03T23:01:50.354+0000] {example_python_operator.py:93} WARNING - The virtalenv_python example task requires virtualenv, please install it.
[2026-05-03T23:01:50.356+0000] {processor.py:925} INFO - DAG(s) 'example_python_operator' retrieved from /home/ec2-user/environment/lab4_model_training/venv/lib64/python3.12/site-packages/airflow/example_dags/example_python_operator.py
[2026-05-03T23:01:50.368+0000] {logging_mixin.py:190} INFO - [2026-05-03T23:01:50.368+0000] {dag.py:3239} INFO - Sync 1 DAGs
[2026-05-03T23:01:50.378+0000] {logging_mixin.py:190} INFO - [2026-05-03T23:01:50.378+0000] {dag.py:4180} INFO - Setting next_dagrun for example_python_operator to None, run_after=None
[2026-05-03T23:01:50.394+0000] {processor.py:208} INFO - Processing /home/ec2-user/environment/lab4_model_training/venv/lib64/python3.12/site-packages/airflow/example_dags/example_python_operator.py took 0.052 seconds
[2026-05-03T23:02:53.951+0000] {processor.py:186} INFO - Started process (PID=60501) to work on /home/ec2-user/environment/lab4_model_training/venv/lib64/python3.12/site-packages/airflow/example_dags/example_python_operator.py
[2026-05-03T23:02:53.952+0000] {processor.py:914} INFO - Processing file /home/ec2-user/environment/lab4_model_training/venv/lib64/python3.12/site-packages/airflow/example_dags/example_python_operator.py for tasks to queue
[2026-05-03T23:02:53.954+0000] {logging_mixin.py:190} INFO - [2026-05-03T23:02:53.953+0000] {dagbag.py:588} INFO - Filling up the DagBag from /home/ec2-user/environment/lab4_model_training/venv/lib64/python3.12/site-packages/airflow/example_dags/example_python_operator.py
[2026-05-03T23:02:53.959+0000] {logging_mixin.py:190} INFO - [2026-05-03T23:02:53.959+0000] {example_python_operator.py:93} WARNING - The virtalenv_python example task requires virtualenv, please install it.
[2026-05-03T23:02:53.961+0000] {processor.py:925} INFO - DAG(s) 'example_python_operator' retrieved from /home/ec2-user/environment/lab4_model_training/venv/lib64/python3.12/site-packages/airflow/example_dags/example_python_operator.py
[2026-05-03T23:02:53.974+0000] {logging_mixin.py:190} INFO - [2026-05-03T23:02:53.974+0000] {dag.py:3239} INFO - Sync 1 DAGs
[2026-05-03T23:02:53.984+0000] {logging_mixin.py:190} INFO - [2026-05-03T23:02:53.984+0000] {dag.py:4180} INFO - Setting next_dagrun for example_python_operator to None, run_after=None
[2026-05-03T23:02:54.002+0000] {processor.py:208} INFO - Processing /home/ec2-user/environment/lab4_model_training/venv/lib64/python3.12/site-packages/airflow/example_dags/example_python_operator.py took 0.055 seconds
[2026-05-03T23:03:53.504+0000] {processor.py:186} INFO - Started process (PID=60812) to work on /home/ec2-user/environment/lab4_model_training/venv/lib64/python3.12/site-packages/airflow/example_dags/example_python_operator.py
[2026-05-03T23:03:53.505+0000] {processor.py:914} INFO - Processing file /home/ec2-user/environment/lab4_model_training/venv/lib64/python3.12/site-packages/airflow/example_dags/example_python_operator.py for tasks to queue
[2026-05-03T23:03:53.507+0000] {logging_mixin.py:190} INFO - [2026-05-03T23:03:53.506+0000] {dagbag.py:588} INFO - Filling up the DagBag from /home/ec2-user/environment/lab4_model_training/venv/lib64/python3.12/site-packages/airflow/example_dags/example_python_operator.py
[2026-05-03T23:03:53.513+0000] {logging_mixin.py:190} INFO - [2026-05-03T23:03:53.512+0000] {example_python_operator.py:93} WARNING - The virtalenv_python example task requires virtualenv, please install it.
[2026-05-03T23:03:53.514+0000] {processor.py:925} INFO - DAG(s) 'example_python_operator' retrieved from /home/ec2-user/environment/lab4_model_training/venv/lib64/python3.12/site-packages/airflow/example_dags/example_python_operator.py
[2026-05-03T23:03:53.528+0000] {logging_mixin.py:190} INFO - [2026-05-03T23:03:53.528+0000] {dag.py:3239} INFO - Sync 1 DAGs
[2026-05-03T23:03:53.538+0000] {logging_mixin.py:190} INFO - [2026-05-03T23:03:53.538+0000] {dag.py:4180} INFO - Setting next_dagrun for example_python_operator to None, run_after=None
[2026-05-03T23:03:53.556+0000] {processor.py:208} INFO - Processing /home/ec2-user/environment/lab4_model_training/venv/lib64/python3.12/site-packages/airflow/example_dags/example_python_operator.py took 0.056 seconds
[2026-05-03T23:05:01.294+0000] {processor.py:186} INFO - Started process (PID=61070) to work on /home/ec2-user/environment/lab4_model_training/venv/lib64/python3.12/site-packages/airflow/example_dags/example_python_operator.py
[2026-05-03T23:05:01.296+0000] {processor.py:914} INFO - Processing file /home/ec2-user/environment/lab4_model_training/venv/lib64/python3.12/site-packages/airflow/example_dags/example_python_operator.py for tasks to queue
[2026-05-03T23:05:01.297+0000] {logging_mixin.py:190} INFO - [2026-05-03T23:05:01.297+0000] {dagbag.py:588} INFO - Filling up the DagBag from /home/ec2-user/environment/lab4_model_training/venv/lib64/python3.12/site-packages/airflow/example_dags/example_python_operator.py
[2026-05-03T23:05:01.302+0000] {logging_mixin.py:190} INFO - [2026-05-03T23:05:01.302+0000] {example_python_operator.py:93} WARNING - The virtalenv_python example task requires virtualenv, please install it.
[2026-05-03T23:05:01.304+0000] {processor.py:925} INFO - DAG(s) 'example_python_operator' retrieved from /home/ec2-user/environment/lab4_model_training/venv/lib64/python3.12/site-packages/airflow/example_dags/example_python_operator.py
[2026-05-03T23:05:01.316+0000] {logging_mixin.py:190} INFO - [2026-05-03T23:05:01.316+0000] {dag.py:3239} INFO - Sync 1 DAGs
[2026-05-03T23:05:01.326+0000] {logging_mixin.py:190} INFO - [2026-05-03T23:05:01.326+0000] {dag.py:4180} INFO - Setting next_dagrun for example_python_operator to None, run_after=None
[2026-05-03T23:05:01.342+0000] {processor.py:208} INFO - Processing /home/ec2-user/environment/lab4_model_training/venv/lib64/python3.12/site-packages/airflow/example_dags/example_python_operator.py took 0.051 seconds
[2026-05-03T23:06:04.141+0000] {processor.py:186} INFO - Started process (PID=61378) to work on /home/ec2-user/environment/lab4_model_training/venv/lib64/python3.12/site-packages/airflow/example_dags/example_python_operator.py
[2026-05-03T23:06:04.143+0000] {processor.py:914} INFO - Processing file /home/ec2-user/environment/lab4_model_training/venv/lib64/python3.12/site-packages/airflow/example_dags/example_python_operator.py for tasks to queue
[2026-05-03T23:06:04.144+0000] {logging_mixin.py:190} INFO - [2026-05-03T23:06:04.144+0000] {dagbag.py:588} INFO - Filling up the DagBag from /home/ec2-user/environment/lab4_model_training/venv/lib64/python3.12/site-packages/airflow/example_dags/example_python_operator.py
[2026-05-03T23:06:04.149+0000] {logging_mixin.py:190} INFO - [2026-05-03T23:06:04.149+0000] {example_python_operator.py:93} WARNING - The virtalenv_python example task requires virtualenv, please install it.
[2026-05-03T23:06:04.151+0000] {processor.py:925} INFO - DAG(s) 'example_python_operator' retrieved from /home/ec2-user/environment/lab4_model_training/venv/lib64/python3.12/site-packages/airflow/example_dags/example_python_operator.py
[2026-05-03T23:06:04.164+0000] {logging_mixin.py:190} INFO - [2026-05-03T23:06:04.164+0000] {dag.py:3239} INFO - Sync 1 DAGs
[2026-05-03T23:06:04.173+0000] {logging_mixin.py:190} INFO - [2026-05-03T23:06:04.173+0000] {dag.py:4180} INFO - Setting next_dagrun for example_python_operator to None, run_after=None
[2026-05-03T23:06:04.189+0000] {processor.py:208} INFO - Processing /home/ec2-user/environment/lab4_model_training/venv/lib64/python3.12/site-packages/airflow/example_dags/example_python_operator.py took 0.052 seconds
[2026-05-03T23:07:07.055+0000] {processor.py:186} INFO - Started process (PID=61601) to work on /home/ec2-user/environment/lab4_model_training/venv/lib64/python3.12/site-packages/airflow/example_dags/example_python_operator.py
[2026-05-03T23:07:07.057+0000] {processor.py:914} INFO - Processing file /home/ec2-user/environment/lab4_model_training/venv/lib64/python3.12/site-packages/airflow/example_dags/example_python_operator.py for tasks to queue
[2026-05-03T23:07:07.058+0000] {logging_mixin.py:190} INFO - [2026-05-03T23:07:07.058+0000] {dagbag.py:588} INFO - Filling up the DagBag from /home/ec2-user/environment/lab4_model_training/venv/lib64/python3.12/site-packages/airflow/example_dags/example_python_operator.py
[2026-05-03T23:07:07.063+0000] {logging_mixin.py:190} INFO - [2026-05-03T23:07:07.063+0000] {example_python_operator.py:93} WARNING - The virtalenv_python example task requires virtualenv, please install it.
[2026-05-03T23:07:07.065+0000] {processor.py:925} INFO - DAG(s) 'example_python_operator' retrieved from /home/ec2-user/environment/lab4_model_training/venv/lib64/python3.12/site-packages/airflow/example_dags/example_python_operator.py
[2026-05-03T23:07:07.077+0000] {logging_mixin.py:190} INFO - [2026-05-03T23:07:07.077+0000] {dag.py:3239} INFO - Sync 1 DAGs
[2026-05-03T23:07:07.087+0000] {logging_mixin.py:190} INFO - [2026-05-03T23:07:07.087+0000] {dag.py:4180} INFO - Setting next_dagrun for example_python_operator to None, run_after=None
[2026-05-03T23:07:07.103+0000] {processor.py:208} INFO - Processing /home/ec2-user/environment/lab4_model_training/venv/lib64/python3.12/site-packages/airflow/example_dags/example_python_operator.py took 0.052 seconds
[2026-05-03T23:08:12.369+0000] {processor.py:186} INFO - Started process (PID=61938) to work on /home/ec2-user/environment/lab4_model_training/venv/lib64/python3.12/site-packages/airflow/example_dags/example_python_operator.py
[2026-05-03T23:08:12.370+0000] {processor.py:914} INFO - Processing file /home/ec2-user/environment/lab4_model_training/venv/lib64/python3.12/site-packages/airflow/example_dags/example_python_operator.py for tasks to queue
[2026-05-03T23:08:12.371+0000] {logging_mixin.py:190} INFO - [2026-05-03T23:08:12.371+0000] {dagbag.py:588} INFO - Filling up the DagBag from /home/ec2-user/environment/lab4_model_training/venv/lib64/python3.12/site-packages/airflow/example_dags/example_python_operator.py
[2026-05-03T23:08:12.377+0000] {logging_mixin.py:190} INFO - [2026-05-03T23:08:12.377+0000] {example_python_operator.py:93} WARNING - The virtalenv_python example task requires virtualenv, please install it.
[2026-05-03T23:08:12.378+0000] {processor.py:925} INFO - DAG(s) 'example_python_operator' retrieved from /home/ec2-user/environment/lab4_model_training/venv/lib64/python3.12/site-packages/airflow/example_dags/example_python_operator.py
[2026-05-03T23:08:12.392+0000] {logging_mixin.py:190} INFO - [2026-05-03T23:08:12.391+0000] {dag.py:3239} INFO - Sync 1 DAGs
[2026-05-03T23:08:12.401+0000] {logging_mixin.py:190} INFO - [2026-05-03T23:08:12.401+0000] {dag.py:4180} INFO - Setting next_dagrun for example_python_operator to None, run_after=None
[2026-05-03T23:08:12.417+0000] {processor.py:208} INFO - Processing /home/ec2-user/environment/lab4_model_training/venv/lib64/python3.12/site-packages/airflow/example_dags/example_python_operator.py took 0.053 seconds
[2026-05-03T23:09:17.545+0000] {processor.py:186} INFO - Started process (PID=62183) to work on /home/ec2-user/environment/lab4_model_training/venv/lib64/python3.12/site-packages/airflow/example_dags/example_python_operator.py
[2026-05-03T23:09:17.546+0000] {processor.py:914} INFO - Processing file /home/ec2-user/environment/lab4_model_training/venv/lib64/python3.12/site-packages/airflow/example_dags/example_python_operator.py for tasks to queue
[2026-05-03T23:09:17.547+0000] {logging_mixin.py:190} INFO - [2026-05-03T23:09:17.547+0000] {dagbag.py:588} INFO - Filling up the DagBag from /home/ec2-user/environment/lab4_model_training/venv/lib64/python3.12/site-packages/airflow/example_dags/example_python_operator.py
[2026-05-03T23:09:17.553+0000] {logging_mixin.py:190} INFO - [2026-05-03T23:09:17.552+0000] {example_python_operator.py:93} WARNING - The virtalenv_python example task requires virtualenv, please install it.
[2026-05-03T23:09:17.554+0000] {processor.py:925} INFO - DAG(s) 'example_python_operator' retrieved from /home/ec2-user/environment/lab4_model_training/venv/lib64/python3.12/site-packages/airflow/example_dags/example_python_operator.py
[2026-05-03T23:09:17.567+0000] {logging_mixin.py:190} INFO - [2026-05-03T23:09:17.567+0000] {dag.py:3239} INFO - Sync 1 DAGs
[2026-05-03T23:09:17.577+0000] {logging_mixin.py:190} INFO - [2026-05-03T23:09:17.577+0000] {dag.py:4180} INFO - Setting next_dagrun for example_python_operator to None, run_after=None
[2026-05-03T23:09:17.595+0000] {processor.py:208} INFO - Processing /home/ec2-user/environment/lab4_model_training/venv/lib64/python3.12/site-packages/airflow/example_dags/example_python_operator.py took 0.054 seconds
[2026-05-03T23:10:20.166+0000] {processor.py:186} INFO - Started process (PID=62346) to work on /home/ec2-user/environment/lab4_model_training/venv/lib64/python3.12/site-packages/airflow/example_dags/example_python_operator.py
[2026-05-03T23:10:20.168+0000] {processor.py:914} INFO - Processing file /home/ec2-user/environment/lab4_model_training/venv/lib64/python3.12/site-packages/airflow/example_dags/example_python_operator.py for tasks to queue
[2026-05-03T23:10:20.169+0000] {logging_mixin.py:190} INFO - [2026-05-03T23:10:20.169+0000] {dagbag.py:588} INFO - Filling up the DagBag from /home/ec2-user/environment/lab4_model_training/venv/lib64/python3.12/site-packages/airflow/example_dags/example_python_operator.py
[2026-05-03T23:10:20.175+0000] {logging_mixin.py:190} INFO - [2026-05-03T23:10:20.174+0000] {example_python_operator.py:93} WARNING - The virtalenv_python example task requires virtualenv, please install it.
[2026-05-03T23:10:20.176+0000] {processor.py:925} INFO - DAG(s) 'example_python_operator' retrieved from /home/ec2-user/environment/lab4_model_training/venv/lib64/python3.12/site-packages/airflow/example_dags/example_python_operator.py
[2026-05-03T23:10:20.189+0000] {logging_mixin.py:190} INFO - [2026-05-03T23:10:20.189+0000] {dag.py:3239} INFO - Sync 1 DAGs
[2026-05-03T23:10:20.200+0000] {logging_mixin.py:190} INFO - [2026-05-03T23:10:20.200+0000] {dag.py:4180} INFO - Setting next_dagrun for example_python_operator to None, run_after=None
[2026-05-03T23:10:20.216+0000] {processor.py:208} INFO - Processing /home/ec2-user/environment/lab4_model_training/venv/lib64/python3.12/site-packages/airflow/example_dags/example_python_operator.py took 0.055 seconds
[2026-05-03T23:11:26.278+0000] {processor.py:186} INFO - Started process (PID=62552) to work on /home/ec2-user/environment/lab4_model_training/venv/lib64/python3.12/site-packages/airflow/example_dags/example_python_operator.py
[2026-05-03T23:11:26.279+0000] {processor.py:914} INFO - Processing file /home/ec2-user/environment/lab4_model_training/venv/lib64/python3.12/site-packages/airflow/example_dags/example_python_operator.py for tasks to queue
[2026-05-03T23:11:26.281+0000] {logging_mixin.py:190} INFO - [2026-05-03T23:11:26.281+0000] {dagbag.py:588} INFO - Filling up the DagBag from /home/ec2-user/environment/lab4_model_training/venv/lib64/python3.12/site-packages/airflow/example_dags/example_python_operator.py
[2026-05-03T23:11:26.286+0000] {logging_mixin.py:190} INFO - [2026-05-03T23:11:26.286+0000] {example_python_operator.py:93} WARNING - The virtalenv_python example task requires virtualenv, please install it.
[2026-05-03T23:11:26.288+0000] {processor.py:925} INFO - DAG(s) 'example_python_operator' retrieved from /home/ec2-user/environment/lab4_model_training/venv/lib64/python3.12/site-packages/airflow/example_dags/example_python_operator.py
[2026-05-03T23:11:26.300+0000] {logging_mixin.py:190} INFO - [2026-05-03T23:11:26.300+0000] {dag.py:3239} INFO - Sync 1 DAGs
[2026-05-03T23:11:26.310+0000] {logging_mixin.py:190} INFO - [2026-05-03T23:11:26.310+0000] {dag.py:4180} INFO - Setting next_dagrun for example_python_operator to None, run_after=None
[2026-05-03T23:11:26.327+0000] {processor.py:208} INFO - Processing /home/ec2-user/environment/lab4_model_training/venv/lib64/python3.12/site-packages/airflow/example_dags/example_python_operator.py took 0.053 seconds
[2026-05-03T23:12:32.545+0000] {processor.py:186} INFO - Started process (PID=62754) to work on /home/ec2-user/environment/lab4_model_training/venv/lib64/python3.12/site-packages/airflow/example_dags/example_python_operator.py
[2026-05-03T23:12:32.546+0000] {processor.py:914} INFO - Processing file /home/ec2-user/environment/lab4_model_training/venv/lib64/python3.12/site-packages/airflow/example_dags/example_python_operator.py for tasks to queue
[2026-05-03T23:12:32.548+0000] {logging_mixin.py:190} INFO - [2026-05-03T23:12:32.548+0000] {dagbag.py:588} INFO - Filling up the DagBag from /home/ec2-user/environment/lab4_model_training/venv/lib64/python3.12/site-packages/airflow/example_dags/example_python_operator.py
[2026-05-03T23:12:32.553+0000] {logging_mixin.py:190} INFO - [2026-05-03T23:12:32.553+0000] {example_python_operator.py:93} WARNING - The virtalenv_python example task requires virtualenv, please install it.
[2026-05-03T23:12:32.555+0000] {processor.py:925} INFO - DAG(s) 'example_python_operator' retrieved from /home/ec2-user/environment/lab4_model_training/venv/lib64/python3.12/site-packages/airflow/example_dags/example_python_operator.py
[2026-05-03T23:12:32.567+0000] {logging_mixin.py:190} INFO - [2026-05-03T23:12:32.567+0000] {dag.py:3239} INFO - Sync 1 DAGs
[2026-05-03T23:12:32.577+0000] {logging_mixin.py:190} INFO - [2026-05-03T23:12:32.576+0000] {dag.py:4180} INFO - Setting next_dagrun for example_python_operator to None, run_after=None
[2026-05-03T23:12:32.594+0000] {processor.py:208} INFO - Processing /home/ec2-user/environment/lab4_model_training/venv/lib64/python3.12/site-packages/airflow/example_dags/example_python_operator.py took 0.053 seconds
[2026-05-03T23:13:39.145+0000] {processor.py:186} INFO - Started process (PID=62927) to work on /home/ec2-user/environment/lab4_model_training/venv/lib64/python3.12/site-packages/airflow/example_dags/example_python_operator.py
[2026-05-03T23:13:39.146+0000] {processor.py:914} INFO - Processing file /home/ec2-user/environment/lab4_model_training/venv/lib64/python3.12/site-packages/airflow/example_dags/example_python_operator.py for tasks to queue
[2026-05-03T23:13:39.147+0000] {logging_mixin.py:190} INFO - [2026-05-03T23:13:39.147+0000] {dagbag.py:588} INFO - Filling up the DagBag from /home/ec2-user/environment/lab4_model_training/venv/lib64/python3.12/site-packages/airflow/example_dags/example_python_operator.py
[2026-05-03T23:13:39.153+0000] {logging_mixin.py:190} INFO - [2026-05-03T23:13:39.153+0000] {example_python_operator.py:93} WARNING - The virtalenv_python example task requires virtualenv, please install it.
[2026-05-03T23:13:39.154+0000] {processor.py:925} INFO - DAG(s) 'example_python_operator' retrieved from /home/ec2-user/environment/lab4_model_training/venv/lib64/python3.12/site-packages/airflow/example_dags/example_python_operator.py
[2026-05-03T23:13:39.167+0000] {logging_mixin.py:190} INFO - [2026-05-03T23:13:39.167+0000] {dag.py:3239} INFO - Sync 1 DAGs
[2026-05-03T23:13:39.176+0000] {logging_mixin.py:190} INFO - [2026-05-03T23:13:39.176+0000] {dag.py:4180} INFO - Setting next_dagrun for example_python_operator to None, run_after=None
[2026-05-03T23:13:39.192+0000] {processor.py:208} INFO - Processing /home/ec2-user/environment/lab4_model_training/venv/lib64/python3.12/site-packages/airflow/example_dags/example_python_operator.py took 0.051 seconds
[2026-05-03T23:14:44.957+0000] {processor.py:186} INFO - Started process (PID=63130) to work on /home/ec2-user/environment/lab4_model_training/venv/lib64/python3.12/site-packages/airflow/example_dags/example_python_operator.py
[2026-05-03T23:14:44.958+0000] {processor.py:914} INFO - Processing file /home/ec2-user/environment/lab4_model_training/venv/lib64/python3.12/site-packages/airflow/example_dags/example_python_operator.py for tasks to queue
[2026-05-03T23:14:44.960+0000] {logging_mixin.py:190} INFO - [2026-05-03T23:14:44.959+0000] {dagbag.py:588} INFO - Filling up the DagBag from /home/ec2-user/environment/lab4_model_training/venv/lib64/python3.12/site-packages/airflow/example_dags/example_python_operator.py
[2026-05-03T23:14:44.965+0000] {logging_mixin.py:190} INFO - [2026-05-03T23:14:44.964+0000] {example_python_operator.py:93} WARNING - The virtalenv_python example task requires virtualenv, please install it.
[2026-05-03T23:14:44.966+0000] {processor.py:925} INFO - DAG(s) 'example_python_operator' retrieved from /home/ec2-user/environment/lab4_model_training/venv/lib64/python3.12/site-packages/airflow/example_dags/example_python_operator.py
[2026-05-03T23:14:44.979+0000] {logging_mixin.py:190} INFO - [2026-05-03T23:14:44.979+0000] {dag.py:3239} INFO - Sync 1 DAGs
[2026-05-03T23:14:44.989+0000] {logging_mixin.py:190} INFO - [2026-05-03T23:14:44.988+0000] {dag.py:4180} INFO - Setting next_dagrun for example_python_operator to None, run_after=None
[2026-05-03T23:14:45.005+0000] {processor.py:208} INFO - Processing /home/ec2-user/environment/lab4_model_training/venv/lib64/python3.12/site-packages/airflow/example_dags/example_python_operator.py took 0.052 seconds
[2026-05-03T23:15:47.837+0000] {processor.py:186} INFO - Started process (PID=63403) to work on /home/ec2-user/environment/lab4_model_training/venv/lib64/python3.12/site-packages/airflow/example_dags/example_python_operator.py
[2026-05-03T23:15:47.838+0000] {processor.py:914} INFO - Processing file /home/ec2-user/environment/lab4_model_training/venv/lib64/python3.12/site-packages/airflow/example_dags/example_python_operator.py for tasks to queue
[2026-05-03T23:15:47.839+0000] {logging_mixin.py:190} INFO - [2026-05-03T23:15:47.839+0000] {dagbag.py:588} INFO - Filling up the DagBag from /home/ec2-user/environment/lab4_model_training/venv/lib64/python3.12/site-packages/airflow/example_dags/example_python_operator.py
[2026-05-03T23:15:47.844+0000] {logging_mixin.py:190} INFO - [2026-05-03T23:15:47.844+0000] {example_python_operator.py:93} WARNING - The virtalenv_python example task requires virtualenv, please install it.
[2026-05-03T23:15:47.846+0000] {processor.py:925} INFO - DAG(s) 'example_python_operator' retrieved from /home/ec2-user/environment/lab4_model_training/venv/lib64/python3.12/site-packages/airflow/example_dags/example_python_operator.py
[2026-05-03T23:15:47.859+0000] {logging_mixin.py:190} INFO - [2026-05-03T23:15:47.859+0000] {dag.py:3239} INFO - Sync 1 DAGs
[2026-05-03T23:15:47.869+0000] {logging_mixin.py:190} INFO - [2026-05-03T23:15:47.869+0000] {dag.py:4180} INFO - Setting next_dagrun for example_python_operator to None, run_after=None
[2026-05-03T23:15:47.886+0000] {processor.py:208} INFO - Processing /home/ec2-user/environment/lab4_model_training/venv/lib64/python3.12/site-packages/airflow/example_dags/example_python_operator.py took 0.054 seconds
[2026-05-03T23:17:11.446+0000] {processor.py:186} INFO - Started process (PID=63669) to work on /home/ec2-user/environment/lab4_model_training/venv/lib64/python3.12/site-packages/airflow/example_dags/example_python_operator.py
[2026-05-03T23:17:11.447+0000] {processor.py:914} INFO - Processing file /home/ec2-user/environment/lab4_model_training/venv/lib64/python3.12/site-packages/airflow/example_dags/example_python_operator.py for tasks to queue
[2026-05-03T23:17:11.449+0000] {logging_mixin.py:190} INFO - [2026-05-03T23:17:11.448+0000] {dagbag.py:588} INFO - Filling up the DagBag from /home/ec2-user/environment/lab4_model_training/venv/lib64/python3.12/site-packages/airflow/example_dags/example_python_operator.py
[2026-05-03T23:17:11.454+0000] {logging_mixin.py:190} INFO - [2026-05-03T23:17:11.454+0000] {example_python_operator.py:93} WARNING - The virtalenv_python example task requires virtualenv, please install it.
[2026-05-03T23:17:11.456+0000] {processor.py:925} INFO - DAG(s) 'example_python_operator' retrieved from /home/ec2-user/environment/lab4_model_training/venv/lib64/python3.12/site-packages/airflow/example_dags/example_python_operator.py
[2026-05-03T23:17:11.470+0000] {logging_mixin.py:190} INFO - [2026-05-03T23:17:11.470+0000] {dag.py:3239} INFO - Sync 1 DAGs
[2026-05-03T23:17:11.480+0000] {logging_mixin.py:190} INFO - [2026-05-03T23:17:11.480+0000] {dag.py:4180} INFO - Setting next_dagrun for example_python_operator to None, run_after=None
[2026-05-03T23:17:11.497+0000] {processor.py:208} INFO - Processing /home/ec2-user/environment/lab4_model_training/venv/lib64/python3.12/site-packages/airflow/example_dags/example_python_operator.py took 0.056 seconds
[2026-05-03T23:18:16.258+0000] {processor.py:186} INFO - Started process (PID=63787) to work on /home/ec2-user/environment/lab4_model_training/venv/lib64/python3.12/site-packages/airflow/example_dags/example_python_operator.py
[2026-05-03T23:18:16.259+0000] {processor.py:914} INFO - Processing file /home/ec2-user/environment/lab4_model_training/venv/lib64/python3.12/site-packages/airflow/example_dags/example_python_operator.py for tasks to queue
[2026-05-03T23:18:16.261+0000] {logging_mixin.py:190} INFO - [2026-05-03T23:18:16.261+0000] {dagbag.py:588} INFO - Filling up the DagBag from /home/ec2-user/environment/lab4_model_training/venv/lib64/python3.12/site-packages/airflow/example_dags/example_python_operator.py
[2026-05-03T23:18:16.266+0000] {logging_mixin.py:190} INFO - [2026-05-03T23:18:16.266+0000] {example_python_operator.py:93} WARNING - The virtalenv_python example task requires virtualenv, please install it.
[2026-05-03T23:18:16.268+0000] {processor.py:925} INFO - DAG(s) 'example_python_operator' retrieved from /home/ec2-user/environment/lab4_model_training/venv/lib64/python3.12/site-packages/airflow/example_dags/example_python_operator.py
[2026-05-03T23:18:16.280+0000] {logging_mixin.py:190} INFO - [2026-05-03T23:18:16.280+0000] {dag.py:3239} INFO - Sync 1 DAGs
[2026-05-03T23:18:16.290+0000] {logging_mixin.py:190} INFO - [2026-05-03T23:18:16.290+0000] {dag.py:4180} INFO - Setting next_dagrun for example_python_operator to None, run_after=None
[2026-05-03T23:18:16.307+0000] {processor.py:208} INFO - Processing /home/ec2-user/environment/lab4_model_training/venv/lib64/python3.12/site-packages/airflow/example_dags/example_python_operator.py took 0.053 seconds
[2026-05-03T23:19:21.122+0000] {processor.py:186} INFO - Started process (PID=63958) to work on /home/ec2-user/environment/lab4_model_training/venv/lib64/python3.12/site-packages/airflow/example_dags/example_python_operator.py
[2026-05-03T23:19:21.123+0000] {processor.py:914} INFO - Processing file /home/ec2-user/environment/lab4_model_training/venv/lib64/python3.12/site-packages/airflow/example_dags/example_python_operator.py for tasks to queue
[2026-05-03T23:19:21.125+0000] {logging_mixin.py:190} INFO - [2026-05-03T23:19:21.124+0000] {dagbag.py:588} INFO - Filling up the DagBag from /home/ec2-user/environment/lab4_model_training/venv/lib64/python3.12/site-packages/airflow/example_dags/example_python_operator.py
[2026-05-03T23:19:21.130+0000] {logging_mixin.py:190} INFO - [2026-05-03T23:19:21.130+0000] {example_python_operator.py:93} WARNING - The virtalenv_python example task requires virtualenv, please install it.
[2026-05-03T23:19:21.132+0000] {processor.py:925} INFO - DAG(s) 'example_python_operator' retrieved from /home/ec2-user/environment/lab4_model_training/venv/lib64/python3.12/site-packages/airflow/example_dags/example_python_operator.py
[2026-05-03T23:19:21.144+0000] {logging_mixin.py:190} INFO - [2026-05-03T23:19:21.144+0000] {dag.py:3239} INFO - Sync 1 DAGs
[2026-05-03T23:19:21.153+0000] {logging_mixin.py:190} INFO - [2026-05-03T23:19:21.153+0000] {dag.py:4180} INFO - Setting next_dagrun for example_python_operator to None, run_after=None
[2026-05-03T23:19:21.170+0000] {processor.py:208} INFO - Processing /home/ec2-user/environment/lab4_model_training/venv/lib64/python3.12/site-packages/airflow/example_dags/example_python_operator.py took 0.052 seconds
[2026-05-03T23:20:25.007+0000] {processor.py:186} INFO - Started process (PID=64132) to work on /home/ec2-user/environment/lab4_model_training/venv/lib64/python3.12/site-packages/airflow/example_dags/example_python_operator.py
[2026-05-03T23:20:25.008+0000] {processor.py:914} INFO - Processing file /home/ec2-user/environment/lab4_model_training/venv/lib64/python3.12/site-packages/airflow/example_dags/example_python_operator.py for tasks to queue
[2026-05-03T23:20:25.009+0000] {logging_mixin.py:190} INFO - [2026-05-03T23:20:25.009+0000] {dagbag.py:588} INFO - Filling up the DagBag from /home/ec2-user/environment/lab4_model_training/venv/lib64/python3.12/site-packages/airflow/example_dags/example_python_operator.py
[2026-05-03T23:20:25.015+0000] {logging_mixin.py:190} INFO - [2026-05-03T23:20:25.015+0000] {example_python_operator.py:93} WARNING - The virtalenv_python example task requires virtualenv, please install it.
[2026-05-03T23:20:25.017+0000] {processor.py:925} INFO - DAG(s) 'example_python_operator' retrieved from /home/ec2-user/environment/lab4_model_training/venv/lib64/python3.12/site-packages/airflow/example_dags/example_python_operator.py
[2026-05-03T23:20:25.031+0000] {logging_mixin.py:190} INFO - [2026-05-03T23:20:25.030+0000] {dag.py:3239} INFO - Sync 1 DAGs
[2026-05-03T23:20:25.040+0000] {logging_mixin.py:190} INFO - [2026-05-03T23:20:25.040+0000] {dag.py:4180} INFO - Setting next_dagrun for example_python_operator to None, run_after=None
[2026-05-03T23:20:25.057+0000] {processor.py:208} INFO - Processing /home/ec2-user/environment/lab4_model_training/venv/lib64/python3.12/site-packages/airflow/example_dags/example_python_operator.py took 0.055 seconds
[2026-05-03T23:21:51.703+0000] {processor.py:186} INFO - Started process (PID=64386) to work on /home/ec2-user/environment/lab4_model_training/venv/lib64/python3.12/site-packages/airflow/example_dags/example_python_operator.py
[2026-05-03T23:21:51.704+0000] {processor.py:914} INFO - Processing file /home/ec2-user/environment/lab4_model_training/venv/lib64/python3.12/site-packages/airflow/example_dags/example_python_operator.py for tasks to queue
[2026-05-03T23:21:51.706+0000] {logging_mixin.py:190} INFO - [2026-05-03T23:21:51.706+0000] {dagbag.py:588} INFO - Filling up the DagBag from /home/ec2-user/environment/lab4_model_training/venv/lib64/python3.12/site-packages/airflow/example_dags/example_python_operator.py
[2026-05-03T23:21:51.711+0000] {logging_mixin.py:190} INFO - [2026-05-03T23:21:51.711+0000] {example_python_operator.py:93} WARNING - The virtalenv_python example task requires virtualenv, please install it.
[2026-05-03T23:21:51.713+0000] {processor.py:925} INFO - DAG(s) 'example_python_operator' retrieved from /home/ec2-user/environment/lab4_model_training/venv/lib64/python3.12/site-packages/airflow/example_dags/example_python_operator.py
[2026-05-03T23:21:51.726+0000] {logging_mixin.py:190} INFO - [2026-05-03T23:21:51.726+0000] {dag.py:3239} INFO - Sync 1 DAGs
[2026-05-03T23:21:51.736+0000] {logging_mixin.py:190} INFO - [2026-05-03T23:21:51.736+0000] {dag.py:4180} INFO - Setting next_dagrun for example_python_operator to None, run_after=None
[2026-05-03T23:21:51.753+0000] {processor.py:208} INFO - Processing /home/ec2-user/environment/lab4_model_training/venv/lib64/python3.12/site-packages/airflow/example_dags/example_python_operator.py took 0.054 seconds
[2026-05-03T23:23:08.603+0000] {processor.py:186} INFO - Started process (PID=64557) to work on /home/ec2-user/environment/lab4_model_training/venv/lib64/python3.12/site-packages/airflow/example_dags/example_python_operator.py
[2026-05-03T23:23:08.604+0000] {processor.py:914} INFO - Processing file /home/ec2-user/environment/lab4_model_training/venv/lib64/python3.12/site-packages/airflow/example_dags/example_python_operator.py for tasks to queue
[2026-05-03T23:23:08.605+0000] {logging_mixin.py:190} INFO - [2026-05-03T23:23:08.605+0000] {dagbag.py:588} INFO - Filling up the DagBag from /home/ec2-user/environment/lab4_model_training/venv/lib64/python3.12/site-packages/airflow/example_dags/example_python_operator.py
[2026-05-03T23:23:08.610+0000] {logging_mixin.py:190} INFO - [2026-05-03T23:23:08.610+0000] {example_python_operator.py:93} WARNING - The virtalenv_python example task requires virtualenv, please install it.
[2026-05-03T23:23:08.612+0000] {processor.py:925} INFO - DAG(s) 'example_python_operator' retrieved from /home/ec2-user/environment/lab4_model_training/venv/lib64/python3.12/site-packages/airflow/example_dags/example_python_operator.py
[2026-05-03T23:23:08.625+0000] {logging_mixin.py:190} INFO - [2026-05-03T23:23:08.625+0000] {dag.py:3239} INFO - Sync 1 DAGs
[2026-05-03T23:23:08.635+0000] {logging_mixin.py:190} INFO - [2026-05-03T23:23:08.635+0000] {dag.py:4180} INFO - Setting next_dagrun for example_python_operator to None, run_after=None
[2026-05-03T23:23:08.652+0000] {processor.py:208} INFO - Processing /home/ec2-user/environment/lab4_model_training/venv/lib64/python3.12/site-packages/airflow/example_dags/example_python_operator.py took 0.054 seconds
[2026-05-03T23:24:12.897+0000] {processor.py:186} INFO - Started process (PID=64750) to work on /home/ec2-user/environment/lab4_model_training/venv/lib64/python3.12/site-packages/airflow/example_dags/example_python_operator.py
[2026-05-03T23:24:12.898+0000] {processor.py:914} INFO - Processing file /home/ec2-user/environment/lab4_model_training/venv/lib64/python3.12/site-packages/airflow/example_dags/example_python_operator.py for tasks to queue
[2026-05-03T23:24:12.900+0000] {logging_mixin.py:190} INFO - [2026-05-03T23:24:12.900+0000] {dagbag.py:588} INFO - Filling up the DagBag from /home/ec2-user/environment/lab4_model_training/venv/lib64/python3.12/site-packages/airflow/example_dags/example_python_operator.py
[2026-05-03T23:24:12.905+0000] {logging_mixin.py:190} INFO - [2026-05-03T23:24:12.905+0000] {example_python_operator.py:93} WARNING - The virtalenv_python example task requires virtualenv, please install it.
[2026-05-03T23:24:12.907+0000] {processor.py:925} INFO - DAG(s) 'example_python_operator' retrieved from /home/ec2-user/environment/lab4_model_training/venv/lib64/python3.12/site-packages/airflow/example_dags/example_python_operator.py
[2026-05-03T23:24:12.919+0000] {logging_mixin.py:190} INFO - [2026-05-03T23:24:12.919+0000] {dag.py:3239} INFO - Sync 1 DAGs
[2026-05-03T23:24:12.928+0000] {logging_mixin.py:190} INFO - [2026-05-03T23:24:12.928+0000] {dag.py:4180} INFO - Setting next_dagrun for example_python_operator to None, run_after=None
[2026-05-03T23:24:12.946+0000] {processor.py:208} INFO - Processing /home/ec2-user/environment/lab4_model_training/venv/lib64/python3.12/site-packages/airflow/example_dags/example_python_operator.py took 0.053 seconds
[2026-05-03T23:25:18.848+0000] {processor.py:186} INFO - Started process (PID=64929) to work on /home/ec2-user/environment/lab4_model_training/venv/lib64/python3.12/site-packages/airflow/example_dags/example_python_operator.py
[2026-05-03T23:25:18.849+0000] {processor.py:914} INFO - Processing file /home/ec2-user/environment/lab4_model_training/venv/lib64/python3.12/site-packages/airflow/example_dags/example_python_operator.py for tasks to queue
[2026-05-03T23:25:18.851+0000] {logging_mixin.py:190} INFO - [2026-05-03T23:25:18.850+0000] {dagbag.py:588} INFO - Filling up the DagBag from /home/ec2-user/environment/lab4_model_training/venv/lib64/python3.12/site-packages/airflow/example_dags/example_python_operator.py
[2026-05-03T23:25:18.856+0000] {logging_mixin.py:190} INFO - [2026-05-03T23:25:18.856+0000] {example_python_operator.py:93} WARNING - The virtalenv_python example task requires virtualenv, please install it.
[2026-05-03T23:25:18.858+0000] {processor.py:925} INFO - DAG(s) 'example_python_operator' retrieved from /home/ec2-user/environment/lab4_model_training/venv/lib64/python3.12/site-packages/airflow/example_dags/example_python_operator.py
[2026-05-03T23:25:18.871+0000] {logging_mixin.py:190} INFO - [2026-05-03T23:25:18.871+0000] {dag.py:3239} INFO - Sync 1 DAGs
[2026-05-03T23:25:18.881+0000] {logging_mixin.py:190} INFO - [2026-05-03T23:25:18.880+0000] {dag.py:4180} INFO - Setting next_dagrun for example_python_operator to None, run_after=None
[2026-05-03T23:25:18.897+0000] {processor.py:208} INFO - Processing /home/ec2-user/environment/lab4_model_training/venv/lib64/python3.12/site-packages/airflow/example_dags/example_python_operator.py took 0.054 seconds
