[2026-05-03T22:49:59.895+0000] {processor.py:186} INFO - Started process (PID=57698) to work on /home/ec2-user/environment/lab4_model_training/venv/lib64/python3.12/site-packages/airflow/example_dags/example_skip_dag.py
[2026-05-03T22:49:59.895+0000] {processor.py:914} INFO - Processing file /home/ec2-user/environment/lab4_model_training/venv/lib64/python3.12/site-packages/airflow/example_dags/example_skip_dag.py for tasks to queue
[2026-05-03T22:49:59.897+0000] {logging_mixin.py:190} INFO - [2026-05-03T22:49:59.897+0000] {dagbag.py:588} INFO - Filling up the DagBag from /home/ec2-user/environment/lab4_model_training/venv/lib64/python3.12/site-packages/airflow/example_dags/example_skip_dag.py
[2026-05-03T22:49:59.904+0000] {processor.py:925} INFO - DAG(s) 'example_skip_dag' retrieved from /home/ec2-user/environment/lab4_model_training/venv/lib64/python3.12/site-packages/airflow/example_dags/example_skip_dag.py
[2026-05-03T22:49:59.917+0000] {logging_mixin.py:190} INFO - [2026-05-03T22:49:59.917+0000] {dag.py:3239} INFO - Sync 1 DAGs
[2026-05-03T22:49:59.933+0000] {logging_mixin.py:190} INFO - [2026-05-03T22:49:59.933+0000] {dag.py:4180} INFO - Setting next_dagrun for example_skip_dag to 2026-05-02 00:00:00+00:00, run_after=2026-05-03 00:00:00+00:00
[2026-05-03T22:49:59.949+0000] {processor.py:208} INFO - Processing /home/ec2-user/environment/lab4_model_training/venv/lib64/python3.12/site-packages/airflow/example_dags/example_skip_dag.py took 0.059 seconds
[2026-05-03T22:51:11.368+0000] {processor.py:186} INFO - Started process (PID=57885) to work on /home/ec2-user/environment/lab4_model_training/venv/lib64/python3.12/site-packages/airflow/example_dags/example_skip_dag.py
[2026-05-03T22:51:11.370+0000] {processor.py:914} INFO - Processing file /home/ec2-user/environment/lab4_model_training/venv/lib64/python3.12/site-packages/airflow/example_dags/example_skip_dag.py for tasks to queue
[2026-05-03T22:51:11.371+0000] {logging_mixin.py:190} INFO - [2026-05-03T22:51:11.371+0000] {dagbag.py:588} INFO - Filling up the DagBag from /home/ec2-user/environment/lab4_model_training/venv/lib64/python3.12/site-packages/airflow/example_dags/example_skip_dag.py
[2026-05-03T22:51:11.378+0000] {processor.py:925} INFO - DAG(s) 'example_skip_dag' retrieved from /home/ec2-user/environment/lab4_model_training/venv/lib64/python3.12/site-packages/airflow/example_dags/example_skip_dag.py
[2026-05-03T22:51:11.391+0000] {logging_mixin.py:190} INFO - [2026-05-03T22:51:11.391+0000] {dag.py:3239} INFO - Sync 1 DAGs
[2026-05-03T22:51:11.407+0000] {logging_mixin.py:190} INFO - [2026-05-03T22:51:11.407+0000] {dag.py:4180} INFO - Setting next_dagrun for example_skip_dag to 2026-05-02 00:00:00+00:00, run_after=2026-05-03 00:00:00+00:00
[2026-05-03T22:51:11.424+0000] {processor.py:208} INFO - Processing /home/ec2-user/environment/lab4_model_training/venv/lib64/python3.12/site-packages/airflow/example_dags/example_skip_dag.py took 0.060 seconds
[2026-05-03T22:52:11.702+0000] {processor.py:186} INFO - Started process (PID=58049) to work on /home/ec2-user/environment/lab4_model_training/venv/lib64/python3.12/site-packages/airflow/example_dags/example_skip_dag.py
[2026-05-03T22:52:11.703+0000] {processor.py:914} INFO - Processing file /home/ec2-user/environment/lab4_model_training/venv/lib64/python3.12/site-packages/airflow/example_dags/example_skip_dag.py for tasks to queue
[2026-05-03T22:52:11.704+0000] {logging_mixin.py:190} INFO - [2026-05-03T22:52:11.704+0000] {dagbag.py:588} INFO - Filling up the DagBag from /home/ec2-user/environment/lab4_model_training/venv/lib64/python3.12/site-packages/airflow/example_dags/example_skip_dag.py
[2026-05-03T22:52:11.710+0000] {processor.py:925} INFO - DAG(s) 'example_skip_dag' retrieved from /home/ec2-user/environment/lab4_model_training/venv/lib64/python3.12/site-packages/airflow/example_dags/example_skip_dag.py
[2026-05-03T22:52:11.724+0000] {logging_mixin.py:190} INFO - [2026-05-03T22:52:11.724+0000] {dag.py:3239} INFO - Sync 1 DAGs
[2026-05-03T22:52:11.739+0000] {logging_mixin.py:190} INFO - [2026-05-03T22:52:11.739+0000] {dag.py:4180} INFO - Setting next_dagrun for example_skip_dag to 2026-05-02 00:00:00+00:00, run_after=2026-05-03 00:00:00+00:00
[2026-05-03T22:52:11.757+0000] {processor.py:208} INFO - Processing /home/ec2-user/environment/lab4_model_training/venv/lib64/python3.12/site-packages/airflow/example_dags/example_skip_dag.py took 0.060 seconds
[2026-05-03T22:53:19.373+0000] {processor.py:186} INFO - Started process (PID=58238) to work on /home/ec2-user/environment/lab4_model_training/venv/lib64/python3.12/site-packages/airflow/example_dags/example_skip_dag.py
[2026-05-03T22:53:19.374+0000] {processor.py:914} INFO - Processing file /home/ec2-user/environment/lab4_model_training/venv/lib64/python3.12/site-packages/airflow/example_dags/example_skip_dag.py for tasks to queue
[2026-05-03T22:53:19.375+0000] {logging_mixin.py:190} INFO - [2026-05-03T22:53:19.375+0000] {dagbag.py:588} INFO - Filling up the DagBag from /home/ec2-user/environment/lab4_model_training/venv/lib64/python3.12/site-packages/airflow/example_dags/example_skip_dag.py
[2026-05-03T22:53:19.381+0000] {processor.py:925} INFO - DAG(s) 'example_skip_dag' retrieved from /home/ec2-user/environment/lab4_model_training/venv/lib64/python3.12/site-packages/airflow/example_dags/example_skip_dag.py
[2026-05-03T22:53:19.394+0000] {logging_mixin.py:190} INFO - [2026-05-03T22:53:19.394+0000] {dag.py:3239} INFO - Sync 1 DAGs
[2026-05-03T22:53:19.409+0000] {logging_mixin.py:190} INFO - [2026-05-03T22:53:19.409+0000] {dag.py:4180} INFO - Setting next_dagrun for example_skip_dag to 2026-05-02 00:00:00+00:00, run_after=2026-05-03 00:00:00+00:00
[2026-05-03T22:53:19.428+0000] {processor.py:208} INFO - Processing /home/ec2-user/environment/lab4_model_training/venv/lib64/python3.12/site-packages/airflow/example_dags/example_skip_dag.py took 0.060 seconds
[2026-05-03T22:54:21.648+0000] {processor.py:186} INFO - Started process (PID=58554) to work on /home/ec2-user/environment/lab4_model_training/venv/lib64/python3.12/site-packages/airflow/example_dags/example_skip_dag.py
[2026-05-03T22:54:21.649+0000] {processor.py:914} INFO - Processing file /home/ec2-user/environment/lab4_model_training/venv/lib64/python3.12/site-packages/airflow/example_dags/example_skip_dag.py for tasks to queue
[2026-05-03T22:54:21.650+0000] {logging_mixin.py:190} INFO - [2026-05-03T22:54:21.650+0000] {dagbag.py:588} INFO - Filling up the DagBag from /home/ec2-user/environment/lab4_model_training/venv/lib64/python3.12/site-packages/airflow/example_dags/example_skip_dag.py
[2026-05-03T22:54:21.657+0000] {processor.py:925} INFO - DAG(s) 'example_skip_dag' retrieved from /home/ec2-user/environment/lab4_model_training/venv/lib64/python3.12/site-packages/airflow/example_dags/example_skip_dag.py
[2026-05-03T22:54:21.670+0000] {logging_mixin.py:190} INFO - [2026-05-03T22:54:21.670+0000] {dag.py:3239} INFO - Sync 1 DAGs
[2026-05-03T22:54:21.686+0000] {logging_mixin.py:190} INFO - [2026-05-03T22:54:21.686+0000] {dag.py:4180} INFO - Setting next_dagrun for example_skip_dag to 2026-05-02 00:00:00+00:00, run_after=2026-05-03 00:00:00+00:00
[2026-05-03T22:54:21.702+0000] {processor.py:208} INFO - Processing /home/ec2-user/environment/lab4_model_training/venv/lib64/python3.12/site-packages/airflow/example_dags/example_skip_dag.py took 0.059 seconds
[2026-05-03T22:55:26.430+0000] {processor.py:186} INFO - Started process (PID=58670) to work on /home/ec2-user/environment/lab4_model_training/venv/lib64/python3.12/site-packages/airflow/example_dags/example_skip_dag.py
[2026-05-03T22:55:26.431+0000] {processor.py:914} INFO - Processing file /home/ec2-user/environment/lab4_model_training/venv/lib64/python3.12/site-packages/airflow/example_dags/example_skip_dag.py for tasks to queue
[2026-05-03T22:55:26.433+0000] {logging_mixin.py:190} INFO - [2026-05-03T22:55:26.432+0000] {dagbag.py:588} INFO - Filling up the DagBag from /home/ec2-user/environment/lab4_model_training/venv/lib64/python3.12/site-packages/airflow/example_dags/example_skip_dag.py
[2026-05-03T22:55:26.440+0000] {processor.py:925} INFO - DAG(s) 'example_skip_dag' retrieved from /home/ec2-user/environment/lab4_model_training/venv/lib64/python3.12/site-packages/airflow/example_dags/example_skip_dag.py
[2026-05-03T22:55:26.453+0000] {logging_mixin.py:190} INFO - [2026-05-03T22:55:26.453+0000] {dag.py:3239} INFO - Sync 1 DAGs
[2026-05-03T22:55:26.469+0000] {logging_mixin.py:190} INFO - [2026-05-03T22:55:26.469+0000] {dag.py:4180} INFO - Setting next_dagrun for example_skip_dag to 2026-05-02 00:00:00+00:00, run_after=2026-05-03 00:00:00+00:00
[2026-05-03T22:55:26.486+0000] {processor.py:208} INFO - Processing /home/ec2-user/environment/lab4_model_training/venv/lib64/python3.12/site-packages/airflow/example_dags/example_skip_dag.py took 0.060 seconds
[2026-05-03T22:56:32.566+0000] {processor.py:186} INFO - Started process (PID=58837) to work on /home/ec2-user/environment/lab4_model_training/venv/lib64/python3.12/site-packages/airflow/example_dags/example_skip_dag.py
[2026-05-03T22:56:32.567+0000] {processor.py:914} INFO - Processing file /home/ec2-user/environment/lab4_model_training/venv/lib64/python3.12/site-packages/airflow/example_dags/example_skip_dag.py for tasks to queue
[2026-05-03T22:56:32.569+0000] {logging_mixin.py:190} INFO - [2026-05-03T22:56:32.568+0000] {dagbag.py:588} INFO - Filling up the DagBag from /home/ec2-user/environment/lab4_model_training/venv/lib64/python3.12/site-packages/airflow/example_dags/example_skip_dag.py
[2026-05-03T22:56:32.575+0000] {processor.py:925} INFO - DAG(s) 'example_skip_dag' retrieved from /home/ec2-user/environment/lab4_model_training/venv/lib64/python3.12/site-packages/airflow/example_dags/example_skip_dag.py
[2026-05-03T22:56:32.589+0000] {logging_mixin.py:190} INFO - [2026-05-03T22:56:32.589+0000] {dag.py:3239} INFO - Sync 1 DAGs
[2026-05-03T22:56:32.604+0000] {logging_mixin.py:190} INFO - [2026-05-03T22:56:32.604+0000] {dag.py:4180} INFO - Setting next_dagrun for example_skip_dag to 2026-05-02 00:00:00+00:00, run_after=2026-05-03 00:00:00+00:00
[2026-05-03T22:56:32.620+0000] {processor.py:208} INFO - Processing /home/ec2-user/environment/lab4_model_training/venv/lib64/python3.12/site-packages/airflow/example_dags/example_skip_dag.py took 0.059 seconds
[2026-05-03T22:57:37.085+0000] {processor.py:186} INFO - Started process (PID=59006) to work on /home/ec2-user/environment/lab4_model_training/venv/lib64/python3.12/site-packages/airflow/example_dags/example_skip_dag.py
[2026-05-03T22:57:37.086+0000] {processor.py:914} INFO - Processing file /home/ec2-user/environment/lab4_model_training/venv/lib64/python3.12/site-packages/airflow/example_dags/example_skip_dag.py for tasks to queue
[2026-05-03T22:57:37.088+0000] {logging_mixin.py:190} INFO - [2026-05-03T22:57:37.088+0000] {dagbag.py:588} INFO - Filling up the DagBag from /home/ec2-user/environment/lab4_model_training/venv/lib64/python3.12/site-packages/airflow/example_dags/example_skip_dag.py
[2026-05-03T22:57:37.094+0000] {processor.py:925} INFO - DAG(s) 'example_skip_dag' retrieved from /home/ec2-user/environment/lab4_model_training/venv/lib64/python3.12/site-packages/airflow/example_dags/example_skip_dag.py
[2026-05-03T22:57:37.107+0000] {logging_mixin.py:190} INFO - [2026-05-03T22:57:37.107+0000] {dag.py:3239} INFO - Sync 1 DAGs
[2026-05-03T22:57:37.123+0000] {logging_mixin.py:190} INFO - [2026-05-03T22:57:37.122+0000] {dag.py:4180} INFO - Setting next_dagrun for example_skip_dag to 2026-05-02 00:00:00+00:00, run_after=2026-05-03 00:00:00+00:00
[2026-05-03T22:57:37.139+0000] {processor.py:208} INFO - Processing /home/ec2-user/environment/lab4_model_training/venv/lib64/python3.12/site-packages/airflow/example_dags/example_skip_dag.py took 0.058 seconds
[2026-05-03T22:58:42.798+0000] {processor.py:186} INFO - Started process (PID=59348) to work on /home/ec2-user/environment/lab4_model_training/venv/lib64/python3.12/site-packages/airflow/example_dags/example_skip_dag.py
[2026-05-03T22:58:42.800+0000] {processor.py:914} INFO - Processing file /home/ec2-user/environment/lab4_model_training/venv/lib64/python3.12/site-packages/airflow/example_dags/example_skip_dag.py for tasks to queue
[2026-05-03T22:58:42.801+0000] {logging_mixin.py:190} INFO - [2026-05-03T22:58:42.801+0000] {dagbag.py:588} INFO - Filling up the DagBag from /home/ec2-user/environment/lab4_model_training/venv/lib64/python3.12/site-packages/airflow/example_dags/example_skip_dag.py
[2026-05-03T22:58:42.808+0000] {processor.py:925} INFO - DAG(s) 'example_skip_dag' retrieved from /home/ec2-user/environment/lab4_model_training/venv/lib64/python3.12/site-packages/airflow/example_dags/example_skip_dag.py
[2026-05-03T22:58:42.821+0000] {logging_mixin.py:190} INFO - [2026-05-03T22:58:42.821+0000] {dag.py:3239} INFO - Sync 1 DAGs
[2026-05-03T22:58:42.837+0000] {logging_mixin.py:190} INFO - [2026-05-03T22:58:42.836+0000] {dag.py:4180} INFO - Setting next_dagrun for example_skip_dag to 2026-05-02 00:00:00+00:00, run_after=2026-05-03 00:00:00+00:00
[2026-05-03T22:58:42.853+0000] {processor.py:208} INFO - Processing /home/ec2-user/environment/lab4_model_training/venv/lib64/python3.12/site-packages/airflow/example_dags/example_skip_dag.py took 0.059 seconds
[2026-05-03T22:59:51.427+0000] {processor.py:186} INFO - Started process (PID=59693) to work on /home/ec2-user/environment/lab4_model_training/venv/lib64/python3.12/site-packages/airflow/example_dags/example_skip_dag.py
[2026-05-03T22:59:51.429+0000] {processor.py:914} INFO - Processing file /home/ec2-user/environment/lab4_model_training/venv/lib64/python3.12/site-packages/airflow/example_dags/example_skip_dag.py for tasks to queue
[2026-05-03T22:59:51.430+0000] {logging_mixin.py:190} INFO - [2026-05-03T22:59:51.430+0000] {dagbag.py:588} INFO - Filling up the DagBag from /home/ec2-user/environment/lab4_model_training/venv/lib64/python3.12/site-packages/airflow/example_dags/example_skip_dag.py
[2026-05-03T22:59:51.436+0000] {processor.py:925} INFO - DAG(s) 'example_skip_dag' retrieved from /home/ec2-user/environment/lab4_model_training/venv/lib64/python3.12/site-packages/airflow/example_dags/example_skip_dag.py
[2026-05-03T22:59:51.449+0000] {logging_mixin.py:190} INFO - [2026-05-03T22:59:51.449+0000] {dag.py:3239} INFO - Sync 1 DAGs
[2026-05-03T22:59:51.464+0000] {logging_mixin.py:190} INFO - [2026-05-03T22:59:51.464+0000] {dag.py:4180} INFO - Setting next_dagrun for example_skip_dag to 2026-05-02 00:00:00+00:00, run_after=2026-05-03 00:00:00+00:00
[2026-05-03T22:59:51.480+0000] {processor.py:208} INFO - Processing /home/ec2-user/environment/lab4_model_training/venv/lib64/python3.12/site-packages/airflow/example_dags/example_skip_dag.py took 0.057 seconds
[2026-05-03T23:00:57.035+0000] {processor.py:186} INFO - Started process (PID=59947) to work on /home/ec2-user/environment/lab4_model_training/venv/lib64/python3.12/site-packages/airflow/example_dags/example_skip_dag.py
[2026-05-03T23:00:57.037+0000] {processor.py:914} INFO - Processing file /home/ec2-user/environment/lab4_model_training/venv/lib64/python3.12/site-packages/airflow/example_dags/example_skip_dag.py for tasks to queue
[2026-05-03T23:00:57.038+0000] {logging_mixin.py:190} INFO - [2026-05-03T23:00:57.038+0000] {dagbag.py:588} INFO - Filling up the DagBag from /home/ec2-user/environment/lab4_model_training/venv/lib64/python3.12/site-packages/airflow/example_dags/example_skip_dag.py
[2026-05-03T23:00:57.045+0000] {processor.py:925} INFO - DAG(s) 'example_skip_dag' retrieved from /home/ec2-user/environment/lab4_model_training/venv/lib64/python3.12/site-packages/airflow/example_dags/example_skip_dag.py
[2026-05-03T23:00:57.058+0000] {logging_mixin.py:190} INFO - [2026-05-03T23:00:57.058+0000] {dag.py:3239} INFO - Sync 1 DAGs
[2026-05-03T23:00:57.073+0000] {logging_mixin.py:190} INFO - [2026-05-03T23:00:57.073+0000] {dag.py:4180} INFO - Setting next_dagrun for example_skip_dag to 2026-05-02 00:00:00+00:00, run_after=2026-05-03 00:00:00+00:00
[2026-05-03T23:00:57.090+0000] {processor.py:208} INFO - Processing /home/ec2-user/environment/lab4_model_training/venv/lib64/python3.12/site-packages/airflow/example_dags/example_skip_dag.py took 0.058 seconds
[2026-05-03T23:02:02.906+0000] {processor.py:186} INFO - Started process (PID=60303) to work on /home/ec2-user/environment/lab4_model_training/venv/lib64/python3.12/site-packages/airflow/example_dags/example_skip_dag.py
[2026-05-03T23:02:02.907+0000] {processor.py:914} INFO - Processing file /home/ec2-user/environment/lab4_model_training/venv/lib64/python3.12/site-packages/airflow/example_dags/example_skip_dag.py for tasks to queue
[2026-05-03T23:02:02.908+0000] {logging_mixin.py:190} INFO - [2026-05-03T23:02:02.908+0000] {dagbag.py:588} INFO - Filling up the DagBag from /home/ec2-user/environment/lab4_model_training/venv/lib64/python3.12/site-packages/airflow/example_dags/example_skip_dag.py
[2026-05-03T23:02:02.915+0000] {processor.py:925} INFO - DAG(s) 'example_skip_dag' retrieved from /home/ec2-user/environment/lab4_model_training/venv/lib64/python3.12/site-packages/airflow/example_dags/example_skip_dag.py
[2026-05-03T23:02:02.928+0000] {logging_mixin.py:190} INFO - [2026-05-03T23:02:02.927+0000] {dag.py:3239} INFO - Sync 1 DAGs
[2026-05-03T23:02:02.943+0000] {logging_mixin.py:190} INFO - [2026-05-03T23:02:02.943+0000] {dag.py:4180} INFO - Setting next_dagrun for example_skip_dag to 2026-05-02 00:00:00+00:00, run_after=2026-05-03 00:00:00+00:00
[2026-05-03T23:02:02.959+0000] {processor.py:208} INFO - Processing /home/ec2-user/environment/lab4_model_training/venv/lib64/python3.12/site-packages/airflow/example_dags/example_skip_dag.py took 0.057 seconds
[2026-05-03T23:03:04.233+0000] {processor.py:186} INFO - Started process (PID=60567) to work on /home/ec2-user/environment/lab4_model_training/venv/lib64/python3.12/site-packages/airflow/example_dags/example_skip_dag.py
[2026-05-03T23:03:04.234+0000] {processor.py:914} INFO - Processing file /home/ec2-user/environment/lab4_model_training/venv/lib64/python3.12/site-packages/airflow/example_dags/example_skip_dag.py for tasks to queue
[2026-05-03T23:03:04.236+0000] {logging_mixin.py:190} INFO - [2026-05-03T23:03:04.235+0000] {dagbag.py:588} INFO - Filling up the DagBag from /home/ec2-user/environment/lab4_model_training/venv/lib64/python3.12/site-packages/airflow/example_dags/example_skip_dag.py
[2026-05-03T23:03:04.242+0000] {processor.py:925} INFO - DAG(s) 'example_skip_dag' retrieved from /home/ec2-user/environment/lab4_model_training/venv/lib64/python3.12/site-packages/airflow/example_dags/example_skip_dag.py
[2026-05-03T23:03:04.256+0000] {logging_mixin.py:190} INFO - [2026-05-03T23:03:04.256+0000] {dag.py:3239} INFO - Sync 1 DAGs
[2026-05-03T23:03:04.272+0000] {logging_mixin.py:190} INFO - [2026-05-03T23:03:04.272+0000] {dag.py:4180} INFO - Setting next_dagrun for example_skip_dag to 2026-05-02 00:00:00+00:00, run_after=2026-05-03 00:00:00+00:00
[2026-05-03T23:03:04.290+0000] {processor.py:208} INFO - Processing /home/ec2-user/environment/lab4_model_training/venv/lib64/python3.12/site-packages/airflow/example_dags/example_skip_dag.py took 0.061 seconds
[2026-05-03T23:04:05.521+0000] {processor.py:186} INFO - Started process (PID=60875) to work on /home/ec2-user/environment/lab4_model_training/venv/lib64/python3.12/site-packages/airflow/example_dags/example_skip_dag.py
[2026-05-03T23:04:05.522+0000] {processor.py:914} INFO - Processing file /home/ec2-user/environment/lab4_model_training/venv/lib64/python3.12/site-packages/airflow/example_dags/example_skip_dag.py for tasks to queue
[2026-05-03T23:04:05.524+0000] {logging_mixin.py:190} INFO - [2026-05-03T23:04:05.523+0000] {dagbag.py:588} INFO - Filling up the DagBag from /home/ec2-user/environment/lab4_model_training/venv/lib64/python3.12/site-packages/airflow/example_dags/example_skip_dag.py
[2026-05-03T23:04:05.530+0000] {processor.py:925} INFO - DAG(s) 'example_skip_dag' retrieved from /home/ec2-user/environment/lab4_model_training/venv/lib64/python3.12/site-packages/airflow/example_dags/example_skip_dag.py
[2026-05-03T23:04:05.543+0000] {logging_mixin.py:190} INFO - [2026-05-03T23:04:05.543+0000] {dag.py:3239} INFO - Sync 1 DAGs
[2026-05-03T23:04:05.558+0000] {logging_mixin.py:190} INFO - [2026-05-03T23:04:05.558+0000] {dag.py:4180} INFO - Setting next_dagrun for example_skip_dag to 2026-05-02 00:00:00+00:00, run_after=2026-05-03 00:00:00+00:00
[2026-05-03T23:04:05.575+0000] {processor.py:208} INFO - Processing /home/ec2-user/environment/lab4_model_training/venv/lib64/python3.12/site-packages/airflow/example_dags/example_skip_dag.py took 0.059 seconds
[2026-05-03T23:05:13.313+0000] {processor.py:186} INFO - Started process (PID=61130) to work on /home/ec2-user/environment/lab4_model_training/venv/lib64/python3.12/site-packages/airflow/example_dags/example_skip_dag.py
[2026-05-03T23:05:13.314+0000] {processor.py:914} INFO - Processing file /home/ec2-user/environment/lab4_model_training/venv/lib64/python3.12/site-packages/airflow/example_dags/example_skip_dag.py for tasks to queue
[2026-05-03T23:05:13.315+0000] {logging_mixin.py:190} INFO - [2026-05-03T23:05:13.315+0000] {dagbag.py:588} INFO - Filling up the DagBag from /home/ec2-user/environment/lab4_model_training/venv/lib64/python3.12/site-packages/airflow/example_dags/example_skip_dag.py
[2026-05-03T23:05:13.321+0000] {processor.py:925} INFO - DAG(s) 'example_skip_dag' retrieved from /home/ec2-user/environment/lab4_model_training/venv/lib64/python3.12/site-packages/airflow/example_dags/example_skip_dag.py
[2026-05-03T23:05:13.334+0000] {logging_mixin.py:190} INFO - [2026-05-03T23:05:13.334+0000] {dag.py:3239} INFO - Sync 1 DAGs
[2026-05-03T23:05:13.349+0000] {logging_mixin.py:190} INFO - [2026-05-03T23:05:13.349+0000] {dag.py:4180} INFO - Setting next_dagrun for example_skip_dag to 2026-05-02 00:00:00+00:00, run_after=2026-05-03 00:00:00+00:00
[2026-05-03T23:05:13.366+0000] {processor.py:208} INFO - Processing /home/ec2-user/environment/lab4_model_training/venv/lib64/python3.12/site-packages/airflow/example_dags/example_skip_dag.py took 0.058 seconds
[2026-05-03T23:06:15.100+0000] {processor.py:186} INFO - Started process (PID=61423) to work on /home/ec2-user/environment/lab4_model_training/venv/lib64/python3.12/site-packages/airflow/example_dags/example_skip_dag.py
[2026-05-03T23:06:15.101+0000] {processor.py:914} INFO - Processing file /home/ec2-user/environment/lab4_model_training/venv/lib64/python3.12/site-packages/airflow/example_dags/example_skip_dag.py for tasks to queue
[2026-05-03T23:06:15.103+0000] {logging_mixin.py:190} INFO - [2026-05-03T23:06:15.103+0000] {dagbag.py:588} INFO - Filling up the DagBag from /home/ec2-user/environment/lab4_model_training/venv/lib64/python3.12/site-packages/airflow/example_dags/example_skip_dag.py
[2026-05-03T23:06:15.109+0000] {processor.py:925} INFO - DAG(s) 'example_skip_dag' retrieved from /home/ec2-user/environment/lab4_model_training/venv/lib64/python3.12/site-packages/airflow/example_dags/example_skip_dag.py
[2026-05-03T23:06:15.122+0000] {logging_mixin.py:190} INFO - [2026-05-03T23:06:15.122+0000] {dag.py:3239} INFO - Sync 1 DAGs
[2026-05-03T23:06:15.138+0000] {logging_mixin.py:190} INFO - [2026-05-03T23:06:15.138+0000] {dag.py:4180} INFO - Setting next_dagrun for example_skip_dag to 2026-05-02 00:00:00+00:00, run_after=2026-05-03 00:00:00+00:00
[2026-05-03T23:06:15.155+0000] {processor.py:208} INFO - Processing /home/ec2-user/environment/lab4_model_training/venv/lib64/python3.12/site-packages/airflow/example_dags/example_skip_dag.py took 0.059 seconds
[2026-05-03T23:07:17.782+0000] {processor.py:186} INFO - Started process (PID=61639) to work on /home/ec2-user/environment/lab4_model_training/venv/lib64/python3.12/site-packages/airflow/example_dags/example_skip_dag.py
[2026-05-03T23:07:17.783+0000] {processor.py:914} INFO - Processing file /home/ec2-user/environment/lab4_model_training/venv/lib64/python3.12/site-packages/airflow/example_dags/example_skip_dag.py for tasks to queue
[2026-05-03T23:07:17.784+0000] {logging_mixin.py:190} INFO - [2026-05-03T23:07:17.784+0000] {dagbag.py:588} INFO - Filling up the DagBag from /home/ec2-user/environment/lab4_model_training/venv/lib64/python3.12/site-packages/airflow/example_dags/example_skip_dag.py
[2026-05-03T23:07:17.791+0000] {processor.py:925} INFO - DAG(s) 'example_skip_dag' retrieved from /home/ec2-user/environment/lab4_model_training/venv/lib64/python3.12/site-packages/airflow/example_dags/example_skip_dag.py
[2026-05-03T23:07:17.803+0000] {logging_mixin.py:190} INFO - [2026-05-03T23:07:17.803+0000] {dag.py:3239} INFO - Sync 1 DAGs
[2026-05-03T23:07:17.818+0000] {logging_mixin.py:190} INFO - [2026-05-03T23:07:17.818+0000] {dag.py:4180} INFO - Setting next_dagrun for example_skip_dag to 2026-05-02 00:00:00+00:00, run_after=2026-05-03 00:00:00+00:00
[2026-05-03T23:07:17.835+0000] {processor.py:208} INFO - Processing /home/ec2-user/environment/lab4_model_training/venv/lib64/python3.12/site-packages/airflow/example_dags/example_skip_dag.py took 0.058 seconds
[2026-05-03T23:08:22.502+0000] {processor.py:186} INFO - Started process (PID=61968) to work on /home/ec2-user/environment/lab4_model_training/venv/lib64/python3.12/site-packages/airflow/example_dags/example_skip_dag.py
[2026-05-03T23:08:22.503+0000] {processor.py:914} INFO - Processing file /home/ec2-user/environment/lab4_model_training/venv/lib64/python3.12/site-packages/airflow/example_dags/example_skip_dag.py for tasks to queue
[2026-05-03T23:08:22.505+0000] {logging_mixin.py:190} INFO - [2026-05-03T23:08:22.504+0000] {dagbag.py:588} INFO - Filling up the DagBag from /home/ec2-user/environment/lab4_model_training/venv/lib64/python3.12/site-packages/airflow/example_dags/example_skip_dag.py
[2026-05-03T23:08:22.511+0000] {processor.py:925} INFO - DAG(s) 'example_skip_dag' retrieved from /home/ec2-user/environment/lab4_model_training/venv/lib64/python3.12/site-packages/airflow/example_dags/example_skip_dag.py
[2026-05-03T23:08:22.524+0000] {logging_mixin.py:190} INFO - [2026-05-03T23:08:22.524+0000] {dag.py:3239} INFO - Sync 1 DAGs
[2026-05-03T23:08:22.540+0000] {logging_mixin.py:190} INFO - [2026-05-03T23:08:22.540+0000] {dag.py:4180} INFO - Setting next_dagrun for example_skip_dag to 2026-05-02 00:00:00+00:00, run_after=2026-05-03 00:00:00+00:00
[2026-05-03T23:08:22.556+0000] {processor.py:208} INFO - Processing /home/ec2-user/environment/lab4_model_training/venv/lib64/python3.12/site-packages/airflow/example_dags/example_skip_dag.py took 0.058 seconds
[2026-05-03T23:09:27.849+0000] {processor.py:186} INFO - Started process (PID=62229) to work on /home/ec2-user/environment/lab4_model_training/venv/lib64/python3.12/site-packages/airflow/example_dags/example_skip_dag.py
[2026-05-03T23:09:27.850+0000] {processor.py:914} INFO - Processing file /home/ec2-user/environment/lab4_model_training/venv/lib64/python3.12/site-packages/airflow/example_dags/example_skip_dag.py for tasks to queue
[2026-05-03T23:09:27.851+0000] {logging_mixin.py:190} INFO - [2026-05-03T23:09:27.851+0000] {dagbag.py:588} INFO - Filling up the DagBag from /home/ec2-user/environment/lab4_model_training/venv/lib64/python3.12/site-packages/airflow/example_dags/example_skip_dag.py
[2026-05-03T23:09:27.858+0000] {processor.py:925} INFO - DAG(s) 'example_skip_dag' retrieved from /home/ec2-user/environment/lab4_model_training/venv/lib64/python3.12/site-packages/airflow/example_dags/example_skip_dag.py
[2026-05-03T23:09:27.871+0000] {logging_mixin.py:190} INFO - [2026-05-03T23:09:27.871+0000] {dag.py:3239} INFO - Sync 1 DAGs
[2026-05-03T23:09:27.886+0000] {logging_mixin.py:190} INFO - [2026-05-03T23:09:27.886+0000] {dag.py:4180} INFO - Setting next_dagrun for example_skip_dag to 2026-05-02 00:00:00+00:00, run_after=2026-05-03 00:00:00+00:00
[2026-05-03T23:09:27.903+0000] {processor.py:208} INFO - Processing /home/ec2-user/environment/lab4_model_training/venv/lib64/python3.12/site-packages/airflow/example_dags/example_skip_dag.py took 0.059 seconds
[2026-05-03T23:10:32.728+0000] {processor.py:186} INFO - Started process (PID=62429) to work on /home/ec2-user/environment/lab4_model_training/venv/lib64/python3.12/site-packages/airflow/example_dags/example_skip_dag.py
[2026-05-03T23:10:32.729+0000] {processor.py:914} INFO - Processing file /home/ec2-user/environment/lab4_model_training/venv/lib64/python3.12/site-packages/airflow/example_dags/example_skip_dag.py for tasks to queue
[2026-05-03T23:10:32.731+0000] {logging_mixin.py:190} INFO - [2026-05-03T23:10:32.731+0000] {dagbag.py:588} INFO - Filling up the DagBag from /home/ec2-user/environment/lab4_model_training/venv/lib64/python3.12/site-packages/airflow/example_dags/example_skip_dag.py
[2026-05-03T23:10:32.737+0000] {processor.py:925} INFO - DAG(s) 'example_skip_dag' retrieved from /home/ec2-user/environment/lab4_model_training/venv/lib64/python3.12/site-packages/airflow/example_dags/example_skip_dag.py
[2026-05-03T23:10:32.750+0000] {logging_mixin.py:190} INFO - [2026-05-03T23:10:32.750+0000] {dag.py:3239} INFO - Sync 1 DAGs
[2026-05-03T23:10:32.765+0000] {logging_mixin.py:190} INFO - [2026-05-03T23:10:32.765+0000] {dag.py:4180} INFO - Setting next_dagrun for example_skip_dag to 2026-05-02 00:00:00+00:00, run_after=2026-05-03 00:00:00+00:00
[2026-05-03T23:10:32.781+0000] {processor.py:208} INFO - Processing /home/ec2-user/environment/lab4_model_training/venv/lib64/python3.12/site-packages/airflow/example_dags/example_skip_dag.py took 0.057 seconds
[2026-05-03T23:11:37.068+0000] {processor.py:186} INFO - Started process (PID=62581) to work on /home/ec2-user/environment/lab4_model_training/venv/lib64/python3.12/site-packages/airflow/example_dags/example_skip_dag.py
[2026-05-03T23:11:37.069+0000] {processor.py:914} INFO - Processing file /home/ec2-user/environment/lab4_model_training/venv/lib64/python3.12/site-packages/airflow/example_dags/example_skip_dag.py for tasks to queue
[2026-05-03T23:11:37.070+0000] {logging_mixin.py:190} INFO - [2026-05-03T23:11:37.070+0000] {dagbag.py:588} INFO - Filling up the DagBag from /home/ec2-user/environment/lab4_model_training/venv/lib64/python3.12/site-packages/airflow/example_dags/example_skip_dag.py
[2026-05-03T23:11:37.076+0000] {processor.py:925} INFO - DAG(s) 'example_skip_dag' retrieved from /home/ec2-user/environment/lab4_model_training/venv/lib64/python3.12/site-packages/airflow/example_dags/example_skip_dag.py
[2026-05-03T23:11:37.089+0000] {logging_mixin.py:190} INFO - [2026-05-03T23:11:37.089+0000] {dag.py:3239} INFO - Sync 1 DAGs
[2026-05-03T23:11:37.104+0000] {logging_mixin.py:190} INFO - [2026-05-03T23:11:37.104+0000] {dag.py:4180} INFO - Setting next_dagrun for example_skip_dag to 2026-05-02 00:00:00+00:00, run_after=2026-05-03 00:00:00+00:00
[2026-05-03T23:11:37.120+0000] {processor.py:208} INFO - Processing /home/ec2-user/environment/lab4_model_training/venv/lib64/python3.12/site-packages/airflow/example_dags/example_skip_dag.py took 0.058 seconds
[2026-05-03T23:12:45.096+0000] {processor.py:186} INFO - Started process (PID=62782) to work on /home/ec2-user/environment/lab4_model_training/venv/lib64/python3.12/site-packages/airflow/example_dags/example_skip_dag.py
[2026-05-03T23:12:45.098+0000] {processor.py:914} INFO - Processing file /home/ec2-user/environment/lab4_model_training/venv/lib64/python3.12/site-packages/airflow/example_dags/example_skip_dag.py for tasks to queue
[2026-05-03T23:12:45.099+0000] {logging_mixin.py:190} INFO - [2026-05-03T23:12:45.099+0000] {dagbag.py:588} INFO - Filling up the DagBag from /home/ec2-user/environment/lab4_model_training/venv/lib64/python3.12/site-packages/airflow/example_dags/example_skip_dag.py
[2026-05-03T23:12:45.105+0000] {processor.py:925} INFO - DAG(s) 'example_skip_dag' retrieved from /home/ec2-user/environment/lab4_model_training/venv/lib64/python3.12/site-packages/airflow/example_dags/example_skip_dag.py
[2026-05-03T23:12:45.118+0000] {logging_mixin.py:190} INFO - [2026-05-03T23:12:45.118+0000] {dag.py:3239} INFO - Sync 1 DAGs
[2026-05-03T23:12:45.134+0000] {logging_mixin.py:190} INFO - [2026-05-03T23:12:45.134+0000] {dag.py:4180} INFO - Setting next_dagrun for example_skip_dag to 2026-05-02 00:00:00+00:00, run_after=2026-05-03 00:00:00+00:00
[2026-05-03T23:12:45.149+0000] {processor.py:208} INFO - Processing /home/ec2-user/environment/lab4_model_training/venv/lib64/python3.12/site-packages/airflow/example_dags/example_skip_dag.py took 0.057 seconds
[2026-05-03T23:13:50.377+0000] {processor.py:186} INFO - Started process (PID=63008) to work on /home/ec2-user/environment/lab4_model_training/venv/lib64/python3.12/site-packages/airflow/example_dags/example_skip_dag.py
[2026-05-03T23:13:50.378+0000] {processor.py:914} INFO - Processing file /home/ec2-user/environment/lab4_model_training/venv/lib64/python3.12/site-packages/airflow/example_dags/example_skip_dag.py for tasks to queue
[2026-05-03T23:13:50.380+0000] {logging_mixin.py:190} INFO - [2026-05-03T23:13:50.379+0000] {dagbag.py:588} INFO - Filling up the DagBag from /home/ec2-user/environment/lab4_model_training/venv/lib64/python3.12/site-packages/airflow/example_dags/example_skip_dag.py
[2026-05-03T23:13:50.386+0000] {processor.py:925} INFO - DAG(s) 'example_skip_dag' retrieved from /home/ec2-user/environment/lab4_model_training/venv/lib64/python3.12/site-packages/airflow/example_dags/example_skip_dag.py
[2026-05-03T23:13:50.398+0000] {logging_mixin.py:190} INFO - [2026-05-03T23:13:50.398+0000] {dag.py:3239} INFO - Sync 1 DAGs
[2026-05-03T23:13:50.414+0000] {logging_mixin.py:190} INFO - [2026-05-03T23:13:50.414+0000] {dag.py:4180} INFO - Setting next_dagrun for example_skip_dag to 2026-05-02 00:00:00+00:00, run_after=2026-05-03 00:00:00+00:00
[2026-05-03T23:13:50.430+0000] {processor.py:208} INFO - Processing /home/ec2-user/environment/lab4_model_training/venv/lib64/python3.12/site-packages/airflow/example_dags/example_skip_dag.py took 0.057 seconds
[2026-05-03T23:14:55.939+0000] {processor.py:186} INFO - Started process (PID=63175) to work on /home/ec2-user/environment/lab4_model_training/venv/lib64/python3.12/site-packages/airflow/example_dags/example_skip_dag.py
[2026-05-03T23:14:55.940+0000] {processor.py:914} INFO - Processing file /home/ec2-user/environment/lab4_model_training/venv/lib64/python3.12/site-packages/airflow/example_dags/example_skip_dag.py for tasks to queue
[2026-05-03T23:14:55.942+0000] {logging_mixin.py:190} INFO - [2026-05-03T23:14:55.942+0000] {dagbag.py:588} INFO - Filling up the DagBag from /home/ec2-user/environment/lab4_model_training/venv/lib64/python3.12/site-packages/airflow/example_dags/example_skip_dag.py
[2026-05-03T23:14:55.949+0000] {processor.py:925} INFO - DAG(s) 'example_skip_dag' retrieved from /home/ec2-user/environment/lab4_model_training/venv/lib64/python3.12/site-packages/airflow/example_dags/example_skip_dag.py
[2026-05-03T23:14:55.962+0000] {logging_mixin.py:190} INFO - [2026-05-03T23:14:55.962+0000] {dag.py:3239} INFO - Sync 1 DAGs
[2026-05-03T23:14:55.977+0000] {logging_mixin.py:190} INFO - [2026-05-03T23:14:55.977+0000] {dag.py:4180} INFO - Setting next_dagrun for example_skip_dag to 2026-05-02 00:00:00+00:00, run_after=2026-05-03 00:00:00+00:00
[2026-05-03T23:14:55.994+0000] {processor.py:208} INFO - Processing /home/ec2-user/environment/lab4_model_training/venv/lib64/python3.12/site-packages/airflow/example_dags/example_skip_dag.py took 0.060 seconds
[2026-05-03T23:15:58.220+0000] {processor.py:186} INFO - Started process (PID=63420) to work on /home/ec2-user/environment/lab4_model_training/venv/lib64/python3.12/site-packages/airflow/example_dags/example_skip_dag.py
[2026-05-03T23:15:58.221+0000] {processor.py:914} INFO - Processing file /home/ec2-user/environment/lab4_model_training/venv/lib64/python3.12/site-packages/airflow/example_dags/example_skip_dag.py for tasks to queue
[2026-05-03T23:15:58.223+0000] {logging_mixin.py:190} INFO - [2026-05-03T23:15:58.222+0000] {dagbag.py:588} INFO - Filling up the DagBag from /home/ec2-user/environment/lab4_model_training/venv/lib64/python3.12/site-packages/airflow/example_dags/example_skip_dag.py
[2026-05-03T23:15:58.229+0000] {processor.py:925} INFO - DAG(s) 'example_skip_dag' retrieved from /home/ec2-user/environment/lab4_model_training/venv/lib64/python3.12/site-packages/airflow/example_dags/example_skip_dag.py
[2026-05-03T23:15:58.242+0000] {logging_mixin.py:190} INFO - [2026-05-03T23:15:58.242+0000] {dag.py:3239} INFO - Sync 1 DAGs
[2026-05-03T23:15:58.258+0000] {logging_mixin.py:190} INFO - [2026-05-03T23:15:58.257+0000] {dag.py:4180} INFO - Setting next_dagrun for example_skip_dag to 2026-05-02 00:00:00+00:00, run_after=2026-05-03 00:00:00+00:00
[2026-05-03T23:15:58.275+0000] {processor.py:208} INFO - Processing /home/ec2-user/environment/lab4_model_training/venv/lib64/python3.12/site-packages/airflow/example_dags/example_skip_dag.py took 0.059 seconds
[2026-05-03T23:17:18.317+0000] {processor.py:186} INFO - Started process (PID=63676) to work on /home/ec2-user/environment/lab4_model_training/venv/lib64/python3.12/site-packages/airflow/example_dags/example_skip_dag.py
[2026-05-03T23:17:18.318+0000] {processor.py:914} INFO - Processing file /home/ec2-user/environment/lab4_model_training/venv/lib64/python3.12/site-packages/airflow/example_dags/example_skip_dag.py for tasks to queue
[2026-05-03T23:17:18.320+0000] {logging_mixin.py:190} INFO - [2026-05-03T23:17:18.320+0000] {dagbag.py:588} INFO - Filling up the DagBag from /home/ec2-user/environment/lab4_model_training/venv/lib64/python3.12/site-packages/airflow/example_dags/example_skip_dag.py
[2026-05-03T23:17:18.327+0000] {processor.py:925} INFO - DAG(s) 'example_skip_dag' retrieved from /home/ec2-user/environment/lab4_model_training/venv/lib64/python3.12/site-packages/airflow/example_dags/example_skip_dag.py
[2026-05-03T23:17:18.340+0000] {logging_mixin.py:190} INFO - [2026-05-03T23:17:18.340+0000] {dag.py:3239} INFO - Sync 1 DAGs
[2026-05-03T23:17:18.355+0000] {logging_mixin.py:190} INFO - [2026-05-03T23:17:18.355+0000] {dag.py:4180} INFO - Setting next_dagrun for example_skip_dag to 2026-05-02 00:00:00+00:00, run_after=2026-05-03 00:00:00+00:00
[2026-05-03T23:17:18.372+0000] {processor.py:208} INFO - Processing /home/ec2-user/environment/lab4_model_training/venv/lib64/python3.12/site-packages/airflow/example_dags/example_skip_dag.py took 0.059 seconds
[2026-05-03T23:18:22.857+0000] {processor.py:186} INFO - Started process (PID=63794) to work on /home/ec2-user/environment/lab4_model_training/venv/lib64/python3.12/site-packages/airflow/example_dags/example_skip_dag.py
[2026-05-03T23:18:22.858+0000] {processor.py:914} INFO - Processing file /home/ec2-user/environment/lab4_model_training/venv/lib64/python3.12/site-packages/airflow/example_dags/example_skip_dag.py for tasks to queue
[2026-05-03T23:18:22.860+0000] {logging_mixin.py:190} INFO - [2026-05-03T23:18:22.859+0000] {dagbag.py:588} INFO - Filling up the DagBag from /home/ec2-user/environment/lab4_model_training/venv/lib64/python3.12/site-packages/airflow/example_dags/example_skip_dag.py
[2026-05-03T23:18:22.866+0000] {processor.py:925} INFO - DAG(s) 'example_skip_dag' retrieved from /home/ec2-user/environment/lab4_model_training/venv/lib64/python3.12/site-packages/airflow/example_dags/example_skip_dag.py
[2026-05-03T23:18:22.879+0000] {logging_mixin.py:190} INFO - [2026-05-03T23:18:22.879+0000] {dag.py:3239} INFO - Sync 1 DAGs
[2026-05-03T23:18:22.894+0000] {logging_mixin.py:190} INFO - [2026-05-03T23:18:22.894+0000] {dag.py:4180} INFO - Setting next_dagrun for example_skip_dag to 2026-05-02 00:00:00+00:00, run_after=2026-05-03 00:00:00+00:00
[2026-05-03T23:18:22.910+0000] {processor.py:208} INFO - Processing /home/ec2-user/environment/lab4_model_training/venv/lib64/python3.12/site-packages/airflow/example_dags/example_skip_dag.py took 0.058 seconds
[2026-05-03T23:19:27.449+0000] {processor.py:186} INFO - Started process (PID=63969) to work on /home/ec2-user/environment/lab4_model_training/venv/lib64/python3.12/site-packages/airflow/example_dags/example_skip_dag.py
[2026-05-03T23:19:27.450+0000] {processor.py:914} INFO - Processing file /home/ec2-user/environment/lab4_model_training/venv/lib64/python3.12/site-packages/airflow/example_dags/example_skip_dag.py for tasks to queue
[2026-05-03T23:19:27.452+0000] {logging_mixin.py:190} INFO - [2026-05-03T23:19:27.452+0000] {dagbag.py:588} INFO - Filling up the DagBag from /home/ec2-user/environment/lab4_model_training/venv/lib64/python3.12/site-packages/airflow/example_dags/example_skip_dag.py
[2026-05-03T23:19:27.459+0000] {processor.py:925} INFO - DAG(s) 'example_skip_dag' retrieved from /home/ec2-user/environment/lab4_model_training/venv/lib64/python3.12/site-packages/airflow/example_dags/example_skip_dag.py
[2026-05-03T23:19:27.471+0000] {logging_mixin.py:190} INFO - [2026-05-03T23:19:27.471+0000] {dag.py:3239} INFO - Sync 1 DAGs
[2026-05-03T23:19:27.487+0000] {logging_mixin.py:190} INFO - [2026-05-03T23:19:27.487+0000] {dag.py:4180} INFO - Setting next_dagrun for example_skip_dag to 2026-05-02 00:00:00+00:00, run_after=2026-05-03 00:00:00+00:00
[2026-05-03T23:19:27.503+0000] {processor.py:208} INFO - Processing /home/ec2-user/environment/lab4_model_training/venv/lib64/python3.12/site-packages/airflow/example_dags/example_skip_dag.py took 0.058 seconds
[2026-05-03T23:20:32.230+0000] {processor.py:186} INFO - Started process (PID=64149) to work on /home/ec2-user/environment/lab4_model_training/venv/lib64/python3.12/site-packages/airflow/example_dags/example_skip_dag.py
[2026-05-03T23:20:32.232+0000] {processor.py:914} INFO - Processing file /home/ec2-user/environment/lab4_model_training/venv/lib64/python3.12/site-packages/airflow/example_dags/example_skip_dag.py for tasks to queue
[2026-05-03T23:20:32.233+0000] {logging_mixin.py:190} INFO - [2026-05-03T23:20:32.233+0000] {dagbag.py:588} INFO - Filling up the DagBag from /home/ec2-user/environment/lab4_model_training/venv/lib64/python3.12/site-packages/airflow/example_dags/example_skip_dag.py
[2026-05-03T23:20:32.239+0000] {processor.py:925} INFO - DAG(s) 'example_skip_dag' retrieved from /home/ec2-user/environment/lab4_model_training/venv/lib64/python3.12/site-packages/airflow/example_dags/example_skip_dag.py
[2026-05-03T23:20:32.253+0000] {logging_mixin.py:190} INFO - [2026-05-03T23:20:32.252+0000] {dag.py:3239} INFO - Sync 1 DAGs
[2026-05-03T23:20:32.268+0000] {logging_mixin.py:190} INFO - [2026-05-03T23:20:32.268+0000] {dag.py:4180} INFO - Setting next_dagrun for example_skip_dag to 2026-05-02 00:00:00+00:00, run_after=2026-05-03 00:00:00+00:00
[2026-05-03T23:20:32.285+0000] {processor.py:208} INFO - Processing /home/ec2-user/environment/lab4_model_training/venv/lib64/python3.12/site-packages/airflow/example_dags/example_skip_dag.py took 0.059 seconds
[2026-05-03T23:22:01.171+0000] {processor.py:186} INFO - Started process (PID=64404) to work on /home/ec2-user/environment/lab4_model_training/venv/lib64/python3.12/site-packages/airflow/example_dags/example_skip_dag.py
[2026-05-03T23:22:01.172+0000] {processor.py:914} INFO - Processing file /home/ec2-user/environment/lab4_model_training/venv/lib64/python3.12/site-packages/airflow/example_dags/example_skip_dag.py for tasks to queue
[2026-05-03T23:22:01.174+0000] {logging_mixin.py:190} INFO - [2026-05-03T23:22:01.173+0000] {dagbag.py:588} INFO - Filling up the DagBag from /home/ec2-user/environment/lab4_model_training/venv/lib64/python3.12/site-packages/airflow/example_dags/example_skip_dag.py
[2026-05-03T23:22:01.181+0000] {processor.py:925} INFO - DAG(s) 'example_skip_dag' retrieved from /home/ec2-user/environment/lab4_model_training/venv/lib64/python3.12/site-packages/airflow/example_dags/example_skip_dag.py
[2026-05-03T23:22:01.194+0000] {logging_mixin.py:190} INFO - [2026-05-03T23:22:01.194+0000] {dag.py:3239} INFO - Sync 1 DAGs
[2026-05-03T23:22:01.210+0000] {logging_mixin.py:190} INFO - [2026-05-03T23:22:01.210+0000] {dag.py:4180} INFO - Setting next_dagrun for example_skip_dag to 2026-05-02 00:00:00+00:00, run_after=2026-05-03 00:00:00+00:00
[2026-05-03T23:22:01.226+0000] {processor.py:208} INFO - Processing /home/ec2-user/environment/lab4_model_training/venv/lib64/python3.12/site-packages/airflow/example_dags/example_skip_dag.py took 0.060 seconds
[2026-05-03T23:23:15.190+0000] {processor.py:186} INFO - Started process (PID=64568) to work on /home/ec2-user/environment/lab4_model_training/venv/lib64/python3.12/site-packages/airflow/example_dags/example_skip_dag.py
[2026-05-03T23:23:15.191+0000] {processor.py:914} INFO - Processing file /home/ec2-user/environment/lab4_model_training/venv/lib64/python3.12/site-packages/airflow/example_dags/example_skip_dag.py for tasks to queue
[2026-05-03T23:23:15.192+0000] {logging_mixin.py:190} INFO - [2026-05-03T23:23:15.192+0000] {dagbag.py:588} INFO - Filling up the DagBag from /home/ec2-user/environment/lab4_model_training/venv/lib64/python3.12/site-packages/airflow/example_dags/example_skip_dag.py
[2026-05-03T23:23:15.199+0000] {processor.py:925} INFO - DAG(s) 'example_skip_dag' retrieved from /home/ec2-user/environment/lab4_model_training/venv/lib64/python3.12/site-packages/airflow/example_dags/example_skip_dag.py
[2026-05-03T23:23:15.213+0000] {logging_mixin.py:190} INFO - [2026-05-03T23:23:15.212+0000] {dag.py:3239} INFO - Sync 1 DAGs
[2026-05-03T23:23:15.228+0000] {logging_mixin.py:190} INFO - [2026-05-03T23:23:15.228+0000] {dag.py:4180} INFO - Setting next_dagrun for example_skip_dag to 2026-05-02 00:00:00+00:00, run_after=2026-05-03 00:00:00+00:00
[2026-05-03T23:23:15.245+0000] {processor.py:208} INFO - Processing /home/ec2-user/environment/lab4_model_training/venv/lib64/python3.12/site-packages/airflow/example_dags/example_skip_dag.py took 0.060 seconds
[2026-05-03T23:24:19.755+0000] {processor.py:186} INFO - Started process (PID=64761) to work on /home/ec2-user/environment/lab4_model_training/venv/lib64/python3.12/site-packages/airflow/example_dags/example_skip_dag.py
[2026-05-03T23:24:19.756+0000] {processor.py:914} INFO - Processing file /home/ec2-user/environment/lab4_model_training/venv/lib64/python3.12/site-packages/airflow/example_dags/example_skip_dag.py for tasks to queue
[2026-05-03T23:24:19.757+0000] {logging_mixin.py:190} INFO - [2026-05-03T23:24:19.757+0000] {dagbag.py:588} INFO - Filling up the DagBag from /home/ec2-user/environment/lab4_model_training/venv/lib64/python3.12/site-packages/airflow/example_dags/example_skip_dag.py
[2026-05-03T23:24:19.763+0000] {processor.py:925} INFO - DAG(s) 'example_skip_dag' retrieved from /home/ec2-user/environment/lab4_model_training/venv/lib64/python3.12/site-packages/airflow/example_dags/example_skip_dag.py
[2026-05-03T23:24:19.776+0000] {logging_mixin.py:190} INFO - [2026-05-03T23:24:19.776+0000] {dag.py:3239} INFO - Sync 1 DAGs
[2026-05-03T23:24:19.791+0000] {logging_mixin.py:190} INFO - [2026-05-03T23:24:19.791+0000] {dag.py:4180} INFO - Setting next_dagrun for example_skip_dag to 2026-05-02 00:00:00+00:00, run_after=2026-05-03 00:00:00+00:00
[2026-05-03T23:24:19.807+0000] {processor.py:208} INFO - Processing /home/ec2-user/environment/lab4_model_training/venv/lib64/python3.12/site-packages/airflow/example_dags/example_skip_dag.py took 0.058 seconds
[2026-05-03T23:25:25.129+0000] {processor.py:186} INFO - Started process (PID=64937) to work on /home/ec2-user/environment/lab4_model_training/venv/lib64/python3.12/site-packages/airflow/example_dags/example_skip_dag.py
[2026-05-03T23:25:25.131+0000] {processor.py:914} INFO - Processing file /home/ec2-user/environment/lab4_model_training/venv/lib64/python3.12/site-packages/airflow/example_dags/example_skip_dag.py for tasks to queue
[2026-05-03T23:25:25.133+0000] {logging_mixin.py:190} INFO - [2026-05-03T23:25:25.132+0000] {dagbag.py:588} INFO - Filling up the DagBag from /home/ec2-user/environment/lab4_model_training/venv/lib64/python3.12/site-packages/airflow/example_dags/example_skip_dag.py
[2026-05-03T23:25:25.139+0000] {processor.py:925} INFO - DAG(s) 'example_skip_dag' retrieved from /home/ec2-user/environment/lab4_model_training/venv/lib64/python3.12/site-packages/airflow/example_dags/example_skip_dag.py
[2026-05-03T23:25:25.152+0000] {logging_mixin.py:190} INFO - [2026-05-03T23:25:25.152+0000] {dag.py:3239} INFO - Sync 1 DAGs
[2026-05-03T23:25:25.168+0000] {logging_mixin.py:190} INFO - [2026-05-03T23:25:25.168+0000] {dag.py:4180} INFO - Setting next_dagrun for example_skip_dag to 2026-05-02 00:00:00+00:00, run_after=2026-05-03 00:00:00+00:00
[2026-05-03T23:25:25.184+0000] {processor.py:208} INFO - Processing /home/ec2-user/environment/lab4_model_training/venv/lib64/python3.12/site-packages/airflow/example_dags/example_skip_dag.py took 0.059 seconds
