[2026-05-03T22:49:35.262+0000] {processor.py:186} INFO - Started process (PID=57656) to work on /home/ec2-user/environment/lab4_model_training/venv/lib64/python3.12/site-packages/airflow/example_dags/example_dataset_alias_with_no_taskflow.py
[2026-05-03T22:49:35.262+0000] {processor.py:914} INFO - Processing file /home/ec2-user/environment/lab4_model_training/venv/lib64/python3.12/site-packages/airflow/example_dags/example_dataset_alias_with_no_taskflow.py for tasks to queue
[2026-05-03T22:49:35.263+0000] {logging_mixin.py:190} INFO - [2026-05-03T22:49:35.263+0000] {dagbag.py:588} INFO - Filling up the DagBag from /home/ec2-user/environment/lab4_model_training/venv/lib64/python3.12/site-packages/airflow/example_dags/example_dataset_alias_with_no_taskflow.py
[2026-05-03T22:49:35.361+0000] {processor.py:925} INFO - DAG(s) 'dataset_alias_example_alias_producer_with_no_taskflow', 'dataset_s3_bucket_producer_with_no_taskflow', 'dataset_alias_example_alias_consumer_with_no_taskflow', 'dataset_s3_bucket_consumer_with_no_taskflow' retrieved from /home/ec2-user/environment/lab4_model_training/venv/lib64/python3.12/site-packages/airflow/example_dags/example_dataset_alias_with_no_taskflow.py
[2026-05-03T22:49:35.380+0000] {logging_mixin.py:190} INFO - [2026-05-03T22:49:35.379+0000] {dag.py:3239} INFO - Sync 4 DAGs
[2026-05-03T22:49:35.394+0000] {logging_mixin.py:190} INFO - [2026-05-03T22:49:35.394+0000] {dag.py:4180} INFO - Setting next_dagrun for dataset_alias_example_alias_consumer_with_no_taskflow to None, run_after=None
[2026-05-03T22:49:35.395+0000] {logging_mixin.py:190} INFO - [2026-05-03T22:49:35.395+0000] {dag.py:4180} INFO - Setting next_dagrun for dataset_alias_example_alias_producer_with_no_taskflow to None, run_after=None
[2026-05-03T22:49:35.396+0000] {logging_mixin.py:190} INFO - [2026-05-03T22:49:35.396+0000] {dag.py:4180} INFO - Setting next_dagrun for dataset_s3_bucket_consumer_with_no_taskflow to None, run_after=None
[2026-05-03T22:49:35.397+0000] {logging_mixin.py:190} INFO - [2026-05-03T22:49:35.397+0000] {dag.py:4180} INFO - Setting next_dagrun for dataset_s3_bucket_producer_with_no_taskflow to None, run_after=None
[2026-05-03T22:49:35.416+0000] {processor.py:208} INFO - Processing /home/ec2-user/environment/lab4_model_training/venv/lib64/python3.12/site-packages/airflow/example_dags/example_dataset_alias_with_no_taskflow.py took 0.159 seconds
[2026-05-03T22:50:40.061+0000] {processor.py:186} INFO - Started process (PID=57828) to work on /home/ec2-user/environment/lab4_model_training/venv/lib64/python3.12/site-packages/airflow/example_dags/example_dataset_alias_with_no_taskflow.py
[2026-05-03T22:50:40.063+0000] {processor.py:914} INFO - Processing file /home/ec2-user/environment/lab4_model_training/venv/lib64/python3.12/site-packages/airflow/example_dags/example_dataset_alias_with_no_taskflow.py for tasks to queue
[2026-05-03T22:50:40.064+0000] {logging_mixin.py:190} INFO - [2026-05-03T22:50:40.064+0000] {dagbag.py:588} INFO - Filling up the DagBag from /home/ec2-user/environment/lab4_model_training/venv/lib64/python3.12/site-packages/airflow/example_dags/example_dataset_alias_with_no_taskflow.py
[2026-05-03T22:50:40.160+0000] {processor.py:925} INFO - DAG(s) 'dataset_alias_example_alias_producer_with_no_taskflow', 'dataset_s3_bucket_producer_with_no_taskflow', 'dataset_alias_example_alias_consumer_with_no_taskflow', 'dataset_s3_bucket_consumer_with_no_taskflow' retrieved from /home/ec2-user/environment/lab4_model_training/venv/lib64/python3.12/site-packages/airflow/example_dags/example_dataset_alias_with_no_taskflow.py
[2026-05-03T22:50:40.174+0000] {logging_mixin.py:190} INFO - [2026-05-03T22:50:40.174+0000] {dag.py:3239} INFO - Sync 4 DAGs
[2026-05-03T22:50:40.190+0000] {logging_mixin.py:190} INFO - [2026-05-03T22:50:40.190+0000] {dag.py:4180} INFO - Setting next_dagrun for dataset_alias_example_alias_consumer_with_no_taskflow to None, run_after=None
[2026-05-03T22:50:40.191+0000] {logging_mixin.py:190} INFO - [2026-05-03T22:50:40.191+0000] {dag.py:4180} INFO - Setting next_dagrun for dataset_alias_example_alias_producer_with_no_taskflow to None, run_after=None
[2026-05-03T22:50:40.192+0000] {logging_mixin.py:190} INFO - [2026-05-03T22:50:40.192+0000] {dag.py:4180} INFO - Setting next_dagrun for dataset_s3_bucket_consumer_with_no_taskflow to None, run_after=None
[2026-05-03T22:50:40.193+0000] {logging_mixin.py:190} INFO - [2026-05-03T22:50:40.193+0000] {dag.py:4180} INFO - Setting next_dagrun for dataset_s3_bucket_producer_with_no_taskflow to None, run_after=None
[2026-05-03T22:50:40.210+0000] {processor.py:208} INFO - Processing /home/ec2-user/environment/lab4_model_training/venv/lib64/python3.12/site-packages/airflow/example_dags/example_dataset_alias_with_no_taskflow.py took 0.153 seconds
[2026-05-03T22:51:43.156+0000] {processor.py:186} INFO - Started process (PID=57943) to work on /home/ec2-user/environment/lab4_model_training/venv/lib64/python3.12/site-packages/airflow/example_dags/example_dataset_alias_with_no_taskflow.py
[2026-05-03T22:51:43.157+0000] {processor.py:914} INFO - Processing file /home/ec2-user/environment/lab4_model_training/venv/lib64/python3.12/site-packages/airflow/example_dags/example_dataset_alias_with_no_taskflow.py for tasks to queue
[2026-05-03T22:51:43.158+0000] {logging_mixin.py:190} INFO - [2026-05-03T22:51:43.158+0000] {dagbag.py:588} INFO - Filling up the DagBag from /home/ec2-user/environment/lab4_model_training/venv/lib64/python3.12/site-packages/airflow/example_dags/example_dataset_alias_with_no_taskflow.py
[2026-05-03T22:51:43.253+0000] {processor.py:925} INFO - DAG(s) 'dataset_alias_example_alias_producer_with_no_taskflow', 'dataset_alias_example_alias_consumer_with_no_taskflow', 'dataset_s3_bucket_producer_with_no_taskflow', 'dataset_s3_bucket_consumer_with_no_taskflow' retrieved from /home/ec2-user/environment/lab4_model_training/venv/lib64/python3.12/site-packages/airflow/example_dags/example_dataset_alias_with_no_taskflow.py
[2026-05-03T22:51:43.267+0000] {logging_mixin.py:190} INFO - [2026-05-03T22:51:43.267+0000] {dag.py:3239} INFO - Sync 4 DAGs
[2026-05-03T22:51:43.283+0000] {logging_mixin.py:190} INFO - [2026-05-03T22:51:43.283+0000] {dag.py:4180} INFO - Setting next_dagrun for dataset_alias_example_alias_consumer_with_no_taskflow to None, run_after=None
[2026-05-03T22:51:43.284+0000] {logging_mixin.py:190} INFO - [2026-05-03T22:51:43.284+0000] {dag.py:4180} INFO - Setting next_dagrun for dataset_alias_example_alias_producer_with_no_taskflow to None, run_after=None
[2026-05-03T22:51:43.285+0000] {logging_mixin.py:190} INFO - [2026-05-03T22:51:43.285+0000] {dag.py:4180} INFO - Setting next_dagrun for dataset_s3_bucket_consumer_with_no_taskflow to None, run_after=None
[2026-05-03T22:51:43.285+0000] {logging_mixin.py:190} INFO - [2026-05-03T22:51:43.285+0000] {dag.py:4180} INFO - Setting next_dagrun for dataset_s3_bucket_producer_with_no_taskflow to None, run_after=None
[2026-05-03T22:51:43.302+0000] {processor.py:208} INFO - Processing /home/ec2-user/environment/lab4_model_training/venv/lib64/python3.12/site-packages/airflow/example_dags/example_dataset_alias_with_no_taskflow.py took 0.151 seconds
[2026-05-03T22:52:49.854+0000] {processor.py:186} INFO - Started process (PID=58150) to work on /home/ec2-user/environment/lab4_model_training/venv/lib64/python3.12/site-packages/airflow/example_dags/example_dataset_alias_with_no_taskflow.py
[2026-05-03T22:52:49.856+0000] {processor.py:914} INFO - Processing file /home/ec2-user/environment/lab4_model_training/venv/lib64/python3.12/site-packages/airflow/example_dags/example_dataset_alias_with_no_taskflow.py for tasks to queue
[2026-05-03T22:52:49.857+0000] {logging_mixin.py:190} INFO - [2026-05-03T22:52:49.857+0000] {dagbag.py:588} INFO - Filling up the DagBag from /home/ec2-user/environment/lab4_model_training/venv/lib64/python3.12/site-packages/airflow/example_dags/example_dataset_alias_with_no_taskflow.py
[2026-05-03T22:52:49.954+0000] {processor.py:925} INFO - DAG(s) 'dataset_alias_example_alias_consumer_with_no_taskflow', 'dataset_alias_example_alias_producer_with_no_taskflow', 'dataset_s3_bucket_producer_with_no_taskflow', 'dataset_s3_bucket_consumer_with_no_taskflow' retrieved from /home/ec2-user/environment/lab4_model_training/venv/lib64/python3.12/site-packages/airflow/example_dags/example_dataset_alias_with_no_taskflow.py
[2026-05-03T22:52:49.969+0000] {logging_mixin.py:190} INFO - [2026-05-03T22:52:49.968+0000] {dag.py:3239} INFO - Sync 4 DAGs
[2026-05-03T22:52:49.985+0000] {logging_mixin.py:190} INFO - [2026-05-03T22:52:49.985+0000] {dag.py:4180} INFO - Setting next_dagrun for dataset_alias_example_alias_consumer_with_no_taskflow to None, run_after=None
[2026-05-03T22:52:49.986+0000] {logging_mixin.py:190} INFO - [2026-05-03T22:52:49.986+0000] {dag.py:4180} INFO - Setting next_dagrun for dataset_alias_example_alias_producer_with_no_taskflow to None, run_after=None
[2026-05-03T22:52:49.987+0000] {logging_mixin.py:190} INFO - [2026-05-03T22:52:49.987+0000] {dag.py:4180} INFO - Setting next_dagrun for dataset_s3_bucket_consumer_with_no_taskflow to None, run_after=None
[2026-05-03T22:52:49.988+0000] {logging_mixin.py:190} INFO - [2026-05-03T22:52:49.988+0000] {dag.py:4180} INFO - Setting next_dagrun for dataset_s3_bucket_producer_with_no_taskflow to None, run_after=None
[2026-05-03T22:52:50.006+0000] {processor.py:208} INFO - Processing /home/ec2-user/environment/lab4_model_training/venv/lib64/python3.12/site-packages/airflow/example_dags/example_dataset_alias_with_no_taskflow.py took 0.157 seconds
[2026-05-03T22:53:53.402+0000] {processor.py:186} INFO - Started process (PID=58424) to work on /home/ec2-user/environment/lab4_model_training/venv/lib64/python3.12/site-packages/airflow/example_dags/example_dataset_alias_with_no_taskflow.py
[2026-05-03T22:53:53.403+0000] {processor.py:914} INFO - Processing file /home/ec2-user/environment/lab4_model_training/venv/lib64/python3.12/site-packages/airflow/example_dags/example_dataset_alias_with_no_taskflow.py for tasks to queue
[2026-05-03T22:53:53.405+0000] {logging_mixin.py:190} INFO - [2026-05-03T22:53:53.405+0000] {dagbag.py:588} INFO - Filling up the DagBag from /home/ec2-user/environment/lab4_model_training/venv/lib64/python3.12/site-packages/airflow/example_dags/example_dataset_alias_with_no_taskflow.py
[2026-05-03T22:53:53.501+0000] {processor.py:925} INFO - DAG(s) 'dataset_alias_example_alias_consumer_with_no_taskflow', 'dataset_alias_example_alias_producer_with_no_taskflow', 'dataset_s3_bucket_consumer_with_no_taskflow', 'dataset_s3_bucket_producer_with_no_taskflow' retrieved from /home/ec2-user/environment/lab4_model_training/venv/lib64/python3.12/site-packages/airflow/example_dags/example_dataset_alias_with_no_taskflow.py
[2026-05-03T22:53:53.515+0000] {logging_mixin.py:190} INFO - [2026-05-03T22:53:53.515+0000] {dag.py:3239} INFO - Sync 4 DAGs
[2026-05-03T22:53:53.531+0000] {logging_mixin.py:190} INFO - [2026-05-03T22:53:53.531+0000] {dag.py:4180} INFO - Setting next_dagrun for dataset_alias_example_alias_consumer_with_no_taskflow to None, run_after=None
[2026-05-03T22:53:53.533+0000] {logging_mixin.py:190} INFO - [2026-05-03T22:53:53.532+0000] {dag.py:4180} INFO - Setting next_dagrun for dataset_alias_example_alias_producer_with_no_taskflow to None, run_after=None
[2026-05-03T22:53:53.533+0000] {logging_mixin.py:190} INFO - [2026-05-03T22:53:53.533+0000] {dag.py:4180} INFO - Setting next_dagrun for dataset_s3_bucket_consumer_with_no_taskflow to None, run_after=None
[2026-05-03T22:53:53.534+0000] {logging_mixin.py:190} INFO - [2026-05-03T22:53:53.534+0000] {dag.py:4180} INFO - Setting next_dagrun for dataset_s3_bucket_producer_with_no_taskflow to None, run_after=None
[2026-05-03T22:53:53.553+0000] {processor.py:208} INFO - Processing /home/ec2-user/environment/lab4_model_training/venv/lib64/python3.12/site-packages/airflow/example_dags/example_dataset_alias_with_no_taskflow.py took 0.155 seconds
[2026-05-03T22:54:57.107+0000] {processor.py:186} INFO - Started process (PID=58614) to work on /home/ec2-user/environment/lab4_model_training/venv/lib64/python3.12/site-packages/airflow/example_dags/example_dataset_alias_with_no_taskflow.py
[2026-05-03T22:54:57.108+0000] {processor.py:914} INFO - Processing file /home/ec2-user/environment/lab4_model_training/venv/lib64/python3.12/site-packages/airflow/example_dags/example_dataset_alias_with_no_taskflow.py for tasks to queue
[2026-05-03T22:54:57.110+0000] {logging_mixin.py:190} INFO - [2026-05-03T22:54:57.110+0000] {dagbag.py:588} INFO - Filling up the DagBag from /home/ec2-user/environment/lab4_model_training/venv/lib64/python3.12/site-packages/airflow/example_dags/example_dataset_alias_with_no_taskflow.py
[2026-05-03T22:54:57.208+0000] {processor.py:925} INFO - DAG(s) 'dataset_s3_bucket_consumer_with_no_taskflow', 'dataset_alias_example_alias_producer_with_no_taskflow', 'dataset_alias_example_alias_consumer_with_no_taskflow', 'dataset_s3_bucket_producer_with_no_taskflow' retrieved from /home/ec2-user/environment/lab4_model_training/venv/lib64/python3.12/site-packages/airflow/example_dags/example_dataset_alias_with_no_taskflow.py
[2026-05-03T22:54:57.223+0000] {logging_mixin.py:190} INFO - [2026-05-03T22:54:57.223+0000] {dag.py:3239} INFO - Sync 4 DAGs
[2026-05-03T22:54:57.238+0000] {logging_mixin.py:190} INFO - [2026-05-03T22:54:57.238+0000] {dag.py:4180} INFO - Setting next_dagrun for dataset_alias_example_alias_consumer_with_no_taskflow to None, run_after=None
[2026-05-03T22:54:57.239+0000] {logging_mixin.py:190} INFO - [2026-05-03T22:54:57.239+0000] {dag.py:4180} INFO - Setting next_dagrun for dataset_alias_example_alias_producer_with_no_taskflow to None, run_after=None
[2026-05-03T22:54:57.240+0000] {logging_mixin.py:190} INFO - [2026-05-03T22:54:57.240+0000] {dag.py:4180} INFO - Setting next_dagrun for dataset_s3_bucket_consumer_with_no_taskflow to None, run_after=None
[2026-05-03T22:54:57.240+0000] {logging_mixin.py:190} INFO - [2026-05-03T22:54:57.240+0000] {dag.py:4180} INFO - Setting next_dagrun for dataset_s3_bucket_producer_with_no_taskflow to None, run_after=None
[2026-05-03T22:54:57.260+0000] {processor.py:208} INFO - Processing /home/ec2-user/environment/lab4_model_training/venv/lib64/python3.12/site-packages/airflow/example_dags/example_dataset_alias_with_no_taskflow.py took 0.157 seconds
[2026-05-03T22:56:04.218+0000] {processor.py:186} INFO - Started process (PID=58792) to work on /home/ec2-user/environment/lab4_model_training/venv/lib64/python3.12/site-packages/airflow/example_dags/example_dataset_alias_with_no_taskflow.py
[2026-05-03T22:56:04.219+0000] {processor.py:914} INFO - Processing file /home/ec2-user/environment/lab4_model_training/venv/lib64/python3.12/site-packages/airflow/example_dags/example_dataset_alias_with_no_taskflow.py for tasks to queue
[2026-05-03T22:56:04.220+0000] {logging_mixin.py:190} INFO - [2026-05-03T22:56:04.220+0000] {dagbag.py:588} INFO - Filling up the DagBag from /home/ec2-user/environment/lab4_model_training/venv/lib64/python3.12/site-packages/airflow/example_dags/example_dataset_alias_with_no_taskflow.py
[2026-05-03T22:56:04.316+0000] {processor.py:925} INFO - DAG(s) 'dataset_alias_example_alias_producer_with_no_taskflow', 'dataset_s3_bucket_consumer_with_no_taskflow', 'dataset_alias_example_alias_consumer_with_no_taskflow', 'dataset_s3_bucket_producer_with_no_taskflow' retrieved from /home/ec2-user/environment/lab4_model_training/venv/lib64/python3.12/site-packages/airflow/example_dags/example_dataset_alias_with_no_taskflow.py
[2026-05-03T22:56:04.330+0000] {logging_mixin.py:190} INFO - [2026-05-03T22:56:04.330+0000] {dag.py:3239} INFO - Sync 4 DAGs
[2026-05-03T22:56:04.345+0000] {logging_mixin.py:190} INFO - [2026-05-03T22:56:04.345+0000] {dag.py:4180} INFO - Setting next_dagrun for dataset_alias_example_alias_consumer_with_no_taskflow to None, run_after=None
[2026-05-03T22:56:04.346+0000] {logging_mixin.py:190} INFO - [2026-05-03T22:56:04.346+0000] {dag.py:4180} INFO - Setting next_dagrun for dataset_alias_example_alias_producer_with_no_taskflow to None, run_after=None
[2026-05-03T22:56:04.347+0000] {logging_mixin.py:190} INFO - [2026-05-03T22:56:04.347+0000] {dag.py:4180} INFO - Setting next_dagrun for dataset_s3_bucket_consumer_with_no_taskflow to None, run_after=None
[2026-05-03T22:56:04.347+0000] {logging_mixin.py:190} INFO - [2026-05-03T22:56:04.347+0000] {dag.py:4180} INFO - Setting next_dagrun for dataset_s3_bucket_producer_with_no_taskflow to None, run_after=None
[2026-05-03T22:56:04.365+0000] {processor.py:208} INFO - Processing /home/ec2-user/environment/lab4_model_training/venv/lib64/python3.12/site-packages/airflow/example_dags/example_dataset_alias_with_no_taskflow.py took 0.152 seconds
[2026-05-03T22:57:09.714+0000] {processor.py:186} INFO - Started process (PID=58915) to work on /home/ec2-user/environment/lab4_model_training/venv/lib64/python3.12/site-packages/airflow/example_dags/example_dataset_alias_with_no_taskflow.py
[2026-05-03T22:57:09.715+0000] {processor.py:914} INFO - Processing file /home/ec2-user/environment/lab4_model_training/venv/lib64/python3.12/site-packages/airflow/example_dags/example_dataset_alias_with_no_taskflow.py for tasks to queue
[2026-05-03T22:57:09.716+0000] {logging_mixin.py:190} INFO - [2026-05-03T22:57:09.716+0000] {dagbag.py:588} INFO - Filling up the DagBag from /home/ec2-user/environment/lab4_model_training/venv/lib64/python3.12/site-packages/airflow/example_dags/example_dataset_alias_with_no_taskflow.py
[2026-05-03T22:57:09.811+0000] {processor.py:925} INFO - DAG(s) 'dataset_s3_bucket_producer_with_no_taskflow', 'dataset_alias_example_alias_consumer_with_no_taskflow', 'dataset_s3_bucket_consumer_with_no_taskflow', 'dataset_alias_example_alias_producer_with_no_taskflow' retrieved from /home/ec2-user/environment/lab4_model_training/venv/lib64/python3.12/site-packages/airflow/example_dags/example_dataset_alias_with_no_taskflow.py
[2026-05-03T22:57:09.825+0000] {logging_mixin.py:190} INFO - [2026-05-03T22:57:09.825+0000] {dag.py:3239} INFO - Sync 4 DAGs
[2026-05-03T22:57:09.839+0000] {logging_mixin.py:190} INFO - [2026-05-03T22:57:09.838+0000] {dag.py:4180} INFO - Setting next_dagrun for dataset_alias_example_alias_consumer_with_no_taskflow to None, run_after=None
[2026-05-03T22:57:09.840+0000] {logging_mixin.py:190} INFO - [2026-05-03T22:57:09.840+0000] {dag.py:4180} INFO - Setting next_dagrun for dataset_alias_example_alias_producer_with_no_taskflow to None, run_after=None
[2026-05-03T22:57:09.841+0000] {logging_mixin.py:190} INFO - [2026-05-03T22:57:09.841+0000] {dag.py:4180} INFO - Setting next_dagrun for dataset_s3_bucket_consumer_with_no_taskflow to None, run_after=None
[2026-05-03T22:57:09.842+0000] {logging_mixin.py:190} INFO - [2026-05-03T22:57:09.842+0000] {dag.py:4180} INFO - Setting next_dagrun for dataset_s3_bucket_producer_with_no_taskflow to None, run_after=None
[2026-05-03T22:57:09.859+0000] {processor.py:208} INFO - Processing /home/ec2-user/environment/lab4_model_training/venv/lib64/python3.12/site-packages/airflow/example_dags/example_dataset_alias_with_no_taskflow.py took 0.149 seconds
[2026-05-03T22:58:16.299+0000] {processor.py:186} INFO - Started process (PID=59245) to work on /home/ec2-user/environment/lab4_model_training/venv/lib64/python3.12/site-packages/airflow/example_dags/example_dataset_alias_with_no_taskflow.py
[2026-05-03T22:58:16.301+0000] {processor.py:914} INFO - Processing file /home/ec2-user/environment/lab4_model_training/venv/lib64/python3.12/site-packages/airflow/example_dags/example_dataset_alias_with_no_taskflow.py for tasks to queue
[2026-05-03T22:58:16.302+0000] {logging_mixin.py:190} INFO - [2026-05-03T22:58:16.302+0000] {dagbag.py:588} INFO - Filling up the DagBag from /home/ec2-user/environment/lab4_model_training/venv/lib64/python3.12/site-packages/airflow/example_dags/example_dataset_alias_with_no_taskflow.py
[2026-05-03T22:58:16.400+0000] {processor.py:925} INFO - DAG(s) 'dataset_s3_bucket_producer_with_no_taskflow', 'dataset_alias_example_alias_producer_with_no_taskflow', 'dataset_alias_example_alias_consumer_with_no_taskflow', 'dataset_s3_bucket_consumer_with_no_taskflow' retrieved from /home/ec2-user/environment/lab4_model_training/venv/lib64/python3.12/site-packages/airflow/example_dags/example_dataset_alias_with_no_taskflow.py
[2026-05-03T22:58:16.415+0000] {logging_mixin.py:190} INFO - [2026-05-03T22:58:16.415+0000] {dag.py:3239} INFO - Sync 4 DAGs
[2026-05-03T22:58:16.429+0000] {logging_mixin.py:190} INFO - [2026-05-03T22:58:16.429+0000] {dag.py:4180} INFO - Setting next_dagrun for dataset_alias_example_alias_consumer_with_no_taskflow to None, run_after=None
[2026-05-03T22:58:16.431+0000] {logging_mixin.py:190} INFO - [2026-05-03T22:58:16.431+0000] {dag.py:4180} INFO - Setting next_dagrun for dataset_alias_example_alias_producer_with_no_taskflow to None, run_after=None
[2026-05-03T22:58:16.431+0000] {logging_mixin.py:190} INFO - [2026-05-03T22:58:16.431+0000] {dag.py:4180} INFO - Setting next_dagrun for dataset_s3_bucket_consumer_with_no_taskflow to None, run_after=None
[2026-05-03T22:58:16.432+0000] {logging_mixin.py:190} INFO - [2026-05-03T22:58:16.432+0000] {dag.py:4180} INFO - Setting next_dagrun for dataset_s3_bucket_producer_with_no_taskflow to None, run_after=None
[2026-05-03T22:58:16.450+0000] {processor.py:208} INFO - Processing /home/ec2-user/environment/lab4_model_training/venv/lib64/python3.12/site-packages/airflow/example_dags/example_dataset_alias_with_no_taskflow.py took 0.155 seconds
[2026-05-03T22:59:21.784+0000] {processor.py:186} INFO - Started process (PID=59518) to work on /home/ec2-user/environment/lab4_model_training/venv/lib64/python3.12/site-packages/airflow/example_dags/example_dataset_alias_with_no_taskflow.py
[2026-05-03T22:59:21.785+0000] {processor.py:914} INFO - Processing file /home/ec2-user/environment/lab4_model_training/venv/lib64/python3.12/site-packages/airflow/example_dags/example_dataset_alias_with_no_taskflow.py for tasks to queue
[2026-05-03T22:59:21.786+0000] {logging_mixin.py:190} INFO - [2026-05-03T22:59:21.786+0000] {dagbag.py:588} INFO - Filling up the DagBag from /home/ec2-user/environment/lab4_model_training/venv/lib64/python3.12/site-packages/airflow/example_dags/example_dataset_alias_with_no_taskflow.py
[2026-05-03T22:59:21.880+0000] {processor.py:925} INFO - DAG(s) 'dataset_alias_example_alias_consumer_with_no_taskflow', 'dataset_alias_example_alias_producer_with_no_taskflow', 'dataset_s3_bucket_producer_with_no_taskflow', 'dataset_s3_bucket_consumer_with_no_taskflow' retrieved from /home/ec2-user/environment/lab4_model_training/venv/lib64/python3.12/site-packages/airflow/example_dags/example_dataset_alias_with_no_taskflow.py
[2026-05-03T22:59:21.896+0000] {logging_mixin.py:190} INFO - [2026-05-03T22:59:21.896+0000] {dag.py:3239} INFO - Sync 4 DAGs
[2026-05-03T22:59:21.910+0000] {logging_mixin.py:190} INFO - [2026-05-03T22:59:21.910+0000] {dag.py:4180} INFO - Setting next_dagrun for dataset_alias_example_alias_consumer_with_no_taskflow to None, run_after=None
[2026-05-03T22:59:21.911+0000] {logging_mixin.py:190} INFO - [2026-05-03T22:59:21.911+0000] {dag.py:4180} INFO - Setting next_dagrun for dataset_alias_example_alias_producer_with_no_taskflow to None, run_after=None
[2026-05-03T22:59:21.912+0000] {logging_mixin.py:190} INFO - [2026-05-03T22:59:21.912+0000] {dag.py:4180} INFO - Setting next_dagrun for dataset_s3_bucket_consumer_with_no_taskflow to None, run_after=None
[2026-05-03T22:59:21.912+0000] {logging_mixin.py:190} INFO - [2026-05-03T22:59:21.912+0000] {dag.py:4180} INFO - Setting next_dagrun for dataset_s3_bucket_producer_with_no_taskflow to None, run_after=None
[2026-05-03T22:59:21.930+0000] {processor.py:208} INFO - Processing /home/ec2-user/environment/lab4_model_training/venv/lib64/python3.12/site-packages/airflow/example_dags/example_dataset_alias_with_no_taskflow.py took 0.150 seconds
[2026-05-03T23:00:24.821+0000] {processor.py:186} INFO - Started process (PID=59832) to work on /home/ec2-user/environment/lab4_model_training/venv/lib64/python3.12/site-packages/airflow/example_dags/example_dataset_alias_with_no_taskflow.py
[2026-05-03T23:00:24.823+0000] {processor.py:914} INFO - Processing file /home/ec2-user/environment/lab4_model_training/venv/lib64/python3.12/site-packages/airflow/example_dags/example_dataset_alias_with_no_taskflow.py for tasks to queue
[2026-05-03T23:00:24.824+0000] {logging_mixin.py:190} INFO - [2026-05-03T23:00:24.824+0000] {dagbag.py:588} INFO - Filling up the DagBag from /home/ec2-user/environment/lab4_model_training/venv/lib64/python3.12/site-packages/airflow/example_dags/example_dataset_alias_with_no_taskflow.py
[2026-05-03T23:00:24.918+0000] {processor.py:925} INFO - DAG(s) 'dataset_alias_example_alias_producer_with_no_taskflow', 'dataset_alias_example_alias_consumer_with_no_taskflow', 'dataset_s3_bucket_consumer_with_no_taskflow', 'dataset_s3_bucket_producer_with_no_taskflow' retrieved from /home/ec2-user/environment/lab4_model_training/venv/lib64/python3.12/site-packages/airflow/example_dags/example_dataset_alias_with_no_taskflow.py
[2026-05-03T23:00:24.934+0000] {logging_mixin.py:190} INFO - [2026-05-03T23:00:24.933+0000] {dag.py:3239} INFO - Sync 4 DAGs
[2026-05-03T23:00:24.948+0000] {logging_mixin.py:190} INFO - [2026-05-03T23:00:24.948+0000] {dag.py:4180} INFO - Setting next_dagrun for dataset_alias_example_alias_consumer_with_no_taskflow to None, run_after=None
[2026-05-03T23:00:24.949+0000] {logging_mixin.py:190} INFO - [2026-05-03T23:00:24.949+0000] {dag.py:4180} INFO - Setting next_dagrun for dataset_alias_example_alias_producer_with_no_taskflow to None, run_after=None
[2026-05-03T23:00:24.950+0000] {logging_mixin.py:190} INFO - [2026-05-03T23:00:24.950+0000] {dag.py:4180} INFO - Setting next_dagrun for dataset_s3_bucket_consumer_with_no_taskflow to None, run_after=None
[2026-05-03T23:00:24.950+0000] {logging_mixin.py:190} INFO - [2026-05-03T23:00:24.950+0000] {dag.py:4180} INFO - Setting next_dagrun for dataset_s3_bucket_producer_with_no_taskflow to None, run_after=None
[2026-05-03T23:00:24.968+0000] {processor.py:208} INFO - Processing /home/ec2-user/environment/lab4_model_training/venv/lib64/python3.12/site-packages/airflow/example_dags/example_dataset_alias_with_no_taskflow.py took 0.150 seconds
[2026-05-03T23:01:33.642+0000] {processor.py:186} INFO - Started process (PID=60108) to work on /home/ec2-user/environment/lab4_model_training/venv/lib64/python3.12/site-packages/airflow/example_dags/example_dataset_alias_with_no_taskflow.py
[2026-05-03T23:01:33.643+0000] {processor.py:914} INFO - Processing file /home/ec2-user/environment/lab4_model_training/venv/lib64/python3.12/site-packages/airflow/example_dags/example_dataset_alias_with_no_taskflow.py for tasks to queue
[2026-05-03T23:01:33.644+0000] {logging_mixin.py:190} INFO - [2026-05-03T23:01:33.644+0000] {dagbag.py:588} INFO - Filling up the DagBag from /home/ec2-user/environment/lab4_model_training/venv/lib64/python3.12/site-packages/airflow/example_dags/example_dataset_alias_with_no_taskflow.py
[2026-05-03T23:01:33.739+0000] {processor.py:925} INFO - DAG(s) 'dataset_alias_example_alias_consumer_with_no_taskflow', 'dataset_alias_example_alias_producer_with_no_taskflow', 'dataset_s3_bucket_producer_with_no_taskflow', 'dataset_s3_bucket_consumer_with_no_taskflow' retrieved from /home/ec2-user/environment/lab4_model_training/venv/lib64/python3.12/site-packages/airflow/example_dags/example_dataset_alias_with_no_taskflow.py
[2026-05-03T23:01:33.754+0000] {logging_mixin.py:190} INFO - [2026-05-03T23:01:33.754+0000] {dag.py:3239} INFO - Sync 4 DAGs
[2026-05-03T23:01:33.768+0000] {logging_mixin.py:190} INFO - [2026-05-03T23:01:33.768+0000] {dag.py:4180} INFO - Setting next_dagrun for dataset_alias_example_alias_consumer_with_no_taskflow to None, run_after=None
[2026-05-03T23:01:33.769+0000] {logging_mixin.py:190} INFO - [2026-05-03T23:01:33.769+0000] {dag.py:4180} INFO - Setting next_dagrun for dataset_alias_example_alias_producer_with_no_taskflow to None, run_after=None
[2026-05-03T23:01:33.770+0000] {logging_mixin.py:190} INFO - [2026-05-03T23:01:33.770+0000] {dag.py:4180} INFO - Setting next_dagrun for dataset_s3_bucket_consumer_with_no_taskflow to None, run_after=None
[2026-05-03T23:01:33.771+0000] {logging_mixin.py:190} INFO - [2026-05-03T23:01:33.770+0000] {dag.py:4180} INFO - Setting next_dagrun for dataset_s3_bucket_producer_with_no_taskflow to None, run_after=None
[2026-05-03T23:01:33.788+0000] {processor.py:208} INFO - Processing /home/ec2-user/environment/lab4_model_training/venv/lib64/python3.12/site-packages/airflow/example_dags/example_dataset_alias_with_no_taskflow.py took 0.151 seconds
[2026-05-03T23:02:37.282+0000] {processor.py:186} INFO - Started process (PID=60440) to work on /home/ec2-user/environment/lab4_model_training/venv/lib64/python3.12/site-packages/airflow/example_dags/example_dataset_alias_with_no_taskflow.py
[2026-05-03T23:02:37.283+0000] {processor.py:914} INFO - Processing file /home/ec2-user/environment/lab4_model_training/venv/lib64/python3.12/site-packages/airflow/example_dags/example_dataset_alias_with_no_taskflow.py for tasks to queue
[2026-05-03T23:02:37.285+0000] {logging_mixin.py:190} INFO - [2026-05-03T23:02:37.285+0000] {dagbag.py:588} INFO - Filling up the DagBag from /home/ec2-user/environment/lab4_model_training/venv/lib64/python3.12/site-packages/airflow/example_dags/example_dataset_alias_with_no_taskflow.py
[2026-05-03T23:02:37.383+0000] {processor.py:925} INFO - DAG(s) 'dataset_s3_bucket_consumer_with_no_taskflow', 'dataset_s3_bucket_producer_with_no_taskflow', 'dataset_alias_example_alias_producer_with_no_taskflow', 'dataset_alias_example_alias_consumer_with_no_taskflow' retrieved from /home/ec2-user/environment/lab4_model_training/venv/lib64/python3.12/site-packages/airflow/example_dags/example_dataset_alias_with_no_taskflow.py
[2026-05-03T23:02:37.398+0000] {logging_mixin.py:190} INFO - [2026-05-03T23:02:37.398+0000] {dag.py:3239} INFO - Sync 4 DAGs
[2026-05-03T23:02:37.414+0000] {logging_mixin.py:190} INFO - [2026-05-03T23:02:37.414+0000] {dag.py:4180} INFO - Setting next_dagrun for dataset_alias_example_alias_consumer_with_no_taskflow to None, run_after=None
[2026-05-03T23:02:37.415+0000] {logging_mixin.py:190} INFO - [2026-05-03T23:02:37.415+0000] {dag.py:4180} INFO - Setting next_dagrun for dataset_alias_example_alias_producer_with_no_taskflow to None, run_after=None
[2026-05-03T23:02:37.416+0000] {logging_mixin.py:190} INFO - [2026-05-03T23:02:37.416+0000] {dag.py:4180} INFO - Setting next_dagrun for dataset_s3_bucket_consumer_with_no_taskflow to None, run_after=None
[2026-05-03T23:02:37.417+0000] {logging_mixin.py:190} INFO - [2026-05-03T23:02:37.417+0000] {dag.py:4180} INFO - Setting next_dagrun for dataset_s3_bucket_producer_with_no_taskflow to None, run_after=None
[2026-05-03T23:02:37.435+0000] {processor.py:208} INFO - Processing /home/ec2-user/environment/lab4_model_training/venv/lib64/python3.12/site-packages/airflow/example_dags/example_dataset_alias_with_no_taskflow.py took 0.158 seconds
[2026-05-03T23:03:37.046+0000] {processor.py:186} INFO - Started process (PID=60704) to work on /home/ec2-user/environment/lab4_model_training/venv/lib64/python3.12/site-packages/airflow/example_dags/example_dataset_alias_with_no_taskflow.py
[2026-05-03T23:03:37.047+0000] {processor.py:914} INFO - Processing file /home/ec2-user/environment/lab4_model_training/venv/lib64/python3.12/site-packages/airflow/example_dags/example_dataset_alias_with_no_taskflow.py for tasks to queue
[2026-05-03T23:03:37.048+0000] {logging_mixin.py:190} INFO - [2026-05-03T23:03:37.048+0000] {dagbag.py:588} INFO - Filling up the DagBag from /home/ec2-user/environment/lab4_model_training/venv/lib64/python3.12/site-packages/airflow/example_dags/example_dataset_alias_with_no_taskflow.py
[2026-05-03T23:03:37.143+0000] {processor.py:925} INFO - DAG(s) 'dataset_s3_bucket_consumer_with_no_taskflow', 'dataset_s3_bucket_producer_with_no_taskflow', 'dataset_alias_example_alias_producer_with_no_taskflow', 'dataset_alias_example_alias_consumer_with_no_taskflow' retrieved from /home/ec2-user/environment/lab4_model_training/venv/lib64/python3.12/site-packages/airflow/example_dags/example_dataset_alias_with_no_taskflow.py
[2026-05-03T23:03:37.158+0000] {logging_mixin.py:190} INFO - [2026-05-03T23:03:37.158+0000] {dag.py:3239} INFO - Sync 4 DAGs
[2026-05-03T23:03:37.174+0000] {logging_mixin.py:190} INFO - [2026-05-03T23:03:37.173+0000] {dag.py:4180} INFO - Setting next_dagrun for dataset_alias_example_alias_consumer_with_no_taskflow to None, run_after=None
[2026-05-03T23:03:37.175+0000] {logging_mixin.py:190} INFO - [2026-05-03T23:03:37.175+0000] {dag.py:4180} INFO - Setting next_dagrun for dataset_alias_example_alias_producer_with_no_taskflow to None, run_after=None
[2026-05-03T23:03:37.176+0000] {logging_mixin.py:190} INFO - [2026-05-03T23:03:37.175+0000] {dag.py:4180} INFO - Setting next_dagrun for dataset_s3_bucket_consumer_with_no_taskflow to None, run_after=None
[2026-05-03T23:03:37.176+0000] {logging_mixin.py:190} INFO - [2026-05-03T23:03:37.176+0000] {dag.py:4180} INFO - Setting next_dagrun for dataset_s3_bucket_producer_with_no_taskflow to None, run_after=None
[2026-05-03T23:03:37.194+0000] {processor.py:208} INFO - Processing /home/ec2-user/environment/lab4_model_training/venv/lib64/python3.12/site-packages/airflow/example_dags/example_dataset_alias_with_no_taskflow.py took 0.152 seconds
[2026-05-03T23:04:44.838+0000] {processor.py:186} INFO - Started process (PID=61015) to work on /home/ec2-user/environment/lab4_model_training/venv/lib64/python3.12/site-packages/airflow/example_dags/example_dataset_alias_with_no_taskflow.py
[2026-05-03T23:04:44.839+0000] {processor.py:914} INFO - Processing file /home/ec2-user/environment/lab4_model_training/venv/lib64/python3.12/site-packages/airflow/example_dags/example_dataset_alias_with_no_taskflow.py for tasks to queue
[2026-05-03T23:04:44.841+0000] {logging_mixin.py:190} INFO - [2026-05-03T23:04:44.841+0000] {dagbag.py:588} INFO - Filling up the DagBag from /home/ec2-user/environment/lab4_model_training/venv/lib64/python3.12/site-packages/airflow/example_dags/example_dataset_alias_with_no_taskflow.py
[2026-05-03T23:04:44.934+0000] {processor.py:925} INFO - DAG(s) 'dataset_alias_example_alias_producer_with_no_taskflow', 'dataset_s3_bucket_consumer_with_no_taskflow', 'dataset_s3_bucket_producer_with_no_taskflow', 'dataset_alias_example_alias_consumer_with_no_taskflow' retrieved from /home/ec2-user/environment/lab4_model_training/venv/lib64/python3.12/site-packages/airflow/example_dags/example_dataset_alias_with_no_taskflow.py
[2026-05-03T23:04:44.948+0000] {logging_mixin.py:190} INFO - [2026-05-03T23:04:44.948+0000] {dag.py:3239} INFO - Sync 4 DAGs
[2026-05-03T23:04:44.964+0000] {logging_mixin.py:190} INFO - [2026-05-03T23:04:44.964+0000] {dag.py:4180} INFO - Setting next_dagrun for dataset_alias_example_alias_consumer_with_no_taskflow to None, run_after=None
[2026-05-03T23:04:44.965+0000] {logging_mixin.py:190} INFO - [2026-05-03T23:04:44.965+0000] {dag.py:4180} INFO - Setting next_dagrun for dataset_alias_example_alias_producer_with_no_taskflow to None, run_after=None
[2026-05-03T23:04:44.966+0000] {logging_mixin.py:190} INFO - [2026-05-03T23:04:44.966+0000] {dag.py:4180} INFO - Setting next_dagrun for dataset_s3_bucket_consumer_with_no_taskflow to None, run_after=None
[2026-05-03T23:04:44.966+0000] {logging_mixin.py:190} INFO - [2026-05-03T23:04:44.966+0000] {dag.py:4180} INFO - Setting next_dagrun for dataset_s3_bucket_producer_with_no_taskflow to None, run_after=None
[2026-05-03T23:04:44.985+0000] {processor.py:208} INFO - Processing /home/ec2-user/environment/lab4_model_training/venv/lib64/python3.12/site-packages/airflow/example_dags/example_dataset_alias_with_no_taskflow.py took 0.151 seconds
[2026-05-03T23:05:48.478+0000] {processor.py:186} INFO - Started process (PID=61317) to work on /home/ec2-user/environment/lab4_model_training/venv/lib64/python3.12/site-packages/airflow/example_dags/example_dataset_alias_with_no_taskflow.py
[2026-05-03T23:05:48.479+0000] {processor.py:914} INFO - Processing file /home/ec2-user/environment/lab4_model_training/venv/lib64/python3.12/site-packages/airflow/example_dags/example_dataset_alias_with_no_taskflow.py for tasks to queue
[2026-05-03T23:05:48.481+0000] {logging_mixin.py:190} INFO - [2026-05-03T23:05:48.481+0000] {dagbag.py:588} INFO - Filling up the DagBag from /home/ec2-user/environment/lab4_model_training/venv/lib64/python3.12/site-packages/airflow/example_dags/example_dataset_alias_with_no_taskflow.py
[2026-05-03T23:05:48.571+0000] {processor.py:925} INFO - DAG(s) 'dataset_alias_example_alias_producer_with_no_taskflow', 'dataset_s3_bucket_consumer_with_no_taskflow', 'dataset_s3_bucket_producer_with_no_taskflow', 'dataset_alias_example_alias_consumer_with_no_taskflow' retrieved from /home/ec2-user/environment/lab4_model_training/venv/lib64/python3.12/site-packages/airflow/example_dags/example_dataset_alias_with_no_taskflow.py
[2026-05-03T23:05:48.585+0000] {logging_mixin.py:190} INFO - [2026-05-03T23:05:48.585+0000] {dag.py:3239} INFO - Sync 4 DAGs
[2026-05-03T23:05:48.598+0000] {logging_mixin.py:190} INFO - [2026-05-03T23:05:48.598+0000] {dag.py:4180} INFO - Setting next_dagrun for dataset_alias_example_alias_consumer_with_no_taskflow to None, run_after=None
[2026-05-03T23:05:48.600+0000] {logging_mixin.py:190} INFO - [2026-05-03T23:05:48.600+0000] {dag.py:4180} INFO - Setting next_dagrun for dataset_alias_example_alias_producer_with_no_taskflow to None, run_after=None
[2026-05-03T23:05:48.601+0000] {logging_mixin.py:190} INFO - [2026-05-03T23:05:48.601+0000] {dag.py:4180} INFO - Setting next_dagrun for dataset_s3_bucket_consumer_with_no_taskflow to None, run_after=None
[2026-05-03T23:05:48.601+0000] {logging_mixin.py:190} INFO - [2026-05-03T23:05:48.601+0000] {dag.py:4180} INFO - Setting next_dagrun for dataset_s3_bucket_producer_with_no_taskflow to None, run_after=None
[2026-05-03T23:05:48.620+0000] {processor.py:208} INFO - Processing /home/ec2-user/environment/lab4_model_training/venv/lib64/python3.12/site-packages/airflow/example_dags/example_dataset_alias_with_no_taskflow.py took 0.146 seconds
[2026-05-03T23:06:50.265+0000] {processor.py:186} INFO - Started process (PID=61524) to work on /home/ec2-user/environment/lab4_model_training/venv/lib64/python3.12/site-packages/airflow/example_dags/example_dataset_alias_with_no_taskflow.py
[2026-05-03T23:06:50.266+0000] {processor.py:914} INFO - Processing file /home/ec2-user/environment/lab4_model_training/venv/lib64/python3.12/site-packages/airflow/example_dags/example_dataset_alias_with_no_taskflow.py for tasks to queue
[2026-05-03T23:06:50.267+0000] {logging_mixin.py:190} INFO - [2026-05-03T23:06:50.267+0000] {dagbag.py:588} INFO - Filling up the DagBag from /home/ec2-user/environment/lab4_model_training/venv/lib64/python3.12/site-packages/airflow/example_dags/example_dataset_alias_with_no_taskflow.py
[2026-05-03T23:06:50.357+0000] {processor.py:925} INFO - DAG(s) 'dataset_s3_bucket_consumer_with_no_taskflow', 'dataset_alias_example_alias_consumer_with_no_taskflow', 'dataset_s3_bucket_producer_with_no_taskflow', 'dataset_alias_example_alias_producer_with_no_taskflow' retrieved from /home/ec2-user/environment/lab4_model_training/venv/lib64/python3.12/site-packages/airflow/example_dags/example_dataset_alias_with_no_taskflow.py
[2026-05-03T23:06:50.371+0000] {logging_mixin.py:190} INFO - [2026-05-03T23:06:50.371+0000] {dag.py:3239} INFO - Sync 4 DAGs
[2026-05-03T23:06:50.385+0000] {logging_mixin.py:190} INFO - [2026-05-03T23:06:50.385+0000] {dag.py:4180} INFO - Setting next_dagrun for dataset_alias_example_alias_consumer_with_no_taskflow to None, run_after=None
[2026-05-03T23:06:50.386+0000] {logging_mixin.py:190} INFO - [2026-05-03T23:06:50.386+0000] {dag.py:4180} INFO - Setting next_dagrun for dataset_alias_example_alias_producer_with_no_taskflow to None, run_after=None
[2026-05-03T23:06:50.387+0000] {logging_mixin.py:190} INFO - [2026-05-03T23:06:50.387+0000] {dag.py:4180} INFO - Setting next_dagrun for dataset_s3_bucket_consumer_with_no_taskflow to None, run_after=None
[2026-05-03T23:06:50.387+0000] {logging_mixin.py:190} INFO - [2026-05-03T23:06:50.387+0000] {dag.py:4180} INFO - Setting next_dagrun for dataset_s3_bucket_producer_with_no_taskflow to None, run_after=None
[2026-05-03T23:06:50.405+0000] {processor.py:208} INFO - Processing /home/ec2-user/environment/lab4_model_training/venv/lib64/python3.12/site-packages/airflow/example_dags/example_dataset_alias_with_no_taskflow.py took 0.145 seconds
[2026-05-03T23:07:56.658+0000] {processor.py:186} INFO - Started process (PID=61864) to work on /home/ec2-user/environment/lab4_model_training/venv/lib64/python3.12/site-packages/airflow/example_dags/example_dataset_alias_with_no_taskflow.py
[2026-05-03T23:07:56.660+0000] {processor.py:914} INFO - Processing file /home/ec2-user/environment/lab4_model_training/venv/lib64/python3.12/site-packages/airflow/example_dags/example_dataset_alias_with_no_taskflow.py for tasks to queue
[2026-05-03T23:07:56.661+0000] {logging_mixin.py:190} INFO - [2026-05-03T23:07:56.661+0000] {dagbag.py:588} INFO - Filling up the DagBag from /home/ec2-user/environment/lab4_model_training/venv/lib64/python3.12/site-packages/airflow/example_dags/example_dataset_alias_with_no_taskflow.py
[2026-05-03T23:07:56.755+0000] {processor.py:925} INFO - DAG(s) 'dataset_alias_example_alias_consumer_with_no_taskflow', 'dataset_s3_bucket_producer_with_no_taskflow', 'dataset_s3_bucket_consumer_with_no_taskflow', 'dataset_alias_example_alias_producer_with_no_taskflow' retrieved from /home/ec2-user/environment/lab4_model_training/venv/lib64/python3.12/site-packages/airflow/example_dags/example_dataset_alias_with_no_taskflow.py
[2026-05-03T23:07:56.769+0000] {logging_mixin.py:190} INFO - [2026-05-03T23:07:56.769+0000] {dag.py:3239} INFO - Sync 4 DAGs
[2026-05-03T23:07:56.784+0000] {logging_mixin.py:190} INFO - [2026-05-03T23:07:56.784+0000] {dag.py:4180} INFO - Setting next_dagrun for dataset_alias_example_alias_consumer_with_no_taskflow to None, run_after=None
[2026-05-03T23:07:56.785+0000] {logging_mixin.py:190} INFO - [2026-05-03T23:07:56.785+0000] {dag.py:4180} INFO - Setting next_dagrun for dataset_alias_example_alias_producer_with_no_taskflow to None, run_after=None
[2026-05-03T23:07:56.786+0000] {logging_mixin.py:190} INFO - [2026-05-03T23:07:56.786+0000] {dag.py:4180} INFO - Setting next_dagrun for dataset_s3_bucket_consumer_with_no_taskflow to None, run_after=None
[2026-05-03T23:07:56.786+0000] {logging_mixin.py:190} INFO - [2026-05-03T23:07:56.786+0000] {dag.py:4180} INFO - Setting next_dagrun for dataset_s3_bucket_producer_with_no_taskflow to None, run_after=None
[2026-05-03T23:07:56.804+0000] {processor.py:208} INFO - Processing /home/ec2-user/environment/lab4_model_training/venv/lib64/python3.12/site-packages/airflow/example_dags/example_dataset_alias_with_no_taskflow.py took 0.150 seconds
[2026-05-03T23:09:00.488+0000] {processor.py:186} INFO - Started process (PID=62039) to work on /home/ec2-user/environment/lab4_model_training/venv/lib64/python3.12/site-packages/airflow/example_dags/example_dataset_alias_with_no_taskflow.py
[2026-05-03T23:09:00.489+0000] {processor.py:914} INFO - Processing file /home/ec2-user/environment/lab4_model_training/venv/lib64/python3.12/site-packages/airflow/example_dags/example_dataset_alias_with_no_taskflow.py for tasks to queue
[2026-05-03T23:09:00.490+0000] {logging_mixin.py:190} INFO - [2026-05-03T23:09:00.490+0000] {dagbag.py:588} INFO - Filling up the DagBag from /home/ec2-user/environment/lab4_model_training/venv/lib64/python3.12/site-packages/airflow/example_dags/example_dataset_alias_with_no_taskflow.py
[2026-05-03T23:09:00.581+0000] {processor.py:925} INFO - DAG(s) 'dataset_s3_bucket_consumer_with_no_taskflow', 'dataset_alias_example_alias_consumer_with_no_taskflow', 'dataset_s3_bucket_producer_with_no_taskflow', 'dataset_alias_example_alias_producer_with_no_taskflow' retrieved from /home/ec2-user/environment/lab4_model_training/venv/lib64/python3.12/site-packages/airflow/example_dags/example_dataset_alias_with_no_taskflow.py
[2026-05-03T23:09:00.596+0000] {logging_mixin.py:190} INFO - [2026-05-03T23:09:00.596+0000] {dag.py:3239} INFO - Sync 4 DAGs
[2026-05-03T23:09:00.612+0000] {logging_mixin.py:190} INFO - [2026-05-03T23:09:00.612+0000] {dag.py:4180} INFO - Setting next_dagrun for dataset_alias_example_alias_consumer_with_no_taskflow to None, run_after=None
[2026-05-03T23:09:00.613+0000] {logging_mixin.py:190} INFO - [2026-05-03T23:09:00.613+0000] {dag.py:4180} INFO - Setting next_dagrun for dataset_alias_example_alias_producer_with_no_taskflow to None, run_after=None
[2026-05-03T23:09:00.614+0000] {logging_mixin.py:190} INFO - [2026-05-03T23:09:00.614+0000] {dag.py:4180} INFO - Setting next_dagrun for dataset_s3_bucket_consumer_with_no_taskflow to None, run_after=None
[2026-05-03T23:09:00.615+0000] {logging_mixin.py:190} INFO - [2026-05-03T23:09:00.615+0000] {dag.py:4180} INFO - Setting next_dagrun for dataset_s3_bucket_producer_with_no_taskflow to None, run_after=None
[2026-05-03T23:09:00.633+0000] {processor.py:208} INFO - Processing /home/ec2-user/environment/lab4_model_training/venv/lib64/python3.12/site-packages/airflow/example_dags/example_dataset_alias_with_no_taskflow.py took 0.150 seconds
[2026-05-03T23:10:03.107+0000] {processor.py:186} INFO - Started process (PID=62324) to work on /home/ec2-user/environment/lab4_model_training/venv/lib64/python3.12/site-packages/airflow/example_dags/example_dataset_alias_with_no_taskflow.py
[2026-05-03T23:10:03.108+0000] {processor.py:914} INFO - Processing file /home/ec2-user/environment/lab4_model_training/venv/lib64/python3.12/site-packages/airflow/example_dags/example_dataset_alias_with_no_taskflow.py for tasks to queue
[2026-05-03T23:10:03.109+0000] {logging_mixin.py:190} INFO - [2026-05-03T23:10:03.109+0000] {dagbag.py:588} INFO - Filling up the DagBag from /home/ec2-user/environment/lab4_model_training/venv/lib64/python3.12/site-packages/airflow/example_dags/example_dataset_alias_with_no_taskflow.py
[2026-05-03T23:10:03.200+0000] {processor.py:925} INFO - DAG(s) 'dataset_alias_example_alias_consumer_with_no_taskflow', 'dataset_alias_example_alias_producer_with_no_taskflow', 'dataset_s3_bucket_consumer_with_no_taskflow', 'dataset_s3_bucket_producer_with_no_taskflow' retrieved from /home/ec2-user/environment/lab4_model_training/venv/lib64/python3.12/site-packages/airflow/example_dags/example_dataset_alias_with_no_taskflow.py
[2026-05-03T23:10:03.215+0000] {logging_mixin.py:190} INFO - [2026-05-03T23:10:03.215+0000] {dag.py:3239} INFO - Sync 4 DAGs
[2026-05-03T23:10:03.229+0000] {logging_mixin.py:190} INFO - [2026-05-03T23:10:03.229+0000] {dag.py:4180} INFO - Setting next_dagrun for dataset_alias_example_alias_consumer_with_no_taskflow to None, run_after=None
[2026-05-03T23:10:03.231+0000] {logging_mixin.py:190} INFO - [2026-05-03T23:10:03.231+0000] {dag.py:4180} INFO - Setting next_dagrun for dataset_alias_example_alias_producer_with_no_taskflow to None, run_after=None
[2026-05-03T23:10:03.232+0000] {logging_mixin.py:190} INFO - [2026-05-03T23:10:03.231+0000] {dag.py:4180} INFO - Setting next_dagrun for dataset_s3_bucket_consumer_with_no_taskflow to None, run_after=None
[2026-05-03T23:10:03.233+0000] {logging_mixin.py:190} INFO - [2026-05-03T23:10:03.232+0000] {dag.py:4180} INFO - Setting next_dagrun for dataset_s3_bucket_producer_with_no_taskflow to None, run_after=None
[2026-05-03T23:10:03.251+0000] {processor.py:208} INFO - Processing /home/ec2-user/environment/lab4_model_training/venv/lib64/python3.12/site-packages/airflow/example_dags/example_dataset_alias_with_no_taskflow.py took 0.148 seconds
[2026-05-03T23:11:09.444+0000] {processor.py:186} INFO - Started process (PID=62526) to work on /home/ec2-user/environment/lab4_model_training/venv/lib64/python3.12/site-packages/airflow/example_dags/example_dataset_alias_with_no_taskflow.py
[2026-05-03T23:11:09.445+0000] {processor.py:914} INFO - Processing file /home/ec2-user/environment/lab4_model_training/venv/lib64/python3.12/site-packages/airflow/example_dags/example_dataset_alias_with_no_taskflow.py for tasks to queue
[2026-05-03T23:11:09.446+0000] {logging_mixin.py:190} INFO - [2026-05-03T23:11:09.446+0000] {dagbag.py:588} INFO - Filling up the DagBag from /home/ec2-user/environment/lab4_model_training/venv/lib64/python3.12/site-packages/airflow/example_dags/example_dataset_alias_with_no_taskflow.py
[2026-05-03T23:11:09.535+0000] {processor.py:925} INFO - DAG(s) 'dataset_s3_bucket_producer_with_no_taskflow', 'dataset_alias_example_alias_producer_with_no_taskflow', 'dataset_alias_example_alias_consumer_with_no_taskflow', 'dataset_s3_bucket_consumer_with_no_taskflow' retrieved from /home/ec2-user/environment/lab4_model_training/venv/lib64/python3.12/site-packages/airflow/example_dags/example_dataset_alias_with_no_taskflow.py
[2026-05-03T23:11:09.549+0000] {logging_mixin.py:190} INFO - [2026-05-03T23:11:09.549+0000] {dag.py:3239} INFO - Sync 4 DAGs
[2026-05-03T23:11:09.565+0000] {logging_mixin.py:190} INFO - [2026-05-03T23:11:09.564+0000] {dag.py:4180} INFO - Setting next_dagrun for dataset_alias_example_alias_consumer_with_no_taskflow to None, run_after=None
[2026-05-03T23:11:09.566+0000] {logging_mixin.py:190} INFO - [2026-05-03T23:11:09.566+0000] {dag.py:4180} INFO - Setting next_dagrun for dataset_alias_example_alias_producer_with_no_taskflow to None, run_after=None
[2026-05-03T23:11:09.567+0000] {logging_mixin.py:190} INFO - [2026-05-03T23:11:09.566+0000] {dag.py:4180} INFO - Setting next_dagrun for dataset_s3_bucket_consumer_with_no_taskflow to None, run_after=None
[2026-05-03T23:11:09.567+0000] {logging_mixin.py:190} INFO - [2026-05-03T23:11:09.567+0000] {dag.py:4180} INFO - Setting next_dagrun for dataset_s3_bucket_producer_with_no_taskflow to None, run_after=None
[2026-05-03T23:11:09.586+0000] {processor.py:208} INFO - Processing /home/ec2-user/environment/lab4_model_training/venv/lib64/python3.12/site-packages/airflow/example_dags/example_dataset_alias_with_no_taskflow.py took 0.146 seconds
[2026-05-03T23:12:14.747+0000] {processor.py:186} INFO - Started process (PID=62716) to work on /home/ec2-user/environment/lab4_model_training/venv/lib64/python3.12/site-packages/airflow/example_dags/example_dataset_alias_with_no_taskflow.py
[2026-05-03T23:12:14.748+0000] {processor.py:914} INFO - Processing file /home/ec2-user/environment/lab4_model_training/venv/lib64/python3.12/site-packages/airflow/example_dags/example_dataset_alias_with_no_taskflow.py for tasks to queue
[2026-05-03T23:12:14.749+0000] {logging_mixin.py:190} INFO - [2026-05-03T23:12:14.749+0000] {dagbag.py:588} INFO - Filling up the DagBag from /home/ec2-user/environment/lab4_model_training/venv/lib64/python3.12/site-packages/airflow/example_dags/example_dataset_alias_with_no_taskflow.py
[2026-05-03T23:12:14.840+0000] {processor.py:925} INFO - DAG(s) 'dataset_alias_example_alias_producer_with_no_taskflow', 'dataset_s3_bucket_producer_with_no_taskflow', 'dataset_s3_bucket_consumer_with_no_taskflow', 'dataset_alias_example_alias_consumer_with_no_taskflow' retrieved from /home/ec2-user/environment/lab4_model_training/venv/lib64/python3.12/site-packages/airflow/example_dags/example_dataset_alias_with_no_taskflow.py
[2026-05-03T23:12:14.855+0000] {logging_mixin.py:190} INFO - [2026-05-03T23:12:14.854+0000] {dag.py:3239} INFO - Sync 4 DAGs
[2026-05-03T23:12:14.870+0000] {logging_mixin.py:190} INFO - [2026-05-03T23:12:14.870+0000] {dag.py:4180} INFO - Setting next_dagrun for dataset_alias_example_alias_consumer_with_no_taskflow to None, run_after=None
[2026-05-03T23:12:14.872+0000] {logging_mixin.py:190} INFO - [2026-05-03T23:12:14.871+0000] {dag.py:4180} INFO - Setting next_dagrun for dataset_alias_example_alias_producer_with_no_taskflow to None, run_after=None
[2026-05-03T23:12:14.872+0000] {logging_mixin.py:190} INFO - [2026-05-03T23:12:14.872+0000] {dag.py:4180} INFO - Setting next_dagrun for dataset_s3_bucket_consumer_with_no_taskflow to None, run_after=None
[2026-05-03T23:12:14.873+0000] {logging_mixin.py:190} INFO - [2026-05-03T23:12:14.873+0000] {dag.py:4180} INFO - Setting next_dagrun for dataset_s3_bucket_producer_with_no_taskflow to None, run_after=None
[2026-05-03T23:12:14.891+0000] {processor.py:208} INFO - Processing /home/ec2-user/environment/lab4_model_training/venv/lib64/python3.12/site-packages/airflow/example_dags/example_dataset_alias_with_no_taskflow.py took 0.149 seconds
[2026-05-03T23:13:23.532+0000] {processor.py:186} INFO - Started process (PID=62883) to work on /home/ec2-user/environment/lab4_model_training/venv/lib64/python3.12/site-packages/airflow/example_dags/example_dataset_alias_with_no_taskflow.py
[2026-05-03T23:13:23.533+0000] {processor.py:914} INFO - Processing file /home/ec2-user/environment/lab4_model_training/venv/lib64/python3.12/site-packages/airflow/example_dags/example_dataset_alias_with_no_taskflow.py for tasks to queue
[2026-05-03T23:13:23.535+0000] {logging_mixin.py:190} INFO - [2026-05-03T23:13:23.534+0000] {dagbag.py:588} INFO - Filling up the DagBag from /home/ec2-user/environment/lab4_model_training/venv/lib64/python3.12/site-packages/airflow/example_dags/example_dataset_alias_with_no_taskflow.py
[2026-05-03T23:13:23.624+0000] {processor.py:925} INFO - DAG(s) 'dataset_alias_example_alias_producer_with_no_taskflow', 'dataset_alias_example_alias_consumer_with_no_taskflow', 'dataset_s3_bucket_producer_with_no_taskflow', 'dataset_s3_bucket_consumer_with_no_taskflow' retrieved from /home/ec2-user/environment/lab4_model_training/venv/lib64/python3.12/site-packages/airflow/example_dags/example_dataset_alias_with_no_taskflow.py
[2026-05-03T23:13:23.639+0000] {logging_mixin.py:190} INFO - [2026-05-03T23:13:23.638+0000] {dag.py:3239} INFO - Sync 4 DAGs
[2026-05-03T23:13:23.654+0000] {logging_mixin.py:190} INFO - [2026-05-03T23:13:23.654+0000] {dag.py:4180} INFO - Setting next_dagrun for dataset_alias_example_alias_consumer_with_no_taskflow to None, run_after=None
[2026-05-03T23:13:23.656+0000] {logging_mixin.py:190} INFO - [2026-05-03T23:13:23.656+0000] {dag.py:4180} INFO - Setting next_dagrun for dataset_alias_example_alias_producer_with_no_taskflow to None, run_after=None
[2026-05-03T23:13:23.656+0000] {logging_mixin.py:190} INFO - [2026-05-03T23:13:23.656+0000] {dag.py:4180} INFO - Setting next_dagrun for dataset_s3_bucket_consumer_with_no_taskflow to None, run_after=None
[2026-05-03T23:13:23.657+0000] {logging_mixin.py:190} INFO - [2026-05-03T23:13:23.657+0000] {dag.py:4180} INFO - Setting next_dagrun for dataset_s3_bucket_producer_with_no_taskflow to None, run_after=None
[2026-05-03T23:13:23.674+0000] {processor.py:208} INFO - Processing /home/ec2-user/environment/lab4_model_training/venv/lib64/python3.12/site-packages/airflow/example_dags/example_dataset_alias_with_no_taskflow.py took 0.147 seconds
[2026-05-03T23:14:28.095+0000] {processor.py:186} INFO - Started process (PID=63088) to work on /home/ec2-user/environment/lab4_model_training/venv/lib64/python3.12/site-packages/airflow/example_dags/example_dataset_alias_with_no_taskflow.py
[2026-05-03T23:14:28.096+0000] {processor.py:914} INFO - Processing file /home/ec2-user/environment/lab4_model_training/venv/lib64/python3.12/site-packages/airflow/example_dags/example_dataset_alias_with_no_taskflow.py for tasks to queue
[2026-05-03T23:14:28.098+0000] {logging_mixin.py:190} INFO - [2026-05-03T23:14:28.097+0000] {dagbag.py:588} INFO - Filling up the DagBag from /home/ec2-user/environment/lab4_model_training/venv/lib64/python3.12/site-packages/airflow/example_dags/example_dataset_alias_with_no_taskflow.py
[2026-05-03T23:14:28.188+0000] {processor.py:925} INFO - DAG(s) 'dataset_s3_bucket_producer_with_no_taskflow', 'dataset_alias_example_alias_producer_with_no_taskflow', 'dataset_s3_bucket_consumer_with_no_taskflow', 'dataset_alias_example_alias_consumer_with_no_taskflow' retrieved from /home/ec2-user/environment/lab4_model_training/venv/lib64/python3.12/site-packages/airflow/example_dags/example_dataset_alias_with_no_taskflow.py
[2026-05-03T23:14:28.203+0000] {logging_mixin.py:190} INFO - [2026-05-03T23:14:28.202+0000] {dag.py:3239} INFO - Sync 4 DAGs
[2026-05-03T23:14:28.217+0000] {logging_mixin.py:190} INFO - [2026-05-03T23:14:28.217+0000] {dag.py:4180} INFO - Setting next_dagrun for dataset_alias_example_alias_consumer_with_no_taskflow to None, run_after=None
[2026-05-03T23:14:28.218+0000] {logging_mixin.py:190} INFO - [2026-05-03T23:14:28.218+0000] {dag.py:4180} INFO - Setting next_dagrun for dataset_alias_example_alias_producer_with_no_taskflow to None, run_after=None
[2026-05-03T23:14:28.219+0000] {logging_mixin.py:190} INFO - [2026-05-03T23:14:28.219+0000] {dag.py:4180} INFO - Setting next_dagrun for dataset_s3_bucket_consumer_with_no_taskflow to None, run_after=None
[2026-05-03T23:14:28.219+0000] {logging_mixin.py:190} INFO - [2026-05-03T23:14:28.219+0000] {dag.py:4180} INFO - Setting next_dagrun for dataset_s3_bucket_producer_with_no_taskflow to None, run_after=None
[2026-05-03T23:14:28.239+0000] {processor.py:208} INFO - Processing /home/ec2-user/environment/lab4_model_training/venv/lib64/python3.12/site-packages/airflow/example_dags/example_dataset_alias_with_no_taskflow.py took 0.148 seconds
[2026-05-03T23:15:31.228+0000] {processor.py:186} INFO - Started process (PID=63317) to work on /home/ec2-user/environment/lab4_model_training/venv/lib64/python3.12/site-packages/airflow/example_dags/example_dataset_alias_with_no_taskflow.py
[2026-05-03T23:15:31.229+0000] {processor.py:914} INFO - Processing file /home/ec2-user/environment/lab4_model_training/venv/lib64/python3.12/site-packages/airflow/example_dags/example_dataset_alias_with_no_taskflow.py for tasks to queue
[2026-05-03T23:15:31.231+0000] {logging_mixin.py:190} INFO - [2026-05-03T23:15:31.230+0000] {dagbag.py:588} INFO - Filling up the DagBag from /home/ec2-user/environment/lab4_model_training/venv/lib64/python3.12/site-packages/airflow/example_dags/example_dataset_alias_with_no_taskflow.py
[2026-05-03T23:15:31.321+0000] {processor.py:925} INFO - DAG(s) 'dataset_alias_example_alias_consumer_with_no_taskflow', 'dataset_alias_example_alias_producer_with_no_taskflow', 'dataset_s3_bucket_consumer_with_no_taskflow', 'dataset_s3_bucket_producer_with_no_taskflow' retrieved from /home/ec2-user/environment/lab4_model_training/venv/lib64/python3.12/site-packages/airflow/example_dags/example_dataset_alias_with_no_taskflow.py
[2026-05-03T23:15:31.336+0000] {logging_mixin.py:190} INFO - [2026-05-03T23:15:31.336+0000] {dag.py:3239} INFO - Sync 4 DAGs
[2026-05-03T23:15:31.350+0000] {logging_mixin.py:190} INFO - [2026-05-03T23:15:31.350+0000] {dag.py:4180} INFO - Setting next_dagrun for dataset_alias_example_alias_consumer_with_no_taskflow to None, run_after=None
[2026-05-03T23:15:31.352+0000] {logging_mixin.py:190} INFO - [2026-05-03T23:15:31.352+0000] {dag.py:4180} INFO - Setting next_dagrun for dataset_alias_example_alias_producer_with_no_taskflow to None, run_after=None
[2026-05-03T23:15:31.352+0000] {logging_mixin.py:190} INFO - [2026-05-03T23:15:31.352+0000] {dag.py:4180} INFO - Setting next_dagrun for dataset_s3_bucket_consumer_with_no_taskflow to None, run_after=None
[2026-05-03T23:15:31.353+0000] {logging_mixin.py:190} INFO - [2026-05-03T23:15:31.353+0000] {dag.py:4180} INFO - Setting next_dagrun for dataset_s3_bucket_producer_with_no_taskflow to None, run_after=None
[2026-05-03T23:15:31.371+0000] {processor.py:208} INFO - Processing /home/ec2-user/environment/lab4_model_training/venv/lib64/python3.12/site-packages/airflow/example_dags/example_dataset_alias_with_no_taskflow.py took 0.147 seconds
[2026-05-03T23:16:54.636+0000] {processor.py:186} INFO - Started process (PID=63630) to work on /home/ec2-user/environment/lab4_model_training/venv/lib64/python3.12/site-packages/airflow/example_dags/example_dataset_alias_with_no_taskflow.py
[2026-05-03T23:16:54.638+0000] {processor.py:914} INFO - Processing file /home/ec2-user/environment/lab4_model_training/venv/lib64/python3.12/site-packages/airflow/example_dags/example_dataset_alias_with_no_taskflow.py for tasks to queue
[2026-05-03T23:16:54.639+0000] {logging_mixin.py:190} INFO - [2026-05-03T23:16:54.639+0000] {dagbag.py:588} INFO - Filling up the DagBag from /home/ec2-user/environment/lab4_model_training/venv/lib64/python3.12/site-packages/airflow/example_dags/example_dataset_alias_with_no_taskflow.py
[2026-05-03T23:16:54.730+0000] {processor.py:925} INFO - DAG(s) 'dataset_s3_bucket_consumer_with_no_taskflow', 'dataset_s3_bucket_producer_with_no_taskflow', 'dataset_alias_example_alias_consumer_with_no_taskflow', 'dataset_alias_example_alias_producer_with_no_taskflow' retrieved from /home/ec2-user/environment/lab4_model_training/venv/lib64/python3.12/site-packages/airflow/example_dags/example_dataset_alias_with_no_taskflow.py
[2026-05-03T23:16:54.744+0000] {logging_mixin.py:190} INFO - [2026-05-03T23:16:54.744+0000] {dag.py:3239} INFO - Sync 4 DAGs
[2026-05-03T23:16:54.758+0000] {logging_mixin.py:190} INFO - [2026-05-03T23:16:54.758+0000] {dag.py:4180} INFO - Setting next_dagrun for dataset_alias_example_alias_consumer_with_no_taskflow to None, run_after=None
[2026-05-03T23:16:54.760+0000] {logging_mixin.py:190} INFO - [2026-05-03T23:16:54.760+0000] {dag.py:4180} INFO - Setting next_dagrun for dataset_alias_example_alias_producer_with_no_taskflow to None, run_after=None
[2026-05-03T23:16:54.760+0000] {logging_mixin.py:190} INFO - [2026-05-03T23:16:54.760+0000] {dag.py:4180} INFO - Setting next_dagrun for dataset_s3_bucket_consumer_with_no_taskflow to None, run_after=None
[2026-05-03T23:16:54.761+0000] {logging_mixin.py:190} INFO - [2026-05-03T23:16:54.761+0000] {dag.py:4180} INFO - Setting next_dagrun for dataset_s3_bucket_producer_with_no_taskflow to None, run_after=None
[2026-05-03T23:16:54.778+0000] {processor.py:208} INFO - Processing /home/ec2-user/environment/lab4_model_training/venv/lib64/python3.12/site-packages/airflow/example_dags/example_dataset_alias_with_no_taskflow.py took 0.146 seconds
[2026-05-03T23:17:36.730+0000] {processor.py:186} INFO - Started process (PID=63706) to work on /home/ec2-user/environment/lab4_model_training/venv/lib64/python3.12/site-packages/airflow/example_dags/example_dataset_alias_with_no_taskflow.py
[2026-05-03T23:17:36.731+0000] {processor.py:914} INFO - Processing file /home/ec2-user/environment/lab4_model_training/venv/lib64/python3.12/site-packages/airflow/example_dags/example_dataset_alias_with_no_taskflow.py for tasks to queue
[2026-05-03T23:17:36.733+0000] {logging_mixin.py:190} INFO - [2026-05-03T23:17:36.732+0000] {dagbag.py:588} INFO - Filling up the DagBag from /home/ec2-user/environment/lab4_model_training/venv/lib64/python3.12/site-packages/airflow/example_dags/example_dataset_alias_with_no_taskflow.py
[2026-05-03T23:17:36.824+0000] {processor.py:925} INFO - DAG(s) 'dataset_alias_example_alias_producer_with_no_taskflow', 'dataset_s3_bucket_producer_with_no_taskflow', 'dataset_s3_bucket_consumer_with_no_taskflow', 'dataset_alias_example_alias_consumer_with_no_taskflow' retrieved from /home/ec2-user/environment/lab4_model_training/venv/lib64/python3.12/site-packages/airflow/example_dags/example_dataset_alias_with_no_taskflow.py
[2026-05-03T23:17:36.839+0000] {logging_mixin.py:190} INFO - [2026-05-03T23:17:36.839+0000] {dag.py:3239} INFO - Sync 4 DAGs
[2026-05-03T23:17:36.971+0000] {logging_mixin.py:190} INFO - [2026-05-03T23:17:36.971+0000] {dag.py:4180} INFO - Setting next_dagrun for dataset_alias_example_alias_consumer_with_no_taskflow to None, run_after=None
[2026-05-03T23:17:36.973+0000] {logging_mixin.py:190} INFO - [2026-05-03T23:17:36.973+0000] {dag.py:4180} INFO - Setting next_dagrun for dataset_alias_example_alias_producer_with_no_taskflow to None, run_after=None
[2026-05-03T23:17:36.974+0000] {logging_mixin.py:190} INFO - [2026-05-03T23:17:36.974+0000] {dag.py:4180} INFO - Setting next_dagrun for dataset_s3_bucket_consumer_with_no_taskflow to None, run_after=None
[2026-05-03T23:17:36.975+0000] {logging_mixin.py:190} INFO - [2026-05-03T23:17:36.975+0000] {dag.py:4180} INFO - Setting next_dagrun for dataset_s3_bucket_producer_with_no_taskflow to None, run_after=None
[2026-05-03T23:17:36.992+0000] {processor.py:208} INFO - Processing /home/ec2-user/environment/lab4_model_training/venv/lib64/python3.12/site-packages/airflow/example_dags/example_dataset_alias_with_no_taskflow.py took 0.266 seconds
[2026-05-03T23:18:43.631+0000] {processor.py:186} INFO - Started process (PID=63831) to work on /home/ec2-user/environment/lab4_model_training/venv/lib64/python3.12/site-packages/airflow/example_dags/example_dataset_alias_with_no_taskflow.py
[2026-05-03T23:18:43.632+0000] {processor.py:914} INFO - Processing file /home/ec2-user/environment/lab4_model_training/venv/lib64/python3.12/site-packages/airflow/example_dags/example_dataset_alias_with_no_taskflow.py for tasks to queue
[2026-05-03T23:18:43.634+0000] {logging_mixin.py:190} INFO - [2026-05-03T23:18:43.633+0000] {dagbag.py:588} INFO - Filling up the DagBag from /home/ec2-user/environment/lab4_model_training/venv/lib64/python3.12/site-packages/airflow/example_dags/example_dataset_alias_with_no_taskflow.py
[2026-05-03T23:18:43.723+0000] {processor.py:925} INFO - DAG(s) 'dataset_alias_example_alias_producer_with_no_taskflow', 'dataset_s3_bucket_consumer_with_no_taskflow', 'dataset_s3_bucket_producer_with_no_taskflow', 'dataset_alias_example_alias_consumer_with_no_taskflow' retrieved from /home/ec2-user/environment/lab4_model_training/venv/lib64/python3.12/site-packages/airflow/example_dags/example_dataset_alias_with_no_taskflow.py
[2026-05-03T23:18:43.737+0000] {logging_mixin.py:190} INFO - [2026-05-03T23:18:43.737+0000] {dag.py:3239} INFO - Sync 4 DAGs
[2026-05-03T23:18:43.751+0000] {logging_mixin.py:190} INFO - [2026-05-03T23:18:43.751+0000] {dag.py:4180} INFO - Setting next_dagrun for dataset_alias_example_alias_consumer_with_no_taskflow to None, run_after=None
[2026-05-03T23:18:43.753+0000] {logging_mixin.py:190} INFO - [2026-05-03T23:18:43.753+0000] {dag.py:4180} INFO - Setting next_dagrun for dataset_alias_example_alias_producer_with_no_taskflow to None, run_after=None
[2026-05-03T23:18:43.753+0000] {logging_mixin.py:190} INFO - [2026-05-03T23:18:43.753+0000] {dag.py:4180} INFO - Setting next_dagrun for dataset_s3_bucket_consumer_with_no_taskflow to None, run_after=None
[2026-05-03T23:18:43.754+0000] {logging_mixin.py:190} INFO - [2026-05-03T23:18:43.754+0000] {dag.py:4180} INFO - Setting next_dagrun for dataset_s3_bucket_producer_with_no_taskflow to None, run_after=None
[2026-05-03T23:18:43.773+0000] {processor.py:208} INFO - Processing /home/ec2-user/environment/lab4_model_training/venv/lib64/python3.12/site-packages/airflow/example_dags/example_dataset_alias_with_no_taskflow.py took 0.146 seconds
[2026-05-03T23:19:45.492+0000] {processor.py:186} INFO - Started process (PID=63999) to work on /home/ec2-user/environment/lab4_model_training/venv/lib64/python3.12/site-packages/airflow/example_dags/example_dataset_alias_with_no_taskflow.py
[2026-05-03T23:19:45.493+0000] {processor.py:914} INFO - Processing file /home/ec2-user/environment/lab4_model_training/venv/lib64/python3.12/site-packages/airflow/example_dags/example_dataset_alias_with_no_taskflow.py for tasks to queue
[2026-05-03T23:19:45.495+0000] {logging_mixin.py:190} INFO - [2026-05-03T23:19:45.495+0000] {dagbag.py:588} INFO - Filling up the DagBag from /home/ec2-user/environment/lab4_model_training/venv/lib64/python3.12/site-packages/airflow/example_dags/example_dataset_alias_with_no_taskflow.py
[2026-05-03T23:19:45.585+0000] {processor.py:925} INFO - DAG(s) 'dataset_alias_example_alias_consumer_with_no_taskflow', 'dataset_s3_bucket_producer_with_no_taskflow', 'dataset_s3_bucket_consumer_with_no_taskflow', 'dataset_alias_example_alias_producer_with_no_taskflow' retrieved from /home/ec2-user/environment/lab4_model_training/venv/lib64/python3.12/site-packages/airflow/example_dags/example_dataset_alias_with_no_taskflow.py
[2026-05-03T23:19:45.600+0000] {logging_mixin.py:190} INFO - [2026-05-03T23:19:45.599+0000] {dag.py:3239} INFO - Sync 4 DAGs
[2026-05-03T23:19:45.613+0000] {logging_mixin.py:190} INFO - [2026-05-03T23:19:45.613+0000] {dag.py:4180} INFO - Setting next_dagrun for dataset_alias_example_alias_consumer_with_no_taskflow to None, run_after=None
[2026-05-03T23:19:45.615+0000] {logging_mixin.py:190} INFO - [2026-05-03T23:19:45.615+0000] {dag.py:4180} INFO - Setting next_dagrun for dataset_alias_example_alias_producer_with_no_taskflow to None, run_after=None
[2026-05-03T23:19:45.616+0000] {logging_mixin.py:190} INFO - [2026-05-03T23:19:45.616+0000] {dag.py:4180} INFO - Setting next_dagrun for dataset_s3_bucket_consumer_with_no_taskflow to None, run_after=None
[2026-05-03T23:19:45.616+0000] {logging_mixin.py:190} INFO - [2026-05-03T23:19:45.616+0000] {dag.py:4180} INFO - Setting next_dagrun for dataset_s3_bucket_producer_with_no_taskflow to None, run_after=None
[2026-05-03T23:19:45.634+0000] {processor.py:208} INFO - Processing /home/ec2-user/environment/lab4_model_training/venv/lib64/python3.12/site-packages/airflow/example_dags/example_dataset_alias_with_no_taskflow.py took 0.146 seconds
[2026-05-03T23:20:52.929+0000] {processor.py:186} INFO - Started process (PID=64181) to work on /home/ec2-user/environment/lab4_model_training/venv/lib64/python3.12/site-packages/airflow/example_dags/example_dataset_alias_with_no_taskflow.py
[2026-05-03T23:20:52.930+0000] {processor.py:914} INFO - Processing file /home/ec2-user/environment/lab4_model_training/venv/lib64/python3.12/site-packages/airflow/example_dags/example_dataset_alias_with_no_taskflow.py for tasks to queue
[2026-05-03T23:20:52.932+0000] {logging_mixin.py:190} INFO - [2026-05-03T23:20:52.932+0000] {dagbag.py:588} INFO - Filling up the DagBag from /home/ec2-user/environment/lab4_model_training/venv/lib64/python3.12/site-packages/airflow/example_dags/example_dataset_alias_with_no_taskflow.py
[2026-05-03T23:20:53.022+0000] {processor.py:925} INFO - DAG(s) 'dataset_alias_example_alias_producer_with_no_taskflow', 'dataset_s3_bucket_consumer_with_no_taskflow', 'dataset_alias_example_alias_consumer_with_no_taskflow', 'dataset_s3_bucket_producer_with_no_taskflow' retrieved from /home/ec2-user/environment/lab4_model_training/venv/lib64/python3.12/site-packages/airflow/example_dags/example_dataset_alias_with_no_taskflow.py
[2026-05-03T23:20:53.151+0000] {logging_mixin.py:190} INFO - [2026-05-03T23:20:53.151+0000] {dag.py:3239} INFO - Sync 4 DAGs
[2026-05-03T23:20:53.164+0000] {logging_mixin.py:190} INFO - [2026-05-03T23:20:53.164+0000] {dag.py:4180} INFO - Setting next_dagrun for dataset_alias_example_alias_consumer_with_no_taskflow to None, run_after=None
[2026-05-03T23:20:53.166+0000] {logging_mixin.py:190} INFO - [2026-05-03T23:20:53.166+0000] {dag.py:4180} INFO - Setting next_dagrun for dataset_alias_example_alias_producer_with_no_taskflow to None, run_after=None
[2026-05-03T23:20:53.166+0000] {logging_mixin.py:190} INFO - [2026-05-03T23:20:53.166+0000] {dag.py:4180} INFO - Setting next_dagrun for dataset_s3_bucket_consumer_with_no_taskflow to None, run_after=None
[2026-05-03T23:20:53.167+0000] {logging_mixin.py:190} INFO - [2026-05-03T23:20:53.167+0000] {dag.py:4180} INFO - Setting next_dagrun for dataset_s3_bucket_producer_with_no_taskflow to None, run_after=None
[2026-05-03T23:20:53.184+0000] {processor.py:208} INFO - Processing /home/ec2-user/environment/lab4_model_training/venv/lib64/python3.12/site-packages/airflow/example_dags/example_dataset_alias_with_no_taskflow.py took 0.260 seconds
[2026-05-03T23:22:21.971+0000] {processor.py:186} INFO - Started process (PID=64451) to work on /home/ec2-user/environment/lab4_model_training/venv/lib64/python3.12/site-packages/airflow/example_dags/example_dataset_alias_with_no_taskflow.py
[2026-05-03T23:22:21.972+0000] {processor.py:914} INFO - Processing file /home/ec2-user/environment/lab4_model_training/venv/lib64/python3.12/site-packages/airflow/example_dags/example_dataset_alias_with_no_taskflow.py for tasks to queue
[2026-05-03T23:22:21.974+0000] {logging_mixin.py:190} INFO - [2026-05-03T23:22:21.973+0000] {dagbag.py:588} INFO - Filling up the DagBag from /home/ec2-user/environment/lab4_model_training/venv/lib64/python3.12/site-packages/airflow/example_dags/example_dataset_alias_with_no_taskflow.py
[2026-05-03T23:22:22.064+0000] {processor.py:925} INFO - DAG(s) 'dataset_alias_example_alias_consumer_with_no_taskflow', 'dataset_s3_bucket_producer_with_no_taskflow', 'dataset_s3_bucket_consumer_with_no_taskflow', 'dataset_alias_example_alias_producer_with_no_taskflow' retrieved from /home/ec2-user/environment/lab4_model_training/venv/lib64/python3.12/site-packages/airflow/example_dags/example_dataset_alias_with_no_taskflow.py
[2026-05-03T23:22:22.078+0000] {logging_mixin.py:190} INFO - [2026-05-03T23:22:22.078+0000] {dag.py:3239} INFO - Sync 4 DAGs
[2026-05-03T23:22:22.198+0000] {logging_mixin.py:190} INFO - [2026-05-03T23:22:22.198+0000] {dag.py:4180} INFO - Setting next_dagrun for dataset_alias_example_alias_consumer_with_no_taskflow to None, run_after=None
[2026-05-03T23:22:22.199+0000] {logging_mixin.py:190} INFO - [2026-05-03T23:22:22.199+0000] {dag.py:4180} INFO - Setting next_dagrun for dataset_alias_example_alias_producer_with_no_taskflow to None, run_after=None
[2026-05-03T23:22:22.200+0000] {logging_mixin.py:190} INFO - [2026-05-03T23:22:22.200+0000] {dag.py:4180} INFO - Setting next_dagrun for dataset_s3_bucket_consumer_with_no_taskflow to None, run_after=None
[2026-05-03T23:22:22.201+0000] {logging_mixin.py:190} INFO - [2026-05-03T23:22:22.201+0000] {dag.py:4180} INFO - Setting next_dagrun for dataset_s3_bucket_producer_with_no_taskflow to None, run_after=None
[2026-05-03T23:22:22.218+0000] {processor.py:208} INFO - Processing /home/ec2-user/environment/lab4_model_training/venv/lib64/python3.12/site-packages/airflow/example_dags/example_dataset_alias_with_no_taskflow.py took 0.252 seconds
[2026-05-03T23:23:29.573+0000] {processor.py:186} INFO - Started process (PID=64599) to work on /home/ec2-user/environment/lab4_model_training/venv/lib64/python3.12/site-packages/airflow/example_dags/example_dataset_alias_with_no_taskflow.py
[2026-05-03T23:23:29.574+0000] {processor.py:914} INFO - Processing file /home/ec2-user/environment/lab4_model_training/venv/lib64/python3.12/site-packages/airflow/example_dags/example_dataset_alias_with_no_taskflow.py for tasks to queue
[2026-05-03T23:23:29.576+0000] {logging_mixin.py:190} INFO - [2026-05-03T23:23:29.576+0000] {dagbag.py:588} INFO - Filling up the DagBag from /home/ec2-user/environment/lab4_model_training/venv/lib64/python3.12/site-packages/airflow/example_dags/example_dataset_alias_with_no_taskflow.py
[2026-05-03T23:23:29.668+0000] {processor.py:925} INFO - DAG(s) 'dataset_s3_bucket_consumer_with_no_taskflow', 'dataset_alias_example_alias_producer_with_no_taskflow', 'dataset_s3_bucket_producer_with_no_taskflow', 'dataset_alias_example_alias_consumer_with_no_taskflow' retrieved from /home/ec2-user/environment/lab4_model_training/venv/lib64/python3.12/site-packages/airflow/example_dags/example_dataset_alias_with_no_taskflow.py
[2026-05-03T23:23:29.682+0000] {logging_mixin.py:190} INFO - [2026-05-03T23:23:29.682+0000] {dag.py:3239} INFO - Sync 4 DAGs
[2026-05-03T23:23:29.697+0000] {logging_mixin.py:190} INFO - [2026-05-03T23:23:29.697+0000] {dag.py:4180} INFO - Setting next_dagrun for dataset_alias_example_alias_consumer_with_no_taskflow to None, run_after=None
[2026-05-03T23:23:29.698+0000] {logging_mixin.py:190} INFO - [2026-05-03T23:23:29.698+0000] {dag.py:4180} INFO - Setting next_dagrun for dataset_alias_example_alias_producer_with_no_taskflow to None, run_after=None
[2026-05-03T23:23:29.699+0000] {logging_mixin.py:190} INFO - [2026-05-03T23:23:29.699+0000] {dag.py:4180} INFO - Setting next_dagrun for dataset_s3_bucket_consumer_with_no_taskflow to None, run_after=None
[2026-05-03T23:23:29.700+0000] {logging_mixin.py:190} INFO - [2026-05-03T23:23:29.700+0000] {dag.py:4180} INFO - Setting next_dagrun for dataset_s3_bucket_producer_with_no_taskflow to None, run_after=None
[2026-05-03T23:23:29.824+0000] {processor.py:208} INFO - Processing /home/ec2-user/environment/lab4_model_training/venv/lib64/python3.12/site-packages/airflow/example_dags/example_dataset_alias_with_no_taskflow.py took 0.255 seconds
[2026-05-03T23:24:36.075+0000] {processor.py:186} INFO - Started process (PID=64828) to work on /home/ec2-user/environment/lab4_model_training/venv/lib64/python3.12/site-packages/airflow/example_dags/example_dataset_alias_with_no_taskflow.py
[2026-05-03T23:24:36.076+0000] {processor.py:914} INFO - Processing file /home/ec2-user/environment/lab4_model_training/venv/lib64/python3.12/site-packages/airflow/example_dags/example_dataset_alias_with_no_taskflow.py for tasks to queue
[2026-05-03T23:24:36.078+0000] {logging_mixin.py:190} INFO - [2026-05-03T23:24:36.077+0000] {dagbag.py:588} INFO - Filling up the DagBag from /home/ec2-user/environment/lab4_model_training/venv/lib64/python3.12/site-packages/airflow/example_dags/example_dataset_alias_with_no_taskflow.py
[2026-05-03T23:24:36.280+0000] {processor.py:925} INFO - DAG(s) 'dataset_alias_example_alias_consumer_with_no_taskflow', 'dataset_alias_example_alias_producer_with_no_taskflow', 'dataset_s3_bucket_producer_with_no_taskflow', 'dataset_s3_bucket_consumer_with_no_taskflow' retrieved from /home/ec2-user/environment/lab4_model_training/venv/lib64/python3.12/site-packages/airflow/example_dags/example_dataset_alias_with_no_taskflow.py
[2026-05-03T23:24:36.294+0000] {logging_mixin.py:190} INFO - [2026-05-03T23:24:36.294+0000] {dag.py:3239} INFO - Sync 4 DAGs
[2026-05-03T23:24:36.307+0000] {logging_mixin.py:190} INFO - [2026-05-03T23:24:36.307+0000] {dag.py:4180} INFO - Setting next_dagrun for dataset_alias_example_alias_consumer_with_no_taskflow to None, run_after=None
[2026-05-03T23:24:36.308+0000] {logging_mixin.py:190} INFO - [2026-05-03T23:24:36.308+0000] {dag.py:4180} INFO - Setting next_dagrun for dataset_alias_example_alias_producer_with_no_taskflow to None, run_after=None
[2026-05-03T23:24:36.309+0000] {logging_mixin.py:190} INFO - [2026-05-03T23:24:36.309+0000] {dag.py:4180} INFO - Setting next_dagrun for dataset_s3_bucket_consumer_with_no_taskflow to None, run_after=None
[2026-05-03T23:24:36.310+0000] {logging_mixin.py:190} INFO - [2026-05-03T23:24:36.310+0000] {dag.py:4180} INFO - Setting next_dagrun for dataset_s3_bucket_producer_with_no_taskflow to None, run_after=None
[2026-05-03T23:24:36.327+0000] {processor.py:208} INFO - Processing /home/ec2-user/environment/lab4_model_training/venv/lib64/python3.12/site-packages/airflow/example_dags/example_dataset_alias_with_no_taskflow.py took 0.257 seconds
[2026-05-03T23:25:38.071+0000] {processor.py:186} INFO - Started process (PID=64965) to work on /home/ec2-user/environment/lab4_model_training/venv/lib64/python3.12/site-packages/airflow/example_dags/example_dataset_alias_with_no_taskflow.py
[2026-05-03T23:25:38.072+0000] {processor.py:914} INFO - Processing file /home/ec2-user/environment/lab4_model_training/venv/lib64/python3.12/site-packages/airflow/example_dags/example_dataset_alias_with_no_taskflow.py for tasks to queue
[2026-05-03T23:25:38.074+0000] {logging_mixin.py:190} INFO - [2026-05-03T23:25:38.073+0000] {dagbag.py:588} INFO - Filling up the DagBag from /home/ec2-user/environment/lab4_model_training/venv/lib64/python3.12/site-packages/airflow/example_dags/example_dataset_alias_with_no_taskflow.py
[2026-05-03T23:25:38.165+0000] {processor.py:925} INFO - DAG(s) 'dataset_s3_bucket_consumer_with_no_taskflow', 'dataset_alias_example_alias_consumer_with_no_taskflow', 'dataset_s3_bucket_producer_with_no_taskflow', 'dataset_alias_example_alias_producer_with_no_taskflow' retrieved from /home/ec2-user/environment/lab4_model_training/venv/lib64/python3.12/site-packages/airflow/example_dags/example_dataset_alias_with_no_taskflow.py
[2026-05-03T23:25:38.179+0000] {logging_mixin.py:190} INFO - [2026-05-03T23:25:38.179+0000] {dag.py:3239} INFO - Sync 4 DAGs
[2026-05-03T23:25:38.315+0000] {logging_mixin.py:190} INFO - [2026-05-03T23:25:38.315+0000] {dag.py:4180} INFO - Setting next_dagrun for dataset_alias_example_alias_consumer_with_no_taskflow to None, run_after=None
[2026-05-03T23:25:38.317+0000] {logging_mixin.py:190} INFO - [2026-05-03T23:25:38.317+0000] {dag.py:4180} INFO - Setting next_dagrun for dataset_alias_example_alias_producer_with_no_taskflow to None, run_after=None
[2026-05-03T23:25:38.318+0000] {logging_mixin.py:190} INFO - [2026-05-03T23:25:38.318+0000] {dag.py:4180} INFO - Setting next_dagrun for dataset_s3_bucket_consumer_with_no_taskflow to None, run_after=None
[2026-05-03T23:25:38.318+0000] {logging_mixin.py:190} INFO - [2026-05-03T23:25:38.318+0000] {dag.py:4180} INFO - Setting next_dagrun for dataset_s3_bucket_producer_with_no_taskflow to None, run_after=None
[2026-05-03T23:25:38.336+0000] {processor.py:208} INFO - Processing /home/ec2-user/environment/lab4_model_training/venv/lib64/python3.12/site-packages/airflow/example_dags/example_dataset_alias_with_no_taskflow.py took 0.270 seconds
