[2026-05-03T22:49:31.120+0000] {processor.py:186} INFO - Started process (PID=57652) to work on /home/ec2-user/environment/lab4_model_training/venv/lib64/python3.12/site-packages/airflow/example_dags/example_branch_python_dop_operator_3.py
[2026-05-03T22:49:31.121+0000] {processor.py:914} INFO - Processing file /home/ec2-user/environment/lab4_model_training/venv/lib64/python3.12/site-packages/airflow/example_dags/example_branch_python_dop_operator_3.py for tasks to queue
[2026-05-03T22:49:31.122+0000] {logging_mixin.py:190} INFO - [2026-05-03T22:49:31.122+0000] {dagbag.py:588} INFO - Filling up the DagBag from /home/ec2-user/environment/lab4_model_training/venv/lib64/python3.12/site-packages/airflow/example_dags/example_branch_python_dop_operator_3.py
[2026-05-03T22:49:31.131+0000] {processor.py:925} INFO - DAG(s) 'example_branch_dop_operator_v3' retrieved from /home/ec2-user/environment/lab4_model_training/venv/lib64/python3.12/site-packages/airflow/example_dags/example_branch_python_dop_operator_3.py
[2026-05-03T22:49:31.148+0000] {logging_mixin.py:190} INFO - [2026-05-03T22:49:31.148+0000] {dag.py:3239} INFO - Sync 1 DAGs
[2026-05-03T22:49:31.166+0000] {logging_mixin.py:190} INFO - [2026-05-03T22:49:31.166+0000] {dag.py:4180} INFO - Setting next_dagrun for example_branch_dop_operator_v3 to 2026-05-03 22:48:00+00:00, run_after=2026-05-03 22:49:00+00:00
[2026-05-03T22:49:31.183+0000] {processor.py:208} INFO - Processing /home/ec2-user/environment/lab4_model_training/venv/lib64/python3.12/site-packages/airflow/example_dags/example_branch_python_dop_operator_3.py took 0.068 seconds
[2026-05-03T22:50:35.996+0000] {processor.py:186} INFO - Started process (PID=57824) to work on /home/ec2-user/environment/lab4_model_training/venv/lib64/python3.12/site-packages/airflow/example_dags/example_branch_python_dop_operator_3.py
[2026-05-03T22:50:35.997+0000] {processor.py:914} INFO - Processing file /home/ec2-user/environment/lab4_model_training/venv/lib64/python3.12/site-packages/airflow/example_dags/example_branch_python_dop_operator_3.py for tasks to queue
[2026-05-03T22:50:35.999+0000] {logging_mixin.py:190} INFO - [2026-05-03T22:50:35.998+0000] {dagbag.py:588} INFO - Filling up the DagBag from /home/ec2-user/environment/lab4_model_training/venv/lib64/python3.12/site-packages/airflow/example_dags/example_branch_python_dop_operator_3.py
[2026-05-03T22:50:36.008+0000] {processor.py:925} INFO - DAG(s) 'example_branch_dop_operator_v3' retrieved from /home/ec2-user/environment/lab4_model_training/venv/lib64/python3.12/site-packages/airflow/example_dags/example_branch_python_dop_operator_3.py
[2026-05-03T22:50:36.019+0000] {logging_mixin.py:190} INFO - [2026-05-03T22:50:36.019+0000] {dag.py:3239} INFO - Sync 1 DAGs
[2026-05-03T22:50:36.037+0000] {logging_mixin.py:190} INFO - [2026-05-03T22:50:36.036+0000] {dag.py:4180} INFO - Setting next_dagrun for example_branch_dop_operator_v3 to 2026-05-03 22:49:00+00:00, run_after=2026-05-03 22:50:00+00:00
[2026-05-03T22:50:36.053+0000] {processor.py:208} INFO - Processing /home/ec2-user/environment/lab4_model_training/venv/lib64/python3.12/site-packages/airflow/example_dags/example_branch_python_dop_operator_3.py took 0.061 seconds
[2026-05-03T22:51:38.413+0000] {processor.py:186} INFO - Started process (PID=57939) to work on /home/ec2-user/environment/lab4_model_training/venv/lib64/python3.12/site-packages/airflow/example_dags/example_branch_python_dop_operator_3.py
[2026-05-03T22:51:38.415+0000] {processor.py:914} INFO - Processing file /home/ec2-user/environment/lab4_model_training/venv/lib64/python3.12/site-packages/airflow/example_dags/example_branch_python_dop_operator_3.py for tasks to queue
[2026-05-03T22:51:38.416+0000] {logging_mixin.py:190} INFO - [2026-05-03T22:51:38.416+0000] {dagbag.py:588} INFO - Filling up the DagBag from /home/ec2-user/environment/lab4_model_training/venv/lib64/python3.12/site-packages/airflow/example_dags/example_branch_python_dop_operator_3.py
[2026-05-03T22:51:38.424+0000] {processor.py:925} INFO - DAG(s) 'example_branch_dop_operator_v3' retrieved from /home/ec2-user/environment/lab4_model_training/venv/lib64/python3.12/site-packages/airflow/example_dags/example_branch_python_dop_operator_3.py
[2026-05-03T22:51:38.436+0000] {logging_mixin.py:190} INFO - [2026-05-03T22:51:38.435+0000] {dag.py:3239} INFO - Sync 1 DAGs
[2026-05-03T22:51:38.453+0000] {logging_mixin.py:190} INFO - [2026-05-03T22:51:38.453+0000] {dag.py:4180} INFO - Setting next_dagrun for example_branch_dop_operator_v3 to 2026-05-03 22:50:00+00:00, run_after=2026-05-03 22:51:00+00:00
[2026-05-03T22:51:38.469+0000] {processor.py:208} INFO - Processing /home/ec2-user/environment/lab4_model_training/venv/lib64/python3.12/site-packages/airflow/example_dags/example_branch_python_dop_operator_3.py took 0.060 seconds
[2026-05-03T22:52:45.474+0000] {processor.py:186} INFO - Started process (PID=58134) to work on /home/ec2-user/environment/lab4_model_training/venv/lib64/python3.12/site-packages/airflow/example_dags/example_branch_python_dop_operator_3.py
[2026-05-03T22:52:45.476+0000] {processor.py:914} INFO - Processing file /home/ec2-user/environment/lab4_model_training/venv/lib64/python3.12/site-packages/airflow/example_dags/example_branch_python_dop_operator_3.py for tasks to queue
[2026-05-03T22:52:45.477+0000] {logging_mixin.py:190} INFO - [2026-05-03T22:52:45.477+0000] {dagbag.py:588} INFO - Filling up the DagBag from /home/ec2-user/environment/lab4_model_training/venv/lib64/python3.12/site-packages/airflow/example_dags/example_branch_python_dop_operator_3.py
[2026-05-03T22:52:45.486+0000] {processor.py:925} INFO - DAG(s) 'example_branch_dop_operator_v3' retrieved from /home/ec2-user/environment/lab4_model_training/venv/lib64/python3.12/site-packages/airflow/example_dags/example_branch_python_dop_operator_3.py
[2026-05-03T22:52:45.497+0000] {logging_mixin.py:190} INFO - [2026-05-03T22:52:45.497+0000] {dag.py:3239} INFO - Sync 1 DAGs
[2026-05-03T22:52:45.516+0000] {logging_mixin.py:190} INFO - [2026-05-03T22:52:45.516+0000] {dag.py:4180} INFO - Setting next_dagrun for example_branch_dop_operator_v3 to 2026-05-03 22:51:00+00:00, run_after=2026-05-03 22:52:00+00:00
[2026-05-03T22:52:45.534+0000] {processor.py:208} INFO - Processing /home/ec2-user/environment/lab4_model_training/venv/lib64/python3.12/site-packages/airflow/example_dags/example_branch_python_dop_operator_3.py took 0.064 seconds
[2026-05-03T22:53:48.660+0000] {processor.py:186} INFO - Started process (PID=58409) to work on /home/ec2-user/environment/lab4_model_training/venv/lib64/python3.12/site-packages/airflow/example_dags/example_branch_python_dop_operator_3.py
[2026-05-03T22:53:48.661+0000] {processor.py:914} INFO - Processing file /home/ec2-user/environment/lab4_model_training/venv/lib64/python3.12/site-packages/airflow/example_dags/example_branch_python_dop_operator_3.py for tasks to queue
[2026-05-03T22:53:48.663+0000] {logging_mixin.py:190} INFO - [2026-05-03T22:53:48.663+0000] {dagbag.py:588} INFO - Filling up the DagBag from /home/ec2-user/environment/lab4_model_training/venv/lib64/python3.12/site-packages/airflow/example_dags/example_branch_python_dop_operator_3.py
[2026-05-03T22:53:48.671+0000] {processor.py:925} INFO - DAG(s) 'example_branch_dop_operator_v3' retrieved from /home/ec2-user/environment/lab4_model_training/venv/lib64/python3.12/site-packages/airflow/example_dags/example_branch_python_dop_operator_3.py
[2026-05-03T22:53:48.683+0000] {logging_mixin.py:190} INFO - [2026-05-03T22:53:48.683+0000] {dag.py:3239} INFO - Sync 1 DAGs
[2026-05-03T22:53:48.701+0000] {logging_mixin.py:190} INFO - [2026-05-03T22:53:48.701+0000] {dag.py:4180} INFO - Setting next_dagrun for example_branch_dop_operator_v3 to 2026-05-03 22:52:00+00:00, run_after=2026-05-03 22:53:00+00:00
[2026-05-03T22:53:48.718+0000] {processor.py:208} INFO - Processing /home/ec2-user/environment/lab4_model_training/venv/lib64/python3.12/site-packages/airflow/example_dags/example_branch_python_dop_operator_3.py took 0.062 seconds
[2026-05-03T22:54:53.883+0000] {processor.py:186} INFO - Started process (PID=58610) to work on /home/ec2-user/environment/lab4_model_training/venv/lib64/python3.12/site-packages/airflow/example_dags/example_branch_python_dop_operator_3.py
[2026-05-03T22:54:53.884+0000] {processor.py:914} INFO - Processing file /home/ec2-user/environment/lab4_model_training/venv/lib64/python3.12/site-packages/airflow/example_dags/example_branch_python_dop_operator_3.py for tasks to queue
[2026-05-03T22:54:53.885+0000] {logging_mixin.py:190} INFO - [2026-05-03T22:54:53.885+0000] {dagbag.py:588} INFO - Filling up the DagBag from /home/ec2-user/environment/lab4_model_training/venv/lib64/python3.12/site-packages/airflow/example_dags/example_branch_python_dop_operator_3.py
[2026-05-03T22:54:53.893+0000] {processor.py:925} INFO - DAG(s) 'example_branch_dop_operator_v3' retrieved from /home/ec2-user/environment/lab4_model_training/venv/lib64/python3.12/site-packages/airflow/example_dags/example_branch_python_dop_operator_3.py
[2026-05-03T22:54:53.905+0000] {logging_mixin.py:190} INFO - [2026-05-03T22:54:53.905+0000] {dag.py:3239} INFO - Sync 1 DAGs
[2026-05-03T22:54:53.924+0000] {logging_mixin.py:190} INFO - [2026-05-03T22:54:53.924+0000] {dag.py:4180} INFO - Setting next_dagrun for example_branch_dop_operator_v3 to 2026-05-03 22:53:00+00:00, run_after=2026-05-03 22:54:00+00:00
[2026-05-03T22:54:53.941+0000] {processor.py:208} INFO - Processing /home/ec2-user/environment/lab4_model_training/venv/lib64/python3.12/site-packages/airflow/example_dags/example_branch_python_dop_operator_3.py took 0.063 seconds
[2026-05-03T22:55:59.895+0000] {processor.py:186} INFO - Started process (PID=58776) to work on /home/ec2-user/environment/lab4_model_training/venv/lib64/python3.12/site-packages/airflow/example_dags/example_branch_python_dop_operator_3.py
[2026-05-03T22:55:59.897+0000] {processor.py:914} INFO - Processing file /home/ec2-user/environment/lab4_model_training/venv/lib64/python3.12/site-packages/airflow/example_dags/example_branch_python_dop_operator_3.py for tasks to queue
[2026-05-03T22:55:59.898+0000] {logging_mixin.py:190} INFO - [2026-05-03T22:55:59.898+0000] {dagbag.py:588} INFO - Filling up the DagBag from /home/ec2-user/environment/lab4_model_training/venv/lib64/python3.12/site-packages/airflow/example_dags/example_branch_python_dop_operator_3.py
[2026-05-03T22:55:59.906+0000] {processor.py:925} INFO - DAG(s) 'example_branch_dop_operator_v3' retrieved from /home/ec2-user/environment/lab4_model_training/venv/lib64/python3.12/site-packages/airflow/example_dags/example_branch_python_dop_operator_3.py
[2026-05-03T22:55:59.918+0000] {logging_mixin.py:190} INFO - [2026-05-03T22:55:59.918+0000] {dag.py:3239} INFO - Sync 1 DAGs
[2026-05-03T22:55:59.936+0000] {logging_mixin.py:190} INFO - [2026-05-03T22:55:59.936+0000] {dag.py:4180} INFO - Setting next_dagrun for example_branch_dop_operator_v3 to 2026-05-03 22:54:00+00:00, run_after=2026-05-03 22:55:00+00:00
[2026-05-03T22:55:59.952+0000] {processor.py:208} INFO - Processing /home/ec2-user/environment/lab4_model_training/venv/lib64/python3.12/site-packages/airflow/example_dags/example_branch_python_dop_operator_3.py took 0.061 seconds
[2026-05-03T22:57:04.972+0000] {processor.py:186} INFO - Started process (PID=58911) to work on /home/ec2-user/environment/lab4_model_training/venv/lib64/python3.12/site-packages/airflow/example_dags/example_branch_python_dop_operator_3.py
[2026-05-03T22:57:04.973+0000] {processor.py:914} INFO - Processing file /home/ec2-user/environment/lab4_model_training/venv/lib64/python3.12/site-packages/airflow/example_dags/example_branch_python_dop_operator_3.py for tasks to queue
[2026-05-03T22:57:04.974+0000] {logging_mixin.py:190} INFO - [2026-05-03T22:57:04.974+0000] {dagbag.py:588} INFO - Filling up the DagBag from /home/ec2-user/environment/lab4_model_training/venv/lib64/python3.12/site-packages/airflow/example_dags/example_branch_python_dop_operator_3.py
[2026-05-03T22:57:04.982+0000] {processor.py:925} INFO - DAG(s) 'example_branch_dop_operator_v3' retrieved from /home/ec2-user/environment/lab4_model_training/venv/lib64/python3.12/site-packages/airflow/example_dags/example_branch_python_dop_operator_3.py
[2026-05-03T22:57:04.994+0000] {logging_mixin.py:190} INFO - [2026-05-03T22:57:04.994+0000] {dag.py:3239} INFO - Sync 1 DAGs
[2026-05-03T22:57:05.011+0000] {logging_mixin.py:190} INFO - [2026-05-03T22:57:05.011+0000] {dag.py:4180} INFO - Setting next_dagrun for example_branch_dop_operator_v3 to 2026-05-03 22:56:00+00:00, run_after=2026-05-03 22:57:00+00:00
[2026-05-03T22:57:05.028+0000] {processor.py:208} INFO - Processing /home/ec2-user/environment/lab4_model_training/venv/lib64/python3.12/site-packages/airflow/example_dags/example_branch_python_dop_operator_3.py took 0.061 seconds
[2026-05-03T22:58:12.424+0000] {processor.py:186} INFO - Started process (PID=59222) to work on /home/ec2-user/environment/lab4_model_training/venv/lib64/python3.12/site-packages/airflow/example_dags/example_branch_python_dop_operator_3.py
[2026-05-03T22:58:12.425+0000] {processor.py:914} INFO - Processing file /home/ec2-user/environment/lab4_model_training/venv/lib64/python3.12/site-packages/airflow/example_dags/example_branch_python_dop_operator_3.py for tasks to queue
[2026-05-03T22:58:12.427+0000] {logging_mixin.py:190} INFO - [2026-05-03T22:58:12.426+0000] {dagbag.py:588} INFO - Filling up the DagBag from /home/ec2-user/environment/lab4_model_training/venv/lib64/python3.12/site-packages/airflow/example_dags/example_branch_python_dop_operator_3.py
[2026-05-03T22:58:12.435+0000] {processor.py:925} INFO - DAG(s) 'example_branch_dop_operator_v3' retrieved from /home/ec2-user/environment/lab4_model_training/venv/lib64/python3.12/site-packages/airflow/example_dags/example_branch_python_dop_operator_3.py
[2026-05-03T22:58:12.447+0000] {logging_mixin.py:190} INFO - [2026-05-03T22:58:12.446+0000] {dag.py:3239} INFO - Sync 1 DAGs
[2026-05-03T22:58:12.465+0000] {logging_mixin.py:190} INFO - [2026-05-03T22:58:12.465+0000] {dag.py:4180} INFO - Setting next_dagrun for example_branch_dop_operator_v3 to 2026-05-03 22:57:00+00:00, run_after=2026-05-03 22:58:00+00:00
[2026-05-03T22:58:12.482+0000] {processor.py:208} INFO - Processing /home/ec2-user/environment/lab4_model_training/venv/lib64/python3.12/site-packages/airflow/example_dags/example_branch_python_dop_operator_3.py took 0.062 seconds
[2026-05-03T22:59:18.748+0000] {processor.py:186} INFO - Started process (PID=59504) to work on /home/ec2-user/environment/lab4_model_training/venv/lib64/python3.12/site-packages/airflow/example_dags/example_branch_python_dop_operator_3.py
[2026-05-03T22:59:18.749+0000] {processor.py:914} INFO - Processing file /home/ec2-user/environment/lab4_model_training/venv/lib64/python3.12/site-packages/airflow/example_dags/example_branch_python_dop_operator_3.py for tasks to queue
[2026-05-03T22:59:18.751+0000] {logging_mixin.py:190} INFO - [2026-05-03T22:59:18.750+0000] {dagbag.py:588} INFO - Filling up the DagBag from /home/ec2-user/environment/lab4_model_training/venv/lib64/python3.12/site-packages/airflow/example_dags/example_branch_python_dop_operator_3.py
[2026-05-03T22:59:18.759+0000] {processor.py:925} INFO - DAG(s) 'example_branch_dop_operator_v3' retrieved from /home/ec2-user/environment/lab4_model_training/venv/lib64/python3.12/site-packages/airflow/example_dags/example_branch_python_dop_operator_3.py
[2026-05-03T22:59:18.771+0000] {logging_mixin.py:190} INFO - [2026-05-03T22:59:18.771+0000] {dag.py:3239} INFO - Sync 1 DAGs
[2026-05-03T22:59:18.789+0000] {logging_mixin.py:190} INFO - [2026-05-03T22:59:18.789+0000] {dag.py:4180} INFO - Setting next_dagrun for example_branch_dop_operator_v3 to 2026-05-03 22:58:00+00:00, run_after=2026-05-03 22:59:00+00:00
[2026-05-03T22:59:18.806+0000] {processor.py:208} INFO - Processing /home/ec2-user/environment/lab4_model_training/venv/lib64/python3.12/site-packages/airflow/example_dags/example_branch_python_dop_operator_3.py took 0.062 seconds
[2026-05-03T23:00:21.662+0000] {processor.py:186} INFO - Started process (PID=59815) to work on /home/ec2-user/environment/lab4_model_training/venv/lib64/python3.12/site-packages/airflow/example_dags/example_branch_python_dop_operator_3.py
[2026-05-03T23:00:21.663+0000] {processor.py:914} INFO - Processing file /home/ec2-user/environment/lab4_model_training/venv/lib64/python3.12/site-packages/airflow/example_dags/example_branch_python_dop_operator_3.py for tasks to queue
[2026-05-03T23:00:21.664+0000] {logging_mixin.py:190} INFO - [2026-05-03T23:00:21.664+0000] {dagbag.py:588} INFO - Filling up the DagBag from /home/ec2-user/environment/lab4_model_training/venv/lib64/python3.12/site-packages/airflow/example_dags/example_branch_python_dop_operator_3.py
[2026-05-03T23:00:21.673+0000] {processor.py:925} INFO - DAG(s) 'example_branch_dop_operator_v3' retrieved from /home/ec2-user/environment/lab4_model_training/venv/lib64/python3.12/site-packages/airflow/example_dags/example_branch_python_dop_operator_3.py
[2026-05-03T23:00:21.684+0000] {logging_mixin.py:190} INFO - [2026-05-03T23:00:21.684+0000] {dag.py:3239} INFO - Sync 1 DAGs
[2026-05-03T23:00:21.702+0000] {logging_mixin.py:190} INFO - [2026-05-03T23:00:21.702+0000] {dag.py:4180} INFO - Setting next_dagrun for example_branch_dop_operator_v3 to 2026-05-03 22:59:00+00:00, run_after=2026-05-03 23:00:00+00:00
[2026-05-03T23:00:21.719+0000] {processor.py:208} INFO - Processing /home/ec2-user/environment/lab4_model_training/venv/lib64/python3.12/site-packages/airflow/example_dags/example_branch_python_dop_operator_3.py took 0.062 seconds
[2026-05-03T23:01:29.669+0000] {processor.py:186} INFO - Started process (PID=60096) to work on /home/ec2-user/environment/lab4_model_training/venv/lib64/python3.12/site-packages/airflow/example_dags/example_branch_python_dop_operator_3.py
[2026-05-03T23:01:29.670+0000] {processor.py:914} INFO - Processing file /home/ec2-user/environment/lab4_model_training/venv/lib64/python3.12/site-packages/airflow/example_dags/example_branch_python_dop_operator_3.py for tasks to queue
[2026-05-03T23:01:29.672+0000] {logging_mixin.py:190} INFO - [2026-05-03T23:01:29.671+0000] {dagbag.py:588} INFO - Filling up the DagBag from /home/ec2-user/environment/lab4_model_training/venv/lib64/python3.12/site-packages/airflow/example_dags/example_branch_python_dop_operator_3.py
[2026-05-03T23:01:29.680+0000] {processor.py:925} INFO - DAG(s) 'example_branch_dop_operator_v3' retrieved from /home/ec2-user/environment/lab4_model_training/venv/lib64/python3.12/site-packages/airflow/example_dags/example_branch_python_dop_operator_3.py
[2026-05-03T23:01:29.691+0000] {logging_mixin.py:190} INFO - [2026-05-03T23:01:29.691+0000] {dag.py:3239} INFO - Sync 1 DAGs
[2026-05-03T23:01:29.709+0000] {logging_mixin.py:190} INFO - [2026-05-03T23:01:29.709+0000] {dag.py:4180} INFO - Setting next_dagrun for example_branch_dop_operator_v3 to 2026-05-03 23:00:00+00:00, run_after=2026-05-03 23:01:00+00:00
[2026-05-03T23:01:29.725+0000] {processor.py:208} INFO - Processing /home/ec2-user/environment/lab4_model_training/venv/lib64/python3.12/site-packages/airflow/example_dags/example_branch_python_dop_operator_3.py took 0.061 seconds
[2026-05-03T23:02:33.280+0000] {processor.py:186} INFO - Started process (PID=60422) to work on /home/ec2-user/environment/lab4_model_training/venv/lib64/python3.12/site-packages/airflow/example_dags/example_branch_python_dop_operator_3.py
[2026-05-03T23:02:33.282+0000] {processor.py:914} INFO - Processing file /home/ec2-user/environment/lab4_model_training/venv/lib64/python3.12/site-packages/airflow/example_dags/example_branch_python_dop_operator_3.py for tasks to queue
[2026-05-03T23:02:33.283+0000] {logging_mixin.py:190} INFO - [2026-05-03T23:02:33.283+0000] {dagbag.py:588} INFO - Filling up the DagBag from /home/ec2-user/environment/lab4_model_training/venv/lib64/python3.12/site-packages/airflow/example_dags/example_branch_python_dop_operator_3.py
[2026-05-03T23:02:33.292+0000] {processor.py:925} INFO - DAG(s) 'example_branch_dop_operator_v3' retrieved from /home/ec2-user/environment/lab4_model_training/venv/lib64/python3.12/site-packages/airflow/example_dags/example_branch_python_dop_operator_3.py
[2026-05-03T23:02:33.303+0000] {logging_mixin.py:190} INFO - [2026-05-03T23:02:33.303+0000] {dag.py:3239} INFO - Sync 1 DAGs
[2026-05-03T23:02:33.321+0000] {logging_mixin.py:190} INFO - [2026-05-03T23:02:33.321+0000] {dag.py:4180} INFO - Setting next_dagrun for example_branch_dop_operator_v3 to 2026-05-03 23:01:00+00:00, run_after=2026-05-03 23:02:00+00:00
[2026-05-03T23:02:33.338+0000] {processor.py:208} INFO - Processing /home/ec2-user/environment/lab4_model_training/venv/lib64/python3.12/site-packages/airflow/example_dags/example_branch_python_dop_operator_3.py took 0.062 seconds
[2026-05-03T23:03:32.301+0000] {processor.py:186} INFO - Started process (PID=60687) to work on /home/ec2-user/environment/lab4_model_training/venv/lib64/python3.12/site-packages/airflow/example_dags/example_branch_python_dop_operator_3.py
[2026-05-03T23:03:32.302+0000] {processor.py:914} INFO - Processing file /home/ec2-user/environment/lab4_model_training/venv/lib64/python3.12/site-packages/airflow/example_dags/example_branch_python_dop_operator_3.py for tasks to queue
[2026-05-03T23:03:32.304+0000] {logging_mixin.py:190} INFO - [2026-05-03T23:03:32.304+0000] {dagbag.py:588} INFO - Filling up the DagBag from /home/ec2-user/environment/lab4_model_training/venv/lib64/python3.12/site-packages/airflow/example_dags/example_branch_python_dop_operator_3.py
[2026-05-03T23:03:32.313+0000] {processor.py:925} INFO - DAG(s) 'example_branch_dop_operator_v3' retrieved from /home/ec2-user/environment/lab4_model_training/venv/lib64/python3.12/site-packages/airflow/example_dags/example_branch_python_dop_operator_3.py
[2026-05-03T23:03:32.325+0000] {logging_mixin.py:190} INFO - [2026-05-03T23:03:32.325+0000] {dag.py:3239} INFO - Sync 1 DAGs
[2026-05-03T23:03:32.342+0000] {logging_mixin.py:190} INFO - [2026-05-03T23:03:32.342+0000] {dag.py:4180} INFO - Setting next_dagrun for example_branch_dop_operator_v3 to 2026-05-03 23:02:00+00:00, run_after=2026-05-03 23:03:00+00:00
[2026-05-03T23:03:32.359+0000] {processor.py:208} INFO - Processing /home/ec2-user/environment/lab4_model_training/venv/lib64/python3.12/site-packages/airflow/example_dags/example_branch_python_dop_operator_3.py took 0.062 seconds
[2026-05-03T23:04:40.630+0000] {processor.py:186} INFO - Started process (PID=61001) to work on /home/ec2-user/environment/lab4_model_training/venv/lib64/python3.12/site-packages/airflow/example_dags/example_branch_python_dop_operator_3.py
[2026-05-03T23:04:40.632+0000] {processor.py:914} INFO - Processing file /home/ec2-user/environment/lab4_model_training/venv/lib64/python3.12/site-packages/airflow/example_dags/example_branch_python_dop_operator_3.py for tasks to queue
[2026-05-03T23:04:40.633+0000] {logging_mixin.py:190} INFO - [2026-05-03T23:04:40.633+0000] {dagbag.py:588} INFO - Filling up the DagBag from /home/ec2-user/environment/lab4_model_training/venv/lib64/python3.12/site-packages/airflow/example_dags/example_branch_python_dop_operator_3.py
[2026-05-03T23:04:40.641+0000] {processor.py:925} INFO - DAG(s) 'example_branch_dop_operator_v3' retrieved from /home/ec2-user/environment/lab4_model_training/venv/lib64/python3.12/site-packages/airflow/example_dags/example_branch_python_dop_operator_3.py
[2026-05-03T23:04:40.653+0000] {logging_mixin.py:190} INFO - [2026-05-03T23:04:40.653+0000] {dag.py:3239} INFO - Sync 1 DAGs
[2026-05-03T23:04:40.670+0000] {logging_mixin.py:190} INFO - [2026-05-03T23:04:40.670+0000] {dag.py:4180} INFO - Setting next_dagrun for example_branch_dop_operator_v3 to 2026-05-03 23:03:00+00:00, run_after=2026-05-03 23:04:00+00:00
[2026-05-03T23:04:40.687+0000] {processor.py:208} INFO - Processing /home/ec2-user/environment/lab4_model_training/venv/lib64/python3.12/site-packages/airflow/example_dags/example_branch_python_dop_operator_3.py took 0.061 seconds
[2026-05-03T23:05:44.849+0000] {processor.py:186} INFO - Started process (PID=61307) to work on /home/ec2-user/environment/lab4_model_training/venv/lib64/python3.12/site-packages/airflow/example_dags/example_branch_python_dop_operator_3.py
[2026-05-03T23:05:44.850+0000] {processor.py:914} INFO - Processing file /home/ec2-user/environment/lab4_model_training/venv/lib64/python3.12/site-packages/airflow/example_dags/example_branch_python_dop_operator_3.py for tasks to queue
[2026-05-03T23:05:44.852+0000] {logging_mixin.py:190} INFO - [2026-05-03T23:05:44.851+0000] {dagbag.py:588} INFO - Filling up the DagBag from /home/ec2-user/environment/lab4_model_training/venv/lib64/python3.12/site-packages/airflow/example_dags/example_branch_python_dop_operator_3.py
[2026-05-03T23:05:44.860+0000] {processor.py:925} INFO - DAG(s) 'example_branch_dop_operator_v3' retrieved from /home/ec2-user/environment/lab4_model_training/venv/lib64/python3.12/site-packages/airflow/example_dags/example_branch_python_dop_operator_3.py
[2026-05-03T23:05:44.871+0000] {logging_mixin.py:190} INFO - [2026-05-03T23:05:44.871+0000] {dag.py:3239} INFO - Sync 1 DAGs
[2026-05-03T23:05:44.889+0000] {logging_mixin.py:190} INFO - [2026-05-03T23:05:44.889+0000] {dag.py:4180} INFO - Setting next_dagrun for example_branch_dop_operator_v3 to 2026-05-03 23:04:00+00:00, run_after=2026-05-03 23:05:00+00:00
[2026-05-03T23:05:44.905+0000] {processor.py:208} INFO - Processing /home/ec2-user/environment/lab4_model_training/venv/lib64/python3.12/site-packages/airflow/example_dags/example_branch_python_dop_operator_3.py took 0.060 seconds
[2026-05-03T23:06:46.730+0000] {processor.py:186} INFO - Started process (PID=61520) to work on /home/ec2-user/environment/lab4_model_training/venv/lib64/python3.12/site-packages/airflow/example_dags/example_branch_python_dop_operator_3.py
[2026-05-03T23:06:46.731+0000] {processor.py:914} INFO - Processing file /home/ec2-user/environment/lab4_model_training/venv/lib64/python3.12/site-packages/airflow/example_dags/example_branch_python_dop_operator_3.py for tasks to queue
[2026-05-03T23:06:46.733+0000] {logging_mixin.py:190} INFO - [2026-05-03T23:06:46.732+0000] {dagbag.py:588} INFO - Filling up the DagBag from /home/ec2-user/environment/lab4_model_training/venv/lib64/python3.12/site-packages/airflow/example_dags/example_branch_python_dop_operator_3.py
[2026-05-03T23:06:46.741+0000] {processor.py:925} INFO - DAG(s) 'example_branch_dop_operator_v3' retrieved from /home/ec2-user/environment/lab4_model_training/venv/lib64/python3.12/site-packages/airflow/example_dags/example_branch_python_dop_operator_3.py
[2026-05-03T23:06:46.752+0000] {logging_mixin.py:190} INFO - [2026-05-03T23:06:46.752+0000] {dag.py:3239} INFO - Sync 1 DAGs
[2026-05-03T23:06:46.770+0000] {logging_mixin.py:190} INFO - [2026-05-03T23:06:46.770+0000] {dag.py:4180} INFO - Setting next_dagrun for example_branch_dop_operator_v3 to 2026-05-03 23:05:00+00:00, run_after=2026-05-03 23:06:00+00:00
[2026-05-03T23:06:46.786+0000] {processor.py:208} INFO - Processing /home/ec2-user/environment/lab4_model_training/venv/lib64/python3.12/site-packages/airflow/example_dags/example_branch_python_dop_operator_3.py took 0.060 seconds
[2026-05-03T23:07:51.998+0000] {processor.py:186} INFO - Started process (PID=61849) to work on /home/ec2-user/environment/lab4_model_training/venv/lib64/python3.12/site-packages/airflow/example_dags/example_branch_python_dop_operator_3.py
[2026-05-03T23:07:51.999+0000] {processor.py:914} INFO - Processing file /home/ec2-user/environment/lab4_model_training/venv/lib64/python3.12/site-packages/airflow/example_dags/example_branch_python_dop_operator_3.py for tasks to queue
[2026-05-03T23:07:52.000+0000] {logging_mixin.py:190} INFO - [2026-05-03T23:07:52.000+0000] {dagbag.py:588} INFO - Filling up the DagBag from /home/ec2-user/environment/lab4_model_training/venv/lib64/python3.12/site-packages/airflow/example_dags/example_branch_python_dop_operator_3.py
[2026-05-03T23:07:52.009+0000] {processor.py:925} INFO - DAG(s) 'example_branch_dop_operator_v3' retrieved from /home/ec2-user/environment/lab4_model_training/venv/lib64/python3.12/site-packages/airflow/example_dags/example_branch_python_dop_operator_3.py
[2026-05-03T23:07:52.020+0000] {logging_mixin.py:190} INFO - [2026-05-03T23:07:52.020+0000] {dag.py:3239} INFO - Sync 1 DAGs
[2026-05-03T23:07:52.038+0000] {logging_mixin.py:190} INFO - [2026-05-03T23:07:52.038+0000] {dag.py:4180} INFO - Setting next_dagrun for example_branch_dop_operator_v3 to 2026-05-03 23:06:00+00:00, run_after=2026-05-03 23:07:00+00:00
[2026-05-03T23:07:52.056+0000] {processor.py:208} INFO - Processing /home/ec2-user/environment/lab4_model_training/venv/lib64/python3.12/site-packages/airflow/example_dags/example_branch_python_dop_operator_3.py took 0.062 seconds
[2026-05-03T23:08:56.215+0000] {processor.py:186} INFO - Started process (PID=62029) to work on /home/ec2-user/environment/lab4_model_training/venv/lib64/python3.12/site-packages/airflow/example_dags/example_branch_python_dop_operator_3.py
[2026-05-03T23:08:56.216+0000] {processor.py:914} INFO - Processing file /home/ec2-user/environment/lab4_model_training/venv/lib64/python3.12/site-packages/airflow/example_dags/example_branch_python_dop_operator_3.py for tasks to queue
[2026-05-03T23:08:56.218+0000] {logging_mixin.py:190} INFO - [2026-05-03T23:08:56.218+0000] {dagbag.py:588} INFO - Filling up the DagBag from /home/ec2-user/environment/lab4_model_training/venv/lib64/python3.12/site-packages/airflow/example_dags/example_branch_python_dop_operator_3.py
[2026-05-03T23:08:56.226+0000] {processor.py:925} INFO - DAG(s) 'example_branch_dop_operator_v3' retrieved from /home/ec2-user/environment/lab4_model_training/venv/lib64/python3.12/site-packages/airflow/example_dags/example_branch_python_dop_operator_3.py
[2026-05-03T23:08:56.237+0000] {logging_mixin.py:190} INFO - [2026-05-03T23:08:56.237+0000] {dag.py:3239} INFO - Sync 1 DAGs
[2026-05-03T23:08:56.255+0000] {logging_mixin.py:190} INFO - [2026-05-03T23:08:56.255+0000] {dag.py:4180} INFO - Setting next_dagrun for example_branch_dop_operator_v3 to 2026-05-03 23:07:00+00:00, run_after=2026-05-03 23:08:00+00:00
[2026-05-03T23:08:56.272+0000] {processor.py:208} INFO - Processing /home/ec2-user/environment/lab4_model_training/venv/lib64/python3.12/site-packages/airflow/example_dags/example_branch_python_dop_operator_3.py took 0.062 seconds
[2026-05-03T23:09:58.898+0000] {processor.py:186} INFO - Started process (PID=62298) to work on /home/ec2-user/environment/lab4_model_training/venv/lib64/python3.12/site-packages/airflow/example_dags/example_branch_python_dop_operator_3.py
[2026-05-03T23:09:58.899+0000] {processor.py:914} INFO - Processing file /home/ec2-user/environment/lab4_model_training/venv/lib64/python3.12/site-packages/airflow/example_dags/example_branch_python_dop_operator_3.py for tasks to queue
[2026-05-03T23:09:58.901+0000] {logging_mixin.py:190} INFO - [2026-05-03T23:09:58.901+0000] {dagbag.py:588} INFO - Filling up the DagBag from /home/ec2-user/environment/lab4_model_training/venv/lib64/python3.12/site-packages/airflow/example_dags/example_branch_python_dop_operator_3.py
[2026-05-03T23:09:58.909+0000] {processor.py:925} INFO - DAG(s) 'example_branch_dop_operator_v3' retrieved from /home/ec2-user/environment/lab4_model_training/venv/lib64/python3.12/site-packages/airflow/example_dags/example_branch_python_dop_operator_3.py
[2026-05-03T23:09:58.921+0000] {logging_mixin.py:190} INFO - [2026-05-03T23:09:58.921+0000] {dag.py:3239} INFO - Sync 1 DAGs
[2026-05-03T23:09:58.939+0000] {logging_mixin.py:190} INFO - [2026-05-03T23:09:58.939+0000] {dag.py:4180} INFO - Setting next_dagrun for example_branch_dop_operator_v3 to 2026-05-03 23:08:00+00:00, run_after=2026-05-03 23:09:00+00:00
[2026-05-03T23:09:58.956+0000] {processor.py:208} INFO - Processing /home/ec2-user/environment/lab4_model_training/venv/lib64/python3.12/site-packages/airflow/example_dags/example_branch_python_dop_operator_3.py took 0.062 seconds
[2026-05-03T23:11:05.922+0000] {processor.py:186} INFO - Started process (PID=62522) to work on /home/ec2-user/environment/lab4_model_training/venv/lib64/python3.12/site-packages/airflow/example_dags/example_branch_python_dop_operator_3.py
[2026-05-03T23:11:05.923+0000] {processor.py:914} INFO - Processing file /home/ec2-user/environment/lab4_model_training/venv/lib64/python3.12/site-packages/airflow/example_dags/example_branch_python_dop_operator_3.py for tasks to queue
[2026-05-03T23:11:05.925+0000] {logging_mixin.py:190} INFO - [2026-05-03T23:11:05.924+0000] {dagbag.py:588} INFO - Filling up the DagBag from /home/ec2-user/environment/lab4_model_training/venv/lib64/python3.12/site-packages/airflow/example_dags/example_branch_python_dop_operator_3.py
[2026-05-03T23:11:05.933+0000] {processor.py:925} INFO - DAG(s) 'example_branch_dop_operator_v3' retrieved from /home/ec2-user/environment/lab4_model_training/venv/lib64/python3.12/site-packages/airflow/example_dags/example_branch_python_dop_operator_3.py
[2026-05-03T23:11:05.944+0000] {logging_mixin.py:190} INFO - [2026-05-03T23:11:05.944+0000] {dag.py:3239} INFO - Sync 1 DAGs
[2026-05-03T23:11:05.961+0000] {logging_mixin.py:190} INFO - [2026-05-03T23:11:05.961+0000] {dag.py:4180} INFO - Setting next_dagrun for example_branch_dop_operator_v3 to 2026-05-03 23:10:00+00:00, run_after=2026-05-03 23:11:00+00:00
[2026-05-03T23:11:05.979+0000] {processor.py:208} INFO - Processing /home/ec2-user/environment/lab4_model_training/venv/lib64/python3.12/site-packages/airflow/example_dags/example_branch_python_dop_operator_3.py took 0.061 seconds
[2026-05-03T23:12:10.746+0000] {processor.py:186} INFO - Started process (PID=62712) to work on /home/ec2-user/environment/lab4_model_training/venv/lib64/python3.12/site-packages/airflow/example_dags/example_branch_python_dop_operator_3.py
[2026-05-03T23:12:10.747+0000] {processor.py:914} INFO - Processing file /home/ec2-user/environment/lab4_model_training/venv/lib64/python3.12/site-packages/airflow/example_dags/example_branch_python_dop_operator_3.py for tasks to queue
[2026-05-03T23:12:10.749+0000] {logging_mixin.py:190} INFO - [2026-05-03T23:12:10.748+0000] {dagbag.py:588} INFO - Filling up the DagBag from /home/ec2-user/environment/lab4_model_training/venv/lib64/python3.12/site-packages/airflow/example_dags/example_branch_python_dop_operator_3.py
[2026-05-03T23:12:10.757+0000] {processor.py:925} INFO - DAG(s) 'example_branch_dop_operator_v3' retrieved from /home/ec2-user/environment/lab4_model_training/venv/lib64/python3.12/site-packages/airflow/example_dags/example_branch_python_dop_operator_3.py
[2026-05-03T23:12:10.769+0000] {logging_mixin.py:190} INFO - [2026-05-03T23:12:10.768+0000] {dag.py:3239} INFO - Sync 1 DAGs
[2026-05-03T23:12:10.786+0000] {logging_mixin.py:190} INFO - [2026-05-03T23:12:10.786+0000] {dag.py:4180} INFO - Setting next_dagrun for example_branch_dop_operator_v3 to 2026-05-03 23:11:00+00:00, run_after=2026-05-03 23:12:00+00:00
[2026-05-03T23:12:10.803+0000] {processor.py:208} INFO - Processing /home/ec2-user/environment/lab4_model_training/venv/lib64/python3.12/site-packages/airflow/example_dags/example_branch_python_dop_operator_3.py took 0.062 seconds
[2026-05-03T23:13:19.425+0000] {processor.py:186} INFO - Started process (PID=62879) to work on /home/ec2-user/environment/lab4_model_training/venv/lib64/python3.12/site-packages/airflow/example_dags/example_branch_python_dop_operator_3.py
[2026-05-03T23:13:19.426+0000] {processor.py:914} INFO - Processing file /home/ec2-user/environment/lab4_model_training/venv/lib64/python3.12/site-packages/airflow/example_dags/example_branch_python_dop_operator_3.py for tasks to queue
[2026-05-03T23:13:19.427+0000] {logging_mixin.py:190} INFO - [2026-05-03T23:13:19.427+0000] {dagbag.py:588} INFO - Filling up the DagBag from /home/ec2-user/environment/lab4_model_training/venv/lib64/python3.12/site-packages/airflow/example_dags/example_branch_python_dop_operator_3.py
[2026-05-03T23:13:19.435+0000] {processor.py:925} INFO - DAG(s) 'example_branch_dop_operator_v3' retrieved from /home/ec2-user/environment/lab4_model_training/venv/lib64/python3.12/site-packages/airflow/example_dags/example_branch_python_dop_operator_3.py
[2026-05-03T23:13:19.447+0000] {logging_mixin.py:190} INFO - [2026-05-03T23:13:19.447+0000] {dag.py:3239} INFO - Sync 1 DAGs
[2026-05-03T23:13:19.465+0000] {logging_mixin.py:190} INFO - [2026-05-03T23:13:19.464+0000] {dag.py:4180} INFO - Setting next_dagrun for example_branch_dop_operator_v3 to 2026-05-03 23:12:00+00:00, run_after=2026-05-03 23:13:00+00:00
[2026-05-03T23:13:19.481+0000] {processor.py:208} INFO - Processing /home/ec2-user/environment/lab4_model_training/venv/lib64/python3.12/site-packages/airflow/example_dags/example_branch_python_dop_operator_3.py took 0.061 seconds
[2026-05-03T23:14:24.553+0000] {processor.py:186} INFO - Started process (PID=63078) to work on /home/ec2-user/environment/lab4_model_training/venv/lib64/python3.12/site-packages/airflow/example_dags/example_branch_python_dop_operator_3.py
[2026-05-03T23:14:24.554+0000] {processor.py:914} INFO - Processing file /home/ec2-user/environment/lab4_model_training/venv/lib64/python3.12/site-packages/airflow/example_dags/example_branch_python_dop_operator_3.py for tasks to queue
[2026-05-03T23:14:24.556+0000] {logging_mixin.py:190} INFO - [2026-05-03T23:14:24.556+0000] {dagbag.py:588} INFO - Filling up the DagBag from /home/ec2-user/environment/lab4_model_training/venv/lib64/python3.12/site-packages/airflow/example_dags/example_branch_python_dop_operator_3.py
[2026-05-03T23:14:24.564+0000] {processor.py:925} INFO - DAG(s) 'example_branch_dop_operator_v3' retrieved from /home/ec2-user/environment/lab4_model_training/venv/lib64/python3.12/site-packages/airflow/example_dags/example_branch_python_dop_operator_3.py
[2026-05-03T23:14:24.575+0000] {logging_mixin.py:190} INFO - [2026-05-03T23:14:24.575+0000] {dag.py:3239} INFO - Sync 1 DAGs
[2026-05-03T23:14:24.593+0000] {logging_mixin.py:190} INFO - [2026-05-03T23:14:24.593+0000] {dag.py:4180} INFO - Setting next_dagrun for example_branch_dop_operator_v3 to 2026-05-03 23:13:00+00:00, run_after=2026-05-03 23:14:00+00:00
[2026-05-03T23:14:24.610+0000] {processor.py:208} INFO - Processing /home/ec2-user/environment/lab4_model_training/venv/lib64/python3.12/site-packages/airflow/example_dags/example_branch_python_dop_operator_3.py took 0.060 seconds
[2026-05-03T23:15:27.097+0000] {processor.py:186} INFO - Started process (PID=63307) to work on /home/ec2-user/environment/lab4_model_training/venv/lib64/python3.12/site-packages/airflow/example_dags/example_branch_python_dop_operator_3.py
[2026-05-03T23:15:27.099+0000] {processor.py:914} INFO - Processing file /home/ec2-user/environment/lab4_model_training/venv/lib64/python3.12/site-packages/airflow/example_dags/example_branch_python_dop_operator_3.py for tasks to queue
[2026-05-03T23:15:27.100+0000] {logging_mixin.py:190} INFO - [2026-05-03T23:15:27.100+0000] {dagbag.py:588} INFO - Filling up the DagBag from /home/ec2-user/environment/lab4_model_training/venv/lib64/python3.12/site-packages/airflow/example_dags/example_branch_python_dop_operator_3.py
[2026-05-03T23:15:27.109+0000] {processor.py:925} INFO - DAG(s) 'example_branch_dop_operator_v3' retrieved from /home/ec2-user/environment/lab4_model_training/venv/lib64/python3.12/site-packages/airflow/example_dags/example_branch_python_dop_operator_3.py
[2026-05-03T23:15:27.121+0000] {logging_mixin.py:190} INFO - [2026-05-03T23:15:27.121+0000] {dag.py:3239} INFO - Sync 1 DAGs
[2026-05-03T23:15:27.139+0000] {logging_mixin.py:190} INFO - [2026-05-03T23:15:27.139+0000] {dag.py:4180} INFO - Setting next_dagrun for example_branch_dop_operator_v3 to 2026-05-03 23:14:00+00:00, run_after=2026-05-03 23:15:00+00:00
[2026-05-03T23:15:27.156+0000] {processor.py:208} INFO - Processing /home/ec2-user/environment/lab4_model_training/venv/lib64/python3.12/site-packages/airflow/example_dags/example_branch_python_dop_operator_3.py took 0.063 seconds
[2026-05-03T23:16:50.637+0000] {processor.py:186} INFO - Started process (PID=63626) to work on /home/ec2-user/environment/lab4_model_training/venv/lib64/python3.12/site-packages/airflow/example_dags/example_branch_python_dop_operator_3.py
[2026-05-03T23:16:50.638+0000] {processor.py:914} INFO - Processing file /home/ec2-user/environment/lab4_model_training/venv/lib64/python3.12/site-packages/airflow/example_dags/example_branch_python_dop_operator_3.py for tasks to queue
[2026-05-03T23:16:50.640+0000] {logging_mixin.py:190} INFO - [2026-05-03T23:16:50.640+0000] {dagbag.py:588} INFO - Filling up the DagBag from /home/ec2-user/environment/lab4_model_training/venv/lib64/python3.12/site-packages/airflow/example_dags/example_branch_python_dop_operator_3.py
[2026-05-03T23:16:50.648+0000] {processor.py:925} INFO - DAG(s) 'example_branch_dop_operator_v3' retrieved from /home/ec2-user/environment/lab4_model_training/venv/lib64/python3.12/site-packages/airflow/example_dags/example_branch_python_dop_operator_3.py
[2026-05-03T23:16:50.659+0000] {logging_mixin.py:190} INFO - [2026-05-03T23:16:50.659+0000] {dag.py:3239} INFO - Sync 1 DAGs
[2026-05-03T23:16:50.677+0000] {logging_mixin.py:190} INFO - [2026-05-03T23:16:50.677+0000] {dag.py:4180} INFO - Setting next_dagrun for example_branch_dop_operator_v3 to 2026-05-03 23:15:00+00:00, run_after=2026-05-03 23:16:00+00:00
[2026-05-03T23:16:50.694+0000] {processor.py:208} INFO - Processing /home/ec2-user/environment/lab4_model_training/venv/lib64/python3.12/site-packages/airflow/example_dags/example_branch_python_dop_operator_3.py took 0.061 seconds
[2026-05-03T23:17:33.200+0000] {processor.py:186} INFO - Started process (PID=63702) to work on /home/ec2-user/environment/lab4_model_training/venv/lib64/python3.12/site-packages/airflow/example_dags/example_branch_python_dop_operator_3.py
[2026-05-03T23:17:33.201+0000] {processor.py:914} INFO - Processing file /home/ec2-user/environment/lab4_model_training/venv/lib64/python3.12/site-packages/airflow/example_dags/example_branch_python_dop_operator_3.py for tasks to queue
[2026-05-03T23:17:33.203+0000] {logging_mixin.py:190} INFO - [2026-05-03T23:17:33.203+0000] {dagbag.py:588} INFO - Filling up the DagBag from /home/ec2-user/environment/lab4_model_training/venv/lib64/python3.12/site-packages/airflow/example_dags/example_branch_python_dop_operator_3.py
[2026-05-03T23:17:33.211+0000] {processor.py:925} INFO - DAG(s) 'example_branch_dop_operator_v3' retrieved from /home/ec2-user/environment/lab4_model_training/venv/lib64/python3.12/site-packages/airflow/example_dags/example_branch_python_dop_operator_3.py
[2026-05-03T23:17:33.223+0000] {logging_mixin.py:190} INFO - [2026-05-03T23:17:33.223+0000] {dag.py:3239} INFO - Sync 1 DAGs
[2026-05-03T23:17:33.241+0000] {logging_mixin.py:190} INFO - [2026-05-03T23:17:33.241+0000] {dag.py:4180} INFO - Setting next_dagrun for example_branch_dop_operator_v3 to 2026-05-03 23:16:00+00:00, run_after=2026-05-03 23:17:00+00:00
[2026-05-03T23:17:33.258+0000] {processor.py:208} INFO - Processing /home/ec2-user/environment/lab4_model_training/venv/lib64/python3.12/site-packages/airflow/example_dags/example_branch_python_dop_operator_3.py took 0.062 seconds
[2026-05-03T23:18:38.847+0000] {processor.py:186} INFO - Started process (PID=63823) to work on /home/ec2-user/environment/lab4_model_training/venv/lib64/python3.12/site-packages/airflow/example_dags/example_branch_python_dop_operator_3.py
[2026-05-03T23:18:38.848+0000] {processor.py:914} INFO - Processing file /home/ec2-user/environment/lab4_model_training/venv/lib64/python3.12/site-packages/airflow/example_dags/example_branch_python_dop_operator_3.py for tasks to queue
[2026-05-03T23:18:38.849+0000] {logging_mixin.py:190} INFO - [2026-05-03T23:18:38.849+0000] {dagbag.py:588} INFO - Filling up the DagBag from /home/ec2-user/environment/lab4_model_training/venv/lib64/python3.12/site-packages/airflow/example_dags/example_branch_python_dop_operator_3.py
[2026-05-03T23:18:38.858+0000] {processor.py:925} INFO - DAG(s) 'example_branch_dop_operator_v3' retrieved from /home/ec2-user/environment/lab4_model_training/venv/lib64/python3.12/site-packages/airflow/example_dags/example_branch_python_dop_operator_3.py
[2026-05-03T23:18:38.869+0000] {logging_mixin.py:190} INFO - [2026-05-03T23:18:38.869+0000] {dag.py:3239} INFO - Sync 1 DAGs
[2026-05-03T23:18:38.887+0000] {logging_mixin.py:190} INFO - [2026-05-03T23:18:38.886+0000] {dag.py:4180} INFO - Setting next_dagrun for example_branch_dop_operator_v3 to 2026-05-03 23:17:00+00:00, run_after=2026-05-03 23:18:00+00:00
[2026-05-03T23:18:38.903+0000] {processor.py:208} INFO - Processing /home/ec2-user/environment/lab4_model_training/venv/lib64/python3.12/site-packages/airflow/example_dags/example_branch_python_dop_operator_3.py took 0.061 seconds
[2026-05-03T23:19:41.414+0000] {processor.py:186} INFO - Started process (PID=63995) to work on /home/ec2-user/environment/lab4_model_training/venv/lib64/python3.12/site-packages/airflow/example_dags/example_branch_python_dop_operator_3.py
[2026-05-03T23:19:41.415+0000] {processor.py:914} INFO - Processing file /home/ec2-user/environment/lab4_model_training/venv/lib64/python3.12/site-packages/airflow/example_dags/example_branch_python_dop_operator_3.py for tasks to queue
[2026-05-03T23:19:41.417+0000] {logging_mixin.py:190} INFO - [2026-05-03T23:19:41.416+0000] {dagbag.py:588} INFO - Filling up the DagBag from /home/ec2-user/environment/lab4_model_training/venv/lib64/python3.12/site-packages/airflow/example_dags/example_branch_python_dop_operator_3.py
[2026-05-03T23:19:41.425+0000] {processor.py:925} INFO - DAG(s) 'example_branch_dop_operator_v3' retrieved from /home/ec2-user/environment/lab4_model_training/venv/lib64/python3.12/site-packages/airflow/example_dags/example_branch_python_dop_operator_3.py
[2026-05-03T23:19:41.436+0000] {logging_mixin.py:190} INFO - [2026-05-03T23:19:41.436+0000] {dag.py:3239} INFO - Sync 1 DAGs
[2026-05-03T23:19:41.454+0000] {logging_mixin.py:190} INFO - [2026-05-03T23:19:41.454+0000] {dag.py:4180} INFO - Setting next_dagrun for example_branch_dop_operator_v3 to 2026-05-03 23:18:00+00:00, run_after=2026-05-03 23:19:00+00:00
[2026-05-03T23:19:41.471+0000] {processor.py:208} INFO - Processing /home/ec2-user/environment/lab4_model_training/venv/lib64/python3.12/site-packages/airflow/example_dags/example_branch_python_dop_operator_3.py took 0.062 seconds
[2026-05-03T23:20:48.389+0000] {processor.py:186} INFO - Started process (PID=64177) to work on /home/ec2-user/environment/lab4_model_training/venv/lib64/python3.12/site-packages/airflow/example_dags/example_branch_python_dop_operator_3.py
[2026-05-03T23:20:48.390+0000] {processor.py:914} INFO - Processing file /home/ec2-user/environment/lab4_model_training/venv/lib64/python3.12/site-packages/airflow/example_dags/example_branch_python_dop_operator_3.py for tasks to queue
[2026-05-03T23:20:48.391+0000] {logging_mixin.py:190} INFO - [2026-05-03T23:20:48.391+0000] {dagbag.py:588} INFO - Filling up the DagBag from /home/ec2-user/environment/lab4_model_training/venv/lib64/python3.12/site-packages/airflow/example_dags/example_branch_python_dop_operator_3.py
[2026-05-03T23:20:48.400+0000] {processor.py:925} INFO - DAG(s) 'example_branch_dop_operator_v3' retrieved from /home/ec2-user/environment/lab4_model_training/venv/lib64/python3.12/site-packages/airflow/example_dags/example_branch_python_dop_operator_3.py
[2026-05-03T23:20:48.412+0000] {logging_mixin.py:190} INFO - [2026-05-03T23:20:48.412+0000] {dag.py:3239} INFO - Sync 1 DAGs
[2026-05-03T23:20:48.430+0000] {logging_mixin.py:190} INFO - [2026-05-03T23:20:48.430+0000] {dag.py:4180} INFO - Setting next_dagrun for example_branch_dop_operator_v3 to 2026-05-03 23:19:00+00:00, run_after=2026-05-03 23:20:00+00:00
[2026-05-03T23:20:48.448+0000] {processor.py:208} INFO - Processing /home/ec2-user/environment/lab4_model_training/venv/lib64/python3.12/site-packages/airflow/example_dags/example_branch_python_dop_operator_3.py took 0.063 seconds
[2026-05-03T23:22:18.360+0000] {processor.py:186} INFO - Started process (PID=64447) to work on /home/ec2-user/environment/lab4_model_training/venv/lib64/python3.12/site-packages/airflow/example_dags/example_branch_python_dop_operator_3.py
[2026-05-03T23:22:18.361+0000] {processor.py:914} INFO - Processing file /home/ec2-user/environment/lab4_model_training/venv/lib64/python3.12/site-packages/airflow/example_dags/example_branch_python_dop_operator_3.py for tasks to queue
[2026-05-03T23:22:18.362+0000] {logging_mixin.py:190} INFO - [2026-05-03T23:22:18.362+0000] {dagbag.py:588} INFO - Filling up the DagBag from /home/ec2-user/environment/lab4_model_training/venv/lib64/python3.12/site-packages/airflow/example_dags/example_branch_python_dop_operator_3.py
[2026-05-03T23:22:18.371+0000] {processor.py:925} INFO - DAG(s) 'example_branch_dop_operator_v3' retrieved from /home/ec2-user/environment/lab4_model_training/venv/lib64/python3.12/site-packages/airflow/example_dags/example_branch_python_dop_operator_3.py
[2026-05-03T23:22:18.383+0000] {logging_mixin.py:190} INFO - [2026-05-03T23:22:18.383+0000] {dag.py:3239} INFO - Sync 1 DAGs
[2026-05-03T23:22:18.401+0000] {logging_mixin.py:190} INFO - [2026-05-03T23:22:18.401+0000] {dag.py:4180} INFO - Setting next_dagrun for example_branch_dop_operator_v3 to 2026-05-03 23:21:00+00:00, run_after=2026-05-03 23:22:00+00:00
[2026-05-03T23:22:18.417+0000] {processor.py:208} INFO - Processing /home/ec2-user/environment/lab4_model_training/venv/lib64/python3.12/site-packages/airflow/example_dags/example_branch_python_dop_operator_3.py took 0.062 seconds
[2026-05-03T23:22:59.665+0000] {processor.py:186} INFO - Started process (PID=64529) to work on /home/ec2-user/environment/lab4_model_training/venv/lib64/python3.12/site-packages/airflow/example_dags/example_branch_python_dop_operator_3.py
[2026-05-03T23:22:59.666+0000] {processor.py:914} INFO - Processing file /home/ec2-user/environment/lab4_model_training/venv/lib64/python3.12/site-packages/airflow/example_dags/example_branch_python_dop_operator_3.py for tasks to queue
[2026-05-03T23:22:59.667+0000] {logging_mixin.py:190} INFO - [2026-05-03T23:22:59.667+0000] {dagbag.py:588} INFO - Filling up the DagBag from /home/ec2-user/environment/lab4_model_training/venv/lib64/python3.12/site-packages/airflow/example_dags/example_branch_python_dop_operator_3.py
[2026-05-03T23:22:59.676+0000] {processor.py:925} INFO - DAG(s) 'example_branch_dop_operator_v3' retrieved from /home/ec2-user/environment/lab4_model_training/venv/lib64/python3.12/site-packages/airflow/example_dags/example_branch_python_dop_operator_3.py
[2026-05-03T23:22:59.687+0000] {logging_mixin.py:190} INFO - [2026-05-03T23:22:59.687+0000] {dag.py:3239} INFO - Sync 1 DAGs
[2026-05-03T23:22:59.705+0000] {logging_mixin.py:190} INFO - [2026-05-03T23:22:59.705+0000] {dag.py:4180} INFO - Setting next_dagrun for example_branch_dop_operator_v3 to 2026-05-03 23:21:00+00:00, run_after=2026-05-03 23:22:00+00:00
[2026-05-03T23:22:59.721+0000] {processor.py:208} INFO - Processing /home/ec2-user/environment/lab4_model_training/venv/lib64/python3.12/site-packages/airflow/example_dags/example_branch_python_dop_operator_3.py took 0.060 seconds
[2026-05-03T23:24:04.881+0000] {processor.py:186} INFO - Started process (PID=64739) to work on /home/ec2-user/environment/lab4_model_training/venv/lib64/python3.12/site-packages/airflow/example_dags/example_branch_python_dop_operator_3.py
[2026-05-03T23:24:04.882+0000] {processor.py:914} INFO - Processing file /home/ec2-user/environment/lab4_model_training/venv/lib64/python3.12/site-packages/airflow/example_dags/example_branch_python_dop_operator_3.py for tasks to queue
[2026-05-03T23:24:04.884+0000] {logging_mixin.py:190} INFO - [2026-05-03T23:24:04.883+0000] {dagbag.py:588} INFO - Filling up the DagBag from /home/ec2-user/environment/lab4_model_training/venv/lib64/python3.12/site-packages/airflow/example_dags/example_branch_python_dop_operator_3.py
[2026-05-03T23:24:04.892+0000] {processor.py:925} INFO - DAG(s) 'example_branch_dop_operator_v3' retrieved from /home/ec2-user/environment/lab4_model_training/venv/lib64/python3.12/site-packages/airflow/example_dags/example_branch_python_dop_operator_3.py
[2026-05-03T23:24:04.904+0000] {logging_mixin.py:190} INFO - [2026-05-03T23:24:04.903+0000] {dag.py:3239} INFO - Sync 1 DAGs
[2026-05-03T23:24:04.922+0000] {logging_mixin.py:190} INFO - [2026-05-03T23:24:04.921+0000] {dag.py:4180} INFO - Setting next_dagrun for example_branch_dop_operator_v3 to 2026-05-03 23:23:00+00:00, run_after=2026-05-03 23:24:00+00:00
[2026-05-03T23:24:04.938+0000] {processor.py:208} INFO - Processing /home/ec2-user/environment/lab4_model_training/venv/lib64/python3.12/site-packages/airflow/example_dags/example_branch_python_dop_operator_3.py took 0.062 seconds
[2026-05-03T23:25:09.609+0000] {processor.py:186} INFO - Started process (PID=64915) to work on /home/ec2-user/environment/lab4_model_training/venv/lib64/python3.12/site-packages/airflow/example_dags/example_branch_python_dop_operator_3.py
[2026-05-03T23:25:09.611+0000] {processor.py:914} INFO - Processing file /home/ec2-user/environment/lab4_model_training/venv/lib64/python3.12/site-packages/airflow/example_dags/example_branch_python_dop_operator_3.py for tasks to queue
[2026-05-03T23:25:09.612+0000] {logging_mixin.py:190} INFO - [2026-05-03T23:25:09.612+0000] {dagbag.py:588} INFO - Filling up the DagBag from /home/ec2-user/environment/lab4_model_training/venv/lib64/python3.12/site-packages/airflow/example_dags/example_branch_python_dop_operator_3.py
[2026-05-03T23:25:09.620+0000] {processor.py:925} INFO - DAG(s) 'example_branch_dop_operator_v3' retrieved from /home/ec2-user/environment/lab4_model_training/venv/lib64/python3.12/site-packages/airflow/example_dags/example_branch_python_dop_operator_3.py
[2026-05-03T23:25:09.632+0000] {logging_mixin.py:190} INFO - [2026-05-03T23:25:09.632+0000] {dag.py:3239} INFO - Sync 1 DAGs
[2026-05-03T23:25:09.650+0000] {logging_mixin.py:190} INFO - [2026-05-03T23:25:09.650+0000] {dag.py:4180} INFO - Setting next_dagrun for example_branch_dop_operator_v3 to 2026-05-03 23:24:00+00:00, run_after=2026-05-03 23:25:00+00:00
[2026-05-03T23:25:09.667+0000] {processor.py:208} INFO - Processing /home/ec2-user/environment/lab4_model_training/venv/lib64/python3.12/site-packages/airflow/example_dags/example_branch_python_dop_operator_3.py took 0.063 seconds
[2026-05-03T23:26:16.496+0000] {processor.py:186} INFO - Started process (PID=65113) to work on /home/ec2-user/environment/lab4_model_training/venv/lib64/python3.12/site-packages/airflow/example_dags/example_branch_python_dop_operator_3.py
[2026-05-03T23:26:16.497+0000] {processor.py:914} INFO - Processing file /home/ec2-user/environment/lab4_model_training/venv/lib64/python3.12/site-packages/airflow/example_dags/example_branch_python_dop_operator_3.py for tasks to queue
[2026-05-03T23:26:16.499+0000] {logging_mixin.py:190} INFO - [2026-05-03T23:26:16.499+0000] {dagbag.py:588} INFO - Filling up the DagBag from /home/ec2-user/environment/lab4_model_training/venv/lib64/python3.12/site-packages/airflow/example_dags/example_branch_python_dop_operator_3.py
[2026-05-03T23:26:16.507+0000] {processor.py:925} INFO - DAG(s) 'example_branch_dop_operator_v3' retrieved from /home/ec2-user/environment/lab4_model_training/venv/lib64/python3.12/site-packages/airflow/example_dags/example_branch_python_dop_operator_3.py
[2026-05-03T23:26:16.519+0000] {logging_mixin.py:190} INFO - [2026-05-03T23:26:16.519+0000] {dag.py:3239} INFO - Sync 1 DAGs
[2026-05-03T23:26:16.536+0000] {logging_mixin.py:190} INFO - [2026-05-03T23:26:16.536+0000] {dag.py:4180} INFO - Setting next_dagrun for example_branch_dop_operator_v3 to 2026-05-03 23:25:00+00:00, run_after=2026-05-03 23:26:00+00:00
[2026-05-03T23:26:16.552+0000] {processor.py:208} INFO - Processing /home/ec2-user/environment/lab4_model_training/venv/lib64/python3.12/site-packages/airflow/example_dags/example_branch_python_dop_operator_3.py took 0.060 seconds
