[2026-05-03T22:50:16.319+0000] {processor.py:186} INFO - Started process (PID=57730) to work on /home/ec2-user/environment/lab4_model_training/venv/lib64/python3.12/site-packages/airflow/example_dags/tutorial_taskflow_templates.py
[2026-05-03T22:50:16.319+0000] {processor.py:914} INFO - Processing file /home/ec2-user/environment/lab4_model_training/venv/lib64/python3.12/site-packages/airflow/example_dags/tutorial_taskflow_templates.py for tasks to queue
[2026-05-03T22:50:16.321+0000] {logging_mixin.py:190} INFO - [2026-05-03T22:50:16.321+0000] {dagbag.py:588} INFO - Filling up the DagBag from /home/ec2-user/environment/lab4_model_training/venv/lib64/python3.12/site-packages/airflow/example_dags/tutorial_taskflow_templates.py
[2026-05-03T22:50:16.331+0000] {processor.py:925} INFO - DAG(s) 'tutorial_taskflow_templates' retrieved from /home/ec2-user/environment/lab4_model_training/venv/lib64/python3.12/site-packages/airflow/example_dags/tutorial_taskflow_templates.py
[2026-05-03T22:50:16.343+0000] {logging_mixin.py:190} INFO - [2026-05-03T22:50:16.343+0000] {dag.py:3239} INFO - Sync 1 DAGs
[2026-05-03T22:50:16.359+0000] {logging_mixin.py:190} INFO - [2026-05-03T22:50:16.359+0000] {dag.py:4180} INFO - Setting next_dagrun for tutorial_taskflow_templates to 2026-05-02 00:00:00+00:00, run_after=2026-05-03 00:00:00+00:00
[2026-05-03T22:50:16.376+0000] {processor.py:208} INFO - Processing /home/ec2-user/environment/lab4_model_training/venv/lib64/python3.12/site-packages/airflow/example_dags/tutorial_taskflow_templates.py took 0.062 seconds
[2026-05-03T22:51:24.375+0000] {processor.py:186} INFO - Started process (PID=57911) to work on /home/ec2-user/environment/lab4_model_training/venv/lib64/python3.12/site-packages/airflow/example_dags/tutorial_taskflow_templates.py
[2026-05-03T22:51:24.377+0000] {processor.py:914} INFO - Processing file /home/ec2-user/environment/lab4_model_training/venv/lib64/python3.12/site-packages/airflow/example_dags/tutorial_taskflow_templates.py for tasks to queue
[2026-05-03T22:51:24.378+0000] {logging_mixin.py:190} INFO - [2026-05-03T22:51:24.378+0000] {dagbag.py:588} INFO - Filling up the DagBag from /home/ec2-user/environment/lab4_model_training/venv/lib64/python3.12/site-packages/airflow/example_dags/tutorial_taskflow_templates.py
[2026-05-03T22:51:24.389+0000] {processor.py:925} INFO - DAG(s) 'tutorial_taskflow_templates' retrieved from /home/ec2-user/environment/lab4_model_training/venv/lib64/python3.12/site-packages/airflow/example_dags/tutorial_taskflow_templates.py
[2026-05-03T22:51:24.401+0000] {logging_mixin.py:190} INFO - [2026-05-03T22:51:24.401+0000] {dag.py:3239} INFO - Sync 1 DAGs
[2026-05-03T22:51:24.417+0000] {logging_mixin.py:190} INFO - [2026-05-03T22:51:24.417+0000] {dag.py:4180} INFO - Setting next_dagrun for tutorial_taskflow_templates to 2026-05-02 00:00:00+00:00, run_after=2026-05-03 00:00:00+00:00
[2026-05-03T22:51:24.434+0000] {processor.py:208} INFO - Processing /home/ec2-user/environment/lab4_model_training/venv/lib64/python3.12/site-packages/airflow/example_dags/tutorial_taskflow_templates.py took 0.063 seconds
[2026-05-03T22:52:27.127+0000] {processor.py:186} INFO - Started process (PID=58082) to work on /home/ec2-user/environment/lab4_model_training/venv/lib64/python3.12/site-packages/airflow/example_dags/tutorial_taskflow_templates.py
[2026-05-03T22:52:27.128+0000] {processor.py:914} INFO - Processing file /home/ec2-user/environment/lab4_model_training/venv/lib64/python3.12/site-packages/airflow/example_dags/tutorial_taskflow_templates.py for tasks to queue
[2026-05-03T22:52:27.130+0000] {logging_mixin.py:190} INFO - [2026-05-03T22:52:27.130+0000] {dagbag.py:588} INFO - Filling up the DagBag from /home/ec2-user/environment/lab4_model_training/venv/lib64/python3.12/site-packages/airflow/example_dags/tutorial_taskflow_templates.py
[2026-05-03T22:52:27.140+0000] {processor.py:925} INFO - DAG(s) 'tutorial_taskflow_templates' retrieved from /home/ec2-user/environment/lab4_model_training/venv/lib64/python3.12/site-packages/airflow/example_dags/tutorial_taskflow_templates.py
[2026-05-03T22:52:27.152+0000] {logging_mixin.py:190} INFO - [2026-05-03T22:52:27.152+0000] {dag.py:3239} INFO - Sync 1 DAGs
[2026-05-03T22:52:27.169+0000] {logging_mixin.py:190} INFO - [2026-05-03T22:52:27.169+0000] {dag.py:4180} INFO - Setting next_dagrun for tutorial_taskflow_templates to 2026-05-02 00:00:00+00:00, run_after=2026-05-03 00:00:00+00:00
[2026-05-03T22:52:27.185+0000] {processor.py:208} INFO - Processing /home/ec2-user/environment/lab4_model_training/venv/lib64/python3.12/site-packages/airflow/example_dags/tutorial_taskflow_templates.py took 0.063 seconds
[2026-05-03T22:53:33.540+0000] {processor.py:186} INFO - Started process (PID=58288) to work on /home/ec2-user/environment/lab4_model_training/venv/lib64/python3.12/site-packages/airflow/example_dags/tutorial_taskflow_templates.py
[2026-05-03T22:53:33.541+0000] {processor.py:914} INFO - Processing file /home/ec2-user/environment/lab4_model_training/venv/lib64/python3.12/site-packages/airflow/example_dags/tutorial_taskflow_templates.py for tasks to queue
[2026-05-03T22:53:33.542+0000] {logging_mixin.py:190} INFO - [2026-05-03T22:53:33.542+0000] {dagbag.py:588} INFO - Filling up the DagBag from /home/ec2-user/environment/lab4_model_training/venv/lib64/python3.12/site-packages/airflow/example_dags/tutorial_taskflow_templates.py
[2026-05-03T22:53:33.553+0000] {processor.py:925} INFO - DAG(s) 'tutorial_taskflow_templates' retrieved from /home/ec2-user/environment/lab4_model_training/venv/lib64/python3.12/site-packages/airflow/example_dags/tutorial_taskflow_templates.py
[2026-05-03T22:53:33.565+0000] {logging_mixin.py:190} INFO - [2026-05-03T22:53:33.564+0000] {dag.py:3239} INFO - Sync 1 DAGs
[2026-05-03T22:53:33.580+0000] {logging_mixin.py:190} INFO - [2026-05-03T22:53:33.580+0000] {dag.py:4180} INFO - Setting next_dagrun for tutorial_taskflow_templates to 2026-05-02 00:00:00+00:00, run_after=2026-05-03 00:00:00+00:00
[2026-05-03T22:53:33.597+0000] {processor.py:208} INFO - Processing /home/ec2-user/environment/lab4_model_training/venv/lib64/python3.12/site-packages/airflow/example_dags/tutorial_taskflow_templates.py took 0.061 seconds
[2026-05-03T22:54:37.071+0000] {processor.py:186} INFO - Started process (PID=58574) to work on /home/ec2-user/environment/lab4_model_training/venv/lib64/python3.12/site-packages/airflow/example_dags/tutorial_taskflow_templates.py
[2026-05-03T22:54:37.072+0000] {processor.py:914} INFO - Processing file /home/ec2-user/environment/lab4_model_training/venv/lib64/python3.12/site-packages/airflow/example_dags/tutorial_taskflow_templates.py for tasks to queue
[2026-05-03T22:54:37.074+0000] {logging_mixin.py:190} INFO - [2026-05-03T22:54:37.074+0000] {dagbag.py:588} INFO - Filling up the DagBag from /home/ec2-user/environment/lab4_model_training/venv/lib64/python3.12/site-packages/airflow/example_dags/tutorial_taskflow_templates.py
[2026-05-03T22:54:37.085+0000] {processor.py:925} INFO - DAG(s) 'tutorial_taskflow_templates' retrieved from /home/ec2-user/environment/lab4_model_training/venv/lib64/python3.12/site-packages/airflow/example_dags/tutorial_taskflow_templates.py
[2026-05-03T22:54:37.098+0000] {logging_mixin.py:190} INFO - [2026-05-03T22:54:37.098+0000] {dag.py:3239} INFO - Sync 1 DAGs
[2026-05-03T22:54:37.114+0000] {logging_mixin.py:190} INFO - [2026-05-03T22:54:37.114+0000] {dag.py:4180} INFO - Setting next_dagrun for tutorial_taskflow_templates to 2026-05-02 00:00:00+00:00, run_after=2026-05-03 00:00:00+00:00
[2026-05-03T22:54:37.131+0000] {processor.py:208} INFO - Processing /home/ec2-user/environment/lab4_model_training/venv/lib64/python3.12/site-packages/airflow/example_dags/tutorial_taskflow_templates.py took 0.064 seconds
[2026-05-03T22:55:41.854+0000] {processor.py:186} INFO - Started process (PID=58690) to work on /home/ec2-user/environment/lab4_model_training/venv/lib64/python3.12/site-packages/airflow/example_dags/tutorial_taskflow_templates.py
[2026-05-03T22:55:41.855+0000] {processor.py:914} INFO - Processing file /home/ec2-user/environment/lab4_model_training/venv/lib64/python3.12/site-packages/airflow/example_dags/tutorial_taskflow_templates.py for tasks to queue
[2026-05-03T22:55:41.856+0000] {logging_mixin.py:190} INFO - [2026-05-03T22:55:41.856+0000] {dagbag.py:588} INFO - Filling up the DagBag from /home/ec2-user/environment/lab4_model_training/venv/lib64/python3.12/site-packages/airflow/example_dags/tutorial_taskflow_templates.py
[2026-05-03T22:55:41.867+0000] {processor.py:925} INFO - DAG(s) 'tutorial_taskflow_templates' retrieved from /home/ec2-user/environment/lab4_model_training/venv/lib64/python3.12/site-packages/airflow/example_dags/tutorial_taskflow_templates.py
[2026-05-03T22:55:41.879+0000] {logging_mixin.py:190} INFO - [2026-05-03T22:55:41.879+0000] {dag.py:3239} INFO - Sync 1 DAGs
[2026-05-03T22:55:41.895+0000] {logging_mixin.py:190} INFO - [2026-05-03T22:55:41.895+0000] {dag.py:4180} INFO - Setting next_dagrun for tutorial_taskflow_templates to 2026-05-02 00:00:00+00:00, run_after=2026-05-03 00:00:00+00:00
[2026-05-03T22:55:41.912+0000] {processor.py:208} INFO - Processing /home/ec2-user/environment/lab4_model_training/venv/lib64/python3.12/site-packages/airflow/example_dags/tutorial_taskflow_templates.py took 0.063 seconds
[2026-05-03T22:56:47.612+0000] {processor.py:186} INFO - Started process (PID=58857) to work on /home/ec2-user/environment/lab4_model_training/venv/lib64/python3.12/site-packages/airflow/example_dags/tutorial_taskflow_templates.py
[2026-05-03T22:56:47.613+0000] {processor.py:914} INFO - Processing file /home/ec2-user/environment/lab4_model_training/venv/lib64/python3.12/site-packages/airflow/example_dags/tutorial_taskflow_templates.py for tasks to queue
[2026-05-03T22:56:47.614+0000] {logging_mixin.py:190} INFO - [2026-05-03T22:56:47.614+0000] {dagbag.py:588} INFO - Filling up the DagBag from /home/ec2-user/environment/lab4_model_training/venv/lib64/python3.12/site-packages/airflow/example_dags/tutorial_taskflow_templates.py
[2026-05-03T22:56:47.625+0000] {processor.py:925} INFO - DAG(s) 'tutorial_taskflow_templates' retrieved from /home/ec2-user/environment/lab4_model_training/venv/lib64/python3.12/site-packages/airflow/example_dags/tutorial_taskflow_templates.py
[2026-05-03T22:56:47.636+0000] {logging_mixin.py:190} INFO - [2026-05-03T22:56:47.636+0000] {dag.py:3239} INFO - Sync 1 DAGs
[2026-05-03T22:56:47.652+0000] {logging_mixin.py:190} INFO - [2026-05-03T22:56:47.652+0000] {dag.py:4180} INFO - Setting next_dagrun for tutorial_taskflow_templates to 2026-05-02 00:00:00+00:00, run_after=2026-05-03 00:00:00+00:00
[2026-05-03T22:56:47.669+0000] {processor.py:208} INFO - Processing /home/ec2-user/environment/lab4_model_training/venv/lib64/python3.12/site-packages/airflow/example_dags/tutorial_taskflow_templates.py took 0.061 seconds
[2026-05-03T22:57:53.647+0000] {processor.py:186} INFO - Started process (PID=59112) to work on /home/ec2-user/environment/lab4_model_training/venv/lib64/python3.12/site-packages/airflow/example_dags/tutorial_taskflow_templates.py
[2026-05-03T22:57:53.648+0000] {processor.py:914} INFO - Processing file /home/ec2-user/environment/lab4_model_training/venv/lib64/python3.12/site-packages/airflow/example_dags/tutorial_taskflow_templates.py for tasks to queue
[2026-05-03T22:57:53.649+0000] {logging_mixin.py:190} INFO - [2026-05-03T22:57:53.649+0000] {dagbag.py:588} INFO - Filling up the DagBag from /home/ec2-user/environment/lab4_model_training/venv/lib64/python3.12/site-packages/airflow/example_dags/tutorial_taskflow_templates.py
[2026-05-03T22:57:53.660+0000] {processor.py:925} INFO - DAG(s) 'tutorial_taskflow_templates' retrieved from /home/ec2-user/environment/lab4_model_training/venv/lib64/python3.12/site-packages/airflow/example_dags/tutorial_taskflow_templates.py
[2026-05-03T22:57:53.672+0000] {logging_mixin.py:190} INFO - [2026-05-03T22:57:53.672+0000] {dag.py:3239} INFO - Sync 1 DAGs
[2026-05-03T22:57:53.688+0000] {logging_mixin.py:190} INFO - [2026-05-03T22:57:53.688+0000] {dag.py:4180} INFO - Setting next_dagrun for tutorial_taskflow_templates to 2026-05-02 00:00:00+00:00, run_after=2026-05-03 00:00:00+00:00
[2026-05-03T22:57:53.705+0000] {processor.py:208} INFO - Processing /home/ec2-user/environment/lab4_model_training/venv/lib64/python3.12/site-packages/airflow/example_dags/tutorial_taskflow_templates.py took 0.063 seconds
[2026-05-03T22:58:59.065+0000] {processor.py:186} INFO - Started process (PID=59416) to work on /home/ec2-user/environment/lab4_model_training/venv/lib64/python3.12/site-packages/airflow/example_dags/tutorial_taskflow_templates.py
[2026-05-03T22:58:59.066+0000] {processor.py:914} INFO - Processing file /home/ec2-user/environment/lab4_model_training/venv/lib64/python3.12/site-packages/airflow/example_dags/tutorial_taskflow_templates.py for tasks to queue
[2026-05-03T22:58:59.068+0000] {logging_mixin.py:190} INFO - [2026-05-03T22:58:59.067+0000] {dagbag.py:588} INFO - Filling up the DagBag from /home/ec2-user/environment/lab4_model_training/venv/lib64/python3.12/site-packages/airflow/example_dags/tutorial_taskflow_templates.py
[2026-05-03T22:58:59.079+0000] {processor.py:925} INFO - DAG(s) 'tutorial_taskflow_templates' retrieved from /home/ec2-user/environment/lab4_model_training/venv/lib64/python3.12/site-packages/airflow/example_dags/tutorial_taskflow_templates.py
[2026-05-03T22:58:59.091+0000] {logging_mixin.py:190} INFO - [2026-05-03T22:58:59.090+0000] {dag.py:3239} INFO - Sync 1 DAGs
[2026-05-03T22:58:59.107+0000] {logging_mixin.py:190} INFO - [2026-05-03T22:58:59.107+0000] {dag.py:4180} INFO - Setting next_dagrun for tutorial_taskflow_templates to 2026-05-02 00:00:00+00:00, run_after=2026-05-03 00:00:00+00:00
[2026-05-03T22:58:59.124+0000] {processor.py:208} INFO - Processing /home/ec2-user/environment/lab4_model_training/venv/lib64/python3.12/site-packages/airflow/example_dags/tutorial_taskflow_templates.py took 0.064 seconds
[2026-05-03T23:00:06.736+0000] {processor.py:186} INFO - Started process (PID=59750) to work on /home/ec2-user/environment/lab4_model_training/venv/lib64/python3.12/site-packages/airflow/example_dags/tutorial_taskflow_templates.py
[2026-05-03T23:00:06.737+0000] {processor.py:914} INFO - Processing file /home/ec2-user/environment/lab4_model_training/venv/lib64/python3.12/site-packages/airflow/example_dags/tutorial_taskflow_templates.py for tasks to queue
[2026-05-03T23:00:06.739+0000] {logging_mixin.py:190} INFO - [2026-05-03T23:00:06.738+0000] {dagbag.py:588} INFO - Filling up the DagBag from /home/ec2-user/environment/lab4_model_training/venv/lib64/python3.12/site-packages/airflow/example_dags/tutorial_taskflow_templates.py
[2026-05-03T23:00:06.749+0000] {processor.py:925} INFO - DAG(s) 'tutorial_taskflow_templates' retrieved from /home/ec2-user/environment/lab4_model_training/venv/lib64/python3.12/site-packages/airflow/example_dags/tutorial_taskflow_templates.py
[2026-05-03T23:00:06.760+0000] {logging_mixin.py:190} INFO - [2026-05-03T23:00:06.760+0000] {dag.py:3239} INFO - Sync 1 DAGs
[2026-05-03T23:00:06.776+0000] {logging_mixin.py:190} INFO - [2026-05-03T23:00:06.776+0000] {dag.py:4180} INFO - Setting next_dagrun for tutorial_taskflow_templates to 2026-05-02 00:00:00+00:00, run_after=2026-05-03 00:00:00+00:00
[2026-05-03T23:00:06.793+0000] {processor.py:208} INFO - Processing /home/ec2-user/environment/lab4_model_training/venv/lib64/python3.12/site-packages/airflow/example_dags/tutorial_taskflow_templates.py took 0.061 seconds
[2026-05-03T23:01:13.445+0000] {processor.py:186} INFO - Started process (PID=60023) to work on /home/ec2-user/environment/lab4_model_training/venv/lib64/python3.12/site-packages/airflow/example_dags/tutorial_taskflow_templates.py
[2026-05-03T23:01:13.446+0000] {processor.py:914} INFO - Processing file /home/ec2-user/environment/lab4_model_training/venv/lib64/python3.12/site-packages/airflow/example_dags/tutorial_taskflow_templates.py for tasks to queue
[2026-05-03T23:01:13.448+0000] {logging_mixin.py:190} INFO - [2026-05-03T23:01:13.448+0000] {dagbag.py:588} INFO - Filling up the DagBag from /home/ec2-user/environment/lab4_model_training/venv/lib64/python3.12/site-packages/airflow/example_dags/tutorial_taskflow_templates.py
[2026-05-03T23:01:13.458+0000] {processor.py:925} INFO - DAG(s) 'tutorial_taskflow_templates' retrieved from /home/ec2-user/environment/lab4_model_training/venv/lib64/python3.12/site-packages/airflow/example_dags/tutorial_taskflow_templates.py
[2026-05-03T23:01:13.471+0000] {logging_mixin.py:190} INFO - [2026-05-03T23:01:13.471+0000] {dag.py:3239} INFO - Sync 1 DAGs
[2026-05-03T23:01:13.487+0000] {logging_mixin.py:190} INFO - [2026-05-03T23:01:13.487+0000] {dag.py:4180} INFO - Setting next_dagrun for tutorial_taskflow_templates to 2026-05-02 00:00:00+00:00, run_after=2026-05-03 00:00:00+00:00
[2026-05-03T23:01:13.503+0000] {processor.py:208} INFO - Processing /home/ec2-user/environment/lab4_model_training/venv/lib64/python3.12/site-packages/airflow/example_dags/tutorial_taskflow_templates.py took 0.062 seconds
[2026-05-03T23:02:18.257+0000] {processor.py:186} INFO - Started process (PID=60354) to work on /home/ec2-user/environment/lab4_model_training/venv/lib64/python3.12/site-packages/airflow/example_dags/tutorial_taskflow_templates.py
[2026-05-03T23:02:18.258+0000] {processor.py:914} INFO - Processing file /home/ec2-user/environment/lab4_model_training/venv/lib64/python3.12/site-packages/airflow/example_dags/tutorial_taskflow_templates.py for tasks to queue
[2026-05-03T23:02:18.260+0000] {logging_mixin.py:190} INFO - [2026-05-03T23:02:18.259+0000] {dagbag.py:588} INFO - Filling up the DagBag from /home/ec2-user/environment/lab4_model_training/venv/lib64/python3.12/site-packages/airflow/example_dags/tutorial_taskflow_templates.py
[2026-05-03T23:02:18.270+0000] {processor.py:925} INFO - DAG(s) 'tutorial_taskflow_templates' retrieved from /home/ec2-user/environment/lab4_model_training/venv/lib64/python3.12/site-packages/airflow/example_dags/tutorial_taskflow_templates.py
[2026-05-03T23:02:18.281+0000] {logging_mixin.py:190} INFO - [2026-05-03T23:02:18.281+0000] {dag.py:3239} INFO - Sync 1 DAGs
[2026-05-03T23:02:18.297+0000] {logging_mixin.py:190} INFO - [2026-05-03T23:02:18.297+0000] {dag.py:4180} INFO - Setting next_dagrun for tutorial_taskflow_templates to 2026-05-02 00:00:00+00:00, run_after=2026-05-03 00:00:00+00:00
[2026-05-03T23:02:18.314+0000] {processor.py:208} INFO - Processing /home/ec2-user/environment/lab4_model_training/venv/lib64/python3.12/site-packages/airflow/example_dags/tutorial_taskflow_templates.py took 0.062 seconds
[2026-05-03T23:03:18.515+0000] {processor.py:186} INFO - Started process (PID=60615) to work on /home/ec2-user/environment/lab4_model_training/venv/lib64/python3.12/site-packages/airflow/example_dags/tutorial_taskflow_templates.py
[2026-05-03T23:03:18.516+0000] {processor.py:914} INFO - Processing file /home/ec2-user/environment/lab4_model_training/venv/lib64/python3.12/site-packages/airflow/example_dags/tutorial_taskflow_templates.py for tasks to queue
[2026-05-03T23:03:18.518+0000] {logging_mixin.py:190} INFO - [2026-05-03T23:03:18.518+0000] {dagbag.py:588} INFO - Filling up the DagBag from /home/ec2-user/environment/lab4_model_training/venv/lib64/python3.12/site-packages/airflow/example_dags/tutorial_taskflow_templates.py
[2026-05-03T23:03:18.528+0000] {processor.py:925} INFO - DAG(s) 'tutorial_taskflow_templates' retrieved from /home/ec2-user/environment/lab4_model_training/venv/lib64/python3.12/site-packages/airflow/example_dags/tutorial_taskflow_templates.py
[2026-05-03T23:03:18.541+0000] {logging_mixin.py:190} INFO - [2026-05-03T23:03:18.541+0000] {dag.py:3239} INFO - Sync 1 DAGs
[2026-05-03T23:03:18.558+0000] {logging_mixin.py:190} INFO - [2026-05-03T23:03:18.557+0000] {dag.py:4180} INFO - Setting next_dagrun for tutorial_taskflow_templates to 2026-05-02 00:00:00+00:00, run_after=2026-05-03 00:00:00+00:00
[2026-05-03T23:03:18.574+0000] {processor.py:208} INFO - Processing /home/ec2-user/environment/lab4_model_training/venv/lib64/python3.12/site-packages/airflow/example_dags/tutorial_taskflow_templates.py took 0.064 seconds
[2026-05-03T23:04:22.019+0000] {processor.py:186} INFO - Started process (PID=60932) to work on /home/ec2-user/environment/lab4_model_training/venv/lib64/python3.12/site-packages/airflow/example_dags/tutorial_taskflow_templates.py
[2026-05-03T23:04:22.020+0000] {processor.py:914} INFO - Processing file /home/ec2-user/environment/lab4_model_training/venv/lib64/python3.12/site-packages/airflow/example_dags/tutorial_taskflow_templates.py for tasks to queue
[2026-05-03T23:04:22.022+0000] {logging_mixin.py:190} INFO - [2026-05-03T23:04:22.021+0000] {dagbag.py:588} INFO - Filling up the DagBag from /home/ec2-user/environment/lab4_model_training/venv/lib64/python3.12/site-packages/airflow/example_dags/tutorial_taskflow_templates.py
[2026-05-03T23:04:22.032+0000] {processor.py:925} INFO - DAG(s) 'tutorial_taskflow_templates' retrieved from /home/ec2-user/environment/lab4_model_training/venv/lib64/python3.12/site-packages/airflow/example_dags/tutorial_taskflow_templates.py
[2026-05-03T23:04:22.044+0000] {logging_mixin.py:190} INFO - [2026-05-03T23:04:22.044+0000] {dag.py:3239} INFO - Sync 1 DAGs
[2026-05-03T23:04:22.060+0000] {logging_mixin.py:190} INFO - [2026-05-03T23:04:22.060+0000] {dag.py:4180} INFO - Setting next_dagrun for tutorial_taskflow_templates to 2026-05-02 00:00:00+00:00, run_after=2026-05-03 00:00:00+00:00
[2026-05-03T23:04:22.077+0000] {processor.py:208} INFO - Processing /home/ec2-user/environment/lab4_model_training/venv/lib64/python3.12/site-packages/airflow/example_dags/tutorial_taskflow_templates.py took 0.062 seconds
[2026-05-03T23:05:28.443+0000] {processor.py:186} INFO - Started process (PID=61189) to work on /home/ec2-user/environment/lab4_model_training/venv/lib64/python3.12/site-packages/airflow/example_dags/tutorial_taskflow_templates.py
[2026-05-03T23:05:28.444+0000] {processor.py:914} INFO - Processing file /home/ec2-user/environment/lab4_model_training/venv/lib64/python3.12/site-packages/airflow/example_dags/tutorial_taskflow_templates.py for tasks to queue
[2026-05-03T23:05:28.445+0000] {logging_mixin.py:190} INFO - [2026-05-03T23:05:28.445+0000] {dagbag.py:588} INFO - Filling up the DagBag from /home/ec2-user/environment/lab4_model_training/venv/lib64/python3.12/site-packages/airflow/example_dags/tutorial_taskflow_templates.py
[2026-05-03T23:05:28.456+0000] {processor.py:925} INFO - DAG(s) 'tutorial_taskflow_templates' retrieved from /home/ec2-user/environment/lab4_model_training/venv/lib64/python3.12/site-packages/airflow/example_dags/tutorial_taskflow_templates.py
[2026-05-03T23:05:28.468+0000] {logging_mixin.py:190} INFO - [2026-05-03T23:05:28.468+0000] {dag.py:3239} INFO - Sync 1 DAGs
[2026-05-03T23:05:28.484+0000] {logging_mixin.py:190} INFO - [2026-05-03T23:05:28.484+0000] {dag.py:4180} INFO - Setting next_dagrun for tutorial_taskflow_templates to 2026-05-02 00:00:00+00:00, run_after=2026-05-03 00:00:00+00:00
[2026-05-03T23:05:28.500+0000] {processor.py:208} INFO - Processing /home/ec2-user/environment/lab4_model_training/venv/lib64/python3.12/site-packages/airflow/example_dags/tutorial_taskflow_templates.py took 0.062 seconds
[2026-05-03T23:06:29.094+0000] {processor.py:186} INFO - Started process (PID=61465) to work on /home/ec2-user/environment/lab4_model_training/venv/lib64/python3.12/site-packages/airflow/example_dags/tutorial_taskflow_templates.py
[2026-05-03T23:06:29.095+0000] {processor.py:914} INFO - Processing file /home/ec2-user/environment/lab4_model_training/venv/lib64/python3.12/site-packages/airflow/example_dags/tutorial_taskflow_templates.py for tasks to queue
[2026-05-03T23:06:29.096+0000] {logging_mixin.py:190} INFO - [2026-05-03T23:06:29.096+0000] {dagbag.py:588} INFO - Filling up the DagBag from /home/ec2-user/environment/lab4_model_training/venv/lib64/python3.12/site-packages/airflow/example_dags/tutorial_taskflow_templates.py
[2026-05-03T23:06:29.107+0000] {processor.py:925} INFO - DAG(s) 'tutorial_taskflow_templates' retrieved from /home/ec2-user/environment/lab4_model_training/venv/lib64/python3.12/site-packages/airflow/example_dags/tutorial_taskflow_templates.py
[2026-05-03T23:06:29.119+0000] {logging_mixin.py:190} INFO - [2026-05-03T23:06:29.119+0000] {dag.py:3239} INFO - Sync 1 DAGs
[2026-05-03T23:06:29.134+0000] {logging_mixin.py:190} INFO - [2026-05-03T23:06:29.134+0000] {dag.py:4180} INFO - Setting next_dagrun for tutorial_taskflow_templates to 2026-05-02 00:00:00+00:00, run_after=2026-05-03 00:00:00+00:00
[2026-05-03T23:06:29.150+0000] {processor.py:208} INFO - Processing /home/ec2-user/environment/lab4_model_training/venv/lib64/python3.12/site-packages/airflow/example_dags/tutorial_taskflow_templates.py took 0.061 seconds
[2026-05-03T23:07:33.096+0000] {processor.py:186} INFO - Started process (PID=61706) to work on /home/ec2-user/environment/lab4_model_training/venv/lib64/python3.12/site-packages/airflow/example_dags/tutorial_taskflow_templates.py
[2026-05-03T23:07:33.097+0000] {processor.py:914} INFO - Processing file /home/ec2-user/environment/lab4_model_training/venv/lib64/python3.12/site-packages/airflow/example_dags/tutorial_taskflow_templates.py for tasks to queue
[2026-05-03T23:07:33.098+0000] {logging_mixin.py:190} INFO - [2026-05-03T23:07:33.098+0000] {dagbag.py:588} INFO - Filling up the DagBag from /home/ec2-user/environment/lab4_model_training/venv/lib64/python3.12/site-packages/airflow/example_dags/tutorial_taskflow_templates.py
[2026-05-03T23:07:33.109+0000] {processor.py:925} INFO - DAG(s) 'tutorial_taskflow_templates' retrieved from /home/ec2-user/environment/lab4_model_training/venv/lib64/python3.12/site-packages/airflow/example_dags/tutorial_taskflow_templates.py
[2026-05-03T23:07:33.121+0000] {logging_mixin.py:190} INFO - [2026-05-03T23:07:33.121+0000] {dag.py:3239} INFO - Sync 1 DAGs
[2026-05-03T23:07:33.137+0000] {logging_mixin.py:190} INFO - [2026-05-03T23:07:33.136+0000] {dag.py:4180} INFO - Setting next_dagrun for tutorial_taskflow_templates to 2026-05-02 00:00:00+00:00, run_after=2026-05-03 00:00:00+00:00
[2026-05-03T23:07:33.153+0000] {processor.py:208} INFO - Processing /home/ec2-user/environment/lab4_model_training/venv/lib64/python3.12/site-packages/airflow/example_dags/tutorial_taskflow_templates.py took 0.061 seconds
[2026-05-03T23:08:37.685+0000] {processor.py:186} INFO - Started process (PID=61997) to work on /home/ec2-user/environment/lab4_model_training/venv/lib64/python3.12/site-packages/airflow/example_dags/tutorial_taskflow_templates.py
[2026-05-03T23:08:37.686+0000] {processor.py:914} INFO - Processing file /home/ec2-user/environment/lab4_model_training/venv/lib64/python3.12/site-packages/airflow/example_dags/tutorial_taskflow_templates.py for tasks to queue
[2026-05-03T23:08:37.688+0000] {logging_mixin.py:190} INFO - [2026-05-03T23:08:37.687+0000] {dagbag.py:588} INFO - Filling up the DagBag from /home/ec2-user/environment/lab4_model_training/venv/lib64/python3.12/site-packages/airflow/example_dags/tutorial_taskflow_templates.py
[2026-05-03T23:08:37.698+0000] {processor.py:925} INFO - DAG(s) 'tutorial_taskflow_templates' retrieved from /home/ec2-user/environment/lab4_model_training/venv/lib64/python3.12/site-packages/airflow/example_dags/tutorial_taskflow_templates.py
[2026-05-03T23:08:37.710+0000] {logging_mixin.py:190} INFO - [2026-05-03T23:08:37.710+0000] {dag.py:3239} INFO - Sync 1 DAGs
[2026-05-03T23:08:37.726+0000] {logging_mixin.py:190} INFO - [2026-05-03T23:08:37.726+0000] {dag.py:4180} INFO - Setting next_dagrun for tutorial_taskflow_templates to 2026-05-02 00:00:00+00:00, run_after=2026-05-03 00:00:00+00:00
[2026-05-03T23:08:37.742+0000] {processor.py:208} INFO - Processing /home/ec2-user/environment/lab4_model_training/venv/lib64/python3.12/site-packages/airflow/example_dags/tutorial_taskflow_templates.py took 0.061 seconds
[2026-05-03T23:09:43.273+0000] {processor.py:186} INFO - Started process (PID=62257) to work on /home/ec2-user/environment/lab4_model_training/venv/lib64/python3.12/site-packages/airflow/example_dags/tutorial_taskflow_templates.py
[2026-05-03T23:09:43.274+0000] {processor.py:914} INFO - Processing file /home/ec2-user/environment/lab4_model_training/venv/lib64/python3.12/site-packages/airflow/example_dags/tutorial_taskflow_templates.py for tasks to queue
[2026-05-03T23:09:43.276+0000] {logging_mixin.py:190} INFO - [2026-05-03T23:09:43.275+0000] {dagbag.py:588} INFO - Filling up the DagBag from /home/ec2-user/environment/lab4_model_training/venv/lib64/python3.12/site-packages/airflow/example_dags/tutorial_taskflow_templates.py
[2026-05-03T23:09:43.287+0000] {processor.py:925} INFO - DAG(s) 'tutorial_taskflow_templates' retrieved from /home/ec2-user/environment/lab4_model_training/venv/lib64/python3.12/site-packages/airflow/example_dags/tutorial_taskflow_templates.py
[2026-05-03T23:09:43.299+0000] {logging_mixin.py:190} INFO - [2026-05-03T23:09:43.299+0000] {dag.py:3239} INFO - Sync 1 DAGs
[2026-05-03T23:09:43.315+0000] {logging_mixin.py:190} INFO - [2026-05-03T23:09:43.315+0000] {dag.py:4180} INFO - Setting next_dagrun for tutorial_taskflow_templates to 2026-05-02 00:00:00+00:00, run_after=2026-05-03 00:00:00+00:00
[2026-05-03T23:09:43.332+0000] {processor.py:208} INFO - Processing /home/ec2-user/environment/lab4_model_training/venv/lib64/python3.12/site-packages/airflow/example_dags/tutorial_taskflow_templates.py took 0.063 seconds
[2026-05-03T23:10:48.061+0000] {processor.py:186} INFO - Started process (PID=62467) to work on /home/ec2-user/environment/lab4_model_training/venv/lib64/python3.12/site-packages/airflow/example_dags/tutorial_taskflow_templates.py
[2026-05-03T23:10:48.062+0000] {processor.py:914} INFO - Processing file /home/ec2-user/environment/lab4_model_training/venv/lib64/python3.12/site-packages/airflow/example_dags/tutorial_taskflow_templates.py for tasks to queue
[2026-05-03T23:10:48.064+0000] {logging_mixin.py:190} INFO - [2026-05-03T23:10:48.064+0000] {dagbag.py:588} INFO - Filling up the DagBag from /home/ec2-user/environment/lab4_model_training/venv/lib64/python3.12/site-packages/airflow/example_dags/tutorial_taskflow_templates.py
[2026-05-03T23:10:48.074+0000] {processor.py:925} INFO - DAG(s) 'tutorial_taskflow_templates' retrieved from /home/ec2-user/environment/lab4_model_training/venv/lib64/python3.12/site-packages/airflow/example_dags/tutorial_taskflow_templates.py
[2026-05-03T23:10:48.086+0000] {logging_mixin.py:190} INFO - [2026-05-03T23:10:48.086+0000] {dag.py:3239} INFO - Sync 1 DAGs
[2026-05-03T23:10:48.102+0000] {logging_mixin.py:190} INFO - [2026-05-03T23:10:48.101+0000] {dag.py:4180} INFO - Setting next_dagrun for tutorial_taskflow_templates to 2026-05-02 00:00:00+00:00, run_after=2026-05-03 00:00:00+00:00
[2026-05-03T23:10:48.118+0000] {processor.py:208} INFO - Processing /home/ec2-user/environment/lab4_model_training/venv/lib64/python3.12/site-packages/airflow/example_dags/tutorial_taskflow_templates.py took 0.061 seconds
[2026-05-03T23:11:52.206+0000] {processor.py:186} INFO - Started process (PID=62650) to work on /home/ec2-user/environment/lab4_model_training/venv/lib64/python3.12/site-packages/airflow/example_dags/tutorial_taskflow_templates.py
[2026-05-03T23:11:52.208+0000] {processor.py:914} INFO - Processing file /home/ec2-user/environment/lab4_model_training/venv/lib64/python3.12/site-packages/airflow/example_dags/tutorial_taskflow_templates.py for tasks to queue
[2026-05-03T23:11:52.209+0000] {logging_mixin.py:190} INFO - [2026-05-03T23:11:52.209+0000] {dagbag.py:588} INFO - Filling up the DagBag from /home/ec2-user/environment/lab4_model_training/venv/lib64/python3.12/site-packages/airflow/example_dags/tutorial_taskflow_templates.py
[2026-05-03T23:11:52.220+0000] {processor.py:925} INFO - DAG(s) 'tutorial_taskflow_templates' retrieved from /home/ec2-user/environment/lab4_model_training/venv/lib64/python3.12/site-packages/airflow/example_dags/tutorial_taskflow_templates.py
[2026-05-03T23:11:52.233+0000] {logging_mixin.py:190} INFO - [2026-05-03T23:11:52.233+0000] {dag.py:3239} INFO - Sync 1 DAGs
[2026-05-03T23:11:52.249+0000] {logging_mixin.py:190} INFO - [2026-05-03T23:11:52.249+0000] {dag.py:4180} INFO - Setting next_dagrun for tutorial_taskflow_templates to 2026-05-02 00:00:00+00:00, run_after=2026-05-03 00:00:00+00:00
[2026-05-03T23:11:52.266+0000] {processor.py:208} INFO - Processing /home/ec2-user/environment/lab4_model_training/venv/lib64/python3.12/site-packages/airflow/example_dags/tutorial_taskflow_templates.py took 0.064 seconds
[2026-05-03T23:13:00.917+0000] {processor.py:186} INFO - Started process (PID=62818) to work on /home/ec2-user/environment/lab4_model_training/venv/lib64/python3.12/site-packages/airflow/example_dags/tutorial_taskflow_templates.py
[2026-05-03T23:13:00.919+0000] {processor.py:914} INFO - Processing file /home/ec2-user/environment/lab4_model_training/venv/lib64/python3.12/site-packages/airflow/example_dags/tutorial_taskflow_templates.py for tasks to queue
[2026-05-03T23:13:00.920+0000] {logging_mixin.py:190} INFO - [2026-05-03T23:13:00.920+0000] {dagbag.py:588} INFO - Filling up the DagBag from /home/ec2-user/environment/lab4_model_training/venv/lib64/python3.12/site-packages/airflow/example_dags/tutorial_taskflow_templates.py
[2026-05-03T23:13:00.931+0000] {processor.py:925} INFO - DAG(s) 'tutorial_taskflow_templates' retrieved from /home/ec2-user/environment/lab4_model_training/venv/lib64/python3.12/site-packages/airflow/example_dags/tutorial_taskflow_templates.py
[2026-05-03T23:13:00.943+0000] {logging_mixin.py:190} INFO - [2026-05-03T23:13:00.943+0000] {dag.py:3239} INFO - Sync 1 DAGs
[2026-05-03T23:13:00.960+0000] {logging_mixin.py:190} INFO - [2026-05-03T23:13:00.960+0000] {dag.py:4180} INFO - Setting next_dagrun for tutorial_taskflow_templates to 2026-05-02 00:00:00+00:00, run_after=2026-05-03 00:00:00+00:00
[2026-05-03T23:13:00.976+0000] {processor.py:208} INFO - Processing /home/ec2-user/environment/lab4_model_training/venv/lib64/python3.12/site-packages/airflow/example_dags/tutorial_taskflow_templates.py took 0.063 seconds
[2026-05-03T23:14:06.929+0000] {processor.py:186} INFO - Started process (PID=63046) to work on /home/ec2-user/environment/lab4_model_training/venv/lib64/python3.12/site-packages/airflow/example_dags/tutorial_taskflow_templates.py
[2026-05-03T23:14:06.930+0000] {processor.py:914} INFO - Processing file /home/ec2-user/environment/lab4_model_training/venv/lib64/python3.12/site-packages/airflow/example_dags/tutorial_taskflow_templates.py for tasks to queue
[2026-05-03T23:14:06.931+0000] {logging_mixin.py:190} INFO - [2026-05-03T23:14:06.931+0000] {dagbag.py:588} INFO - Filling up the DagBag from /home/ec2-user/environment/lab4_model_training/venv/lib64/python3.12/site-packages/airflow/example_dags/tutorial_taskflow_templates.py
[2026-05-03T23:14:06.942+0000] {processor.py:925} INFO - DAG(s) 'tutorial_taskflow_templates' retrieved from /home/ec2-user/environment/lab4_model_training/venv/lib64/python3.12/site-packages/airflow/example_dags/tutorial_taskflow_templates.py
[2026-05-03T23:14:06.954+0000] {logging_mixin.py:190} INFO - [2026-05-03T23:14:06.954+0000] {dag.py:3239} INFO - Sync 1 DAGs
[2026-05-03T23:14:06.970+0000] {logging_mixin.py:190} INFO - [2026-05-03T23:14:06.970+0000] {dag.py:4180} INFO - Setting next_dagrun for tutorial_taskflow_templates to 2026-05-02 00:00:00+00:00, run_after=2026-05-03 00:00:00+00:00
[2026-05-03T23:14:06.986+0000] {processor.py:208} INFO - Processing /home/ec2-user/environment/lab4_model_training/venv/lib64/python3.12/site-packages/airflow/example_dags/tutorial_taskflow_templates.py took 0.061 seconds
[2026-05-03T23:15:10.058+0000] {processor.py:186} INFO - Started process (PID=63252) to work on /home/ec2-user/environment/lab4_model_training/venv/lib64/python3.12/site-packages/airflow/example_dags/tutorial_taskflow_templates.py
[2026-05-03T23:15:10.059+0000] {processor.py:914} INFO - Processing file /home/ec2-user/environment/lab4_model_training/venv/lib64/python3.12/site-packages/airflow/example_dags/tutorial_taskflow_templates.py for tasks to queue
[2026-05-03T23:15:10.061+0000] {logging_mixin.py:190} INFO - [2026-05-03T23:15:10.060+0000] {dagbag.py:588} INFO - Filling up the DagBag from /home/ec2-user/environment/lab4_model_training/venv/lib64/python3.12/site-packages/airflow/example_dags/tutorial_taskflow_templates.py
[2026-05-03T23:15:10.072+0000] {processor.py:925} INFO - DAG(s) 'tutorial_taskflow_templates' retrieved from /home/ec2-user/environment/lab4_model_training/venv/lib64/python3.12/site-packages/airflow/example_dags/tutorial_taskflow_templates.py
[2026-05-03T23:15:10.084+0000] {logging_mixin.py:190} INFO - [2026-05-03T23:15:10.084+0000] {dag.py:3239} INFO - Sync 1 DAGs
[2026-05-03T23:15:10.100+0000] {logging_mixin.py:190} INFO - [2026-05-03T23:15:10.100+0000] {dag.py:4180} INFO - Setting next_dagrun for tutorial_taskflow_templates to 2026-05-02 00:00:00+00:00, run_after=2026-05-03 00:00:00+00:00
[2026-05-03T23:15:10.117+0000] {processor.py:208} INFO - Processing /home/ec2-user/environment/lab4_model_training/venv/lib64/python3.12/site-packages/airflow/example_dags/tutorial_taskflow_templates.py took 0.063 seconds
[2026-05-03T23:16:14.786+0000] {processor.py:186} INFO - Started process (PID=63452) to work on /home/ec2-user/environment/lab4_model_training/venv/lib64/python3.12/site-packages/airflow/example_dags/tutorial_taskflow_templates.py
[2026-05-03T23:16:14.787+0000] {processor.py:914} INFO - Processing file /home/ec2-user/environment/lab4_model_training/venv/lib64/python3.12/site-packages/airflow/example_dags/tutorial_taskflow_templates.py for tasks to queue
[2026-05-03T23:16:14.788+0000] {logging_mixin.py:190} INFO - [2026-05-03T23:16:14.788+0000] {dagbag.py:588} INFO - Filling up the DagBag from /home/ec2-user/environment/lab4_model_training/venv/lib64/python3.12/site-packages/airflow/example_dags/tutorial_taskflow_templates.py
[2026-05-03T23:16:14.799+0000] {processor.py:925} INFO - DAG(s) 'tutorial_taskflow_templates' retrieved from /home/ec2-user/environment/lab4_model_training/venv/lib64/python3.12/site-packages/airflow/example_dags/tutorial_taskflow_templates.py
[2026-05-03T23:16:14.812+0000] {logging_mixin.py:190} INFO - [2026-05-03T23:16:14.812+0000] {dag.py:3239} INFO - Sync 1 DAGs
[2026-05-03T23:16:14.828+0000] {logging_mixin.py:190} INFO - [2026-05-03T23:16:14.828+0000] {dag.py:4180} INFO - Setting next_dagrun for tutorial_taskflow_templates to 2026-05-02 00:00:00+00:00, run_after=2026-05-03 00:00:00+00:00
[2026-05-03T23:16:14.844+0000] {processor.py:208} INFO - Processing /home/ec2-user/environment/lab4_model_training/venv/lib64/python3.12/site-packages/airflow/example_dags/tutorial_taskflow_templates.py took 0.063 seconds
[2026-05-03T23:17:45.996+0000] {processor.py:186} INFO - Started process (PID=63719) to work on /home/ec2-user/environment/lab4_model_training/venv/lib64/python3.12/site-packages/airflow/example_dags/tutorial_taskflow_templates.py
[2026-05-03T23:17:45.998+0000] {processor.py:914} INFO - Processing file /home/ec2-user/environment/lab4_model_training/venv/lib64/python3.12/site-packages/airflow/example_dags/tutorial_taskflow_templates.py for tasks to queue
[2026-05-03T23:17:46.000+0000] {logging_mixin.py:190} INFO - [2026-05-03T23:17:45.999+0000] {dagbag.py:588} INFO - Filling up the DagBag from /home/ec2-user/environment/lab4_model_training/venv/lib64/python3.12/site-packages/airflow/example_dags/tutorial_taskflow_templates.py
[2026-05-03T23:17:46.009+0000] {processor.py:925} INFO - DAG(s) 'tutorial_taskflow_templates' retrieved from /home/ec2-user/environment/lab4_model_training/venv/lib64/python3.12/site-packages/airflow/example_dags/tutorial_taskflow_templates.py
[2026-05-03T23:17:46.022+0000] {logging_mixin.py:190} INFO - [2026-05-03T23:17:46.021+0000] {dag.py:3239} INFO - Sync 1 DAGs
[2026-05-03T23:17:46.037+0000] {logging_mixin.py:190} INFO - [2026-05-03T23:17:46.037+0000] {dag.py:4180} INFO - Setting next_dagrun for tutorial_taskflow_templates to 2026-05-02 00:00:00+00:00, run_after=2026-05-03 00:00:00+00:00
[2026-05-03T23:17:46.054+0000] {processor.py:208} INFO - Processing /home/ec2-user/environment/lab4_model_training/venv/lib64/python3.12/site-packages/airflow/example_dags/tutorial_taskflow_templates.py took 0.062 seconds
[2026-05-03T23:18:51.443+0000] {processor.py:186} INFO - Started process (PID=63891) to work on /home/ec2-user/environment/lab4_model_training/venv/lib64/python3.12/site-packages/airflow/example_dags/tutorial_taskflow_templates.py
[2026-05-03T23:18:51.444+0000] {processor.py:914} INFO - Processing file /home/ec2-user/environment/lab4_model_training/venv/lib64/python3.12/site-packages/airflow/example_dags/tutorial_taskflow_templates.py for tasks to queue
[2026-05-03T23:18:51.446+0000] {logging_mixin.py:190} INFO - [2026-05-03T23:18:51.446+0000] {dagbag.py:588} INFO - Filling up the DagBag from /home/ec2-user/environment/lab4_model_training/venv/lib64/python3.12/site-packages/airflow/example_dags/tutorial_taskflow_templates.py
[2026-05-03T23:18:51.456+0000] {processor.py:925} INFO - DAG(s) 'tutorial_taskflow_templates' retrieved from /home/ec2-user/environment/lab4_model_training/venv/lib64/python3.12/site-packages/airflow/example_dags/tutorial_taskflow_templates.py
[2026-05-03T23:18:51.468+0000] {logging_mixin.py:190} INFO - [2026-05-03T23:18:51.468+0000] {dag.py:3239} INFO - Sync 1 DAGs
[2026-05-03T23:18:51.484+0000] {logging_mixin.py:190} INFO - [2026-05-03T23:18:51.484+0000] {dag.py:4180} INFO - Setting next_dagrun for tutorial_taskflow_templates to 2026-05-02 00:00:00+00:00, run_after=2026-05-03 00:00:00+00:00
[2026-05-03T23:18:51.500+0000] {processor.py:208} INFO - Processing /home/ec2-user/environment/lab4_model_training/venv/lib64/python3.12/site-packages/airflow/example_dags/tutorial_taskflow_templates.py took 0.061 seconds
[2026-05-03T23:19:54.334+0000] {processor.py:186} INFO - Started process (PID=64009) to work on /home/ec2-user/environment/lab4_model_training/venv/lib64/python3.12/site-packages/airflow/example_dags/tutorial_taskflow_templates.py
[2026-05-03T23:19:54.335+0000] {processor.py:914} INFO - Processing file /home/ec2-user/environment/lab4_model_training/venv/lib64/python3.12/site-packages/airflow/example_dags/tutorial_taskflow_templates.py for tasks to queue
[2026-05-03T23:19:54.338+0000] {logging_mixin.py:190} INFO - [2026-05-03T23:19:54.336+0000] {dagbag.py:588} INFO - Filling up the DagBag from /home/ec2-user/environment/lab4_model_training/venv/lib64/python3.12/site-packages/airflow/example_dags/tutorial_taskflow_templates.py
[2026-05-03T23:19:54.348+0000] {processor.py:925} INFO - DAG(s) 'tutorial_taskflow_templates' retrieved from /home/ec2-user/environment/lab4_model_training/venv/lib64/python3.12/site-packages/airflow/example_dags/tutorial_taskflow_templates.py
[2026-05-03T23:19:54.359+0000] {logging_mixin.py:190} INFO - [2026-05-03T23:19:54.359+0000] {dag.py:3239} INFO - Sync 1 DAGs
[2026-05-03T23:19:54.375+0000] {logging_mixin.py:190} INFO - [2026-05-03T23:19:54.375+0000] {dag.py:4180} INFO - Setting next_dagrun for tutorial_taskflow_templates to 2026-05-02 00:00:00+00:00, run_after=2026-05-03 00:00:00+00:00
[2026-05-03T23:19:54.391+0000] {processor.py:208} INFO - Processing /home/ec2-user/environment/lab4_model_training/venv/lib64/python3.12/site-packages/airflow/example_dags/tutorial_taskflow_templates.py took 0.062 seconds
[2026-05-03T23:21:03.535+0000] {processor.py:186} INFO - Started process (PID=64218) to work on /home/ec2-user/environment/lab4_model_training/venv/lib64/python3.12/site-packages/airflow/example_dags/tutorial_taskflow_templates.py
[2026-05-03T23:21:03.536+0000] {processor.py:914} INFO - Processing file /home/ec2-user/environment/lab4_model_training/venv/lib64/python3.12/site-packages/airflow/example_dags/tutorial_taskflow_templates.py for tasks to queue
[2026-05-03T23:21:03.538+0000] {logging_mixin.py:190} INFO - [2026-05-03T23:21:03.538+0000] {dagbag.py:588} INFO - Filling up the DagBag from /home/ec2-user/environment/lab4_model_training/venv/lib64/python3.12/site-packages/airflow/example_dags/tutorial_taskflow_templates.py
[2026-05-03T23:21:03.549+0000] {processor.py:925} INFO - DAG(s) 'tutorial_taskflow_templates' retrieved from /home/ec2-user/environment/lab4_model_training/venv/lib64/python3.12/site-packages/airflow/example_dags/tutorial_taskflow_templates.py
[2026-05-03T23:21:03.561+0000] {logging_mixin.py:190} INFO - [2026-05-03T23:21:03.561+0000] {dag.py:3239} INFO - Sync 1 DAGs
[2026-05-03T23:21:03.578+0000] {logging_mixin.py:190} INFO - [2026-05-03T23:21:03.578+0000] {dag.py:4180} INFO - Setting next_dagrun for tutorial_taskflow_templates to 2026-05-02 00:00:00+00:00, run_after=2026-05-03 00:00:00+00:00
[2026-05-03T23:21:03.594+0000] {processor.py:208} INFO - Processing /home/ec2-user/environment/lab4_model_training/venv/lib64/python3.12/site-packages/airflow/example_dags/tutorial_taskflow_templates.py took 0.064 seconds
[2026-05-03T23:22:39.775+0000] {processor.py:186} INFO - Started process (PID=64492) to work on /home/ec2-user/environment/lab4_model_training/venv/lib64/python3.12/site-packages/airflow/example_dags/tutorial_taskflow_templates.py
[2026-05-03T23:22:39.776+0000] {processor.py:914} INFO - Processing file /home/ec2-user/environment/lab4_model_training/venv/lib64/python3.12/site-packages/airflow/example_dags/tutorial_taskflow_templates.py for tasks to queue
[2026-05-03T23:22:39.778+0000] {logging_mixin.py:190} INFO - [2026-05-03T23:22:39.777+0000] {dagbag.py:588} INFO - Filling up the DagBag from /home/ec2-user/environment/lab4_model_training/venv/lib64/python3.12/site-packages/airflow/example_dags/tutorial_taskflow_templates.py
[2026-05-03T23:22:39.788+0000] {processor.py:925} INFO - DAG(s) 'tutorial_taskflow_templates' retrieved from /home/ec2-user/environment/lab4_model_training/venv/lib64/python3.12/site-packages/airflow/example_dags/tutorial_taskflow_templates.py
[2026-05-03T23:22:39.800+0000] {logging_mixin.py:190} INFO - [2026-05-03T23:22:39.800+0000] {dag.py:3239} INFO - Sync 1 DAGs
[2026-05-03T23:22:39.815+0000] {logging_mixin.py:190} INFO - [2026-05-03T23:22:39.815+0000] {dag.py:4180} INFO - Setting next_dagrun for tutorial_taskflow_templates to 2026-05-02 00:00:00+00:00, run_after=2026-05-03 00:00:00+00:00
[2026-05-03T23:22:39.833+0000] {processor.py:208} INFO - Processing /home/ec2-user/environment/lab4_model_training/venv/lib64/python3.12/site-packages/airflow/example_dags/tutorial_taskflow_templates.py took 0.062 seconds
[2026-05-03T23:23:46.274+0000] {processor.py:186} INFO - Started process (PID=64675) to work on /home/ec2-user/environment/lab4_model_training/venv/lib64/python3.12/site-packages/airflow/example_dags/tutorial_taskflow_templates.py
[2026-05-03T23:23:46.276+0000] {processor.py:914} INFO - Processing file /home/ec2-user/environment/lab4_model_training/venv/lib64/python3.12/site-packages/airflow/example_dags/tutorial_taskflow_templates.py for tasks to queue
[2026-05-03T23:23:46.277+0000] {logging_mixin.py:190} INFO - [2026-05-03T23:23:46.277+0000] {dagbag.py:588} INFO - Filling up the DagBag from /home/ec2-user/environment/lab4_model_training/venv/lib64/python3.12/site-packages/airflow/example_dags/tutorial_taskflow_templates.py
[2026-05-03T23:23:46.288+0000] {processor.py:925} INFO - DAG(s) 'tutorial_taskflow_templates' retrieved from /home/ec2-user/environment/lab4_model_training/venv/lib64/python3.12/site-packages/airflow/example_dags/tutorial_taskflow_templates.py
[2026-05-03T23:23:46.300+0000] {logging_mixin.py:190} INFO - [2026-05-03T23:23:46.300+0000] {dag.py:3239} INFO - Sync 1 DAGs
[2026-05-03T23:23:46.316+0000] {logging_mixin.py:190} INFO - [2026-05-03T23:23:46.316+0000] {dag.py:4180} INFO - Setting next_dagrun for tutorial_taskflow_templates to 2026-05-02 00:00:00+00:00, run_after=2026-05-03 00:00:00+00:00
[2026-05-03T23:23:46.333+0000] {processor.py:208} INFO - Processing /home/ec2-user/environment/lab4_model_training/venv/lib64/python3.12/site-packages/airflow/example_dags/tutorial_taskflow_templates.py took 0.063 seconds
[2026-05-03T23:24:51.398+0000] {processor.py:186} INFO - Started process (PID=64865) to work on /home/ec2-user/environment/lab4_model_training/venv/lib64/python3.12/site-packages/airflow/example_dags/tutorial_taskflow_templates.py
[2026-05-03T23:24:51.399+0000] {processor.py:914} INFO - Processing file /home/ec2-user/environment/lab4_model_training/venv/lib64/python3.12/site-packages/airflow/example_dags/tutorial_taskflow_templates.py for tasks to queue
[2026-05-03T23:24:51.400+0000] {logging_mixin.py:190} INFO - [2026-05-03T23:24:51.400+0000] {dagbag.py:588} INFO - Filling up the DagBag from /home/ec2-user/environment/lab4_model_training/venv/lib64/python3.12/site-packages/airflow/example_dags/tutorial_taskflow_templates.py
[2026-05-03T23:24:51.411+0000] {processor.py:925} INFO - DAG(s) 'tutorial_taskflow_templates' retrieved from /home/ec2-user/environment/lab4_model_training/venv/lib64/python3.12/site-packages/airflow/example_dags/tutorial_taskflow_templates.py
[2026-05-03T23:24:51.423+0000] {logging_mixin.py:190} INFO - [2026-05-03T23:24:51.423+0000] {dag.py:3239} INFO - Sync 1 DAGs
[2026-05-03T23:24:51.439+0000] {logging_mixin.py:190} INFO - [2026-05-03T23:24:51.439+0000] {dag.py:4180} INFO - Setting next_dagrun for tutorial_taskflow_templates to 2026-05-02 00:00:00+00:00, run_after=2026-05-03 00:00:00+00:00
[2026-05-03T23:24:51.456+0000] {processor.py:208} INFO - Processing /home/ec2-user/environment/lab4_model_training/venv/lib64/python3.12/site-packages/airflow/example_dags/tutorial_taskflow_templates.py took 0.063 seconds
[2026-05-03T23:25:56.794+0000] {processor.py:186} INFO - Started process (PID=65043) to work on /home/ec2-user/environment/lab4_model_training/venv/lib64/python3.12/site-packages/airflow/example_dags/tutorial_taskflow_templates.py
[2026-05-03T23:25:56.795+0000] {processor.py:914} INFO - Processing file /home/ec2-user/environment/lab4_model_training/venv/lib64/python3.12/site-packages/airflow/example_dags/tutorial_taskflow_templates.py for tasks to queue
[2026-05-03T23:25:56.797+0000] {logging_mixin.py:190} INFO - [2026-05-03T23:25:56.796+0000] {dagbag.py:588} INFO - Filling up the DagBag from /home/ec2-user/environment/lab4_model_training/venv/lib64/python3.12/site-packages/airflow/example_dags/tutorial_taskflow_templates.py
[2026-05-03T23:25:56.808+0000] {processor.py:925} INFO - DAG(s) 'tutorial_taskflow_templates' retrieved from /home/ec2-user/environment/lab4_model_training/venv/lib64/python3.12/site-packages/airflow/example_dags/tutorial_taskflow_templates.py
[2026-05-03T23:25:56.821+0000] {logging_mixin.py:190} INFO - [2026-05-03T23:25:56.820+0000] {dag.py:3239} INFO - Sync 1 DAGs
[2026-05-03T23:25:56.837+0000] {logging_mixin.py:190} INFO - [2026-05-03T23:25:56.837+0000] {dag.py:4180} INFO - Setting next_dagrun for tutorial_taskflow_templates to 2026-05-02 00:00:00+00:00, run_after=2026-05-03 00:00:00+00:00
[2026-05-03T23:25:56.855+0000] {processor.py:208} INFO - Processing /home/ec2-user/environment/lab4_model_training/venv/lib64/python3.12/site-packages/airflow/example_dags/tutorial_taskflow_templates.py took 0.065 seconds
