[2026-05-03T22:50:12.200+0000] {processor.py:186} INFO - Started process (PID=57726) to work on /home/ec2-user/environment/lab4_model_training/venv/lib64/python3.12/site-packages/airflow/example_dags/tutorial_dag.py
[2026-05-03T22:50:12.201+0000] {processor.py:914} INFO - Processing file /home/ec2-user/environment/lab4_model_training/venv/lib64/python3.12/site-packages/airflow/example_dags/tutorial_dag.py for tasks to queue
[2026-05-03T22:50:12.202+0000] {logging_mixin.py:190} INFO - [2026-05-03T22:50:12.202+0000] {dagbag.py:588} INFO - Filling up the DagBag from /home/ec2-user/environment/lab4_model_training/venv/lib64/python3.12/site-packages/airflow/example_dags/tutorial_dag.py
[2026-05-03T22:50:12.208+0000] {processor.py:925} INFO - DAG(s) 'tutorial_dag' retrieved from /home/ec2-user/environment/lab4_model_training/venv/lib64/python3.12/site-packages/airflow/example_dags/tutorial_dag.py
[2026-05-03T22:50:12.219+0000] {logging_mixin.py:190} INFO - [2026-05-03T22:50:12.219+0000] {dag.py:3239} INFO - Sync 1 DAGs
[2026-05-03T22:50:12.229+0000] {logging_mixin.py:190} INFO - [2026-05-03T22:50:12.229+0000] {dag.py:4180} INFO - Setting next_dagrun for tutorial_dag to None, run_after=None
[2026-05-03T22:50:12.246+0000] {processor.py:208} INFO - Processing /home/ec2-user/environment/lab4_model_training/venv/lib64/python3.12/site-packages/airflow/example_dags/tutorial_dag.py took 0.050 seconds
[2026-05-03T22:51:21.648+0000] {processor.py:186} INFO - Started process (PID=57907) to work on /home/ec2-user/environment/lab4_model_training/venv/lib64/python3.12/site-packages/airflow/example_dags/tutorial_dag.py
[2026-05-03T22:51:21.649+0000] {processor.py:914} INFO - Processing file /home/ec2-user/environment/lab4_model_training/venv/lib64/python3.12/site-packages/airflow/example_dags/tutorial_dag.py for tasks to queue
[2026-05-03T22:51:21.651+0000] {logging_mixin.py:190} INFO - [2026-05-03T22:51:21.651+0000] {dagbag.py:588} INFO - Filling up the DagBag from /home/ec2-user/environment/lab4_model_training/venv/lib64/python3.12/site-packages/airflow/example_dags/tutorial_dag.py
[2026-05-03T22:51:21.657+0000] {processor.py:925} INFO - DAG(s) 'tutorial_dag' retrieved from /home/ec2-user/environment/lab4_model_training/venv/lib64/python3.12/site-packages/airflow/example_dags/tutorial_dag.py
[2026-05-03T22:51:21.669+0000] {logging_mixin.py:190} INFO - [2026-05-03T22:51:21.668+0000] {dag.py:3239} INFO - Sync 1 DAGs
[2026-05-03T22:51:21.679+0000] {logging_mixin.py:190} INFO - [2026-05-03T22:51:21.678+0000] {dag.py:4180} INFO - Setting next_dagrun for tutorial_dag to None, run_after=None
[2026-05-03T22:51:21.696+0000] {processor.py:208} INFO - Processing /home/ec2-user/environment/lab4_model_training/venv/lib64/python3.12/site-packages/airflow/example_dags/tutorial_dag.py took 0.053 seconds
[2026-05-03T22:52:23.571+0000] {processor.py:186} INFO - Started process (PID=58078) to work on /home/ec2-user/environment/lab4_model_training/venv/lib64/python3.12/site-packages/airflow/example_dags/tutorial_dag.py
[2026-05-03T22:52:23.572+0000] {processor.py:914} INFO - Processing file /home/ec2-user/environment/lab4_model_training/venv/lib64/python3.12/site-packages/airflow/example_dags/tutorial_dag.py for tasks to queue
[2026-05-03T22:52:23.574+0000] {logging_mixin.py:190} INFO - [2026-05-03T22:52:23.574+0000] {dagbag.py:588} INFO - Filling up the DagBag from /home/ec2-user/environment/lab4_model_training/venv/lib64/python3.12/site-packages/airflow/example_dags/tutorial_dag.py
[2026-05-03T22:52:23.579+0000] {processor.py:925} INFO - DAG(s) 'tutorial_dag' retrieved from /home/ec2-user/environment/lab4_model_training/venv/lib64/python3.12/site-packages/airflow/example_dags/tutorial_dag.py
[2026-05-03T22:52:23.591+0000] {logging_mixin.py:190} INFO - [2026-05-03T22:52:23.590+0000] {dag.py:3239} INFO - Sync 1 DAGs
[2026-05-03T22:52:23.600+0000] {logging_mixin.py:190} INFO - [2026-05-03T22:52:23.600+0000] {dag.py:4180} INFO - Setting next_dagrun for tutorial_dag to None, run_after=None
[2026-05-03T22:52:23.616+0000] {processor.py:208} INFO - Processing /home/ec2-user/environment/lab4_model_training/venv/lib64/python3.12/site-packages/airflow/example_dags/tutorial_dag.py took 0.049 seconds
[2026-05-03T22:53:29.532+0000] {processor.py:186} INFO - Started process (PID=58274) to work on /home/ec2-user/environment/lab4_model_training/venv/lib64/python3.12/site-packages/airflow/example_dags/tutorial_dag.py
[2026-05-03T22:53:29.533+0000] {processor.py:914} INFO - Processing file /home/ec2-user/environment/lab4_model_training/venv/lib64/python3.12/site-packages/airflow/example_dags/tutorial_dag.py for tasks to queue
[2026-05-03T22:53:29.535+0000] {logging_mixin.py:190} INFO - [2026-05-03T22:53:29.535+0000] {dagbag.py:588} INFO - Filling up the DagBag from /home/ec2-user/environment/lab4_model_training/venv/lib64/python3.12/site-packages/airflow/example_dags/tutorial_dag.py
[2026-05-03T22:53:29.540+0000] {processor.py:925} INFO - DAG(s) 'tutorial_dag' retrieved from /home/ec2-user/environment/lab4_model_training/venv/lib64/python3.12/site-packages/airflow/example_dags/tutorial_dag.py
[2026-05-03T22:53:29.552+0000] {logging_mixin.py:190} INFO - [2026-05-03T22:53:29.552+0000] {dag.py:3239} INFO - Sync 1 DAGs
[2026-05-03T22:53:29.561+0000] {logging_mixin.py:190} INFO - [2026-05-03T22:53:29.561+0000] {dag.py:4180} INFO - Setting next_dagrun for tutorial_dag to None, run_after=None
[2026-05-03T22:53:29.577+0000] {processor.py:208} INFO - Processing /home/ec2-user/environment/lab4_model_training/venv/lib64/python3.12/site-packages/airflow/example_dags/tutorial_dag.py took 0.050 seconds
[2026-05-03T22:54:33.406+0000] {processor.py:186} INFO - Started process (PID=58566) to work on /home/ec2-user/environment/lab4_model_training/venv/lib64/python3.12/site-packages/airflow/example_dags/tutorial_dag.py
[2026-05-03T22:54:33.407+0000] {processor.py:914} INFO - Processing file /home/ec2-user/environment/lab4_model_training/venv/lib64/python3.12/site-packages/airflow/example_dags/tutorial_dag.py for tasks to queue
[2026-05-03T22:54:33.409+0000] {logging_mixin.py:190} INFO - [2026-05-03T22:54:33.409+0000] {dagbag.py:588} INFO - Filling up the DagBag from /home/ec2-user/environment/lab4_model_training/venv/lib64/python3.12/site-packages/airflow/example_dags/tutorial_dag.py
[2026-05-03T22:54:33.415+0000] {processor.py:925} INFO - DAG(s) 'tutorial_dag' retrieved from /home/ec2-user/environment/lab4_model_training/venv/lib64/python3.12/site-packages/airflow/example_dags/tutorial_dag.py
[2026-05-03T22:54:33.427+0000] {logging_mixin.py:190} INFO - [2026-05-03T22:54:33.426+0000] {dag.py:3239} INFO - Sync 1 DAGs
[2026-05-03T22:54:33.436+0000] {logging_mixin.py:190} INFO - [2026-05-03T22:54:33.436+0000] {dag.py:4180} INFO - Setting next_dagrun for tutorial_dag to None, run_after=None
[2026-05-03T22:54:33.453+0000] {processor.py:208} INFO - Processing /home/ec2-user/environment/lab4_model_training/venv/lib64/python3.12/site-packages/airflow/example_dags/tutorial_dag.py took 0.051 seconds
[2026-05-03T22:55:38.825+0000] {processor.py:186} INFO - Started process (PID=58686) to work on /home/ec2-user/environment/lab4_model_training/venv/lib64/python3.12/site-packages/airflow/example_dags/tutorial_dag.py
[2026-05-03T22:55:38.826+0000] {processor.py:914} INFO - Processing file /home/ec2-user/environment/lab4_model_training/venv/lib64/python3.12/site-packages/airflow/example_dags/tutorial_dag.py for tasks to queue
[2026-05-03T22:55:38.828+0000] {logging_mixin.py:190} INFO - [2026-05-03T22:55:38.828+0000] {dagbag.py:588} INFO - Filling up the DagBag from /home/ec2-user/environment/lab4_model_training/venv/lib64/python3.12/site-packages/airflow/example_dags/tutorial_dag.py
[2026-05-03T22:55:38.834+0000] {processor.py:925} INFO - DAG(s) 'tutorial_dag' retrieved from /home/ec2-user/environment/lab4_model_training/venv/lib64/python3.12/site-packages/airflow/example_dags/tutorial_dag.py
[2026-05-03T22:55:38.846+0000] {logging_mixin.py:190} INFO - [2026-05-03T22:55:38.846+0000] {dag.py:3239} INFO - Sync 1 DAGs
[2026-05-03T22:55:38.855+0000] {logging_mixin.py:190} INFO - [2026-05-03T22:55:38.855+0000] {dag.py:4180} INFO - Setting next_dagrun for tutorial_dag to None, run_after=None
[2026-05-03T22:55:38.872+0000] {processor.py:208} INFO - Processing /home/ec2-user/environment/lab4_model_training/venv/lib64/python3.12/site-packages/airflow/example_dags/tutorial_dag.py took 0.051 seconds
[2026-05-03T22:56:43.243+0000] {processor.py:186} INFO - Started process (PID=58853) to work on /home/ec2-user/environment/lab4_model_training/venv/lib64/python3.12/site-packages/airflow/example_dags/tutorial_dag.py
[2026-05-03T22:56:43.244+0000] {processor.py:914} INFO - Processing file /home/ec2-user/environment/lab4_model_training/venv/lib64/python3.12/site-packages/airflow/example_dags/tutorial_dag.py for tasks to queue
[2026-05-03T22:56:43.246+0000] {logging_mixin.py:190} INFO - [2026-05-03T22:56:43.246+0000] {dagbag.py:588} INFO - Filling up the DagBag from /home/ec2-user/environment/lab4_model_training/venv/lib64/python3.12/site-packages/airflow/example_dags/tutorial_dag.py
[2026-05-03T22:56:43.252+0000] {processor.py:925} INFO - DAG(s) 'tutorial_dag' retrieved from /home/ec2-user/environment/lab4_model_training/venv/lib64/python3.12/site-packages/airflow/example_dags/tutorial_dag.py
[2026-05-03T22:56:43.263+0000] {logging_mixin.py:190} INFO - [2026-05-03T22:56:43.263+0000] {dag.py:3239} INFO - Sync 1 DAGs
[2026-05-03T22:56:43.272+0000] {logging_mixin.py:190} INFO - [2026-05-03T22:56:43.272+0000] {dag.py:4180} INFO - Setting next_dagrun for tutorial_dag to None, run_after=None
[2026-05-03T22:56:43.288+0000] {processor.py:208} INFO - Processing /home/ec2-user/environment/lab4_model_training/venv/lib64/python3.12/site-packages/airflow/example_dags/tutorial_dag.py took 0.050 seconds
[2026-05-03T22:57:49.637+0000] {processor.py:186} INFO - Started process (PID=59101) to work on /home/ec2-user/environment/lab4_model_training/venv/lib64/python3.12/site-packages/airflow/example_dags/tutorial_dag.py
[2026-05-03T22:57:49.638+0000] {processor.py:914} INFO - Processing file /home/ec2-user/environment/lab4_model_training/venv/lib64/python3.12/site-packages/airflow/example_dags/tutorial_dag.py for tasks to queue
[2026-05-03T22:57:49.640+0000] {logging_mixin.py:190} INFO - [2026-05-03T22:57:49.640+0000] {dagbag.py:588} INFO - Filling up the DagBag from /home/ec2-user/environment/lab4_model_training/venv/lib64/python3.12/site-packages/airflow/example_dags/tutorial_dag.py
[2026-05-03T22:57:49.646+0000] {processor.py:925} INFO - DAG(s) 'tutorial_dag' retrieved from /home/ec2-user/environment/lab4_model_training/venv/lib64/python3.12/site-packages/airflow/example_dags/tutorial_dag.py
[2026-05-03T22:57:49.658+0000] {logging_mixin.py:190} INFO - [2026-05-03T22:57:49.658+0000] {dag.py:3239} INFO - Sync 1 DAGs
[2026-05-03T22:57:49.667+0000] {logging_mixin.py:190} INFO - [2026-05-03T22:57:49.667+0000] {dag.py:4180} INFO - Setting next_dagrun for tutorial_dag to None, run_after=None
[2026-05-03T22:57:49.684+0000] {processor.py:208} INFO - Processing /home/ec2-user/environment/lab4_model_training/venv/lib64/python3.12/site-packages/airflow/example_dags/tutorial_dag.py took 0.051 seconds
[2026-05-03T22:58:55.065+0000] {processor.py:186} INFO - Started process (PID=59391) to work on /home/ec2-user/environment/lab4_model_training/venv/lib64/python3.12/site-packages/airflow/example_dags/tutorial_dag.py
[2026-05-03T22:58:55.066+0000] {processor.py:914} INFO - Processing file /home/ec2-user/environment/lab4_model_training/venv/lib64/python3.12/site-packages/airflow/example_dags/tutorial_dag.py for tasks to queue
[2026-05-03T22:58:55.068+0000] {logging_mixin.py:190} INFO - [2026-05-03T22:58:55.068+0000] {dagbag.py:588} INFO - Filling up the DagBag from /home/ec2-user/environment/lab4_model_training/venv/lib64/python3.12/site-packages/airflow/example_dags/tutorial_dag.py
[2026-05-03T22:58:55.074+0000] {processor.py:925} INFO - DAG(s) 'tutorial_dag' retrieved from /home/ec2-user/environment/lab4_model_training/venv/lib64/python3.12/site-packages/airflow/example_dags/tutorial_dag.py
[2026-05-03T22:58:55.086+0000] {logging_mixin.py:190} INFO - [2026-05-03T22:58:55.086+0000] {dag.py:3239} INFO - Sync 1 DAGs
[2026-05-03T22:58:55.096+0000] {logging_mixin.py:190} INFO - [2026-05-03T22:58:55.096+0000] {dag.py:4180} INFO - Setting next_dagrun for tutorial_dag to None, run_after=None
[2026-05-03T22:58:55.113+0000] {processor.py:208} INFO - Processing /home/ec2-user/environment/lab4_model_training/venv/lib64/python3.12/site-packages/airflow/example_dags/tutorial_dag.py took 0.052 seconds
[2026-05-03T23:00:03.190+0000] {processor.py:186} INFO - Started process (PID=59745) to work on /home/ec2-user/environment/lab4_model_training/venv/lib64/python3.12/site-packages/airflow/example_dags/tutorial_dag.py
[2026-05-03T23:00:03.191+0000] {processor.py:914} INFO - Processing file /home/ec2-user/environment/lab4_model_training/venv/lib64/python3.12/site-packages/airflow/example_dags/tutorial_dag.py for tasks to queue
[2026-05-03T23:00:03.193+0000] {logging_mixin.py:190} INFO - [2026-05-03T23:00:03.193+0000] {dagbag.py:588} INFO - Filling up the DagBag from /home/ec2-user/environment/lab4_model_training/venv/lib64/python3.12/site-packages/airflow/example_dags/tutorial_dag.py
[2026-05-03T23:00:03.199+0000] {processor.py:925} INFO - DAG(s) 'tutorial_dag' retrieved from /home/ec2-user/environment/lab4_model_training/venv/lib64/python3.12/site-packages/airflow/example_dags/tutorial_dag.py
[2026-05-03T23:00:03.211+0000] {logging_mixin.py:190} INFO - [2026-05-03T23:00:03.211+0000] {dag.py:3239} INFO - Sync 1 DAGs
[2026-05-03T23:00:03.220+0000] {logging_mixin.py:190} INFO - [2026-05-03T23:00:03.220+0000] {dag.py:4180} INFO - Setting next_dagrun for tutorial_dag to None, run_after=None
[2026-05-03T23:00:03.236+0000] {processor.py:208} INFO - Processing /home/ec2-user/environment/lab4_model_training/venv/lib64/python3.12/site-packages/airflow/example_dags/tutorial_dag.py took 0.051 seconds
[2026-05-03T23:01:09.445+0000] {processor.py:186} INFO - Started process (PID=60009) to work on /home/ec2-user/environment/lab4_model_training/venv/lib64/python3.12/site-packages/airflow/example_dags/tutorial_dag.py
[2026-05-03T23:01:09.447+0000] {processor.py:914} INFO - Processing file /home/ec2-user/environment/lab4_model_training/venv/lib64/python3.12/site-packages/airflow/example_dags/tutorial_dag.py for tasks to queue
[2026-05-03T23:01:09.448+0000] {logging_mixin.py:190} INFO - [2026-05-03T23:01:09.448+0000] {dagbag.py:588} INFO - Filling up the DagBag from /home/ec2-user/environment/lab4_model_training/venv/lib64/python3.12/site-packages/airflow/example_dags/tutorial_dag.py
[2026-05-03T23:01:09.454+0000] {processor.py:925} INFO - DAG(s) 'tutorial_dag' retrieved from /home/ec2-user/environment/lab4_model_training/venv/lib64/python3.12/site-packages/airflow/example_dags/tutorial_dag.py
[2026-05-03T23:01:09.465+0000] {logging_mixin.py:190} INFO - [2026-05-03T23:01:09.465+0000] {dag.py:3239} INFO - Sync 1 DAGs
[2026-05-03T23:01:09.475+0000] {logging_mixin.py:190} INFO - [2026-05-03T23:01:09.475+0000] {dag.py:4180} INFO - Setting next_dagrun for tutorial_dag to None, run_after=None
[2026-05-03T23:01:09.491+0000] {processor.py:208} INFO - Processing /home/ec2-user/environment/lab4_model_training/venv/lib64/python3.12/site-packages/airflow/example_dags/tutorial_dag.py took 0.050 seconds
[2026-05-03T23:02:14.698+0000] {processor.py:186} INFO - Started process (PID=60339) to work on /home/ec2-user/environment/lab4_model_training/venv/lib64/python3.12/site-packages/airflow/example_dags/tutorial_dag.py
[2026-05-03T23:02:14.699+0000] {processor.py:914} INFO - Processing file /home/ec2-user/environment/lab4_model_training/venv/lib64/python3.12/site-packages/airflow/example_dags/tutorial_dag.py for tasks to queue
[2026-05-03T23:02:14.701+0000] {logging_mixin.py:190} INFO - [2026-05-03T23:02:14.700+0000] {dagbag.py:588} INFO - Filling up the DagBag from /home/ec2-user/environment/lab4_model_training/venv/lib64/python3.12/site-packages/airflow/example_dags/tutorial_dag.py
[2026-05-03T23:02:14.706+0000] {processor.py:925} INFO - DAG(s) 'tutorial_dag' retrieved from /home/ec2-user/environment/lab4_model_training/venv/lib64/python3.12/site-packages/airflow/example_dags/tutorial_dag.py
[2026-05-03T23:02:14.717+0000] {logging_mixin.py:190} INFO - [2026-05-03T23:02:14.717+0000] {dag.py:3239} INFO - Sync 1 DAGs
[2026-05-03T23:02:14.727+0000] {logging_mixin.py:190} INFO - [2026-05-03T23:02:14.727+0000] {dag.py:4180} INFO - Setting next_dagrun for tutorial_dag to None, run_after=None
[2026-05-03T23:02:14.743+0000] {processor.py:208} INFO - Processing /home/ec2-user/environment/lab4_model_training/venv/lib64/python3.12/site-packages/airflow/example_dags/tutorial_dag.py took 0.049 seconds
[2026-05-03T23:03:15.635+0000] {processor.py:186} INFO - Started process (PID=60605) to work on /home/ec2-user/environment/lab4_model_training/venv/lib64/python3.12/site-packages/airflow/example_dags/tutorial_dag.py
[2026-05-03T23:03:15.636+0000] {processor.py:914} INFO - Processing file /home/ec2-user/environment/lab4_model_training/venv/lib64/python3.12/site-packages/airflow/example_dags/tutorial_dag.py for tasks to queue
[2026-05-03T23:03:15.638+0000] {logging_mixin.py:190} INFO - [2026-05-03T23:03:15.638+0000] {dagbag.py:588} INFO - Filling up the DagBag from /home/ec2-user/environment/lab4_model_training/venv/lib64/python3.12/site-packages/airflow/example_dags/tutorial_dag.py
[2026-05-03T23:03:15.644+0000] {processor.py:925} INFO - DAG(s) 'tutorial_dag' retrieved from /home/ec2-user/environment/lab4_model_training/venv/lib64/python3.12/site-packages/airflow/example_dags/tutorial_dag.py
[2026-05-03T23:03:15.656+0000] {logging_mixin.py:190} INFO - [2026-05-03T23:03:15.655+0000] {dag.py:3239} INFO - Sync 1 DAGs
[2026-05-03T23:03:15.666+0000] {logging_mixin.py:190} INFO - [2026-05-03T23:03:15.666+0000] {dag.py:4180} INFO - Setting next_dagrun for tutorial_dag to None, run_after=None
[2026-05-03T23:03:15.682+0000] {processor.py:208} INFO - Processing /home/ec2-user/environment/lab4_model_training/venv/lib64/python3.12/site-packages/airflow/example_dags/tutorial_dag.py took 0.051 seconds
[2026-05-03T23:04:17.587+0000] {processor.py:186} INFO - Started process (PID=60924) to work on /home/ec2-user/environment/lab4_model_training/venv/lib64/python3.12/site-packages/airflow/example_dags/tutorial_dag.py
[2026-05-03T23:04:17.588+0000] {processor.py:914} INFO - Processing file /home/ec2-user/environment/lab4_model_training/venv/lib64/python3.12/site-packages/airflow/example_dags/tutorial_dag.py for tasks to queue
[2026-05-03T23:04:17.590+0000] {logging_mixin.py:190} INFO - [2026-05-03T23:04:17.590+0000] {dagbag.py:588} INFO - Filling up the DagBag from /home/ec2-user/environment/lab4_model_training/venv/lib64/python3.12/site-packages/airflow/example_dags/tutorial_dag.py
[2026-05-03T23:04:17.596+0000] {processor.py:925} INFO - DAG(s) 'tutorial_dag' retrieved from /home/ec2-user/environment/lab4_model_training/venv/lib64/python3.12/site-packages/airflow/example_dags/tutorial_dag.py
[2026-05-03T23:04:17.607+0000] {logging_mixin.py:190} INFO - [2026-05-03T23:04:17.607+0000] {dag.py:3239} INFO - Sync 1 DAGs
[2026-05-03T23:04:17.617+0000] {logging_mixin.py:190} INFO - [2026-05-03T23:04:17.617+0000] {dag.py:4180} INFO - Setting next_dagrun for tutorial_dag to None, run_after=None
[2026-05-03T23:04:17.633+0000] {processor.py:208} INFO - Processing /home/ec2-user/environment/lab4_model_training/venv/lib64/python3.12/site-packages/airflow/example_dags/tutorial_dag.py took 0.050 seconds
[2026-05-03T23:05:24.736+0000] {processor.py:186} INFO - Started process (PID=61177) to work on /home/ec2-user/environment/lab4_model_training/venv/lib64/python3.12/site-packages/airflow/example_dags/tutorial_dag.py
[2026-05-03T23:05:24.737+0000] {processor.py:914} INFO - Processing file /home/ec2-user/environment/lab4_model_training/venv/lib64/python3.12/site-packages/airflow/example_dags/tutorial_dag.py for tasks to queue
[2026-05-03T23:05:24.738+0000] {logging_mixin.py:190} INFO - [2026-05-03T23:05:24.738+0000] {dagbag.py:588} INFO - Filling up the DagBag from /home/ec2-user/environment/lab4_model_training/venv/lib64/python3.12/site-packages/airflow/example_dags/tutorial_dag.py
[2026-05-03T23:05:24.745+0000] {processor.py:925} INFO - DAG(s) 'tutorial_dag' retrieved from /home/ec2-user/environment/lab4_model_training/venv/lib64/python3.12/site-packages/airflow/example_dags/tutorial_dag.py
[2026-05-03T23:05:24.755+0000] {logging_mixin.py:190} INFO - [2026-05-03T23:05:24.755+0000] {dag.py:3239} INFO - Sync 1 DAGs
[2026-05-03T23:05:24.765+0000] {logging_mixin.py:190} INFO - [2026-05-03T23:05:24.765+0000] {dag.py:4180} INFO - Setting next_dagrun for tutorial_dag to None, run_after=None
[2026-05-03T23:05:24.781+0000] {processor.py:208} INFO - Processing /home/ec2-user/environment/lab4_model_training/venv/lib64/python3.12/site-packages/airflow/example_dags/tutorial_dag.py took 0.049 seconds
[2026-05-03T23:06:25.984+0000] {processor.py:186} INFO - Started process (PID=61452) to work on /home/ec2-user/environment/lab4_model_training/venv/lib64/python3.12/site-packages/airflow/example_dags/tutorial_dag.py
[2026-05-03T23:06:25.985+0000] {processor.py:914} INFO - Processing file /home/ec2-user/environment/lab4_model_training/venv/lib64/python3.12/site-packages/airflow/example_dags/tutorial_dag.py for tasks to queue
[2026-05-03T23:06:25.987+0000] {logging_mixin.py:190} INFO - [2026-05-03T23:06:25.986+0000] {dagbag.py:588} INFO - Filling up the DagBag from /home/ec2-user/environment/lab4_model_training/venv/lib64/python3.12/site-packages/airflow/example_dags/tutorial_dag.py
[2026-05-03T23:06:25.992+0000] {processor.py:925} INFO - DAG(s) 'tutorial_dag' retrieved from /home/ec2-user/environment/lab4_model_training/venv/lib64/python3.12/site-packages/airflow/example_dags/tutorial_dag.py
[2026-05-03T23:06:26.004+0000] {logging_mixin.py:190} INFO - [2026-05-03T23:06:26.003+0000] {dag.py:3239} INFO - Sync 1 DAGs
[2026-05-03T23:06:26.013+0000] {logging_mixin.py:190} INFO - [2026-05-03T23:06:26.013+0000] {dag.py:4180} INFO - Setting next_dagrun for tutorial_dag to None, run_after=None
[2026-05-03T23:06:26.029+0000] {processor.py:208} INFO - Processing /home/ec2-user/environment/lab4_model_training/venv/lib64/python3.12/site-packages/airflow/example_dags/tutorial_dag.py took 0.049 seconds
[2026-05-03T23:07:29.207+0000] {processor.py:186} INFO - Started process (PID=61687) to work on /home/ec2-user/environment/lab4_model_training/venv/lib64/python3.12/site-packages/airflow/example_dags/tutorial_dag.py
[2026-05-03T23:07:29.208+0000] {processor.py:914} INFO - Processing file /home/ec2-user/environment/lab4_model_training/venv/lib64/python3.12/site-packages/airflow/example_dags/tutorial_dag.py for tasks to queue
[2026-05-03T23:07:29.209+0000] {logging_mixin.py:190} INFO - [2026-05-03T23:07:29.209+0000] {dagbag.py:588} INFO - Filling up the DagBag from /home/ec2-user/environment/lab4_model_training/venv/lib64/python3.12/site-packages/airflow/example_dags/tutorial_dag.py
[2026-05-03T23:07:29.216+0000] {processor.py:925} INFO - DAG(s) 'tutorial_dag' retrieved from /home/ec2-user/environment/lab4_model_training/venv/lib64/python3.12/site-packages/airflow/example_dags/tutorial_dag.py
[2026-05-03T23:07:29.228+0000] {logging_mixin.py:190} INFO - [2026-05-03T23:07:29.228+0000] {dag.py:3239} INFO - Sync 1 DAGs
[2026-05-03T23:07:29.237+0000] {logging_mixin.py:190} INFO - [2026-05-03T23:07:29.237+0000] {dag.py:4180} INFO - Setting next_dagrun for tutorial_dag to None, run_after=None
[2026-05-03T23:07:29.254+0000] {processor.py:208} INFO - Processing /home/ec2-user/environment/lab4_model_training/venv/lib64/python3.12/site-packages/airflow/example_dags/tutorial_dag.py took 0.052 seconds
[2026-05-03T23:08:33.680+0000] {processor.py:186} INFO - Started process (PID=61993) to work on /home/ec2-user/environment/lab4_model_training/venv/lib64/python3.12/site-packages/airflow/example_dags/tutorial_dag.py
[2026-05-03T23:08:33.682+0000] {processor.py:914} INFO - Processing file /home/ec2-user/environment/lab4_model_training/venv/lib64/python3.12/site-packages/airflow/example_dags/tutorial_dag.py for tasks to queue
[2026-05-03T23:08:33.684+0000] {logging_mixin.py:190} INFO - [2026-05-03T23:08:33.683+0000] {dagbag.py:588} INFO - Filling up the DagBag from /home/ec2-user/environment/lab4_model_training/venv/lib64/python3.12/site-packages/airflow/example_dags/tutorial_dag.py
[2026-05-03T23:08:33.690+0000] {processor.py:925} INFO - DAG(s) 'tutorial_dag' retrieved from /home/ec2-user/environment/lab4_model_training/venv/lib64/python3.12/site-packages/airflow/example_dags/tutorial_dag.py
[2026-05-03T23:08:33.700+0000] {logging_mixin.py:190} INFO - [2026-05-03T23:08:33.700+0000] {dag.py:3239} INFO - Sync 1 DAGs
[2026-05-03T23:08:33.710+0000] {logging_mixin.py:190} INFO - [2026-05-03T23:08:33.710+0000] {dag.py:4180} INFO - Setting next_dagrun for tutorial_dag to None, run_after=None
[2026-05-03T23:08:33.727+0000] {processor.py:208} INFO - Processing /home/ec2-user/environment/lab4_model_training/venv/lib64/python3.12/site-packages/airflow/example_dags/tutorial_dag.py took 0.051 seconds
[2026-05-03T23:09:39.273+0000] {processor.py:186} INFO - Started process (PID=62250) to work on /home/ec2-user/environment/lab4_model_training/venv/lib64/python3.12/site-packages/airflow/example_dags/tutorial_dag.py
[2026-05-03T23:09:39.274+0000] {processor.py:914} INFO - Processing file /home/ec2-user/environment/lab4_model_training/venv/lib64/python3.12/site-packages/airflow/example_dags/tutorial_dag.py for tasks to queue
[2026-05-03T23:09:39.276+0000] {logging_mixin.py:190} INFO - [2026-05-03T23:09:39.276+0000] {dagbag.py:588} INFO - Filling up the DagBag from /home/ec2-user/environment/lab4_model_training/venv/lib64/python3.12/site-packages/airflow/example_dags/tutorial_dag.py
[2026-05-03T23:09:39.282+0000] {processor.py:925} INFO - DAG(s) 'tutorial_dag' retrieved from /home/ec2-user/environment/lab4_model_training/venv/lib64/python3.12/site-packages/airflow/example_dags/tutorial_dag.py
[2026-05-03T23:09:39.294+0000] {logging_mixin.py:190} INFO - [2026-05-03T23:09:39.294+0000] {dag.py:3239} INFO - Sync 1 DAGs
[2026-05-03T23:09:39.304+0000] {logging_mixin.py:190} INFO - [2026-05-03T23:09:39.304+0000] {dag.py:4180} INFO - Setting next_dagrun for tutorial_dag to None, run_after=None
[2026-05-03T23:09:39.321+0000] {processor.py:208} INFO - Processing /home/ec2-user/environment/lab4_model_training/venv/lib64/python3.12/site-packages/airflow/example_dags/tutorial_dag.py took 0.052 seconds
[2026-05-03T23:10:44.502+0000] {processor.py:186} INFO - Started process (PID=62447) to work on /home/ec2-user/environment/lab4_model_training/venv/lib64/python3.12/site-packages/airflow/example_dags/tutorial_dag.py
[2026-05-03T23:10:44.503+0000] {processor.py:914} INFO - Processing file /home/ec2-user/environment/lab4_model_training/venv/lib64/python3.12/site-packages/airflow/example_dags/tutorial_dag.py for tasks to queue
[2026-05-03T23:10:44.504+0000] {logging_mixin.py:190} INFO - [2026-05-03T23:10:44.504+0000] {dagbag.py:588} INFO - Filling up the DagBag from /home/ec2-user/environment/lab4_model_training/venv/lib64/python3.12/site-packages/airflow/example_dags/tutorial_dag.py
[2026-05-03T23:10:44.510+0000] {processor.py:925} INFO - DAG(s) 'tutorial_dag' retrieved from /home/ec2-user/environment/lab4_model_training/venv/lib64/python3.12/site-packages/airflow/example_dags/tutorial_dag.py
[2026-05-03T23:10:44.521+0000] {logging_mixin.py:190} INFO - [2026-05-03T23:10:44.521+0000] {dag.py:3239} INFO - Sync 1 DAGs
[2026-05-03T23:10:44.531+0000] {logging_mixin.py:190} INFO - [2026-05-03T23:10:44.530+0000] {dag.py:4180} INFO - Setting next_dagrun for tutorial_dag to None, run_after=None
[2026-05-03T23:10:44.547+0000] {processor.py:208} INFO - Processing /home/ec2-user/environment/lab4_model_training/venv/lib64/python3.12/site-packages/airflow/example_dags/tutorial_dag.py took 0.050 seconds
[2026-05-03T23:11:48.139+0000] {processor.py:186} INFO - Started process (PID=62645) to work on /home/ec2-user/environment/lab4_model_training/venv/lib64/python3.12/site-packages/airflow/example_dags/tutorial_dag.py
[2026-05-03T23:11:48.140+0000] {processor.py:914} INFO - Processing file /home/ec2-user/environment/lab4_model_training/venv/lib64/python3.12/site-packages/airflow/example_dags/tutorial_dag.py for tasks to queue
[2026-05-03T23:11:48.142+0000] {logging_mixin.py:190} INFO - [2026-05-03T23:11:48.141+0000] {dagbag.py:588} INFO - Filling up the DagBag from /home/ec2-user/environment/lab4_model_training/venv/lib64/python3.12/site-packages/airflow/example_dags/tutorial_dag.py
[2026-05-03T23:11:48.147+0000] {processor.py:925} INFO - DAG(s) 'tutorial_dag' retrieved from /home/ec2-user/environment/lab4_model_training/venv/lib64/python3.12/site-packages/airflow/example_dags/tutorial_dag.py
[2026-05-03T23:11:48.159+0000] {logging_mixin.py:190} INFO - [2026-05-03T23:11:48.159+0000] {dag.py:3239} INFO - Sync 1 DAGs
[2026-05-03T23:11:48.169+0000] {logging_mixin.py:190} INFO - [2026-05-03T23:11:48.169+0000] {dag.py:4180} INFO - Setting next_dagrun for tutorial_dag to None, run_after=None
[2026-05-03T23:11:48.186+0000] {processor.py:208} INFO - Processing /home/ec2-user/environment/lab4_model_training/venv/lib64/python3.12/site-packages/airflow/example_dags/tutorial_dag.py took 0.051 seconds
[2026-05-03T23:12:56.382+0000] {processor.py:186} INFO - Started process (PID=62805) to work on /home/ec2-user/environment/lab4_model_training/venv/lib64/python3.12/site-packages/airflow/example_dags/tutorial_dag.py
[2026-05-03T23:12:56.383+0000] {processor.py:914} INFO - Processing file /home/ec2-user/environment/lab4_model_training/venv/lib64/python3.12/site-packages/airflow/example_dags/tutorial_dag.py for tasks to queue
[2026-05-03T23:12:56.385+0000] {logging_mixin.py:190} INFO - [2026-05-03T23:12:56.384+0000] {dagbag.py:588} INFO - Filling up the DagBag from /home/ec2-user/environment/lab4_model_training/venv/lib64/python3.12/site-packages/airflow/example_dags/tutorial_dag.py
[2026-05-03T23:12:56.391+0000] {processor.py:925} INFO - DAG(s) 'tutorial_dag' retrieved from /home/ec2-user/environment/lab4_model_training/venv/lib64/python3.12/site-packages/airflow/example_dags/tutorial_dag.py
[2026-05-03T23:12:56.403+0000] {logging_mixin.py:190} INFO - [2026-05-03T23:12:56.403+0000] {dag.py:3239} INFO - Sync 1 DAGs
[2026-05-03T23:12:56.413+0000] {logging_mixin.py:190} INFO - [2026-05-03T23:12:56.413+0000] {dag.py:4180} INFO - Setting next_dagrun for tutorial_dag to None, run_after=None
[2026-05-03T23:12:56.430+0000] {processor.py:208} INFO - Processing /home/ec2-user/environment/lab4_model_training/venv/lib64/python3.12/site-packages/airflow/example_dags/tutorial_dag.py took 0.053 seconds
[2026-05-03T23:14:02.922+0000] {processor.py:186} INFO - Started process (PID=63042) to work on /home/ec2-user/environment/lab4_model_training/venv/lib64/python3.12/site-packages/airflow/example_dags/tutorial_dag.py
[2026-05-03T23:14:02.923+0000] {processor.py:914} INFO - Processing file /home/ec2-user/environment/lab4_model_training/venv/lib64/python3.12/site-packages/airflow/example_dags/tutorial_dag.py for tasks to queue
[2026-05-03T23:14:02.925+0000] {logging_mixin.py:190} INFO - [2026-05-03T23:14:02.924+0000] {dagbag.py:588} INFO - Filling up the DagBag from /home/ec2-user/environment/lab4_model_training/venv/lib64/python3.12/site-packages/airflow/example_dags/tutorial_dag.py
[2026-05-03T23:14:02.930+0000] {processor.py:925} INFO - DAG(s) 'tutorial_dag' retrieved from /home/ec2-user/environment/lab4_model_training/venv/lib64/python3.12/site-packages/airflow/example_dags/tutorial_dag.py
[2026-05-03T23:14:02.942+0000] {logging_mixin.py:190} INFO - [2026-05-03T23:14:02.942+0000] {dag.py:3239} INFO - Sync 1 DAGs
[2026-05-03T23:14:02.951+0000] {logging_mixin.py:190} INFO - [2026-05-03T23:14:02.951+0000] {dag.py:4180} INFO - Setting next_dagrun for tutorial_dag to None, run_after=None
[2026-05-03T23:14:02.968+0000] {processor.py:208} INFO - Processing /home/ec2-user/environment/lab4_model_training/venv/lib64/python3.12/site-packages/airflow/example_dags/tutorial_dag.py took 0.050 seconds
[2026-05-03T23:15:07.364+0000] {processor.py:186} INFO - Started process (PID=63243) to work on /home/ec2-user/environment/lab4_model_training/venv/lib64/python3.12/site-packages/airflow/example_dags/tutorial_dag.py
[2026-05-03T23:15:07.365+0000] {processor.py:914} INFO - Processing file /home/ec2-user/environment/lab4_model_training/venv/lib64/python3.12/site-packages/airflow/example_dags/tutorial_dag.py for tasks to queue
[2026-05-03T23:15:07.367+0000] {logging_mixin.py:190} INFO - [2026-05-03T23:15:07.366+0000] {dagbag.py:588} INFO - Filling up the DagBag from /home/ec2-user/environment/lab4_model_training/venv/lib64/python3.12/site-packages/airflow/example_dags/tutorial_dag.py
[2026-05-03T23:15:07.373+0000] {processor.py:925} INFO - DAG(s) 'tutorial_dag' retrieved from /home/ec2-user/environment/lab4_model_training/venv/lib64/python3.12/site-packages/airflow/example_dags/tutorial_dag.py
[2026-05-03T23:15:07.384+0000] {logging_mixin.py:190} INFO - [2026-05-03T23:15:07.384+0000] {dag.py:3239} INFO - Sync 1 DAGs
[2026-05-03T23:15:07.396+0000] {logging_mixin.py:190} INFO - [2026-05-03T23:15:07.396+0000] {dag.py:4180} INFO - Setting next_dagrun for tutorial_dag to None, run_after=None
[2026-05-03T23:15:07.415+0000] {processor.py:208} INFO - Processing /home/ec2-user/environment/lab4_model_training/venv/lib64/python3.12/site-packages/airflow/example_dags/tutorial_dag.py took 0.055 seconds
[2026-05-03T23:16:10.489+0000] {processor.py:186} INFO - Started process (PID=63448) to work on /home/ec2-user/environment/lab4_model_training/venv/lib64/python3.12/site-packages/airflow/example_dags/tutorial_dag.py
[2026-05-03T23:16:10.490+0000] {processor.py:914} INFO - Processing file /home/ec2-user/environment/lab4_model_training/venv/lib64/python3.12/site-packages/airflow/example_dags/tutorial_dag.py for tasks to queue
[2026-05-03T23:16:10.491+0000] {logging_mixin.py:190} INFO - [2026-05-03T23:16:10.491+0000] {dagbag.py:588} INFO - Filling up the DagBag from /home/ec2-user/environment/lab4_model_training/venv/lib64/python3.12/site-packages/airflow/example_dags/tutorial_dag.py
[2026-05-03T23:16:10.498+0000] {processor.py:925} INFO - DAG(s) 'tutorial_dag' retrieved from /home/ec2-user/environment/lab4_model_training/venv/lib64/python3.12/site-packages/airflow/example_dags/tutorial_dag.py
[2026-05-03T23:16:10.509+0000] {logging_mixin.py:190} INFO - [2026-05-03T23:16:10.509+0000] {dag.py:3239} INFO - Sync 1 DAGs
[2026-05-03T23:16:10.520+0000] {logging_mixin.py:190} INFO - [2026-05-03T23:16:10.519+0000] {dag.py:4180} INFO - Setting next_dagrun for tutorial_dag to None, run_after=None
[2026-05-03T23:16:10.536+0000] {processor.py:208} INFO - Processing /home/ec2-user/environment/lab4_model_training/venv/lib64/python3.12/site-packages/airflow/example_dags/tutorial_dag.py took 0.052 seconds
[2026-05-03T23:17:41.408+0000] {processor.py:186} INFO - Started process (PID=63715) to work on /home/ec2-user/environment/lab4_model_training/venv/lib64/python3.12/site-packages/airflow/example_dags/tutorial_dag.py
[2026-05-03T23:17:41.409+0000] {processor.py:914} INFO - Processing file /home/ec2-user/environment/lab4_model_training/venv/lib64/python3.12/site-packages/airflow/example_dags/tutorial_dag.py for tasks to queue
[2026-05-03T23:17:41.411+0000] {logging_mixin.py:190} INFO - [2026-05-03T23:17:41.411+0000] {dagbag.py:588} INFO - Filling up the DagBag from /home/ec2-user/environment/lab4_model_training/venv/lib64/python3.12/site-packages/airflow/example_dags/tutorial_dag.py
[2026-05-03T23:17:41.417+0000] {processor.py:925} INFO - DAG(s) 'tutorial_dag' retrieved from /home/ec2-user/environment/lab4_model_training/venv/lib64/python3.12/site-packages/airflow/example_dags/tutorial_dag.py
[2026-05-03T23:17:41.429+0000] {logging_mixin.py:190} INFO - [2026-05-03T23:17:41.429+0000] {dag.py:3239} INFO - Sync 1 DAGs
[2026-05-03T23:17:41.439+0000] {logging_mixin.py:190} INFO - [2026-05-03T23:17:41.438+0000] {dag.py:4180} INFO - Setting next_dagrun for tutorial_dag to None, run_after=None
[2026-05-03T23:17:41.456+0000] {processor.py:208} INFO - Processing /home/ec2-user/environment/lab4_model_training/venv/lib64/python3.12/site-packages/airflow/example_dags/tutorial_dag.py took 0.052 seconds
[2026-05-03T23:18:47.695+0000] {processor.py:186} INFO - Started process (PID=63887) to work on /home/ec2-user/environment/lab4_model_training/venv/lib64/python3.12/site-packages/airflow/example_dags/tutorial_dag.py
[2026-05-03T23:18:47.696+0000] {processor.py:914} INFO - Processing file /home/ec2-user/environment/lab4_model_training/venv/lib64/python3.12/site-packages/airflow/example_dags/tutorial_dag.py for tasks to queue
[2026-05-03T23:18:47.697+0000] {logging_mixin.py:190} INFO - [2026-05-03T23:18:47.697+0000] {dagbag.py:588} INFO - Filling up the DagBag from /home/ec2-user/environment/lab4_model_training/venv/lib64/python3.12/site-packages/airflow/example_dags/tutorial_dag.py
[2026-05-03T23:18:47.704+0000] {processor.py:925} INFO - DAG(s) 'tutorial_dag' retrieved from /home/ec2-user/environment/lab4_model_training/venv/lib64/python3.12/site-packages/airflow/example_dags/tutorial_dag.py
[2026-05-03T23:18:47.715+0000] {logging_mixin.py:190} INFO - [2026-05-03T23:18:47.715+0000] {dag.py:3239} INFO - Sync 1 DAGs
[2026-05-03T23:18:47.724+0000] {logging_mixin.py:190} INFO - [2026-05-03T23:18:47.724+0000] {dag.py:4180} INFO - Setting next_dagrun for tutorial_dag to None, run_after=None
[2026-05-03T23:18:47.740+0000] {processor.py:208} INFO - Processing /home/ec2-user/environment/lab4_model_training/venv/lib64/python3.12/site-packages/airflow/example_dags/tutorial_dag.py took 0.050 seconds
[2026-05-03T23:19:50.328+0000] {processor.py:186} INFO - Started process (PID=64005) to work on /home/ec2-user/environment/lab4_model_training/venv/lib64/python3.12/site-packages/airflow/example_dags/tutorial_dag.py
[2026-05-03T23:19:50.329+0000] {processor.py:914} INFO - Processing file /home/ec2-user/environment/lab4_model_training/venv/lib64/python3.12/site-packages/airflow/example_dags/tutorial_dag.py for tasks to queue
[2026-05-03T23:19:50.330+0000] {logging_mixin.py:190} INFO - [2026-05-03T23:19:50.330+0000] {dagbag.py:588} INFO - Filling up the DagBag from /home/ec2-user/environment/lab4_model_training/venv/lib64/python3.12/site-packages/airflow/example_dags/tutorial_dag.py
[2026-05-03T23:19:50.336+0000] {processor.py:925} INFO - DAG(s) 'tutorial_dag' retrieved from /home/ec2-user/environment/lab4_model_training/venv/lib64/python3.12/site-packages/airflow/example_dags/tutorial_dag.py
[2026-05-03T23:19:50.347+0000] {logging_mixin.py:190} INFO - [2026-05-03T23:19:50.347+0000] {dag.py:3239} INFO - Sync 1 DAGs
[2026-05-03T23:19:50.358+0000] {logging_mixin.py:190} INFO - [2026-05-03T23:19:50.357+0000] {dag.py:4180} INFO - Setting next_dagrun for tutorial_dag to None, run_after=None
[2026-05-03T23:19:50.374+0000] {processor.py:208} INFO - Processing /home/ec2-user/environment/lab4_model_training/venv/lib64/python3.12/site-packages/airflow/example_dags/tutorial_dag.py took 0.051 seconds
[2026-05-03T23:20:59.842+0000] {processor.py:186} INFO - Started process (PID=64196) to work on /home/ec2-user/environment/lab4_model_training/venv/lib64/python3.12/site-packages/airflow/example_dags/tutorial_dag.py
[2026-05-03T23:20:59.843+0000] {processor.py:914} INFO - Processing file /home/ec2-user/environment/lab4_model_training/venv/lib64/python3.12/site-packages/airflow/example_dags/tutorial_dag.py for tasks to queue
[2026-05-03T23:20:59.844+0000] {logging_mixin.py:190} INFO - [2026-05-03T23:20:59.844+0000] {dagbag.py:588} INFO - Filling up the DagBag from /home/ec2-user/environment/lab4_model_training/venv/lib64/python3.12/site-packages/airflow/example_dags/tutorial_dag.py
[2026-05-03T23:20:59.851+0000] {processor.py:925} INFO - DAG(s) 'tutorial_dag' retrieved from /home/ec2-user/environment/lab4_model_training/venv/lib64/python3.12/site-packages/airflow/example_dags/tutorial_dag.py
[2026-05-03T23:20:59.862+0000] {logging_mixin.py:190} INFO - [2026-05-03T23:20:59.862+0000] {dag.py:3239} INFO - Sync 1 DAGs
[2026-05-03T23:20:59.872+0000] {logging_mixin.py:190} INFO - [2026-05-03T23:20:59.872+0000] {dag.py:4180} INFO - Setting next_dagrun for tutorial_dag to None, run_after=None
[2026-05-03T23:20:59.889+0000] {processor.py:208} INFO - Processing /home/ec2-user/environment/lab4_model_training/venv/lib64/python3.12/site-packages/airflow/example_dags/tutorial_dag.py took 0.052 seconds
[2026-05-03T23:22:36.590+0000] {processor.py:186} INFO - Started process (PID=64477) to work on /home/ec2-user/environment/lab4_model_training/venv/lib64/python3.12/site-packages/airflow/example_dags/tutorial_dag.py
[2026-05-03T23:22:36.591+0000] {processor.py:914} INFO - Processing file /home/ec2-user/environment/lab4_model_training/venv/lib64/python3.12/site-packages/airflow/example_dags/tutorial_dag.py for tasks to queue
[2026-05-03T23:22:36.593+0000] {logging_mixin.py:190} INFO - [2026-05-03T23:22:36.592+0000] {dagbag.py:588} INFO - Filling up the DagBag from /home/ec2-user/environment/lab4_model_training/venv/lib64/python3.12/site-packages/airflow/example_dags/tutorial_dag.py
[2026-05-03T23:22:36.599+0000] {processor.py:925} INFO - DAG(s) 'tutorial_dag' retrieved from /home/ec2-user/environment/lab4_model_training/venv/lib64/python3.12/site-packages/airflow/example_dags/tutorial_dag.py
[2026-05-03T23:22:36.610+0000] {logging_mixin.py:190} INFO - [2026-05-03T23:22:36.610+0000] {dag.py:3239} INFO - Sync 1 DAGs
[2026-05-03T23:22:36.620+0000] {logging_mixin.py:190} INFO - [2026-05-03T23:22:36.620+0000] {dag.py:4180} INFO - Setting next_dagrun for tutorial_dag to None, run_after=None
[2026-05-03T23:22:36.637+0000] {processor.py:208} INFO - Processing /home/ec2-user/environment/lab4_model_training/venv/lib64/python3.12/site-packages/airflow/example_dags/tutorial_dag.py took 0.052 seconds
[2026-05-03T23:23:41.731+0000] {processor.py:186} INFO - Started process (PID=64618) to work on /home/ec2-user/environment/lab4_model_training/venv/lib64/python3.12/site-packages/airflow/example_dags/tutorial_dag.py
[2026-05-03T23:23:41.732+0000] {processor.py:914} INFO - Processing file /home/ec2-user/environment/lab4_model_training/venv/lib64/python3.12/site-packages/airflow/example_dags/tutorial_dag.py for tasks to queue
[2026-05-03T23:23:41.734+0000] {logging_mixin.py:190} INFO - [2026-05-03T23:23:41.733+0000] {dagbag.py:588} INFO - Filling up the DagBag from /home/ec2-user/environment/lab4_model_training/venv/lib64/python3.12/site-packages/airflow/example_dags/tutorial_dag.py
[2026-05-03T23:23:41.740+0000] {processor.py:925} INFO - DAG(s) 'tutorial_dag' retrieved from /home/ec2-user/environment/lab4_model_training/venv/lib64/python3.12/site-packages/airflow/example_dags/tutorial_dag.py
[2026-05-03T23:23:41.751+0000] {logging_mixin.py:190} INFO - [2026-05-03T23:23:41.751+0000] {dag.py:3239} INFO - Sync 1 DAGs
[2026-05-03T23:23:41.761+0000] {logging_mixin.py:190} INFO - [2026-05-03T23:23:41.761+0000] {dag.py:4180} INFO - Setting next_dagrun for tutorial_dag to None, run_after=None
[2026-05-03T23:23:41.778+0000] {processor.py:208} INFO - Processing /home/ec2-user/environment/lab4_model_training/venv/lib64/python3.12/site-packages/airflow/example_dags/tutorial_dag.py took 0.052 seconds
[2026-05-03T23:24:47.798+0000] {processor.py:186} INFO - Started process (PID=64861) to work on /home/ec2-user/environment/lab4_model_training/venv/lib64/python3.12/site-packages/airflow/example_dags/tutorial_dag.py
[2026-05-03T23:24:47.799+0000] {processor.py:914} INFO - Processing file /home/ec2-user/environment/lab4_model_training/venv/lib64/python3.12/site-packages/airflow/example_dags/tutorial_dag.py for tasks to queue
[2026-05-03T23:24:47.801+0000] {logging_mixin.py:190} INFO - [2026-05-03T23:24:47.801+0000] {dagbag.py:588} INFO - Filling up the DagBag from /home/ec2-user/environment/lab4_model_training/venv/lib64/python3.12/site-packages/airflow/example_dags/tutorial_dag.py
[2026-05-03T23:24:47.807+0000] {processor.py:925} INFO - DAG(s) 'tutorial_dag' retrieved from /home/ec2-user/environment/lab4_model_training/venv/lib64/python3.12/site-packages/airflow/example_dags/tutorial_dag.py
[2026-05-03T23:24:47.819+0000] {logging_mixin.py:190} INFO - [2026-05-03T23:24:47.818+0000] {dag.py:3239} INFO - Sync 1 DAGs
[2026-05-03T23:24:47.829+0000] {logging_mixin.py:190} INFO - [2026-05-03T23:24:47.828+0000] {dag.py:4180} INFO - Setting next_dagrun for tutorial_dag to None, run_after=None
[2026-05-03T23:24:47.845+0000] {processor.py:208} INFO - Processing /home/ec2-user/environment/lab4_model_training/venv/lib64/python3.12/site-packages/airflow/example_dags/tutorial_dag.py took 0.052 seconds
[2026-05-03T23:25:53.297+0000] {processor.py:186} INFO - Started process (PID=65038) to work on /home/ec2-user/environment/lab4_model_training/venv/lib64/python3.12/site-packages/airflow/example_dags/tutorial_dag.py
[2026-05-03T23:25:53.298+0000] {processor.py:914} INFO - Processing file /home/ec2-user/environment/lab4_model_training/venv/lib64/python3.12/site-packages/airflow/example_dags/tutorial_dag.py for tasks to queue
[2026-05-03T23:25:53.300+0000] {logging_mixin.py:190} INFO - [2026-05-03T23:25:53.299+0000] {dagbag.py:588} INFO - Filling up the DagBag from /home/ec2-user/environment/lab4_model_training/venv/lib64/python3.12/site-packages/airflow/example_dags/tutorial_dag.py
[2026-05-03T23:25:53.306+0000] {processor.py:925} INFO - DAG(s) 'tutorial_dag' retrieved from /home/ec2-user/environment/lab4_model_training/venv/lib64/python3.12/site-packages/airflow/example_dags/tutorial_dag.py
[2026-05-03T23:25:53.317+0000] {logging_mixin.py:190} INFO - [2026-05-03T23:25:53.317+0000] {dag.py:3239} INFO - Sync 1 DAGs
[2026-05-03T23:25:53.326+0000] {logging_mixin.py:190} INFO - [2026-05-03T23:25:53.326+0000] {dag.py:4180} INFO - Setting next_dagrun for tutorial_dag to None, run_after=None
[2026-05-03T23:25:53.343+0000] {processor.py:208} INFO - Processing /home/ec2-user/environment/lab4_model_training/venv/lib64/python3.12/site-packages/airflow/example_dags/tutorial_dag.py took 0.050 seconds
