[2026-05-03T22:50:18.585+0000] {processor.py:186} INFO - Started process (PID=57736) to work on /home/ec2-user/environment/lab4_model_training/venv/lib64/python3.12/site-packages/airflow/example_dags/plugins/event_listener.py
[2026-05-03T22:50:18.586+0000] {processor.py:914} INFO - Processing file /home/ec2-user/environment/lab4_model_training/venv/lib64/python3.12/site-packages/airflow/example_dags/plugins/event_listener.py for tasks to queue
[2026-05-03T22:50:18.587+0000] {logging_mixin.py:190} INFO - [2026-05-03T22:50:18.587+0000] {dagbag.py:588} INFO - Filling up the DagBag from /home/ec2-user/environment/lab4_model_training/venv/lib64/python3.12/site-packages/airflow/example_dags/plugins/event_listener.py
[2026-05-03T22:50:18.589+0000] {processor.py:927} WARNING - No viable dags retrieved from /home/ec2-user/environment/lab4_model_training/venv/lib64/python3.12/site-packages/airflow/example_dags/plugins/event_listener.py
[2026-05-03T22:50:18.597+0000] {processor.py:208} INFO - Processing /home/ec2-user/environment/lab4_model_training/venv/lib64/python3.12/site-packages/airflow/example_dags/plugins/event_listener.py took 0.016 seconds
[2026-05-03T22:51:26.643+0000] {processor.py:186} INFO - Started process (PID=57913) to work on /home/ec2-user/environment/lab4_model_training/venv/lib64/python3.12/site-packages/airflow/example_dags/plugins/event_listener.py
[2026-05-03T22:51:26.644+0000] {processor.py:914} INFO - Processing file /home/ec2-user/environment/lab4_model_training/venv/lib64/python3.12/site-packages/airflow/example_dags/plugins/event_listener.py for tasks to queue
[2026-05-03T22:51:26.645+0000] {logging_mixin.py:190} INFO - [2026-05-03T22:51:26.645+0000] {dagbag.py:588} INFO - Filling up the DagBag from /home/ec2-user/environment/lab4_model_training/venv/lib64/python3.12/site-packages/airflow/example_dags/plugins/event_listener.py
[2026-05-03T22:51:26.648+0000] {processor.py:927} WARNING - No viable dags retrieved from /home/ec2-user/environment/lab4_model_training/venv/lib64/python3.12/site-packages/airflow/example_dags/plugins/event_listener.py
[2026-05-03T22:51:26.656+0000] {processor.py:208} INFO - Processing /home/ec2-user/environment/lab4_model_training/venv/lib64/python3.12/site-packages/airflow/example_dags/plugins/event_listener.py took 0.017 seconds
[2026-05-03T22:52:29.394+0000] {processor.py:186} INFO - Started process (PID=58084) to work on /home/ec2-user/environment/lab4_model_training/venv/lib64/python3.12/site-packages/airflow/example_dags/plugins/event_listener.py
[2026-05-03T22:52:29.396+0000] {processor.py:914} INFO - Processing file /home/ec2-user/environment/lab4_model_training/venv/lib64/python3.12/site-packages/airflow/example_dags/plugins/event_listener.py for tasks to queue
[2026-05-03T22:52:29.397+0000] {logging_mixin.py:190} INFO - [2026-05-03T22:52:29.397+0000] {dagbag.py:588} INFO - Filling up the DagBag from /home/ec2-user/environment/lab4_model_training/venv/lib64/python3.12/site-packages/airflow/example_dags/plugins/event_listener.py
[2026-05-03T22:52:29.399+0000] {processor.py:927} WARNING - No viable dags retrieved from /home/ec2-user/environment/lab4_model_training/venv/lib64/python3.12/site-packages/airflow/example_dags/plugins/event_listener.py
[2026-05-03T22:52:29.407+0000] {processor.py:208} INFO - Processing /home/ec2-user/environment/lab4_model_training/venv/lib64/python3.12/site-packages/airflow/example_dags/plugins/event_listener.py took 0.017 seconds
[2026-05-03T22:53:35.122+0000] {processor.py:186} INFO - Started process (PID=58292) to work on /home/ec2-user/environment/lab4_model_training/venv/lib64/python3.12/site-packages/airflow/example_dags/plugins/event_listener.py
[2026-05-03T22:53:35.123+0000] {processor.py:914} INFO - Processing file /home/ec2-user/environment/lab4_model_training/venv/lib64/python3.12/site-packages/airflow/example_dags/plugins/event_listener.py for tasks to queue
[2026-05-03T22:53:35.125+0000] {logging_mixin.py:190} INFO - [2026-05-03T22:53:35.125+0000] {dagbag.py:588} INFO - Filling up the DagBag from /home/ec2-user/environment/lab4_model_training/venv/lib64/python3.12/site-packages/airflow/example_dags/plugins/event_listener.py
[2026-05-03T22:53:35.127+0000] {processor.py:927} WARNING - No viable dags retrieved from /home/ec2-user/environment/lab4_model_training/venv/lib64/python3.12/site-packages/airflow/example_dags/plugins/event_listener.py
[2026-05-03T22:53:35.135+0000] {processor.py:208} INFO - Processing /home/ec2-user/environment/lab4_model_training/venv/lib64/python3.12/site-packages/airflow/example_dags/plugins/event_listener.py took 0.016 seconds
[2026-05-03T22:54:39.338+0000] {processor.py:186} INFO - Started process (PID=58576) to work on /home/ec2-user/environment/lab4_model_training/venv/lib64/python3.12/site-packages/airflow/example_dags/plugins/event_listener.py
[2026-05-03T22:54:39.339+0000] {processor.py:914} INFO - Processing file /home/ec2-user/environment/lab4_model_training/venv/lib64/python3.12/site-packages/airflow/example_dags/plugins/event_listener.py for tasks to queue
[2026-05-03T22:54:39.340+0000] {logging_mixin.py:190} INFO - [2026-05-03T22:54:39.340+0000] {dagbag.py:588} INFO - Filling up the DagBag from /home/ec2-user/environment/lab4_model_training/venv/lib64/python3.12/site-packages/airflow/example_dags/plugins/event_listener.py
[2026-05-03T22:54:39.342+0000] {processor.py:927} WARNING - No viable dags retrieved from /home/ec2-user/environment/lab4_model_training/venv/lib64/python3.12/site-packages/airflow/example_dags/plugins/event_listener.py
[2026-05-03T22:54:39.350+0000] {processor.py:208} INFO - Processing /home/ec2-user/environment/lab4_model_training/venv/lib64/python3.12/site-packages/airflow/example_dags/plugins/event_listener.py took 0.017 seconds
[2026-05-03T22:55:44.130+0000] {processor.py:186} INFO - Started process (PID=58721) to work on /home/ec2-user/environment/lab4_model_training/venv/lib64/python3.12/site-packages/airflow/example_dags/plugins/event_listener.py
[2026-05-03T22:55:44.131+0000] {processor.py:914} INFO - Processing file /home/ec2-user/environment/lab4_model_training/venv/lib64/python3.12/site-packages/airflow/example_dags/plugins/event_listener.py for tasks to queue
[2026-05-03T22:55:44.133+0000] {logging_mixin.py:190} INFO - [2026-05-03T22:55:44.132+0000] {dagbag.py:588} INFO - Filling up the DagBag from /home/ec2-user/environment/lab4_model_training/venv/lib64/python3.12/site-packages/airflow/example_dags/plugins/event_listener.py
[2026-05-03T22:55:44.134+0000] {processor.py:927} WARNING - No viable dags retrieved from /home/ec2-user/environment/lab4_model_training/venv/lib64/python3.12/site-packages/airflow/example_dags/plugins/event_listener.py
[2026-05-03T22:55:44.142+0000] {processor.py:208} INFO - Processing /home/ec2-user/environment/lab4_model_training/venv/lib64/python3.12/site-packages/airflow/example_dags/plugins/event_listener.py took 0.018 seconds
[2026-05-03T22:56:49.347+0000] {processor.py:186} INFO - Started process (PID=58859) to work on /home/ec2-user/environment/lab4_model_training/venv/lib64/python3.12/site-packages/airflow/example_dags/plugins/event_listener.py
[2026-05-03T22:56:49.348+0000] {processor.py:914} INFO - Processing file /home/ec2-user/environment/lab4_model_training/venv/lib64/python3.12/site-packages/airflow/example_dags/plugins/event_listener.py for tasks to queue
[2026-05-03T22:56:49.349+0000] {logging_mixin.py:190} INFO - [2026-05-03T22:56:49.349+0000] {dagbag.py:588} INFO - Filling up the DagBag from /home/ec2-user/environment/lab4_model_training/venv/lib64/python3.12/site-packages/airflow/example_dags/plugins/event_listener.py
[2026-05-03T22:56:49.351+0000] {processor.py:927} WARNING - No viable dags retrieved from /home/ec2-user/environment/lab4_model_training/venv/lib64/python3.12/site-packages/airflow/example_dags/plugins/event_listener.py
[2026-05-03T22:56:49.359+0000] {processor.py:208} INFO - Processing /home/ec2-user/environment/lab4_model_training/venv/lib64/python3.12/site-packages/airflow/example_dags/plugins/event_listener.py took 0.016 seconds
[2026-05-03T22:57:55.913+0000] {processor.py:186} INFO - Started process (PID=59125) to work on /home/ec2-user/environment/lab4_model_training/venv/lib64/python3.12/site-packages/airflow/example_dags/plugins/event_listener.py
[2026-05-03T22:57:55.915+0000] {processor.py:914} INFO - Processing file /home/ec2-user/environment/lab4_model_training/venv/lib64/python3.12/site-packages/airflow/example_dags/plugins/event_listener.py for tasks to queue
[2026-05-03T22:57:55.916+0000] {logging_mixin.py:190} INFO - [2026-05-03T22:57:55.916+0000] {dagbag.py:588} INFO - Filling up the DagBag from /home/ec2-user/environment/lab4_model_training/venv/lib64/python3.12/site-packages/airflow/example_dags/plugins/event_listener.py
[2026-05-03T22:57:55.918+0000] {processor.py:927} WARNING - No viable dags retrieved from /home/ec2-user/environment/lab4_model_training/venv/lib64/python3.12/site-packages/airflow/example_dags/plugins/event_listener.py
[2026-05-03T22:57:55.926+0000] {processor.py:208} INFO - Processing /home/ec2-user/environment/lab4_model_training/venv/lib64/python3.12/site-packages/airflow/example_dags/plugins/event_listener.py took 0.017 seconds
[2026-05-03T22:59:01.042+0000] {processor.py:186} INFO - Started process (PID=59424) to work on /home/ec2-user/environment/lab4_model_training/venv/lib64/python3.12/site-packages/airflow/example_dags/plugins/event_listener.py
[2026-05-03T22:59:01.043+0000] {processor.py:914} INFO - Processing file /home/ec2-user/environment/lab4_model_training/venv/lib64/python3.12/site-packages/airflow/example_dags/plugins/event_listener.py for tasks to queue
[2026-05-03T22:59:01.044+0000] {logging_mixin.py:190} INFO - [2026-05-03T22:59:01.044+0000] {dagbag.py:588} INFO - Filling up the DagBag from /home/ec2-user/environment/lab4_model_training/venv/lib64/python3.12/site-packages/airflow/example_dags/plugins/event_listener.py
[2026-05-03T22:59:01.046+0000] {processor.py:927} WARNING - No viable dags retrieved from /home/ec2-user/environment/lab4_model_training/venv/lib64/python3.12/site-packages/airflow/example_dags/plugins/event_listener.py
[2026-05-03T22:59:01.054+0000] {processor.py:208} INFO - Processing /home/ec2-user/environment/lab4_model_training/venv/lib64/python3.12/site-packages/airflow/example_dags/plugins/event_listener.py took 0.017 seconds
[2026-05-03T23:00:09.010+0000] {processor.py:186} INFO - Started process (PID=59755) to work on /home/ec2-user/environment/lab4_model_training/venv/lib64/python3.12/site-packages/airflow/example_dags/plugins/event_listener.py
[2026-05-03T23:00:09.012+0000] {processor.py:914} INFO - Processing file /home/ec2-user/environment/lab4_model_training/venv/lib64/python3.12/site-packages/airflow/example_dags/plugins/event_listener.py for tasks to queue
[2026-05-03T23:00:09.013+0000] {logging_mixin.py:190} INFO - [2026-05-03T23:00:09.013+0000] {dagbag.py:588} INFO - Filling up the DagBag from /home/ec2-user/environment/lab4_model_training/venv/lib64/python3.12/site-packages/airflow/example_dags/plugins/event_listener.py
[2026-05-03T23:00:09.015+0000] {processor.py:927} WARNING - No viable dags retrieved from /home/ec2-user/environment/lab4_model_training/venv/lib64/python3.12/site-packages/airflow/example_dags/plugins/event_listener.py
[2026-05-03T23:00:09.023+0000] {processor.py:208} INFO - Processing /home/ec2-user/environment/lab4_model_training/venv/lib64/python3.12/site-packages/airflow/example_dags/plugins/event_listener.py took 0.017 seconds
[2026-05-03T23:01:14.905+0000] {processor.py:186} INFO - Started process (PID=60033) to work on /home/ec2-user/environment/lab4_model_training/venv/lib64/python3.12/site-packages/airflow/example_dags/plugins/event_listener.py
[2026-05-03T23:01:14.906+0000] {processor.py:914} INFO - Processing file /home/ec2-user/environment/lab4_model_training/venv/lib64/python3.12/site-packages/airflow/example_dags/plugins/event_listener.py for tasks to queue
[2026-05-03T23:01:14.908+0000] {logging_mixin.py:190} INFO - [2026-05-03T23:01:14.907+0000] {dagbag.py:588} INFO - Filling up the DagBag from /home/ec2-user/environment/lab4_model_training/venv/lib64/python3.12/site-packages/airflow/example_dags/plugins/event_listener.py
[2026-05-03T23:01:14.910+0000] {processor.py:927} WARNING - No viable dags retrieved from /home/ec2-user/environment/lab4_model_training/venv/lib64/python3.12/site-packages/airflow/example_dags/plugins/event_listener.py
[2026-05-03T23:01:14.917+0000] {processor.py:208} INFO - Processing /home/ec2-user/environment/lab4_model_training/venv/lib64/python3.12/site-packages/airflow/example_dags/plugins/event_listener.py took 0.016 seconds
[2026-05-03T23:02:20.524+0000] {processor.py:186} INFO - Started process (PID=60362) to work on /home/ec2-user/environment/lab4_model_training/venv/lib64/python3.12/site-packages/airflow/example_dags/plugins/event_listener.py
[2026-05-03T23:02:20.525+0000] {processor.py:914} INFO - Processing file /home/ec2-user/environment/lab4_model_training/venv/lib64/python3.12/site-packages/airflow/example_dags/plugins/event_listener.py for tasks to queue
[2026-05-03T23:02:20.526+0000] {logging_mixin.py:190} INFO - [2026-05-03T23:02:20.526+0000] {dagbag.py:588} INFO - Filling up the DagBag from /home/ec2-user/environment/lab4_model_training/venv/lib64/python3.12/site-packages/airflow/example_dags/plugins/event_listener.py
[2026-05-03T23:02:20.528+0000] {processor.py:927} WARNING - No viable dags retrieved from /home/ec2-user/environment/lab4_model_training/venv/lib64/python3.12/site-packages/airflow/example_dags/plugins/event_listener.py
[2026-05-03T23:02:20.536+0000] {processor.py:208} INFO - Processing /home/ec2-user/environment/lab4_model_training/venv/lib64/python3.12/site-packages/airflow/example_dags/plugins/event_listener.py took 0.017 seconds
[2026-05-03T23:03:20.788+0000] {processor.py:186} INFO - Started process (PID=60619) to work on /home/ec2-user/environment/lab4_model_training/venv/lib64/python3.12/site-packages/airflow/example_dags/plugins/event_listener.py
[2026-05-03T23:03:20.790+0000] {processor.py:914} INFO - Processing file /home/ec2-user/environment/lab4_model_training/venv/lib64/python3.12/site-packages/airflow/example_dags/plugins/event_listener.py for tasks to queue
[2026-05-03T23:03:20.791+0000] {logging_mixin.py:190} INFO - [2026-05-03T23:03:20.791+0000] {dagbag.py:588} INFO - Filling up the DagBag from /home/ec2-user/environment/lab4_model_training/venv/lib64/python3.12/site-packages/airflow/example_dags/plugins/event_listener.py
[2026-05-03T23:03:20.793+0000] {processor.py:927} WARNING - No viable dags retrieved from /home/ec2-user/environment/lab4_model_training/venv/lib64/python3.12/site-packages/airflow/example_dags/plugins/event_listener.py
[2026-05-03T23:03:20.801+0000] {processor.py:208} INFO - Processing /home/ec2-user/environment/lab4_model_training/venv/lib64/python3.12/site-packages/airflow/example_dags/plugins/event_listener.py took 0.017 seconds
[2026-05-03T23:04:24.312+0000] {processor.py:186} INFO - Started process (PID=60937) to work on /home/ec2-user/environment/lab4_model_training/venv/lib64/python3.12/site-packages/airflow/example_dags/plugins/event_listener.py
[2026-05-03T23:04:24.313+0000] {processor.py:914} INFO - Processing file /home/ec2-user/environment/lab4_model_training/venv/lib64/python3.12/site-packages/airflow/example_dags/plugins/event_listener.py for tasks to queue
[2026-05-03T23:04:24.315+0000] {logging_mixin.py:190} INFO - [2026-05-03T23:04:24.314+0000] {dagbag.py:588} INFO - Filling up the DagBag from /home/ec2-user/environment/lab4_model_training/venv/lib64/python3.12/site-packages/airflow/example_dags/plugins/event_listener.py
[2026-05-03T23:04:24.316+0000] {processor.py:927} WARNING - No viable dags retrieved from /home/ec2-user/environment/lab4_model_training/venv/lib64/python3.12/site-packages/airflow/example_dags/plugins/event_listener.py
[2026-05-03T23:04:24.324+0000] {processor.py:208} INFO - Processing /home/ec2-user/environment/lab4_model_training/venv/lib64/python3.12/site-packages/airflow/example_dags/plugins/event_listener.py took 0.016 seconds
[2026-05-03T23:05:29.874+0000] {processor.py:186} INFO - Started process (PID=61195) to work on /home/ec2-user/environment/lab4_model_training/venv/lib64/python3.12/site-packages/airflow/example_dags/plugins/event_listener.py
[2026-05-03T23:05:29.875+0000] {processor.py:914} INFO - Processing file /home/ec2-user/environment/lab4_model_training/venv/lib64/python3.12/site-packages/airflow/example_dags/plugins/event_listener.py for tasks to queue
[2026-05-03T23:05:29.877+0000] {logging_mixin.py:190} INFO - [2026-05-03T23:05:29.876+0000] {dagbag.py:588} INFO - Filling up the DagBag from /home/ec2-user/environment/lab4_model_training/venv/lib64/python3.12/site-packages/airflow/example_dags/plugins/event_listener.py
[2026-05-03T23:05:29.878+0000] {processor.py:927} WARNING - No viable dags retrieved from /home/ec2-user/environment/lab4_model_training/venv/lib64/python3.12/site-packages/airflow/example_dags/plugins/event_listener.py
[2026-05-03T23:05:29.886+0000] {processor.py:208} INFO - Processing /home/ec2-user/environment/lab4_model_training/venv/lib64/python3.12/site-packages/airflow/example_dags/plugins/event_listener.py took 0.016 seconds
[2026-05-03T23:06:31.125+0000] {processor.py:186} INFO - Started process (PID=61471) to work on /home/ec2-user/environment/lab4_model_training/venv/lib64/python3.12/site-packages/airflow/example_dags/plugins/event_listener.py
[2026-05-03T23:06:31.126+0000] {processor.py:914} INFO - Processing file /home/ec2-user/environment/lab4_model_training/venv/lib64/python3.12/site-packages/airflow/example_dags/plugins/event_listener.py for tasks to queue
[2026-05-03T23:06:31.128+0000] {logging_mixin.py:190} INFO - [2026-05-03T23:06:31.128+0000] {dagbag.py:588} INFO - Filling up the DagBag from /home/ec2-user/environment/lab4_model_training/venv/lib64/python3.12/site-packages/airflow/example_dags/plugins/event_listener.py
[2026-05-03T23:06:31.130+0000] {processor.py:927} WARNING - No viable dags retrieved from /home/ec2-user/environment/lab4_model_training/venv/lib64/python3.12/site-packages/airflow/example_dags/plugins/event_listener.py
[2026-05-03T23:06:31.137+0000] {processor.py:208} INFO - Processing /home/ec2-user/environment/lab4_model_training/venv/lib64/python3.12/site-packages/airflow/example_dags/plugins/event_listener.py took 0.016 seconds
[2026-05-03T23:07:35.057+0000] {processor.py:186} INFO - Started process (PID=61711) to work on /home/ec2-user/environment/lab4_model_training/venv/lib64/python3.12/site-packages/airflow/example_dags/plugins/event_listener.py
[2026-05-03T23:07:35.059+0000] {processor.py:914} INFO - Processing file /home/ec2-user/environment/lab4_model_training/venv/lib64/python3.12/site-packages/airflow/example_dags/plugins/event_listener.py for tasks to queue
[2026-05-03T23:07:35.060+0000] {logging_mixin.py:190} INFO - [2026-05-03T23:07:35.060+0000] {dagbag.py:588} INFO - Filling up the DagBag from /home/ec2-user/environment/lab4_model_training/venv/lib64/python3.12/site-packages/airflow/example_dags/plugins/event_listener.py
[2026-05-03T23:07:35.062+0000] {processor.py:927} WARNING - No viable dags retrieved from /home/ec2-user/environment/lab4_model_training/venv/lib64/python3.12/site-packages/airflow/example_dags/plugins/event_listener.py
[2026-05-03T23:07:35.070+0000] {processor.py:208} INFO - Processing /home/ec2-user/environment/lab4_model_training/venv/lib64/python3.12/site-packages/airflow/example_dags/plugins/event_listener.py took 0.017 seconds
[2026-05-03T23:08:39.950+0000] {processor.py:186} INFO - Started process (PID=61999) to work on /home/ec2-user/environment/lab4_model_training/venv/lib64/python3.12/site-packages/airflow/example_dags/plugins/event_listener.py
[2026-05-03T23:08:39.951+0000] {processor.py:914} INFO - Processing file /home/ec2-user/environment/lab4_model_training/venv/lib64/python3.12/site-packages/airflow/example_dags/plugins/event_listener.py for tasks to queue
[2026-05-03T23:08:39.953+0000] {logging_mixin.py:190} INFO - [2026-05-03T23:08:39.953+0000] {dagbag.py:588} INFO - Filling up the DagBag from /home/ec2-user/environment/lab4_model_training/venv/lib64/python3.12/site-packages/airflow/example_dags/plugins/event_listener.py
[2026-05-03T23:08:39.955+0000] {processor.py:927} WARNING - No viable dags retrieved from /home/ec2-user/environment/lab4_model_training/venv/lib64/python3.12/site-packages/airflow/example_dags/plugins/event_listener.py
[2026-05-03T23:08:39.962+0000] {processor.py:208} INFO - Processing /home/ec2-user/environment/lab4_model_training/venv/lib64/python3.12/site-packages/airflow/example_dags/plugins/event_listener.py took 0.017 seconds
[2026-05-03T23:09:44.625+0000] {processor.py:186} INFO - Started process (PID=62260) to work on /home/ec2-user/environment/lab4_model_training/venv/lib64/python3.12/site-packages/airflow/example_dags/plugins/event_listener.py
[2026-05-03T23:09:44.626+0000] {processor.py:914} INFO - Processing file /home/ec2-user/environment/lab4_model_training/venv/lib64/python3.12/site-packages/airflow/example_dags/plugins/event_listener.py for tasks to queue
[2026-05-03T23:09:44.628+0000] {logging_mixin.py:190} INFO - [2026-05-03T23:09:44.627+0000] {dagbag.py:588} INFO - Filling up the DagBag from /home/ec2-user/environment/lab4_model_training/venv/lib64/python3.12/site-packages/airflow/example_dags/plugins/event_listener.py
[2026-05-03T23:09:44.629+0000] {processor.py:927} WARNING - No viable dags retrieved from /home/ec2-user/environment/lab4_model_training/venv/lib64/python3.12/site-packages/airflow/example_dags/plugins/event_listener.py
[2026-05-03T23:09:44.637+0000] {processor.py:208} INFO - Processing /home/ec2-user/environment/lab4_model_training/venv/lib64/python3.12/site-packages/airflow/example_dags/plugins/event_listener.py took 0.017 seconds
[2026-05-03T23:10:50.328+0000] {processor.py:186} INFO - Started process (PID=62475) to work on /home/ec2-user/environment/lab4_model_training/venv/lib64/python3.12/site-packages/airflow/example_dags/plugins/event_listener.py
[2026-05-03T23:10:50.329+0000] {processor.py:914} INFO - Processing file /home/ec2-user/environment/lab4_model_training/venv/lib64/python3.12/site-packages/airflow/example_dags/plugins/event_listener.py for tasks to queue
[2026-05-03T23:10:50.330+0000] {logging_mixin.py:190} INFO - [2026-05-03T23:10:50.330+0000] {dagbag.py:588} INFO - Filling up the DagBag from /home/ec2-user/environment/lab4_model_training/venv/lib64/python3.12/site-packages/airflow/example_dags/plugins/event_listener.py
[2026-05-03T23:10:50.332+0000] {processor.py:927} WARNING - No viable dags retrieved from /home/ec2-user/environment/lab4_model_training/venv/lib64/python3.12/site-packages/airflow/example_dags/plugins/event_listener.py
[2026-05-03T23:10:50.340+0000] {processor.py:208} INFO - Processing /home/ec2-user/environment/lab4_model_training/venv/lib64/python3.12/site-packages/airflow/example_dags/plugins/event_listener.py took 0.016 seconds
[2026-05-03T23:11:54.422+0000] {processor.py:186} INFO - Started process (PID=62652) to work on /home/ec2-user/environment/lab4_model_training/venv/lib64/python3.12/site-packages/airflow/example_dags/plugins/event_listener.py
[2026-05-03T23:11:54.423+0000] {processor.py:914} INFO - Processing file /home/ec2-user/environment/lab4_model_training/venv/lib64/python3.12/site-packages/airflow/example_dags/plugins/event_listener.py for tasks to queue
[2026-05-03T23:11:54.425+0000] {logging_mixin.py:190} INFO - [2026-05-03T23:11:54.424+0000] {dagbag.py:588} INFO - Filling up the DagBag from /home/ec2-user/environment/lab4_model_training/venv/lib64/python3.12/site-packages/airflow/example_dags/plugins/event_listener.py
[2026-05-03T23:11:54.427+0000] {processor.py:927} WARNING - No viable dags retrieved from /home/ec2-user/environment/lab4_model_training/venv/lib64/python3.12/site-packages/airflow/example_dags/plugins/event_listener.py
[2026-05-03T23:11:54.435+0000] {processor.py:208} INFO - Processing /home/ec2-user/environment/lab4_model_training/venv/lib64/python3.12/site-packages/airflow/example_dags/plugins/event_listener.py took 0.018 seconds
[2026-05-03T23:13:02.204+0000] {processor.py:186} INFO - Started process (PID=62839) to work on /home/ec2-user/environment/lab4_model_training/venv/lib64/python3.12/site-packages/airflow/example_dags/plugins/event_listener.py
[2026-05-03T23:13:02.205+0000] {processor.py:914} INFO - Processing file /home/ec2-user/environment/lab4_model_training/venv/lib64/python3.12/site-packages/airflow/example_dags/plugins/event_listener.py for tasks to queue
[2026-05-03T23:13:02.206+0000] {logging_mixin.py:190} INFO - [2026-05-03T23:13:02.206+0000] {dagbag.py:588} INFO - Filling up the DagBag from /home/ec2-user/environment/lab4_model_training/venv/lib64/python3.12/site-packages/airflow/example_dags/plugins/event_listener.py
[2026-05-03T23:13:02.208+0000] {processor.py:927} WARNING - No viable dags retrieved from /home/ec2-user/environment/lab4_model_training/venv/lib64/python3.12/site-packages/airflow/example_dags/plugins/event_listener.py
[2026-05-03T23:13:02.216+0000] {processor.py:208} INFO - Processing /home/ec2-user/environment/lab4_model_training/venv/lib64/python3.12/site-packages/airflow/example_dags/plugins/event_listener.py took 0.017 seconds
[2026-05-03T23:14:08.662+0000] {processor.py:186} INFO - Started process (PID=63048) to work on /home/ec2-user/environment/lab4_model_training/venv/lib64/python3.12/site-packages/airflow/example_dags/plugins/event_listener.py
[2026-05-03T23:14:08.664+0000] {processor.py:914} INFO - Processing file /home/ec2-user/environment/lab4_model_training/venv/lib64/python3.12/site-packages/airflow/example_dags/plugins/event_listener.py for tasks to queue
[2026-05-03T23:14:08.665+0000] {logging_mixin.py:190} INFO - [2026-05-03T23:14:08.665+0000] {dagbag.py:588} INFO - Filling up the DagBag from /home/ec2-user/environment/lab4_model_training/venv/lib64/python3.12/site-packages/airflow/example_dags/plugins/event_listener.py
[2026-05-03T23:14:08.667+0000] {processor.py:927} WARNING - No viable dags retrieved from /home/ec2-user/environment/lab4_model_training/venv/lib64/python3.12/site-packages/airflow/example_dags/plugins/event_listener.py
[2026-05-03T23:14:08.675+0000] {processor.py:208} INFO - Processing /home/ec2-user/environment/lab4_model_training/venv/lib64/python3.12/site-packages/airflow/example_dags/plugins/event_listener.py took 0.017 seconds
[2026-05-03T23:15:11.365+0000] {processor.py:186} INFO - Started process (PID=63255) to work on /home/ec2-user/environment/lab4_model_training/venv/lib64/python3.12/site-packages/airflow/example_dags/plugins/event_listener.py
[2026-05-03T23:15:11.366+0000] {processor.py:914} INFO - Processing file /home/ec2-user/environment/lab4_model_training/venv/lib64/python3.12/site-packages/airflow/example_dags/plugins/event_listener.py for tasks to queue
[2026-05-03T23:15:11.368+0000] {logging_mixin.py:190} INFO - [2026-05-03T23:15:11.368+0000] {dagbag.py:588} INFO - Filling up the DagBag from /home/ec2-user/environment/lab4_model_training/venv/lib64/python3.12/site-packages/airflow/example_dags/plugins/event_listener.py
[2026-05-03T23:15:11.370+0000] {processor.py:927} WARNING - No viable dags retrieved from /home/ec2-user/environment/lab4_model_training/venv/lib64/python3.12/site-packages/airflow/example_dags/plugins/event_listener.py
[2026-05-03T23:15:11.378+0000] {processor.py:208} INFO - Processing /home/ec2-user/environment/lab4_model_training/venv/lib64/python3.12/site-packages/airflow/example_dags/plugins/event_listener.py took 0.018 seconds
[2026-05-03T23:16:17.052+0000] {processor.py:186} INFO - Started process (PID=63454) to work on /home/ec2-user/environment/lab4_model_training/venv/lib64/python3.12/site-packages/airflow/example_dags/plugins/event_listener.py
[2026-05-03T23:16:17.053+0000] {processor.py:914} INFO - Processing file /home/ec2-user/environment/lab4_model_training/venv/lib64/python3.12/site-packages/airflow/example_dags/plugins/event_listener.py for tasks to queue
[2026-05-03T23:16:17.055+0000] {logging_mixin.py:190} INFO - [2026-05-03T23:16:17.055+0000] {dagbag.py:588} INFO - Filling up the DagBag from /home/ec2-user/environment/lab4_model_training/venv/lib64/python3.12/site-packages/airflow/example_dags/plugins/event_listener.py
[2026-05-03T23:16:17.057+0000] {processor.py:927} WARNING - No viable dags retrieved from /home/ec2-user/environment/lab4_model_training/venv/lib64/python3.12/site-packages/airflow/example_dags/plugins/event_listener.py
[2026-05-03T23:16:17.065+0000] {processor.py:208} INFO - Processing /home/ec2-user/environment/lab4_model_training/venv/lib64/python3.12/site-packages/airflow/example_dags/plugins/event_listener.py took 0.017 seconds
[2026-05-03T23:17:47.605+0000] {processor.py:186} INFO - Started process (PID=63721) to work on /home/ec2-user/environment/lab4_model_training/venv/lib64/python3.12/site-packages/airflow/example_dags/plugins/event_listener.py
[2026-05-03T23:17:47.606+0000] {processor.py:914} INFO - Processing file /home/ec2-user/environment/lab4_model_training/venv/lib64/python3.12/site-packages/airflow/example_dags/plugins/event_listener.py for tasks to queue
[2026-05-03T23:17:47.608+0000] {logging_mixin.py:190} INFO - [2026-05-03T23:17:47.607+0000] {dagbag.py:588} INFO - Filling up the DagBag from /home/ec2-user/environment/lab4_model_training/venv/lib64/python3.12/site-packages/airflow/example_dags/plugins/event_listener.py
[2026-05-03T23:17:47.609+0000] {processor.py:927} WARNING - No viable dags retrieved from /home/ec2-user/environment/lab4_model_training/venv/lib64/python3.12/site-packages/airflow/example_dags/plugins/event_listener.py
[2026-05-03T23:17:47.617+0000] {processor.py:208} INFO - Processing /home/ec2-user/environment/lab4_model_training/venv/lib64/python3.12/site-packages/airflow/example_dags/plugins/event_listener.py took 0.016 seconds
[2026-05-03T23:18:53.730+0000] {processor.py:186} INFO - Started process (PID=63893) to work on /home/ec2-user/environment/lab4_model_training/venv/lib64/python3.12/site-packages/airflow/example_dags/plugins/event_listener.py
[2026-05-03T23:18:53.732+0000] {processor.py:914} INFO - Processing file /home/ec2-user/environment/lab4_model_training/venv/lib64/python3.12/site-packages/airflow/example_dags/plugins/event_listener.py for tasks to queue
[2026-05-03T23:18:53.733+0000] {logging_mixin.py:190} INFO - [2026-05-03T23:18:53.733+0000] {dagbag.py:588} INFO - Filling up the DagBag from /home/ec2-user/environment/lab4_model_training/venv/lib64/python3.12/site-packages/airflow/example_dags/plugins/event_listener.py
[2026-05-03T23:18:53.735+0000] {processor.py:927} WARNING - No viable dags retrieved from /home/ec2-user/environment/lab4_model_training/venv/lib64/python3.12/site-packages/airflow/example_dags/plugins/event_listener.py
[2026-05-03T23:18:53.742+0000] {processor.py:208} INFO - Processing /home/ec2-user/environment/lab4_model_training/venv/lib64/python3.12/site-packages/airflow/example_dags/plugins/event_listener.py took 0.016 seconds
[2026-05-03T23:19:56.622+0000] {processor.py:186} INFO - Started process (PID=64015) to work on /home/ec2-user/environment/lab4_model_training/venv/lib64/python3.12/site-packages/airflow/example_dags/plugins/event_listener.py
[2026-05-03T23:19:56.623+0000] {processor.py:914} INFO - Processing file /home/ec2-user/environment/lab4_model_training/venv/lib64/python3.12/site-packages/airflow/example_dags/plugins/event_listener.py for tasks to queue
[2026-05-03T23:19:56.624+0000] {logging_mixin.py:190} INFO - [2026-05-03T23:19:56.624+0000] {dagbag.py:588} INFO - Filling up the DagBag from /home/ec2-user/environment/lab4_model_training/venv/lib64/python3.12/site-packages/airflow/example_dags/plugins/event_listener.py
[2026-05-03T23:19:56.626+0000] {processor.py:927} WARNING - No viable dags retrieved from /home/ec2-user/environment/lab4_model_training/venv/lib64/python3.12/site-packages/airflow/example_dags/plugins/event_listener.py
[2026-05-03T23:19:56.633+0000] {processor.py:208} INFO - Processing /home/ec2-user/environment/lab4_model_training/venv/lib64/python3.12/site-packages/airflow/example_dags/plugins/event_listener.py took 0.016 seconds
[2026-05-03T23:21:04.995+0000] {processor.py:186} INFO - Started process (PID=64221) to work on /home/ec2-user/environment/lab4_model_training/venv/lib64/python3.12/site-packages/airflow/example_dags/plugins/event_listener.py
[2026-05-03T23:21:04.996+0000] {processor.py:914} INFO - Processing file /home/ec2-user/environment/lab4_model_training/venv/lib64/python3.12/site-packages/airflow/example_dags/plugins/event_listener.py for tasks to queue
[2026-05-03T23:21:04.997+0000] {logging_mixin.py:190} INFO - [2026-05-03T23:21:04.997+0000] {dagbag.py:588} INFO - Filling up the DagBag from /home/ec2-user/environment/lab4_model_training/venv/lib64/python3.12/site-packages/airflow/example_dags/plugins/event_listener.py
[2026-05-03T23:21:04.999+0000] {processor.py:927} WARNING - No viable dags retrieved from /home/ec2-user/environment/lab4_model_training/venv/lib64/python3.12/site-packages/airflow/example_dags/plugins/event_listener.py
[2026-05-03T23:21:05.007+0000] {processor.py:208} INFO - Processing /home/ec2-user/environment/lab4_model_training/venv/lib64/python3.12/site-packages/airflow/example_dags/plugins/event_listener.py took 0.017 seconds
[2026-05-03T23:22:41.595+0000] {processor.py:186} INFO - Started process (PID=64494) to work on /home/ec2-user/environment/lab4_model_training/venv/lib64/python3.12/site-packages/airflow/example_dags/plugins/event_listener.py
[2026-05-03T23:22:41.596+0000] {processor.py:914} INFO - Processing file /home/ec2-user/environment/lab4_model_training/venv/lib64/python3.12/site-packages/airflow/example_dags/plugins/event_listener.py for tasks to queue
[2026-05-03T23:22:41.598+0000] {logging_mixin.py:190} INFO - [2026-05-03T23:22:41.598+0000] {dagbag.py:588} INFO - Filling up the DagBag from /home/ec2-user/environment/lab4_model_training/venv/lib64/python3.12/site-packages/airflow/example_dags/plugins/event_listener.py
[2026-05-03T23:22:41.600+0000] {processor.py:927} WARNING - No viable dags retrieved from /home/ec2-user/environment/lab4_model_training/venv/lib64/python3.12/site-packages/airflow/example_dags/plugins/event_listener.py
[2026-05-03T23:22:41.608+0000] {processor.py:208} INFO - Processing /home/ec2-user/environment/lab4_model_training/venv/lib64/python3.12/site-packages/airflow/example_dags/plugins/event_listener.py took 0.017 seconds
[2026-05-03T23:23:48.543+0000] {processor.py:186} INFO - Started process (PID=64677) to work on /home/ec2-user/environment/lab4_model_training/venv/lib64/python3.12/site-packages/airflow/example_dags/plugins/event_listener.py
[2026-05-03T23:23:48.544+0000] {processor.py:914} INFO - Processing file /home/ec2-user/environment/lab4_model_training/venv/lib64/python3.12/site-packages/airflow/example_dags/plugins/event_listener.py for tasks to queue
[2026-05-03T23:23:48.545+0000] {logging_mixin.py:190} INFO - [2026-05-03T23:23:48.545+0000] {dagbag.py:588} INFO - Filling up the DagBag from /home/ec2-user/environment/lab4_model_training/venv/lib64/python3.12/site-packages/airflow/example_dags/plugins/event_listener.py
[2026-05-03T23:23:48.548+0000] {processor.py:927} WARNING - No viable dags retrieved from /home/ec2-user/environment/lab4_model_training/venv/lib64/python3.12/site-packages/airflow/example_dags/plugins/event_listener.py
[2026-05-03T23:23:48.556+0000] {processor.py:208} INFO - Processing /home/ec2-user/environment/lab4_model_training/venv/lib64/python3.12/site-packages/airflow/example_dags/plugins/event_listener.py took 0.018 seconds
[2026-05-03T23:24:52.940+0000] {processor.py:186} INFO - Started process (PID=64867) to work on /home/ec2-user/environment/lab4_model_training/venv/lib64/python3.12/site-packages/airflow/example_dags/plugins/event_listener.py
[2026-05-03T23:24:52.942+0000] {processor.py:914} INFO - Processing file /home/ec2-user/environment/lab4_model_training/venv/lib64/python3.12/site-packages/airflow/example_dags/plugins/event_listener.py for tasks to queue
[2026-05-03T23:24:52.943+0000] {logging_mixin.py:190} INFO - [2026-05-03T23:24:52.943+0000] {dagbag.py:588} INFO - Filling up the DagBag from /home/ec2-user/environment/lab4_model_training/venv/lib64/python3.12/site-packages/airflow/example_dags/plugins/event_listener.py
[2026-05-03T23:24:52.945+0000] {processor.py:927} WARNING - No viable dags retrieved from /home/ec2-user/environment/lab4_model_training/venv/lib64/python3.12/site-packages/airflow/example_dags/plugins/event_listener.py
[2026-05-03T23:24:52.953+0000] {processor.py:208} INFO - Processing /home/ec2-user/environment/lab4_model_training/venv/lib64/python3.12/site-packages/airflow/example_dags/plugins/event_listener.py took 0.017 seconds
[2026-05-03T23:25:59.072+0000] {processor.py:186} INFO - Started process (PID=65055) to work on /home/ec2-user/environment/lab4_model_training/venv/lib64/python3.12/site-packages/airflow/example_dags/plugins/event_listener.py
[2026-05-03T23:25:59.073+0000] {processor.py:914} INFO - Processing file /home/ec2-user/environment/lab4_model_training/venv/lib64/python3.12/site-packages/airflow/example_dags/plugins/event_listener.py for tasks to queue
[2026-05-03T23:25:59.074+0000] {logging_mixin.py:190} INFO - [2026-05-03T23:25:59.074+0000] {dagbag.py:588} INFO - Filling up the DagBag from /home/ec2-user/environment/lab4_model_training/venv/lib64/python3.12/site-packages/airflow/example_dags/plugins/event_listener.py
[2026-05-03T23:25:59.076+0000] {processor.py:927} WARNING - No viable dags retrieved from /home/ec2-user/environment/lab4_model_training/venv/lib64/python3.12/site-packages/airflow/example_dags/plugins/event_listener.py
[2026-05-03T23:25:59.086+0000] {processor.py:208} INFO - Processing /home/ec2-user/environment/lab4_model_training/venv/lib64/python3.12/site-packages/airflow/example_dags/plugins/event_listener.py took 0.019 seconds
