[2026-05-03T22:50:21.460+0000] {processor.py:186} INFO - Started process (PID=57745) to work on /home/ec2-user/environment/lab4_model_training/venv/lib64/python3.12/site-packages/airflow/example_dags/subdags/subdag.py
[2026-05-03T22:50:21.460+0000] {processor.py:914} INFO - Processing file /home/ec2-user/environment/lab4_model_training/venv/lib64/python3.12/site-packages/airflow/example_dags/subdags/subdag.py for tasks to queue
[2026-05-03T22:50:21.462+0000] {logging_mixin.py:190} INFO - [2026-05-03T22:50:21.462+0000] {dagbag.py:588} INFO - Filling up the DagBag from /home/ec2-user/environment/lab4_model_training/venv/lib64/python3.12/site-packages/airflow/example_dags/subdags/subdag.py
[2026-05-03T22:50:21.464+0000] {processor.py:927} WARNING - No viable dags retrieved from /home/ec2-user/environment/lab4_model_training/venv/lib64/python3.12/site-packages/airflow/example_dags/subdags/subdag.py
[2026-05-03T22:50:21.471+0000] {processor.py:208} INFO - Processing /home/ec2-user/environment/lab4_model_training/venv/lib64/python3.12/site-packages/airflow/example_dags/subdags/subdag.py took 0.016 seconds
[2026-05-03T22:51:29.303+0000] {processor.py:186} INFO - Started process (PID=57916) to work on /home/ec2-user/environment/lab4_model_training/venv/lib64/python3.12/site-packages/airflow/example_dags/subdags/subdag.py
[2026-05-03T22:51:29.304+0000] {processor.py:914} INFO - Processing file /home/ec2-user/environment/lab4_model_training/venv/lib64/python3.12/site-packages/airflow/example_dags/subdags/subdag.py for tasks to queue
[2026-05-03T22:51:29.306+0000] {logging_mixin.py:190} INFO - [2026-05-03T22:51:29.306+0000] {dagbag.py:588} INFO - Filling up the DagBag from /home/ec2-user/environment/lab4_model_training/venv/lib64/python3.12/site-packages/airflow/example_dags/subdags/subdag.py
[2026-05-03T22:51:29.308+0000] {processor.py:927} WARNING - No viable dags retrieved from /home/ec2-user/environment/lab4_model_training/venv/lib64/python3.12/site-packages/airflow/example_dags/subdags/subdag.py
[2026-05-03T22:51:29.315+0000] {processor.py:208} INFO - Processing /home/ec2-user/environment/lab4_model_training/venv/lib64/python3.12/site-packages/airflow/example_dags/subdags/subdag.py took 0.017 seconds
[2026-05-03T22:52:32.267+0000] {processor.py:186} INFO - Started process (PID=58087) to work on /home/ec2-user/environment/lab4_model_training/venv/lib64/python3.12/site-packages/airflow/example_dags/subdags/subdag.py
[2026-05-03T22:52:32.269+0000] {processor.py:914} INFO - Processing file /home/ec2-user/environment/lab4_model_training/venv/lib64/python3.12/site-packages/airflow/example_dags/subdags/subdag.py for tasks to queue
[2026-05-03T22:52:32.270+0000] {logging_mixin.py:190} INFO - [2026-05-03T22:52:32.270+0000] {dagbag.py:588} INFO - Filling up the DagBag from /home/ec2-user/environment/lab4_model_training/venv/lib64/python3.12/site-packages/airflow/example_dags/subdags/subdag.py
[2026-05-03T22:52:32.273+0000] {processor.py:927} WARNING - No viable dags retrieved from /home/ec2-user/environment/lab4_model_training/venv/lib64/python3.12/site-packages/airflow/example_dags/subdags/subdag.py
[2026-05-03T22:52:32.281+0000] {processor.py:208} INFO - Processing /home/ec2-user/environment/lab4_model_training/venv/lib64/python3.12/site-packages/airflow/example_dags/subdags/subdag.py took 0.018 seconds
[2026-05-03T22:53:37.539+0000] {processor.py:186} INFO - Started process (PID=58303) to work on /home/ec2-user/environment/lab4_model_training/venv/lib64/python3.12/site-packages/airflow/example_dags/subdags/subdag.py
[2026-05-03T22:53:37.541+0000] {processor.py:914} INFO - Processing file /home/ec2-user/environment/lab4_model_training/venv/lib64/python3.12/site-packages/airflow/example_dags/subdags/subdag.py for tasks to queue
[2026-05-03T22:53:37.542+0000] {logging_mixin.py:190} INFO - [2026-05-03T22:53:37.542+0000] {dagbag.py:588} INFO - Filling up the DagBag from /home/ec2-user/environment/lab4_model_training/venv/lib64/python3.12/site-packages/airflow/example_dags/subdags/subdag.py
[2026-05-03T22:53:37.544+0000] {processor.py:927} WARNING - No viable dags retrieved from /home/ec2-user/environment/lab4_model_training/venv/lib64/python3.12/site-packages/airflow/example_dags/subdags/subdag.py
[2026-05-03T22:53:37.552+0000] {processor.py:208} INFO - Processing /home/ec2-user/environment/lab4_model_training/venv/lib64/python3.12/site-packages/airflow/example_dags/subdags/subdag.py took 0.017 seconds
[2026-05-03T22:54:41.421+0000] {processor.py:186} INFO - Started process (PID=58579) to work on /home/ec2-user/environment/lab4_model_training/venv/lib64/python3.12/site-packages/airflow/example_dags/subdags/subdag.py
[2026-05-03T22:54:41.422+0000] {processor.py:914} INFO - Processing file /home/ec2-user/environment/lab4_model_training/venv/lib64/python3.12/site-packages/airflow/example_dags/subdags/subdag.py for tasks to queue
[2026-05-03T22:54:41.423+0000] {logging_mixin.py:190} INFO - [2026-05-03T22:54:41.423+0000] {dagbag.py:588} INFO - Filling up the DagBag from /home/ec2-user/environment/lab4_model_training/venv/lib64/python3.12/site-packages/airflow/example_dags/subdags/subdag.py
[2026-05-03T22:54:41.425+0000] {processor.py:927} WARNING - No viable dags retrieved from /home/ec2-user/environment/lab4_model_training/venv/lib64/python3.12/site-packages/airflow/example_dags/subdags/subdag.py
[2026-05-03T22:54:41.434+0000] {processor.py:208} INFO - Processing /home/ec2-user/environment/lab4_model_training/venv/lib64/python3.12/site-packages/airflow/example_dags/subdags/subdag.py took 0.017 seconds
[2026-05-03T22:55:46.995+0000] {processor.py:186} INFO - Started process (PID=58744) to work on /home/ec2-user/environment/lab4_model_training/venv/lib64/python3.12/site-packages/airflow/example_dags/subdags/subdag.py
[2026-05-03T22:55:46.996+0000] {processor.py:914} INFO - Processing file /home/ec2-user/environment/lab4_model_training/venv/lib64/python3.12/site-packages/airflow/example_dags/subdags/subdag.py for tasks to queue
[2026-05-03T22:55:46.997+0000] {logging_mixin.py:190} INFO - [2026-05-03T22:55:46.997+0000] {dagbag.py:588} INFO - Filling up the DagBag from /home/ec2-user/environment/lab4_model_training/venv/lib64/python3.12/site-packages/airflow/example_dags/subdags/subdag.py
[2026-05-03T22:55:46.999+0000] {processor.py:927} WARNING - No viable dags retrieved from /home/ec2-user/environment/lab4_model_training/venv/lib64/python3.12/site-packages/airflow/example_dags/subdags/subdag.py
[2026-05-03T22:55:47.008+0000] {processor.py:208} INFO - Processing /home/ec2-user/environment/lab4_model_training/venv/lib64/python3.12/site-packages/airflow/example_dags/subdags/subdag.py took 0.017 seconds
[2026-05-03T22:56:52.756+0000] {processor.py:186} INFO - Started process (PID=58862) to work on /home/ec2-user/environment/lab4_model_training/venv/lib64/python3.12/site-packages/airflow/example_dags/subdags/subdag.py
[2026-05-03T22:56:52.757+0000] {processor.py:914} INFO - Processing file /home/ec2-user/environment/lab4_model_training/venv/lib64/python3.12/site-packages/airflow/example_dags/subdags/subdag.py for tasks to queue
[2026-05-03T22:56:52.758+0000] {logging_mixin.py:190} INFO - [2026-05-03T22:56:52.758+0000] {dagbag.py:588} INFO - Filling up the DagBag from /home/ec2-user/environment/lab4_model_training/venv/lib64/python3.12/site-packages/airflow/example_dags/subdags/subdag.py
[2026-05-03T22:56:52.760+0000] {processor.py:927} WARNING - No viable dags retrieved from /home/ec2-user/environment/lab4_model_training/venv/lib64/python3.12/site-packages/airflow/example_dags/subdags/subdag.py
[2026-05-03T22:56:52.769+0000] {processor.py:208} INFO - Processing /home/ec2-user/environment/lab4_model_training/venv/lib64/python3.12/site-packages/airflow/example_dags/subdags/subdag.py took 0.018 seconds
[2026-05-03T22:57:58.424+0000] {processor.py:186} INFO - Started process (PID=59142) to work on /home/ec2-user/environment/lab4_model_training/venv/lib64/python3.12/site-packages/airflow/example_dags/subdags/subdag.py
[2026-05-03T22:57:58.425+0000] {processor.py:914} INFO - Processing file /home/ec2-user/environment/lab4_model_training/venv/lib64/python3.12/site-packages/airflow/example_dags/subdags/subdag.py for tasks to queue
[2026-05-03T22:57:58.427+0000] {logging_mixin.py:190} INFO - [2026-05-03T22:57:58.426+0000] {dagbag.py:588} INFO - Filling up the DagBag from /home/ec2-user/environment/lab4_model_training/venv/lib64/python3.12/site-packages/airflow/example_dags/subdags/subdag.py
[2026-05-03T22:57:58.428+0000] {processor.py:927} WARNING - No viable dags retrieved from /home/ec2-user/environment/lab4_model_training/venv/lib64/python3.12/site-packages/airflow/example_dags/subdags/subdag.py
[2026-05-03T22:57:58.437+0000] {processor.py:208} INFO - Processing /home/ec2-user/environment/lab4_model_training/venv/lib64/python3.12/site-packages/airflow/example_dags/subdags/subdag.py took 0.017 seconds
[2026-05-03T22:59:04.207+0000] {processor.py:186} INFO - Started process (PID=59450) to work on /home/ec2-user/environment/lab4_model_training/venv/lib64/python3.12/site-packages/airflow/example_dags/subdags/subdag.py
[2026-05-03T22:59:04.208+0000] {processor.py:914} INFO - Processing file /home/ec2-user/environment/lab4_model_training/venv/lib64/python3.12/site-packages/airflow/example_dags/subdags/subdag.py for tasks to queue
[2026-05-03T22:59:04.209+0000] {logging_mixin.py:190} INFO - [2026-05-03T22:59:04.209+0000] {dagbag.py:588} INFO - Filling up the DagBag from /home/ec2-user/environment/lab4_model_training/venv/lib64/python3.12/site-packages/airflow/example_dags/subdags/subdag.py
[2026-05-03T22:59:04.211+0000] {processor.py:927} WARNING - No viable dags retrieved from /home/ec2-user/environment/lab4_model_training/venv/lib64/python3.12/site-packages/airflow/example_dags/subdags/subdag.py
[2026-05-03T22:59:04.219+0000] {processor.py:208} INFO - Processing /home/ec2-user/environment/lab4_model_training/venv/lib64/python3.12/site-packages/airflow/example_dags/subdags/subdag.py took 0.016 seconds
[2026-05-03T23:00:11.877+0000] {processor.py:186} INFO - Started process (PID=59766) to work on /home/ec2-user/environment/lab4_model_training/venv/lib64/python3.12/site-packages/airflow/example_dags/subdags/subdag.py
[2026-05-03T23:00:11.878+0000] {processor.py:914} INFO - Processing file /home/ec2-user/environment/lab4_model_training/venv/lib64/python3.12/site-packages/airflow/example_dags/subdags/subdag.py for tasks to queue
[2026-05-03T23:00:11.879+0000] {logging_mixin.py:190} INFO - [2026-05-03T23:00:11.879+0000] {dagbag.py:588} INFO - Filling up the DagBag from /home/ec2-user/environment/lab4_model_training/venv/lib64/python3.12/site-packages/airflow/example_dags/subdags/subdag.py
[2026-05-03T23:00:11.881+0000] {processor.py:927} WARNING - No viable dags retrieved from /home/ec2-user/environment/lab4_model_training/venv/lib64/python3.12/site-packages/airflow/example_dags/subdags/subdag.py
[2026-05-03T23:00:11.889+0000] {processor.py:208} INFO - Processing /home/ec2-user/environment/lab4_model_training/venv/lib64/python3.12/site-packages/airflow/example_dags/subdags/subdag.py took 0.017 seconds
[2026-05-03T23:01:18.307+0000] {processor.py:186} INFO - Started process (PID=60048) to work on /home/ec2-user/environment/lab4_model_training/venv/lib64/python3.12/site-packages/airflow/example_dags/subdags/subdag.py
[2026-05-03T23:01:18.308+0000] {processor.py:914} INFO - Processing file /home/ec2-user/environment/lab4_model_training/venv/lib64/python3.12/site-packages/airflow/example_dags/subdags/subdag.py for tasks to queue
[2026-05-03T23:01:18.310+0000] {logging_mixin.py:190} INFO - [2026-05-03T23:01:18.309+0000] {dagbag.py:588} INFO - Filling up the DagBag from /home/ec2-user/environment/lab4_model_training/venv/lib64/python3.12/site-packages/airflow/example_dags/subdags/subdag.py
[2026-05-03T23:01:18.311+0000] {processor.py:927} WARNING - No viable dags retrieved from /home/ec2-user/environment/lab4_model_training/venv/lib64/python3.12/site-packages/airflow/example_dags/subdags/subdag.py
[2026-05-03T23:01:18.319+0000] {processor.py:208} INFO - Processing /home/ec2-user/environment/lab4_model_training/venv/lib64/python3.12/site-packages/airflow/example_dags/subdags/subdag.py took 0.017 seconds
[2026-05-03T23:02:23.397+0000] {processor.py:186} INFO - Started process (PID=60372) to work on /home/ec2-user/environment/lab4_model_training/venv/lib64/python3.12/site-packages/airflow/example_dags/subdags/subdag.py
[2026-05-03T23:02:23.398+0000] {processor.py:914} INFO - Processing file /home/ec2-user/environment/lab4_model_training/venv/lib64/python3.12/site-packages/airflow/example_dags/subdags/subdag.py for tasks to queue
[2026-05-03T23:02:23.400+0000] {logging_mixin.py:190} INFO - [2026-05-03T23:02:23.400+0000] {dagbag.py:588} INFO - Filling up the DagBag from /home/ec2-user/environment/lab4_model_training/venv/lib64/python3.12/site-packages/airflow/example_dags/subdags/subdag.py
[2026-05-03T23:02:23.402+0000] {processor.py:927} WARNING - No viable dags retrieved from /home/ec2-user/environment/lab4_model_training/venv/lib64/python3.12/site-packages/airflow/example_dags/subdags/subdag.py
[2026-05-03T23:02:23.410+0000] {processor.py:208} INFO - Processing /home/ec2-user/environment/lab4_model_training/venv/lib64/python3.12/site-packages/airflow/example_dags/subdags/subdag.py took 0.017 seconds
[2026-05-03T23:03:23.464+0000] {processor.py:186} INFO - Started process (PID=60629) to work on /home/ec2-user/environment/lab4_model_training/venv/lib64/python3.12/site-packages/airflow/example_dags/subdags/subdag.py
[2026-05-03T23:03:23.465+0000] {processor.py:914} INFO - Processing file /home/ec2-user/environment/lab4_model_training/venv/lib64/python3.12/site-packages/airflow/example_dags/subdags/subdag.py for tasks to queue
[2026-05-03T23:03:23.467+0000] {logging_mixin.py:190} INFO - [2026-05-03T23:03:23.466+0000] {dagbag.py:588} INFO - Filling up the DagBag from /home/ec2-user/environment/lab4_model_training/venv/lib64/python3.12/site-packages/airflow/example_dags/subdags/subdag.py
[2026-05-03T23:03:23.468+0000] {processor.py:927} WARNING - No viable dags retrieved from /home/ec2-user/environment/lab4_model_training/venv/lib64/python3.12/site-packages/airflow/example_dags/subdags/subdag.py
[2026-05-03T23:03:23.477+0000] {processor.py:208} INFO - Processing /home/ec2-user/environment/lab4_model_training/venv/lib64/python3.12/site-packages/airflow/example_dags/subdags/subdag.py took 0.017 seconds
[2026-05-03T23:04:26.585+0000] {processor.py:186} INFO - Started process (PID=60948) to work on /home/ec2-user/environment/lab4_model_training/venv/lib64/python3.12/site-packages/airflow/example_dags/subdags/subdag.py
[2026-05-03T23:04:26.586+0000] {processor.py:914} INFO - Processing file /home/ec2-user/environment/lab4_model_training/venv/lib64/python3.12/site-packages/airflow/example_dags/subdags/subdag.py for tasks to queue
[2026-05-03T23:04:26.588+0000] {logging_mixin.py:190} INFO - [2026-05-03T23:04:26.587+0000] {dagbag.py:588} INFO - Filling up the DagBag from /home/ec2-user/environment/lab4_model_training/venv/lib64/python3.12/site-packages/airflow/example_dags/subdags/subdag.py
[2026-05-03T23:04:26.589+0000] {processor.py:927} WARNING - No viable dags retrieved from /home/ec2-user/environment/lab4_model_training/venv/lib64/python3.12/site-packages/airflow/example_dags/subdags/subdag.py
[2026-05-03T23:04:26.598+0000] {processor.py:208} INFO - Processing /home/ec2-user/environment/lab4_model_training/venv/lib64/python3.12/site-packages/airflow/example_dags/subdags/subdag.py took 0.017 seconds
[2026-05-03T23:05:32.628+0000] {processor.py:186} INFO - Started process (PID=61205) to work on /home/ec2-user/environment/lab4_model_training/venv/lib64/python3.12/site-packages/airflow/example_dags/subdags/subdag.py
[2026-05-03T23:05:32.629+0000] {processor.py:914} INFO - Processing file /home/ec2-user/environment/lab4_model_training/venv/lib64/python3.12/site-packages/airflow/example_dags/subdags/subdag.py for tasks to queue
[2026-05-03T23:05:32.631+0000] {logging_mixin.py:190} INFO - [2026-05-03T23:05:32.630+0000] {dagbag.py:588} INFO - Filling up the DagBag from /home/ec2-user/environment/lab4_model_training/venv/lib64/python3.12/site-packages/airflow/example_dags/subdags/subdag.py
[2026-05-03T23:05:32.633+0000] {processor.py:927} WARNING - No viable dags retrieved from /home/ec2-user/environment/lab4_model_training/venv/lib64/python3.12/site-packages/airflow/example_dags/subdags/subdag.py
[2026-05-03T23:05:32.640+0000] {processor.py:208} INFO - Processing /home/ec2-user/environment/lab4_model_training/venv/lib64/python3.12/site-packages/airflow/example_dags/subdags/subdag.py took 0.016 seconds
[2026-05-03T23:06:34.413+0000] {processor.py:186} INFO - Started process (PID=61477) to work on /home/ec2-user/environment/lab4_model_training/venv/lib64/python3.12/site-packages/airflow/example_dags/subdags/subdag.py
[2026-05-03T23:06:34.414+0000] {processor.py:914} INFO - Processing file /home/ec2-user/environment/lab4_model_training/venv/lib64/python3.12/site-packages/airflow/example_dags/subdags/subdag.py for tasks to queue
[2026-05-03T23:06:34.415+0000] {logging_mixin.py:190} INFO - [2026-05-03T23:06:34.415+0000] {dagbag.py:588} INFO - Filling up the DagBag from /home/ec2-user/environment/lab4_model_training/venv/lib64/python3.12/site-packages/airflow/example_dags/subdags/subdag.py
[2026-05-03T23:06:34.417+0000] {processor.py:927} WARNING - No viable dags retrieved from /home/ec2-user/environment/lab4_model_training/venv/lib64/python3.12/site-packages/airflow/example_dags/subdags/subdag.py
[2026-05-03T23:06:34.425+0000] {processor.py:208} INFO - Processing /home/ec2-user/environment/lab4_model_training/venv/lib64/python3.12/site-packages/airflow/example_dags/subdags/subdag.py took 0.016 seconds
[2026-05-03T23:07:38.238+0000] {processor.py:186} INFO - Started process (PID=61724) to work on /home/ec2-user/environment/lab4_model_training/venv/lib64/python3.12/site-packages/airflow/example_dags/subdags/subdag.py
[2026-05-03T23:07:38.240+0000] {processor.py:914} INFO - Processing file /home/ec2-user/environment/lab4_model_training/venv/lib64/python3.12/site-packages/airflow/example_dags/subdags/subdag.py for tasks to queue
[2026-05-03T23:07:38.241+0000] {logging_mixin.py:190} INFO - [2026-05-03T23:07:38.241+0000] {dagbag.py:588} INFO - Filling up the DagBag from /home/ec2-user/environment/lab4_model_training/venv/lib64/python3.12/site-packages/airflow/example_dags/subdags/subdag.py
[2026-05-03T23:07:38.243+0000] {processor.py:927} WARNING - No viable dags retrieved from /home/ec2-user/environment/lab4_model_training/venv/lib64/python3.12/site-packages/airflow/example_dags/subdags/subdag.py
[2026-05-03T23:07:38.251+0000] {processor.py:208} INFO - Processing /home/ec2-user/environment/lab4_model_training/venv/lib64/python3.12/site-packages/airflow/example_dags/subdags/subdag.py took 0.017 seconds
[2026-05-03T23:08:42.679+0000] {processor.py:186} INFO - Started process (PID=62003) to work on /home/ec2-user/environment/lab4_model_training/venv/lib64/python3.12/site-packages/airflow/example_dags/subdags/subdag.py
[2026-05-03T23:08:42.680+0000] {processor.py:914} INFO - Processing file /home/ec2-user/environment/lab4_model_training/venv/lib64/python3.12/site-packages/airflow/example_dags/subdags/subdag.py for tasks to queue
[2026-05-03T23:08:42.681+0000] {logging_mixin.py:190} INFO - [2026-05-03T23:08:42.681+0000] {dagbag.py:588} INFO - Filling up the DagBag from /home/ec2-user/environment/lab4_model_training/venv/lib64/python3.12/site-packages/airflow/example_dags/subdags/subdag.py
[2026-05-03T23:08:42.684+0000] {processor.py:927} WARNING - No viable dags retrieved from /home/ec2-user/environment/lab4_model_training/venv/lib64/python3.12/site-packages/airflow/example_dags/subdags/subdag.py
[2026-05-03T23:08:42.691+0000] {processor.py:208} INFO - Processing /home/ec2-user/environment/lab4_model_training/venv/lib64/python3.12/site-packages/airflow/example_dags/subdags/subdag.py took 0.017 seconds
[2026-05-03T23:09:48.025+0000] {processor.py:186} INFO - Started process (PID=62269) to work on /home/ec2-user/environment/lab4_model_training/venv/lib64/python3.12/site-packages/airflow/example_dags/subdags/subdag.py
[2026-05-03T23:09:48.026+0000] {processor.py:914} INFO - Processing file /home/ec2-user/environment/lab4_model_training/venv/lib64/python3.12/site-packages/airflow/example_dags/subdags/subdag.py for tasks to queue
[2026-05-03T23:09:48.028+0000] {logging_mixin.py:190} INFO - [2026-05-03T23:09:48.028+0000] {dagbag.py:588} INFO - Filling up the DagBag from /home/ec2-user/environment/lab4_model_training/venv/lib64/python3.12/site-packages/airflow/example_dags/subdags/subdag.py
[2026-05-03T23:09:48.030+0000] {processor.py:927} WARNING - No viable dags retrieved from /home/ec2-user/environment/lab4_model_training/venv/lib64/python3.12/site-packages/airflow/example_dags/subdags/subdag.py
[2026-05-03T23:09:48.038+0000] {processor.py:208} INFO - Processing /home/ec2-user/environment/lab4_model_training/venv/lib64/python3.12/site-packages/airflow/example_dags/subdags/subdag.py took 0.018 seconds
[2026-05-03T23:10:52.717+0000] {processor.py:186} INFO - Started process (PID=62478) to work on /home/ec2-user/environment/lab4_model_training/venv/lib64/python3.12/site-packages/airflow/example_dags/subdags/subdag.py
[2026-05-03T23:10:52.718+0000] {processor.py:914} INFO - Processing file /home/ec2-user/environment/lab4_model_training/venv/lib64/python3.12/site-packages/airflow/example_dags/subdags/subdag.py for tasks to queue
[2026-05-03T23:10:52.719+0000] {logging_mixin.py:190} INFO - [2026-05-03T23:10:52.719+0000] {dagbag.py:588} INFO - Filling up the DagBag from /home/ec2-user/environment/lab4_model_training/venv/lib64/python3.12/site-packages/airflow/example_dags/subdags/subdag.py
[2026-05-03T23:10:52.721+0000] {processor.py:927} WARNING - No viable dags retrieved from /home/ec2-user/environment/lab4_model_training/venv/lib64/python3.12/site-packages/airflow/example_dags/subdags/subdag.py
[2026-05-03T23:10:52.729+0000] {processor.py:208} INFO - Processing /home/ec2-user/environment/lab4_model_training/venv/lib64/python3.12/site-packages/airflow/example_dags/subdags/subdag.py took 0.016 seconds
[2026-05-03T23:11:57.814+0000] {processor.py:186} INFO - Started process (PID=62662) to work on /home/ec2-user/environment/lab4_model_training/venv/lib64/python3.12/site-packages/airflow/example_dags/subdags/subdag.py
[2026-05-03T23:11:57.815+0000] {processor.py:914} INFO - Processing file /home/ec2-user/environment/lab4_model_training/venv/lib64/python3.12/site-packages/airflow/example_dags/subdags/subdag.py for tasks to queue
[2026-05-03T23:11:57.817+0000] {logging_mixin.py:190} INFO - [2026-05-03T23:11:57.816+0000] {dagbag.py:588} INFO - Filling up the DagBag from /home/ec2-user/environment/lab4_model_training/venv/lib64/python3.12/site-packages/airflow/example_dags/subdags/subdag.py
[2026-05-03T23:11:57.819+0000] {processor.py:927} WARNING - No viable dags retrieved from /home/ec2-user/environment/lab4_model_training/venv/lib64/python3.12/site-packages/airflow/example_dags/subdags/subdag.py
[2026-05-03T23:11:57.827+0000] {processor.py:208} INFO - Processing /home/ec2-user/environment/lab4_model_training/venv/lib64/python3.12/site-packages/airflow/example_dags/subdags/subdag.py took 0.017 seconds
[2026-05-03T23:13:05.612+0000] {processor.py:186} INFO - Started process (PID=62852) to work on /home/ec2-user/environment/lab4_model_training/venv/lib64/python3.12/site-packages/airflow/example_dags/subdags/subdag.py
[2026-05-03T23:13:05.613+0000] {processor.py:914} INFO - Processing file /home/ec2-user/environment/lab4_model_training/venv/lib64/python3.12/site-packages/airflow/example_dags/subdags/subdag.py for tasks to queue
[2026-05-03T23:13:05.614+0000] {logging_mixin.py:190} INFO - [2026-05-03T23:13:05.614+0000] {dagbag.py:588} INFO - Filling up the DagBag from /home/ec2-user/environment/lab4_model_training/venv/lib64/python3.12/site-packages/airflow/example_dags/subdags/subdag.py
[2026-05-03T23:13:05.616+0000] {processor.py:927} WARNING - No viable dags retrieved from /home/ec2-user/environment/lab4_model_training/venv/lib64/python3.12/site-packages/airflow/example_dags/subdags/subdag.py
[2026-05-03T23:13:05.625+0000] {processor.py:208} INFO - Processing /home/ec2-user/environment/lab4_model_training/venv/lib64/python3.12/site-packages/airflow/example_dags/subdags/subdag.py took 0.018 seconds
[2026-05-03T23:14:11.687+0000] {processor.py:186} INFO - Started process (PID=63051) to work on /home/ec2-user/environment/lab4_model_training/venv/lib64/python3.12/site-packages/airflow/example_dags/subdags/subdag.py
[2026-05-03T23:14:11.688+0000] {processor.py:914} INFO - Processing file /home/ec2-user/environment/lab4_model_training/venv/lib64/python3.12/site-packages/airflow/example_dags/subdags/subdag.py for tasks to queue
[2026-05-03T23:14:11.690+0000] {logging_mixin.py:190} INFO - [2026-05-03T23:14:11.689+0000] {dagbag.py:588} INFO - Filling up the DagBag from /home/ec2-user/environment/lab4_model_training/venv/lib64/python3.12/site-packages/airflow/example_dags/subdags/subdag.py
[2026-05-03T23:14:11.692+0000] {processor.py:927} WARNING - No viable dags retrieved from /home/ec2-user/environment/lab4_model_training/venv/lib64/python3.12/site-packages/airflow/example_dags/subdags/subdag.py
[2026-05-03T23:14:11.700+0000] {processor.py:208} INFO - Processing /home/ec2-user/environment/lab4_model_training/venv/lib64/python3.12/site-packages/airflow/example_dags/subdags/subdag.py took 0.017 seconds
[2026-05-03T23:15:14.776+0000] {processor.py:186} INFO - Started process (PID=63268) to work on /home/ec2-user/environment/lab4_model_training/venv/lib64/python3.12/site-packages/airflow/example_dags/subdags/subdag.py
[2026-05-03T23:15:14.777+0000] {processor.py:914} INFO - Processing file /home/ec2-user/environment/lab4_model_training/venv/lib64/python3.12/site-packages/airflow/example_dags/subdags/subdag.py for tasks to queue
[2026-05-03T23:15:14.778+0000] {logging_mixin.py:190} INFO - [2026-05-03T23:15:14.778+0000] {dagbag.py:588} INFO - Filling up the DagBag from /home/ec2-user/environment/lab4_model_training/venv/lib64/python3.12/site-packages/airflow/example_dags/subdags/subdag.py
[2026-05-03T23:15:14.780+0000] {processor.py:927} WARNING - No viable dags retrieved from /home/ec2-user/environment/lab4_model_training/venv/lib64/python3.12/site-packages/airflow/example_dags/subdags/subdag.py
[2026-05-03T23:15:14.789+0000] {processor.py:208} INFO - Processing /home/ec2-user/environment/lab4_model_training/venv/lib64/python3.12/site-packages/airflow/example_dags/subdags/subdag.py took 0.017 seconds
[2026-05-03T23:16:19.533+0000] {processor.py:186} INFO - Started process (PID=63461) to work on /home/ec2-user/environment/lab4_model_training/venv/lib64/python3.12/site-packages/airflow/example_dags/subdags/subdag.py
[2026-05-03T23:16:19.534+0000] {processor.py:914} INFO - Processing file /home/ec2-user/environment/lab4_model_training/venv/lib64/python3.12/site-packages/airflow/example_dags/subdags/subdag.py for tasks to queue
[2026-05-03T23:16:19.536+0000] {logging_mixin.py:190} INFO - [2026-05-03T23:16:19.535+0000] {dagbag.py:588} INFO - Filling up the DagBag from /home/ec2-user/environment/lab4_model_training/venv/lib64/python3.12/site-packages/airflow/example_dags/subdags/subdag.py
[2026-05-03T23:16:19.538+0000] {processor.py:927} WARNING - No viable dags retrieved from /home/ec2-user/environment/lab4_model_training/venv/lib64/python3.12/site-packages/airflow/example_dags/subdags/subdag.py
[2026-05-03T23:16:19.545+0000] {processor.py:208} INFO - Processing /home/ec2-user/environment/lab4_model_training/venv/lib64/python3.12/site-packages/airflow/example_dags/subdags/subdag.py took 0.017 seconds
[2026-05-03T23:17:51.038+0000] {processor.py:186} INFO - Started process (PID=63724) to work on /home/ec2-user/environment/lab4_model_training/venv/lib64/python3.12/site-packages/airflow/example_dags/subdags/subdag.py
[2026-05-03T23:17:51.040+0000] {processor.py:914} INFO - Processing file /home/ec2-user/environment/lab4_model_training/venv/lib64/python3.12/site-packages/airflow/example_dags/subdags/subdag.py for tasks to queue
[2026-05-03T23:17:51.041+0000] {logging_mixin.py:190} INFO - [2026-05-03T23:17:51.041+0000] {dagbag.py:588} INFO - Filling up the DagBag from /home/ec2-user/environment/lab4_model_training/venv/lib64/python3.12/site-packages/airflow/example_dags/subdags/subdag.py
[2026-05-03T23:17:51.043+0000] {processor.py:927} WARNING - No viable dags retrieved from /home/ec2-user/environment/lab4_model_training/venv/lib64/python3.12/site-packages/airflow/example_dags/subdags/subdag.py
[2026-05-03T23:17:51.052+0000] {processor.py:208} INFO - Processing /home/ec2-user/environment/lab4_model_training/venv/lib64/python3.12/site-packages/airflow/example_dags/subdags/subdag.py took 0.018 seconds
[2026-05-03T23:18:56.596+0000] {processor.py:186} INFO - Started process (PID=63901) to work on /home/ec2-user/environment/lab4_model_training/venv/lib64/python3.12/site-packages/airflow/example_dags/subdags/subdag.py
[2026-05-03T23:18:56.597+0000] {processor.py:914} INFO - Processing file /home/ec2-user/environment/lab4_model_training/venv/lib64/python3.12/site-packages/airflow/example_dags/subdags/subdag.py for tasks to queue
[2026-05-03T23:18:56.598+0000] {logging_mixin.py:190} INFO - [2026-05-03T23:18:56.598+0000] {dagbag.py:588} INFO - Filling up the DagBag from /home/ec2-user/environment/lab4_model_training/venv/lib64/python3.12/site-packages/airflow/example_dags/subdags/subdag.py
[2026-05-03T23:18:56.600+0000] {processor.py:927} WARNING - No viable dags retrieved from /home/ec2-user/environment/lab4_model_training/venv/lib64/python3.12/site-packages/airflow/example_dags/subdags/subdag.py
[2026-05-03T23:18:56.608+0000] {processor.py:208} INFO - Processing /home/ec2-user/environment/lab4_model_training/venv/lib64/python3.12/site-packages/airflow/example_dags/subdags/subdag.py took 0.017 seconds
[2026-05-03T23:19:59.327+0000] {processor.py:186} INFO - Started process (PID=64022) to work on /home/ec2-user/environment/lab4_model_training/venv/lib64/python3.12/site-packages/airflow/example_dags/subdags/subdag.py
[2026-05-03T23:19:59.328+0000] {processor.py:914} INFO - Processing file /home/ec2-user/environment/lab4_model_training/venv/lib64/python3.12/site-packages/airflow/example_dags/subdags/subdag.py for tasks to queue
[2026-05-03T23:19:59.330+0000] {logging_mixin.py:190} INFO - [2026-05-03T23:19:59.329+0000] {dagbag.py:588} INFO - Filling up the DagBag from /home/ec2-user/environment/lab4_model_training/venv/lib64/python3.12/site-packages/airflow/example_dags/subdags/subdag.py
[2026-05-03T23:19:59.331+0000] {processor.py:927} WARNING - No viable dags retrieved from /home/ec2-user/environment/lab4_model_training/venv/lib64/python3.12/site-packages/airflow/example_dags/subdags/subdag.py
[2026-05-03T23:19:59.339+0000] {processor.py:208} INFO - Processing /home/ec2-user/environment/lab4_model_training/venv/lib64/python3.12/site-packages/airflow/example_dags/subdags/subdag.py took 0.017 seconds
[2026-05-03T23:21:08.434+0000] {processor.py:186} INFO - Started process (PID=64224) to work on /home/ec2-user/environment/lab4_model_training/venv/lib64/python3.12/site-packages/airflow/example_dags/subdags/subdag.py
[2026-05-03T23:21:08.436+0000] {processor.py:914} INFO - Processing file /home/ec2-user/environment/lab4_model_training/venv/lib64/python3.12/site-packages/airflow/example_dags/subdags/subdag.py for tasks to queue
[2026-05-03T23:21:08.437+0000] {logging_mixin.py:190} INFO - [2026-05-03T23:21:08.437+0000] {dagbag.py:588} INFO - Filling up the DagBag from /home/ec2-user/environment/lab4_model_training/venv/lib64/python3.12/site-packages/airflow/example_dags/subdags/subdag.py
[2026-05-03T23:21:08.439+0000] {processor.py:927} WARNING - No viable dags retrieved from /home/ec2-user/environment/lab4_model_training/venv/lib64/python3.12/site-packages/airflow/example_dags/subdags/subdag.py
[2026-05-03T23:21:08.447+0000] {processor.py:208} INFO - Processing /home/ec2-user/environment/lab4_model_training/venv/lib64/python3.12/site-packages/airflow/example_dags/subdags/subdag.py took 0.017 seconds
[2026-05-03T23:22:44.608+0000] {processor.py:186} INFO - Started process (PID=64501) to work on /home/ec2-user/environment/lab4_model_training/venv/lib64/python3.12/site-packages/airflow/example_dags/subdags/subdag.py
[2026-05-03T23:22:44.609+0000] {processor.py:914} INFO - Processing file /home/ec2-user/environment/lab4_model_training/venv/lib64/python3.12/site-packages/airflow/example_dags/subdags/subdag.py for tasks to queue
[2026-05-03T23:22:44.611+0000] {logging_mixin.py:190} INFO - [2026-05-03T23:22:44.611+0000] {dagbag.py:588} INFO - Filling up the DagBag from /home/ec2-user/environment/lab4_model_training/venv/lib64/python3.12/site-packages/airflow/example_dags/subdags/subdag.py
[2026-05-03T23:22:44.613+0000] {processor.py:927} WARNING - No viable dags retrieved from /home/ec2-user/environment/lab4_model_training/venv/lib64/python3.12/site-packages/airflow/example_dags/subdags/subdag.py
[2026-05-03T23:22:44.620+0000] {processor.py:208} INFO - Processing /home/ec2-user/environment/lab4_model_training/venv/lib64/python3.12/site-packages/airflow/example_dags/subdags/subdag.py took 0.016 seconds
[2026-05-03T23:23:51.415+0000] {processor.py:186} INFO - Started process (PID=64680) to work on /home/ec2-user/environment/lab4_model_training/venv/lib64/python3.12/site-packages/airflow/example_dags/subdags/subdag.py
[2026-05-03T23:23:51.416+0000] {processor.py:914} INFO - Processing file /home/ec2-user/environment/lab4_model_training/venv/lib64/python3.12/site-packages/airflow/example_dags/subdags/subdag.py for tasks to queue
[2026-05-03T23:23:51.418+0000] {logging_mixin.py:190} INFO - [2026-05-03T23:23:51.417+0000] {dagbag.py:588} INFO - Filling up the DagBag from /home/ec2-user/environment/lab4_model_training/venv/lib64/python3.12/site-packages/airflow/example_dags/subdags/subdag.py
[2026-05-03T23:23:51.419+0000] {processor.py:927} WARNING - No viable dags retrieved from /home/ec2-user/environment/lab4_model_training/venv/lib64/python3.12/site-packages/airflow/example_dags/subdags/subdag.py
[2026-05-03T23:23:51.428+0000] {processor.py:208} INFO - Processing /home/ec2-user/environment/lab4_model_training/venv/lib64/python3.12/site-packages/airflow/example_dags/subdags/subdag.py took 0.018 seconds
[2026-05-03T23:24:56.247+0000] {processor.py:186} INFO - Started process (PID=64870) to work on /home/ec2-user/environment/lab4_model_training/venv/lib64/python3.12/site-packages/airflow/example_dags/subdags/subdag.py
[2026-05-03T23:24:56.248+0000] {processor.py:914} INFO - Processing file /home/ec2-user/environment/lab4_model_training/venv/lib64/python3.12/site-packages/airflow/example_dags/subdags/subdag.py for tasks to queue
[2026-05-03T23:24:56.250+0000] {logging_mixin.py:190} INFO - [2026-05-03T23:24:56.250+0000] {dagbag.py:588} INFO - Filling up the DagBag from /home/ec2-user/environment/lab4_model_training/venv/lib64/python3.12/site-packages/airflow/example_dags/subdags/subdag.py
[2026-05-03T23:24:56.252+0000] {processor.py:927} WARNING - No viable dags retrieved from /home/ec2-user/environment/lab4_model_training/venv/lib64/python3.12/site-packages/airflow/example_dags/subdags/subdag.py
[2026-05-03T23:24:56.260+0000] {processor.py:208} INFO - Processing /home/ec2-user/environment/lab4_model_training/venv/lib64/python3.12/site-packages/airflow/example_dags/subdags/subdag.py took 0.017 seconds
[2026-05-03T23:26:02.446+0000] {processor.py:186} INFO - Started process (PID=65074) to work on /home/ec2-user/environment/lab4_model_training/venv/lib64/python3.12/site-packages/airflow/example_dags/subdags/subdag.py
[2026-05-03T23:26:02.448+0000] {processor.py:914} INFO - Processing file /home/ec2-user/environment/lab4_model_training/venv/lib64/python3.12/site-packages/airflow/example_dags/subdags/subdag.py for tasks to queue
[2026-05-03T23:26:02.449+0000] {logging_mixin.py:190} INFO - [2026-05-03T23:26:02.449+0000] {dagbag.py:588} INFO - Filling up the DagBag from /home/ec2-user/environment/lab4_model_training/venv/lib64/python3.12/site-packages/airflow/example_dags/subdags/subdag.py
[2026-05-03T23:26:02.451+0000] {processor.py:927} WARNING - No viable dags retrieved from /home/ec2-user/environment/lab4_model_training/venv/lib64/python3.12/site-packages/airflow/example_dags/subdags/subdag.py
[2026-05-03T23:26:02.458+0000] {processor.py:208} INFO - Processing /home/ec2-user/environment/lab4_model_training/venv/lib64/python3.12/site-packages/airflow/example_dags/subdags/subdag.py took 0.016 seconds
